1621674168279 [Opening serial port: /dev/ttyTHS1.] 
1621674168587 [The robot is connected to ] [/dev/ttyTHS1] 
1621674168587 [Initial robot's topic...] 
1621674168601 [Start initializing navigation] 
1621674168601 [Start initializing navigation topic] 
1621674168639 [Initialization navigation topic finished] 
1621674168643 [Initialization navigation finished] 
1621674168744 [Update odom] 
1621674168756 [vx:0.0 vy:0.0 yaw:-2.61544854255] 
1621674168845 [Update odom] 
1621674168855 [vx:0.0 vy:0.0 yaw:-2.60351283838] 
1621674168944 [Update odom] 
1621674168956 [vx:0.0 vy:0.0 yaw:-2.60175384966] 
1621674169044 [Update odom] 
1621674169056 [vx:0.0 vy:0.0 yaw:-2.613592135] 
1621674169144 [Update odom] 
1621674169156 [vx:0.0 vy:0.0 yaw:-2.62204179002] 
1621674169244 [Update odom] 
1621674169260 [vx:0.0 vy:0.0 yaw:-2.62999083979] 
1621674169344 [Update odom] 
1621674169357 [vx:0.0 vy:0.0 yaw:-2.62939379599] 
1621674169444 [Update odom] 
1621674169455 [vx:0.0 vy:0.0 yaw:-2.63189780218] 
1621674169544 [Update odom] 
1621674169557 [vx:0.0 vy:0.0 yaw:-2.6410910405] 
1621674169644 [Update odom] 
1621674169656 [vx:0.0 vy:0.0 yaw:-2.64616225348] 
1621674169744 [Update odom] 
1621674169756 [vx:0.0 vy:0.0 yaw:-2.64442116661] 
1621674169844 [Update odom] 
1621674169856 [vx:0.0 vy:0.0 yaw:-2.63673659921] 
1621674169944 [Update odom] 
1621674169956 [vx:0.0 vy:0.0 yaw:-2.61997530861] 
1621674170044 [Update odom] 
1621674170056 [vx:0.0 vy:0.0 yaw:-2.60490821151] 
1621674170144 [Update odom] 
1621674170156 [vx:0.0 vy:0.0 yaw:-2.59551644762] 
1621674170244 [Update odom] 
1621674170256 [vx:0.0 vy:0.0 yaw:-2.60136940901] 
1621674170344 [Update odom] 
1621674170360 [vx:0.0 vy:0.0 yaw:-2.61263754074] 
1621674170444 [Update odom] 
1621674170456 [vx:0.0 vy:0.0 yaw:-2.62242947961] 
1621674170544 [Update odom] 
1621674170555 [vx:0.0 vy:0.0 yaw:-2.6307395598] 
1621674170644 [Update odom] 
1621674170655 [vx:0.0 vy:0.0 yaw:-2.6373381681] 
1621674170744 [Update odom] 
1621674170772 [vx:0.0 vy:0.0 yaw:-2.64761359104] 
1621674170844 [Update odom] 
1621674170860 [vx:0.0 vy:0.0 yaw:-2.64952863617] 
1621674170944 [Update odom] 
1621674170961 [vx:0.0 vy:0.0 yaw:-2.64057600127] 
1621674171044 [Update odom] 
1621674171056 [vx:0.0 vy:0.0 yaw:-2.63462542421] 
1621674171144 [Update odom] 
1621674171156 [vx:0.0 vy:0.0 yaw:-2.62061461683] 
1621674171244 [Update odom] 
1621674171256 [vx:0.0 vy:0.0 yaw:-2.6185130008] 
1621674171344 [Update odom] 
1621674171356 [vx:0.0 vy:0.0 yaw:-2.62144524587] 
1621674171449 [Update odom] 
1621674171459 [vx:0.0 vy:0.0 yaw:-2.62857085303] 
1621674171544 [Update odom] 
1621674171555 [vx:0.0 vy:0.0 yaw:-2.62571345657] 
1621674171644 [Update odom] 
1621674171656 [vx:0.0 vy:0.0 yaw:-2.63642361557] 
1621674171744 [Update odom] 
1621674171756 [vx:0.0 vy:0.0 yaw:-2.63577369828] 
1621674171844 [Update odom] 
1621674171856 [vx:0.0 vy:0.0 yaw:-2.63762588769] 
1621674171944 [Update odom] 
1621674171956 [vx:0.0 vy:0.0 yaw:-2.63413057639] 
1621674172044 [Update odom] 
1621674172056 [vx:0.0 vy:0.0 yaw:-2.6236704365] 
1621674172144 [Update odom] 
1621674172156 [vx:0.0 vy:0.0 yaw:-2.63050139109] 
1621674172244 [Update odom] 
1621674172255 [vx:0.0 vy:0.0 yaw:-2.63520920287] 
1621674172344 [Update odom] 
1621674172355 [vx:0.0 vy:0.0 yaw:-2.63762551695] 
1621674172444 [Update odom] 
1621674172455 [vx:0.0 vy:0.0 yaw:-2.64241367759] 
1621674172544 [Update odom] 
1621674172555 [vx:0.0 vy:0.0 yaw:-2.6545314509] 
1621674172644 [Update odom] 
1621674172656 [vx:0.0 vy:0.0 yaw:-2.66947682405] 
1621674172744 [Update odom] 
1621674172756 [vx:0.0 vy:0.0 yaw:-2.67976897711] 
1621674172844 [Update odom] 
1621674172856 [vx:0.0 vy:0.0 yaw:-2.68218519596] 
1621674172944 [Update odom] 
1621674172956 [vx:0.0 vy:0.0 yaw:-2.68059177021] 
1621674173044 [Update odom] 
1621674173056 [vx:0.0 vy:0.0 yaw:-2.66932264005] 
1621674173144 [Update odom] 
1621674173156 [vx:0.0 vy:0.0 yaw:-2.67568983058] 
1621674173244 [Update odom] 
1621674173256 [vx:0.0 vy:0.0 yaw:-2.66469513837] 
1621674173344 [Update odom] 
1621674173356 [vx:0.0 vy:0.0 yaw:-2.65693787308] 
1621674173444 [Update odom] 
1621674173456 [vx:0.0 vy:0.0 yaw:-2.65249297971] 
1621674173544 [Update odom] 
1621674173556 [vx:0.0 vy:0.0 yaw:-2.64773645546] 
1621674173644 [Update odom] 
1621674173660 [vx:0.0 vy:0.0 yaw:-2.63794577806] 
1621674173744 [Update odom] 
1621674173756 [vx:0.0 vy:0.0 yaw:-2.63741585748] 
1621674173844 [Update odom] 
1621674173856 [vx:0.0 vy:0.0 yaw:-2.63680018233] 
1621674173944 [Update odom] 
1621674173956 [vx:0.0 vy:0.0 yaw:-2.63205784949] 
1621674174044 [Update odom] 
1621674174055 [vx:0.0 vy:0.0 yaw:-2.62342474783] 
1621674174144 [Update odom] 
1621674174157 [vx:0.0 vy:0.0 yaw:-2.61569677691] 
1621674174244 [Update odom] 
1621674174255 [vx:0.0 vy:0.0 yaw:-2.61261019776] 
1621674174344 [Update odom] 
1621674174356 [vx:0.0 vy:0.0 yaw:-2.61997743566] 
1621674174444 [Update odom] 
1621674174455 [vx:0.0 vy:0.0 yaw:-2.61983990062] 
1621674174544 [Update odom] 
1621674174555 [vx:0.0 vy:0.0 yaw:-2.61571484689] 
1621674174644 [Update odom] 
1621674174656 [vx:0.0 vy:0.0 yaw:-2.61721884882] 
1621674174744 [Update odom] 
1621674174756 [vx:0.0 vy:0.0 yaw:-2.61797885906] 
1621674174844 [Update odom] 
1621674174855 [vx:0.0 vy:0.0 yaw:-2.62656792682] 
1621674174946 [Update odom] 
1621674174963 [vx:0.0 vy:0.0 yaw:-2.62741026304] 
1621674175044 [Update odom] 
1621674175059 [vx:0.0 vy:0.0 yaw:-2.62791878304] 
1621674175144 [Update odom] 
1621674175156 [vx:0.0 vy:0.0 yaw:-2.6357189135] 
1621674175244 [Update odom] 
1621674175256 [vx:0.0 vy:0.0 yaw:-2.64388551824] 
1621674175344 [Update odom] 
1621674175355 [vx:0.0 vy:0.0 yaw:-2.63679176828] 
1621674175444 [Update odom] 
1621674175456 [vx:0.0 vy:0.0 yaw:-2.6354091796] 
1621674175544 [Update odom] 
1621674175555 [vx:0.0 vy:0.0 yaw:-2.64375973367] 
1621674175644 [Update odom] 
1621674175655 [vx:0.0 vy:0.0 yaw:-2.65057012299] 
1621674175744 [Update odom] 
1621674175756 [vx:0.0 vy:0.0 yaw:-2.63922628721] 
1621674175844 [Update odom] 
1621674175856 [vx:0.0 vy:0.0 yaw:-2.62265231598] 
1621674175944 [Update odom] 
1621674175955 [vx:0.0 vy:0.0 yaw:-2.61291566571] 
1621674176044 [Update odom] 
1621674176056 [vx:0.0 vy:0.0 yaw:-2.61058780279] 
1621674176144 [Update odom] 
1621674176157 [vx:0.0 vy:0.0 yaw:-2.62220971274] 
1621674176245 [Update odom] 
1621674176256 [vx:0.0 vy:0.0 yaw:-2.61982382519] 
1621674176344 [Update odom] 
1621674176355 [vx:0.0 vy:0.0 yaw:-2.62089073409] 
1621674176444 [Update odom] 
1621674176455 [vx:0.0 vy:0.0 yaw:-2.62121050207] 
1621674176544 [Update odom] 
1621674176555 [vx:0.0 vy:0.0 yaw:-2.62457368571] 
1621674176644 [Update odom] 
1621674176656 [vx:0.0 vy:0.0 yaw:-2.63278721067] 
1621674176744 [Update odom] 
1621674176771 [vx:0.0 vy:0.0 yaw:-2.64487881813] 
1621674176844 [Update odom] 
1621674176858 [vx:0.0 vy:0.0 yaw:-2.64048003941] 
1621674176944 [Update odom] 
1621674176968 [vx:0.0 vy:0.0 yaw:-2.63755353006] 
1621674177044 [Update odom] 
1621674177055 [vx:0.0 vy:0.0 yaw:-2.63700770687] 
1621674177144 [Update odom] 
1621674177158 [vx:0.0 vy:0.0 yaw:-2.61841566208] 
1621674177260 [Update odom] 
1621674177271 [vx:0.0 vy:0.0 yaw:-2.60957958468] 
1621674177345 [Update odom] 
1621674177355 [vx:0.0 vy:0.0 yaw:-2.60870365496] 
1621674177444 [Update odom] 
1621674177456 [vx:0.0 vy:0.0 yaw:-2.62295718719] 
1621674177544 [Update odom] 
1621674177555 [vx:0.0 vy:0.0 yaw:-2.6337139346] 
1621674177648 [Update odom] 
1621674177660 [vx:0.0 vy:0.0 yaw:-2.64852175586] 
1621674177744 [Update odom] 
1621674177755 [vx:0.0 vy:0.0 yaw:-2.65982606615] 
1621674177844 [Update odom] 
1621674177856 [vx:0.0 vy:0.0 yaw:-2.66420668245] 
1621674177944 [Update odom] 
1621674177955 [vx:0.0 vy:0.0 yaw:-2.66848863376] 
1621674178044 [Update odom] 
1621674178055 [vx:0.0 vy:0.0 yaw:-2.67134683239] 
1621674178144 [Update odom] 
1621674178155 [vx:0.0 vy:0.0 yaw:-2.67406484562] 
1621674178244 [Update odom] 
1621674178255 [vx:0.0 vy:0.0 yaw:-2.67788214917] 
1621674178354 [Update odom] 
1621674178369 [vx:0.0 vy:0.0 yaw:-2.67753616077] 
1621674178445 [Update odom] 
1621674178465 [vx:0.0 vy:0.0 yaw:-2.6727311878] 
1621674178546 [Update odom] 
1621674178557 [vx:0.0 vy:0.0 yaw:-2.66047411081] 
1621674178644 [Update odom] 
1621674178655 [vx:0.0 vy:0.0 yaw:-2.65179625851] 
1621674178744 [Update odom] 
1621674178755 [vx:0.0 vy:0.0 yaw:-2.64971836884] 
1621674178844 [Update odom] 
1621674178855 [vx:0.0 vy:0.0 yaw:-2.65741223567] 
1621674178946 [Update odom] 
1621674178960 [vx:0.0 vy:0.0 yaw:-2.67111305022] 
1621674179044 [Update odom] 
1621674179055 [vx:0.0 vy:0.0 yaw:-2.67367638144] 
1621674179144 [Update odom] 
1621674179155 [vx:0.0 vy:0.0 yaw:-2.67023635957] 
1621674179244 [Update odom] 
1621674179259 [vx:0.0 vy:0.0 yaw:-2.67774205952] 
1621674179344 [Update odom] 
1621674179355 [vx:0.0 vy:0.0 yaw:-2.68294924354] 
1621674179444 [Update odom] 
1621674179458 [vx:0.0 vy:0.0 yaw:-2.68674195571] 
1621674179544 [Update odom] 
1621674179555 [vx:0.0 vy:0.0 yaw:-2.69085857049] 
1621674179645 [Update odom] 
1621674179655 [vx:0.0 vy:0.0 yaw:-2.69390294829] 
1621674179746 [Update odom] 
1621674179760 [vx:0.0 vy:0.0 yaw:-2.69681756574] 
1621674179844 [Update odom] 
1621674179856 [vx:0.0 vy:0.0 yaw:-2.68609299662] 
1621674179948 [Update odom] 
1621674179959 [vx:0.0 vy:0.0 yaw:-2.67776527744] 
1621674180044 [Update odom] 
1621674180056 [vx:0.0 vy:0.0 yaw:-2.665849157] 
1621674180144 [Update odom] 
1621674180156 [vx:0.0 vy:0.0 yaw:-2.66080725634] 
1621674180248 [Update odom] 
1621674180259 [vx:0.0 vy:0.0 yaw:-2.66801914211] 
1621674180344 [Update odom] 
1621674180356 [vx:0.0 vy:0.0 yaw:-2.65934517615] 
1621674180444 [Update odom] 
1621674180456 [vx:0.0 vy:0.0 yaw:-2.6451355416] 
1621674180545 [Update odom] 
1621674180555 [vx:0.0 vy:0.0 yaw:-2.62928376265] 
1621674180644 [Update odom] 
1621674180663 [vx:0.0 vy:0.0 yaw:-2.62128136816] 
1621674180745 [Update odom] 
1621674180760 [vx:0.0 vy:0.0 yaw:-2.63014035509] 
1621674180844 [Update odom] 
1621674180856 [vx:0.0 vy:0.0 yaw:-2.64294209167] 
1621674180944 [Update odom] 
1621674180955 [vx:0.0 vy:0.0 yaw:-2.65511370632] 
1621674181044 [Update odom] 
1621674181056 [vx:0.0 vy:0.0 yaw:-2.66587735327] 
1621674181144 [Update odom] 
1621674181155 [vx:0.0 vy:0.0 yaw:-2.67231671957] 
1621674181244 [Update odom] 
1621674181256 [vx:0.0 vy:0.0 yaw:-2.67025036493] 
1621674181344 [Update odom] 
1621674181356 [vx:0.0 vy:0.0 yaw:-2.66995205774] 
1621674181445 [Update odom] 
1621674181459 [vx:0.0 vy:0.0 yaw:-2.66461275157] 
1621674181547 [Update odom] 
1621674181565 [vx:0.0 vy:0.0 yaw:-2.66448569163] 
1621674181648 [Update odom] 
1621674181660 [vx:0.0 vy:0.0 yaw:-2.6706146469] 
1621674181744 [Update odom] 
1621674181756 [vx:0.0 vy:0.0 yaw:-2.67445969368] 
1621674181844 [Update odom] 
1621674181877 [vx:0.0 vy:0.0 yaw:-2.67830307673] 
1621674181944 [Update odom] 
1621674181956 [vx:0.0 vy:0.0 yaw:-2.67248626785] 
1621674182044 [Update odom] 
1621674182057 [vx:0.0 vy:0.0 yaw:-2.66885861645] 
1621674182153 [Update odom] 
1621674182172 [vx:0.0 vy:0.0 yaw:-2.67883395342] 
1621674182244 [Update odom] 
1621674182256 [vx:0.0 vy:0.0 yaw:-2.67079688469] 
1621674182344 [Update odom] 
1621674182384 [vx:0.0 vy:0.0 yaw:-2.66390335757] 
1621674182444 [Update odom] 
1621674182456 [vx:0.0 vy:0.0 yaw:-2.65311175705] 
1621674182548 [Update odom] 
1621674182552 [vx:0.0 vy:0.0 yaw:-2.64990644658] 
1621674182644 [Update odom] 
1621674182657 [vx:0.0 vy:0.0 yaw:-2.65930900208] 
1621674182744 [Update odom] 
1621674182760 [vx:0.0 vy:0.0 yaw:-2.66605973901] 
1621674182851 [Update odom] 
1621674182863 [vx:0.0 vy:0.0 yaw:-2.66024862969] 
1621674182952 [Update odom] 
1621674182965 [vx:0.0 vy:0.0 yaw:-2.65649174332] 
1621674183044 [Update odom] 
1621674183058 [vx:0.0 vy:0.0 yaw:-2.65883063423] 
1621674183144 [Update odom] 
1621674183174 [vx:0.0 vy:0.0 yaw:-2.66059752817] 
1621674183244 [Update odom] 
1621674183256 [vx:0.0 vy:0.0 yaw:-2.64872557639] 
1621674183347 [Update odom] 
1621674183360 [vx:0.0 vy:0.0 yaw:-2.65491171672] 
1621674183444 [Update odom] 
1621674183460 [vx:0.0 vy:0.0 yaw:-2.66821173571] 
1621674183544 [Update odom] 
1621674183556 [vx:0.0 vy:0.0 yaw:-2.6836492198] 
1621674183644 [Update odom] 
1621674183657 [vx:0.0 vy:0.0 yaw:-2.68908978408] 
1621674183744 [Update odom] 
1621674183759 [vx:0.0 vy:0.0 yaw:-2.67757785491] 
1621674183847 [Update odom] 
1621674183860 [vx:0.0 vy:0.0 yaw:-2.66853719907] 
1621674183945 [Update odom] 
1621674183957 [vx:0.0 vy:0.0 yaw:-2.66286254776] 
1621674184045 [Update odom] 
1621674184055 [vx:0.0 vy:0.0 yaw:-2.65643560464] 
1621674184144 [Update odom] 
1621674184164 [vx:0.0 vy:0.0 yaw:-2.64497473007] 
1621674184244 [Update odom] 
1621674184256 [vx:0.0 vy:0.0 yaw:-2.65621101901] 
1621674184347 [Update odom] 
1621674184359 [vx:0.0 vy:0.0 yaw:-2.64846854328] 
1621674184444 [Update odom] 
1621674184458 [vx:0.0 vy:0.0 yaw:-2.62930196491] 
1621674184544 [Update odom] 
1621674184561 [vx:0.0 vy:0.0 yaw:-2.62647278121] 
1621674184644 [Update odom] 
1621674184660 [vx:0.0 vy:0.0 yaw:-2.63150583461] 
1621674184744 [Update odom] 
1621674184775 [vx:0.0 vy:0.0 yaw:-2.64822313357] 
1621674184844 [Update odom] 
1621674184855 [vx:0.0 vy:0.0 yaw:-2.65509952155] 
1621674184944 [Update odom] 
1621674184958 [vx:0.0 vy:0.0 yaw:-2.65513115175] 
1621674185044 [Update odom] 
1621674185060 [vx:0.0 vy:0.0 yaw:-2.65017128935] 
1621674185144 [Update odom] 
1621674185157 [vx:0.0 vy:0.0 yaw:-2.6488154277] 
1621674185254 [Update odom] 
1621674185274 [vx:0.0 vy:0.0 yaw:-2.63989166793] 
1621674185344 [Update odom] 
1621674185360 [vx:0.0 vy:0.0 yaw:-2.63608878768] 
1621674185444 [Update odom] 
1621674185460 [vx:0.0 vy:0.0 yaw:-2.63339530163] 
1621674185544 [Update odom] 
1621674185559 [vx:0.0 vy:0.0 yaw:-2.63688731871] 
1621674185644 [Update odom] 
1621674185656 [vx:0.0 vy:0.0 yaw:-2.64143304399] 
1621674185744 [Update odom] 
1621674185766 [vx:0.0 vy:0.0 yaw:-2.64795547913] 
1621674185852 [Update odom] 
1621674185863 [vx:0.0 vy:0.0 yaw:-2.65511857411] 
1621674185944 [Update odom] 
1621674185956 [vx:0.0 vy:0.0 yaw:-2.65406438028] 
1621674186044 [Update odom] 
1621674186095 [vx:0.0 vy:0.0 yaw:-2.63527989705] 
1621674186145 [Update odom] 
1621674186163 [vx:0.0 vy:0.0 yaw:-2.63162664794] 
1621674186262 [Update odom] 
1621674186277 [vx:0.0 vy:0.0 yaw:-2.6264719603] 
1621674186344 [Update odom] 
1621674186371 [vx:0.0 vy:0.0 yaw:-2.62904496459] 
1621674186444 [Update odom] 
1621674186461 [vx:0.0 vy:0.0 yaw:-2.63736968945] 
1621674186545 [Update odom] 
1621674186556 [vx:0.0 vy:0.0 yaw:-2.63890058064] 
1621674186644 [Update odom] 
1621674186659 [vx:0.0 vy:0.0 yaw:-2.62628178984] 
1621674186744 [Update odom] 
1621674186759 [vx:0.0 vy:0.0 yaw:-2.61834640473] 
1621674186844 [Update odom] 
1621674186856 [vx:0.0 vy:0.0 yaw:-2.61493464054] 
1621674186944 [Update odom] 
1621674186955 [vx:0.0 vy:0.0 yaw:-2.62242105551] 
1621674187044 [Update odom] 
1621674187060 [vx:0.0 vy:0.0 yaw:-2.63116892622] 
1621674187144 [Update odom] 
1621674187158 [vx:0.0 vy:0.0 yaw:-2.64139228887] 
1621674187244 [Update odom] 
1621674187264 [vx:0.0 vy:0.0 yaw:-2.6482601024] 
1621674187344 [Update odom] 
1621674187368 [vx:0.0 vy:0.0 yaw:-2.64191406265] 
1621674187444 [Update odom] 
1621674187457 [vx:0.0 vy:0.0 yaw:-2.65161542883] 
1621674187544 [Update odom] 
1621674187573 [vx:0.0 vy:0.0 yaw:-2.66357628413] 
1621674187644 [Update odom] 
1621674187660 [vx:0.0 vy:0.0 yaw:-2.66997745118] 
1621674187747 [Update odom] 
1621674187763 [vx:0.0 vy:0.0 yaw:-2.66158775351] 
1621674187844 [Update odom] 
1621674187863 [vx:0.0 vy:0.0 yaw:-2.65362508634] 
1621674187947 [Update odom] 
1621674187960 [vx:0.0 vy:0.0 yaw:-2.65866901832] 
1621674188044 [Update odom] 
1621674188055 [vx:0.0 vy:0.0 yaw:-2.6665875047] 
1621674188144 [Update odom] 
1621674188161 [vx:0.0 vy:0.0 yaw:-2.67401755469] 
1621674188245 [Update odom] 
1621674188255 [vx:0.0 vy:0.0 yaw:-2.66421291938] 
1621674188344 [Update odom] 
1621674188358 [vx:0.0 vy:0.0 yaw:-2.64648985915] 
1621674188444 [Update odom] 
1621674188455 [vx:0.0 vy:0.0 yaw:-2.63400201884] 
1621674188544 [Update odom] 
1621674188556 [vx:0.0 vy:0.0 yaw:-2.63899439351] 
1621674188644 [Update odom] 
1621674188656 [vx:0.0 vy:0.0 yaw:-2.6488204372] 
1621674188745 [Update odom] 
1621674188752 [vx:0.0 vy:0.0 yaw:-2.65843448359] 
1621674188844 [Update odom] 
1621674188858 [vx:0.0 vy:0.0 yaw:-2.65042912544] 
1621674188944 [Update odom] 
1621674188957 [vx:0.0 vy:0.0 yaw:-2.6492599644] 
1621674189044 [Update odom] 
1621674189060 [vx:0.0 vy:0.0 yaw:-2.65165636435] 
1621674189144 [Update odom] 
1621674189156 [vx:0.0 vy:0.0 yaw:-2.65345616123] 
1621674189244 [Update odom] 
1621674189255 [vx:0.0 vy:0.0 yaw:-2.65422209972] 
1621674189344 [Update odom] 
1621674189360 [vx:0.0 vy:0.0 yaw:-2.64937994176] 
1621674189444 [Update odom] 
1621674189456 [vx:0.0 vy:0.0 yaw:-2.65848278428] 
1621674189544 [Update odom] 
1621674189557 [vx:0.0 vy:0.0 yaw:-2.66537021413] 
1621674189644 [Update odom] 
1621674189656 [vx:0.0 vy:0.0 yaw:-2.67071843774] 
1621674189744 [Update odom] 
1621674189755 [vx:0.0 vy:0.0 yaw:-2.67402226065] 
1621674189844 [Update odom] 
1621674189855 [vx:0.0 vy:0.0 yaw:-2.66251937361] 
1621674189944 [Update odom] 
1621674189953 [vx:0.0 vy:0.0 yaw:-2.65728950604] 
1621674190044 [Update odom] 
1621674190058 [vx:0.0 vy:0.0 yaw:-2.65363481685] 
1621674190146 [Update odom] 
1621674190165 [vx:0.0 vy:0.0 yaw:-2.65734897142] 
1621674190244 [Update odom] 
1621674190255 [vx:0.0 vy:0.0 yaw:-2.66261769622] 
1621674190344 [Update odom] 
1621674190358 [vx:0.0 vy:0.0 yaw:-2.64706875127] 
1621674190446 [Update odom] 
1621674190455 [vx:0.0 vy:0.0 yaw:-2.63388657222] 
1621674190544 [Update odom] 
1621674190551 [vx:0.0 vy:0.0 yaw:-2.63726510458] 
1621674190648 [Update odom] 
1621674190663 [vx:0.0 vy:0.0 yaw:-2.64385460134] 
1621674190745 [Update odom] 
1621674190763 [vx:0.0 vy:0.0 yaw:-2.64674897772] 
1621674190844 [Update odom] 
1621674190856 [vx:0.0 vy:0.0 yaw:-2.65159199785] 
1621674190944 [Update odom] 
1621674190956 [vx:0.0 vy:0.0 yaw:-2.65576349029] 
1621674191044 [Update odom] 
1621674191056 [vx:0.0 vy:0.0 yaw:-2.64938639888] 
1621674191145 [Update odom] 
1621674191156 [vx:0.0 vy:0.0 yaw:-2.63510056756] 
1621674191244 [Update odom] 
1621674191256 [vx:0.0 vy:0.0 yaw:-2.6218199661] 
1621674191346 [Update odom] 
1621674191362 [vx:0.0 vy:0.0 yaw:-2.61360243817] 
1621674191444 [Update odom] 
1621674191460 [vx:0.0 vy:0.0 yaw:-2.62146630449] 
1621674191544 [Update odom] 
1621674191555 [vx:0.0 vy:0.0 yaw:-2.61636725214] 
1621674191644 [Update odom] 
1621674191655 [vx:0.0 vy:0.0 yaw:-2.59993438182] 
1621674191744 [Update odom] 
1621674191757 [vx:0.0 vy:0.0 yaw:-2.59788716588] 
1621674191851 [Update odom] 
1621674191863 [vx:0.0 vy:0.0 yaw:-2.60690934577] 
1621674191944 [Update odom] 
1621674191956 [vx:0.0 vy:0.0 yaw:-2.6078487398] 
1621674192052 [Update odom] 
1621674192068 [vx:0.0 vy:0.0 yaw:-2.62009992732] 
1621674192144 [Update odom] 
1621674192156 [vx:0.0 vy:0.0 yaw:-2.62982097873] 
1621674192244 [Update odom] 
1621674192257 [vx:0.0 vy:0.0 yaw:-2.63657946524] 
1621674192344 [Update odom] 
1621674192355 [vx:0.0 vy:0.0 yaw:-2.64035271508] 
1621674192444 [Update odom] 
1621674192455 [vx:0.0 vy:0.0 yaw:-2.6458436085] 
1621674192544 [Update odom] 
1621674192555 [vx:0.0 vy:0.0 yaw:-2.64338617856] 
1621674192644 [Update odom] 
1621674192655 [vx:0.0 vy:0.0 yaw:-2.63462956907] 
1621674192744 [Update odom] 
1621674192762 [vx:0.0 vy:0.0 yaw:-2.6348353308] 
1621674192844 [Update odom] 
1621674192856 [vx:0.0 vy:0.0 yaw:-2.64722750401] 
1621674192944 [Update odom] 
1621674192955 [vx:0.0 vy:0.0 yaw:-2.65605808116] 
1621674193067 [Update odom] 
1621674193079 [vx:0.0 vy:0.0 yaw:-2.66472977994] 
1621674193167 [Update odom] 
1621674193180 [vx:0.0 vy:0.0 yaw:-2.68261572289] 
1621674193265 [Update odom] 
1621674193278 [vx:0.0 vy:0.0 yaw:-2.68386425696] 
1621674193344 [Update odom] 
1621674193355 [vx:0.0 vy:0.0 yaw:-2.6835262663] 
1621674193445 [Update odom] 
1621674193457 [vx:0.0 vy:0.0 yaw:-2.68731345412] 
1621674193544 [Update odom] 
1621674193556 [vx:0.0 vy:0.0 yaw:-2.67624449367] 
1621674193644 [Update odom] 
1621674193655 [vx:0.0 vy:0.0 yaw:-2.67222997414] 
1621674193744 [Update odom] 
1621674193759 [vx:0.0 vy:0.0 yaw:-2.68296663262] 
1621674193844 [Update odom] 
1621674193855 [vx:0.0 vy:0.0 yaw:-2.69001665686] 
1621674193944 [Update odom] 
1621674193956 [vx:0.0 vy:0.0 yaw:-2.69278697833] 
1621674194060 [Update odom] 
1621674194072 [vx:0.0 vy:0.0 yaw:-2.68401788385] 
1621674194144 [Update odom] 
1621674194156 [vx:0.0 vy:0.0 yaw:-2.67964064927] 
1621674194244 [Update odom] 
1621674194256 [vx:0.0 vy:0.0 yaw:-2.68811781215] 
1621674194344 [Update odom] 
1621674194355 [vx:0.0 vy:0.0 yaw:-2.69365158125] 
1621674194444 [Update odom] 
1621674194455 [vx:0.0 vy:0.0 yaw:-2.6859878396] 
1621674194544 [Update odom] 
1621674194555 [vx:0.0 vy:0.0 yaw:-2.67563860347] 
1621674194644 [Update odom] 
1621674194655 [vx:0.0 vy:0.0 yaw:-2.68119343956] 
1621674194773 [Update odom] 
1621674194783 [vx:0.0 vy:0.0 yaw:-2.69149078364] 
1621674194844 [Update odom] 
1621674194859 [vx:0.0 vy:0.0 yaw:-2.69896972047] 
1621674194945 [Update odom] 
1621674194955 [vx:0.0 vy:0.0 yaw:-2.70553467956] 
1621674195044 [Update odom] 
1621674195069 [vx:0.0 vy:0.0 yaw:-2.69945704534] 
1621674195151 [Update odom] 
1621674195163 [vx:0.0 vy:0.0 yaw:-2.69783418076] 
1621674195244 [Update odom] 
1621674195255 [vx:0.0 vy:0.0 yaw:-2.69478475063] 
1621674195344 [Update odom] 
1621674195392 [vx:0.0 vy:0.0 yaw:-2.69211348971] 
1621674195444 [Update odom] 
1621674195455 [vx:0.0 vy:0.0 yaw:-2.69034150759] 
1621674195544 [Update odom] 
1621674195556 [vx:0.0 vy:0.0 yaw:-2.67873284517] 
1621674195644 [Update odom] 
1621674195655 [vx:0.0 vy:0.0 yaw:-2.67089101882] 
1621674195744 [Update odom] 
1621674195755 [vx:0.0 vy:0.0 yaw:-2.66665478466] 
1621674195844 [Update odom] 
1621674195855 [vx:0.0 vy:0.0 yaw:-2.66264396598] 
1621674195944 [Update odom] 
1621674195955 [vx:0.0 vy:0.0 yaw:-2.64786618277] 
1621674196044 [Update odom] 
1621674196056 [vx:0.0 vy:0.0 yaw:-2.64601761499] 
1621674196144 [Update odom] 
1621674196155 [vx:0.0 vy:0.0 yaw:-2.64744888026] 
1621674196246 [Update odom] 
1621674196254 [vx:0.0 vy:0.0 yaw:-2.65066983394] 
1621674196344 [Update odom] 
1621674196356 [vx:0.0 vy:0.0 yaw:-2.65291938163] 
1621674196449 [Update odom] 
1621674196459 [vx:0.0 vy:0.0 yaw:-2.65614474942] 
1621674196544 [Update odom] 
1621674196555 [vx:0.0 vy:0.0 yaw:-2.64951397069] 
1621674196644 [Update odom] 
1621674196655 [vx:0.0 vy:0.0 yaw:-2.65011765635] 
1621674196744 [Update odom] 
1621674196756 [vx:0.0 vy:0.0 yaw:-2.65191198979] 
1621674196845 [Update odom] 
1621674196851 [vx:0.0 vy:0.0 yaw:-2.65158476816] 
1621674196944 [Update odom] 
1621674196960 [vx:0.0 vy:0.0 yaw:-2.64900654545] 
1621674197044 [Update odom] 
1621674197055 [vx:0.0 vy:0.0 yaw:-2.64710741821] 
1621674197144 [Update odom] 
1621674197159 [vx:0.0 vy:0.0 yaw:-2.64739705507] 
1621674197269 [Update odom] 
1621674197276 [vx:0.0 vy:0.0 yaw:-2.65533992291] 
1621674197344 [Update odom] 
1621674197355 [vx:0.0 vy:0.0 yaw:-2.65806827132] 
1621674197444 [Update odom] 
1621674197456 [vx:0.0 vy:0.0 yaw:-2.65197282477] 
1621674197544 [Update odom] 
1621674197555 [vx:0.0 vy:0.0 yaw:-2.64060264891] 
1621674197648 [Update odom] 
1621674197653 [vx:0.0 vy:0.0 yaw:-2.64133324308] 
1621674197744 [Update odom] 
1621674197755 [vx:0.0 vy:0.0 yaw:-2.64294356174] 
1621674197845 [Update odom] 
1621674197860 [vx:0.0 vy:0.0 yaw:-2.64436305211] 
1621674197954 [Update odom] 
1621674197964 [vx:0.0 vy:0.0 yaw:-2.65481211427] 
1621674198044 [Update odom] 
1621674198063 [vx:0.0 vy:0.0 yaw:-2.65504856811] 
1621674198168 [Update odom] 
1621674198179 [vx:0.0 vy:0.0 yaw:-2.65403649386] 
1621674198244 [Update odom] 
1621674198259 [vx:0.0 vy:0.0 yaw:-2.65291507604] 
1621674198344 [Update odom] 
1621674198359 [vx:0.0 vy:0.0 yaw:-2.65403784089] 
1621674198444 [Update odom] 
1621674198455 [vx:0.0 vy:0.0 yaw:-2.66554934319] 
1621674198544 [Update odom] 
1621674198555 [vx:0.0 vy:0.0 yaw:-2.65684299332] 
1621674198644 [Update odom] 
1621674198655 [vx:0.0 vy:0.0 yaw:-2.64014928639] 
1621674198744 [Update odom] 
1621674198777 [vx:0.0 vy:0.0 yaw:-2.63364855869] 
1621674198846 [Update odom] 
1621674198859 [vx:0.0 vy:0.0 yaw:-2.64010904867] 
1621674198953 [Update odom] 
1621674198964 [vx:0.0 vy:0.0 yaw:-2.64238863081] 
1621674199050 [Update odom] 
1621674199069 [vx:0.0 vy:0.0 yaw:-2.65328945336] 
1621674199149 [Update odom] 
1621674199161 [vx:0.0 vy:0.0 yaw:-2.64930529942] 
1621674199244 [Update odom] 
1621674199257 [vx:0.0 vy:0.0 yaw:-2.64449948683] 
1621674199350 [Update odom] 
1621674199365 [vx:0.0 vy:0.0 yaw:-2.644