1621659948901 [Opening serial port: /dev/ttyTHS1.] 
1621659949206 [The robot is connected to ] [/dev/ttyTHS1] 
1621659949206 [Initial robot's topic...] 
1621659953850 [log_latest_command] [[ b y t e a r r a y ( b ' \ x a a \ x f f \ x a 2 \ x d 0 \ x 0 7 \ x 0 0 \ x d 0 \ x 0 7 \ x 0 0 \ x 0 3 \ x f 9 \ x 0 f \ x 0 e ' ) ]] 
1621659955726 [log_latest_command] [[ b y t e a r r a y ( b ' \ x a a \ x f f \ x a 5 \ x 0 2 N \ x 0 f \ x 0 e ' ) ]] 
1621659956539 [log_latest_command] [[ b y t e a r r a y ( b ' \ x a a \ x f f \ x a 5 \ x 0 2 N \ x 0 f \ x 0 e ' ) ]] 
1621659957296 [log_latest_command] [[ b y t e a r r a y ( b ' \ x a a \ x f f \ x a 5 \ x 0 2 N \ x 0 f \ x 0 e ' ) ]] 
1621659957755 [log_latest_command] [[ b y t e a r r a y ( b ' \ x a a \ x f f \ x a 5 \ x 0 2 N \ x 0 f \ x 0 e ' ) ]] 
1621659958166 [log_latest_command] [[ b y t e a r r a y ( b ' \ x a a \ x f f \ x a 5 \ x 0 2 N \ x 0 f \ x 0 e ' ) ]] 
1621659958525 [log_latest_command] [[ b y t e a r r a y ( b ' \ x a a \ x f f \ x a 5 \ x 0 2 N \ x 0 f \ x 0 e ' ) ]] 
1621659958939 [log_latest_command] [[ b y t e a r r a y ( b ' \ x a a \ x f f \ x a 5 \ x 0 2 N \ x 0 f \ x 0 e ' ) ]] 
1621659959315 [log_latest_command] [[ b y t e a r r a y ( b ' \ x a a \ x f f \ x a 5 \ x 0 2 N \ x 0 f \ x 0 e ' ) ]] 
1621659960931 [log_latest_command] [[ b y t e a r r a y ( b ' \ x a a \ x f f \ x a 2 \ x d 0 \ x 0 7 \ x f f \ x d 0 \ x 0 7 \ x f f \ x 0 5 \ x f 7 \ x 0 f \ x 0 e ' ) ]] 
1621659966162 [log_latest_command] [[ b y t e a r r a y ( b ' \ x a a \ x f f \ x a 5 \ x 0 2 N \ x 0 f \ x 0 e ' ) ]] 
1621659972332 [log_latest_command] [[ b y t e a r r a y ( b ' \ x a a \ x f f \ x a 5 \ x 0 2 N \ x 0 f \ x 0 e ' ) ]] 
1621660137232 [log_latest_command] [[ b y t e a r r a y ( b ' \ x a a \ x f f \ x a 2 \ x d 0 \ x 0 7 \ x 0 0 \ x d 0 \ x 0 7 \ x 0 0 \ x 0 3 \ x f 9 \ x 0 f \ x 0 e ' ) ]] 
1621660137779 [log_latest_command] [[ b y t e a r r a y ( b ' \ x a a \ x f f \ x a 5 \ x 0 2 N \ x 0 f \ x 0 e ' ) ]] 
1621660138053 [log_latest_command] [[ b y t e a r r a y ( b ' \ x a a \ x f f \ x a 2 \ x d 0 \ x 0 7 \ x f f \ x d 0 \ x 0 7 \ x f f \ x 0 5 \ x f 7 \ x 0 f \ x 0 e ' ) ]] 
1621660138697 [log_latest_command] [[ b y t e a r r a y ( b ' \ x a a \ x f f \ x a 5 \ x 0 2 N \ x 0 f \ x 0 e ' ) ]] 
1621660138929 [log_latest_command] [[ b y t e a r r a y ( b ' \ x a a \ x f f \ x a 2 \ x d 0 \ x 0 7 \ x f f \ x d 0 \ x 0 7 \ x f f \ x 0 5 \ x f 7 \ x 0 f \ x 0 e ' ) ]] 
1621660139490 [log_latest_command] [[ b y t e a r r a y ( b ' \ x a a \ x f f \ x a 5 \ x 0 2 N \ x 0 f \ x 0 e ' ) ]] 
1621660139739 [log_latest_command] [[ b y t e a r r a y ( b ' \ x a a \ x f f \ x a 2 \ x d 0 \ x 0 7 \ x 0 0 \ x d 0 \ x 0 7 \ x 0 0 \ x 0 3 \ x f 9 \ x 0 f \ x 0 e ' ) ]] 
1621660140270 [log_latest_command] [[ b y t e a r r a y ( b ' \ x a a \ x f f \ x a 5 \ x 0 2 N \ x 0 f \ x 0 e ' ) ]] 
1621660140503 [log_latest_command] [[ b y t e a r r a y ( b ' \ x a a \ x f f \ x a 2 \ x d 0 \ x 0 7 \ x 0 0 \ x 9 0 \ x 0 1 \ x 0 0 \ x 0 3 \ x b 3 \ x 0 f \ x 0 e ' ) ]] 
1621660141182 [log_latest_command] [[ b y t e a r r a y ( b ' \ x a a \ x f f \ x a 5 \ x 0 2 N \ x 0 f \ x 0 e ' ) ]] 
1621660155903 [log_latest_command] [[ b y t e a r r a y ( b ' \ x a a \ x f f \ x a 2 \ x d 0 \ x 0 7 \ x 0 0 \ x 9 0 \ x 0 1 \ x 0 0 \ x 0 3 \ x b 3 \ x 0 f \ x 0 e ' ) ]] 
1621660156752 [log_latest_command] [[ b y t e a r r a y ( b ' \ x a a \ x f f \ x a 5 \ x 0 2 N \ x 0 f \ x 0 e ' ) ]] 
1621660167134 [log_latest_command] [[ b y t e a r r a y ( b ' \ x a a \ x f f \ x a 2 @ \ x 0 6 \ x f f @ \ x 0 6 \ x 0 0 \ x 0 3 \ x d 6 \ x 0 f \ x 0 e ' ) ]] 
1621660168614 [log_latest_command] [[ b y t e a r r a y ( b ' \ x a a \ x f f \ x a 5 \ x 0 2 N \ x 0 f \ x 0 e ' ) ]] 
1621660172014 [log_latest_command] [[ b y t e a r r a y ( b ' \ x a a \ x f f \ x a 5 \ x 0 2 N \ x 0 f \ x 0 e ' ) ]] 
1621660172350 [log_latest_command] [[ b y t e a r r a y ( b ' \ x a a \ x f f \ x a 2 \ x d 0 \ x 0 7 \ x 0 0 \ x d 0 \ x 0 7 \ x 0 0 \ x 0 3 \ x f 9 \ x 0 f \ x 0 e ' ) ]] 
1621660173363 [log_latest_command] [[ b y t e a r r a y ( b ' \ x a a \ x f f \ x a 5 \ x 0 2 N \ x 0 f \ x 0 e ' ) ]] 
1621660173591 [log_latest_command] [[ b y t e a r r a y ( b ' \ x a a \ x f f \ x a 2 \ x d 0 \ x 0 7 \ x 0 0 \ x d 0 \ x 0 7 \ x 0 0 \ x 0 3 \ x f 9 \ x 0 f \ x 0 e ' ) ]] 
1621660176163 [log_latest_command] [[ b y t e a r r a y ( b ' \ x a a \ x f f \ x a 5 \ x 0 2 N \ x 0 f \ x 0 e ' ) ]] 
1621660181283 [log_latest_command] [[ b y t e a r r a y ( b ' \ x a a \ x f f \ x a 2 \ x a 0 \ x 0 f \ x 0 0 \ x a 0 \ x 0 f \ x 0 0 \ x 0 3 \ x a 9 \ x 0 f \ x 0 e ' ) ]] 
