1621093154785 [Opening serial port: /dev/ttyTHS1.] 
1621093155093 [The robot is connected to ] [/dev/ttyTHS1] 
1621093155093 [Initial robot's topic...] 
1621093159671 [log_latest_command] [[ b y t e a r r a y ( b ' \ x a a \ x f f \ x a 2 \ x a 0 \ x 0 f \ x 0 0 \ x a 0 \ x 0 f \ x 0 0 \ x 0 3 \ x a 9 \ x 0 f \ x 0 e ' ) ]] 
1621093160643 [log_latest_command] [[ b y t e a r r a y ( b ' \ x a a \ x f f \ x a 5 \ x 0 2 N \ x 0 f \ x 0 e ' ) ]] 
1621093162669 [log_latest_command] [[ b y t e a r r a y ( b ' \ x a a \ x f f \ x a 5 \ x 0 2 N \ x 0 f \ x 0 e ' ) ]] 
1621093163595 [log_latest_command] [[ b y t e a r r a y ( b ' \ x a a \ x f f \ x a 2 \ x d 0 \ x 0 7 \ x f f \ x d 0 \ x 0 7 \ x f f \ x 0 5 \ x f 7 \ x 0 f \ x 0 e ' ) ]] 
1621093166554 [log_latest_command] [[ b y t e a r r a y ( b ' \ x a a \ x f f \ x a 5 \ x 0 2 N \ x 0 f \ x 0 e ' ) ]] 
1621093173354 [log_latest_command] [[ b y t e a r r a y ( b ' \ x a a \ x f f \ x a 2 @ \ x 0 6 \ x f f @ \ x 0 6 \ x 0 0 \ x 0 3 \ x d 6 \ x 0 f \ x 0 e ' ) ]] 
1621093174725 [log_latest_command] [[ b y t e a r r a y ( b ' \ x a a \ x f f \ x a 5 \ x 0 2 N \ x 0 f \ x 0 e ' ) ]] 
1621093175504 [log_latest_command] [[ b y t e a r r a y ( b ' \ x a a \ x f f \ x a 2 \ x d 0 \ x 0 7 \ x 0 0 \ x d 0 \ x 0 7 \ x 0 0 \ x 0 3 \ x f 9 \ x 0 f \ x 0 e ' ) ]] 
1621093177623 [log_latest_command] [[ b y t e a r r a y ( b ' \ x a a \ x f f \ x a 5 \ x 0 2 N \ x 0 f \ x 0 e ' ) ]] 
1621093178876 [log_latest_command] [[ b y t e a r r a y ( b ' \ x a a \ x f f \ x a 2 \ x d 0 \ x 0 7 \ x f f \ x d 0 \ x 0 7 \ x f f \ x 0 5 \ x f 7 \ x 0 f \ x 0 e ' ) ]] 
1621093184350 [log_latest_command] [[ b y t e a r r a y ( b ' \ x a a \ x f f \ x a 5 \ x 0 2 N \ x 0 f \ x 0 e ' ) ]] 
1621093185605 [log_latest_command] [[ b y t e a r r a y ( b ' \ x a a \ x f f \ x a 2 \ x 9 0 \ x 0 1 \ x f f \ x d 0 \ x 0 7 \ x f f \ x 0 5 \ x b 1 \ x 0 f \ x 0 e ' ) ]] 
1621093188168 [log_latest_command] [[ b y t e a r r a y ( b ' \ x a a \ x f f \ x a 5 \ x 0 2 N \ x 0 f \ x 0 e ' ) ]] 
1621093188815 [log_latest_command] [[ b y t e a r r a y ( b ' \ x a a \ x f f \ x a 2 \ x d 0 \ x 0 7 \ x 0 0 \ x d 0 \ x 0 7 \ x 0 0 \ x 0 3 \ x f 9 \ x 0 f \ x 0 e ' ) ]] 
1621093192717 [log_latest_command] [[ b y t e a r r a y ( b ' \ x a a \ x f f \ x a 2 \ x 9 0 \ x 0 1 \ x 0 0 \ x d 0 \ x 0 7 \ x 0 0 \ x 0 3 \ x b 3 \ x 0 f \ x 0 e ' ) ]] 
1621093197631 [log_latest_command] [[ b y t e a r r a y ( b ' \ x a a \ x f f \ x a 5 \ x 0 2 N \ x 0 f \ x 0 e ' ) ]] 
1621093202135 [log_latest_command] [[ b y t e a r r a y ( b ' \ x a a \ x f f \ x a 2 \ x d 0 \ x 0 7 \ x f f \ x d 0 \ x 0 7 \ x f f \ x 0 5 \ x f 7 \ x 0 f \ x 0 e ' ) ]] 
1621093204571 [log_latest_command] [[ b y t e a r r a y ( b ' \ x a a \ x f f \ x a 5 \ x 0 2 N \ x 0 f \ x 0 e ' ) ]] 
1621093205235 [log_latest_command] [[ b y t e a r r a y ( b ' \ x a a \ x f f \ x a 2 \ x d 0 \ x 0 7 \ x 0 0 \ x d 0 \ x 0 7 \ x 0 0 \ x 0 3 \ x f 9 \ x 0 f \ x 0 e ' ) ]] 
1621093206796 [log_latest_command] [[ b y t e a r r a y ( b ' \ x a a \ x f f \ x a 5 \ x 0 2 N \ x 0 f \ x 0 e ' ) ]] 
1621093207321 [log_latest_command] [[ b y t e a r r a y ( b ' \ x a a \ x f f \ x a 2 \ x d 0 \ x 0 7 \ x 0 0 \ x d 0 \ x 0 7 \ x 0 0 \ x 0 3 \ x f 9 \ x 0 f \ x 0 e ' ) ]] 
