1621096070016 [Opening serial port: /dev/ttyTHS1.] 
1621096070320 [The robot is connected to ] [/dev/ttyTHS1] 
1621096070321 [Initial robot's topic...] 
1621096070326 [Start initializing navigation] 
1621096070326 [Start initializing navigation topic] 
1621096070369 [Initialization navigation topic finished] 
1621096070374 [Initialization navigation finished] 
1621096070477 [Update odom] 
1621096070525 [ROBOT STATUS: Rotating[False] Running[False] Stop[True]] 
1621096070525 [vx:0.0 vy:0.0 yaw:0.573695680585] 
1621096070577 [Update odom] 
1621096070626 [ROBOT STATUS: Rotating[False] Running[False] Stop[True]] 
1621096070626 [vx:0.0 vy:0.0 yaw:0.589315003247] 
1621096070677 [Update odom] 
1621096070722 [ROBOT STATUS: Rotating[False] Running[False] Stop[True]] 
1621096070722 [vx:0.0 vy:0.0 yaw:0.583167175886] 
1621096070777 [Update odom] 
1621096070812 [ROBOT STATUS: Rotating[False] Running[False] Stop[True]] 
1621096070812 [vx:0.0 vy:0.0 yaw:0.570534099284] 
1621096070877 [Update odom] 
1621096070912 [ROBOT STATUS: Rotating[False] Running[False] Stop[True]] 
1621096070912 [vx:0.0 vy:0.0 yaw:0.566389435973] 
1621096070977 [Update odom] 
1621096071007 [ROBOT STATUS: Rotating[False] Running[False] Stop[True]] 
1621096071007 [vx:0.0 vy:0.0 yaw:0.569151351773] 
1621096071077 [Update odom] 
1621096071105 [ROBOT STATUS: Rotating[False] Running[False] Stop[True]] 
1621096071105 [vx:0.0 vy:0.0 yaw:0.575655753498] 
1621096071177 [Update odom] 
1621096071224 [ROBOT STATUS: Rotating[False] Running[False] Stop[True]] 
1621096071224 [vx:0.0 vy:0.0 yaw:0.572208787417] 
1621096071277 [Update odom] 
1621096071319 [ROBOT STATUS: Rotating[False] Running[False] Stop[True]] 
1621096071319 [vx:0.0 vy:0.0 yaw:0.566828229166] 
1621096071378 [Update odom] 
1621096071418 [ROBOT STATUS: Rotating[False] Running[False] Stop[True]] 
1621096071418 [vx:0.0 vy:0.0 yaw:0.551925970644] 
1621096071477 [Update odom] 
1621096071520 [ROBOT STATUS: Rotating[False] Running[False] Stop[True]] 
1621096071520 [vx:0.0 vy:0.0 yaw:0.557160962259] 
1621096071581 [Update odom] 
1621096071623 [ROBOT STATUS: Rotating[False] Running[False] Stop[True]] 
1621096071623 [vx:0.0 vy:0.0 yaw:0.550592593399] 
1621096071680 [Update odom] 
1621096071720 [ROBOT STATUS: Rotating[False] Running[False] Stop[True]] 
1621096071720 [vx:0.0 vy:0.0 yaw:0.550506106521] 
1621096071784 [Update odom] 
1621096071828 [ROBOT STATUS: Rotating[False] Running[False] Stop[True]] 
1621096071828 [vx:0.0 vy:0.0 yaw:0.553550676159] 
1621096071877 [Update odom] 
1621096071918 [ROBOT STATUS: Rotating[False] Running[False] Stop[True]] 
1621096071918 [vx:0.0 vy:0.0 yaw:0.566915193483] 
1621096071977 [Update odom] 
1621096072007 [ROBOT STATUS: Rotating[False] Running[False] Stop[True]] 
1621096072007 [vx:0.0 vy:0.0 yaw:0.560243467345] 
1621096072077 [Update odom] 
1621096072110 [ROBOT STATUS: Rotating[False] Running[False] Stop[True]] 
1621096072111 [vx:0.0 vy:0.0 yaw:0.543982102273] 
1621096072177 [Update odom] 
1621096072220 [ROBOT STATUS: Rotating[False] Running[False] Stop[True]] 
1621096072221 [vx:0.0 vy:0.0 yaw:0.540614854591] 
1621096072277 [Update odom] 
1621096072314 [ROBOT STATUS: Rotating[False] Running[False] Stop[True]] 
1621096072314 [vx:0.0 vy:0.0 yaw:0.547407266327] 
1621096072380 [Update odom] 
1621096072427 [ROBOT STATUS: Rotating[False] Running[False] Stop[True]] 
1621096072427 [vx:0.0 vy:0.0 yaw:0.562895401005] 
1621096072478 [Update odom] 
1621096072539 [ROBOT STATUS: Rotating[False] Running[False] Stop[True]] 
1621096072539 [vx:0.0 vy:0.0 yaw:0.575780386315] 
1621096072577 [Update odom] 
1621096072618 [ROBOT STATUS: Rotating[False] Running[False] Stop[True]] 
1621096072618 [vx:0.0 vy:0.0 yaw:0.569106336401] 
1621096072683 [Update odom] 
1621096072724 [ROBOT STATUS: Rotating[False] Running[False] Stop[True]] 
1621096072724 [vx:0.0 vy:0.0 yaw:0.562844064356] 
1621096072778 [Update odom] 
1621096072813 [ROBOT STATUS: Rotating[False] Running[False] Stop[True]] 
1621096072813 [vx:0.0 vy:0.0 yaw:0.575891512048] 
1621096072883 [Update odom] 
1621096072921 [ROBOT STATUS: Rotating[False] Running[False] Stop[True]] 
1621096072921 [vx:0.0 vy:0.0 yaw:0.5608385026] 
1621096072977 [Update odom] 
1621096073006 [ROBOT STATUS: Rotating[False] Running[False] Stop[True]] 
1621096073006 [vx:0.0 vy:0.0 yaw:0.565506407364] 
1621096073077 [Update odom] 
1621096073100 [ROBOT STATUS: Rotating[False] Running[False] Stop[True]] 
1621096073100 [vx:0.0 vy:0.0 yaw:0.566435183538] 
1621096073177 [Update odom] 
1621096073201 [ROBOT STATUS: Rotating[False] Running[False] Stop[True]] 
1621096073201 [vx:0.0 vy:0.0 yaw:0.563756239486] 
1621096073277 [Update odom] 
1621096073303 [ROBOT STATUS: Rotating[False] Running[False] Stop[True]] 
1621096073304 [vx:0.0 vy:0.0 yaw:0.563774723385] 
1621096073377 [Update odom] 
1621096073403 [ROBOT STATUS: Rotating[False] Running[False] Stop[True]] 
1621096073403 [vx:0.0 vy:0.0 yaw:0.561352444364] 
1621096073477 [Update odom] 
1621096073500 [ROBOT STATUS: Rotating[False] Running[False] Stop[True]] 
1621096073500 [vx:0.0 vy:0.0 yaw:0.562497216023] 
1621096073577 [Update odom] 
1621096073609 [ROBOT STATUS: Rotating[False] Running[False] Stop[True]] 
1621096073609 [vx:0.0 vy:0.0 yaw:0.564125222189] 
1621096073677 [Update odom] 
1621096073699 [ROBOT STATUS: Rotating[False] Running[False] Stop[True]] 
1621096073699 [vx:0.0 vy:0.0 yaw:0.556672596666] 
1621096073782 [Update odom] 
1621096073807 [ROBOT STATUS: Rotating[False] Running[False] Stop[True]] 
1621096073807 [vx:0.0 vy:0.0 yaw:0.546648914406] 
1621096073877 [Update odom] 
1621096073911 [ROBOT STATUS: Rotating[False] Running[False] Stop[True]] 
1621096073912 [vx:0.0 vy:0.0 yaw:0.558462098203] 
1621096073977 [Update odom] 
1621096074014 [ROBOT STATUS: Rotating[False] Running[False] Stop[True]] 
1621096074014 [vx:0.0 vy:0.0 yaw:0.573133568836] 
1621096074077 [Update odom] 
1621096074123 [ROBOT STATUS: Rotating[False] Running[False] Stop[True]] 
1621096074123 [vx:0.0 vy:0.0 yaw:0.564190458174] 
1621096074177 [Update odom] 
1621096074211 [ROBOT STATUS: Rotating[False] Running[False] Stop[True]] 
1621096074212 [vx:0.0 vy:0.0 yaw:0.556189343522] 
1621096074277 [Update odom] 
1621096074311 [ROBOT STATUS: Rotating[False] Running[False] Stop[True]] 
1621096074311 [vx:0.0 vy:0.0 yaw:0.543291202017] 
1621096074384 [Update odom] 
1621096074411 [ROBOT STATUS: Rotating[False] Running[False] Stop[True]] 
1621096074411 [vx:0.0 vy:0.0 yaw:0.55773290947] 
1621096074477 [Update odom] 
1621096074520 [ROBOT STATUS: Rotating[False] Running[False] Stop[True]] 
1621096074520 [vx:0.0 vy:0.0 yaw:0.573303389293] 
1621096074577 [Update odom] 
1621096074600 [ROBOT STATUS: Rotating[False] Running[False] Stop[True]] 
1621096074600 [vx:0.0 vy:0.0 yaw:0.568326616271] 
1621096074677 [Update odom] 
1621096074707 [ROBOT STATUS: Rotating[False] Running[False] Stop[True]] 
1621096074707 [vx:0.0 vy:0.0 yaw:0.568800073082] 
1621096074777 [Update odom] 
1621096074797 [ROBOT STATUS: Rotating[False] Running[False] Stop[True]] 
1621096074797 [vx:0.0 vy:0.0 yaw:0.568353014422] 
1621096074878 [Update odom] 
1621096074907 [ROBOT STATUS: Rotating[False] Running[False] Stop[True]] 
1621096074907 [vx:0.0 vy:0.0 yaw:0.57995930357] 
1621096074979 [Update odom] 
1621096075032 [ROBOT STATUS: Rotating[False] Running[False] Stop[True]] 
1621096075033 [vx:0.0 vy:0.0 yaw:0.56732129229] 
1621096075077 [Update odom] 
1621096075141 [ROBOT STATUS: Rotating[False] Running[False] Stop[True]] 
1621096075141 [vx:0.0 vy:0.0 yaw:0.552365378949] 
1621096075177 [Update odom] 
1621096075224 [ROBOT STATUS: Rotating[False] Running[False] Stop[True]] 
1621096075224 [vx:0.0 vy:0.0 yaw:0.552110934708] 
1621096075282 [Update odom] 
1621096075327 [ROBOT STATUS: Rotating[False] Running[False] Stop[True]] 
1621096075327 [vx:0.0 vy:0.0 yaw:0.568904676339] 
1621096075377 [Update odom] 
1621096075412 [ROBOT STATUS: Rotating[False] Running[False] Stop[True]] 
1621096075412 [vx:0.0 vy:0.0 yaw:0.576198608867] 
1621096075478 [Update odom] 
1621096075501 [ROBOT STATUS: Rotating[False] Running[False] Stop[True]] 
1621096075501 [vx:0.0 vy:0.0 yaw:0.56520249719] 
1621096075577 [Update odom] 
1621096075620 [ROBOT STATUS: Rotating[False] Running[False] Stop[True]] 
1621096075620 [vx:0.0 vy:0.0 yaw:0.55860991173] 
1621096075677 [Update odom] 
1621096075722 [ROBOT STATUS: Rotating[False] Running[False] Stop[True]] 
1621096075723 [vx:0.0 vy:0.0 yaw:0.554378648659] 
1621096075777 [Update odom] 
1621096075809 [ROBOT STATUS: Rotating[False] Running[False] Stop[True]] 
1621096075809 [vx:0.0 vy:0.0 yaw:0.538323700211] 
1621096075877 [Update odom] 
1621096075918 [ROBOT STATUS: Rotating[False] Running[False] Stop[True]] 
1621096075920 [vx:0.0 vy:0.0 yaw:0.527343297858] 
1621096075977 [Update odom] 
1621096076014 [ROBOT STATUS: Rotating[False] Running[False] Stop[True]] 
1621096076014 [vx:0.0 vy:0.0 yaw:0.526862190797] 
1621096076077 [Update odom] 
1621096076101 [ROBOT STATUS: Rotating[False] Running[False] Stop[True]] 
1621096076101 [vx:0.0 vy:0.0 yaw:0.536027804863] 
1621096076177 [Update odom] 
1621096076207 [ROBOT STATUS: Rotating[False] Running[False] Stop[True]] 
1621096076207 [vx:0.0 vy:0.0 yaw:0.553224605276] 
1621096076277 [Update odom] 
1621096076300 [ROBOT STATUS: Rotating[False] Running[False] Stop[True]] 
1621096076300 [vx:0.0 vy:0.0 yaw:0.569866520267] 
1621096076377 [Update odom] 
1621096076400 [ROBOT STATUS: Rotating[False] Running[False] Stop[True]] 
1621096076400 [vx:0.0 vy:0.0 yaw:0.574608432165] 
1621096076477 [Update odom] 
1621096076504 [ROBOT STATUS: Rotating[False] Running[False] Stop[True]] 
1621096076505 [vx:0.0 vy:0.0 yaw:0.558438907818] 
1621096076577 [Update odom] 
1621096076601 [ROBOT STATUS: Rotating[False] Running[False] Stop[True]] 
1621096076601 [vx:0.0 vy:0.0 yaw:0.566389705674] 
1621096076677 [Update odom] 
1621096076699 [ROBOT STATUS: Rotating[False] Running[False] Stop[True]] 
1621096076699 [vx:0.0 vy:0.0 yaw:0.56272049547] 
1621096076777 [Update odom] 
1621096076825 [ROBOT STATUS: Rotating[False] Running[False] Stop[True]] 
1621096076825 [vx:0.0 vy:0.0 yaw:0.551084249291] 
1621096076877 [Update odom] 
1621096076912 [ROBOT STATUS: Rotating[False] Running[False] Stop[True]] 
1621096076912 [vx:0.0 vy:0.0 yaw:0.549398245958] 
1621096076977 [Update odom] 
1621096077011 [ROBOT STATUS: Rotating[False] Running[False] Stop[True]] 
1621096077011 [vx:0.0 vy:0.0 yaw:0.556205151612] 
1621096077077 [Update odom] 
1621096077117 [ROBOT STATUS: Rotating[False] Running[False] Stop[True]] 
1621096077118 [vx:0.0 vy:0.0 yaw:0.558720775916] 
1621096077177 [Update odom] 
1621096077200 [ROBOT STATUS: Rotating[False] Running[False] Stop[True]] 
1621096077200 [vx:0.0 vy:0.0 yaw:0.55658559642] 
1621096077279 [Update odom] 
1621096077329 [ROBOT STATUS: Rotating[False] Running[False] Stop[True]] 
1621096077329 [vx:0.0 vy:0.0 yaw:0.559642158722] 
1621096077377 [Update odom] 
1621096077438 [ROBOT STATUS: Rotating[False] Running[False] Stop[True]] 
1621096077439 [vx:0.0 vy:0.0 yaw:0.575989259174] 
1621096077477 [Update odom] 
1621096077513 [ROBOT STATUS: Rotating[False] Running[False] Stop[True]] 
1621096077513 [vx:0.0 vy:0.0 yaw:0.579219648822] 
1621096077577 [Update odom] 
1621096077607 [ROBOT STATUS: Rotating[False] Running[False] Stop[True]] 
1621096077608 [vx:0.0 vy:0.0 yaw:0.564379189764] 
1621096077677 [Update odom] 
1621096077708 [ROBOT STATUS: Rotating[False] Running[False] Stop[True]] 
1621096077709 [vx:0.0 vy:0.0 yaw:0.557326388852] 
1621096077777 [Update odom] 
1621096077815 [ROBOT STATUS: Rotating[False] Running[False] Stop[True]] 
1621096077815 [vx:0.0 vy:0.0 yaw:0.54661903003] 
1621096077877 [Update odom] 
1621096077932 [ROBOT STATUS: Rotating[False] Running[False] Stop[True]] 
1621096077932 [vx:0.0 vy:0.0 yaw:0.559903217184] 
1621096077979 [Update odom] 
1621096078017 [ROBOT STATUS: Rotating[False] Running[False] Stop[True]] 
1621096078018 [vx:0.0 vy:0.0 yaw:0.561383694339] 
1621096078077 [Update odom] 
1621096078142 [ROBOT STATUS: Rotating[False] Running[False] Stop[True]] 
1621096078142 [vx:0.0 vy:0.0 yaw:0.546076455057] 
1621096078177 [Update odom] 
1621096078224 [ROBOT STATUS: Rotating[False] Running[False] Stop[True]] 
1621096078224 [vx:0.0 vy:0.0 yaw:0.540906776825] 
1621096078278 [Update odom] 
1621096078321 [ROBOT STATUS: Rotating[False] Running[False] Stop[True]] 
1621096078322 [vx:0.0 vy:0.0 yaw:0.544139240107] 
1621096078377 [Update odom] 
1621096078400 [ROBOT STATUS: Rotating[False] Running[False] Stop[True]] 
1621096078400 [vx:0.0 vy:0.0 yaw:0.55315352195] 
1621096078477 [Update odom] 
1621096078513 [ROBOT STATUS: Rotating[False] Running[False] Stop[True]] 
1621096078513 [vx:0.0 vy:0.0 yaw:0.536778449687] 
1621096078583 [Update odom] 
1621096078609 [ROBOT STATUS: Rotating[False] Running[False] Stop[True]] 
1621096078609 [vx:0.0 vy:0.0 yaw:0.529075525298] 
1621096078677 [Update odom] 
1621096078726 [ROBOT STATUS: Rotating[False] Running[False] Stop[True]] 
1621096078726 [vx:0.0 vy:0.0 yaw:0.541145857062] 
1621096078777 [Update odom] 
1621096078803 [ROBOT STATUS: Rotating[False] Running[False] Stop[True]] 
1621096078803 [vx:0.0 vy:0.0 yaw:0.5434356696] 
1621096078882 [Update odom] 
1621096078932 [ROBOT STATUS: Rotating[False] Running[False] Stop[True]] 
1621096078932 [vx:0.0 vy:0.0 yaw:0.536918010118] 
1621096078978 [Update odom] 
1621096079011 [ROBOT STATUS: Rotating[False] Running[False] Stop[True]] 
1621096079011 [vx:0.0 vy:0.0 yaw:0.548892516583] 
1621096079078 [Update odom] 
1621096079107 [ROBOT STATUS: Rotating[False] Running[False] Stop[True]] 
1621096079107 [vx:0.0 vy:0.0 yaw:0.556363263485] 
1621096079177 [Update odom] 
1621096079204 [ROBOT STATUS: Rotating[False] Running[False] Stop[True]] 
1621096079204 [vx:0.0 vy:0.0 yaw:0.566555950093] 
1621096079277 [Update odom] 
1621096079307 [ROBOT STATUS: Rotating[False] Running[False] Stop[True]] 
1621096079307 [vx:0.0 vy:0.0 yaw:0.570270345035] 
1621096079377 [Update odom] 
1621096079419 [ROBOT STATUS: Rotating[False] Running[False] Stop[True]] 
1621096079419 [vx:0.0 vy:0.0 yaw:0.571767961806] 
1621096079477 [Update odom] 
1621096079500 [ROBOT STATUS: Rotating[False] Running[False] Stop[True]] 
1621096079500 [vx:0.0 vy:0.0 yaw:0.56885335627] 
1621096079586 [Update odom] 
1621096079612 [ROBOT STATUS: Rotating[False] Running[False] Stop[True]] 
1621096079612 [vx:0.0 vy:0.0 yaw:0.57780965175] 
1621096079677 [Update odom] 
1621096079717 [ROBOT STATUS: Rotating[False] Running[False] Stop[True]] 
1621096079717 [vx:0.0 vy:0.0 yaw:0.580242755286] 
1621096079777 [Update odom] 
1621096079821 [ROBOT STATUS: Rotating[False] Running[False] Stop[True]] 
1621096079821 [vx:0.0 vy:0.0 yaw:0.571320120874] 
1621096079877 [Update odom] 
1621096079900 [ROBOT STATUS: Rotating[False] Running[False] Stop[True]] 
1621096079900 [vx:0.0 vy:0.0 yaw:0.566483631869] 
1621096079977 [Update odom] 
1621096080002 [ROBOT STATUS: Rotating[False] Running[False] Stop[True]] 
1621096080002 [vx:0.0 vy:0.0 yaw:0.554136785693] 
1621096080077 [Update odom] 
1621096080117 [ROBOT STATUS: Rotating[False] Running[False] Stop[True]] 
1621096080117 [vx:0.0 vy:0.0 yaw:0.556622177897] 
1621096080177 [Update odom] 
1621096080203 [ROBOT STATUS: Rotating[False] Running[False] Stop[True]] 
1621096080203 [vx:0.0 vy:0.0 yaw:0.557213861642] 
1621096080277 [Update odom] 
1621096080309 [ROBOT STATUS: Rotating[False] Running[False] Stop[True]] 
1621096080309 [vx:0.0 vy:0.0 yaw:0.549818830512] 
1621096080377 [Update odom] 
1621096080425 [ROBOT STATUS: Rotating[False] Running[False] Stop[True]] 
1621096080425 [vx:0.0 vy:0.0 yaw:0.549509258722] 
1621096080477 [Update odom] 
1621096080519 [ROBOT STATUS: Rotating[False] Running[False] Stop[True]] 
1621096080519 [vx:0.0 vy:0.0 yaw:0.565131836015] 
1621096080577 [Update odom] 
1621096080602 [ROBOT STATUS: Rotating[False] Running[False] Stop[True]] 
1621096080606 [vx:0.0 vy:0.0 yaw:0.556843662595] 
1621096080677 [Update odom] 
1621096080706 [ROBOT STATUS: Rotating[False] Running[False] Stop[True]] 
1621096080706 [vx:0.0 vy:0.0 yaw:0.550950995486] 
1621096080777 [Update odom] 
1621096080821 [ROBOT STATUS: Rotating[False] Running[False] Stop[True]] 
1621096080821 [vx:0.0 vy:0.0 yaw:0.550709518712] 
1621096080877 [Update odom] 
1621096080904 [ROBOT STATUS: Rotating[False] Running[False] Stop[True]] 
1621096080904 [vx:0.0 vy:0.0 yaw:0.552198187409] 
1621096080977 [Update odom] 
1621096081018 [ROBOT STATUS: Rotating[False] Running[False] Stop[True]] 
1621096081018 [vx:0.0 vy:0.0 yaw:0.553165792862] 
1621096081077 [Update odom] 
1621096081100 [ROBOT STATUS: Rotating[False] Running[False] Stop[True]] 
1621096081100 [vx:0.0 vy:0.0 yaw:0.559285231426] 
1621096081177 [Update odom] 
1621096081213 [ROBOT STATUS: Rotating[False] Running[False] Stop[True]] 
1621096081213 [vx:0.0 vy:0.0 yaw:0.561146731761] 
1621096081277 [Update odom] 
1621096081321 [ROBOT STATUS: Rotating[False] Running[False] Stop[True]] 
1621096081321 [vx:0.0 vy:0.0 yaw:0.557554476943] 
1621096081377 [Update odom] 
1621096081408 [ROBOT STATUS: Rotating[False] Running[False] Stop[True]] 
1621096081409 [vx:0.0 vy:0.0 yaw:0.556485180711] 
1621096081477 [Update odom] 
1621096081512 [ROBOT STATUS: Rotating[False] Running[False] Stop[True]] 
1621096081512 [vx:0.0 vy:0.0 yaw:0.556115119569] 
1621096081577 [Update odom] 
1621096081610 [ROBOT STATUS: Rotating[False] Running[False] Stop[True]] 
1621096081610 [vx:0.0 vy:0.0 yaw:0.562043895675] 
1621096081677 [Update odom] 
1621096081703 [ROBOT STATUS: Rotating[False] Running[False] Stop[True]] 
1621096081703 [vx:0.0 vy:0.0 yaw:0.568647427701] 
1621096081777 [Update odom] 
1621096081830 [ROBOT STATUS: Rotating[False] Running[False] Stop[True]] 
1621096081830 [vx:0.0 vy:0.0 yaw:0.57729401333] 
1621096081877 [Update odom] 
1621096081914 [ROBOT STATUS: Rotating[False] Running[False] Stop[True]] 
1621096081914 [vx:0.0 vy:0.0 yaw:0.577589740235] 
1621096081977 [Update odom] 
1621096082026 [ROBOT STATUS: Rotating[False] Running[False] Stop[True]] 
1621096082026 [vx:0.0 vy:0.0 yaw:0.566445572181] 
1621096082077 [Update odom] 
1621096082101 [ROBOT STATUS: Rotating[False] Running[False] Stop[True]] 
1621096082101 [vx:0.0 vy:0.0 yaw:0.565855916887] 
1621096082177 [Update odom] 
1621096082232 [ROBOT STATUS: Rotating[False] Running[False] Stop[True]] 
1621096082232 [vx:0.0 vy:0.0 yaw:0.564219257576] 
1621096082277 [Update odom] 
1621096082327 [ROBOT STATUS: Rotating[False] Running[False] Stop[True]] 
1621096082327 [vx:0.0 vy:0.0 yaw:0.557198257555] 
1621096082377 [Update odom] 
1621096082408 [ROBOT STATUS: Rotating[False] Running[False] Stop[True]] 
1621096082408 [vx:0.0 vy:0.0 yaw:0.54847741747] 
1621096082477 [Update odom] 
1621096082520 [ROBOT STATUS: Rotating[False] Running[False] Stop[True]] 
1621096082520 [vx:0.0 vy:0.0 yaw:0.560685066644] 
1621096082587 [Update odom] 
1621096082637 [ROBOT STATUS: Rotating[False] Running[False] Stop[True]] 
1621096082637 [vx:0.0 vy:0.0 yaw:0.566227658669] 
1621096082681 [Update odom] 
1621096082705 [ROBOT STATUS: Rotating[False] Running[False] Stop[True]] 
1621096082705 [vx:0.0 vy:0.0 yaw:0.575438117999] 
1621096082777 [Update odom] 
1621096082811 [ROBOT STATUS: Rotating[False] Running[False] Stop[True]] 
1621096082812 [vx:0.0 vy:0.0 yaw:0.572414504945] 
1621096082877 [Update odom] 
1621096082922 [ROBOT STATUS: Rotating[False] Running[False] Stop[True]] 
1621096082922 [vx:0.0 vy:0.0 yaw:0.563962440057] 
1621096082977 [Update odom] 
1621096083003 [ROBOT STATUS: Rotating[False] Running[False] Stop[True]] 
1621096083003 [vx:0.0 vy:0.0 yaw:0.561438282546] 
1621096083079 [Update odom] 
1621096083113 [ROBOT STATUS: Rotating[False] Running[False] Stop[True]] 
1621096083113 [vx:0.0 vy:0.0 yaw:0.56132578127] 
1621096083177 [Update odom] 
1621096083225 [ROBOT STATUS: Rotating[False] Running[False] Stop[True]] 
1621096083225 [vx:0.0 vy:0.0 yaw:0.54740583306] 
1621096083277 [Update odom] 
1621096083311 [ROBOT STATUS: Rotating[False] Running[False] Stop[True]] 
1621096083312 [vx:0.0 vy:0.0 yaw:0.527828864341] 
1621096083378 [Update odom] 
1621096083414 [ROBOT STATUS: Rotating[False] Running[False] Stop[True]] 
1621096083414 [vx:0.0 vy:0.0 yaw:0.502848265556] 
1621096083477 [Update odom] 
1621096083517 [ROBOT STATUS: Rotating[False] Running[False] Stop[True]] 
1621096083517 [vx:0.0 vy:0.0 yaw:0.479985076692] 
1621096083577 [Update odom] 
1621096083602 [ROBOT STATUS: Rotating[False] Running[False] Stop[True]] 
1621096083602 [vx:0.0 vy:0.0 yaw:0.461423420368] 
1621096083677 [Update odom] 
1621096083704 [ROBOT STATUS: Rotating[False] Running[False] Stop[True]] 
1621096083704 [vx:0.0 vy:0.0 yaw:0.446378345579] 
1621096083777 [Update odom] 
1621096083821 [ROBOT STATUS: Rotating[False] Running[False] Stop[True]] 
1621096083821 [vx:0.0 vy:0.0 yaw:0.449092393375] 
1621096083877 [Update odom] 
1621096083907 [ROBOT STATUS: Rotating[False] Running[False] Stop[True]] 
1621096083907 [vx:0.0 vy:0.0 yaw:0.464992327574] 
1621096083979 [Update odom] 
1621096084026 [ROBOT STATUS: Rotating[False] Running[False] Stop[True]] 
1621096084026 [vx:0.0 vy:0.0 yaw:0.483000424437] 
1621096084077 [Update odom] 
1621096084104 [ROBOT STATUS: Rotating[False] Running[False] Stop[True]] 
1621096084104 [vx:0.0 vy:0.0 yaw:0.501589557835] 
1621096084181 [Update odom] 
1621096084213 [ROBOT STATUS: Rotating[False] Running[False] Stop[True]] 
1621096084213 [vx:0.0 vy:0.0 yaw:0.519544245349] 
1621096084277 [Update odom] 
1621096084321 [ROBOT STATUS: Rotating[False] Running[False] Stop[True]] 
1621096084321 [vx:0.0 vy:0.0 yaw:0.537097286817] 
1621096084377 [Update odom] 
1621096084405 [ROBOT STATUS: Rotating[False] Running[False] Stop[True]] 
1621096084405 [vx:0.0 vy:0.0 yaw:0.550628186202] 
1621096084477 [Update odom] 
1621096084514 [ROBOT STATUS: Rotating[False] Running[False] Stop[True]] 
1621096084514 [vx:0.0 vy:0.0 yaw:0.565325633259] 
1621096084578 [Update odom] 
1621096084635 [ROBOT STATUS: Rotating[False] Running[False] Stop[True]] 
1621096084635 [vx:0.0 vy:0.0 yaw:0.586139898216] 
1621096084679 [Update odom] 
1621096084704 [ROBOT STATUS: Rotating[False] Running[False] Stop[True]] 
1621096084704 [vx:0.0 vy:0.0 yaw:0.59969901169] 
1621096084777 [Update odom] 
1621096084819 [ROBOT STATUS: Rotating[False] Running[False] Stop[True]] 
1621096084819 [vx:0.0 vy:0.0 yaw:0.61618262326] 
1621096084885 [Update odom] 
1621096084915 [ROBOT STATUS: Rotating[False] Running[False] Stop[True]] 
1621096084915 [vx:0.0 vy:0.0 yaw:0.635900079147] 
1621096084983 [Update odom] 
1621096085031 [ROBOT STATUS: Rotating[False] Running[False] Stop[True]] 
1621096085031 [vx:0.0 vy:0.0 yaw:0.652101494708] 
1621096085077 [Update odom] 
1621096085110 [ROBOT STATUS: Rotating[False] Running[False] Stop[True]] 
1621096085110 [vx:0.0 vy:0.0 yaw:0.668641968285] 
1621096085177 [Update odom] 
1621096085200 [ROBOT STATUS: Rotating[False] Running[False] Stop[True]] 
1621096085200 [vx:0.0 vy:0.0 yaw:0.684695472116] 
1621096085277 [Update odom] 
1621096085307 [ROBOT STATUS: Rotating[False] Running[False] Stop[True]] 
1621096085307 [vx:0.0 vy:0.0 yaw:0.684951076469] 
1621096085379 [Update odom] 
1621096085400 [ROBOT STATUS: Rotating[False] Running[False] Stop[True]] 
1621096085400 [vx:0.0 vy:0.0 yaw:0.683384738903] 
1621096085477 [Update odom] 
1621096085513 [ROBOT STATUS: Rotating[False] Running[False] Stop[True]] 
1621096085513 [vx:0.0 vy:0.0 yaw:0.698539122716] 
1621096085577 [Update odom] 
1621096085623 [ROBOT STATUS: Rotating[False] Running[False] Stop[True]] 
1621096085623 [vx:0.0 vy:0.0 yaw:0.706402396973] 
1621096085678 [Update odom] 
1621096085716 [ROBOT STATUS: Rotating[False] Running[False] Stop[True]] 
1621096085716 [vx:0.0 vy:0.0 yaw:0.71958498655] 
1621096085777 [Update odom] 
1621096085800 [ROBOT STATUS: Rotating[False] Running[False] Stop[True]] 
1621096085800 [vx:0.0 vy:0.0 yaw:0.728460886592] 
1621096085877 [Update odom] 
1621096085920 [ROBOT STATUS: Rotating[False] Running[False] Stop[True]] 
1621096085920 [vx:0.0 vy:0.0 yaw:0.725814311118] 
1621096085978 [Update odom] 
1621096086000 [ROBOT STATUS: Rotating[False] Running[False] Stop[True]] 
1621096086000 [vx:0.0 vy:0.0 yaw:0.709966977634] 
1621096086077 [Update odom] 
1621096086110 [ROBOT STATUS: Rotating[False] Running[False] Stop[True]] 
1621096086110 [vx:0.0 vy:0.0 yaw:0.722828949497] 
1621096086177 [Update odom] 
1621096086206 [ROBOT STATUS: Rotating[False] Running[False] Stop[True]] 
1621096086206 [vx:0.0 vy:0.0 yaw:0.711749047045] 
1621096086277 [Update odom] 
1621096086305 [ROBOT STATUS: Rotating[False] Running[False] Stop[True]] 
1621096086305 [vx:0.0 vy:0.0 yaw:0.69968275491] 
1621096086377 [Update odom] 
1621096086416 [ROBOT STATUS: Rotating[False] Running[False] Stop[True]] 
1621096086416 [vx:0.0 vy:0.0 yaw:0.697198904328] 
1621096086477 [Update odom] 
1621096086497 [ROBOT STATUS: Rotating[False] Running[False] Stop[True]] 
1621096086497 [vx:0.0 vy:0.0 yaw:0.693011700266] 
1621096086577 [Update odom] 
1621096086621 [ROBOT STATUS: Rotating[False] Running[False] Stop[True]] 
1621096086621 [vx:0.0 vy:0.0 yaw:0.684755971248] 
1621096086680 [Update odom] 
1621096086711 [ROBOT STATUS: Rotating[False] Running[False] Stop[True]] 
1621096086711 [vx:0.0 vy:0.0 yaw:0.693388973097] 
1621096086777 [Update odom] 
1621096086823 [ROBOT STATUS: Rotating[False] Running[False] Stop[True]] 
1621096086824 [vx:0.0 vy:0.0 yaw:0.694495734994] 
1621096086877 [Update odom] 
1621096086925 [ROBOT STATUS: Rotating[False] Running[False] Stop[True]] 
1621096086926 [vx:0.0 vy:0.0 yaw:0.700884607879] 
1621096086977 [Update odom] 
1621096087003 [ROBOT STATUS: Rotating[False] Running[False] Stop[True]] 
1621096087003 [vx:0.0 vy:0.0 yaw:0.711941616116] 
1621096087077 [Update odom] 
1621096087109 [ROBOT STATUS: Rotating[False] Running[False] Stop[True]] 
1621096087109 [vx:0.0 vy:0.0 yaw:0.70687580847] 
1621096087177 [Update odom] 
1621096087225 [ROBOT STATUS: Rotating[False] Running[False] Stop[True]] 
1621096087225 [vx:0.0 vy:0.0 yaw:0.71987995089] 
1621096087277 [Update odom] 
1621096087300 [ROBOT STATUS: Rotating[False] Running[False] Stop[True]] 
1621096087300 [vx:0.0 vy:0.0 yaw:0.715685983084] 
1621096087377 [Update odom] 
1621096087409 [ROBOT STATUS: Rotating[False] Running[False] Stop[True]] 
1621096087410 [vx:0.0 vy:0.0 yaw:0.708226163223] 
1621096087477 [Update odom] 
1621096087513 [ROBOT STATUS: Rotating[False] Running[False] Stop[True]] 
1621096087513 [vx:0.0 vy:0.0 yaw:0.690076290117] 
1621096087577 [Update odom] 
1621096087609 [ROBOT STATUS: Rotating[False] Running[False] Stop[True]] 
1621096087609 [vx:0.0 vy:0.0 yaw:0.677611821754] 
1621096087677 [Update odom] 
1621096087700 [ROBOT STATUS: Rotating[False] Running[False] Stop[True]] 
1621096087700 [vx:0.0 vy:0.0 yaw:0.677779634917] 
1621096087777 [Update odom] 
1621096087803 [ROBOT STATUS: Rotating[False] Running[False] Stop[True]] 
1621096087804 [vx:0.0 vy:0.0 yaw:0.688331924852] 
1621096087877 [Update odom] 
1621096087910 [ROBOT STATUS: Rotating[False] Running[False] Stop[True]] 
1621096087910 [vx:0.0 vy:0.0 yaw:0.704254079217] 
1621096087977 [Update odom] 
1621096088014 [ROBOT STATUS: Rotating[False] Running[False] Stop[True]] 
1621096088014 [vx:0.0 vy:0.0 yaw:0.702764511965] 
1621096088077 [Update odom] 
1621096088119 [ROBOT STATUS: Rotating[False] Running[False] Stop[True]] 
1621096088119 [vx:0.0 vy:0.0 yaw:0.698978817687] 
1621096088177 [Update odom] 
1621096088210 [ROBOT STATUS: Rotating[False] Running[False] Stop[True]] 
1621096088210 [vx:0.0 vy:0.0 yaw:0.704548743601] 
1621096088277 [Update odom] 
1621096088315 [ROBOT STATUS: Rotating[False] Running[False] Stop[True]] 
1621096088315 [vx:0.0 vy:0.0 yaw:0.705305060571] 
1621096088377 [Update odom] 
1621096088418 [ROBOT STATUS: Rotating[False] Running[False] Stop[True]] 
1621096088418 [vx:0.0 vy:0.0 yaw:0.712328682896] 
1621096088477 [Update odom] 
1621096088503 [ROBOT STATUS: Rotating[False] Running[False] Stop[True]] 
1621096088503 [vx:0.0 vy:0.0 yaw:0.713861208446] 
1621096088577 [Update odom] 
1621096088601 [ROBOT STATUS: Rotating[False] Running[False] Stop[True]] 
1621096088601 [vx:0.0 vy:0.0 yaw:0.718198540725] 
1621096088678 [Update odom] 
1621096088704 [ROBOT STATUS: Rotating[False] Running[False] Stop[True]] 
1621096088704 [vx:0.0 vy:0.0 yaw:0.703566903422] 
1621096088777 [Update odom] 
1621096088814 [ROBOT STATUS: Rotating[False] Running[False] Stop[True]] 
1621096088814 [vx:0.0 vy:0.0 yaw:0.702984675044] 
1621096088877 [Update odom] 
1621096088899 [ROBOT STATUS: Rotating[False] Running[False] Stop[True]] 
1621096088900 [vx:0.0 vy:0.0 yaw:0.695819700636] 
1621096088977 [Update odom] 
1621096089025 [ROBOT STATUS: Rotating[False] Running[False] Stop[True]] 
1621096089025 [vx:0.0 vy:0.0 yaw:0.687478062285] 
1621096089077 [Update odom] 
1621096089124 [ROBOT STATUS: Rotating[False] Running[False] Stop[True]] 
1621096089124 [vx:0.0 vy:0.0 yaw:0.702432393373] 
1621096089177 [Update odom] 
1621096089202 [ROBOT STATUS: Rotating[False] Running[False] Stop[True]] 
1621096089203 [vx:0.0 vy:0.0 yaw:0.691489604869] 
1621096089277 [Update odom] 
1621096089305 [ROBOT STATUS: Rotating[False] Running[False] Stop[True]] 
1621096089305 [vx:0.0 vy:0.0 yaw:0.685885758891] 
1621096089380 [Update odom] 
1621096089422 [ROBOT STATUS: Rotating[False] Running[False] Stop[True]] 
1621096089423 [vx:0.0 vy:0.0 yaw:0.694039906159] 
1621096089477 [Update odom] 
1621096089507 [ROBOT STATUS: Rotating[False] Running[False] Stop[True]] 
1621096089507 [vx:0.0 vy:0.0 yaw:0.706659236384] 
1621096089581 [Update odom] 
1621096089611 [ROBOT STATUS: Rotating[False] Running[False] Stop[True]] 
1621096089611 [vx:0.0 vy:0.0 yaw:0.709031947744] 
1621096089678 [Update odom] 
1621096089705 [ROBOT STATUS: Rotating[False] Running[False] Stop[True]] 
1621096089705 [vx:0.0 vy:0.0 yaw:0.71748621594] 
1621096089777 [Update odom] 
1621096089806 [ROBOT STATUS: Rotating[False] Running[False] Stop[True]] 
1621096089806 [vx:0.0 vy:0.0 yaw:0.724453974665] 
1621096089877 [Update odom] 
1621096089904 [ROBOT STATUS: Rotating[False] Running[False] Stop[True]] 
1621096089904 [vx:0.0 vy:0.0 yaw:0.719025821806] 
1621096089978 [Update odom] 
1621096090021 [ROBOT STATUS: Rotating[False] Running[False] Stop[True]] 
1621096090021 [vx:0.0 vy:0.0 yaw:0.69960058121] 
1621096090077 [Update odom] 
1621096090101 [ROBOT STATUS: Rotating[False] Running[False] Stop[True]] 
1621096090101 [vx:0.0 vy:0.0 yaw:0.686479425536] 
1621096090179 [Update odom] 
1621096090207 [ROBOT STATUS: Rotating[False] Running[False] Stop[True]] 
1621096090207 [vx:0.0 vy:0.0 yaw:0.685210856261] 
1621096090277 [Update odom] 
1621096090316 [ROBOT STATUS: Rotating[False] Running[False] Stop[True]] 
1621096090316 [vx:0.0 vy:0.0 yaw:0.685666174932] 
1621096090377 [Update odom] 
1621096090404 [ROBOT STATUS: Rotating[False] Running[False] Stop[True]] 
1621096090404 [vx:0.0 vy:0.0 yaw:0.689168735259] 
1621096090477 [Update odom] 
1621096090511 [ROBOT STATUS: Rotating[False] Running[False] Stop[True]] 
1621096090511 [vx:0.0 vy:0.0 yaw:0.699018858456] 
1621096090577 [Update odom] 
1621096090628 [ROBOT STATUS: Rotating[False] Running[False] Stop[True]] 
1621096090628 [vx:0.0 vy:0.0 yaw:0.693161991129] 
1621096090677 [Update odom] 
1621096090711 [ROBOT STATUS: Rotating[False] Running[False] Stop[True]] 
1621096090711 [vx:0.0 vy:0.0 yaw:0.692573645198] 
1621096090777 [Update odom] 
1621096090815 [ROBOT STATUS: Rotating[False] Running[False] Stop[True]] 
1621096090815 [vx:0.0 vy:0.0 yaw:0.702396876099] 
1621096090877 [Update odom] 
1621096090905 [ROBOT STATUS: Rotating[False] Running[False] Stop[True]] 
1621096090905 [vx:0.0 vy:0.0 yaw:0.709830766777] 
1621096090977 [Update odom] 
1621096091007 [ROBOT STATUS: Rotating[False] Running[False] Stop[True]] 
1621096091007 [vx:0.0 vy:0.0 yaw:0.71229894571] 
1621096091077 [Update odom] 
1621096091118 [ROBOT STATUS: Rotating[False] Running[False] Stop[True]] 
1621096091118 [vx:0.0 vy:0.0 yaw:0.71316487904] 
1621096091177 [Update odom] 
1621096091215 [ROBOT STATUS: Rotating[False] Running[False] Stop[True]] 
1621096091215 [vx:0.0 vy:0.0 yaw:0.699600634153] 
1621096091277 [Update odom] 
1621096091306 [ROBOT STATUS: Rotating[False] Running[False] Stop[True]] 
1621096091306 [vx:0.0 vy:0.0 yaw:0.690352672046] 
1621096091377 [Update odom] 
1621096091429 [ROBOT STATUS: Rotating[False] Running[False] Stop[True]] 
1621096091429 [vx:0.0 vy:0.0 yaw:0.690132680264] 
1621096091477 [Update odom] 
1621096091505 [ROBOT STATUS: Rotating[False] Running[False] Stop[True]] 
1621096091506 [vx:0.0 vy:0.0 yaw:0.691734402092] 
1621096091577 [Update odom] 
1621096091606 [ROBOT STATUS: Rotating[False] Running[False] Stop[True]] 
1621096091606 [vx:0.0 vy:0.0 yaw:0.707412404822] 
1621096091679 [Update odom] 
1621096091717 [ROBOT STATUS: Rotating[False] Running[False] Stop[True]] 
1621096091717 [vx:0.0 vy:0.0 yaw:0.712732362739] 
1621096091778 [Update odom] 
1621096091800 [ROBOT STATUS: Rotating[False] Running[False] Stop[True]] 
1621096091800 [vx:0.0 vy:0.0 yaw:0.712318202452] 
1621096091877 [Update odom] 
1621096091908 [ROBOT STATUS: Rotating[False] Running[False] Stop[True]] 
1621096091908 [vx:0.0 vy:0.0 yaw:0.716584894483] 
1621096091977 [Update odom] 
1621096092005 [ROBOT STATUS: Rotating[False] Running[False] Stop[True]] 
1621096092005 [vx:0.0 vy:0.0 yaw:0.714637445395] 
1621096092077 [Update odom] 
1621096092100 [ROBOT STATUS: Rotating[False] Running[False] Stop[True]] 
1621096092100 [vx:0.0 vy:0.0 yaw:0.709395121116] 
1621096092177 [Update odom] 
1621096092218 [ROBOT STATUS: Rotating[False] Running[False] Stop[True]] 
1621096092218 [vx:0.0 vy:0.0 yaw:0.702296307915] 
1621096092277 [Update odom] 
1621096092323 [ROBOT STATUS: Rotating[False] Running[False] Stop[True]] 
1621096092323 [vx:0.0 vy:0.0 yaw:0.706377590295] 
1621096092377 [Update odom] 
1621096092406 [ROBOT STATUS: Rotating[False] Running[False] Stop[True]] 
1621096092407 [vx:0.0 vy:0.0 yaw:0.71428849809] 
1621096092477 [Update odom] 
1621096092522 [ROBOT STATUS: Rotating[False] Running[False] Stop[True]] 
1621096092522 [vx:0.0 vy:0.0 yaw:0.727795692668] 
1621096092577 [Update odom] 
1621096092632 [ROBOT STATUS: Rotating[False] Running[False] Stop[True]] 
1621096092632 [vx:0.0 vy:0.0 yaw:0.728605371951] 
1621096092677 [Update odom] 
1621096092700 [ROBOT STATUS: Rotating[False] Running[False] Stop[True]] 
1621096092700 [vx:0.0 vy:0.0 yaw:0.713507646696] 
1621096092777 [Update odom] 
1621096092804 [ROBOT STATUS: Rotating[False] Running[False] Stop[True]] 
1621096092804 [vx:0.0 vy:0.0 yaw:0.714282367337] 
1621096092877 [Update odom] 
1621096092901 [ROBOT STATUS: Rotating[False] Running[False] Stop[True]] 
1621096092901 [vx:0.0 vy:0.0 yaw:0.712705729329] 
1621096092977 [Update odom] 
1621096093010 [ROBOT STATUS: Rotating[False] Running[False] Stop[True]] 
1621096093010 [vx:0.0 vy:0.0 yaw:0.708772007871] 
1621096093077 [Update odom] 
1621096093112 [ROBOT STATUS: Rotating[False] Running[False] Stop[True]] 
1621096093112 [vx:0.0 vy:0.0 yaw:0.692132453646] 
1621096093177 [Update odom] 
1621096093201 [ROBOT STATUS: Rotating[False] Running[False] Stop[True]] 
1621096093201 [vx:0.0 vy:0.0 yaw:0.685306720137] 
1621096093277 [Update odom] 
1621096093320 [ROBOT STATUS: Rotating[False] Running[False] Stop[True]] 
1621096093320 [vx:0.0 vy:0.0 yaw:0.69424646968] 
1621096093377 [Update odom] 
1621096093430 [ROBOT STATUS: Rotating[False] Running[False] Stop[True]] 
1621096093430 [vx:0.0 vy:0.0 yaw:0.709452259699] 
1621096093477 [Update odom] 
1621096093501 [ROBOT STATUS: Rotating[False] Running[False] Stop[True]] 
1621096093501 [vx:0.0 vy:0.0 yaw:0.707306445139] 
1621096093577 [Update odom] 
1621096093619 [ROBOT STATUS: Rotating[False] Running[False] Stop[True]] 
1621096093619 [vx:0.0 vy:0.0 yaw:0.701284442369] 
1621096093677 [Update odom] 
1621096093730 [ROBOT STATUS: Rotating[False] Running[False] Stop[True]] 
1621096093730 [vx:0.0 vy:0.0 yaw:0.69857918762] 
1621096093777 [Update odom] 
1621096093801 [ROBOT STATUS: Rotating[False] Running[False] Stop[True]] 
1621096093801 [vx:0.0 vy:0.0 yaw:0.700613531217] 
1621096093877 [Update odom] 
1621096093909 [ROBOT STATUS: Rotating[False] Running[False] Stop[True]] 
1621096093909 [vx:0.0 vy:0.0 yaw:0.69452304289] 
1621096093977 [Update odom] 
1621096094000 [ROBOT STATUS: Rotating[False] Running[False] Stop[True]] 
1621096094000 [vx:0.0 vy:0.0 yaw:0.694593441533] 
1621096094077 [Update odom] 
1621096094118 [ROBOT STATUS: Rotating[False] Running[False] Stop[True]] 
1621096094118 [vx:0.0 vy:0.0 yaw:0.696321743043] 
1621096094177 [Update odom] 
1621096094212 [ROBOT STATUS: Rotating[False] Running[False] Stop[True]] 
1621096094212 [vx:0.0 vy:0.0 yaw:0.69609715386] 
1621096094277 [Update odom] 
1621096094293 [ROBOT STATUS: Rotating[False] Running[False] Stop[True]] 
1621096094293 [vx:0.0 vy:0.0 yaw:0.705957816853] 
1621096094377 [Update odom] 
1621096094412 [ROBOT STATUS: Rotating[False] Running[False] Stop[True]] 
1621096094412 [vx:0.0 vy:0.0 yaw:0.707207865138] 
1621096094477 [Update odom] 
1621096094505 [ROBOT STATUS: Rotating[False] Running[False] Stop[True]] 
1621096094505 [vx:0.0 vy:0.0 yaw:0.703751355504] 
1621096094577 [Update odom] 
1621096094609 [ROBOT STATUS: Rotating[False] Running[False] Stop[True]] 
1621096094609 [vx:0.0 vy:0.0 yaw:0.692696717285] 
1621096094677 [Update odom] 
1621096094706 [ROBOT STATUS: Rotating[False] Running[False] Stop[True]] 
1621096094706 [vx:0.0 vy:0.0 yaw:0.689484473974] 
1621096094777 [Update odom] 
1621096094824 [ROBOT STATUS: Rotating[False] Running[False] Stop[True]] 
1621096094824 [vx:0.0 vy:0.0 yaw:0.695953798908] 
1621096094877 [Update odom] 
1621096094907 [ROBOT STATUS: Rotating[False] Running[False] Stop[True]] 
1621096094907 [vx:0.0 vy:0.0 yaw:0.686318954445] 
1621096094977 [Update odom] 
1621096095011 [ROBOT STATUS: Rotating[False] Running[False] Stop[True]] 
1621096095011 [vx:0.0 vy:0.0 yaw:0.6916832877] 
1621096095077 [Update odom] 
1621096095101 [ROBOT STATUS: Rotating[False] Running[False] Stop[True]] 
1621096095102 [vx:0.0 vy:0.0 yaw:0.699329091754] 
1621096095177 [Update odom] 
1621096095207 [ROBOT STATUS: Rotating[False] Running[False] Stop[True]] 
1621096095207 [vx:0.0 vy:0.0 yaw:0.71484235134] 
1621096095278 [Update odom] 
1621096095300 [ROBOT STATUS: Rotating[False] Running[False] Stop[True]] 
1621096095300 [vx:0.0 vy:0.0 yaw:0.71854885556] 
1621096095380 [Update odom] 
1621096095408 [ROBOT STATUS: Rotating[False] Running[False] Stop[True]] 
1621096095408 [vx:0.0 vy:0.0 yaw:0.72408421365] 
1621096095478 [Update odom] 
1621096095506 [ROBOT STATUS: Rotating[False] Running[False] Stop[True]] 
1621096095506 [vx:0.0 vy:0.0 yaw:0.728690537973] 
1621096095577 [Update odom] 
1621096095617 [ROBOT STATUS: Rotating[False] Running[False] Stop[True]] 
1621096095617 [vx:0.0 vy:0.0 yaw:0.726176446898] 
1621096095677 [Update odom] 
1621096095712 [ROBOT STATUS: Rotating[False] Running[False] Stop[True]] 
1621096095712 [vx:0.0 vy:0.0 yaw:0.710332115422] 
1621096095777 [Update odom] 
1621096095813 [ROBOT STATUS: Rotating[False] Running[False] Stop[True]] 
1621096095813 [vx:0.0 vy:0.0 yaw:0.694786677071] 
1621096095877 [Update odom] 
1621096095901 [ROBOT STATUS: Rotating[False] Running[False] Stop[True]] 
1621096095901 [vx:0.0 vy:0.0 yaw:0.701213009704] 
1621096095978 [Update odom] 
1621096096003 [ROBOT STATUS: Rotating[False] Running[False] Stop[True]] 
1621096096003 [vx:0.0 vy:0.0 yaw:0.707530508298] 
1621096096077 [Update odom] 
1621096096127 [ROBOT STATUS: Rotating[False] Running[False] Stop[True]] 
1621096096127 [vx:0.0 vy:0.0 yaw:0.714251161115] 
1621096096177 [Update odom] 
1621096096200 [ROBOT STATUS: Rotating[False] Running[False] Stop[True]] 
1621096096200 [vx:0.0 vy:0.0 yaw:0.696731637723] 
1621096096277 [Update odom] 
1621096096317 [ROBOT STATUS: Rotating[False] Running[False] Stop[True]] 
1621096096317 [vx:0.0 vy:0.0 yaw:0.710411274751] 
1621096096377 [Update odom] 
1621096096404 [ROBOT STATUS: Rotating[False] Running[False] Stop[True]] 
1621096096405 [vx:0.0 vy:0.0 yaw:0.713396765962] 
1621096096477 [Update odom] 
1621096096514 [ROBOT STATUS: Rotating[False] Running[False] Stop[True]] 
1621096096514 [vx:0.0 vy:0.0 yaw:0.713331079198] 
1621096096577 [Update odom] 
1621096096609 [ROBOT STATUS: Rotating[False] Running[False] Stop[True]] 
1621096096609 [vx:0.0 vy:0.0 yaw:0.713763189482] 
1621096096677 [Update odom] 
1621096096701 [ROBOT STATUS: Rotating[False] Running[False] Stop[True]] 
1621096096701 [vx:0.0 vy:0.0 yaw:0.71247952145] 
1621096096777 [Update odom] 
1621096096809 [ROBOT STATUS: Rotating[False] Running[False] Stop[True]] 
1621096096809 [vx:0.0 vy:0.0 yaw:0.712391414506] 
1621096096877 [Update odom] 
1621096096902 [ROBOT STATUS: Rotating[False] Running[False] Stop[True]] 
1621096096902 [vx:0.0 vy:0.0 yaw:0.721986991471] 
1621096096977 [Update odom] 
1621096097031 [ROBOT STATUS: Rotating[False] Running[False] Stop[True]] 
1621096097031 [vx:0.0 vy:0.0 yaw:0.718751618942] 
1621096097077 [Update odom] 
1621096097113 [ROBOT STATUS: Rotating[False] Running[False] Stop[True]] 
1621096097114 [vx:0.0 vy:0.0 yaw:0.710588277941] 
1621096097177 [Update odom] 
1621096097218 [ROBOT STATUS: Rotating[False] Running[False] Stop[True]] 
1621096097218 [vx:0.0 vy:0.0 yaw:0.694715886666] 
1621096097277 [Update odom] 
1621096097323 [ROBOT STATUS: Rotating[False] Running[False] Stop[True]] 
1621096097323 [vx:0.0 vy:0.0 yaw:0.702953064047] 
1621096097379 [Update odom] 
1621096097418 [ROBOT STATUS: Rotating[False] Running[False] Stop[True]] 
1621096097418 [vx:0.0 vy:0.0 yaw:0.70095792707] 
1621096097477 [Update odom] 
1621096097510 [ROBOT STATUS: Rotating[False] Running[False] Stop[True]] 
1621096097510 [vx:0.0 vy:0.0 yaw:0.706266968267] 
1621096097577 [Update odom] 
1621096097612 [ROBOT STATUS: Rotating[False] Running[False] Stop[True]] 
1621096097612 [vx:0.0 vy:0.0 yaw:0.716513218078] 
1621096097677 [Update odom] 
1621096097728 [ROBOT STATUS: Rotating[False] Running[False] Stop[True]] 
1621096097728 [vx:0.0 vy:0.0 yaw:0.708477781866] 
1621096097777 [Update odom] 
1621096097808 [ROBOT STATUS: Rotating[False] Running[False] Stop[True]] 
1621096097808 [vx:0.0 vy:0.0 yaw:0.71015227134] 
1621096097877 [Update odom] 
1621096097904 [ROBOT STATUS: Rotating[False] Running[False] Stop[True]] 
1621096097905 [vx:0.0 vy:0.0 yaw:0.697093569692] 
1621096097977 [Update odom] 
1621096098012 [ROBOT STATUS: Rotating[False] Running[False] Stop[True]] 
1621096098012 [vx:0.0 vy:0.0 yaw:0.680651660402] 
1621096098077 [Update odom] 
1621096098119 [ROBOT STATUS: Rotating[False] Running[False] Stop[True]] 
1621096098119 [vx:0.0 vy:0.0 yaw:0.676327963744] 
1621096098177 [Update odom] 
1621096098204 [ROBOT STATUS: Rotating[False] Running[False] Stop[True]] 
1621096098204 [vx:0.0 vy:0.0 yaw:0.679852688126] 
1621096098277 [Update odom] 
1621096098315 [ROBOT STATUS: Rotating[False] Running[False] Stop[True]] 
1621096098315 [vx:0.0 vy:0.0 yaw:0.694782669626] 
1621096098377 [Update odom] 
1621096098411 [ROBOT STATUS: Rotating[False] Running[False] Stop[True]] 
1621096098411 [vx:0.0 vy:0.0 yaw:0.704463334404] 
1621096098478 [Update odom] 
1621096098501 [ROBOT STATUS: Rotating[False] Running[False] Stop[True]] 
1621096098501 [vx:0.0 vy:0.0 yaw:0.716373914982] 
1621096098577 [Update odom] 
1621096098610 [ROBOT STATUS: Rotating[False] Running[False] Stop[True]] 
1621096098610 [vx:0.0 vy:0.0 yaw:0.720629031116] 
1621096098677 [Update odom] 
1621096098710 [ROBOT STATUS: Rotating[False] Running[False] Stop[True]] 
1621096098710 [vx:0.0 vy:0.0 yaw:0.710708178591] 
1621096098777 [Update odom] 
1621096098811 [ROBOT STATUS: Rotating[False] Running[False] Stop[True]] 
1621096098812 [vx:0.0 vy:0.0 yaw:0.695575590672] 
1621096098877 [Update odom] 
1621096098909 [ROBOT STATUS: Rotating[False] Running[False] Stop[True]] 
1621096098909 [vx:0.0 vy:0.0 yaw:0.690002330266] 
1621096098977 [Update odom] 
1621096099016 [ROBOT STATUS: Rotating[False] Running[False] Stop[True]] 
1621096099016 [vx:0.0 vy:0.0 yaw:0.696165668989] 
1621096099078 [Update odom] 
1621096099107 [ROBOT STATUS: Rotating[False] Running[False] Stop[True]] 
1621096099107 [vx:0.0 vy:0.0 yaw:0.700670543657] 
1621096099177 [Update odom] 
1621096099209 [ROBOT STATUS: Rotating[False] Running[False] Stop[True]] 
1621096099209 [vx:0.0 vy:0.0 yaw:0.699123139065] 
1621096099277 [Update odom] 
1621096099319 [ROBOT STATUS: Rotating[False] Running[False] Stop[True]] 
1621096099319 [vx:0.0 vy:0.0 yaw:0.694438789009] 
1621096099377 [Update odom] 
1621096099424 [ROBOT STATUS: Rotating[False] Running[False] Stop[True]] 
1621096099424 [vx:0.0 vy:0.0 yaw:0.685438296751] 
1621096099480 [Update odom] 
1621096099518 [ROBOT STATUS: Rotating[False] Running[False] Stop[True]] 
1621096099518 [vx:0.0 vy:0.0 yaw:0.683768188015] 
1621096099577 [Update odom] 
1621096099609 [ROBOT STATUS: Rotating[False] Running[False] Stop[True]] 
1621096099609 [vx:0.0 vy:0.0 yaw:0.688674775657] 
1621096099677 [Update odom] 
1621096099699 [ROBOT STATUS: Rotating[False] Running[False] Stop[True]] 
1621096099699 [vx:0.0 vy:0.0 yaw:0.702885082867] 
1621096099777 [Update odom] 
1621096099801 [ROBOT STATUS: Rotating[False] Running[False] Stop[True]] 
1621096099801 [vx:0.0 vy:0.0 yaw:0.709678383733] 
1621096099877 [Update odom] 
1621096099913 [ROBOT STATUS: Rotating[False] Running[False] Stop[True]] 
1621096099913 [vx:0.0 vy:0.0 yaw:0.71955749073] 
1621096099977 [Update odom] 
1621096100000 [ROBOT STATUS: Rotating[False] Running[False] Stop[True]] 
1621096100000 [vx:0.0 vy:0.0 yaw:0.714750110854] 
1621096100077 [Update odom] 
1621096100100 [ROBOT STATUS: Rotating[False] Running[False] Stop[True]] 
1621096100100 [vx:0.0 vy:0.0 yaw:0.709799548554] 
1621096100177 [Update odom] 
1621096100204 [ROBOT STATUS: Rotating[False] Running[False] Stop[True]] 
1621096100204 [vx:0.0 vy:0.0 yaw:0.707099656655] 
1621096100279 [Update odom] 
1621096100301 [ROBOT STATUS: Rotating[False] Running[False] Stop[True]] 
1621096100301 [vx:0.0 vy:0.0 yaw:0.708306939764] 
1621096100377 [Update odom] 
1621096100405 [ROBOT STATUS: Rotating[False] Running[False] Stop[True]] 
1621096100405 [vx:0.0 vy:0.0 yaw:0.695717957862] 
1621096100477 [Update odom] 
1621096100500 [ROBOT STATUS: Rotating[False] Running[False] Stop[True]] 
1621096100500 [vx:0.0 vy:0.0 yaw:0.695057812909] 
1621096100577 [Update odom] 
1621096100604 [ROBOT STATUS: Rotating[False] Running[False] Stop[True]] 
1621096100604 [vx:0.0 vy:0.0 yaw:0.710038330934] 
1621096100677 [Update odom] 
1621096100711 [ROBOT STATUS: Rotating[False] Running[False] Stop[True]] 
1621096100711 [vx:0.0 vy:0.0 yaw:0.713260510078] 
1621096100777 [Update odom] 
1621096100855 [ROBOT STATUS: Rotating[False] Running[False] Stop[True]] 
1621096100855 [vx:0.0 vy:0.0 yaw:0.69896055008] 
