1621075748370 [Opening serial port: /dev/ttyTHS1.] 
1621075748696 [The robot is connected to ] [/dev/ttyTHS1] 
1621075748696 [Initial robot's topic...] 
1621075748701 [Start initializing navigation] 
1621075748701 [Start initializing navigation topic] 
1621075748763 [Initialization navigation topic finished] 
1621075748769 [Initialization navigation finished] 
1621075748793 [Update odom] 
1621075748793 [ROBOT STATUS: Rotating[False] Running[False] Stop[True]] 
1621075748793 [delta_X:0 delta_y:0 status:True] 
1621075748815 [Update odom] 
1621075748815 [ROBOT STATUS: Rotating[False] Running[False] Stop[True]] 
1621075748815 [delta_X:0 delta_y:0 status:True] 
1621075748833 [Update odom] 
1621075748833 [ROBOT STATUS: Rotating[False] Running[False] Stop[True]] 
1621075748833 [delta_X:0 delta_y:0 status:True] 
1621075748853 [Update odom] 
1621075748855 [ROBOT STATUS: Rotating[False] Running[False] Stop[True]] 
1621075748855 [delta_X:0 delta_y:0 status:True] 
1621075748874 [Update odom] 
1621075748875 [ROBOT STATUS: Rotating[False] Running[False] Stop[True]] 
1621075748875 [delta_X:0 delta_y:0 status:True] 
1621075748894 [Update odom] 
1621075748894 [ROBOT STATUS: Rotating[False] Running[False] Stop[True]] 
1621075748894 [delta_X:0 delta_y:0 status:True] 
1621075748914 [Update odom] 
1621075748914 [ROBOT STATUS: Rotating[False] Running[False] Stop[True]] 
1621075748914 [delta_X:0 delta_y:0 status:True] 
1621075748934 [Update odom] 
1621075748934 [ROBOT STATUS: Rotating[False] Running[False] Stop[True]] 
1621075748934 [delta_X:0 delta_y:0 status:True] 
1621075748956 [Update odom] 
1621075748956 [ROBOT STATUS: Rotating[False] Running[False] Stop[True]] 
1621075748956 [delta_X:0 delta_y:0 status:True] 
1621075748973 [Update odom] 
1621075748973 [ROBOT STATUS: Rotating[False] Running[False] Stop[True]] 
1621075748973 [delta_X:0 delta_y:0 status:True] 
1621075748993 [Update odom] 
1621075748993 [ROBOT STATUS: Rotating[False] Running[False] Stop[True]] 
1621075748993 [delta_X:0 delta_y:0 status:True] 
1621075749013 [Update odom] 
1621075749013 [ROBOT STATUS: Rotating[False] Running[False] Stop[True]] 
1621075749013 [delta_X:0 delta_y:0 status:True] 
1621075749033 [Update odom] 
1621075749033 [ROBOT STATUS: Rotating[False] Running[False] Stop[True]] 
1621075749033 [delta_X:0 delta_y:0 status:True] 
1621075749060 [Update odom] 
1621075749060 [ROBOT STATUS: Rotating[False] Running[False] Stop[True]] 
1621075749060 [delta_X:0 delta_y:0 status:True] 
1621075749073 [Update odom] 
1621075749074 [ROBOT STATUS: Rotating[False] Running[False] Stop[True]] 
1621075749074 [delta_X:0 delta_y:0 status:True] 
1621075749093 [Update odom] 
1621075749093 [ROBOT STATUS: Rotating[False] Running[False] Stop[True]] 
1621075749093 [delta_X:0 delta_y:0 status:True] 
1621075749113 [Update odom] 
1621075749113 [ROBOT STATUS: Rotating[False] Running[False] Stop[True]] 
1621075749113 [delta_X:0 delta_y:0 status:True] 
1621075749133 [Update odom] 
1621075749133 [ROBOT STATUS: Rotating[False] Running[False] Stop[True]] 
1621075749133 [delta_X:0 delta_y:0 status:True] 
1621075749153 [Update odom] 
1621075749153 [ROBOT STATUS: Rotating[False] Running[False] Stop[True]] 
1621075749153 [delta_X:0 delta_y:0 status:True] 
1621075749173 [Update odom] 
1621075749173 [ROBOT STATUS: Rotating[False] Running[False] Stop[True]] 
1621075749173 [delta_X:0 delta_y:0 status:True] 
1621075749195 [Update odom] 
1621075749195 [ROBOT STATUS: Rotating[False] Running[False] Stop[True]] 
1621075749195 [delta_X:0 delta_y:0 status:True] 
1621075749213 [Update odom] 
1621075749213 [ROBOT STATUS: Rotating[False] Running[False] Stop[True]] 
1621075749213 [delta_X:0 delta_y:0 status:True] 
1621075749233 [Update odom] 
1621075749233 [ROBOT STATUS: Rotating[False] Running[False] Stop[True]] 
1621075749233 [delta_X:0 delta_y:0 status:True] 
1621075749253 [Update odom] 
1621075749253 [ROBOT STATUS: Rotating[False] Running[False] Stop[True]] 
1621075749253 [delta_X:0 delta_y:0 status:True] 
1621075749273 [Update odom] 
1621075749273 [ROBOT STATUS: Rotating[False] Running[False] Stop[True]] 
1621075749273 [delta_X:0 delta_y:0 status:True] 
1621075749293 [Update odom] 
1621075749293 [ROBOT STATUS: Rotating[False] Running[False] Stop[True]] 
1621075749293 [delta_X:0 delta_y:0 status:True] 
1621075749313 [Update odom] 
1621075749313 [ROBOT STATUS: Rotating[False] Running[False] Stop[True]] 
1621075749313 [delta_X:0 delta_y:0 status:True] 
1621075749333 [Update odom] 
1621075749333 [ROBOT STATUS: Rotating[False] Running[False] Stop[True]] 
1621075749333 [delta_X:0 delta_y:0 status:True] 
1621075749353 [Update odom] 
1621075749353 [ROBOT STATUS: Rotating[False] Running[False] Stop[True]] 
1621075749353 [delta_X:0 delta_y:0 status:True] 
1621075749374 [Update odom] 
1621075749374 [ROBOT STATUS: Rotating[False] Running[False] Stop[True]] 
1621075749374 [delta_X:0 delta_y:0 status:True] 
1621075749401 [Update odom] 
1621075749401 [ROBOT STATUS: Rotating[False] Running[False] Stop[True]] 
1621075749402 [delta_X:0 delta_y:0 status:True] 
1621075749417 [Update odom] 
1621075749417 [ROBOT STATUS: Rotating[False] Running[False] Stop[True]] 
1621075749417 [delta_X:0 delta_y:0 status:True] 
1621075749433 [Update odom] 
1621075749433 [ROBOT STATUS: Rotating[False] Running[False] Stop[True]] 
1621075749433 [delta_X:0 delta_y:0 status:True] 
1621075749453 [Update odom] 
1621075749453 [ROBOT STATUS: Rotating[False] Running[False] Stop[True]] 
1621075749454 [delta_X:0 delta_y:0 status:True] 
1621075749474 [Update odom] 
1621075749474 [ROBOT STATUS: Rotating[False] Running[False] Stop[True]] 
1621075749474 [delta_X:0 delta_y:0 status:True] 
1621075749496 [Update odom] 
1621075749496 [ROBOT STATUS: Rotating[False] Running[False] Stop[True]] 
1621075749497 [delta_X:0 delta_y:0 status:True] 
1621075749513 [Update odom] 
1621075749513 [ROBOT STATUS: Rotating[False] Running[False] Stop[True]] 
1621075749513 [delta_X:0 delta_y:0 status:True] 
1621075749536 [Update odom] 
1621075749536 [ROBOT STATUS: Rotating[False] Running[False] Stop[True]] 
1621075749537 [delta_X:0 delta_y:0 status:True] 
1621075749554 [Update odom] 
1621075749554 [ROBOT STATUS: Rotating[False] Running[False] Stop[True]] 
1621075749554 [delta_X:0 delta_y:0 status:True] 
1621075749573 [Update odom] 
1621075749573 [ROBOT STATUS: Rotating[False] Running[False] Stop[True]] 
1621075749573 [delta_X:0 delta_y:0 status:True] 
1621075749593 [Update odom] 
1621075749593 [ROBOT STATUS: Rotating[False] Running[False] Stop[True]] 
1621075749593 [delta_X:0 delta_y:0 status:True] 
1621075749613 [Update odom] 
1621075749613 [ROBOT STATUS: Rotating[False] Running[False] Stop[True]] 
1621075749613 [delta_X:0 delta_y:0 status:True] 
1621075749633 [Update odom] 
1621075749633 [ROBOT STATUS: Rotating[False] Running[False] Stop[True]] 
1621075749633 [delta_X:0 delta_y:0 status:True] 
1621075749653 [Update odom] 
1621075749653 [ROBOT STATUS: Rotating[False] Running[False] Stop[True]] 
1621075749653 [delta_X:0 delta_y:0 status:True] 
1621075749673 [Update odom] 
1621075749673 [ROBOT STATUS: Rotating[False] Running[False] Stop[True]] 
1621075749673 [delta_X:0 delta_y:0 status:True] 
1621075749693 [Update odom] 
1621075749694 [ROBOT STATUS: Rotating[False] Running[False] Stop[True]] 
1621075749694 [delta_X:0 delta_y:0 status:True] 
1621075749713 [Update odom] 
1621075749713 [ROBOT STATUS: Rotating[False] Running[False] Stop[True]] 
1621075749713 [delta_X:0 delta_y:0 status:True] 
1621075749740 [Update odom] 
1621075749740 [ROBOT STATUS: Rotating[False] Running[False] Stop[True]] 
1621075749740 [delta_X:0 delta_y:0 status:True] 
1621075749753 [Update odom] 
1621075749753 [ROBOT STATUS: Rotating[False] Running[False] Stop[True]] 
1621075749753 [delta_X:0 delta_y:0 status:True] 
1621075749773 [Update odom] 
1621075749773 [ROBOT STATUS: Rotating[False] Running[False] Stop[True]] 
1621075749773 [delta_X:0 delta_y:0 status:True] 
1621075749793 [Update odom] 
1621075749793 [ROBOT STATUS: Rotating[False] Running[False] Stop[True]] 
1621075749793 [delta_X:0 delta_y:0 status:True] 
1621075749813 [Update odom] 
1621075749813 [ROBOT STATUS: Rotating[False] Running[False] Stop[True]] 
1621075749813 [delta_X:0 delta_y:0 status:True] 
1621075749834 [Update odom] 
1621075749834 [ROBOT STATUS: Rotating[False] Running[False] Stop[True]] 
1621075749834 [delta_X:0 delta_y:0 status:True] 
1621075749853 [Update odom] 
1621075749853 [ROBOT STATUS: Rotating[False] Running[False] Stop[True]] 
1621075749853 [delta_X:0 delta_y:0 status:True] 
1621075749880 [Update odom] 
1621075749880 [ROBOT STATUS: Rotating[False] Running[False] Stop[True]] 
1621075749881 [delta_X:0 delta_y:0 status:True] 
1621075749898 [Update odom] 
1621075749898 [ROBOT STATUS: Rotating[False] Running[False] Stop[True]] 
1621075749898 [delta_X:0 delta_y:0 status:True] 
1621075749913 [Update odom] 
1621075749913 [ROBOT STATUS: Rotating[False] Running[False] Stop[True]] 
1621075749913 [delta_X:0 delta_y:0 status:True] 
1621075749933 [Update odom] 
1621075749933 [ROBOT STATUS: Rotating[False] Running[False] Stop[True]] 
1621075749933 [delta_X:0 delta_y:0 status:True] 
1621075749953 [Update odom] 
1621075749953 [ROBOT STATUS: Rotating[False] Running[False] Stop[True]] 
1621075749953 [delta_X:0 delta_y:0 status:True] 
1621075749973 [Update odom] 
1621075749973 [ROBOT STATUS: Rotating[False] Running[False] Stop[True]] 
1621075749973 [delta_X:0 delta_y:0 status:True] 
1621075749993 [Update odom] 
1621075749993 [ROBOT STATUS: Rotating[False] Running[False] Stop[True]] 
1621075749993 [delta_X:0 delta_y:0 status:True] 
1621075750013 [Update odom] 
1621075750013 [ROBOT STATUS: Rotating[False] Running[False] Stop[True]] 
1621075750013 [delta_X:0 delta_y:0 status:True] 
1621075750033 [Update odom] 
1621075750033 [ROBOT STATUS: Rotating[False] Running[False] Stop[True]] 
1621075750033 [delta_X:0 delta_y:0 status:True] 
1621075750053 [Update odom] 
1621075750053 [ROBOT STATUS: Rotating[False] Running[False] Stop[True]] 
1621075750053 [delta_X:0 delta_y:0 status:True] 
1621075750073 [Update odom] 
1621075750073 [ROBOT STATUS: Rotating[False] Running[False] Stop[True]] 
1621075750073 [delta_X:0 delta_y:0 status:True] 
1621075750093 [Update odom] 
1621075750093 [ROBOT STATUS: Rotating[False] Running[False] Stop[True]] 
1621075750093 [delta_X:0 delta_y:0 status:True] 
1621075750115 [Update odom] 
1621075750115 [ROBOT STATUS: Rotating[False] Running[False] Stop[True]] 
1621075750115 [delta_X:0 delta_y:0 status:True] 
1621075750135 [Update odom] 
1621075750135 [ROBOT STATUS: Rotating[False] Running[False] Stop[True]] 
1621075750135 [delta_X:0 delta_y:0 status:True] 
1621075750153 [Update odom] 
1621075750153 [ROBOT STATUS: Rotating[False] Running[False] Stop[True]] 
1621075750153 [delta_X:0 delta_y:0 status:True] 
1621075750173 [Update odom] 
1621075750173 [ROBOT STATUS: Rotating[False] Running[False] Stop[True]] 
1621075750173 [delta_X:0 delta_y:0 status:True] 
1621075750200 [Update odom] 
1621075750201 [ROBOT STATUS: Rotating[False] Running[False] Stop[True]] 
1621075750201 [delta_X:0 delta_y:0 status:True] 
1621075750216 [Update odom] 
1621075750216 [ROBOT STATUS: Rotating[False] Running[False] Stop[True]] 
1621075750216 [delta_X:0 delta_y:0 status:True] 
1621075750233 [Update odom] 
1621075750233 [ROBOT STATUS: Rotating[False] Running[False] Stop[True]] 
1621075750233 [delta_X:0 delta_y:0 status:True] 
1621075750256 [Update odom] 
1621075750261 [ROBOT STATUS: Rotating[False] Running[False] Stop[True]] 
1621075750261 [delta_X:0 delta_y:0 status:True] 
1621075750273 [Update odom] 
1621075750273 [ROBOT STATUS: Rotating[False] Running[False] Stop[True]] 
1621075750273 [delta_X:0 delta_y:0 status:True] 
1621075750298 [Update odom] 
1621075750299 [ROBOT STATUS: Rotating[False] Running[False] Stop[True]] 
1621075750299 [delta_X:0 delta_y:0 status:True] 
1621075750314 [Update odom] 
1621075750314 [ROBOT STATUS: Rotating[False] Running[False] Stop[True]] 
1621075750314 [delta_X:0 delta_y:0 status:True] 
1621075750333 [Update odom] 
1621075750333 [ROBOT STATUS: Rotating[False] Running[False] Stop[True]] 
1621075750333 [delta_X:0 delta_y:0 status:True] 
1621075750354 [Update odom] 
1621075750354 [ROBOT STATUS: Rotating[False] Running[False] Stop[True]] 
1621075750354 [delta_X:0 delta_y:0 status:True] 
1621075750373 [Update odom] 
1621075750373 [ROBOT STATUS: Rotating[False] Running[False] Stop[True]] 
1621075750373 [delta_X:0 delta_y:0 status:True] 
1621075750393 [Update odom] 
1621075750393 [ROBOT STATUS: Rotating[False] Running[False] Stop[True]] 
1621075750393 [delta_X:0 delta_y:0 status:True] 
1621075750414 [Update odom] 
1621075750414 [ROBOT STATUS: Rotating[False] Running[False] Stop[True]] 
1621075750414 [delta_X:0 delta_y:0 status:True] 
1621075750434 [Update odom] 
1621075750434 [ROBOT STATUS: Rotating[False] Running[False] Stop[True]] 
1621075750434 [delta_X:0 delta_y:0 status:True] 
1621075750453 [Update odom] 
1621075750453 [ROBOT STATUS: Rotating[False] Running[False] Stop[True]] 
1621075750453 [delta_X:0 delta_y:0 status:True] 
1621075750479 [Update odom] 
1621075750479 [ROBOT STATUS: Rotating[False] Running[False] Stop[True]] 
1621075750479 [delta_X:0 delta_y:0 status:True] 
1621075750493 [Update odom] 
1621075750493 [ROBOT STATUS: Rotating[False] Running[False] Stop[True]] 
1621075750494 [delta_X:0 delta_y:0 status:True] 
1621075750513 [Update odom] 
1621075750513 [ROBOT STATUS: Rotating[False] Running[False] Stop[True]] 
1621075750513 [delta_X:0 delta_y:0 status:True] 
1621075750538 [Update odom] 
1621075750538 [ROBOT STATUS: Rotating[False] Running[False] Stop[True]] 
1621075750538 [delta_X:0 delta_y:0 status:True] 
1621075750553 [Update odom] 
1621075750553 [ROBOT STATUS: Rotating[False] Running[False] Stop[True]] 
1621075750553 [delta_X:0 delta_y:0 status:True] 
1621075750573 [Update odom] 
1621075750573 [ROBOT STATUS: Rotating[False] Running[False] Stop[True]] 
1621075750573 [delta_X:0 delta_y:0 status:True] 
1621075750593 [Update odom] 
1621075750593 [ROBOT STATUS: Rotating[False] Running[False] Stop[True]] 
1621075750593 [delta_X:0 delta_y:0 status:True] 
1621075750613 [Update odom] 
1621075750613 [ROBOT STATUS: Rotating[False] Running[False] Stop[True]] 
1621075750613 [delta_X:0 delta_y:0 status:True] 
1621075750633 [Update odom] 
1621075750633 [ROBOT STATUS: Rotating[False] Running[False] Stop[True]] 
1621075750633 [delta_X:0 delta_y:0 status:True] 
1621075750653 [Update odom] 
1621075750653 [ROBOT STATUS: Rotating[False] Running[False] Stop[True]] 
1621075750653 [delta_X:0 delta_y:0 status:True] 
1621075750673 [Update odom] 
1621075750673 [ROBOT STATUS: Rotating[False] Running[False] Stop[True]] 
1621075750673 [delta_X:0 delta_y:0 status:True] 
1621075750694 [Update odom] 
1621075750694 [ROBOT STATUS: Rotating[False] Running[False] Stop[True]] 
1621075750694 [delta_X:0 delta_y:0 status:True] 
1621075750713 [Update odom] 
1621075750713 [ROBOT STATUS: Rotating[False] Running[False] Stop[True]] 
1621075750713 [delta_X:0 delta_y:0 status:True] 
1621075750733 [Update odom] 
1621075750733 [ROBOT STATUS: Rotating[False] Running[False] Stop[True]] 
1621075750733 [delta_X:0 delta_y:0 status:True] 
1621075750753 [Update odom] 
1621075750753 [ROBOT STATUS: Rotating[False] Running[False] Stop[True]] 
1621075750753 [delta_X:0 delta_y:0 status:True] 
1621075750773 [Update odom] 
1621075750773 [ROBOT STATUS: Rotating[False] Running[False] Stop[True]] 
1621075750773 [delta_X:0 delta_y:0 status:True] 
1621075750793 [Update odom] 
1621075750793 [ROBOT STATUS: Rotating[False] Running[False] Stop[True]] 
1621075750793 [delta_X:0 delta_y:0 status:True] 
1621075750813 [Update odom] 
1621075750819 [ROBOT STATUS: Rotating[False] Running[False] Stop[True]] 
1621075750820 [delta_X:0 delta_y:0 status:True] 
1621075750833 [Update odom] 
1621075750833 [ROBOT STATUS: Rotating[False] Running[False] Stop[True]] 
1621075750833 [delta_X:0 delta_y:0 status:True] 
1621075750853 [Update odom] 
1621075750853 [ROBOT STATUS: Rotating[False] Running[False] Stop[True]] 
1621075750853 [delta_X:0 delta_y:0 status:True] 
1621075750873 [Update odom] 
1621075750873 [ROBOT STATUS: Rotating[False] Running[False] Stop[True]] 
1621075750873 [delta_X:0 delta_y:0 status:True] 
1621075750893 [Update odom] 
1621075750893 [ROBOT STATUS: Rotating[False] Running[False] Stop[True]] 
1621075750893 [delta_X:0 delta_y:0 status:True] 
1621075750913 [Update odom] 
1621075750913 [ROBOT STATUS: Rotating[False] Running[False] Stop[True]] 
1621075750913 [delta_X:0 delta_y:0 status:True] 
1621075750933 [Update odom] 
1621075750933 [ROBOT STATUS: Rotating[False] Running[False] Stop[True]] 
1621075750934 [delta_X:0 delta_y:0 status:True] 
1621075750953 [Update odom] 
1621075750953 [ROBOT STATUS: Rotating[False] Running[False] Stop[True]] 
1621075750953 [delta_X:0 delta_y:0 status:True] 
1621075750979 [Update odom] 
1621075750980 [ROBOT STATUS: Rotating[False] Running[False] Stop[True]] 
1621075750980 [delta_X:0 delta_y:0 status:True] 
1621075750993 [Update odom] 
1621075750994 [ROBOT STATUS: Rotating[False] Running[False] Stop[True]] 
1621075750994 [delta_X:0 delta_y:0 status:True] 
1621075751013 [Update odom] 
1621075751013 [ROBOT STATUS: Rotating[False] Running[False] Stop[True]] 
1621075751014 [delta_X:0 delta_y:0 status:True] 
1621075751040 [Update odom] 
1621075751040 [ROBOT STATUS: Rotating[False] Running[False] Stop[True]] 
1621075751040 [delta_X:0 delta_y:0 status:True] 
1621075751053 [Update odom] 
1621075751053 [ROBOT STATUS: Rotating[False] Running[False] Stop[True]] 
1621075751054 [delta_X:0 delta_y:0 status:True] 
1621075751073 [Update odom] 
1621075751073 [ROBOT STATUS: Rotating[False] Running[False] Stop[True]] 
1621075751073 [delta_X:0 delta_y:0 status:True] 
1621075751093 [Update odom] 
1621075751093 [ROBOT STATUS: Rotating[False] Running[False] Stop[True]] 
1621075751093 [delta_X:0 delta_y:0 status:True] 
1621075751113 [Update odom] 
1621075751113 [ROBOT STATUS: Rotating[False] Running[False] Stop[True]] 
1621075751113 [delta_X:0 delta_y:0 status:True] 
1621075751136 [Update odom] 
1621075751136 [ROBOT STATUS: Rotating[False] Running[False] Stop[True]] 
1621075751136 [delta_X:0 delta_y:0 status:True] 
1621075751156 [Update odom] 
1621075751156 [ROBOT STATUS: Rotating[False] Running[False] Stop[True]] 
1621075751156 [delta_X:0 delta_y:0 status:True] 
1621075751173 [Update odom] 
1621075751173 [ROBOT STATUS: Rotating[False] Running[False] Stop[True]] 
1621075751173 [delta_X:0 delta_y:0 status:True] 
1621075751193 [Update odom] 
1621075751193 [ROBOT STATUS: Rotating[False] Running[False] Stop[True]] 
1621075751193 [delta_X:0 delta_y:0 status:True] 
1621075751216 [Update odom] 
1621075751217 [ROBOT STATUS: Rotating[False] Running[False] Stop[True]] 
1621075751217 [delta_X:0 delta_y:0 status:True] 
1621075751235 [Update odom] 
1621075751235 [ROBOT STATUS: Rotating[False] Running[False] Stop[True]] 
1621075751235 [delta_X:0 delta_y:0 status:True] 
1621075751257 [Update odom] 
1621075751257 [ROBOT STATUS: Rotating[False] Running[False] Stop[True]] 
1621075751257 [delta_X:0 delta_y:0 status:True] 
1621075751273 [Update odom] 
1621075751273 [ROBOT STATUS: Rotating[False] Running[False] Stop[True]] 
1621075751273 [delta_X:0 delta_y:0 status:True] 
1621075751293 [Update odom] 
1621075751293 [ROBOT STATUS: Rotating[False] Running[False] Stop[True]] 
1621075751293 [delta_X:0 delta_y:0 status:True] 
1621075751313 [Update odom] 
1621075751318 [ROBOT STATUS: Rotating[False] Running[False] Stop[True]] 
1621075751318 [delta_X:0 delta_y:0 status:True] 
1621075751334 [Update odom] 
1621075751334 [ROBOT STATUS: Rotating[False] Running[False] Stop[True]] 
1621075751334 [delta_X:0 delta_y:0 status:True] 
1621075751353 [Update odom] 
1621075751353 [ROBOT STATUS: Rotating[False] Running[False] Stop[True]] 
1621075751353 [delta_X:0 delta_y:0 status:True] 
1621075751378 [Update odom] 
1621075751379 [ROBOT STATUS: Rotating[False] Running[False] Stop[True]] 
1621075751379 [delta_X:0 delta_y:0 status:True] 
1621075751398 [Update odom] 
1621075751399 [ROBOT STATUS: Rotating[False] Running[False] Stop[True]] 
1621075751399 [delta_X:0 delta_y:0 status:True] 
1621075751416 [Update odom] 
1621075751417 [ROBOT STATUS: Rotating[False] Running[False] Stop[True]] 
1621075751417 [delta_X:0 delta_y:0 status:True] 
1621075751433 [Update odom] 
1621075751433 [ROBOT STATUS: Rotating[False] Running[False] Stop[True]] 
1621075751433 [delta_X:0 delta_y:0 status:True] 
1621075751453 [Update odom] 
1621075751453 [ROBOT STATUS: Rotating[False] Running[False] Stop[True]] 
1621075751453 [delta_X:0 delta_y:0 status:True] 
1621075751480 [Update odom] 
1621075751480 [ROBOT STATUS: Rotating[False] Running[False] Stop[True]] 
1621075751480 [delta_X:0 delta_y:0 status:True] 
1621075751493 [Update odom] 
1621075751493 [ROBOT STATUS: Rotating[False] Running[False] Stop[True]] 
1621075751493 [delta_X:0 delta_y:0 status:True] 
1621075751513 [Update odom] 
1621075751513 [ROBOT STATUS: Rotating[False] Running[False] Stop[True]] 
1621075751513 [delta_X:0 delta_y:0 status:True] 
1621075751533 [Update odom] 
1621075751533 [ROBOT STATUS: Rotating[False] Running[False] Stop[True]] 
1621075751533 [delta_X:0 delta_y:0 status:True] 
1621075751553 [Update odom] 
1621075751553 [ROBOT STATUS: Rotating[False] Running[False] Stop[True]] 
1621075751553 [delta_X:0 delta_y:0 status:True] 
1621075751573 [Update odom] 
1621075751573 [ROBOT STATUS: Rotating[False] Running[False] Stop[True]] 
1621075751573 [delta_X:0 delta_y:0 status:True] 
1621075751593 [Update odom] 
1621075751593 [ROBOT STATUS: Rotating[False] Running[False] Stop[True]] 
1621075751593 [delta_X:0 delta_y:0 status:True] 
1621075751614 [Update odom] 
1621075751614 [ROBOT STATUS: Rotating[False] Running[False] Stop[True]] 
1621075751614 [delta_X:0 delta_y:0 status:True] 
1621075751637 [Update odom] 
1621075751637 [ROBOT STATUS: Rotating[False] Running[False] Stop[True]] 
1621075751637 [delta_X:0 delta_y:0 status:True] 
1621075751653 [Update odom] 
1621075751653 [ROBOT STATUS: Rotating[False] Running[False] Stop[True]] 
1621075751653 [delta_X:0 delta_y:0 status:True] 
1621075751678 [Update odom] 
1621075751678 [ROBOT STATUS: Rotating[False] Running[False] Stop[True]] 
1621075751678 [delta_X:0 delta_y:0 status:True] 
1621075751699 [Update odom] 
1621075751699 [ROBOT STATUS: Rotating[False] Running[False] Stop[True]] 
1621075751699 [delta_X:0 delta_y:0 status:True] 
1621075751716 [Update odom] 
1621075751716 [ROBOT STATUS: Rotating[False] Running[False] Stop[True]] 
1621075751716 [delta_X:0 delta_y:0 status:True] 
1621075751733 [Update odom] 
1621075751733 [ROBOT STATUS: Rotating[False] Running[False] Stop[True]] 
1621075751733 [delta_X:0 delta_y:0 status:True] 
1621075751758 [Update odom] 
1621075751758 [ROBOT STATUS: Rotating[False] Running[False] Stop[True]] 
1621075751758 [delta_X:0 delta_y:0 status:True] 
1621075751773 [Update odom] 
1621075751773 [ROBOT STATUS: Rotating[False] Running[False] Stop[True]] 
1621075751773 [delta_X:0 delta_y:0 status:True] 
1621075751793 [Update odom] 
1621075751793 [ROBOT STATUS: Rotating[False] Running[False] Stop[True]] 
1621075751793 [delta_X:0 delta_y:0 status:True] 
1621075751813 [Update odom] 
1621075751813 [ROBOT STATUS: Rotating[False] Running[False] Stop[True]] 
1621075751813 [delta_X:0 delta_y:0 status:True] 
1621075751835 [Update odom] 
1621075751835 [ROBOT STATUS: Rotating[False] Running[False] Stop[True]] 
1621075751835 [delta_X:0 delta_y:0 status:True] 
1621075751853 [Update odom] 
1621075751853 [ROBOT STATUS: Rotating[False] Running[False] Stop[True]] 
1621075751853 [delta_X:0 delta_y:0 status:True] 
1621075751873 [Update odom] 
1621075751873 [ROBOT STATUS: Rotating[False] Running[False] Stop[True]] 
1621075751873 [delta_X:0 delta_y:0 status:True] 
1621075751899 [Update odom] 
1621075751899 [ROBOT STATUS: Rotating[False] Running[False] Stop[True]] 
1621075751899 [delta_X:0 delta_y:0 status:True] 
1621075751913 [Update odom] 
1621075751913 [ROBOT STATUS: Rotating[False] Running[False] Stop[True]] 
1621075751913 [delta_X:0 delta_y:0 status:True] 
1621075751934 [Update odom] 
1621075751934 [ROBOT STATUS: Rotating[False] Running[False] Stop[True]] 
1621075751934 [delta_X:0 delta_y:0 status:True] 
1621075751953 [Update odom] 
1621075751953 [ROBOT STATUS: Rotating[False] Running[False] Stop[True]] 
1621075751953 [delta_X:0 delta_y:0 status:True] 
1621075751973 [Update odom] 
1621075751973 [ROBOT STATUS: Rotating[False] Running[False] Stop[True]] 
1621075751973 [delta_X:0 delta_y:0 status:True] 
1621075751993 [Update odom] 
1621075751993 [ROBOT STATUS: Rotating[False] Running[False] Stop[True]] 
1621075751993 [delta_X:0 delta_y:0 status:True] 
1621075752020 [Update odom] 
1621075752020 [ROBOT STATUS: Rotating[False] Running[False] Stop[True]] 
1621075752020 [delta_X:0 delta_y:0 status:True] 
1621075752033 [Update odom] 
1621075752033 [ROBOT STATUS: Rotating[False] Running[False] Stop[True]] 
1621075752033 [delta_X:0 delta_y:0 status:True] 
1621075752059 [Update odom] 
1621075752060 [ROBOT STATUS: Rotating[False] Running[False] Stop[True]] 
1621075752060 [delta_X:0 delta_y:0 status:True] 
1621075752073 [Update odom] 
1621075752073 [ROBOT STATUS: Rotating[False] Running[False] Stop[True]] 
1621075752073 [delta_X:0 delta_y:0 status:True] 
1621075752099 [Update odom] 
1621075752099 [ROBOT STATUS: Rotating[False] Running[False] Stop[True]] 
1621075752099 [delta_X:0 delta_y:0 status:True] 
1621075752115 [Update odom] 
1621075752115 [ROBOT STATUS: Rotating[False] Running[False] Stop[True]] 
1621075752115 [delta_X:0 delta_y:0 status:True] 
1621075752133 [Update odom] 
1621075752133 [ROBOT STATUS: Rotating[False] Running[False] Stop[True]] 
1621075752133 [delta_X:0 delta_y:0 status:True] 
1621075752153 [Update odom] 
1621075752153 [ROBOT STATUS: Rotating[False] Running[False] Stop[True]] 
1621075752153 [delta_X:0 delta_y:0 status:True] 
1621075752193 [Update odom] 
1621075752193 [ROBOT STATUS: Rotating[False] Running[False] Stop[True]] 
1621075752193 [delta_X:0 delta_y:0 status:True] 
1621075752194 [Update odom] 
1621075752194 [ROBOT STATUS: Rotating[False] Running[False] Stop[True]] 
1621075752194 [delta_X:0 delta_y:0 status:True] 
1621075752225 [Update odom] 
1621075752226 [ROBOT STATUS: Rotating[False] Running[False] Stop[True]] 
1621075752226 [delta_X:0 delta_y:0 status:True] 
1621075752234 [Update odom] 
1621075752235 [ROBOT STATUS: Rotating[False] Running[False] Stop[True]] 
1621075752235 [delta_X:0 delta_y:0 status:True] 
1621075752253 [Update odom] 
1621075752253 [ROBOT STATUS: Rotating[False] Running[False] Stop[True]] 
1621075752253 [delta_X:0 delta_y:0 status:True] 
1621075752276 [Update odom] 
1621075752276 [ROBOT STATUS: Rotating[False] Running[False] Stop[True]] 
1621075752276 [delta_X:0 delta_y:0 status:True] 
1621075752294 [Update odom] 
1621075752300 [ROBOT STATUS: Rotating[False] Running[False] Stop[True]] 
1621075752300 [delta_X:0 delta_y:0 status:True] 
1621075752313 [Update odom] 
1621075752313 [ROBOT STATUS: Rotating[False] Running[False] Stop[True]] 
1621075752313 [delta_X:0 delta_y:0 status:True] 
1621075752333 [Update odom] 
1621075752335 [ROBOT STATUS: Rotating[False] Running[False] Stop[True]] 
1621075752335 [delta_X:0 delta_y:0 status:True] 
1621075752368 [Update odom] 
1621075752369 [ROBOT STATUS: Rotating[False] Running[False] Stop[True]] 
1621075752369 [delta_X:0 delta_y:0 status:True] 
1621075752373 [Update odom] 
1621075752373 [ROBOT STATUS: Rotating[False] Running[False] Stop[True]] 
1621075752373 [delta_X:0 delta_y:0 status:True] 
1621075752393 [Update odom] 
1621075752393 [ROBOT STATUS: Rotating[False] Running[False] Stop[True]] 
1621075752393 [delta_X:0 delta_y:0 status:True] 
1621075752413 [Update odom] 
1621075752414 [ROBOT STATUS: Rotating[False] Running[False] Stop[True]] 
1621075752414 [delta_X:0 delta_y:0 status:True] 
1621075752433 [Update odom] 
1621075752433 [ROBOT STATUS: Rotating[False] Running[False] Stop[True]] 
1621075752433 [delta_X:0 delta_y:0 status:True] 
1621075752458 [Update odom] 
1621075752458 [ROBOT STATUS: Rotating[False] Running[False] Stop[True]] 
1621075752458 [delta_X:0 delta_y:0 status:True] 
1621075752473 [Update odom] 
1621075752473 [ROBOT STATUS: Rotating[False] Running[False] Stop[True]] 
1621075752473 [delta_X:0 delta_y:0 status:True] 
1621075752495 [Update odom] 
1621075752495 [ROBOT STATUS: Rotating[False] Running[False] Stop[True]] 
1621075752495 [delta_X:0 delta_y:0 status:True] 
1621075752513 [Update odom] 
1621075752514 [ROBOT STATUS: Rotating[False] Running[False] Stop[True]] 
1621075752514 [delta_X:0 delta_y:0 status:True] 
1621075752533 [Update odom] 
1621075752534 [ROBOT STATUS: Rotating[False] Running[False] Stop[True]] 
1621075752534 [delta_X:0 delta_y:0 status:True] 
1621075752553 [Update odom] 
1621075752553 [ROBOT STATUS: Rotating[False] Running[False] Stop[True]] 
1621075752553 [delta_X:0 delta_y:0 status:True] 
1621075752573 [Update odom] 
1621075752573 [ROBOT STATUS: Rotating[False] Running[False] Stop[True]] 
1621075752573 [delta_X:0 delta_y:0 status:True] 
1621075752593 [Update odom] 
1621075752593 [ROBOT STATUS: Rotating[False] Running[False] Stop[True]] 
1621075752593 [delta_X:0 delta_y:0 status:True] 
1621075752613 [Update odom] 
1621075752613 [ROBOT STATUS: Rotating[False] Running[False] Stop[True]] 
1621075752613 [delta_X:0 delta_y:0 status:True] 
1621075752633 [Update odom] 
1621075752633 [ROBOT STATUS: Rotating[False] Running[False] Stop[True]] 
1621075752633 [delta_X:0 delta_y:0 status:True] 
1621075752654 [Update odom] 
1621075752654 [ROBOT STATUS: Rotating[False] Running[False] Stop[True]] 
1621075752654 [delta_X:0 delta_y:0 status:True] 
1621075752673 [Update odom] 
1621075752673 [ROBOT STATUS: Rotating[False] Running[False] Stop[True]] 
1621075752673 [delta_X:0 delta_y:0 status:True] 
1621075752693 [Update odom] 
1621075752693 [ROBOT STATUS: Rotating[False] Running[False] Stop[True]] 
1621075752693 [delta_X:0 delta_y:0 status:True] 
1621075752713 [Update odom] 
1621075752713 [ROBOT STATUS: Rotating[False] Running[False] Stop[True]] 
1621075752713 [delta_X:0 delta_y:0 status:True] 
1621075752733 [Update odom] 
1621075752734 [ROBOT STATUS: Rotating[False] Running[False] Stop[True]] 
1621075752734 [delta_X:0 delta_y:0 status:True] 
1621075752753 [Update odom] 
1621075752753 [ROBOT STATUS: Rotating[False] Running[False] Stop[True]] 
1621075752753 [delta_X:0 delta_y:0 status:True] 
1621075752773 [Update odom] 
1621075752773 [ROBOT STATUS: Rotating[False] Running[False] Stop[True]] 
1621075752773 [delta_X:0 delta_y:0 status:True] 
1621075752793 [Update odom] 
1621075752793 [ROBOT STATUS: Rotating[False] Running[False] Stop[True]] 
1621075752793 [delta_X:0 delta_y:0 status:True] 
1621075752814 [Update odom] 
1621075752814 [ROBOT STATUS: Rotating[False] Running[False] Stop[True]] 
1621075752814 [delta_X:0 delta_y:0 status:True] 
1621075752833 [Update odom] 
1621075752833 [ROBOT STATUS: Rotating[False] Running[False] Stop[True]] 
1621075752833 [delta_X:0 delta_y:0 status:True] 
1621075752853 [Update odom] 
1621075752853 [ROBOT STATUS: Rotating[False] Running[False] Stop[True]] 
1621075752853 [delta_X:0 delta_y:0 status:True] 
1621075752873 [Update odom] 
1621075752874 [ROBOT STATUS: Rotating[False] Running[False] Stop[True]] 
1621075752874 [delta_X:0 delta_y:0 status:True] 
1621075752893 [Update odom] 
1621075752893 [ROBOT STATUS: Rotating[False] Running[False] Stop[True]] 
1621075752893 [delta_X:0 delta_y:0 status:True] 
1621075752913 [Update odom] 
1621075752913 [ROBOT STATUS: Rotating[False] Running[False] Stop[True]] 
1621075752913 [delta_X:0 delta_y:0 status:True] 
1621075752934 [Update odom] 
1621075752934 [ROBOT STATUS: Rotating[False] Running[False] Stop[True]] 
1621075752934 [delta_X:0 delta_y:0 status:True] 
1621075752953 [Update odom] 
1621075752953 [ROBOT STATUS: Rotating[False] Running[False] Stop[True]] 
1621075752953 [delta_X:0 delta_y:0 status:True] 
1621075752973 [Update odom] 
1621075752973 [ROBOT STATUS: Rotating[False] Running[False] Stop[True]] 
1621075752973 [delta_X:0 delta_y:0 status:True] 
1621075752993 [Update odom] 
1621075752993 [ROBOT STATUS: Rotating[False] Running[False] Stop[True]] 
1621075752993 [delta_X:0 delta_y:0 status:True] 
1621075753013 [Update odom] 
1621075753013 [ROBOT STATUS: Rotating[False] Running[False] Stop[True]] 
1621075753013 [delta_X:0 delta_y:0 status:True] 
1621075753033 [Update odom] 
1621075753033 [ROBOT STATUS: Rotating[False] Running[False] Stop[True]] 
1621075753033 [delta_X:0 delta_y:0 status:True] 
1621075753053 [Update odom] 
1621075753053 [ROBOT STATUS: Rotating[False] Running[False] Stop[True]] 
1621075753053 [delta_X:0 delta_y:0 status:True] 
1621075753073 [Update odom] 
1621075753074 [ROBOT STATUS: Rotating[False] Running[False] Stop[True]] 
1621075753084 [delta_X:0 delta_y:0 status:True] 
1621075753093 [Update odom] 
1621075753093 [ROBOT STATUS: Rotating[False] Running[False] Stop[True]] 
1621075753093 [delta_X:0 delta_y:0 status:True] 
1621075753113 [Update odom] 
1621075753113 [ROBOT STATUS: Rotating[False] Running[False] Stop[True]] 
1621075753113 [delta_X:0 delta_y:0 status:True] 
1621075753135 [Update odom] 
1621075753135 [ROBOT STATUS: Rotating[False] Running[False] Stop[True]] 
1621075753135 [delta_X:0 delta_y:0 status:True] 
1621075753153 [Update odom] 
1621075753154 [ROBOT STATUS: Rotating[False] Running[False] Stop[True]] 
1621075753154 [delta_X:0 delta_y:0 status:True] 
1621075753173 [Update odom] 
1621075753174 [ROBOT STATUS: Rotating[False] Running[False] Stop[True]] 
1621075753174 [delta_X:0 delta_y:0 status:True] 
1621075753193 [Update odom] 
1621075753194 [ROBOT STATUS: Rotating[False] Running[False] Stop[True]] 
1621075753194 [delta_X:0 delta_y:0 status:True] 
1621075753218 [Update odom] 
1621075753218 [ROBOT STATUS: Rotating[False] Running[False] Stop[True]] 
1621075753218 [delta_X:0 delta_y:0 status:True] 
1621075753233 [Update odom] 
1621075753234 [ROBOT STATUS: Rotating[False] Running[False] Stop[True]] 
1621075753234 [delta_X:0 delta_y:0 status:True] 
1621075753263 [Update odom] 
1621075753263 [ROBOT STATUS: Rotating[False] Running[False] Stop[True]] 
1621075753263 [delta_X:0 delta_y:0 status:True] 
1621075753273 [Update odom] 
1621075753273 [ROBOT STATUS: Rotating[False] Running[False] Stop[True]] 
1621075753273 [delta_X:0 delta_y:0 status:True] 
1621075753293 [Update odom] 
1621075753293 [ROBOT STATUS: Rotating[False] Running[False] Stop[True]] 
1621075753293 [delta_X:0 delta_y:0 status:True] 
1621075753316 [Update odom] 
1621075753317 [ROBOT STATUS: Rotating[False] Running[False] Stop[True]] 
1621075753317 [delta_X:0 delta_y:0 status:True] 
1621075753338 [Update odom] 
1621075753338 [ROBOT STATUS: Rotating[False] Running[False] Stop[True]] 
1621075753338 [delta_X:0 delta_y:0 status:True] 
1621075753353 [Update odom] 
1621075753354 [ROBOT STATUS: Rotating[False] Running[False] Stop[True]] 
1621075753354 [delta_X:0 delta_y:0 status:True] 
1621075753373 [Update odom] 
1621075753373 [ROBOT STATUS: Rotating[False] Running[False] Stop[True]] 
1621075753373 [delta_X:0 delta_y:0 status:True] 
1621075753393 [Update odom] 
1621075753394 [ROBOT STATUS: Rotating[False] Running[False] Stop[True]] 
1621075753394 [delta_X:0 delta_y:0 status:True] 
1621075753414 [Update odom] 
1621075753414 [ROBOT STATUS: Rotating[False] Running[False] Stop[True]] 
1621075753414 [delta_X:0 delta_y:0 status:True] 
1621075753433 [Update odom] 
1621075753433 [ROBOT STATUS: Rotating[False] Running[False] Stop[True]] 
1621075753433 [delta_X:0 delta_y:0 status:True] 
1621075753453 [Update odom] 
1621075753453 [ROBOT STATUS: Rotating[False] Running[False] Stop[True]] 
1621075753453 [delta_X:0 delta_y:0 status:True] 
1621075753473 [Update odom] 
1621075753473 [ROBOT STATUS: Rotating[False] Running[False] Stop[True]] 
1621075753473 [delta_X:0 delta_y:0 status:True] 
1621075753495 [Update odom] 
1621075753495 [ROBOT STATUS: Rotating[False] Running[False] Stop[True]] 
1621075753495 [delta_X:0 delta_y:0 status:True] 
1621075753513 [Update odom] 
1621075753513 [ROBOT STATUS: Rotating[False] Running[False] Stop[True]] 
1621075753513 [delta_X:0 delta_y:0 status:True] 
1621075753533 [Update odom] 
1621075753533 [ROBOT STATUS: Rotating[False] Running[False] Stop[True]] 
1621075753533 [delta_X:0 delta_y:0 status:True] 
1621075753556 [Update odom] 
1621075753556 [ROBOT STATUS: Rotating[False] Running[False] Stop[True]] 
1621075753556 [delta_X:0 delta_y:0 status:True] 
1621075753573 [Update odom] 
1621075753573 [ROBOT STATUS: Rotating[False] Running[False] Stop[True]] 
1621075753573 [delta_X:0 delta_y:0 status:True] 
1621075753593 [Update odom] 
1621075753593 [ROBOT STATUS: Rotating[False] Running[False] Stop[True]] 
1621075753593 [delta_X:0 delta_y:0 status:True] 
1621075753613 [Update odom] 
1621075753613 [ROBOT STATUS: Rotating[False] Running[False] Stop[True]] 
1621075753613 [delta_X:0 delta_y:0 status:True] 
1621075753633 [Update odom] 
1621075753633 [ROBOT STATUS: Rotating[False] Running[False] Stop[True]] 
1621075753633 [delta_X:0 delta_y:0 status:True] 
1621075753653 [Update odom] 
1621075753653 [ROBOT STATUS: Rotating[False] Running[False] Stop[True]] 
1621075753653 [delta_X:0 delta_y:0 status:True] 
1621075753673 [Update odom] 
1621075753673 [ROBOT STATUS: Rotating[False] Running[False] Stop[True]] 
1621075753673 [delta_X:0 delta_y:0 status:True] 
1621075753703 [Update odom] 
1621075753703 [ROBOT STATUS: Rotating[False] Running[False] Stop[True]] 
1621075753703 [delta_X:0 delta_y:0 status:True] 
1621075753713 [Update odom] 
1621075753713 [ROBOT STATUS: Rotating[False] Running[False] Stop[True]] 
1621075753713 [delta_X:0 delta_y:0 status:True] 
1621075753733 [Update odom] 
1621075753733 [ROBOT STATUS: Rotating[False] Running[False] Stop[True]] 
1621075753733 [delta_X:0 delta_y:0 status:True] 
1621075753753 [Update odom] 
1621075753753 [ROBOT STATUS: Rotating[False] Running[False] Stop[True]] 
1621075753753 [delta_X:0 delta_y:0 status:True] 
1621075753773 [Update odom] 
1621075753773 [ROBOT STATUS: Rotating[False] Running[False] Stop[True]] 
1621075753773 [delta_X:0 delta_y:0 status:True] 
1621075753793 [Update odom] 
1621075753793 [ROBOT STATUS: Rotating[False] Running[False] Stop[True]] 
1621075753793 [delta_X:0 delta_y:0 status:True] 
1621075753813 [Update odom] 
1621075753813 [ROBOT STATUS: Rotating[False] Running[False] Stop[True]] 
1621075753813 [delta_X:0 delta_y:0 status:True] 
1621075753839 [Update odom] 
1621075753839 [ROBOT STATUS: Rotating[False] Running[False] Stop[True]] 
1621075753839 [delta_X:0 delta_y:0 status:True] 
1621075753853 [Update odom] 
1621075753853 [ROBOT STATUS: Rotating[False] Running[False] Stop[True]] 
1621075753853 [delta_X:0 delta_y:0 status:True] 
1621075753873 [Update odom] 
1621075753873 [ROBOT STATUS: Rotating[False] Running[False] Stop[True]] 
1621075753873 [delta_X:0 delta_y:0 status:True] 
1621075753893 [Update odom] 
1621075753893 [ROBOT STATUS: Rotating[False] Running[False] Stop[True]] 
1621075753893 [delta_X:0 delta_y:0 status:True] 
1621075753913 [Update odom] 
1621075753913 [ROBOT STATUS: Rotating[False] Running[False] Stop[True]] 
1621075753913 [delta_X:0 delta_y:0 status:True] 
1621075753933 [Update odom] 
1621075753933 [ROBOT STATUS: Rotating[False] Running[False] Stop[True]] 
1621075753933 [delta_X:0 delta_y:0 status:True] 
1621075753953 [Update odom] 
1621075753953 [ROBOT STATUS: Rotating[False] Running[False] Stop[True]] 
1621075753953 [delta_X:0 delta_y:0 status:True] 
1621075753973 [Update odom] 
1621075753973 [ROBOT STATUS: Rotating[False] Running[False] Stop[True]] 
1621075753973 [delta_X:0 delta_y:0 status:True] 
1621075753993 [Update odom] 
1621075753993 [ROBOT STATUS: Rotating[False] Running[False] Stop[True]] 
1621075753993 [delta_X:0 delta_y:0 status:True] 
1621075754016 [Update odom] 
1621075754016 [ROBOT STATUS: Rotating[False] Running[False] Stop[True]] 
1621075754016 [delta_X:0 delta_y:0 status:True] 
1621075754033 [Update odom] 
1621075754033 [ROBOT STATUS: Rotating[False] Running[False] Stop[True]] 
1621075754033 [delta_X:0 delta_y:0 status:True] 
1621075754053 [Update odom] 
1621075754053 [ROBOT STATUS: Rotating[False] Running[False] Stop[True]] 
1621075754053 [delta_X:0 delta_y:0 status:True] 
1621075754073 [Update odom] 
1621075754073 [ROBOT STATUS: Rotating[False] Running[False] Stop[True]] 
1621075754073 [delta_X:0 delta_y:0 status:True] 
1621075754093 [Update odom] 
1621075754093 [ROBOT STATUS: Rotating[False] Running[False] Stop[True]] 
1621075754093 [delta_X:0 delta_y:0 status:True] 
1621075754113 [Update odom] 
1621075754113 [ROBOT STATUS: Rotating[False] Running[False] Stop[True]] 
1621075754114 [delta_X:0 delta_y:0 status:True] 
1621075754133 [Update odom] 
1621075754133 [ROBOT STATUS: Rotating[False] Running[False] Stop[True]] 
1621075754133 [delta_X:0 delta_y:0 status:True] 
1621075754153 [Update odom] 
1621075754153 [ROBOT STATUS: Rotating[False] Running[False] Stop[True]] 
1621075754153 [delta_X:0 delta_y:0 status:True] 
1621075754173 [Update odom] 
1621075754173 [ROBOT STATUS: Rotating[False] Running[False] Stop[True]] 
1621075754173 [delta_X:0 delta_y:0 status:True] 
1621075754197 [Update odom] 
1621075754197 [ROBOT STATUS: Rotating[False] Running[False] Stop[True]] 
1621075754197 [delta_X:0 delta_y:0 status:True] 
1621075754213 [Update odom] 
1621075754213 [ROBOT STATUS: Rotating[False] Running[False] Stop[True]] 
1621075754213 [delta_X:0 delta_y:0 status:True] 
1621075754234 [Update odom] 
1621075754235 [ROBOT STATUS: Rotating[False] Running[False] Stop[True]] 
1621075754235 [delta_X:0 delta_y:0 status:True] 
1621075754258 [Update odom] 
1621075754258 [ROBOT STATUS: Rotating[False] Running[False] Stop[True]] 
1621075754258 [delta_X:0 delta_y:0 status:True] 
1621075754273 [Update odom] 
1621075754273 [ROBOT STATUS: Rotating[False] Running[False] Stop[True]] 
1621075754273 [delta_X:0 delta_y:0 status:True] 
1621075754293 [Update odom] 
1621075754293 [ROBOT STATUS: Rotating[False] Running[False] Stop[True]] 
1621075754293 [delta_X:0 delta_y:0 status:True] 
1621075754313 [Update odom] 
1621075754313 [ROBOT STATUS: Rotating[False] Running[False] Stop[True]] 
1621075754313 [delta_X:0 delta_y:0 status:True] 
1621075754333 [Update odom] 
1621075754333 [ROBOT STATUS: Rotating[False] Running[False] Stop[True]] 
1621075754333 [delta_X:0 delta_y:0 status:True] 
1621075754360 [Update odom] 
1621075754360 [ROBOT STATUS: Rotating[False] Running[False] Stop[True]] 
1621075754360 [delta_X:0 delta_y:0 status:True] 
1621075754373 [Update odom] 
1621075754373 [ROBOT STATUS: Rotating[False] Running[False] Stop[True]] 
1621075754373 [delta_X:0 delta_y:0 status:True] 
1621075754393 [Update odom] 
1621075754393 [ROBOT STATUS: Rotating[False] Running[False] Stop[True]] 
1621075754393 [delta_X:0 delta_y:0 status:True] 
1621075754413 [Update odom] 
1621075754413 [ROBOT STATUS: Rotating[False] Running[False] Stop[True]] 
1621075754413 [delta_X:0 delta_y:0 status:True] 
1621075754433 [Update odom] 
1621075754433 [ROBOT STATUS: Rotating[False] Running[False] Stop[True]] 
1621075754433 [delta_X:0 delta_y:0 status:True] 
1621075754453 [Update odom] 
1621075754454 [ROBOT STATUS: Rotating[False] Running[False] Stop[True]] 
1621075754454 [delta_X:0 delta_y:0 status:True] 
1621075754474 [Update odom] 
1621075754474 [ROBOT STATUS: Rotating[False] Running[False] Stop[True]] 
1621075754474 [delta_X:0 delta_y:0 status:True] 
1621075754493 [Update odom] 
1621075754493 [ROBOT STATUS: Rotating[False] Running[False] Stop[True]] 
1621075754493 [delta_X:0 delta_y:0 status:True] 
1621075754513 [Update odom] 
1621075754513 [ROBOT STATUS: Rotating[False] Running[False] Stop[True]] 
1621075754513 [delta_X:0 delta_y:0 status:True] 
1621075754533 [Update odom] 
1621075754533 [ROBOT STATUS: Rotating[False] Running[False] Stop[True]] 
1621075754533 [delta_X:0 delta_y:0 status:True] 
1621075754553 [Update odom] 
1621075754553 [ROBOT STATUS: Rotating[False] Running[False] Stop[True]] 
1621075754553 [delta_X:0 delta_y:0 status:True] 
1621075754573 [Update odom] 
1621075754573 [ROBOT STATUS: Rotating[False] Running[False] Stop[True]] 
1621075754573 [delta_X:0 delta_y:0 status:True] 
1621075754593 [Update odom] 
1621075754593 [ROBOT STATUS: Rotating[False] Running[False] Stop[True]] 
1621075754593 [delta_X:0 delta_y:0 status:True] 
1621075754613 [Update odom] 
1621075754614 [ROBOT STATUS: Rotating[False] Running[False] Stop[True]] 
1621075754614 [delta_X:0 delta_y:0 status:True] 
1621075754633 [Update odom] 
1621075754634 [ROBOT STATUS: Rotating[False] Running[False] Stop[True]] 
1621075754634 [delta_X:0 delta_y:0 status:True] 
1621075754661 [Update odom] 
1621075754661 [ROBOT STATUS: Rotating[False] Running[False] Stop[True]] 
1621075754661 [delta_X:0 delta_y:0 status:True] 
