1621698792230 [Opening serial port: /dev/ttyTHS1.] 
1621698792536 [The robot is connected to ] [/dev/ttyTHS1] 
1621698792536 [Initial robot's topic...] 
1621698792541 [Start initializing navigation] 
1621698792541 [Start initializing navigation topic] 
1621698792596 [Initialization navigation topic finished] 
1621698792602 [Initialization navigation finished] 
1621698792703 [Update odom] 
1621698792714 [vx:0.0 vy:0.0 yaw:-2.56856861823] 
1621698792803 [Update odom] 
1621698792814 [vx:0.0 vy:0.0 yaw:-2.57518463666] 
1621698792903 [Update odom] 
1621698792915 [vx:0.0 vy:0.0 yaw:-2.57982851974] 
1621698793003 [Update odom] 
1621698793014 [vx:0.0 vy:0.0 yaw:-2.57402242589] 
1621698793103 [Update odom] 
1621698793114 [vx:0.0 vy:0.0 yaw:-2.56385364959] 
1621698793203 [Update odom] 
1621698793214 [vx:0.0 vy:0.0 yaw:-2.55871482223] 
1621698793303 [Update odom] 
1621698793314 [vx:0.0 vy:0.0 yaw:-2.55558937693] 
1621698793403 [Update odom] 
1621698793415 [vx:0.0 vy:0.0 yaw:-2.55384280243] 
1621698793503 [Update odom] 
1621698793514 [vx:0.0 vy:0.0 yaw:-2.55714441689] 
1621698793603 [Update odom] 
1621698793614 [vx:0.0 vy:0.0 yaw:-2.55398984557] 
1621698793703 [Update odom] 
1621698793714 [vx:0.0 vy:0.0 yaw:-2.54904178393] 
1621698793803 [Update odom] 
1621698793815 [vx:0.0 vy:0.0 yaw:-2.5453267918] 
1621698793903 [Update odom] 
1621698793914 [vx:0.0 vy:0.0 yaw:-2.55541627121] 
1621698794003 [Update odom] 
1621698794014 [vx:0.0 vy:0.0 yaw:-2.5536439879] 
1621698794103 [Update odom] 
1621698794114 [vx:0.0 vy:0.0 yaw:-2.53468630784] 
1621698794205 [Update odom] 
1621698794218 [vx:0.0 vy:0.0 yaw:-2.51951421254] 
1621698794303 [Update odom] 
1621698794314 [vx:0.0 vy:0.0 yaw:-2.51115845907] 
1621698794403 [Update odom] 
1621698794414 [vx:0.0 vy:0.0 yaw:-2.52038950435] 
1621698794503 [Update odom] 
1621698794514 [vx:0.0 vy:0.0 yaw:-2.53014942706] 
1621698794603 [Update odom] 
1621698794614 [vx:0.0 vy:0.0 yaw:-2.53530486844] 
1621698794703 [Update odom] 
1621698794715 [vx:0.0 vy:0.0 yaw:-2.53746095288] 
1621698794803 [Update odom] 
1621698794814 [vx:0.0 vy:0.0 yaw:-2.53853746633] 
1621698794903 [Update odom] 
1621698794914 [vx:0.0 vy:0.0 yaw:-2.5366348887] 
1621698795003 [Update odom] 
1621698795015 [vx:0.0 vy:0.0 yaw:-2.54700945807] 
1621698795103 [Update odom] 
1621698795114 [vx:0.0 vy:0.0 yaw:-2.5556097351] 
1621698795203 [Update odom] 
1621698795222 [vx:0.0 vy:0.0 yaw:-2.5624766941] 
1621698795303 [Update odom] 
1621698795318 [vx:0.0 vy:0.0 yaw:-2.55693911174] 
1621698795403 [Update odom] 
1621698795414 [vx:0.0 vy:0.0 yaw:-2.54453395857] 
1621698795503 [Update odom] 
1621698795514 [vx:0.0 vy:0.0 yaw:-2.54765770264] 
1621698795603 [Update odom] 
1621698795614 [vx:0.0 vy:0.0 yaw:-2.54354303467] 
1621698795703 [Update odom] 
1621698795714 [vx:0.0 vy:0.0 yaw:-2.52615882907] 
1621698795803 [Update odom] 
1621698795814 [vx:0.0 vy:0.0 yaw:-2.51828939992] 
1621698795903 [Update odom] 
1621698795915 [vx:0.0 vy:0.0 yaw:-2.50219702619] 
1621698796004 [Update odom] 
1621698796014 [vx:0.0 vy:0.0 yaw:-2.5037108403] 
1621698796103 [Update odom] 
1621698796115 [vx:0.0 vy:0.0 yaw:-2.51398827822] 
1621698796204 [Update odom] 
1621698796214 [vx:0.0 vy:0.0 yaw:-2.52790369914] 
1621698796303 [Update odom] 
1621698796315 [vx:0.0 vy:0.0 yaw:-2.53767571833] 
1621698796405 [Update odom] 
1621698796418 [vx:0.0 vy:0.0 yaw:-2.551662463] 
1621698796503 [Update odom] 
1621698796514 [vx:0.0 vy:0.0 yaw:-2.55092268887] 
1621698796603 [Update odom] 
1621698796618 [vx:0.0 vy:0.0 yaw:-2.55369887748] 
1621698796703 [Update odom] 
1621698796714 [vx:0.0 vy:0.0 yaw:-2.55248047939] 
1621698796803 [Update odom] 
1621698796815 [vx:0.0 vy:0.0 yaw:-2.53737264918] 
1621698796903 [Update odom] 
1621698796914 [vx:0.0 vy:0.0 yaw:-2.52055488805] 
1621698797003 [Update odom] 
1621698797014 [vx:0.0 vy:0.0 yaw:-2.52984014667] 
1621698797103 [Update odom] 
1621698797114 [vx:0.0 vy:0.0 yaw:-2.53883625215] 
1621698797203 [Update odom] 
1621698797215 [vx:0.0 vy:0.0 yaw:-2.54411849509] 
1621698797303 [Update odom] 
1621698797314 [vx:0.0 vy:0.0 yaw:-2.5374877472] 
1621698797408 [Update odom] 
1621698797418 [vx:0.0 vy:0.0 yaw:-2.5279694013] 
1621698797503 [Update odom] 
1621698797514 [vx:0.0 vy:0.0 yaw:-2.52279529771] 
1621698797603 [Update odom] 
1621698797614 [vx:0.0 vy:0.0 yaw:-2.52011001616] 
1621698797703 [Update odom] 
1621698797715 [vx:0.0 vy:0.0 yaw:-2.52552268273] 
1621698797804 [Update odom] 
1621698797818 [vx:0.0 vy:0.0 yaw:-2.53775690253] 
1621698797903 [Update odom] 
1621698797914 [vx:0.0 vy:0.0 yaw:-2.54859068201] 
1621698798003 [Update odom] 
1621698798014 [vx:0.0 vy:0.0 yaw:-2.55653631483] 
1621698798103 [Update odom] 
1621698798114 [vx:0.0 vy:0.0 yaw:-2.55192266304] 
1621698798203 [Update odom] 
1621698798215 [vx:0.0 vy:0.0 yaw:-2.54894969229] 
1621698798303 [Update odom] 
1621698798319 [vx:0.0 vy:0.0 yaw:-2.55600529897] 
1621698798403 [Update odom] 
1621698798414 [vx:0.0 vy:0.0 yaw:-2.55899329469] 
1621698798503 [Update odom] 
1621698798515 [vx:0.0 vy:0.0 yaw:-2.56275744156] 
1621698798603 [Update odom] 
1621698798614 [vx:0.0 vy:0.0 yaw:-2.56960372673] 
1621698798704 [Update odom] 
1621698798719 [vx:0.0 vy:0.0 yaw:-2.57603779096] 
1621698798803 [Update odom] 
1621698798814 [vx:0.0 vy:0.0 yaw:-2.57541618694] 
1621698798903 [Update odom] 
1621698798914 [vx:0.0 vy:0.0 yaw:-2.57746291201] 
1621698799003 [Update odom] 
1621698799014 [vx:0.0 vy:0.0 yaw:-2.58647005252] 
1621698799103 [Update odom] 
1621698799114 [vx:0.0 vy:0.0 yaw:-2.58664535947] 
1621698799203 [Update odom] 
1621698799214 [vx:0.0 vy:0.0 yaw:-2.57266502906] 
1621698799303 [Update odom] 
1621698799314 [vx:0.0 vy:0.0 yaw:-2.55624214671] 
1621698799403 [Update odom] 
1621698799414 [vx:0.0 vy:0.0 yaw:-2.54700542091] 
1621698799503 [Update odom] 
1621698799514 [vx:0.0 vy:0.0 yaw:-2.54082889479] 
1621698799603 [Update odom] 
1621698799617 [vx:0.0 vy:0.0 yaw:-2.53914694415] 
1621698799703 [Update odom] 
1621698799714 [vx:0.0 vy:0.0 yaw:-2.53661642484] 
1621698799803 [Update odom] 
1621698799814 [vx:0.0 vy:0.0 yaw:-2.53796674097] 
1621698799904 [Update odom] 
1621698799918 [vx:0.0 vy:0.0 yaw:-2.54693835001] 
1621698800003 [Update odom] 
1621698800014 [vx:0.0 vy:0.0 yaw:-2.54934589789] 
1621698800103 [Update odom] 
1621698800114 [vx:0.0 vy:0.0 yaw:-2.54761055158] 
1621698800203 [Update odom] 
1621698800214 [vx:0.0 vy:0.0 yaw:-2.54292399373] 
1621698800304 [Update odom] 
1621698800316 [vx:0.0 vy:0.0 yaw:-2.53445835436] 
1621698800404 [Update odom] 
1621698800414 [vx:0.0 vy:0.0 yaw:-2.54702840433] 
1621698800503 [Update odom] 
1621698800514 [vx:0.0 vy:0.0 yaw:-2.53724024994] 
1621698800603 [Update odom] 
1621698800614 [vx:0.0 vy:0.0 yaw:-2.52987729748] 
1621698800703 [Update odom] 
1621698800715 [vx:0.0 vy:0.0 yaw:-2.52870478772] 
1621698800803 [Update odom] 
1621698800814 [vx:0.0 vy:0.0 yaw:-2.53261743898] 
1621698800903 [Update odom] 
1621698800914 [vx:0.0 vy:0.0 yaw:-2.52429339549] 
1621698801003 [Update odom] 
1621698801046 [vx:0.0 vy:0.0 yaw:-2.53208805976] 
1621698801103 [Update odom] 
1621698801114 [vx:0.0 vy:0.0 yaw:-2.54394288928] 
1621698801203 [Update odom] 
1621698801214 [vx:0.0 vy:0.0 yaw:-2.55178826147] 
1621698801303 [Update odom] 
1621698801319 [vx:0.0 vy:0.0 yaw:-2.56108938098] 
1621698801403 [Update odom] 
1621698801448 [vx:0.0 vy:0.0 yaw:-2.54938914502] 
1621698801505 [Update odom] 
1621698801519 [vx:0.0 vy:0.0 yaw:-2.53228256864] 
1621698801603 [Update odom] 
1621698801615 [vx:0.0 vy:0.0 yaw:-2.53215007561] 
1621698801703 [Update odom] 
1621698801714 [vx:0.0 vy:0.0 yaw:-2.53585768068] 
1621698801803 [Update odom] 
1621698801822 [vx:0.0 vy:0.0 yaw:-2.53879302806] 
1621698801903 [Update odom] 
1621698801914 [vx:0.0 vy:0.0 yaw:-2.53940966354] 
1621698802003 [Update odom] 
1621698802014 [vx:0.0 vy:0.0 yaw:-2.53947066183] 
1621698802103 [Update odom] 
1621698802116 [vx:0.0 vy:0.0 yaw:-2.53438379972] 
1621698802203 [Update odom] 
1621698802215 [vx:0.0 vy:0.0 yaw:-2.52945860602] 
1621698802303 [Update odom] 
1621698802315 [vx:0.0 vy:0.0 yaw:-2.5279789421] 
1621698802403 [Update odom] 
1621698802416 [vx:0.0 vy:0.0 yaw:-2.51393239596] 
1621698802503 [Update odom] 
1621698802514 [vx:0.0 vy:0.0 yaw:-2.52434345032] 
1621698802603 [Update odom] 
1621698802615 [vx:0.0 vy:0.0 yaw:-2.53510048115] 
1621698802703 [Update odom] 
1621698802719 [vx:0.0 vy:0.0 yaw:-2.54594114862] 
1621698802803 [Update odom] 
1621698802818 [vx:0.0 vy:0.0 yaw:-2.55001738003] 
1621698802906 [Update odom] 
1621698802918 [vx:0.0 vy:0.0 yaw:-2.54922648173] 
1621698803003 [Update odom] 
1621698803014 [vx:0.0 vy:0.0 yaw:-2.54917041789] 
1621698803103 [Update odom] 
1621698803115 [vx:0.0 vy:0.0 yaw:-2.55050219349] 
1621698803203 [Update odom] 
1621698803214 [vx:0.0 vy:0.0 yaw:-2.55339227742] 
1621698803313 [Update odom] 
1621698803330 [vx:0.0 vy:0.0 yaw:-2.55472718557] 
1621698803403 [Update odom] 
1621698803414 [vx:0.0 vy:0.0 yaw:-2.54147692951] 
1621698803505 [Update odom] 
1621698803536 [vx:0.0 vy:0.0 yaw:-2.51506609106] 
1621698803607 [Update odom] 
1621698803619 [vx:0.0 vy:0.0 yaw:-2.50058243633] 
1621698803703 [Update odom] 
1621698803714 [vx:0.0 vy:0.0 yaw:-2.49662662258] 
1621698803804 [Update odom] 
1621698803823 [vx:0.0 vy:0.0 yaw:-2.50699708875] 
1621698803905 [Update odom] 
1621698803919 [vx:0.0 vy:0.0 yaw:-2.51019139995] 
1621698804003 [Update odom] 
1621698804014 [vx:0.0 vy:0.0 yaw:-2.49702041554] 
1621698804103 [Update odom] 
1621698804130 [vx:0.0 vy:0.0 yaw:-2.48493736772] 
1621698804203 [Update odom] 
1621698804214 [vx:0.0 vy:0.0 yaw:-2.47304783695] 
1621698804303 [Update odom] 
1621698804314 [vx:0.0 vy:0.0 yaw:-2.47203976431] 
1621698804404 [Update odom] 
1621698804414 [vx:0.0 vy:0.0 yaw:-2.48340480719] 
1621698804503 [Update odom] 
1621698804514 [vx:0.0 vy:0.0 yaw:-2.4750724495] 
1621698804603 [Update odom] 
1621698804614 [vx:0.0 vy:0.0 yaw:-2.4817654776] 
1621698804703 [Update odom] 
1621698804715 [vx:0.0 vy:0.0 yaw:-2.49692173533] 
1621698804803 [Update odom] 
1621698804814 [vx:0.0 vy:0.0 yaw:-2.50677163485] 
1621698804907 [Update odom] 
1621698804919 [vx:0.0 vy:0.0 yaw:-2.51657919965] 
1621698805003 [Update odom] 
1621698805016 [vx:0.0 vy:0.0 yaw:-2.5263031857] 
1621698805105 [Update odom] 
1621698805120 [vx:0.0 vy:0.0 yaw:-2.52176210254] 
1621698805203 [Update odom] 
1621698805214 [vx:0.0 vy:0.0 yaw:-2.52155613632] 
1621698805307 [Update odom] 
1621698805319 [vx:0.0 vy:0.0 yaw:-2.52778317053] 
1621698805403 [Update odom] 
1621698805414 [vx:0.0 vy:0.0 yaw:-2.53402716775] 
1621698805503 [Update odom] 
1621698805519 [vx:0.0 vy:0.0 yaw:-2.5462024738] 
1621698805603 [Update odom] 
1621698805616 [vx:0.0 vy:0.0 yaw:-2.55914676047] 
1621698805710 [Update odom] 
1621698805722 [vx:0.0 vy:0.0 yaw:-2.56966800592] 
1621698805805 [Update odom] 
1621698805820 [vx:0.0 vy:0.0 yaw:-2.57739190008] 
1621698805903 [Update odom] 
1621698805914 [vx:0.0 vy:0.0 yaw:-2.56952122802] 
1621698806003 [Update odom] 
1621698806014 [vx:0.0 vy:0.0 yaw:-2.54756908102] 
1621698806103 [Update odom] 
1621698806117 [vx:0.0 vy:0.0 yaw:-2.52880969599] 
1621698806203 [Update odom] 
1621698806214 [vx:0.0 vy:0.0 yaw:-2.51601980375] 
1621698806303 [Update odom] 
1621698806315 [vx:0.0 vy:0.0 yaw:-2.50977083632] 
1621698806403 [Update odom] 
1621698806414 [vx:0.0 vy:0.0 yaw:-2.51847508023] 
1621698806503 [Update odom] 
1621698806514 [vx:0.0 vy:0.0 yaw:-2.52371183247] 
1621698806603 [Update odom] 
1621698806614 [vx:0.0 vy:0.0 yaw:-2.52877996168] 
1621698806703 [Update odom] 
1621698806714 [vx:0.0 vy:0.0 yaw:-2.53648613606] 
1621698806803 [Update odom] 
1621698806814 [vx:0.0 vy:0.0 yaw:-2.54397733304] 
1621698806908 [Update odom] 
1621698806922 [vx:0.0 vy:0.0 yaw:-2.53637504104] 
1621698807003 [Update odom] 
1621698807014 [vx:0.0 vy:0.0 yaw:-2.53610730196] 
1621698807103 [Update odom] 
1621698807114 [vx:0.0 vy:0.0 yaw:-2.53582558407] 
1621698807203 [Update odom] 
1621698807214 [vx:0.0 vy:0.0 yaw:-2.54397704178] 
1621698807303 [Update odom] 
1621698807314 [vx:0.0 vy:0.0 yaw:-2.55105777084] 
1621698807431 [Update odom] 
1621698807445 [vx:0.0 vy:0.0 yaw:-2.55742063708] 
1621698807503 [Update odom] 
1621698807515 [vx:0.0 vy:0.0 yaw:-2.55955744889] 
1621698807603 [Update odom] 
1621698807617 [vx:0.0 vy:0.0 yaw:-2.57028504445] 
1621698807704 [Update odom] 
1621698807714 [vx:0.0 vy:0.0 yaw:-2.56456715526] 
1621698807803 [Update odom] 
1621698807818 [vx:0.0 vy:0.0 yaw:-2.55808439038] 
1621698807903 [Update odom] 
1621698807914 [vx:0.0 vy:0.0 yaw:-2.56291253546] 
1621698808003 [Update odom] 
1621698808014 [vx:0.0 vy:0.0 yaw:-2.56859405787] 
1621698808111 [Update odom] 
1621698808138 [vx:0.0 vy:0.0 yaw:-2.55691867608] 
1621698808203 [Update odom] 
1621698808215 [vx:0.0 vy:0.0 yaw:-2.54731772057] 
1621698808303 [Update odom] 
1621698808323 [vx:0.0 vy:0.0 yaw:-2.52886543336] 
1621698808405 [Update odom] 
1621698808418 [vx:0.0 vy:0.0 yaw:-2.5178326101] 
1621698808503 [Update odom] 
1621698808514 [vx:0.0 vy:0.0 yaw:-2.52463405954] 
1621698808612 [Update odom] 
1621698808630 [vx:0.0 vy:0.0 yaw:-2.53113506139] 
1621698808703 [Update odom] 
1621698808718 [vx:0.0 vy:0.0 yaw:-2.54019841825] 
1621698808805 [Update odom] 
1621698808825 [vx:0.0 vy:0.0 yaw:-2.55075821665] 
1621698808903 [Update odom] 
1621698808915 [vx:0.0 vy:0.0 yaw:-2.55883488671] 
1621698809003 [Update odom] 
1621698809015 [vx:0.0 vy:0.0 yaw:-2.54884340606] 
1621698809103 [Update odom] 
1621698809115 [vx:0.0 vy:0.0 yaw:-2.55655925713] 
1621698809203 [Update odom] 
1621698809222 [vx:0.0 vy:0.0 yaw:-2.54746726699] 
1621698809324 [Update odom] 
1621698809335 [vx:0.0 vy:0.0 yaw:-2.55002281971] 
1621698809405 [Update odom] 
1621698809419 [vx:0.0 vy:0.0 yaw:-2.55430249625] 
1621698809503 [Update odom] 
1621698809514 [vx:0.0 vy:0.0 yaw:-2.55871098551] 
1621698809605 [Update odom] 
1621698809618 [vx:0.0 vy:0.0 yaw:-2.5660321995] 
1621698809703 [Update odom] 
1621698809715 [vx:0.0 vy:0.0 yaw:-2.56315045579] 
1621698809806 [Update odom] 
1621698809818 [vx:0.0 vy:0.0 yaw:-2.54788334789] 
1621698809904 [Update odom] 
1621698809945 [vx:0.0 vy:0.0 yaw:-2.53480240112] 
1621698810003 [Update odom] 
1621698810014 [vx:0.0 vy:0.0 yaw:-2.52795403979] 
1621698810103 [Update odom] 
1621698810116 [vx:0.0 vy:0.0 yaw:-2.53088491914] 
1621698810203 [Update odom] 
1621698810214 [vx:0.0 vy:0.0 yaw:-2.53965857511] 
1621698810303 [Update odom] 
1621698810314 [vx:0.0 vy:0.0 yaw:-2.54493833053] 
1621698810419 [Update odom] 
1621698810433 [vx:0.0 vy:0.0 yaw:-2.54821603193] 
1621698810503 [Update odom] 
1621698810518 [vx:0.0 vy:0.0 yaw:-2.54844006595] 
1621698810615 [Update odom] 
1621698810631 [vx:0.0 vy:0.0 yaw:-2.53973227678] 
1621698810703 [Update odom] 
1621698810729 [vx:0.0 vy:0.0 yaw:-2.53667582684] 
1621698810803 [Update odom] 
1621698810825 [vx:0.0 vy:0.0 yaw:-2.53414606787] 
1621698810903 [Update odom] 
1621698810915 [vx:0.0 vy:0.0 yaw:-2.53312983309] 
1621698811003 [Update odom] 
1621698811021 [vx:0.0 vy:0.0 yaw:-2.52245464262] 
1621698811103 [Update odom] 
1621698811133 [vx:0.0 vy:0.0 yaw:-2.53148608098] 
1621698811203 [Update odom] 
1621698811214 [vx:0.0 vy:0.0 yaw:-2.53512569392] 
1621698811306 [Update odom] 
1621698811341 [vx:0.0 vy:0.0 yaw:-2.54521983777] 
1621698811403 [Update odom] 
1621698811418 [vx:0.0 vy:0.0 yaw:-2.55266216585] 
1621698811503 [Update odom] 
1621698811514 [vx:0.0 vy:0.0 yaw:-2.55404960788] 
1621698811603 [Update odom] 
1621698811614 [vx:0.0 vy:0.0 yaw:-2.55909905552] 
1621698811709 [Update odom] 
1621698811733 [vx:0.0 vy:0.0 yaw:-2.54921522932] 
1621698811803 [Update odom] 
1621698811815 [vx:0.0 vy:0.0 yaw:-2.54956426297] 
1621698811903 [Update odom] 
1621698811915 [vx:0.0 vy:0.0 yaw:-2.55369998876] 
1621698812003 [Update odom] 
1621698812014 [vx:0.0 vy:0.0 yaw:-2.56148141015] 
1621698812103 [Update odom] 
1621698812136 [vx:0.0 vy:0.0 yaw:-2.55596676448] 
1621698812203 [Update odom] 
1621698812214 [vx:0.0 vy:0.0 yaw:-2.54570160922] 
1621698812303 [Update odom] 
1621698812314 [vx:0.0 vy:0.0 yaw:-2.54385440166] 
1621698812403 [Update odom] 
1621698812455 [vx:0.0 vy:0.0 yaw:-2.55004555765] 
1621698812503 [Update odom] 
1621698812514 [vx:0.0 vy:0.0 yaw:-2.55621341116] 
1621698812603 [Update odom] 
1621698812614 [vx:0.0 vy:0.0 yaw:-2.56249646433] 
1621698812705 [Update odom] 
1621698812722 [vx:0.0 vy:0.0 yaw:-2.56730442604] 
1621698812803 [Update odom] 
1621698812815 [vx:0.0 vy:0.0 yaw:-2.56704145139] 
1621698812903 [Update odom] 
1621698812914 [vx:0.0 vy:0.0 yaw:-2.56575647439] 
1621698813003 [Update odom] 
1621698813024 [vx:0.0 vy:0.0 yaw:-2.55195886689] 
1621698813103 [Update odom] 
1621698813120 [vx:0.0 vy:0.0 yaw:-2.54384664924] 
1621698813214 [Update odom] 
1621698813226 [vx:0.0 vy:0.0 yaw:-2.53305395257] 
1621698813303 [Update odom] 
1621698813321 [vx:0.0 vy:0.0 yaw:-2.52795112169] 
1621698813410 [Update odom] 
1621698813426 [vx:0.0 vy:0.0 yaw:-2.53259650127] 
1621698813518 [Update odom] 
1621698813532 [vx:0.0 vy:0.0 yaw:-2.53618093246] 
1621698813603 [Update odom] 
1621698813615 [vx:0.0 vy:0.0 yaw:-2.53721765349] 
1621698813703 [Update odom] 
1621698813715 [vx:0.0 vy:0.0 yaw:-2.53549830378] 
1621698813803 [Update odom] 
1621698813814 [vx:0.0 vy:0.0 yaw:-2.54181890175] 
1621698813903 [Update odom] 
1621698813915 [vx:0.0 vy:0.0 yaw:-2.54125000756] 
1621698814003 [Update odom] 
1621698814015 [vx:0.0 vy:0.0 yaw:-2.53333819621] 
1621698814103 [Update odom] 
1621698814114 [vx:0.0 vy:0.0 yaw:-2.53577699021] 
1621698814211 [Update odom] 
1621698814225 [vx:0.0 vy:0.0 yaw:-2.53361339298] 
1621698814303 [Update odom] 
1621698814314 [vx:0.0 vy:0.0 yaw:-2.52459131909] 
1621698814403 [Update odom] 
1621698814417 [vx:0.0 vy:0.0 yaw:-2.52246350666] 
1621698814503 [Update odom] 
1621698814515 [vx:0.0 vy:0.0 yaw:-2.52213559427] 
1621698814605 [Update odom] 
1621698814625 [vx:0.0 vy:0.0 yaw:-2.50982409633] 
1621698814703 [Update odom] 
1621698814718 [vx:0.0 vy:0.0 yaw:-2.51544036459] 
1621698814803 [Update odom] 
1621698814818 [vx:0.0 vy:0.0 yaw:-2.51982355937] 
1621698814903 [Update odom] 
1621698814924 [vx:0.0 vy:0.0 yaw:-2.53598067125] 
1621698815003 [Update odom] 
1621698815015 [vx:0.0 vy:0.0 yaw:-2.54704482146] 
1621698815103 [Update odom] 
1621698815114 [vx:0.0 vy:0.0 yaw:-2.55709687679] 
1621698815205 [Update odom] 
1621698815218 [vx:0.0 vy:0.0 yaw:-2.55450856401] 
1621698815305 [Update odom] 
1621698815318 [vx:0.0 vy:0.0 yaw:-2.55600444739] 
1621698815403 [Update odom] 
1621698815414 [vx:0.0 vy:0.0 yaw:-2.56146104024] 
1621698815503 [Update odom] 
1621698815514 [vx:0.0 vy:0.0 yaw:-2.56671080855] 
1621698815607 [Update odom] 
1621698815618 [vx:0.0 vy:0.0 yaw:-2.57058592377] 
1621698815703 [Update odom] 
1621698815716 [vx:0.0 vy:0.0 yaw:-2.58207736475] 
1621698815803 [Update odom] 
1621698815822 [vx:0.0 vy:0.0 yaw:-2.59637344273] 
1621698815903 [Update odom] 
1621698815922 [vx:0.0 vy:0.0 yaw:-2.60989679707] 
1621698816003 [Update odom] 
1621698816014 [vx:0.0 vy:0.0 yaw:-2.61823911205] 
1621698816103 [Update odom] 
1621698816115 [vx:0.0 vy:0.0 yaw:-2.61497117816] 
1621698816203 [Update odom] 
1621698816215 [vx:0.0 vy:0.0 yaw:-2.6020082573] 
1621698816303 [Update odom] 
1621698816314 [vx:0.0 vy:0.0 yaw:-2.58500764343] 
1621698816403 [Update odom] 
1621698816414 [vx:0.0 vy:0.0 yaw:-2.5658819046] 
1621698816503 [Update odom] 
1621698816518 [vx:0.0 vy:0.0 yaw:-2.5533841071] 
1621698816603 [Update odom] 
1621698816616 [vx:0.0 vy:0.0 yaw:-2.55965800629] 
1621698816704 [Update odom] 
1621698816714 [vx:0.0 vy:0.0 yaw:-2.56315380994] 
1621698816804 [Update odom] 
1621698816816 [vx:0.0 vy:0.0 yaw:-2.56584810216] 
1621698816904 [Update odom] 
1621698816920 [vx:0.0 vy:0.0 yaw:-2.55970916492] 
1621698817003 [Update odom] 
1621698817014 [vx:0.0 vy:0.0 yaw:-2.55101570294] 
1621698817103 [Update odom] 
1621698817114 [vx:0.0 vy:0.0 yaw:-2.53209679622] 
1621698817203 [Update odom] 
1621698817218 [vx:0.0 vy:0.0 yaw:-2.53960709212] 
1621698817303 [Update odom] 
1621698817315 [vx:0.0 vy:0.0 yaw:-2.54592840517] 
1621698817403 [Update odom] 
1621698817415 [vx:0.0 vy:0.0 yaw:-2.54344129362] 
1621698817503 [Update odom] 
1621698817514 [vx:0.0 vy:0.0 yaw:-2.53386451894] 
1621698817603 [Update odom] 
1621698817615 [vx:0.0 vy:0.0 yaw:-2.54152711356] 
1621698817703 [Update odom] 
1621698817716 [vx:0.0 vy:0.0 yaw:-2.53926180626] 
1621698817803 [Update odom] 
1621698817814 [vx:0.0 vy:0.0 yaw:-2.54807447995] 
1621698817903 [Update odom] 
1621698817914 [vx:0.0 vy:0.0 yaw:-2.56093379407] 
1621698818003 [Update odom] 
1621698818014 [vx:0.0 vy:0.0 yaw:-2.57091871628] 
1621698818114 [Update odom] 
1621698818126 [vx:0.0 vy:0.0 yaw:-2.57947826883] 
1621698818203 [Update odom] 
1621698818215 [vx:0.0 vy:0.0 yaw:-2.58649810359] 
1621698818304 [Update odom] 
1621698818316 [vx:0.0 vy:0.0 yaw:-2.58132735091] 
1621698818403 [Update odom] 
1621698818415 [vx:0.0 vy:0.0 yaw:-2.56128386495] 
1621698818503 [Update odom] 
1621698818514 [vx:0.0 vy:0.0 yaw:-2.54668782878] 
1621698818603 [Update odom] 
1621698818614 [vx:0.0 vy:0.0 yaw:-2.5363613041] 
1621698818703 [Update odom] 
1621698818714 [vx:0.0 vy:0.0 yaw:-2.52438469099] 
1621698818803 [Update odom] 
1621698818814 [vx:0.0 vy:0.0 yaw:-2.51356532803] 
1621698818904 [Update odom] 
1621698818918 [vx:0.0 vy:0.0 yaw:-2.51061101515] 
1621698819003 [Update odom] 
1621698819014 [vx:0.0 vy:0.0 yaw:-2.51764508121] 
1621698819103 [Update odom] 
1621698819126 [vx:0.0 vy:0.0 yaw:-2.52532215178] 
1621698819208 [Update odom] 
1621698819220 [vx:0.0 vy:0.0 yaw:-2.53015327255] 
1621698819303 [Update odom] 
1621698819314 [vx:0.0 vy:0.0 yaw:-2.53407316444] 
1621698819403 [Update odom] 
1621698819418 [vx:0.0 vy:0.0 yaw:-2.53813473899] 
1621698819503 [Update odom] 
1621698819533 [vx:0.0 vy:0.0 yaw:-2.5404252675] 
1621698819603 [Update odom] 
1621698819614 [vx:0.0 vy:0.0 yaw:-2.54186530074] 
1621698819703 [Update odom] 
1621698819714 [vx:0.0 vy:0.0 yaw:-2.54249123822] 
1621698819803 [Update odom] 
1621698819814 [vx:0.0 vy:0.0 yaw:-2.53936927905] 
1621698819906 [Update odom] 
1621698819916 [vx:0.0 vy:0.0 yaw:-2.53267891079] 
1621698820003 [Update odom] 
1621698820014 [vx:0.0 vy:0.0 yaw:-2.52332724329] 
1621698820103 [Update odom] 
1621698820119 [vx:0.0 vy:0.0 yaw:-2.5182126292] 
1621698820203 [Update odom] 
1621698820237 [vx:0.0 vy:0.0 yaw:-2.5298001145] 
1621698820306 [Update odom] 
1621698820322 [vx:0.0 vy:0.0 yaw:-2.53388401549] 
1621698820403 [Update odom] 
1621698820419 [vx:0.0 vy:0.0 yaw:-2.54223072022] 
1621698820503 [Update odom] 
1621698820515 [vx:0.0 vy:0.0 yaw:-2.55135327687] 
1621698820603 [Update odom] 
1621698820614 [vx:0.0 vy:0.0 yaw:-2.54421263005] 
1621698820716 [Update odom] 
1621698820726 [vx:0.0 vy:0.0 yaw:-2.55448041007] 
1621698820806 [Update odom] 
1621698820820 [vx:0.0 vy:0.0 yaw:-2.54891959585] 
1621698820903 [Update odom] 
1621698820916 [vx:0.0 vy:0.0 yaw:-2.53747071173] 
1621698821007 [Update odom] 
1621698821018 [vx:0.0 vy:0.0 yaw:-2.53773222936] 
1621698821103 [Update odom] 
1621698821115 [vx:0.0 vy:0.0 yaw:-2.54403708716] 
1621698821203 [Update odom] 
1621698821214 [vx:0.0 vy:0.0 yaw:-2.53800211235] 
1621698821303 [Update odom] 
1621698821314 [vx:0.0 vy:0.0 yaw:-2.54379097793] 
1621698821403 [Update odom] 
1621698821414 [vx:0.0 vy:0.0 yaw:-2.5511083525] 
1621698821503 [Update odom] 
1621698821515 [vx:0.0 vy:0.0 yaw:-2.55713026689] 
1621698821603 [Update odom] 
1621698821616 [vx:0.0 vy:0.0 yaw:-2.55743109297] 
1621698821710 [Update odom] 
1621698821716 [vx:0.0 vy:0.0 yaw:-2.54838284695] 
1621698821803 [Update odom] 
1621698821818 [vx:0.0 vy:0.0 yaw:-2.53443671764] 
1621698821903 [Update odom] 
1621698821914 [vx:0.0 vy:0.0 yaw:-2.52261498204] 
1621698822003 [Update odom] 
1621698822014 [vx:0.0 vy:0.0 yaw:-2.50874911393] 
1621698822103 [Update odom] 
1621698822114 [vx:0.0 vy:0.0 yaw:-2.50131952353] 
1621698822203 [Update odom] 
1621698822214 [vx:0.0 vy:0.0 yaw:-2.50888623451] 
1621698822312 [Update odom] 
1621698822322 [vx:0.0 vy:0.0 yaw:-2.51708606849] 
1621698822403 [Update odom] 
1621698822414 [vx:0.0 vy:0.0 yaw:-2.52326592263] 
1621698822503 [Update odom] 
1621698822523 [vx:0.0 vy:0.0 yaw:-2.52745615545] 
1621698822603 [Update odom] 
1621698822614 [vx:0.0 vy:0.0 yaw:-2.52974098793] 
1621698822703 [Update odom] 
1621698822714 [vx:0.0 vy:0.0 yaw:-2.53782552374] 
1621698822805 [Update odom] 
1621698822818 [vx:0.0 vy:0.0 yaw:-2.5430073674] 
1621698822903 [Update odom] 
1621698822914 [vx:0.0 vy:0.0 yaw:-2.55289967313] 
1621698823007 [Update odom] 
1621698823018 [vx:0.0 vy:0.0 yaw:-2.5614237128] 
1621698823103 [Update odom] 
1621698823146 [vx:0.0 vy:0.0 yaw:-2.56587402405] 
1621698823203 [Update odom] 
1621698823214 [vx:0.0 vy:0.0 yaw:-2.56157030174] 
1621698823303 [Update odom] 
1621698823314 [vx:0.0 vy:0.0 yaw:-2.56004489383] 
1621698823403 [Update odom] 
1621698823414 [vx:0.0 vy:0.0 yaw:-2.55736337329] 
1621698823503 [Update odom] 
1621698823526 [vx:0.0 vy:0.0 yaw:-2.55149730117] 
1621698823603 [Update odom] 
1621698823614 [vx:0.0 vy:0.0 yaw:-2.55798482958] 
1621698823703 [Update odom] 
1621698823714 [vx:0.0 vy:0.0 yaw:-2.54844973244] 
1621698823804 [Update odom] 
1621698823814 [vx:0.0 vy:0.0 yaw:-2.53871033756] 
1621698823903 [Update odom] 
1621698823914 [vx:0.0 vy:0.0 yaw:-2.54363965764] 
1621698824003 [Update odom] 
1621698824016 [vx:0.0 vy:0.0 yaw:-2.54101270933] 
1621698824103 [Update odom] 
1621698824152 [vx:0.0 vy:0.0 yaw:-2.53399043001] 
1621698824213 [Update odom] 
1621698824230 [vx:0.0 vy:0.0 yaw:-2.54079725277] 
1621698824303 [Update odom] 
1621698824333 [vx:0.0 vy:0.0 yaw:-2.54154182845] 
1621698824440 [Update odom] 
1621698824458 [vx:0.0 vy:0.0 yaw:-2.53456349551] 
1621698824504 [Update odom] 
1621698824524 [vx:0.0 vy:0.0 yaw:-2.53609385181] 
1621698824603 [Update odom] 
1621698824614 [vx:0.0 vy:0.0 yaw:-2.54340093018] 
1621698824703 [Update odom] 
1621698824734 [vx:0.0 vy:0.0 yaw:-2.53476648369] 
1621698824803 [Update odom] 
1621698824814 [vx:0.0 vy:0.0 yaw:-2.54559476163] 
1621698824911 [Update odom] 
1621698824936 [vx:0.0 vy:0.0 yaw:-2.56017474437] 
1621698825015 [Update odom] 
1621698825034 [vx:0.0 vy:0.0 yaw:-2.56148758304] 
1621698825105 [Update odom] 
1621698825118 [vx:0.0 vy:0.0 yaw:-2.56563643255] 
1621698825203 [Update odom] 
1621698825214 [vx:0.0 vy:0.0 yaw:-2.56793851752] 
1621698825303 [Update odom] 
1621698825324 [vx:0.0 vy:0.0 yaw:-2.55811529971] 
1621698825404 [Update odom] 
1621698825421 [vx:0.0 vy:0.0 yaw:-2.55817414463] 
1621698825503 [Update odom] 
1621698825539 [vx:0.0 vy:0.0 yaw:-2.55820248818] 
1621698825603 [Update odom] 
1621698825614 [vx:0.0 vy:0.0 yaw:-2.55815276045] 
1621698825705 [Update odom] 
1621698825718 [vx:0.0 vy:0.0 yaw:-2.55003447843] 
1621698825803 [Update odom] 
1621698825814 [vx:0.0 vy:0.0 yaw:-2.55868454591] 
1621698825903 [Update odom] 
1621698825914 [vx:0.0 vy:0.0 yaw:-2.5563945531] 
1621698826003 [Update odom] 
1621698826019 [vx:0.0 vy:0.0 yaw:-2.54639671034] 
1621698826103 [Update odom] 
1621698826116 [vx:0.0 vy:0.0 yaw:-2.53936845449] 
1621698826205 [Update odom] 
1621698826222 [vx:0.0 vy:0.0 yaw:-2.5484614185] 
1621698826303 [Update odom] 
1621698826310 [vx:0.0 vy:0.0 yaw:-2.56385739775] 
1621698826403 [Update odom] 
1621698826414 [vx:0.0 vy:0.0 yaw:-2.56923844802] 
1621698826503 [Update odom] 
1621698826514 [vx:0.0 vy:0.0 yaw:-2.58468765083] 
1621698826604 [Update odom] 
1621698826618 [vx:0.0 vy:0.0 yaw:-2.59079937843] 
1621698826703 [Update odom] 
1621698826719 [vx:0.0 vy:0.0 yaw:-2.58842564268] 
1621698826806 [Update odom] 
1621698826832 [vx:0.0 vy:0.0 yaw:-2.56706857725] 
1621698826903 [Update odom] 
1621698826918 [vx:0.0 vy:0.0 yaw:-2.55158497164] 
1621698827004 [Update odom] 
1621698827021 [vx:0.0 vy:0.0 yaw:-2.54828636892] 
1621698827103 [Update odom] 
1621698827114 [vx:0.0 vy:0.0 yaw:-2.55407496663] 
1621698827203 [Update odom] 
1621698827218 [vx:0.0 vy:0.0 yaw:-2.55540450316] 
1621698827303 [Update odom] 
1621698827316 [vx:0.0 vy:0.0 yaw:-2.54728936128] 
1621698827405 [Update odom] 
1621698827419 [vx:0.0 vy:0.0 yaw:-2.53719414998] 
1621698827503 [Update odom] 
1621698827514 [vx:0.0 vy:0.0 yaw:-2.53457296139] 
1621698827606 [Update odom] 
1621698827619 [vx:0.0 vy:0.0 yaw:-2.54076386603] 
1621698827703 [Update odom] 
1621698827717 [vx:0.0 vy:0.0 yaw:-2.54867196581] 
1621698827803 [Update odom] 
1621698827816 [vx:0.0 vy:0.0 yaw:-2.55070115192] 
1621698827905 [Update odom] 
1621698827922 [vx:0.0 vy:0.0 yaw:-2.55438446933] 
1621698828007 [Update odom] 
1621698828020 [vx:0.0 vy:0.0 yaw:-2.56847271119] 
1621698828103 [Update odom] 
1621698828114 [vx:0.0 vy:0.0 yaw:-2.56917171494] 
1621698828203 [Update odom] 
1621698828254 [vx:0.0 vy:0.0 yaw:-2.55785227304] 
1621698828305 [Update odom] 
1621698828318 [vx:0.0 vy:0.0 yaw:-2.55937136719] 
1621698828405 [Update odom] 
1621698828434 [vx:0.0 vy:0.0 yaw:-2.56640003184] 
1621698828506 [Update odom] 
1621698828516 [vx:0.0 vy:0.0 yaw:-2.55595936827] 
1621698828609 [Update odom] 
1621698828622 [vx:0.0 vy:0.0 yaw:-2.54791525338] 
1621698828703 [Update odom] 
1621698828717 [vx:0.0 vy:0.0 yaw:-2.53589835984] 
1621698828808 [Update odom] 
1621698828839 [vx:0.0 vy:0.0 yaw:-2.54242427143] 
1621698828903 [Update odom] 
1621698828931 [vx:0.0 vy:0.0 yaw:-2.55091653109] 
1621698829003 [Update odom] 
1621698829014 [vx:0.0 vy:0.0 yaw:-2.54707634389] 
1621698829103 [Update odom] 
1621698829114 [vx:0.0 vy:0.0 yaw:-2.54624405153] 
1621698829203 [Update odom] 
1621698829214 [vx:0.0 vy:0.0 yaw:-2.54543155486] 
1621698829303 [Update odom] 
1621698829325 [vx:0.0 vy:0.0 yaw:-2.53211704054] 
1621698829403 [Update odom] 
1621698829415 [vx:0.0 vy:0.0 yaw:-2.53532764972] 
1621698829503 [Update odom] 
1621698829523 [vx:0.0 vy:0.0 yaw:-2.52706541798] 
1621698829603 [Update odom] 
1621698829616 [vx:0.0 vy:0.0 yaw:-2.52687885037] 
1621698829703 [Update odom] 
1621698829730 [vx:0.0 vy:0.0 yaw:-2.52572093191] 
1621698829803 [Update odom] 
1621698829827 [vx:0.0 vy:0.0 yaw:-2.52378877481] 
1621698829903 [Update odom] 
1621698829918 [vx:0.0 vy:0.0 yaw:-2.53110227541] 
1621698830003 [Update odom] 
1621698830014 [vx:0.0 vy:0.0 yaw:-2.53445814485] 
1621698830103 [Update odom] 
1621698830114 [vx:0.0 vy:0.0 yaw:-2.53976151949] 
1621698830203 [Update odom] 
1621698830214 [vx:0.0 vy:0.0 yaw:-2.55021372477] 
1621698830303 [Update odom] 
1621698830314 [vx:0.0 vy:0.0 yaw:-2.56118637794] 
1621698830403 [Update odom] 
1621698830414 [vx:0.0 vy:0.0 yaw:-2.57111400499] 
1621698830503 [Update odom] 
1621698830514 [vx:0.0 vy:0.0 yaw:-2.57634014018] 
1621698830603 [Update odom] 
1621698830614 [vx:0.0 vy:0.0 yaw:-2.57079113583] 
1621698830703 [Update odom] 
1621698830714 [vx:0.0 vy:0.0 yaw:-2.55988540781] 
1621698830803 [Update odom] 
1621698830814 [vx:0.0 vy:0.0 yaw:-2.54697390721] 
1621698830903 [Update odom] 
1621698830914 [vx:0.0 vy:0.0 yaw:-2.55697660546] 
1621698831003 [Update odom] 
1621698831014 [vx:0.0 vy:0.0 yaw:-2.55387538999] 
1621698831103 [Update odom] 
1621698831115 [vx:0.0 vy:0.0 yaw:-2.55696038371] 
1621698831203 [Update odom] 
1621698831214 [vx:0.0 vy:0.0 yaw:-2.56483569561] 
1621698831303 [Update odom] 
1621698831314 [vx:0.0 vy:0.0 yaw:-2.57074781414] 
1621698831403 [Update odom] 
1621698831415 [vx:0.0 vy:0.0 yaw:-2.56635099279] 
1621698831503 [Update odom] 
1621698831515 [vx:0.0 vy:0.0 yaw:-2.57168523112] 
1621698831603 [Update odom] 
1621698831615 [vx:0.0 vy:0.0 yaw:-2.57092596496] 
1621698831704 [Update odom] 
1621698831714 [vx:0.0 vy:0.0 yaw:-2.56926053009] 
1621698831803 [Update odom] 
1621698831814 [vx:0.0 vy:0.0 yaw:-2.56789448862] 
1621698831903 [Update odom] 
1621698831914 [vx:0.0 vy:0.0 yaw:-2.5536334346] 
1621698832005 [Update odom] 
1621698832020 [vx:0.0 vy:0.0 yaw:-2.55496209311] 
1621698832103 [Update odom] 
1621698832115 [vx:0.0 vy:0.0 yaw:-2.55766038325] 
1621698832203 [Update odom] 
1621698832214 [vx:0.0 vy:0.0 yaw:-2.55842922244] 
1621698832303 [Update odom] 
1621698832314 [vx:0.0 vy:0.0 yaw:-2.56060184462] 
1621698832408 [Update odom] 
1621698832418 [vx:0.0 vy:0.0 yaw:-2.56107155205] 
1621698832503 [Update odom] 
1621698832514 [vx:0.0 vy:0.0 yaw:-2.5619204965] 
1621698832603 [Update odom] 
1621698832619 [vx:0.0 vy:0.0 yaw:-2.56193045201] 
1621698832703 [Update odom] 
1621698832755 [vx:0.0 vy:0.0 yaw:-2.56191630322] 
1621698832807 [Update odom] 
1621698832818 [vx:0.0 vy:0.0 yaw:-2.56211248699] 
1621698832903 [Update odom] 
1621698832914 [vx:0.0 vy:0.0 yaw:-2.55865253422] 
1621698833003 [Update odom] 
1621698833014 [vx:0.0 vy:0.0 yaw:-2.54679691388] 
1621698833103 [Update odom] 
1621698833114 [vx:0.0 vy:0.0 yaw:-2.5337591476] 
1621698833203 [Update odom] 
1621698833214 [vx:0.0 vy:0.0 yaw:-2.5322527584] 
1621698833303 [Update odom] 
1621698833316 [vx:0.0 vy:0.0 yaw:-2.53849608704] 
1621698833427 [Update odom] 
1621698833458 [vx:0.0 vy:0.0 yaw:-2.55891418914] 
1621698833505 [Update odom] 
1621698833518 [vx:0.0 vy:0.0 yaw:-2.56858878633] 
1621698833603 [Update odom] 
1621698833616 [vx:0.0 vy:0.0 yaw:-2.57230803094] 
1621698833710 [Update odom] 
1621698833734 [vx:0.0 vy:0.0 yaw:-2.57263978254] 
1621698833803 [Update odom] 
1621698833814 [vx:0.0 vy:0.0 yaw:-2.56954041764] 
1621698833903 [Update odom] 
1621698833914 [vx:0.0 vy:0.0 yaw:-2.55377126375] 
1621698834003 [Update odom] 
1621698834017 [vx:0.0 vy:0.0 yaw:-2.54050704863] 
1621698834103 [Update odom] 
1621698834115 [vx:0.0 vy:0.0 yaw:-2.53501840539] 
1621698834203 [Update odom] 
1621698834214 [vx:0.0 vy:0.0 yaw:-2.53616062616] 
1621698834303 [Update odom] 
1621698834314 [vx:0.0 vy:0.0 yaw:-2.53924551834] 
1621698834403 [Update odom] 
1621698834415 [vx:0.0 vy:0.0 yaw:-2.53234930952] 
1621698834525 [Update odom] 
1621698834538 [vx:0.0 vy:0.0 yaw:-2.53134798528] 
1621698834603 [Update odom] 
1621698834615 [vx:0.0 vy:0.0 yaw:-2.53764045178] 
1621698834703 [Update odom] 
1621698834715 [vx:0.0 vy:0.0 yaw:-2.54146663996] 
1621698834805 [Update odom] 
1621698834822 [vx:0.0 vy:0.0 yaw:-2.54311399115] 
1621698834904 [Update odom] 
1621698834916 [vx:0.0 vy:0.0 yaw:-2.54365959409] 
1621698835003 [Update odom] 
1621698835015 [vx:0.0 vy:0.0 yaw:-2.54390349159] 
1621698835103 [Update odom] 
1621698835117 [vx:0.0 vy:0.0 yaw:-2.54917195902] 
1621698835203 [Update odom] 
1621698835214 [vx:0.0 vy:0.0 yaw:-2.55114082383] 
1621698835303 [Update odom] 
1621698835353 [vx:0.0 vy:0.0 yaw:-2.53666925769] 
1621698835403 [Update odom] 
1621698835419 [vx:0.0 vy:0.0 yaw:-2.52841697991] 
1621698835503 [Update odom] 
1621698835540 [vx:0.0 vy:0.0 yaw:-2.51929007148] 
1621698835603 [Update odom] 
1621698835620 [vx:0.0 vy:0.0 yaw:-2.51788898646] 
1621698835703 [Update odom] 
1621698835718 [vx:0.0 vy:0.0 yaw:-2.51106885018] 
1621698835803 [Update odom] 
1621698835814 [vx:0.0 vy:0.0 yaw:-2.50626780938] 
1621698835904 [Update odom] 
1621698835920 [vx:0.0 vy:0.0 yaw:-2.50155389697] 
1621698836003 [Update odom] 
1621698836014 [vx:0.0 vy:0.0 yaw:-2.49880085841] 
1621698836103 [Update odom] 
1621698836116 [vx:0.0 vy:0.0 yaw:-2.49835628053] 
1621698836203 [Update odom] 
1621698836214 [vx:0.0 vy:0.0 yaw:-2.49839050907] 
1621698836305 [Update odom] 
1621698836318 [vx:0.0 vy:0.0 yaw:-2.51203352999] 
1621698836403 [Update odom] 
1621698836414 [vx:0.0 vy:0.0 yaw:-2.52830504369] 
1621698836503 [Update odom] 
1621698836514 [vx:0.0 vy:0.0 yaw:-2.54145494266] 
1621698836603 [Update odom] 
1621698836614 [vx:0.0 vy:0.0 yaw:-2.5401856703] 
1621698836705 [Update odom] 
1621698836722 [vx:0.0 vy:0.0 yaw:-2.53954063491] 
1621698836803 [Update odom] 
1621698836814 [vx:0.0 vy:0.0 yaw:-2.54805519104] 
1621698836903 [Update odom] 
1621698836918 [vx:0.0 vy:0.0 yaw:-2.55308982606] 
1621698837009 [Update odom] 
1621698837022 [vx:0.0 vy:0.0 yaw:-2.55907021777] 
1621698837105 [Update odom] 
1621698837136 [vx:0.0 vy:0.0 yaw:-2.56383504049] 
1621698837203 [Update odom] 
1621698837214 [vx:0.0 vy:0.0 yaw:-2.55923934562] 
1621698837303 [Update odom] 
1621698837329 [vx:0.0 vy:0.0 yaw:-2.5455627329] 
1621698837403 [Update odom] 
1621698837416 [vx:0.0 vy:0.0 yaw:-2.52504198326] 
1621698837508 [Update odom] 
1621698837519 [vx:0.0 vy:0.0 yaw:-2.5348656718] 
1621698837603 [Update odom] 
1621698837614 [vx:0.0 vy:0.0 yaw:-2.53169392576] 
1621698837703 [Update odom] 
1621698837714 [vx:0.0 vy:0.0 yaw:-2.53444953888] 
1621698837803 [Update odom] 
1621698837814 [vx:0.0 vy:0.0 yaw:-2.54399913837] 
1621698837903 [Update odom] 
1621698837916 [vx:0.0 vy:0.0 yaw:-2.54893699587] 
1621698838003 [Update odom] 
1621698838051 [vx:0.0 vy:0.0 yaw:-2.53887162408] 
1621698838108 [Update odom] 
1621698838119 [vx:0.0 vy:0.0 yaw:-2.53608371782] 
1621698838203 [Update odom] 
1621698838214 [vx:0.0 vy:0.0 yaw:-2.53354133141] 
1621698838303 [Update odom] 
1621698838317 [vx:0.0 vy:0.0 yaw:-2.53391670712] 
1621698838403 [Update odom] 
1621698838423 [vx:0.0 vy:0.0 yaw:-2.54190378181] 
1621698838503 [Update odom] 
1621698838514 [vx:0.0 vy:0.0 yaw:-2.53345493027] 
1621698838604 [Update odom] 
1621698838614 [vx:0.0 vy:0.0 yaw:-2.52469632552] 
1621698838703 [Update odom] 
1621698838729 [vx:0.0 vy:0.0 yaw:-2.51929966804] 
1621698838803 [Update odom] 
1621698838818 [vx:0.0 vy:0.0 yaw:-2.53106335358] 
1621698838903 [Update odom] 
1621698838915 [vx:0.0 vy:0.0 yaw:-2.54525236188] 
1621698839004 [Update odom] 
1621698839019 [vx:0.0 vy:0.0 yaw:-2.55999750579] 
1621698839103 [Update odom] 
1621698839116 [vx:0.0 vy:0.0 yaw:-2.5617071284] 
1621698839203 [Update odom] 
1621698839218 [vx:0.0 vy:0.0 yaw:-2.56962109122] 
1621698839338 [Update odom] 
1621698839356 [vx:0.0 vy:0.0 yaw:-2.578716461] 
1621698839403 [Update odom] 
1621698839414 [vx:0.0 vy:0.0 yaw:-2.582750884] 
1621698839503 [Update odom] 
1621698839514 [vx:0.0 vy:0.0 yaw:-2.57497171506] 
1621698839603 [Update odom] 
1621698839635 [vx:0.0 vy:0.0 yaw:-2.57339786254] 
1621698839704 [Update odom] 
1621698839729 [vx:0.0 vy:0.0 yaw:-2.57486221671] 
1621698839805 [Update odom] 
1621698839819 [vx:0.0 vy:0.0 yaw:-2.57327601908] 
1621698839903 [Update odom] 
1621698839920 [vx:0.0 vy:0.0 yaw:-2.57508851334] 
1621698840004 [Update odom] 
1621698840014 [vx:0.0 vy:0.0 yaw:-2.57182469569] 
1621698840105 [Update odom] 
1621698840122 [vx:0.0 vy:0.0 yaw:-2.56862463733] 
1621698840205 [Update odom] 
1621698840230 [vx:0.0 vy:0.0 yaw:-2.56697741944] 
1621698840308 [Update odom] 
1621698840318 [vx:0.0 vy:0.0 yaw:-2.56468638664] 
1621698840403 [Update odom] 
1621698840433 [vx:0.0 vy:0.0 yaw:-2.56301912413] 
1621698840503 [Update odom] 
1621698840514 [vx:0.0 vy:0.0 yaw:-2.56609238828] 
1621698840603 [Update odom] 
1621698840622 [vx:0.0 vy:0.0 yaw:-2.56891048554] 
1621698840703 [Update odom] 
1621698840715 [vx:0.0 vy:0.0 yaw:-2.56701454565] 
1621698840803 [Update odom] 
1621698840838 [vx:0.0 vy:0.0 yaw:-2.54968105014] 
1621698840903 [Update odom] 
1621698840914 [vx:0.0 vy:0.0 yaw:-2.5408410537] 
1621698841008 [Update odom] 
1621698841034 [vx:0.0 vy:0.0 yaw:-2.52403102313] 
1621698841103 [Update odom] 
1621698841114 [vx:0.0 vy:0.0 yaw:-2.52637623789] 
1621698841206 [Update odom] 
1621698841219 [vx:0.0 vy:0.0 yaw:-2.53604572483] 
1621698841322 [Update odom] 
1621698841336 [vx:0.0 vy:0.0 yaw:-2.53881885332] 
1621698841406 [Update odom] 
1621698841421 [vx:0.0 vy:0.0 yaw:-2.53004146169] 
1621698841505 [Update odom] 
1621698841518 [vx:0.0 vy:0.0 yaw:-2.53547866507] 
1621698841603 [Update odom] 
1621698841617 [vx:0.0 vy:0.0 yaw:-2.532838337] 
1621698841703 [Update odom] 
1621698841714 [vx:0.0 vy:0.0 yaw:-2.53117691304] 
1621698841807 [Update odom] 
1621698841821 [vx:0.0 vy:0.0 yaw:-2.52798992621] 
1621698841903 [Update odom] 
1621698841914 [vx:0.0 vy:0.0 yaw:-2.52426321756] 
1621698842003 [Update odom] 
1621698842014 [vx:0.0 vy:0.0 yaw:-2.52063465433] 
1621698842117 [Update odom] 
1621698842130 [vx:0.0 vy:0.0 yaw:-2.51899826526] 
1621698842203 [Update odom] 
1621698842242 [vx:0.0 vy:0.0 yaw:-2.52217398334] 
1621698842303 [Update odom] 
1621698842315 [vx:0.0 vy:0.0 yaw:-2.53058688178] 
1621698842423 [Update odom] 
1621698842434 [vx:0.0 vy:0.0 yaw:-2.53489043939] 
1621698842517 [Update odom] 
1621698842531 [vx:0.0 vy:0.0 yaw:-2.54893419654] 
1621698842603 [Update odom] 
1621698842618 [vx:0.0 vy:0.0 yaw:-2.558292834] 
1621698842703 [Update odom] 
1621698842722 [vx:0.0 vy:0.0 yaw:-2.5662791225] 
1621698842803 [Update odom] 
1621698842820 [vx:0.0 vy:0.0 yaw:-2.56417661055] 
1621698842903 [Update odom] 
1621698842916 [vx:0.0 vy:0.0 yaw:-2.55492704576] 
1621698843003 [Update odom] 
1621698843014 [vx:0.0 vy:0.0 yaw:-2.53386208432] 
1621698843103 [Update odom] 
1621698843123 [vx:0.0 vy:0.0 yaw:-2.53357018246] 
1621698843203 [Update odom] 
1621698843217 [vx:0.0 vy:0.0 yaw:-2.54011225021] 
1621698843305 [Update odom] 
1621698843319 [vx:0.0 vy:0.0 yaw:-2.54408556075] 
1621698843403 [Update odom] 
1621698843415 [vx:0.0 vy:0.0 yaw:-2.53208072416] 
1621698843519 [Update odom] 
1621698843530 [vx:0.0 vy:0.0 yaw:-2.52096637795] 
1621698843605 [Update odom] 
1621698843618 [vx:0.0 vy:0.0 yaw:-2.53136255163] 
1621698843703 [Update odom] 
1621698843720 [vx:0.0 vy:0.0 yaw:-2.54106629543] 
1621698843805 [Update odom] 
1621698843819 [vx:0.0 vy:0.0 yaw:-2.5449999506] 
1621698843903 [Update odom] 
1621698843915 [vx:0.0 vy:0.0 yaw:-2.55813106026] 
1621698844003 [Update odom] 
1621698844014 [vx:0.0 vy:0.0 yaw:-2.5625562372] 
1621698844103 [Update odom] 
1621698844115 [vx:0.0 vy:0.0 yaw:-2.57402041518] 
1621698844203 [Update odom] 
1621698844216 [vx:0.0 vy:0.0 yaw:-2.56766844243] 
1621698844303 [Update odom] 
1621698844314 [vx:0.0 vy:0.0 yaw:-2.55367909545] 
1621698844403 [Update odom] 
1621698844414 [vx:0.0 vy:0.0 yaw:-2.54680929997] 
1621698844503 [Update odom] 
1621698844514 [vx:0.0 vy:0.0 yaw:-2.54754295509] 
1621698844603 [Update odom] 
1621698844622 [vx:0.0 vy:0.0 yaw:-2.54492241527] 
1621698844703 [Update odom] 
1621698844723 [vx:0.0 vy:0.0 yaw:-2.54498799709] 
1621698844803 [Update odom] 
1621698844814 [vx:0.0 vy:0.0 yaw:-2.54486597171] 
1621698844903 [Update odom] 
1621698844915 [vx:0.0 vy:0.0 yaw:-2.53989964022] 
1621698845003 [Update odom] 
1621698845030 [vx:0.0 vy:0.0 yaw:-2.53087131051] 
1621698845117 [Update odom] 
1621698845131 [vx:0.0 vy:0.0 yaw:-2.53867457405] 
1621698845207 [Update odom] 
1621698845219 [vx:0.0 vy:0.0 yaw:-2.5429891021] 
1621698845308 [Update odom] 
1621698845320 [vx:0.0 vy:0.0 yaw:-2.54293058312] 
1621698845403 [Update odom] 
1621698845414 [vx:0.0 vy:0.0 yaw:-2.53944314221] 
1621698845503 [Update odom] 
1621698845518 [vx:0.0 vy:0.0 yaw:-2.52552000906] 
1621698845603 [Update odom] 
1621698845614 [vx:0.0 vy:0.0 yaw:-2.53249974726] 
1621698845707 [Update odom] 
1621698845727 [vx:0.0 vy:0.0 yaw:-2.53863495704] 
1621698845806 [Update odom] 
1621698845819 [vx:0.0 vy:0.0 yaw:-2.5482257748] 
1621698845908 [Update odom] 
1621698845919 [vx:0.0 vy:0.0 yaw:-2.55425092893] 
1621698846003 [Update odom] 
1621698846014 [vx:0.0 vy:0.0 yaw:-2.55842817427] 
1621698846103 [Update odom] 
1621698846114 [vx:0.0 vy:0.0 yaw:-2.56694433568] 
1621698846203 [Update odom] 
1621698846214 [vx:0.0 vy:0.0 yaw:-2.573360963] 
1621698846309 [Update odom] 
1621698846328 [vx:0.0 vy:0.0 yaw:-2.58451059643] 
1621698846403 [Update odom] 
1621698846415 [vx:0.0 vy:0.0 yaw:-2.58761639099] 
1621698846503 [Update odom] 
1621698846515 [vx:0.0 vy:0.0 yaw:-2.5905481471] 
1621698846603 [Update odom] 
1621698846615 [vx:0.0 vy:0.0 yaw:-2.57755641372] 
1621698846703 [Update odom] 
1621698846725 [vx:0.0 vy:0.0 yaw:-2.58062660518] 
1621698846810 [Update odom] 
1621698846825 [vx:0.0 vy:0.0 yaw:-2.58264034856] 
1621698846903 [Update odom] 
1621698846914 [vx:0.0 vy:0.0 yaw:-2.57486021386] 
1621698847008 [Update odom] 
1621698847022 [vx:0.0 vy:0.0 yaw:-2.5608993508] 
1621698847104 [Update odom] 
1621698847109 [vx:0.0 vy:0.0 yaw:-2.56098210635] 
1621698847203 [Update odom] 
1621698847214 [vx:0.0 vy:0.0 yaw:-2.55789288763] 
1621698847304 [Update odom] 
1621698847317 [vx:0.0 vy:0.0 yaw:-2.56305215221] 
1621698847410 [Update odom] 
1621698847422 [vx:0.0 vy:0.0 yaw:-2.57115937991] 
1621698847503 [Update odom] 
1621698847533 [vx:0.0 vy:0.0 yaw:-2.56255430051] 
1621698847603 [Update odom] 
1621698847614 [vx:0.0 vy:0.0 yaw:-2.56022568493] 
1621698847703 [Update odom] 
1621698847714 [vx:0.0 vy:0.0 yaw:-2.56221860419] 
1621698847803 [Update odom] 
1621698847820 [vx:0.0 vy:0.0 yaw:-2.55678916241] 
1621698847903 [Update odom] 
1621698847920 [vx:0.0 vy:0.0 yaw:-2.54665126323] 
1621698848011 [Update odom] 
1621698848023 [vx:0.0 vy:0.0 yaw:-2.5457980945] 
1621698848118 [Update odom] 
1621698848136 [vx:0.0 vy:0.0 yaw:-2.55493994229] 
1621698848212 [Update odom] 
1621698848222 [vx:0.0 vy:0.0 yaw:-2.56856129274] 
1621698848303 [Update odom] 
1621698848317 [vx:0.0 vy:0.0 yaw:-2.57448808803] 
1621698848408 [Update odom] 
1621698848424 [vx:0.0 vy:0.0 yaw:-2.5662562186] 
1621698848503 [Update odom] 
1621698848519 [vx:0.0 vy:0.0 yaw:-2.5614454479] 
1621698848603 [Update odom] 
1621698848615 [vx:0.0 vy:0.0 yaw:-2.5450467981] 
1621698848707 [Update odom] 
1621698848718 [vx:0.0 vy:0.0 yaw:-2.54937098767] 
1621698848805 [Update odom] 
1621698848819 [vx:0.0 vy:0.0 yaw:-2.54219689325] 
1621698848903 [Update odom] 
1621698848914 [vx:0.0 vy:0.0 yaw:-2.54186579143] 
1621698849003 [Update odom] 
1621698849026 [vx:0.0 vy:0.0 yaw:-2.54771890045] 
1621698849103 [Update odom] 
1621698849122 [vx:0.0 vy:0.0 yaw:-2.55271070406] 
1621698849206 [Update odom] 
1621698849291 [vx:0.0 vy:0.0 yaw:-2.55453088048] 
1621698849307 [Update odom] 
1621698849327 [vx:0.0 vy:0.0 yaw:-2.55949813509] 
1621698849403 [Update odom] 
1621698849414 [vx:0.0 vy:0.0 yaw:-2.56074636802] 
1621698849503 [Update odom] 
1621698849514 [vx:0.0 vy:0.0 yaw:-2.5591582518] 
1621698849603 [Update odom] 
1621698849614 [vx:0.0 vy:0.0 yaw:-2.55248033675] 
1621698849715 [Update odom] 
1621698849727 [vx:0.0 vy:0.0 yaw:-2.56567942039] 
1621698849803 [Update odom] 
1621698849817 [vx:0.0 vy:0.0 yaw:-2.57524119421] 
1621698849903 [Update odom] 
1621698849914 [vx:0.0 vy:0.0 yaw:-2.57799253519] 
1621698850005 [Update odom] 
1621698850018 [vx:0.0 vy:0.0 yaw:-2.56645558436] 
1621698850103 [Update odom] 
1621698850114 [vx:0.0 vy:0.0 yaw:-2.54888735129] 
1621698850205 [Update odom] 
1621698850220 [vx:0.0 vy:0.0 yaw:-2.54935076621] 
1621698850304 [Update odom] 
1621698850315 [vx:0.0 vy:0.0 yaw:-2.55582157702] 
1621698850403 [Update odom] 
1621698850414 [vx:0.0 vy:0.0 yaw:-2.56158067961] 
1621698850507 [Update odom] 
1621698850530 [vx:0.0 vy:0.0 yaw:-2.56327022834] 
1621698850603 [Update odom] 
1621698850614 [vx:0.0 vy:0.0 yaw:-2.56222762801] 
1621698850703 [Update odom] 
1621698850714 [vx:0.0 vy:0.0 yaw:-2.55418012551] 
1621698850805 [Update odom] 
1621698850818 [vx:0.0 vy:0.0 yaw:-2.5498099919] 
1621698850903 [Update odom] 
1621698850914 [vx:0.0 vy:0.0 yaw:-2.54745335598] 
1621698851003 [Update odom] 
1621698851009 [vx:0.0 vy:0.0 yaw:-2.54444163901] 
1621698851103 [Update odom] 
1621698851114 [vx:0.0 vy:0.0 yaw:-2.52956565872] 
1621698851205 [Update odom] 
1621698851223 [vx:0.0 vy:0.0 yaw:-2.51276649243] 
1621698851336 [Update odom] 
1621698851343 [vx:0.0 vy:0.0 yaw:-2.50412599266] 
1621698851403 [Update odom] 
1621698851415 [vx:0.0 vy:0.0 yaw:-2.51041247832] 
1621698851503 [Update odom] 
1621698851516 [vx:0.0 vy:0.0 yaw:-2.52144809698] 
1621698851603 [Update odom] 
1621698851614 [vx:0.0 vy:0.0 yaw:-2.52945363891] 
1621698851703 [Update odom] 
1621698851714 [vx:0.0 vy:0.0 yaw:-2.52890745736] 
1621698851803 [Update odom] 
1621698851814 [vx:0.0 vy:0.0 yaw:-2.53034210141] 
1621698851903 [Update odom] 
1621698851914 [vx:0.0 vy:0.0 yaw:-2.52770728166] 
1621698852003 [Update odom] 
1621698852016 [vx:0.0 vy:0.0 yaw:-2.52456775912] 
1621698852103 [Update odom] 
1621698852114 [vx:0.0 vy:0.0 yaw:-2.53153220272] 
1621698852203 [Update odom] 
1621698852214 [vx:0.0 vy:0.0 yaw:-2.54159126912] 
1621698852303 [Update odom] 
1621698852315 [vx:0.0 vy:0.0 yaw:-2.54873061689] 
1621698852403 [Update odom] 
1621698852414 [vx:0.0 vy:0.0 yaw:-2.54763080148] 
1621698852503 [Update odom] 
1621698852514 [vx:0.0 vy:0.0 yaw:-2.5447853283] 
1621698852603 [Update odom] 
1621698852614 [vx:0.0 vy:0.0 yaw:-2.54410831483] 
1621698852703 [Update odom] 
1621698852743 [vx:0.0 vy:0.0 yaw:-2.55628492116] 
1621698852804 [Update odom] 
1621698852817 [vx:0.0 vy:0.0 yaw:-2.56854612343] 
1621698852903 [Update odom] 
1621698852918 [vx:0.0 vy:0.0 yaw:-2.56902665161] 
1621698853007 [Update odom] 
1621698853018 [vx:0.0 vy:0.0 yaw:-2.56015524489] 
1621698853104 [Update odom] 
1621698853114 [vx:0.0 vy:0.0 yaw:-2.54590378057] 
1621698853203 [Update odom] 
1621698853215 [vx:0.0 vy:0.0 yaw:-2.5496501215] 
1621698853303 [Update odom] 
1621698853330 [vx:0.0 vy:0.0 yaw:-2.5358390437] 
1621698853406 [Update odom] 
1621698853420 [vx:0.0 vy:0.0 yaw:-2.53919435622] 
1621698853503 [Update odom] 
1621698853522 [vx:0.0 vy:0.0 yaw:-2.55039639173] 
1621698853603 [Update odom] 
1621698853614 [vx:0.0 vy:0.0 yaw:-2.55859447653] 
1621698853721 [Update odom] 
1621698853728 [vx:0.0 vy:0.0 yaw:-2.54811537753] 
1621698853803 [Update odom] 
1621698853817 [vx:0.0 vy:0.0 yaw:-2.55045665301] 
1621698853903 [Update odom] 
1621698853914 [vx:0.0 vy:0.0 yaw:-2.54491310502] 
1621698854003 [Update odom] 
1621698854014 [vx:0.0 vy:0.0 yaw:-2.54026151631] 
1621698854103 [Update odom] 
1621698854118 [vx:0.0 vy:0.0 yaw:-2.54076049644] 
1621698854203 [Update odom] 
1621698854218 [vx:0.0 vy:0.0 yaw:-2.5409074368] 
1621698854303 [Update odom] 
1621698854320 [vx:0.0 vy:0.0 yaw:-2.54099008235] 
1621698854404 [Update odom] 
1621698854408 [vx:0.0 vy:0.0 yaw:-2.54583872493] 
1621698854506 [Update odom] 
1621698854518 [vx:0.0 vy:0.0 yaw:-2.54771960224] 
1621698854603 [Update odom] 
1621698854614 [vx:0.0 vy:0.0 yaw:-2.54042950932] 
1621698854703 [Update odom] 
1621698854714 [vx:0.0 vy:0.0 yaw:-2.53661819215] 
1621698854803 [Update odom] 
1621698854820 [vx:0.0 vy:0.0 yaw:-2.54204359178] 
1621698854903 [Update odom] 
1621698854934 [vx:0.0 vy:0.0 yaw:-2.54029139384] 
1621698855005 [Update odom] 
1621698855013 [vx:0.0 vy:0.0 yaw:-2.53510898882] 
1621698855103 [Update odom] 
1621698855114 [vx:0.0 vy:0.0 yaw:-2.53217586722] 
1621698855203 [Update odom] 
1621698855215 [vx:0.0 vy:0.0 yaw:-2.52982719919] 
1621698855303 [Update odom] 
1621698855327 [vx:0.0 vy:0.0 yaw:-2.54185729388] 
1621698855403 [Update odom] 
1621698855414 [vx:0.0 vy:0.0 yaw:-2.54870597475] 
1621698855503 [Update odom] 
1621698855514 [vx:0.0 vy:0.0 yaw:-2.55610125333] 
1621698855603 [Update odom] 
1621698855615 [vx:0.0 vy:0.0 yaw:-2.56217492128] 
1621698855706 [Update odom] 
1621698855719 [vx:0.0 vy:0.0 yaw:-2.56752562335] 
1621698855803 [Update odom] 
1621698855818 [vx:0.0 vy:0.0 yaw:-2.57622983164] 
1621698855903 [Update odom] 
1621698855919 [vx:0.0 vy:0.0 yaw:-2.57406482084] 
1621698856003 [Update odom] 
1621698856015 [vx:0.0 vy:0.0 yaw:-2.57150519287] 
1621698856103 [Update odom] 
1621698856115 [vx:0.0 vy:0.0 yaw:-2.5706648823] 
1621698856203 [Update odom] 
1621698856214 [vx:0.0 vy:0.0 yaw:-2.55511112935] 
1621698856303 [Update odom] 
1621698856318 [vx:0.0 vy:0.0 yaw:-2.55373596369] 
1621698856403 [Update odom] 
1621698856416 [vx:0.0 vy:0.0 yaw:-2.55396805992] 
1621698856503 [Update odom] 
1621698856515 [vx:0.0 vy:0.0 yaw:-2.5539043925] 
1621698856603 [Update odom] 
1621698856614 [vx:0.0 vy:0.0 yaw:-2.55610301014] 
1621698856704 [Update odom] 
1621698856714 [vx:0.0 vy:0.0 yaw:-2.56437177641] 
1621698856807 [Update odom] 
1621698856821 [vx:0.0 vy:0.0 yaw:-2.55430351644] 
1621698856905 [Update odom] 
1621698856919 [vx:0.0 vy:0.0 yaw:-2.5537869545] 
1621698857003 [Update odom] 
1621698857014 [vx:0.0 vy:0.0 yaw:-2.55395150109] 
1621698857103 [Update odom] 
1621698857114 [vx:0.0 vy:0.0 yaw:-2.55584820063] 
1621698857203 [Update odom] 
1621698857214 [vx:0.0 vy:0.0 yaw:-2.56519643535] 
1621698857303 [Update odom] 
1621698857314 [vx:0.0 vy:0.0 yaw:-2.55297818755] 
1621698857403 [Update odom] 
1621698857419 [vx:0.0 vy:0.0 yaw:-2.53701775452] 
1621698857503 [Update odom] 
1621698857519 [vx:0.0 vy:0.0 yaw:-2.53731497939] 
1621698857603 [Update odom] 
1621698857614 [vx:0.0 vy:0.0 yaw:-2.54718047651] 
1621698857703 [Update odom] 
1621698857715 [vx:0.0 vy:0.0 yaw:-2.55479575343] 
1621698857803 [Update odom] 
1621698857815 [vx:0.0 vy:0.0 yaw:-2.5591330445] 
1621698857903 [Update odom] 
1621698857915 [vx:0.0 vy:0.0 yaw:-2.56408356595] 
1621698858003 [Update odom] 
1621698858014 [vx:0.0 vy:0.0 yaw:-2.55820996152] 
1621698858103 [Update odom] 
1621698858114 [vx:0.0 vy:0.0 yaw:-2.54560101478] 
