1621057024772 [Opening serial port: /dev/ttyTHS1.] 
1621057025077 [The robot is connected to ] [/dev/ttyTHS1] 
1621057025077 [Initial robot's topic...] 
1621057025082 [Start initializing navigation] 
1621057025082 [Start initializing navigation topic] 
1621057025126 [Initialization navigation topic finished] 
1621057025133 [Initialization navigation finished] 
1621057025140 [Update odom] 
1621057025243 [delta_X:0.0 delta_y:0.0 status:ROBOT_STATUS._STOP] 
1621057025246 [Update odom] 
1621057025347 [delta_X:0.0 delta_y:0.0 status:ROBOT_STATUS._STOP] 
1621057025348 [Update odom] 
1621057025450 [delta_X:0.0 delta_y:0.0 status:ROBOT_STATUS._STOP] 
1621057025451 [Update odom] 
1621057025552 [delta_X:0.0 delta_y:0.0 status:ROBOT_STATUS._STOP] 
1621057025553 [Update odom] 
1621057025654 [delta_X:0.0 delta_y:0.0 status:ROBOT_STATUS._STOP] 
1621057025655 [Update odom] 
1621057025756 [delta_X:0.0 delta_y:0.0 status:ROBOT_STATUS._STOP] 
1621057025761 [Update odom] 
1621057025864 [delta_X:0.0 delta_y:0.0 status:ROBOT_STATUS._STOP] 
1621057025865 [Update odom] 
1621057025966 [delta_X:0.0 delta_y:0.0 status:ROBOT_STATUS._STOP] 
1621057025967 [Update odom] 
1621057026068 [delta_X:0.0 delta_y:0.0 status:ROBOT_STATUS._STOP] 
1621057026069 [Update odom] 
1621057026169 [delta_X:0.0 delta_y:0.0 status:ROBOT_STATUS._STOP] 
1621057026171 [Update odom] 
1621057026272 [delta_X:0.0 delta_y:0.0 status:ROBOT_STATUS._STOP] 
1621057026273 [Update odom] 
1621057026374 [delta_X:0.0 delta_y:0.0 status:ROBOT_STATUS._STOP] 
1621057026375 [Update odom] 
1621057026476 [delta_X:0.0 delta_y:0.0 status:ROBOT_STATUS._STOP] 
1621057026477 [Update odom] 
1621057026579 [delta_X:0.0 delta_y:0.0 status:ROBOT_STATUS._STOP] 
1621057026580 [Update odom] 
1621057026682 [delta_X:0.0 delta_y:0.0 status:ROBOT_STATUS._STOP] 
1621057026683 [Update odom] 
1621057026785 [delta_X:0.0 delta_y:0.0 status:ROBOT_STATUS._STOP] 
1621057026786 [Update odom] 
1621057026888 [delta_X:0.0 delta_y:0.0 status:ROBOT_STATUS._STOP] 
1621057026889 [Update odom] 
1621057026990 [delta_X:0.0 delta_y:0.0 status:ROBOT_STATUS._STOP] 
1621057026991 [Update odom] 
1621057027092 [delta_X:0.0 delta_y:0.0 status:ROBOT_STATUS._STOP] 
1621057027092 [Update odom] 
1621057027195 [delta_X:0.0 delta_y:0.0 status:ROBOT_STATUS._STOP] 
1621057027196 [Update odom] 
1621057027297 [delta_X:0.0 delta_y:0.0 status:ROBOT_STATUS._STOP] 
1621057027298 [Update odom] 
1621057027399 [delta_X:0.0 delta_y:0.0 status:ROBOT_STATUS._STOP] 
1621057027400 [Update odom] 
1621057027502 [delta_X:0.0 delta_y:0.0 status:ROBOT_STATUS._STOP] 
1621057027503 [Update odom] 
1621057027606 [delta_X:0.0 delta_y:0.0 status:ROBOT_STATUS._STOP] 
1621057027607 [Update odom] 
1621057027709 [delta_X:0.0 delta_y:0.0 status:ROBOT_STATUS._STOP] 
1621057027709 [Update odom] 
1621057027810 [delta_X:0.0 delta_y:0.0 status:ROBOT_STATUS._STOP] 
1621057027813 [Update odom] 
1621057027914 [delta_X:0.0 delta_y:0.0 status:ROBOT_STATUS._STOP] 
1621057027914 [Update odom] 
1621057028015 [delta_X:0.0 delta_y:0.0 status:ROBOT_STATUS._STOP] 
1621057028016 [Update odom] 
1621057028117 [delta_X:0.0 delta_y:0.0 status:ROBOT_STATUS._STOP] 
1621057028118 [Update odom] 
1621057028219 [delta_X:0.0 delta_y:0.0 status:ROBOT_STATUS._STOP] 
1621057028220 [Update odom] 
1621057028321 [delta_X:0.0 delta_y:0.0 status:ROBOT_STATUS._STOP] 
1621057028321 [Update odom] 
1621057028422 [delta_X:0.0 delta_y:0.0 status:ROBOT_STATUS._STOP] 
1621057028423 [Update odom] 
1621057028524 [delta_X:0.0 delta_y:0.0 status:ROBOT_STATUS._STOP] 
1621057028525 [Update odom] 
1621057028626 [delta_X:0.0 delta_y:0.0 status:ROBOT_STATUS._STOP] 
1621057028627 [Update odom] 
1621057028729 [delta_X:0.0 delta_y:0.0 status:ROBOT_STATUS._STOP] 
1621057028730 [Update odom] 
1621057028831 [delta_X:0.0 delta_y:0.0 status:ROBOT_STATUS._STOP] 
1621057028832 [Update odom] 
1621057028933 [delta_X:0.0 delta_y:0.0 status:ROBOT_STATUS._STOP] 
1621057028934 [Update odom] 
1621057029035 [delta_X:0.0 delta_y:0.0 status:ROBOT_STATUS._STOP] 
1621057029035 [Update odom] 
1621057029137 [delta_X:0.0 delta_y:0.0 status:ROBOT_STATUS._STOP] 
1621057029137 [Update odom] 
1621057029239 [delta_X:0.0 delta_y:0.0 status:ROBOT_STATUS._STOP] 
1621057029240 [Update odom] 
1621057029341 [delta_X:0.0 delta_y:0.0 status:ROBOT_STATUS._STOP] 
1621057029341 [Update odom] 
1621057029442 [delta_X:0.0 delta_y:0.0 status:ROBOT_STATUS._STOP] 
1621057029443 [Update odom] 
1621057029544 [delta_X:0.0 delta_y:0.0 status:ROBOT_STATUS._STOP] 
1621057029545 [Update odom] 
1621057029646 [delta_X:0.0 delta_y:0.0 status:ROBOT_STATUS._STOP] 
1621057029647 [Update odom] 
1621057029755 [delta_X:0.0 delta_y:0.0 status:ROBOT_STATUS._STOP] 
1621057029756 [Update odom] 
1621057029857 [delta_X:0.0 delta_y:0.0 status:ROBOT_STATUS._STOP] 
1621057029859 [Update odom] 
1621057029960 [delta_X:0.0 delta_y:0.0 status:ROBOT_STATUS._STOP] 
1621057029961 [Update odom] 
1621057030062 [delta_X:0.0 delta_y:0.0 status:ROBOT_STATUS._STOP] 
1621057030064 [Update odom] 
1621057030165 [delta_X:0.0 delta_y:0.0 status:ROBOT_STATUS._STOP] 
1621057030168 [Update odom] 
1621057030272 [delta_X:0.0 delta_y:0.0 status:ROBOT_STATUS._STOP] 
1621057030273 [Update odom] 
1621057030374 [delta_X:0.0 delta_y:0.0 status:ROBOT_STATUS._STOP] 
1621057030374 [Update odom] 
1621057030476 [delta_X:0.0 delta_y:0.0 status:ROBOT_STATUS._STOP] 
1621057030477 [Update odom] 
1621057030578 [delta_X:0.0 delta_y:0.0 status:ROBOT_STATUS._STOP] 
1621057030579 [Update odom] 
1621057030680 [delta_X:0.0 delta_y:0.0 status:ROBOT_STATUS._STOP] 
1621057030683 [Update odom] 
1621057030784 [delta_X:0.0 delta_y:0.0 status:ROBOT_STATUS._STOP] 
1621057030785 [Update odom] 
1621057030886 [delta_X:0.0 delta_y:0.0 status:ROBOT_STATUS._STOP] 
1621057030888 [Update odom] 
1621057030989 [delta_X:0.0 delta_y:0.0 status:ROBOT_STATUS._STOP] 
1621057030990 [Update odom] 
1621057031091 [delta_X:0.0 delta_y:0.0 status:ROBOT_STATUS._STOP] 
1621057031092 [Update odom] 
1621057031193 [delta_X:0.0 delta_y:0.0 status:ROBOT_STATUS._STOP] 
1621057031195 [Update odom] 
1621057031296 [delta_X:0.0 delta_y:0.0 status:ROBOT_STATUS._STOP] 
1621057031297 [Update odom] 
1621057031398 [delta_X:0.0 delta_y:0.0 status:ROBOT_STATUS._STOP] 
1621057031399 [Update odom] 
1621057031500 [delta_X:0.0 delta_y:0.0 status:ROBOT_STATUS._STOP] 
1621057031503 [Update odom] 
1621057031604 [delta_X:0.0 delta_y:0.0 status:ROBOT_STATUS._STOP] 
1621057031605 [Update odom] 
1621057031706 [delta_X:0.0 delta_y:0.0 status:ROBOT_STATUS._STOP] 
1621057031707 [Update odom] 
1621057031809 [delta_X:0.0 delta_y:0.0 status:ROBOT_STATUS._STOP] 
1621057031810 [Update odom] 
1621057031912 [delta_X:0.0 delta_y:0.0 status:ROBOT_STATUS._STOP] 
1621057031915 [Update odom] 
1621057032017 [delta_X:0.0 delta_y:0.0 status:ROBOT_STATUS._STOP] 
1621057032018 [Update odom] 
1621057032120 [delta_X:0.0 delta_y:0.0 status:ROBOT_STATUS._STOP] 
1621057032121 [Update odom] 
1621057032223 [delta_X:0.0 delta_y:0.0 status:ROBOT_STATUS._STOP] 
1621057032224 [Update odom] 
1621057032325 [delta_X:0.0 delta_y:0.0 status:ROBOT_STATUS._STOP] 
1621057032325 [Update odom] 
1621057032426 [delta_X:0.0 delta_y:0.0 status:ROBOT_STATUS._STOP] 
1621057032427 [Update odom] 
1621057032529 [delta_X:0.0 delta_y:0.0 status:ROBOT_STATUS._STOP] 
1621057032529 [Update odom] 
1621057032631 [delta_X:0.0 delta_y:0.0 status:ROBOT_STATUS._STOP] 
1621057032632 [Update odom] 
1621057032733 [delta_X:0.0 delta_y:0.0 status:ROBOT_STATUS._STOP] 
1621057032735 [Update odom] 
1621057032836 [delta_X:0.0 delta_y:0.0 status:ROBOT_STATUS._STOP] 
1621057032837 [Update odom] 
1621057032938 [delta_X:0.0 delta_y:0.0 status:ROBOT_STATUS._STOP] 
1621057032939 [Update odom] 
1621057033040 [delta_X:0.0 delta_y:0.0 status:ROBOT_STATUS._STOP] 
1621057033041 [Update odom] 
1621057033142 [delta_X:0.0 delta_y:0.0 status:ROBOT_STATUS._STOP] 
1621057033144 [Update odom] 
1621057033245 [delta_X:0.0 delta_y:0.0 status:ROBOT_STATUS._STOP] 
1621057033246 [Update odom] 
1621057033347 [delta_X:0.0 delta_y:0.0 status:ROBOT_STATUS._STOP] 
1621057033348 [Update odom] 
1621057033452 [delta_X:0.0 delta_y:0.0 status:ROBOT_STATUS._STOP] 
1621057033453 [Update odom] 
1621057033555 [delta_X:0.0 delta_y:0.0 status:ROBOT_STATUS._STOP] 
1621057033556 [Update odom] 
1621057033657 [delta_X:0.0 delta_y:0.0 status:ROBOT_STATUS._STOP] 
1621057033658 [Update odom] 
1621057033760 [delta_X:0.0 delta_y:0.0 status:ROBOT_STATUS._STOP] 
1621057033760 [Update odom] 
1621057033862 [delta_X:0.0 delta_y:0.0 status:ROBOT_STATUS._STOP] 
1621057033863 [Update odom] 
1621057033965 [delta_X:0.0 delta_y:0.0 status:ROBOT_STATUS._STOP] 
1621057033967 [Update odom] 
1621057034068 [delta_X:0.0 delta_y:0.0 status:ROBOT_STATUS._STOP] 
1621057034070 [Update odom] 
1621057034171 [delta_X:0.0 delta_y:0.0 status:ROBOT_STATUS._STOP] 
1621057034172 [Update odom] 
1621057034274 [delta_X:0.0 delta_y:0.0 status:ROBOT_STATUS._STOP] 
1621057034275 [Update odom] 
1621057034376 [delta_X:0.0 delta_y:0.0 status:ROBOT_STATUS._STOP] 
1621057034378 [Update odom] 
1621057034479 [delta_X:0.0 delta_y:0.0 status:ROBOT_STATUS._STOP] 
1621057034480 [Update odom] 
1621057034583 [delta_X:0.0 delta_y:0.0 status:ROBOT_STATUS._STOP] 
1621057034584 [Update odom] 
1621057034685 [delta_X:0.0 delta_y:0.0 status:ROBOT_STATUS._STOP] 
1621057034686 [Update odom] 
1621057034799 [delta_X:0.0 delta_y:0.0 status:ROBOT_STATUS._STOP] 
1621057034801 [Update odom] 
1621057034902 [delta_X:0.0 delta_y:0.0 status:ROBOT_STATUS._STOP] 
1621057034903 [Update odom] 
1621057035005 [delta_X:0.0 delta_y:0.0 status:ROBOT_STATUS._STOP] 
1621057035006 [Update odom] 
1621057035108 [delta_X:0.0 delta_y:0.0 status:ROBOT_STATUS._STOP] 
1621057035109 [Update odom] 
1621057035210 [delta_X:0.0 delta_y:0.0 status:ROBOT_STATUS._STOP] 
1621057035211 [Update odom] 
1621057035312 [delta_X:0.0 delta_y:0.0 status:ROBOT_STATUS._STOP] 
1621057035313 [Update odom] 
1621057035415 [delta_X:0.0 delta_y:0.0 status:ROBOT_STATUS._STOP] 
1621057035416 [Update odom] 
1621057035517 [delta_X:0.0 delta_y:0.0 status:ROBOT_STATUS._STOP] 
1621057035522 [Update odom] 
1621057035623 [delta_X:0.0 delta_y:0.0 status:ROBOT_STATUS._STOP] 
1621057035624 [Update odom] 
1621057035726 [delta_X:0.0 delta_y:0.0 status:ROBOT_STATUS._STOP] 
1621057035727 [Update odom] 
1621057035829 [delta_X:0.0 delta_y:0.0 status:ROBOT_STATUS._STOP] 
1621057035830 [Update odom] 
1621057035931 [delta_X:0.0 delta_y:0.0 status:ROBOT_STATUS._STOP] 
1621057035933 [Update odom] 
1621057036034 [delta_X:0.0 delta_y:0.0 status:ROBOT_STATUS._STOP] 
1621057036035 [Update odom] 
1621057036137 [delta_X:0.0 delta_y:0.0 status:ROBOT_STATUS._STOP] 
1621057036137 [Update odom] 
1621057036238 [delta_X:0.0 delta_y:0.0 status:ROBOT_STATUS._STOP] 
1621057036239 [Update odom] 
1621057036340 [delta_X:0.0 delta_y:0.0 status:ROBOT_STATUS._STOP] 
1621057036341 [Update odom] 
1621057036443 [delta_X:0.0 delta_y:0.0 status:ROBOT_STATUS._STOP] 
1621057036444 [Update odom] 
1621057036548 [delta_X:0.0 delta_y:0.0 status:ROBOT_STATUS._STOP] 
1621057036549 [Update odom] 
1621057036651 [delta_X:0.0 delta_y:0.0 status:ROBOT_STATUS._STOP] 
1621057036652 [Update odom] 
1621057036754 [delta_X:0.0 delta_y:0.0 status:ROBOT_STATUS._STOP] 
1621057036755 [Update odom] 
1621057036857 [delta_X:0.0 delta_y:0.0 status:ROBOT_STATUS._STOP] 
1621057036858 [Update odom] 
1621057036962 [delta_X:0.0 delta_y:0.0 status:ROBOT_STATUS._STOP] 
1621057036963 [Update odom] 
1621057037069 [delta_X:0.0 delta_y:0.0 status:ROBOT_STATUS._STOP] 
1621057037070 [Update odom] 
1621057037171 [delta_X:0.0 delta_y:0.0 status:ROBOT_STATUS._STOP] 
1621057037173 [Update odom] 
1621057037274 [delta_X:0.0 delta_y:0.0 status:ROBOT_STATUS._STOP] 
1621057037275 [Update odom] 
1621057037377 [delta_X:0.0 delta_y:0.0 status:ROBOT_STATUS._STOP] 
1621057037378 [Update odom] 
1621057037480 [delta_X:0.0 delta_y:0.0 status:ROBOT_STATUS._STOP] 
1621057037481 [Update odom] 
1621057037583 [delta_X:0.0 delta_y:0.0 status:ROBOT_STATUS._STOP] 
1621057037584 [Update odom] 
1621057037688 [delta_X:0.0 delta_y:0.0 status:ROBOT_STATUS._STOP] 
1621057037689 [Update odom] 
1621057037790 [delta_X:0.0 delta_y:0.0 status:ROBOT_STATUS._STOP] 
1621057037792 [Update odom] 
1621057037893 [delta_X:0.0 delta_y:0.0 status:ROBOT_STATUS._STOP] 
1621057037894 [Update odom] 
1621057037995 [delta_X:0.0 delta_y:0.0 status:ROBOT_STATUS._STOP] 
1621057037996 [Update odom] 
1621057038097 [delta_X:0.0 delta_y:0.0 status:ROBOT_STATUS._STOP] 
1621057038097 [Update odom] 
1621057038199 [delta_X:0.0 delta_y:0.0 status:ROBOT_STATUS._STOP] 
1621057038200 [Update odom] 
1621057038301 [delta_X:0.0 delta_y:0.0 status:ROBOT_STATUS._STOP] 
1621057038302 [Update odom] 
1621057038403 [delta_X:0.0 delta_y:0.0 status:ROBOT_STATUS._STOP] 
1621057038404 [Update odom] 
1621057038505 [delta_X:0.0 delta_y:0.0 status:ROBOT_STATUS._STOP] 
1621057038506 [Update odom] 
1621057038610 [delta_X:0.0 delta_y:0.0 status:ROBOT_STATUS._STOP] 
1621057038611 [Update odom] 
1621057038713 [delta_X:0.0 delta_y:0.0 status:ROBOT_STATUS._STOP] 
1621057038714 [Update odom] 
1621057038820 [delta_X:0.0 delta_y:0.0 status:ROBOT_STATUS._STOP] 
1621057038822 [Update odom] 
1621057038923 [delta_X:0.0 delta_y:0.0 status:ROBOT_STATUS._STOP] 
1621057038924 [Update odom] 
1621057039025 [delta_X:0.0 delta_y:0.0 status:ROBOT_STATUS._STOP] 
1621057039026 [Update odom] 
1621057039128 [delta_X:0.0 delta_y:0.0 status:ROBOT_STATUS._STOP] 
1621057039129 [Update odom] 
1621057039231 [delta_X:0.0 delta_y:0.0 status:ROBOT_STATUS._STOP] 
1621057039232 [Update odom] 
1621057039333 [delta_X:0.0 delta_y:0.0 status:ROBOT_STATUS._STOP] 
1621057039334 [Update odom] 
1621057039436 [delta_X:0.0 delta_y:0.0 status:ROBOT_STATUS._STOP] 
1621057039436 [Update odom] 
1621057039538 [delta_X:0.0 delta_y:0.0 status:ROBOT_STATUS._STOP] 
1621057039539 [Update odom] 
1621057039641 [delta_X:0.0 delta_y:0.0 status:ROBOT_STATUS._STOP] 
1621057039642 [Update odom] 
1621057039743 [delta_X:0.0 delta_y:0.0 status:ROBOT_STATUS._STOP] 
1621057039744 [Update odom] 
1621057039846 [delta_X:0.0 delta_y:0.0 status:ROBOT_STATUS._STOP] 
1621057039847 [Update odom] 
1621057039949 [delta_X:0.0 delta_y:0.0 status:ROBOT_STATUS._STOP] 
1621057039950 [Update odom] 
1621057040051 [delta_X:0.0 delta_y:0.0 status:ROBOT_STATUS._STOP] 
1621057040052 [Update odom] 
1621057040153 [delta_X:0.0 delta_y:0.0 status:ROBOT_STATUS._STOP] 
1621057040154 [Update odom] 
1621057040255 [delta_X:0.0 delta_y:0.0 status:ROBOT_STATUS._STOP] 
1621057040257 [Update odom] 
1621057040360 [delta_X:0.0 delta_y:0.0 status:ROBOT_STATUS._STOP] 
1621057040362 [Update odom] 
1621057040465 [delta_X:0.0 delta_y:0.0 status:ROBOT_STATUS._STOP] 
1621057040466 [Update odom] 
1621057040569 [delta_X:0.0 delta_y:0.0 status:ROBOT_STATUS._STOP] 
1621057040571 [Update odom] 
1621057040672 [delta_X:0.0 delta_y:0.0 status:ROBOT_STATUS._STOP] 
1621057040673 [Update odom] 
1621057040774 [delta_X:0.0 delta_y:0.0 status:ROBOT_STATUS._STOP] 
1621057040775 [Update odom] 
1621057040877 [delta_X:0.0 delta_y:0.0 status:ROBOT_STATUS._STOP] 
1621057040878 [Update odom] 
1621057040980 [delta_X:0.0 delta_y:0.0 status:ROBOT_STATUS._STOP] 
1621057040981 [Update odom] 
1621057041082 [delta_X:0.0 delta_y:0.0 status:ROBOT_STATUS._STOP] 
1621057041084 [Update odom] 
1621057041185 [delta_X:0.0 delta_y:0.0 status:ROBOT_STATUS._STOP] 
1621057041188 [Update odom] 
1621057041289 [delta_X:0.0 delta_y:0.0 status:ROBOT_STATUS._STOP] 
1621057041293 [Update odom] 
1621057041394 [delta_X:0.0 delta_y:0.0 status:ROBOT_STATUS._STOP] 
1621057041395 [Update odom] 
1621057041497 [delta_X:0.0 delta_y:0.0 status:ROBOT_STATUS._STOP] 
1621057041499 [Update odom] 
1621057041603 [delta_X:0.0 delta_y:0.0 status:ROBOT_STATUS._STOP] 
1621057041605 [Update odom] 
1621057041706 [delta_X:0.0 delta_y:0.0 status:ROBOT_STATUS._STOP] 
1621057041708 [Update odom] 
1621057041809 [delta_X:0.0 delta_y:0.0 status:ROBOT_STATUS._STOP] 
1621057041810 [Update odom] 
1621057041912 [delta_X:0.0 delta_y:0.0 status:ROBOT_STATUS._STOP] 
1621057041916 [Update odom] 
1621057042018 [delta_X:0.0 delta_y:0.0 status:ROBOT_STATUS._STOP] 
1621057042019 [Update odom] 
1621057042120 [delta_X:0.0 delta_y:0.0 status:ROBOT_STATUS._STOP] 
1621057042121 [Update odom] 
1621057042224 [delta_X:0.0 delta_y:0.0 status:ROBOT_STATUS._STOP] 
1621057042225 [Update odom] 
1621057042327 [delta_X:0.0 delta_y:0.0 status:ROBOT_STATUS._STOP] 
1621057042331 [Update odom] 
1621057042439 [delta_X:0.0 delta_y:0.0 status:ROBOT_STATUS._STOP] 
1621057042440 [Update odom] 
1621057042546 [delta_X:0.0 delta_y:0.0 status:ROBOT_STATUS._STOP] 
1621057042547 [Update odom] 
1621057042649 [delta_X:0.0 delta_y:0.0 status:ROBOT_STATUS._STOP] 
1621057042650 [Update odom] 
1621057042752 [delta_X:0.0 delta_y:0.0 status:ROBOT_STATUS._STOP] 
1621057042753 [Update odom] 
1621057042854 [delta_X:0.0 delta_y:0.0 status:ROBOT_STATUS._STOP] 
1621057042855 [Update odom] 
1621057042956 [delta_X:0.0 delta_y:0.0 status:ROBOT_STATUS._STOP] 
1621057042958 [Update odom] 
1621057043059 [delta_X:0.0 delta_y:0.0 status:ROBOT_STATUS._STOP] 
1621057043060 [Update odom] 
1621057043161 [delta_X:0.0 delta_y:0.0 status:ROBOT_STATUS._STOP] 
1621057043162 [Update odom] 
1621057043263 [delta_X:0.0 delta_y:0.0 status:ROBOT_STATUS._STOP] 
1621057043264 [Update odom] 
1621057043370 [delta_X:0.0 delta_y:0.0 status:ROBOT_STATUS._STOP] 
1621057043373 [Update odom] 
1621057043474 [delta_X:0.0 delta_y:0.0 status:ROBOT_STATUS._STOP] 
1621057043476 [Update odom] 
1621057043577 [delta_X:0.0 delta_y:0.0 status:ROBOT_STATUS._STOP] 
1621057043579 [Update odom] 
1621057043681 [delta_X:0.0 delta_y:0.0 status:ROBOT_STATUS._STOP] 
1621057043682 [Update odom] 
1621057043787 [delta_X:0.0 delta_y:0.0 status:ROBOT_STATUS._STOP] 
1621057043788 [Update odom] 
1621057043893 [delta_X:0.0 delta_y:0.0 status:ROBOT_STATUS._STOP] 
1621057043894 [Update odom] 
1621057044000 [delta_X:0.0 delta_y:0.0 status:ROBOT_STATUS._STOP] 
1621057044003 [Update odom] 
1621057044108 [delta_X:0.0 delta_y:0.0 status:ROBOT_STATUS._STOP] 
1621057044109 [Update odom] 
1621057044210 [delta_X:0.0 delta_y:0.0 status:ROBOT_STATUS._STOP] 
1621057044211 [Update odom] 
1621057044313 [delta_X:0.0 delta_y:0.0 status:ROBOT_STATUS._STOP] 
1621057044314 [Update odom] 
1621057044416 [delta_X:0.0 delta_y:0.0 status:ROBOT_STATUS._STOP] 
1621057044420 [Update odom] 
1621057044522 [delta_X:0.0 delta_y:0.0 status:ROBOT_STATUS._STOP] 
1621057044523 [Update odom] 
1621057044625 [delta_X:0.0 delta_y:0.0 status:ROBOT_STATUS._STOP] 
1621057044626 [Update odom] 
1621057044734 [delta_X:0.0 delta_y:0.0 status:ROBOT_STATUS._STOP] 
1621057044735 [Update odom] 
1621057044836 [delta_X:0.0 delta_y:0.0 status:ROBOT_STATUS._STOP] 
1621057044837 [Update odom] 
1621057044939 [delta_X:0.0 delta_y:0.0 status:ROBOT_STATUS._STOP] 
1621057044940 [Update odom] 
1621057045041 [delta_X:0.0 delta_y:0.0 status:ROBOT_STATUS._STOP] 
1621057045042 [Update odom] 
1621057045144 [delta_X:0.0 delta_y:0.0 status:ROBOT_STATUS._STOP] 
1621057045146 [Update odom] 
1621057045247 [delta_X:0.0 delta_y:0.0 status:ROBOT_STATUS._STOP] 
1621057045248 [Update odom] 
1621057045350 [delta_X:0.0 delta_y:0.0 status:ROBOT_STATUS._STOP] 
1621057045351 [Update odom] 
1621057045453 [delta_X:0.0 delta_y:0.0 status:ROBOT_STATUS._STOP] 
1621057045455 [Update odom] 
1621057045557 [delta_X:0.0 delta_y:0.0 status:ROBOT_STATUS._STOP] 
1621057045558 [Update odom] 
1621057045659 [delta_X:0.0 delta_y:0.0 status:ROBOT_STATUS._STOP] 
1621057045660 [Update odom] 
1621057045762 [delta_X:0.0 delta_y:0.0 status:ROBOT_STATUS._STOP] 
1621057045763 [Update odom] 
1621057045864 [delta_X:0.0 delta_y:0.0 status:ROBOT_STATUS._STOP] 
1621057045865 [Update odom] 
1621057045966 [delta_X:0.0 delta_y:0.0 status:ROBOT_STATUS._STOP] 
1621057045968 [Update odom] 
1621057046070 [delta_X:0.0 delta_y:0.0 status:ROBOT_STATUS._STOP] 
1621057046073 [Update odom] 
1621057046174 [delta_X:0.0 delta_y:0.0 status:ROBOT_STATUS._STOP] 
1621057046175 [Update odom] 
1621057046276 [delta_X:0.0 delta_y:0.0 status:ROBOT_STATUS._STOP] 
1621057046277 [Update odom] 
1621057046379 [delta_X:0.0 delta_y:0.0 status:ROBOT_STATUS._STOP] 
1621057046380 [Update odom] 
1621057046481 [delta_X:0.0 delta_y:0.0 status:ROBOT_STATUS._STOP] 
1621057046482 [Update odom] 
1621057046586 [delta_X:0.0 delta_y:0.0 status:ROBOT_STATUS._STOP] 
1621057046588 [Update odom] 
1621057046690 [delta_X:0.0 delta_y:0.0 status:ROBOT_STATUS._STOP] 
1621057046692 [Update odom] 
1621057046796 [delta_X:0.0 delta_y:0.0 status:ROBOT_STATUS._STOP] 
1621057046799 [Update odom] 
1621057046900 [delta_X:0.0 delta_y:0.0 status:ROBOT_STATUS._STOP] 
1621057046902 [Update odom] 
1621057047003 [delta_X:0.0 delta_y:0.0 status:ROBOT_STATUS._STOP] 
1621057047005 [Update odom] 
1621057047106 [delta_X:0.0 delta_y:0.0 status:ROBOT_STATUS._STOP] 
1621057047107 [Update odom] 
1621057047209 [delta_X:0.0 delta_y:0.0 status:ROBOT_STATUS._STOP] 
1621057047209 [Update odom] 
1621057047311 [delta_X:0.0 delta_y:0.0 status:ROBOT_STATUS._STOP] 
1621057047312 [Update odom] 
1621057047413 [delta_X:0.0 delta_y:0.0 status:ROBOT_STATUS._STOP] 
1621057047414 [Update odom] 
1621057047516 [delta_X:0.0 delta_y:0.0 status:ROBOT_STATUS._STOP] 
1621057047516 [Update odom] 
1621057047618 [delta_X:0.0 delta_y:0.0 status:ROBOT_STATUS._STOP] 
1621057047619 [Update odom] 
1621057047721 [delta_X:0.0 delta_y:0.0 status:ROBOT_STATUS._STOP] 
1621057047722 [Update odom] 
1621057047823 [delta_X:0.0 delta_y:0.0 status:ROBOT_STATUS._STOP] 
1621057047824 [Update odom] 
1621057047925 [delta_X:0.0 delta_y:0.0 status:ROBOT_STATUS._STOP] 
1621057047927 [Update odom] 
1621057048028 [delta_X:0.0 delta_y:0.0 status:ROBOT_STATUS._STOP] 
1621057048029 [Update odom] 
1621057048131 [delta_X:0.0 delta_y:0.0 status:ROBOT_STATUS._STOP] 
1621057048132 [Update odom] 
1621057048234 [delta_X:0.0 delta_y:0.0 status:ROBOT_STATUS._STOP] 
1621057048235 [Update odom] 
1621057048336 [delta_X:0.0 delta_y:0.0 status:ROBOT_STATUS._STOP] 
1621057048337 [Update odom] 
1621057048438 [delta_X:0.0 delta_y:0.0 status:ROBOT_STATUS._STOP] 
1621057048439 [Update odom] 
1621057048541 [delta_X:0.0 delta_y:0.0 status:ROBOT_STATUS._STOP] 
1621057048542 [Update odom] 
1621057048643 [delta_X:0.0 delta_y:0.0 status:ROBOT_STATUS._STOP] 
1621057048644 [Update odom] 
1621057048745 [delta_X:0.0 delta_y:0.0 status:ROBOT_STATUS._STOP] 
1621057048746 [Update odom] 
1621057048849 [delta_X:0.0 delta_y:0.0 status:ROBOT_STATUS._STOP] 
1621057048850 [Update odom] 
1621057048951 [delta_X:0.0 delta_y:0.0 status:ROBOT_STATUS._STOP] 
1621057048953 [Update odom] 
1621057049058 [delta_X:0.0 delta_y:0.0 status:ROBOT_STATUS._STOP] 
1621057049060 [Update odom] 
1621057049161 [delta_X:0.0 delta_y:0.0 status:ROBOT_STATUS._STOP] 
1621057049163 [Update odom] 
1621057049264 [delta_X:0.0 delta_y:0.0 status:ROBOT_STATUS._STOP] 
1621057049265 [Update odom] 
1621057049366 [delta_X:0.0 delta_y:0.0 status:ROBOT_STATUS._STOP] 
1621057049367 [Update odom] 
1621057049468 [delta_X:0.0 delta_y:0.0 status:ROBOT_STATUS._STOP] 
1621057049469 [Update odom] 
1621057049571 [delta_X:0.0 delta_y:0.0 status:ROBOT_STATUS._STOP] 
1621057049572 [Update odom] 
1621057049673 [delta_X:0.0 delta_y:0.0 status:ROBOT_STATUS._STOP] 
1621057049674 [Update odom] 
1621057049776 [delta_X:0.0 delta_y:0.0 status:ROBOT_STATUS._STOP] 
1621057049776 [Update odom] 
1621057049881 [delta_X:0.0 delta_y:0.0 status:ROBOT_STATUS._STOP] 
1621057049883 [Update odom] 
1621057049984 [delta_X:0.0 delta_y:0.0 status:ROBOT_STATUS._STOP] 
1621057049985 [Update odom] 
1621057050087 [delta_X:0.0 delta_y:0.0 status:ROBOT_STATUS._STOP] 
1621057050088 [Update odom] 
1621057050189 [delta_X:0.0 delta_y:0.0 status:ROBOT_STATUS._STOP] 
1621057050191 [Update odom] 
1621057050292 [delta_X:0.0 delta_y:0.0 status:ROBOT_STATUS._STOP] 
1621057050294 [Update odom] 
1621057050395 [delta_X:0.0 delta_y:0.0 status:ROBOT_STATUS._STOP] 
1621057050397 [Update odom] 
1621057050498 [delta_X:0.0 delta_y:0.0 status:ROBOT_STATUS._STOP] 
1621057050499 [Update odom] 
1621057050600 [delta_X:0.0 delta_y:0.0 status:ROBOT_STATUS._STOP] 
1621057050601 [Update odom] 
1621057050702 [delta_X:0.0 delta_y:0.0 status:ROBOT_STATUS._STOP] 
1621057050703 [Update odom] 
1621057050805 [delta_X:0.0 delta_y:0.0 status:ROBOT_STATUS._STOP] 
1621057050805 [Update odom] 
1621057050906 [delta_X:0.0 delta_y:0.0 status:ROBOT_STATUS._STOP] 
1621057050907 [Update odom] 
1621057051009 [delta_X:0.0 delta_y:0.0 status:ROBOT_STATUS._STOP] 
1621057051010 [Update odom] 
1621057051111 [delta_X:0.0 delta_y:0.0 status:ROBOT_STATUS._STOP] 
1621057051112 [Update odom] 
1621057051214 [delta_X:0.0 delta_y:0.0 status:ROBOT_STATUS._STOP] 
1621057051215 [Update odom] 
1621057051316 [delta_X:0.0 delta_y:0.0 status:ROBOT_STATUS._STOP] 
1621057051317 [Update odom] 
1621057051419 [delta_X:0.0 delta_y:0.0 status:ROBOT_STATUS._STOP] 
1621057051421 [Update odom] 
1621057051522 [delta_X:0.0 delta_y:0.0 status:ROBOT_STATUS._STOP] 
1621057051524 [Update odom] 
1621057051625 [delta_X:0.0 delta_y:0.0 status:ROBOT_STATUS._STOP] 
1621057051627 [Update odom] 
1621057051728 [delta_X:0.0 delta_y:0.0 status:ROBOT_STATUS._STOP] 
1621057051729 [Update odom] 
1621057051833 [delta_X:0.0 delta_y:0.0 status:ROBOT_STATUS._STOP] 
1621057051834 [Update odom] 
1621057051936 [delta_X:0.0 delta_y:0.0 status:ROBOT_STATUS._STOP] 
1621057051937 [Update odom] 
1621057052039 [delta_X:0.0 delta_y:0.0 status:ROBOT_STATUS._STOP] 
1621057052041 [Update odom] 
1621057052142 [delta_X:0.0 delta_y:0.0 status:ROBOT_STATUS._STOP] 
1621057052144 [Update odom] 
1621057052245 [delta_X:0.0 delta_y:0.0 status:ROBOT_STATUS._STOP] 
1621057052246 [Update odom] 
1621057052348 [delta_X:0.0 delta_y:0.0 status:ROBOT_STATUS._STOP] 
1621057052348 [Update odom] 
1621057052450 [delta_X:0.0 delta_y:0.0 status:ROBOT_STATUS._STOP] 
1621057052457 [Update odom] 
1621057052558 [delta_X:0.0 delta_y:0.0 status:ROBOT_STATUS._STOP] 
1621057052559 [Update odom] 
1621057052661 [delta_X:0.0 delta_y:0.0 status:ROBOT_STATUS._STOP] 
1621057052661 [Update odom] 
1621057052762 [delta_X:0.0 delta_y:0.0 status:ROBOT_STATUS._STOP] 
1621057052764 [Update odom] 
1621057052865 [delta_X:0.0 delta_y:0.0 status:ROBOT_STATUS._STOP] 
1621057052866 [Update odom] 
1621057052969 [delta_X:0.0 delta_y:0.0 status:ROBOT_STATUS._STOP] 
1621057052970 [Update odom] 
1621057053072 [delta_X:0.0 delta_y:0.0 status:ROBOT_STATUS._STOP] 
1621057053073 [Update odom] 
1621057053174 [delta_X:0.0 delta_y:0.0 status:ROBOT_STATUS._STOP] 
1621057053175 [Update odom] 
1621057053276 [delta_X:0.0 delta_y:0.0 status:ROBOT_STATUS._STOP] 
1621057053277 [Update odom] 
1621057053379 [delta_X:0.0 delta_y:0.0 status:ROBOT_STATUS._STOP] 
1621057053380 [Update odom] 
1621057053481 [delta_X:0.0 delta_y:0.0 status:ROBOT_STATUS._STOP] 
1621057053482 [Update odom] 
1621057053583 [delta_X:0.0 delta_y:0.0 status:ROBOT_STATUS._STOP] 
1621057053585 [Update odom] 
1621057053686 [delta_X:0.0 delta_y:0.0 status:ROBOT_STATUS._STOP] 
1621057053687 [Update odom] 
1621057053789 [delta_X:0.0 delta_y:0.0 status:ROBOT_STATUS._STOP] 
1621057053790 [Update odom] 
1621057053893 [delta_X:0.0 delta_y:0.0 status:ROBOT_STATUS._STOP] 
1621057053894 [Update odom] 
1621057053998 [delta_X:0.0 delta_y:0.0 status:ROBOT_STATUS._STOP] 
1621057053999 [Update odom] 
1621057054106 [delta_X:0.0 delta_y:0.0 status:ROBOT_STATUS._STOP] 
1621057054108 [Update odom] 
1621057054209 [delta_X:0.0 delta_y:0.0 status:ROBOT_STATUS._STOP] 
1621057054210 [Update odom] 
1621057054312 [delta_X:0.0 delta_y:0.0 status:ROBOT_STATUS._STOP] 
1621057054313 [Update odom] 
1621057054415 [delta_X:0.0 delta_y:0.0 status:ROBOT_STATUS._STOP] 
1621057054415 [Update odom] 
1621057054517 [delta_X:0.0 delta_y:0.0 status:ROBOT_STATUS._STOP] 
1621057054518 [Update odom] 
1621057054619 [delta_X:0.0 delta_y:0.0 status:ROBOT_STATUS._STOP] 
1621057054620 [Update odom] 
1621057054722 [delta_X:0.0 delta_y:0.0 status:ROBOT_STATUS._STOP] 
1621057054723 [Update odom] 
1621057054825 [delta_X:0.0 delta_y:0.0 status:ROBOT_STATUS._STOP] 
1621057054826 [Update odom] 
1621057054927 [delta_X:0.0 delta_y:0.0 status:ROBOT_STATUS._STOP] 
1621057054929 [Update odom] 
1621057055030 [delta_X:0.0 delta_y:0.0 status:ROBOT_STATUS._STOP] 
1621057055032 [Update odom] 
1621057055133 [delta_X:0.0 delta_y:0.0 status:ROBOT_STATUS._STOP] 
1621057055134 [Update odom] 
1621057055235 [delta_X:0.0 delta_y:0.0 status:ROBOT_STATUS._STOP] 
1621057055236 [Update odom] 
1621057055338 [delta_X:0.0 delta_y:0.0 status:ROBOT_STATUS._STOP] 
1621057055339 [Update odom] 
1621057055440 [delta_X:0.0 delta_y:0.0 status:ROBOT_STATUS._STOP] 
1621057055441 [Update odom] 
1621057055542 [delta_X:0.0 delta_y:0.0 status:ROBOT_STATUS._STOP] 
1621057055543 [Update odom] 
1621057055646 [delta_X:0.0 delta_y:0.0 status:ROBOT_STATUS._STOP] 
1621057055647 [Update odom] 
1621057055749 [delta_X:0.0 delta_y:0.0 status:ROBOT_STATUS._STOP] 
1621057055750 [Update odom] 
1621057055851 [delta_X:0.0 delta_y:0.0 status:ROBOT_STATUS._STOP] 
1621057055853 [Update odom] 
1621057055970 [delta_X:0.0 delta_y:0.0 status:ROBOT_STATUS._STOP] 
1621057055971 [Update odom] 
1621057056074 [delta_X:0.0 delta_y:0.0 status:ROBOT_STATUS._STOP] 
1621057056075 [Update odom] 
1621057056177 [delta_X:0.0 delta_y:0.0 status:ROBOT_STATUS._STOP] 
1621057056178 [Update odom] 
1621057056279 [delta_X:0.0 delta_y:0.0 status:ROBOT_STATUS._STOP] 
1621057056280 [Update odom] 
1621057056382 [delta_X:0.0 delta_y:0.0 status:ROBOT_STATUS._STOP] 
1621057056383 [Update odom] 
1621057056484 [delta_X:0.0 delta_y:0.0 status:ROBOT_STATUS._STOP] 
1621057056485 [Update odom] 
1621057056586 [delta_X:0.0 delta_y:0.0 status:ROBOT_STATUS._STOP] 
1621057056587 [Update odom] 
1621057056690 [delta_X:0.0 delta_y:0.0 status:ROBOT_STATUS._STOP] 
1621057056691 [Update odom] 
1621057056792 [delta_X:0.0 delta_y:0.0 status:ROBOT_STATUS._STOP] 
1621057056793 [Update odom] 
1621057056895 [delta_X:0.0 delta_y:0.0 status:ROBOT_STATUS._STOP] 
1621057056896 [Update odom] 
1621057057001 [delta_X:0.0 delta_y:0.0 status:ROBOT_STATUS._STOP] 
1621057057002 [Update odom] 
1621057057104 [delta_X:0.0 delta_y:0.0 status:ROBOT_STATUS._STOP] 
1621057057105 [Update odom] 
1621057057206 [delta_X:0.0 delta_y:0.0 status:ROBOT_STATUS._STOP] 
1621057057214 [Update odom] 
1621057057316 [delta_X:0.0 delta_y:0.0 status:ROBOT_STATUS._STOP] 
1621057057318 [Update odom] 
1621057057421 [delta_X:0.0 delta_y:0.0 status:ROBOT_STATUS._STOP] 
1621057057421 [Update odom] 
1621057057525 [delta_X:0.0 delta_y:0.0 status:ROBOT_STATUS._STOP] 
1621057057526 [Update odom] 
1621057057627 [delta_X:0.0 delta_y:0.0 status:ROBOT_STATUS._STOP] 
1621057057628 [Update odom] 
1621057057729 [delta_X:0.0 delta_y:0.0 status:ROBOT_STATUS._STOP] 
1621057057730 [Update odom] 
1621057057831 [delta_X:0.0 delta_y:0.0 status:ROBOT_STATUS._STOP] 
1621057057833 [Update odom] 
1621057057934 [delta_X:0.0 delta_y:0.0 status:ROBOT_STATUS._STOP] 
1621057057935 [Update odom] 
1621057058036 [delta_X:0.0 delta_y:0.0 status:ROBOT_STATUS._STOP] 
1621057058037 [Update odom] 
1621057058138 [delta_X:0.0 delta_y:0.0 status:ROBOT_STATUS._STOP] 
1621057058139 [Update odom] 
1621057058240 [delta_X:0.0 delta_y:0.0 status:ROBOT_STATUS._STOP] 
1621057058241 [Update odom] 
1621057058342 [delta_X:0.0 delta_y:0.0 status:ROBOT_STATUS._STOP] 
1621057058343 [Update odom] 
1621057058445 [delta_X:0.0 delta_y:0.0 status:ROBOT_STATUS._STOP] 
1621057058446 [Update odom] 
1621057058547 [delta_X:0.0 delta_y:0.0 status:ROBOT_STATUS._STOP] 
1621057058548 [Update odom] 
1621057058649 [delta_X:0.0 delta_y:0.0 status:ROBOT_STATUS._STOP] 
1621057058650 [Update odom] 
1621057058751 [delta_X:0.0 delta_y:0.0 status:ROBOT_STATUS._STOP] 
1621057058752 [Update odom] 
1621057058853 [delta_X:0.0 delta_y:0.0 status:ROBOT_STATUS._STOP] 
1621057058854 [Update odom] 
1621057058960 [delta_X:0.0 delta_y:0.0 status:ROBOT_STATUS._STOP] 
1621057058961 [Update odom] 
1621057059063 [delta_X:0.0 delta_y:0.0 status:ROBOT_STATUS._STOP] 
1621057059064 [Update odom] 
1621057059165 [delta_X:0.0 delta_y:0.0 status:ROBOT_STATUS._STOP] 
1621057059166 [Update odom] 
1621057059270 [delta_X:0.0 delta_y:0.0 status:ROBOT_STATUS._STOP] 
1621057059272 [Update odom] 
1621057059373 [delta_X:0.0 delta_y:0.0 status:ROBOT_STATUS._STOP] 
1621057059375 [Update odom] 
1621057059476 [delta_X:0.0 delta_y:0.0 status:ROBOT_STATUS._STOP] 
1621057059478 [Update odom] 
1621057059590 [delta_X:0.0 delta_y:0.0 status:ROBOT_STATUS._STOP] 
1621057059592 [Update odom] 
1621057059693 [delta_X:0.0 delta_y:0.0 status:ROBOT_STATUS._STOP] 
1621057059694 [Update odom] 
1621057059795 [delta_X:0.0 delta_y:0.0 status:ROBOT_STATUS._STOP] 
1621057059797 [Update odom] 
1621057059899 [delta_X:0.0 delta_y:0.0 status:ROBOT_STATUS._STOP] 
1621057059900 [Update odom] 
1621057060002 [delta_X:0.0 delta_y:0.0 status:ROBOT_STATUS._STOP] 
1621057060004 [Update odom] 
1621057060105 [delta_X:0.0 delta_y:0.0 status:ROBOT_STATUS._STOP] 
1621057060106 [Update odom] 
1621057060208 [delta_X:0.0 delta_y:0.0 status:ROBOT_STATUS._STOP] 
1621057060210 [Update odom] 
1621057060314 [delta_X:0.0 delta_y:0.0 status:ROBOT_STATUS._STOP] 
1621057060315 [Update odom] 
1621057060416 [delta_X:0.0 delta_y:0.0 status:ROBOT_STATUS._STOP] 
1621057060417 [Update odom] 
1621057060520 [delta_X:0.0 delta_y:0.0 status:ROBOT_STATUS._STOP] 
1621057060521 [Update odom] 
1621057060624 [delta_X:0.0 delta_y:0.0 status:ROBOT_STATUS._STOP] 
1621057060625 [Update odom] 
1621057060726 [delta_X:0.0 delta_y:0.0 status:ROBOT_STATUS._STOP] 
1621057060727 [Update odom] 
1621057060830 [delta_X:0.0 delta_y:0.0 status:ROBOT_STATUS._STOP] 
1621057060832 [Update odom] 
1621057060936 [delta_X:0.0 delta_y:0.0 status:ROBOT_STATUS._STOP] 
1621057060937 [Update odom] 
1621057061039 [delta_X:0.0 delta_y:0.0 status:ROBOT_STATUS._STOP] 
1621057061039 [Update odom] 
1621057061141 [delta_X:0.0 delta_y:0.0 status:ROBOT_STATUS._STOP] 
1621057061143 [Update odom] 
1621057061247 [delta_X:0.0 delta_y:0.0 status:ROBOT_STATUS._STOP] 
1621057061248 [Update odom] 
1621057061349 [delta_X:0.0 delta_y:0.0 status:ROBOT_STATUS._STOP] 
1621057061350 [Update odom] 
1621057061451 [delta_X:0.0 delta_y:0.0 status:ROBOT_STATUS._STOP] 
1621057061452 [Update odom] 
1621057061554 [delta_X:0.0 delta_y:0.0 status:ROBOT_STATUS._STOP] 
1621057061555 [Update odom] 
1621057061656 [delta_X:0.0 delta_y:0.0 status:ROBOT_STATUS._STOP] 
1621057061657 [Update odom] 
1621057061766 [delta_X:0.0 delta_y:0.0 status:ROBOT_STATUS._STOP] 
1621057061766 [Update odom] 
1621057061868 [delta_X:0.0 delta_y:0.0 status:ROBOT_STATUS._STOP] 
1621057061869 [Update odom] 
1621057061970 [delta_X:0.0 delta_y:0.0 status:ROBOT_STATUS._STOP] 
1621057061971 [Update odom] 
1621057062072 [delta_X:0.0 delta_y:0.0 status:ROBOT_STATUS._STOP] 
1621057062073 [Update odom] 
1621057062174 [delta_X:0.0 delta_y:0.0 status:ROBOT_STATUS._STOP] 
1621057062176 [Update odom] 
1621057062277 [delta_X:0.0 delta_y:0.0 status:ROBOT_STATUS._STOP] 
1621057062279 [Update odom] 
1621057062380 [delta_X:0.0 delta_y:0.0 status:ROBOT_STATUS._STOP] 
1621057062381 [Update odom] 
1621057062483 [delta_X:0.0 delta_y:0.0 status:ROBOT_STATUS._STOP] 
1621057062484 [Update odom] 
1621057062585 [delta_X:0.0 delta_y:0.0 status:ROBOT_STATUS._STOP] 
1621057062586 [Update odom] 
1621057062687 [delta_X:0.0 delta_y:0.0 status:ROBOT_STATUS._STOP] 
