1621071222674 [Opening serial port: /dev/ttyTHS1.] 
1621071222985 [The robot is connected to ] [/dev/ttyTHS1] 
1621071222985 [Initial robot's topic...] 
1621071222990 [Start initializing navigation] 
1621071222990 [Start initializing navigation topic] 
1621071223015 [Initialization navigation topic finished] 
1621071223026 [Initialization navigation finished] 
1621071223032 [Update odom] 
1621071223139 [vx:0.0 vy:0.0 vth:0.0 yaw:0.0] 
1621071223139 [delta_X:0 delta_y:0 status:True] 
1621071223140 [Update odom] 
1621071223248 [vx:0.0 vy:0.0 vth:0.0 yaw:0.0] 
1621071223248 [delta_X:0 delta_y:0 status:True] 
1621071223249 [Update odom] 
1621071223358 [vx:0.0 vy:0.0 vth:0.0 yaw:0.0] 
1621071223358 [delta_X:0 delta_y:0 status:True] 
1621071223362 [Update odom] 
1621071223467 [vx:0.0 vy:0.0 vth:0.0 yaw:0.0] 
1621071223467 [delta_X:0 delta_y:0 status:True] 
1621071223472 [Update odom] 
1621071223578 [vx:0.0 vy:0.0 vth:0.0 yaw:0.0] 
1621071223578 [delta_X:0 delta_y:0 status:True] 
1621071223579 [Update odom] 
1621071223689 [vx:0.0 vy:0.0 vth:0.0 yaw:0.0] 
1621071223689 [delta_X:0 delta_y:0 status:True] 
1621071223690 [Update odom] 
1621071223797 [vx:0.0 vy:0.0 vth:0.0 yaw:0.0] 
1621071223797 [delta_X:0 delta_y:0 status:True] 
1621071223798 [Update odom] 
1621071223870 [log_latest_command] [[ b y t e a r r a y ( b ' \ x a a \ x f f \ x a 0 \ x 0 2 I \ x 0 f \ x 0 e ' ) ]] 
1621071223905 [vx:0.0 vy:0.0 vth:0.0 yaw:0.0] 
1621071223905 [delta_X:0.0 delta_y:0.0 status:False] 
1621071223906 [Update odom] 
1621071224013 [vx:0.0 vy:0.0 vth:0.0 yaw:0.0] 
1621071224013 [delta_X:0.0 delta_y:0.0 status:False] 
1621071224014 [Update odom] 
1621071224120 [vx:0.0 vy:0.0 vth:0.0 yaw:0.0] 
1621071224120 [delta_X:0.0 delta_y:0.0 status:False] 
1621071224121 [Update odom] 
1621071224227 [vx:0.0 vy:0.0 vth:0.0 yaw:0.0] 
1621071224227 [delta_X:0.0 delta_y:0.0 status:False] 
1621071224230 [Update odom] 
1621071224339 [vx:0.0 vy:0.0 vth:0.0 yaw:0.0] 
1621071224339 [delta_X:0.0 delta_y:0.0 status:False] 
1621071224340 [Update odom] 
1621071224457 [vx:0.0 vy:0.0 vth:0.0 yaw:0.0] 
1621071224457 [delta_X:0.0 delta_y:0.0 status:False] 
1621071224459 [Update odom] 
1621071224570 [vx:0.0 vy:0.0 vth:0.0 yaw:0.0] 
1621071224570 [delta_X:0.0 delta_y:0.0 status:False] 
1621071224574 [Update odom] 
1621071224680 [vx:0.0 vy:0.0 vth:0.0 yaw:0.0] 
1621071224680 [delta_X:0.0 delta_y:0.0 status:False] 
1621071224681 [Update odom] 
1621071224787 [vx:0.0 vy:0.0 vth:0.0 yaw:0.0] 
1621071224787 [delta_X:0.0 delta_y:0.0 status:False] 
1621071224787 [Update odom] 
1621071224894 [vx:0.0 vy:0.0 vth:0.0 yaw:0.0] 
1621071224894 [delta_X:0.0 delta_y:0.0 status:False] 
1621071224895 [Update odom] 
1621071225011 [vx:0.0 vy:0.0 vth:0.0 yaw:0.0] 
1621071225011 [delta_X:0.0 delta_y:0.0 status:False] 
1621071225013 [Update odom] 
1621071225125 [vx:0.0 vy:0.0 vth:0.0 yaw:0.0] 
1621071225125 [delta_X:0.0 delta_y:0.0 status:False] 
1621071225133 [Update odom] 
1621071225240 [vx:0.0 vy:0.0 vth:0.0 yaw:0.0] 
1621071225240 [delta_X:0.0 delta_y:0.0 status:False] 
1621071225241 [Update odom] 
1621071225357 [vx:0.0 vy:0.0 vth:0.0 yaw:0.0] 
1621071225357 [delta_X:0.0 delta_y:0.0 status:False] 
1621071225359 [Update odom] 
1621071225478 [vx:0.0 vy:0.0 vth:0.0 yaw:0.0] 
1621071225478 [delta_X:0.0 delta_y:0.0 status:False] 
1621071225480 [Update odom] 
1621071225598 [vx:0.0 vy:0.0 vth:0.0 yaw:0.0] 
1621071225598 [delta_X:0.0 delta_y:0.0 status:False] 
1621071225599 [Update odom] 
1621071225706 [vx:0.0 vy:0.0 vth:0.0 yaw:0.0] 
1621071225706 [delta_X:0.0 delta_y:0.0 status:False] 
1621071225709 [Update odom] 
1621071225814 [vx:0.0 vy:0.0 vth:0.0 yaw:0.0] 
1621071225814 [delta_X:0.0 delta_y:0.0 status:False] 
1621071225815 [Update odom] 
1621071225921 [vx:0.0 vy:0.0 vth:0.0 yaw:0.0] 
1621071225921 [delta_X:0.0 delta_y:0.0 status:False] 
1621071225922 [Update odom] 
1621071226029 [vx:0.0 vy:0.0 vth:0.0 yaw:0.0] 
1621071226029 [delta_X:0.0 delta_y:0.0 status:False] 
1621071226037 [Update odom] 
1621071226151 [vx:0.0 vy:0.0 vth:0.0 yaw:0.0] 
1621071226151 [delta_X:0.0 delta_y:0.0 status:False] 
1621071226152 [Update odom] 
1621071226263 [vx:0.0 vy:0.0 vth:0.0 yaw:0.0] 
1621071226263 [delta_X:0.0 delta_y:0.0 status:False] 
1621071226264 [Update odom] 
1621071226373 [vx:0.0 vy:0.0 vth:0.0 yaw:0.0] 
1621071226373 [delta_X:0.0 delta_y:0.0 status:False] 
1621071226375 [Update odom] 
1621071226486 [vx:0.0 vy:0.0 vth:0.0 yaw:0.0] 
1621071226486 [delta_X:0.0 delta_y:0.0 status:False] 
1621071226488 [Update odom] 
1621071226599 [vx:0.0 vy:0.0 vth:0.0 yaw:0.0] 
1621071226599 [delta_X:0.0 delta_y:0.0 status:False] 
1621071226600 [Update odom] 
1621071226707 [vx:0.0 vy:0.0 vth:0.0 yaw:0.0] 
1621071226707 [delta_X:0.0 delta_y:0.0 status:False] 
1621071226715 [Update odom] 
1621071226828 [vx:0.0 vy:0.0 vth:0.0 yaw:0.0] 
1621071226828 [delta_X:0.0 delta_y:0.0 status:False] 
1621071226829 [Update odom] 
1621071226937 [vx:0.0 vy:0.0 vth:0.0 yaw:0.0] 
1621071226937 [delta_X:0.0 delta_y:0.0 status:False] 
1621071226938 [Update odom] 
1621071227045 [vx:0.0 vy:0.0 vth:0.0 yaw:0.0] 
1621071227045 [delta_X:0.0 delta_y:0.0 status:False] 
1621071227047 [Update odom] 
1621071227154 [vx:0.0 vy:0.0 vth:0.0 yaw:0.0] 
1621071227154 [delta_X:0.0 delta_y:0.0 status:False] 
1621071227155 [Update odom] 
1621071227264 [vx:0.0 vy:0.0 vth:0.0 yaw:0.0] 
1621071227264 [delta_X:0.0 delta_y:0.0 status:False] 
1621071227265 [Update odom] 
1621071227366 [log_latest_command] [[ b y t e a r r a y ( b ' \ x a a \ x f f \ x a 0 \ x 0 2 I \ x 0 f \ x 0 e ' ) ]] 
1621071227377 [vx:0.0 vy:0.0 vth:0.0 yaw:0.0] 
1621071227377 [delta_X:0.0 delta_y:0.0 status:False] 
1621071227378 [Update odom] 
1621071227489 [vx:0.0 vy:0.0 vth:0.0 yaw:0.0] 
1621071227489 [delta_X:0.0 delta_y:0.0 status:False] 
1621071227492 [Update odom] 
1621071227603 [vx:0.0 vy:0.0 vth:0.0 yaw:0.0] 
1621071227603 [delta_X:0.0 delta_y:0.0 status:False] 
1621071227604 [Update odom] 
1621071227712 [vx:0.0 vy:0.0 vth:0.0 yaw:0.0] 
1621071227712 [delta_X:0.0 delta_y:0.0 status:False] 
1621071227714 [Update odom] 
1621071227798 [log_latest_command] [[ b y t e a r r a y ( b ' \ x a a \ x f f \ x a 0 \ x 0 2 I \ x 0 f \ x 0 e ' ) ]] 
1621071227819 [vx:0.0 vy:0.0 vth:0.0 yaw:0.0] 
1621071227819 [delta_X:0.0 delta_y:0.0 status:False] 
1621071227820 [Update odom] 
1621071227927 [vx:0.0 vy:0.0 vth:0.0 yaw:0.0] 
1621071227927 [delta_X:0.0 delta_y:0.0 status:False] 
1621071227928 [Update odom] 
1621071228033 [vx:0.0 vy:0.0 vth:0.0 yaw:0.0] 
1621071228033 [delta_X:0.0 delta_y:0.0 status:False] 
1621071228034 [Update odom] 
1621071228140 [vx:0.0 vy:0.0 vth:0.0 yaw:0.0] 
1621071228140 [delta_X:0.0 delta_y:0.0 status:False] 
1621071228140 [Update odom] 
1621071228256 [vx:0.0 vy:0.0 vth:0.0 yaw:0.0] 
1621071228256 [delta_X:0.0 delta_y:0.0 status:False] 
1621071228258 [Update odom] 
1621071228370 [vx:0.0 vy:0.0 vth:0.0 yaw:0.0] 
1621071228370 [delta_X:0.0 delta_y:0.0 status:False] 
1621071228371 [Update odom] 
1621071228482 [vx:0.0 vy:0.0 vth:0.0 yaw:0.0] 
1621071228482 [delta_X:0.0 delta_y:0.0 status:False] 
1621071228484 [Update odom] 
1621071228567 [log_latest_command] [[ b y t e a r r a y ( b ' \ x a a \ x f f \ x a 0 \ x 0 2 I \ x 0 f \ x 0 e ' ) ]] 
1621071228589 [vx:0.0 vy:0.0 vth:0.0 yaw:0.0] 
1621071228589 [delta_X:0.0 delta_y:0.0 status:False] 
1621071228590 [Update odom] 
1621071228695 [vx:0.0 vy:0.0 vth:0.0 yaw:0.0] 
1621071228695 [delta_X:0.0 delta_y:0.0 status:False] 
1621071228697 [Update odom] 
1621071228802 [vx:0.0 vy:0.0 vth:0.0 yaw:0.0] 
1621071228802 [delta_X:0.0 delta_y:0.0 status:False] 
1621071228803 [Update odom] 
1621071228908 [vx:0.0 vy:0.0 vth:0.0 yaw:0.0] 
1621071228908 [delta_X:0 delta_y:0 status:True] 
1621071228909 [Update odom] 
1621071228971 [log_latest_command] [[ b y t e a r r a y ( b ' \ x a a \ x f f \ x a 0 \ x 0 2 I \ x 0 f \ x 0 e ' ) ]] 
1621071229019 [vx:0.0 vy:0.0 vth:0.0 yaw:0.0] 
1621071229020 [delta_X:0.0 delta_y:0.0 status:False] 
1621071229021 [Update odom] 
1621071229132 [vx:0.0 vy:0.0 vth:0.0 yaw:0.0] 
1621071229132 [delta_X:0.0 delta_y:0.0 status:False] 
1621071229133 [Update odom] 
1621071229243 [vx:0.0 vy:0.0 vth:0.0 yaw:0.0] 
1621071229243 [delta_X:0.0 delta_y:0.0 status:False] 
1621071229244 [Update odom] 
1621071229350 [vx:0.0 vy:0.0 vth:0.0 yaw:0.0] 
1621071229350 [delta_X:0.0 delta_y:0.0 status:False] 
1621071229351 [Update odom] 
1621071229457 [vx:0.0 vy:0.0 vth:0.0 yaw:0.0] 
1621071229457 [delta_X:0.0 delta_y:0.0 status:False] 
1621071229458 [Update odom] 
1621071229470 [log_latest_command] [[ b y t e a r r a y ( b ' \ x a a \ x f f \ x a 0 \ x 0 2 I \ x 0 f \ x 0 e ' ) ]] 
1621071229569 [vx:0.0 vy:0.0 vth:0.0 yaw:0.0] 
1621071229569 [delta_X:0.0 delta_y:0.0 status:False] 
1621071229573 [Update odom] 
1621071229679 [log_latest_command] [[ b y t e a r r a y ( b ' \ x a a \ x f f \ x a 0 \ x 0 2 I \ x 0 f \ x 0 e ' ) ]] 
1621071229694 [vx:0.0 vy:0.0 vth:0.0 yaw:0.0] 
1621071229694 [delta_X:0.0 delta_y:0.0 status:False] 
1621071229698 [Update odom] 
1621071229807 [vx:0.0 vy:0.0 vth:0.0 yaw:0.0] 
1621071229807 [delta_X:0.0 delta_y:0.0 status:False] 
1621071229809 [Update odom] 
1621071229887 [log_latest_command] [[ b y t e a r r a y ( b ' \ x a a \ x f f \ x a 0 \ x 0 2 I \ x 0 f \ x 0 e ' ) ]] 
1621071229915 [vx:0.0 vy:0.0 vth:0.0 yaw:0.0] 
1621071229915 [delta_X:0.0 delta_y:0.0 status:False] 
1621071229916 [Update odom] 
1621071230023 [vx:0.0 vy:0.0 vth:0.0 yaw:0.0] 
1621071230023 [delta_X:0.0 delta_y:0.0 status:False] 
1621071230024 [Update odom] 
1621071230093 [log_latest_command] [[ b y t e a r r a y ( b ' \ x a a \ x f f \ x a 0 \ x 0 2 I \ x 0 f \ x 0 e ' ) ]] 
1621071230130 [vx:0.0 vy:0.0 vth:0.0 yaw:0.0] 
1621071230130 [delta_X:0.0 delta_y:0.0 status:False] 
1621071230131 [Update odom] 
1621071230238 [vx:0.0 vy:0.0 vth:0.0 yaw:0.0] 
1621071230238 [delta_X:0.0 delta_y:0.0 status:False] 
1621071230240 [Update odom] 
1621071230297 [log_latest_command] [[ b y t e a r r a y ( b ' \ x a a \ x f f \ x a 0 \ x 0 2 I \ x 0 f \ x 0 e ' ) ]] 
1621071230346 [vx:0.0 vy:0.0 vth:0.0 yaw:0.0] 
1621071230346 [delta_X:0.0 delta_y:0.0 status:False] 
1621071230348 [Update odom] 
1621071230463 [vx:0.0 vy:0.0 vth:0.0 yaw:0.0] 
1621071230463 [delta_X:0.0 delta_y:0.0 status:False] 
1621071230466 [Update odom] 
1621071230501 [log_latest_command] [[ b y t e a r r a y ( b ' \ x a a \ x f f \ x a 0 \ x 0 2 I \ x 0 f \ x 0 e ' ) ]] 
1621071230577 [vx:0.0 vy:0.0 vth:0.0 yaw:0.0] 
1621071230577 [delta_X:0.0 delta_y:0.0 status:False] 
1621071230579 [Update odom] 
1621071230685 [vx:0.0 vy:0.0 vth:0.0 yaw:0.0] 
1621071230685 [delta_X:0.0 delta_y:0.0 status:False] 
1621071230686 [Update odom] 
1621071230705 [log_latest_command] [[ b y t e a r r a y ( b ' \ x a a \ x f f \ x a 0 \ x 0 2 I \ x 0 f \ x 0 e ' ) ]] 
1621071230792 [vx:0.0 vy:0.0 vth:0.0 yaw:0.0] 
1621071230792 [delta_X:0.0 delta_y:0.0 status:False] 
1621071230793 [Update odom] 
1621071230898 [vx:0.0 vy:0.0 vth:0.0 yaw:0.0] 
1621071230898 [delta_X:0.0 delta_y:0.0 status:False] 
1621071230899 [Update odom] 
1621071230907 [log_latest_command] [[ b y t e a r r a y ( b ' \ x a a \ x f f \ x a 0 \ x 0 2 I \ x 0 f \ x 0 e ' ) ]] 
1621071231004 [vx:0.0 vy:0.0 vth:0.0 yaw:0.0] 
1621071231004 [delta_X:0.0 delta_y:0.0 status:False] 
1621071231005 [Update odom] 
1621071231109 [log_latest_command] [[ b y t e a r r a y ( b ' \ x a a \ x f f \ x a 0 \ x 0 2 I \ x 0 f \ x 0 e ' ) ]] 
1621071231113 [vx:0.0 vy:0.0 vth:0.0 yaw:0.0] 
1621071231113 [delta_X:0.0 delta_y:0.0 status:False] 
1621071231114 [Update odom] 
1621071231225 [vx:0.0 vy:0.0 vth:0.0 yaw:0.0] 
1621071231225 [delta_X:0.0 delta_y:0.0 status:False] 
1621071231227 [Update odom] 
1621071231316 [log_latest_command] [[ b y t e a r r a y ( b ' \ x a a \ x f f \ x a 0 \ x 0 2 I \ x 0 f \ x 0 e ' ) ]] 
1621071231333 [vx:0.0 vy:0.0 vth:0.0 yaw:0.0] 
1621071231334 [delta_X:0.0 delta_y:0.0 status:False] 
1621071231335 [Update odom] 
1621071231442 [vx:0.0 vy:0.0 vth:0.0 yaw:0.0] 
1621071231442 [delta_X:0.0 delta_y:0.0 status:False] 
1621071231450 [Update odom] 
1621071231564 [vx:0.0 vy:0.0 vth:0.0 yaw:0.0] 
1621071231564 [delta_X:0.0 delta_y:0.0 status:False] 
1621071231567 [Update odom] 
1621071231679 [vx:0.0 vy:0.0 vth:0.0 yaw:0.0] 
1621071231679 [delta_X:0.0 delta_y:0.0 status:False] 
1621071231681 [Update odom] 
1621071231735 [log_latest_command] [[ b y t e a r r a y ( b ' \ x a a \ x f f \ x a 0 \ x 0 2 I \ x 0 f \ x 0 e ' ) ]] 
1621071231792 [vx:0.0 vy:0.0 vth:0.0 yaw:0.0] 
1621071231792 [delta_X:0.0 delta_y:0.0 status:False] 
1621071231793 [Update odom] 
1621071231899 [vx:0.0 vy:0.0 vth:0.0 yaw:0.0] 
1621071231899 [delta_X:0.0 delta_y:0.0 status:False] 
1621071231899 [Update odom] 
1621071232011 [vx:0.0 vy:0.0 vth:0.0 yaw:0.0] 
1621071232011 [delta_X:0.0 delta_y:0.0 status:False] 
1621071232012 [Update odom] 
1621071232120 [vx:0.0 vy:0.0 vth:0.0 yaw:0.0] 
1621071232120 [delta_X:0 delta_y:0 status:True] 
1621071232121 [Update odom] 
1621071232228 [vx:0.0 vy:0.0 vth:0.0 yaw:0.0] 
1621071232228 [delta_X:0 delta_y:0 status:True] 
1621071232229 [Update odom] 
1621071232336 [vx:4.0 vy:0.0 vth:0.0 yaw:0.0] 
1621071232336 [delta_X:0 delta_y:0 status:True] 
1621071232337 [Update odom] 
1621071232343 [log_latest_command] [[ b y t e a r r a y ( b ' \ x a a \ x f f \ x a 0 \ x 0 2 I \ x 0 f \ x 0 e ' ) ]] 
1621071232443 [vx:0.0 vy:0.0 vth:0.0 yaw:0.0] 
1621071232443 [delta_X:0.0 delta_y:0.0 status:False] 
1621071232445 [Update odom] 
1621071232551 [vx:0.0 vy:0.0 vth:0.0 yaw:0.0] 
1621071232551 [delta_X:0.0 delta_y:0.0 status:False] 
1621071232553 [Update odom] 
1621071232662 [vx:0.0 vy:0.0 vth:0.0 yaw:0.0] 
1621071232662 [delta_X:0 delta_y:0 status:True] 
1621071232664 [Update odom] 
1621071232783 [vx:0.0 vy:0.0 vth:0.0 yaw:0.0] 
1621071232783 [delta_X:0 delta_y:0 status:True] 
1621071232783 [Update odom] 
1621071232893 [vx:0.0 vy:0.0 vth:0.0 yaw:0.0] 
1621071232893 [delta_X:0 delta_y:0 status:True] 
1621071232894 [Update odom] 
1621071232958 [log_latest_command] [[ b y t e a r r a y ( b ' \ x a a \ x f f \ x a 0 \ x 0 2 I \ x 0 f \ x 0 e ' ) ]] 
1621071233001 [vx:-6.0 vy:-0.0 vth:0.0 yaw:0.0] 
1621071233001 [delta_X:-0.66578436 delta_y:-0.0 status:False] 
1621071233003 [Update odom] 
1621071233112 [vx:-1.0 vy:-0.0 vth:0.0 yaw:0.0] 
1621071233112 [delta_X:-0.108340025 delta_y:-0.0 status:False] 
1621071233113 [Update odom] 
1621071233219 [vx:-1.0 vy:-0.0 vth:0.0 yaw:0.0] 
1621071233219 [delta_X:-0.110482931 delta_y:-0.0 status:False] 
1621071233220 [Update odom] 
1621071233329 [vx:-1.0 vy:-0.0 vth:0.0 yaw:0.0] 
1621071233329 [delta_X:0 delta_y:0 status:True] 
1621071233330 [Update odom] 
1621071233444 [vx:-1.0 vy:-0.0 vth:0.0 yaw:0.0] 
1621071233444 [delta_X:0 delta_y:0 status:True] 
1621071233445 [Update odom] 
1621071233553 [vx:-1.0 vy:-0.0 vth:0.0 yaw:0.0] 
1621071233553 [delta_X:0 delta_y:0 status:True] 
1621071233555 [Update odom] 
1621071233566 [log_latest_command] [[ b y t e a r r a y ( b ' \ x a a \ x f f \ x a 0 \ x 0 2 I \ x 0 f \ x 0 e ' ) ]] 
1621071233662 [vx:-1.0 vy:-0.0 vth:0.0 yaw:0.0] 
1621071233662 [delta_X:-0.110239029 delta_y:-0.0 status:False] 
1621071233663 [Update odom] 
1621071233770 [vx:-1.0 vy:-0.0 vth:0.0 yaw:0.0] 
1621071233771 [delta_X:-0.107980013 delta_y:-0.0 status:False] 
1621071233773 [Update odom] 
1621071233880 [vx:0.0 vy:0.0 vth:0.0 yaw:0.0] 
1621071233880 [delta_X:0 delta_y:0 status:True] 
1621071233882 [Update odom] 
1621071233993 [vx:0.0 vy:0.0 vth:0.0 yaw:0.0] 
1621071233993 [delta_X:0 delta_y:0 status:True] 
1621071233995 [Update odom] 
1621071234101 [vx:0.0 vy:0.0 vth:0.0 yaw:0.0] 
1621071234102 [delta_X:0 delta_y:0 status:True] 
1621071234102 [Update odom] 
1621071234179 [log_latest_command] [[ b y t e a r r a y ( b ' \ x a a \ x f f \ x a 0 \ x 0 2 I \ x 0 f \ x 0 e ' ) ]] 
1621071234213 [vx:0.0 vy:0.0 vth:0.0 yaw:0.0] 
1621071234213 [delta_X:0.0 delta_y:0.0 status:False] 
1621071234215 [Update odom] 
1621071234322 [vx:0.0 vy:0.0 vth:0.0 yaw:0.0] 
1621071234322 [delta_X:0.0 delta_y:0.0 status:False] 
1621071234335 [Update odom] 
1621071234441 [vx:0.0 vy:0.0 vth:0.0 yaw:0.0] 
1621071234441 [delta_X:0.0 delta_y:0.0 status:False] 
1621071234441 [Update odom] 
1621071234547 [vx:0.0 vy:0.0 vth:0.0 yaw:0.0] 
1621071234548 [delta_X:0 delta_y:0 status:True] 
1621071234560 [Update odom] 
1621071234668 [vx:0.0 vy:0.0 vth:0.0 yaw:0.0] 
1621071234668 [delta_X:0 delta_y:0 status:True] 
1621071234670 [Update odom] 
1621071234776 [vx:0.0 vy:0.0 vth:0.0 yaw:0.0] 
1621071234776 [delta_X:0 delta_y:0 status:True] 
1621071234778 [Update odom] 
1621071234812 [log_latest_command] [[ b y t e a r r a y ( b ' \ x a a \ x f f \ x a 0 \ x 0 2 I \ x 0 f \ x 0 e ' ) ]] 
1621071234885 [vx:0.0 vy:0.0 vth:0.0 yaw:0.0] 
1621071234885 [delta_X:0.0 delta_y:0.0 status:False] 
1621071234886 [Update odom] 
1621071234992 [vx:0.0 vy:0.0 vth:0.0 yaw:0.0] 
1621071234992 [delta_X:0.0 delta_y:0.0 status:False] 
1621071234993 [Update odom] 
1621071235098 [vx:0.0 vy:0.0 vth:0.0 yaw:0.0] 
1621071235098 [delta_X:0.0 delta_y:0.0 status:False] 
1621071235099 [Update odom] 
1621071235209 [vx:0.0 vy:0.0 vth:0.0 yaw:0.0] 
1621071235209 [delta_X:0 delta_y:0 status:True] 
1621071235210 [Update odom] 
1621071235225 [log_latest_command] [[ b y t e a r r a y ( b ' \ x a a \ x f f \ x a 0 \ x 0 2 I \ x 0 f \ x 0 e ' ) ]] 
1621071235317 [vx:0.0 vy:0.0 vth:0.0 yaw:0.0] 
1621071235317 [delta_X:0.0 delta_y:0.0 status:False] 
1621071235318 [Update odom] 
1621071235426 [vx:-6.0 vy:-0.0 vth:0.0 yaw:0.0] 
1621071235429 [delta_X:-0.648900036 delta_y:-0.0 status:False] 
1621071235430 [Update odom] 
1621071235536 [vx:-4.0 vy:-0.0 vth:0.0 yaw:0.0] 
1621071235537 [delta_X:-0.447011948 delta_y:-0.0 status:False] 
1621071235538 [Update odom] 
1621071235643 [vx:-1.0 vy:-0.0 vth:0.0 yaw:0.0] 
1621071235643 [delta_X:-0.107903003 delta_y:-0.0 status:False] 
1621071235645 [Update odom] 
1621071235751 [vx:-1.0 vy:-0.0 vth:0.0 yaw:0.0] 
1621071235752 [delta_X:-0.106858015 delta_y:-0.0 status:False] 
1621071235753 [Update odom] 
1621071235859 [log_latest_command] [[ b y t e a r r a y ( b ' \ x a a \ x f f \ x a 0 \ x 0 2 I \ x 0 f \ x 0 e ' ) ]] 
1621071235860 [vx:-8.0 vy:-0.0 vth:0.0 yaw:0.0] 
1621071235860 [delta_X:-0.862592696 delta_y:-0.0 status:False] 
1621071235861 [Update odom] 
1621071235970 [vx:-1.0 vy:-0.0 vth:0.0 yaw:0.0] 
1621071235971 [delta_X:-0.108193875 delta_y:-0.0 status:False] 
1621071235972 [Update odom] 
1621071236080 [vx:-6.0 vy:-0.0 vth:0.0 yaw:0.0] 
1621071236081 [delta_X:-0.665898798 delta_y:-0.0 status:False] 
1621071236081 [Update odom] 
1621071236191 [vx:-4.0 vy:-0.0 vth:0.0 yaw:0.0] 
1621071236191 [delta_X:0 delta_y:0 status:True] 
1621071236193 [Update odom] 
1621071236303 [vx:-1.0 vy:-0.0 vth:0.0 yaw:0.0] 
1621071236303 [delta_X:0 delta_y:0 status:True] 
1621071236305 [Update odom] 
1621071236343 [log_latest_command] [[ b y t e a r r a y ( b ' \ x a a \ x f f \ x a 0 \ x 0 2 I \ x 0 f \ x 0 e ' ) ]] 
1621071236411 [vx:-4.0 vy:-0.0 vth:0.0 yaw:0.0] 
1621071236412 [delta_X:-0.44793606 delta_y:-0.0 status:False] 
1621071236413 [Update odom] 
1621071236518 [vx:-1.0 vy:-0.0 vth:0.0 yaw:0.0] 
1621071236518 [delta_X:-0.108444929 delta_y:-0.0 status:False] 
1621071236519 [Update odom] 
1621071236625 [vx:-1.0 vy:-0.0 vth:0.0 yaw:0.0] 
1621071236625 [delta_X:-0.10615611 delta_y:-0.0 status:False] 
1621071236626 [Update odom] 
1621071236735 [vx:-1.0 vy:-0.0 vth:0.0 yaw:0.0] 
1621071236735 [delta_X:-0.106919051 delta_y:-0.0 status:False] 
1621071236739 [Update odom] 
1621071236840 [log_latest_command] [[ b y t e a r r a y ( b ' \ x a a \ x f f \ x a 0 \ x 0 2 I \ x 0 f \ x 0 e ' ) ]] 
1621071236855 [vx:-1.0 vy:-0.0 vth:0.0 yaw:0.0] 
1621071236856 [delta_X:-0.113246917 delta_y:-0.0 status:False] 
1621071236857 [Update odom] 
1621071236963 [vx:-1.0 vy:-0.0 vth:0.0 yaw:0.0] 
1621071236963 [delta_X:-0.117352963 delta_y:-0.0 status:False] 
1621071236965 [Update odom] 
1621071237050 [log_latest_command] [[ b y t e a r r a y ( b ' \ x a a \ x f f \ x a 0 \ x 0 2 I \ x 0 f \ x 0 e ' ) ]] 
1621071237073 [vx:-1.0 vy:-0.0 vth:0.0 yaw:0.0] 
1621071237073 [delta_X:-0.108636141 delta_y:-0.0 status:False] 
1621071237074 [Update odom] 
1621071237182 [vx:-6.0 vy:-0.0 vth:0.0 yaw:0.0] 
1621071237182 [delta_X:-0.652499196 delta_y:-0.0 status:False] 
1621071237184 [Update odom] 
1621071237263 [log_latest_command] [[ b y t e a r r a y ( b ' \ x a a \ x f f \ x a 0 \ x 0 2 I \ x 0 f \ x 0 e ' ) ]] 
1621071237290 [vx:-1.0 vy:-0.0 vth:0.0 yaw:0.0] 
1621071237290 [delta_X:-0.110454083 delta_y:-0.0 status:False] 
1621071237291 [Update odom] 
1621071237397 [vx:-4.0 vy:-0.0 vth:0.0 yaw:0.0] 
1621071237397 [delta_X:-0.426527976 delta_y:-0.0 status:False] 
1621071237399 [Update odom] 
1621071237469 [log_latest_command] [[ b y t e a r r a y ( b ' \ x a a \ x f f \ x a 0 \ x 0 2 I \ x 0 f \ x 0 e ' ) ]] 
1621071237508 [vx:-1.0 vy:-0.0 vth:0.0 yaw:0.0] 
1621071237508 [delta_X:-0.108415842 delta_y:-0.0 status:False] 
1621071237509 [Update odom] 
1621071237615 [vx:-1.0 vy:-0.0 vth:0.0 yaw:0.0] 
1621071237615 [delta_X:-0.109493017 delta_y:-0.0 status:False] 
1621071237616 [Update odom] 
1621071237675 [log_latest_command] [[ b y t e a r r a y ( b ' \ x a a \ x f f \ x a 0 \ x 0 2 I \ x 0 f \ x 0 e ' ) ]] 
1621071237723 [vx:-1.0 vy:-0.0 vth:0.0 yaw:0.0] 
1621071237723 [delta_X:-0.106801033 delta_y:-0.0 status:False] 
1621071237725 [Update odom] 
1621071237833 [vx:-1.0 vy:-0.0 vth:0.0 yaw:0.0] 
1621071237833 [delta_X:-0.109199047 delta_y:-0.0 status:False] 
1621071237835 [Update odom] 
1621071237880 [log_latest_command] [[ b y t e a r r a y ( b ' \ x a a \ x f f \ x a 0 \ x 0 2 I \ x 0 f \ x 0 e ' ) ]] 
1621071237941 [vx:-1.0 vy:-0.0 vth:0.0 yaw:0.0] 
1621071237941 [delta_X:-0.109539032 delta_y:-0.0 status:False] 
1621071237942 [Update odom] 
1621071238048 [vx:-1.0 vy:-0.0 vth:0.0 yaw:0.0] 
1621071238048 [delta_X:-0.107192993 delta_y:-0.0 status:False] 
1621071238055 [Update odom] 
1621071238085 [log_latest_command] [[ b y t e a r r a y ( b ' \ x a a \ x f f \ x a 0 \ x 0 2 I \ x 0 f \ x 0 e ' ) ]] 
1621071238178 [vx:-4.0 vy:-0.0 vth:0.0 yaw:0.0] 
1621071238178 [delta_X:-0.451095584 delta_y:-0.0 status:False] 
1621071238179 [Update odom] 
1621071238287 [log_latest_command] [[ b y t e a r r a y ( b ' \ x a a \ x f f \ x a 0 \ x 0 2 I \ x 0 f \ x 0 e ' ) ]] 
1621071238289 [vx:-6.0 vy:-0.0 vth:0.0 yaw:0.0] 
1621071238289 [delta_X:-0.747276306 delta_y:-0.0 status:False] 
1621071238290 [Update odom] 
1621071238396 [vx:-4.0 vy:-0.0 vth:0.0 yaw:0.0] 
1621071238396 [delta_X:-0.44460392 delta_y:-0.0 status:False] 
1621071238402 [Update odom] 
1621071238510 [vx:-4.0 vy:-0.0 vth:0.0 yaw:0.0] 
1621071238510 [delta_X:-0.447916028 delta_y:-0.0 status:False] 
1621071238511 [Update odom] 
1621071238622 [vx:-1.0 vy:-0.0 vth:0.0 yaw:0.0] 
1621071238622 [delta_X:-0.109000922 delta_y:-0.0 status:False] 
1621071238623 [Update odom] 
1621071238696 [log_latest_command] [[ b y t e a r r a y ( b ' \ x a a \ x f f \ x a 0 \ x 0 2 I \ x 0 f \ x 0 e ' ) ]] 
1621071238732 [vx:-2.0 vy:-0.0 vth:0.0 yaw:0.0] 
1621071238732 [delta_X:-0.223362446 delta_y:-0.0 status:False] 
1621071238733 [Update odom] 
1621071238842 [vx:-1.0 vy:-0.0 vth:0.0 yaw:0.0] 
1621071238842 [delta_X:-0.110183 delta_y:-0.0 status:False] 
1621071238843 [Update odom] 
1621071238950 [vx:-1.0 vy:-0.0 vth:0.0 yaw:0.0] 
1621071238950 [delta_X:-0.110077858 delta_y:-0.0 status:False] 
1621071238953 [Update odom] 
1621071239059 [vx:-1.0 vy:-0.0 vth:0.0 yaw:0.0] 
1621071239059 [delta_X:0 delta_y:0 status:True] 
1621071239063 [Update odom] 
1621071239184 [vx:-1.0 vy:-0.0 vth:0.0 yaw:0.0] 
1621071239184 [delta_X:0 delta_y:0 status:True] 
1621071239185 [Update odom] 
1621071239294 [vx:-4.0 vy:-0.0 vth:0.0 yaw:0.0] 
1621071239294 [delta_X:0 delta_y:0 status:True] 
1621071239296 [Update odom] 
1621071239308 [log_latest_command] [[ b y t e a r r a y ( b ' \ x a a \ x f f \ x a 0 \ x 0 2 I \ x 0 f \ x 0 e ' ) ]] 
1621071239402 [vx:-4.0 vy:-0.0 vth:0.0 yaw:0.0] 
1621071239402 [delta_X:-0.443311692 delta_y:-0.0 status:False] 
1621071239403 [Update odom] 
1621071239511 [vx:-4.0 vy:-0.0 vth:0.0 yaw:0.0] 
1621071239511 [delta_X:-0.427412032 delta_y:-0.0 status:False] 
1621071239513 [Update odom] 
1621071239624 [vx:-1.0 vy:-0.0 vth:0.0 yaw:0.0] 
1621071239624 [delta_X:0 delta_y:0 status:True] 
1621071239625 [Update odom] 
1621071239733 [vx:-1.0 vy:-0.0 vth:0.0 yaw:0.0] 
1621071239733 [delta_X:0 delta_y:0 status:True] 
1621071239734 [Update odom] 
1621071239841 [vx:0.0 vy:0.0 vth:0.0 yaw:0.0] 
1621071239841 [delta_X:0 delta_y:0 status:True] 
1621071239842 [Update odom] 
1621071239928 [log_latest_command] [[ b y t e a r r a y ( b ' \ x a a \ x f f \ x a 0 \ x 0 2 I \ x 0 f \ x 0 e ' ) ]] 
1621071239952 [vx:0.0 vy:0.0 vth:0.0 yaw:0.0] 
1621071239953 [delta_X:0.0 delta_y:0.0 status:False] 
1621071239958 [Update odom] 
1621071240067 [vx:0.0 vy:0.0 vth:0.0 yaw:0.0] 
1621071240067 [delta_X:0.0 delta_y:0.0 status:False] 
1621071240068 [Update odom] 
1621071240176 [vx:0.0 vy:0.0 vth:0.0 yaw:0.0] 
1621071240176 [delta_X:0.0 delta_y:0.0 status:False] 
1621071240177 [Update odom] 
1621071240285 [vx:0.0 vy:0.0 vth:0.0 yaw:0.0] 
1621071240285 [delta_X:0 delta_y:0 status:True] 
1621071240288 [Update odom] 
1621071240336 [log_latest_command] [[ b y t e a r r a y ( b ' \ x a a \ x f f \ x a 0 \ x 0 2 I \ x 0 f \ x 0 e ' ) ]] 
1621071240394 [vx:0.0 vy:0.0 vth:0.0 yaw:0.0] 
1621071240394 [delta_X:0.0 delta_y:0.0 status:False] 
1621071240395 [Update odom] 
1621071240501 [vx:0.0 vy:0.0 vth:0.0 yaw:0.0] 
1621071240501 [delta_X:0.0 delta_y:0.0 status:False] 
1621071240502 [Update odom] 
1621071240538 [log_latest_command] [[ b y t e a r r a y ( b ' \ x a a \ x f f \ x a 0 \ x 0 2 I \ x 0 f \ x 0 e ' ) ]] 
1621071240610 [vx:0.0 vy:0.0 vth:0.0 yaw:0.0] 
1621071240610 [delta_X:0.0 delta_y:0.0 status:False] 
1621071240612 [Update odom] 
1621071240719 [vx:0.0 vy:0.0 vth:0.0 yaw:0.0] 
1621071240720 [delta_X:0.0 delta_y:0.0 status:False] 
1621071240721 [Update odom] 
1621071240836 [vx:0.0 vy:0.0 vth:0.0 yaw:0.0] 
1621071240836 [delta_X:0.0 delta_y:0.0 status:False] 
1621071240837 [Update odom] 
1621071240946 [vx:0.0 vy:0.0 vth:0.0 yaw:0.0] 
1621071240946 [delta_X:0.0 delta_y:0.0 status:False] 
1621071240953 [Update odom] 
1621071241059 [vx:0.0 vy:0.0 vth:0.0 yaw:0.0] 
1621071241059 [delta_X:0.0 delta_y:0.0 status:False] 
1621071241060 [Update odom] 
1621071241079 [log_latest_command] [[ b y t e a r r a y ( b ' \ x a a \ x f f \ x a 0 \ x 0 2 I \ x 0 f \ x 0 e ' ) ]] 
1621071241169 [vx:0.0 vy:0.0 vth:0.0 yaw:0.0] 
1621071241169 [delta_X:0.0 delta_y:0.0 status:False] 
1621071241171 [Update odom] 
1621071241281 [vx:0.0 vy:0.0 vth:0.0 yaw:0.0] 
1621071241289 [delta_X:0.0 delta_y:0.0 status:False] 
1621071241306 [Update odom] 
1621071241412 [vx:0.0 vy:0.0 vth:0.0 yaw:0.0] 
1621071241412 [delta_X:0 delta_y:0 status:True] 
1621071241413 [Update odom] 
1621071241534 [vx:0.0 vy:0.0 vth:0.0 yaw:0.0] 
1621071241534 [delta_X:0 delta_y:0 status:True] 
1621071241538 [Update odom] 
1621071241558 [log_latest_command] [[ b y t e a r r a y ( b ' \ x a a \ x f f \ x a 0 \ x 0 2 I \ x 0 f \ x 0 e ' ) ]] 
1621071241648 [vx:0.0 vy:0.0 vth:0.0 yaw:0.0] 
1621071241649 [delta_X:0.0 delta_y:0.0 status:False] 
1621071241650 [Update odom] 
1621071241773 [vx:0.0 vy:0.0 vth:0.0 yaw:0.0] 
1621071241773 [delta_X:0.0 delta_y:0.0 status:False] 
1621071241775 [Update odom] 
1621071241881 [vx:0.0 vy:0.0 vth:0.0 yaw:0.0] 
1621071241881 [delta_X:0.0 delta_y:0.0 status:False] 
1621071241883 [Update odom] 
1621071241995 [vx:0.0 vy:0.0 vth:0.0 yaw:0.0] 
1621071241995 [delta_X:0.0 delta_y:0.0 status:False] 
1621071241996 [Update odom] 
1621071242103 [vx:0.0 vy:0.0 vth:0.0 yaw:0.0] 
1621071242103 [delta_X:0.0 delta_y:0.0 status:False] 
1621071242110 [Update odom] 
1621071242219 [vx:0.0 vy:0.0 vth:0.0 yaw:0.0] 
1621071242220 [delta_X:0.0 delta_y:0.0 status:False] 
1621071242228 [Update odom] 
1621071242335 [vx:0.0 vy:0.0 vth:0.0 yaw:0.0] 
1621071242335 [delta_X:0.0 delta_y:0.0 status:False] 
1621071242336 [Update odom] 
1621071242442 [vx:0.0 vy:0.0 vth:0.0 yaw:0.0] 
1621071242442 [delta_X:0.0 delta_y:0.0 status:False] 
1621071242443 [Update odom] 
1621071242548 [vx:0.0 vy:0.0 vth:0.0 yaw:0.0] 
1621071242549 [delta_X:0.0 delta_y:0.0 status:False] 
1621071242549 [Update odom] 
1621071242655 [vx:0.0 vy:0.0 vth:0.0 yaw:0.0] 
1621071242655 [delta_X:0.0 delta_y:0.0 status:False] 
1621071242657 [Update odom] 
1621071242770 [vx:0.0 vy:0.0 vth:0.0 yaw:0.0] 
1621071242771 [delta_X:0.0 delta_y:0.0 status:False] 
1621071242773 [Update odom] 
1621071242888 [vx:0.0 vy:0.0 vth:0.0 yaw:0.0] 
1621071242888 [delta_X:0.0 delta_y:0.0 status:False] 
1621071242890 [Update odom] 
1621071243008 [vx:0.0 vy:0.0 vth:0.0 yaw:0.0] 
1621071243008 [delta_X:0.0 delta_y:0.0 status:False] 
1621071243010 [Update odom] 
1621071243117 [vx:0.0 vy:0.0 vth:0.0 yaw:0.0] 
1621071243117 [delta_X:0.0 delta_y:0.0 status:False] 
1621071243118 [Update odom] 
1621071243129 [log_latest_command] [[ b y t e a r r a y ( b ' \ x a a \ x f f \ x a 0 \ x 0 2 I \ x 0 f \ x 0 e ' ) ]] 
1621071243232 [vx:0.0 vy:0.0 vth:0.0 yaw:0.0] 
1621071243232 [delta_X:0.0 delta_y:0.0 status:False] 
1621071243233 [Update odom] 
1621071243339 [vx:0.0 vy:0.0 vth:0.0 yaw:0.0] 
1621071243339 [delta_X:0.0 delta_y:0.0 status:False] 
1621071243340 [Update odom] 
1621071243452 [vx:0.0 vy:0.0 vth:0.0 yaw:0.0] 
1621071243452 [delta_X:0 delta_y:0 status:True] 
1621071243453 [Update odom] 
1621071243560 [vx:0.0 vy:0.0 vth:0.0 yaw:0.0] 
1621071243560 [delta_X:0 delta_y:0 status:True] 
1621071243562 [Update odom] 
1621071243672 [vx:0.0 vy:0.0 vth:0.0 yaw:0.0] 
1621071243673 [delta_X:0 delta_y:0 status:True] 
1621071243674 [Update odom] 
1621071243793 [vx:0.0 vy:0.0 vth:0.0 yaw:0.0] 
1621071243793 [delta_X:0 delta_y:0 status:True] 
1621071243794 [Update odom] 
1621071243798 [log_latest_command] [[ b y t e a r r a y ( b ' \ x a a \ x f f \ x a 0 \ x 0 2 I \ x 0 f \ x 0 e ' ) ]] 
1621071243902 [vx:0.0 vy:0.0 vth:0.0 yaw:0.0] 
1621071243902 [delta_X:0.0 delta_y:0.0 status:False] 
1621071243908 [Update odom] 
1621071244015 [vx:0.0 vy:0.0 vth:0.0 yaw:0.0] 
1621071244015 [delta_X:0.0 delta_y:0.0 status:False] 
1621071244015 [Update odom] 
1621071244127 [vx:0.0 vy:0.0 vth:0.0 yaw:0.0] 
1621071244127 [delta_X:0.0 delta_y:0.0 status:False] 
1621071244129 [Update odom] 
1621071244243 [vx:0.0 vy:0.0 vth:0.0 yaw:0.0] 
1621071244243 [delta_X:0.0 delta_y:0.0 status:False] 
1621071244244 [Update odom] 
1621071244295 [log_latest_command] [[ b y t e a r r a y ( b ' \ x a a \ x f f \ x a 0 \ x 0 2 I \ x 0 f \ x 0 e ' ) ]] 
1621071244378 [vx:0.0 vy:0.0 vth:0.0 yaw:0.0] 
1621071244378 [delta_X:0.0 delta_y:0.0 status:False] 
1621071244379 [Update odom] 
1621071244503 [vx:0.0 vy:0.0 vth:0.0 yaw:0.0] 
1621071244504 [delta_X:0.0 delta_y:0.0 status:False] 
1621071244505 [log_latest_command] [[ b y t e a r r a y ( b ' \ x a a \ x f f \ x a 0 \ x 0 2 I \ x 0 f \ x 0 e ' ) ]] 
1621071244505 [Update odom] 
1621071244632 [vx:0.0 vy:0.0 vth:0.0 yaw:0.0] 
1621071244632 [delta_X:0.0 delta_y:0.0 status:False] 
1621071244633 [Update odom] 
1621071244713 [log_latest_command] [[ b y t e a r r a y ( b ' \ x a a \ x f f \ x a 0 \ x 0 2 I \ x 0 f \ x 0 e ' ) ]] 
1621071244741 [vx:0.0 vy:0.0 vth:0.0 yaw:0.0] 
1621071244741 [delta_X:0.0 delta_y:0.0 status:False] 
1621071244742 [Update odom] 
1621071244853 [vx:0.0 vy:0.0 vth:0.0 yaw:0.0] 
1621071244853 [delta_X:0.0 delta_y:0.0 status:False] 
1621071244859 [Update odom] 
1621071244931 [log_latest_command] [[ b y t e a r r a y ( b ' \ x a a \ x f f \ x a 0 \ x 0 2 I \ x 0 f \ x 0 e ' ) ]] 
1621071244973 [vx:0.0 vy:0.0 vth:0.0 yaw:0.0] 
1621071244973 [delta_X:0.0 delta_y:0.0 status:False] 
1621071244974 [Update odom] 
1621071245089 [vx:0.0 vy:0.0 vth:0.0 yaw:0.0] 
1621071245089 [delta_X:0.0 delta_y:0.0 status:False] 
1621071245090 [Update odom] 
1621071245147 [log_latest_command] [[ b y t e a r r a y ( b ' \ x a a \ x f f \ x a 0 \ x 0 2 I \ x 0 f \ x 0 e ' ) ]] 
1621071245199 [vx:0.0 vy:0.0 vth:0.0 yaw:0.0] 
1621071245199 [delta_X:0.0 delta_y:0.0 status:False] 
1621071245200 [Update odom] 
1621071245310 [vx:0.0 vy:0.0 vth:0.0 yaw:0.0] 
1621071245310 [delta_X:0.0 delta_y:0.0 status:False] 
1621071245312 [Update odom] 
1621071245353 [log_latest_command] [[ b y t e a r r a y ( b ' \ x a a \ x f f \ x a 0 \ x 0 2 I \ x 0 f \ x 0 e ' ) ]] 
1621071245418 [vx:0.0 vy:0.0 vth:0.0 yaw:0.0] 
1621071245418 [delta_X:0.0 delta_y:0.0 status:False] 
1621071245419 [Update odom] 
1621071245526 [vx:0.0 vy:0.0 vth:0.0 yaw:0.0] 
1621071245526 [delta_X:0.0 delta_y:0.0 status:False] 
1621071245528 [Update odom] 
1621071245556 [log_latest_command] [[ b y t e a r r a y ( b ' \ x a a \ x f f \ x a 0 \ x 0 2 I \ x 0 f \ x 0 e ' ) ]] 
1621071245633 [vx:0.0 vy:0.0 vth:0.0 yaw:0.0] 
1621071245633 [delta_X:0.0 delta_y:0.0 status:False] 
1621071245635 [Update odom] 
1621071245740 [vx:0.0 vy:0.0 vth:0.0 yaw:0.0] 
1621071245740 [delta_X:0.0 delta_y:0.0 status:False] 
1621071245741 [Update odom] 
1621071245758 [log_latest_command] [[ b y t e a r r a y ( b ' \ x a a \ x f f \ x a 0 \ x 0 2 I \ x 0 f \ x 0 e ' ) ]] 
1621071245849 [vx:0.0 vy:0.0 vth:0.0 yaw:0.0] 
1621071245850 [delta_X:0.0 delta_y:0.0 status:False] 
1621071245851 [Update odom] 
1621071245965 [vx:0.0 vy:0.0 vth:0.0 yaw:0.0] 
1621071245965 [delta_X:0.0 delta_y:0.0 status:False] 
1621071245968 [log_latest_command] [[ b y t e a r r a y ( b ' \ x a a \ x f f \ x a 0 \ x 0 2 I \ x 0 f \ x 0 e ' ) ]] 
1621071245968 [Update odom] 
1621071246080 [vx:0.0 vy:0.0 vth:0.0 yaw:0.0] 
1621071246080 [delta_X:0.0 delta_y:0.0 status:False] 
1621071246082 [Update odom] 
1621071246172 [log_latest_command] [[ b y t e a r r a y ( b ' \ x a a \ x f f \ x a 0 \ x 0 2 I \ x 0 f \ x 0 e ' ) ]] 
1621071246201 [vx:0.0 vy:0.0 vth:0.0 yaw:0.0] 
1621071246201 [delta_X:0.0 delta_y:0.0 status:False] 
1621071246202 [Update odom] 
1621071246308 [vx:0.0 vy:0.0 vth:0.0 yaw:0.0] 
1621071246308 [delta_X:0.0 delta_y:0.0 status:False] 
1621071246310 [Update odom] 
1621071246374 [log_latest_command] [[ b y t e a r r a y ( b ' \ x a a \ x f f \ x a 0 \ x 0 2 I \ x 0 f \ x 0 e ' ) ]] 
1621071246416 [vx:0.0 vy:0.0 vth:0.0 yaw:0.0] 
1621071246416 [delta_X:0.0 delta_y:0.0 status:False] 
1621071246417 [Update odom] 
1621071246523 [vx:0.0 vy:0.0 vth:0.0 yaw:0.0] 
1621071246523 [delta_X:0.0 delta_y:0.0 status:False] 
1621071246524 [Update odom] 
1621071246576 [log_latest_command] [[ b y t e a r r a y ( b ' \ x a a \ x f f \ x a 0 \ x 0 2 I \ x 0 f \ x 0 e ' ) ]] 
1621071246632 [vx:0.0 vy:0.0 vth:0.0 yaw:0.0] 
1621071246632 [delta_X:0.0 delta_y:0.0 status:False] 
1621071246633 [Update odom] 
1621071246740 [vx:0.0 vy:0.0 vth:0.0 yaw:0.0] 
1621071246740 [delta_X:0.0 delta_y:0.0 status:False] 
1621071246741 [Update odom] 
1621071246779 [log_latest_command] [[ b y t e a r r a y ( b ' \ x a a \ x f f \ x a 0 \ x 0 2 I \ x 0 f \ x 0 e ' ) ]] 
1621071246850 [vx:0.0 vy:0.0 vth:0.0 yaw:0.0] 
1621071246850 [delta_X:0.0 delta_y:0.0 status:False] 
1621071246852 [Update odom] 
1621071246958 [vx:0.0 vy:0.0 vth:0.0 yaw:0.0] 
1621071246959 [delta_X:0.0 delta_y:0.0 status:False] 
1621071246960 [Update odom] 
1621071246984 [log_latest_command] [[ b y t e a r r a y ( b ' \ x a a \ x f f \ x a 0 \ x 0 2 I \ x 0 f \ x 0 e ' ) ]] 
1621071247070 [vx:0.0 vy:0.0 vth:0.0 yaw:0.0] 
1621071247070 [delta_X:0.0 delta_y:0.0 status:False] 
1621071247072 [Update odom] 
1621071247179 [vx:0.0 vy:0.0 vth:0.0 yaw:0.0] 
1621071247179 [delta_X:0.0 delta_y:0.0 status:False] 
1621071247179 [Update odom] 
1621071247189 [log_latest_command] [[ b y t e a r r a y ( b ' \ x a a \ x f f \ x a 0 \ x 0 2 I \ x 0 f \ x 0 e ' ) ]] 
1621071247287 [vx:0.0 vy:0.0 vth:0.0 yaw:0.0] 
1621071247288 [delta_X:0.0 delta_y:0.0 status:False] 
1621071247289 [Update odom] 
1621071247395 [log_latest_command] [[ b y t e a r r a y ( b ' \ x a a \ x f f \ x a 0 \ x 0 2 I \ x 0 f \ x 0 e ' ) ]] 
1621071247396 [vx:0.0 vy:0.0 vth:0.0 yaw:0.0] 
1621071247396 [delta_X:0.0 delta_y:0.0 status:False] 
1621071247398 [Update odom] 
1621071247505 [vx:0.0 vy:0.0 vth:0.0 yaw:0.0] 
1621071247505 [delta_X:0.0 delta_y:0.0 status:False] 
1621071247507 [Update odom] 
1621071247597 [log_latest_command] [[ b y t e a r r a y ( b ' \ x a a \ x f f \ x a 0 \ x 0 2 I \ x 0 f \ x 0 e ' ) ]] 
1621071247613 [vx:0.0 vy:0.0 vth:0.0 yaw:0.0] 
1621071247613 [delta_X:0.0 delta_y:0.0 status:False] 
1621071247615 [Update odom] 
1621071247724 [vx:0.0 vy:0.0 vth:0.0 yaw:0.0] 
1621071247724 [delta_X:0.0 delta_y:0.0 status:False] 
1621071247725 [Update odom] 
1621071247799 [log_latest_command] [[ b y t e a r r a y ( b ' \ x a a \ x f f \ x a 0 \ x 0 2 I \ x 0 f \ x 0 e ' ) ]] 
1621071247833 [vx:0.0 vy:0.0 vth:0.0 yaw:0.0] 
1621071247834 [delta_X:0.0 delta_y:0.0 status:False] 
1621071247842 [Update odom] 
1621071247950 [vx:0.0 vy:0.0 vth:0.0 yaw:0.0] 
1621071247950 [delta_X:0.0 delta_y:0.0 status:False] 
1621071247959 [Update odom] 
1621071248015 [log_latest_command] [[ b y t e a r r a y ( b ' \ x a a \ x f f \ x a 0 \ x 0 2 I \ x 0 f \ x 0 e ' ) ]] 
1621071248067 [vx:0.0 vy:0.0 vth:0.0 yaw:0.0] 
1621071248067 [delta_X:0.0 delta_y:0.0 status:False] 
1621071248068 [Update odom] 
1621071248174 [vx:0.0 vy:0.0 vth:0.0 yaw:0.0] 
1621071248174 [delta_X:0.0 delta_y:0.0 status:False] 
1621071248175 [Update odom] 
1621071248217 [log_latest_command] [[ b y t e a r r a y ( b ' \ x a a \ x f f \ x a 0 \ x 0 2 I \ x 0 f \ x 0 e ' ) ]] 
1621071248291 [vx:0.0 vy:0.0 vth:0.0 yaw:0.0] 
1621071248291 [delta_X:0.0 delta_y:0.0 status:False] 
1621071248292 [Update odom] 
1621071248401 [vx:0.0 vy:0.0 vth:0.0 yaw:0.0] 
1621071248401 [delta_X:0.0 delta_y:0.0 status:False] 
1621071248402 [Update odom] 
1621071248420 [log_latest_command] [[ b y t e a r r a y ( b ' \ x a a \ x f f \ x a 0 \ x 0 2 I \ x 0 f \ x 0 e ' ) ]] 
1621071248510 [vx:0.0 vy:0.0 vth:0.0 yaw:0.0] 
1621071248510 [delta_X:0.0 delta_y:0.0 status:False] 
1621071248513 [Update odom] 
1621071248621 [vx:0.0 vy:0.0 vth:0.0 yaw:0.0] 
1621071248621 [delta_X:0.0 delta_y:0.0 status:False] 
1621071248622 [Update odom] 
1621071248623 [log_latest_command] [[ b y t e a r r a y ( b ' \ x a a \ x f f \ x a 0 \ x 0 2 I \ x 0 f \ x 0 e ' ) ]] 
1621071248732 [vx:0.0 vy:0.0 vth:0.0 yaw:0.0] 
1621071248732 [delta_X:0.0 delta_y:0.0 status:False] 
1621071248733 [Update odom] 
1621071248825 [log_latest_command] [[ b y t e a r r a y ( b ' \ x a a \ x f f \ x a 0 \ x 0 2 I \ x 0 f \ x 0 e ' ) ]] 
1621071248839 [vx:0.0 vy:0.0 vth:0.0 yaw:0.0] 
1621071248839 [delta_X:0.0 delta_y:0.0 status:False] 
1621071248840 [Update odom] 
1621071248946 [vx:0.0 vy:0.0 vth:0.0 yaw:0.0] 
1621071248946 [delta_X:0.0 delta_y:0.0 status:False] 
1621071248947 [Update odom] 
1621071249028 [log_latest_command] [[ b y t e a r r a y ( b ' \ x a a \ x f f \ x a 0 \ x 0 2 I \ x 0 f \ x 0 e ' ) ]] 
1621071249054 [vx:0.0 vy:0.0 vth:0.0 yaw:0.0] 
1621071249054 [delta_X:0.0 delta_y:0.0 status:False] 
1621071249055 [Update odom] 
1621071249175 [vx:0.0 vy:0.0 vth:0.0 yaw:0.0] 
1621071249176 [delta_X:0.0 delta_y:0.0 status:False] 
1621071249176 [Update odom] 
1621071249235 [log_latest_command] [[ b y t e a r r a y ( b ' \ x a a \ x f f \ x a 0 \ x 0 2 I \ x 0 f \ x 0 e ' ) ]] 
1621071249289 [vx:0.0 vy:0.0 vth:0.0 yaw:0.0] 
1621071249289 [delta_X:0.0 delta_y:0.0 status:False] 
1621071249290 [Update odom] 
1621071249397 [vx:0.0 vy:0.0 vth:0.0 yaw:0.0] 
1621071249397 [delta_X:0.0 delta_y:0.0 status:False] 
1621071249398 [Update odom] 
1621071249439 [log_latest_command] [[ b y t e a r r a y ( b ' \ x a a \ x f f \ x a 0 \ x 0 2 I \ x 0 f \ x 0 e ' ) ]] 
1621071249506 [vx:0.0 vy:0.0 vth:0.0 yaw:0.0] 
1621071249506 [delta_X:0.0 delta_y:0.0 status:False] 
1621071249508 [Update odom] 
1621071249615 [vx:0.0 vy:0.0 vth:0.0 yaw:0.0] 
1621071249615 [delta_X:0.0 delta_y:0.0 status:False] 
1621071249616 [Update odom] 
1621071249641 [log_latest_command] [[ b y t e a r r a y ( b ' \ x a a \ x f f \ x a 0 \ x 0 2 I \ x 0 f \ x 0 e ' ) ]] 
1621071249723 [vx:0.0 vy:0.0 vth:0.0 yaw:0.0] 
1621071249723 [delta_X:0.0 delta_y:0.0 status:False] 
1621071249725 [Update odom] 
1621071249840 [vx:0.0 vy:0.0 vth:0.0 yaw:0.0] 
1621071249840 [delta_X:0.0 delta_y:0.0 status:False] 
1621071249841 [Update odom] 
1621071249845 [log_latest_command] [[ b y t e a r r a y ( b ' \ x a a \ x f f \ x a 0 \ x 0 2 I \ x 0 f \ x 0 e ' ) ]] 
1621071249952 [vx:0.0 vy:0.0 vth:0.0 yaw:0.0] 
1621071249952 [delta_X:0.0 delta_y:0.0 status:False] 
1621071249954 [Update odom] 
1621071250048 [log_latest_command] [[ b y t e a r r a y ( b ' \ x a a \ x f f \ x a 0 \ x 0 2 I \ x 0 f \ x 0 e ' ) ]] 
1621071250061 [vx:0.0 vy:0.0 vth:0.0 yaw:0.0] 
1621071250061 [delta_X:0.0 delta_y:0.0 status:False] 
1621071250062 [Update odom] 
1621071250172 [vx:0.0 vy:0.0 vth:0.0 yaw:0.0] 
1621071250172 [delta_X:0.0 delta_y:0.0 status:False] 
1621071250173 [Update odom] 
1621071250251 [log_latest_command] [[ b y t e a r r a y ( b ' \ x a a \ x f f \ x a 0 \ x 0 2 I \ x 0 f \ x 0 e ' ) ]] 
1621071250278 [vx:0.0 vy:0.0 vth:0.0 yaw:0.0] 
1621071250279 [delta_X:0.0 delta_y:0.0 status:False] 
1621071250279 [Update odom] 
1621071250386 [vx:0.0 vy:0.0 vth:0.0 yaw:0.0] 
1621071250386 [delta_X:0.0 delta_y:0.0 status:False] 
1621071250386 [Update odom] 
1621071250454 [log_latest_command] [[ b y t e a r r a y ( b ' \ x a a \ x f f \ x a 0 \ x 0 2 I \ x 0 f \ x 0 e ' ) ]] 
1621071250495 [vx:0.0 vy:0.0 vth:0.0 yaw:0.0] 
1621071250495 [delta_X:0.0 delta_y:0.0 status:False] 
1621071250510 [Update odom] 
1621071250619 [vx:0.0 vy:0.0 vth:0.0 yaw:0.0] 
1621071250619 [delta_X:0.0 delta_y:0.0 status:False] 
1621071250620 [Update odom] 
1621071250672 [log_latest_command] [[ b y t e a r r a y ( b ' \ x a a \ x f f \ x a 0 \ x 0 2 I \ x 0 f \ x 0 e ' ) ]] 
1621071250727 [vx:0.0 vy:0.0 vth:0.0 yaw:0.0] 
1621071250727 [delta_X:0.0 delta_y:0.0 status:False] 
1621071250729 [Update odom] 
1621071250834 [vx:0.0 vy:0.0 vth:0.0 yaw:0.0] 
1621071250834 [delta_X:0.0 delta_y:0.0 status:False] 
1621071250835 [Update odom] 
1621071250874 [log_latest_command] [[ b y t e a r r a y ( b ' \ x a a \ x f f \ x a 0 \ x 0 2 I \ x 0 f \ x 0 e ' ) ]] 
1621071250947 [vx:0.0 vy:0.0 vth:0.0 yaw:0.0] 
1621071250947 [delta_X:0.0 delta_y:0.0 status:False] 
1621071250948 [Update odom] 
1621071251054 [vx:0.0 vy:0.0 vth:0.0 yaw:0.0] 
1621071251054 [delta_X:0.0 delta_y:0.0 status:False] 
1621071251055 [Update odom] 
1621071251076 [log_latest_command] [[ b y t e a r r a y ( b ' \ x a a \ x f f \ x a 0 \ x 0 2 I \ x 0 f \ x 0 e ' ) ]] 
1621071251165 [vx:-2.0 vy:-0.0 vth:0.0 yaw:0.0] 
1621071251165 [delta_X:-0.214508056 delta_y:-0.0 status:False] 
1621071251167 [Update odom] 
1621071251275 [vx:-4.0 vy:-0.0 vth:0.0 yaw:0.0] 
1621071251275 [delta_X:-0.44662762 delta_y:-0.0 status:False] 
1621071251276 [Update odom] 
1621071251279 [log_latest_command] [[ b y t e a r r a y ( b ' \ x a a \ x f f \ x a 0 \ x 0 2 I \ x 0 f \ x 0 e ' ) ]] 
1621071251382 [vx:-4.0 vy:-0.0 vth:0.0 yaw:0.0] 
1621071251382 [delta_X:-0.43366432 delta_y:-0.0 status:False] 
1621071251383 [Update odom] 
1621071251481 [log_latest_command] [[ b y t e a r r a y ( b ' \ x a a \ x f f \ x a 0 \ x 0 2 I \ x 0 f \ x 0 e ' ) ]] 
1621071251490 [vx:-4.0 vy:-0.0 vth:0.0 yaw:0.0] 
1621071251490 [delta_X:-0.42978382 delta_y:-0.0 status:False] 
1621071251494 [Update odom] 
1621071251601 [vx:-2.0 vy:-0.0 vth:0.0 yaw:0.0] 
1621071251601 [delta_X:-0.222129822 delta_y:-0.0 status:False] 
1621071251602 [Update odom] 
1621071251712 [vx:-4.0 vy:-0.0 vth:0.0 yaw:0.0] 
1621071251712 [delta_X:-0.432228088 delta_y:-0.0 status:False] 
1621071251713 [Update odom] 
1621071251820 [vx:-4.0 vy:-0.0 vth:0.0 yaw:0.0] 
1621071251820 [delta_X:-0.444292068 delta_y:-0.0 status:False] 
1621071251822 [Update odom] 
1621071251891 [log_latest_command] [[ b y t e a r r a y ( b ' \ x a a \ x f f \ x a 0 \ x 0 2 I \ x 0 f \ x 0 e ' ) ]] 
1621071251927 [vx:-1.0 vy:-0.0 vth:0.0 yaw:0.0] 
1621071251928 [delta_X:-0.108577013 delta_y:-0.0 status:False] 
1621071251942 [Update odom] 
1621071252050 [vx:-1.0 vy:-0.0 vth:0.0 yaw:0.0] 
1621071252050 [delta_X:-0.120315075 delta_y:-0.0 status:False] 
1621071252054 [Update odom] 
1621071252161 [vx:-2.0 vy:-0.0 vth:0.0 yaw:0.0] 
1621071252161 [delta_X:-0.224487782 delta_y:-0.0 status:False] 
1621071252162 [Update odom] 
1621071252271 [vx:-1.0 vy:-0.0 vth:0.0 yaw:0.0] 
1621071252271 [delta_X:0 delta_y:0 status:True] 
1621071252272 [Update odom] 
1621071252380 [vx:-6.0 vy:-0.0 vth:0.0 yaw:0.0] 
1621071252380 [delta_X:0 delta_y:0 status:True] 
1621071252381 [Update odom] 
1621071252487 [vx:-1.0 vy:-0.0 vth:0.0 yaw:0.0] 
1621071252487 [delta_X:0 delta_y:0 status:True] 
1621071252488 [Update odom] 
1621071252504 [log_latest_command] [[ b y t e a r r a y ( b ' \ x a a \ x f f \ x a 0 \ x 0 2 I \ x 0 f \ x 0 e ' ) ]] 
1621071252594 [vx:-1.0 vy:-0.0 vth:0.0 yaw:0.0] 
1621071252594 [delta_X:-0.107287884 delta_y:-0.0 status:False] 
1621071252595 [Update odom] 
1621071252701 [vx:-1.0 vy:-0.0 vth:0.0 yaw:0.0] 
1621071252701 [delta_X:-0.106472015 delta_y:-0.0 status:False] 
1621071252702 [Update odom] 
1621071252812 [vx:-1.0 vy:-0.0 vth:0.0 yaw:0.0] 
1621071252812 [delta_X:0 delta_y:0 status:True] 
1621071252813 [Update odom] 
1621071252920 [vx:-1.0 vy:-0.0 vth:0.0 yaw:0.0] 
1621071252920 [delta_X:0 delta_y:0 status:True] 
1621071252922 [Update odom] 
1621071253038 [vx:-4.0 vy:-0.0 vth:0.0 yaw:0.0] 
1621071253038 [delta_X:0 delta_y:0 status:True] 
1621071253040 [Update odom] 
1621071253113 [log_latest_command] [[ b y t e a r r a y ( b ' \ x a a \ x f f \ x a 0 \ x 0 2 I \ x 0 f \ x 0 e ' ) ]] 
1621071253150 [vx:-4.0 vy:-0.0 vth:0.0 yaw:0.0] 
1621071253150 [delta_X:-0.474072456 delta_y:-0.0 status:False] 
1621071253152 [Update odom] 
1621071253257 [vx:-1.0 vy:-0.0 vth:0.0 yaw:0.0] 
1621071253258 [delta_X:-0.111685037 delta_y:-0.0 status:False] 
1621071253266 [Update odom] 
1621071253372 [vx:-1.0 vy:-0.0 vth:0.0 yaw:0.0] 
1621071253372 [delta_X:-0.113834858 delta_y:-0.0 status:False] 
1621071253374 [Update odom] 
1621071253488 [vx:-4.0 vy:-0.0 vth:0.0 yaw:0.0] 
1621071253488 [delta_X:0 delta_y:0 status:True] 
1621071253492 [Update odom] 
1621071253598 [vx:-4.0 vy:-0.0 vth:0.0 yaw:0.0] 
1621071253598 [delta_X:0 delta_y:0 status:True] 
1621071253599 [Update odom] 
1621071253710 [vx:-6.0 vy:-0.0 vth:0.0 yaw:0.0] 
1621071253710 [delta_X:0 delta_y:0 status:True] 
1621071253712 [Update odom] 
1621071253737 [log_latest_command] [[ b y t e a r r a y ( b ' \ x a a \ x f f \ x a 0 \ x 0 2 I \ x 0 f \ x 0 e ' ) ]] 
1621071253817 [vx:-1.0 vy:-0.0 vth:0.0 yaw:0.0] 
1621071253817 [delta_X:-0.112323046 delta_y:-0.0 status:False] 
1621071253818 [Update odom] 
1621071253925 [vx:-4.0 vy:-0.0 vth:0.0 yaw:0.0] 
1621071253925 [delta_X:-0.426407812 delta_y:-0.0 status:False] 
1621071253928 [Update odom] 
1621071254038 [vx:-1.0 vy:-0.0 vth:0.0 yaw:0.0] 
1621071254038 [delta_X:-0.109703064 delta_y:-0.0 status:False] 
1621071254039 [Update odom] 
1621071254148 [vx:-1.0 vy:-0.0 vth:0.0 yaw:0.0] 
1621071254148 [delta_X:0 delta_y:0 status:True] 
1621071254150 [Update odom] 
1621071254261 [vx:-1.0 vy:-0.0 vth:0.0 yaw:0.0] 
1621071254261 [delta_X:0 delta_y:0 status:True] 
1621071254265 [Update odom] 
1621071254358 [log_latest_command] [[ b y t e a r r a y ( b ' \ x a a \ x f f \ x a 0 \ x 0 2 I \ x 0 f \ x 0 e ' ) ]] 
1621071254379 [vx:0.0 vy:0.0 vth:0.0 yaw:0.0] 
1621071254379 [delta_X:0.0 delta_y:0.0 status:False] 
1621071254380 [Update odom] 
1621071254499 [vx:0.0 vy:0.0 vth:0.0 yaw:0.0] 
1621071254499 [delta_X:0.0 delta_y:0.0 status:False] 
1621071254501 [Update odom] 
1621071254613 [vx:0.0 vy:0.0 vth:0.0 yaw:0.0] 
1621071254613 [delta_X:0.0 delta_y:0.0 status:False] 
1621071254615 [Update odom] 
1621071254721 [vx:0.0 vy:0.0 vth:0.0 yaw:0.0] 
1621071254721 [delta_X:0 delta_y:0 status:True] 
1621071254723 [Update odom] 
1621071254830 [vx:0.0 vy:0.0 vth:0.0 yaw:0.0] 
1621071254830 [delta_X:0 delta_y:0 status:True] 
1621071254832 [Update odom] 
1621071254937 [vx:0.0 vy:0.0 vth:0.0 yaw:0.0] 
1621071254937 [delta_X:0 delta_y:0 status:True] 
1621071254938 [Update odom] 
1621071254966 [log_latest_command] [[ b y t e a r r a y ( b ' \ x a a \ x f f \ x a 0 \ x 0 2 I \ x 0 f \ x 0 e ' ) ]] 
1621071255043 [vx:0.0 vy:0.0 vth:0.0 yaw:0.0] 
1621071255043 [delta_X:0.0 delta_y:0.0 status:False] 
1621071255044 [Update odom] 
1621071255160 [vx:0.0 vy:0.0 vth:0.0 yaw:0.0] 
1621071255160 [delta_X:0.0 delta_y:0.0 status:False] 
1621071255162 [Update odom] 
1621071255268 [vx:0.0 vy:0.0 vth:0.0 yaw:0.0] 
1621071255268 [delta_X:0.0 delta_y:0.0 status:False] 
1621071255269 [Update odom] 
1621071255379 [vx:0.0 vy:0.0 vth:0.0 yaw:0.0] 
1621071255379 [delta_X:0 delta_y:0 status:True] 
1621071255384 [Update odom] 
1621071255497 [vx:0.0 vy:0.0 vth:0.0 yaw:0.0] 
1621071255497 [delta_X:0 delta_y:0 status:True] 
1621071255498 [Update odom] 
1621071255580 [log_latest_command] [[ b y t e a r r a y ( b ' \ x a a \ x f f \ x a 0 \ x 0 2 I \ x 0 f \ x 0 e ' ) ]] 
1621071255609 [vx:0.0 vy:0.0 vth:0.0 yaw:0.0] 
1621071255609 [delta_X:0.0 delta_y:0.0 status:False] 
1621071255614 [Update odom] 
1621071255722 [vx:0.0 vy:0.0 vth:0.0 yaw:0.0] 
1621071255722 [delta_X:0.0 delta_y:0.0 status:False] 
1621071255723 [Update odom] 
1621071255831 [vx:0.0 vy:0.0 vth:0.0 yaw:0.0] 
1621071255831 [delta_X:0.0 delta_y:0.0 status:False] 
1621071255832 [Update odom] 
1621071255940 [vx:0.0 vy:0.0 vth:0.0 yaw:0.0] 
1621071255940 [delta_X:0 delta_y:0 status:True] 
1621071255941 [Update odom] 
1621071256048 [vx:0.0 vy:0.0 vth:0.0 yaw:0.0] 
1621071256048 [delta_X:0 delta_y:0 status:True] 
1621071256049 [Update odom] 
1621071256156 [vx:0.0 vy:0.0 vth:0.0 yaw:0.0] 
1621071256156 [delta_X:0 delta_y:0 status:True] 
1621071256157 [Update odom] 
1621071256193 [log_latest_command] [[ b y t e a r r a y ( b ' \ x a a \ x f f \ x a 0 \ x 0 2 I \ x 0 f \ x 0 e ' ) ]] 
1621071256265 [vx:0.0 vy:0.0 vth:0.0 yaw:0.0] 
1621071256265 [delta_X:0.0 delta_y:0.0 status:False] 
1621071256267 [Update odom] 
1621071256384 [vx:0.0 vy:0.0 vth:0.0 yaw:0.0] 
1621071256384 [delta_X:0.0 delta_y:0.0 status:False] 
1621071256385 [Update odom] 
1621071256492 [vx:0.0 vy:0.0 vth:0.0 yaw:0.0] 
1621071256492 [delta_X:0.0 delta_y:0.0 status:False] 
1621071256493 [Update odom] 
1621071256600 [vx:0.0 vy:0.0 vth:0.0 yaw:0.0] 
1621071256600 [delta_X:0 delta_y:0 status:True] 
1621071256601 [Update odom] 
1621071256717 [vx:0.0 vy:0.0 vth:0.0 yaw:0.0] 
1621071256718 [delta_X:0 delta_y:0 status:True] 
1621071256719 [Update odom] 
1621071256801 [log_latest_command] [[ b y t e a r r a y ( b ' \ x a a \ x f f \ x a 0 \ x 0 2 I \ x 0 f \ x 0 e ' ) ]] 
1621071256836 [vx:0.0 vy:0.0 vth:0.0 yaw:0.0] 
1621071256836 [delta_X:0.0 delta_y:0.0 status:False] 
1621071256837 [Update odom] 
1621071256943 [vx:0.0 vy:0.0 vth:0.0 yaw:0.0] 
1621071256943 [delta_X:0.0 delta_y:0.0 status:False] 
1621071256946 [Update odom] 
1621071257051 [vx:0.0 vy:0.0 vth:0.0 yaw:0.0] 
1621071257051 [delta_X:0.0 delta_y:0.0 status:False] 
