1621091236695 [Opening serial port: /dev/ttyTHS1.] 
1621091237000 [The robot is connected to ] [/dev/ttyTHS1] 
1621091237000 [Initial robot's topic...] 
1621091237005 [Start initializing navigation] 
1621091237005 [Start initializing navigation topic] 
1621091237062 [Initialization navigation topic finished] 
1621091237067 [Initialization navigation finished] 
1621091237168 [Update odom] 
1621091237194 [ROBOT STATUS: Rotating[False] Running[False] Stop[True]] 
1621091237194 [vx:0.0 vy:0.0 yaw:0.0] 
1621091237268 [Update odom] 
1621091237291 [ROBOT STATUS: Rotating[False] Running[False] Stop[True]] 
1621091237291 [vx:0.0 vy:0.0 yaw:0.0] 
1621091237372 [Update odom] 
1621091237395 [ROBOT STATUS: Rotating[False] Running[False] Stop[True]] 
1621091237395 [vx:0.0 vy:0.0 yaw:0.0] 
1621091237468 [Update odom] 
1621091237488 [ROBOT STATUS: Rotating[False] Running[False] Stop[True]] 
1621091237488 [vx:0.0 vy:0.0 yaw:0.0] 
1621091237568 [Update odom] 
1621091237588 [ROBOT STATUS: Rotating[False] Running[False] Stop[True]] 
1621091237588 [vx:0.0 vy:0.0 yaw:0.0] 
1621091237668 [Update odom] 
1621091237688 [ROBOT STATUS: Rotating[False] Running[False] Stop[True]] 
1621091237688 [vx:0.0 vy:0.0 yaw:0.0] 
1621091237768 [Update odom] 
1621091237788 [ROBOT STATUS: Rotating[False] Running[False] Stop[True]] 
1621091237788 [vx:0.0 vy:0.0 yaw:0.0] 
1621091237868 [Update odom] 
1621091237894 [ROBOT STATUS: Rotating[False] Running[False] Stop[True]] 
1621091237894 [vx:0.0 vy:0.0 yaw:0.0] 
1621091237968 [Update odom] 
1621091237989 [ROBOT STATUS: Rotating[False] Running[False] Stop[True]] 
1621091237989 [vx:0.0 vy:0.0 yaw:0.0] 
1621091238068 [Update odom] 
1621091238090 [ROBOT STATUS: Rotating[False] Running[False] Stop[True]] 
1621091238090 [vx:0.0 vy:0.0 yaw:0.0] 
1621091238169 [Update odom] 
1621091238188 [ROBOT STATUS: Rotating[False] Running[False] Stop[True]] 
1621091238188 [vx:0.0 vy:0.0 yaw:0.0] 
1621091238268 [Update odom] 
1621091238288 [ROBOT STATUS: Rotating[False] Running[False] Stop[True]] 
1621091238288 [vx:0.0 vy:0.0 yaw:0.0] 
1621091238369 [Update odom] 
1621091238388 [ROBOT STATUS: Rotating[False] Running[False] Stop[True]] 
1621091238388 [vx:0.0 vy:0.0 yaw:0.0] 
1621091238469 [Update odom] 
1621091238488 [ROBOT STATUS: Rotating[False] Running[False] Stop[True]] 
1621091238488 [vx:0.0 vy:0.0 yaw:0.0] 
1621091238570 [Update odom] 
1621091238587 [ROBOT STATUS: Rotating[False] Running[False] Stop[True]] 
1621091238588 [vx:0.0 vy:0.0 yaw:0.0] 
1621091238668 [Update odom] 
1621091238687 [ROBOT STATUS: Rotating[False] Running[False] Stop[True]] 
1621091238687 [vx:0.0 vy:0.0 yaw:0.0] 
1621091238769 [Update odom] 
1621091238788 [ROBOT STATUS: Rotating[False] Running[False] Stop[True]] 
1621091238788 [vx:0.0 vy:0.0 yaw:0.0] 
1621091238868 [Update odom] 
1621091238887 [ROBOT STATUS: Rotating[False] Running[False] Stop[True]] 
1621091238887 [vx:0.0 vy:0.0 yaw:0.0] 
1621091238969 [Update odom] 
1621091238987 [ROBOT STATUS: Rotating[False] Running[False] Stop[True]] 
1621091238987 [vx:0.0 vy:0.0 yaw:0.0] 
1621091239068 [Update odom] 
1621091239080 [log_latest_command] [[ b y t e a r r a y ( b ' \ x a a \ x f f \ x a 0 \ x 0 2 I \ x 0 f \ x 0 e ' ) ]] 
1621091239089 [ROBOT STATUS: Rotating[False] Running[True] Stop[False]] 
1621091239089 [vx:0.0 vy:0.0 yaw:0.0] 
1621091239168 [Update odom] 
1621091239188 [ROBOT STATUS: Rotating[False] Running[True] Stop[False]] 
1621091239188 [vx:0.0 vy:0.0 yaw:0.0] 
1621091239268 [Update odom] 
1621091239288 [ROBOT STATUS: Rotating[False] Running[True] Stop[False]] 
1621091239288 [vx:0.0 vy:0.0 yaw:0.0] 
1621091239369 [Update odom] 
1621091239392 [ROBOT STATUS: Rotating[False] Running[True] Stop[False]] 
1621091239392 [vx:0.0 vy:0.0 yaw:0.0] 
1621091239468 [Update odom] 
1621091239488 [ROBOT STATUS: Rotating[False] Running[True] Stop[False]] 
1621091239488 [vx:0.0 vy:0.0 yaw:0.0] 
1621091239568 [Update odom] 
1621091239595 [ROBOT STATUS: Rotating[False] Running[True] Stop[False]] 
1621091239595 [vx:0.0 vy:0.0 yaw:0.0] 
1621091239668 [Update odom] 
1621091239689 [ROBOT STATUS: Rotating[False] Running[True] Stop[False]] 
1621091239689 [vx:0.0 vy:0.0 yaw:0.0] 
1621091239768 [Update odom] 
1621091239805 [ROBOT STATUS: Rotating[False] Running[True] Stop[False]] 
1621091239805 [vx:0.0 vy:0.0 yaw:0.0] 
1621091239868 [Update odom] 
1621091239894 [ROBOT STATUS: Rotating[False] Running[True] Stop[False]] 
1621091239894 [vx:0.0 vy:0.0 yaw:0.0] 
1621091239968 [Update odom] 
1621091239988 [ROBOT STATUS: Rotating[False] Running[True] Stop[False]] 
1621091239988 [vx:0.0 vy:0.0 yaw:0.0] 
1621091240069 [Update odom] 
1621091240090 [ROBOT STATUS: Rotating[False] Running[True] Stop[False]] 
1621091240090 [vx:0.0 vy:0.0 yaw:0.0] 
1621091240116 [log_latest_command] [[ b y t e a r r a y ( b ' \ x a a \ x f f \ x a 0 \ x 0 2 I \ x 0 f \ x 0 e ' ) ]] 
1621091240168 [Update odom] 
1621091240199 [ROBOT STATUS: Rotating[False] Running[True] Stop[False]] 
1621091240199 [vx:0.0 vy:0.0 yaw:0.0] 
1621091240268 [Update odom] 
1621091240290 [ROBOT STATUS: Rotating[False] Running[True] Stop[False]] 
1621091240290 [vx:0.0 vy:0.0 yaw:0.0] 
1621091240368 [Update odom] 
1621091240401 [ROBOT STATUS: Rotating[False] Running[True] Stop[False]] 
1621091240401 [vx:0.1555 vy:0.0 yaw:0.0] 
1621091240469 [Update odom] 
1621091240493 [ROBOT STATUS: Rotating[False] Running[True] Stop[False]] 
1621091240493 [vx:0.15575 vy:0.0 yaw:0.0] 
1621091240568 [Update odom] 
1621091240589 [ROBOT STATUS: Rotating[False] Running[True] Stop[False]] 
1621091240589 [vx:0.2375 vy:0.0 yaw:0.0] 
1621091240668 [Update odom] 
1621091240688 [ROBOT STATUS: Rotating[False] Running[True] Stop[False]] 
1621091240688 [vx:0.19625 vy:0.0 yaw:0.0] 
1621091240768 [Update odom] 
1621091240791 [ROBOT STATUS: Rotating[False] Running[True] Stop[False]] 
1621091240791 [vx:0.221 vy:0.0 yaw:0.0] 
1621091240868 [Update odom] 
1621091240892 [ROBOT STATUS: Rotating[False] Running[True] Stop[False]] 
1621091240892 [vx:0.2045 vy:0.0 yaw:0.0] 
1621091240968 [Update odom] 
1621091240988 [ROBOT STATUS: Rotating[False] Running[True] Stop[False]] 
1621091240988 [vx:0.19625 vy:0.0 yaw:0.0] 
1621091241068 [Update odom] 
1621091241089 [ROBOT STATUS: Rotating[False] Running[True] Stop[False]] 
1621091241089 [vx:0.1965 vy:0.0 yaw:0.0] 
1621091241168 [Update odom] 
1621091241191 [ROBOT STATUS: Rotating[False] Running[True] Stop[False]] 
1621091241191 [vx:0.2045 vy:0.0 yaw:0.0] 
1621091241268 [Update odom] 
1621091241291 [ROBOT STATUS: Rotating[False] Running[True] Stop[False]] 
1621091241291 [vx:0.20475 vy:0.0 yaw:0.0] 
1621091241368 [Update odom] 
1621091241392 [ROBOT STATUS: Rotating[False] Running[True] Stop[False]] 
1621091241392 [vx:0.2045 vy:0.0 yaw:0.0] 
1621091241469 [Update odom] 
1621091241496 [ROBOT STATUS: Rotating[False] Running[True] Stop[False]] 
1621091241496 [vx:0.18825 vy:0.0 yaw:0.0] 
1621091241568 [Update odom] 
1621091241597 [ROBOT STATUS: Rotating[False] Running[True] Stop[False]] 
1621091241597 [vx:0.2045 vy:0.0 yaw:0.0] 
1621091241668 [Update odom] 
1621091241688 [ROBOT STATUS: Rotating[False] Running[True] Stop[False]] 
1621091241688 [vx:0.19625 vy:0.0 yaw:0.0] 
1621091241768 [Update odom] 
1621091241788 [ROBOT STATUS: Rotating[False] Running[True] Stop[False]] 
1621091241788 [vx:0.20425 vy:0.0 yaw:0.0] 
1621091241868 [Update odom] 
1621091241888 [ROBOT STATUS: Rotating[False] Running[True] Stop[False]] 
1621091241888 [vx:0.2045 vy:0.0 yaw:0.0] 
1621091241968 [Update odom] 
1621091241994 [ROBOT STATUS: Rotating[False] Running[True] Stop[False]] 
1621091241994 [vx:0.22075 vy:0.0 yaw:0.0] 
1621091242068 [Update odom] 
1621091242088 [ROBOT STATUS: Rotating[False] Running[True] Stop[False]] 
1621091242088 [vx:0.18825 vy:0.0 yaw:0.0] 
1621091242168 [Update odom] 
1621091242193 [ROBOT STATUS: Rotating[False] Running[True] Stop[False]] 
1621091242193 [vx:0.20475 vy:0.0 yaw:0.0] 
1621091242268 [Update odom] 
1621091242287 [ROBOT STATUS: Rotating[False] Running[True] Stop[False]] 
1621091242287 [vx:0.221 vy:0.0 yaw:0.0] 
1621091242368 [Update odom] 
1621091242392 [ROBOT STATUS: Rotating[False] Running[True] Stop[False]] 
1621091242392 [vx:0.19625 vy:0.0 yaw:0.0] 
1621091242468 [Update odom] 
1621091242488 [ROBOT STATUS: Rotating[False] Running[True] Stop[False]] 
1621091242488 [vx:0.188 vy:0.0 yaw:0.0] 
1621091242568 [Update odom] 
1621091242609 [ROBOT STATUS: Rotating[False] Running[True] Stop[False]] 
1621091242609 [vx:0.2125 vy:0.0 yaw:0.0] 
1621091242672 [Update odom] 
1621091242700 [ROBOT STATUS: Rotating[False] Running[True] Stop[False]] 
1621091242700 [vx:0.18 vy:0.0 yaw:0.0] 
1621091242768 [Update odom] 
1621091242798 [ROBOT STATUS: Rotating[False] Running[True] Stop[False]] 
1621091242798 [vx:0.20475 vy:0.0 yaw:0.0] 
1621091242868 [Update odom] 
1621091242899 [ROBOT STATUS: Rotating[False] Running[True] Stop[False]] 
1621091242899 [vx:0.1965 vy:0.0 yaw:0.0] 
1621091242968 [Update odom] 
1621091242996 [ROBOT STATUS: Rotating[False] Running[True] Stop[False]] 
1621091242996 [vx:0.1965 vy:0.0 yaw:0.0] 
1621091243075 [Update odom] 
1621091243107 [ROBOT STATUS: Rotating[False] Running[True] Stop[False]] 
1621091243107 [vx:0.19625 vy:0.0 yaw:0.0] 
1621091243168 [Update odom] 
1621091243197 [ROBOT STATUS: Rotating[False] Running[True] Stop[False]] 
1621091243197 [vx:0.1965 vy:0.0 yaw:0.0] 
1621091243268 [Update odom] 
1621091243299 [ROBOT STATUS: Rotating[False] Running[True] Stop[False]] 
1621091243299 [vx:0.17975 vy:0.0 yaw:0.0] 
1621091243368 [Update odom] 
1621091243390 [ROBOT STATUS: Rotating[False] Running[True] Stop[False]] 
1621091243390 [vx:0.1965 vy:0.0 yaw:0.0] 
1621091243468 [Update odom] 
1621091243489 [ROBOT STATUS: Rotating[False] Running[True] Stop[False]] 
1621091243489 [vx:0.2045 vy:0.0 yaw:0.0] 
1621091243568 [Update odom] 
1621091243589 [ROBOT STATUS: Rotating[False] Running[True] Stop[False]] 
1621091243589 [vx:0.20475 vy:0.0 yaw:0.0] 
1621091243668 [Update odom] 
1621091243688 [ROBOT STATUS: Rotating[False] Running[True] Stop[False]] 
1621091243688 [vx:0.18825 vy:0.0 yaw:0.0] 
1621091243768 [Update odom] 
1621091243803 [ROBOT STATUS: Rotating[False] Running[True] Stop[False]] 
1621091243803 [vx:0.18 vy:0.0 yaw:0.0] 
1621091243868 [Update odom] 
1621091243888 [ROBOT STATUS: Rotating[False] Running[True] Stop[False]] 
1621091243888 [vx:0.18 vy:0.0 yaw:0.0] 
1621091243968 [Update odom] 
1621091243998 [ROBOT STATUS: Rotating[False] Running[True] Stop[False]] 
1621091243998 [vx:0.18825 vy:0.0 yaw:0.0] 
1621091244072 [Update odom] 
1621091244085 [log_latest_command] [[ b y t e a r r a y ( b ' \ x a a \ x f f \ x a 0 \ x 0 2 I \ x 0 f \ x 0 e ' ) ]] 
1621091244144 [ROBOT STATUS: Rotating[False] Running[False] Stop[True]] 
1621091244144 [vx:0.18825 vy:0.0 yaw:0.0] 
1621091244168 [Update odom] 
1621091244195 [ROBOT STATUS: Rotating[False] Running[False] Stop[True]] 
1621091244195 [vx:0.2045 vy:0.0 yaw:0.0] 
1621091244268 [Update odom] 
1621091244301 [ROBOT STATUS: Rotating[False] Running[False] Stop[True]] 
1621091244302 [vx:0.2045 vy:0.0 yaw:0.0] 
1621091244368 [Update odom] 
1621091244391 [ROBOT STATUS: Rotating[False] Running[False] Stop[True]] 
1621091244391 [vx:0.2045 vy:0.0 yaw:0.0] 
1621091244468 [Update odom] 
1621091244488 [ROBOT STATUS: Rotating[False] Running[False] Stop[True]] 
1621091244488 [vx:0.2045 vy:0.0 yaw:0.0] 
1621091244568 [Update odom] 
1621091244589 [ROBOT STATUS: Rotating[False] Running[False] Stop[True]] 
1621091244589 [vx:0.2045 vy:0.0 yaw:0.0] 
1621091244668 [Update odom] 
1621091244688 [ROBOT STATUS: Rotating[False] Running[False] Stop[True]] 
1621091244688 [vx:0.2045 vy:0.0 yaw:0.0] 
1621091244768 [Update odom] 
1621091244803 [ROBOT STATUS: Rotating[False] Running[False] Stop[True]] 
1621091244803 [vx:0.0 vy:0.0 yaw:0.0] 
1621091244868 [Update odom] 
1621091244888 [ROBOT STATUS: Rotating[False] Running[False] Stop[True]] 
1621091244888 [vx:0.0 vy:0.0 yaw:0.0] 
1621091244968 [Update odom] 
1621091244988 [ROBOT STATUS: Rotating[False] Running[False] Stop[True]] 
1621091244988 [vx:0.0 vy:0.0 yaw:0.0] 
1621091245068 [Update odom] 
1621091245089 [ROBOT STATUS: Rotating[False] Running[False] Stop[True]] 
1621091245089 [vx:0.0 vy:0.0 yaw:0.0] 
1621091245168 [Update odom] 
1621091245188 [ROBOT STATUS: Rotating[False] Running[False] Stop[True]] 
1621091245188 [vx:0.0 vy:0.0 yaw:0.0] 
1621091245268 [Update odom] 
1621091245288 [ROBOT STATUS: Rotating[False] Running[False] Stop[True]] 
1621091245288 [vx:0.0 vy:0.0 yaw:0.0] 
1621091245374 [Update odom] 
1621091245400 [ROBOT STATUS: Rotating[False] Running[False] Stop[True]] 
1621091245400 [vx:0.0 vy:0.0 yaw:0.0] 
1621091245468 [Update odom] 
1621091245489 [ROBOT STATUS: Rotating[False] Running[False] Stop[True]] 
1621091245489 [vx:0.0 vy:0.0 yaw:0.0] 
1621091245568 [Update odom] 
1621091245588 [ROBOT STATUS: Rotating[False] Running[False] Stop[True]] 
1621091245588 [vx:0.0 vy:0.0 yaw:0.0] 
1621091245668 [Update odom] 
1621091245692 [ROBOT STATUS: Rotating[False] Running[False] Stop[True]] 
1621091245692 [vx:0.0 vy:0.0 yaw:0.0] 
1621091245768 [Update odom] 
1621091245788 [ROBOT STATUS: Rotating[False] Running[False] Stop[True]] 
1621091245789 [vx:0.0 vy:0.0 yaw:0.0] 
1621091245869 [Update odom] 
1621091245890 [ROBOT STATUS: Rotating[False] Running[False] Stop[True]] 
1621091245890 [vx:0.0 vy:0.0 yaw:0.0] 
1621091245968 [Update odom] 
1621091245993 [ROBOT STATUS: Rotating[False] Running[False] Stop[True]] 
1621091245993 [vx:0.0 vy:0.0 yaw:0.0] 
1621091246069 [Update odom] 
1621091246094 [ROBOT STATUS: Rotating[False] Running[False] Stop[True]] 
1621091246094 [vx:0.0 vy:0.0 yaw:0.0] 
1621091246168 [Update odom] 
1621091246193 [ROBOT STATUS: Rotating[False] Running[False] Stop[True]] 
1621091246193 [vx:0.0 vy:0.0 yaw:0.0] 
1621091246268 [Update odom] 
1621091246288 [ROBOT STATUS: Rotating[False] Running[False] Stop[True]] 
1621091246288 [vx:0.0 vy:0.0 yaw:0.0] 
1621091246369 [Update odom] 
1621091246388 [ROBOT STATUS: Rotating[False] Running[False] Stop[True]] 
1621091246388 [vx:0.0 vy:0.0 yaw:0.0] 
1621091246468 [Update odom] 
1621091246489 [ROBOT STATUS: Rotating[False] Running[False] Stop[True]] 
1621091246489 [vx:0.0 vy:0.0 yaw:0.0] 
1621091246568 [Update odom] 
1621091246588 [ROBOT STATUS: Rotating[False] Running[False] Stop[True]] 
1621091246589 [vx:0.0 vy:0.0 yaw:0.0] 
1621091246669 [Update odom] 
1621091246696 [ROBOT STATUS: Rotating[False] Running[False] Stop[True]] 
1621091246696 [vx:0.0 vy:0.0 yaw:0.0] 
1621091246768 [Update odom] 
1621091246788 [ROBOT STATUS: Rotating[False] Running[False] Stop[True]] 
1621091246788 [vx:0.0 vy:0.0 yaw:0.0] 
1621091246869 [Update odom] 
1621091246888 [ROBOT STATUS: Rotating[False] Running[False] Stop[True]] 
1621091246888 [vx:0.0 vy:0.0 yaw:0.0] 
1621091246968 [Update odom] 
1621091246995 [ROBOT STATUS: Rotating[False] Running[False] Stop[True]] 
1621091246995 [vx:0.0 vy:0.0 yaw:0.0] 
1621091247069 [Update odom] 
1621091247091 [ROBOT STATUS: Rotating[False] Running[False] Stop[True]] 
1621091247091 [vx:0.0 vy:0.0 yaw:0.0] 
1621091247168 [Update odom] 
1621091247196 [ROBOT STATUS: Rotating[False] Running[False] Stop[True]] 
1621091247196 [vx:0.0 vy:0.0 yaw:0.0] 
1621091247268 [Update odom] 
1621091247288 [ROBOT STATUS: Rotating[False] Running[False] Stop[True]] 
1621091247288 [vx:0.0 vy:0.0 yaw:0.0] 
1621091247368 [Update odom] 
1621091247388 [ROBOT STATUS: Rotating[False] Running[False] Stop[True]] 
1621091247388 [vx:0.0 vy:0.0 yaw:0.0] 
1621091247404 [log_latest_command] [[ b y t e a r r a y ( b ' \ x a a \ x f f \ x a 0 \ x 0 2 I \ x 0 f \ x 0 e ' ) ]] 
1621091247468 [Update odom] 
1621091247499 [ROBOT STATUS: Rotating[False] Running[True] Stop[False]] 
1621091247499 [vx:0.0 vy:0.0 yaw:0.0] 
1621091247568 [Update odom] 
1621091247588 [ROBOT STATUS: Rotating[False] Running[True] Stop[False]] 
1621091247588 [vx:0.0 vy:0.0 yaw:0.0] 
1621091247668 [Update odom] 
1621091247688 [ROBOT STATUS: Rotating[False] Running[True] Stop[False]] 
1621091247688 [vx:0.0 vy:0.0 yaw:0.0] 
1621091247768 [Update odom] 
1621091247797 [ROBOT STATUS: Rotating[False] Running[True] Stop[False]] 
1621091247797 [vx:0.0 vy:0.0 yaw:0.0] 
1621091247873 [Update odom] 
1621091247892 [ROBOT STATUS: Rotating[False] Running[True] Stop[False]] 
1621091247892 [vx:0.0 vy:0.0 yaw:0.0] 
1621091247968 [Update odom] 
1621091247988 [ROBOT STATUS: Rotating[False] Running[True] Stop[False]] 
1621091247988 [vx:0.0 vy:0.0 yaw:0.0] 
1621091248068 [Update odom] 
1621091248103 [ROBOT STATUS: Rotating[False] Running[True] Stop[False]] 
1621091248103 [vx:0.0 vy:0.0 yaw:0.0] 
1621091248168 [Update odom] 
1621091248195 [ROBOT STATUS: Rotating[False] Running[True] Stop[False]] 
1621091248195 [vx:0.0 vy:0.0 yaw:0.0] 
1621091248268 [Update odom] 
1621091248292 [ROBOT STATUS: Rotating[False] Running[True] Stop[False]] 
1621091248293 [vx:0.196 vy:0.0 yaw:0.0] 
1621091248368 [Update odom] 
1621091248388 [ROBOT STATUS: Rotating[False] Running[True] Stop[False]] 
1621091248388 [vx:0.21275 vy:0.0 yaw:0.0] 
1621091248468 [Update odom] 
1621091248488 [ROBOT STATUS: Rotating[False] Running[True] Stop[False]] 
1621091248488 [vx:0.2045 vy:0.0 yaw:0.0] 
1621091248569 [Update odom] 
1621091248588 [ROBOT STATUS: Rotating[False] Running[True] Stop[False]] 
1621091248588 [vx:0.20425 vy:0.0 yaw:0.0] 
1621091248668 [Update odom] 
1621091248702 [ROBOT STATUS: Rotating[False] Running[True] Stop[False]] 
1621091248702 [vx:0.21275 vy:0.0 yaw:0.0] 
1621091248769 [Update odom] 
1621091248788 [ROBOT STATUS: Rotating[False] Running[True] Stop[False]] 
1621091248788 [vx:0.1965 vy:0.0 yaw:0.0] 
1621091248868 [Update odom] 
1621091248887 [ROBOT STATUS: Rotating[False] Running[True] Stop[False]] 
1621091248888 [vx:0.1965 vy:0.0 yaw:0.0] 
1621091248972 [Update odom] 
1621091248992 [ROBOT STATUS: Rotating[False] Running[True] Stop[False]] 
1621091248992 [vx:0.2045 vy:0.0 yaw:0.0] 
1621091249068 [Update odom] 
1621091249088 [ROBOT STATUS: Rotating[False] Running[True] Stop[False]] 
1621091249088 [vx:0.1965 vy:0.0 yaw:0.0] 
1621091249168 [Update odom] 
1621091249188 [ROBOT STATUS: Rotating[False] Running[True] Stop[False]] 
1621091249188 [vx:0.18825 vy:0.0 yaw:0.0] 
1621091249268 [Update odom] 
1621091249303 [ROBOT STATUS: Rotating[False] Running[True] Stop[False]] 
1621091249303 [vx:0.213 vy:0.0 yaw:0.0] 
1621091249368 [Update odom] 
1621091249391 [ROBOT STATUS: Rotating[False] Running[True] Stop[False]] 
1621091249391 [vx:0.19625 vy:0.0 yaw:0.0] 
1621091249471 [Update odom] 
1621091249492 [ROBOT STATUS: Rotating[False] Running[True] Stop[False]] 
1621091249492 [vx:0.2045 vy:0.0 yaw:0.0] 
1621091249568 [Update odom] 
1621091249588 [ROBOT STATUS: Rotating[False] Running[True] Stop[False]] 
1621091249588 [vx:0.19625 vy:0.0 yaw:0.0] 
1621091249669 [Update odom] 
1621091249687 [ROBOT STATUS: Rotating[False] Running[True] Stop[False]] 
1621091249688 [vx:0.21275 vy:0.0 yaw:0.0] 
1621091249768 [Update odom] 
1621091249788 [ROBOT STATUS: Rotating[False] Running[True] Stop[False]] 
1621091249788 [vx:0.21275 vy:0.0 yaw:0.0] 
1621091249868 [Update odom] 
1621091249897 [ROBOT STATUS: Rotating[False] Running[True] Stop[False]] 
1621091249897 [vx:0.1965 vy:0.0 yaw:0.0] 
1621091249968 [Update odom] 
1621091249991 [ROBOT STATUS: Rotating[False] Running[True] Stop[False]] 
1621091249991 [vx:0.18825 vy:0.0 yaw:0.0] 
1621091250068 [Update odom] 
1621091250088 [ROBOT STATUS: Rotating[False] Running[True] Stop[False]] 
1621091250088 [vx:0.21275 vy:0.0 yaw:0.0] 
1621091250168 [Update odom] 
1621091250188 [ROBOT STATUS: Rotating[False] Running[True] Stop[False]] 
1621091250188 [vx:0.19625 vy:0.0 yaw:0.0] 
1621091250268 [Update odom] 
1621091250288 [ROBOT STATUS: Rotating[False] Running[True] Stop[False]] 
1621091250288 [vx:0.188 vy:0.0 yaw:0.0] 
1621091250368 [Update odom] 
1621091250395 [ROBOT STATUS: Rotating[False] Running[True] Stop[False]] 
1621091250395 [vx:0.19625 vy:0.0 yaw:0.0] 
1621091250468 [Update odom] 
1621091250490 [ROBOT STATUS: Rotating[False] Running[True] Stop[False]] 
1621091250490 [vx:0.20425 vy:0.0 yaw:0.0] 
1621091250569 [Update odom] 
1621091250589 [ROBOT STATUS: Rotating[False] Running[True] Stop[False]] 
1621091250589 [vx:0.20475 vy:0.0 yaw:0.0] 
1621091250668 [Update odom] 
1621091250697 [ROBOT STATUS: Rotating[False] Running[True] Stop[False]] 
1621091250697 [vx:0.2045 vy:0.0 yaw:0.0] 
1621091250770 [Update odom] 
1621091250801 [ROBOT STATUS: Rotating[False] Running[True] Stop[False]] 
1621091250801 [vx:0.1965 vy:0.0 yaw:0.0] 
1621091250868 [Update odom] 
1621091250893 [ROBOT STATUS: Rotating[False] Running[True] Stop[False]] 
1621091250893 [vx:0.18825 vy:0.0 yaw:0.0] 
1621091250969 [Update odom] 
1621091250988 [ROBOT STATUS: Rotating[False] Running[True] Stop[False]] 
1621091250988 [vx:0.18825 vy:0.0 yaw:0.0] 
1621091251068 [Update odom] 
1621091251110 [ROBOT STATUS: Rotating[False] Running[True] Stop[False]] 
1621091251110 [vx:0.1965 vy:0.0 yaw:0.0] 
1621091251170 [Update odom] 
1621091251198 [ROBOT STATUS: Rotating[False] Running[True] Stop[False]] 
1621091251198 [vx:0.21275 vy:0.0 yaw:0.0] 
1621091251268 [Update odom] 
1621091251287 [ROBOT STATUS: Rotating[False] Running[True] Stop[False]] 
1621091251287 [vx:0.188 vy:0.0 yaw:0.0] 
1621091251368 [Update odom] 
1621091251396 [ROBOT STATUS: Rotating[False] Running[True] Stop[False]] 
1621091251396 [vx:0.20475 vy:0.0 yaw:0.0] 
1621091251468 [Update odom] 
1621091251491 [ROBOT STATUS: Rotating[False] Running[True] Stop[False]] 
1621091251491 [vx:0.2045 vy:0.0 yaw:0.0] 
1621091251570 [Update odom] 
1621091251588 [ROBOT STATUS: Rotating[False] Running[True] Stop[False]] 
1621091251588 [vx:0.21275 vy:0.0 yaw:0.0] 
1621091251668 [Update odom] 
1621091251705 [ROBOT STATUS: Rotating[False] Running[True] Stop[False]] 
1621091251705 [vx:0.2045 vy:0.0 yaw:0.0] 
1621091251771 [Update odom] 
1621091251788 [ROBOT STATUS: Rotating[False] Running[True] Stop[False]] 
1621091251788 [vx:0.18825 vy:0.0 yaw:0.0] 
1621091251868 [Update odom] 
1621091251888 [ROBOT STATUS: Rotating[False] Running[True] Stop[False]] 
1621091251888 [vx:0.2045 vy:0.0 yaw:0.0] 
1621091251968 [Update odom] 
1621091251997 [ROBOT STATUS: Rotating[False] Running[True] Stop[False]] 
1621091251997 [vx:0.19625 vy:0.0 yaw:0.0] 
1621091252068 [Update odom] 
1621091252094 [ROBOT STATUS: Rotating[False] Running[True] Stop[False]] 
1621091252094 [vx:0.19625 vy:0.0 yaw:0.0] 
1621091252169 [Update odom] 
1621091252188 [ROBOT STATUS: Rotating[False] Running[True] Stop[False]] 
1621091252188 [vx:0.20475 vy:0.0 yaw:0.0] 
1621091252268 [Update odom] 
1621091252309 [ROBOT STATUS: Rotating[False] Running[True] Stop[False]] 
1621091252309 [vx:0.18825 vy:0.0 yaw:0.0] 
1621091252368 [Update odom] 
1621091252386 [ROBOT STATUS: Rotating[False] Running[True] Stop[False]] 
1621091252386 [vx:0.2045 vy:0.0 yaw:0.0] 
1621091252468 [Update odom] 
1621091252488 [ROBOT STATUS: Rotating[False] Running[True] Stop[False]] 
1621091252488 [vx:0.2045 vy:0.0 yaw:0.0] 
1621091252568 [Update odom] 
1621091252589 [ROBOT STATUS: Rotating[False] Running[True] Stop[False]] 
1621091252589 [vx:0.19625 vy:0.0 yaw:0.0] 
1621091252668 [Update odom] 
1621091252688 [ROBOT STATUS: Rotating[False] Running[True] Stop[False]] 
1621091252688 [vx:0.19625 vy:0.0 yaw:0.0] 
1621091252769 [Update odom] 
1621091252788 [ROBOT STATUS: Rotating[False] Running[True] Stop[False]] 
1621091252788 [vx:0.1965 vy:0.0 yaw:0.0] 
1621091252868 [Update odom] 
1621091252905 [ROBOT STATUS: Rotating[False] Running[True] Stop[False]] 
1621091252905 [vx:0.1965 vy:0.0 yaw:0.0] 
1621091252944 [log_latest_command] [[ b y t e a r r a y ( b ' \ x a a \ x f f \ x a 0 \ x 0 2 I \ x 0 f \ x 0 e ' ) ]] 
1621091252975 [Update odom] 
1621091252996 [ROBOT STATUS: Rotating[False] Running[False] Stop[True]] 
1621091252996 [vx:0.18 vy:0.0 yaw:0.0] 
1621091253070 [Update odom] 
1621091253102 [ROBOT STATUS: Rotating[False] Running[False] Stop[True]] 
1621091253102 [vx:0.2045 vy:0.0 yaw:0.0] 
1621091253168 [Update odom] 
1621091253191 [ROBOT STATUS: Rotating[False] Running[False] Stop[True]] 
1621091253191 [vx:0.22075 vy:0.0 yaw:0.0] 
1621091253269 [Update odom] 
1621091253288 [ROBOT STATUS: Rotating[False] Running[False] Stop[True]] 
1621091253288 [vx:0.18825 vy:0.0 yaw:0.0] 
1621091253368 [Update odom] 
1621091253395 [ROBOT STATUS: Rotating[False] Running[False] Stop[True]] 
1621091253395 [vx:0.1965 vy:0.0 yaw:0.0] 
1621091253468 [Update odom] 
1621091253492 [ROBOT STATUS: Rotating[False] Running[False] Stop[True]] 
1621091253492 [vx:0.19625 vy:0.0 yaw:0.0] 
1621091253568 [Update odom] 
1621091253599 [ROBOT STATUS: Rotating[False] Running[False] Stop[True]] 
1621091253599 [vx:0.221 vy:0.0 yaw:0.0] 
1621091253669 [Update odom] 
1621091253692 [ROBOT STATUS: Rotating[False] Running[False] Stop[True]] 
1621091253692 [vx:0.21275 vy:0.0 yaw:0.0] 
1621091253768 [Update odom] 
1621091253788 [ROBOT STATUS: Rotating[False] Running[False] Stop[True]] 
1621091253788 [vx:0.21275 vy:0.0 yaw:0.0] 
1621091253868 [Update odom] 
1621091253890 [ROBOT STATUS: Rotating[False] Running[False] Stop[True]] 
1621091253890 [vx:0.21275 vy:0.0 yaw:0.0] 
1621091253968 [Update odom] 
1621091253988 [ROBOT STATUS: Rotating[False] Running[False] Stop[True]] 
1621091253988 [vx:0.21275 vy:0.0 yaw:0.0] 
1621091254068 [Update odom] 
1621091254087 [ROBOT STATUS: Rotating[False] Running[False] Stop[True]] 
1621091254087 [vx:0.21275 vy:0.0 yaw:0.0] 
1621091254168 [Update odom] 
1621091254188 [ROBOT STATUS: Rotating[False] Running[False] Stop[True]] 
1621091254188 [vx:0.21275 vy:0.0 yaw:0.0] 
1621091254269 [Update odom] 
1621091254295 [ROBOT STATUS: Rotating[False] Running[False] Stop[True]] 
1621091254295 [vx:0.0 vy:0.0 yaw:0.0] 
1621091254368 [Update odom] 
1621091254397 [ROBOT STATUS: Rotating[False] Running[False] Stop[True]] 
1621091254397 [vx:0.0 vy:0.0 yaw:0.0] 
1621091254470 [Update odom] 
1621091254488 [ROBOT STATUS: Rotating[False] Running[False] Stop[True]] 
1621091254488 [vx:0.0 vy:0.0 yaw:0.0] 
1621091254568 [Update odom] 
1621091254588 [ROBOT STATUS: Rotating[False] Running[False] Stop[True]] 
1621091254588 [vx:0.0 vy:0.0 yaw:0.0] 
1621091254668 [Update odom] 
1621091254690 [ROBOT STATUS: Rotating[False] Running[False] Stop[True]] 
1621091254690 [vx:0.0 vy:0.0 yaw:0.0] 
1621091254768 [Update odom] 
1621091254791 [ROBOT STATUS: Rotating[False] Running[False] Stop[True]] 
1621091254791 [vx:0.0 vy:0.0 yaw:0.0] 
1621091254868 [Update odom] 
1621091254888 [ROBOT STATUS: Rotating[False] Running[False] Stop[True]] 
1621091254888 [vx:0.0 vy:0.0 yaw:0.0] 
1621091254968 [Update odom] 
1621091254988 [ROBOT STATUS: Rotating[False] Running[False] Stop[True]] 
1621091254989 [vx:0.0 vy:0.0 yaw:0.0] 
1621091255068 [Update odom] 
1621091255089 [ROBOT STATUS: Rotating[False] Running[False] Stop[True]] 
1621091255089 [vx:0.0 vy:0.0 yaw:0.0] 
1621091255168 [Update odom] 
1621091255195 [ROBOT STATUS: Rotating[False] Running[False] Stop[True]] 
1621091255195 [vx:0.0 vy:0.0 yaw:0.0] 
1621091255268 [Update odom] 
1621091255293 [ROBOT STATUS: Rotating[False] Running[False] Stop[True]] 
1621091255293 [vx:0.0 vy:0.0 yaw:0.0] 
1621091255368 [Update odom] 
1621091255397 [ROBOT STATUS: Rotating[False] Running[False] Stop[True]] 
1621091255397 [vx:0.0 vy:0.0 yaw:0.0] 
1621091255469 [Update odom] 
1621091255494 [ROBOT STATUS: Rotating[False] Running[False] Stop[True]] 
1621091255494 [vx:0.0 vy:0.0 yaw:0.0] 
1621091255568 [Update odom] 
1621091255588 [ROBOT STATUS: Rotating[False] Running[False] Stop[True]] 
1621091255588 [vx:0.0 vy:0.0 yaw:0.0] 
1621091255668 [Update odom] 
1621091255687 [ROBOT STATUS: Rotating[False] Running[False] Stop[True]] 
1621091255687 [vx:0.0 vy:0.0 yaw:0.0] 
1621091255768 [Update odom] 
1621091255788 [ROBOT STATUS: Rotating[False] Running[False] Stop[True]] 
1621091255788 [vx:0.0 vy:0.0 yaw:0.0] 
1621091255868 [Update odom] 
1621091255888 [ROBOT STATUS: Rotating[False] Running[False] Stop[True]] 
1621091255888 [vx:0.0 vy:0.0 yaw:0.0] 
1621091255969 [Update odom] 
1621091255999 [ROBOT STATUS: Rotating[False] Running[False] Stop[True]] 
1621091255999 [vx:0.0 vy:0.0 yaw:0.0] 
1621091256014 [log_latest_command] [[ b y t e a r r a y ( b ' \ x a a \ x f f \ x a 0 \ x 0 2 I \ x 0 f \ x 0 e ' ) ]] 
1621091256068 [Update odom] 
1621091256088 [ROBOT STATUS: Rotating[False] Running[True] Stop[False]] 
1621091256088 [vx:0.0 vy:0.0 yaw:0.0] 
1621091256168 [Update odom] 
1621091256188 [ROBOT STATUS: Rotating[False] Running[True] Stop[False]] 
1621091256188 [vx:0.0 vy:0.0 yaw:0.0] 
1621091256268 [Update odom] 
1621091256290 [ROBOT STATUS: Rotating[False] Running[True] Stop[False]] 
1621091256290 [vx:0.0 vy:0.0 yaw:0.0] 
1621091256368 [Update odom] 
1621091256388 [ROBOT STATUS: Rotating[False] Running[True] Stop[False]] 
1621091256388 [vx:0.0 vy:0.0 yaw:0.0] 
1621091256468 [Update odom] 
1621091256487 [ROBOT STATUS: Rotating[False] Running[True] Stop[False]] 
1621091256487 [vx:0.0 vy:0.0 yaw:0.0] 
1621091256568 [Update odom] 
1621091256588 [ROBOT STATUS: Rotating[False] Running[True] Stop[False]] 
1621091256588 [vx:0.0 vy:0.0 yaw:0.0] 
1621091256668 [Update odom] 
1621091256705 [ROBOT STATUS: Rotating[False] Running[True] Stop[False]] 
1621091256705 [vx:0.0 vy:0.0 yaw:0.0] 
1621091256768 [Update odom] 
1621091256792 [ROBOT STATUS: Rotating[False] Running[True] Stop[False]] 
1621091256792 [vx:0.0 vy:0.0 yaw:0.0] 
1621091256868 [Update odom] 
1621091256901 [ROBOT STATUS: Rotating[False] Running[True] Stop[False]] 
1621091256901 [vx:0.0 vy:0.0 yaw:0.0] 
1621091256969 [Update odom] 
1621091256988 [ROBOT STATUS: Rotating[False] Running[True] Stop[False]] 
1621091256988 [vx:0.0 vy:0.0 yaw:0.0] 
1621091257069 [Update odom] 
1621091257088 [ROBOT STATUS: Rotating[False] Running[True] Stop[False]] 
1621091257088 [vx:0.0 vy:0.0 yaw:0.0] 
1621091257168 [Update odom] 
1621091257188 [ROBOT STATUS: Rotating[False] Running[True] Stop[False]] 
1621091257188 [vx:0.0 vy:0.0 yaw:0.0] 
1621091257268 [Update odom] 
1621091257289 [ROBOT STATUS: Rotating[False] Running[True] Stop[False]] 
1621091257290 [vx:0.0 vy:0.0 yaw:0.0] 
1621091257369 [Update odom] 
1621091257393 [ROBOT STATUS: Rotating[False] Running[True] Stop[False]] 
1621091257393 [vx:0.0 vy:0.0 yaw:0.0] 
1621091257469 [Update odom] 
1621091257493 [ROBOT STATUS: Rotating[False] Running[True] Stop[False]] 
1621091257493 [vx:0.0 vy:0.0 yaw:0.0] 
1621091257568 [Update odom] 
1621091257593 [ROBOT STATUS: Rotating[False] Running[True] Stop[False]] 
1621091257593 [vx:0.22075 vy:0.0 yaw:0.0] 
1621091257668 [Update odom] 
1621091257688 [ROBOT STATUS: Rotating[False] Running[True] Stop[False]] 
1621091257688 [vx:0.18 vy:0.0 yaw:0.0] 
1621091257768 [Update odom] 
1621091257794 [ROBOT STATUS: Rotating[False] Running[True] Stop[False]] 
1621091257794 [vx:0.1965 vy:0.0 yaw:0.0] 
1621091257868 [Update odom] 
1621091257890 [ROBOT STATUS: Rotating[False] Running[True] Stop[False]] 
1621091257890 [vx:0.20475 vy:0.0 yaw:0.0] 
1621091257972 [Update odom] 
1621091257992 [ROBOT STATUS: Rotating[False] Running[True] Stop[False]] 
1621091257992 [vx:0.2045 vy:0.0 yaw:0.0] 
1621091258070 [Update odom] 
1621091258088 [ROBOT STATUS: Rotating[False] Running[True] Stop[False]] 
1621091258088 [vx:0.2045 vy:0.0 yaw:0.0] 
1621091258168 [Update odom] 
1621091258189 [ROBOT STATUS: Rotating[False] Running[True] Stop[False]] 
1621091258189 [vx:0.20475 vy:0.0 yaw:0.0] 
1621091258268 [Update odom] 
1621091258292 [ROBOT STATUS: Rotating[False] Running[True] Stop[False]] 
1621091258292 [vx:0.2045 vy:0.0 yaw:0.0] 
1621091258368 [Update odom] 
1621091258396 [ROBOT STATUS: Rotating[False] Running[True] Stop[False]] 
1621091258396 [vx:0.19625 vy:0.0 yaw:0.0] 
1621091258469 [Update odom] 
1621091258503 [ROBOT STATUS: Rotating[False] Running[True] Stop[False]] 
1621091258503 [vx:0.20425 vy:0.0 yaw:0.0] 
1621091258569 [Update odom] 
1621091258601 [ROBOT STATUS: Rotating[False] Running[True] Stop[False]] 
1621091258602 [vx:0.1965 vy:0.0 yaw:0.0] 
1621091258669 [Update odom] 
1621091258691 [ROBOT STATUS: Rotating[False] Running[True] Stop[False]] 
1621091258691 [vx:0.2045 vy:0.0 yaw:0.0] 
1621091258769 [Update odom] 
1621091258798 [ROBOT STATUS: Rotating[False] Running[True] Stop[False]] 
1621091258798 [vx:0.20475 vy:0.0 yaw:0.0] 
1621091258868 [Update odom] 
1621091258891 [ROBOT STATUS: Rotating[False] Running[True] Stop[False]] 
1621091258891 [vx:0.2045 vy:0.0 yaw:0.0] 
1621091258968 [Update odom] 
1621091258994 [ROBOT STATUS: Rotating[False] Running[True] Stop[False]] 
1621091258994 [vx:0.18825 vy:0.0 yaw:0.0] 
1621091259068 [Update odom] 
1621091259091 [ROBOT STATUS: Rotating[False] Running[True] Stop[False]] 
1621091259091 [vx:0.1965 vy:0.0 yaw:0.0] 
1621091259168 [Update odom] 
1621091259188 [ROBOT STATUS: Rotating[False] Running[True] Stop[False]] 
1621091259188 [vx:0.1965 vy:0.0 yaw:0.0] 
1621091259229 [log_latest_command] [[ b y t e a r r a y ( b ' \ x a a \ x f f \ x a 0 \ x 0 2 I \ x 0 f \ x 0 e ' ) ]] 
1621091259268 [Update odom] 
1621091259300 [ROBOT STATUS: Rotating[False] Running[False] Stop[True]] 
1621091259300 [vx:0.21275 vy:0.0 yaw:0.0] 
1621091259368 [Update odom] 
1621091259390 [ROBOT STATUS: Rotating[False] Running[False] Stop[True]] 
1621091259390 [vx:0.21275 vy:0.0 yaw:0.0] 
1621091259468 [Update odom] 
1621091259488 [ROBOT STATUS: Rotating[False] Running[False] Stop[True]] 
1621091259488 [vx:0.19625 vy:0.0 yaw:0.0] 
1621091259569 [Update odom] 
1621091259588 [ROBOT STATUS: Rotating[False] Running[False] Stop[True]] 
1621091259588 [vx:0.2045 vy:0.0 yaw:0.0] 
1621091259669 [Update odom] 
1621091259688 [ROBOT STATUS: Rotating[False] Running[False] Stop[True]] 
1621091259688 [vx:0.2045 vy:0.0 yaw:0.0] 
1621091259768 [Update odom] 
1621091259788 [ROBOT STATUS: Rotating[False] Running[False] Stop[True]] 
1621091259788 [vx:0.18825 vy:0.0 yaw:0.0] 
1621091259868 [Update odom] 
1621091259889 [ROBOT STATUS: Rotating[False] Running[False] Stop[True]] 
1621091259889 [vx:0.1965 vy:0.0 yaw:0.0] 
1621091259968 [Update odom] 
1621091259991 [ROBOT STATUS: Rotating[False] Running[False] Stop[True]] 
1621091259991 [vx:0.1965 vy:0.0 yaw:0.0] 
1621091260068 [Update odom] 
1621091260088 [ROBOT STATUS: Rotating[False] Running[False] Stop[True]] 
1621091260088 [vx:0.2045 vy:0.0 yaw:0.0] 
1621091260168 [Update odom] 
1621091260188 [ROBOT STATUS: Rotating[False] Running[False] Stop[True]] 
1621091260188 [vx:0.1965 vy:0.0 yaw:0.0] 
1621091260268 [Update odom] 
1621091260288 [ROBOT STATUS: Rotating[False] Running[False] Stop[True]] 
1621091260288 [vx:0.18825 vy:0.0 yaw:0.0] 
1621091260369 [Update odom] 
1621091260388 [ROBOT STATUS: Rotating[False] Running[False] Stop[True]] 
1621091260388 [vx:0.1965 vy:0.0 yaw:0.0] 
1621091260470 [Update odom] 
1621091260499 [ROBOT STATUS: Rotating[False] Running[False] Stop[True]] 
1621091260499 [vx:0.18825 vy:0.0 yaw:0.0] 
1621091260568 [Update odom] 
1621091260595 [ROBOT STATUS: Rotating[False] Running[False] Stop[True]] 
1621091260595 [vx:0.2045 vy:0.0 yaw:0.0] 
1621091260668 [Update odom] 
1621091260688 [ROBOT STATUS: Rotating[False] Running[False] Stop[True]] 
1621091260688 [vx:0.20475 vy:0.0 yaw:0.0] 
1621091260768 [Update odom] 
1621091260788 [ROBOT STATUS: Rotating[False] Running[False] Stop[True]] 
1621091260788 [vx:0.20475 vy:0.0 yaw:0.0] 
1621091260869 [Update odom] 
1621091260892 [ROBOT STATUS: Rotating[False] Running[False] Stop[True]] 
1621091260892 [vx:0.20475 vy:0.0 yaw:0.0] 
1621091260968 [Update odom] 
1621091260988 [ROBOT STATUS: Rotating[False] Running[False] Stop[True]] 
1621091260988 [vx:0.20475 vy:0.0 yaw:0.0] 
1621091261068 [Update odom] 
1621091261095 [ROBOT STATUS: Rotating[False] Running[False] Stop[True]] 
1621091261095 [vx:0.20475 vy:0.0 yaw:0.0] 
1621091261168 [Update odom] 
1621091261190 [ROBOT STATUS: Rotating[False] Running[False] Stop[True]] 
1621091261190 [vx:0.20475 vy:0.0 yaw:0.0] 
1621091261268 [Update odom] 
1621091261289 [ROBOT STATUS: Rotating[False] Running[False] Stop[True]] 
1621091261289 [vx:0.0 vy:0.0 yaw:0.0] 
1621091261370 [Update odom] 
1621091261388 [ROBOT STATUS: Rotating[False] Running[False] Stop[True]] 
1621091261388 [vx:0.0 vy:0.0 yaw:0.0] 
1621091261468 [Update odom] 
1621091261488 [ROBOT STATUS: Rotating[False] Running[False] Stop[True]] 
1621091261488 [vx:0.0 vy:0.0 yaw:0.0] 
1621091261568 [Update odom] 
1621091261588 [ROBOT STATUS: Rotating[False] Running[False] Stop[True]] 
1621091261588 [vx:0.0 vy:0.0 yaw:0.0] 
1621091261668 [Update odom] 
1621091261692 [ROBOT STATUS: Rotating[False] Running[False] Stop[True]] 
1621091261692 [vx:0.0 vy:0.0 yaw:0.0] 
1621091261768 [Update odom] 
1621091261790 [ROBOT STATUS: Rotating[False] Running[False] Stop[True]] 
1621091261790 [vx:0.0 vy:0.0 yaw:0.0] 
1621091261868 [Update odom] 
1621091261889 [ROBOT STATUS: Rotating[False] Running[False] Stop[True]] 
1621091261889 [vx:0.0 vy:0.0 yaw:0.0] 
1621091261968 [Update odom] 
1621091261988 [ROBOT STATUS: Rotating[False] Running[False] Stop[True]] 
1621091261988 [vx:0.0 vy:0.0 yaw:0.0] 
1621091262068 [Update odom] 
1621091262095 [ROBOT STATUS: Rotating[False] Running[False] Stop[True]] 
1621091262095 [vx:0.0 vy:0.0 yaw:0.0] 
1621091262168 [Update odom] 
1621091262188 [ROBOT STATUS: Rotating[False] Running[False] Stop[True]] 
1621091262188 [vx:0.0 vy:0.0 yaw:0.0] 
1621091262268 [Update odom] 
1621091262288 [ROBOT STATUS: Rotating[False] Running[False] Stop[True]] 
1621091262289 [vx:0.0 vy:0.0 yaw:0.0] 
1621091262368 [Update odom] 
1621091262388 [ROBOT STATUS: Rotating[False] Running[False] Stop[True]] 
1621091262388 [vx:0.0 vy:0.0 yaw:0.0] 
1621091262468 [Update odom] 
1621091262502 [ROBOT STATUS: Rotating[False] Running[False] Stop[True]] 
1621091262502 [vx:0.0 vy:0.0 yaw:0.0] 
1621091262569 [Update odom] 
1621091262607 [ROBOT STATUS: Rotating[False] Running[False] Stop[True]] 
1621091262607 [vx:0.0 vy:0.0 yaw:0.0] 
1621091262672 [Update odom] 
1621091262697 [ROBOT STATUS: Rotating[False] Running[False] Stop[True]] 
1621091262697 [vx:0.0 vy:0.0 yaw:0.0] 
1621091262768 [Update odom] 
1621091262794 [ROBOT STATUS: Rotating[False] Running[False] Stop[True]] 
1621091262794 [vx:0.0 vy:0.0 yaw:0.0] 
1621091262868 [Update odom] 
1621091262891 [ROBOT STATUS: Rotating[False] Running[False] Stop[True]] 
1621091262891 [vx:0.0 vy:0.0 yaw:0.0] 
1621091262968 [Update odom] 
1621091262999 [ROBOT STATUS: Rotating[False] Running[False] Stop[True]] 
1621091262999 [vx:0.0 vy:0.0 yaw:0.0] 
1621091263072 [Update odom] 
1621091263110 [ROBOT STATUS: Rotating[False] Running[False] Stop[True]] 
1621091263110 [vx:0.0 vy:0.0 yaw:0.0] 
1621091263168 [Update odom] 
1621091263207 [ROBOT STATUS: Rotating[False] Running[False] Stop[True]] 
1621091263207 [vx:0.0 vy:0.0 yaw:0.0] 
1621091263268 [Update odom] 
1621091263290 [ROBOT STATUS: Rotating[False] Running[False] Stop[True]] 
1621091263290 [vx:0.0 vy:0.0 yaw:0.0] 
1621091263368 [Update odom] 
1621091263388 [ROBOT STATUS: Rotating[False] Running[False] Stop[True]] 
1621091263388 [vx:0.0 vy:0.0 yaw:0.0] 
1621091263468 [Update odom] 
1621091263488 [ROBOT STATUS: Rotating[False] Running[False] Stop[True]] 
1621091263488 [vx:0.0 vy:0.0 yaw:0.0] 
1621091263568 [Update odom] 
1621091263588 [ROBOT STATUS: Rotating[False] Running[False] Stop[True]] 
1621091263588 [vx:0.0 vy:0.0 yaw:0.0] 
1621091263668 [Update odom] 
1621091263690 [ROBOT STATUS: Rotating[False] Running[False] Stop[True]] 
1621091263690 [vx:0.0 vy:0.0 yaw:0.0] 
1621091263769 [Update odom] 
1621091263798 [ROBOT STATUS: Rotating[False] Running[False] Stop[True]] 
1621091263798 [vx:0.0 vy:0.0 yaw:0.0] 
1621091263875 [Update odom] 
1621091263899 [ROBOT STATUS: Rotating[False] Running[False] Stop[True]] 
1621091263899 [vx:0.0 vy:0.0 yaw:0.0] 
1621091263968 [Update odom] 
1621091263996 [ROBOT STATUS: Rotating[False] Running[False] Stop[True]] 
1621091263996 [vx:0.0 vy:0.0 yaw:0.0] 
1621091264068 [Update odom] 
1621091264095 [ROBOT STATUS: Rotating[False] Running[False] Stop[True]] 
1621091264095 [vx:0.0 vy:0.0 yaw:0.0] 
