1621676211299 [Opening serial port: /dev/ttyTHS1.] 
1621676211611 [The robot is connected to ] [/dev/ttyTHS1] 
1621676211611 [Initial robot's topic...] 
1621676211617 [Start initializing navigation] 
1621676211617 [Start initializing navigation topic] 
1621676211652 [Initialization navigation topic finished] 
1621676211658 [Initialization navigation finished] 
1621676211759 [Update odom] 
1621676211772 [vx:0.0 vy:0.0 yaw:-2.65240974818] 
1621676211860 [Update odom] 
1621676211866 [vx:0.0 vy:0.0 yaw:-2.64881588272] 
1621676211959 [Update odom] 
1621676211972 [vx:0.0 vy:0.0 yaw:-2.63536306914] 
1621676212060 [Update odom] 
1621676212080 [vx:0.0 vy:0.0 yaw:-2.62919711481] 
1621676212159 [Update odom] 
1621676212172 [vx:0.0 vy:0.0 yaw:-2.61584087528] 
1621676212259 [Update odom] 
1621676212272 [vx:0.0 vy:0.0 yaw:-2.61940589176] 
1621676212359 [Update odom] 
1621676212376 [vx:0.0 vy:0.0 yaw:-2.63293572414] 
1621676212459 [Update odom] 
1621676212472 [vx:0.0 vy:0.0 yaw:-2.64295783055] 
1621676212559 [Update odom] 
1621676212572 [vx:0.0 vy:0.0 yaw:-2.65196323664] 
1621676212659 [Update odom] 
1621676212672 [vx:0.0 vy:0.0 yaw:-2.66456640202] 
1621676212759 [Update odom] 
1621676212772 [vx:0.0 vy:0.0 yaw:-2.67775128316] 
1621676212859 [Update odom] 
1621676212872 [vx:0.0 vy:0.0 yaw:-2.68977727209] 
1621676212959 [Update odom] 
1621676212972 [vx:0.0 vy:0.0 yaw:-2.69500528899] 
1621676213059 [Update odom] 
1621676213072 [vx:0.0 vy:0.0 yaw:-2.69353128697] 
1621676213159 [Update odom] 
1621676213172 [vx:0.0 vy:0.0 yaw:-2.68032421895] 
1621676213259 [Update odom] 
1621676213272 [vx:0.0 vy:0.0 yaw:-2.66733441511] 
1621676213359 [Update odom] 
1621676213372 [vx:0.0 vy:0.0 yaw:-2.66351296827] 
1621676213459 [Update odom] 
1621676213472 [vx:0.0 vy:0.0 yaw:-2.67111104149] 
1621676213560 [Update odom] 
1621676213572 [vx:0.0 vy:0.0 yaw:-2.67561542025] 
1621676213659 [Update odom] 
1621676213672 [vx:0.0 vy:0.0 yaw:-2.66642790424] 
1621676213759 [Update odom] 
1621676213772 [vx:0.0 vy:0.0 yaw:-2.65402443187] 
1621676213859 [Update odom] 
1621676213872 [vx:0.0 vy:0.0 yaw:-2.65702234788] 
1621676213959 [Update odom] 
1621676213977 [vx:0.0 vy:0.0 yaw:-2.66343643381] 
1621676214062 [Update odom] 
1621676214075 [vx:0.0 vy:0.0 yaw:-2.66442713364] 
1621676214159 [Update odom] 
1621676214172 [vx:0.0 vy:0.0 yaw:-2.65213543455] 
1621676214260 [Update odom] 
1621676214273 [vx:0.0 vy:0.0 yaw:-2.63258856826] 
1621676214360 [Update odom] 
1621676214382 [vx:0.0 vy:0.0 yaw:-2.62876796371] 
1621676214460 [Update odom] 
1621676214472 [vx:0.0 vy:0.0 yaw:-2.63662847458] 
1621676214563 [Update odom] 
1621676214569 [vx:0.0 vy:0.0 yaw:-2.64699500037] 
1621676214659 [Update odom] 
1621676214674 [vx:0.0 vy:0.0 yaw:-2.66291827132] 
1621676214760 [Update odom] 
1621676214772 [vx:0.0 vy:0.0 yaw:-2.65811637312] 
1621676214859 [Update odom] 
1621676214872 [vx:0.0 vy:0.0 yaw:-2.65040091294] 
1621676214961 [Update odom] 
1621676214972 [vx:0.0 vy:0.0 yaw:-2.64521925079] 
1621676215059 [Update odom] 
1621676215073 [vx:0.0 vy:0.0 yaw:-2.64369354341] 
1621676215161 [Update odom] 
1621676215172 [vx:0.0 vy:0.0 yaw:-2.65452811273] 
1621676215259 [Update odom] 
1621676215272 [vx:0.0 vy:0.0 yaw:-2.64991089833] 
1621676215359 [Update odom] 
1621676215372 [vx:0.0 vy:0.0 yaw:-2.65526722188] 
1621676215459 [Update odom] 
1621676215472 [vx:0.0 vy:0.0 yaw:-2.66428035527] 
1621676215559 [Update odom] 
1621676215576 [vx:0.0 vy:0.0 yaw:-2.66392663904] 
1621676215659 [Update odom] 
1621676215672 [vx:0.0 vy:0.0 yaw:-2.67296791714] 
1621676215759 [Update odom] 
1621676215772 [vx:0.0 vy:0.0 yaw:-2.6677243189] 
1621676215859 [Update odom] 
1621676215872 [vx:0.0 vy:0.0 yaw:-2.66539460481] 
1621676215959 [Update odom] 
1621676215976 [vx:0.0 vy:0.0 yaw:-2.66006626574] 
1621676216060 [Update odom] 
1621676216072 [vx:0.0 vy:0.0 yaw:-2.64698006144] 
1621676216159 [Update odom] 
1621676216172 [vx:0.0 vy:0.0 yaw:-2.65603297266] 
1621676216259 [Update odom] 
1621676216272 [vx:0.0 vy:0.0 yaw:-2.66146265084] 
1621676216361 [Update odom] 
1621676216378 [vx:0.0 vy:0.0 yaw:-2.65387630976] 
1621676216459 [Update odom] 
1621676216476 [vx:0.0 vy:0.0 yaw:-2.65135736994] 
1621676216559 [Update odom] 
1621676216572 [vx:0.0 vy:0.0 yaw:-2.65927875649] 
1621676216660 [Update odom] 
1621676216672 [vx:0.0 vy:0.0 yaw:-2.66366949134] 
1621676216759 [Update odom] 
1621676216779 [vx:0.0 vy:0.0 yaw:-2.66808799319] 
1621676216859 [Update odom] 
1621676216872 [vx:0.0 vy:0.0 yaw:-2.67713180371] 
1621676216959 [Update odom] 
1621676216978 [vx:0.0 vy:0.0 yaw:-2.68612901925] 
1621676217060 [Update odom] 
1621676217072 [vx:0.0 vy:0.0 yaw:-2.69017223962] 
1621676217159 [Update odom] 
1621676217173 [vx:0.0 vy:0.0 yaw:-2.67668932066] 
1621676217259 [Update odom] 
1621676217272 [vx:0.0 vy:0.0 yaw:-2.68194906701] 
1621676217359 [Update odom] 
1621676217372 [vx:0.0 vy:0.0 yaw:-2.67270603009] 
1621676217459 [Update odom] 
1621676217474 [vx:0.0 vy:0.0 yaw:-2.66026685373] 
1621676217564 [Update odom] 
1621676217580 [vx:0.0 vy:0.0 yaw:-2.65446853435] 
1621676217659 [Update odom] 
1621676217672 [vx:0.0 vy:0.0 yaw:-2.65560294869] 
1621676217763 [Update odom] 
1621676217776 [vx:0.0 vy:0.0 yaw:-2.64351077453] 
1621676217859 [Update odom] 
1621676217872 [vx:0.0 vy:0.0 yaw:-2.62847291419] 
1621676217959 [Update odom] 
1621676217972 [vx:0.0 vy:0.0 yaw:-2.61126385617] 
1621676218059 [Update odom] 
1621676218072 [vx:0.0 vy:0.0 yaw:-2.60182141163] 
1621676218160 [Update odom] 
1621676218172 [vx:0.0 vy:0.0 yaw:-2.6069208103] 
1621676218259 [Update odom] 
1621676218273 [vx:0.0 vy:0.0 yaw:-2.61571310633] 
1621676218363 [Update odom] 
1621676218377 [vx:0.0 vy:0.0 yaw:-2.62517714851] 
1621676218459 [Update odom] 
1621676218473 [vx:0.0 vy:0.0 yaw:-2.63489011335] 
1621676218559 [Update odom] 
1621676218578 [vx:0.0 vy:0.0 yaw:-2.64829472748] 
1621676218659 [Update odom] 
1621676218672 [vx:0.0 vy:0.0 yaw:-2.65891036257] 
1621676218759 [Update odom] 
1621676218772 [vx:0.0 vy:0.0 yaw:-2.66184472087] 
1621676218859 [Update odom] 
1621676218872 [vx:0.0 vy:0.0 yaw:-2.65628471747] 
1621676218959 [Update odom] 
1621676218972 [vx:0.0 vy:0.0 yaw:-2.64961425581] 
1621676219060 [Update odom] 
1621676219072 [vx:0.0 vy:0.0 yaw:-2.6560198731] 
1621676219160 [Update odom] 
1621676219174 [vx:0.0 vy:0.0 yaw:-2.66917468701] 
1621676219260 [Update odom] 
1621676219272 [vx:0.0 vy:0.0 yaw:-2.67546854318] 
1621676219360 [Update odom] 
1621676219380 [vx:0.0 vy:0.0 yaw:-2.67455176908] 
1621676219459 [Update odom] 
1621676219480 [vx:0.0 vy:0.0 yaw:-2.66827520641] 
1621676219559 [Update odom] 
1621676219572 [vx:0.0 vy:0.0 yaw:-2.65996966061] 
1621676219659 [Update odom] 
1621676219672 [vx:0.0 vy:0.0 yaw:-2.655393593] 
1621676219759 [Update odom] 
1621676219772 [vx:0.0 vy:0.0 yaw:-2.66543536825] 
1621676219859 [Update odom] 
1621676219872 [vx:0.0 vy:0.0 yaw:-2.67175900862] 
1621676219960 [Update odom] 
1621676219973 [vx:0.0 vy:0.0 yaw:-2.67623156039] 
1621676220060 [Update odom] 
1621676220078 [vx:0.0 vy:0.0 yaw:-2.67640003771] 
1621676220159 [Update odom] 
1621676220172 [vx:0.0 vy:0.0 yaw:-2.6679707266] 
1621676220267 [Update odom] 
1621676220281 [vx:0.0 vy:0.0 yaw:-2.66444339066] 
1621676220377 [Update odom] 
1621676220389 [vx:0.0 vy:0.0 yaw:-2.65229625895] 
1621676220460 [Update odom] 
1621676220474 [vx:0.0 vy:0.0 yaw:-2.65511194644] 
1621676220560 [Update odom] 
1621676220572 [vx:0.0 vy:0.0 yaw:-2.66083155744] 
1621676220659 [Update odom] 
1621676220673 [vx:0.0 vy:0.0 yaw:-2.67413645601] 
1621676220760 [Update odom] 
1621676220772 [vx:0.0 vy:0.0 yaw:-2.68686786195] 
1621676220860 [Update odom] 
1621676220872 [vx:0.0 vy:0.0 yaw:-2.69589005406] 
1621676220959 [Update odom] 
1621676220977 [vx:0.0 vy:0.0 yaw:-2.69865202785] 
1621676221059 [Update odom] 
1621676221073 [vx:0.0 vy:0.0 yaw:-2.69415500762] 
1621676221160 [Update odom] 
1621676221176 [vx:0.0 vy:0.0 yaw:-2.70451102374] 
1621676221259 [Update odom] 
1621676221272 [vx:0.0 vy:0.0 yaw:-2.71501255418] 
1621676221359 [Update odom] 
1621676221372 [vx:0.0 vy:0.0 yaw:-2.72905995605] 
1621676221459 [Update odom] 
1621676221472 [vx:0.0 vy:0.0 yaw:-2.72965507519] 
1621676221559 [Update odom] 
1621676221572 [vx:0.0 vy:0.0 yaw:-2.71553426715] 
1621676221665 [Update odom] 
1621676221676 [vx:0.0 vy:0.0 yaw:-2.69913816786] 
1621676221760 [Update odom] 
1621676221772 [vx:0.0 vy:0.0 yaw:-2.68512273644] 
1621676221859 [Update odom] 
1621676221872 [vx:0.0 vy:0.0 yaw:-2.67837038271] 
1621676221960 [Update odom] 
1621676221973 [vx:0.0 vy:0.0 yaw:-2.68058889868] 
1621676222060 [Update odom] 
1621676222080 [vx:0.0 vy:0.0 yaw:-2.67876426422] 
1621676222175 [Update odom] 
1621676222190 [vx:0.0 vy:0.0 yaw:-2.67552596515] 
1621676222259 [Update odom] 
1621676222272 [vx:0.0 vy:0.0 yaw:-2.66073266079] 
1621676222360 [Update odom] 
1621676222372 [vx:0.0 vy:0.0 yaw:-2.66878306802] 
1621676222459 [Update odom] 
1621676222472 [vx:0.0 vy:0.0 yaw:-2.67255653043] 
1621676222559 [Update odom] 
1621676222572 [vx:0.0 vy:0.0 yaw:-2.67775856624] 
1621676222659 [Update odom] 
1621676222672 [vx:0.0 vy:0.0 yaw:-2.68460150942] 
1621676222760 [Update odom] 
1621676222772 [vx:0.0 vy:0.0 yaw:-2.67655647959] 
1621676222859 [Update odom] 
1621676222872 [vx:0.0 vy:0.0 yaw:-2.67354316584] 
1621676222959 [Update odom] 
1621676222972 [vx:0.0 vy:0.0 yaw:-2.66123851642] 
1621676223059 [Update odom] 
1621676223075 [vx:0.0 vy:0.0 yaw:-2.64566563347] 
1621676223160 [Update odom] 
1621676223172 [vx:0.0 vy:0.0 yaw:-2.63368241446] 
1621676223260 [Update odom] 
1621676223276 [vx:0.0 vy:0.0 yaw:-2.62648493778] 
1621676223359 [Update odom] 
1621676223372 [vx:0.0 vy:0.0 yaw:-2.62956651613] 
1621676223459 [Update odom] 
1621676223473 [vx:0.0 vy:0.0 yaw:-2.6363878527] 
1621676223560 [Update odom] 
1621676223572 [vx:0.0 vy:0.0 yaw:-2.64392150674] 
1621676223665 [Update odom] 
1621676223676 [vx:0.0 vy:0.0 yaw:-2.65473849386] 
1621676223759 [Update odom] 
1621676223772 [vx:0.0 vy:0.0 yaw:-2.66103211488] 
1621676223861 [Update odom] 
1621676223875 [vx:0.0 vy:0.0 yaw:-2.66714005274] 
1621676223960 [Update odom] 
1621676223972 [vx:0.0 vy:0.0 yaw:-2.67250760175] 
1621676224060 [Update odom] 
1621676224072 [vx:0.0 vy:0.0 yaw:-2.67443440692] 
1621676224159 [Update odom] 
1621676224172 [vx:0.0 vy:0.0 yaw:-2.67661641236] 
1621676224259 [Update odom] 
1621676224274 [vx:0.0 vy:0.0 yaw:-2.6719778462] 
1621676224359 [Update odom] 
1621676224372 [vx:0.0 vy:0.0 yaw:-2.67061960114] 
1621676224459 [Update odom] 
1621676224472 [vx:0.0 vy:0.0 yaw:-2.65915897989] 
1621676224559 [Update odom] 
1621676224572 [vx:0.0 vy:0.0 yaw:-2.65627478427] 
1621676224659 [Update odom] 
1621676224672 [vx:0.0 vy:0.0 yaw:-2.66309958822] 
1621676224760 [Update odom] 
1621676224775 [vx:0.0 vy:0.0 yaw:-2.68052066585] 
1621676224859 [Update odom] 
1621676224872 [vx:0.0 vy:0.0 yaw:-2.67303103227] 
1621676224959 [Update odom] 
1621676224972 [vx:0.0 vy:0.0 yaw:-2.67299017556] 
1621676225078 [Update odom] 
1621676225093 [vx:0.0 vy:0.0 yaw:-2.66660792567] 
1621676225160 [Update odom] 
1621676225172 [vx:0.0 vy:0.0 yaw:-2.65221982012] 
1621676225260 [Update odom] 
1621676225276 [vx:0.0 vy:0.0 yaw:-2.63659414678] 
1621676225360 [Update odom] 
1621676225372 [vx:0.0 vy:0.0 yaw:-2.64205135352] 
1621676225460 [Update odom] 
1621676225472 [vx:0.0 vy:0.0 yaw:-2.64546731752] 
1621676225559 [Update odom] 
1621676225572 [vx:0.0 vy:0.0 yaw:-2.64868633655] 
1621676225660 [Update odom] 
1621676225674 [vx:0.0 vy:0.0 yaw:-2.65094987341] 
1621676225760 [Update odom] 
1621676225778 [vx:0.0 vy:0.0 yaw:-2.65768377295] 
1621676225860 [Update odom] 
1621676225893 [vx:0.0 vy:0.0 yaw:-2.65282874781] 
1621676225961 [Update odom] 
1621676225980 [vx:0.0 vy:0.0 yaw:-2.64827528836] 
1621676226060 [Update odom] 
1621676226072 [vx:0.0 vy:0.0 yaw:-2.64266350331] 
1621676226166 [Update odom] 
1621676226181 [vx:0.0 vy:0.0 yaw:-2.62572401076] 
1621676226260 [Update odom] 
1621676226272 [vx:0.0 vy:0.0 yaw:-2.63475244585] 
1621676226360 [Update odom] 
1621676226372 [vx:0.0 vy:0.0 yaw:-2.63320417829] 
1621676226471 [Update odom] 
1621676226488 [vx:0.0 vy:0.0 yaw:-2.63969389252] 
1621676226559 [Update odom] 
1621676226573 [vx:0.0 vy:0.0 yaw:-2.64088569777] 
1621676226660 [Update odom] 
1621676226680 [vx:0.0 vy:0.0 yaw:-2.64565989909] 
1621676226760 [Update odom] 
1621676226773 [vx:0.0 vy:0.0 yaw:-2.64631929477] 
1621676226860 [Update odom] 
1621676226876 [vx:0.0 vy:0.0 yaw:-2.64534629383] 
1621676226959 [Update odom] 
1621676226974 [vx:0.0 vy:0.0 yaw:-2.65463407579] 
1621676227060 [Update odom] 
1621676227075 [vx:0.0 vy:0.0 yaw:-2.65266086729] 
1621676227160 [Update odom] 
1621676227172 [vx:0.0 vy:0.0 yaw:-2.64058503827] 
1621676227259 [Update odom] 
1621676227273 [vx:0.0 vy:0.0 yaw:-2.62584372022] 
1621676227359 [Update odom] 
1621676227372 [vx:0.0 vy:0.0 yaw:-2.63321390939] 
1621676227460 [Update odom] 
1621676227480 [vx:0.0 vy:0.0 yaw:-2.64792690367] 
1621676227560 [Update odom] 
1621676227572 [vx:0.0 vy:0.0 yaw:-2.66205772456] 
1621676227660 [Update odom] 
1621676227672 [vx:0.0 vy:0.0 yaw:-2.66949682589] 
1621676227760 [Update odom] 
1621676227772 [vx:0.0 vy:0.0 yaw:-2.68200853512] 
1621676227860 [Update odom] 
1621676227872 [vx:0.0 vy:0.0 yaw:-2.68474736479] 
1621676227959 [Update odom] 
1621676227974 [vx:0.0 vy:0.0 yaw:-2.67517863724] 
1621676228073 [Update odom] 
1621676228085 [vx:0.0 vy:0.0 yaw:-2.67582264612] 
1621676228160 [Update odom] 
1621676228172 [vx:0.0 vy:0.0 yaw:-2.6743026682] 
1621676228260 [Update odom] 
1621676228285 [vx:0.0 vy:0.0 yaw:-2.66002078474] 
1621676228360 [Update odom] 
1621676228375 [vx:0.0 vy:0.0 yaw:-2.66595939455] 
1621676228463 [Update odom] 
1621676228476 [vx:0.0 vy:0.0 yaw:-2.6762501268] 
1621676228560 [Update odom] 
1621676228572 [vx:0.0 vy:0.0 yaw:-2.6782083045] 
1621676228660 [Update odom] 
1621676228672 [vx:0.0 vy:0.0 yaw:-2.67185556157] 
1621676228759 [Update odom] 
1621676228772 [vx:0.0 vy:0.0 yaw:-2.67702529252] 
1621676228865 [Update odom] 
1621676228876 [vx:0.0 vy:0.0 yaw:-2.68193741656] 
1621676228986 [Update odom] 
1621676228994 [vx:0.0 vy:0.0 yaw:-2.67675355638] 
1621676229060 [Update odom] 
1621676229072 [vx:0.0 vy:0.0 yaw:-2.67335421785] 
1621676229161 [Update odom] 
1621676229172 [vx:0.0 vy:0.0 yaw:-2.66696813094] 
1621676229265 [Update odom] 
1621676229277 [vx:0.0 vy:0.0 yaw:-2.6644581324] 
1621676229359 [Update odom] 
1621676229374 [vx:0.0 vy:0.0 yaw:-2.65465559515] 
1621676229459 [Update odom] 
1621676229472 [vx:0.0 vy:0.0 yaw:-2.64436441774] 
1621676229559 [Update odom] 
1621676229572 [vx:0.0 vy:0.0 yaw:-2.63888865681] 
1621676229662 [Update odom] 
1621676229676 [vx:0.0 vy:0.0 yaw:-2.6356890151] 
1621676229761 [Update odom] 
1621676229773 [vx:0.0 vy:0.0 yaw:-2.63327002736] 
1621676229860 [Update odom] 
1621676229872 [vx:0.0 vy:0.0 yaw:-2.63852062159] 
1621676229959 [Update odom] 
1621676229972 [vx:0.0 vy:0.0 yaw:-2.64715008435] 
1621676230060 [Update odom] 
1621676230072 [vx:0.0 vy:0.0 yaw:-2.6516686778] 
1621676230160 [Update odom] 
1621676230172 [vx:0.0 vy:0.0 yaw:-2.65981935835] 
1621676230259 [Update odom] 
1621676230272 [vx:0.0 vy:0.0 yaw:-2.66499016304] 
1621676230359 [Update odom] 
1621676230372 [vx:0.0 vy:0.0 yaw:-2.66986692522] 
1621676230459 [Update odom] 
1621676230472 [vx:0.0 vy:0.0 yaw:-2.67385316678] 
1621676230559 [Update odom] 
1621676230572 [vx:0.0 vy:0.0 yaw:-2.67614401099] 
1621676230660 [Update odom] 
1621676230672 [vx:0.0 vy:0.0 yaw:-2.67452001673] 
1621676230763 [Update odom] 
1621676230778 [vx:0.0 vy:0.0 yaw:-2.66627572022] 
1621676230860 [Update odom] 
1621676230872 [vx:0.0 vy:0.0 yaw:-2.66053925145] 
1621676230960 [Update odom] 
1621676230963 [vx:0.0 vy:0.0 yaw:-2.65548209916] 
1621676231060 [Update odom] 
1621676231076 [vx:0.0 vy:0.0 yaw:-2.653427657] 
1621676231160 [Update odom] 
1621676231172 [vx:0.0 vy:0.0 yaw:-2.6507292056] 
1621676231259 [Update odom] 
1621676231272 [vx:0.0 vy:0.0 yaw:-2.65069752683] 
1621676231363 [Update odom] 
1621676231387 [vx:0.0 vy:0.0 yaw:-2.65938460931] 
1621676231459 [Update odom] 
1621676231472 [vx:0.0 vy:0.0 yaw:-2.65193639857] 
1621676231560 [Update odom] 
1621676231572 [vx:0.0 vy:0.0 yaw:-2.6359055757] 
1621676231660 [Update odom] 
1621676231676 [vx:0.0 vy:0.0 yaw:-2.62199043853] 
1621676231760 [Update odom] 
1621676231778 [vx:0.0 vy:0.0 yaw:-2.61590453484] 
1621676231859 [Update odom] 
1621676231877 [vx:0.0 vy:0.0 yaw:-2.6269575229] 
1621676231960 [Update odom] 
1621676231989 [vx:0.0 vy:0.0 yaw:-2.61660926123] 
1621676232060 [Update odom] 
1621676232079 [vx:0.0 vy:0.0 yaw:-2.62277513932] 
1621676232160 [Update odom] 
1621676232171 [vx:0.0 vy:0.0 yaw:-2.63087865297] 
1621676232260 [Update odom] 
1621676232275 [vx:0.0 vy:0.0 yaw:-2.64016555422] 
1621676232360 [Update odom] 
1621676232373 [vx:0.0 vy:0.0 yaw:-2.63743598837] 
1621676232460 [Update odom] 
1621676232490 [vx:0.0 vy:0.0 yaw:-2.62826767521] 
1621676232560 [Update odom] 
1621676232576 [vx:0.0 vy:0.0 yaw:-2.6224272589] 
1621676232662 [Update odom] 
1621676232672 [vx:0.0 vy:0.0 yaw:-2.62144399489] 
1621676232785 [Update odom] 
1621676232791 [vx:0.0 vy:0.0 yaw:-2.62951551386] 
1621676232861 [Update odom] 
1621676232872 [vx:0.0 vy:0.0 yaw:-2.63136758817] 
1621676232959 [Update odom] 
1621676232997 [vx:0.0 vy:0.0 yaw:-2.63706166696] 
1621676233060 [Update odom] 
1621676233073 [vx:0.0 vy:0.0 yaw:-2.64370340277] 
1621676233161 [Update odom] 
1621676233172 [vx:0.0 vy:0.0 yaw:-2.65065405853] 
1621676233259 [Update odom] 
1621676233272 [vx:0.0 vy:0.0 yaw:-2.65306509493] 
1621676233361 [Update odom] 
1621676233372 [vx:0.0 vy:0.0 yaw:-2.6551528319] 
1621676233460 [Update odom] 
1621676233482 [vx:0.0 vy:0.0 yaw:-2.65257872402] 
1621676233560 [Update odom] 
1621676233582 [vx:0.0 vy:0.0 yaw:-2.64101337553] 
1621676233659 [Update odom] 
1621676233672 [vx:0.0 vy:0.0 yaw:-2.63245804436] 
1621676233760 [Update odom] 
1621676233784 [vx:0.0 vy:0.0 yaw:-2.62488018534] 
1621676233860 [Update odom] 
1621676233890 [vx:0.0 vy:0.0 yaw:-2.62186654306] 
1621676233960 [Update odom] 
1621676233972 [vx:0.0 vy:0.0 yaw:-2.62995382707] 
1621676234060 [Update odom] 
1621676234075 [vx:0.0 vy:0.0 yaw:-2.64590231843] 
1621676234160 [Update odom] 
1621676234173 [vx:0.0 vy:0.0 yaw:-2.64719510615] 
1621676234262 [Update odom] 
1621676234281 [vx:0.0 vy:0.0 yaw:-2.64808779726] 
1621676234359 [Update odom] 
1621676234372 [vx:0.0 vy:0.0 yaw:-2.65782640951] 
1621676234462 [Update odom] 
1621676234480 [vx:0.0 vy:0.0 yaw:-2.65406474569] 
1621676234578 [Update odom] 
1621676234588 [vx:0.0 vy:0.0 yaw:-2.64736741397] 
1621676234666 [Update odom] 
1621676234677 [vx:0.0 vy:0.0 yaw:-2.64782535849] 
1621676234760 [Update odom] 
1621676234773 [vx:0.0 vy:0.0 yaw:-2.65330968755] 
1621676234861 [Update odom] 
1621676234881 [vx:0.0 vy:0.0 yaw:-2.66271411002] 
1621676234959 [Update odom] 
1621676234975 [vx:0.0 vy:0.0 yaw:-2.66886414649] 
1621676235059 [Update odom] 
1621676235073 [vx:0.0 vy:0.0 yaw:-2.67491577914] 
1621676235160 [Update odom] 
1621676235174 [vx:0.0 vy:0.0 yaw:-2.67494815611] 
1621676235261 [Update odom] 
1621676235272 [vx:0.0 vy:0.0 yaw:-2.67281359765] 
1621676235360 [Update odom] 
1621676235376 [vx:0.0 vy:0.0 yaw:-2.6852854348] 
1621676235462 [Update odom] 
1621676235474 [vx:0.0 vy:0.0 yaw:-2.69726645249] 
1621676235559 [Update odom] 
1621676235572 [vx:0.0 vy:0.0 yaw:-2.69690036529] 
1621676235659 [Update odom] 
1621676235672 [vx:0.0 vy:0.0 yaw:-2.69276918882] 
1621676235759 [Update odom] 
1621676235772 [vx:0.0 vy:0.0 yaw:-2.67253444114] 
1621676235859 [Update odom] 
1621676235881 [vx:0.0 vy:0.0 yaw:-2.65976666463] 
1621676235959 [Update odom] 
1621676235972 [vx:0.0 vy:0.0 yaw:-2.66038918621] 
1621676236061 [Update odom] 
1621676236072 [vx:0.0 vy:0.0 yaw:-2.65070683478] 
1621676236159 [Update odom] 
1621676236178 [vx:0.0 vy:0.0 yaw:-2.62948192266] 
1621676236260 [Update odom] 
1621676236280 [vx:0.0 vy:0.0 yaw:-2.62415594773] 
1621676236363 [Update odom] 
1621676236381 [vx:0.0 vy:0.0 yaw:-2.63019029829] 
1621676236460 [Update odom] 
1621676236472 [vx:0.0 vy:0.0 yaw:-2.63256741379] 
1621676236560 [Update odom] 
1621676236572 [vx:0.0 vy:0.0 yaw:-2.64161763045] 
1621676236660 [Update odom] 
1621676236672 [vx:0.0 vy:0.0 yaw:-2.65152615978] 
1621676236778 [Update odom] 
1621676236788 [vx:0.0 vy:0.0 yaw:-2.65746697582] 
1621676236861 [Update odom] 
1621676236885 [vx:0.0 vy:0.0 yaw:-2.65797393578] 
1621676236963 [Update odom] 
1621676236981 [vx:0.0 vy:0.0 yaw:-2.63965257154] 
1621676237060 [Update odom] 
1621676237072 [vx:0.0 vy:0.0 yaw:-2.6457458994] 
1621676237160 [Update odom] 
1621676237174 [vx:0.0 vy:0.0 yaw:-2.66045987154] 
1621676237285 [Update odom] 
1621676237328 [vx:0.0 vy:0.0 yaw:-2.67646406726] 
1621676237368 [Update odom] 
1621676237382 [vx:0.0 vy:0.0 yaw:-2.68314305704] 
1621676237470 [Update odom] 
1621676237481 [vx:0.0 vy:0.0 yaw:-2.6792754266] 
1621676237560 [Update odom] 
1621676237573 [vx:0.0 vy:0.0 yaw:-2.67682532086] 
1621676237659 [Update odom] 
1621676237672 [vx:0.0 vy:0.0 yaw:-2.67106338361] 
1621676237760 [Update odom] 
1621676237773 [vx:0.0 vy:0.0 yaw:-2.66875514772] 
1621676237862 [Update odom] 
1621676237880 [vx:0.0 vy:0.0 yaw:-2.66324688582] 
1621676237962 [Update odom] 
1621676237974 [vx:0.0 vy:0.0 yaw:-2.6760641507] 
1621676238062 [Update odom] 
1621676238072 [vx:0.0 vy:0.0 yaw:-2.68480565218] 
1621676238160 [Update odom] 
1621676238172 [vx:0.0 vy:0.0 yaw:-2.70178985577] 
1621676238260 [Update odom] 
1621676238272 [vx:0.0 vy:0.0 yaw:-2.7085548968] 
1621676238360 [Update odom] 
1621676238375 [vx:0.0 vy:0.0 yaw:-2.69585992657] 
1621676238467 [Update odom] 
1621676238480 [vx:0.0 vy:0.0 yaw:-2.68371941913] 
1621676238568 [Update odom] 
1621676238587 [vx:0.0 vy:0.0 yaw:-2.67070970728] 
1621676238660 [Update odom] 
1621676238672 [vx:0.0 vy:0.0 yaw:-2.65007297058] 
1621676238760 [Update odom] 
1621676238774 [vx:0.0 vy:0.0 yaw:-2.64554467633] 
1621676238860 [Update odom] 
1621676238873 [vx:0.0 vy:0.0 yaw:-2.65563514996] 
1621676238960 [Update odom] 
1621676238983 [vx:0.0 vy:0.0 yaw:-2.66372919402] 
1621676239060 [Update odom] 
1621676239074 [vx:0.0 vy:0.0 yaw:-2.65550774631] 
1621676239159 [Update odom] 
1621676239174 [vx:0.0 vy:0.0 yaw:-2.64581706417] 
1621676239268 [Update odom] 
1621676239286 [vx:0.0 vy:0.0 yaw:-2.63897349947] 
1621676239360 [Update odom] 
1621676239372 [vx:0.0 vy:0.0 yaw:-2.63763282236] 
1621676239460 [Update odom] 
1621676239472 [vx:0.0 vy:0.0 yaw:-2.64246294552] 
1621676239565 [Update odom] 
1621676239593 [vx:0.0 vy:0.0 yaw:-2.6483095665] 
1621676239660 [Update odom] 
1621676239672 [vx:0.0 vy:0.0 yaw:-2.66229987759] 
1621676239761 [Update odom] 
1621676239799 [vx:0.0 vy:0.0 yaw:-2.68084825814] 
1621676239865 [Update odom] 
1621676239880 [vx:0.0 vy:0.0 yaw:-2.68477950671] 
1621676239959 [Update odom] 
1621676239977 [vx:0.0 vy:0.0 yaw:-2.68031618039] 
1621676240060 [Update odom] 
1621676240072 [vx:0.0 vy:0.0 yaw:-2.67990444124] 
1621676240174 [Update odom] 
1621676240184 [vx:0.0 vy:0.0 yaw:-2.67622225938] 
1621676240260 [Update odom] 
1621676240272 [vx:0.0 vy:0.0 yaw:-2.6699522567] 
1621676240363 [Update odom] 
1621676240376 [vx:0.0 vy:0.0 yaw:-2.66611670948] 
1621676240460 [Update odom] 
1621676240472 [vx:0.0 vy:0.0 yaw:-2.65553141033] 
1621676240559 [Update odom] 
1621676240571 [vx:0.0 vy:0.0 yaw:-2.65984220084] 
1621676240660 [Update odom] 
1621676240672 [vx:0.0 vy:0.0 yaw:-2.66685090238] 
1621676240760 [Update odom] 
1621676240772 [vx:0.0 vy:0.0 yaw:-2.66831714777] 
1621676240859 [Update odom] 
1621676240872 [vx:0.0 vy:0.0 yaw:-2.65790813112] 
1621676240960 [Update odom] 
1621676240972 [vx:0.0 vy:0.0 yaw:-2.66019613271] 
1621676241060 [Update odom] 
1621676241072 [vx:0.0 vy:0.0 yaw:-2.66102066957] 
1621676241161 [Update odom] 
1621676241172 [vx:0.0 vy:0.0 yaw:-2.65104445834] 
1621676241260 [Update odom] 
1621676241272 [vx:0.0 vy:0.0 yaw:-2.63970879428] 
1621676241370 [Update odom] 
1621676241404 [vx:0.0 vy:0.0 yaw:-2.61118860284] 
1621676241460 [Update odom] 
1621676241472 [vx:0.0 vy:0.0 yaw:-2.60141402997] 
1621676241560 [Update odom] 
1621676241576 [vx:0.0 vy:0.0 yaw:-2.58929158389] 
1621676241660 [Update odom] 
1621676241676 [vx:0.0 vy:0.0 yaw:-2.5947099096] 
1621676241759 [Update odom] 
1621676241772 [vx:0.0 vy:0.0 yaw:-2.60402857941] 
1621676241859 [Update odom] 
1621676241873 [vx:0.0 vy:0.0 yaw:-2.61649560129] 
1621676241959 [Update odom] 
1621676241972 [vx:0.0 vy:0.0 yaw:-2.62562814345] 
1621676242060 [Update odom] 
1621676242072 [vx:0.0 vy:0.0 yaw:-2.62896962904] 
1621676242163 [Update odom] 
1621676242176 [vx:0.0 vy:0.0 yaw:-2.63528754146] 
1621676242259 [Update odom] 
1621676242272 [vx:0.0 vy:0.0 yaw:-2.63795473848] 
1621676242360 [Update odom] 
1621676242372 [vx:0.0 vy:0.0 yaw:-2.634