1622389109373 [Opening serial port: /dev/ttyTHS1.] 
1622389109678 [The robot is connected to ] [/dev/ttyTHS1] 
1622389109679 [Initial robot's topic...] 
1622389109694 [Start initializing navigation] 
1622389109694 [Start initializing navigation topic] 
1622389109747 [Initialization navigation topic finished] 
1622389109755 [Initialization navigation finished] 
1622389109818 [vl:0.0 vr:0.0 yaw:0.0] 
1622389109870 [vl:0.0 vr:0.0 yaw:0.0] 
1622389109918 [vl:0.0 vr:0.0 yaw:0.0] 
1622389109970 [vl:0.0 vr:0.0 yaw:0.0] 
1622389110019 [vl:0.0 vr:0.0 yaw:0.0] 
1622389110070 [vl:0.0 vr:0.0 yaw:0.0] 
1622389110119 [vl:0.0 vr:0.0 yaw:0.0] 
1622389110170 [vl:0.0 vr:0.0 yaw:0.0] 
1622389110219 [vl:0.0 vr:0.0 yaw:0.0] 
1622389110271 [vl:0.0 vr:0.0 yaw:0.0] 
1622389110320 [vl:0.0 vr:0.0 yaw:0.0] 
1622389110370 [vl:0.0 vr:0.0 yaw:0.0] 
1622389110423 [vl:0.0 vr:0.0 yaw:0.0] 
1622389110470 [vl:0.0 vr:0.0 yaw:0.0] 
1622389110518 [vl:0.0 vr:0.0 yaw:0.0] 
1622389110570 [vl:0.0 vr:0.0 yaw:0.0] 
1622389110628 [vl:0.0 vr:0.0 yaw:0.0] 
1622389110670 [vl:0.0 vr:0.0 yaw:0.0] 
1622389110718 [vl:0.0 vr:0.0 yaw:0.0] 
1622389110774 [vl:0.0 vr:0.0 yaw:0.0] 
1622389110828 [vl:0.0 vr:0.0 yaw:0.0] 
1622389110871 [vl:0.0 vr:0.0 yaw:0.0] 
1622389110919 [vl:0.0 vr:0.0 yaw:0.0] 
1622389110970 [vl:0.0 vr:0.0 yaw:0.0] 
1622389111018 [vl:0.0 vr:0.0 yaw:0.0] 
1622389111070 [vl:0.0 vr:0.0 yaw:0.0] 
1622389111119 [vl:0.0 vr:0.0 yaw:0.0] 
1622389111170 [vl:0.0 vr:0.0 yaw:0.0] 
1622389111219 [vl:0.0 vr:0.0 yaw:0.0] 
1622389111273 [vl:0.0 vr:0.0 yaw:0.0] 
1622389111323 [vl:0.0 vr:0.0 yaw:0.0] 
1622389111370 [vl:0.0 vr:0.0 yaw:0.0] 
1622389111418 [vl:0.0 vr:0.0 yaw:0.0] 
1622389111474 [vl:0.0 vr:0.0 yaw:0.0] 
1622389111518 [vl:0.0 vr:0.0 yaw:0.0] 
1622389111571 [vl:0.0 vr:0.0 yaw:0.0] 
1622389111620 [vl:0.0 vr:0.0 yaw:0.0] 
1622389111674 [vl:0.0 vr:0.0 yaw:0.0] 
1622389111722 [vl:0.0 vr:0.0 yaw:0.0] 
1622389111770 [vl:0.0 vr:0.0 yaw:0.0] 
1622389111818 [vl:0.0 vr:0.0 yaw:0.0] 
1622389111870 [vl:0.0 vr:0.0 yaw:0.0] 
1622389111919 [vl:0.0 vr:0.0 yaw:0.0] 
1622389111970 [vl:0.0 vr:0.0 yaw:0.0] 
1622389112018 [vl:0.0 vr:0.0 yaw:0.0] 
1622389112070 [vl:0.0 vr:0.0 yaw:0.0] 
1622389112118 [vl:0.0 vr:0.0 yaw:0.0] 
1622389112170 [vl:0.0 vr:0.0 yaw:0.0] 
1622389112226 [vl:0.0 vr:0.0 yaw:0.0] 
1622389112270 [vl:0.0 vr:0.0 yaw:0.0] 
1622389112319 [vl:0.0 vr:0.0 yaw:0.0] 
1622389112370 [vl:0.0 vr:0.0 yaw:0.0] 
1622389112419 [vl:0.0 vr:0.0 yaw:0.0] 
1622389112470 [vl:0.0 vr:0.0 yaw:0.0] 
1622389112518 [vl:0.0 vr:0.0 yaw:0.0] 
1622389112570 [vl:0.0 vr:0.0 yaw:0.0] 
1622389112618 [vl:0.0 vr:0.0 yaw:0.0] 
1622389112670 [vl:0.0 vr:0.0 yaw:0.0] 
1622389112718 [vl:0.0 vr:0.0 yaw:0.0] 
1622389112770 [vl:0.0 vr:0.0 yaw:0.0] 
1622389112818 [vl:0.0 vr:0.0 yaw:0.0] 
1622389112871 [vl:0.0 vr:0.0 yaw:0.0] 
1622389112918 [vl:0.0 vr:0.0 yaw:0.0] 
1622389112970 [vl:0.0 vr:0.0 yaw:0.0] 
1622389113018 [vl:0.0 vr:0.0 yaw:0.0] 
1622389113070 [vl:0.0 vr:0.0 yaw:0.0] 
1622389113125 [vl:0.0 vr:0.0 yaw:0.0] 
1622389113171 [vl:0.0 vr:0.0 yaw:0.0] 
1622389113222 [vl:0.0 vr:0.0 yaw:0.0] 
1622389113270 [vl:0.0 vr:0.0 yaw:0.0] 
1622389113319 [vl:0.0 vr:0.0 yaw:0.0] 
1622389113374 [vl:0.0 vr:0.0 yaw:0.0] 
1622389113419 [vl:0.0 vr:0.0 yaw:0.0] 
1622389113470 [vl:0.0 vr:0.0 yaw:0.0] 
1622389113519 [vl:0.0 vr:0.0 yaw:0.0] 
1622389113570 [vl:0.0 vr:0.0 yaw:0.0] 
1622389113623 [vl:0.0 vr:0.0 yaw:0.0] 
1622389113670 [vl:0.0 vr:0.0 yaw:0.0] 
1622389113723 [vl:0.0 vr:0.0 yaw:0.0] 
1622389113784 [vl:0.0 vr:0.0 yaw:0.0] 
1622389113823 [vl:0.0 vr:0.0 yaw:0.0] 
1622389113870 [vl:0.0 vr:0.0 yaw:0.0] 
1622389113918 [vl:0.0 vr:0.0 yaw:0.0] 
1622389113974 [vl:0.0 vr:0.0 yaw:0.0] 
1622389114018 [vl:0.0 vr:0.0 yaw:0.0] 
1622389114089 [vl:0.0 vr:0.0 yaw:0.0] 
1622389114118 [vl:0.0 vr:0.0 yaw:0.0] 
1622389114170 [vl:0.0 vr:0.0 yaw:0.0] 
1622389114218 [vl:0.0 vr:0.0 yaw:0.0] 
1622389114270 [vl:0.0 vr:0.0 yaw:0.0] 
1622389114323 [vl:0.0 vr:0.0 yaw:0.0] 
1622389114371 [vl:0.0 vr:0.0 yaw:0.0] 
1622389114426 [vl:0.0 vr:0.0 yaw:0.0] 
1622389114473 [vl:0.0 vr:0.0 yaw:0.0] 
1622389114522 [vl:0.0 vr:0.0 yaw:0.0] 
1622389114570 [vl:0.0 vr:0.0 yaw:0.0] 
1622389114627 [vl:0.0 vr:0.0 yaw:0.0] 
1622389114683 [vl:0.0 vr:0.0 yaw:0.0] 
1622389114720 [vl:0.0 vr:0.0 yaw:0.0] 
1622389114793 [vl:0.0 vr:0.0 yaw:0.0] 
1622389114823 [vl:0.0 vr:0.0 yaw:0.0] 
1622389114871 [vl:0.0 vr:0.0 yaw:0.0] 
1622389114922 [vl:0.0 vr:0.0 yaw:0.0] 
1622389114974 [vl:0.0 vr:0.0 yaw:0.0] 
1622389115027 [vl:0.0 vr:0.0 yaw:0.0] 
1622389115078 [vl:0.0 vr:0.0 yaw:0.0] 
1622389115127 [vl:0.0 vr:0.0 yaw:0.0] 
1622389115174 [vl:0.0 vr:0.0 yaw:0.0] 
1622389115219 [vl:0.0 vr:0.0 yaw:0.0] 
1622389115274 [vl:0.0 vr:0.0 yaw:0.0] 
1622389115322 [vl:0.0 vr:0.0 yaw:0.0] 
1622389115371 [vl:0.0 vr:0.0 yaw:0.0] 
1622389115422 [vl:0.0 vr:0.0 yaw:0.0] 
1622389115470 [vl:0.0 vr:0.0 yaw:0.0] 
1622389115518 [vl:0.0 vr:0.0 yaw:0.0] 
1622389115573 [vl:0.0 vr:0.0 yaw:0.0] 
1622389115630 [vl:0.0 vr:0.0 yaw:0.0] 
1622389115670 [vl:0.0 vr:0.0 yaw:0.0] 
1622389115718 [vl:0.0 vr:0.0 yaw:0.0] 
1622389115770 [vl:0.0 vr:0.0 yaw:0.0] 
1622389115825 [vl:0.0 vr:0.0 yaw:0.0] 
1622389115874 [vl:0.0 vr:0.0 yaw:0.0] 
1622389115927 [vl:0.0 vr:0.0 yaw:0.0] 
1622389115978 [vl:0.0 vr:0.0 yaw:0.0] 
1622389116033 [vl:0.0 vr:0.0 yaw:0.0] 
1622389116070 [vl:0.0 vr:0.0 yaw:0.0] 
1622389116119 [vl:0.0 vr:0.0 yaw:0.0] 
1622389116170 [vl:0.0 vr:0.0 yaw:0.0] 
1622389116218 [vl:0.0 vr:0.0 yaw:0.0] 
1622389116270 [vl:0.0 vr:0.0 yaw:0.0] 
1622389116318 [vl:0.0 vr:0.0 yaw:0.0] 
1622389116370 [vl:0.0 vr:0.0 yaw:0.0] 
1622389116424 [vl:0.0 vr:0.0 yaw:0.0] 
1622389116469 [vl:0.0 vr:0.0 yaw:0.0] 
1622389116529 [vl:0.0 vr:0.0 yaw:0.0] 
1622389116570 [vl:0.0 vr:0.0 yaw:0.0] 
1622389116618 [vl:0.0 vr:0.0 yaw:0.0] 
1622389116670 [vl:0.0 vr:0.0 yaw:0.0] 
1622389116725 [vl:0.0 vr:0.0 yaw:0.0] 
1622389116776 [vl:0.0 vr:0.0 yaw:0.0] 
1622389116831 [vl:0.0 vr:0.0 yaw:0.0] 
1622389116870 [vl:0.0 vr:0.0 yaw:0.0] 
1622389116918 [vl:0.0 vr:0.0 yaw:0.0] 
1622389116970 [vl:0.0 vr:0.0 yaw:0.0] 
1622389117018 [vl:0.0 vr:0.0 yaw:0.0] 
1622389117079 [vl:0.0 vr:0.0 yaw:0.0] 
1622389117118 [vl:0.0 vr:0.0 yaw:0.0] 
1622389117175 [vl:0.0 vr:0.0 yaw:0.0] 
1622389117223 [vl:0.0 vr:0.0 yaw:0.0] 
1622389117270 [vl:0.0 vr:0.0 yaw:0.0] 
1622389117319 [vl:0.0 vr:0.0 yaw:0.0] 
1622389117371 [vl:0.0 vr:0.0 yaw:0.0] 
1622389117421 [vl:0.0 vr:0.0 yaw:0.0] 
1622389117479 [vl:0.0 vr:0.0 yaw:0.0] 
1622389117522 [vl:0.0 vr:0.0 yaw:0.0] 
1622389117570 [vl:0.0 vr:0.0 yaw:0.0] 
1622389117618 [vl:0.0 vr:0.0 yaw:0.0] 
1622389117675 [vl:0.0 vr:0.0 yaw:0.0] 
1622389117714 [vl:0.0 vr:0.0 yaw:0.0] 
1622389117774 [vl:0.0 vr:0.0 yaw:0.0] 
1622389117819 [vl:0.0 vr:0.0 yaw:0.0] 
1622389117874 [vl:0.0 vr:0.0 yaw:0.0] 
1622389117918 [vl:0.0 vr:0.0 yaw:0.0] 
1622389117974 [vl:0.0 vr:0.0 yaw:0.0] 
1622389118023 [vl:0.0 vr:0.0 yaw:0.0] 
1622389118070 [vl:0.0 vr:0.0 yaw:0.0] 
1622389118118 [vl:0.0 vr:0.0 yaw:0.0] 
1622389118170 [vl:0.0 vr:0.0 yaw:0.0] 
1622389118218 [vl:0.0 vr:0.0 yaw:0.0] 
1622389118272 [vl:0.0 vr:0.0 yaw:0.0] 
1622389118327 [vl:0.0 vr:0.0 yaw:0.0] 
1622389118371 [vl:0.0 vr:0.0 yaw:0.0] 
1622389118418 [vl:0.0 vr:0.0 yaw:0.0] 
1622389118476 [vl:0.0 vr:0.0 yaw:0.0] 
1622389118518 [vl:0.0 vr:0.0 yaw:0.0] 
1622389118578 [vl:0.0 vr:0.0 yaw:0.0] 
1622389118622 [vl:0.0 vr:0.0 yaw:0.0] 
1622389118669 [vl:0.0 vr:0.0 yaw:0.0] 
1622389118720 [vl:0.0 vr:0.0 yaw:0.0] 
1622389118769 [vl:0.0 vr:0.0 yaw:0.0] 
1622389118818 [vl:0.0 vr:0.0 yaw:0.0] 
1622389118874 [vl:0.0 vr:0.0 yaw:0.0] 
1622389118918 [vl:0.0 vr:0.0 yaw:0.0] 
1622389118970 [vl:0.0 vr:0.0 yaw:0.0] 
1622389119018 [vl:0.0 vr:0.0 yaw:0.0] 
1622389119070 [vl:0.0 vr:0.0 yaw:0.0] 
1622389119118 [vl:0.0 vr:0.0 yaw:0.0] 
1622389119170 [vl:0.0 vr:0.0 yaw:0.0] 
1622389119224 [vl:0.0 vr:0.0 yaw:0.0] 
1622389119270 [vl:0.0 vr:0.0 yaw:0.0] 
1622389119318 [vl:0.0 vr:0.0 yaw:0.0] 
1622389119377 [vl:0.0 vr:0.0 yaw:0.0] 
1622389119428 [vl:0.0 vr:0.0 yaw:0.0] 
1622389119470 [vl:0.0 vr:0.0 yaw:0.0] 
1622389119530 [vl:0.0 vr:0.0 yaw:0.0] 
1622389119571 [vl:0.0 vr:0.0 yaw:0.0] 
1622389119619 [vl:0.0 vr:0.0 yaw:0.0] 
1622389119670 [vl:0.0 vr:0.0 yaw:0.0] 
1622389119719 [vl:0.0 vr:0.0 yaw:0.0] 
1622389119775 [vl:0.0 vr:0.0 yaw:0.0] 
1622389119819 [vl:0.0 vr:0.0 yaw:0.0] 
1622389119870 [vl:0.0 vr:0.0 yaw:0.0] 
1622389119918 [vl:0.0 vr:0.0 yaw:0.0] 
1622389119970 [vl:0.0 vr:0.0 yaw:0.0] 
1622389120018 [vl:0.0 vr:0.0 yaw:0.0] 
1622389120073 [vl:0.0 vr:0.0 yaw:0.0] 
1622389120122 [vl:0.0 vr:0.0 yaw:0.0] 
1622389120180 [vl:0.0 vr:0.0 yaw:0.0] 
1622389120219 [vl:0.0 vr:0.0 yaw:0.0] 
1622389120271 [vl:0.0 vr:0.0 yaw:0.0] 
1622389120318 [vl:0.0 vr:0.0 yaw:0.0] 
1622389120375 [vl:0.0 vr:0.0 yaw:0.0] 
1622389120438 [vl:0.0 vr:0.0 yaw:0.0] 
1622389120479 [vl:0.0 vr:0.0 yaw:0.0] 
1622389120515 [vl:0.0 vr:0.0 yaw:0.0] 
1622389120579 [vl:0.0 vr:0.0 yaw:0.0] 
1622389120618 [vl:0.0 vr:0.0 yaw:0.0] 
1622389120671 [vl:0.0 vr:0.0 yaw:0.0] 
1622389120720 [vl:0.0 vr:0.0 yaw:0.0] 
1622389120779 [vl:0.0 vr:0.0 yaw:0.0] 
1622389120819 [vl:0.0 vr:0.0 yaw:0.0] 
1622389120874 [vl:0.0 vr:0.0 yaw:0.0] 
1622389120913 [vl:0.0 vr:0.0 yaw:0.0] 
1622389120971 [vl:0.0 vr:0.0 yaw:0.0] 
1622389121025 [vl:0.0 vr:0.0 yaw:0.0] 
1622389121073 [vl:0.0 vr:0.0 yaw:0.0] 
1622389121118 [vl:0.0 vr:0.0 yaw:0.0] 
1622389121171 [vl:0.0 vr:0.0 yaw:0.0] 
1622389121219 [vl:0.0 vr:0.0 yaw:0.0] 
1622389121272 [vl:0.0 vr:0.0 yaw:0.0] 
1622389121317 [vl:0.0 vr:0.0 yaw:0.0] 
1622389121377 [vl:0.0 vr:0.0 yaw:0.0] 
1622389121423 [vl:0.0 vr:0.0 yaw:0.0] 
1622389121470 [vl:0.0 vr:0.0 yaw:0.0] 
1622389121525 [vl:0.0 vr:0.0 yaw:0.0] 
1622389121576 [vl:0.0 vr:0.0 yaw:0.0] 
1622389121618 [vl:0.0 vr:0.0 yaw:0.0] 
1622389121670 [vl:0.0 vr:0.0 yaw:0.0] 
1622389121728 [vl:0.0 vr:0.0 yaw:0.0] 
1622389121776 [vl:0.0 vr:0.0 yaw:0.0] 
1622389121820 [vl:0.0 vr:0.0 yaw:0.0] 
1622389121870 [vl:0.0 vr:0.0 yaw:0.0] 
1622389121918 [vl:0.0 vr:0.0 yaw:0.0] 
1622389121980 [vl:0.0 vr:0.0 yaw:0.0] 
1622389122018 [vl:0.0 vr:0.0 yaw:0.0] 
1622389122070 [vl:0.0 vr:0.0 yaw:0.0] 
1622389122118 [vl:0.0 vr:0.0 yaw:0.0] 
1622389122171 [vl:0.0 vr:0.0 yaw:0.0] 
1622389122219 [vl:0.0 vr:0.0 yaw:0.0] 
1622389122279 [vl:0.0 vr:0.0 yaw:0.0] 
1622389122319 [vl:0.0 vr:0.0 yaw:0.0] 
1622389122385 [vl:0.0 vr:0.0 yaw:0.0] 
1622389122418 [vl:0.0 vr:0.0 yaw:0.0] 
1622389122474 [vl:0.0 vr:0.0 yaw:0.0] 
1622389122519 [vl:0.0 vr:0.0 yaw:0.0] 
1622389122570 [vl:0.0 vr:0.0 yaw:0.0] 
1622389122618 [vl:0.0 vr:0.0 yaw:0.0] 
1622389122670 [vl:0.0 vr:0.0 yaw:0.0] 
1622389122718 [vl:0.0 vr:0.0 yaw:0.0] 
1622389122770 [vl:0.0 vr:0.0 yaw:0.0] 
1622389122818 [vl:0.0 vr:0.0 yaw:0.0] 
1622389122870 [vl:0.0 vr:0.0 yaw:0.0] 
1622389122919 [vl:0.0 vr:0.0 yaw:0.0] 
1622389122970 [vl:0.0 vr:0.0 yaw:0.0] 
1622389123019 [vl:0.0 vr:0.0 yaw:0.0] 
1622389123067 [vl:0.0 vr:0.0 yaw:0.0] 
1622389123131 [vl:0.0 vr:0.0 yaw:0.0] 
1622389123170 [vl:0.0 vr:0.0 yaw:0.0] 
1622389123227 [vl:0.0 vr:0.0 yaw:0.0] 
1622389123270 [vl:0.0 vr:0.0 yaw:0.0] 
1622389123318 [vl:0.0 vr:0.0 yaw:0.0] 
1622389123370 [vl:0.0 vr:0.0 yaw:0.0] 
1622389123432 [vl:0.0 vr:0.0 yaw:0.0] 
1622389123471 [vl:0.0 vr:0.0 yaw:0.0] 
1622389123519 [vl:0.0 vr:0.0 yaw:0.0] 
1622389123575 [vl:0.0 vr:0.0 yaw:0.0] 
1622389123618 [vl:0.0 vr:0.0 yaw:0.0] 
1622389123670 [vl:0.0 vr:0.0 yaw:0.0] 
1622389123723 [vl:0.0 vr:0.0 yaw:0.0] 
1622389123770 [vl:0.0 vr:0.0 yaw:0.0] 
1622389123826 [vl:0.0 vr:0.0 yaw:0.0] 
1622389123874 [vl:0.0 vr:0.0 yaw:0.0] 
1622389123927 [vl:0.0 vr:0.0 yaw:0.0] 
1622389123974 [vl:0.0 vr:0.0 yaw:0.0] 
1622389124018 [vl:0.0 vr:0.0 yaw:0.0] 
1622389124074 [vl:0.0 vr:0.0 yaw:0.0] 
1622389124114 [vl:0.0 vr:0.0 yaw:0.0] 
1622389124176 [vl:0.0 vr:0.0 yaw:0.0] 
1622389124218 [vl:0.0 vr:0.0 yaw:0.0] 
1622389124271 [vl:0.0 vr:0.0 yaw:0.0] 
1622389124323 [vl:0.0 vr:0.0 yaw:0.0] 
1622389124375 [vl:0.0 vr:0.0 yaw:0.0] 
1622389124429 [vl:0.0 vr:0.0 yaw:0.0] 
1622389124474 [vl:0.0 vr:0.0 yaw:0.0] 
1622389124518 [vl:0.0 vr:0.0 yaw:0.0] 
1622389124575 [vl:0.0 vr:0.0 yaw:0.0] 
1622389124618 [vl:0.0 vr:0.0 yaw:0.0] 
1622389124675 [vl:0.0 vr:0.0 yaw:0.0] 
1622389124722 [vl:0.0 vr:0.0 yaw:0.0] 
1622389124786 [vl:0.0 vr:0.0 yaw:0.0] 
1622389124819 [vl:0.0 vr:0.0 yaw:0.0] 
1622389124874 [vl:0.0 vr:0.0 yaw:0.0] 
1622389124918 [vl:0.0 vr:0.0 yaw:0.0] 
1622389124976 [vl:0.0 vr:0.0 yaw:0.0] 
1622389125019 [vl:0.0 vr:0.0 yaw:0.0] 
1622389125070 [vl:0.0 vr:0.0 yaw:0.0] 
1622389125118 [vl:0.0 vr:0.0 yaw:0.0] 
1622389125169 [vl:0.0 vr:0.0 yaw:0.0] 
1622389125218 [vl:0.0 vr:0.0 yaw:0.0] 
1622389125271 [vl:0.0 vr:0.0 yaw:0.0] 
1622389125322 [vl:0.0 vr:0.0 yaw:0.0] 
1622389125370 [vl:0.0 vr:0.0 yaw:0.0] 
1622389125426 [vl:0.0 vr:0.0 yaw:0.0] 
1622389125470 [vl:0.0 vr:0.0 yaw:0.0] 
1622389125539 [vl:0.0 vr:0.0 yaw:0.0] 
1622389125574 [vl:0.0 vr:0.0 yaw:0.0] 
1622389125617 [vl:0.0 vr:0.0 yaw:0.0] 
1622389125674 [vl:0.0 vr:0.0 yaw:0.0] 
1622389125717 [vl:0.0 vr:0.0 yaw:0.0] 
1622389125777 [vl:0.0 vr:0.0 yaw:0.0] 
1622389125823 [vl:0.0 vr:0.0 yaw:0.0] 
1622389125864 [vl:0.0 vr:0.0 yaw:0.0] 
1622389125923 [vl:0.0 vr:0.0 yaw:0.0] 
1622389125974 [vl:0.0 vr:0.0 yaw:0.0] 
1622389126019 [vl:0.0 vr:0.0 yaw:0.0] 
1622389126074 [vl:0.0 vr:0.0 yaw:0.0] 
1622389126118 [vl:0.0 vr:0.0 yaw:0.0] 
1622389126182 [vl:0.0 vr:0.0 yaw:0.0] 
1622389126218 [vl:0.0 vr:0.0 yaw:0.0] 
1622389126279 [vl:0.0 vr:0.0 yaw:0.0] 
1622389126324 [vl:0.0 vr:0.0 yaw:0.0] 
1622389126371 [vl:0.0 vr:0.0 yaw:0.0] 
1622389126462 [vl:0.0 vr:0.0 yaw:0.0] 
1622389126476 [vl:0.0 vr:0.0 yaw:0.0] 
1622389126518 [vl:0.0 vr:0.0 yaw:0.0] 
1622389126574 [vl:0.0 vr:0.0 yaw:0.0] 
1622389126623 [vl:0.0 vr:0.0 yaw:0.0] 
1622389126678 [vl:0.0 vr:0.0 yaw:0.0] 
1622389126718 [vl:0.0 vr:0.0 yaw:0.0] 
1622389126774 [vl:0.0 vr:0.0 yaw:0.0] 
1622389126823 [vl:0.0 vr:0.0 yaw:0.0] 
1622389126862 [vl:0.0 vr:0.0 yaw:0.0] 
1622389126927 [vl:0.0 vr:0.0 yaw:0.0] 
1622389126973 [vl:0.0 vr:0.0 yaw:0.0] 
1622389127022 [vl:0.0 vr:0.0 yaw:0.0] 
1622389127071 [vl:0.0 vr:0.0 yaw:0.0] 
1622389127134 [vl:0.0 vr:0.0 yaw:0.0] 
1622389127180 [vl:0.0 vr:0.0 yaw:0.0] 
1622389127225 [vl:0.0 vr:0.0 yaw:0.0] 
1622389127270 [vl:0.0 vr:0.0 yaw:0.0] 
1622389127332 [vl:0.0 vr:0.0 yaw:0.0] 
1622389127387 [vl:0.0 vr:0.0 yaw:0.0] 
1622389127418 [vl:0.0 vr:0.0 yaw:0.0] 
1622389127475 [vl:0.0 vr:0.0 yaw:0.0] 
1622389127519 [vl:0.0 vr:0.0 yaw:0.0] 
1622389127570 [vl:0.0 vr:0.0 yaw:0.0] 
1622389127630 [vl:0.0 vr:0.0 yaw:0.0] 
1622389127671 [vl:0.0 vr:0.0 yaw:0.0] 
1622389127723 [vl:0.0 vr:0.0 yaw:0.0] 
1622389127796 [vl:0.0 vr:0.0 yaw:0.0] 
1622389127824 [vl:0.0 vr:0.0 yaw:0.0] 
1622389127874 [vl:0.0 vr:0.0 yaw:0.0] 
1622389127919 [vl:0.0 vr:0.0 yaw:0.0] 
1622389127979 [vl:0.0 vr:0.0 yaw:0.0] 
1622389128022 [vl:0.0 vr:0.0 yaw:0.0] 
1622389128071 [vl:0.0 vr:0.0 yaw:0.0] 
1622389128136 [vl:0.0 vr:0.0 yaw:0.0] 
1622389128174 [vl:0.0 vr:0.0 yaw:0.0] 
1622389128226 [vl:0.0 vr:0.0 yaw:0.0] 
1622389128270 [vl:0.0 vr:0.0 yaw:0.0] 
1622389128319 [vl:0.0 vr:0.0 yaw:0.0] 
1622389128383 [vl:0.0 vr:0.0 yaw:0.0] 
1622389128438 [vl:0.0 vr:0.0 yaw:0.0] 
1622389128479 [vl:0.0 vr:0.0 yaw:0.0] 
1622389128523 [vl:0.0 vr:0.0 yaw:0.0] 
1622389128580 [vl:0.0 vr:0.0 yaw:0.0] 
1622389128617 [vl:0.0 vr:0.0 yaw:0.0] 
1622389128696 [vl:0.0 vr:0.0 yaw:0.0] 
1622389128718 [vl:0.0 vr:0.0 yaw:0.0] 
1622389128778 [vl:0.0 vr:0.0 yaw:0.0] 
1622389128820 [vl:0.0 vr:0.0 yaw:0.0] 
1622389128870 [vl:0.0 vr:0.0 yaw:0.0] 
1622389128928 [vl:0.0 vr:0.0 yaw:0.0] 
1622389128971 [vl:0.0 vr:0.0 yaw:0.0] 
1622389129018 [vl:0.0 vr:0.0 yaw:0.0] 
1622389129070 [vl:0.0 vr:0.0 yaw:0.0] 
1622389129123 [vl:0.0 vr:0.0 yaw:0.0] 
1622389129174 [vl:0.0 vr:0.0 yaw:0.0] 
1622389129226 [vl:0.0 vr:0.0 yaw:0.0] 
1622389129270 [vl:0.0 vr:0.0 yaw:0.0] 
1622389129322 [vl:0.0 vr:0.0 yaw:0.0] 
1622389129371 [vl:0.0 vr:0.0 yaw:0.0] 
1622389129426 [vl:0.0 vr:0.0 yaw:0.0] 
1622389129470 [vl:0.0 vr:0.0 yaw:0.0] 
1622389129519 [vl:0.0 vr:0.0 yaw:0.0] 
1622389129577 [vl:0.0 vr:0.0 yaw:0.0] 
1622389129643 [vl:0.0 vr:0.0 yaw:0.0] 
1622389129671 [vl:0.0 vr:0.0 yaw:0.0] 
1622389129732 [vl:0.0 vr:0.0 yaw:0.0] 
1622389129771 [vl:0.0 vr:0.0 yaw:0.0] 
1622389129823 [vl:0.0 vr:0.0 yaw:0.0] 
1622389129872 [vl:0.0 vr:0.0 yaw:0.0] 
1622389129918 [vl:0.0 vr:0.0 yaw:0.0] 
1622389129991 [vl:0.0 vr:0.0 yaw:0.0] 
1622389130018 [vl:0.0 vr:0.0 yaw:0.0] 
1622389130076 [vl:0.0 vr:0.0 yaw:0.0] 
1622389130119 [vl:0.0 vr:0.0 yaw:0.0] 
1622389130174 [vl:0.0 vr:0.0 yaw:0.0] 
1622389130223 [vl:0.0 vr:0.0 yaw:0.0] 
1622389130270 [vl:0.0 vr:0.0 yaw:0.0] 
1622389130318 [vl:0.0 vr:0.0 yaw:0.0] 
1622389130374 [vl:0.0 vr:0.0 yaw:0.0] 
1622389130426 [vl:0.0 vr:0.0 yaw:0.0] 
1622389130487 [vl:0.0 vr:0.0 yaw:0.0] 
1622389130536 [vl:0.0 vr:0.0 yaw:0.0] 
1622389130570 [vl:0.0 vr:0.0 yaw:0.0] 
1622389130632 [vl:0.0 vr:0.0 yaw:0.0] 
1622389130687 [vl:0.0 vr:0.0 yaw:0.0] 
1622389130718 [vl:0.0 vr:0.0 yaw:0.0] 
1622389130790 [vl:0.0 vr:0.0 yaw:0.0] 
1622389130819 [vl:0.0 vr:0.0 yaw:0.0] 
1622389130871 [vl:0.0 vr:0.0 yaw:0.0] 
1622389130931 [vl:0.0 vr:0.0 yaw:0.0] 
1622389130979 [vl:0.0 vr:0.0 yaw:0.0] 
1622389131018 [vl:0.0 vr:0.0 yaw:0.0] 
1622389131073 [vl:0.0 vr:0.0 yaw:0.0] 
1622389131119 [vl:0.0 vr:0.0 yaw:0.0] 
1622389131187 [vl:0.0 vr:0.0 yaw:0.0] 
1622389131233 [vl:0.0 vr:0.0 yaw:0.0] 
1622389131270 [vl:0.0 vr:0.0 yaw:0.0] 
1622389131329 [vl:0.0 vr:0.0 yaw:0.0] 
1622389131379 [vl:0.0 vr:0.0 yaw:0.0] 
1622389131419 [vl:0.0 vr:0.0 yaw:0.0] 
1622389131474 [vl:0.0 vr:0.0 yaw:0.0] 
1622389131517 [vl:0.0 vr:0.0 yaw:0.0] 
1622389131571 [vl:0.0 vr:0.0 yaw:0.0] 
1622389131619 [vl:0.0 vr:0.0 yaw:0.0] 
1622389131673 [vl:0.0 vr:0.0 yaw:0.0] 
1622389131718 [vl:0.0 vr:0.0 yaw:0.0] 
1622389131770 [vl:0.0 vr:0.0 yaw:0.0] 
1622389131822 [vl:0.0 vr:0.0 yaw:0.0] 
1622389131869 [vl:0.0 vr:0.0 yaw:0.0] 
1622389131930 [vl:0.0 vr:0.0 yaw:0.0] 
1622389131975 [vl:0.0 vr:0.0 yaw:0.0] 
1622389132029 [vl:0.0 vr:0.0 yaw:0.0] 
1622389132075 [vl:0.0 vr:0.0 yaw:0.0] 
1622389132121 [vl:0.0 vr:0.0 yaw:0.0] 
1622389132170 [vl:0.0 vr:0.0 yaw:0.0] 
1622389132218 [vl:0.0 vr:0.0 yaw:0.0] 
1622389132274 [vl:0.0 vr:0.0 yaw:0.0] 
1622389132319 [vl:0.0 vr:0.0 yaw:0.0] 
1622389132374 [vl:0.0 vr:0.0 yaw:0.0] 
1622389132412 [vl:0.0 vr:0.0 yaw:0.0] 
1622389132483 [vl:0.0 vr:0.0 yaw:0.0] 
1622389132518 [vl:0.0 vr:0.0 yaw:0.0] 
1622389132570 [vl:0.0 vr:0.0 yaw:0.0] 
1622389132631 [vl:0.0 vr:0.0 yaw:0.0] 
1622389132678 [vl:0.0 vr:0.0 yaw:0.0] 
1622389132718 [vl:0.0 vr:0.0 yaw:0.0] 
1622389132770 [vl:0.0 vr:0.0 yaw:0.0] 
1622389132831 [vl:0.0 vr:0.0 yaw:0.0] 
1622389132870 [vl:0.0 vr:0.0 yaw:0.0] 
1622389132918 [vl:0.0 vr:0.0 yaw:0.0] 
1622389133007 [vl:0.0 vr:0.0 yaw:0.0] 
1622389133019 [vl:0.0 vr:0.0 yaw:0.0] 
1622389133087 [vl:0.0 vr:0.0 yaw:0.0] 
1622389133134 [vl:0.0 vr:0.0 yaw:0.0] 
1622389133183 [vl:0.0 vr:0.0 yaw:0.0] 
1622389133230 [vl:0.0 vr:0.0 yaw:0.0] 
1622389133274 [vl:0.0 vr:0.0 yaw:0.0] 
1622389133331 [vl:0.0 vr:0.0 yaw:0.0] 
1622389133370 [vl:0.0 vr:0.0 yaw:0.0] 
1622389133418 [vl:0.0 vr:0.0 yaw:0.0] 
1622389133491 [vl:0.0 vr:0.0 yaw:0.0] 
1622389133518 [vl:0.0 vr:0.0 yaw:0.0] 
1622389133570 [vl:0.0 vr:0.0 yaw:0.0] 
1622389133624 [vl:0.0 vr:0.0 yaw:0.0] 
1622389133671 [vl:0.0 vr:0.0 yaw:0.0] 
1622389133718 [vl:0.0 vr:0.0 yaw:0.0] 
1622389133771 [vl:0.0 vr:0.0 yaw:0.0] 
1622389133818 [vl:0.0 vr:0.0 yaw:0.0] 
1622389133874 [vl:0.0 vr:0.0 yaw:0.0] 
1622389133937 [vl:0.0 vr:0.0 yaw:0.0] 
1622389133974 [vl:0.0 vr:0.0 yaw:0.0] 
1622389134064 [vl:0.0 vr:0.0 yaw:0.0] 
1622389134102 [vl:0.0 vr:0.0 yaw:0.0] 
1622389134120 [vl:0.0 vr:0.0 yaw:0.0] 
1622389134186 [vl:0.0 vr:0.0 yaw:0.0] 
1622389134240 [vl:0.0 vr:0.0 yaw:0.0] 
1622389134292 [vl:0.0 vr:0.0 yaw:0.0] 
1622389134317 [vl:0.0 vr:0.0 yaw:0.0] 
1622389134370 [vl:0.0 vr:0.0 yaw:0.0] 
1622389134431 [vl:0.0 vr:0.0 yaw:0.0] 
1622389134471 [vl:0.0 vr:0.0 yaw:0.0] 
1622389134518 [vl:0.0 vr:0.0 yaw:0.0] 
1622389134578 [vl:0.0 vr:0.0 yaw:0.0] 
1622389134619 [vl:0.0 vr:0.0 yaw:0.0] 
1622389134684 [vl:0.0 vr:0.0 yaw:0.0] 
1622389134755 [vl:0.0 vr:0.0 yaw:0.0] 
1622389134777 [vl:0.0 vr:0.0 yaw:0.0] 
1622389134830 [vl:0.0 vr:0.0 yaw:0.0] 
1622389134880 [vl:0.0 vr:0.0 yaw:0.0] 
1622389134918 [vl:0.0 vr:0.0 yaw:0.0] 
1622389134970 [vl:0.0 vr:0.0 yaw:0.0] 
1622389135017 [vl:0.0 vr:0.0 yaw:0.0] 
1622389135079 [vl:0.0 vr:0.0 yaw:0.0] 
1622389135138 [vl:0.0 vr:0.0 yaw:0.0] 
1622389135175 [vl:0.0 vr:0.0 yaw:0.0] 
1622389135226 [vl:0.0 vr:0.0 yaw:0.0] 
1622389135270 [vl:0.0 vr:0.0 yaw:0.0] 
1622389135318 [vl:0.0 vr:0.0 yaw:0.0] 
1622389135370 [vl:0.0 vr:0.0 yaw:0.0] 
1622389135431 [vl:0.0 vr:0.0 yaw:0.0] 
1622389135473 [vl:0.0 vr:0.0 yaw:0.0] 
1622389135523 [vl:0.0 vr:0.0 yaw:0.0] 
1622389135570 [vl:0.0 vr:0.0 yaw:0.0] 
1622389135618 [vl:0.0 vr:0.0 yaw:0.0] 
1622389135672 [vl:0.0 vr:0.0 yaw:0.0] 
1622389135719 [vl:0.0 vr:0.0 yaw:0.0] 
1622389135770 [vl:0.0 vr:0.0 yaw:0.0] 
1622389135818 [vl:0.0 vr:0.0 yaw:0.0] 
1622389135883 [vl:0.0 vr:0.0 yaw:0.0] 
1622389135920 [vl:0.0 vr:0.0 yaw:0.0] 
1622389135986 [vl:0.0 vr:0.0 yaw:0.0] 
1622389136019 [vl:0.0 vr:0.0 yaw:0.0] 
1622389136086 [vl:0.0 vr:0.0 yaw:0.0] 
1622389136142 [vl:0.0 vr:0.0 yaw:0.0] 
1622389136171 [vl:0.0 vr:0.0 yaw:0.0] 
1622389136219 [vl:0.0 vr:0.0 yaw:0.0] 
1622389136269 [vl:0.0 vr:0.0 yaw:0.0] 
1622389136326 [vl:0.0 vr:0.0 yaw:0.0] 
1622389136374 [vl:0.0 vr:0.0 yaw:0.0] 
1622389136423 [vl:0.0 vr:0.0 yaw:0.0] 
1622389136470 [vl:0.0 vr:0.0 yaw:0.0] 
1622389136525 [vl:0.0 vr:0.0 yaw:0.0] 
1622389136575 [vl:0.0 vr:0.0 yaw:0.0] 
1622389136646 [vl:0.0 vr:0.0 yaw:0.0] 
1622389136693 [vl:0.0 vr:0.0 yaw:0.0] 
1622389136755 [vl:0.0 vr:0.0 yaw:0.0] 
1622389136772 [vl:0.0 vr:0.0 yaw:0.0] 
1622389136818 [vl:0.0 vr:0.0 yaw:0.0] 
1622389136874 [vl:0.0 vr:0.0 yaw:0.0] 
1622389136929 [vl:0.0 vr:0.0 yaw:0.0] 
1622389136970 [vl:0.0 vr:0.0 yaw:0.0] 
1622389137034 [vl:0.0 vr:0.0 yaw:0.0] 
1622389137070 [vl:0.0 vr:0.0 yaw:0.0] 
1622389137131 [vl:0.0 vr:0.0 yaw:0.0] 
1622389137186 [vl:0.0 vr:0.0 yaw:0.0] 
1622389137223 [vl:0.0 vr:0.0 yaw:0.0] 
1622389137276 [vl:0.0 vr:0.0 yaw:0.0] 
1622389137326 [vl:0.0 vr:0.0 yaw:0.0] 
1622389137408 [vl:0.0 vr:0.0 yaw:0.0] 
1622389137431 [vl:0.0 vr:0.0 yaw:0.0] 
1622389137475 [vl:0.0 vr:0.0 yaw:0.0] 
1622389137538 [vl:0.0 vr:0.0 yaw:0.0] 
1622389137575 [vl:0.0 vr:0.0 yaw:0.0] 
1622389137626 [vl:0.0 vr:0.0 yaw:0.0] 
1622389137693 [vl:0.0 vr:0.0 yaw:0.0] 
1622389137717 [vl:0.0 vr:0.0 yaw:0.0] 
1622389137776 [vl:0.0 vr:0.0 yaw:0.0] 
1622389137827 [vl:0.0 vr:0.0 yaw:0.0] 
1622389137871 [vl:0.0 vr:0.0 yaw:0.0] 
1622389137923 [vl:0.0 vr:0.0 yaw:0.0] 
1622389137976 [vl:0.0 vr:0.0 yaw:0.0] 
1622389138042 [vl:0.0 vr:0.0 yaw:0.0] 
1622389138079 [vl:0.0 vr:0.0 yaw:0.0] 
1622389138130 [vl:0.0 vr:0.0 yaw:0.0] 
1622389138170 [vl:0.0 vr:0.0 yaw:0.0] 
1622389138227 [vl:0.0 vr:0.0 yaw:0.0] 
1622389138270 [vl:0.0 vr:0.0 yaw:0.0] 
1622389138351 [vl:0.0 vr:0.0 yaw:0.0] 
1622389138388 [vl:0.0 vr:0.0 yaw:0.0] 
1622389138432 [vl:0.0 vr:0.0 yaw:0.0] 
1622389138470 [vl:0.0 vr:0.0 yaw:0.0] 
1622389138536 [vl:0.0 vr:0.0 yaw:0.0] 
1622389138570 [vl:0.0 vr:0.0 yaw:0.0] 
1622389138626 [vl:0.0 vr:0.0 yaw:0.0] 
1622389138670 [vl:0.0 vr:0.0 yaw:0.0] 
1622389138730 [vl:0.0 vr:0.0 yaw:0.0] 
1622389138771 [vl:0.0 vr:0.0 yaw:0.0] 
1622389138822 [vl:0.0 vr:0.0 yaw:0.0] 
1622389138873 [vl:0.0 vr:0.0 yaw:0.0] 
1622389138919 [vl:0.0 vr:0.0 yaw:0.0] 
1622389138971 [vl:0.0 vr:0.0 yaw:0.0] 
1622389139018 [vl:0.0 vr:0.0 yaw:0.0] 
1622389139071 [vl:0.0 vr:0.0 yaw:0.0] 
1622389139123 [vl:0.0 vr:0.0 yaw:0.0] 
1622389139171 [vl:0.0 vr:0.0 yaw:0.0] 
1622389139222 [vl:0.0 vr:0.0 yaw:0.0] 
1622389139270 [vl:0.0 vr:0.0 yaw:0.0] 
1622389139340 [vl:0.0 vr:0.0 yaw:0.0] 
1622389139369 [vl:0.0 vr:0.0 yaw:0.0] 
1622389139418 [vl:0.0 vr:0.0 yaw:0.0] 
1622389139469 [vl:0.0 vr:0.0 yaw:0.0] 
1622389139522 [vl:0.0 vr:0.0 yaw:0.0] 
1622389139570 [vl:0.0 vr:0.0 yaw:0.0] 
1622389139626 [vl:0.0 vr:0.0 yaw:0.0] 
1622389139670 [vl:0.0 vr:0.0 yaw:0.0] 
1622389139718 [vl:0.0 vr:0.0 yaw:0.0] 
1622389139772 [vl:0.0 vr:0.0 yaw:0.0] 
1622389139818 [vl:0.0 vr:0.0 yaw:0.0] 
1622389139873 [vl:0.0 vr:0.0 yaw:0.0] 
1622389139923 [vl:0.0 vr:0.0 yaw:0.0] 
1622389139991 [vl:0.0 vr:0.0 yaw:0.0] 
1622389140026 [vl:0.0 vr:0.0 yaw:0.0] 
1622389140071 [vl:0.0 vr:0.0 yaw:0.0] 
1622389140118 [vl:0.0 vr:0.0 yaw:0.0] 
1622389140169 [vl:0.0 vr:0.0 yaw:0.0] 
1622389140229 [vl:0.0 vr:0.0 yaw:0.0] 
1622389140273 [vl:0.0 vr:0.0 yaw:0.0] 
1622389140319 [vl:0.0 vr:0.0 yaw:0.0] 
1622389140371 [vl:0.0 vr:0.0 yaw:0.0] 
1622389140435 [vl:0.0 vr:0.0 yaw:0.0] 
1622389140470 [vl:0.0 vr:0.0 yaw:0.0] 
1622389140520 [vl:0.0 vr:0.0 yaw:0.0] 
1622389140571 [vl:0.0 vr:0.0 yaw:0.0] 
1622389140623 [vl:0.0 vr:0.0 yaw:0.0] 
1622389140670 [vl:0.0 vr:0.0 yaw:0.0] 
1622389140717 [vl:0.0 vr:0.0 yaw:0.0] 
1622389140773 [vl:0.0 vr:0.0 yaw:0.0] 
1622389140819 [vl:0.0 vr:0.0 yaw:0.0] 
1622389140870 [vl:0.0 vr:0.0 yaw:0.0] 
1622389140924 [vl:0.0 vr:0.0 yaw:0.0] 
1622389140974 [vl:0.0 vr:0.0 yaw:0.0] 
1622389141020 [vl:0.0 vr:0.0 yaw:0.0] 
1622389141076 [vl:0.0 vr:0.0 yaw:0.0] 
1622389141122 [vl:0.0 vr:0.0 yaw:0.0] 
1622389141171 [vl:0.0 vr:0.0 yaw:0.0] 
1622389141220 [vl:0.0 vr:0.0 yaw:0.0] 
1622389141271 [vl:0.0 vr:0.0 yaw:0.0] 
1622389141322 [vl:0.0 vr:0.0 yaw:0.0] 
1622389141370 [vl:0.0 vr:0.0 yaw:0.0] 
1622389141418 [vl:0.0 vr:0.0 yaw:0.0] 
1622389141470 [vl:0.0 vr:0.0 yaw:0.0] 
1622389141524 [vl:0.0 vr:0.0 yaw:0.0] 
1622389141572 [vl:0.0 vr:0.0 yaw:0.0] 
1622389141623 [vl:0.0 vr:0.0 yaw:0.0] 
1622389141676 [vl:0.0 vr:0.0 yaw:0.0] 
1622389141722 [vl:0.0 vr:0.0 yaw:0.0] 
1622389141770 [vl:0.0 vr:0.0 yaw:0.0] 
1622389141819 [vl:0.0 vr:0.0 yaw:0.0] 
1622389141884 [vl:0.0 vr:0.0 yaw:0.0] 
1622389141921 [vl:0.0 vr:0.0 yaw:0.0] 
1622389141972 [vl:0.0 vr:0.0 yaw:0.0] 
1622389142031 [vl:0.0 vr:0.0 yaw:0.0] 
1622389142079 [vl:0.0 vr:0.0 yaw:0.0] 
1622389142126 [vl:0.0 vr:0.0 yaw:0.0] 
1622389142170 [vl:0.0 vr:0.0 yaw:0.0] 
1622389142217 [vl:0.0 vr:0.0 yaw:0.0] 
1622389142283 [vl:0.0 vr:0.0 yaw:0.0] 
1622389142326 [vl:0.0 vr:0.0 yaw:0.0] 
1622389142370 [vl:0.0 vr:0.0 yaw:0.0] 
1622389142428 [vl:0.0 vr:0.0 yaw:0.0] 
1622389142494 [vl:0.0 vr:0.0 yaw:0.0] 
1622389142522 [vl:0.0 vr:0.0 yaw:0.0] 
1622389142589 [vl:0.0 vr:0.0 yaw:0.0] 
1622389142618 [vl:0.0 vr:0.0 yaw:0.0] 
1622389142670 [vl:0.0 vr:0.0 yaw:0.0] 
1622389142726 [vl:0.0 vr:0.0 yaw:0.0] 
1622389142770 [vl:0.0 vr:0.0 yaw:0.0] 
1622389142820 [vl:0.0 vr:0.0 yaw:0.0] 
1622389142874 [vl:0.0 vr:0.0 yaw:0.0] 
1622389142922 [vl:0.0 vr:0.0 yaw:0.0] 
1622389142976 [vl:0.0 vr:0.0 yaw:0.0] 
1622389143022 [vl:0.0 vr:0.0 yaw:0.0] 
1622389143071 [vl:0.0 vr:0.0 yaw:0.0] 
1622389143131 [vl:0.0 vr:0.0 yaw:0.0] 
1622389143170 [vl:0.0 vr:0.0 yaw:0.0] 
1622389143222 [vl:0.0 vr:0.0 yaw:0.0] 
1622389143274 [vl:0.0 vr:0.0 yaw:0.0] 
1622389143333 [vl:0.0 vr:0.0 yaw:0.0] 
1622389143371 [vl:0.0 vr:0.0 yaw:0.0] 
1622389143422 [vl:0.0 vr:0.0 yaw:0.0] 
1622389143470 [vl:0.0 vr:0.0 yaw:0.0] 
1622389143527 [vl:0.0 vr:0.0 yaw:0.0] 
1622389143579 [vl:0.0 vr:0.0 yaw:0.0] 
1622389143626 [vl:0.0 vr:0.0 yaw:0.0] 
1622389143679 [vl:0.0 vr:0.0 yaw:0.0] 
1622389143720 [vl:0.0 vr:0.0 yaw:0.0] 
1622389143770 [vl:0.0 vr:0.0 yaw:0.0] 
1622389143819 [vl:0.0 vr:0.0 yaw:0.0] 
1622389143870 [vl:0.0 vr:0.0 yaw:0.0] 
1622389143922 [vl:0.0 vr:0.0 yaw:0.0] 
1622389143980 [vl:0.0 vr:0.0 yaw:0.0] 
1622389144025 [vl:0.0 vr:0.0 yaw:0.0] 
1622389144074 [vl:0.0 vr:0.0 yaw:0.0] 
1622389144119 [vl:0.0 vr:0.0 yaw:0.0] 
1622389144183 [vl:0.0 vr:0.0 yaw:0.0] 
1622389144222 [vl:0.0 vr:0.0 yaw:0.0] 
1622389144286 [vl:0.0 vr:0.0 yaw:0.0] 
1622389144336 [vl:0.0 vr:0.0 yaw:0.0] 
1622389144370 [vl:0.0 vr:0.0 yaw:0.0] 
1622389144420 [vl:0.0 vr:0.0 yaw:0.0] 
1622389144476 [vl:0.0 vr:0.0 yaw:0.0] 
1622389144519 [vl:0.0 vr:0.0 yaw:0.0] 
1622389144571 [vl:0.0 vr:0.0 yaw:0.0] 
1622389144618 [vl:0.0 vr:0.0 yaw:0.0] 
1622389144674 [vl:0.0 vr:0.0 yaw:0.0] 
1622389144718 [vl:0.0 vr:0.0 yaw:0.0] 
1622389144770 [vl:0.0 vr:0.0 yaw:0.0] 
1622389144817 [vl:0.0 vr:0.0 yaw:0.0] 
1622389144870 [vl:0.0 vr:0.0 yaw:0.0] 
1622389144926 [vl:0.0 vr:0.0 yaw:0.0] 
1622389144973 [vl:0.0 vr:0.0 yaw:0.0] 
1622389145018 [vl:0.0 vr:0.0 yaw:0.0] 
1622389145070 [vl:0.0 vr:0.0 yaw:0.0] 
1622389145118 [vl:0.0 vr:0.0 yaw:0.0] 
1622389145180 [vl:0.0 vr:0.0 yaw:0.0] 
1622389145228 [vl:0.0 vr:0.0 yaw:0.0] 
1622389145270 [vl:0.0 vr:0.0 yaw:0.0] 
1622389145323 [vl:0.0 vr:0.0 yaw:0.0] 
1622389145373 [vl:0.0 vr:0.0 yaw:0.0] 
1622389145444 [vl:0.0 vr:0.0 yaw:0.0] 
1622389145477 [vl:0.0 vr:0.0 yaw:0.0] 
1622389145531 [vl:0.0 vr:0.0 yaw:0.0] 
1622389145570 [vl:0.0 vr:0.0 yaw:0.0] 
1622389145622 [vl:0.0 vr:0.0 yaw:0.0] 
1622389145670 [vl:0.0 vr:0.0 yaw:0.0] 
1622389145718 [vl:0.0 vr:0.0 yaw:0.0] 
1622389145808 [vl:0.0 vr:0.0 yaw:0.0] 
1622389145823 [vl:0.0 vr:0.0 yaw:0.0] 
1622389145896 [vl:0.0 vr:0.0 yaw:0.0] 
1622389145923 [vl:0.0 vr:0.0 yaw:0.0] 
1622389145970 [vl:0.0 vr:0.0 yaw:0.0] 
1622389146018 [vl:0.0 vr:0.0 yaw:0.0] 
1622389146070 [vl:0.0 vr:0.0 yaw:0.0] 
1622389146117 [vl:0.0 vr:0.0 yaw:0.0] 
1622389146180 [vl:0.0 vr:0.0 yaw:0.0] 
1622389146230 [vl:0.0 vr:0.0 yaw:0.0] 
1622389146266 [vl:0.0 vr:0.0 yaw:0.0] 
1622389146322 [vl:0.0 vr:0.0 yaw:0.0] 
1622389146371 [vl:0.0 vr:0.0 yaw:0.0] 
1622389146418 [vl:0.0 vr:0.0 yaw:0.0] 
1622389146469 [vl:0.0 vr:0.0 yaw:0.0] 
1622389146522 [vl:0.0 vr:0.0 yaw:0.0] 
1622389146571 [vl:0.0 vr:0.0 yaw:0.0] 
1622389146629 [vl:0.0 vr:0.0 yaw:0.0] 
1622389146671 [vl:0.0 vr:0.0 yaw:0.0] 
1622389146727 [vl:0.0 vr:0.0 yaw:0.0] 
1622389146781 [vl:0.0 vr:0.0 yaw:0.0] 
1622389146826 [vl:0.0 vr:0.0 yaw:0.0] 
1622389146871 [vl:0.0 vr:0.0 yaw:0.0] 
1622389146923 [vl:0.0 vr:0.0 yaw:0.0] 
1622389146970 [vl:0.0 vr:0.0 yaw:0.0] 
1622389147026 [vl:0.0 vr:0.0 yaw:0.0] 
1622389147071 [vl:0.0 vr:0.0 yaw:0.0] 
1622389147118 [vl:0.0 vr:0.0 yaw:0.0] 
1622389147204 [vl:0.0 vr:0.0 yaw:0.0] 
1622389147220 [vl:0.0 vr:0.0 yaw:0.0] 
1622389147271 [vl:0.0 vr:0.0 yaw:0.0] 
1622389147316 [vl:0.0 vr:0.0 yaw:0.0] 
1622389147372 [vl:0.0 vr:0.0 yaw:0.0] 
1622389147437 [vl:0.0 vr:0.0 yaw:0.0] 
1622389147470 [vl:0.0 vr:0.0 yaw:0.0] 
1622389147518 [vl:0.0 vr:0.0 yaw:0.0] 
1622389147571 [vl:0.0 vr:0.0 yaw:0.0] 
1622389147632 [vl:0.0 vr:0.0 yaw:0.0] 
1622389147678 [vl:0.0 vr:0.0 yaw:0.0] 
1622389147723 [vl:0.0 vr:0.0 yaw:0.0] 
1622389147787 [vl:0.0 vr:0.0 yaw:0.0] 
1622389147818 [vl:0.0 vr:0.0 yaw:0.0] 
1622389147866 [vl:0.0 vr:0.0 yaw:0.0] 
1622389147917 [vl:0.0 vr:0.0 yaw:0.0] 
1622389147970 [vl:0.0 vr:0.0 yaw:0.0] 
1622389148021 [vl:0.0 vr:0.0 yaw:0.0] 
1622389148070 [vl:0.0 vr:0.0 yaw:0.0] 
1622389148123 [vl:0.0 vr:0.0 yaw:0.0] 
1622389148171 [vl:0.0 vr:0.0 yaw:0.0] 
1622389148232 [vl:0.0 vr:0.0 yaw:0.0] 
1622389148276 [vl:0.0 vr:0.0 yaw:0.0] 
1622389148323 [vl:0.0 vr:0.0 yaw:0.0] 
1622389148370 [vl:0.0 vr:0.0 yaw:0.0] 
1622389148418 [vl:0.0 vr:0.0 yaw:0.0] 
1622389148472 [vl:0.0 vr:0.0 yaw:0.0] 
1622389148522 [vl:0.0 vr:0.0 yaw:0.0] 
1622389148570 [vl:0.0 vr:0.0 yaw:0.0] 
1622389148618 [vl:0.0 vr:0.0 yaw:0.0] 
1622389148671 [vl:0.0 vr:0.0 yaw:0.0] 
1622389148725 [vl:0.0 vr:0.0 yaw:0.0] 
1622389148771 [vl:0.0 vr:0.0 yaw:0.0] 
1622389148829 [vl:0.0 vr:0.0 yaw:0.0] 
1622389148870 [vl:0.0 vr:0.0 yaw:0.0] 
1622389148922 [vl:0.0 vr:0.0 yaw:0.0] 
1622389148971 [vl:0.0 vr:0.0 yaw:0.0] 
1622389149018 [vl:0.0 vr:0.0 yaw:0.0] 
1622389149071 [vl:0.0 vr:0.0 yaw:0.0] 
1622389149118 [vl:0.0 vr:0.0 yaw:0.0] 
1622389149170 [vl:0.0 vr:0.0 yaw:0.0] 
1622389149227 [vl:0.0 vr:0.0 yaw:0.0] 
1622389149271 [vl:0.0 vr:0.0 yaw:0.0] 
1622389149321 [vl:0.0 vr:0.0 yaw:0.0] 
1622389149375 [vl:0.0 vr:0.0 yaw:0.0] 
1622389149418 [vl:0.0 vr:0.0 yaw:0.0] 
1622389149480 [vl:0.0 vr:0.0 yaw:0.0] 
1622389149519 [vl:0.0 vr:0.0 yaw:0.0] 
1622389149575 [vl:0.0 vr:0.0 yaw:0.0] 
1622389149634 [vl:0.0 vr:0.0 yaw:0.0] 
1622389149666 [vl:0.0 vr:0.0 yaw:0.0] 
1622389149724 [vl:0.0 vr:0.0 yaw:0.0] 
1622389149770 [vl:0.0 vr:0.0 yaw:0.0] 
1622389149824 [vl:0.0 vr:0.0 yaw:0.0] 
1622389149871 [vl:0.0 vr:0.0 yaw:0.0] 
1622389149919 [vl:0.0 vr:0.0 yaw:0.0] 
1622389149970 [vl:0.0 vr:0.0 yaw:0.0] 
1622389150018 [vl:0.0 vr:0.0 yaw:0.0] 
1622389150077 [vl:0.0 vr:0.0 yaw:0.0] 
1622389150124 [vl:0.0 vr:0.0 yaw:0.0] 
1622389150170 [vl:0.0 vr:0.0 yaw:0.0] 
1622389150219 [vl:0.0 vr:0.0 yaw:0.0] 
1622389150283 [vl:0.0 vr:0.0 yaw:0.0] 
1622389150318 [vl:0.0 vr:0.0 yaw:0.0] 
1622389150373 [vl:0.0 vr:0.0 yaw:0.0] 
1622389150418 [vl:0.0 vr:0.0 yaw:0.0] 
1622389150472 [vl:0.0 vr:0.0 yaw:0.0] 
1622389150523 [vl:0.0 vr:0.0 yaw:0.0] 
1622389150571 [vl:0.0 vr:0.0 yaw:0.0] 
1622389150636 [vl:0.0 vr:0.0 yaw:0.0] 
1622389150677 [vl:0.0 vr:0.0 yaw:0.0] 
1622389150718 [vl:0.0 vr:0.0 yaw:0.0] 
1622389150776 [vl:0.0 vr:0.0 yaw:0.0] 
1622389150820 [vl:0.0 vr:0.0 yaw:0.0] 
1622389150878 [vl:0.0 vr:0.0 yaw:0.0] 
1622389150932 [vl:0.0 vr:0.0 yaw:0.0] 
1622389150971 [vl:0.0 vr:0.0 yaw:0.0] 
1622389151023 [vl:0.0 vr:0.0 yaw:0.0] 
1622389151070 [vl:0.0 vr:0.0 yaw:0.0] 
1622389151123 [vl:0.0 vr:0.0 yaw:0.0] 
1622389151171 [vl:0.0 vr:0.0 yaw:0.0] 
1622389151218 [vl:0.0 vr:0.0 yaw:0.0] 
1622389151274 [vl:0.0 vr:0.0 yaw:0.0] 
1622389151318 [vl:0.0 vr:0.0 yaw:0.0] 
1622389151370 [vl:0.0 vr:0.0 yaw:0.0] 
1622389151417 [vl:0.0 vr:0.0 yaw:0.0] 
1622389151471 [vl:0.0 vr:0.0 yaw:0.0] 
1622389151520 [vl:0.0 vr:0.0 yaw:0.0] 
1622389151570 [vl:0.0 vr:0.0 yaw:0.0] 
1622389151618 [vl:0.0 vr:0.0 yaw:0.0] 
1622389151670 [vl:0.0 vr:0.0 yaw:0.0] 
1622389151719 [vl:0.0 vr:0.0 yaw:0.0] 
1622389151770 [vl:0.0 vr:0.0 yaw:0.0] 
1622389151823 [vl:0.0 vr:0.0 yaw:0.0] 
1622389151870 [vl:0.0 vr:0.0 yaw:0.0] 
1622389151920 [vl:0.0 vr:0.0 yaw:0.0] 
1622389151973 [vl:0.0 vr:0.0 yaw:0.0] 
1622389152018 [vl:0.0 vr:0.0 yaw:0.0] 
1622389152073 [vl:0.0 vr:0.0 yaw:0.0] 
1622389152128 [vl:0.0 vr:0.0 yaw:0.0] 
1622389152174 [vl:0.0 vr:0.0 yaw:0.0] 
1622389152222 [vl:0.0 vr:0.0 yaw:0.0] 
1622389152276 [vl:0.0 vr:0.0 yaw:0.0] 
1622389152324 [vl:0.0 vr:0.0 yaw:0.0] 
1622389152381 [vl:0.0 vr:0.0 yaw:0.0] 
1622389152418 [vl:0.0 vr:0.0 yaw:0.0] 
1622389152470 [vl:0.0 vr:0.0 yaw:0.0] 
1622389152517 [vl:0.0 vr:0.0 yaw:0.0] 
1622389152570 [vl:0.0 vr:0.0 yaw:0.0] 
1622389152618 [vl:0.0 vr:0.0 yaw:0.0] 
1622389152680 [vl:0.0 vr:0.0 yaw:0.0] 
1622389152718 [vl:0.0 vr:0.0 yaw:0.0] 
1622389152774 [vl:0.0 vr:0.0 yaw:0.0] 
1622389152818 [vl:0.0 vr:0.0 yaw:0.0] 
1622389152871 [vl:0.0 vr:0.0 yaw:0.0] 
1622389152924 [vl:0.0 vr:0.0 yaw:0.0] 
1622389152971 [vl:0.0 vr:0.0 yaw:0.0] 
1622389153019 [vl:0.0 vr:0.0 yaw:0.0] 
1622389153070 [vl:0.0 vr:0.0 yaw:0.0] 
1622389153117 [vl:0.0 vr:0.0 yaw:0.0] 
1622389153170 [vl:0.0 vr:0.0 yaw:0.0] 
1622389153218 [vl:0.0 vr:0.0 yaw:0.0] 
1622389153277 [vl:0.0 vr:0.0 yaw:0.0] 
1622389153317 [vl:0.0 vr:0.0 yaw:0.0] 
1622389153379 [vl:0.0 vr:0.0 yaw:0.0] 
1622389153417 [vl:0.0 vr:0.0 yaw:0.0] 
1622389153470 [vl:0.0 vr:0.0 yaw:0.0] 
1622389153521 [vl:0.0 vr:0.0 yaw:0.0] 
1622389153570 [vl:0.0 vr:0.0 yaw:0.0] 
1622389153618 [vl:0.0 vr:0.0 yaw:0.0] 
1622389153665 [vl:0.0 vr:0.0 yaw:0.0] 
1622389153726 [vl:0.0 vr:0.0 yaw:0.0] 
1622389153778 [vl:0.0 vr:0.0 yaw:0.0] 
1622389153818 [vl:0.0 vr:0.0 yaw:0.0] 
1622389153870 [vl:0.0 vr:0.0 yaw:0.0] 
1622389153918 [vl:0.0 vr:0.0 yaw:0.0] 
1622389153968 [vl:0.0 vr:0.0 yaw:0.0] 
1622389154018 [vl:0.0 vr:0.0 yaw:0.0] 
1622389154070 [vl:0.0 vr:0.0 yaw:0.0] 
1622389154122 [vl:0.0 vr:0.0 yaw:0.0] 
1622389154170 [vl:0.0 vr:0.0 yaw:0.0] 
1622389154218 [vl:0.0 vr:0.0 yaw:0.0] 
1622389154270 [vl:0.0 vr:0.0 yaw:0.0] 
1622389154323 [vl:0.0 vr:0.0 yaw:0.0] 
1622389154372 [vl:0.0 vr:0.0 yaw:0.0] 
1622389154419 [vl:0.0 vr:0.0 yaw:0.0] 
1622389154472 [vl:0.0 vr:0.0 yaw:0.0] 
1622389154538 [vl:0.0 vr:0.0 yaw:0.0] 
1622389154570 [vl:0.0 vr:0.0 yaw:0.0] 
1622389154624 [vl:0.0 vr:0.0 yaw:0.0] 
1622389154670 [vl:0.0 vr:0.0 yaw:0.0] 
1622389154719 [vl:0.0 vr:0.0 yaw:0.0] 
1622389154771 [vl:0.0 vr:0.0 yaw:0.0] 
1622389154822 [vl:0.0 vr:0.0 yaw:0.0] 
1622389154870 [vl:0.0 vr:0.0 yaw:0.0] 
1622389154918 [vl:0.0 vr:0.0 yaw:0.0] 
1622389154970 [vl:0.0 vr:0.0 yaw:0.0] 
1622389155018 [vl:0.0 vr:0.0 yaw:0.0] 
1622389155073 [vl:0.0 vr:0.0 yaw:0.0] 
1622389155130 [vl:0.0 vr:0.0 yaw:0.0] 
1622389155171 [vl:0.0 vr:0.0 yaw:0.0] 
1622389155218 [vl:0.0 vr:0.0 yaw:0.0] 
1622389155270 [vl:0.0 vr:0.0 yaw:0.0] 
1622389155317 [vl:0.0 vr:0.0 yaw:0.0] 
1622389155370 [vl:0.0 vr:0.0 yaw:0.0] 
1622389155418 [vl:0.0 vr:0.0 yaw:0.0] 
1622389155470 [vl:0.0 vr:0.0 yaw:0.0] 
1622389155527 [vl:0.0 vr:0.0 yaw:0.0] 
1622389155570 [vl:0.0 vr:0.0 yaw:0.0] 
1622389155620 [vl:0.0 vr:0.0 yaw:0.0] 
1622389155683 [vl:0.0 vr:0.0 yaw:0.0] 
1622389155730 [vl:0.0 vr:0.0 yaw:0.0] 
1622389155770 [vl:0.0 vr:0.0 yaw:0.0] 
1622389155818 [vl:0.0 vr:0.0 yaw:0.0] 
1622389155878 [vl:0.0 vr:0.0 yaw:0.0] 
1622389155934 [vl:0.0 vr:0.0 yaw:0.0] 
1622389155970 [vl:0.0 vr:0.0 yaw:0.0] 
1622389156019 [vl:0.0 vr:0.0 yaw:0.0] 
1622389156079 [vl:0.0 vr:0.0 yaw:0.0] 
1622389156127 [vl:0.0 vr:0.0 yaw:0.0] 
1622389156171 [vl:0.0 vr:0.0 yaw:0.0] 
1622389156220 [vl:0.0 vr:0.0 yaw:0.0] 
1622389156270 [vl:0.0 vr:0.0 yaw:0.0] 
1622389156320 [vl:0.0 vr:0.0 yaw:0.0] 
1622389156380 [vl:0.0 vr:0.0 yaw:0.0] 
1622389156422 [vl:0.0 vr:0.0 yaw:0.0] 
1622389156480 [vl:0.0 vr:0.0 yaw:0.0] 
1622389156517 [vl:0.0 vr:0.0 yaw:0.0] 
1622389156572 [vl:0.0 vr:0.0 yaw:0.0] 
1622389156628 [vl:0.0 vr:0.0 yaw:0.0] 
1622389156673 [vl:0.0 vr:0.0 yaw:0.0] 
1622389156726 [vl:0.0 vr:0.0 yaw:0.0] 
1622389156770 [vl:0.0 vr:0.0 yaw:0.0] 
1622389156823 [vl:0.0 vr:0.0 yaw:0.0] 
1622389156885 [vl:0.0 vr:0.0 yaw:0.0] 
1622389156922 [vl:0.0 vr:0.0 yaw:0.0] 
1622389156970 [vl:0.0 vr:0.0 yaw:0.0] 
1622389157023 [vl:0.0 vr:0.0 yaw:0.0] 
1622389157079 [vl:0.0 vr:0.0 yaw:0.0] 
1622389157118 [vl:0.0 vr:0.0 yaw:0.0] 
1622389157171 [vl:0.0 vr:0.0 yaw:0.0] 
1622389157223 [vl:0.0 vr:0.0 yaw:0.0] 
1622389157274 [vl:0.0 vr:0.0 yaw:0.0] 
1622389157325 [vl:0.0 vr:0.0 yaw:0.0] 
1622389157375 [vl:0.0 vr:0.0 yaw:0.0] 
1622389157418 [vl:0.0 vr:0.0 yaw:0.0] 
1622389157470 [vl:0.0 vr:0.0 yaw:0.0] 
1622389157524 [vl:0.0 vr:0.0 yaw:0.0] 
1622389157565 [vl:0.0 vr:0.0 yaw:0.0] 
1622389157629 [vl:0.0 vr:0.0 yaw:0.0] 
1622389157691 [vl:0.0 vr:0.0 yaw:0.0] 
1622389157721 [vl:0.0 vr:0.0 yaw:0.0] 
1622389157770 [vl:0.0 vr:0.0 yaw:0.0] 
1622389157838 [vl:0.0 vr:0.0 yaw:0.0] 
1622389157880 [vl:0.0 vr:0.0 yaw:0.0] 
1622389157918 [vl:0.0 vr:0.0 yaw:0.0] 
1622389157970 [vl:0.0 vr:0.0 yaw:0.0] 
1622389158018 [vl:0.0 vr:0.0 yaw:0.0] 
1622389158072 [vl:0.0 vr:0.0 yaw:0.0] 
1622389158122 [vl:0.0 vr:0.0 yaw:0.0] 
1622389158175 [vl:0.0 vr:0.0 yaw:0.0] 
1622389158230 [vl:0.0 vr:0.0 yaw:0.0] 
1622389158276 [vl:0.0 vr:0.0 yaw:0.0] 
1622389158318 [vl:0.0 vr:0.0 yaw:0.0] 
1622389158381 [vl:0.0 vr:0.0 yaw:0.0] 
1622389158435 [vl:0.0 vr:0.0 yaw:0.0] 
1622389158474 [vl:0.0 vr:0.0 yaw:0.0] 
1622389158522 [vl:0.0 vr:0.0 yaw:0.0] 
1622389158573 [vl:0.0 vr:0.0 yaw:0.0] 
1622389158622 [vl:0.0 vr:0.0 yaw:0.0] 
1622389158682 [vl:0.0 vr:0.0 yaw:0.0] 
1622389158728 [vl:0.0 vr:0.0 yaw:0.0] 
1622389158773 [vl:0.0 vr:0.0 yaw:0.0] 
1622389158840 [vl:0.0 vr:0.0 yaw:0.0] 
1622389158880 [vl:0.0 vr:0.0 yaw:0.0] 
1622389158930 [vl:0.0 vr:0.0 yaw:0.0] 
1622389158975 [vl:0.0 vr:0.0 yaw:0.0] 
1622389159018 [vl:0.0 vr:0.0 yaw:0.0] 
1622389159070 [vl:0.0 vr:0.0 yaw:0.0] 
1622389159118 [vl:0.0 vr:0.0 yaw:0.0] 
1622389159170 [vl:0.0 vr:0.0 yaw:0.0] 
1622389159217 [vl:0.0 vr:0.0 yaw:0.0] 
1622389159270 [vl:0.0 vr:0.0 yaw:0.0] 
1622389159317 [vl:0.0 vr:0.0 yaw:0.0] 
1622389159405 [vl:0.0 vr:0.0 yaw:0.0] 
1622389159422 [vl:0.0 vr:0.0 yaw:0.0] 
1622389159470 [vl:0.0 vr:0.0 yaw:0.0] 
1622389159527 [vl:0.0 vr:0.0 yaw:0.0] 
1622389159576 [vl:0.0 vr:0.0 yaw:0.0] 
1622389159618 [vl:0.0 vr:0.0 yaw:0.0] 
1622389159672 [vl:0.0 vr:0.0 yaw:0.0] 
1622389159718 [vl:0.0 vr:0.0 yaw:0.0] 
1622389159784 [vl:0.0 vr:0.0 yaw:0.0] 
1622389159815 [vl:0.0 vr:0.0 yaw:0.0] 
1622389159872 [vl:0.0 vr:0.0 yaw:0.0] 
1622389159918 [vl:0.0 vr:0.0 yaw:0.0] 
1622389159971 [vl:0.0 vr:0.0 yaw:0.0] 
1622389160019 [vl:0.0 vr:0.0 yaw:0.0] 
1622389160070 [vl:0.0 vr:0.0 yaw:0.0] 
1622389160127 [vl:0.0 vr:0.0 yaw:0.0] 
1622389160170 [vl:0.0 vr:0.0 yaw:0.0] 
1622389160218 [vl:0.0 vr:0.0 yaw:0.0] 
1622389160270 [vl:0.0 vr:0.0 yaw:0.0] 
1622389160319 [vl:0.0 vr:0.0 yaw:0.0] 
1622389160370 [vl:0.0 vr:0.0 yaw:0.0] 
1622389160422 [vl:0.0 vr:0.0 yaw:0.0] 
1622389160471 [vl:0.0 vr:0.0 yaw:0.0] 
1622389160518 [vl:0.0 vr:0.0 yaw:0.0] 
1622389160570 [vl:0.0 vr:0.0 yaw:0.0] 
1622389160618 [vl:0.0 vr:0.0 yaw:0.0] 
1622389160670 [vl:0.0 vr:0.0 yaw:0.0] 
1622389160719 [vl:0.0 vr:0.0 yaw:0.0] 
1622389160770 [vl:0.0 vr:0.0 yaw:0.0] 
1622389160818 [vl:0.0 vr:0.0 yaw:0.0] 
1622389160870 [vl:0.0 vr:0.0 yaw:0.0] 
1622389160918 [vl:0.0 vr:0.0 yaw:0.0] 
1622389160974 [vl:0.0 vr:0.0 yaw:0.0] 
1622389161018 [vl:0.0 vr:0.0 yaw:0.0] 
1622389161070 [vl:0.0 vr:0.0 yaw:0.0] 
1622389161118 [vl:0.0 vr:0.0 yaw:0.0] 
1622389161170 [vl:0.0 vr:0.0 yaw:0.0] 
1622389161218 [vl:0.0 vr:0.0 yaw:0.0] 
1622389161271 [vl:0.0 vr:0.0 yaw:0.0] 
1622389161327 [vl:0.0 vr:0.0 yaw:0.0] 
1622389161380 [vl:0.0 vr:0.0 yaw:0.0] 
1622389161418 [vl:0.0 vr:0.0 yaw:0.0] 
1622389161470 [vl:0.0 vr:0.0 yaw:0.0] 
1622389161519 [vl:0.0 vr:0.0 yaw:0.0] 
1622389161573 [vl:0.0 vr:0.0 yaw:0.0] 
1622389161618 [vl:0.0 vr:0.0 yaw:0.0] 
1622389161671 [vl:0.0 vr:0.0 yaw:0.0] 
1622389161722 [vl:0.0 vr:0.0 yaw:0.0] 
1622389161770 [vl:0.0 vr:0.0 yaw:0.0] 
1622389161821 [vl:0.0 vr:0.0 yaw:0.0] 
1622389161879 [vl:0.0 vr:0.0 yaw:0.0] 
1622389161924 [vl:0.0 vr:0.0 yaw:0.0] 
1622389161971 [vl:0.0 vr:0.0 yaw:0.0] 
1622389162019 [vl:0.0 vr:0.0 yaw:0.0] 
1622389162074 [vl:0.0 vr:0.0 yaw:0.0] 
1622389162118 [vl:0.0 vr:0.0 yaw:0.0] 
1622389162178 [vl:0.0 vr:0.0 yaw:0.0] 
1622389162219 [vl:0.0 vr:0.0 yaw:0.0] 
1622389162270 [vl:0.0 vr:0.0 yaw:0.0] 
1622389162318 [vl:0.0 vr:0.0 yaw:0.0] 
1622389162371 [vl:0.0 vr:0.0 yaw:0.0] 
1622389162417 [vl:0.0 vr:0.0 yaw:0.0] 
1622389162470 [vl:0.0 vr:0.0 yaw:0.0] 
1622389162518 [vl:0.0 vr:0.0 yaw:0.0] 
1622389162570 [vl:0.0 vr:0.0 yaw:0.0] 
1622389162619 [vl:0.0 vr:0.0 yaw:0.0] 
1622389162675 [vl:0.0 vr:0.0 yaw:0.0] 
1622389162732 [vl:0.0 vr:0.0 yaw:0.0] 
1622389162770 [vl:0.0 vr:0.0 yaw:0.0] 
1622389162818 [vl:0.0 vr:0.0 yaw:0.0] 
1622389162871 [vl:0.0 vr:0.0 yaw:0.0] 
1622389162930 [vl:0.0 vr:0.0 yaw:0.0] 
1622389162970 [vl:0.0 vr:0.0 yaw:0.0] 
1622389163018 [vl:0.0 vr:0.0 yaw:0.0] 
1622389163070 [vl:0.0 vr:0.0 yaw:0.0] 
1622389163125 [vl:0.0 vr:0.0 yaw:0.0] 
1622389163175 [vl:0.0 vr:0.0 yaw:0.0] 
1622389163223 [vl:0.0 vr:0.0 yaw:0.0] 
1622389163273 [vl:0.0 vr:0.0 yaw:0.0] 
1622389163318 [vl:0.0 vr:0.0 yaw:0.0] 
1622389163381 [vl:0.0 vr:0.0 yaw:0.0] 
1622389163418 [vl:0.0 vr:0.0 yaw:0.0] 
1622389163471 [vl:0.0 vr:0.0 yaw:0.0] 
1622389163523 [vl:0.0 vr:0.0 yaw:0.0] 
1622389163571 [vl:0.0 vr:0.0 yaw:0.0] 
1622389163618 [vl:0.0 vr:0.0 yaw:0.0] 
1622389163671 [vl:0.0 vr:0.0 yaw:0.0] 
1622389163718 [vl:0.0 vr:0.0 yaw:0.0] 
1622389163770 [vl:0.0 vr:0.0 yaw:0.0] 
1622389163820 [vl:0.0 vr:0.0 yaw:0.0] 
1622389163870 [vl:0.0 vr:0.0 yaw:0.0] 
1622389163919 [vl:0.0 vr:0.0 yaw:0.0] 
1622389163979 [vl:0.0 vr:0.0 yaw:0.0] 
1622389164018 [vl:0.0 vr:0.0 yaw:0.0] 
1622389164070 [vl:0.0 vr:0.0 yaw:0.0] 
1622389164122 [vl:0.0 vr:0.0 yaw:0.0] 
1622389164175 [vl:0.0 vr:0.0 yaw:0.0] 
1622389164218 [vl:0.0 vr:0.0 yaw:0.0] 
1622389164274 [vl:0.0 vr:0.0 yaw:0.0] 
1622389164323 [vl:0.0 vr:0.0 yaw:0.0] 
1622389164371 [vl:0.0 vr:0.0 yaw:0.0] 
1622389164422 [vl:0.0 vr:0.0 yaw:0.0] 
1622389164475 [vl:0.0 vr:0.0 yaw:0.0] 
1622389164521 [vl:0.0 vr:0.0 yaw:0.0] 
1622389164566 [vl:0.0 vr:0.0 yaw:0.0] 
1622389164618 [vl:0.0 vr:0.0 yaw:0.0] 
1622389164672 [vl:0.0 vr:0.0 yaw:0.0] 
1622389164723 [vl:0.0 vr:0.0 yaw:0.0] 
1622389164771 [vl:0.0 vr:0.0 yaw:0.0] 
1622389164830 [vl:0.0 vr:0.0 yaw:0.0] 
1622389164870 [vl:0.0 vr:0.0 yaw:0.0] 
1622389164917 [vl:0.0 vr:0.0 yaw:0.0] 
1622389164973 [vl:0.0 vr:0.0 yaw:0.0] 
1622389165018 [vl:0.0 vr:0.0 yaw:0.0] 
1622389165074 [vl:0.0 vr:0.0 yaw:0.0] 
1622389165118 [vl:0.0 vr:0.0 yaw:0.0] 
1622389165170 [vl:0.0 vr:0.0 yaw:0.0] 
1622389165218 [vl:0.0 vr:0.0 yaw:0.0] 
1622389165271 [vl:0.0 vr:0.0 yaw:0.0] 
1622389165324 [vl:0.0 vr:0.0 yaw:0.0] 
1622389165369 [vl:0.0 vr:0.0 yaw:0.0] 
1622389165418 [vl:0.0 vr:0.0 yaw:0.0] 
1622389165470 [vl:0.0 vr:0.0 yaw:0.0] 
1622389165519 [vl:0.0 vr:0.0 yaw:0.0] 
1622389165575 [vl:0.0 vr:0.0 yaw:0.0] 
1622389165618 [vl:0.0 vr:0.0 yaw:0.0] 
1622389165677 [vl:0.0 vr:0.0 yaw:0.0] 
1622389165718 [vl:0.0 vr:0.0 yaw:0.0] 
1622389165774 [vl:0.0 vr:0.0 yaw:0.0] 
1622389165818 [vl:0.0 vr:0.0 yaw:0.0] 
1622389165871 [vl:0.0 vr:0.0 yaw:0.0] 
1622389165919 [vl:0.0 vr:0.0 yaw:0.0] 
1622389165971 [vl:0.0 vr:0.0 yaw:0.0] 
1622389166031 [vl:0.0 vr:0.0 yaw:0.0] 
1622389166074 [vl:0.0 vr:0.0 yaw:0.0] 
1622389166123 [vl:0.0 vr:0.0 yaw:0.0] 
1622389166171 [vl:0.0 vr:0.0 yaw:0.0] 
1622389166218 [vl:0.0 vr:0.0 yaw:0.0] 
1622389166270 [vl:0.0 vr:0.0 yaw:0.0] 
1622389166322 [vl:0.0 vr:0.0 yaw:0.0] 
1622389166374 [vl:0.0 vr:0.0 yaw:0.0] 
1622389166418 [vl:0.0 vr:0.0 yaw:0.0] 
1622389166470 [vl:0.0 vr:0.0 yaw:0.0] 
1622389166518 [vl:0.0 vr:0.0 yaw:0.0] 
1622389166570 [vl:0.0 vr:0.0 yaw:0.0] 
1622389166627 [vl:0.0 vr:0.0 yaw:0.0] 
1622389166674 [vl:0.0 vr:0.0 yaw:0.0] 
1622389166718 [vl:0.0 vr:0.0 yaw:0.0] 
1622389166770 [vl:0.0 vr:0.0 yaw:0.0] 
1622389166819 [vl:0.0 vr:0.0 yaw:0.0] 
1622389166870 [vl:0.0 vr:0.0 yaw:0.0] 
1622389166918 [vl:0.0 vr:0.0 yaw:0.0] 
1622389166970 [vl:0.0 vr:0.0 yaw:0.0] 
1622389167022 [vl:0.0 vr:0.0 yaw:0.0] 
1622389167071 [vl:0.0 vr:0.0 yaw:0.0] 
1622389167118 [vl:0.0 vr:0.0 yaw:0.0] 
1622389167173 [vl:0.0 vr:0.0 yaw:0.0] 
1622389167218 [vl:0.0 vr:0.0 yaw:0.0] 
1622389167270 [vl:0.0 vr:0.0 yaw:0.0] 
1622389167318 [vl:0.0 vr:0.0 yaw:0.0] 
1622389167371 [vl:0.0 vr:0.0 yaw:0.0] 
1622389167422 [vl:0.0 vr:0.0 yaw:0.0] 
1622389167470 [vl:0.0 vr:0.0 yaw:0.0] 
1622389167518 [vl:0.0 vr:0.0 yaw:0.0] 
1622389167572 [vl:0.0 vr:0.0 yaw:0.0] 
1622389167618 [vl:0.0 vr:0.0 yaw:0.0] 
1622389167673 [vl:0.0 vr:0.0 yaw:0.0] 
1622389167723 [vl:0.0 vr:0.0 yaw:0.0] 
1622389167775 [vl:0.0 vr:0.0 yaw:0.0] 
1622389167818 [vl:0.0 vr:0.0 yaw:0.0] 
1622389167875 [vl:0.0 vr:0.0 yaw:0.0] 
1622389167918 [vl:0.0 vr:0.0 yaw:0.0] 
1622389167971 [vl:0.0 vr:0.0 yaw:0.0] 
1622389168014 [vl:0.0 vr:0.0 yaw:0.0] 
1622389168070 [vl:0.0 vr:0.0 yaw:0.0] 
1622389168123 [vl:0.0 vr:0.0 yaw:0.0] 
1622389168170 [vl:0.0 vr:0.0 yaw:0.0] 
1622389168218 [vl:0.0 vr:0.0 yaw:0.0] 
1622389168270 [vl:0.0 vr:0.0 yaw:0.0] 
1622389168318 [vl:0.0 vr:0.0 yaw:0.0] 
1622389168371 [vl:0.0 vr:0.0 yaw:0.0] 
1622389168423 [vl:0.0 vr:0.0 yaw:0.0] 
1622389168471 [vl:0.0 vr:0.0 yaw:0.0] 
1622389168518 [vl:0.0 vr:0.0 yaw:0.0] 
1622389168570 [vl:0.0 vr:0.0 yaw:0.0] 
1622389168622 [vl:0.0 vr:0.0 yaw:0.0] 
1622389168671 [vl:0.0 vr:0.0 yaw:0.0] 
1622389168723 [vl:0.0 vr:0.0 yaw:0.0] 
1622389168776 [vl:0.0 vr:0.0 yaw:0.0] 
1622389168828 [vl:0.0 vr:0.0 yaw:0.0] 
1622389168870 [vl:0.0 vr:0.0 yaw:0.0] 
1622389168922 [vl:0.0 vr:0.0 yaw:0.0] 
1622389168974 [vl:0.0 vr:0.0 yaw:0.0] 
1622389169022 [vl:0.0 vr:0.0 yaw:0.0] 
1622389169070 [vl:0.0 vr:0.0 yaw:0.0] 
1622389169118 [vl:0.0 vr:0.0 yaw:0.0] 
1622389169170 [vl:0.0 vr:0.0 yaw:0.0] 
1622389169218 [vl:0.0 vr:0.0 yaw:0.0] 
1622389169270 [vl:0.0 vr:0.0 yaw:0.0] 
1622389169323 [vl:0.0 vr:0.0 yaw:0.0] 
1622389169379 [vl:0.0 vr:0.0 yaw:0.0] 
1622389169418 [vl:0.0 vr:0.0 yaw:0.0] 
1622389169470 [vl:0.0 vr:0.0 yaw:0.0] 
1622389169518 [vl:0.0 vr:0.0 yaw:0.0] 
1622389169575 [vl:0.0 vr:0.0 yaw:0.0] 
1622389169618 [vl:0.0 vr:0.0 yaw:0.0] 
1622389169670 [vl:0.0 vr:0.0 yaw:0.0] 
1622389169719 [vl:0.0 vr:0.0 yaw:0.0] 
1622389169770 [vl:0.0 vr:0.0 yaw:0.0] 
1622389169823 [vl:0.0 vr:0.0 yaw:0.0] 
1622389169870 [vl:0.0 vr:0.0 yaw:0.0] 
1622389169919 [vl:0.0 vr:0.0 yaw:0.0] 
1622389169970 [vl:0.0 vr:0.0 yaw:0.0] 
1622389170020 [vl:0.0 vr:0.0 yaw:0.0] 
1622389170077 [vl:0.0 vr:0.0 yaw:0.0] 
1622389170139 [vl:0.0 vr:0.0 yaw:0.0] 
1622389170176 [vl:0.0 vr:0.0 yaw:0.0] 
1622389170218 [vl:0.0 vr:0.0 yaw:0.0] 
1622389170274 [vl:0.0 vr:0.0 yaw:0.0] 
1622389170323 [vl:0.0 vr:0.0 yaw:0.0] 
1622389170371 [vl:0.0 vr:0.0 yaw:0.0] 
1622389170417 [vl:0.0 vr:0.0 yaw:0.0] 
1622389170474 [vl:0.0 vr:0.0 yaw:0.0] 
1622389170518 [vl:0.0 vr:0.0 yaw:0.0] 
1622389170570 [vl:0.0 vr:0.0 yaw:0.0] 
1622389170618 [vl:0.0 vr:0.0 yaw:0.0] 
1622389170670 [vl:0.0 vr:0.0 yaw:0.0] 
1622389170718 [vl:0.0 vr:0.0 yaw:0.0] 
1622389170770 [vl:0.0 vr:0.0 yaw:0.0] 
1622389170819 [vl:0.0 vr:0.0 yaw:0.0] 
1622389170871 [vl:0.0 vr:0.0 yaw:0.0] 
1622389170918 [vl:0.0 vr:0.0 yaw:0.0] 
1622389170970 [vl:0.0 vr:0.0 yaw:0.0] 
1622389171018 [vl:0.0 vr:0.0 yaw:0.0] 
1622389171070 [vl:0.0 vr:0.0 yaw:0.0] 
1622389171118 [vl:0.0 vr:0.0 yaw:0.0] 
1622389171170 [vl:0.0 vr:0.0 yaw:0.0] 
1622389171217 [vl:0.0 vr:0.0 yaw:0.0] 
1622389171274 [vl:0.0 vr:0.0 yaw:0.0] 
1622389171318 [vl:0.0 vr:0.0 yaw:0.0] 
1622389171370 [vl:0.0 vr:0.0 yaw:0.0] 
1622389171414 [vl:0.0 vr:0.0 yaw:0.0] 
1622389171471 [vl:0.0 vr:0.0 yaw:0.0] 
1622389171522 [vl:0.0 vr:0.0 yaw:0.0] 
1622389171571 [vl:0.0 vr:0.0 yaw:0.0] 
1622389171618 [vl:0.0 vr:0.0 yaw:0.0] 
1622389171670 [vl:0.0 vr:0.0 yaw:0.0] 
1622389171718 [vl:0.0 vr:0.0 yaw:0.0] 
1622389171770 [vl:0.0 vr:0.0 yaw:0.0] 
1622389171818 [vl:0.0 vr:0.0 yaw:0.0] 
1622389171870 [vl:0.0 vr:0.0 yaw:0.0] 
1622389171926 [vl:0.0 vr:0.0 yaw:0.0] 
1622389171970 [vl:0.0 vr:0.0 yaw:0.0] 
1622389172024 [vl:0.0 vr:0.0 yaw:0.0] 
1622389172071 [vl:0.0 vr:0.0 yaw:0.0] 
1622389172120 [vl:0.0 vr:0.0 yaw:0.0] 
1622389172174 [vl:0.0 vr:0.0 yaw:0.0] 
1622389172223 [vl:0.0 vr:0.0 yaw:0.0] 
1622389172270 [vl:0.0 vr:0.0 yaw:0.0] 
1622389172319 [vl:0.0 vr:0.0 yaw:0.0] 
1622389172370 [vl:0.0 vr:0.0 yaw:0.0] 
1622389172419 [vl:0.0 vr:0.0 yaw:0.0] 
1622389172470 [vl:0.0 vr:0.0 yaw:0.0] 
1622389172522 [vl:0.0 vr:0.0 yaw:0.0] 
1622389172570 [vl:0.0 vr:0.0 yaw:0.0] 
1622389172617 [vl:0.0 vr:0.0 yaw:0.0] 
1622389172671 [vl:0.0 vr:0.0 yaw:0.0] 
1622389172718 [vl:0.0 vr:0.0 yaw:0.0] 
1622389172779 [vl:0.0 vr:0.0 yaw:0.0] 
1622389172822 [vl:0.0 vr:0.0 yaw:0.0] 
1622389172870 [vl:0.0 vr:0.0 yaw:0.0] 
1622389172924 [vl:0.0 vr:0.0 yaw:0.0] 
1622389172971 [vl:0.0 vr:0.0 yaw:0.0] 
1622389173018 [vl:0.0 vr:0.0 yaw:0.0] 
1622389173071 [vl:0.0 vr:0.0 yaw:0.0] 
1622389173118 [vl:0.0 vr:0.0 yaw:0.0] 
1622389173170 [vl:0.0 vr:0.0 yaw:0.0] 
1622389173218 [vl:0.0 vr:0.0 yaw:0.0] 
1622389173274 [vl:0.0 vr:0.0 yaw:0.0] 
1622389173319 [vl:0.0 vr:0.0 yaw:0.0] 
1622389173370 [vl:0.0 vr:0.0 yaw:0.0] 
1622389173418 [vl:0.0 vr:0.0 yaw:0.0] 
1622389173471 [vl:0.0 vr:0.0 yaw:0.0] 
1622389173522 [vl:0.0 vr:0.0 yaw:0.0] 
1622389173570 [vl:0.0 vr:0.0 yaw:0.0] 
1622389173618 [vl:0.0 vr:0.0 yaw:0.0] 
1622389173670 [vl:0.0 vr:0.0 yaw:0.0] 
1622389173719 [vl:0.0 vr:0.0 yaw:0.0] 
1622389173774 [vl:0.0 vr:0.0 yaw:0.0] 
1622389173818 [vl:0.0 vr:0.0 yaw:0.0] 
1622389173870 [vl:0.0 vr:0.0 yaw:0.0] 
1622389173923 [vl:0.0 vr:0.0 yaw:0.0] 
1622389173970 [vl:0.0 vr:0.0 yaw:0.0] 
1622389174022 [vl:0.0 vr:0.0 yaw:0.0] 
1622389174070 [vl:0.0 vr:0.0 yaw:0.0] 
1622389174118 [vl:0.0 vr:0.0 yaw:0.0] 
1622389174174 [vl:0.0 vr:0.0 yaw:0.0] 
1622389174218 [vl:0.0 vr:0.0 yaw:0.0] 
1622389174270 [vl:0.0 vr:0.0 yaw:0.0] 
1622389174318 [vl:0.0 vr:0.0 yaw:0.0] 
1622389174370 [vl:0.0 vr:0.0 yaw:0.0] 
1622389174419 [vl:0.0 vr:0.0 yaw:0.0] 
1622389174464 [vl:0.0 vr:0.0 yaw:0.0] 
1622389174518 [vl:0.0 vr:0.0 yaw:0.0] 
1622389174570 [vl:0.0 vr:0.0 yaw:0.0] 
1622389174624 [vl:0.0 vr:0.0 yaw:0.0] 
1622389174670 [vl:0.0 vr:0.0 yaw:0.0] 
1622389174718 [vl:0.0 vr:0.0 yaw:0.0] 
1622389174770 [vl:0.0 vr:0.0 yaw:0.0] 
1622389174821 [vl:0.0 vr:0.0 yaw:0.0] 
1622389174870 [vl:0.0 vr:0.0 yaw:0.0] 
1622389174919 [vl:0.0 vr:0.0 yaw:0.0] 
1622389174970 [vl:0.0 vr:0.0 yaw:0.0] 
1622389175018 [vl:0.0 vr:0.0 yaw:0.0] 
1622389175070 [vl:0.0 vr:0.0 yaw:0.0] 
1622389175118 [vl:0.0 vr:0.0 yaw:0.0] 
1622389175170 [vl:0.0 vr:0.0 yaw:0.0] 
1622389175218 [vl:0.0 vr:0.0 yaw:0.0] 
1622389175270 [vl:0.0 vr:0.0 yaw:0.0] 
1622389175318 [vl:0.0 vr:0.0 yaw:0.0] 
1622389175370 [vl:0.0 vr:0.0 yaw:0.0] 
1622389175418 [vl:0.0 vr:0.0 yaw:0.0] 
1622389175471 [vl:0.0 vr:0.0 yaw:0.0] 
1622389175519 [vl:0.0 vr:0.0 yaw:0.0] 
