1622681864754 [Opening serial port: /dev/ttyTHS1.] 
1622681865070 [The robot is connected to ] [/dev/ttyTHS1] 
1622681865070 [Initial robot's topic...] 
1622681865088 [Start initializing navigation] 
1622681865088 [Start initializing navigation topic] 
1622681865175 [Initialization navigation topic finished] 
1622681865217 [Initialization navigation finished] 
1622681865291 [vl:0.0 vr:0.0 yaw:0.0] 
1622681865338 [vl:0.0 vr:0.0 yaw:0.0] 
1622681865386 [vl:0.0 vr:0.0 yaw:0.0] 
1622681865441 [vl:0.0 vr:0.0 yaw:0.0] 
1622681865489 [vl:0.0 vr:0.0 yaw:0.0] 
1622681865538 [vl:0.0 vr:0.0 yaw:0.0] 
1622681865587 [vl:0.0 vr:0.0 yaw:0.0] 
1622681865645 [vl:0.0 vr:0.0 yaw:0.0] 
1622681865687 [vl:0.0 vr:0.0 yaw:0.0] 
1622681865740 [vl:0.0 vr:0.0 yaw:0.0] 
1622681865787 [vl:0.0 vr:0.0 yaw:0.0] 
1622681865838 [vl:0.0 vr:0.0 yaw:0.0] 
1622681865895 [vl:0.0 vr:0.0 yaw:0.0] 
1622681865938 [vl:0.0 vr:0.0 yaw:0.0] 
1622681865990 [vl:0.0 vr:0.0 yaw:0.0] 
1622681866037 [vl:0.0 vr:0.0 yaw:0.0] 
1622681866086 [vl:0.0 vr:0.0 yaw:0.0] 
1622681866138 [vl:0.0 vr:0.0 yaw:0.0] 
1622681866186 [vl:0.0 vr:0.0 yaw:0.0] 
1622681866243 [vl:0.0 vr:0.0 yaw:0.0] 
1622681866286 [vl:0.0 vr:0.0 yaw:0.0] 
1622681866338 [vl:0.0 vr:0.0 yaw:0.0] 
1622681866386 [vl:0.0 vr:0.0 yaw:0.0] 
1622681866442 [vl:0.0 vr:0.0 yaw:0.0] 
1622681866490 [vl:0.0 vr:0.0 yaw:0.0] 
1622681866538 [vl:0.0 vr:0.0 yaw:0.0] 
1622681866586 [vl:0.0 vr:0.0 yaw:0.0] 
1622681866642 [vl:0.0 vr:0.0 yaw:0.0] 
1622681866686 [vl:0.0 vr:0.0 yaw:0.0] 
1622681866742 [vl:0.0 vr:0.0 yaw:0.0] 
1622681866786 [vl:0.0 vr:0.0 yaw:0.0] 
1622681866838 [vl:0.0 vr:0.0 yaw:0.0] 
1622681866886 [vl:0.0 vr:0.0 yaw:0.0] 
1622681866938 [vl:0.0 vr:0.0 yaw:0.0] 
1622681866986 [vl:0.0 vr:0.0 yaw:0.0] 
1622681867038 [vl:0.0 vr:0.0 yaw:0.0] 
1622681867086 [vl:0.0 vr:0.0 yaw:0.0] 
1622681867138 [vl:0.0 vr:0.0 yaw:0.0] 
1622681867186 [vl:0.0 vr:0.0 yaw:0.0] 
1622681867238 [vl:0.0 vr:0.0 yaw:0.0] 
1622681867286 [vl:0.0 vr:0.0 yaw:0.0] 
1622681867338 [vl:0.0 vr:0.0 yaw:0.0] 
1622681867390 [vl:0.0 vr:0.0 yaw:0.0] 
1622681867438 [vl:0.0 vr:0.0 yaw:0.0] 
1622681867490 [vl:0.0 vr:0.0 yaw:0.0] 
1622681867538 [vl:0.0 vr:0.0 yaw:0.0] 
1622681867586 [vl:0.0 vr:0.0 yaw:0.0] 
1622681867638 [vl:0.0 vr:0.0 yaw:0.0] 
1622681867686 [vl:0.0 vr:0.0 yaw:0.0] 
1622681867737 [vl:0.0 vr:0.0 yaw:0.0] 
1622681867786 [vl:0.0 vr:0.0 yaw:0.0] 
1622681867838 [vl:0.0 vr:0.0 yaw:0.0] 
1622681867886 [vl:0.0 vr:0.0 yaw:0.0] 
1622681867938 [vl:0.0 vr:0.0 yaw:0.0] 
1622681867986 [vl:0.0 vr:0.0 yaw:0.0] 
1622681868038 [vl:0.0 vr:0.0 yaw:0.0] 
1622681868090 [vl:0.0 vr:0.0 yaw:0.0] 
1622681868138 [vl:0.0 vr:0.0 yaw:0.0] 
1622681868186 [vl:0.0 vr:0.0 yaw:0.0] 
1622681868238 [vl:0.0 vr:0.0 yaw:0.0] 
1622681868286 [vl:0.0 vr:0.0 yaw:0.0] 
1622681868338 [vl:0.0 vr:0.0 yaw:0.0] 
1622681868390 [vl:0.0 vr:0.0 yaw:0.0] 
1622681868438 [vl:0.0 vr:0.0 yaw:0.0] 
1622681868486 [vl:0.0 vr:0.0 yaw:0.0] 
1622681868537 [vl:0.0 vr:0.0 yaw:0.0] 
1622681868586 [vl:0.0 vr:0.0 yaw:0.0] 
1622681868638 [vl:0.0 vr:0.0 yaw:0.0] 
1622681868686 [vl:0.0 vr:0.0 yaw:0.0] 
1622681868737 [vl:0.0 vr:0.0 yaw:0.0] 
1622681868786 [vl:0.0 vr:0.0 yaw:0.0] 
1622681868837 [vl:0.0 vr:0.0 yaw:0.0] 
1622681868886 [vl:0.0 vr:0.0 yaw:0.0] 
1622681868937 [vl:0.0 vr:0.0 yaw:0.0] 
1622681868986 [vl:0.0 vr:0.0 yaw:0.0] 
1622681869038 [vl:0.0 vr:0.0 yaw:0.0] 
1622681869086 [vl:0.0 vr:0.0 yaw:0.0] 
1622681869138 [vl:0.0 vr:0.0 yaw:0.0] 
1622681869186 [vl:0.0 vr:0.0 yaw:0.0] 
1622681869238 [vl:0.0 vr:0.0 yaw:0.0] 
1622681869286 [vl:0.0 vr:0.0 yaw:0.0] 
1622681869338 [vl:0.0 vr:0.0 yaw:0.0] 
1622681869390 [vl:0.0 vr:0.0 yaw:0.0] 
1622681869438 [vl:0.0 vr:0.0 yaw:0.0] 
1622681869486 [vl:0.0 vr:0.0 yaw:0.0] 
1622681869542 [vl:0.0 vr:0.0 yaw:0.0] 
1622681869594 [vl:0.0 vr:0.0 yaw:0.0] 
1622681869650 [vl:0.0 vr:0.0 yaw:0.0] 
1622681869686 [vl:0.0 vr:0.0 yaw:0.0] 
1622681869744 [vl:0.0 vr:0.0 yaw:0.0] 
1622681869794 [vl:0.0 vr:0.0 yaw:0.0] 
1622681869838 [vl:0.0 vr:0.0 yaw:0.0] 
1622681869890 [vl:0.0 vr:0.0 yaw:0.0] 
1622681869947 [vl:0.0 vr:0.0 yaw:0.0] 
1622681869990 [vl:0.0 vr:0.0 yaw:0.0] 
1622681870037 [vl:0.0 vr:0.0 yaw:0.0] 
1622681870103 [vl:0.0 vr:0.0 yaw:0.0] 
1622681870137 [vl:0.0 vr:0.0 yaw:0.0] 
1622681870191 [vl:0.0 vr:0.0 yaw:0.0] 
1622681870251 [vl:0.0 vr:0.0 yaw:0.0] 
1622681870291 [vl:0.0 vr:0.0 yaw:0.0] 
1622681870337 [vl:0.0 vr:0.0 yaw:0.0] 
1622681870397 [vl:0.0 vr:0.0 yaw:0.0] 
1622681870438 [vl:0.0 vr:0.0 yaw:0.0] 
1622681870491 [vl:0.0 vr:0.0 yaw:0.0] 
1622681870547 [vl:0.0 vr:0.0 yaw:0.0] 
1622681870586 [vl:0.0 vr:0.0 yaw:0.0] 
1622681870638 [vl:0.0 vr:0.0 yaw:0.0] 
1622681870697 [vl:0.0 vr:0.0 yaw:0.0] 
1622681870738 [vl:0.0 vr:0.0 yaw:0.0] 
1622681870787 [vl:0.0 vr:0.0 yaw:0.0] 
1622681870845 [vl:0.0 vr:0.0 yaw:0.0] 
1622681870894 [vl:0.0 vr:0.0 yaw:0.0] 
1622681870951 [vl:0.0 vr:0.0 yaw:0.0] 
1622681870986 [vl:0.0 vr:0.0 yaw:0.0] 
1622681871043 [vl:0.0 vr:0.0 yaw:0.0] 
1622681871093 [vl:0.0 vr:0.0 yaw:0.0] 
1622681871138 [vl:0.0 vr:0.0 yaw:0.0] 
1622681871190 [vl:0.0 vr:0.0 yaw:0.0] 
1622681871238 [vl:0.0 vr:0.0 yaw:0.0] 
1622681871290 [vl:0.0 vr:0.0 yaw:0.0] 
1622681871340 [vl:0.0 vr:0.0 yaw:0.0] 
1622681871394 [vl:0.0 vr:0.0 yaw:0.0] 
1622681871442 [vl:0.0 vr:0.0 yaw:0.0] 
1622681871486 [vl:0.0 vr:0.0 yaw:0.0] 
1622681871538 [vl:0.0 vr:0.0 yaw:0.0] 
1622681871588 [vl:0.0 vr:0.0 yaw:0.0] 
1622681871638 [vl:0.0 vr:0.0 yaw:0.0] 
1622681871686 [vl:0.0 vr:0.0 yaw:0.0] 
1622681871738 [vl:0.0 vr:0.0 yaw:0.0] 
1622681871786 [vl:0.0 vr:0.0 yaw:0.0] 
1622681871839 [vl:0.0 vr:0.0 yaw:0.0] 
1622681871898 [vl:0.0 vr:0.0 yaw:0.0] 
1622681871945 [vl:0.0 vr:0.0 yaw:0.0] 
1622681871987 [vl:0.0 vr:0.0 yaw:0.0] 
1622681872039 [vl:0.0 vr:0.0 yaw:0.0] 
1622681872086 [vl:0.0 vr:0.0 yaw:0.0] 
1622681872137 [vl:0.0 vr:0.0 yaw:0.0] 
1622681872196 [vl:0.0 vr:0.0 yaw:0.0] 
1622681872243 [vl:0.0 vr:0.0 yaw:0.0] 
1622681872297 [vl:0.0 vr:0.0 yaw:0.0] 
1622681872339 [vl:0.0 vr:0.0 yaw:0.0] 
1622681872394 [vl:0.0 vr:0.0 yaw:0.0] 
1622681872438 [vl:0.0 vr:0.0 yaw:0.0] 
1622681872492 [vl:0.0 vr:0.0 yaw:0.0] 
1622681872539 [vl:0.0 vr:0.0 yaw:0.0] 
1622681872586 [vl:0.0 vr:0.0 yaw:0.0] 
1622681872642 [vl:0.0 vr:0.0 yaw:0.0] 
1622681872690 [vl:0.0 vr:0.0 yaw:0.0] 
1622681872738 [vl:0.0 vr:0.0 yaw:0.0] 
1622681872790 [vl:0.0 vr:0.0 yaw:0.0] 
1622681872845 [vl:0.0 vr:0.0 yaw:0.0] 
1622681872890 [vl:0.0 vr:0.0 yaw:0.0] 
1622681872938 [vl:0.0 vr:0.0 yaw:0.0] 
1622681872990 [vl:0.0 vr:0.0 yaw:0.0] 
1622681873039 [vl:0.0 vr:0.0 yaw:0.0] 
1622681873090 [vl:0.0 vr:0.0 yaw:0.0] 
1622681873137 [vl:0.0 vr:0.0 yaw:0.0] 
1622681873190 [vl:0.0 vr:0.0 yaw:0.0] 
1622681873243 [vl:0.0 vr:0.0 yaw:0.0] 
1622681873287 [vl:0.0 vr:0.0 yaw:0.0] 
1622681873355 [vl:0.0 vr:0.0 yaw:0.0] 
1622681873390 [vl:0.0 vr:0.0 yaw:0.0] 
1622681873449 [vl:0.0 vr:0.0 yaw:0.0] 
1622681873490 [vl:0.0 vr:0.0 yaw:0.0] 
1622681873534 [vl:0.0 vr:0.0 yaw:0.0] 
1622681873590 [vl:0.0 vr:0.0 yaw:0.0] 
1622681873640 [vl:0.0 vr:0.0 yaw:0.0] 
1622681873694 [vl:0.0 vr:0.0 yaw:0.0] 
1622681873738 [vl:0.0 vr:0.0 yaw:0.0] 
1622681873786 [vl:0.0 vr:0.0 yaw:0.0] 
1622681873842 [vl:0.0 vr:0.0 yaw:0.0] 
1622681873889 [vl:0.0 vr:0.0 yaw:0.0] 
1622681873942 [vl:0.0 vr:0.0 yaw:0.0] 
1622681873986 [vl:0.0 vr:0.0 yaw:0.0] 
1622681874042 [vl:0.0 vr:0.0 yaw:0.0] 
1622681874086 [vl:0.0 vr:0.0 yaw:0.0] 
1622681874138 [vl:0.0 vr:0.0 yaw:0.0] 
1622681874186 [vl:0.0 vr:0.0 yaw:0.0] 
1622681874242 [vl:0.0 vr:0.0 yaw:0.0] 
1622681874292 [vl:0.0 vr:0.0 yaw:0.0] 
1622681874340 [vl:0.0 vr:0.0 yaw:0.0] 
1622681874391 [vl:0.0 vr:0.0 yaw:0.0] 
1622681874439 [vl:0.0 vr:0.0 yaw:0.0] 
1622681874486 [vl:0.0 vr:0.0 yaw:0.0] 
1622681874539 [vl:0.0 vr:0.0 yaw:0.0] 
1622681874603 [vl:0.0 vr:0.0 yaw:0.0] 
1622681874638 [vl:0.0 vr:0.0 yaw:0.0] 
1622681874692 [vl:0.0 vr:0.0 yaw:0.0] 
1622681874738 [vl:0.0 vr:0.0 yaw:0.0] 
1622681874807 [vl:0.0 vr:0.0 yaw:0.0] 
1622681874839 [vl:0.0 vr:0.0 yaw:0.0] 
1622681874896 [vl:0.0 vr:0.0 yaw:0.0] 
1622681874949 [vl:0.0 vr:0.0 yaw:0.0] 
1622681874986 [vl:0.0 vr:0.0 yaw:0.0] 
1622681875043 [vl:0.0 vr:0.0 yaw:0.0] 
1622681875091 [vl:0.0 vr:0.0 yaw:0.0] 
1622681875142 [vl:0.0 vr:0.0 yaw:0.0] 
1622681875194 [vl:0.0 vr:0.0 yaw:0.0] 
1622681875237 [vl:0.0 vr:0.0 yaw:0.0] 
1622681875298 [vl:0.0 vr:0.0 yaw:0.0] 
1622681875346 [vl:0.0 vr:0.0 yaw:0.0] 
1622681875390 [vl:0.0 vr:0.0 yaw:0.0] 
1622681875448 [vl:0.0 vr:0.0 yaw:0.0] 
1622681875486 [vl:0.0 vr:0.0 yaw:0.0] 
1622681875553 [vl:0.0 vr:0.0 yaw:0.0] 
1622681875591 [vl:0.0 vr:0.0 yaw:0.0] 
1622681875640 [vl:0.0 vr:0.0 yaw:0.0] 
1622681875703 [vl:0.0 vr:0.0 yaw:0.0] 
1622681875742 [vl:0.0 vr:0.0 yaw:0.0] 
1622681875790 [vl:0.0 vr:0.0 yaw:0.0] 
1622681875835 [vl:0.0 vr:0.0 yaw:0.0] 
1622681875906 [vl:0.0 vr:0.0 yaw:0.0] 
1622681875939 [vl:0.0 vr:0.0 yaw:0.0] 
1622681876007 [vl:0.0 vr:0.0 yaw:0.0] 
1622681876044 [vl:0.0 vr:0.0 yaw:0.0] 
1622681876103 [vl:0.0 vr:0.0 yaw:0.0] 
1622681876142 [vl:0.0 vr:0.0 yaw:0.0] 
1622681876207 [vl:0.0 vr:0.0 yaw:0.0] 
1622681876243 [vl:0.0 vr:0.0 yaw:0.0] 
1622681876295 [vl:0.0 vr:0.0 yaw:0.0] 
1622681876339 [vl:0.0 vr:0.0 yaw:0.0] 
1622681876394 [vl:0.0 vr:0.0 yaw:0.0] 
1622681876446 [vl:0.0 vr:0.0 yaw:0.0] 
1622681876487 [vl:0.0 vr:0.0 yaw:0.0] 
1622681876537 [vl:0.0 vr:0.0 yaw:0.0] 
1622681876594 [vl:0.0 vr:0.0 yaw:0.0] 
1622681876638 [vl:0.0 vr:0.0 yaw:0.0] 
1622681876691 [vl:0.0 vr:0.0 yaw:0.0] 
1622681876744 [vl:0.0 vr:0.0 yaw:0.0] 
1622681876791 [vl:0.0 vr:0.0 yaw:0.0] 
1622681876860 [vl:0.0 vr:0.0 yaw:0.0] 
1622681876904 [vl:0.0 vr:0.0 yaw:0.0] 
1622681876950 [vl:0.0 vr:0.0 yaw:0.0] 
1622681876995 [vl:0.0 vr:0.0 yaw:0.0] 
1622681877065 [vl:0.0 vr:0.0 yaw:0.0] 
1622681877090 [vl:0.0 vr:0.0 yaw:0.0] 
1622681877138 [vl:0.0 vr:0.0 yaw:0.0] 
1622681877198 [vl:0.0 vr:0.0 yaw:0.0] 
1622681877238 [vl:0.0 vr:0.0 yaw:0.0] 
1622681877286 [vl:0.0 vr:0.0 yaw:0.0] 
1622681877334 [vl:0.0 vr:0.0 yaw:0.0] 
1622681877410 [vl:0.0 vr:0.0 yaw:0.0] 
1622681877443 [vl:0.0 vr:0.0 yaw:0.0] 
1622681877487 [vl:0.0 vr:0.0 yaw:0.0] 
1622681877553 [vl:0.0 vr:0.0 yaw:0.0] 
1622681877588 [vl:0.0 vr:0.0 yaw:0.0] 
1622681877641 [vl:0.0 vr:0.0 yaw:0.0] 
1622681877696 [vl:0.0 vr:0.0 yaw:0.0] 
1622681877789 [vl:0.0 vr:0.0 yaw:0.0] 
1622681877804 [vl:0.0 vr:0.0 yaw:0.0] 
1622681877838 [vl:0.0 vr:0.0 yaw:0.0] 
1622681877884 [vl:0.0 vr:0.0 yaw:0.0] 
1622681877938 [vl:0.0 vr:0.0 yaw:0.0] 
1622681877995 [vl:0.0 vr:0.0 yaw:0.0] 
1622681878061 [vl:0.0 vr:0.0 yaw:0.0] 
1622681878092 [vl:0.0 vr:0.0 yaw:0.0] 
1622681878152 [vl:0.0 vr:0.0 yaw:0.0] 
1622681878187 [vl:0.0 vr:0.0 yaw:0.0] 
1622681878259 [vl:0.0 vr:0.0 yaw:0.0] 
1622681878315 [vl:0.0 vr:0.0 yaw:0.0] 
1622681878343 [vl:0.0 vr:0.0 yaw:0.0] 
1622681878386 [vl:0.0 vr:0.0 yaw:0.0] 
1622681878438 [vl:0.0 vr:0.0 yaw:0.0] 
1622681878487 [vl:0.0 vr:0.0 yaw:0.0] 
1622681878546 [vl:0.0 vr:0.0 yaw:0.0] 
1622681878586 [vl:0.0 vr:0.0 yaw:0.0] 
1622681878638 [vl:0.0 vr:0.0 yaw:0.0] 
1622681878686 [vl:0.0 vr:0.0 yaw:0.0] 
1622681878744 [vl:0.0 vr:0.0 yaw:0.0] 
1622681878806 [vl:0.0 vr:0.0 yaw:0.0] 
1622681878861 [vl:0.0 vr:0.0 yaw:0.0] 
1622681878886 [vl:0.0 vr:0.0 yaw:0.0] 
1622681878945 [vl:0.0 vr:0.0 yaw:0.0] 
1622681878994 [vl:0.0 vr:0.0 yaw:0.0] 
1622681879038 [vl:0.0 vr:0.0 yaw:0.0] 
1622681879087 [vl:0.0 vr:0.0 yaw:0.0] 
1622681879140 [vl:0.0 vr:0.0 yaw:0.0] 
1622681879192 [vl:0.0 vr:0.0 yaw:0.0] 
1622681879238 [vl:0.0 vr:0.0 yaw:0.0] 
1622681879288 [vl:0.0 vr:0.0 yaw:0.0] 
1622681879355 [vl:0.0 vr:0.0 yaw:0.0] 
1622681879405 [vl:0.0 vr:0.0 yaw:0.0] 
1622681879443 [vl:0.0 vr:0.0 yaw:0.0] 
1622681879497 [vl:0.0 vr:0.0 yaw:0.0] 
1622681879569 [vl:0.0 vr:0.0 yaw:0.0] 
1622681879590 [vl:0.0 vr:0.0 yaw:0.0] 
1622681879638 [vl:0.0 vr:0.0 yaw:0.0] 
1622681879695 [vl:0.0 vr:0.0 yaw:0.0] 
1622681879741 [vl:0.0 vr:0.0 yaw:0.0] 
1622681879791 [vl:0.0 vr:0.0 yaw:0.0] 
1622681879840 [vl:0.0 vr:0.0 yaw:0.0] 
1622681879890 [vl:0.0 vr:0.0 yaw:0.0] 
1622681879941 [vl:0.0 vr:0.0 yaw:0.0] 
1622681879991 [vl:0.0 vr:0.0 yaw:0.0] 
1622681880085 [vl:0.0 vr:0.0 yaw:0.0] 
1622681880100 [vl:0.0 vr:0.0 yaw:0.0] 
1622681880143 [vl:0.0 vr:0.0 yaw:0.0] 
1622681880190 [vl:0.0 vr:0.0 yaw:0.0] 
1622681880255 [vl:0.0 vr:0.0 yaw:0.0] 
1622681880286 [vl:0.0 vr:0.0 yaw:0.0] 
1622681880339 [vl:0.0 vr:0.0 yaw:0.0] 
1622681880390 [vl:0.0 vr:0.0 yaw:0.0] 
1622681880443 [vl:0.0 vr:0.0 yaw:0.0] 
1622681880498 [vl:0.0 vr:0.0 yaw:0.0] 
1622681880555 [vl:0.0 vr:0.0 yaw:0.0] 
1622681880587 [vl:0.0 vr:0.0 yaw:0.0] 
1622681880638 [vl:0.0 vr:0.0 yaw:0.0] 
1622681880716 [vl:0.0 vr:0.0 yaw:0.0] 
1622681880760 [vl:0.0 vr:0.0 yaw:0.0] 
1622681880794 [vl:0.0 vr:0.0 yaw:0.0] 
1622681880858 [vl:0.0 vr:0.0 yaw:0.0] 
1622681880900 [vl:0.0 vr:0.0 yaw:0.0] 
1622681880959 [vl:0.0 vr:0.0 yaw:0.0] 
1622681881005 [vl:0.0 vr:0.0 yaw:0.0] 
1622681881038 [vl:0.0 vr:0.0 yaw:0.0] 
1622681881111 [vl:0.0 vr:0.0 yaw:0.0] 
1622681881140 [vl:0.0 vr:0.0 yaw:0.0] 
1622681881190 [vl:0.0 vr:0.0 yaw:0.0] 
1622681881238 [vl:0.0 vr:0.0 yaw:0.0] 
1622681881302 [vl:0.0 vr:0.0 yaw:0.0] 
1622681881338 [vl:0.0 vr:0.0 yaw:0.0] 
1622681881386 [vl:0.0 vr:0.0 yaw:0.0] 
1622681881439 [vl:0.0 vr:0.0 yaw:0.0] 
1622681881489 [vl:0.0 vr:0.0 yaw:0.0] 
1622681881550 [vl:0.0 vr:0.0 yaw:0.0] 
1622681881604 [vl:0.0 vr:0.0 yaw:0.0] 
1622681881644 [vl:0.0 vr:0.0 yaw:0.0] 
1622681881688 [vl:0.0 vr:0.0 yaw:0.0] 
1622681881750 [vl:0.0 vr:0.0 yaw:0.0] 
1622681881786 [vl:0.0 vr:0.0 yaw:0.0] 
1622681881837 [vl:0.0 vr:0.0 yaw:0.0] 
1622681881897 [vl:0.0 vr:0.0 yaw:0.0] 
1622681881940 [vl:0.0 vr:0.0 yaw:0.0] 
1622681881991 [vl:0.0 vr:0.0 yaw:0.0] 
1622681882045 [vl:0.0 vr:0.0 yaw:0.0] 
1622681882107 [vl:0.0 vr:0.0 yaw:0.0] 
1622681882138 [vl:0.0 vr:0.0 yaw:0.0] 
1622681882186 [vl:0.0 vr:0.0 yaw:0.0] 
1622681882245 [vl:0.0 vr:0.0 yaw:0.0] 
1622681882287 [vl:0.0 vr:0.0 yaw:0.0] 
1622681882339 [vl:0.0 vr:0.0 yaw:0.0] 
1622681882388 [vl:0.0 vr:0.0 yaw:0.0] 
1622681882455 [vl:0.0 vr:0.0 yaw:0.0] 
1622681882516 [vl:0.0 vr:0.0 yaw:0.0] 
1622681882547 [vl:0.0 vr:0.0 yaw:0.0] 
1622681882597 [vl:0.0 vr:0.0 yaw:0.0] 
1622681882643 [vl:0.0 vr:0.0 yaw:0.0] 
1622681882713 [vl:0.0 vr:0.0 yaw:0.0] 
1622681882744 [vl:0.0 vr:0.0 yaw:0.0] 
1622681882788 [vl:0.0 vr:0.0 yaw:0.0] 
1622681882843 [vl:0.0 vr:0.0 yaw:0.0] 
1622681882903 [vl:0.0 vr:0.0 yaw:0.0] 
1622681882941 [vl:0.0 vr:0.0 yaw:0.0] 
1622681882992 [vl:0.0 vr:0.0 yaw:0.0] 
1622681883038 [vl:0.0 vr:0.0 yaw:0.0] 
1622681883087 [vl:0.0 vr:0.0 yaw:0.0] 
1622681883143 [vl:0.0 vr:0.0 yaw:0.0] 
1622681883186 [vl:0.0 vr:0.0 yaw:0.0] 
1622681883237 [vl:0.0 vr:0.0 yaw:0.0] 
1622681883290 [vl:0.0 vr:0.0 yaw:0.0] 
1622681883341 [vl:0.0 vr:0.0 yaw:0.0] 
1622681883395 [vl:0.0 vr:0.0 yaw:0.0] 
1622681883458 [vl:0.0 vr:0.0 yaw:0.0] 
1622681883485 [vl:0.0 vr:0.0 yaw:0.0] 
1622681883550 [vl:0.0 vr:0.0 yaw:0.0] 
1622681883603 [vl:0.0 vr:0.0 yaw:0.0] 
1622681883645 [vl:0.0 vr:0.0 yaw:0.0] 
1622681883694 [vl:0.0 vr:0.0 yaw:0.0] 
1622681883751 [vl:0.0 vr:0.0 yaw:0.0] 
1622681883801 [vl:0.0 vr:0.0 yaw:0.0] 
1622681883843 [vl:0.0 vr:0.0 yaw:0.0] 
1622681883891 [vl:0.0 vr:0.0 yaw:0.0] 
1622681883941 [vl:0.0 vr:0.0 yaw:0.0] 
1622681883995 [vl:0.0 vr:0.0 yaw:0.0] 
1622681884067 [vl:0.0 vr:0.0 yaw:0.0] 
1622681884090 [vl:0.0 vr:0.0 yaw:0.0] 
1622681884141 [vl:0.0 vr:0.0 yaw:0.0] 
1622681884196 [vl:0.0 vr:0.0 yaw:0.0] 
1622681884246 [vl:0.0 vr:0.0 yaw:0.0] 
1622681884290 [vl:0.0 vr:0.0 yaw:0.0] 
1622681884340 [vl:0.0 vr:0.0 yaw:0.0] 
1622681884386 [vl:0.0 vr:0.0 yaw:0.0] 
1622681884437 [vl:0.0 vr:0.0 yaw:0.0] 
1622681884486 [vl:0.0 vr:0.0 yaw:0.0] 
1622681884538 [vl:0.0 vr:0.0 yaw:0.0] 
1622681884584 [vl:0.0 vr:0.0 yaw:0.0] 
1622681884646 [vl:0.0 vr:0.0 yaw:0.0] 
1622681884690 [vl:0.0 vr:0.0 yaw:0.0] 
1622681884760 [vl:0.0 vr:0.0 yaw:0.0] 
1622681884786 [vl:0.0 vr:0.0 yaw:0.0] 
1622681884840 [vl:0.0 vr:0.0 yaw:0.0] 
1622681884889 [vl:0.0 vr:0.0 yaw:0.0] 
1622681884946 [vl:0.0 vr:0.0 yaw:0.0] 
1622681884991 [vl:0.0 vr:0.0 yaw:0.0] 
1622681885037 [vl:0.0 vr:0.0 yaw:0.0] 
1622681885090 [vl:0.0 vr:0.0 yaw:0.0] 
1622681885140 [vl:0.0 vr:0.0 yaw:0.0] 
1622681885194 [vl:0.0 vr:0.0 yaw:0.0] 
1622681885238 [vl:0.0 vr:0.0 yaw:0.0] 
1622681885298 [vl:0.0 vr:0.0 yaw:0.0] 
1622681885341 [vl:0.0 vr:0.0 yaw:0.0] 
1622681885403 [vl:0.0 vr:0.0 yaw:0.0] 
1622681885447 [vl:0.0 vr:0.0 yaw:0.0] 
1622681885507 [vl:0.0 vr:0.0 yaw:0.0] 
1622681885556 [vl:0.0 vr:0.0 yaw:0.0] 
1622681885602 [vl:0.0 vr:0.0 yaw:0.0] 
1622681885646 [vl:0.0 vr:0.0 yaw:0.0] 
1622681885691 [vl:0.0 vr:0.0 yaw:0.0] 
1622681885749 [vl:0.0 vr:0.0 yaw:0.0] 
1622681885787 [vl:0.0 vr:0.0 yaw:0.0] 
1622681885842 [vl:0.0 vr:0.0 yaw:0.0] 
1622681885887 [vl:0.0 vr:0.0 yaw:0.0] 
1622681885950 [vl:0.0 vr:0.0 yaw:0.0] 
1622681885991 [vl:0.0 vr:0.0 yaw:0.0] 
1622681886049 [vl:0.0 vr:0.0 yaw:0.0] 
1622681886085 [vl:0.0 vr:0.0 yaw:0.0] 
1622681886142 [vl:0.0 vr:0.0 yaw:0.0] 
1622681886211 [vl:0.0 vr:0.0 yaw:0.0] 
1622681886258 [vl:0.0 vr:0.0 yaw:0.0] 
1622681886298 [vl:0.0 vr:0.0 yaw:0.0] 
1622681886342 [vl:0.0 vr:0.0 yaw:0.0] 
1622681886386 [vl:0.0 vr:0.0 yaw:0.0] 
1622681886439 [vl:0.0 vr:0.0 yaw:0.0] 
1622681886490 [vl:0.0 vr:0.0 yaw:0.0] 
1622681886554 [vl:0.0 vr:0.0 yaw:0.0] 
1622681886598 [vl:0.0 vr:0.0 yaw:0.0] 
1622681886638 [vl:0.0 vr:0.0 yaw:0.0] 
1622681886686 [vl:0.0 vr:0.0 yaw:0.0] 
1622681886738 [vl:0.0 vr:0.0 yaw:0.0] 
1622681886801 [vl:0.0 vr:0.0 yaw:0.0] 
1622681886846 [vl:0.0 vr:0.0 yaw:0.0] 
1622681886894 [vl:0.0 vr:0.0 yaw:0.0] 
1622681886938 [vl:0.0 vr:0.0 yaw:0.0] 
1622681886997 [vl:0.0 vr:0.0 yaw:0.0] 
1622681887049 [vl:0.0 vr:0.0 yaw:0.0] 
1622681887100 [vl:0.0 vr:0.0 yaw:0.0] 
1622681887147 [vl:0.0 vr:0.0 yaw:0.0] 
1622681887190 [vl:0.0 vr:0.0 yaw:0.0] 
1622681887244 [vl:0.0 vr:0.0 yaw:0.0] 
1622681887306 [vl:0.0 vr:0.0 yaw:0.0] 
1622681887378 [vl:0.0 vr:0.0 yaw:0.0] 
1622681887394 [vl:0.0 vr:0.0 yaw:0.0] 
1622681887440 [vl:0.0 vr:0.0 yaw:0.0] 
1622681887489 [vl:0.0 vr:0.0 yaw:0.0] 
1622681887543 [vl:0.0 vr:0.0 yaw:0.0] 
1622681887590 [vl:0.0 vr:0.0 yaw:0.0] 
1622681887652 [vl:0.0 vr:0.0 yaw:0.0] 
1622681887692 [vl:0.0 vr:0.0 yaw:0.0] 
1622681887747 [vl:0.0 vr:0.0 yaw:0.0] 
1622681887791 [vl:0.0 vr:0.0 yaw:0.0] 
1622681887864 [vl:0.0 vr:0.0 yaw:0.0] 
1622681887891 [vl:0.0 vr:0.0 yaw:0.0] 
1622681887938 [vl:0.0 vr:0.0 yaw:0.0] 
1622681887986 [vl:0.0 vr:0.0 yaw:0.0] 
1622681888043 [vl:0.0 vr:0.0 yaw:0.0] 
1622681888086 [vl:0.0 vr:0.0 yaw:0.0] 
1622681888147 [vl:0.0 vr:0.0 yaw:0.0] 
1622681888191 [vl:0.0 vr:0.0 yaw:0.0] 
1622681888241 [vl:0.0 vr:0.0 yaw:0.0] 
1622681888298 [vl:0.0 vr:0.0 yaw:0.0] 
1622681888347 [vl:0.0 vr:0.0 yaw:0.0] 
1622681888430 [vl:0.0 vr:0.0 yaw:0.0] 
1622681888454 [vl:0.0 vr:0.0 yaw:0.0] 
1622681888507 [vl:0.0 vr:0.0 yaw:0.0] 
1622681888568 [vl:0.0 vr:0.0 yaw:0.0] 
1622681888599 [vl:0.0 vr:0.0 yaw:0.0] 
1622681888638 [vl:0.0 vr:0.0 yaw:0.0] 
1622681888685 [vl:0.0 vr:0.0 yaw:0.0] 
1622681888746 [vl:0.0 vr:0.0 yaw:0.0] 
1622681888794 [vl:0.0 vr:0.0 yaw:0.0] 
1622681888848 [vl:0.0 vr:0.0 yaw:0.0] 
1622681888891 [vl:0.0 vr:0.0 yaw:0.0] 
1622681888940 [vl:0.0 vr:0.0 yaw:0.0] 
1622681889004 [vl:0.0 vr:0.0 yaw:0.0] 
1622681889042 [vl:0.0 vr:0.0 yaw:0.0] 
1622681889090 [vl:0.0 vr:0.0 yaw:0.0] 
1622681889179 [vl:0.0 vr:0.0 yaw:0.0] 
1622681889199 [vl:0.0 vr:0.0 yaw:0.0] 
1622681889241 [vl:0.0 vr:0.0 yaw:0.0] 
1622681889297 [vl:0.0 vr:0.0 yaw:0.0] 
1622681889342 [vl:0.0 vr:0.0 yaw:0.0] 
1622681889390 [vl:0.0 vr:0.0 yaw:0.0] 
1622681889471 [vl:0.0 vr:0.0 yaw:0.0] 
1622681889494 [vl:0.0 vr:0.0 yaw:0.0] 
1622681889546 [vl:0.0 vr:0.0 yaw:0.0] 
1622681889617 [vl:0.0 vr:0.0 yaw:0.0] 
1622681889643 [vl:0.0 vr:0.0 yaw:0.0] 
1622681889688 [vl:0.0 vr:0.0 yaw:0.0] 
1622681889743 [vl:0.0 vr:0.0 yaw:0.0] 
1622681889794 [vl:0.0 vr:0.0 yaw:0.0] 
1622681889865 [vl:0.0 vr:0.0 yaw:0.0] 
1622681889892 [vl:0.0 vr:0.0 yaw:0.0] 
1622681889953 [vl:0.0 vr:0.0 yaw:0.0] 
1622681889986 [vl:0.0 vr:0.0 yaw:0.0] 
1622681890038 [vl:0.0 vr:0.0 yaw:0.0] 
1622681890092 [vl:0.0 vr:0.0 yaw:0.0] 
1622681890146 [vl:0.0 vr:0.0 yaw:0.0] 
1622681890186 [vl:0.0 vr:0.0 yaw:0.0] 
1622681890238 [vl:0.0 vr:0.0 yaw:0.0] 
1622681890295 [vl:0.0 vr:0.0 yaw:0.0] 
1622681890339 [vl:0.0 vr:0.0 yaw:0.0] 
1622681890391 [vl:0.0 vr:0.0 yaw:0.0] 
1622681890438 [vl:0.0 vr:0.0 yaw:0.0] 
1622681890486 [vl:0.0 vr:0.0 yaw:0.0] 
1622681890538 [vl:0.0 vr:0.0 yaw:0.0] 
1622681890587 [vl:0.0 vr:0.0 yaw:0.0] 
1622681890642 [vl:0.0 vr:0.0 yaw:0.0] 
1622681890702 [vl:0.0 vr:0.0 yaw:0.0] 
1622681890739 [vl:0.0 vr:0.0 yaw:0.0] 
1622681890787 [vl:0.0 vr:0.0 yaw:0.0] 
1622681890841 [vl:0.0 vr:0.0 yaw:0.0] 
1622681890917 [vl:0.0 vr:0.0 yaw:0.0] 
1622681890947 [vl:0.0 vr:0.0 yaw:0.0] 
1622681890991 [vl:0.0 vr:0.0 yaw:0.0] 
1622681891044 [vl:0.0 vr:0.0 yaw:0.0] 
1622681891094 [vl:0.0 vr:0.0 yaw:0.0] 
1622681891151 [vl:0.0 vr:0.0 yaw:0.0] 
1622681891202 [vl:0.0 vr:0.0 yaw:0.0] 
1622681891259 [vl:0.0 vr:0.0 yaw:0.0] 
1622681891287 [vl:0.0 vr:0.0 yaw:0.0] 
1622681891338 [vl:0.0 vr:0.0 yaw:0.0] 
1622681891390 [vl:0.0 vr:0.0 yaw:0.0] 
1622681891439 [vl:0.0 vr:0.0 yaw:0.0] 
1622681891486 [vl:0.0 vr:0.0 yaw:0.0] 
1622681891542 [vl:0.0 vr:0.0 yaw:0.0] 
1622681891590 [vl:0.0 vr:0.0 yaw:0.0] 
1622681891643 [vl:0.0 vr:0.0 yaw:0.0] 
1622681891695 [vl:0.0 vr:0.0 yaw:0.0] 
1622681891738 [vl:0.0 vr:0.0 yaw:0.0] 
1622681891790 [vl:0.0 vr:0.0 yaw:0.0] 
1622681891843 [vl:0.0 vr:0.0 yaw:0.0] 
1622681891894 [vl:0.0 vr:0.0 yaw:0.0] 
1622681891965 [vl:0.0 vr:0.0 yaw:0.0] 
1622681891991 [vl:0.0 vr:0.0 yaw:0.0] 
1622681892039 [vl:0.0 vr:0.0 yaw:0.0] 
1622681892090 [vl:0.0 vr:0.0 yaw:0.0] 
1622681892145 [vl:0.0 vr:0.0 yaw:0.0] 
1622681892194 [vl:0.0 vr:0.0 yaw:0.0] 
1622681892257 [vl:0.0 vr:0.0 yaw:0.0] 
1622681892301 [vl:0.0 vr:0.0 yaw:0.0] 
1622681892354 [vl:0.0 vr:0.0 yaw:0.0] 
1622681892402 [vl:0.0 vr:0.0 yaw:0.0] 
1622681892449 [vl:0.0 vr:0.0 yaw:0.0] 
1622681892486 [vl:0.0 vr:0.0 yaw:0.0] 
1622681892546 [vl:0.0 vr:0.0 yaw:0.0] 
1622681892586 [vl:0.0 vr:0.0 yaw:0.0] 
1622681892641 [vl:0.0 vr:0.0 yaw:0.0] 
1622681892694 [vl:0.0 vr:0.0 yaw:0.0] 
1622681892744 [vl:0.0 vr:0.0 yaw:0.0] 
1622681892795 [vl:0.0 vr:0.0 yaw:0.0] 
1622681892846 [vl:0.0 vr:0.0 yaw:0.0] 
1622681892891 [vl:0.0 vr:0.0 yaw:0.0] 
1622681892939 [vl:0.0 vr:0.0 yaw:0.0] 
1622681892990 [vl:0.0 vr:0.0 yaw:0.0] 
1622681893050 [vl:0.0 vr:0.0 yaw:0.0] 
1622681893086 [vl:0.0 vr:0.0 yaw:0.0] 
1622681893151 [vl:0.0 vr:0.0 yaw:0.0] 
1622681893197 [vl:0.0 vr:0.0 yaw:0.0] 
1622681893242 [vl:0.0 vr:0.0 yaw:0.0] 
1622681893291 [vl:0.0 vr:0.0 yaw:0.0] 
1622681893346 [vl:0.0 vr:0.0 yaw:0.0] 
1622681893398 [vl:0.0 vr:0.0 yaw:0.0] 
1622681893442 [vl:0.0 vr:0.0 yaw:0.0] 
1622681893496 [vl:0.0 vr:0.0 yaw:0.0] 
1622681893538 [vl:0.0 vr:0.0 yaw:0.0] 
1622681893589 [vl:0.0 vr:0.0 yaw:0.0] 
1622681893639 [vl:0.0 vr:0.0 yaw:0.0] 
1622681893686 [vl:0.0 vr:0.0 yaw:0.0] 
1622681893738 [vl:0.0 vr:0.0 yaw:0.0] 
1622681893786 [vl:0.0 vr:0.0 yaw:0.0] 
1622681893839 [vl:0.0 vr:0.0 yaw:0.0] 
1622681893894 [vl:0.0 vr:0.0 yaw:0.0] 
1622681893946 [vl:0.0 vr:0.0 yaw:0.0] 
1622681893991 [vl:0.0 vr:0.0 yaw:0.0] 
1622681894038 [vl:0.0 vr:0.0 yaw:0.0] 
1622681894099 [vl:0.0 vr:0.0 yaw:0.0] 
1622681894139 [vl:0.0 vr:0.0 yaw:0.0] 
1622681894183 [vl:0.0 vr:0.0 yaw:0.0] 
1622681894258 [vl:0.0 vr:0.0 yaw:0.0] 
1622681894291 [vl:0.0 vr:0.0 yaw:0.0] 
1622681894340 [vl:0.0 vr:0.0 yaw:0.0] 
1622681894394 [vl:0.0 vr:0.0 yaw:0.0] 
1622681894437 [vl:0.0 vr:0.0 yaw:0.0] 
1622681894491 [vl:0.0 vr:0.0 yaw:0.0] 
1622681894539 [vl:0.0 vr:0.0 yaw:0.0] 
1622681894599 [vl:0.0 vr:0.0 yaw:0.0] 
1622681894638 [vl:0.0 vr:0.0 yaw:0.0] 
1622681894692 [vl:0.0 vr:0.0 yaw:0.0] 
1622681894738 [vl:0.0 vr:0.0 yaw:0.0] 
1622681894790 [vl:0.0 vr:0.0 yaw:0.0] 
1622681894868 [vl:0.0 vr:0.0 yaw:0.0] 
1622681894902 [vl:0.0 vr:0.0 yaw:0.0] 
1622681894986 [vl:0.0 vr:0.0 yaw:0.0] 
1622681895023 [vl:0.0 vr:0.0 yaw:0.0] 
1622681895059 [vl:0.0 vr:0.0 yaw:0.0] 
1622681895103 [vl:0.0 vr:0.0 yaw:0.0] 
1622681895171 [vl:0.0 vr:0.0 yaw:0.0] 
1622681895202 [vl:0.0 vr:0.0 yaw:0.0] 
1622681895242 [vl:0.0 vr:0.0 yaw:0.0] 
1622681895290 [vl:0.0 vr:0.0 yaw:0.0] 
1622681895339 [vl:0.0 vr:0.0 yaw:0.0] 
1622681895395 [vl:0.0 vr:0.0 yaw:0.0] 
1622681895443 [vl:0.0 vr:0.0 yaw:0.0] 
1622681895490 [vl:0.0 vr:0.0 yaw:0.0] 
1622681895538 [vl:0.0 vr:0.0 yaw:0.0] 
1622681895586 [vl:0.0 vr:0.0 yaw:0.0] 
1622681895642 [vl:0.0 vr:0.0 yaw:0.0] 
1622681895697 [vl:0.0 vr:0.0 yaw:0.0] 
1622681895744 [vl:0.0 vr:0.0 yaw:0.0] 
1622681895794 [vl:0.0 vr:0.0 yaw:0.0] 
1622681895849 [vl:0.0 vr:0.0 yaw:0.0] 
1622681895886 [vl:0.0 vr:0.0 yaw:0.0] 
1622681895943 [vl:0.0 vr:0.0 yaw:0.0] 
1622681896006 [vl:0.0 vr:0.0 yaw:0.0] 
1622681896042 [vl:0.0 vr:0.0 yaw:0.0] 
1622681896087 [vl:0.0 vr:0.0 yaw:0.0] 
1622681896168 [vl:0.0 vr:0.0 yaw:0.0] 
1622681896199 [vl:0.0 vr:0.0 yaw:0.0] 
1622681896254 [vl:0.0 vr:0.0 yaw:0.0] 
1622681896299 [vl:0.0 vr:0.0 yaw:0.0] 
1622681896340 [vl:0.0 vr:0.0 yaw:0.0] 
1622681896398 [vl:0.0 vr:0.0 yaw:0.0] 
1622681896448 [vl:0.0 vr:0.0 yaw:0.0] 
1622681896495 [vl:0.0 vr:0.0 yaw:0.0] 
1622681896538 [vl:0.0 vr:0.0 yaw:0.0] 
1622681896589 [vl:0.0 vr:0.0 yaw:0.0] 
1622681896647 [vl:0.0 vr:0.0 yaw:0.0] 
1622681896699 [vl:0.0 vr:0.0 yaw:0.0] 
1622681896739 [vl:0.0 vr:0.0 yaw:0.0] 
1622681896797 [vl:0.0 vr:0.0 yaw:0.0] 
1622681896839 [vl:0.0 vr:0.0 yaw:0.0] 
1622681896886 [vl:0.0 vr:0.0 yaw:0.0] 
1622681896939 [vl:0.0 vr:0.0 yaw:0.0] 
1622681896988 [vl:0.0 vr:0.0 yaw:0.0] 
1622681897039 [vl:0.0 vr:0.0 yaw:0.0] 
1622681897086 [vl:0.0 vr:0.0 yaw:0.0] 
1622681897138 [vl:0.0 vr:0.0 yaw:0.0] 
1622681897186 [vl:0.0 vr:0.0 yaw:0.0] 
1622681897238 [vl:0.0 vr:0.0 yaw:0.0] 
1622681897286 [vl:0.0 vr:0.0 yaw:0.0] 
1622681897338 [vl:0.0 vr:0.0 yaw:0.0] 
1622681897390 [vl:0.0 vr:0.0 yaw:0.0] 
1622681897440 [vl:0.0 vr:0.0 yaw:0.0] 
1622681897505 [vl:0.0 vr:0.0 yaw:0.0] 
1622681897539 [vl:0.0 vr:0.0 yaw:0.0] 
1622681897593 [vl:0.0 vr:0.0 yaw:0.0] 
1622681897638 [vl:0.0 vr:0.0 yaw:0.0] 
1622681897690 [vl:0.0 vr:0.0 yaw:0.0] 
1622681897738 [vl:0.0 vr:0.0 yaw:0.0] 
1622681897796 [vl:0.0 vr:0.0 yaw:0.0] 
1622681897838 [vl:0.0 vr:0.0 yaw:0.0] 
1622681897900 [vl:0.0 vr:0.0 yaw:0.0] 
1622681897939 [vl:0.0 vr:0.0 yaw:0.0] 
1622681897994 [vl:0.0 vr:0.0 yaw:0.0] 
1622681898038 [vl:0.0 vr:0.0 yaw:0.0] 
1622681898086 [vl:0.0 vr:0.0 yaw:0.0] 
1622681898144 [vl:0.0 vr:0.0 yaw:0.0] 
1622681898186 [vl:0.0 vr:0.0 yaw:0.0] 
1622681898238 [vl:0.0 vr:0.0 yaw:0.0] 
1622681898295 [vl:0.0 vr:0.0 yaw:0.0] 
1622681898338 [vl:0.0 vr:0.0 yaw:0.0] 
1622681898400 [vl:0.0 vr:0.0 yaw:0.0] 
1622681898439 [vl:0.0 vr:0.0 yaw:0.0] 
1622681898490 [vl:0.0 vr:0.0 yaw:0.0] 
1622681898538 [vl:0.0 vr:0.0 yaw:0.0] 
1622681898606 [vl:0.0 vr:0.0 yaw:0.0] 
1622681898639 [vl:0.0 vr:0.0 yaw:0.0] 
1622681898687 [vl:0.0 vr:0.0 yaw:0.0] 
1622681898740 [vl:0.0 vr:0.0 yaw:0.0] 
1622681898790 [vl:0.0 vr:0.0 yaw:0.0] 
1622681898838 [vl:0.0 vr:0.0 yaw:0.0] 
1622681898890 [vl:0.0 vr:0.0 yaw:0.0] 
1622681898937 [vl:0.0 vr:0.0 yaw:0.0] 
1622681898995 [vl:0.0 vr:0.0 yaw:0.0] 
1622681899039 [vl:0.0 vr:0.0 yaw:0.0] 
1622681899086 [vl:0.0 vr:0.0 yaw:0.0] 
1622681899142 [vl:0.0 vr:0.0 yaw:0.0] 
1622681899186 [vl:0.0 vr:0.0 yaw:0.0] 
1622681899240 [vl:0.0 vr:0.0 yaw:0.0] 
1622681899290 [vl:0.0 vr:0.0 yaw:0.0] 
1622681899339 [vl:0.0 vr:0.0 yaw:0.0] 
1622681899385 [vl:0.0 vr:0.0 yaw:0.0] 
1622681899442 [vl:0.0 vr:0.0 yaw:0.0] 
1622681899487 [vl:0.0 vr:0.0 yaw:0.0] 
1622681899549 [vl:0.0 vr:0.0 yaw:0.0] 
1622681899586 [vl:0.0 vr:0.0 yaw:0.0] 
1622681899639 [vl:0.0 vr:0.0 yaw:0.0] 
1622681899690 [vl:0.0 vr:0.0 yaw:0.0] 
1622681899734 [vl:0.0 vr:0.0 yaw:0.0] 
1622681899786 [vl:0.0 vr:0.0 yaw:0.0] 
1622681899845 [vl:0.0 vr:0.0 yaw:0.0] 
1622681899892 [vl:0.0 vr:0.0 yaw:0.0] 
1622681899946 [vl:0.0 vr:0.0 yaw:0.0] 
1622681899986 [vl:0.0 vr:0.0 yaw:0.0] 
1622681900039 [vl:0.0 vr:0.0 yaw:0.0] 
1622681900086 [vl:0.0 vr:0.0 yaw:0.0] 
1622681900139 [vl:0.0 vr:0.0 yaw:0.0] 
1622681900190 [vl:0.0 vr:0.0 yaw:0.0] 
1622681900248 [vl:0.0 vr:0.0 yaw:0.0] 
1622681900310 [vl:0.0 vr:0.0 yaw:0.0] 
1622681900342 [vl:0.0 vr:0.0 yaw:0.0] 
1622681900399 [vl:0.0 vr:0.0 yaw:0.0] 
1622681900451 [vl:0.0 vr:0.0 yaw:0.0] 
1622681900488 [vl:0.0 vr:0.0 yaw:0.0] 
1622681900538 [vl:0.0 vr:0.0 yaw:0.0] 
1622681900586 [vl:0.0 vr:0.0 yaw:0.0] 
1622681900638 [vl:0.0 vr:0.0 yaw:0.0] 
1622681900690 [vl:0.0 vr:0.0 yaw:0.0] 
1622681900746 [vl:0.0 vr:0.0 yaw:0.0] 
1622681900796 [vl:0.0 vr:0.0 yaw:0.0] 
1622681900840 [vl:0.0 vr:0.0 yaw:0.0] 
1622681900895 [vl:0.0 vr:0.0 yaw:0.0] 
1622681900939 [vl:0.0 vr:0.0 yaw:0.0] 
1622681900992 [vl:0.0 vr:0.0 yaw:0.0] 
1622681901039 [vl:0.0 vr:0.0 yaw:0.0] 
1622681901086 [vl:0.0 vr:0.0 yaw:0.0] 
1622681901138 [vl:0.0 vr:0.0 yaw:0.0] 
1622681901187 [vl:0.0 vr:0.0 yaw:0.0] 
1622681901242 [vl:0.0 vr:0.0 yaw:0.0] 
1622681901287 [vl:0.0 vr:0.0 yaw:0.0] 
1622681901341 [vl:0.0 vr:0.0 yaw:0.0] 
1622681901392 [vl:0.0 vr:0.0 yaw:0.0] 
1622681901453 [vl:0.0 vr:0.0 yaw:0.0] 
1622681901491 [vl:0.0 vr:0.0 yaw:0.0] 
1622681901547 [vl:0.0 vr:0.0 yaw:0.0] 
1622681901595 [vl:0.0 vr:0.0 yaw:0.0] 
1622681901642 [vl:0.0 vr:0.0 yaw:0.0] 
1622681901686 [vl:0.0 vr:0.0 yaw:0.0] 
1622681901751 [vl:0.0 vr:0.0 yaw:0.0] 
1622681901786 [vl:0.0 vr:0.0 yaw:0.0] 
1622681901841 [vl:0.0 vr:0.0 yaw:0.0] 
1622681901890 [vl:0.0 vr:0.0 yaw:0.0] 
1622681901938 [vl:0.0 vr:0.0 yaw:0.0] 
1622681901990 [vl:0.0 vr:0.0 yaw:0.0] 
1622681902041 [vl:0.0 vr:0.0 yaw:0.0] 
1622681902086 [vl:0.0 vr:0.0 yaw:0.0] 
1622681902140 [vl:0.0 vr:0.0 yaw:0.0] 
1622681902190 [vl:0.0 vr:0.0 yaw:0.0] 
1622681902241 [vl:0.0 vr:0.0 yaw:0.0] 
1622681902290 [vl:0.0 vr:0.0 yaw:0.0] 
1622681902338 [vl:0.0 vr:0.0 yaw:0.0] 
1622681902387 [vl:0.0 vr:0.0 yaw:0.0] 
1622681902448 [vl:0.0 vr:0.0 yaw:0.0] 
1622681902571 [vl:0.0 vr:0.0 yaw:0.0] 
1622681902590 [vl:0.0 vr:0.0 yaw:0.0] 
1622681902604 [vl:0.0 vr:0.0 yaw:0.0] 
1622681902642 [vl:0.0 vr:0.0 yaw:0.0] 
1622681902686 [vl:0.0 vr:0.0 yaw:0.0] 
1622681902739 [vl:0.0 vr:0.0 yaw:0.0] 
1622681902804 [vl:0.0 vr:0.0 yaw:0.0] 
1622681902838 [vl:0.0 vr:0.0 yaw:0.0] 
1622681902892 [vl:0.0 vr:0.0 yaw:0.0] 
1622681902942 [vl:0.0 vr:0.0 yaw:0.0] 
1622681902986 [vl:0.0 vr:0.0 yaw:0.0] 
1622681903053 [vl:0.0 vr:0.0 yaw:0.0] 
1622681903092 [vl:0.0 vr:0.0 yaw:0.0] 
1622681903169 [vl:0.0 vr:0.0 yaw:0.0] 
1622681903196 [vl:0.0 vr:0.0 yaw:0.0] 
1622681903238 [vl:0.0 vr:0.0 yaw:0.0] 
1622681903314 [vl:0.0 vr:0.0 yaw:0.0] 
1622681903351 [vl:0.0 vr:0.0 yaw:0.0] 
1622681903391 [vl:0.0 vr:0.0 yaw:0.0] 
1622681903450 [vl:0.0 vr:0.0 yaw:0.0] 
1622681903490 [vl:0.0 vr:0.0 yaw:0.0] 
1622681903546 [vl:0.0 vr:0.0 yaw:0.0] 
1622681903586 [vl:0.0 vr:0.0 yaw:0.0] 
1622681903645 [vl:0.0 vr:0.0 yaw:0.0] 
1622681903693 [vl:0.0 vr:0.0 yaw:0.0] 
1622681903774 [vl:0.0 vr:0.0 yaw:0.0] 
1622681903796 [vl:0.0 vr:0.0 yaw:0.0] 
1622681903866 [vl:0.0 vr:0.0 yaw:0.0] 
1622681903903 [vl:0.0 vr:0.0 yaw:0.0] 
1622681903939 [vl:0.0 vr:0.0 yaw:0.0] 
1622681904007 [vl:0.0 vr:0.0 yaw:0.0] 
1622681904053 [vl:0.0 vr:0.0 yaw:0.0] 
1622681904087 [vl:0.0 vr:0.0 yaw:0.0] 
1622681904138 [vl:0.0 vr:0.0 yaw:0.0] 
1622681904216 [vl:0.0 vr:0.0 yaw:0.0] 
1622681904238 [vl:0.0 vr:0.0 yaw:0.0] 
1622681904289 [vl:0.0 vr:0.0 yaw:0.0] 
1622681904342 [vl:0.0 vr:0.0 yaw:0.0] 
1622681904394 [vl:0.0 vr:0.0 yaw:0.0] 
1622681904445 [vl:0.0 vr:0.0 yaw:0.0] 
1622681904493 [vl:0.0 vr:0.0 yaw:0.0] 
1622681904545 [vl:0.0 vr:0.0 yaw:0.0] 
1622681904598 [vl:0.0 vr:0.0 yaw:0.0] 
1622681904635 [vl:0.0 vr:0.0 yaw:0.0] 
1622681904706 [vl:0.0 vr:0.0 yaw:0.0] 
1622681904742 [vl:0.0 vr:0.0 yaw:0.0] 
1622681904810 [vl:0.0 vr:0.0 yaw:0.0] 
1622681904841 [vl:0.0 vr:0.0 yaw:0.0] 
1622681904890 [vl:0.0 vr:0.0 yaw:0.0] 
1622681904938 [vl:0.0 vr:0.0 yaw:0.0] 
1622681904996 [vl:0.0 vr:0.0 yaw:0.0] 
1622681905039 [vl:0.0 vr:0.0 yaw:0.0] 
1622681905086 [vl:0.0 vr:0.0 yaw:0.0] 
1622681905138 [vl:0.0 vr:0.0 yaw:0.0] 
1622681905186 [vl:0.0 vr:0.0 yaw:0.0] 
1622681905238 [vl:0.0 vr:0.0 yaw:0.0] 
1622681905306 [vl:0.0 vr:0.0 yaw:0.0] 
1622681905338 [vl:0.0 vr:0.0 yaw:0.0] 
1622681905390 [vl:0.0 vr:0.0 yaw:0.0] 
1622681905444 [vl:0.0 vr:0.0 yaw:0.0] 
1622681905486 [vl:0.0 vr:0.0 yaw:0.0] 
1622681905542 [vl:0.0 vr:0.0 yaw:0.0] 
1622681905594 [vl:0.0 vr:0.0 yaw:0.0] 
1622681905639 [vl:0.0 vr:0.0 yaw:0.0] 
1622681905711 [vl:0.0 vr:0.0 yaw:0.0] 
1622681905742 [vl:0.0 vr:0.0 yaw:0.0] 
1622681905786 [vl:0.0 vr:0.0 yaw:0.0] 
1622681905853 [vl:0.0 vr:0.0 yaw:0.0] 
1622681905886 [vl:0.0 vr:0.0 yaw:0.0] 
1622681905964 [vl:0.0 vr:0.0 yaw:0.0] 
1622681905987 [vl:0.0 vr:0.0 yaw:0.0] 
1622681906038 [vl:0.0 vr:0.0 yaw:0.0] 
1622681906086 [vl:0.0 vr:0.0 yaw:0.0] 
1622681906175 [vl:0.0 vr:0.0 yaw:0.0] 
1622681906189 [vl:0.0 vr:0.0 yaw:0.0] 
1622681906263 [vl:0.0 vr:0.0 yaw:0.0] 
1622681906300 [vl:0.0 vr:0.0 yaw:0.0] 
1622681906360 [vl:0.0 vr:0.0 yaw:0.0] 
1622681906394 [vl:0.0 vr:0.0 yaw:0.0] 
1622681906438 [vl:0.0 vr:0.0 yaw:0.0] 
1622681906490 [vl:0.0 vr:0.0 yaw:0.0] 
1622681906548 [vl:0.0 vr:0.0 yaw:0.0] 
1622681906586 [vl:0.0 vr:0.0 yaw:0.0] 
1622681906638 [vl:0.0 vr:0.0 yaw:0.0] 
1622681906686 [vl:0.0 vr:0.0 yaw:0.0] 
1622681906750 [vl:0.0 vr:0.0 yaw:0.0] 
1622681906795 [vl:0.0 vr:0.0 yaw:0.0] 
1622681906838 [vl:0.0 vr:0.0 yaw:0.0] 
1622681906891 [vl:0.0 vr:0.0 yaw:0.0] 
1622681906959 [vl:0.0 vr:0.0 yaw:0.0] 
1622681906996 [vl:0.0 vr:0.0 yaw:0.0] 
1622681907037 [vl:0.0 vr:0.0 yaw:0.0] 
1622681907085 [vl:0.0 vr:0.0 yaw:0.0] 
1622681907138 [vl:0.0 vr:0.0 yaw:0.0] 
1622681907197 [vl:0.0 vr:0.0 yaw:0.0] 
1622681907238 [vl:0.0 vr:0.0 yaw:0.0] 
1622681907286 [vl:0.0 vr:0.0 yaw:0.0] 
1622681907338 [vl:0.0 vr:0.0 yaw:0.0] 
1622681907390 [vl:0.0 vr:0.0 yaw:0.0] 
1622681907438 [vl:0.0 vr:0.0 yaw:0.0] 
1622681907496 [vl:0.0 vr:0.0 yaw:0.0] 
1622681907538 [vl:0.0 vr:0.0 yaw:0.0] 
1622681907586 [vl:0.0 vr:0.0 yaw:0.0] 
1622681907642 [vl:0.0 vr:0.0 yaw:0.0] 
1622681907686 [vl:0.0 vr:0.0 yaw:0.0] 
1622681907758 [vl:0.0 vr:0.0 yaw:0.0] 
1622681907811 [vl:0.0 vr:0.0 yaw:0.0] 
1622681907838 [vl:0.0 vr:0.0 yaw:0.0] 
1622681907890 [vl:0.0 vr:0.0 yaw:0.0] 
1622681907938 [vl:0.0 vr:0.0 yaw:0.0] 
1622681907996 [vl:0.0 vr:0.0 yaw:0.0] 
1622681908037 [vl:0.0 vr:0.0 yaw:0.0] 
1622681908091 [vl:0.0 vr:0.0 yaw:0.0] 
1622681908138 [vl:0.0 vr:0.0 yaw:0.0] 
1622681908186 [vl:0.0 vr:0.0 yaw:0.0] 
1622681908239 [vl:0.0 vr:0.0 yaw:0.0] 
1622681908286 [vl:0.0 vr:0.0 yaw:0.0] 
1622681908338 [vl:0.0 vr:0.0 yaw:0.0] 
1622681908395 [vl:0.0 vr:0.0 yaw:0.0] 
1622681908438 [vl:0.0 vr:0.0 yaw:0.0] 
1622681908496 [vl:0.0 vr:0.0 yaw:0.0] 
1622681908538 [vl:0.0 vr:0.0 yaw:0.0] 
1622681908590 [vl:0.0 vr:0.0 yaw:0.0] 
1622681908641 [vl:0.0 vr:0.0 yaw:0.0] 
1622681908689 [vl:0.0 vr:0.0 yaw:0.0] 
1622681908777 [vl:0.0 vr:0.0 yaw:0.0] 
1622681908793 [vl:0.0 vr:0.0 yaw:0.0] 
1622681908842 [vl:0.0 vr:0.0 yaw:0.0] 
1622681908890 [vl:0.0 vr:0.0 yaw:0.0] 
1622681908946 [vl:0.0 vr:0.0 yaw:0.0] 
1622681908987 [vl:0.0 vr:0.0 yaw:0.0] 
1622681909043 [vl:0.0 vr:0.0 yaw:0.0] 
1622681909086 [vl:0.0 vr:0.0 yaw:0.0] 
1622681909137 [vl:0.0 vr:0.0 yaw:0.0] 
1622681909205 [vl:0.0 vr:0.0 yaw:0.0] 
1622681909242 [vl:0.0 vr:0.0 yaw:0.0] 
1622681909311 [vl:0.0 vr:0.0 yaw:0.0] 
1622681909339 [vl:0.0 vr:0.0 yaw:0.0] 
1622681909390 [vl:0.0 vr:0.0 yaw:0.0] 
1622681909444 [vl:0.0 vr:0.0 yaw:0.0] 
1622681909490 [vl:0.0 vr:0.0 yaw:0.0] 
1622681909539 [vl:0.0 vr:0.0 yaw:0.0] 
1622681909586 [vl:0.0 vr:0.0 yaw:0.0] 
1622681909638 [vl:0.0 vr:0.0 yaw:0.0] 
1622681909688 [vl:0.0 vr:0.0 yaw:0.0] 
1622681909740 [vl:0.0 vr:0.0 yaw:0.0] 
1622681909792 [vl:0.0 vr:0.0 yaw:0.0] 
1622681909838 [vl:0.0 vr:0.0 yaw:0.0] 
1622681909886 [vl:0.0 vr:0.0 yaw:0.0] 
1622681909942 [vl:0.0 vr:0.0 yaw:0.0] 
1622681909985 [vl:0.0 vr:0.0 yaw:0.0] 
1622681910042 [vl:0.0 vr:0.0 yaw:0.0] 
1622681910090 [vl:0.0 vr:0.0 yaw:0.0] 
1622681910139 [vl:0.0 vr:0.0 yaw:0.0] 
1622681910205 [vl:0.0 vr:0.0 yaw:0.0] 
1622681910238 [vl:0.0 vr:0.0 yaw:0.0] 
1622681910286 [vl:0.0 vr:0.0 yaw:0.0] 
1622681910340 [vl:0.0 vr:0.0 yaw:0.0] 
1622681910390 [vl:0.0 vr:0.0 yaw:0.0] 
1622681910441 [vl:0.0 vr:0.0 yaw:0.0] 
1622681910487 [vl:0.0 vr:0.0 yaw:0.0] 
1622681910539 [vl:0.0 vr:0.0 yaw:0.0] 
1622681910586 [vl:0.0 vr:0.0 yaw:0.0] 
1622681910642 [vl:0.0 vr:0.0 yaw:0.0] 
1622681910686 [vl:0.0 vr:0.0 yaw:0.0] 
1622681910741 [vl:0.0 vr:0.0 yaw:0.0] 
1622681910792 [vl:0.0 vr:0.0 yaw:0.0] 
1622681910847 [vl:0.0 vr:0.0 yaw:0.0] 
1622681910885 [vl:0.0 vr:0.0 yaw:0.0] 
1622681910938 [vl:0.0 vr:0.0 yaw:0.0] 
1622681910987 [vl:0.0 vr:0.0 yaw:0.0] 
1622681911038 [vl:0.0 vr:0.0 yaw:0.0] 
1622681911089 [vl:0.0 vr:0.0 yaw:0.0] 
1622681911138 [vl:0.0 vr:0.0 yaw:0.0] 
1622681911221 [vl:0.0 vr:0.0 yaw:0.0] 
1622681911238 [vl:0.0 vr:0.0 yaw:0.0] 
1622681911297 [vl:0.0 vr:0.0 yaw:0.0] 
1622681911339 [vl:0.0 vr:0.0 yaw:0.0] 
1622681911398 [vl:0.0 vr:0.0 yaw:0.0] 
1622681911447 [vl:0.0 vr:0.0 yaw:0.0] 
1622681911495 [vl:0.0 vr:0.0 yaw:0.0] 
1622681911540 [vl:0.0 vr:0.0 yaw:0.0] 
1622681911594 [vl:0.0 vr:0.0 yaw:0.0] 
1622681911645 [vl:0.0 vr:0.0 yaw:0.0] 
1622681911691 [vl:0.0 vr:0.0 yaw:0.0] 
1622681911742 [vl:0.0 vr:0.0 yaw:0.0] 
1622681911791 [vl:0.0 vr:0.0 yaw:0.0] 
1622681911847 [vl:0.0 vr:0.0 yaw:0.0] 
1622681911887 [vl:0.0 vr:0.0 yaw:0.0] 
1622681911945 [vl:0.0 vr:0.0 yaw:0.0] 
1622681911986 [vl:0.0 vr:0.0 yaw:0.0] 
1622681912039 [vl:0.0 vr:0.0 yaw:0.0] 
1622681912090 [vl:0.0 vr:0.0 yaw:0.0] 
1622681912138 [vl:0.0 vr:0.0 yaw:0.0] 
1622681912201 [vl:0.0 vr:0.0 yaw:0.0] 
1622681912246 [vl:0.0 vr:0.0 yaw:0.0] 
1622681912286 [vl:0.0 vr:0.0 yaw:0.0] 
1622681912341 [vl:0.0 vr:0.0 yaw:0.0] 
1622681912452 [vl:0.0 vr:0.0 yaw:0.0] 
1622681912470 [vl:0.0 vr:0.0 yaw:0.0] 
1622681912489 [vl:0.0 vr:0.0 yaw:0.0] 
1622681912555 [vl:0.0 vr:0.0 yaw:0.0] 
1622681912600 [vl:0.0 vr:0.0 yaw:0.0] 
1622681912647 [vl:0.0 vr:0.0 yaw:0.0] 
1622681912687 [vl:0.0 vr:0.0 yaw:0.0] 
1622681912759 [vl:0.0 vr:0.0 yaw:0.0] 
1622681912798 [vl:0.0 vr:0.0 yaw:0.0] 
1622681912837 [vl:0.0 vr:0.0 yaw:0.0] 
1622681912925 [vl:0.0 vr:0.0 yaw:0.0] 
1622681912947 [vl:0.0 vr:0.0 yaw:0.0] 
1622681912986 [vl:0.0 vr:0.0 yaw:0.0] 
1622681913038 [vl:0.0 vr:0.0 yaw:0.0] 
1622681913091 [vl:0.0 vr:0.0 yaw:0.0] 
1622681913139 [vl:0.0 vr:0.0 yaw:0.0] 
1622681913200 [vl:0.0 vr:0.0 yaw:0.0] 
1622681913242 [vl:0.0 vr:0.0 yaw:0.0] 
1622681913286 [vl:0.0 vr:0.0 yaw:0.0] 
1622681913339 [vl:0.0 vr:0.0 yaw:0.0] 
1622681913390 [vl:0.0 vr:0.0 yaw:0.0] 
1622681913438 [vl:0.0 vr:0.0 yaw:0.0] 
1622681913498 [vl:0.0 vr:0.0 yaw:0.0] 
1622681913538 [vl:0.0 vr:0.0 yaw:0.0] 
1622681913586 [vl:0.0 vr:0.0 yaw:0.0] 
1622681913642 [vl:0.0 vr:0.0 yaw:0.0] 
1622681913687 [vl:0.0 vr:0.0 yaw:0.0] 
1622681913739 [vl:0.0 vr:0.0 yaw:0.0] 
1622681913786 [vl:0.0 vr:0.0 yaw:0.0] 
1622681913851 [vl:0.0 vr:0.0 yaw:0.0] 
1622681913894 [vl:0.0 vr:0.0 yaw:0.0] 
1622681913938 [vl:0.0 vr:0.0 yaw:0.0] 
1622681913986 [vl:0.0 vr:0.0 yaw:0.0] 
1622681914038 [vl:0.0 vr:0.0 yaw:0.0] 
1622681914086 [vl:0.0 vr:0.0 yaw:0.0] 
1622681914162 [vl:0.0 vr:0.0 yaw:0.0] 
1622681914197 [vl:0.0 vr:0.0 yaw:0.0] 
1622681914237 [vl:0.0 vr:0.0 yaw:0.0] 
1622681914289 [vl:0.0 vr:0.0 yaw:0.0] 
1622681914355 [vl:0.0 vr:0.0 yaw:0.0] 
1622681914394 [vl:0.0 vr:0.0 yaw:0.0] 
1622681914438 [vl:0.0 vr:0.0 yaw:0.0] 
1622681914498 [vl:0.0 vr:0.0 yaw:0.0] 
1622681914544 [vl:0.0 vr:0.0 yaw:0.0] 
1622681914594 [vl:0.0 vr:0.0 yaw:0.0] 
1622681914639 [vl:0.0 vr:0.0 yaw:0.0] 
1622681914699 [vl:0.0 vr:0.0 yaw:0.0] 
1622681914761 [vl:0.0 vr:0.0 yaw:0.0] 
1622681914790 [vl:0.0 vr:0.0 yaw:0.0] 
1622681914844 [vl:0.0 vr:0.0 yaw:0.0] 
1622681914886 [vl:0.0 vr:0.0 yaw:0.0] 
1622681914938 [vl:0.0 vr:0.0 yaw:0.0] 
1622681914986 [vl:0.0 vr:0.0 yaw:0.0] 
1622681915038 [vl:0.0 vr:0.0 yaw:0.0] 
1622681915130 [vl:0.0 vr:0.0 yaw:0.0] 
1622681915146 [vl:0.0 vr:0.0 yaw:0.0] 
1622681915190 [vl:0.0 vr:0.0 yaw:0.0] 
1622681915238 [vl:0.0 vr:0.0 yaw:0.0] 
1622681915318 [vl:0.0 vr:0.0 yaw:0.0] 
1622681915355 [vl:0.0 vr:0.0 yaw:0.0] 
1622681915390 [vl:0.0 vr:0.0 yaw:0.0] 
1622681915445 [vl:0.0 vr:0.0 yaw:0.0] 
1622681915524 [vl:0.0 vr:0.0 yaw:0.0] 
1622681915539 [vl:0.0 vr:0.0 yaw:0.0] 
1622681915618 [vl:0.0 vr:0.0 yaw:0.0] 
1622681915638 [vl:0.0 vr:0.0 yaw:0.0] 
1622681915686 [vl:0.0 vr:0.0 yaw:0.0] 
1622681915765 [vl:0.0 vr:0.0 yaw:0.0] 
1622681915790 [vl:0.0 vr:0.0 yaw:0.0] 
1622681915837 [vl:0.0 vr:0.0 yaw:0.0] 
1622681915887 [vl:0.0 vr:0.0 yaw:0.0] 
1622681915938 [vl:0.0 vr:0.0 yaw:0.0] 
1622681915990 [vl:0.0 vr:0.0 yaw:0.0] 
1622681916038 [vl:0.0 vr:0.0 yaw:0.0] 
1622681916121 [vl:0.0 vr:0.0 yaw:0.0] 
1622681916139 [vl:0.0 vr:0.0 yaw:0.0] 
1622681916187 [vl:0.0 vr:0.0 yaw:0.0] 
1622681916271 [vl:0.0 vr:0.0 yaw:0.0] 
1622681916299 [vl:0.0 vr:0.0 yaw:0.0] 
1622681916390 [vl:0.0 vr:0.0 yaw:0.0] 
1622681916406 [vl:0.0 vr:0.0 yaw:0.0] 
1622681916437 [vl:0.0 vr:0.0 yaw:0.0] 
1622681916486 [vl:0.0 vr:0.0 yaw:0.0] 
1622681916538 [vl:0.0 vr:0.0 yaw:0.0] 
1622681916622 [vl:0.0 vr:0.0 yaw:0.0] 
1622681916638 [vl:0.0 vr:0.0 yaw:0.0] 
1622681916700 [vl:0.0 vr:0.0 yaw:0.0] 
1622681916742 [vl:0.0 vr:0.0 yaw:0.0] 
1622681916785 [vl:0.0 vr:0.0 yaw:0.0] 
1622681916838 [vl:0.0 vr:0.0 yaw:0.0] 
1622681916906 [vl:0.0 vr:0.0 yaw:0.0] 
1622681916946 [vl:0.0 vr:0.0 yaw:0.0] 
1622681916998 [vl:0.0 vr:0.0 yaw:0.0] 
1622681917038 [vl:0.0 vr:0.0 yaw:0.0] 
1622681917089 [vl:0.0 vr:0.0 yaw:0.0] 
1622681917149 [vl:0.0 vr:0.0 yaw:0.0] 
1622681917185 [vl:0.0 vr:0.0 yaw:0.0] 
1622681917284 [vl:0.0 vr:0.0 yaw:0.0] 
1622681917309 [vl:0.0 vr:0.0 yaw:0.0] 
1622681917337 [vl:0.0 vr:0.0 yaw:0.0] 
1622681917392 [vl:0.0 vr:0.0 yaw:0.0] 
1622681917438 [vl:0.0 vr:0.0 yaw:0.0] 
1622681917486 [vl:0.0 vr:0.0 yaw:0.0] 
1622681917539 [vl:0.0 vr:0.0 yaw:0.0] 
1622681917600 [vl:0.0 vr:0.0 yaw:0.0] 
1622681917640 [vl:0.0 vr:0.0 yaw:0.0] 
1622681917734 [vl:0.0 vr:0.0 yaw:0.0] 
1622681917754 [vl:0.0 vr:0.0 yaw:0.0] 
1622681917818 [vl:0.0 vr:0.0 yaw:0.0] 
1622681917843 [vl:0.0 vr:0.0 yaw:0.0] 
1622681917895 [vl:0.0 vr:0.0 yaw:0.0] 
1622681917939 [vl:0.0 vr:0.0 yaw:0.0] 
1622681918005 [vl:0.0 vr:0.0 yaw:0.0] 
1622681918039 [vl:0.0 vr:0.0 yaw:0.0] 
1622681918086 [vl:0.0 vr:0.0 yaw:0.0] 
1622681918148 [vl:0.0 vr:0.0 yaw:0.0] 
1622681918193 [vl:0.0 vr:0.0 yaw:0.0] 
1622681918251 [vl:0.0 vr:0.0 yaw:0.0] 
1622681918345 [vl:0.0 vr:0.0 yaw:0.0] 
1622681918370 [vl:0.0 vr:0.0 yaw:0.0] 
1622681918387 [vl:0.0 vr:0.0 yaw:0.0] 
1622681918438 [vl:0.0 vr:0.0 yaw:0.0] 
1622681918532 [vl:0.0 vr:0.0 yaw:0.0] 
1622681918560 [vl:0.0 vr:0.0 yaw:0.0] 
1622681918590 [vl:0.0 vr:0.0 yaw:0.0] 
1622681918640 [vl:0.0 vr:0.0 yaw:0.0] 
1622681918690 [vl:0.0 vr:0.0 yaw:0.0] 
1622681918749 [vl:0.0 vr:0.0 yaw:0.0] 
1622681918785 [vl:0.0 vr:0.0 yaw:0.0] 
1622681918843 [vl:0.0 vr:0.0 yaw:0.0] 
1622681918894 [vl:0.0 vr:0.0 yaw:0.0] 
1622681918977 [vl:0.0 vr:0.0 yaw:0.0] 
1622681918997 [vl:0.0 vr:0.0 yaw:0.0] 
1622681919067 [vl:0.0 vr:0.0 yaw:0.0] 
1622681919126 [vl:0.0 vr:0.0 yaw:0.0] 
1622681919138 [vl:0.0 vr:0.0 yaw:0.0] 
1622681919186 [vl:0.0 vr:0.0 yaw:0.0] 
1622681919239 [vl:0.0 vr:0.0 yaw:0.0] 
1622681919286 [vl:0.0 vr:0.0 yaw:0.0] 
1622681919338 [vl:0.0 vr:0.0 yaw:0.0] 
1622681919387 [vl:0.0 vr:0.0 yaw:0.0] 
1622681919438 [vl:0.0 vr:0.0 yaw:0.0] 
1622681919495 [vl:0.0 vr:0.0 yaw:0.0] 
1622681919538 [vl:0.0 vr:0.0 yaw:0.0] 
1622681919611 [vl:0.0 vr:0.0 yaw:0.0] 
1622681919641 [vl:0.0 vr:0.0 yaw:0.0] 
1622681919686 [vl:0.0 vr:0.0 yaw:0.0] 
1622681919738 [vl:0.0 vr:0.0 yaw:0.0] 
1622681919786 [vl:0.0 vr:0.0 yaw:0.0] 
1622681919870 [vl:0.0 vr:0.0 yaw:0.0] 
1622681919896 [vl:0.0 vr:0.0 yaw:0.0] 
1622681919942 [vl:0.0 vr:0.0 yaw:0.0] 
1622681919992 [vl:0.0 vr:0.0 yaw:0.0] 
1622681920074 [vl:0.0 vr:0.0 yaw:0.0] 
1622681920089 [vl:0.0 vr:0.0 yaw:0.0] 
1622681920145 [vl:0.0 vr:0.0 yaw:0.0] 
1622681920189 [vl:0.0 vr:0.0 yaw:0.0] 
1622681920247 [vl:0.0 vr:0.0 yaw:0.0] 
1622681920285 [vl:0.0 vr:0.0 yaw:0.0] 
1622681920347 [vl:0.0 vr:0.0 yaw:0.0] 
1622681920399 [vl:0.0 vr:0.0 yaw:0.0] 
1622681920477 [vl:0.0 vr:0.0 yaw:0.0] 
1622681920500 [vl:0.0 vr:0.0 yaw:0.0] 
1622681920539 [vl:0.0 vr:0.0 yaw:0.0] 
1622681920586 [vl:0.0 vr:0.0 yaw:0.0] 
1622681920638 [vl:0.0 vr:0.0 yaw:0.0] 
1622681920691 [vl:0.0 vr:0.0 yaw:0.0] 
1622681920769 [vl:0.0 vr:0.0 yaw:0.0] 
1622681920786 [vl:0.0 vr:0.0 yaw:0.0] 
1622681920854 [vl:0.0 vr:0.0 yaw:0.0] 
1622681920889 [vl:0.0 vr:0.0 yaw:0.0] 
1622681920954 [vl:0.0 vr:0.0 yaw:0.0] 
1622681921010 [vl:0.0 vr:0.0 yaw:0.0] 
1622681921069 [vl:0.0 vr:0.0 yaw:0.0] 
1622681921106 [vl:0.0 vr:0.0 yaw:0.0] 
1622681921163 [vl:0.0 vr:0.0 yaw:0.0] 
1622681921186 [vl:0.0 vr:0.0 yaw:0.0] 
1622681921290 [vl:0.0 vr:0.0 yaw:0.0] 
1622681921305 [vl:0.0 vr:0.0 yaw:0.0] 
1622681921340 [vl:0.0 vr:0.0 yaw:0.0] 
1622681921402 [vl:0.0 vr:0.0 yaw:0.0] 
1622681921450 [vl:0.0 vr:0.0 yaw:0.0] 
1622681921486 [vl:0.0 vr:0.0 yaw:0.0] 
1622681921545 [vl:0.0 vr:0.0 yaw:0.0] 
1622681921590 [vl:0.0 vr:0.0 yaw:0.0] 
1622681921638 [vl:0.0 vr:0.0 yaw:0.0] 
1622681921710 [vl:0.0 vr:0.0 yaw:0.0] 
1622681921739 [vl:0.0 vr:0.0 yaw:0.0] 
1622681921810 [vl:0.0 vr:0.0 yaw:0.0] 
1622681921839 [vl:0.0 vr:0.0 yaw:0.0] 
1622681921902 [vl:0.0 vr:0.0 yaw:0.0] 
1622681921940 [vl:0.0 vr:0.0 yaw:0.0] 
1622681921990 [vl:0.0 vr:0.0 yaw:0.0] 
1622681922038 [vl:0.0 vr:0.0 yaw:0.0] 
1622681922085 [vl:0.0 vr:0.0 yaw:0.0] 
1622681922139 [vl:0.0 vr:0.0 yaw:0.0] 
1622681922186 [vl:0.0 vr:0.0 yaw:0.0] 
1622681922238 [vl:0.0 vr:0.0 yaw:0.0] 
1622681922290 [vl:0.0 vr:0.0 yaw:0.0] 
1622681922339 [vl:0.0 vr:0.0 yaw:0.0] 
1622681922390 [vl:0.0 vr:0.0 yaw:0.0] 
1622681922443 [vl:0.0 vr:0.0 yaw:0.0] 
1622681922486 [vl:0.0 vr:0.0 yaw:0.0] 
1622681922538 [vl:0.0 vr:0.0 yaw:0.0] 
1622681922590 [vl:0.0 vr:0.0 yaw:0.0] 
1622681922651 [vl:0.0 vr:0.0 yaw:0.0] 
1622681922686 [vl:0.0 vr:0.0 yaw:0.0] 
1622681922743 [vl:0.0 vr:0.0 yaw:0.0] 
1622681922789 [vl:0.0 vr:0.0 yaw:0.0] 
1622681922838 [vl:0.0 vr:0.0 yaw:0.0] 
1622681922894 [vl:0.0 vr:0.0 yaw:0.0] 
1622681922983 [vl:0.0 vr:0.0 yaw:0.0] 
1622681923003 [vl:0.0 vr:0.0 yaw:0.0] 
1622681923058 [vl:0.0 vr:0.0 yaw:0.0] 
1622681923134 [vl:0.0 vr:0.0 yaw:0.0] 
1622681923169 [vl:0.0 vr:0.0 yaw:0.0] 
1622681923232 [vl:0.0 vr:0.0 yaw:0.0] 
1622681923246 [vl:0.0 vr:0.0 yaw:0.0] 
1622681923285 [vl:0.0 vr:0.0 yaw:0.0] 
1622681923346 [vl:0.0 vr:0.0 yaw:0.0] 
1622681923390 [vl:0.0 vr:0.0 yaw:0.0] 
1622681923448 [vl:0.0 vr:0.0 yaw:0.0] 
1622681923489 [vl:0.0 vr:0.0 yaw:0.0] 
1622681923538 [vl:0.0 vr:0.0 yaw:0.0] 
1622681923599 [vl:0.0 vr:0.0 yaw:0.0] 
1622681923645 [vl:0.0 vr:0.0 yaw:0.0] 
1622681923690 [vl:0.0 vr:0.0 yaw:0.0] 
1622681923743 [vl:0.0 vr:0.0 yaw:0.0] 
1622681923849 [vl:0.0 vr:0.0 yaw:0.0] 
1622681923913 [vl:0.0 vr:0.0 yaw:0.0] 
1622681923930 [vl:0.0 vr:0.0 yaw:0.0] 
1622681923947 [vl:0.0 vr:0.0 yaw:0.0] 
1622681923990 [vl:0.0 vr:0.0 yaw:0.0] 
1622681924045 [vl:0.0 vr:0.0 yaw:0.0] 
1622681924086 [vl:0.0 vr:0.0 yaw:0.0] 
1622681924143 [vl:0.0 vr:0.0 yaw:0.0] 
1622681924182 [vl:0.0 vr:0.0 yaw:0.0] 
1622681924238 [vl:0.0 vr:0.0 yaw:0.0] 
1622681924287 [vl:0.0 vr:0.0 yaw:0.0] 
1622681924419 [vl:0.0 vr:0.0 yaw:0.0] 
1622681924434 [vl:0.0 vr:0.0 yaw:0.0] 
1622681924454 [vl:0.0 vr:0.0 yaw:0.0] 
1622681924490 [vl:0.0 vr:0.0 yaw:0.0] 
1622681924564 [vl:0.0 vr:0.0 yaw:0.0] 
1622681924602 [vl:0.0 vr:0.0 yaw:0.0] 
1622681924669 [vl:0.0 vr:0.0 yaw:0.0] 
1622681924695 [vl:0.0 vr:0.0 yaw:0.0] 
1622681924740 [vl:0.0 vr:0.0 yaw:0.0] 
1622681924791 [vl:0.0 vr:0.0 yaw:0.0] 
1622681924868 [vl:0.0 vr:0.0 yaw:0.0] 
1622681924895 [vl:0.0 vr:0.0 yaw:0.0] 
1622681924944 [vl:0.0 vr:0.0 yaw:0.0] 
1622681924990 [vl:0.0 vr:0.0 yaw:0.0] 
1622681925051 [vl:0.0 vr:0.0 yaw:0.0] 
1622681925084 [vl:0.0 vr:0.0 yaw:0.0] 
1622681925154 [vl:0.0 vr:0.0 yaw:0.0] 
1622681925190 [vl:0.0 vr:0.0 yaw:0.0] 
1622681925269 [vl:0.0 vr:0.0 yaw:0.0] 
1622681925286 [vl:0.0 vr:0.0 yaw:0.0] 
1622681925338 [vl:0.0 vr:0.0 yaw:0.0] 
1622681925387 [vl:0.0 vr:0.0 yaw:0.0] 
1622681925441 [vl:0.0 vr:0.0 yaw:0.0] 
1622681925486 [vl:0.0 vr:0.0 yaw:0.0] 
1622681925538 [vl:0.0 vr:0.0 yaw:0.0] 
1622681925594 [vl:0.0 vr:0.0 yaw:0.0] 
1622681925638 [vl:0.0 vr:0.0 yaw:0.0] 
1622681925682 [vl:0.0 vr:0.0 yaw:0.0] 
1622681925770 [vl:0.0 vr:0.0 yaw:0.0] 
1622681925794 [vl:0.0 vr:0.0 yaw:0.0] 
1622681925842 [vl:0.0 vr:0.0 yaw:0.0] 
1622681925887 [vl:0.0 vr:0.0 yaw:0.0] 
1622681925939 [vl:0.0 vr:0.0 yaw:0.0] 
1622681926002 [vl:0.0 vr:0.0 yaw:0.0] 
1622681926039 [vl:0.0 vr:0.0 yaw:0.0] 
1622681926086 [vl:0.0 vr:0.0 yaw:0.0] 
1622681926139 [vl:0.0 vr:0.0 yaw:0.0] 
1622681926193 [vl:0.0 vr:0.0 yaw:0.0] 
1622681926239 [vl:0.0 vr:0.0 yaw:0.0] 
1622681926295 [vl:0.0 vr:0.0 yaw:0.0] 
1622681926338 [vl:0.0 vr:0.0 yaw:0.0] 
1622681926390 [vl:0.0 vr:0.0 yaw:0.0] 
1622681926439 [vl:0.0 vr:0.0 yaw:0.0] 
1622681926486 [vl:0.0 vr:0.0 yaw:0.0] 
1622681926538 [vl:0.0 vr:0.0 yaw:0.0] 
1622681926586 [vl:0.0 vr:0.0 yaw:0.0] 
1622681926638 [vl:0.0 vr:0.0 yaw:0.0] 
1622681926690 [vl:0.0 vr:0.0 yaw:0.0] 
1622681926738 [vl:0.0 vr:0.0 yaw:0.0] 
1622681926796 [vl:0.0 vr:0.0 yaw:0.0] 
1622681926841 [vl:0.0 vr:0.0 yaw:0.0] 
1622681926896 [vl:0.0 vr:0.0 yaw:0.0] 
1622681926938 [vl:0.0 vr:0.0 yaw:0.0] 
1622681926989 [vl:0.0 vr:0.0 yaw:0.0] 
1622681927046 [vl:0.0 vr:0.0 yaw:0.0] 
1622681927092 [vl:0.0 vr:0.0 yaw:0.0] 
1622681927139 [vl:0.0 vr:0.0 yaw:0.0] 
1622681927189 [vl:0.0 vr:0.0 yaw:0.0] 
1622681927244 [vl:0.0 vr:0.0 yaw:0.0] 
1622681927294 [vl:0.0 vr:0.0 yaw:0.0] 
1622681927399 [vl:0.0 vr:0.0 yaw:0.0] 
1622681927424 [vl:0.0 vr:0.0 yaw:0.0] 
1622681927457 [vl:0.0 vr:0.0 yaw:0.0] 
1622681927488 [vl:0.0 vr:0.0 yaw:0.0] 
1622681927538 [vl:0.0 vr:0.0 yaw:0.0] 
1622681927604 [vl:0.0 vr:0.0 yaw:0.0] 
1622681927664 [vl:0.0 vr:0.0 yaw:0.0] 
1622681927716 [vl:0.0 vr:0.0 yaw:0.0] 
1622681927783 [vl:0.0 vr:0.0 yaw:0.0] 
1622681927804 [vl:0.0 vr:0.0 yaw:0.0] 
1622681927842 [vl:0.0 vr:0.0 yaw:0.0] 
1622681927890 [vl:0.0 vr:0.0 yaw:0.0] 
1622681927939 [vl:0.0 vr:0.0 yaw:0.0] 
1622681927986 [vl:0.0 vr:0.0 yaw:0.0] 
1622681928062 [vl:0.0 vr:0.0 yaw:0.0] 
1622681928095 [vl:0.0 vr:0.0 yaw:0.0] 
1622681928147 [vl:0.0 vr:0.0 yaw:0.0] 
1622681928187 [vl:0.0 vr:0.0 yaw:0.0] 
1622681928238 [vl:0.0 vr:0.0 yaw:0.0] 
1622681928294 [vl:0.0 vr:0.0 yaw:0.0] 
1622681928350 [vl:0.0 vr:0.0 yaw:0.0] 
1622681928387 [vl:0.0 vr:0.0 yaw:0.0] 
1622681928438 [vl:0.0 vr:0.0 yaw:0.0] 
1622681928491 [vl:0.0 vr:0.0 yaw:0.0] 
1622681928541 [vl:0.0 vr:0.0 yaw:0.0] 
1622681928586 [vl:0.0 vr:0.0 yaw:0.0] 
1622681928659 [vl:0.0 vr:0.0 yaw:0.0] 
1622681928727 [vl:0.0 vr:0.0 yaw:0.0] 
1622681928742 [vl:0.0 vr:0.0 yaw:0.0] 
1622681928803 [vl:0.0 vr:0.0 yaw:0.0] 
1622681928838 [vl:0.0 vr:0.0 yaw:0.0] 
1622681928886 [vl:0.0 vr:0.0 yaw:0.0] 
1622681928938 [vl:0.0 vr:0.0 yaw:0.0] 
1622681929018 [vl:0.0 vr:0.0 yaw:0.0] 
1622681929039 [vl:0.0 vr:0.0 yaw:0.0] 
1622681929085 [vl:0.0 vr:0.0 yaw:0.0] 
1622681929146 [vl:0.0 vr:0.0 yaw:0.0] 
1622681929190 [vl:0.0 vr:0.0 yaw:0.0] 
1622681929247 [vl:0.0 vr:0.0 yaw:0.0] 
1622681929293 [vl:0.0 vr:0.0 yaw:0.0] 
1622681929343 [vl:0.0 vr:0.0 yaw:0.0] 
1622681929422 [vl:0.0 vr:0.0 yaw:0.0] 
1622681929454 [vl:0.0 vr:0.0 yaw:0.0] 
1622681929493 [vl:0.0 vr:0.0 yaw:0.0] 
1622681929538 [vl:0.0 vr:0.0 yaw:0.0] 
1622681929607 [vl:0.0 vr:0.0 yaw:0.0] 
1622681929674 [vl:0.0 vr:0.0 yaw:0.0] 
1622681929722 [vl:0.0 vr:0.0 yaw:0.0] 
1622681929743 [vl:0.0 vr:0.0 yaw:0.0] 
1622681929823 [vl:0.0 vr:0.0 yaw:0.0] 
1622681929841 [vl:0.0 vr:0.0 yaw:0.0] 
1622681929888 [vl:0.0 vr:0.0 yaw:0.0] 
1622681929938 [vl:0.0 vr:0.0 yaw:0.0] 
1622681929990 [vl:0.0 vr:0.0 yaw:0.0] 
1622681930038 [vl:0.0 vr:0.0 yaw:0.0] 
1622681930095 [vl:0.0 vr:0.0 yaw:0.0] 
1622681930138 [vl:0.0 vr:0.0 yaw:0.0] 
1622681930186 [vl:0.0 vr:0.0 yaw:0.0] 
1622681930237 [vl:0.0 vr:0.0 yaw:0.0] 
1622681930287 [vl:0.0 vr:0.0 yaw:0.0] 
1622681930338 [vl:0.0 vr:0.0 yaw:0.0] 
1622681930420 [vl:0.0 vr:0.0 yaw:0.0] 
1622681930443 [vl:0.0 vr:0.0 yaw:0.0] 
1622681930491 [vl:0.0 vr:0.0 yaw:0.0] 
1622681930559 [vl:0.0 vr:0.0 yaw:0.0] 
1622681930597 [vl:0.0 vr:0.0 yaw:0.0] 
1622681930638 [vl:0.0 vr:0.0 yaw:0.0] 
1622681930690 [vl:0.0 vr:0.0 yaw:0.0] 
1622681930738 [vl:0.0 vr:0.0 yaw:0.0] 
1622681930786 [vl:0.0 vr:0.0 yaw:0.0] 
1622681930859 [vl:0.0 vr:0.0 yaw:0.0] 
1622681930887 [vl:0.0 vr:0.0 yaw:0.0] 
1622681930937 [vl:0.0 vr:0.0 yaw:0.0] 
1622681931050 [vl:0.0 vr:0.0 yaw:0.0] 
1622681931084 [vl:0.0 vr:0.0 yaw:0.0] 
1622681931104 [vl:0.0 vr:0.0 yaw:0.0] 
1622681931142 [vl:0.0 vr:0.0 yaw:0.0] 
1622681931190 [vl:0.0 vr:0.0 yaw:0.0] 
1622681931238 [vl:0.0 vr:0.0 yaw:0.0] 
1622681931287 [vl:0.0 vr:0.0 yaw:0.0] 
1622681931357 [vl:0.0 vr:0.0 yaw:0.0] 
1622681931386 [vl:0.0 vr:0.0 yaw:0.0] 
1622681931438 [vl:0.0 vr:0.0 yaw:0.0] 
1622681931487 [vl:0.0 vr:0.0 yaw:0.0] 
1622681931537 [vl:0.0 vr:0.0 yaw:0.0] 
1622681931587 [vl:0.0 vr:0.0 yaw:0.0] 
1622681931638 [vl:0.0 vr:0.0 yaw:0.0] 
1622681931700 [vl:0.0 vr:0.0 yaw:0.0] 
1622681931802 [vl:0.0 vr:0.0 yaw:0.0] 
1622681931846 [vl:0.0 vr:0.0 yaw:0.0] 
1622681931904 [vl:0.0 vr:0.0 yaw:0.0] 
1622681931929 [vl:0.0 vr:0.0 yaw:0.0] 
1622681931942 [vl:0.0 vr:0.0 yaw:0.0] 
1622681931991 [vl:0.0 vr:0.0 yaw:0.0] 
1622681932037 [vl:0.0 vr:0.0 yaw:0.0] 
1622681932090 [vl:0.0 vr:0.0 yaw:0.0] 
1622681932153 [vl:0.0 vr:0.0 yaw:0.0] 
1622681932190 [vl:0.0 vr:0.0 yaw:0.0] 
1622681932237 [vl:0.0 vr:0.0 yaw:0.0] 
1622681932286 [vl:0.0 vr:0.0 yaw:0.0] 
1622681932346 [vl:0.0 vr:0.0 yaw:0.0] 
1622681932408 [vl:0.0 vr:0.0 yaw:0.0] 
1622681932480 [vl:0.0 vr:0.0 yaw:0.0] 
1622681932500 [vl:0.0 vr:0.0 yaw:0.0] 
1622681932546 [vl:0.0 vr:0.0 yaw:0.0] 
1622681932594 [vl:0.0 vr:0.0 yaw:0.0] 
1622681932638 [vl:0.0 vr:0.0 yaw:0.0] 
1622681932686 [vl:0.0 vr:0.0 yaw:0.0] 
1622681932739 [vl:0.0 vr:0.0 yaw:0.0] 
1622681932790 [vl:0.0 vr:0.0 yaw:0.0] 
1622681932887 [vl:0.0 vr:0.0 yaw:0.0] 
1622681932920 [vl:0.0 vr:0.0 yaw:0.0] 
1622681932981 [vl:0.0 vr:0.0 yaw:0.0] 
1622681933008 [vl:0.0 vr:0.0 yaw:0.0] 
1622681933086 [vl:0.0 vr:0.0 yaw:0.0] 
1622681933128 [vl:0.0 vr:0.0 yaw:0.0] 
1622681933200 [vl:0.0 vr:0.0 yaw:0.0] 
1622681933257 [vl:0.0 vr:0.0 yaw:0.0] 
1622681933275 [vl:0.0 vr:0.0 yaw:0.0] 
1622681933374 [vl:0.0 vr:0.0 yaw:0.0] 
1622681933402 [vl:0.0 vr:0.0 yaw:0.0] 
1622681933426 [vl:0.0 vr:0.0 yaw:0.0] 
1622681933451 [vl:0.0 vr:0.0 yaw:0.0] 
1622681933489 [vl:0.0 vr:0.0 yaw:0.0] 
1622681933538 [vl:0.0 vr:0.0 yaw:0.0] 
1622681933586 [vl:0.0 vr:0.0 yaw:0.0] 
1622681933638 [vl:0.0 vr:0.0 yaw:0.0] 
1622681933736 [vl:0.0 vr:0.0 yaw:0.0] 
1622681933798 [vl:0.0 vr:0.0 yaw:0.0] 
1622681933814 [vl:0.0 vr:0.0 yaw:0.0] 
1622681933837 [vl:0.0 vr:0.0 yaw:0.0] 
1622681933890 [vl:0.0 vr:0.0 yaw:0.0] 
1622681933952 [vl:0.0 vr:0.0 yaw:0.0] 
1622681933990 [vl:0.0 vr:0.0 yaw:0.0] 
1622681934038 [vl:0.0 vr:0.0 yaw:0.0] 
1622681934090 [vl:0.0 vr:0.0 yaw:0.0] 
1622681934138 [vl:0.0 vr:0.0 yaw:0.0] 
1622681934186 [vl:0.0 vr:0.0 yaw:0.0] 
1622681934242 [vl:0.0 vr:0.0 yaw:0.0] 
1622681934286 [vl:0.0 vr:0.0 yaw:0.0] 
1622681934338 [vl:0.0 vr:0.0 yaw:0.0] 
1622681934408 [vl:0.0 vr:0.0 yaw:0.0] 
1622681934446 [vl:0.0 vr:0.0 yaw:0.0] 
1622681934486 [vl:0.0 vr:0.0 yaw:0.0] 
1622681934538 [vl:0.0 vr:0.0 yaw:0.0] 
1622681934586 [vl:0.0 vr:0.0 yaw:0.0] 
1622681934638 [vl:0.0 vr:0.0 yaw:0.0] 
1622681934686 [vl:0.0 vr:0.0 yaw:0.0] 
1622681934771 [vl:0.0 vr:0.0 yaw:0.0] 
1622681934787 [vl:0.0 vr:0.0 yaw:0.0] 
1622681934843 [vl:0.0 vr:0.0 yaw:0.0] 
1622681934892 [vl:0.0 vr:0.0 yaw:0.0] 
1622681934993 [vl:0.0 vr:0.0 yaw:0.0] 
1622681935058 [vl:0.0 vr:0.0 yaw:0.0] 
1622681935083 [vl:0.0 vr:0.0 yaw:0.0] 
1622681935106 [vl:0.0 vr:0.0 yaw:0.0] 
1622681935137 [vl:0.0 vr:0.0 yaw:0.0] 
1622681935192 [vl:0.0 vr:0.0 yaw:0.0] 
1622681935241 [vl:0.0 vr:0.0 yaw:0.0] 
1622681935378 [vl:0.0 vr:0.0 yaw:0.0] 
1622681935394 [vl:0.0 vr:0.0 yaw:0.0] 
1622681935439 [vl:0.0 vr:0.0 yaw:0.0] 
1622681935454 [vl:0.0 vr:0.0 yaw:0.0] 
1622681935498 [vl:0.0 vr:0.0 yaw:0.0] 
1622681935539 [vl:0.0 vr:0.0 yaw:0.0] 
1622681935586 [vl:0.0 vr:0.0 yaw:0.0] 
1622681935644 [vl:0.0 vr:0.0 yaw:0.0] 
1622681935686 [vl:0.0 vr:0.0 yaw:0.0] 
1622681935738 [vl:0.0 vr:0.0 yaw:0.0] 
1622681935820 [vl:0.0 vr:0.0 yaw:0.0] 
1622681935850 [vl:0.0 vr:0.0 yaw:0.0] 
1622681935898 [vl:0.0 vr:0.0 yaw:0.0] 
1622681935941 [vl:0.0 vr:0.0 yaw:0.0] 
1622681935987 [vl:0.0 vr:0.0 yaw:0.0] 
1622681936037 [vl:0.0 vr:0.0 yaw:0.0] 
1622681936086 [vl:0.0 vr:0.0 yaw:0.0] 
1622681936157 [vl:0.0 vr:0.0 yaw:0.0] 
1622681936190 [vl:0.0 vr:0.0 yaw:0.0] 
1622681936246 [vl:0.0 vr:0.0 yaw:0.0] 
1622681936300 [vl:0.0 vr:0.0 yaw:0.0] 
1622681936352 [vl:0.0 vr:0.0 yaw:0.0] 
1622681936389 [vl:0.0 vr:0.0 yaw:0.0] 
1622681936460 [vl:0.0 vr:0.0 yaw:0.0] 
1622681936482 [vl:0.0 vr:0.0 yaw:0.0] 
1622681936563 [vl:0.0 vr:0.0 yaw:0.0] 
1622681936606 [vl:0.0 vr:0.0 yaw:0.0] 
1622681936645 [vl:0.0 vr:0.0 yaw:0.0] 
1622681936698 [vl:0.0 vr:0.0 yaw:0.0] 
1622681936739 [vl:0.0 vr:0.0 yaw:0.0] 
1622681936808 [vl:0.0 vr:0.0 yaw:0.0] 
1622681936871 [vl:0.0 vr:0.0 yaw:0.0] 
1622681936900 [vl:0.0 vr:0.0 yaw:0.0] 
1622681936937 [vl:0.0 vr:0.0 yaw:0.0] 
1622681936994 [vl:0.0 vr:0.0 yaw:0.0] 
1622681937038 [vl:0.0 vr:0.0 yaw:0.0] 
1622681937090 [vl:0.0 vr:0.0 yaw:0.0] 
1622681937154 [vl:0.0 vr:0.0 yaw:0.0] 
1622681937209 [vl:0.0 vr:0.0 yaw:0.0] 
1622681937239 [vl:0.0 vr:0.0 yaw:0.0] 
1622681937296 [vl:0.0 vr:0.0 yaw:0.0] 
1622681937361 [vl:0.0 vr:0.0 yaw:0.0] 
1622681937390 [vl:0.0 vr:0.0 yaw:0.0] 
1622681937438 [vl:0.0 vr:0.0 yaw:0.0] 
1622681937491 [vl:0.0 vr:0.0 yaw:0.0] 
1622681937565 [vl:0.0 vr:0.0 yaw:0.0] 
1622681937586 [vl:0.0 vr:0.0 yaw:0.0] 
1622681937651 [vl:0.0 vr:0.0 yaw:0.0] 
1622681937731 [vl:0.0 vr:0.0 yaw:0.0] 
1622681937811 [vl:0.0 vr:0.0 yaw:0.0] 
1622681937826 [vl:0.0 vr:0.0 yaw:0.0] 
1622681937838 [vl:0.0 vr:0.0 yaw:0.0] 
1622681937909 [vl:0.0 vr:0.0 yaw:0.0] 
1622681937951 [vl:0.0 vr:0.0 yaw:0.0] 
1622681937986 [vl:0.0 vr:0.0 yaw:0.0] 
1622681938052 [vl:0.0 vr:0.0 yaw:0.0] 
1622681938099 [vl:0.0 vr:0.0 yaw:0.0] 
1622681938139 [vl:0.0 vr:0.0 yaw:0.0] 
1622681938199 [vl:0.0 vr:0.0 yaw:0.0] 
1622681938237 [vl:0.0 vr:0.0 yaw:0.0] 
1622681938296 [vl:0.0 vr:0.0 yaw:0.0] 
1622681938377 [vl:0.0 vr:0.0 yaw:0.0] 
1622681938406 [vl:0.0 vr:0.0 yaw:0.0] 
1622681938438 [vl:0.0 vr:0.0 yaw:0.0] 
1622681938514 [vl:0.0 vr:0.0 yaw:0.0] 
1622681938538 [vl:0.0 vr:0.0 yaw:0.0] 
1622681938586 [vl:0.0 vr:0.0 yaw:0.0] 
1622681938688 [vl:0.0 vr:0.0 yaw:0.0] 
1622681938718 [vl:0.0 vr:0.0 yaw:0.0] 
1622681938742 [vl:0.0 vr:0.0 yaw:0.0] 
1622681938790 [vl:0.0 vr:0.0 yaw:0.0] 
1622681938842 [vl:0.0 vr:0.0 yaw:0.0] 
1622681938891 [vl:0.0 vr:0.0 yaw:0.0] 
1622681938938 [vl:0.0 vr:0.0 yaw:0.0] 
1622681938987 [vl:0.0 vr:0.0 yaw:0.0] 
1622681939039 [vl:0.0 vr:0.0 yaw:0.0] 
1622681939089 [vl:0.0 vr:0.0 yaw:0.0] 
1622681939149 [vl:0.0 vr:0.0 yaw:0.0] 
1622681939196 [vl:0.0 vr:0.0 yaw:0.0] 
1622681939238 [vl:0.0 vr:0.0 yaw:0.0] 
1622681939298 [vl:0.0 vr:0.0 yaw:0.0] 
1622681939359 [vl:0.0 vr:0.0 yaw:0.0] 
1622681939430 [vl:0.0 vr:0.0 yaw:0.0] 
1622681939471 [vl:0.0 vr:0.0 yaw:0.0] 
1622681939507 [vl:0.0 vr:0.0 yaw:0.0] 
1622681939549 [vl:0.0 vr:0.0 yaw:0.0] 
1622681939586 [vl:0.0 vr:0.0 yaw:0.0] 
1622681939650 [vl:0.0 vr:0.0 yaw:0.0] 
1622681939690 [vl:0.0 vr:0.0 yaw:0.0] 
1622681939764 [vl:0.0 vr:0.0 yaw:0.0] 
1622681939833 [vl:0.0 vr:0.0 yaw:0.0] 
1622681939863 [vl:0.0 vr:0.0 yaw:0.0] 
1622681939894 [vl:0.0 vr:0.0 yaw:0.0] 
1622681939942 [vl:0.0 vr:0.0 yaw:0.0] 
1622681939986 [vl:0.0 vr:0.0 yaw:0.0] 
1622681940038 [vl:0.0 vr:0.0 yaw:0.0] 
1622681940086 [vl:0.0 vr:0.0 yaw:0.0] 
1622681940138 [vl:0.0 vr:0.0 yaw:0.0] 
1622681940192 [vl:0.0 vr:0.0 yaw:0.0] 
1622681940238 [vl:0.0 vr:0.0 yaw:0.0] 
1622681940287 [vl:0.0 vr:0.0 yaw:0.0] 
1622681940346 [vl:0.0 vr:0.0 yaw:0.0] 
1622681940391 [vl:0.0 vr:0.0 yaw:0.0] 
1622681940437 [vl:0.0 vr:0.0 yaw:0.0] 
1622681940512 [vl:0.0 vr:0.0 yaw:0.0] 
1622681940569 [vl:0.0 vr:0.0 yaw:0.0] 
1622681940616 [vl:0.0 vr:0.0 yaw:0.0] 
1622681940665 [vl:0.0 vr:0.0 yaw:0.0] 
1622681940686 [vl:0.0 vr:0.0 yaw:0.0] 
1622681940751 [vl:0.0 vr:0.0 yaw:0.0] 
1622681940794 [vl:0.0 vr:0.0 yaw:0.0] 
1622681940838 [vl:0.0 vr:0.0 yaw:0.0] 
1622681940890 [vl:0.0 vr:0.0 yaw:0.0] 
1622681940967 [vl:0.0 vr:0.0 yaw:0.0] 
1622681941018 [vl:0.0 vr:0.0 yaw:0.0] 
1622681941038 [vl:0.0 vr:0.0 yaw:0.0] 
1622681941098 [vl:0.0 vr:0.0 yaw:0.0] 
1622681941139 [vl:0.0 vr:0.0 yaw:0.0] 
1622681941194 [vl:0.0 vr:0.0 yaw:0.0] 
1622681941241 [vl:0.0 vr:0.0 yaw:0.0] 
1622681941307 [vl:0.0 vr:0.0 yaw:0.0] 
1622681941353 [vl:0.0 vr:0.0 yaw:0.0] 
1622681941406 [vl:0.0 vr:0.0 yaw:0.0] 
1622681941455 [vl:0.0 vr:0.0 yaw:0.0] 
1622681941486 [vl:0.0 vr:0.0 yaw:0.0] 
1622681941574 [vl:0.0 vr:0.0 yaw:0.0] 
1622681941609 [vl:0.0 vr:0.0 yaw:0.0] 
1622681941638 [vl:0.0 vr:0.0 yaw:0.0] 
1622681941694 [vl:0.0 vr:0.0 yaw:0.0] 
1622681941748 [vl:0.0 vr:0.0 yaw:0.0] 
1622681941799 [vl:0.0 vr:0.0 yaw:0.0] 
1622681941843 [vl:0.0 vr:0.0 yaw:0.0] 
1622681941894 [vl:0.0 vr:0.0 yaw:0.0] 
1622681941955 [vl:0.0 vr:0.0 yaw:0.0] 
1622681942005 [vl:0.0 vr:0.0 yaw:0.0] 
1622681942040 [vl:0.0 vr:0.0 yaw:0.0] 
1622681942090 [vl:0.0 vr:0.0 yaw:0.0] 
1622681942155 [vl:0.0 vr:0.0 yaw:0.0] 
1622681942197 [vl:0.0 vr:0.0 yaw:0.0] 
1622681942256 [vl:0.0 vr:0.0 yaw:0.0] 
1622681942298 [vl:0.0 vr:0.0 yaw:0.0] 
1622681942350 [vl:0.0 vr:0.0 yaw:0.0] 
1622681942411 [vl:0.0 vr:0.0 yaw:0.0] 
1622681942438 [vl:0.0 vr:0.0 yaw:0.0] 
1622681942490 [vl:0.0 vr:0.0 yaw:0.0] 
1622681942537 [vl:0.0 vr:0.0 yaw:0.0] 
1622681942617 [vl:0.0 vr:0.0 yaw:0.0] 
1622681942639 [vl:0.0 vr:0.0 yaw:0.0] 
1622681942696 [vl:0.0 vr:0.0 yaw:0.0] 
1622681942738 [vl:0.0 vr:0.0 yaw:0.0] 
1622681942794 [vl:0.0 vr:0.0 yaw:0.0] 
1622681942838 [vl:0.0 vr:0.0 yaw:0.0] 
1622681942887 [vl:0.0 vr:0.0 yaw:0.0] 
1622681942938 [vl:0.0 vr:0.0 yaw:0.0] 
1622681942991 [vl:0.0 vr:0.0 yaw:0.0] 
1622681943038 [vl:0.0 vr:0.0 yaw:0.0] 
1622681943091 [vl:0.0 vr:0.0 yaw:0.0] 
1622681943173 [vl:0.0 vr:0.0 yaw:0.0] 
1622681943190 [vl:0.0 vr:0.0 yaw:0.0] 
1622681943249 [vl:0.0 vr:0.0 yaw:0.0] 
1622681943286 [vl:0.0 vr:0.0 yaw:0.0] 
1622681943338 [vl:0.0 vr:0.0 yaw:0.0] 
1622681943390 [vl:0.0 vr:0.0 yaw:0.0] 
1622681943438 [vl:0.0 vr:0.0 yaw:0.0] 
1622681943492 [vl:0.0 vr:0.0 yaw:0.0] 
1622681943567 [vl:0.0 vr:0.0 yaw:0.0] 
1622681943601 [vl:0.0 vr:0.0 yaw:0.0] 
1622681943712 [vl:0.0 vr:0.0 yaw:0.0] 
1622681943723 [vl:0.0 vr:0.0 yaw:0.0] 
1622681943756 [vl:0.0 vr:0.0 yaw:0.0] 
1622681943790 [vl:0.0 vr:0.0 yaw:0.0] 
1622681943838 [vl:0.0 vr:0.0 yaw:0.0] 
1622681943893 [vl:0.0 vr:0.0 yaw:0.0] 
1622681943938 [vl:0.0 vr:0.0 yaw:0.0] 
1622681943986 [vl:0.0 vr:0.0 yaw:0.0] 
1622681944038 [vl:0.0 vr:0.0 yaw:0.0] 
1622681944107 [vl:0.0 vr:0.0 yaw:0.0] 
1622681944144 [vl:0.0 vr:0.0 yaw:0.0] 
1622681944190 [vl:0.0 vr:0.0 yaw:0.0] 
1622681944242 [vl:0.0 vr:0.0 yaw:0.0] 
1622681944295 [vl:0.0 vr:0.0 yaw:0.0] 
1622681944338 [vl:0.0 vr:0.0 yaw:0.0] 
1622681944405 [vl:0.0 vr:0.0 yaw:0.0] 
1622681944438 [vl:0.0 vr:0.0 yaw:0.0] 
1622681944490 [vl:0.0 vr:0.0 yaw:0.0] 
1622681944545 [vl:0.0 vr:0.0 yaw:0.0] 
1622681944586 [vl:0.0 vr:0.0 yaw:0.0] 
1622681944638 [vl:0.0 vr:0.0 yaw:0.0] 
1622681944686 [vl:0.0 vr:0.0 yaw:0.0] 
1622681944737 [vl:0.0 vr:0.0 yaw:0.0] 
1622681944795 [vl:0.0 vr:0.0 yaw:0.0] 
1622681944851 [vl:0.0 vr:0.0 yaw:0.0] 
1622681944905 [vl:0.0 vr:0.0 yaw:0.0] 
1622681944948 [vl:0.0 vr:0.0 yaw:0.0] 
1622681944995 [vl:0.0 vr:0.0 yaw:0.0] 
1622681945044 [vl:0.0 vr:0.0 yaw:0.0] 
1622681945090 [vl:0.0 vr:0.0 yaw:0.0] 
1622681945135 [vl:0.0 vr:0.0 yaw:0.0] 
1622681945190 [vl:0.0 vr:0.0 yaw:0.0] 
1622681945238 [vl:0.0 vr:0.0 yaw:0.0] 
1622681945313 [vl:0.0 vr:0.0 yaw:0.0] 
1622681945338 [vl:0.0 vr:0.0 yaw:0.0] 
1622681945390 [vl:0.0 vr:0.0 yaw:0.0] 
1622681945437 [vl:0.0 vr:0.0 yaw:0.0] 
1622681945494 [vl:0.0 vr:0.0 yaw:0.0] 
1622681945544 [vl:0.0 vr:0.0 yaw:0.0] 
1622681945586 [vl:0.0 vr:0.0 yaw:0.0] 
1622681945638 [vl:0.0 vr:0.0 yaw:0.0] 
1622681945692 [vl:0.0 vr:0.0 yaw:0.0] 
1622681945761 [vl:0.0 vr:0.0 yaw:0.0] 
1622681945850 [vl:0.0 vr:0.0 yaw:0.0] 
1622681945899 [vl:0.0 vr:0.0 yaw:0.0] 
1622681945924 [vl:0.0 vr:0.0 yaw:0.0] 
1622681945976 [vl:0.0 vr:0.0 yaw:0.0] 
1622681946002 [vl:0.0 vr:0.0 yaw:0.0] 
1622681946042 [vl:0.0 vr:0.0 yaw:0.0] 
1622681946099 [vl:0.0 vr:0.0 yaw:0.0] 
1622681946140 [vl:0.0 vr:0.0 yaw:0.0] 
1622681946195 [vl:0.0 vr:0.0 yaw:0.0] 
1622681946252 [vl:0.0 vr:0.0 yaw:0.0] 
1622681946300 [vl:0.0 vr:0.0 yaw:0.0] 
1622681946348 [vl:0.0 vr:0.0 yaw:0.0] 
1622681946394 [vl:0.0 vr:0.0 yaw:0.0] 
1622681946456 [vl:0.0 vr:0.0 yaw:0.0] 
1622681946498 [vl:0.0 vr:0.0 yaw:0.0] 
1622681946539 [vl:0.0 vr:0.0 yaw:0.0] 
1622681946590 [vl:0.0 vr:0.0 yaw:0.0] 
1622681946639 [vl:0.0 vr:0.0 yaw:0.0] 
1622681946706 [vl:0.0 vr:0.0 yaw:0.0] 
1622681946738 [vl:0.0 vr:0.0 yaw:0.0] 
1622681946794 [vl:0.0 vr:0.0 yaw:0.0] 
1622681946843 [vl:0.0 vr:0.0 yaw:0.0] 
1622681946903 [vl:0.0 vr:0.0 yaw:0.0] 
1622681946938 [vl:0.0 vr:0.0 yaw:0.0] 
1622681946999 [vl:0.0 vr:0.0 yaw:0.0] 
1622681947044 [vl:0.0 vr:0.0 yaw:0.0] 
1622681947108 [vl:0.0 vr:0.0 yaw:0.0] 
1622681947137 [vl:0.0 vr:0.0 yaw:0.0] 
1622681947191 [vl:0.0 vr:0.0 yaw:0.0] 
1622681947246 [vl:0.0 vr:0.0 yaw:0.0] 
1622681947290 [vl:0.0 vr:0.0 yaw:0.0] 
1622681947364 [vl:0.0 vr:0.0 yaw:0.0] 
1622681947395 [vl:0.0 vr:0.0 yaw:0.0] 
1622681947470 [vl:0.0 vr:0.0 yaw:0.0] 
1622681947486 [vl:0.0 vr:0.0 yaw:0.0] 
1622681947550 [vl:0.0 vr:0.0 yaw:0.0] 
1622681947590 [vl:0.0 vr:0.0 yaw:0.0] 
1622681947656 [vl:0.0 vr:0.0 yaw:0.0] 
1622681947693 [vl:0.0 vr:0.0 yaw:0.0] 
1622681947739 [vl:0.0 vr:0.0 yaw:0.0] 
1622681947808 [vl:0.0 vr:0.0 yaw:0.0] 
1622681947842 [vl:0.0 vr:0.0 yaw:0.0] 
1622681947885 [vl:0.0 vr:0.0 yaw:0.0] 
1622681947950 [vl:0.0 vr:0.0 yaw:0.0] 
1622681947990 [vl:0.0 vr:0.0 yaw:0.0] 
1622681948060 [vl:0.0 vr:0.0 yaw:0.0] 
1622681948114 [vl:0.0 vr:0.0 yaw:0.0] 
1622681948138 [vl:0.0 vr:0.0 yaw:0.0] 
1622681948190 [vl:0.0 vr:0.0 yaw:0.0] 
1622681948242 [vl:0.0 vr:0.0 yaw:0.0] 
1622681948294 [vl:0.0 vr:0.0 yaw:0.0] 
1622681948330 [vl:0.0 vr:0.0 yaw:0.0] 
1622681948389 [vl:0.0 vr:0.0 yaw:0.0] 
1622681948450 [vl:0.0 vr:0.0 yaw:0.0] 
1622681948498 [vl:0.0 vr:0.0 yaw:0.0] 
1622681948542 [vl:0.0 vr:0.0 yaw:0.0] 
1622681948601 [vl:0.0 vr:0.0 yaw:0.0] 
1622681948643 [vl:0.0 vr:0.0 yaw:0.0] 
1622681948703 [vl:0.0 vr:0.0 yaw:0.0] 
1622681948738 [vl:0.0 vr:0.0 yaw:0.0] 
1622681948791 [vl:0.0 vr:0.0 yaw:0.0] 
1622681948842 [vl:0.0 vr:0.0 yaw:0.0] 
1622681948886 [vl:0.0 vr:0.0 yaw:0.0] 
1622681948946 [vl:0.0 vr:0.0 yaw:0.0] 
1622681949000 [vl:0.0 vr:0.0 yaw:0.0] 
1622681949052 [vl:0.0 vr:0.0 yaw:0.0] 
1622681949090 [vl:0.0 vr:0.0 yaw:0.0] 
1622681949142 [vl:0.0 vr:0.0 yaw:0.0] 
1622681949206 [vl:0.0 vr:0.0 yaw:0.0] 
1622681949260 [vl:0.0 vr:0.0 yaw:0.0] 
1622681949290 [vl:0.0 vr:0.0 yaw:0.0] 
1622681949338 [vl:0.0 vr:0.0 yaw:0.0] 
1622681949398 [vl:0.0 vr:0.0 yaw:0.0] 
1622681949469 [vl:0.0 vr:0.0 yaw:0.0] 
1622681949491 [vl:0.0 vr:0.0 yaw:0.0] 
1622681949605 [vl:0.0 vr:0.0 yaw:0.0] 
1622681949624 [vl:0.0 vr:0.0 yaw:0.0] 
1622681949658 [vl:0.0 vr:0.0 yaw:0.0] 
1622681949700 [vl:0.0 vr:0.0 yaw:0.0] 
1622681949738 [vl:0.0 vr:0.0 yaw:0.0] 
1622681949794 [vl:0.0 vr:0.0 yaw:0.0] 
1622681949841 [vl:0.0 vr:0.0 yaw:0.0] 
1622681949886 [vl:0.0 vr:0.0 yaw:0.0] 
1622681949938 [vl:0.0 vr:0.0 yaw:0.0] 
1622681949990 [vl:0.0 vr:0.0 yaw:0.0] 
1622681950038 [vl:0.0 vr:0.0 yaw:0.0] 
1622681950094 [vl:0.0 vr:0.0 yaw:0.0] 
1622681950138 [vl:0.0 vr:0.0 yaw:0.0] 
1622681950190 [vl:0.0 vr:0.0 yaw:0.0] 
1622681950245 [vl:0.0 vr:0.0 yaw:0.0] 
1622681950290 [vl:0.0 vr:0.0 yaw:0.0] 
1622681950378 [vl:0.0 vr:0.0 yaw:0.0] 
1622681950391 [vl:0.0 vr:0.0 yaw:0.0] 
1622681950467 [vl:0.0 vr:0.0 yaw:0.0] 
1622681950500 [vl:0.0 vr:0.0 yaw:0.0] 
1622681950556 [vl:0.0 vr:0.0 yaw:0.0] 
1622681950586 [vl:0.0 vr:0.0 yaw:0.0] 
1622681950643 [vl:0.0 vr:0.0 yaw:0.0] 
1622681950686 [vl:0.0 vr:0.0 yaw:0.0] 
1622681950739 [vl:0.0 vr:0.0 yaw:0.0] 
1622681950791 [vl:0.0 vr:0.0 yaw:0.0] 
1622681950857 [vl:0.0 vr:0.0 yaw:0.0] 
1622681950893 [vl:0.0 vr:0.0 yaw:0.0] 
1622681950943 [vl:0.0 vr:0.0 yaw:0.0] 
1622681950994 [vl:0.0 vr:0.0 yaw:0.0] 
1622681951038 [vl:0.0 vr:0.0 yaw:0.0] 
1622681951088 [vl:0.0 vr:0.0 yaw:0.0] 
1622681951138 [vl:0.0 vr:0.0 yaw:0.0] 
1622681951191 [vl:0.0 vr:0.0 yaw:0.0] 
1622681951255 [vl:0.0 vr:0.0 yaw:0.0] 
1622681951299 [vl:0.0 vr:0.0 yaw:0.0] 
1622681951360 [vl:0.0 vr:0.0 yaw:0.0] 
1622681951406 [vl:0.0 vr:0.0 yaw:0.0] 
1622681951451 [vl:0.0 vr:0.0 yaw:0.0] 
1622681951490 [vl:0.0 vr:0.0 yaw:0.0] 
1622681951562 [vl:0.0 vr:0.0 yaw:0.0] 
1622681951586 [vl:0.0 vr:0.0 yaw:0.0] 
1622681951638 [vl:0.0 vr:0.0 yaw:0.0] 
1622681951690 [vl:0.0 vr:0.0 yaw:0.0] 
1622681951754 [vl:0.0 vr:0.0 yaw:0.0] 
1622681951786 [vl:0.0 vr:0.0 yaw:0.0] 
1622681951838 [vl:0.0 vr:0.0 yaw:0.0] 
1622681951900 [vl:0.0 vr:0.0 yaw:0.0] 
1622681951960 [vl:0.0 vr:0.0 yaw:0.0] 
1622681951986 [vl:0.0 vr:0.0 yaw:0.0] 
1622681952046 [vl:0.0 vr:0.0 yaw:0.0] 
1622681952090 [vl:0.0 vr:0.0 yaw:0.0] 
1622681952138 [vl:0.0 vr:0.0 yaw:0.0] 
1622681952190 [vl:0.0 vr:0.0 yaw:0.0] 
1622681952242 [vl:0.0 vr:0.0 yaw:0.0] 
1622681952297 [vl:0.0 vr:0.0 yaw:0.0] 
1622681952337 [vl:0.0 vr:0.0 yaw:0.0] 
1622681952386 [vl:0.0 vr:0.0 yaw:0.0] 
1622681952438 [vl:0.0 vr:0.0 yaw:0.0] 
1622681952497 [vl:0.0 vr:0.0 yaw:0.0] 
1622681952540 [vl:0.0 vr:0.0 yaw:0.0] 
1622681952594 [vl:0.0 vr:0.0 yaw:0.0] 
1622681952638 [vl:0.0 vr:0.0 yaw:0.0] 
1622681952698 [vl:0.0 vr:0.0 yaw:0.0] 
1622681952743 [vl:0.0 vr:0.0 yaw:0.0] 
1622681952823 [vl:0.0 vr:0.0 yaw:0.0] 
1622681952838 [vl:0.0 vr:0.0 yaw:0.0] 
1622681952894 [vl:0.0 vr:0.0 yaw:0.0] 
1622681952940 [vl:0.0 vr:0.0 yaw:0.0] 
1622681952990 [vl:0.0 vr:0.0 yaw:0.0] 
1622681953038 [vl:0.0 vr:0.0 yaw:0.0] 
1622681953086 [vl:0.0 vr:0.0 yaw:0.0] 
1622681953147 [vl:0.0 vr:0.0 yaw:0.0] 
1622681953190 [vl:0.0 vr:0.0 yaw:0.0] 
1622681953242 [vl:0.0 vr:0.0 yaw:0.0] 
1622681953285 [vl:0.0 vr:0.0 yaw:0.0] 
1622681953347 [vl:0.0 vr:0.0 yaw:0.0] 
1622681953390 [vl:0.0 vr:0.0 yaw:0.0] 
1622681953441 [vl:0.0 vr:0.0 yaw:0.0] 
1622681953499 [vl:0.0 vr:0.0 yaw:0.0] 
1622681953547 [vl:0.0 vr:0.0 yaw:0.0] 
1622681953591 [vl:0.0 vr:0.0 yaw:0.0] 
1622681953638 [vl:0.0 vr:0.0 yaw:0.0] 
1622681953701 [vl:0.0 vr:0.0 yaw:0.0] 
1622681953743 [vl:0.0 vr:0.0 yaw:0.0] 
1622681953786 [vl:0.0 vr:0.0 yaw:0.0] 
1622681953837 [vl:0.0 vr:0.0 yaw:0.0] 
1622681953886 [vl:0.0 vr:0.0 yaw:0.0] 
1622681953943 [vl:0.0 vr:0.0 yaw:0.0] 
1622681953986 [vl:0.0 vr:0.0 yaw:0.0] 
1622681954040 [vl:0.0 vr:0.0 yaw:0.0] 
1622681954096 [vl:0.0 vr:0.0 yaw:0.0] 
1622681954150 [vl:0.0 vr:0.0 yaw:0.0] 
1622681954194 [vl:0.0 vr:0.0 yaw:0.0] 
1622681954238 [vl:0.0 vr:0.0 yaw:0.0] 
1622681954286 [vl:0.0 vr:0.0 yaw:0.0] 
1622681954340 [vl:0.0 vr:0.0 yaw:0.0] 
1622681954386 [vl:0.0 vr:0.0 yaw:0.0] 
1622681954442 [vl:0.0 vr:0.0 yaw:0.0] 
1622681954485 [vl:0.0 vr:0.0 yaw:0.0] 
1622681954546 [vl:0.0 vr:0.0 yaw:0.0] 
1622681954587 [vl:0.0 vr:0.0 yaw:0.0] 
1622681954638 [vl:0.0 vr:0.0 yaw:0.0] 
1622681954691 [vl:0.0 vr:0.0 yaw:0.0] 
1622681954760 [vl:0.0 vr:0.0 yaw:0.0] 
1622681954786 [vl:0.0 vr:0.0 yaw:0.0] 
1622681954842 [vl:0.0 vr:0.0 yaw:0.0] 
1622681954891 [vl:0.0 vr:0.0 yaw:0.0] 
1622681954938 [vl:0.0 vr:0.0 yaw:0.0] 
1622681954995 [vl:0.0 vr:0.0 yaw:0.0] 
1622681955076 [vl:0.0 vr:0.0 yaw:0.0] 
1622681955092 [vl:0.0 vr:0.0 yaw:0.0] 
1622681955163 [vl:0.0 vr:0.0 yaw:0.0] 
1622681955206 [vl:0.0 vr:0.0 yaw:0.0] 
1622681955246 [vl:0.0 vr:0.0 yaw:0.0] 
1622681955322 [vl:0.0 vr:0.0 yaw:0.0] 
1622681955337 [vl:0.0 vr:0.0 yaw:0.0] 
1622681955399 [vl:0.0 vr:0.0 yaw:0.0] 
1622681955442 [vl:0.0 vr:0.0 yaw:0.0] 
1622681955487 [vl:0.0 vr:0.0 yaw:0.0] 
1622681955542 [vl:0.0 vr:0.0 yaw:0.0] 
1622681955592 [vl:0.0 vr:0.0 yaw:0.0] 
1622681955648 [vl:0.0 vr:0.0 yaw:0.0] 
1622681955695 [vl:0.0 vr:0.0 yaw:0.0] 
1622681955757 [vl:0.0 vr:0.0 yaw:0.0] 
1622681955790 [vl:0.0 vr:0.0 yaw:0.0] 
1622681955839 [vl:0.0 vr:0.0 yaw:0.0] 
1622681955890 [vl:0.0 vr:0.0 yaw:0.0] 
1622681955938 [vl:0.0 vr:0.0 yaw:0.0] 
1622681955991 [vl:0.0 vr:0.0 yaw:0.0] 
1622681956067 [vl:0.0 vr:0.0 yaw:0.0] 
1622681956088 [vl:0.0 vr:0.0 yaw:0.0] 
1622681956150 [vl:0.0 vr:0.0 yaw:0.0] 
1622681956222 [vl:0.0 vr:0.0 yaw:0.0] 
1622681956266 [vl:0.0 vr:0.0 yaw:0.0] 
1622681956312 [vl:0.0 vr:0.0 yaw:0.0] 
1622681956338 [vl:0.0 vr:0.0 yaw:0.0] 
1622681956386 [vl:0.0 vr:0.0 yaw:0.0] 
1622681956454 [vl:0.0 vr:0.0 yaw:0.0] 
1622681956499 [vl:0.0 vr:0.0 yaw:0.0] 
1622681956553 [vl:0.0 vr:0.0 yaw:0.0] 
1622681956610 [vl:0.0 vr:0.0 yaw:0.0] 
1622681956706 [vl:0.0 vr:0.0 yaw:0.0] 
1622681956746 [vl:0.0 vr:0.0 yaw:0.0] 
1622681956771 [vl:0.0 vr:0.0 yaw:0.0] 
1622681956798 [vl:0.0 vr:0.0 yaw:0.0] 
1622681956843 [vl:0.0 vr:0.0 yaw:0.0] 
1622681956890 [vl:0.0 vr:0.0 yaw:0.0] 
1622681956938 [vl:0.0 vr:0.0 yaw:0.0] 
1622681957022 [vl:0.0 vr:0.0 yaw:0.0] 
1622681957039 [vl:0.0 vr:0.0 yaw:0.0] 
1622681957090 [vl:0.0 vr:0.0 yaw:0.0] 
1622681957138 [vl:0.0 vr:0.0 yaw:0.0] 
1622681957197 [vl:0.0 vr:0.0 yaw:0.0] 
1622681957242 [vl:0.0 vr:0.0 yaw:0.0] 
1622681957302 [vl:0.0 vr:0.0 yaw:0.0] 
1622681957335 [vl:0.0 vr:0.0 yaw:0.0] 
1622681957386 [vl:0.0 vr:0.0 yaw:0.0] 
1622681957439 [vl:0.0 vr:0.0 yaw:0.0] 
1622681957490 [vl:0.0 vr:0.0 yaw:0.0] 
1622681957542 [vl:0.0 vr:0.0 yaw:0.0] 
1622681957594 [vl:0.0 vr:0.0 yaw:0.0] 
1622681957649 [vl:0.0 vr:0.0 yaw:0.0] 
1622681957694 [vl:0.0 vr:0.0 yaw:0.0] 
1622681957740 [vl:0.0 vr:0.0 yaw:0.0] 
1622681957785 [vl:0.0 vr:0.0 yaw:0.0] 
1622681957839 [vl:0.0 vr:0.0 yaw:0.0] 
1622681957888 [vl:0.0 vr:0.0 yaw:0.0] 
1622681957938 [vl:0.0 vr:0.0 yaw:0.0] 
1622681957986 [vl:0.0 vr:0.0 yaw:0.0] 
1622681958057 [vl:0.0 vr:0.0 yaw:0.0] 
1622681958091 [vl:0.0 vr:0.0 yaw:0.0] 
1622681958139 [vl:0.0 vr:0.0 yaw:0.0] 
1622681958186 [vl:0.0 vr:0.0 yaw:0.0] 
1622681958244 [vl:0.0 vr:0.0 yaw:0.0] 
1622681958305 [vl:0.0 vr:0.0 yaw:0.0] 
1622681958348 [vl:0.0 vr:0.0 yaw:0.0] 
1622681958390 [vl:0.0 vr:0.0 yaw:0.0] 
1622681958436 [vl:0.0 vr:0.0 yaw:0.0] 
1622681958492 [vl:0.0 vr:0.0 yaw:0.0] 
1622681958551 [vl:0.0 vr:0.0 yaw:0.0] 
1622681958589 [vl:0.0 vr:0.0 yaw:0.0] 
1622681958640 [vl:0.0 vr:0.0 yaw:0.0] 
1622681958686 [vl:0.0 vr:0.0 yaw:0.0] 
1622681958740 [vl:0.0 vr:0.0 yaw:0.0] 
1622681958787 [vl:0.0 vr:0.0 yaw:0.0] 
1622681958838 [vl:0.0 vr:0.0 yaw:0.0] 
1622681958896 [vl:0.0 vr:0.0 yaw:0.0] 
1622681958959 [vl:0.0 vr:0.0 yaw:0.0] 
1622681958990 [vl:0.0 vr:0.0 yaw:0.0] 
1622681959044 [vl:0.0 vr:0.0 yaw:0.0] 
1622681959090 [vl:0.0 vr:0.0 yaw:0.0] 
1622681959153 [vl:0.0 vr:0.0 yaw:0.0] 
1622681959190 [vl:0.0 vr:0.0 yaw:0.0] 
1622681959242 [vl:0.0 vr:0.0 yaw:0.0] 
1622681959306 [vl:0.0 vr:0.0 yaw:0.0] 
1622681959340 [vl:0.0 vr:0.0 yaw:0.0] 
1622681959391 [vl:0.0 vr:0.0 yaw:0.0] 
1622681959440 [vl:0.0 vr:0.0 yaw:0.0] 
1622681959500 [vl:0.0 vr:0.0 yaw:0.0] 
1622681959539 [vl:0.0 vr:0.0 yaw:0.0] 
1622681959592 [vl:0.0 vr:0.0 yaw:0.0] 
1622681959638 [vl:0.0 vr:0.0 yaw:0.0] 
1622681959702 [vl:0.0 vr:0.0 yaw:0.0] 
1622681959746 [vl:0.0 vr:0.0 yaw:0.0] 
1622681959794 [vl:0.0 vr:0.0 yaw:0.0] 
1622681959837 [vl:0.0 vr:0.0 yaw:0.0] 
1622681959890 [vl:0.0 vr:0.0 yaw:0.0] 
1622681959939 [vl:0.0 vr:0.0 yaw:0.0] 
1622681959994 [vl:0.0 vr:0.0 yaw:0.0] 
1622681960038 [vl:0.0 vr:0.0 yaw:0.0] 
1622681960090 [vl:0.0 vr:0.0 yaw:0.0] 
1622681960143 [vl:0.0 vr:0.0 yaw:0.0] 
1622681960190 [vl:0.0 vr:0.0 yaw:0.0] 
1622681960238 [vl:0.0 vr:0.0 yaw:0.0] 
1622681960302 [vl:0.0 vr:0.0 yaw:0.0] 
1622681960345 [vl:0.0 vr:0.0 yaw:0.0] 
1622681960390 [vl:0.0 vr:0.0 yaw:0.0] 
1622681960451 [vl:0.0 vr:0.0 yaw:0.0] 
1622681960488 [vl:0.0 vr:0.0 yaw:0.0] 
1622681960547 [vl:0.0 vr:0.0 yaw:0.0] 
1622681960614 [vl:0.0 vr:0.0 yaw:0.0] 
1622681960666 [vl:0.0 vr:0.0 yaw:0.0] 
1622681960693 [vl:0.0 vr:0.0 yaw:0.0] 
1622681960744 [vl:0.0 vr:0.0 yaw:0.0] 
1622681960801 [vl:0.0 vr:0.0 yaw:0.0] 
1622681960848 [vl:0.0 vr:0.0 yaw:0.0] 
1622681960892 [vl:0.0 vr:0.0 yaw:0.0] 
1622681960940 [vl:0.0 vr:0.0 yaw:0.0] 
1622681960990 [vl:0.0 vr:0.0 yaw:0.0] 
1622681961039 [vl:0.0 vr:0.0 yaw:0.0] 
1622681961092 [vl:0.0 vr:0.0 yaw:0.0] 
1622681961139 [vl:0.0 vr:0.0 yaw:0.0] 
1622681961185 [vl:0.0 vr:0.0 yaw:0.0] 
1622681961243 [vl:0.0 vr:0.0 yaw:0.0] 
1622681961289 [vl:0.0 vr:0.0 yaw:0.0] 
1622681961375 [vl:0.0 vr:0.0 yaw:0.0] 
1622681961415 [vl:0.0 vr:0.0 yaw:0.0] 
1622681961439 [vl:0.0 vr:0.0 yaw:0.0] 
1622681961485 [vl:0.0 vr:0.0 yaw:0.0] 
1622681961558 [vl:0.0 vr:0.0 yaw:0.0] 
1622681961597 [vl:0.0 vr:0.0 yaw:0.0] 
1622681961650 [vl:0.0 vr:0.0 yaw:0.0] 
1622681961697 [vl:0.0 vr:0.0 yaw:0.0] 
1622681961740 [vl:0.0 vr:0.0 yaw:0.0] 
1622681961795 [vl:0.0 vr:0.0 yaw:0.0] 
1622681961860 [vl:0.0 vr:0.0 yaw:0.0] 
1622681961886 [vl:0.0 vr:0.0 yaw:0.0] 
1622681961938 [vl:0.0 vr:0.0 yaw:0.0] 
1622681961997 [vl:0.0 vr:0.0 yaw:0.0] 
1622681962037 [vl:0.0 vr:0.0 yaw:0.0] 
1622681962095 [vl:0.0 vr:0.0 yaw:0.0] 
1622681962138 [vl:0.0 vr:0.0 yaw:0.0] 
1622681962191 [vl:0.0 vr:0.0 yaw:0.0] 
1622681962268 [vl:0.0 vr:0.0 yaw:0.0] 
1622681962286 [vl:0.0 vr:0.0 yaw:0.0] 
1622681962341 [vl:0.0 vr:0.0 yaw:0.0] 
1622681962390 [vl:0.0 vr:0.0 yaw:0.0] 
1622681962438 [vl:0.0 vr:0.0 yaw:0.0] 
1622681962486 [vl:0.0 vr:0.0 yaw:0.0] 
1622681962554 [vl:0.0 vr:0.0 yaw:0.0] 
1622681962602 [vl:0.0 vr:0.0 yaw:0.0] 
1622681962652 [vl:0.0 vr:0.0 yaw:0.0] 
1622681962697 [vl:0.0 vr:0.0 yaw:0.0] 
1622681962742 [vl:0.0 vr:0.0 yaw:0.0] 
1622681962790 [vl:0.0 vr:0.0 yaw:0.0] 
1622681962838 [vl:0.0 vr:0.0 yaw:0.0] 
1622681962892 [vl:0.0 vr:0.0 yaw:0.0] 
1622681962938 [vl:0.0 vr:0.0 yaw:0.0] 
1622681962987 [vl:0.0 vr:0.0 yaw:0.0] 
1622681963043 [vl:0.0 vr:0.0 yaw:0.0] 
1622681963092 [vl:0.0 vr:0.0 yaw:0.0] 
1622681963138 [vl:0.0 vr:0.0 yaw:0.0] 
1622681963197 [vl:0.0 vr:0.0 yaw:0.0] 
1622681963240 [vl:0.0 vr:0.0 yaw:0.0] 
1622681963312 [vl:0.0 vr:0.0 yaw:0.0] 
1622681963339 [vl:0.0 vr:0.0 yaw:0.0] 
1622681963389 [vl:0.0 vr:0.0 yaw:0.0] 
1622681963455 [vl:0.0 vr:0.0 yaw:0.0] 
1622681963518 [vl:0.0 vr:0.0 yaw:0.0] 
1622681963555 [vl:0.0 vr:0.0 yaw:0.0] 
1622681963595 [vl:0.0 vr:0.0 yaw:0.0] 
1622681963654 [vl:0.0 vr:0.0 yaw:0.0] 
1622681963686 [vl:0.0 vr:0.0 yaw:0.0] 
1622681963740 [vl:0.0 vr:0.0 yaw:0.0] 
1622681963790 [vl:0.0 vr:0.0 yaw:0.0] 
1622681963838 [vl:0.0 vr:0.0 yaw:0.0] 
1622681963894 [vl:0.0 vr:0.0 yaw:0.0] 
1622681963991 [vl:0.0 vr:0.0 yaw:0.0] 
1622681964011 [vl:0.0 vr:0.0 yaw:0.0] 
1622681964042 [vl:0.0 vr:0.0 yaw:0.0] 
1622681964103 [vl:0.0 vr:0.0 yaw:0.0] 
1622681964138 [vl:0.0 vr:0.0 yaw:0.0] 
1622681964192 [vl:0.0 vr:0.0 yaw:0.0] 
1622681964261 [vl:0.0 vr:0.0 yaw:0.0] 
1622681964295 [vl:0.0 vr:0.0 yaw:0.0] 
1622681964346 [vl:0.0 vr:0.0 yaw:0.0] 
1622681964399 [vl:0.0 vr:0.0 yaw:0.0] 
1622681964462 [vl:0.0 vr:0.0 yaw:0.0] 
1622681964490 [vl:0.0 vr:0.0 yaw:0.0] 
1622681964544 [vl:0.0 vr:0.0 yaw:0.0] 
1622681964585 [vl:0.0 vr:0.0 yaw:0.0] 
1622681964638 [vl:0.0 vr:0.0 yaw:0.0] 
1622681964686 [vl:0.0 vr:0.0 yaw:0.0] 
1622681964752 [vl:0.0 vr:0.0 yaw:0.0] 
1622681964806 [vl:0.0 vr:0.0 yaw:0.0] 
1622681964849 [vl:0.0 vr:0.0 yaw:0.0] 
1622681964895 [vl:0.0 vr:0.0 yaw:0.0] 
1622681964938 [vl:0.0 vr:0.0 yaw:0.0] 
1622681964986 [vl:0.0 vr:0.0 yaw:0.0] 
1622681965039 [vl:0.0 vr:0.0 yaw:0.0] 
1622681965118 [vl:0.0 vr:0.0 yaw:0.0] 
1622681965142 [vl:0.0 vr:0.0 yaw:0.0] 
1622681965190 [vl:0.0 vr:0.0 yaw:0.0] 
1622681965242 [vl:0.0 vr:0.0 yaw:0.0] 
1622681965286 [vl:0.0 vr:0.0 yaw:0.0] 
1622681965341 [vl:0.0 vr:0.0 yaw:0.0] 
1622681965397 [vl:0.0 vr:0.0 yaw:0.0] 
1622681965448 [vl:0.0 vr:0.0 yaw:0.0] 
1622681965544 [vl:0.0 vr:0.0 yaw:0.0] 
1622681965562 [vl:0.0 vr:0.0 yaw:0.0] 
1622681965590 [vl:0.0 vr:0.0 yaw:0.0] 
1622681965638 [vl:0.0 vr:0.0 yaw:0.0] 
1622681965692 [vl:0.0 vr:0.0 yaw:0.0] 
1622681965743 [vl:0.0 vr:0.0 yaw:0.0] 
1622681965844 [vl:0.0 vr:0.0 yaw:0.0] 
1622681965870 [vl:0.0 vr:0.0 yaw:0.0] 
1622681965922 [vl:0.0 vr:0.0 yaw:0.0] 
1622681965939 [vl:0.0 vr:0.0 yaw:0.0] 
1622681966000 [vl:0.0 vr:0.0 yaw:0.0] 
1622681966074 [vl:0.0 vr:0.0 yaw:0.0] 
1622681966146 [vl:0.0 vr:0.0 yaw:0.0] 
1622681966190 [vl:0.0 vr:0.0 yaw:0.0] 
1622681966210 [vl:0.0 vr:0.0 yaw:0.0] 
1622681966238 [vl:0.0 vr:0.0 yaw:0.0] 
1622681966294 [vl:0.0 vr:0.0 yaw:0.0] 
1622681966364 [vl:0.0 vr:0.0 yaw:0.0] 
1622681966409 [vl:0.0 vr:0.0 yaw:0.0] 
1622681966453 [vl:0.0 vr:0.0 yaw:0.0] 
1622681966490 [vl:0.0 vr:0.0 yaw:0.0] 
1622681966557 [vl:0.0 vr:0.0 yaw:0.0] 
1622681966590 [vl:0.0 vr:0.0 yaw:0.0] 
1622681966656 [vl:0.0 vr:0.0 yaw:0.0] 
1622681966690 [vl:0.0 vr:0.0 yaw:0.0] 
1622681966752 [vl:0.0 vr:0.0 yaw:0.0] 
1622681966803 [vl:0.0 vr:0.0 yaw:0.0] 
1622681966853 [vl:0.0 vr:0.0 yaw:0.0] 
1622681966945 [vl:0.0 vr:0.0 yaw:0.0] 
1622681966958 [vl:0.0 vr:0.0 yaw:0.0] 
1622681966995 [vl:0.0 vr:0.0 yaw:0.0] 
1622681967067 [vl:0.0 vr:0.0 yaw:0.0] 
1622681967086 [vl:0.0 vr:0.0 yaw:0.0] 
1622681967152 [vl:0.0 vr:0.0 yaw:0.0] 
1622681967190 [vl:0.0 vr:0.0 yaw:0.0] 
1622681967244 [vl:0.0 vr:0.0 yaw:0.0] 
1622681967290 [vl:0.0 vr:0.0 yaw:0.0] 
1622681967344 [vl:0.0 vr:0.0 yaw:0.0] 
1622681967390 [vl:0.0 vr:0.0 yaw:0.0] 
1622681967439 [vl:0.0 vr:0.0 yaw:0.0] 
1622681967491 [vl:0.0 vr:0.0 yaw:0.0] 
1622681967538 [vl:0.0 vr:0.0 yaw:0.0] 
1622681967593 [vl:0.0 vr:0.0 yaw:0.0] 
1622681967638 [vl:0.0 vr:0.0 yaw:0.0] 
1622681967689 [vl:0.0 vr:0.0 yaw:0.0] 
1622681967743 [vl:0.0 vr:0.0 yaw:0.0] 
1622681967805 [vl:0.0 vr:0.0 yaw:0.0] 
1622681967845 [vl:0.0 vr:0.0 yaw:0.0] 
1622681967925 [vl:0.0 vr:0.0 yaw:0.0] 
1622681967978 [vl:0.0 vr:0.0 yaw:0.0] 
1622681967997 [vl:0.0 vr:0.0 yaw:0.0] 
1622681968035 [vl:0.0 vr:0.0 yaw:0.0] 
1622681968097 [vl:0.0 vr:0.0 yaw:0.0] 
1622681968146 [vl:0.0 vr:0.0 yaw:0.0] 
1622681968192 [vl:0.0 vr:0.0 yaw:0.0] 
1622681968239 [vl:0.0 vr:0.0 yaw:0.0] 
1622681968286 [vl:0.0 vr:0.0 yaw:0.0] 
1622681968340 [vl:0.0 vr:0.0 yaw:0.0] 
1622681968386 [vl:0.0 vr:0.0 yaw:0.0] 
1622681968438 [vl:0.0 vr:0.0 yaw:0.0] 
1622681968491 [vl:0.0 vr:0.0 yaw:0.0] 
1622681968538 [vl:0.0 vr:0.0 yaw:0.0] 
1622681968590 [vl:0.0 vr:0.0 yaw:0.0] 
1622681968638 [vl:0.0 vr:0.0 yaw:0.0] 
1622681968686 [vl:0.0 vr:0.0 yaw:0.0] 
1622681968747 [vl:0.0 vr:0.0 yaw:0.0] 
1622681968790 [vl:0.0 vr:0.0 yaw:0.0] 
1622681968840 [vl:0.0 vr:0.0 yaw:0.0] 
1622681968898 [vl:0.0 vr:0.0 yaw:0.0] 
1622681968939 [vl:0.0 vr:0.0 yaw:0.0] 
1622681968994 [vl:0.0 vr:0.0 yaw:0.0] 
1622681969038 [vl:0.0 vr:0.0 yaw:0.0] 
1622681969087 [vl:0.0 vr:0.0 yaw:0.0] 
1622681969247 [vl:0.0 vr:0.0 yaw:0.0] 
1622681969306 [vl:0.0 vr:0.0 yaw:0.0] 
1622681969319 [vl:0.0 vr:0.0 yaw:0.0] 
1622681969344 [vl:0.0 vr:0.0 yaw:0.0] 
1622681969358 [vl:0.0 vr:0.0 yaw:0.0] 
1622681969410 [vl:0.0 vr:0.0 yaw:0.0] 
1622681969438 [vl:0.0 vr:0.0 yaw:0.0] 
1622681969486 [vl:0.0 vr:0.0 yaw:0.0] 
1622681969542 [vl:0.0 vr:0.0 yaw:0.0] 
1622681969590 [vl:0.0 vr:0.0 yaw:0.0] 
1622681969669 [vl:0.0 vr:0.0 yaw:0.0] 
1622681969709 [vl:0.0 vr:0.0 yaw:0.0] 
1622681969764 [vl:0.0 vr:0.0 yaw:0.0] 
1622681969809 [vl:0.0 vr:0.0 yaw:0.0] 
1622681969840 [vl:0.0 vr:0.0 yaw:0.0] 
1622681969885 [vl:0.0 vr:0.0 yaw:0.0] 
1622681969942 [vl:0.0 vr:0.0 yaw:0.0] 
1622681969987 [vl:0.0 vr:0.0 yaw:0.0] 
