1621057447076 [Opening serial port: /dev/ttyTHS1.] 
1621057447381 [The robot is connected to ] [/dev/ttyTHS1] 
1621057447381 [Initial robot's topic...] 
1621057447386 [Start initializing navigation] 
1621057447386 [Start initializing navigation topic] 
1621057447412 [Initialization navigation topic finished] 
1621057447418 [Initialization navigation finished] 
1621057447429 [Update odom] 
1621057447534 [pre_delta_X:-0.00086947918 pre_delta_y:-0.00043473959 status:ROBOT_STATUS._STOP] 
1621057447534 [delta_X:0 delta_y:0 status:True] 
1621057447535 [Update odom] 
1621057447636 [pre_delta_X:-0.00105798959 pre_delta_y:0.00105798959 status:ROBOT_STATUS._STOP] 
1621057447636 [delta_X:0 delta_y:0 status:True] 
1621057447637 [Update odom] 
1621057447738 [pre_delta_X:-0.00101699114 pre_delta_y:0.0 status:ROBOT_STATUS._STOP] 
1621057447738 [delta_X:0 delta_y:0 status:True] 
1621057447738 [Update odom] 
1621057447840 [pre_delta_X:-0.00101771832 pre_delta_y:-0.0 status:ROBOT_STATUS._STOP] 
1621057447841 [delta_X:0 delta_y:0 status:True] 
1621057447841 [Update odom] 
1621057447942 [pre_delta_X:-0.00205742358 pre_delta_y:0.0 status:ROBOT_STATUS._STOP] 
1621057447942 [delta_X:0 delta_y:0 status:True] 
1621057447943 [Update odom] 
1621057448044 [pre_delta_X:-0.00203559876 pre_delta_y:-0.00101779938 status:ROBOT_STATUS._STOP] 
1621057448044 [delta_X:0 delta_y:0 status:True] 
1621057448045 [Update odom] 
1621057448146 [pre_delta_X:-0.00102179051 pre_delta_y:0.00102179051 status:ROBOT_STATUS._STOP] 
1621057448146 [delta_X:0 delta_y:0 status:True] 
1621057448147 [Update odom] 
1621057448248 [pre_delta_X:-0.00203781604 pre_delta_y:-0.0 status:ROBOT_STATUS._STOP] 
1621057448248 [delta_X:0 delta_y:0 status:True] 
1621057448249 [Update odom] 
1621057448355 [pre_delta_X:-0.00102234125 pre_delta_y:0.00102234125 status:ROBOT_STATUS._STOP] 
1621057448355 [delta_X:0 delta_y:0 status:True] 
1621057448357 [Update odom] 
1621057448458 [pre_delta_X:-0.00107125998 pre_delta_y:0.0 status:ROBOT_STATUS._STOP] 
1621057448458 [delta_X:0 delta_y:0 status:True] 
1621057448459 [Update odom] 
1621057448560 [pre_delta_X:-0.00102568864 pre_delta_y:0.0 status:ROBOT_STATUS._STOP] 
1621057448560 [delta_X:0 delta_y:0 status:True] 
1621057448562 [Update odom] 
1621057448663 [pre_delta_X:-0.0010335517 pre_delta_y:-0.0 status:ROBOT_STATUS._STOP] 
1621057448663 [delta_X:0 delta_y:0 status:True] 
1621057448664 [Update odom] 
1621057448768 [pre_delta_X:0.0 pre_delta_y:0.00101929903 status:ROBOT_STATUS._STOP] 
1621057448768 [delta_X:0 delta_y:0 status:True] 
1621057448769 [Update odom] 
1621057448870 [pre_delta_X:-0.00104522943 pre_delta_y:0.00104522943 status:ROBOT_STATUS._STOP] 
1621057448870 [delta_X:0 delta_y:0 status:True] 
1621057448871 [Update odom] 
1621057448973 [pre_delta_X:-0.00101836205 pre_delta_y:-0.00101836205 status:ROBOT_STATUS._STOP] 
1621057448973 [delta_X:0 delta_y:0 status:True] 
1621057448974 [Update odom] 
1621057449076 [pre_delta_X:-0.00102943897 pre_delta_y:0.00205887794 status:ROBOT_STATUS._STOP] 
1621057449076 [delta_X:0 delta_y:0 status:True] 
1621057449078 [Update odom] 
1621057449179 [pre_delta_X:-0.00103960991 pre_delta_y:-0.00103960991 status:ROBOT_STATUS._STOP] 
1621057449179 [delta_X:0 delta_y:0 status:True] 
1621057449180 [Update odom] 
1621057449282 [pre_delta_X:-0.0 pre_delta_y:0.0 status:ROBOT_STATUS._STOP] 
1621057449282 [delta_X:0 delta_y:0 status:True] 
1621057449283 [Update odom] 
1621057449384 [pre_delta_X:0.0 pre_delta_y:-0.0 status:ROBOT_STATUS._STOP] 
1621057449384 [delta_X:0 delta_y:0 status:True] 
1621057449384 [Update odom] 
1621057449486 [pre_delta_X:-0.00101605177 pre_delta_y:0.00101605177 status:ROBOT_STATUS._STOP] 
1621057449486 [delta_X:0 delta_y:0 status:True] 
1621057449487 [Update odom] 
1621057449588 [pre_delta_X:-0.0020468378 pre_delta_y:-0.0 status:ROBOT_STATUS._STOP] 
1621057449588 [delta_X:0 delta_y:0 status:True] 
1621057449589 [Update odom] 
1621057449690 [pre_delta_X:-0.0 pre_delta_y:0.00101844072 status:ROBOT_STATUS._STOP] 
1621057449690 [delta_X:0 delta_y:0 status:True] 
1621057449691 [Update odom] 
1621057449793 [pre_delta_X:-0.00101902008 pre_delta_y:-0.00101902008 status:ROBOT_STATUS._STOP] 
1621057449793 [delta_X:0 delta_y:0 status:True] 
1621057449793 [Update odom] 
1621057449895 [pre_delta_X:-0.00102903843 pre_delta_y:0.00102903843 status:ROBOT_STATUS._STOP] 
1621057449895 [delta_X:0 delta_y:0 status:True] 
1621057449896 [Update odom] 
1621057449997 [pre_delta_X:-0.00204126358 pre_delta_y:-0.0 status:ROBOT_STATUS._STOP] 
1621057449997 [delta_X:0 delta_y:0 status:True] 
1621057449997 [Update odom] 
1621057450098 [pre_delta_X:0.0 pre_delta_y:0.0 status:ROBOT_STATUS._STOP] 
1621057450098 [delta_X:0 delta_y:0 status:True] 
1621057450099 [Update odom] 
1621057450200 [pre_delta_X:-0.0020385599 pre_delta_y:0.0 status:ROBOT_STATUS._STOP] 
1621057450200 [delta_X:0 delta_y:0 status:True] 
1621057450201 [Update odom] 
1621057450302 [pre_delta_X:-0.00101771117 pre_delta_y:-0.00101771117 status:ROBOT_STATUS._STOP] 
1621057450302 [delta_X:0 delta_y:0 status:True] 
1621057450304 [Update odom] 
1621057450405 [pre_delta_X:-0.00205701828 pre_delta_y:0.00205701828 status:ROBOT_STATUS._STOP] 
1621057450405 [delta_X:0 delta_y:0 status:True] 
1621057450406 [Update odom] 
1621057450507 [pre_delta_X:-0.00102260112 pre_delta_y:-0.00102260112 status:ROBOT_STATUS._STOP] 
1621057450507 [delta_X:0 delta_y:0 status:True] 
1621057450508 [Update odom] 
1621057450610 [pre_delta_X:-0.00203389646 pre_delta_y:0.00305084469 status:ROBOT_STATUS._STOP] 
1621057450610 [delta_X:0 delta_y:0 status:True] 
1621057450611 [Update odom] 
1621057450712 [pre_delta_X:-0.00309666393 pre_delta_y:-0.0 status:ROBOT_STATUS._STOP] 
1621057450713 [delta_X:0 delta_y:0 status:True] 
1621057450714 [Update odom] 
1621057450815 [pre_delta_X:0.00308060646 pre_delta_y:0.0 status:ROBOT_STATUS._STOP] 
1621057450815 [delta_X:0 delta_y:0 status:True] 
1621057450815 [Update odom] 
1621057450916 [pre_delta_X:-0.0050908089 pre_delta_y:-0.00101816178 status:ROBOT_STATUS._STOP] 
1621057450916 [delta_X:0 delta_y:0 status:True] 
1621057450917 [Update odom] 
1621057451018 [pre_delta_X:0.00101632833 pre_delta_y:0.00304898499 status:ROBOT_STATUS._STOP] 
1621057451018 [delta_X:0 delta_y:0 status:True] 
1621057451019 [Update odom] 
1621057451120 [pre_delta_X:-0.0030524397 pre_delta_y:-0.0040699196 status:ROBOT_STATUS._STOP] 
1621057451120 [delta_X:0 delta_y:0 status:True] 
1621057451121 [Update odom] 
1621057451222 [pre_delta_X:-0.00102022171 pre_delta_y:0.00102022171 status:ROBOT_STATUS._STOP] 
1621057451222 [delta_X:0 delta_y:0 status:True] 
1621057451223 [Update odom] 
1621057451324 [pre_delta_X:-0.00306932688 pre_delta_y:0.0 status:ROBOT_STATUS._STOP] 
1621057451324 [delta_X:0 delta_y:0 status:True] 
1621057451325 [Update odom] 
1621057451426 [pre_delta_X:0.00101767063 pre_delta_y:0.00203534126 status:ROBOT_STATUS._STOP] 
1621057451426 [delta_X:0 delta_y:0 status:True] 
1621057451427 [Update odom] 
1621057451528 [pre_delta_X:-0.00101734877 pre_delta_y:-0.00101734877 status:ROBOT_STATUS._STOP] 
1621057451528 [delta_X:0 delta_y:0 status:True] 
1621057451529 [Update odom] 
1621057451630 [pre_delta_X:-0.0020446825 pre_delta_y:-0.0 status:ROBOT_STATUS._STOP] 
1621057451630 [delta_X:0 delta_y:0 status:True] 
1621057451631 [Update odom] 
1621057451733 [pre_delta_X:-0.00102016926 pre_delta_y:0.00306050778 status:ROBOT_STATUS._STOP] 
1621057451733 [delta_X:0 delta_y:0 status:True] 
1621057451734 [Update odom] 
1621057451835 [pre_delta_X:-0.00205868244 pre_delta_y:-0.00102934122 status:ROBOT_STATUS._STOP] 
1621057451835 [delta_X:0 delta_y:0 status:True] 
1621057451836 [Update odom] 
1621057451937 [pre_delta_X:0.00102348804 pre_delta_y:0.00409395216 status:ROBOT_STATUS._STOP] 
1621057451937 [delta_X:0 delta_y:0 status:True] 
1621057451939 [Update odom] 
1621057452039 [pre_delta_X:-0.00204808236 pre_delta_y:-0.00204808236 status:ROBOT_STATUS._STOP] 
1621057452039 [delta_X:0 delta_y:0 status:True] 
1621057452040 [Update odom] 
1621057452143 [pre_delta_X:-0.00305351973 pre_delta_y:0.00407135964 status:ROBOT_STATUS._STOP] 
1621057452143 [delta_X:0 delta_y:0 status:True] 
1621057452144 [Update odom] 
1621057452245 [pre_delta_X:-0.00103780985 pre_delta_y:-0.0041512394 status:ROBOT_STATUS._STOP] 
1621057452246 [delta_X:0 delta_y:0 status:True] 
1621057452247 [Update odom] 
1621057452358 [pre_delta_X:-0.00204914092 pre_delta_y:0.00409828184 status:ROBOT_STATUS._STOP] 
1621057452358 [delta_X:0 delta_y:0 status:True] 
1621057452359 [Update odom] 
1621057452462 [pre_delta_X:-0.00225525856 pre_delta_y:0.0 status:ROBOT_STATUS._STOP] 
1621057452462 [delta_X:0 delta_y:0 status:True] 
1621057452463 [Update odom] 
1621057452565 [pre_delta_X:-0.00208065986 pre_delta_y:0.00104032993 status:ROBOT_STATUS._STOP] 
1621057452565 [delta_X:0 delta_y:0 status:True] 
1621057452566 [Update odom] 
1621057452667 [pre_delta_X:0.00205190182 pre_delta_y:0.00307785273 status:ROBOT_STATUS._STOP] 
1621057452667 [delta_X:0 delta_y:0 status:True] 
1621057452668 [Update odom] 
1621057452769 [pre_delta_X:-0.00815263752 pre_delta_y:-0.00509539845 status:ROBOT_STATUS._STOP] 
1621057452769 [delta_X:0 delta_y:0 status:True] 
1621057452770 [Update odom] 
1621057452872 [pre_delta_X:0.00615311622 pre_delta_y:0.00615311622 status:ROBOT_STATUS._STOP] 
1621057452872 [delta_X:0 delta_y:0 status:True] 
1621057452873 [Update odom] 
1621057452974 [pre_delta_X:-0.0020473194 pre_delta_y:-0.0040946388 status:ROBOT_STATUS._STOP] 
1621057452974 [delta_X:0 delta_y:0 status:True] 
1621057452975 [Update odom] 
1621057453076 [pre_delta_X:-0.00102581978 pre_delta_y:-0.00307745934 status:ROBOT_STATUS._STOP] 
1621057453076 [delta_X:0 delta_y:0 status:True] 
1621057453077 [Update odom] 
1621057453178 [pre_delta_X:-0.00712152483 pre_delta_y:0.00203472138 status:ROBOT_STATUS._STOP] 
1621057453178 [delta_X:0 delta_y:0 status:True] 
1621057453179 [Update odom] 
1621057453281 [pre_delta_X:0.00101974964 pre_delta_y:0.00611849784 status:ROBOT_STATUS._STOP] 
1621057453281 [delta_X:0 delta_y:0 status:True] 
1621057453282 [Update odom] 
1621057453390 [pre_delta_X:0.0 pre_delta_y:-0.0051411033 status:ROBOT_STATUS._STOP] 
1621057453390 [delta_X:0 delta_y:0 status:True] 
1621057453392 [Update odom] 
1621057453493 [pre_delta_X:0.0 pre_delta_y:-0.00219488142 status:ROBOT_STATUS._STOP] 
1621057453493 [delta_X:0 delta_y:0 status:True] 
1621057453494 [Update odom] 
1621057453596 [pre_delta_X:-0.0020382166 pre_delta_y:0.0050955415 status:ROBOT_STATUS._STOP] 
1621057453596 [delta_X:0 delta_y:0 status:True] 
1621057453597 [Update odom] 
1621057453698 [pre_delta_X:-0.00412672044 pre_delta_y:-0.00412672044 status:ROBOT_STATUS._STOP] 
1621057453698 [delta_X:0 delta_y:0 status:True] 
1621057453699 [Update odom] 
1621057453800 [pre_delta_X:0.00204082012 pre_delta_y:-0.00102041006 status:ROBOT_STATUS._STOP] 
1621057453800 [delta_X:0 delta_y:0 status:True] 
1621057453801 [Update odom] 
1621057453902 [pre_delta_X:-0.0 pre_delta_y:0.00511934755 status:ROBOT_STATUS._STOP] 
1621057453902 [delta_X:0 delta_y:0 status:True] 
1621057453906 [Update odom] 
1621057454008 [pre_delta_X:-0.00840456008 pre_delta_y:-0.00420228004 status:ROBOT_STATUS._STOP] 
1621057454008 [delta_X:0 delta_y:0 status:True] 
1621057454009 [Update odom] 
1621057454110 [pre_delta_X:0.00307803156 pre_delta_y:0.00205202104 status:ROBOT_STATUS._STOP] 
1621057454110 [delta_X:0 delta_y:0 status:True] 
1621057454112 [Update odom] 
1621057454218 [pre_delta_X:-0.0082191276 pre_delta_y:-0.0 status:ROBOT_STATUS._STOP] 
1621057454218 [delta_X:0 delta_y:0 status:True] 
1621057454220 [Update odom] 
1621057454323 [pre_delta_X:0.0054314971 pre_delta_y:-0.00434519768 status:ROBOT_STATUS._STOP] 
1621057454323 [delta_X:0 delta_y:0 status:True] 
1621057454325 [Update odom] 
1621057454426 [pre_delta_X:-0.0073508358 pre_delta_y:0.0021002388 status:ROBOT_STATUS._STOP] 
1621057454426 [delta_X:0 delta_y:0 status:True] 
1621057454428 [Update odom] 
1621057454529 [pre_delta_X:0.0 pre_delta_y:-0.00307671549 status:ROBOT_STATUS._STOP] 
1621057454529 [delta_X:0 delta_y:0 status:True] 
1621057454530 [Update odom] 
1621057454632 [pre_delta_X:-0.0 pre_delta_y:0.00204459666 status:ROBOT_STATUS._STOP] 
1621057454632 [delta_X:0 delta_y:0 status:True] 
1621057454633 [Update odom] 
1621057454734 [pre_delta_X:-0.00309456111 pre_delta_y:-0.00103152037 status:ROBOT_STATUS._STOP] 
1621057454734 [delta_X:0 delta_y:0 status:True] 
1621057454735 [Update odom] 
1621057454837 [pre_delta_X:-0.00102093935 pre_delta_y:-0.0 status:ROBOT_STATUS._STOP] 
1621057454837 [delta_X:0 delta_y:0 status:True] 
1621057454837 [Update odom] 
1621057454939 [pre_delta_X:-0.00306612252 pre_delta_y:-0.0 status:ROBOT_STATUS._STOP] 
1621057454939 [delta_X:0 delta_y:0 status:True] 
1621057454940 [Update odom] 
1621057455042 [pre_delta_X:0.0 pre_delta_y:0.0 status:ROBOT_STATUS._STOP] 
1621057455042 [delta_X:0 delta_y:0 status:True] 
1621057455043 [Update odom] 
1621057455144 [pre_delta_X:-0.00206921576 pre_delta_y:0.00103460788 status:ROBOT_STATUS._STOP] 
1621057455144 [delta_X:0 delta_y:0 status:True] 
1621057455145 [Update odom] 
1621057455247 [pre_delta_X:-0.0020424223 pre_delta_y:-0.00306363345 status:ROBOT_STATUS._STOP] 
1621057455247 [delta_X:0 delta_y:0 status:True] 
1621057455248 [Update odom] 
1621057455349 [pre_delta_X:-0.00206051826 pre_delta_y:0.00103025913 status:ROBOT_STATUS._STOP] 
1621057455350 [delta_X:0 delta_y:0 status:True] 
1621057455351 [Update odom] 
1621057455453 [pre_delta_X:-0.00102612973 pre_delta_y:-0.00102612973 status:ROBOT_STATUS._STOP] 
1621057455453 [delta_X:0 delta_y:0 status:True] 
1621057455455 [Update odom] 
1621057455556 [pre_delta_X:-0.00103606224 pre_delta_y:0.0 status:ROBOT_STATUS._STOP] 
1621057455556 [delta_X:0 delta_y:0 status:True] 
1621057455557 [Update odom] 
1621057455658 [pre_delta_X:-0.00205165862 pre_delta_y:0.0 status:ROBOT_STATUS._STOP] 
1621057455658 [delta_X:0 delta_y:0 status:True] 
1621057455660 [Update odom] 
1621057455761 [pre_delta_X:-0.00205483914 pre_delta_y:-0.00102741957 status:ROBOT_STATUS._STOP] 
1621057455761 [delta_X:0 delta_y:0 status:True] 
1621057455768 [Update odom] 
1621057455871 [pre_delta_X:0.00650004384 pre_delta_y:-0.00433336256 status:ROBOT_STATUS._STOP] 
1621057455871 [delta_X:0 delta_y:0 status:True] 
1621057455872 [Update odom] 
1621057455973 [pre_delta_X:-0.00413939476 pre_delta_y:0.00310454607 status:ROBOT_STATUS._STOP] 
1621057455973 [delta_X:0 delta_y:0 status:True] 
1621057455974 [Update odom] 
1621057456080 [pre_delta_X:-4.21663540337e-06 pre_delta_y:-0.00407463809821 status:ROBOT_STATUS._STOP] 
1621057456081 [delta_X:0 delta_y:0 status:True] 
1621057456082 [Update odom] 
1621057456183 [pre_delta_X:0.00324482979028 pre_delta_y:-0.00110006309946 status:ROBOT_STATUS._STOP] 
1621057456183 [delta_X:0 delta_y:0 status:True] 
1621057456186 [Update odom] 
1621057456287 [pre_delta_X:-0.0103830333111 pre_delta_y:0.0012400063226 status:ROBOT_STATUS._STOP] 
1621057456287 [delta_X:0 delta_y:0 status:True] 
1621057456288 [Update odom] 
1621057456389 [pre_delta_X:-0.0128707331881 pre_delta_y:0.00872661283489 status:ROBOT_STATUS._STOP] 
1621057456389 [delta_X:0 delta_y:0 status:True] 
1621057456391 [Update odom] 
1621057456493 [pre_delta_X:0.00330668382974 pre_delta_y:0.00393482064642 status:ROBOT_STATUS._STOP] 
1621057456493 [delta_X:0 delta_y:0 status:True] 
1621057456494 [Update odom] 
1621057456595 [pre_delta_X:-0.0114608351516 pre_delta_y:-0.00143407201726 status:ROBOT_STATUS._STOP] 
1621057456595 [delta_X:0 delta_y:0 status:True] 
1621057456596 [Update odom] 
1621057456697 [pre_delta_X:0.00610492100363 pre_delta_y:-0.000338390178138 status:ROBOT_STATUS._STOP] 
1621057456697 [delta_X:0 delta_y:0 status:True] 
1621057456699 [Update odom] 
1621057456800 [pre_delta_X:-0.00598676186475 pre_delta_y:0.00342000554473 status:ROBOT_STATUS._STOP] 
1621057456800 [delta_X:0 delta_y:0 status:True] 
1621057456801 [Update odom] 
1621057456902 [pre_delta_X:0.00107657355432 pre_delta_y:0.000963494453673 status:ROBOT_STATUS._STOP] 
1621057456902 [delta_X:0 delta_y:0 status:True] 
1621057456904 [Update odom] 
1621057457005 [pre_delta_X:-0.00211310679223 pre_delta_y:-0.000914092176622 status:ROBOT_STATUS._STOP] 
1621057457005 [delta_X:0 delta_y:0 status:True] 
1621057457007 [Update odom] 
1621057457113 [pre_delta_X:-0.00194196896711 pre_delta_y:0.00216988528096 status:ROBOT_STATUS._STOP] 
1621057457113 [delta_X:0 delta_y:0 status:True] 
1621057457114 [Update odom] 
1621057457215 [pre_delta_X:-0.00101005581462 pre_delta_y:0.00112859952049 status:ROBOT_STATUS._STOP] 
1621057457215 [delta_X:0 delta_y:0 status:True] 
1621057457216 [Update odom] 
1621057457317 [pre_delta_X:-0.000908305312982 pre_delta_y:0.00209972930014 status:ROBOT_STATUS._STOP] 
1621057457317 [delta_X:0 delta_y:0 status:True] 
1621057457318 [Update odom] 
1621057457419 [pre_delta_X:-0.000905676457083 pre_delta_y:0.00209365217423 status:ROBOT_STATUS._STOP] 
1621057457419 [delta_X:0 delta_y:0 status:True] 
1621057457420 [Update odom] 
1621057457522 [pre_delta_X:-0.00305803096109 pre_delta_y:0.000169503854523 status:ROBOT_STATUS._STOP] 
1621057457522 [delta_X:0 delta_y:0 status:True] 
1621057457523 [Update odom] 
1621057457624 [pre_delta_X:0.00119499996786 pre_delta_y:0.00301706303109 status:ROBOT_STATUS._STOP] 
1621057457624 [delta_X:0 delta_y:0 status:True] 
1621057457624 [Update odom] 
1621057457726 [pre_delta_X:-0.00411897965305 pre_delta_y:-0.000790479752624 status:ROBOT_STATUS._STOP] 
1621057457726 [delta_X:0 delta_y:0 status:True] 
1621057457727 [Update odom] 
1621057457828 [pre_delta_X:0.000113051390953 pre_delta_y:0.00203956809537 status:ROBOT_STATUS._STOP] 
1621057457828 [delta_X:0 delta_y:0 status:True] 
1621057457829 [Update odom] 
1621057457932 [pre_delta_X:-0.00305641694862 pre_delta_y:0.000169414391291 status:ROBOT_STATUS._STOP] 
1621057457932 [delta_X:0 delta_y:0 status:True] 
1621057457933 [Update odom] 
1621057458040 [pre_delta_X:-0.000925714598585 pre_delta_y:0.00213997434391 status:ROBOT_STATUS._STOP] 
1621057458041 [delta_X:0 delta_y:0 status:True] 
1621057458041 [Update odom] 
1621057458145 [pre_delta_X:0.0 pre_delta_y:0.0 status:ROBOT_STATUS._STOP] 
1621057458145 [delta_X:0 delta_y:0 status:True] 
1621057458149 [Update odom] 
1621057458250 [pre_delta_X:-0.000893677396919 pre_delta_y:0.00327519030395 status:ROBOT_STATUS._STOP] 
1621057458250 [delta_X:0 delta_y:0 status:True] 
1621057458252 [Update odom] 
1621057458353 [pre_delta_X:-0.00319445711664 pre_delta_y:-0.00188299061659 status:ROBOT_STATUS._STOP] 
1621057458353 [delta_X:0 delta_y:0 status:True] 
1621057458355 [Update odom] 
1621057458456 [pre_delta_X:0.000229468052562 pre_delta_y:0.00413984927533 status:ROBOT_STATUS._STOP] 
1621057458456 [delta_X:0 delta_y:0 status:True] 
1621057458458 [Update odom] 
1621057458559 [pre_delta_X:-0.00289820722887 pre_delta_y:0.00323835103115 status:ROBOT_STATUS._STOP] 
1621057458559 [delta_X:0 delta_y:0 status:True] 
1621057458560 [Update odom] 
1621057458661 [pre_delta_X:0.0 pre_delta_y:0.0 status:ROBOT_STATUS._STOP] 
1621057458661 [delta_X:0 delta_y:0 status:True] 
1621057458668 [Update odom] 
1621057458769 [pre_delta_X:-0.00209573351911 pre_delta_y:0.00119721151727 status:ROBOT_STATUS._STOP] 
1621057458769 [delta_X:0 delta_y:0 status:True] 
1621057458771 [Update odom] 
1621057458873 [pre_delta_X:-0.00193083849107 pre_delta_y:0.00215744849307 status:ROBOT_STATUS._STOP] 
1621057458873 [delta_X:0 delta_y:0 status:True] 
1621057458874 [Update odom] 
1621057458975 [pre_delta_X:-0.00102960849702 pre_delta_y:5.70702557024e-05 status:ROBOT_STATUS._STOP] 
1621057458975 [delta_X:0 delta_y:0 status:True] 
1621057458976 [Update odom] 
1621057459078 [pre_delta_X:-0.00187050609668 pre_delta_y:0.00317327737038 status:ROBOT_STATUS._STOP] 
1621057459078 [delta_X:0 delta_y:0 status:True] 
1621057459079 [Update odom] 
1621057459181 [pre_delta_X:-0.000975198320331 pre_delta_y:0.00108965102797 status:ROBOT_STATUS._STOP] 
1621057459181 [delta_X:0 delta_y:0 status:True] 
1621057459182 [Update odom] 
1621057459287 [pre_delta_X:0.00108097793828 pre_delta_y:0.000967436218263 status:ROBOT_STATUS._STOP] 
1621057459287 [delta_X:0 delta_y:0 status:True] 
1621057459287 [Update odom] 
1621057459389 [pre_delta_X:-0.00304328999227 pre_delta_y:0.00228186800633 status:ROBOT_STATUS._STOP] 
1621057459389 [delta_X:0 delta_y:0 status:True] 
1621057459390 [Update odom] 
1621057459492 [pre_delta_X:0.00215542340465 pre_delta_y:0.00192902611006 status:ROBOT_STATUS._STOP] 
1621057459492 [delta_X:0 delta_y:0 status:True] 
1621057459493 [Update odom] 
1621057459595 [pre_delta_X:-0.00504176982412 pre_delta_y:0.00234823276832 status:ROBOT_STATUS._STOP] 
1621057459595 [delta_X:0 delta_y:0 status:True] 
1621057459596 [Update odom] 
1621057459698 [pre_delta_X:0.00211891480283 pre_delta_y:0.00091660461805 status:ROBOT_STATUS._STOP] 
1621057459698 [delta_X:0 delta_y:0 status:True] 
1621057459699 [Update odom] 
1621057459804 [pre_delta_X:-0.00399882188036 pre_delta_y:0.00228437230546 status:ROBOT_STATUS._STOP] 
1621057459804 [delta_X:0 delta_y:0 status:True] 
1621057459805 [Update odom] 
1621057459906 [pre_delta_X:5.860946063e-05 pre_delta_y:0.00105737740138 status:ROBOT_STATUS._STOP] 
1621057459906 [delta_X:0 delta_y:0 status:True] 
1621057459907 [Update odom] 
1621057460008 [pre_delta_X:-0.000846186000773 pre_delta_y:0.00310114163637 status:ROBOT_STATUS._STOP] 
1621057460008 [delta_X:0 delta_y:0 status:True] 
1621057460009 [Update odom] 
1621057460110 [pre_delta_X:-0.00102273114385 pre_delta_y:5.66890503169e-05 status:ROBOT_STATUS._STOP] 
1621057460111 [delta_X:0 delta_y:0 status:True] 
1621057460111 [Update odom] 
1621057460214 [pre_delta_X:-0.000906590842902 pre_delta_y:0.00209576595983 status:ROBOT_STATUS._STOP] 
1621057460214 [delta_X:0 delta_y:0 status:True] 
1621057460214 [Update odom] 
1621057460252 [log_latest_command] [[ b y t e a r r a y ( b ' \ x a a \ x f f \ x a 0 \ x 0 2 I \ n \ r ' ) ]] 
1621057460315 [pre_delta_X:-0.0624532322864 pre_delta_y:0.0106965273663 status:ROBOT_STATUS._RUNNING] 
1621057460315 [delta_X:0 delta_y:0 status:False] 
1621057460316 [Update odom] 
1621057460418 [pre_delta_X:0.0253743593521 pre_delta_y:-0.00242683255016 status:ROBOT_STATUS._RUNNING] 
1621057460418 [delta_X:0 delta_y:0 status:False] 
1621057460419 [Update odom] 
1621057460523 [pre_delta_X:-0.0324758275545 pre_delta_y:0.00590046599056 status:ROBOT_STATUS._RUNNING] 
1621057460523 [delta_X:0 delta_y:0 status:False] 
1621057460525 [Update odom] 
1621057460626 [pre_delta_X:0.0126325539431 pre_delta_y:-0.0208524691094 status:ROBOT_STATUS._RUNNING] 
1621057460627 [delta_X:0 delta_y:0 status:False] 
1621057460628 [Update odom] 
1621057460729 [pre_delta_X:0.0061251259147 pre_delta_y:0.0172373804848 status:ROBOT_STATUS._RUNNING] 
1621057460729 [delta_X:0 delta_y:0 status:False] 
1621057460730 [Update odom] 
1621057460832 [pre_delta_X:-0.0471160200723 pre_delta_y:-0.00249467851326 status:ROBOT_STATUS._RUNNING] 
1621057460832 [delta_X:0 delta_y:0 status:False] 
1621057460834 [Update odom] 
1621057460935 [pre_delta_X:0.0149610165259 pre_delta_y:0.00647186796755 status:ROBOT_STATUS._RUNNING] 
1621057460935 [delta_X:0 delta_y:0 status:False] 
1621057460937 [Update odom] 
1621057461038 [pre_delta_X:0.0103123901444 pre_delta_y:0.000457099018567 status:ROBOT_STATUS._RUNNING] 
1621057461038 [delta_X:0 delta_y:0 status:False] 
1621057461039 [Update odom] 
1621057461140 [pre_delta_X:0.0104244542757 pre_delta_y:0.00351405149821 status:ROBOT_STATUS._RUNNING] 
1621057461140 [delta_X:0 delta_y:0 status:False] 
1621057461141 [Update odom] 
1621057461246 [pre_delta_X:0.0125289441236 pre_delta_y:0.00341868200971 status:ROBOT_STATUS._RUNNING] 
1621057461246 [delta_X:0 delta_y:0 status:False] 
1621057461247 [Update odom] 
1621057461348 [pre_delta_X:-0.00532898499877 pre_delta_y:-0.000761969192631 status:ROBOT_STATUS._RUNNING] 
1621057461349 [delta_X:0 delta_y:0 status:False] 
1621057461350 [Update odom] 
1621057461452 [pre_delta_X:-0.00278885118671 pre_delta_y:0.00529150782925 status:ROBOT_STATUS._RUNNING] 
1621057461452 [delta_X:0 delta_y:0 status:False] 
1621057461453 [Update odom] 
1621057461554 [pre_delta_X:0.004460205767 pre_delta_y:0.00594850339131 status:ROBOT_STATUS._RUNNING] 
1621057461554 [delta_X:0 delta_y:0 status:False] 
1621057461555 [Update odom] 
1621057461656 [pre_delta_X:-0.0131363171563 pre_delta_y:0.00277275066893 status:ROBOT_STATUS._RUNNING] 
1621057461656 [delta_X:0 delta_y:0 status:False] 
1621057461657 [Update odom] 
1621057461768 [pre_delta_X:0.00181706781443 pre_delta_y:-0.00420051548282 status:ROBOT_STATUS._RUNNING] 
1621057461768 [delta_X:0 delta_y:0 status:False] 
1621057461769 [Update odom] 
1621057461870 [pre_delta_X:0.0114344843032 pre_delta_y:0.00494635324807 status:ROBOT_STATUS._RUNNING] 
1621057461870 [delta_X:0 delta_y:0 status:False] 
1621057461871 [Update odom] 
1621057461973 [pre_delta_X:-0.00928657700561 pre_delta_y:-0.000513930247122 status:ROBOT_STATUS._RUNNING] 
1621057461973 [delta_X:0 delta_y:0 status:False] 
1621057461974 [Update odom] 
1621057462078 [pre_delta_X:0.0116153401577 pre_delta_y:0.00452194190952 status:ROBOT_STATUS._RUNNING] 
1621057462078 [delta_X:0 delta_y:0 status:False] 
1621057462079 [Update odom] 
1621057462193 [pre_delta_X:-0.00602789948345 pre_delta_y:0.00451973719612 status:ROBOT_STATUS._RUNNING] 
1621057462193 [delta_X:0 delta_y:0 status:False] 
1621057462193 [Update odom] 
1621057462298 [pre_delta_X:-0.00549626895622 pre_delta_y:-0.054697091365 status:ROBOT_STATUS._RUNNING] 
1621057462298 [delta_X:0 delta_y:0 status:False] 
1621057462299 [Update odom] 
1621057462400 [pre_delta_X:-0.00163799260965 pre_delta_y:-0.0675243128415 status:ROBOT_STATUS._RUNNING] 
1621057462400 [delta_X:0 delta_y:0 status:False] 
1621057462401 [Update odom] 
1621057462502 [pre_delta_X:-0.0245179349728 pre_delta_y:0.0396237408497 status:ROBOT_STATUS._RUNNING] 
1621057462502 [delta_X:0 delta_y:0 status:False] 
1621057462503 [Update odom] 
1621057462604 [pre_delta_X:0.001902619589 pre_delta_y:0.0357944425137 status:ROBOT_STATUS._RUNNING] 
1621057462604 [delta_X:0 delta_y:0 status:False] 
1621057462605 [Update odom] 
1621057462707 [pre_delta_X:-0.0204746197852 pre_delta_y:0.00806914004732 status:ROBOT_STATUS._RUNNING] 
1621057462707 [delta_X:0 delta_y:0 status:False] 
1621057462708 [Update odom] 
1621057462809 [pre_delta_X:-0.00982052981016 pre_delta_y:0.00439611064259 status:ROBOT_STATUS._RUNNING] 
1621057462809 [delta_X:0 delta_y:0 status:False] 
1621057462810 [Update odom] 
1621057462912 [pre_delta_X:-0.00856363193264 pre_delta_y:-0.0124159924955 status:ROBOT_STATUS._RUNNING] 
1621057462912 [delta_X:0 delta_y:0 status:False] 
1621057462913 [Update odom] 
1621057463020 [pre_delta_X:-0.00858596390358 pre_delta_y:-0.00335172483313 status:ROBOT_STATUS._RUNNING] 
1621057463020 [delta_X:0 delta_y:0 status:False] 
1621057463021 [Update odom] 
1621057463122 [pre_delta_X:-0.00817840216494 pre_delta_y:0.00602093587059 status:ROBOT_STATUS._RUNNING] 
1621057463122 [delta_X:0 delta_y:0 status:False] 
1621057463123 [Update odom] 
1621057463224 [pre_delta_X:-0.00120145585001 pre_delta_y:-0.00299401928453 status:ROBOT_STATUS._RUNNING] 
1621057463224 [delta_X:0 delta_y:0 status:False] 
1621057463225 [Update odom] 
1621057463326 [pre_delta_X:-0.00623960813272 pre_delta_y:-0.00278723958406 status:ROBOT_STATUS._RUNNING] 
1621057463326 [delta_X:0 delta_y:0 status:False] 
1621057463327 [Update odom] 
1621057463429 [pre_delta_X:-0.00849157079662 pre_delta_y:-0.00898918717833 status:ROBOT_STATUS._RUNNING] 
1621057463429 [delta_X:0 delta_y:0 status:False] 
1621057463430 [Update odom] 
1621057463533 [pre_delta_X:-0.0145579139993 pre_delta_y:-0.00998631301022 status:ROBOT_STATUS._RUNNING] 
1621057463533 [delta_X:0 delta_y:0 status:False] 
1621057463534 [Update odom] 
1621057463635 [pre_delta_X:-0.00217250334498 pre_delta_y:-0.00830791786348 status:ROBOT_STATUS._RUNNING] 
1621057463635 [delta_X:0 delta_y:0 status:False] 
1621057463636 [Update odom] 
1621057463737 [pre_delta_X:-0.00290871869259 pre_delta_y:0.0235140628923 status:ROBOT_STATUS._RUNNING] 
1621057463737 [delta_X:0 delta_y:0 status:False] 
1621057463738 [Update odom] 
1621057463839 [pre_delta_X:-0.0112455215513 pre_delta_y:-0.00298704221136 status:ROBOT_STATUS._RUNNING] 
1621057463839 [delta_X:0 delta_y:0 status:False] 
1621057463841 [Update odom] 
1621057463945 [pre_delta_X:-0.014487663965 pre_delta_y:-0.0153177375581 status:ROBOT_STATUS._RUNNING] 
1621057463945 [delta_X:0 delta_y:0 status:False] 
1621057463946 [Update odom] 
1621057464047 [pre_delta_X:0.00308816644785 pre_delta_y:-0.00947329128895 status:ROBOT_STATUS._RUNNING] 
1621057464047 [delta_X:0 delta_y:0 status:False] 
1621057464048 [Update odom] 
1621057464149 [pre_delta_X:-0.0021127916983 pre_delta_y:-0.0102116151302 status:ROBOT_STATUS._RUNNING] 
1621057464149 [delta_X:0 delta_y:0 status:False] 
1621057464150 [Update odom] 
1621057464251 [pre_delta_X:0.000963254932719 pre_delta_y:-0.0081441693965 status:ROBOT_STATUS._RUNNING] 
1621057464251 [delta_X:0 delta_y:0 status:False] 
1621057464252 [Update odom] 
1621057464354 [pre_delta_X:-0.00823336390251 pre_delta_y:-0.0131827021095 status:ROBOT_STATUS._RUNNING] 
1621057464354 [delta_X:0 delta_y:0 status:False] 
1621057464355 [Update odom] 
1621057464457 [pre_delta_X:0.0060933436212 pre_delta_y:-0.010309816468 status:ROBOT_STATUS._RUNNING] 
1621057464457 [delta_X:0 delta_y:0 status:False] 
1621057464458 [Update odom] 
1621057464559 [pre_delta_X:-0.0176919903096 pre_delta_y:-0.00921677522875 status:ROBOT_STATUS._RUNNING] 
1621057464559 [delta_X:0 delta_y:0 status:False] 
1621057464560 [Update odom] 
1621057464661 [pre_delta_X:0.00703008309717 pre_delta_y:-0.0142962233152 status:ROBOT_STATUS._RUNNING] 
1621057464661 [delta_X:0 delta_y:0 status:False] 
1621057464662 [Update odom] 
1621057464770 [pre_delta_X:-3.38540497003e-05 pre_delta_y:-0.0051087926822 status:ROBOT_STATUS._RUNNING] 
1621057464770 [delta_X:0 delta_y:0 status:False] 
1621057464771 [Update odom] 
1621057464873 [pre_delta_X:-0.000107803290211 pre_delta_y:-0.016268206168 status:ROBOT_STATUS._RUNNING] 
1621057464873 [delta_X:0 delta_y:0 status:False] 
1621057464874 [Update odom] 
1621057464975 [pre_delta_X:0.00304587110551 pre_delta_y:-0.00723914903838 status:ROBOT_STATUS._RUNNING] 
1621057464975 [delta_X:0 delta_y:0 status:False] 
1621057464976 [Update odom] 
1621057465079 [pre_delta_X:-0.00624542053499 pre_delta_y:-0.0163245967855 status:ROBOT_STATUS._RUNNING] 
1621057465079 [delta_X:0 delta_y:0 status:False] 
1621057465080 [Update odom] 
1621057465181 [pre_delta_X:0.00101165063553 pre_delta_y:-0.00416367069635 status:ROBOT_STATUS._RUNNING] 
1621057465181 [delta_X:0 delta_y:0 status:False] 
1621057465182 [Update odom] 
1621057465286 [pre_delta_X:0.00192013590044 pre_delta_y:-0.0183907653556 status:ROBOT_STATUS._RUNNING] 
1621057465286 [delta_X:0 delta_y:0 status:False] 
1621057465287 [Update odom] 
1621057465390 [pre_delta_X:-0.0063750350955 pre_delta_y:-0.0135754194682 status:ROBOT_STATUS._RUNNING] 
1621057465390 [delta_X:0 delta_y:0 status:False] 
1621057465391 [Update odom] 
1621057465492 [pre_delta_X:-0.00414151969953 pre_delta_y:0.00106458787591 status:ROBOT_STATUS._RUNNING] 
1621057465492 [delta_X:0 delta_y:0 status:False] 
1621057465493 [Update odom] 
1621057465595 [pre_delta_X:-0.00419407811511 pre_delta_y:-0.0173095479575 status:ROBOT_STATUS._RUNNING] 
1621057465595 [delta_X:0 delta_y:0 status:False] 
1621057465597 [Update odom] 
1621057465698 [pre_delta_X:0.000938243199291 pre_delta_y:-0.0156338612456 status:ROBOT_STATUS._RUNNING] 
1621057465698 [delta_X:0 delta_y:0 status:False] 
1621057465699 [Update odom] 
1621057465800 [pre_delta_X:-0.00409354909616 pre_delta_y:-0.000990097761773 status:ROBOT_STATUS._RUNNING] 
1621057465800 [delta_X:0 delta_y:0 status:False] 
1621057465801 [Update odom] 
1621057465903 [pre_delta_X:-0.00412924184501 pre_delta_y:-0.00508118094458 status:ROBOT_STATUS._RUNNING] 
1621057465903 [delta_X:0 delta_y:0 status:False] 
1621057465904 [Update odom] 
1621057466005 [pre_delta_X:-0.000110533660832 pre_delta_y:-0.0144139915927 status:ROBOT_STATUS._RUNNING] 
1621057466005 [delta_X:0 delta_y:0 status:False] 
1621057466006 [Update odom] 
1621057466108 [pre_delta_X:-0.00410362301623 pre_delta_y:-0.00302882871423 status:ROBOT_STATUS._RUNNING] 
1621057466108 [delta_X:0 delta_y:0 status:False] 
1621057466114 [Update odom] 
1621057466215 [pre_delta_X:0.00531186573228 pre_delta_y:-0.00864579967292 status:ROBOT_STATUS._RUNNING] 
1621057466215 [delta_X:0 delta_y:0 status:False] 
1621057466216 [Update odom] 
1621057466317 [pre_delta_X:0.00607599537052 pre_delta_y:-0.00411831151144 status:ROBOT_STATUS._RUNNING] 
1621057466317 [delta_X:0 delta_y:0 status:False] 
1621057466318 [Update odom] 
1621057466419 [pre_delta_X:0.0215455193197 pre_delta_y:0.00607212849166 status:ROBOT_STATUS._RUNNING] 
1621057466419 [delta_X:0 delta_y:0 status:False] 
1621057466420 [Update odom] 
1621057466522 [pre_delta_X:0.00514012504487 pre_delta_y:0.0348265569955 status:ROBOT_STATUS._RUNNING] 
1621057466522 [delta_X:0 delta_y:0 status:False] 
1621057466523 [Update odom] 
1621057466624 [pre_delta_X:-0.00219012179165 pre_delta_y:0.0163633299931 status:ROBOT_STATUS._RUNNING] 
1621057466624 [delta_X:0 delta_y:0 status:False] 
1621057466626 [Update odom] 
1621057466727 [pre_delta_X:0.00882704024486 pre_delta_y:0.0218517499929 status:ROBOT_STATUS._RUNNING] 
1621057466727 [delta_X:0 delta_y:0 status:False] 
1621057466728 [Update odom] 
1621057466833 [pre_delta_X:0.00818497706694 pre_delta_y:0.000222464566643 status:ROBOT_STATUS._RUNNING] 
1621057466833 [delta_X:0 delta_y:0 status:False] 
1621057466838 [Update odom] 
1621057466939 [pre_delta_X:0.00210857647224 pre_delta_y:0.00333426557271 status:ROBOT_STATUS._RUNNING] 
1621057466939 [delta_X:0 delta_y:0 status:False] 
1621057466945 [Update odom] 
1621057467046 [pre_delta_X:-0.00105476809201 pre_delta_y:-0.00108290324435 status:ROBOT_STATUS._RUNNING] 
1621057467046 [delta_X:0 delta_y:0 status:False] 
1621057467047 [Update odom] 
1621057467148 [pre_delta_X:0.0132979506806 pre_delta_y:6.12960551865e-05 status:ROBOT_STATUS._RUNNING] 
1621057467148 [delta_X:0 delta_y:0 status:False] 
1621057467149 [Update odom] 
1621057467250 [pre_delta_X:0.0040808583156 pre_delta_y:0.0102479029829 status:ROBOT_STATUS._RUNNING] 
1621057467250 [delta_X:0 delta_y:0 status:False] 
1621057467251 [Update odom] 
1621057467353 [pre_delta_X:-2.08620471288e-05 pre_delta_y:0.00813405220677 status:ROBOT_STATUS._RUNNING] 
1621057467353 [delta_X:0 delta_y:0 status:False] 
1621057467354 [Update odom] 
1621057467456 [pre_delta_X:-0.0147311561085 pre_delta_y:-0.060652651382 status:ROBOT_STATUS._RUNNING] 
1621057467456 [delta_X:0 delta_y:0 status:False] 
1621057467457 [Update odom] 
1621057467558 [pre_delta_X:0.0176170091434 pre_delta_y:-0.0432287014626 status:ROBOT_STATUS._RUNNING] 
1621057467558 [delta_X:0 delta_y:0 status:False] 
1621057467559 [Update odom] 
1621057467660 [pre_delta_X:-0.0103153142487 pre_delta_y:0.00582835456641 status:ROBOT_STATUS._RUNNING] 
1621057467660 [delta_X:0 delta_y:0 status:False] 
1621057467661 [Update odom] 
1621057467762 [pre_delta_X:-0.00120475537621 pre_delta_y:0.00710291581925 status:ROBOT_STATUS._RUNNING] 
1621057467762 [delta_X:0 delta_y:0 status:False] 
1621057467763 [Update odom] 
1621057467864 [pre_delta_X:-0.0089874016858 pre_delta_y:-0.0073748358259 status:ROBOT_STATUS._RUNNING] 
1621057467864 [delta_X:0 delta_y:0 status:False] 
1621057467865 [Update odom] 
1621057467973 [pre_delta_X:0.00292981764178 pre_delta_y:0.00518533821546 status:ROBOT_STATUS._RUNNING] 
1621057467973 [delta_X:0 delta_y:0 status:False] 
1621057467981 [Update odom] 
1621057468082 [pre_delta_X:0.00216004073441 pre_delta_y:0.00583779825725 status:ROBOT_STATUS._RUNNING] 
1621057468082 [delta_X:0 delta_y:0 status:False] 
1621057468083 [Update odom] 
1621057468185 [pre_delta_X:0.0164271957729 pre_delta_y:0.000429144957423 status:ROBOT_STATUS._RUNNING] 
1621057468185 [delta_X:0 delta_y:0 status:False] 
1621057468185 [Update odom] 
1621057468286 [pre_delta_X:-0.0060893103601 pre_delta_y:-0.00117909633178 status:ROBOT_STATUS._RUNNING] 
1621057468286 [delta_X:0 delta_y:0 status:False] 
1621057468287 [Update odom] 
1621057468389 [pre_delta_X:0.0100459506409 pre_delta_y:0.0053553682483 status:ROBOT_STATUS._RUNNING] 
1621057468389 [delta_X:0 delta_y:0 status:False] 
1621057468390 [Update odom] 
1621057468492 [pre_delta_X:0.00415449271797 pre_delta_y:-0.00194333033113 status:ROBOT_STATUS._RUNNING] 
1621057468492 [delta_X:0 delta_y:0 status:False] 
1621057468492 [Update odom] 
1621057468594 [pre_delta_X:0.0112498748992 pre_delta_y:0.0013197425198 status:ROBOT_STATUS._RUNNING] 
1621057468594 [delta_X:0 delta_y:0 status:False] 
1621057468595 [Update odom] 
1621057468696 [pre_delta_X:0.00214329160697 pre_delta_y:-0.00303321737488 status:ROBOT_STATUS._RUNNING] 
1621057468696 [delta_X:0 delta_y:0 status:False] 
1621057468697 [Update odom] 
1621057468798 [pre_delta_X:0.00815186460443 pre_delta_y:0.000296976722516 status:ROBOT_STATUS._RUNNING] 
1621057468798 [delta_X:0 delta_y:0 status:False] 
1621057468799 [Update odom] 
1621057468901 [pre_delta_X:-0.0161052604279 pre_delta_y:-0.025371065394 status:ROBOT_STATUS._RUNNING] 
1621057468901 [delta_X:0 delta_y:0 status:False] 
1621057468903 [Update odom] 
1621057469004 [pre_delta_X:0.0198651698867 pre_delta_y:-0.030600682326 status:ROBOT_STATUS._RUNNING] 
1621057469004 [delta_X:0 delta_y:0 status:False] 
1621057469004 [Update odom] 
1621057469121 [pre_delta_X:0.00748181230763 pre_delta_y:-0.00344528128044 status:ROBOT_STATUS._RUNNING] 
1621057469122 [delta_X:0 delta_y:0 status:False] 
1621057469123 [Update odom] 
1621057469224 [pre_delta_X:0.00433665969016 pre_delta_y:0.00509729507145 status:ROBOT_STATUS._RUNNING] 
1621057469224 [delta_X:0 delta_y:0 status:False] 
1621057469225 [Update odom] 
1621057469327 [pre_delta_X:-0.0070881058956 pre_delta_y:0.0149313674149 status:ROBOT_STATUS._RUNNING] 
1621057469327 [delta_X:0 delta_y:0 status:False] 
1621057469331 [Update odom] 
1621057469433 [pre_delta_X:-0.00244585099882 pre_delta_y:0.0293789708611 status:ROBOT_STATUS._RUNNING] 
1621057469433 [delta_X:0 delta_y:0 status:False] 
1621057469434 [Update odom] 
1621057469535 [pre_delta_X:-0.00873475412456 pre_delta_y:0.0120838643687 status:ROBOT_STATUS._RUNNING] 
1621057469535 [delta_X:0 delta_y:0 status:False] 
1621057469536 [Update odom] 
1621057469637 [pre_delta_X:0.00839844543994 pre_delta_y:-0.00788236325956 status:ROBOT_STATUS._RUNNING] 
1621057469637 [delta_X:0 delta_y:0 status:False] 
1621057469638 [Update odom] 
1621057469739 [pre_delta_X:0.00310579126812 pre_delta_y:-0.00196209367781 status:ROBOT_STATUS._RUNNING] 
1621057469739 [delta_X:0 delta_y:0 status:False] 
1621057469739 [Update odom] 
1621057469841 [pre_delta_X:0.00265197372589 pre_delta_y:0.0326114865614 status:ROBOT_STATUS._RUNNING] 
1621057469841 [delta_X:0 delta_y:0 status:False] 
1621057469843 [Update odom] 
1621057469944 [pre_delta_X:-0.00930340473928 pre_delta_y:-0.00303934780955 status:ROBOT_STATUS._RUNNING] 
1621057469944 [delta_X:0 delta_y:0 status:False] 
1621057469944 [Update odom] 
1621057470046 [pre_delta_X:0.00606805905602 pre_delta_y:-0.00512932908244 status:ROBOT_STATUS._RUNNING] 
1621057470046 [delta_X:0 delta_y:0 status:False] 
1621057470047 [Update odom] 
1621057470148 [pre_delta_X:-0.00825548393592 pre_delta_y:-0.00712183666469 status:ROBOT_STATUS._RUNNING] 
1621057470148 [delta_X:0 delta_y:0 status:False] 
1621057470150 [Update odom] 
1621057470251 [pre_delta_X:-0.00414488722949 pre_delta_y:-0.00306343382025 status:ROBOT_STATUS._RUNNING] 
1621057470251 [delta_X:0 delta_y:0 status:False] 
1621057470253 [Update odom] 
1621057470354 [pre_delta_X:-0.00723264314851 pre_delta_y:-0.00406584774978 status:ROBOT_STATUS._RUNNING] 
1621057470354 [delta_X:0 delta_y:0 status:False] 
1621057470355 [Update odom] 
1621057470457 [pre_delta_X:-0.00612711063254 pre_delta_y:0.0051576605822 status:ROBOT_STATUS._RUNNING] 
1621057470457 [delta_X:0 delta_y:0 status:False] 
1621057470458 [Update odom] 
1621057470558 [pre_delta_X:-0.0153820418846 pre_delta_y:0.0027632824647 status:ROBOT_STATUS._RUNNING] 
1621057470559 [delta_X:0 delta_y:0 status:False] 
1621057470564 [Update odom] 
1621057470666 [pre_delta_X:0.0147292050241 pre_delta_y:-0.0106586832101 status:ROBOT_STATUS._RUNNING] 
1621057470666 [delta_X:0 delta_y:0 status:False] 
1621057470667 [Update odom] 
1621057470768 [pre_delta_X:0.0234819839542 pre_delta_y:-0.0145775361484 status:ROBOT_STATUS._RUNNING] 
1621057470768 [delta_X:0 delta_y:0 status:False] 
1621057470770 [Update odom] 
1621057470871 [pre_delta_X:0.00829772546441 pre_delta_y:-0.013310017678 status:ROBOT_STATUS._RUNNING] 
1621057470871 [delta_X:0 delta_y:0 status:False] 
1621057470872 [Update odom] 
1621057470974 [pre_delta_X:0.0162423778915 pre_delta_y:-0.00461519884147 status:ROBOT_STATUS._RUNNING] 
1621057470974 [delta_X:0 delta_y:0 status:False] 
1621057470976 [Update odom] 
1621057471077 [pre_delta_X:0.0107593532556 pre_delta_y:-0.00777284864919 status:ROBOT_STATUS._RUNNING] 
1621057471077 [delta_X:0 delta_y:0 status:False] 
1621057471078 [Update odom] 
1621057471180 [pre_delta_X:0.0205425782959 pre_delta_y:-0.00499977317871 status:ROBOT_STATUS._RUNNING] 
1621057471180 [delta_X:0 delta_y:0 status:False] 
1621057471185 [Update odom] 
1621057471289 [pre_delta_X:0.0190378867824 pre_delta_y:-0.00447423707597 status:ROBOT_STATUS._RUNNING] 
1621057471289 [delta_X:0 delta_y:0 status:False] 
1621057471290 [Update odom] 
1621057471392 [pre_delta_X:0.00948304388724 pre_delta_y:-0.012378487948 status:ROBOT_STATUS._RUNNING] 
1621057471392 [delta_X:0 delta_y:0 status:False] 
1621057471392 [Update odom] 
1621057471493 [pre_delta_X:0.0165393583891 pre_delta_y:-0.0066183268391 status:ROBOT_STATUS._RUNNING] 
1621057471493 [delta_X:0 delta_y:0 status:False] 
1621057471494 [Update odom] 
1621057471595 [pre_delta_X:0.0695803870668 pre_delta_y:-0.0156871590958 status:ROBOT_STATUS._RUNNING] 
1621057471595 [delta_X:0 delta_y:0 status:False] 
1621057471597 [Update odom] 
1621057471699 [pre_delta_X:0.0592596795239 pre_delta_y:0.000234770043345 status:ROBOT_STATUS._RUNNING] 
1621057471699 [delta_X:0 delta_y:0 status:False] 
1621057471699 [Update odom] 
1621057471800 [pre_delta_X:-0.010355756903 pre_delta_y:0.00796936284719 status:ROBOT_STATUS._RUNNING] 
1621057471801 [delta_X:0 delta_y:0 status:False] 
1621057471801 [Update odom] 
1621057471902 [pre_delta_X:-0.101076738515 pre_delta_y:0.0560853076362 status:ROBOT_STATUS._RUNNING] 
1621057471902 [delta_X:0 delta_y:0 status:False] 
1621057471903 [Update odom] 
1621057472005 [pre_delta_X:-0.0137859127676 pre_delta_y:-0.0105644105943 status:ROBOT_STATUS._RUNNING] 
1621057472005 [delta_X:0 delta_y:0 status:False] 
1621057472006 [Update odom] 
1621057472108 [pre_delta_X:-0.0566639486133 pre_delta_y:0.0222175802655 status:ROBOT_STATUS._RUNNING] 
1621057472108 [delta_X:0 delta_y:0 status:False] 
1621057472108 [Update odom] 
1621057472211 [pre_delta_X:-0.00692688990113 pre_delta_y:0.00533308276771 status:ROBOT_STATUS._RUNNING] 
1621057472212 [delta_X:0 delta_y:0 status:False] 
1621057472213 [Update odom] 
1621057472316 [pre_delta_X:-0.0317120877496 pre_delta_y:0.0108122945682 status:ROBOT_STATUS._RUNNING] 
1621057472316 [delta_X:0 delta_y:0 status:False] 
1621057472316 [Update odom] 
1621057472418 [pre_delta_X:-0.0264883354725 pre_delta_y:0.0124458893344 status:ROBOT_STATUS._RUNNING] 
1621057472418 [delta_X:0 delta_y:0 status:False] 
1621057472419 [Update odom] 
1621057472520 [pre_delta_X:-0.0560495723363 pre_delta_y:0.0193124679157 status:ROBOT_STATUS._RUNNING] 
1621057472520 [delta_X:0 delta_y:0 status:False] 
1621057472521 [Update odom] 
1621057472622 [pre_delta_X:-0.0408648136326 pre_delta_y:0.0248702273987 status:ROBOT_STATUS._RUNNING] 
1621057472622 [delta_X:0 delta_y:0 status:False] 
1621057472623 [Update odom] 
1621057472726 [pre_delta_X:-0.0366207645363 pre_delta_y:-0.0136284969665 status:ROBOT_STATUS._RUNNING] 
1621057472726 [delta_X:0 delta_y:0 status:False] 
1621057472726 [Update odom] 
1621057472828 [pre_delta_X:-0.00445082039075 pre_delta_y:0.0203541421802 status:ROBOT_STATUS._RUNNING] 
1621057472828 [delta_X:0 delta_y:0 status:False] 
1621057472838 [Update odom] 
1621057472939 [pre_delta_X:-0.01334799122 pre_delta_y:-0.0216707384369 status:ROBOT_STATUS._RUNNING] 
1621057472939 [delta_X:0 delta_y:0 status:False] 
1621057472940 [Update odom] 
1621057473042 [pre_delta_X:-0.0107149097732 pre_delta_y:-0.0147165433039 status:ROBOT_STATUS._RUNNING] 
1621057473042 [delta_X:0 delta_y:0 status:False] 
1621057473043 [Update odom] 
1621057473144 [pre_delta_X:-0.0440927202886 pre_delta_y:-0.00415241978612 status:ROBOT_STATUS._RUNNING] 
1621057473144 [delta_X:0 delta_y:0 status:False] 
1621057473145 [Update odom] 
1621057473249 [pre_delta_X:-0.0158876104986 pre_delta_y:-0.0170915372095 status:ROBOT_STATUS._RUNNING] 
1621057473249 [delta_X:0 delta_y:0 status:False] 
1621057473251 [Update odom] 
1621057473354 [pre_delta_X:0.000447333540319 pre_delta_y:-0.0204128754033 status:ROBOT_STATUS._RUNNING] 
1621057473354 [delta_X:0 delta_y:0 status:False] 
1621057473355 [Update odom] 
1621057473456 [pre_delta_X:-0.0082481289244 pre_delta_y:-0.019897489345 status:ROBOT_STATUS._RUNNING] 
1621057473456 [delta_X:0 delta_y:0 status:False] 
1621057473458 [Update odom] 
1621057473559 [pre_delta_X:-0.0111831388761 pre_delta_y:-0.0252215643815 status:ROBOT_STATUS._RUNNING] 
1621057473559 [delta_X:0 delta_y:0 status:False] 
1621057473560 [Update odom] 
1621057473661 [pre_delta_X:-0.0322811766754 pre_delta_y:-0.0194079608885 status:ROBOT_STATUS._RUNNING] 
1621057473662 [delta_X:0 delta_y:0 status:False] 
1621057473663 [Update odom] 
1621057473764 [pre_delta_X:0.00294934224391 pre_delta_y:-0.0153279509897 status:ROBOT_STATUS._RUNNING] 
1621057473764 [delta_X:0 delta_y:0 status:False] 
1621057473765 [Update odom] 
1621057473866 [pre_delta_X:-0.0286288328888 pre_delta_y:-0.0203037820617 status:ROBOT_STATUS._RUNNING] 
1621057473866 [delta_X:0 delta_y:0 status:False] 
1621057473867 [Update odom] 
1621057473968 [pre_delta_X:-0.00452150607498 pre_delta_y:-0.0188056186073 status:ROBOT_STATUS._RUNNING] 
1621057473968 [delta_X:0 delta_y:0 status:False] 
1621057473969 [Update odom] 
1621057474071 [pre_delta_X:-0.0171173850605 pre_delta_y:-0.0228755978688 status:ROBOT_STATUS._RUNNING] 
1621057474071 [delta_X:0 delta_y:0 status:False] 
1621057474072 [Update odom] 
1621057474173 [pre_delta_X:0.0114733219801 pre_delta_y:-0.0222242382802 status:ROBOT_STATUS._RUNNING] 
1621057474173 [delta_X:0 delta_y:0 status:False] 
1621057474174 [Update odom] 
1621057474278 [pre_delta_X:-0.00593452491716 pre_delta_y:-0.0133053815231 status:ROBOT_STATUS._RUNNING] 
1621057474278 [delta_X:0 delta_y:0 status:False] 
1621057474279 [Update odom] 
1621057474380 [pre_delta_X:-0.0442199583405 pre_delta_y:-0.0136985990421 status:ROBOT_STATUS._RUNNING] 
1621057474381 [delta_X:0 delta_y:0 status:False] 
1621057474382 [Update odom] 
1621057474483 [pre_delta_X:-0.0448734351974 pre_delta_y:-0.0158323676377 status:ROBOT_STATUS._RUNNING] 
1621057474483 [delta_X:0 delta_y:0 status:False] 
1621057474484 [Update odom] 
1621057474585 [pre_delta_X:-0.0570553719326 pre_delta_y:-0.00190127263369 status:ROBOT_STATUS._RUNNING] 
1621057474585 [delta_X:0 delta_y:0 status:False] 
1621057474586 [Update odom] 
1621057474687 [pre_delta_X:-0.0127677118183 pre_delta_y:-0.0137464413374 status:ROBOT_STATUS._RUNNING] 
1621057474687 [delta_X:0 delta_y:0 status:False] 
1621057474688 [Update odom] 
1621057474789 [pre_delta_X:-0.0302219024794 pre_delta_y:-0.0113289600154 status:ROBOT_STATUS._RUNNING] 
1621057474789 [delta_X:0 delta_y:0 status:False] 
1621057474790 [Update odom] 
1621057474895 [pre_delta_X:-0.0265653112837 pre_delta_y:-0.00303271481454 status:ROBOT_STATUS._RUNNING] 
1621057474895 [delta_X:0 delta_y:0 status:False] 
1621057474896 [Update odom] 
1621057474997 [pre_delta_X:-0.036786625893 pre_delta_y:-0.00558567217616 status:ROBOT_STATUS._RUNNING] 
1621057474997 [delta_X:0 delta_y:0 status:False] 
1621057474998 [Update odom] 
1621057475100 [pre_delta_X:-0.0341387247758 pre_delta_y:-0.0155537121464 status:ROBOT_STATUS._RUNNING] 
1621057475100 [delta_X:0 delta_y:0 status:False] 
1621057475101 [Update odom] 
1621057475203 [pre_delta_X:-0.0318317696789 pre_delta_y:-0.000148013693262 status:ROBOT_STATUS._RUNNING] 
1621057475203 [delta_X:0 delta_y:0 status:False] 
1621057475204 [Update odom] 
1621057475307 [pre_delta_X:-0.0414217854792 pre_delta_y:0.000541068611548 status:ROBOT_STATUS._RUNNING] 
1621057475307 [delta_X:0 delta_y:0 status:False] 
1621057475308 [Update odom] 
1621057475410 [pre_delta_X:-0.0371006336346 pre_delta_y:-0.0107438196344 status:ROBOT_STATUS._RUNNING] 
1621057475410 [delta_X:0 delta_y:0 status:False] 
1621057475410 [Update odom] 
1621057475515 [pre_delta_X:-0.0387007161638 pre_delta_y:-0.00552380094001 status:ROBOT_STATUS._RUNNING] 
1621057475515 [delta_X:0 delta_y:0 status:False] 
1621057475515 [Update odom] 
1621057475617 [pre_delta_X:-0.0260096604446 pre_delta_y:-0.0072668037612 status:ROBOT_STATUS._RUNNING] 
1621057475617 [delta_X:0 delta_y:0 status:False] 
1621057475617 [Update odom] 
1621057475718 [pre_delta_X:-0.0405271822455 pre_delta_y:-0.00659231505 status:ROBOT_STATUS._RUNNING] 
1621057475718 [delta_X:0 delta_y:0 status:False] 
1621057475719 [Update odom] 
1621057475820 [pre_delta_X:-0.0202267497396 pre_delta_y:-0.00380170217927 status:ROBOT_STATUS._RUNNING] 
1621057475821 [delta_X:0 delta_y:0 status:False] 
1621057475823 [Update odom] 
1621057475925 [pre_delta_X:-0.0394134892891 pre_delta_y:-0.00667328666311 status:ROBOT_STATUS._RUNNING] 
1621057475925 [delta_X:0 delta_y:0 status:False] 
1621057475926 [Update odom] 
1621057476027 [pre_delta_X:-0.0162316951907 pre_delta_y:-0.00573776072933 status:ROBOT_STATUS._RUNNING] 
1621057476027 [delta_X:0 delta_y:0 status:False] 
1621057476028 [Update odom] 
1621057476130 [pre_delta_X:-0.0244337874272 pre_delta_y:-0.00397449848868 status:ROBOT_STATUS._RUNNING] 
1621057476130 [delta_X:0 delta_y:0 status:False] 
1621057476131 [Update odom] 
1621057476233 [pre_delta_X:-0.0222410654472 pre_delta_y:-0.00799156009012 status:ROBOT_STATUS._RUNNING] 
1621057476233 [delta_X:0 delta_y:0 status:False] 
1621057476234 [Update odom] 
1621057476335 [pre_delta_X:-0.0164996402313 pre_delta_y:0.000438098352726 status:ROBOT_STATUS._RUNNING] 
1621057476335 [delta_X:0 delta_y:0 status:False] 
1621057476336 [Update odom] 
1621057476438 [pre_delta_X:-0.0323072907506 pre_delta_y:-0.0144956372057 status:ROBOT_STATUS._RUNNING] 
1621057476438 [delta_X:0 delta_y:0 status:False] 
1621057476446 [Update odom] 
1621057476548 [pre_delta_X:-0.0262878035526 pre_delta_y:-0.00424846278021 status:ROBOT_STATUS._RUNNING] 
1621057476548 [delta_X:0 delta_y:0 status:False] 
1621057476549 [Update odom] 
1621057476651 [pre_delta_X:-0.0202575247396 pre_delta_y:-0.00895862550607 status:ROBOT_STATUS._RUNNING] 
1621057476651 [delta_X:0 delta_y:0 status:False] 
1621057476652 [Update odom] 
1621057476753 [pre_delta_X:-0.0393851903014 pre_delta_y:-0.0167934273735 status:ROBOT_STATUS._RUNNING] 
1621057476753 [delta_X:0 delta_y:0 status:False] 
1621057476757 [Update odom] 
1621057476858 [pre_delta_X:-0.0272574754565 pre_delta_y:-0.000978228514278 status:ROBOT_STATUS._RUNNING] 
1621057476858 [delta_X:0 delta_y:0 status:False] 
1621057476859 [Update odom] 
1621057476960 [pre_delta_X:-0.0321554115544 pre_delta_y:-0.0133925260463 status:ROBOT_STATUS._RUNNING] 
1621057476960 [delta_X:0 delta_y:0 status:False] 
1621057476961 [Update odom] 
1621057477063 [pre_delta_X:-0.01221639333 pre_delta_y:-0.00352414476219 status:ROBOT_STATUS._RUNNING] 
1621057477063 [delta_X:0 delta_y:0 status:False] 
1621057477065 [Update odom] 
1621057477167 [pre_delta_X:-0.0204536554387 pre_delta_y:-0.0101013293843 status:ROBOT_STATUS._RUNNING] 
1621057477167 [delta_X:0 delta_y:0 status:False] 
1621057477168 [Update odom] 
1621057477269 [pre_delta_X:-0.0407303229459 pre_delta_y:-0.00967727316638 status:ROBOT_STATUS._RUNNING] 
1621057477269 [delta_X:0 delta_y:0 status:False] 
1621057477271 [Update odom] 
1621057477373 [pre_delta_X:-0.0092072926085 pre_delta_y:-0.00239560593662 status:ROBOT_STATUS._RUNNING] 
1621057477373 [delta_X:0 delta_y:0 status:False] 
1621057477375 [Update odom] 
1621057477476 [pre_delta_X:-0.0415216951794 pre_delta_y:-0.00357264482752 status:ROBOT_STATUS._RUNNING] 
1621057477476 [delta_X:0 delta_y:0 status:False] 
1621057477477 [Update odom] 
1621057477579 [pre_delta_X:-0.0231865548164 pre_delta_y:-0.00900948294244 status:ROBOT_STATUS._RUNNING] 
1621057477579 [delta_X:0 delta_y:0 status:False] 
1621057477581 [Update odom] 
1621057477682 [pre_delta_X:-0.0379785334997 pre_delta_y:-0.00756570224983 status:ROBOT_STATUS._RUNNING] 
1621057477682 [delta_X:0 delta_y:0 status:False] 
1621057477684 [Update odom] 
1621057477786 [pre_delta_X:-0.0349941615043 pre_delta_y:-0.00852354524221 status:ROBOT_STATUS._RUNNING] 
1621057477786 [delta_X:0 delta_y:0 status:False] 
1621057477787 [Update odom] 
1621057477888 [pre_delta_X:-0.0161598821611 pre_delta_y:-0.00673048896858 status:ROBOT_STATUS._RUNNING] 
1621057477888 [delta_X:0 delta_y:0 status:False] 
1621057477889 [Update odom] 
1621057477992 [pre_delta_X:-0.0383369637876 pre_delta_y:-0.0105452952886 status:ROBOT_STATUS._RUNNING] 
1621057477992 [delta_X:0 delta_y:0 status:False] 
1621057477993 [Update odom] 
1621057478096 [pre_delta_X:-0.0405533497316 pre_delta_y:-0.00458754987846 status:ROBOT_STATUS._RUNNING] 
1621057478096 [delta_X:0 delta_y:0 status:False] 
1621057478097 [Update odom] 
1621057478198 [pre_delta_X:-0.0444255564733 pre_delta_y:-0.0120262620713 status:ROBOT_STATUS._RUNNING] 
1621057478198 [delta_X:0 delta_y:0 status:False] 
1621057478199 [Update odom] 
1621057478301 [pre_delta_X:-0.0181659958595 pre_delta_y:-0.00575543538807 status:ROBOT_STATUS._RUNNING] 
1621057478301 [delta_X:0 delta_y:0 status:False] 
1621057478302 [Update odom] 
1621057478403 [pre_delta_X:-0.0305515108167 pre_delta_y:-0.00622560267388 status:ROBOT_STATUS._RUNNING] 
1621057478403 [delta_X:0 delta_y:0 status:False] 
1621057478404 [Update odom] 
1621057478511 [pre_delta_X:-0.046837133896 pre_delta_y:-0.00885667083556 status:ROBOT_STATUS._RUNNING] 
1621057478511 [delta_X:0 delta_y:0 status:False] 
1621057478512 [Update odom] 
1621057478614 [pre_delta_X:-0.0332299914833 pre_delta_y:-0.00659039714295 status:ROBOT_STATUS._RUNNING] 
1621057478614 [delta_X:0 delta_y:0 status:False] 
1621057478615 [Update odom] 
1621057478719 [pre_delta_X:-0.0349540493055 pre_delta_y:-0.00435240989476 status:ROBOT_STATUS._RUNNING] 
1621057478719 [delta_X:0 delta_y:0 status:False] 
1621057478721 [Update odom] 
1621057478824 [pre_delta_X:-0.0345942721472 pre_delta_y:-0.00545852508788 status:ROBOT_STATUS._RUNNING] 
1621057478825 [delta_X:0 delta_y:0 status:False] 
1621057478826 [Update odom] 
1621057478928 [pre_delta_X:-0.0343802689413 pre_delta_y:-0.0107151689975 status:ROBOT_STATUS._RUNNING] 
1621057478928 [delta_X:0 delta_y:0 status:False] 
1621057478929 [Update odom] 
1621057479030 [pre_delta_X:-0.020339204159 pre_delta_y:-0.0069060580496 status:ROBOT_STATUS._RUNNING] 
1621057479030 [delta_X:0 delta_y:0 status:False] 
1621057479032 [Update odom] 
1621057479133 [pre_delta_X:-0.0255700585873 pre_delta_y:-0.00815927680547 status:ROBOT_STATUS._RUNNING] 
1621057479134 [delta_X:0 delta_y:0 status:False] 
1621057479135 [Update odom] 
1621057479237 [pre_delta_X:-0.0237759864766 pre_delta_y:-0.00397309737659 status:ROBOT_STATUS._RUNNING] 
1621057479237 [delta_X:0 delta_y:0 status:False] 
1621057479238 [Update odom] 
1621057479341 [pre_delta_X:-0.0375238307695 pre_delta_y:-0.0074751209358 status:ROBOT_STATUS._RUNNING] 
1621057479341 [delta_X:0 delta_y:0 status:False] 
1621057479343 [Update odom] 
1621057479444 [pre_delta_X:-0.0280164038807 pre_delta_y:-0.00728946785044 status:ROBOT_STATUS._RUNNING] 
1621057479444 [delta_X:0 delta_y:0 status:False] 
1621057479446 [Update odom] 
1621057479550 [pre_delta_X:-0.0213732249831 pre_delta_y:-0.00694489950743 status:ROBOT_STATUS._RUNNING] 
1621057479550 [delta_X:0 delta_y:0 status:False] 
1621057479551 [Update odom] 
1621057479656 [pre_delta_X:-0.0208447803877 pre_delta_y:-0.00707772350696 status:ROBOT_STATUS._RUNNING] 
1621057479656 [delta_X:0 delta_y:0 status:False] 
1621057479658 [Update odom] 
1621057479760 [pre_delta_X:-0.0210112323911 pre_delta_y:-0.00821113154743 status:ROBOT_STATUS._RUNNING] 
1621057479760 [delta_X:0 delta_y:0 status:False] 
1621057479761 [Update odom] 
1621057479863 [pre_delta_X:-0.0294238235229 pre_delta_y:-0.012385335875 status:ROBOT_STATUS._RUNNING] 
1621057479863 [delta_X:0 delta_y:0 status:False] 
1621057479867 [Update odom] 
1621057479964 [log_latest_command] [[ b y t e a r r a y ( b ' \ x a a \ x f f \ x a 0 \ x 0 2 I \ n \ r ' ) ]] 
1621057479976 [pre_delta_X:-0.0272008118984 pre_delta_y:-0.00554281745025 status:ROBOT_STATUS._RUNNING] 
1621057479976 [delta_X:0 delta_y:0 status:False] 
1621057479976 [Update odom] 
1621057480077 [pre_delta_X:-0.0161157548945 pre_delta_y:-0.00464901969558 status:ROBOT_STATUS._RUNNING] 
1621057480077 [delta_X:0 delta_y:0 status:False] 
1621057480078 [Update odom] 
1621057480180 [pre_delta_X:-0.0536057045272 pre_delta_y:-0.0100698020546 status:ROBOT_STATUS._RUNNING] 
1621057480180 [delta_X:0 delta_y:0 status:False] 
1621057480181 [Update odom] 
1621057480283 [pre_delta_X:-0.0266033422415 pre_delta_y:-0.00507559847212 status:ROBOT_STATUS._RUNNING] 
1621057480283 [delta_X:0 delta_y:0 status:False] 
1621057480288 [Update odom] 
1621057480389 [pre_delta_X:-0.0339224091037 pre_delta_y:-0.00655455418949 status:ROBOT_STATUS._RUNNING] 
1621057480389 [delta_X:0 delta_y:0 status:False] 
1621057480390 [Update odom] 
1621057480494 [pre_delta_X:-0.037568001829 pre_delta_y:-0.00954513556989 status:ROBOT_STATUS._RUNNING] 
1621057480494 [delta_X:0 delta_y:0 status:False] 
1621057480495 [Update odom] 
1621057480597 [pre_delta_X:-0.0281566870398 pre_delta_y:-0.00520955908761 status:ROBOT_STATUS._RUNNING] 
1621057480597 [delta_X:0 delta_y:0 status:False] 
1621057480599 [Update odom] 
1621057480703 [pre_delta_X:-0.0257027646344 pre_delta_y:-0.00610681812732 status:ROBOT_STATUS._RUNNING] 
1621057480703 [delta_X:0 delta_y:0 status:False] 
1621057480704 [Update odom] 
1621057480805 [pre_delta_X:-0.0388828911251 pre_delta_y:-0.00668229914691 status:ROBOT_STATUS._RUNNING] 
1621057480805 [delta_X:0 delta_y:0 status:False] 
1621057480807 [Update odom] 
1621057480908 [pre_delta_X:-0.0274912412235 pre_delta_y:-0.0071528280332 status:ROBOT_STATUS._RUNNING] 
1621057480908 [delta_X:0 delta_y:0 status:False] 
1621057480911 [Update odom] 
1621057481015 [pre_delta_X:-0.0362498884436 pre_delta_y:-0.00861274960146 status:ROBOT_STATUS._RUNNING] 
1621057481015 [delta_X:0 delta_y:0 status:False] 
1621057481016 [Update odom] 
1621057481117 [pre_delta_X:-0.0435872949306 pre_delta_y:-0.00993453372674 status:ROBOT_STATUS._RUNNING] 
1621057481117 [delta_X:0 delta_y:0 status:False] 
1621057481118 [Update odom] 
1621057481220 [pre_delta_X:-0.0141342477008 pre_delta_y:-0.00666733973248 status:ROBOT_STATUS._RUNNING] 
1621057481220 [delta_X:0 delta_y:0 status:False] 
1621057481223 [Update odom] 
1621057481326 [pre_delta_X:-0.0563326365941 pre_delta_y:0.00110569543515 status:ROBOT_STATUS._RUNNING] 
1621057481326 [delta_X:0 delta_y:0 status:False] 
1621057481326 [Update odom] 
1621057481428 [pre_delta_X:-0.0349586356363 pre_delta_y:-0.00956090810126 status:ROBOT_STATUS._RUNNING] 
1621057481428 [delta_X:0 delta_y:0 status:False] 
1621057481429 [Update odom] 
1621057481522 [log_latest_command] [[ b y t e a r r a y ( b ' \ x a a \ x f f \ x a 0 \ x 0 2 I \ n \ r ' ) ]] 
1621057481530 [pre_delta_X:-0.033444141855 pre_delta_y:-0.00835809798685 status:ROBOT_STATUS._RUNNING] 
1621057481530 [delta_X:0 delta_y:0 status:False] 
1621057481531 [Update odom] 
1621057481632 [pre_delta_X:-0.0284580419636 pre_delta_y:-0.00820948186746 status:ROBOT_STATUS._RUNNING] 
1621057481632 [delta_X:0 delta_y:0 status:False] 
1621057481633 [Update odom] 
1621057481734 [pre_delta_X:-0.0313131732005 pre_delta_y:-0.00826144721817 status:ROBOT_STATUS._RUNNING] 
1621057481734 [delta_X:0 delta_y:0 status:False] 
1621057481737 [Update odom] 
1621057481838 [pre_delta_X:-0.0317714777384 pre_delta_y:-0.00734053579929 status:ROBOT_STATUS._STOP] 
1621057481838 [delta_X:0 delta_y:0 status:True] 
1621057481839 [Update odom] 
1621057481941 [pre_delta_X:-0.0295307639076 pre_delta_y:-0.00722326066135 status:ROBOT_STATUS._STOP] 
1621057481941 [delta_X:0 delta_y:0 status:True] 
1621057481942 [Update odom] 
1621057482055 [pre_delta_X:-0.0325532475036 pre_delta_y:-0.00939085322345 status:ROBOT_STATUS._STOP] 
1621057482055 [delta_X:0 delta_y:0 status:True] 
1621057482056 [Update odom] 
1621057482158 [pre_delta_X:-0.0316424497866 pre_delta_y:-0.0079774732112 status:ROBOT_STATUS._STOP] 
1621057482158 [delta_X:0 delta_y:0 status:True] 
1621057482159 [Update odom] 
1621057482260 [pre_delta_X:-0.0316635197311 pre_delta_y:-0.00835388018089 status:ROBOT_STATUS._STOP] 
1621057482260 [delta_X:0 delta_y:0 status:True] 
1621057482261 [Update odom] 
1621057482363 [pre_delta_X:-0.0294386561331 pre_delta_y:-0.00720073098803 status:ROBOT_STATUS._STOP] 
1621057482363 [delta_X:0 delta_y:0 status:True] 
1621057482364 [Update odom] 
1621057482465 [pre_delta_X:-0.0306013216099 pre_delta_y:-0.00727068500941 status:ROBOT_STATUS._STOP] 
1621057482465 [delta_X:0 delta_y:0 status:True] 
1621057482476 [Update odom] 
1621057482578 [pre_delta_X:-0.0325303323075 pre_delta_y:-4.56710515485e-05 status:ROBOT_STATUS._STOP] 
1621057482578 [delta_X:0 delta_y:0 status:True] 
1621057482580 [Update odom] 
1621057482681 [pre_delta_X:-0.0428200360246 pre_delta_y:-0.0190892222942 status:ROBOT_STATUS._STOP] 
1621057482681 [delta_X:0 delta_y:0 status:True] 
1621057482682 [Update odom] 
1621057482786 [pre_delta_X:-0.0182867050399 pre_delta_y:-0.00463523922492 status:ROBOT_STATUS._STOP] 
1621057482786 [delta_X:0 delta_y:0 status:True] 
1621057482787 [Update odom] 
1621057482891 [pre_delta_X:-0.0367392150959 pre_delta_y:-0.00213850672983 status:ROBOT_STATUS._STOP] 
1621057482891 [delta_X:0 delta_y:0 status:True] 
1621057482892 [Update odom] 
1621057483001 [pre_delta_X:-0.0322633234925 pre_delta_y:-0.0104107762855 status:ROBOT_STATUS._STOP] 
1621057483001 [delta_X:0 delta_y:0 status:True] 
1621057483002 [Update odom] 
1621057483104 [pre_delta_X:-0.0263921145218 pre_delta_y:-0.00298757533854 status:ROBOT_STATUS._STOP] 
1621057483104 [delta_X:0 delta_y:0 status:True] 
1621057483105 [Update odom] 
1621057483206 [pre_delta_X:-0.0356828515661 pre_delta_y:-0.0123855335053 status:ROBOT_STATUS._STOP] 
1621057483206 [delta_X:0 delta_y:0 status:True] 
1621057483208 [Update odom] 
1621057483310 [pre_delta_X:-0.0284090620071 pre_delta_y:-0.010067772115 status:ROBOT_STATUS._STOP] 
1621057483310 [delta_X:0 delta_y:0 status:True] 
1621057483312 [Update odom] 
1621057483413 [pre_delta_X:-0.0290977117215 pre_delta_y:-0.00294555011525 status:ROBOT_STATUS._STOP] 
1621057483413 [delta_X:0 delta_y:0 status:True] 
1621057483414 [Update odom] 
1621057483515 [pre_delta_X:-0.0394609155144 pre_delta_y:-0.0124010236989 status:ROBOT_STATUS._STOP] 
1621057483515 [delta_X:0 delta_y:0 status:True] 
1621057483517 [Update odom] 
1621057483618 [pre_delta_X:-0.0153100276909 pre_delta_y:-0.0025041953741 status:ROBOT_STATUS._STOP] 
1621057483618 [delta_X:0 delta_y:0 status:True] 
1621057483619 [Update odom] 
1621057483720 [pre_delta_X:-0.0701684845214 pre_delta_y:-0.0143531525161 status:ROBOT_STATUS._STOP] 
1621057483720 [delta_X:0 delta_y:0 status:True] 
1621057483722 [Update odom] 
1621057483823 [pre_delta_X:-0.00228339903115 pre_delta_y:0.00718073710495 status:ROBOT_STATUS._STOP] 
1621057483823 [delta_X:0 delta_y:0 status:True] 
1621057483825 [Update odom] 
1621057483926 [pre_delta_X:-0.0488022903294 pre_delta_y:-0.0178877644348 status:ROBOT_STATUS._STOP] 
1621057483926 [delta_X:0 delta_y:0 status:True] 
1621057483927 [Update odom] 
1621057484028 [pre_delta_X:-0.00715410946327 pre_delta_y:0.000806935536369 status:ROBOT_STATUS._STOP] 
1621057484028 [delta_X:0 delta_y:0 status:True] 
1621057484029 [Update odom] 
1621057484130 [pre_delta_X:-0.0540711760049 pre_delta_y:-0.0057490357995 status:ROBOT_STATUS._STOP] 
1621057484130 [delta_X:0 delta_y:0 status:True] 
1621057484132 [Update odom] 
1621057484233 [pre_delta_X:-0.0112631127375 pre_delta_y:-0.000344720955375 status:ROBOT_STATUS._STOP] 
1621057484233 [delta_X:0 delta_y:0 status:True] 
1621057484234 [Update odom] 
1621057484343 [pre_delta_X:-0.0580939295954 pre_delta_y:-0.0110039366468 status:ROBOT_STATUS._STOP] 
1621057484343 [delta_X:0 delta_y:0 status:True] 
1621057484344 [Update odom] 
1621057484447 [pre_delta_X:-0.027232524875 pre_delta_y:-0.0096423285359 status:ROBOT_STATUS._STOP] 
1621057484447 [delta_X:0 delta_y:0 status:True] 
1621057484448 [Update odom] 
1621057484549 [pre_delta_X:-0.0251311682635 pre_delta_y:0.00236318573767 status:ROBOT_STATUS._STOP] 
1621057484550 [delta_X:0 delta_y:0 status:True] 
1621057484550 [Update odom] 
1621057484652 [pre_delta_X:-0.0466653561543 pre_delta_y:-0.00759513836729 status:ROBOT_STATUS._STOP] 
1621057484652 [delta_X:0 delta_y:0 status:True] 
1621057484652 [Update odom] 
1621057484756 [pre_delta_X:-0.031455102334 pre_delta_y:-0.00367961664361 status:ROBOT_STATUS._STOP] 
1621057484756 [delta_X:0 delta_y:0 status:True] 
1621057484768 [Update odom] 
1621057484869 [pre_delta_X:-0.0455745010232 pre_delta_y:-0.00878533487244 status:ROBOT_STATUS._STOP] 
1621057484869 [delta_X:0 delta_y:0 status:True] 
1621057484870 [Update odom] 
1621057484972 [pre_delta_X:-0.0109523097351 pre_delta_y:-0.0180978096613 status:ROBOT_STATUS._STOP] 
1621057484972 [delta_X:0 delta_y:0 status:True] 
1621057484973 [Update odom] 
1621057485074 [pre_delta_X:-0.0205895446093 pre_delta_y:-0.0190972188312 status:ROBOT_STATUS._STOP] 
1621057485074 [delta_X:0 delta_y:0 status:True] 
1621057485075 [Update odom] 
1621057485176 [pre_delta_X:0.00196862488494 pre_delta_y:-0.0100500127772 status:ROBOT_STATUS._STOP] 
1621057485176 [delta_X:0 delta_y:0 status:True] 
1621057485177 [Update odom] 
1621057485278 [pre_delta_X:-0.0272882037314 pre_delta_y:-0.0292879383274 status:ROBOT_STATUS._STOP] 
1621057485278 [delta_X:0 delta_y:0 status:True] 
1621057485278 [Update odom] 
1621057485383 [pre_delta_X:-0.0207694729989 pre_delta_y:-0.00512813413301 status:ROBOT_STATUS._STOP] 
1621057485383 [delta_X:0 delta_y:0 status:True] 
1621057485384 [Update odom] 
1621057485487 [pre_delta_X:-0.030979448926 pre_delta_y:-0.0167776179224 status:ROBOT_STATUS._STOP] 
1621057485487 [delta_X:0 delta_y:0 status:True] 
1621057485489 [Update odom] 
1621057485590 [pre_delta_X:-0.0120126516657 pre_delta_y:-0.0152030312329 status:ROBOT_STATUS._STOP] 
1621057485590 [delta_X:0 delta_y:0 status:True] 
1621057485591 [Update odom] 
1621057485695 [pre_delta_X:-0.0287502242261 pre_delta_y:-0.0181372293336 status:ROBOT_STATUS._STOP] 
1621057485695 [delta_X:0 delta_y:0 status:True] 
1621057485696 [Update odom] 
1621057485797 [pre_delta_X:-0.0142298213723 pre_delta_y:-0.0145275939847 status:ROBOT_STATUS._STOP] 
1621057485797 [delta_X:0 delta_y:0 status:True] 
1621057485799 [Update odom] 
1621057485900 [pre_delta_X:-0.0253060106274 pre_delta_y:-0.0154516261422 status:ROBOT_STATUS._STOP] 
1621057485900 [delta_X:0 delta_y:0 status:True] 
1621057485901 [Update odom] 
1621057486002 [pre_delta_X:-0.0206447562266 pre_delta_y:-0.0113190036035 status:ROBOT_STATUS._STOP] 
1621057486002 [delta_X:0 delta_y:0 status:True] 
1621057486003 [Update odom] 
1621057486104 [pre_delta_X:-0.0195340197937 pre_delta_y:-0.0173821478407 status:ROBOT_STATUS._STOP] 
1621057486104 [delta_X:0 delta_y:0 status:True] 
1621057486108 [Update odom] 
1621057486209 [pre_delta_X:-0.0200659788117 pre_delta_y:-0.012509022944 status:ROBOT_STATUS._STOP] 
1621057486209 [delta_X:0 delta_y:0 status:True] 
1621057486210 [Update odom] 
1621057486311 [pre_delta_X:-0.0196325980104 pre_delta_y:-0.0162965143711 status:ROBOT_STATUS._STOP] 
1621057486311 [delta_X:0 delta_y:0 status:True] 
1621057486314 [Update odom] 
1621057486415 [pre_delta_X:-0.0234507632097 pre_delta_y:-0.0151629347315 status:ROBOT_STATUS._STOP] 
1621057486415 [delta_X:0 delta_y:0 status:True] 
1621057486416 [Update odom] 
1621057486517 [pre_delta_X:-0.0150772279555 pre_delta_y:-0.0185461113892 status:ROBOT_STATUS._STOP] 
1621057486517 [delta_X:0 delta_y:0 status:True] 
1621057486518 [Update odom] 
1621057486619 [pre_delta_X:-0.0238559157277 pre_delta_y:-0.0161012178566 status:ROBOT_STATUS._STOP] 
1621057486619 [delta_X:0 delta_y:0 status:True] 
1621057486620 [Update odom] 
1621057486721 [pre_delta_X:-0.0248192634807 pre_delta_y:-0.0121874318301 status:ROBOT_STATUS._STOP] 
1621057486721 [delta_X:0 delta_y:0 status:True] 
1621057486723 [Update odom] 
1621057486824 [pre_delta_X:-0.0229842742827 pre_delta_y:-0.021203511311 status:ROBOT_STATUS._STOP] 
1621057486824 [delta_X:0 delta_y:0 status:True] 
1621057486824 [Update odom] 
1621057486925 [pre_delta_X:-0.0150002316963 pre_delta_y:-0.0132945681883 status:ROBOT_STATUS._STOP] 
1621057486925 [delta_X:0 delta_y:0 status:True] 
1621057486927 [Update odom] 
1621057487028 [pre_delta_X:-0.0199025934236 pre_delta_y:-0.0153546279393 status:ROBOT_STATUS._STOP] 
1621057487028 [delta_X:0 delta_y:0 status:True] 
1621057487029 [Update odom] 
1621057487130 [pre_delta_X:-0.0269687213922 pre_delta_y:-0.0167584741347 status:ROBOT_STATUS._STOP] 
1621057487130 [delta_X:0 delta_y:0 status:True] 
1621057487131 [Update odom] 
1621057487234 [pre_delta_X:-0.00665122186239 pre_delta_y:-0.0137678095557 status:ROBOT_STATUS._STOP] 
1621057487234 [delta_X:0 delta_y:0 status:True] 
1621057487235 [Update odom] 
1621057487337 [pre_delta_X:-0.0358520815481 pre_delta_y:-0.0123391894332 status:ROBOT_STATUS._STOP] 
1621057487337 [delta_X:0 delta_y:0 status:True] 
1621057487339 [Update odom] 
1621057487440 [pre_delta_X:-0.00981698609788 pre_delta_y:-0.0198451748734 status:ROBOT_STATUS._STOP] 
1621057487440 [delta_X:0 delta_y:0 status:True] 
1621057487441 [Update odom] 
1621057487543 [pre_delta_X:-0.0425812901625 pre_delta_y:-0.0166784918711 status:ROBOT_STATUS._STOP] 
1621057487543 [delta_X:0 delta_y:0 status:True] 
1621057487544 [Update odom] 
1621057487646 [pre_delta_X:-0.0188400804909 pre_delta_y:-0.0162793219475 status:ROBOT_STATUS._STOP] 
1621057487646 [delta_X:0 delta_y:0 status:True] 
1621057487647 [Update odom] 
1621057487748 [pre_delta_X:-0.0188264224069 pre_delta_y:-0.0214893316487 status:ROBOT_STATUS._STOP] 
1621057487748 [delta_X:0 delta_y:0 status:True] 
1621057487750 [Update odom] 
1621057487851 [pre_delta_X:-0.0193444942409 pre_delta_y:-0.0143393085507 status:ROBOT_STATUS._STOP] 
1621057487851 [delta_X:0 delta_y:0 status:True] 
1621057487852 [Update odom] 
1621057487953 [pre_delta_X:-0.0262867892901 pre_delta_y:-0.0197037412625 status:ROBOT_STATUS._STOP] 
1621057487953 [delta_X:0 delta_y:0 status:True] 
1621057487954 [Update odom] 
1621057488056 [pre_delta_X:-0.0160713546505 pre_delta_y:-0.0135522062174 status:ROBOT_STATUS._STOP] 
1621057488056 [delta_X:0 delta_y:0 status:True] 
1621057488059 [Update odom] 
1621057488161 [pre_delta_X:-0.0234619034649 pre_delta_y:-0.0163272422664 status:ROBOT_STATUS._STOP] 
1621057488161 [delta_X:0 delta_y:0 status:True] 
1621057488163 [Update odom] 
1621057488266 [pre_delta_X:-0.0197852143023 pre_delta_y:-0.0176056707066 status:ROBOT_STATUS._STOP] 
1621057488266 [delta_X:0 delta_y:0 status:True] 
1621057488267 [Update odom] 
1621057488368 [pre_delta_X:-0.0220655109782 pre_delta_y:-0.0182073025108 status:ROBOT_STATUS._STOP] 
1621057488368 [delta_X:0 delta_y:0 status:True] 
1621057488370 [Update odom] 
1621057488472 [pre_delta_X:-0.0217459898919 pre_delta_y:-0.0115685104057 status:ROBOT_STATUS._STOP] 
1621057488472 [delta_X:0 delta_y:0 status:True] 
1621057488473 [Update odom] 
1621057488574 [pre_delta_X:-0.0207015539842 pre_delta_y:-0.0177187124301 status:ROBOT_STATUS._STOP] 
1621057488574 [delta_X:0 delta_y:0 status:True] 
1621057488576 [Update odom] 
1621057488677 [pre_delta_X:-0.0218270529736 pre_delta_y:-0.0168393269303 status:ROBOT_STATUS._STOP] 
1621057488678 [delta_X:0 delta_y:0 status:True] 
1621057488678 [Update odom] 
1621057488780 [pre_delta_X:-0.0209901168047 pre_delta_y:-0.0156140578112 status:ROBOT_STATUS._STOP] 
1621057488780 [delta_X:0 delta_y:0 status:True] 
1621057488781 [Update odom] 
1621057488886 [pre_delta_X:-0.0212460785321 pre_delta_y:-0.0146475492234 status:ROBOT_STATUS._STOP] 
1621057488886 [delta_X:0 delta_y:0 status:True] 
1621057488887 [Update odom] 
1621057488989 [pre_delta_X:-0.0200811212721 pre_delta_y:-0.019093558952 status:ROBOT_STATUS._STOP] 
1621057488989 [delta_X:0 delta_y:0 status:True] 
1621057488990 [Update odom] 
1621057489091 [pre_delta_X:-0.0212955370484 pre_delta_y:-0.0135434368121 status:ROBOT_STATUS._STOP] 
1621057489091 [delta_X:0 delta_y:0 status:True] 
1621057489093 [Update odom] 
1621057489194 [pre_delta_X:-0.0208941967942 pre_delta_y:-0.016702046396 status:ROBOT_STATUS._STOP] 
1621057489194 [delta_X:0 delta_y:0 status:True] 
1621057489195 [Update odom] 
1621057489298 [pre_delta_X:-0.0208234670673 pre_delta_y:-0.0166455076742 status:ROBOT_STATUS._STOP] 
1621057489298 [delta_X:0 delta_y:0 status:True] 
1621057489300 [Update odom] 
1621057489401 [pre_delta_X:-0.0211789029675 pre_delta_y:-0.0169296299572 status:ROBOT_STATUS._STOP] 
1621057489401 [delta_X:0 delta_y:0 status:True] 
1621057489403 [Update odom] 
1621057489504 [pre_delta_X:-0.0229272708907 pre_delta_y:-0.0171054881605 status:ROBOT_STATUS._STOP] 
1621057489504 [delta_X:0 delta_y:0 status:True] 
1621057489506 [Update odom] 
1621057489607 [pre_delta_X:-0.0201753209089 pre_delta_y:-0.0144061632322 status:ROBOT_STATUS._STOP] 
1621057489607 [delta_X:0 delta_y:0 status:True] 
1621057489608 [Update odom] 
1621057489709 [pre_delta_X:-0.0217084758382 pre_delta_y:-0.0167478459983 status:ROBOT_STATUS._STOP] 
1621057489709 [delta_X:0 delta_y:0 status:True] 
1621057489711 [Update odom] 
1621057489812 [pre_delta_X:-0.0200280044617 pre_delta_y:-0.0154513811508 status:ROBOT_STATUS._STOP] 
1621057489812 [delta_X:0 delta_y:0 status:True] 
1621057489813 [Update odom] 
1621057489914 [pre_delta_X:-0.0216714995418 pre_delta_y:-0.0167193191998 status:ROBOT_STATUS._STOP] 
1621057489914 [delta_X:0 delta_y:0 status:True] 
1621057489916 [Update odom] 
1621057490017 [pre_delta_X:-0.0198626465901 pre_delta_y:-0.0164874717769 status:ROBOT_STATUS._STOP] 
1621057490017 [delta_X:0 delta_y:0 status:True] 
1621057490018 [Update odom] 
1621057490119 [pre_delta_X:-0.0219549156439 pre_delta_y:-0.0157810290791 status:ROBOT_STATUS._STOP] 
1621057490119 [delta_X:0 delta_y:0 status:True] 
1621057490120 [Update odom] 
1621057490221 [pre_delta_X:-0.0186564718098 pre_delta_y:-0.0161206695027 status:ROBOT_STATUS._STOP] 
1621057490221 [delta_X:0 delta_y:0 status:True] 
1621057490223 [Update odom] 
1621057490324 [pre_delta_X:-0.0225562178603 pre_delta_y:-0.0179800861888 status:ROBOT_STATUS._STOP] 
1621057490324 [delta_X:0 delta_y:0 status:True] 
1621057490324 [Update odom] 
1621057490427 [pre_delta_X:-0.0198513332837 pre_delta_y:-0.0153150813155 status:ROBOT_STATUS._STOP] 
1621057490427 [delta_X:0 delta_y:0 status:True] 
1621057490428 [Update odom] 
1621057490529 [pre_delta_X:-0.022997750368 pre_delta_y:-0.0171580712119 status:ROBOT_STATUS._STOP] 
1621057490529 [delta_X:0 delta_y:0 status:True] 
1621057490530 [Update odom] 
1621057490631 [pre_delta_X:-0.0198620589754 pre_delta_y:-0.0153233560665 status:ROBOT_STATUS._STOP] 
1621057490631 [delta_X:0 delta_y:0 status:True] 
1621057490632 [Update odom] 
1621057490735 [pre_delta_X:-0.0195515882956 pre_delta_y:-0.0173977809926 status:ROBOT_STATUS._STOP] 
1621057490735 [delta_X:0 delta_y:0 status:True] 
1621057490736 [Update odom] 
1621057490837 [pre_delta_X:-0.023652665286 pre_delta_y:-0.0141466396794 status:ROBOT_STATUS._STOP] 
1621057490837 [delta_X:0 delta_y:0 status:True] 
1621057490838 [Update odom] 
1621057490940 [pre_delta_X:-0.0195088501548 pre_delta_y:-0.0173597508948 status:ROBOT_STATUS._STOP] 
1621057490940 [delta_X:0 delta_y:0 status:True] 
1621057490941 [Update odom] 
1621057491043 [pre_delta_X:-0.0220225861922 pre_delta_y:-0.0158296701629 status:ROBOT_STATUS._STOP] 
1621057491043 [delta_X:0 delta_y:0 status:True] 
1621057491045 [Update odom] 
1621057491147 [pre_delta_X:-0.0209450362237 pre_delta_y:-0.0179271118473 status:ROBOT_STATUS._STOP] 
1621057491147 [delta_X:0 delta_y:0 status:True] 
1621057491148 [Update odom] 
1621057491254 [pre_delta_X:-0.0217658650914 pre_delta_y:-0.0167921211644 status:ROBOT_STATUS._STOP] 
1621057491254 [delta_X:0 delta_y:0 status:True] 
1621057491255 [Update odom] 
1621057491356 [pre_delta_X:-0.0223300247757 pre_delta_y:-0.0196458531031 status:ROBOT_STATUS._STOP] 
1621057491356 [delta_X:0 delta_y:0 status:True] 
1621057491357 [Update odom] 
1621057491458 [pre_delta_X:-0.0186733578658 pre_delta_y:-0.0161352603926 status:ROBOT_STATUS._STOP] 
1621057491458 [delta_X:0 delta_y:0 status:True] 
1621057491459 [Update odom] 
1621057491560 [pre_delta_X:-0.0227294517298 pre_delta_y:-0.0169579000183 status:ROBOT_STATUS._STOP] 
1621057491561 [delta_X:0 delta_y:0 status:True] 
1621057491562 [Update odom] 
1621057491663 [pre_delta_X:-0.0195643779527 pre_delta_y:-0.0174091617382 status:ROBOT_STATUS._STOP] 
1621057491663 [delta_X:0 delta_y:0 status:True] 
1621057491665 [Update odom] 
1621057491767 [pre_delta_X:-0.0213610782374 pre_delta_y:-0.0147268327412 status:ROBOT_STATUS._STOP] 
1621057491767 [delta_X:0 delta_y:0 status:True] 
1621057491770 [Update odom] 
1621057491872 [pre_delta_X:-0.0215019685779 pre_delta_y:-0.0159948123945 status:ROBOT_STATUS._STOP] 
1621057491872 [delta_X:0 delta_y:0 status:True] 
1621057491874 [Update odom] 
1621057491975 [pre_delta_X:-0.0227937226479 pre_delta_y:-0.0181694067823 status:ROBOT_STATUS._STOP] 
1621057491975 [delta_X:0 delta_y:0 status:True] 
1621057491976 [Update odom] 
1621057492077 [pre_delta_X:-0.017907595645 pre_delta_y:-0.0149706985911 status:ROBOT_STATUS._STOP] 
1621057492077 [delta_X:0 delta_y:0 status:True] 
1621057492082 [Update odom] 
1621057492184 [pre_delta_X:-0.0199717249946 pre_delta_y:-0.0189895426352 status:ROBOT_STATUS._STOP] 
1621057492184 [delta_X:0 delta_y:0 status:True] 
1621057492185 [Update odom] 
1621057492286 [pre_delta_X:-0.0207856817703 pre_delta_y:-0.0177907184279 status:ROBOT_STATUS._STOP] 
1621057492286 [delta_X:0 delta_y:0 status:True] 
1621057492288 [Update odom] 
1621057492393 [pre_delta_X:-0.0279195638244 pre_delta_y:-0.0119545118884 status:ROBOT_STATUS._STOP] 
1621057492393 [delta_X:0 delta_y:0 status:True] 
1621057492395 [Update odom] 
1621057492500 [pre_delta_X:-0.0246947005085 pre_delta_y:-0.019637639588 status:ROBOT_STATUS._STOP] 
1621057492500 [delta_X:0 delta_y:0 status:True] 
1621057492501 [Update odom] 
1621057492603 [pre_delta_X:-0.0158508266616 pre_delta_y:-0.0182084188332 status:ROBOT_STATUS._STOP] 
1621057492603 [delta_X:0 delta_y:0 status:True] 
1621057492605 [Update odom] 
1621057492706 [pre_delta_X:-0.0244858420524 pre_delta_y:-0.0165263778506 status:ROBOT_STATUS._STOP] 
1621057492707 [delta_X:0 delta_y:0 status:True] 
1621057492708 [Update odom] 
1621057492809 [pre_delta_X:-0.0189040968864 pre_delta_y:-0.0151616794732 status:ROBOT_STATUS._STOP] 
1621057492809 [delta_X:0 delta_y:0 status:True] 
1621057492810 [Update odom] 
1621057492912 [pre_delta_X:-0.0226581858033 pre_delta_y:-0.0180613672092 status:ROBOT_STATUS._STOP] 
1621057492912 [delta_X:0 delta_y:0 status:True] 
1621057492913 [Update odom] 
1621057493024 [pre_delta_X:-0.0177002972049 pre_delta_y:-0.0159645641189 status:ROBOT_STATUS._STOP] 
1621057493024 [delta_X:0 delta_y:0 status:True] 
1621057493025 [Update odom] 
1621057493126 [pre_delta_X:-0.0285627887877 pre_delta_y:-0.018219267251 status:ROBOT_STATUS._STOP] 
1621057493126 [delta_X:0 delta_y:0 status:True] 
1621057493127 [Update odom] 
1621057493231 [pre_delta_X:-0.0196655605713 pre_delta_y:-0.0163238757447 status:ROBOT_STATUS._STOP] 
1621057493231 [delta_X:0 delta_y:0 status:True] 
1621057493232 [Update odom] 
1621057493336 [pre_delta_X:-0.0218598248042 pre_delta_y:-0.0192321733306 status:ROBOT_STATUS._STOP] 
1621057493336 [delta_X:0 delta_y:0 status:True] 
1621057493338 [Update odom] 
1621057493439 [pre_delta_X:-0.0228368099434 pre_delta_y:-0.015232906784 status:ROBOT_STATUS._STOP] 
1621057493439 [delta_X:0 delta_y:0 status:True] 
1621057493440 [Update odom] 
1621057493541 [pre_delta_X:-0.0190741528335 pre_delta_y:-0.0193231944098 status:ROBOT_STATUS._STOP] 
1621057493541 [delta_X:0 delta_y:0 status:True] 
1621057493541 [Update odom] 
1621057493643 [pre_delta_X:-0.0178557816255 pre_delta_y:-0.0149273822194 status:ROBOT_STATUS._STOP] 
1621057493643 [delta_X:0 delta_y:0 status:True] 
1621057493644 [Update odom] 
1621057493745 [pre_delta_X:-0.024178818065 pre_delta_y:-0.0151804278622 status:ROBOT_STATUS._STOP] 
1621057493745 [delta_X:0 delta_y:0 status:True] 
1621057493750 [Update odom] 
1621057493852 [pre_delta_X:-0.0212277414475 pre_delta_y:-0.0127891465546 status:ROBOT_STATUS._STOP] 
1621057493852 [delta_X:0 delta_y:0 status:True] 
1621057493853 [Update odom] 
1621057493955 [pre_delta_X:-0.0220826691346 pre_delta_y:-0.0211055889438 status:ROBOT_STATUS._STOP] 
1621057493955 [delta_X:0 delta_y:0 status:True] 
1621057493956 [Update odom] 
1621057494061 [pre_delta_X:-0.0188931384815 pre_delta_y:-0.0163251682543 status:ROBOT_STATUS._STOP] 
1621057494061 [delta_X:0 delta_y:0 status:True] 
1621057494063 [Update odom] 
1621057494164 [pre_delta_X:-0.0233686661361 pre_delta_y:-0.0143994358389 status:ROBOT_STATUS._STOP] 
1621057494164 [delta_X:0 delta_y:0 status:True] 
1621057494169 [Update odom] 
1621057494270 [pre_delta_X:-0.0244512647104 pre_delta_y:-0.0176736796887 status:ROBOT_STATUS._STOP] 
1621057494270 [delta_X:0 delta_y:0 status:True] 
1621057494271 [Update odom] 
1621057494372 [pre_delta_X:-0.0188772891007 pre_delta_y:-0.0151401787871 status:ROBOT_STATUS._STOP] 
1621057494372 [delta_X:0 delta_y:0 status:True] 
1621057494373 [Update odom] 
1621057494474 [pre_delta_X:-0.0195699307134 pre_delta_y:-0.0174141028056 status:ROBOT_STATUS._STOP] 
1621057494474 [delta_X:0 delta_y:0 status:True] 
1621057494476 [Update odom] 
1621057494577 [pre_delta_X:-0.023015752969 pre_delta_y:-0.0160167641653 status:ROBOT_STATUS._STOP] 
1621057494577 [delta_X:0 delta_y:0 status:True] 
1621057494579 [Update odom] 
1621057494680 [pre_delta_X:-0.018432017904 pre_delta_y:-0.0182876912583 status:ROBOT_STATUS._STOP] 
1621057494680 [delta_X:0 delta_y:0 status:True] 
1621057494681 [Update odom] 
1621057494782 [pre_delta_X:-0.0217461105211 pre_delta_y:-0.0167768807347 status:ROBOT_STATUS._STOP] 
1621057494782 [delta_X:0 delta_y:0 status:True] 
1621057494783 [Update odom] 
1621057494884 [pre_delta_X:-0.0206896894116 pre_delta_y:-0.0165385707752 status:ROBOT_STATUS._STOP] 
1621057494884 [delta_X:0 delta_y:0 status:True] 
1621057494885 [Update odom] 
1621057494987 [pre_delta_X:-0.0226754527372 pre_delta_y:-0.0169176126622 status:ROBOT_STATUS._STOP] 
1621057494987 [delta_X:0 delta_y:0 status:True] 
1621057494988 [Update odom] 
1621057495089 [pre_delta_X:-0.0178258295607 pre_delta_y:-0.0160777864745 status:ROBOT_STATUS._STOP] 
1621057495089 [delta_X:0 delta_y:0 status:True] 
1621057495090 [Update odom] 
1621057495191 [pre_delta_X:-0.0266759445278 pre_delta_y:-0.017699417673 status:ROBOT_STATUS._STOP] 
1621057495191 [delta_X:0 delta_y:0 status:True] 
1621057495192 [Update odom] 
1621057495293 [pre_delta_X:-0.0134302441522 pre_delta_y:-0.0161072380547 status:ROBOT_STATUS._STOP] 
1621057495293 [delta_X:0 delta_y:0 status:True] 
1621057495297 [Update odom] 
1621057495401 [pre_delta_X:-0.0228331486926 pre_delta_y:-0.0152304646087 status:ROBOT_STATUS._STOP] 
1621057495401 [delta_X:0 delta_y:0 status:True] 
