1621556799658 [Opening serial port: /dev/ttyTHS1.] 
1621556799965 [The robot is connected to ] [/dev/ttyTHS1] 
1621556799965 [Initial robot's topic...] 
1621556847511 [log_latest_command] [[ b y t e a r r a y ( b ' \ x a a \ x f f \ x a 2 \ x a 0 \ x 0 f \ x 0 0 \ x a 0 \ x 0 f \ x 0 0 \ x 0 3 \ x a 9 \ x 0 f \ x 0 e ' ) ]] 
1621556849090 [log_latest_command] [[ b y t e a r r a y ( b ' \ x a a \ x f f \ x a 5 \ x 0 2 N \ x 0 f \ x 0 e ' ) ]] 
1621556849427 [log_latest_command] [[ b y t e a r r a y ( b ' \ x a a \ x f f \ x a 2 \ x a 0 \ x 0 f \ x f f \ x a 0 \ x 0 f \ x f f \ x 0 5 \ x a 7 \ x 0 f \ x 0 e ' ) ]] 
1621556850091 [log_latest_command] [[ b y t e a r r a y ( b ' \ x a a \ x f f \ x a 5 \ x 0 2 N \ x 0 f \ x 0 e ' ) ]] 
1621556854458 [log_latest_command] [[ b y t e a r r a y ( b ' \ x a a \ x f f \ x a 2 \ x d 0 \ x 0 7 \ x 0 0 \ x d 0 \ x 0 7 \ x 0 0 \ x 0 3 \ x f 9 \ x 0 f \ x 0 e ' ) ]] 
1621556855935 [log_latest_command] [[ b y t e a r r a y ( b ' \ x a a \ x f f \ x a 2 @ \ x 0 6 \ x 0 0 @ \ x 0 6 \ x f f \ x 0 3 \ x d 6 \ x 0 f \ x 0 e ' ) ]] 
1621556856530 [log_latest_command] [[ b y t e a r r a y ( b ' \ x a a \ x f f \ x a 2 \ x d 0 \ x 0 7 \ x 0 0 \ x d 0 \ x 0 7 \ x 0 0 \ x 0 3 \ x f 9 \ x 0 f \ x 0 e ' ) ]] 
1621556857058 [log_latest_command] [[ b y t e a r r a y ( b ' \ x a a \ x f f \ x a 5 \ x 0 2 N \ x 0 f \ x 0 e ' ) ]] 
1621556859594 [log_latest_command] [[ b y t e a r r a y ( b ' \ x a a \ x f f \ x a 2 \ x d 0 \ x 0 7 \ x 0 0 \ x d 0 \ x 0 7 \ x 0 0 \ x 0 3 \ x f 9 \ x 0 f \ x 0 e ' ) ]] 
1621556860101 [log_latest_command] [[ b y t e a r r a y ( b ' \ x a a \ x f f \ x a 5 \ x 0 2 N \ x 0 f \ x 0 e ' ) ]] 
1621556863637 [log_latest_command] [[ b y t e a r r a y ( b ' \ x a a \ x f f \ x a 2 \ x d 0 \ x 0 7 \ x f f \ x d 0 \ x 0 7 \ x f f \ x 0 5 \ x f 7 \ x 0 f \ x 0 e ' ) ]] 
1621556864061 [log_latest_command] [[ b y t e a r r a y ( b ' \ x a a \ x f f \ x a 5 \ x 0 2 N \ x 0 f \ x 0 e ' ) ]] 
1621556865276 [log_latest_command] [[ b y t e a r r a y ( b ' \ x a a \ x f f \ x a 2 @ \ x 0 6 \ x 0 0 @ \ x 0 6 \ x f f \ x 0 3 \ x d 6 \ x 0 f \ x 0 e ' ) ]] 
1621556866671 [log_latest_command] [[ b y t e a r r a y ( b ' \ x a a \ x f f \ x a 5 \ x 0 2 N \ x 0 f \ x 0 e ' ) ]] 
1621556868602 [log_latest_command] [[ b y t e a r r a y ( b ' \ x a a \ x f f \ x a 2 @ \ x 0 6 \ x 0 0 @ \ x 0 6 \ x f f \ x 0 3 \ x d 6 \ x 0 f \ x 0 e ' ) ]] 
1621556871986 [log_latest_command] [[ b y t e a r r a y ( b ' \ x a a \ x f f \ x a 5 \ x 0 2 N \ x 0 f \ x 0 e ' ) ]] 
1621556873352 [log_latest_command] [[ b y t e a r r a y ( b ' \ x a a \ x f f \ x a 2 \ x d 0 \ x 0 7 \ x 0 0 \ x d 0 \ x 0 7 \ x 0 0 \ x 0 3 \ x f 9 \ x 0 f \ x 0 e ' ) ]] 
1621556874471 [log_latest_command] [[ b y t e a r r a y ( b ' \ x a a \ x f f \ x a 5 \ x 0 2 N \ x 0 f \ x 0 e ' ) ]] 
1621556878787 [log_latest_command] [[ b y t e a r r a y ( b ' \ x a a \ x f f \ x a 2 \ x d 0 \ x 0 7 \ x 0 0 \ x d 0 \ x 0 7 \ x 0 0 \ x 0 3 \ x f 9 \ x 0 f \ x 0 e ' ) ]] 
1621556879963 [log_latest_command] [[ b y t e a r r a y ( b ' \ x a a \ x f f \ x a 2 @ \ x 0 6 \ x f f @ \ x 0 6 \ x 0 0 \ x 0 3 \ x d 6 \ x 0 f \ x 0 e ' ) ]] 
1621556883798 [log_latest_command] [[ b y t e a r r a y ( b ' \ x a a \ x f f \ x a 2 \ x d 0 \ x 0 7 \ x 0 0 \ x d 0 \ x 0 7 \ x 0 0 \ x 0 3 \ x f 9 \ x 0 f \ x 0 e ' ) ]] 
1621556887571 [log_latest_command] [[ b y t e a r r a y ( b ' \ x a a \ x f f \ x a 2 \ x d 0 \ x 0 7 \ x f f \ x d 0 \ x 0 7 \ x f f \ x 0 5 \ x f 7 \ x 0 f \ x 0 e ' ) ]] 
1621556888227 [log_latest_command] [[ b y t e a r r a y ( b ' \ x a a \ x f f \ x a 2 \ x d 0 \ x 0 7 \ x f f \ x 9 0 \ x 0 1 \ x f f \ x 0 5 \ x b 1 \ x 0 f \ x 0 e ' ) ]] 
1621556889467 [log_latest_command] [[ b y t e a r r a y ( b ' \ x a a \ x f f \ x a 2 \ x 9 0 \ x 0 1 \ x f f \ x d 0 \ x 0 7 \ x f f \ x 0 5 \ x b 1 \ x 0 f \ x 0 e ' ) ]] 
1621556891735 [log_latest_command] [[ b y t e a r r a y ( b ' \ x a a \ x f f \ x a 2 \ x 9 0 \ x 0 1 \ x f f \ x d 0 \ x 0 7 \ x f f \ x 0 5 \ x b 1 \ x 0 f \ x 0 e ' ) ]] 
1621556892390 [log_latest_command] [[ b y t e a r r a y ( b ' \ x a a \ x f f \ x a 5 \ x 0 2 N \ x 0 f \ x 0 e ' ) ]] 
1621556898061 [log_latest_command] [[ b y t e a r r a y ( b ' \ x a a \ x f f \ x a 2 \ x d 0 \ x 0 7 \ x f f \ x d 0 \ x 0 7 \ x f f \ x 0 5 \ x f 7 \ x 0 f \ x 0 e ' ) ]] 
1621556898655 [log_latest_command] [[ b y t e a r r a y ( b ' \ x a a \ x f f \ x a 5 \ x 0 2 N \ x 0 f \ x 0 e ' ) ]] 
1621556899433 [log_latest_command] [[ b y t e a r r a y ( b ' \ x a a \ x f f \ x a 2 @ \ x 0 6 \ x f f @ \ x 0 6 \ x 0 0 \ x 0 3 \ x d 6 \ x 0 f \ x 0 e ' ) ]] 
1621556905526 [log_latest_command] [[ b y t e a r r a y ( b ' \ x a a \ x f f \ x a 2 @ \ x 0 6 \ x f f @ \ x 0 6 \ x 0 0 \ x 0 3 \ x d 6 \ x 0 f \ x 0 e ' ) ]] 
1621556907293 [log_latest_command] [[ b y t e a r r a y ( b ' \ x a a \ x f f \ x a 5 \ x 0 2 N \ x 0 f \ x 0 e ' ) ]] 
1621556910083 [log_latest_command] [[ b y t e a r r a y ( b ' \ x a a \ x f f \ x a 2 \ x d 0 \ x 0 7 \ x 0 0 \ x d 0 \ x 0 7 \ x 0 0 \ x 0 3 \ x f 9 \ x 0 f \ x 0 e ' ) ]] 
1621556910528 [log_latest_command] [[ b y t e a r r a y ( b ' \ x a a \ x f f \ x a 5 \ x 0 2 N \ x 0 f \ x 0 e ' ) ]] 
1621556912827 [log_latest_command] [[ b y t e a r r a y ( b ' \ x a a \ x f f \ x a 2 @ \ x 0 6 \ x f f @ \ x 0 6 \ x 0 0 \ x 0 3 \ x d 6 \ x 0 f \ x 0 e ' ) ]] 
1621556913539 [log_latest_command] [[ b y t e a r r a y ( b ' \ x a a \ x f f \ x a 5 \ x 0 2 N \ x 0 f \ x 0 e ' ) ]] 
1621556914737 [log_latest_command] [[ b y t e a r r a y ( b ' \ x a a \ x f f \ x a 2 \ x d 0 \ x 0 7 \ x 0 0 \ x d 0 \ x 0 7 \ x 0 0 \ x 0 3 \ x f 9 \ x 0 f \ x 0 e ' ) ]] 
1621556916424 [log_latest_command] [[ b y t e a r r a y ( b ' \ x a a \ x f f \ x a 5 \ x 0 2 N \ x 0 f \ x 0 e ' ) ]] 
1621556917699 [log_latest_command] [[ b y t e a r r a y ( b ' \ x a a \ x f f \ x a 2 \ x d 0 \ x 0 7 \ x 0 0 \ x d 0 \ x 0 7 \ x 0 0 \ x 0 3 \ x f 9 \ x 0 f \ x 0 e ' ) ]] 
1621556918652 [log_latest_command] [[ b y t e a r r a y ( b ' \ x a a \ x f f \ x a 5 \ x 0 2 N \ x 0 f \ x 0 e ' ) ]] 
1621556919891 [log_latest_command] [[ b y t e a r r a y ( b ' \ x a a \ x f f \ x a 2 @ \ x 0 6 \ x f f @ \ x 0 6 \ x 0 0 \ x 0 3 \ x d 6 \ x 0 f \ x 0 e ' ) ]] 
1621556926503 [log_latest_command] [[ b y t e a r r a y ( b ' \ x a a \ x f f \ x a 5 \ x 0 2 N \ x 0 f \ x 0 e ' ) ]] 
1621556926978 [log_latest_command] [[ b y t e a r r a y ( b ' \ x a a \ x f f \ x a 2 @ \ x 0 6 \ x f f @ \ x 0 6 \ x 0 0 \ x 0 3 \ x d 6 \ x 0 f \ x 0 e ' ) ]] 
1621556927869 [log_latest_command] [[ b y t e a r r a y ( b ' \ x a a \ x f f \ x a 5 \ x 0 2 N \ x 0 f \ x 0 e ' ) ]] 
1621556937069 [log_latest_command] [[ b y t e a r r a y ( b ' \ x a a \ x f f \ x a 2 @ \ x 0 6 \ x f f @ \ x 0 6 \ x 0 0 \ x 0 3 \ x d 6 \ x 0 f \ x 0 e ' ) ]] 
1621556938984 [log_latest_command] [[ b y t e a r r a y ( b ' \ x a a \ x f f \ x a 5 \ x 0 2 N \ x 0 f \ x 0 e ' ) ]] 
1621556939703 [log_latest_command] [[ b y t e a r r a y ( b ' \ x a a \ x f f \ x a 5 \ x 0 2 N \ x 0 f \ x 0 e ' ) ]] 
1621556940190 [log_latest_command] [[ b y t e a r r a y ( b ' \ x a a \ x f f \ x a 5 \ x 0 2 N \ x 0 f \ x 0 e ' ) ]] 
1621556941265 [log_latest_command] [[ b y t e a r r a y ( b ' \ x a a \ x f f \ x a 2 \ x d 0 \ x 0 7 \ x f f \ x d 0 \ x 0 7 \ x f f \ x 0 5 \ x f 7 \ x 0 f \ x 0 e ' ) ]] 
1621556942232 [log_latest_command] [[ b y t e a r r a y ( b ' \ x a a \ x f f \ x a 5 \ x 0 2 N \ x 0 f \ x 0 e ' ) ]] 
1621556942932 [log_latest_command] [[ b y t e a r r a y ( b ' \ x a a \ x f f \ x a 2 @ \ x 0 6 \ x f f @ \ x 0 6 \ x 0 0 \ x 0 3 \ x d 6 \ x 0 f \ x 0 e ' ) ]] 
1621556944080 [log_latest_command] [[ b y t e a r r a y ( b ' \ x a a \ x f f \ x a 5 \ x 0 2 N \ x 0 f \ x 0 e ' ) ]] 
1621556945631 [log_latest_command] [[ b y t e a r r a y ( b ' \ x a a \ x f f \ x a 2 \ x d 0 \ x 0 7 \ x 0 0 \ x d 0 \ x 0 7 \ x 0 0 \ x 0 3 \ x f 9 \ x 0 f \ x 0 e ' ) ]] 
1621556946188 [log_latest_command] [[ b y t e a r r a y ( b ' \ x a a \ x f f \ x a 2 @ \ x 0 6 \ x f f @ \ x 0 6 \ x 0 0 \ x 0 3 \ x d 6 \ x 0 f \ x 0 e ' ) ]] 
1621556947849 [log_latest_command] [[ b y t e a r r a y ( b ' \ x a a \ x f f \ x a 5 \ x 0 2 N \ x 0 f \ x 0 e ' ) ]] 
1621556948308 [log_latest_command] [[ b y t e a r r a y ( b ' \ x a a \ x f f \ x a 2 \ x d 0 \ x 0 7 \ x 0 0 \ x d 0 \ x 0 7 \ x 0 0 \ x 0 3 \ x f 9 \ x 0 f \ x 0 e ' ) ]] 
1621556949383 [log_latest_command] [[ b y t e a r r a y ( b ' \ x a a \ x f f \ x a 5 \ x 0 2 N \ x 0 f \ x 0 e ' ) ]] 
1621556952260 [log_latest_command] [[ b y t e a r r a y ( b ' \ x a a \ x f f \ x a 2 @ \ x 0 6 \ x f f @ \ x 0 6 \ x 0 0 \ x 0 3 \ x d 6 \ x 0 f \ x 0 e ' ) ]] 
1621556955586 [log_latest_command] [[ b y t e a r r a y ( b ' \ x a a \ x f f \ x a 5 \ x 0 2 N \ x 0 f \ x 0 e ' ) ]] 
1621556956044 [log_latest_command] [[ b y t e a r r a y ( b ' \ x a a \ x f f \ x a 2 @ \ x 0 6 \ x 0 0 @ \ x 0 6 \ x f f \ x 0 3 \ x d 6 \ x 0 f \ x 0 e ' ) ]] 
1621556964416 [log_latest_command] [[ b y t e a r r a y ( b ' \ x a a \ x f f \ x a 2 @ \ x 0 6 \ x f f @ \ x 0 6 \ x 0 0 \ x 0 3 \ x d 6 \ x 0 f \ x 0 e ' ) ]] 
1621556965069 [log_latest_command] [[ b y t e a r r a y ( b ' \ x a a \ x f f \ x a 2 \ x d 0 \ x 0 7 \ x 0 0 \ x d 0 \ x 0 7 \ x 0 0 \ x 0 3 \ x f 9 \ x 0 f \ x 0 e ' ) ]] 
1621556965725 [log_latest_command] [[ b y t e a r r a y ( b ' \ x a a \ x f f \ x a 5 \ x 0 2 N \ x 0 f \ x 0 e ' ) ]] 
1621556966171 [log_latest_command] [[ b y t e a r r a y ( b ' \ x a a \ x f f \ x a 5 \ x 0 2 N \ x 0 f \ x 0 e ' ) ]] 
1621556971141 [log_latest_command] [[ b y t e a r r a y ( b ' \ x a a \ x f f \ x a 2 \ x d 0 \ x 0 7 \ x 0 0 \ x d 0 \ x 0 7 \ x 0 0 \ x 0 3 \ x f 9 \ x 0 f \ x 0 e ' ) ]] 
1621556973988 [log_latest_command] [[ b y t e a r r a y ( b ' \ x a a \ x f f \ x a 5 \ x 0 2 N \ x 0 f \ x 0 e ' ) ]] 
1621556975046 [log_latest_command] [[ b y t e a r r a y ( b ' \ x a a \ x f f \ x a 2 @ \ x 0 6 \ x f f @ \ x 0 6 \ x 0 0 \ x 0 3 \ x d 6 \ x 0 f \ x 0 e ' ) ]] 
1621556976731 [log_latest_command] [[ b y t e a r r a y ( b ' \ x a a \ x f f \ x a 5 \ x 0 2 N \ x 0 f \ x 0 e ' ) ]] 
1621556985223 [log_latest_command] [[ b y t e a r r a y ( b ' \ x a a \ x f f \ x a 2 @ \ x 0 6 \ x f f @ \ x 0 6 \ x 0 0 \ x 0 3 \ x d 6 \ x 0 f \ x 0 e ' ) ]] 
1621556986839 [log_latest_command] [[ b y t e a r r a y ( b ' \ x a a \ x f f \ x a 5 \ x 0 2 N \ x 0 f \ x 0 e ' ) ]] 
1621556990410 [log_latest_command] [[ b y t e a r r a y ( b ' \ x a a \ x f f \ x a 2 @ \ x 0 6 \ x f f @ \ x 0 6 \ x 0 0 \ x 0 3 \ x d 6 \ x 0 f \ x 0 e ' ) ]] 
1621556991290 [log_latest_command] [[ b y t e a r r a y ( b ' \ x a a \ x f f \ x a 5 \ x 0 2 N \ x 0 f \ x 0 e ' ) ]] 
1621556991999 [log_latest_command] [[ b y t e a r r a y ( b ' \ x a a \ x f f \ x a 5 \ x 0 2 N \ x 0 f \ x 0 e ' ) ]] 
1621556992382 [log_latest_command] [[ b y t e a r r a y ( b ' \ x a a \ x f f \ x a 2 \ x d 0 \ x 0 7 \ x 0 0 \ x d 0 \ x 0 7 \ x 0 0 \ x 0 3 \ x f 9 \ x 0 f \ x 0 e ' ) ]] 
1621556992952 [log_latest_command] [[ b y t e a r r a y ( b ' \ x a a \ x f f \ x a 5 \ x 0 2 N \ x 0 f \ x 0 e ' ) ]] 
1621556994026 [log_latest_command] [[ b y t e a r r a y ( b ' \ x a a \ x f f \ x a 2 \ x d 0 \ x 0 7 \ x 0 0 \ x d 0 \ x 0 7 \ x 0 0 \ x 0 3 \ x f 9 \ x 0 f \ x 0 e ' ) ]] 
1621556995027 [log_latest_command] [[ b y t e a r r a y ( b ' \ x a a \ x f f \ x a 5 \ x 0 2 N \ x 0 f \ x 0 e ' ) ]] 
1621556996049 [log_latest_command] [[ b y t e a r r a y ( b ' \ x a a \ x f f \ x a 5 \ x 0 2 N \ x 0 f \ x 0 e ' ) ]] 
1621556996948 [log_latest_command] [[ b y t e a r r a y ( b ' \ x a a \ x f f \ x a 2 \ x d 0 \ x 0 7 \ x 0 0 \ x d 0 \ x 0 7 \ x 0 0 \ x 0 3 \ x f 9 \ x 0 f \ x 0 e ' ) ]] 
1621556997946 [log_latest_command] [[ b y t e a r r a y ( b ' \ x a a \ x f f \ x a 5 \ x 0 2 N \ x 0 f \ x 0 e ' ) ]] 
1621556999557 [log_latest_command] [[ b y t e a r r a y ( b ' \ x a a \ x f f \ x a 2 \ x d 0 \ x 0 7 \ x f f \ x d 0 \ x 0 7 \ x f f \ x 0 5 \ x f 7 \ x 0 f \ x 0 e ' ) ]] 
1621557000342 [log_latest_command] [[ b y t e a r r a y ( b ' \ x a a \ x f f \ x a 2 @ \ x 0 6 \ x f f @ \ x 0 6 \ x 0 0 \ x 0 3 \ x d 6 \ x 0 f \ x 0 e ' ) ]] 
1621557000822 [log_latest_command] [[ b y t e a r r a y ( b ' \ x a a \ x f f \ x a 5 \ x 0 2 N \ x 0 f \ x 0 e ' ) ]] 
1621557001436 [log_latest_command] [[ b y t e a r r a y ( b ' \ x a a \ x f f \ x a 2 \ x d 0 \ x 0 7 \ x 0 0 \ x d 0 \ x 0 7 \ x 0 0 \ x 0 3 \ x f 9 \ x 0 f \ x 0 e ' ) ]] 
1621557003768 [log_latest_command] [[ b y t e a r r a y ( b ' \ x a a \ x f f \ x a 5 \ x 0 2 N \ x 0 f \ x 0 e ' ) ]] 
1621557007645 [log_latest_command] [[ b y t e a r r a y ( b ' \ x a a \ x f f \ x a 2 @ \ x 0 6 \ x f f @ \ x 0 6 \ x 0 0 \ x 0 3 \ x d 6 \ x 0 f \ x 0 e ' ) ]] 
1621557008265 [log_latest_command] [[ b y t e a r r a y ( b ' \ x a a \ x f f \ x a 5 \ x 0 2 N \ x 0 f \ x 0 e ' ) ]] 
1621557010973 [log_latest_command] [[ b y t e a r r a y ( b ' \ x a a \ x f f \ x a 2 \ x d 0 \ x 0 7 \ x 0 0 \ x d 0 \ x 0 7 \ x 0 0 \ x 0 3 \ x f 9 \ x 0 f \ x 0 e ' ) ]] 
1621557011425 [log_latest_command] [[ b y t e a r r a y ( b ' \ x a a \ x f f \ x a 5 \ x 0 2 N \ x 0 f \ x 0 e ' ) ]] 
1621557014012 [log_latest_command] [[ b y t e a r r a y ( b ' \ x a a \ x f f \ x a 2 @ \ x 0 6 \ x 0 0 @ \ x 0 6 \ x f f \ x 0 3 \ x d 6 \ x 0 f \ x 0 e ' ) ]] 
1621557015987 [log_latest_command] [[ b y t e a r r a y ( b ' \ x a a \ x f f \ x a 5 \ x 0 2 N \ x 0 f \ x 0 e ' ) ]] 
1621557016365 [log_latest_command] [[ b y t e a r r a y ( b ' \ x a a \ x f f \ x a 5 \ x 0 2 N \ x 0 f \ x 0 e ' ) ]] 
1621557016970 [log_latest_command] [[ b y t e a r r a y ( b ' \ x a a \ x f f \ x a 2 @ \ x 0 6 \ x 0 0 @ \ x 0 6 \ x f f \ x 0 3 \ x d 6 \ x 0 f \ x 0 e ' ) ]] 
1621557017383 [log_latest_command] [[ b y t e a r r a y ( b ' \ x a a \ x f f \ x a 5 \ x 0 2 N \ x 0 f \ x 0 e ' ) ]] 
1621557017907 [log_latest_command] [[ b y t e a r r a y ( b ' \ x a a \ x f f \ x a 2 \ x d 0 \ x 0 7 \ x 0 0 \ x d 0 \ x 0 7 \ x 0 0 \ x 0 3 \ x f 9 \ x 0 f \ x 0 e ' ) ]] 
1621557019336 [log_latest_command] [[ b y t e a r r a y ( b ' \ x a a \ x f f \ x a 5 \ x 0 2 N \ x 0 f \ x 0 e ' ) ]] 
1621557021534 [log_latest_command] [[ b y t e a r r a y ( b ' \ x a a \ x f f \ x a 2 \ x d 0 \ x 0 7 \ x 0 0 \ x d 0 \ x 0 7 \ x 0 0 \ x 0 3 \ x f 9 \ x 0 f \ x 0 e ' ) ]] 
1621557022187 [log_latest_command] [[ b y t e a r r a y ( b ' \ x a a \ x f f \ x a 5 \ x 0 2 N \ x 0 f \ x 0 e ' ) ]] 
1621557029767 [log_latest_command] [[ b y t e a r r a y ( b ' \ x a a \ x f f \ x a 2 @ \ x 0 6 \ x f f @ \ x 0 6 \ x 0 0 \ x 0 3 \ x d 6 \ x 0 f \ x 0 e ' ) ]] 
1621557030403 [log_latest_command] [[ b y t e a r r a y ( b ' \ x a a \ x f f \ x a 2 \ x d 0 \ x 0 7 \ x 0 0 \ x d 0 \ x 0 7 \ x 0 0 \ x 0 3 \ x f 9 \ x 0 f \ x 0 e ' ) ]] 
1621557031945 [log_latest_command] [[ b y t e a r r a y ( b ' \ x a a \ x f f \ x a 5 \ x 0 2 N \ x 0 f \ x 0 e ' ) ]] 
1621557032755 [log_latest_command] [[ b y t e a r r a y ( b ' \ x a a \ x f f \ x a 2 \ x d 0 \ x 0 7 \ x 0 0 \ x d 0 \ x 0 7 \ x 0 0 \ x 0 3 \ x f 9 \ x 0 f \ x 0 e ' ) ]] 
1621557041099 [log_latest_command] [[ b y t e a r r a y ( b ' \ x a a \ x f f \ x a 5 \ x 0 2 N \ x 0 f \ x 0 e ' ) ]] 
1621557043900 [log_latest_command] [[ b y t e a r r a y ( b ' \ x a a \ x f f \ x a 2 \ x d 0 \ x 0 7 \ x 0 0 \ x d 0 \ x 0 7 \ x 0 0 \ x 0 3 \ x f 9 \ x 0 f \ x 0 e ' ) ]] 
1621557045440 [log_latest_command] [[ b y t e a r r a y ( b ' \ x a a \ x f f \ x a 5 \ x 0 2 N \ x 0 f \ x 0 e ' ) ]] 
1621557049604 [log_latest_command] [[ b y t e a r r a y ( b ' \ x a a \ x f f \ x a 2 @ \ x 0 6 \ x f f @ \ x 0 6 \ x 0 0 \ x 0 3 \ x d 6 \ x 0 f \ x 0 e ' ) ]] 
1621557054465 [log_latest_command] [[ b y t e a r r a y ( b ' \ x a a \ x f f \ x a 5 \ x 0 2 N \ x 0 f \ x 0 e ' ) ]] 
1621557054962 [log_latest_command] [[ b y t e a r r a y ( b ' \ x a a \ x f f \ x a 2 @ \ x 0 6 \ x f f @ \ x 0 6 \ x 0 0 \ x 0 3 \ x d 6 \ x 0 f \ x 0 e ' ) ]] 
1621557057145 [log_latest_command] [[ b y t e a r r a y ( b ' \ x a a \ x f f \ x a 5 \ x 0 2 N \ x 0 f \ x 0 e ' ) ]] 
1621557057589 [log_latest_command] [[ b y t e a r r a y ( b ' \ x a a \ x f f \ x a 2 \ x d 0 \ x 0 7 \ x f f \ x d 0 \ x 0 7 \ x f f \ x 0 5 \ x f 7 \ x 0 f \ x 0 e ' ) ]] 
1621557059829 [log_latest_command] [[ b y t e a r r a y ( b ' \ x a a \ x f f \ x a 5 \ x 0 2 N \ x 0 f \ x 0 e ' ) ]] 
1621557060023 [log_latest_command] [[ b y t e a r r a y ( b ' \ x a a \ x f f \ x a 2 \ x d 0 \ x 0 7 \ x f f \ x d 0 \ x 0 7 \ x f f \ x 0 5 \ x f 7 \ x 0 f \ x 0 e ' ) ]] 
1621557061995 [log_latest_command] [[ b y t e a r r a y ( b ' \ x a a \ x f f \ x a 5 \ x 0 2 N \ x 0 f \ x 0 e ' ) ]] 
1621557062332 [log_latest_command] [[ b y t e a r r a y ( b ' \ x a a \ x f f \ x a 2 @ \ x 0 6 \ x f f @ \ x 0 6 \ x 0 0 \ x 0 3 \ x d 6 \ x 0 f \ x 0 e ' ) ]] 
1621557063706 [log_latest_command] [[ b y t e a r r a y ( b ' \ x a a \ x f f \ x a 5 \ x 0 2 N \ x 0 f \ x 0 e ' ) ]] 
1621557064041 [log_latest_command] [[ b y t e a r r a y ( b ' \ x a a \ x f f \ x a 2 \ x d 0 \ x 0 7 \ x f f \ x d 0 \ x 0 7 \ x f f \ x 0 5 \ x f 7 \ x 0 f \ x 0 e ' ) ]] 
1621557064570 [log_latest_command] [[ b y t e a r r a y ( b ' \ x a a \ x f f \ x a 5 \ x 0 2 N \ x 0 f \ x 0 e ' ) ]] 
1621557066138 [log_latest_command] [[ b y t e a r r a y ( b ' \ x a a \ x f f \ x a 2 @ \ x 0 6 \ x 0 0 @ \ x 0 6 \ x f f \ x 0 3 \ x d 6 \ x 0 f \ x 0 e ' ) ]] 
1621557067561 [log_latest_command] [[ b y t e a r r a y ( b ' \ x a a \ x f f \ x a 5 \ x 0 2 N \ x 0 f \ x 0 e ' ) ]] 
1621557067887 [log_latest_command] [[ b y t e a r r a y ( b ' \ x a a \ x f f \ x a 2 @ \ x 0 6 \ x 0 0 @ \ x 0 6 \ x f f \ x 0 3 \ x d 6 \ x 0 f \ x 0 e ' ) ]] 
1621557069790 [log_latest_command] [[ b y t e a r r a y ( b ' \ x a a \ x f f \ x a 5 \ x 0 2 N \ x 0 f \ x 0 e ' ) ]] 
1621557069969 [log_latest_command] [[ b y t e a r r a y ( b ' \ x a a \ x f f \ x a 2 @ \ x 0 6 \ x 0 0 @ \ x 0 6 \ x f f \ x 0 3 \ x d 6 \ x 0 f \ x 0 e ' ) ]] 
