1621087348566 [Opening serial port: /dev/ttyTHS1.] 
1621087348879 [The robot is connected to ] [/dev/ttyTHS1] 
1621087348880 [Initial robot's topic...] 
1621087348886 [Start initializing navigation] 
1621087348886 [Start initializing navigation topic] 
1621087348926 [Initialization navigation topic finished] 
1621087348934 [Initialization navigation finished] 
1621087349003 [Update odom] 
1621087349032 [ROBOT STATUS: Rotating[False] Running[False] Stop[True]] 
1621087349032 [delta_X:0 delta_y:0 status:True] 
1621087349070 [Update odom] 
1621087349111 [ROBOT STATUS: Rotating[False] Running[False] Stop[True]] 
1621087349111 [delta_X:0 delta_y:0 status:True] 
1621087349137 [Update odom] 
1621087349168 [ROBOT STATUS: Rotating[False] Running[False] Stop[True]] 
1621087349168 [delta_X:0 delta_y:0 status:True] 
1621087349205 [Update odom] 
1621087349235 [ROBOT STATUS: Rotating[False] Running[False] Stop[True]] 
1621087349235 [delta_X:0 delta_y:0 status:True] 
1621087349272 [Update odom] 
1621087349323 [ROBOT STATUS: Rotating[False] Running[False] Stop[True]] 
1621087349323 [delta_X:0 delta_y:0 status:True] 
1621087349338 [Update odom] 
1621087349371 [ROBOT STATUS: Rotating[False] Running[False] Stop[True]] 
1621087349371 [delta_X:0 delta_y:0 status:True] 
1621087349405 [Update odom] 
1621087349438 [ROBOT STATUS: Rotating[False] Running[False] Stop[True]] 
1621087349438 [delta_X:0 delta_y:0 status:True] 
1621087349472 [Update odom] 
1621087349504 [ROBOT STATUS: Rotating[False] Running[False] Stop[True]] 
1621087349504 [delta_X:0 delta_y:0 status:True] 
1621087349540 [Update odom] 
1621087349569 [ROBOT STATUS: Rotating[False] Running[False] Stop[True]] 
1621087349569 [delta_X:0 delta_y:0 status:True] 
1621087349606 [Update odom] 
1621087349616 [log_latest_command] [[ b y t e a r r a y ( b ' \ x a a \ x f f \ x a 0 \ x 0 2 I \ x 0 f \ x 0 e ' ) ]] 
1621087349644 [ROBOT STATUS: Rotating[False] Running[True] Stop[False]] 
1621087349644 [delta_X:0.0 delta_y:-8.74948705544e-05 status:False] 
1621087349674 [Update odom] 
1621087349703 [ROBOT STATUS: Rotating[False] Running[True] Stop[False]] 
1621087349703 [delta_X:-9.13359298204e-05 delta_y:-4.56679649102e-05 status:False] 
1621087349741 [Update odom] 
1621087349780 [ROBOT STATUS: Rotating[False] Running[True] Stop[False]] 
1621087349780 [delta_X:0.000446451750253 delta_y:-8.92903500506e-05 status:False] 
1621087349808 [Update odom] 
1621087349839 [ROBOT STATUS: Rotating[False] Running[True] Stop[False]] 
1621087349840 [delta_X:-0.000268303260695 delta_y:-0.000178868840463 status:False] 
1621087349874 [Update odom] 
1621087349897 [ROBOT STATUS: Rotating[False] Running[True] Stop[False]] 
1621087349897 [delta_X:-0.000222538210027 delta_y:-0.000178030568022 status:False] 
1621087349941 [Update odom] 
1621087349968 [ROBOT STATUS: Rotating[False] Running[True] Stop[False]] 
1621087349968 [delta_X:0.000224470180854 delta_y:-8.97880723414e-05 status:False] 
1621087350008 [Update odom] 
1621087350045 [ROBOT STATUS: Rotating[False] Running[True] Stop[False]] 
1621087350045 [delta_X:-4.48697575625e-05 delta_y:-0.000134609272688 status:False] 
1621087350075 [Update odom] 
1621087350100 [ROBOT STATUS: Rotating[False] Running[True] Stop[False]] 
1621087350100 [delta_X:0.0 delta_y:-0.000134855651259 status:False] 
1621087350142 [Update odom] 
1621087350177 [ROBOT STATUS: Rotating[False] Running[True] Stop[False]] 
1621087350177 [delta_X:0.0 delta_y:-4.47347480672e-05 status:False] 
1621087350209 [Update odom] 
1621087350239 [ROBOT STATUS: Rotating[False] Running[True] Stop[False]] 
1621087350239 [delta_X:8.99677194624e-05 delta_y:-0.000134951579194 status:False] 
1621087350277 [Update odom] 
1621087350309 [ROBOT STATUS: Rotating[False] Running[True] Stop[False]] 
1621087350309 [delta_X:0.000180740985427 delta_y:-4.51852463568e-05 status:False] 
1621087350343 [Update odom] 
1621087350356 [log_latest_command] [[ b y t e a r r a y ( b ' \ x a a \ x f f \ x a 0 \ x 0 2 I \ x 0 f \ x 0 e ' ) ]] 
1621087350378 [ROBOT STATUS: Rotating[False] Running[True] Stop[False]] 
1621087350378 [delta_X:0.0 delta_y:-8.92604051621e-05 status:False] 
1621087350411 [Update odom] 
1621087350433 [ROBOT STATUS: Rotating[False] Running[True] Stop[False]] 
1621087350433 [delta_X:-0.000180752525936 delta_y:-0.000180752525936 status:False] 
1621087350477 [Update odom] 
1621087350509 [ROBOT STATUS: Rotating[False] Running[True] Stop[False]] 
1621087350509 [delta_X:0.000267229125609 delta_y:-8.90763752028e-05 status:False] 
1621087350545 [Update odom] 
1621087350571 [ROBOT STATUS: Rotating[False] Running[True] Stop[False]] 
1621087350571 [delta_X:0.000362051456716 delta_y:0.000135769296269 status:False] 
1621087350611 [Update odom] 
1621087350638 [ROBOT STATUS: Rotating[False] Running[True] Stop[False]] 
1621087350638 [delta_X:-0.000490011082343 delta_y:-0.000267278772187 status:False] 
1621087350678 [Update odom] 
1621087350707 [ROBOT STATUS: Rotating[False] Running[True] Stop[False]] 
1621087350707 [delta_X:0.000269525265408 delta_y:-8.98417551359e-05 status:False] 
1621087350745 [Update odom] 
1621087350772 [ROBOT STATUS: Rotating[False] Running[True] Stop[False]] 
1621087350772 [delta_X:0.000268617110818 delta_y:0.0 status:False] 
1621087350815 [Update odom] 
1621087350861 [ROBOT STATUS: Rotating[False] Running[True] Stop[False]] 
1621087350861 [delta_X:-0.000240297573275 delta_y:-0.00019223805862 status:False] 
1621087350879 [Update odom] 
1621087350911 [ROBOT STATUS: Rotating[False] Running[True] Stop[False]] 
1621087350911 [delta_X:0.000125725765248 delta_y:-4.19085884161e-05 status:False] 
1621087350946 [Update odom] 
1621087350988 [ROBOT STATUS: Rotating[False] Running[True] Stop[False]] 
1621087350988 [delta_X:0.0 delta_y:-0.000135092652197 status:False] 
1621087351013 [Update odom] 
1621087351039 [ROBOT STATUS: Rotating[False] Running[True] Stop[False]] 
1621087351039 [delta_X:0.0 delta_y:-0.000134136324029 status:False] 
1621087351083 [Update odom] 
1621087351124 [ROBOT STATUS: Rotating[False] Running[True] Stop[False]] 
1621087351124 [delta_X:0.000144636085151 delta_y:-4.82120283835e-05 status:False] 
1621087351147 [Update odom] 
1621087351183 [ROBOT STATUS: Rotating[False] Running[True] Stop[False]] 
1621087351183 [delta_X:-4.16438431563e-05 delta_y:-0.000124931529469 status:False] 
1621087351214 [Update odom] 
1621087351247 [ROBOT STATUS: Rotating[False] Running[True] Stop[False]] 
1621087351247 [delta_X:9.04269178966e-05 delta_y:-9.04269178966e-05 status:False] 
1621087351281 [Update odom] 
1621087351319 [ROBOT STATUS: Rotating[False] Running[True] Stop[False]] 
1621087351319 [delta_X:0.000133550603106 delta_y:0.0 status:False] 
1621087351348 [Update odom] 
1621087351374 [ROBOT STATUS: Rotating[False] Running[True] Stop[False]] 
1621087351374 [delta_X:0.0 delta_y:-0.000180547443748 status:False] 
1621087351418 [Update odom] 
1621087351445 [ROBOT STATUS: Rotating[False] Running[True] Stop[False]] 
1621087351445 [delta_X:0.0 delta_y:-9.55381096011e-05 status:False] 
1621087351483 [Update odom] 
1621087351516 [log_latest_command] [[ b y t e a r r a y ( b ' \ x a a \ x f f \ x a 0 \ x 0 2 I \ x 0 f \ x 0 e ' ) ]] 
1621087351554 [ROBOT STATUS: Rotating[False] Running[False] Stop[True]] 
1621087351554 [delta_X:0 delta_y:0 status:True] 
1621087351556 [Update odom] 
1621087351591 [ROBOT STATUS: Rotating[False] Running[False] Stop[True]] 
1621087351591 [delta_X:0 delta_y:0 status:True] 
1621087351617 [Update odom] 
1621087351643 [ROBOT STATUS: Rotating[False] Running[False] Stop[True]] 
1621087351643 [delta_X:0 delta_y:0 status:True] 
1621087351684 [Update odom] 
1621087351709 [ROBOT STATUS: Rotating[False] Running[False] Stop[True]] 
1621087351709 [delta_X:0 delta_y:0 status:True] 
1621087351750 [Update odom] 
1621087351777 [ROBOT STATUS: Rotating[False] Running[False] Stop[True]] 
1621087351777 [delta_X:0 delta_y:0 status:True] 
1621087351817 [Update odom] 
1621087351841 [ROBOT STATUS: Rotating[False] Running[False] Stop[True]] 
1621087351842 [delta_X:0 delta_y:0 status:True] 
1621087351884 [Update odom] 
1621087351912 [ROBOT STATUS: Rotating[False] Running[False] Stop[True]] 
1621087351912 [delta_X:0 delta_y:0 status:True] 
1621087351951 [Update odom] 
1621087351973 [ROBOT STATUS: Rotating[False] Running[False] Stop[True]] 
1621087351973 [delta_X:0 delta_y:0 status:True] 
1621087352019 [Update odom] 
1621087352041 [ROBOT STATUS: Rotating[False] Running[False] Stop[True]] 
1621087352041 [delta_X:0 delta_y:0 status:True] 
1621087352089 [Update odom] 
1621087352130 [ROBOT STATUS: Rotating[False] Running[False] Stop[True]] 
1621087352130 [delta_X:0 delta_y:0 status:True] 
1621087352153 [Update odom] 
1621087352183 [ROBOT STATUS: Rotating[False] Running[False] Stop[True]] 
1621087352183 [delta_X:0 delta_y:0 status:True] 
1621087352220 [Update odom] 
1621087352251 [ROBOT STATUS: Rotating[False] Running[False] Stop[True]] 
1621087352251 [delta_X:0 delta_y:0 status:True] 
1621087352287 [Update odom] 
1621087352305 [ROBOT STATUS: Rotating[False] Running[False] Stop[True]] 
1621087352305 [delta_X:0 delta_y:0 status:True] 
1621087352354 [Update odom] 
1621087352388 [ROBOT STATUS: Rotating[False] Running[False] Stop[True]] 
1621087352388 [delta_X:0 delta_y:0 status:True] 
1621087352426 [Update odom] 
1621087352446 [ROBOT STATUS: Rotating[False] Running[False] Stop[True]] 
1621087352446 [delta_X:0 delta_y:0 status:True] 
1621087352488 [log_latest_command] [[ b y t e a r r a y ( b ' \ x a a \ x f f \ x a 0 \ x 0 2 I \ x 0 f \ x 0 e ' ) ]] 
1621087352502 [Update odom] 
1621087352523 [ROBOT STATUS: Rotating[False] Running[True] Stop[False]] 
1621087352524 [delta_X:-0.000290412906095 delta_y:-0.000232330324876 status:False] 
1621087352559 [Update odom] 
1621087352579 [ROBOT STATUS: Rotating[False] Running[True] Stop[False]] 
1621087352579 [delta_X:3.2205691965e-05 delta_y:0.0 status:False] 
1621087352621 [Update odom] 
1621087352646 [ROBOT STATUS: Rotating[False] Running[True] Stop[False]] 
1621087352646 [delta_X:0.00023302689913 delta_y:-0.000310702532173 status:False] 
1621087352688 [Update odom] 
1621087352719 [ROBOT STATUS: Rotating[False] Running[True] Stop[False]] 
1621087352719 [delta_X:0.0 delta_y:-0.000179764054179 status:False] 
1621087352755 [Update odom] 
1621087352775 [ROBOT STATUS: Rotating[False] Running[True] Stop[False]] 
1621087352775 [delta_X:-0.000269394891876 delta_y:-0.000269394891876 status:False] 
1621087352825 [Update odom] 
1621087352848 [ROBOT STATUS: Rotating[False] Running[True] Stop[False]] 
1621087352848 [delta_X:0.00024117272289 delta_y:-0.000144703633734 status:False] 
1621087352889 [Update odom] 
1621087352919 [ROBOT STATUS: Rotating[False] Running[True] Stop[False]] 
1621087352919 [delta_X:0.0 delta_y:-0.000417756481452 status:False] 
1621087352956 [Update odom] 
1621087352996 [ROBOT STATUS: Rotating[False] Running[True] Stop[False]] 
1621087352996 [delta_X:0.0 delta_y:-0.000179398550228 status:False] 
1621087353023 [Update odom] 
1621087353058 [ROBOT STATUS: Rotating[False] Running[True] Stop[False]] 
1621087353058 [delta_X:8.98097987122e-05 delta_y:-0.000314334295493 status:False] 
1621087353095 [Update odom] 
1621087353117 [ROBOT STATUS: Rotating[False] Running[True] Stop[False]] 
1621087353117 [delta_X:0.0 delta_y:-5.13242829598e-05 status:False] 
1621087353157 [Update odom] 
1621087353179 [ROBOT STATUS: Rotating[False] Running[True] Stop[False]] 
1621087353179 [delta_X:3.8798006745e-05 delta_y:-0.000116394020235 status:False] 
1621087353225 [Update odom] 
1621087353249 [ROBOT STATUS: Rotating[False] Running[True] Stop[False]] 
1621087353249 [delta_X:0.0 delta_y:-0.000182087145397 status:False] 
1621087353291 [Update odom] 
1621087353315 [ROBOT STATUS: Rotating[False] Running[True] Stop[False]] 
1621087353315 [delta_X:0.0 delta_y:4.43490441383e-05 status:False] 
1621087353367 [Update odom] 
1621087353407 [ROBOT STATUS: Rotating[False] Running[True] Stop[False]] 
1621087353407 [delta_X:0.00017103455423 delta_y:0.00034206910846 status:False] 
1621087353426 [Update odom] 
1621087353463 [ROBOT STATUS: Rotating[False] Running[True] Stop[False]] 
1621087353463 [delta_X:-6.89044811031e-05 delta_y:-0.000137808962206 status:False] 
1621087353495 [Update odom] 
1621087353516 [ROBOT STATUS: Rotating[False] Running[True] Stop[False]] 
1621087353516 [delta_X:-9.60998577524e-05 delta_y:-0.000144149786629 status:False] 
1621087353559 [Update odom] 
1621087353597 [ROBOT STATUS: Rotating[False] Running[True] Stop[False]] 
1621087353597 [delta_X:0.000125431448501 delta_y:0.0 status:False] 
1621087353628 [Update odom] 
1621087353648 [ROBOT STATUS: Rotating[False] Running[True] Stop[False]] 
1621087353648 [delta_X:9.33440776212e-05 delta_y:9.33440776212e-05 status:False] 
1621087353693 [Update odom] 
1621087353723 [ROBOT STATUS: Rotating[False] Running[True] Stop[False]] 
1621087353723 [delta_X:-8.57313597468e-05 delta_y:0.00012859703962 status:False] 
1621087353760 [Update odom] 
1621087353790 [ROBOT STATUS: Rotating[False] Running[True] Stop[False]] 
1621087353790 [delta_X:0.000224778601082 delta_y:-4.49557202165e-05 status:False] 
1621087353827 [Update odom] 
1621087353849 [ROBOT STATUS: Rotating[False] Running[True] Stop[False]] 
1621087353849 [delta_X:0.000134638018779 delta_y:0.0 status:False] 
1621087353894 [Update odom] 
1621087353913 [ROBOT STATUS: Rotating[False] Running[True] Stop[False]] 
1621087353914 [delta_X:4.47976009962e-05 delta_y:-8.95952019924e-05 status:False] 
1621087353961 [Update odom] 
1621087353982 [ROBOT STATUS: Rotating[False] Running[True] Stop[False]] 
1621087353982 [delta_X:4.4844526562e-05 delta_y:8.96890531239e-05 status:False] 
1621087354028 [Update odom] 
1621087354058 [ROBOT STATUS: Rotating[False] Running[True] Stop[False]] 
1621087354058 [delta_X:0.0 delta_y:0.0 status:False] 
1621087354095 [Update odom] 
1621087354112 [ROBOT STATUS: Rotating[False] Running[True] Stop[False]] 
1621087354112 [delta_X:-0.0 delta_y:0.000179764054179 status:False] 
1621087354162 [Update odom] 
1621087354180 [ROBOT STATUS: Rotating[False] Running[True] Stop[False]] 
1621087354181 [delta_X:8.96111590556e-05 delta_y:0.0 status:False] 
1621087354229 [Update odom] 
1621087354249 [ROBOT STATUS: Rotating[False] Running[True] Stop[False]] 
1621087354249 [delta_X:4.49221550362e-05 delta_y:-8.98443100723e-05 status:False] 
1621087354296 [Update odom] 
1621087354317 [ROBOT STATUS: Rotating[False] Running[True] Stop[False]] 
1621087354317 [delta_X:4.49477269868e-05 delta_y:0.0 status:False] 
1621087354363 [Update odom] 
1621087354382 [ROBOT STATUS: Rotating[False] Running[True] Stop[False]] 
1621087354382 [delta_X:4.47988767103e-05 delta_y:-0.000223994383552 status:False] 
1621087354430 [Update odom] 
1621087354450 [ROBOT STATUS: Rotating[False] Running[True] Stop[False]] 
1621087354450 [delta_X:0.0 delta_y:4.49838583898e-05 status:False] 
1621087354497 [Update odom] 
1621087354517 [ROBOT STATUS: Rotating[False] Running[True] Stop[False]] 
1621087354517 [delta_X:8.96967195618e-05 delta_y:0.0 status:False] 
1621087354564 [Update odom] 
1621087354588 [ROBOT STATUS: Rotating[False] Running[True] Stop[False]] 
1621087354589 [delta_X:4.51371807332e-05 delta_y:-4.51371807332e-05 status:False] 
1621087354631 [Update odom] 
1621087354654 [ROBOT STATUS: Rotating[False] Running[True] Stop[False]] 
1621087354654 [delta_X:0.0 delta_y:-0.00022391300837 status:False] 
1621087354698 [Update odom] 
1621087354718 [ROBOT STATUS: Rotating[False] Running[True] Stop[False]] 
1621087354718 [delta_X:8.9579240996e-05 delta_y:-0.000179158481992 status:False] 
1621087354765 [Update odom] 
1621087354792 [ROBOT STATUS: Rotating[False] Running[True] Stop[False]] 
1621087354792 [delta_X:0.000134541250087 delta_y:-8.96941667248e-05 status:False] 
1621087354832 [Update odom] 
1621087354860 [ROBOT STATUS: Rotating[False] Running[True] Stop[False]] 
1621087354860 [delta_X:4.51721058078e-05 delta_y:-4.51721058078e-05 status:False] 
1621087354899 [Update odom] 
1621087354922 [ROBOT STATUS: Rotating[False] Running[True] Stop[False]] 
1621087354922 [delta_X:0.000134099022797 delta_y:-0.00031289771986 status:False] 
1621087354972 [Update odom] 
1621087354992 [ROBOT STATUS: Rotating[False] Running[True] Stop[False]] 
1621087354993 [delta_X:0.000105177525559 delta_y:0.0 status:False] 
1621087355035 [Update odom] 
1621087355053 [ROBOT STATUS: Rotating[False] Running[True] Stop[False]] 
1621087355053 [delta_X:0.0 delta_y:-0.000198096953959 status:False] 
1621087355100 [Update odom] 
1621087355137 [ROBOT STATUS: Rotating[False] Running[True] Stop[False]] 
1621087355137 [delta_X:0.00012919902975 delta_y:-0.00012919902975 status:False] 
1621087355168 [Update odom] 
1621087355197 [ROBOT STATUS: Rotating[False] Running[True] Stop[False]] 
1621087355197 [delta_X:9.08390732437e-05 delta_y:0.000136258609866 status:False] 
1621087355235 [Update odom] 
1621087355253 [ROBOT STATUS: Rotating[False] Running[True] Stop[False]] 
1621087355253 [delta_X:0.0 delta_y:-0.000222498450231 status:False] 
1621087355301 [Update odom] 
1621087355322 [ROBOT STATUS: Rotating[False] Running[True] Stop[False]] 
1621087355322 [delta_X:0.0 delta_y:-4.45356409563e-05 status:False] 
1621087355368 [Update odom] 
1621087355389 [ROBOT STATUS: Rotating[False] Running[True] Stop[False]] 
1621087355389 [delta_X:0.0001349151224 delta_y:-4.49717074666e-05 status:False] 
1621087355435 [Update odom] 
1621087355453 [ROBOT STATUS: Rotating[False] Running[True] Stop[False]] 
1621087355453 [delta_X:8.97075768913e-05 delta_y:-0.000269122730674 status:False] 
1621087355502 [Update odom] 
1621087355524 [ROBOT STATUS: Rotating[False] Running[True] Stop[False]] 
1621087355524 [delta_X:0.00013522899708 delta_y:-0.000315534326519 status:False] 
1621087355569 [Update odom] 
1621087355589 [ROBOT STATUS: Rotating[False] Running[True] Stop[False]] 
1621087355589 [delta_X:4.48285632751e-05 delta_y:4.48285632751e-05 status:False] 
1621087355636 [Update odom] 
1621087355677 [ROBOT STATUS: Rotating[False] Running[True] Stop[False]] 
1621087355677 [delta_X:0.0 delta_y:0.0 status:False] 
1621087355703 [Update odom] 
1621087355723 [ROBOT STATUS: Rotating[False] Running[True] Stop[False]] 
1621087355723 [delta_X:4.47573965314e-05 delta_y:-8.95147930628e-05 status:False] 
1621087355770 [Update odom] 
1621087355804 [ROBOT STATUS: Rotating[False] Running[True] Stop[False]] 
1621087355804 [delta_X:0.0 delta_y:4.49637114746e-05 status:False] 
1621087355843 [Update odom] 
1621087355872 [ROBOT STATUS: Rotating[False] Running[True] Stop[False]] 
1621087355872 [delta_X:0.000104840994976 delta_y:-0.000157261492464 status:False] 
1621087355904 [Update odom] 
1621087355926 [ROBOT STATUS: Rotating[False] Running[True] Stop[False]] 
1621087355926 [delta_X:3.78372528283e-05 delta_y:-3.78372528283e-05 status:False] 
1621087355971 [Update odom] 
1621087356006 [ROBOT STATUS: Rotating[False] Running[True] Stop[False]] 
1621087356006 [delta_X:4.50267249903e-05 delta_y:0.000135080174971 status:False] 
1621087356039 [Update odom] 
1621087356066 [ROBOT STATUS: Rotating[False] Running[True] Stop[False]] 
1621087356066 [delta_X:4.62521034319e-05 delta_y:9.25042068638e-05 status:False] 
1621087356105 [Update odom] 
1621087356125 [ROBOT STATUS: Rotating[False] Running[True] Stop[False]] 
1621087356125 [delta_X:0.000173702805092 delta_y:-0.000173702805092 status:False] 
1621087356174 [log_latest_command] [[ b y t e a r r a y ( b ' \ x a a \ x f f \ x a 0 \ x 0 2 I \ x 0 f \ x 0 e ' ) ]] 
1621087356190 [Update odom] 
1621087356217 [ROBOT STATUS: Rotating[False] Running[False] Stop[True]] 
1621087356217 [delta_X:0 delta_y:0 status:True] 
1621087356240 [Update odom] 
1621087356278 [ROBOT STATUS: Rotating[False] Running[False] Stop[True]] 
1621087356279 [delta_X:0 delta_y:0 status:True] 
1621087356313 [Update odom] 
1621087356335 [ROBOT STATUS: Rotating[False] Running[False] Stop[True]] 
1621087356335 [delta_X:0 delta_y:0 status:True] 
1621087356375 [Update odom] 
1621087356403 [ROBOT STATUS: Rotating[False] Running[False] Stop[True]] 
1621087356403 [delta_X:0 delta_y:0 status:True] 
1621087356440 [Update odom] 
1621087356463 [ROBOT STATUS: Rotating[False] Running[False] Stop[True]] 
1621087356463 [delta_X:0 delta_y:0 status:True] 
1621087356508 [Update odom] 
1621087356535 [ROBOT STATUS: Rotating[False] Running[False] Stop[True]] 
1621087356535 [delta_X:0 delta_y:0 status:True] 
1621087356574 [Update odom] 
1621087356597 [ROBOT STATUS: Rotating[False] Running[False] Stop[True]] 
1621087356597 [delta_X:0 delta_y:0 status:True] 
1621087356642 [Update odom] 
1621087356667 [ROBOT STATUS: Rotating[False] Running[False] Stop[True]] 
1621087356667 [delta_X:0 delta_y:0 status:True] 
1621087356716 [Update odom] 
1621087356744 [ROBOT STATUS: Rotating[False] Running[False] Stop[True]] 
1621087356744 [delta_X:0 delta_y:0 status:True] 
1621087356775 [Update odom] 
1621087356808 [ROBOT STATUS: Rotating[False] Running[False] Stop[True]] 
1621087356808 [delta_X:0 delta_y:0 status:True] 
1621087356843 [Update odom] 
1621087356870 [ROBOT STATUS: Rotating[False] Running[False] Stop[True]] 
1621087356870 [delta_X:0 delta_y:0 status:True] 
1621087356909 [Update odom] 
1621087356930 [ROBOT STATUS: Rotating[False] Running[False] Stop[True]] 
1621087356931 [delta_X:0 delta_y:0 status:True] 
1621087356976 [Update odom] 
1621087356997 [ROBOT STATUS: Rotating[False] Running[False] Stop[True]] 
1621087356997 [delta_X:0 delta_y:0 status:True] 
1621087357043 [Update odom] 
1621087357065 [ROBOT STATUS: Rotating[False] Running[False] Stop[True]] 
1621087357066 [delta_X:0 delta_y:0 status:True] 
1621087357110 [Update odom] 
1621087357138 [ROBOT STATUS: Rotating[False] Running[False] Stop[True]] 
1621087357138 [delta_X:0 delta_y:0 status:True] 
1621087357177 [Update odom] 
1621087357198 [ROBOT STATUS: Rotating[False] Running[False] Stop[True]] 
1621087357198 [delta_X:0 delta_y:0 status:True] 
1621087357244 [Update odom] 
1621087357265 [ROBOT STATUS: Rotating[False] Running[False] Stop[True]] 
1621087357265 [delta_X:0 delta_y:0 status:True] 
1621087357311 [Update odom] 
1621087357343 [ROBOT STATUS: Rotating[False] Running[False] Stop[True]] 
1621087357343 [delta_X:0 delta_y:0 status:True] 
1621087357379 [Update odom] 
1621087357414 [ROBOT STATUS: Rotating[False] Running[False] Stop[True]] 
1621087357414 [delta_X:0 delta_y:0 status:True] 
1621087357445 [Update odom] 
1621087357483 [ROBOT STATUS: Rotating[False] Running[False] Stop[True]] 
1621087357483 [delta_X:0 delta_y:0 status:True] 
1621087357513 [Update odom] 
1621087357538 [ROBOT STATUS: Rotating[False] Running[False] Stop[True]] 
1621087357538 [delta_X:0 delta_y:0 status:True] 
1621087357580 [Update odom] 
1621087357607 [ROBOT STATUS: Rotating[False] Running[False] Stop[True]] 
1621087357607 [delta_X:0 delta_y:0 status:True] 
1621087357646 [Update odom] 
1621087357668 [ROBOT STATUS: Rotating[False] Running[False] Stop[True]] 
1621087357668 [delta_X:0 delta_y:0 status:True] 
1621087357713 [Update odom] 
1621087357740 [ROBOT STATUS: Rotating[False] Running[False] Stop[True]] 
1621087357740 [delta_X:0 delta_y:0 status:True] 
1621087357780 [Update odom] 
1621087357819 [ROBOT STATUS: Rotating[False] Running[False] Stop[True]] 
1621087357819 [delta_X:0 delta_y:0 status:True] 
1621087357847 [Update odom] 
1621087357871 [ROBOT STATUS: Rotating[False] Running[False] Stop[True]] 
1621087357871 [delta_X:0 delta_y:0 status:True] 
1621087357915 [Update odom] 
1621087357936 [log_latest_command] [[ b y t e a r r a y ( b ' \ x a a \ x f f \ x a 0 \ x 0 2 I \ x 0 f \ x 0 e ' ) ]] 
1621087357962 [ROBOT STATUS: Rotating[False] Running[True] Stop[False]] 
1621087357962 [delta_X:-4.54465346326e-05 delta_y:-9.08930692652e-05 status:False] 
1621087357981 [Update odom] 
1621087358006 [ROBOT STATUS: Rotating[False] Running[True] Stop[False]] 
1621087358006 [delta_X:0.0 delta_y:-8.83522967044e-05 status:False] 
1621087358048 [Update odom] 
1621087358076 [ROBOT STATUS: Rotating[False] Running[True] Stop[False]] 
1621087358076 [delta_X:0.000180493625335 delta_y:-9.02468126677e-05 status:False] 
1621087358116 [Update odom] 
1621087358147 [ROBOT STATUS: Rotating[False] Running[True] Stop[False]] 
1621087358147 [delta_X:-0.000181111707951 delta_y:-4.52779269877e-05 status:False] 
1621087358182 [Update odom] 
1621087358203 [ROBOT STATUS: Rotating[False] Running[True] Stop[False]] 
1621087358203 [delta_X:-4.43118985256e-05 delta_y:-0.000443118985256 status:False] 
1621087358249 [Update odom] 
1621087358275 [ROBOT STATUS: Rotating[False] Running[True] Stop[False]] 
1621087358275 [delta_X:0.000179463699075 delta_y:0.0 status:False] 
1621087358317 [Update odom] 
1621087358359 [ROBOT STATUS: Rotating[False] Running[True] Stop[False]] 
1621087358359 [delta_X:0.0 delta_y:-4.64264122982e-05 status:False] 
1621087358384 [Update odom] 
1621087358407 [ROBOT STATUS: Rotating[False] Running[True] Stop[False]] 
1621087358408 [delta_X:8.87882942544e-05 delta_y:-0.000177576588509 status:False] 
1621087358451 [Update odom] 
1621087358478 [ROBOT STATUS: Rotating[False] Running[True] Stop[False]] 
1621087358479 [delta_X:8.86180830162e-05 delta_y:-4.43090415081e-05 status:False] 
1621087358518 [Update odom] 
1621087358537 [ROBOT STATUS: Rotating[False] Running[True] Stop[False]] 
1621087358537 [delta_X:0.0 delta_y:-8.97075768913e-05 status:False] 
1621087358584 [Update odom] 
1621087358628 [ROBOT STATUS: Rotating[False] Running[True] Stop[False]] 
1621087358628 [delta_X:8.95205332579e-05 delta_y:-0.000134280799887 status:False] 
1621087358651 [Update odom] 
1621087358679 [ROBOT STATUS: Rotating[False] Running[True] Stop[False]] 
1621087358679 [delta_X:-0.0 delta_y:0.000223933747297 status:False] 
1621087358718 [Update odom] 
1621087358737 [ROBOT STATUS: Rotating[False] Running[True] Stop[False]] 
1621087358737 [delta_X:0.0 delta_y:4.50443248687e-05 status:False] 
1621087358786 [Update odom] 
1621087358807 [ROBOT STATUS: Rotating[False] Running[True] Stop[False]] 
1621087358807 [delta_X:0.000179650273743 delta_y:-0.000224562842179 status:False] 
1621087358852 [Update odom] 
1621087358874 [ROBOT STATUS: Rotating[False] Running[True] Stop[False]] 
1621087358875 [delta_X:8.94159246893e-05 delta_y:-0.000268247774068 status:False] 
1621087358919 [Update odom] 
1621087358947 [ROBOT STATUS: Rotating[False] Running[True] Stop[False]] 
1621087358947 [delta_X:-4.48004723825e-05 delta_y:8.96009447651e-05 status:False] 
1621087358991 [Update odom] 
1621087359020 [ROBOT STATUS: Rotating[False] Running[True] Stop[False]] 
1621087359020 [delta_X:0.000103601814106 delta_y:-0.000103601814106 status:False] 
1621087359056 [Update odom] 
1621087359080 [ROBOT STATUS: Rotating[False] Running[True] Stop[False]] 
1621087359080 [delta_X:4.19969204291e-05 delta_y:-0.000167987681716 status:False] 
1621087359120 [Update odom] 
1621087359144 [ROBOT STATUS: Rotating[False] Running[True] Stop[False]] 
1621087359144 [delta_X:-8.29501624265e-05 delta_y:-0.000165900324853 status:False] 
1621087359187 [Update odom] 
1621087359219 [ROBOT STATUS: Rotating[False] Running[True] Stop[False]] 
1621087359219 [delta_X:0.000179935433559 delta_y:0.0 status:False] 
1621087359255 [Update odom] 
1621087359296 [ROBOT STATUS: Rotating[False] Running[True] Stop[False]] 
1621087359297 [delta_X:-9.19091206997e-05 delta_y:4.59545603498e-05 status:False] 
1621087359322 [Update odom] 
1621087359343 [ROBOT STATUS: Rotating[False] Running[True] Stop[False]] 
1621087359343 [delta_X:-0.000131751836311 delta_y:0.0 status:False] 
1621087359391 [Update odom] 
1621087359417 [ROBOT STATUS: Rotating[False] Running[True] Stop[False]] 
1621087359417 [delta_X:4.85905427764e-05 delta_y:-4.85905427764e-05 status:False] 
1621087359455 [Update odom] 
1621087359474 [ROBOT STATUS: Rotating[False] Running[True] Stop[False]] 
1621087359475 [delta_X:0.000204524738953 delta_y:0.000163619791163 status:False] 
1621087359522 [Update odom] 
1621087359543 [ROBOT STATUS: Rotating[False] Running[True] Stop[False]] 
1621087359543 [delta_X:0.000224618771214 delta_y:-8.98475084857e-05 status:False] 
1621087359594 [Update odom] 
1621087359650 [ROBOT STATUS: Rotating[False] Running[True] Stop[False]] 
1621087359650 [delta_X:0.0 delta_y:-0.000203130233047 status:False] 
1621087359656 [Update odom] 
1621087359688 [ROBOT STATUS: Rotating[False] Running[True] Stop[False]] 
1621087359688 [delta_X:0.0 delta_y:-0.000393993945211 status:False] 
1621087359723 [Update odom] 
1621087359747 [ROBOT STATUS: Rotating[False] Running[True] Stop[False]] 
1621087359747 [delta_X:0.000359410484958 delta_y:4.49263106198e-05 status:False] 
1621087359794 [Update odom] 
1621087359813 [ROBOT STATUS: Rotating[False] Running[True] Stop[False]] 
1621087359813 [delta_X:-5.05192130684e-05 delta_y:-0.000454672917616 status:False] 
1621087359857 [Update odom] 
1621087359881 [ROBOT STATUS: Rotating[False] Running[True] Stop[False]] 
1621087359881 [delta_X:-0.000158226742782 delta_y:-0.000356010171259 status:False] 
1621087359924 [Update odom] 
1621087359947 [ROBOT STATUS: Rotating[False] Running[True] Stop[False]] 
1621087359947 [delta_X:0.000179683510272 delta_y:-4.4920877568e-05 status:False] 
1621087359994 [Update odom] 
1621087360019 [ROBOT STATUS: Rotating[False] Running[True] Stop[False]] 
1621087360019 [delta_X:4.79970579105e-05 delta_y:-0.000287982347463 status:False] 
1621087360058 [Update odom] 
1621087360089 [ROBOT STATUS: Rotating[False] Running[True] Stop[False]] 
1621087360089 [delta_X:-0.000209550665257 delta_y:-0.000251460798308 status:False] 
1621087360149 [log_latest_command] [[ b y t e a r r a y ( b ' \ x a a \ x f f \ x a 0 \ x 0 2 I \ x 0 f \ x 0 e ' ) ]] 
1621087360151 [Update odom] 
1621087360174 [ROBOT STATUS: Rotating[False] Running[False] Stop[True]] 
1621087360174 [delta_X:0 delta_y:0 status:True] 
1621087360192 [Update odom] 
1621087360217 [ROBOT STATUS: Rotating[False] Running[False] Stop[True]] 
1621087360218 [delta_X:0 delta_y:0 status:True] 
1621087360259 [Update odom] 
1621087360297 [ROBOT STATUS: Rotating[False] Running[False] Stop[True]] 
1621087360297 [delta_X:0 delta_y:0 status:True] 
1621087360326 [Update odom] 
1621087360353 [ROBOT STATUS: Rotating[False] Running[False] Stop[True]] 
1621087360353 [delta_X:0 delta_y:0 status:True] 
1621087360394 [Update odom] 
1621087360418 [ROBOT STATUS: Rotating[False] Running[False] Stop[True]] 
1621087360418 [delta_X:0 delta_y:0 status:True] 
1621087360460 [Update odom] 
1621087360492 [ROBOT STATUS: Rotating[False] Running[False] Stop[True]] 
1621087360492 [delta_X:0 delta_y:0 status:True] 
1621087360527 [Update odom] 
1621087360567 [ROBOT STATUS: Rotating[False] Running[False] Stop[True]] 
1621087360567 [delta_X:0 delta_y:0 status:True] 
1621087360592 [log_latest_command] [[ b y t e a r r a y ( b ' \ x a a \ x f f \ x a 0 \ x 0 2 I \ x 0 f \ x 0 e ' ) ]] 
1621087360596 [Update odom] 
1621087360631 [ROBOT STATUS: Rotating[False] Running[True] Stop[False]] 
1621087360631 [delta_X:-9.58422146371e-05 delta_y:-9.58422146371e-05 status:False] 
1621087360665 [Update odom] 
1621087360698 [ROBOT STATUS: Rotating[False] Running[True] Stop[False]] 
1621087360698 [delta_X:0.00032499398652 delta_y:-0.00051070483596 status:False] 
1621087360728 [Update odom] 
1621087360750 [ROBOT STATUS: Rotating[False] Running[True] Stop[False]] 
1621087360750 [delta_X:0.000121829897279 delta_y:-4.06099657595e-05 status:False] 
1621087360795 [Update odom] 
1621087360817 [ROBOT STATUS: Rotating[False] Running[True] Stop[False]] 
1621087360817 [delta_X:9.02442493277e-05 delta_y:-4.51221246638e-05 status:False] 
1621087360862 [Update odom] 
1621087360882 [ROBOT STATUS: Rotating[False] Running[True] Stop[False]] 
1621087360882 [delta_X:-0.000178142563825 delta_y:-0.000133606922869 status:False] 
1621087360929 [Update odom] 
1621087360954 [ROBOT STATUS: Rotating[False] Running[True] Stop[False]] 
1621087360954 [delta_X:0.000180106899961 delta_y:-0.000270160349942 status:False] 
1621087360996 [Update odom] 
1621087361025 [ROBOT STATUS: Rotating[False] Running[True] Stop[False]] 
1621087361025 [delta_X:9.01776367522e-05 delta_y:-4.50888183761e-05 status:False] 
1621087361063 [Update odom] 
1621087361089 [ROBOT STATUS: Rotating[False] Running[True] Stop[False]] 
1621087361089 [delta_X:-0.000223224284884 delta_y:-0.000267869141861 status:False] 
1621087361131 [Update odom] 
1621087361161 [ROBOT STATUS: Rotating[False] Running[True] Stop[False]] 
1621087361161 [delta_X:0.000226437769229 delta_y:9.05751076915e-05 status:False] 
1621087361197 [Update odom] 
1621087361220 [ROBOT STATUS: Rotating[False] Running[True] Stop[False]] 
1621087361220 [delta_X:4.46493177782e-05 delta_y:-8.92986355564e-05 status:False] 
1621087361268 [Update odom] 
1621087361288 [ROBOT STATUS: Rotating[False] Running[True] Stop[False]] 
1621087361289 [delta_X:-4.94039493117e-05 delta_y:9.88078986234e-05 status:False] 
1621087361331 [Update odom] 
1621087361352 [ROBOT STATUS: Rotating[False] Running[True] Stop[False]] 
1621087361352 [delta_X:0.000162419196096 delta_y:-0.000446652789263 status:False] 
1621087361399 [Update odom] 
1621087361416 [ROBOT STATUS: Rotating[False] Running[True] Stop[False]] 
1621087361416 [delta_X:4.50737717182e-05 delta_y:-4.50737717182e-05 status:False] 
1621087361465 [Update odom] 
1621087361484 [ROBOT STATUS: Rotating[False] Running[True] Stop[False]] 
1621087361484 [delta_X:4.45235493899e-05 delta_y:-8.90470987798e-05 status:False] 
1621087361532 [Update odom] 
1621087361560 [ROBOT STATUS: Rotating[False] Running[True] Stop[False]] 
1621087361560 [delta_X:8.97669863916e-05 delta_y:0.000179533972783 status:False] 
1621087361599 [Update odom] 
1621087361622 [ROBOT STATUS: Rotating[False] Running[True] Stop[False]] 
1621087361622 [delta_X:8.98602919836e-05 delta_y:-0.000224650729959 status:False] 
1621087361666 [Update odom] 
1621087361686 [ROBOT STATUS: Rotating[False] Running[True] Stop[False]] 
1621087361686 [delta_X:8.96673440424e-05 delta_y:0.000179334688085 status:False] 
1621087361733 [Update odom] 
1621087361760 [ROBOT STATUS: Rotating[False] Running[True] Stop[False]] 
1621087361760 [delta_X:0.0 delta_y:-0.00031530130086 status:False] 
1621087361800 [Update odom] 
1621087361826 [ROBOT STATUS: Rotating[False] Running[True] Stop[False]] 
1621087361826 [delta_X:4.47841970563e-05 delta_y:-0.000134352591169 status:False] 
1621087361867 [Update odom] 
1621087361891 [ROBOT STATUS: Rotating[False] Running[True] Stop[False]] 
1621087361891 [delta_X:0.000134572862163 delta_y:-0.000448576207209 status:False] 
1621087361934 [Update odom] 
1621087361959 [ROBOT STATUS: Rotating[False] Running[True] Stop[False]] 
1621087361959 [delta_X:8.99248668313e-05 delta_y:-0.000224812167078 status:False] 
1621087362002 [Update odom] 
1621087362026 [ROBOT STATUS: Rotating[False] Running[True] Stop[False]] 
1621087362026 [delta_X:4.59183636635e-05 delta_y:-0.00013775509099 status:False] 
1621087362071 [Update odom] 
1621087362094 [ROBOT STATUS: Rotating[False] Running[True] Stop[False]] 
1621087362094 [delta_X:0.000142420690342 delta_y:-0.000142420690342 status:False] 
1621087362135 [Update odom] 
1621087362168 [ROBOT STATUS: Rotating[False] Running[True] Stop[False]] 
1621087362168 [delta_X:8.32618419447e-05 delta_y:0.0 status:False] 
1621087362202 [Update odom] 
1621087362221 [ROBOT STATUS: Rotating[False] Running[True] Stop[False]] 
1621087362221 [delta_X:4.4656965003e-05 delta_y:-0.000267941790018 status:False] 
1621087362269 [Update odom] 
1621087362298 [ROBOT STATUS: Rotating[False] Running[True] Stop[False]] 
1621087362298 [delta_X:8.95071370796e-05 delta_y:0.0 status:False] 
1621087362336 [Update odom] 
1621087362370 [ROBOT STATUS: Rotating[False] Running[True] Stop[False]] 
1621087362370 [delta_X:8.99619595823e-05 delta_y:0.000134942939373 status:False] 
1621087362403 [Update odom] 
1621087362434 [ROBOT STATUS: Rotating[False] Running[True] Stop[False]] 
1621087362434 [delta_X:4.48620921389e-05 delta_y:0.000179448368556 status:False] 
1621087362472 [Update odom] 
1621087362504 [ROBOT STATUS: Rotating[False] Running[True] Stop[False]] 
1621087362504 [delta_X:9.36257446345e-05 delta_y:4.68128723172e-05 status:False] 
1621087362537 [Update odom] 
1621087362566 [ROBOT STATUS: Rotating[False] Running[True] Stop[False]] 
1621087362566 [delta_X:8.61064043995e-05 delta_y:-0.000258319213198 status:False] 
1621087362605 [Update odom] 
1621087362632 [ROBOT STATUS: Rotating[False] Running[True] Stop[False]] 
1621087362632 [delta_X:9.08172227214e-05 delta_y:0.000363268890886 status:False] 
1621087362671 [Update odom] 
1621087362690 [ROBOT STATUS: Rotating[False] Running[True] Stop[False]] 
1621087362690 [delta_X:-4.42852383859e-05 delta_y:0.000132855715158 status:False] 
1621087362738 [Update odom] 
1621087362766 [ROBOT STATUS: Rotating[False] Running[True] Stop[False]] 
1621087362766 [delta_X:4.49087338141e-05 delta_y:0.0 status:False] 
1621087362805 [Update odom] 
1621087362840 [ROBOT STATUS: Rotating[False] Running[True] Stop[False]] 
1621087362840 [delta_X:0.000135450948605 delta_y:-9.03006324036e-05 status:False] 
1621087362872 [Update odom] 
1621087362897 [ROBOT STATUS: Rotating[False] Running[True] Stop[False]] 
1621087362897 [delta_X:8.92820676018e-05 delta_y:-0.000133923101403 status:False] 
1621087362939 [Update odom] 
1621087362976 [ROBOT STATUS: Rotating[False] Running[True] Stop[False]] 
1621087362977 [delta_X:4.49717074666e-05 delta_y:-0.0001349151224 status:False] 
1621087363012 [Update odom] 
1621087363043 [ROBOT STATUS: Rotating[False] Running[True] Stop[False]] 
1621087363043 [delta_X:5.24149719129e-05 delta_y:-0.000262074859565 status:False] 
1621087363073 [Update odom] 
1621087363093 [ROBOT STATUS: Rotating[False] Running[True] Stop[False]] 
1621087363093 [delta_X:3.79626010398e-05 delta_y:7.59252020797e-05 status:False] 
1621087363142 [Update odom] 
1621087363162 [ROBOT STATUS: Rotating[False] Running[True] Stop[False]] 
1621087363163 [delta_X:0.000139742612101 delta_y:-0.000139742612101 status:False] 
1621087363208 [Update odom] 
1621087363239 [ROBOT STATUS: Rotating[False] Running[True] Stop[False]] 
1621087363239 [delta_X:4.37474352772e-05 delta_y:4.37474352772e-05 status:False] 
1621087363279 [Update odom] 
1621087363327 [ROBOT STATUS: Rotating[False] Running[True] Stop[False]] 
1621087363327 [delta_X:0.000100448890016 delta_y:0.000150673335024 status:False] 
1621087363341 [Update odom] 
1621087363371 [ROBOT STATUS: Rotating[False] Running[True] Stop[False]] 
1621087363371 [delta_X:7.87485116138e-05 delta_y:0.0 status:False] 
1621087363408 [Update odom] 
1621087363432 [ROBOT STATUS: Rotating[False] Running[True] Stop[False]] 
1621087363432 [delta_X:8.95817948741e-05 delta_y:4.4790897437e-05 status:False] 
1621087363476 [Update odom] 
1621087363503 [ROBOT STATUS: Rotating[False] Running[True] Stop[False]] 
1621087363503 [delta_X:9.08390759394e-05 delta_y:-0.000227097689849 status:False] 
1621087363542 [Update odom] 
1621087363587 [ROBOT STATUS: Rotating[False] Running[True] Stop[False]] 
1621087363588 [delta_X:8.85140032135e-05 delta_y:-0.000177028006427 status:False] 
1621087363609 [Update odom] 
1621087363640 [ROBOT STATUS: Rotating[False] Running[True] Stop[False]] 
1621087363641 [delta_X:4.50347238986e-05 delta_y:-4.50347238986e-05 status:False] 
1621087363676 [Update odom] 
1621087363698 [ROBOT STATUS: Rotating[False] Running[True] Stop[False]] 
1621087363698 [delta_X:8.98181056025e-05 delta_y:8.98181056025e-05 status:False] 
1621087363743 [Update odom] 
1621087363760 [ROBOT STATUS: Rotating[False] Running[True] Stop[False]] 
1621087363760 [delta_X:4.47411276944e-05 delta_y:-0.000178964510778 status:False] 
1621087363810 [Update odom] 
1621087363833 [ROBOT STATUS: Rotating[False] Running[True] Stop[False]] 
1621087363833 [delta_X:8.98417551359e-05 delta_y:-0.000134762632704 status:False] 
1621087363878 [Update odom] 
1621087363919 [ROBOT STATUS: Rotating[False] Running[True] Stop[False]] 
1621087363919 [delta_X:0.000138985032709 delta_y:-0.000324298409655 status:False] 
1621087363944 [Update odom] 
1621087363986 [ROBOT STATUS: Rotating[False] Running[True] Stop[False]] 
1621087363986 [delta_X:8.72868380389e-05 delta_y:-0.000261860514117 status:False] 
1621087364013 [Update odom] 
1621087364061 [ROBOT STATUS: Rotating[False] Running[True] Stop[False]] 
1621087364062 [delta_X:0.000140262497717 delta_y:-0.000374033327246 status:False] 
1621087364078 [Update odom] 
1621087364097 [ROBOT STATUS: Rotating[False] Running[True] Stop[False]] 
1621087364097 [delta_X:0.000172002616465 delta_y:-0.000516007849394 status:False] 
1621087364145 [Update odom] 
1621087364179 [ROBOT STATUS: Rotating[False] Running[True] Stop[False]] 
1621087364179 [delta_X:0.000134361208055 delta_y:0.000223935346758 status:False] 
1621087364212 [Update odom] 
1621087364240 [ROBOT STATUS: Rotating[False] Running[True] Stop[False]] 
1621087364240 [delta_X:9.00048183661e-05 delta_y:-4.50024091831e-05 status:False] 
1621087364279 [Update odom] 
1621087364300 [ROBOT STATUS: Rotating[False] Running[True] Stop[False]] 
1621087364300 [delta_X:4.48298407691e-05 delta_y:-0.000179319363076 status:False] 
1621087364346 [Update odom] 
1621087364377 [ROBOT STATUS: Rotating[False] Running[True] Stop[False]] 
1621087364377 [delta_X:9.0015694326e-05 delta_y:-0.000180031388652 status:False] 
1621087364413 [Update odom] 
1621087364433 [ROBOT STATUS: Rotating[False] Running[True] Stop[False]] 
1621087364433 [delta_X:8.95875425713e-05 delta_y:8.95875425713e-05 status:False] 
1621087364480 [Update odom] 
1621087364503 [ROBOT STATUS: Rotating[False] Running[True] Stop[False]] 
1621087364503 [delta_X:4.49381363174e-05 delta_y:4.49381363174e-05 status:False] 
1621087364548 [Update odom] 
1621087364573 [ROBOT STATUS: Rotating[False] Running[True] Stop[False]] 
1621087364573 [delta_X:9.04352532773e-05 delta_y:9.04352532773e-05 status:False] 
1621087364614 [Update odom] 
1621087364640 [ROBOT STATUS: Rotating[False] Running[True] Stop[False]] 
1621087364640 [delta_X:4.44942828528e-05 delta_y:-0.000444942828528 status:False] 
1621087364681 [Update odom] 
1621087364706 [ROBOT STATUS: Rotating[False] Running[True] Stop[False]] 
1621087364706 [delta_X:4.48576207209e-05 delta_y:-0.000134572862163 status:False] 
1621087364748 [Update odom] 
1621087364783 [ROBOT STATUS: Rotating[False] Running[True] Stop[False]] 
1621087364783 [delta_X:4.49116101002e-05 delta_y:4.49116101002e-05 status:False] 
1621087364815 [Update odom] 
1621087364840 [ROBOT STATUS: Rotating[False] Running[True] Stop[False]] 
1621087364840 [delta_X:4.48713544966e-05 delta_y:-4.48713544966e-05 status:False] 
1621087364882 [Update odom] 
1621087364920 [ROBOT STATUS: Rotating[False] Running[True] Stop[False]] 
1621087364920 [delta_X:9.01206530441e-05 delta_y:-0.000315422285654 status:False] 
1621087364949 [Update odom] 
1621087365006 [ROBOT STATUS: Rotating[False] Running[True] Stop[False]] 
1621087365006 [delta_X:4.46983986277e-05 delta_y:-0.000268190391766 status:False] 
1621087365016 [Update odom] 
1621087365046 [ROBOT STATUS: Rotating[False] Running[True] Stop[False]] 
1621087365046 [delta_X:4.48767845528e-05 delta_y:-0.000224383922764 status:False] 
1621087365083 [Update odom] 
1621087365115 [ROBOT STATUS: Rotating[False] Running[True] Stop[False]] 
1621087365115 [delta_X:0.0 delta_y:0.000269291376275 status:False] 
1621087365151 [Update odom] 
1621087365173 [ROBOT STATUS: Rotating[False] Running[True] Stop[False]] 
1621087365173 [delta_X:9.14061920905e-05 delta_y:9.14061920905e-05 status:False] 
1621087365217 [Update odom] 
1621087365249 [ROBOT STATUS: Rotating[False] Running[True] Stop[False]] 
1621087365249 [delta_X:-0.0 delta_y:0.0 status:False] 
1621087365285 [Update odom] 
1621087365306 [ROBOT STATUS: Rotating[False] Running[True] Stop[False]] 
1621087365306 [delta_X:0.000135725993465 delta_y:4.52419978216e-05 status:False] 
1621087365351 [Update odom] 
1621087365373 [ROBOT STATUS: Rotating[False] Running[True] Stop[False]] 
1621087365373 [delta_X:8.92470257899e-05 delta_y:-8.92470257899e-05 status:False] 
1621087365418 [Update odom] 
1621087365443 [ROBOT STATUS: Rotating[False] Running[True] Stop[False]] 
1621087365444 [delta_X:4.46932989318e-05 delta_y:0.000178773195727 status:False] 
1621087365485 [Update odom] 
1621087365525 [ROBOT STATUS: Rotating[False] Running[True] Stop[False]] 
1621087365525 [delta_X:9.00374509008e-05 delta_y:0.0 status:False] 
1621087365552 [Update odom] 
1621087365587 [ROBOT STATUS: Rotating[False] Running[True] Stop[False]] 
1621087365587 [delta_X:4.47695184696e-05 delta_y:-0.000179078073878 status:False] 
1621087365619 [Update odom] 
1621087365649 [ROBOT STATUS: Rotating[False] Running[True] Stop[False]] 
1621087365649 [delta_X:0.0 delta_y:-0.000180150416866 status:False] 
1621087365686 [Update odom] 
1621087365707 [ROBOT STATUS: Rotating[False] Running[True] Stop[False]] 
1621087365707 [delta_X:0.000178944096895 delta_y:-4.47360242238e-05 status:False] 
1621087365753 [Update odom] 
1621087365773 [ROBOT STATUS: Rotating[False] Running[True] Stop[False]] 
1621087365773 [delta_X:4.49394153718e-05 delta_y:-0.000134818246115 status:False] 
1621087365820 [Update odom] 
1621087365840 [ROBOT STATUS: Rotating[False] Running[True] Stop[False]] 
1621087365840 [delta_X:4.48445279013e-05 delta_y:0.0 status:False] 
1621087365887 [Update odom] 
1621087365905 [ROBOT STATUS: Rotating[False] Running[True] Stop[False]] 
1621087365905 [delta_X:0.000134513466513 delta_y:-0.000358702577368 status:False] 
1621087365954 [Update odom] 
1621087365974 [ROBOT STATUS: Rotating[False] Running[True] Stop[False]] 
1621087365974 [delta_X:0.000135112812649 delta_y:0.000135112812649 status:False] 
1621087366021 [Update odom] 
1621087366050 [ROBOT STATUS: Rotating[False] Running[True] Stop[False]] 
1621087366050 [delta_X:4.47599481707e-05 delta_y:0.0 status:False] 
1621087366088 [Update odom] 
1621087366117 [ROBOT STATUS: Rotating[False] Running[True] Stop[False]] 
1621087366117 [delta_X:0.000179764054179 delta_y:-0.000269646081269 status:False] 
1621087366155 [Update odom] 
1621087366178 [ROBOT STATUS: Rotating[False] Running[True] Stop[False]] 
1621087366178 [delta_X:4.49985707279e-05 delta_y:-0.000224992853639 status:False] 
1621087366222 [Update odom] 
1621087366246 [ROBOT STATUS: Rotating[False] Running[True] Stop[False]] 
1621087366246 [delta_X:4.47255011577e-05 delta_y:8.94510023155e-05 status:False] 
1621087366289 [Update odom] 
1621087366317 [ROBOT STATUS: Rotating[False] Running[True] Stop[False]] 
1621087366317 [delta_X:0.0 delta_y:-0.000224711463201 status:False] 
1621087366356 [Update odom] 
1621087366398 [ROBOT STATUS: Rotating[False] Running[True] Stop[False]] 
1621087366398 [delta_X:0.000270014463148 delta_y:-0.000225012052624 status:False] 
1621087366423 [Update odom] 
1621087366454 [ROBOT STATUS: Rotating[False] Running[True] Stop[False]] 
1621087366454 [delta_X:0.000134606395032 delta_y:-0.00022434399172 status:False] 
1621087366490 [Update odom] 
1621087366514 [ROBOT STATUS: Rotating[False] Running[True] Stop[False]] 
1621087366514 [delta_X:0.000134605442519 delta_y:-0.000179473923358 status:False] 
1621087366557 [Update odom] 
1621087366578 [ROBOT STATUS: Rotating[False] Running[True] Stop[False]] 
1621087366578 [delta_X:4.49448495445e-05 delta_y:-0.000179779398178 status:False] 
1621087366625 [Update odom] 
1621087366647 [ROBOT STATUS: Rotating[False] Running[True] Stop[False]] 
1621087366647 [delta_X:0.000181279877645 delta_y:0.0 status:False] 
1621087366696 [Update odom] 
1621087366717 [ROBOT STATUS: Rotating[False] Running[True] Stop[False]] 
1621087366717 [delta_X:5.07968330198e-05 delta_y:5.07968330198e-05 status:False] 
1621087366760 [Update odom] 
1621087366781 [ROBOT STATUS: Rotating[False] Running[True] Stop[False]] 
1621087366781 [delta_X:-4.07809180908e-05 delta_y:-0.000122342754273 status:False] 
1621087366825 [Update odom] 
1621087366844 [ROBOT STATUS: Rotating[False] Running[True] Stop[False]] 
1621087366845 [delta_X:0.000128766621848 delta_y:-0.000214611036413 status:False] 
1621087366892 [Update odom] 
1621087366917 [ROBOT STATUS: Rotating[False] Running[True] Stop[False]] 
1621087366917 [delta_X:8.97478187643e-05 delta_y:-4.48739093822e-05 status:False] 
1621087366959 [Update odom] 
1621087366981 [ROBOT STATUS: Rotating[False] Running[True] Stop[False]] 
1621087366981 [delta_X:-8.97427089931e-05 delta_y:-0.000179485417986 status:False] 
1621087367027 [Update odom] 
1621087367046 [ROBOT STATUS: Rotating[False] Running[True] Stop[False]] 
1621087367046 [delta_X:0.000180655093887 delta_y:-0.000270982640831 status:False] 
1621087367093 [Update odom] 
1621087367114 [ROBOT STATUS: Rotating[False] Running[True] Stop[False]] 
1621087367114 [delta_X:0.000178302982884 delta_y:0.000178302982884 status:False] 
1621087367160 [Update odom] 
1621087367187 [ROBOT STATUS: Rotating[False] Running[True] Stop[False]] 
1621087367187 [delta_X:-4.49381376582e-05 delta_y:0.000179752550633 status:False] 
1621087367227 [Update odom] 
1621087367246 [ROBOT STATUS: Rotating[False] Running[True] Stop[False]] 
1621087367246 [delta_X:8.96462722741e-05 delta_y:-0.000224115680685 status:False] 
1621087367294 [Update odom] 
1621087367324 [ROBOT STATUS: Rotating[False] Running[True] Stop[False]] 
1621087367324 [delta_X:4.49541204409e-05 delta_y:0.000179816481764 status:False] 
1621087367361 [Update odom] 
1621087367402 [ROBOT STATUS: Rotating[False] Running[True] Stop[False]] 
1621087367402 [delta_X:0.000134317170882 delta_y:-0.000179089561176 status:False] 
1621087367428 [Update odom] 
1621087367461 [ROBOT STATUS: Rotating[False] Running[True] Stop[False]] 
1621087367461 [delta_X:0.000134942943398 delta_y:8.9961962265e-05 status:False] 
1621087367495 [Update odom] 
1621087367525 [ROBOT STATUS: Rotating[False] Running[True] Stop[False]] 
1621087367525 [delta_X:0.0 delta_y:-0.000135044658898 status:False] 
1621087367563 [Update odom] 
1621087367588 [ROBOT STATUS: Rotating[False] Running[True] Stop[False]] 
1621087367588 [delta_X:4.51890927655e-05 delta_y:-0.000135567278296 status:False] 
1621087367630 [Update odom] 
1621087367657 [ROBOT STATUS: Rotating[False] Running[True] Stop[False]] 
1621087367657 [delta_X:9.18205733167e-05 delta_y:-4.59102866584e-05 status:False] 
1621087367701 [Update odom] 
1621087367726 [ROBOT STATUS: Rotating[False] Running[True] Stop[False]] 
1621087367726 [delta_X:0.0 delta_y:-0.000497857600895 status:False] 
1621087367763 [Update odom] 
1621087367792 [ROBOT STATUS: Rotating[False] Running[True] Stop[False]] 
1621087367792 [delta_X:0.000156029537821 delta_y:0.0 status:False] 
1621087367830 [Update odom] 
1621087367856 [ROBOT STATUS: Rotating[False] Running[True] Stop[False]] 
1621087367857 [delta_X:0.0 delta_y:-4.48365459025e-05 status:False] 
1621087367897 [Update odom] 
1621087367922 [ROBOT STATUS: Rotating[False] Running[True] Stop[False]] 
1621087367922 [delta_X:4.49288670694e-05 delta_y:8.98577341388e-05 status:False] 
1621087367965 [Update odom] 
1621087367987 [ROBOT STATUS: Rotating[False] Running[True] Stop[False]] 
1621087367987 [delta_X:0.000272168332893 delta_y:4.53613888155e-05 status:False] 
1621087368031 [Update odom] 
1621087368054 [ROBOT STATUS: Rotating[False] Running[True] Stop[False]] 
1621087368054 [delta_X:0.000221699179245 delta_y:-0.000310378850942 status:False] 
1621087368098 [Update odom] 
1621087368125 [ROBOT STATUS: Rotating[False] Running[True] Stop[False]] 
1621087368125 [delta_X:-4.49272691123e-05 delta_y:-0.000224636345561 status:False] 
1621087368165 [Update odom] 
1621087368187 [ROBOT STATUS: Rotating[False] Running[True] Stop[False]] 
1621087368187 [delta_X:0.000223975234726 delta_y:-0.000358360375562 status:False] 
1621087368232 [Update odom] 
1621087368254 [ROBOT STATUS: Rotating[False] Running[True] Stop[False]] 
1621087368254 [delta_X:8.99753924349e-05 delta_y:4.49876962175e-05 status:False] 
1621087368299 [Update odom] 
1621087368321 [ROBOT STATUS: Rotating[False] Running[True] Stop[False]] 
1621087368321 [delta_X:4.48566629716e-05 delta_y:-0.000224283314858 status:False] 
1621087368366 [Update odom] 
1621087368386 [ROBOT STATUS: Rotating[False] Running[True] Stop[False]] 
1621087368386 [delta_X:4.50965044875e-05 delta_y:-9.01930089751e-05 status:False] 
1621087368433 [Update odom] 
1621087368454 [ROBOT STATUS: Rotating[False] Running[True] Stop[False]] 
1621087368454 [delta_X:4.46560080617e-05 delta_y:-0.000133968024185 status:False] 
1621087368501 [Update odom] 
1621087368529 [ROBOT STATUS: Rotating[False] Running[True] Stop[False]] 
1621087368529 [delta_X:9.12650514705e-05 delta_y:0.000182530102941 status:False] 
1621087368569 [Update odom] 
1621087368591 [ROBOT STATUS: Rotating[False] Running[True] Stop[False]] 
1621087368591 [delta_X:4.70376039229e-05 delta_y:0.000141112811769 status:False] 
1621087368638 [Update odom] 
1621087368669 [ROBOT STATUS: Rotating[False] Running[True] Stop[False]] 
1621087368670 [delta_X:0.0 delta_y:-0.000187208425503 status:False] 
