1622257744552 [Opening serial port: /dev/ttyTHS1.] 
1622257744859 [The robot is connected to ] [/dev/ttyTHS1] 
1622257744859 [Initial robot's topic...] 
1622257744865 [Start initializing navigation] 
1622257744865 [Start initializing navigation topic] 
1622257744904 [Initialization navigation topic finished] 
1622257744909 [Initialization navigation finished] 
1622257745010 [Update odom] 
1622257745026 [vx:0.0 vy:0.0 yaw:0.0] 
1622257745111 [Update odom] 
1622257745124 [vx:0.0 vy:0.0 yaw:0.0] 
1622257745210 [Update odom] 
1622257745220 [vx:0.0 vy:0.0 yaw:0.0] 
1622257745310 [Update odom] 
1622257745320 [vx:0.0 vy:0.0 yaw:0.0] 
1622257745410 [Update odom] 
1622257745420 [vx:0.0 vy:0.0 yaw:0.0] 
1622257745510 [Update odom] 
1622257745520 [vx:0.0 vy:0.0 yaw:0.0] 
1622257745611 [Update odom] 
1622257745624 [vx:0.0 vy:0.0 yaw:0.0] 
1622257745710 [Update odom] 
1622257745720 [vx:0.0 vy:0.0 yaw:0.0] 
1622257745810 [Update odom] 
1622257745820 [vx:0.0 vy:0.0 yaw:0.0] 
1622257745910 [Update odom] 
1622257745920 [vx:0.0 vy:0.0 yaw:0.0] 
1622257746010 [Update odom] 
1622257746020 [vx:0.0 vy:0.0 yaw:0.0] 
1622257746110 [Update odom] 
1622257746120 [vx:0.0 vy:0.0 yaw:0.0] 
1622257746210 [Update odom] 
1622257746220 [vx:0.0 vy:0.0 yaw:0.0] 
1622257746310 [Update odom] 
1622257746320 [vx:0.0 vy:0.0 yaw:0.0] 
1622257746410 [Update odom] 
1622257746420 [vx:0.0 vy:0.0 yaw:0.0] 
1622257746510 [Update odom] 
1622257746520 [vx:0.0 vy:0.0 yaw:0.0] 
1622257746610 [Update odom] 
1622257746620 [vx:0.0 vy:0.0 yaw:0.0] 
1622257746710 [Update odom] 
1622257746720 [vx:0.0 vy:0.0 yaw:0.0] 
1622257746810 [Update odom] 
1622257746820 [vx:0.0 vy:0.0 yaw:0.0] 
1622257746910 [Update odom] 
1622257746920 [vx:0.0 vy:0.0 yaw:0.0] 
1622257747010 [Update odom] 
1622257747020 [vx:0.0 vy:0.0 yaw:0.0] 
1622257747110 [Update odom] 
1622257747120 [vx:0.0 vy:0.0 yaw:0.0] 
1622257747210 [Update odom] 
1622257747220 [vx:0.0 vy:0.0 yaw:0.0] 
1622257747310 [Update odom] 
1622257747320 [vx:0.0 vy:0.0 yaw:0.0] 
1622257747410 [Update odom] 
1622257747424 [vx:0.0 vy:0.0 yaw:0.0] 
1622257747510 [Update odom] 
1622257747520 [vx:0.0 vy:0.0 yaw:0.0] 
1622257747610 [Update odom] 
1622257747620 [vx:0.0 vy:0.0 yaw:0.0] 
1622257747710 [Update odom] 
1622257747720 [vx:0.0 vy:0.0 yaw:0.0] 
1622257747810 [Update odom] 
1622257747820 [vx:0.0 vy:0.0 yaw:0.0] 
1622257747910 [Update odom] 
1622257747920 [vx:0.0 vy:0.0 yaw:0.0] 
1622257748010 [Update odom] 
1622257748020 [vx:0.0 vy:0.0 yaw:0.0] 
1622257748110 [Update odom] 
1622257748120 [vx:0.0 vy:0.0 yaw:0.0] 
1622257748210 [Update odom] 
1622257748220 [vx:0.0 vy:0.0 yaw:0.0] 
1622257748311 [Update odom] 
1622257748324 [vx:0.0 vy:0.0 yaw:0.0] 
1622257748410 [Update odom] 
1622257748420 [vx:0.0 vy:0.0 yaw:0.0] 
1622257748510 [Update odom] 
1622257748524 [vx:0.0 vy:0.0 yaw:0.0] 
1622257748610 [Update odom] 
1622257748620 [vx:0.0 vy:0.0 yaw:0.0] 
1622257748710 [Update odom] 
1622257748720 [vx:0.0 vy:0.0 yaw:0.0] 
1622257748810 [Update odom] 
1622257748820 [vx:0.0 vy:0.0 yaw:0.0] 
1622257748910 [Update odom] 
1622257748920 [vx:0.0 vy:0.0 yaw:0.0] 
1622257749010 [Update odom] 
1622257749020 [vx:0.0 vy:0.0 yaw:0.0] 
1622257749110 [Update odom] 
1622257749120 [vx:0.0 vy:0.0 yaw:0.0] 
1622257749210 [Update odom] 
1622257749220 [vx:0.0 vy:0.0 yaw:0.0] 
1622257749310 [Update odom] 
1622257749320 [vx:0.0 vy:0.0 yaw:0.0] 
1622257749410 [Update odom] 
1622257749420 [vx:0.0 vy:0.0 yaw:0.0] 
1622257749510 [Update odom] 
1622257749520 [vx:0.0 vy:0.0 yaw:0.0] 
1622257749610 [Update odom] 
1622257749620 [vx:0.0 vy:0.0 yaw:0.0] 
1622257749703 [log_latest_command] [[ b y t e a r r a y ( b ' \ x a a \ x f f \ x a 0 \ x 0 2 I \ x 0 f \ x 0 e ' ) ]] 
1622257749710 [Update odom] 
1622257749724 [vx:0.0 vy:0.0 yaw:0.0] 
1622257749811 [Update odom] 
1622257749820 [vx:0.0 vy:0.0 yaw:0.0] 
1622257749910 [Update odom] 
1622257749920 [vx:0.0 vy:0.0 yaw:0.0] 
1622257750010 [Update odom] 
1622257750020 [vx:0.0 vy:0.0 yaw:0.0] 
1622257750110 [Update odom] 
1622257750121 [vx:0.0 vy:0.0 yaw:0.0] 
1622257750210 [Update odom] 
1622257750220 [vx:0.0 vy:0.0 yaw:0.0] 
1622257750310 [Update odom] 
1622257750321 [vx:0.0 vy:0.0 yaw:0.0] 
1622257750410 [Update odom] 
1622257750423 [vx:0.0 vy:0.0 yaw:0.0] 
1622257750510 [Update odom] 
1622257750520 [vx:0.0 vy:0.0 yaw:0.0] 
1622257750610 [Update odom] 
1622257750620 [vx:0.0 vy:0.0 yaw:0.0] 
1622257750710 [Update odom] 
1622257750724 [vx:0.0 vy:0.0 yaw:0.0] 
1622257750810 [Update odom] 
1622257750820 [vx:0.0 vy:0.0 yaw:0.0] 
1622257750910 [Update odom] 
1622257750925 [vx:0.0 vy:0.0 yaw:0.0] 
1622257751010 [Update odom] 
1622257751021 [vx:0.0 vy:0.0 yaw:0.0] 
1622257751110 [Update odom] 
1622257751120 [vx:0.0 vy:0.0 yaw:0.0] 
1622257751210 [Update odom] 
1622257751235 [log_latest_command] [[ b y t e a r r a y ( b ' \ x a a \ x f f \ x a 0 \ x 0 2 I \ x 0 f \ x 0 e ' ) ]] 
1622257751258 [vx:0.0 vy:0.0 yaw:0.0] 
1622257751310 [Update odom] 
1622257751320 [vx:-0.0605 vy:-0.0 yaw:0.0] 
1622257751410 [Update odom] 
1622257751420 [vx:-0.124 vy:-0.0 yaw:0.0] 
1622257751510 [Update odom] 
1622257751521 [vx:-0.13825 vy:-0.0 yaw:0.0] 
1622257751611 [Update odom] 
1622257751624 [vx:-0.13875 vy:-0.0 yaw:0.0] 
1622257751683 [log_latest_command] [[ b y t e a r r a y ( b ' \ x a a \ x f f \ x a 0 \ x 0 2 I \ x 0 f \ x 0 e ' ) ]] 
1622257751710 [Update odom] 
1622257751721 [vx:-0.1085 vy:-0.0 yaw:0.0] 
1622257751810 [Update odom] 
1622257751820 [vx:-0.1075 vy:-0.0 yaw:0.0] 
1622257751910 [Update odom] 
1622257751920 [vx:-0.1085 vy:-0.0 yaw:0.0] 
1622257752010 [Update odom] 
1622257752020 [vx:-0.11575 vy:-0.0 yaw:0.0] 
1622257752110 [Update odom] 
1622257752120 [vx:-0.10875 vy:-0.0 yaw:0.0] 
1622257752210 [Update odom] 
1622257752220 [vx:-0.1075 vy:-0.0 yaw:0.0] 
1622257752310 [Update odom] 
1622257752320 [vx:-0.115 vy:-0.0 yaw:0.0] 
1622257752410 [Update odom] 
1622257752418 [vx:-0.1015 vy:-0.0 yaw:0.0] 
1622257752510 [Update odom] 
1622257752520 [vx:-0.1075 vy:-0.0 yaw:0.0] 
1622257752610 [Update odom] 
1622257752620 [vx:-0.10775 vy:-0.0 yaw:0.0] 
1622257752710 [Update odom] 
1622257752720 [vx:-0.116 vy:-0.0 yaw:0.0] 
1622257752810 [Update odom] 
1622257752820 [vx:-0.10775 vy:-0.0 yaw:0.0] 
1622257752910 [Update odom] 
1622257752921 [vx:-0.0995 vy:-0.0 yaw:0.0] 
1622257753011 [Update odom] 
1622257753021 [vx:-0.10075 vy:-0.0 yaw:0.0] 
1622257753111 [Update odom] 
1622257753124 [vx:-0.09225 vy:-0.0 yaw:0.0] 
1622257753210 [Update odom] 
1622257753220 [vx:-0.12275 vy:-0.0 yaw:0.0] 
1622257753310 [Update odom] 
1622257753320 [vx:-0.085 vy:-0.0 yaw:0.0] 
1622257753410 [Update odom] 
1622257753420 [vx:-0.10825 vy:-0.0 yaw:0.0] 
1622257753510 [Update odom] 
1622257753528 [vx:-0.1235 vy:-0.0 yaw:0.0] 
1622257753610 [Update odom] 
1622257753620 [vx:-0.116 vy:-0.0 yaw:0.0] 
1622257753712 [Update odom] 
1622257753724 [vx:-0.131 vy:-0.0 yaw:0.0] 
1622257753816 [Update odom] 
1622257753829 [vx:-0.132 vy:-0.0 yaw:0.0] 
1622257753910 [Update odom] 
1622257753920 [vx:-0.10975 vy:-0.0 yaw:0.0] 
1622257754010 [Update odom] 
1622257754020 [vx:-0.086 vy:-0.0 yaw:0.0] 
1622257754110 [Update odom] 
1622257754121 [vx:-0.0925 vy:-0.0 yaw:0.0] 
1622257754211 [Update odom] 
1622257754220 [vx:-0.1015 vy:-0.0 yaw:0.0] 
1622257754310 [Update odom] 
1622257754320 [vx:-0.1015 vy:-0.0 yaw:0.0] 
1622257754410 [Update odom] 
1622257754420 [vx:-0.133 vy:-0.0 yaw:0.0] 
1622257754510 [Update odom] 
1622257754520 [vx:-0.12275 vy:-0.0 yaw:0.0] 
1622257754610 [Update odom] 
1622257754620 [vx:-0.124 vy:-0.0 yaw:0.0] 
1622257754679 [log_latest_command] [[ b y t e a r r a y ( b ' \ x a a \ x f f \ x a 0 \ x 0 2 I \ x 0 f \ x 0 e ' ) ]] 
1622257754710 [Update odom] 
1622257754721 [vx:-0.1165 vy:-0.0 yaw:0.0] 
1622257754811 [Update odom] 
1622257754820 [vx:-0.091 vy:-0.0 yaw:0.0] 
1622257754910 [Update odom] 
1622257754920 [vx:-0.1075 vy:-0.0 yaw:0.0] 
1622257755010 [Update odom] 
1622257755020 [vx:-0.10825 vy:-0.0 yaw:0.0] 
1622257755110 [Update odom] 
1622257755120 [vx:-0.11675 vy:-0.0 yaw:0.0] 
1622257755211 [Update odom] 
1622257755220 [vx:-0.124 vy:-0.0 yaw:0.0] 
1622257755339 [log_latest_command] [[ b y t e a r r a y ( b ' \ x a a \ x f f \ x a 0 \ x 0 2 I \ x 0 f \ x 0 e ' ) ]] 
1622257755341 [Update odom] 
1622257755364 [vx:-0.124 vy:-0.0 yaw:0.0] 
1622257755410 [Update odom] 
1622257755424 [vx:-0.03025 vy:-0.0 yaw:0.0] 
1622257755510 [Update odom] 
1622257755520 [vx:-0.007 vy:-0.0 yaw:0.0] 
1622257755610 [Update odom] 
1622257755620 [vx:0.0 vy:0.0 yaw:0.0] 
1622257755710 [Update odom] 
1622257755720 [vx:0.0 vy:0.0 yaw:0.0] 
1622257755810 [Update odom] 
1622257755821 [vx:0.0 vy:0.0 yaw:0.0] 
1622257755910 [Update odom] 
1622257755920 [vx:0.0 vy:0.0 yaw:0.0] 
1622257756010 [Update odom] 
1622257756020 [vx:0.0 vy:0.0 yaw:0.0] 
1622257756075 [log_latest_command] [[ b y t e a r r a y ( b ' \ x a a \ x f f \ x a 0 \ x 0 2 I \ x 0 f \ x 0 e ' ) ]] 
1622257756110 [Update odom] 
1622257756121 [vx:-0.13225 vy:-0.0 yaw:0.0] 
1622257756210 [Update odom] 
1622257756221 [vx:-0.186 vy:-0.0 yaw:0.0] 
1622257756310 [Update odom] 
1622257756320 [vx:-0.22475 vy:-0.0 yaw:0.0] 
1622257756410 [Update odom] 
1622257756424 [vx:-0.20925 vy:-0.0 yaw:0.0] 
1622257756510 [Update odom] 
1622257756520 [vx:-0.2085 vy:-0.0 yaw:0.0] 
1622257756610 [Update odom] 
1622257756620 [vx:-0.19275 vy:-0.0 yaw:0.0] 
1622257756710 [Update odom] 
1622257756720 [vx:-0.20925 vy:-0.0 yaw:0.0] 
1622257756810 [Update odom] 
1622257756824 [vx:-0.20825 vy:-0.0 yaw:0.0] 
1622257756910 [Update odom] 
1622257756920 [vx:-0.2085 vy:-0.0 yaw:0.0] 
1622257757010 [Update odom] 
1622257757020 [vx:-0.18525 vy:-0.0 yaw:0.0] 
1622257757110 [Update odom] 
1622257757120 [vx:-0.20825 vy:-0.0 yaw:0.0] 
1622257757210 [Update odom] 
1622257757220 [vx:-0.19375 vy:-0.0 yaw:0.0] 
1622257757310 [Update odom] 
1622257757321 [vx:-0.17725 vy:-0.0 yaw:0.0] 
1622257757410 [Update odom] 
1622257757424 [vx:-0.19275 vy:-0.0 yaw:0.0] 
1622257757510 [Update odom] 
1622257757524 [vx:-0.2165 vy:-0.0 yaw:0.0] 
1622257757610 [Update odom] 
1622257757620 [vx:-0.186 vy:-0.0 yaw:0.0] 
1622257757710 [Update odom] 
1622257757724 [vx:-0.201 vy:-0.0 yaw:0.0] 
1622257757810 [Update odom] 
1622257757820 [vx:-0.1855 vy:-0.0 yaw:0.0] 
1622257757911 [Update odom] 
1622257757921 [vx:-0.1855 vy:-0.0 yaw:0.0] 
1622257758010 [Update odom] 
1622257758020 [vx:-0.20325 vy:-0.0 yaw:0.0] 
1622257758110 [Update odom] 
1622257758124 [vx:-0.178 vy:-0.0 yaw:0.0] 
1622257758210 [Update odom] 
1622257758220 [vx:-0.201 vy:-0.0 yaw:0.0] 
1622257758310 [Update odom] 
1622257758320 [vx:-0.17725 vy:-0.0 yaw:0.0] 
1622257758410 [Update odom] 
1622257758420 [vx:-0.1855 vy:-0.0 yaw:0.0] 
1622257758510 [Update odom] 
1622257758529 [vx:-0.1845 vy:-0.0 yaw:0.0] 
1622257758610 [Update odom] 
1622257758620 [vx:-0.20075 vy:-0.0 yaw:0.0] 
1622257758710 [Update odom] 
1622257758720 [vx:-0.2 vy:-0.0 yaw:0.0] 
1622257758810 [Update odom] 
1622257758820 [vx:-0.19275 vy:-0.0 yaw:0.0] 
1622257758910 [Update odom] 
1622257758920 [vx:-0.2075 vy:-0.0 yaw:0.0] 
1622257759010 [Update odom] 
1622257759020 [vx:-0.20125 vy:-0.0 yaw:0.0] 
1622257759110 [Update odom] 
1622257759122 [vx:-0.2085 vy:-0.0 yaw:0.0] 
1622257759210 [Update odom] 
1622257759220 [vx:-0.20075 vy:-0.0 yaw:0.0] 
1622257759310 [Update odom] 
1622257759320 [vx:-0.201 vy:-0.0 yaw:0.0] 
1622257759410 [Update odom] 
1622257759420 [vx:-0.1845 vy:-0.0 yaw:0.0] 
1622257759510 [Update odom] 
1622257759520 [vx:-0.202 vy:-0.0 yaw:0.0] 
1622257759610 [Update odom] 
1622257759620 [vx:-0.17725 vy:-0.0 yaw:0.0] 
1622257759710 [Update odom] 
1622257759720 [vx:-0.1935 vy:-0.0 yaw:0.0] 
1622257759810 [Update odom] 
1622257759820 [vx:-0.20025 vy:-0.0 yaw:0.0] 
1622257759910 [Update odom] 
1622257759920 [vx:-0.19925 vy:-0.0 yaw:0.0] 
1622257760010 [Update odom] 
1622257760021 [vx:-0.21725 vy:-0.0 yaw:0.0] 
1622257760110 [Update odom] 
1622257760120 [vx:-0.19375 vy:-0.0 yaw:0.0] 
1622257760210 [Update odom] 
1622257760220 [vx:-0.201 vy:-0.0 yaw:0.0] 
1622257760310 [Update odom] 
1622257760321 [vx:-0.1925 vy:-0.0 yaw:0.0] 
1622257760410 [Update odom] 
1622257760420 [vx:-0.20925 vy:-0.0 yaw:0.0] 
1622257760510 [Update odom] 
1622257760520 [vx:-0.20925 vy:-0.0 yaw:0.0] 
1622257760610 [Update odom] 
1622257760620 [vx:-0.19275 vy:-0.0 yaw:0.0] 
1622257760651 [log_latest_command] [[ b y t e a r r a y ( b ' \ x a a \ x f f \ x a 0 \ x 0 2 I \ x 0 f \ x 0 e ' ) ]] 
1622257760710 [Update odom] 
1622257760721 [vx:-0.15475 vy:-0.0 yaw:0.0] 
1622257760810 [Update odom] 
1622257760820 [vx:-0.13125 vy:-0.0 yaw:0.0] 
1622257760910 [Update odom] 
1622257760924 [vx:-0.11575 vy:-0.0 yaw:0.0] 
1622257761010 [Update odom] 
1622257761025 [vx:-0.1155 vy:-0.0 yaw:0.0] 
1622257761110 [Update odom] 
1622257761120 [vx:-0.12375 vy:-0.0 yaw:0.0] 
1622257761210 [Update odom] 
1622257761220 [vx:-0.138 vy:-0.0 yaw:0.0] 
1622257761310 [Update odom] 
1622257761324 [vx:-0.1225 vy:-0.0 yaw:0.0] 
1622257761410 [Update odom] 
1622257761420 [vx:-0.123 vy:-0.0 yaw:0.0] 
1622257761510 [Update odom] 
1622257761520 [vx:-0.11425 vy:-0.0 yaw:0.0] 
1622257761610 [Update odom] 
1622257761620 [vx:-0.1245 vy:-0.0 yaw:0.0] 
1622257761710 [Update odom] 
1622257761725 [vx:-0.12975 vy:-0.0 yaw:0.0] 
1622257761810 [Update odom] 
1622257761820 [vx:-0.1465 vy:-0.0 yaw:0.0] 
1622257761910 [Update odom] 
1622257761920 [vx:-0.1315 vy:-0.0 yaw:0.0] 
1622257762010 [Update odom] 
1622257762020 [vx:-0.1245 vy:-0.0 yaw:0.0] 
1622257762110 [Update odom] 
1622257762120 [vx:-0.1065 vy:-0.0 yaw:0.0] 
1622257762210 [Update odom] 
1622257762220 [vx:-0.1225 vy:-0.0 yaw:0.0] 
1622257762310 [Update odom] 
1622257762321 [vx:-0.12375 vy:-0.0 yaw:0.0] 
1622257762410 [Update odom] 
1622257762420 [vx:-0.11325 vy:-0.0 yaw:0.0] 
1622257762510 [Update odom] 
1622257762520 [vx:-0.123 vy:-0.0 yaw:0.0] 
1622257762610 [Update odom] 
1622257762620 [vx:-0.114 vy:-0.0 yaw:0.0] 
1622257762635 [log_latest_command] [[ b y t e a r r a y ( b ' \ x a a \ x f f \ x a 0 \ x 0 2 I \ x 0 f \ x 0 e ' ) ]] 
1622257762710 [Update odom] 
1622257762720 [vx:-0.185 vy:-0.0 yaw:0.0] 
1622257762810 [Update odom] 
1622257762820 [vx:-0.18425 vy:-0.0 yaw:0.0] 
1622257762910 [Update odom] 
1622257762921 [vx:-0.15375 vy:-0.0 yaw:0.0] 
1622257763020 [Update odom] 
1622257763033 [vx:-0.11625 vy:-0.0 yaw:0.0] 
1622257763131 [log_latest_command] [[ b y t e a r r a y ( b ' \ x a a \ x f f \ x a 0 \ x 0 2 I \ x 0 f \ x 0 e ' ) ]] 
1622257763144 [Update odom] 
1622257763169 [vx:-0.11625 vy:-0.0 yaw:0.0] 
1622257763210 [Update odom] 
1622257763220 [vx:-0.01625 vy:-0.0 yaw:0.0] 
1622257763310 [Update odom] 
1622257763320 [vx:-0.015 vy:-0.0 yaw:0.0] 
1622257763410 [Update odom] 
1622257763420 [vx:0.0 vy:0.0 yaw:0.0] 
1622257763510 [Update odom] 
1622257763521 [vx:-0.008 vy:-0.0 yaw:0.0] 
1622257763610 [Update odom] 
1622257763621 [vx:-0.008 vy:-0.0 yaw:0.0] 
1622257763710 [Update odom] 
1622257763724 [vx:-0.01625 vy:-0.0 yaw:0.0] 
1622257763810 [Update odom] 
1622257763824 [vx:0.0 vy:0.0 yaw:0.0] 
1622257763910 [Update odom] 
1622257763920 [vx:0.0 vy:0.0 yaw:0.0] 
1622257764010 [Update odom] 
1622257764020 [vx:-0.007 vy:-0.0 yaw:0.0] 
1622257764110 [Update odom] 
1622257764120 [vx:0.0 vy:0.0 yaw:0.0] 
1622257764210 [Update odom] 
1622257764220 [vx:0.0 vy:0.0 yaw:0.0] 
1622257764310 [Update odom] 
1622257764320 [vx:0.0 vy:0.0 yaw:0.0] 
1622257764410 [Update odom] 
1622257764420 [vx:0.0 vy:0.0 yaw:0.0] 
1622257764510 [Update odom] 
1622257764520 [vx:0.0 vy:0.0 yaw:0.0] 
1622257764610 [Update odom] 
1622257764621 [vx:0.0 vy:0.0 yaw:0.0] 
1622257764710 [Update odom] 
1622257764720 [vx:-0.01525 vy:-0.0 yaw:0.0] 
1622257764810 [Update odom] 
1622257764820 [vx:-0.007 vy:-0.0 yaw:0.0] 
1622257764910 [Update odom] 
1622257764920 [vx:-0.01625 vy:-0.0 yaw:0.0] 
1622257765010 [Update odom] 
1622257765020 [vx:-0.01625 vy:-0.0 yaw:0.0] 
1622257765110 [Update odom] 
1622257765120 [vx:0.0 vy:0.0 yaw:0.0] 
1622257765210 [Update odom] 
1622257765220 [vx:-0.007 vy:-0.0 yaw:0.0] 
1622257765311 [Update odom] 
1622257765328 [vx:0.0 vy:0.0 yaw:0.0] 
1622257765371 [log_latest_command] [[ b y t e a r r a y ( b ' \ x a a \ x f f \ x a 0 \ x 0 2 I \ x 0 f \ x 0 e ' ) ]] 
1622257765410 [Update odom] 
1622257765422 [vx:-0.13875 vy:-0.0 yaw:0.0] 
1622257765510 [Update odom] 
1622257765520 [vx:-0.20025 vy:-0.0 yaw:0.0] 
1622257765610 [Update odom] 
1622257765620 [vx:-0.225 vy:-0.0 yaw:0.0] 
1622257765710 [Update odom] 
1622257765720 [vx:-0.21625 vy:-0.0 yaw:0.0] 
1622257765810 [Update odom] 
1622257765820 [vx:-0.202 vy:-0.0 yaw:0.0] 
1622257765910 [Update odom] 
1622257765920 [vx:-0.178 vy:-0.0 yaw:0.0] 
1622257766010 [Update odom] 
1622257766020 [vx:-0.169 vy:-0.0 yaw:0.0] 
1622257766099 [log_latest_command] [[ b y t e a r r a y ( b ' \ x a a \ x f f \ x a 0 \ x 0 2 I \ x 0 f \ x 0 e ' ) ]] 
1622257766112 [Update odom] 
1622257766124 [vx:-0.1545 vy:-0.0 yaw:0.0] 
1622257766210 [Update odom] 
1622257766221 [vx:-0.132 vy:-0.0 yaw:0.0] 
1622257766310 [Update odom] 
1622257766320 [vx:-0.1155 vy:-0.0 yaw:0.0] 
1622257766410 [Update odom] 
1622257766420 [vx:-0.1245 vy:-0.0 yaw:0.0] 
1622257766510 [Update odom] 
1622257766520 [vx:-0.1065 vy:-0.0 yaw:0.0] 
1622257766610 [Update odom] 
1622257766620 [vx:-0.1005 vy:-0.0 yaw:0.0] 
1622257766710 [Update odom] 
1622257766720 [vx:-0.12525 vy:-0.0 yaw:0.0] 
1622257766810 [Update odom] 
1622257766820 [vx:-0.138 vy:-0.0 yaw:0.0] 
1622257766910 [Update odom] 
1622257766920 [vx:-0.12975 vy:-0.0 yaw:0.0] 
1622257766975 [log_latest_command] [[ b y t e a r r a y ( b ' \ x a a \ x f f \ x a 0 \ x 0 2 I \ x 0 f \ x 0 e ' ) ]] 
1622257767010 [Update odom] 
1622257767020 [vx:-0.13075 vy:-0.0 yaw:0.0] 
1622257767110 [Update odom] 
1622257767120 [vx:-0.114 vy:-0.0 yaw:0.0] 
1622257767210 [Update odom] 
1622257767220 [vx:-0.10675 vy:-0.0 yaw:0.0] 
1622257767310 [Update odom] 
1622257767320 [vx:-0.13225 vy:-0.0 yaw:0.0] 
1622257767410 [Update odom] 
1622257767420 [vx:-0.11475 vy:-0.0 yaw:0.0] 
1622257767510 [Update odom] 
1622257767520 [vx:-0.14625 vy:-0.0 yaw:0.0] 
1622257767619 [Update odom] 
1622257767628 [vx:-0.124 vy:-0.0 yaw:0.0] 
1622257767710 [Update odom] 
1622257767720 [vx:-0.12975 vy:-0.0 yaw:0.0] 
1622257767810 [Update odom] 
1622257767820 [vx:-0.137 vy:-0.0 yaw:0.0] 
1622257767910 [Update odom] 
1622257767920 [vx:-0.0995 vy:-0.0 yaw:0.0] 
1622257767959 [log_latest_command] [[ b y t e a r r a y ( b ' \ x a a \ x f f \ x a 0 \ x 0 2 I \ x 0 f \ x 0 e ' ) ]] 
1622257768010 [Update odom] 
1622257768020 [vx:-0.17775 vy:-0.0 yaw:0.0] 
1622257768110 [Update odom] 
1622257768120 [vx:-0.19375 vy:-0.0 yaw:0.0] 
1622257768210 [Update odom] 
1622257768220 [vx:-0.21725 vy:-0.0 yaw:0.0] 
1622257768310 [Update odom] 
1622257768320 [vx:-0.19375 vy:-0.0 yaw:0.0] 
1622257768410 [Update odom] 
1622257768420 [vx:-0.22475 vy:-0.0 yaw:0.0] 
1622257768510 [Update odom] 
1622257768521 [vx:-0.2165 vy:-0.0 yaw:0.0] 
1622257768610 [Update odom] 
1622257768620 [vx:-0.1855 vy:-0.0 yaw:0.0] 
1622257768710 [Update odom] 
1622257768720 [vx:-0.217 vy:-0.0 yaw:0.0] 
1622257768807 [log_latest_command] [[ b y t e a r r a y ( b ' \ x a a \ x f f \ x a 0 \ x 0 2 I \ x 0 f \ x 0 e ' ) ]] 
1622257768820 [Update odom] 
1622257768826 [vx:-0.15375 vy:-0.0 yaw:0.0] 
1622257768910 [Update odom] 
1622257768920 [vx:-0.13225 vy:-0.0 yaw:0.0] 
1622257769010 [Update odom] 
1622257769020 [vx:-0.1075 vy:-0.0 yaw:0.0] 
1622257769110 [Update odom] 
1622257769120 [vx:-0.11575 vy:-0.0 yaw:0.0] 
1622257769210 [Update odom] 
1622257769220 [vx:-0.11575 vy:-0.0 yaw:0.0] 
1622257769310 [Update odom] 
1622257769320 [vx:-0.11575 vy:-0.0 yaw:0.0] 
1622257769411 [Update odom] 
1622257769420 [vx:-0.124 vy:-0.0 yaw:0.0] 
1622257769510 [Update odom] 
1622257769520 [vx:-0.1305 vy:-0.0 yaw:0.0] 
1622257769610 [Update odom] 
1622257769620 [vx:-0.13875 vy:-0.0 yaw:0.0] 
1622257769710 [Update odom] 
1622257769720 [vx:-0.12325 vy:-0.0 yaw:0.0] 
1622257769810 [Update odom] 
1622257769821 [vx:-0.12325 vy:-0.0 yaw:0.0] 
1622257769910 [Update odom] 
1622257769920 [vx:-0.11575 vy:-0.0 yaw:0.0] 
1622257770010 [Update odom] 
1622257770020 [vx:-0.124 vy:-0.0 yaw:0.0] 
1622257770110 [Update odom] 
1622257770120 [vx:-0.1315 vy:-0.0 yaw:0.0] 
1622257770210 [Update odom] 
1622257770220 [vx:-0.10125 vy:-0.0 yaw:0.0] 
1622257770310 [Update odom] 
1622257770321 [vx:-0.11775 vy:-0.0 yaw:0.0] 
1622257770410 [Update odom] 
1622257770420 [vx:-0.11675 vy:-0.0 yaw:0.0] 
1622257770510 [Update odom] 
1622257770520 [vx:-0.1415 vy:-0.0 yaw:0.0] 
1622257770610 [Update odom] 
1622257770620 [vx:-0.09225 vy:-0.0 yaw:0.0] 
1622257770710 [Update odom] 
1622257770720 [vx:-0.117 vy:-0.0 yaw:0.0] 
1622257770810 [Update odom] 
1622257770820 [vx:-0.11725 vy:-0.0 yaw:0.0] 
1622257770910 [Update odom] 
1622257770924 [vx:-0.09325 vy:-0.0 yaw:0.0] 
1622257771010 [Update odom] 
1622257771020 [vx:-0.1235 vy:-0.0 yaw:0.0] 
1622257771110 [Update odom] 
1622257771120 [vx:-0.11725 vy:-0.0 yaw:0.0] 
1622257771210 [Update odom] 
1622257771220 [vx:-0.11625 vy:-0.0 yaw:0.0] 
1622257771310 [Update odom] 
1622257771320 [vx:-0.1325 vy:-0.0 yaw:0.0] 
1622257771410 [Update odom] 
1622257771420 [vx:-0.1005 vy:-0.0 yaw:0.0] 
1622257771510 [Update odom] 
1622257771520 [vx:-0.1245 vy:-0.0 yaw:0.0] 
1622257771610 [Update odom] 
1622257771620 [vx:-0.1005 vy:-0.0 yaw:0.0] 
1622257771710 [Update odom] 
1622257771720 [vx:-0.13125 vy:-0.0 yaw:0.0] 
1622257771807 [log_latest_command] [[ b y t e a r r a y ( b ' \ x a a \ x f f \ x a 0 \ x 0 2 I \ x 0 f \ x 0 e ' ) ]] 
1622257771819 [Update odom] 
1622257771833 [vx:-0.139 vy:-0.0 yaw:0.0] 
1622257771910 [Update odom] 
1622257771920 [vx:-0.20175 vy:-0.0 yaw:0.0] 
1622257772010 [Update odom] 
1622257772020 [vx:-0.20125 vy:-0.0 yaw:0.0] 
1622257772110 [Update odom] 
1622257772122 [vx:-0.193 vy:-0.0 yaw:0.0] 
1622257772210 [Update odom] 
1622257772220 [vx:-0.20025 vy:-0.0 yaw:0.0] 
1622257772310 [Update odom] 
1622257772320 [vx:-0.233 vy:-0.0 yaw:0.0] 
1622257772410 [Update odom] 
1622257772420 [vx:-0.1925 vy:-0.0 yaw:0.0] 
1622257772510 [Update odom] 
1622257772520 [vx:-0.225 vy:-0.0 yaw:0.0] 
1622257772610 [Update odom] 
1622257772620 [vx:-0.19275 vy:-0.0 yaw:0.0] 
1622257772710 [Update odom] 
1622257772720 [vx:-0.2085 vy:-0.0 yaw:0.0] 
1622257772810 [Update odom] 
1622257772820 [vx:-0.20925 vy:-0.0 yaw:0.0] 
1622257772910 [Update odom] 
1622257772920 [vx:-0.20175 vy:-0.0 yaw:0.0] 
1622257773010 [Update odom] 
1622257773020 [vx:-0.1935 vy:-0.0 yaw:0.0] 
1622257773110 [Update odom] 
1622257773120 [vx:-0.192 vy:-0.0 yaw:0.0] 
1622257773210 [Update odom] 
1622257773220 [vx:-0.2085 vy:-0.0 yaw:0.0] 
1622257773311 [Update odom] 
1622257773320 [vx:-0.18675 vy:-0.0 yaw:0.0] 
1622257773347 [log_latest_command] [[ b y t e a r r a y ( b ' \ x a a \ x f f \ x a 0 \ x 0 2 I \ x 0 f \ x 0 e ' ) ]] 
1622257773410 [Update odom] 
1622257773420 [vx:-0.1235 vy:-0.0 yaw:0.0] 
1622257773510 [Update odom] 
1622257773520 [vx:-0.12475 vy:-0.0 yaw:0.0] 
1622257773610 [Update odom] 
1622257773620 [vx:-0.10025 vy:-0.0 yaw:0.0] 
1622257773710 [Update odom] 
1622257773720 [vx:-0.12375 vy:-0.0 yaw:0.0] 
1622257773810 [Update odom] 
1622257773820 [vx:-0.1145 vy:-0.0 yaw:0.0] 
1622257773883 [log_latest_command] [[ b y t e a r r a y ( b ' \ x a a \ x f f \ x a 0 \ x 0 2 I \ x 0 f \ x 0 e ' ) ]] 
1622257773910 [Update odom] 
1622257773920 [vx:-0.11725 vy:-0.0 yaw:0.0] 
1622257774010 [Update odom] 
1622257774020 [vx:-0.1075 vy:-0.0 yaw:0.0] 
1622257774110 [Update odom] 
1622257774120 [vx:-0.109 vy:-0.0 yaw:0.0] 
1622257774210 [Update odom] 
1622257774220 [vx:-0.124 vy:-0.0 yaw:0.0] 
1622257774310 [Update odom] 
1622257774320 [vx:-0.1075 vy:-0.0 yaw:0.0] 
1622257774410 [Update odom] 
1622257774420 [vx:-0.11575 vy:-0.0 yaw:0.0] 
1622257774510 [Update odom] 
1622257774520 [vx:-0.13125 vy:-0.0 yaw:0.0] 
1622257774610 [Update odom] 
1622257774620 [vx:-0.1075 vy:-0.0 yaw:0.0] 
1622257774710 [Update odom] 
1622257774720 [vx:-0.11575 vy:-0.0 yaw:0.0] 
1622257774810 [Update odom] 
1622257774820 [vx:-0.13225 vy:-0.0 yaw:0.0] 
1622257774910 [Update odom] 
1622257774920 [vx:-0.123 vy:-0.0 yaw:0.0] 
1622257775010 [Update odom] 
1622257775020 [vx:-0.11575 vy:-0.0 yaw:0.0] 
1622257775110 [Update odom] 
1622257775120 [vx:-0.13825 vy:-0.0 yaw:0.0] 
1622257775210 [Update odom] 
1622257775220 [vx:-0.13725 vy:-0.0 yaw:0.0] 
1622257775310 [Update odom] 
1622257775320 [vx:-0.15375 vy:-0.0 yaw:0.0] 
1622257775410 [Update odom] 
1622257775420 [vx:-0.12375 vy:-0.0 yaw:0.0] 
1622257775510 [Update odom] 
1622257775520 [vx:-0.1225 vy:-0.0 yaw:0.0] 
1622257775610 [Update odom] 
1622257775620 [vx:-0.12375 vy:-0.0 yaw:0.0] 
1622257775710 [Update odom] 
1622257775720 [vx:-0.12375 vy:-0.0 yaw:0.0] 
1622257775810 [Update odom] 
1622257775820 [vx:-0.1155 vy:-0.0 yaw:0.0] 
1622257775910 [Update odom] 
1622257775920 [vx:-0.12975 vy:-0.0 yaw:0.0] 
1622257776047 [log_latest_command] [[ b y t e a r r a y ( b ' \ x a a \ x f f \ x a 0 \ x 0 2 I \ x 0 f \ x 0 e ' ) ]] 
1622257776049 [Update odom] 
1622257776074 [vx:-0.12975 vy:-0.0 yaw:0.0] 
1622257776110 [Update odom] 
1622257776120 [vx:-0.031 vy:-0.0 yaw:0.0] 
1622257776210 [Update odom] 
1622257776220 [vx:0.0 vy:0.0 yaw:0.0] 
1622257776310 [Update odom] 
1622257776320 [vx:-0.008 vy:-0.0 yaw:0.0] 
1622257776411 [Update odom] 
1622257776420 [vx:0.0 vy:0.0 yaw:0.0] 
1622257776510 [Update odom] 
1622257776520 [vx:0.0 vy:0.0 yaw:0.0] 
1622257776610 [Update odom] 
1622257776620 [vx:0.0 vy:0.0 yaw:0.0] 
1622257776710 [Update odom] 
1622257776720 [vx:0.0 vy:0.0 yaw:0.0] 
1622257776810 [Update odom] 
1622257776820 [vx:0.0 vy:0.0 yaw:0.0] 
1622257776911 [Update odom] 
1622257776920 [vx:0.0 vy:0.0 yaw:0.0] 
1622257777011 [Update odom] 
1622257777020 [vx:-0.007 vy:-0.0 yaw:0.0] 
1622257777063 [log_latest_command] [[ b y t e a r r a y ( b ' \ x a a \ x f f \ x a 0 \ x 0 2 I \ x 0 f \ x 0 e ' ) ]] 
1622257777110 [Update odom] 
1622257777120 [vx:0.06075 vy:0.0 yaw:0.0] 
1622257777211 [Update odom] 
1622257777220 [vx:0.0835 vy:0.0 yaw:0.0] 
1622257777310 [Update odom] 
1622257777320 [vx:0.124 vy:0.0 yaw:0.0] 
1622257777410 [Update odom] 
1622257777420 [vx:0.13875 vy:0.0 yaw:0.0] 
1622257777510 [Update odom] 
1622257777520 [vx:0.1465 vy:0.0 yaw:0.0] 
1622257777591 [log_latest_command] [[ b y t e a r r a y ( b ' \ x a a \ x f f \ x a 0 \ x 0 2 I \ x 0 f \ x 0 e ' ) ]] 
1622257777610 [Update odom] 
1622257777621 [vx:0.1155 vy:0.0 yaw:0.0] 
1622257777710 [Update odom] 
1622257777720 [vx:0.07 vy:0.0 yaw:0.0] 
1622257777810 [Update odom] 
1622257777820 [vx:0.07 vy:0.0 yaw:0.0] 
1622257777910 [Update odom] 
1622257777920 [vx:0.053 vy:0.0 yaw:0.0] 
1622257778010 [Update odom] 
1622257778020 [vx:0.0615 vy:0.0 yaw:0.0] 
1622257778114 [Update odom] 
1622257778124 [vx:0.0835 vy:0.0 yaw:0.0] 
1622257778210 [Update odom] 
1622257778221 [vx:0.069 vy:0.0 yaw:0.0] 
1622257778310 [Update odom] 
1622257778320 [vx:0.1165 vy:0.0 yaw:0.0] 
1622257778411 [Update odom] 
1622257778420 [vx:0.08425 vy:0.0 yaw:0.0] 
1622257778443 [log_latest_command] [[ b y t e a r r a y ( b ' \ x a a \ x f f \ x a 0 \ x 0 2 I \ x 0 f \ x 0 e ' ) ]] 
1622257778510 [Update odom] 
1622257778520 [vx:0.0765 vy:0.0 yaw:0.0] 
1622257778610 [Update odom] 
1622257778620 [vx:0.10125 vy:0.0 yaw:0.0] 
1622257778711 [Update odom] 
1622257778720 [vx:0.1085 vy:0.0 yaw:0.0] 
1622257778810 [Update odom] 
1622257778820 [vx:0.12325 vy:0.0 yaw:0.0] 
1622257778910 [Update odom] 
1622257778920 [vx:0.11675 vy:0.0 yaw:0.0] 
1622257779010 [Update odom] 
1622257779021 [vx:0.12325 vy:0.0 yaw:0.0] 
1622257779110 [Update odom] 
1622257779120 [vx:0.10775 vy:0.0 yaw:0.0] 
1622257779210 [Update odom] 
1622257779221 [vx:0.11675 vy:0.0 yaw:0.0] 
1622257779310 [Update odom] 
1622257779320 [vx:0.117 vy:0.0 yaw:0.0] 
1622257779410 [Update odom] 
1622257779420 [vx:0.107 vy:0.0 yaw:0.0] 
1622257779510 [Update odom] 
1622257779520 [vx:0.12425 vy:0.0 yaw:0.0] 
1622257779610 [Update odom] 
1622257779620 [vx:0.1015 vy:0.0 yaw:0.0] 
1622257779710 [Update odom] 
1622257779720 [vx:0.0995 vy:0.0 yaw:0.0] 
1622257779810 [Update odom] 
1622257779820 [vx:0.12325 vy:0.0 yaw:0.0] 
1622257779907 [log_latest_command] [[ b y t e a r r a y ( b ' \ x a a \ x f f \ x a 0 \ x 0 2 I \ x 0 f \ x 0 e ' ) ]] 
1622257779919 [Update odom] 
1622257779945 [vx:0.12325 vy:0.0 yaw:0.0] 
1622257780010 [Update odom] 
1622257780020 [vx:0.0 vy:0.0 yaw:0.0] 
1622257780110 [Update odom] 
1622257780120 [vx:0.0 vy:0.0 yaw:0.0] 
1622257780210 [Update odom] 
1622257780220 [vx:0.0 vy:0.0 yaw:0.0] 
1622257780310 [Update odom] 
1622257780320 [vx:0.0 vy:0.0 yaw:0.0] 
1622257780410 [Update odom] 
1622257780421 [vx:0.0 vy:0.0 yaw:0.0] 
1622257780510 [Update odom] 
1622257780521 [vx:0.0 vy:0.0 yaw:0.0] 
1622257780619 [log_latest_command] [[ b y t e a r r a y ( b ' \ x a a \ x f f \ x a 0 \ x 0 2 I \ x 0 f \ x 0 e ' ) ]] 
1622257780620 [Update odom] 
1622257780639 [vx:-0.0385 vy:-0.0 yaw:0.0] 
1622257780710 [Update odom] 
1622257780720 [vx:-0.101 vy:-0.0 yaw:0.0] 
1622257780810 [Update odom] 
1622257780820 [vx:-0.1 vy:-0.0 yaw:0.0] 
1622257780910 [Update odom] 
1622257780920 [vx:-0.124 vy:-0.0 yaw:0.0] 
1622257781010 [Update odom] 
1622257781020 [vx:-0.13125 vy:-0.0 yaw:0.0] 
1622257781110 [Update odom] 
1622257781121 [vx:-0.13875 vy:-0.0 yaw:0.0] 
1622257781210 [Update odom] 
1622257781220 [vx:-0.13975 vy:-0.0 yaw:0.0] 
1622257781310 [Update odom] 
1622257781320 [vx:-0.147 vy:-0.0 yaw:0.0] 
1622257781410 [Update odom] 
1622257781420 [vx:-0.1465 vy:-0.0 yaw:0.0] 
1622257781510 [Update odom] 
1622257781520 [vx:-0.1615 vy:-0.0 yaw:0.0] 
1622257781610 [Update odom] 
1622257781620 [vx:-0.178 vy:-0.0 yaw:0.0] 
1622257781710 [Update odom] 
1622257781720 [vx:-0.17025 vy:-0.0 yaw:0.0] 
1622257781810 [Update odom] 
1622257781820 [vx:-0.16975 vy:-0.0 yaw:0.0] 
1622257781910 [Update odom] 
1622257781920 [vx:-0.1705 vy:-0.0 yaw:0.0] 
1622257782010 [Update odom] 
1622257782020 [vx:-0.19275 vy:-0.0 yaw:0.0] 
1622257782110 [Update odom] 
1622257782120 [vx:-0.20825 vy:-0.0 yaw:0.0] 
1622257782210 [Update odom] 
1622257782220 [vx:-0.1855 vy:-0.0 yaw:0.0] 
1622257782319 [log_latest_command] [[ b y t e a r r a y ( b ' \ x a a \ x f f \ x a 0 \ x 0 2 I \ x 0 f \ x 0 e ' ) ]] 
1622257782344 [Update odom] 
1622257782360 [vx:-0.1855 vy:-0.0 yaw:0.0] 
1622257782410 [Update odom] 
1622257782420 [vx:0.001 vy:0.0 yaw:0.0] 
1622257782510 [Update odom] 
1622257782520 [vx:-0.008 vy:-0.0 yaw:0.0] 
1622257782610 [Update odom] 
1622257782620 [vx:0.0 vy:0.0 yaw:0.0] 
1622257782710 [Update odom] 
1622257782720 [vx:0.0 vy:0.0 yaw:0.0] 
1622257782810 [Update odom] 
1622257782820 [vx:0.0 vy:0.0 yaw:0.0] 
1622257782910 [Update odom] 
1622257782921 [vx:-0.007 vy:-0.0 yaw:0.0] 
1622257783010 [Update odom] 
1622257783020 [vx:0.0 vy:0.0 yaw:0.0] 
1622257783110 [Update odom] 
1622257783120 [vx:0.0 vy:0.0 yaw:0.0] 
1622257783210 [Update odom] 
1622257783220 [vx:0.0 vy:0.0 yaw:0.0] 
1622257783310 [Update odom] 
1622257783320 [vx:0.0 vy:0.0 yaw:0.0] 
1622257783410 [Update odom] 
1622257783420 [vx:0.0 vy:0.0 yaw:0.0] 
1622257783471 [log_latest_command] [[ b y t e a r r a y ( b ' \ x a a \ x f f \ x a 0 \ x 0 2 I \ x 0 f \ x 0 e ' ) ]] 
1622257783510 [Update odom] 
1622257783521 [vx:-0.06875 vy:-0.0 yaw:0.0] 
1622257783610 [Update odom] 
1622257783624 [vx:-0.05325 vy:-0.0 yaw:0.0] 
1622257783710 [Update odom] 
1622257783720 [vx:-0.0985 vy:-0.0 yaw:0.0] 
1622257783810 [Update odom] 
1622257783820 [vx:-0.09025 vy:-0.0 yaw:0.0] 
1622257783867 [log_latest_command] [[ b y t e a r r a y ( b ' \ x a a \ x f f \ x a 0 \ x 0 2 I \ x 0 f \ x 0 e ' ) ]] 
1622257783910 [Update odom] 
1622257783920 [vx:0.0 vy:0.0 yaw:0.0] 
1622257784010 [Update odom] 
1622257784020 [vx:0.0 vy:0.0 yaw:0.0] 
1622257784110 [Update odom] 
1622257784120 [vx:0.0 vy:0.0 yaw:0.0] 
1622257784191 [log_latest_command] [[ b y t e a r r a y ( b ' \ x a a \ x f f \ x a 0 \ x 0 2 I \ x 0 f \ x 0 e ' ) ]] 
1622257784211 [Update odom] 
1622257784224 [vx:-0.06325 vy:-0.0 yaw:0.0] 
1622257784310 [Update odom] 
1622257784320 [vx:-0.0855 vy:-0.0 yaw:0.0] 
1622257784410 [Update odom] 
1622257784420 [vx:-0.10825 vy:-0.0 yaw:0.0] 
1622257784510 [Update odom] 
1622257784520 [vx:-0.124 vy:-0.0 yaw:0.0] 
1622257784610 [Update odom] 
1622257784620 [vx:-0.1315 vy:-0.0 yaw:0.0] 
1622257784711 [Update odom] 
1622257784721 [vx:-0.1075 vy:-0.0 yaw:0.0] 
1622257784810 [Update odom] 
1622257784821 [vx:-0.1075 vy:-0.0 yaw:0.0] 
1622257784910 [Update odom] 
1622257784920 [vx:-0.124 vy:-0.0 yaw:0.0] 
1622257785010 [Update odom] 
1622257785020 [vx:-0.1315 vy:-0.0 yaw:0.0] 
1622257785111 [Update odom] 
1622257785124 [vx:-0.124 vy:-0.0 yaw:0.0] 
1622257785210 [Update odom] 
1622257785225 [vx:-0.13975 vy:-0.0 yaw:0.0] 
1622257785275 [log_latest_command] [[ b y t e a r r a y ( b ' \ x a a \ x f f \ x a 0 \ x 0 2 I \ x 0 f \ x 0 e ' ) ]] 
1622257785315 [Update odom] 
1622257785325 [vx:-0.0615 vy:-0.0 yaw:0.0] 
1622257785410 [Update odom] 
1622257785420 [vx:-0.008 vy:-0.0 yaw:0.0] 
1622257785510 [Update odom] 
1622257785520 [vx:-0.008 vy:-0.0 yaw:0.0] 
1622257785610 [Update odom] 
1622257785620 [vx:0.0 vy:0.0 yaw:0.0] 
1622257785711 [Update odom] 
1622257785720 [vx:0.008 vy:0.0 yaw:0.0] 
1622257785743 [log_latest_command] [[ b y t e a r r a y ( b ' \ x a a \ x f f \ x a 0 \ x 0 2 I \ x 0 f \ x 0 e ' ) ]] 
1622257785811 [Update odom] 
1622257785825 [vx:-0.07675 vy:-0.0 yaw:0.0] 
1622257785910 [Update odom] 
1622257785920 [vx:-0.107 vy:-0.0 yaw:0.0] 
1622257786010 [Update odom] 
1622257786020 [vx:-0.10125 vy:-0.0 yaw:0.0] 
1622257786110 [Update odom] 
1622257786121 [vx:-0.1175 vy:-0.0 yaw:0.0] 
1622257786210 [Update odom] 
1622257786220 [vx:-0.1325 vy:-0.0 yaw:0.0] 
1622257786310 [Update odom] 
1622257786320 [vx:-0.1085 vy:-0.0 yaw:0.0] 
1622257786410 [Update odom] 
1622257786420 [vx:-0.1095 vy:-0.0 yaw:0.0] 
1622257786510 [Update odom] 
1622257786520 [vx:-0.093 vy:-0.0 yaw:0.0] 
1622257786610 [Update odom] 
1622257786620 [vx:-0.12425 vy:-0.0 yaw:0.0] 
1622257786710 [Update odom] 
1622257786720 [vx:-0.1255 vy:-0.0 yaw:0.0] 
1622257786824 [log_latest_command] [[ b y t e a r r a y ( b ' \ x a a \ x f f \ x a 0 \ x 0 2 I \ x 0 f \ x 0 e ' ) ]] 
1622257786847 [Update odom] 
1622257786881 [vx:-0.05325 vy:-0.0 yaw:0.0] 
1622257786910 [Update odom] 
1622257786920 [vx:-0.008 vy:-0.0 yaw:0.0] 
1622257786991 [log_latest_command] [[ b y t e a r r a y ( b ' \ x a a \ x f f \ x a 0 \ x 0 2 I \ x 0 f \ x 0 e ' ) ]] 
1622257787010 [Update odom] 
1622257787020 [vx:-0.10275 vy:-0.0 yaw:0.0] 
1622257787110 [Update odom] 
1622257787120 [vx:-0.1635 vy:-0.0 yaw:0.0] 
1622257787210 [Update odom] 
1622257787220 [vx:-0.20175 vy:-0.0 yaw:0.0] 
1622257787310 [Update odom] 
1622257787320 [vx:-0.21 vy:-0.0 yaw:0.0] 
1622257787410 [Update odom] 
1622257787420 [vx:-0.19275 vy:-0.0 yaw:0.0] 
1622257787510 [Update odom] 
1622257787520 [vx:-0.18525 vy:-0.0 yaw:0.0] 
1622257787610 [Update odom] 
1622257787620 [vx:-0.088 vy:-0.0 yaw:0.0] 
1622257787710 [Update odom] 
1622257787720 [vx:-0.062 vy:-0.0 yaw:0.0] 
1622257787810 [Update odom] 
1622257787820 [vx:-0.0855 vy:-0.0 yaw:0.0] 
1622257787910 [Update odom] 
1622257787920 [vx:-0.0855 vy:-0.0 yaw:0.0] 
1622257788010 [Update odom] 
1622257788020 [vx:-0.1165 vy:-0.0 yaw:0.0] 
1622257788110 [Update odom] 
1622257788120 [vx:-0.13225 vy:-0.0 yaw:0.0] 
1622257788210 [Update odom] 
1622257788220 [vx:-0.14725 vy:-0.0 yaw:0.0] 
1622257788310 [Update odom] 
1622257788320 [vx:-0.14575 vy:-0.0 yaw:0.0] 
1622257788410 [Update odom] 
1622257788420 [vx:-0.1525 vy:-0.0 yaw:0.0] 
1622257788510 [Update odom] 
1622257788520 [vx:-0.154 vy:-0.0 yaw:0.0] 
1622257788610 [Update odom] 
1622257788620 [vx:-0.16725 vy:-0.0 yaw:0.0] 
1622257788710 [Update odom] 
1622257788759 [log_latest_command] [[ b y t e a r r a y ( b ' \ x a a \ x f f \ x a 0 \ x 0 2 I \ x 0 f \ x 0 e ' ) ]] 
1622257788801 [vx:-0.18375 vy:-0.0 yaw:0.0] 
1622257788819 [Update odom] 
1622257788833 [vx:-0.01475 vy:-0.0 yaw:0.0] 
1622257788891 [log_latest_command] [[ b y t e a r r a y ( b ' \ x a a \ x f f \ x a 0 \ x 0 2 I \ x 0 f \ x 0 e ' ) ]] 
1622257788916 [Update odom] 
1622257788932 [vx:-0.01475 vy:-0.0 yaw:0.0] 
1622257789010 [Update odom] 
1622257789021 [vx:-0.01425 vy:-0.0 yaw:0.0] 
1622257789110 [Update odom] 
1622257789120 [vx:-0.00725 vy:-0.0 yaw:0.0] 
1622257789210 [Update odom] 
1622257789220 [vx:-0.02175 vy:-0.0 yaw:0.0] 
1622257789310 [Update odom] 
1622257789320 [vx:-0.01425 vy:-0.0 yaw:0.0] 
1622257789410 [Update odom] 
1622257789420 [vx:-0.01475 vy:-0.0 yaw:0.0] 
1622257789510 [Update odom] 
1622257789520 [vx:-0.01475 vy:-0.0 yaw:0.0] 
1622257789610 [Update odom] 
1622257789620 [vx:0.0 vy:0.0 yaw:0.0] 
1622257789710 [Update odom] 
1622257789720 [vx:-0.00725 vy:-0.0 yaw:0.0] 
1622257789810 [Update odom] 
1622257789820 [vx:-0.00725 vy:-0.0 yaw:0.0] 
1622257789910 [Update odom] 
1622257789920 [vx:-0.00725 vy:-0.0 yaw:0.0] 
1622257790010 [Update odom] 
1622257790020 [vx:-0.00725 vy:-0.0 yaw:0.0] 
1622257790021 [log_latest_command] [[ b y t e a r r a y ( b ' \ x a a \ x f f \ x a 0 \ x 0 2 I \ x 0 f \ x 0 e ' ) ]] 
1622257790110 [Update odom] 
1622257790121 [vx:0.00725 vy:0.0 yaw:0.0] 
1622257790210 [Update odom] 
1622257790220 [vx:0.0 vy:0.0 yaw:0.0] 
1622257790310 [Update odom] 
1622257790320 [vx:0.0315 vy:0.0 yaw:0.0] 
1622257790410 [Update odom] 
1622257790420 [vx:0.04525 vy:0.0 yaw:0.0] 
1622257790447 [log_latest_command] [[ b y t e a r r a y ( b ' \ x a a \ x f f \ x a 0 \ x 0 2 I \ x 0 f \ x 0 e ' ) ]] 
1622257790510 [Update odom] 
1622257790520 [vx:0.0695 vy:0.0 yaw:0.0] 
1622257790610 [Update odom] 
1622257790620 [vx:0.07625 vy:0.0 yaw:0.0] 
1622257790710 [Update odom] 
1622257790720 [vx:0.077 vy:0.0 yaw:0.0] 
1622257790810 [Update odom] 
1622257790820 [vx:0.1065 vy:0.0 yaw:0.0] 
1622257790910 [Update odom] 
1622257790920 [vx:0.11575 vy:0.0 yaw:0.0] 
1622257791010 [Update odom] 
1622257791020 [vx:0.1315 vy:0.0 yaw:0.0] 
1622257791110 [Update odom] 
1622257791120 [vx:0.124 vy:0.0 yaw:0.0] 
1622257791210 [Update odom] 
1622257791220 [vx:0.1315 vy:0.0 yaw:0.0] 
1622257791310 [Update odom] 
1622257791320 [vx:0.13125 vy:0.0 yaw:0.0] 
1622257791410 [Update odom] 
1622257791420 [vx:0.15525 vy:0.0 yaw:0.0] 
1622257791510 [Update odom] 
1622257791520 [vx:0.1785 vy:0.0 yaw:0.0] 
1622257791610 [Update odom] 
1622257791620 [vx:0.171 vy:0.0 yaw:0.0] 
1622257791710 [Update odom] 
1622257791720 [vx:0.162 vy:0.0 yaw:0.0] 
1622257791810 [Update odom] 
1622257791823 [vx:0.17775 vy:0.0 yaw:0.0] 
1622257791910 [Update odom] 
1622257791920 [vx:0.17175 vy:0.0 yaw:0.0] 
1622257792010 [Update odom] 
1622257792020 [vx:0.19425 vy:0.0 yaw:0.0] 
1622257792110 [Update odom] 
1622257792120 [vx:0.1705 vy:0.0 yaw:0.0] 
1622257792210 [Update odom] 
1622257792220 [vx:0.1935 vy:0.0 yaw:0.0] 
1622257792310 [Update odom] 
1622257792320 [vx:0.187 vy:0.0 yaw:0.0] 
1622257792410 [Update odom] 
1622257792420 [vx:0.1785 vy:0.0 yaw:0.0] 
1622257792510 [Update odom] 
1622257792520 [vx:0.18625 vy:0.0 yaw:0.0] 
1622257792611 [Update odom] 
1622257792620 [vx:0.1695 vy:0.0 yaw:0.0] 
1622257792710 [Update odom] 
1622257792720 [vx:0.192 vy:0.0 yaw:0.0] 
1622257792810 [Update odom] 
1622257792820 [vx:0.18675 vy:0.0 yaw:0.0] 
1622257792910 [Update odom] 
1622257792920 [vx:0.20825 vy:0.0 yaw:0.0] 
1622257792959 [log_latest_command] [[ b y t e a r r a y ( b ' \ x a a \ x f f \ x a 0 \ x 0 2 I \ x 0 f \ x 0 e ' ) ]] 
1622257793010 [Update odom] 
1622257793020 [vx:0.13 vy:0.0 yaw:0.0] 
1622257793110 [Update odom] 
1622257793120 [vx:0.12975 vy:0.0 yaw:0.0] 
1622257793210 [Update odom] 
1622257793220 [vx:0.1315 vy:0.0 yaw:0.0] 
1622257793310 [Update odom] 
1622257793320 [vx:0.11575 vy:0.0 yaw:0.0] 
1622257793410 [Update odom] 
1622257793420 [vx:0.12425 vy:0.0 yaw:0.0] 
1622257793510 [Update odom] 
1622257793520 [vx:0.12325 vy:0.0 yaw:0.0] 
1622257793610 [Update odom] 
1622257793620 [vx:0.10025 vy:0.0 yaw:0.0] 
1622257793710 [Update odom] 
1622257793720 [vx:0.1315 vy:0.0 yaw:0.0] 
1622257793810 [Update odom] 
1622257793820 [vx:0.11675 vy:0.0 yaw:0.0] 
1622257793899 [log_latest_command] [[ b y t e a r r a y ( b ' \ x a a \ x f f \ x a 0 \ x 0 2 I \ x 0 f \ x 0 e ' ) ]] 
1622257793912 [Update odom] 
1622257793924 [vx:0.10675 vy:0.0 yaw:0.0] 
1622257794010 [Update odom] 
1622257794020 [vx:0.09275 vy:0.0 yaw:0.0] 
1622257794110 [Update odom] 
1622257794120 [vx:0.123 vy:0.0 yaw:0.0] 
1622257794210 [Update odom] 
1622257794220 [vx:0.11575 vy:0.0 yaw:0.0] 
1622257794310 [Update odom] 
1622257794320 [vx:0.108 vy:0.0 yaw:0.0] 
1622257794410 [Update odom] 
1622257794420 [vx:0.1075 vy:0.0 yaw:0.0] 
1622257794510 [Update odom] 
1622257794520 [vx:0.13 vy:0.0 yaw:0.0] 
1622257794610 [Update odom] 
1622257794620 [vx:0.1455 vy:0.0 yaw:0.0] 
1622257794710 [Update odom] 
1622257794720 [vx:0.13 vy:0.0 yaw:0.0] 
1622257794810 [Update odom] 
1622257794820 [vx:0.12375 vy:0.0 yaw:0.0] 
1622257794910 [Update odom] 
1622257794920 [vx:0.12175 vy:0.0 yaw:0.0] 
1622257795010 [Update odom] 
1622257795020 [vx:0.1155 vy:0.0 yaw:0.0] 
1622257795110 [Update odom] 
1622257795120 [vx:0.13125 vy:0.0 yaw:0.0] 
1622257795210 [Update odom] 
1622257795220 [vx:0.10725 vy:0.0 yaw:0.0] 
1622257795310 [Update odom] 
1622257795320 [vx:0.123 vy:0.0 yaw:0.0] 
1622257795410 [Update odom] 
1622257795421 [vx:0.114 vy:0.0 yaw:0.0] 
1622257795510 [Update odom] 
1622257795520 [vx:0.115 vy:0.0 yaw:0.0] 
1622257795610 [Update odom] 
1622257795620 [vx:0.10725 vy:0.0 yaw:0.0] 
1622257795710 [Update odom] 
1622257795720 [vx:0.12975 vy:0.0 yaw:0.0] 
1622257795807 [log_latest_command] [[ b y t e a r r a y ( b ' \ x a a \ x f f \ x a 0 \ x 0 2 I \ x 0 f \ x 0 e ' ) ]] 
1622257795820 [Update odom] 
1622257795833 [vx:0.132 vy:0.0 yaw:0.0] 
1622257795910 [Update odom] 
1622257795920 [vx:0.1545 vy:0.0 yaw:0.0] 
1622257796010 [Update odom] 
1622257796020 [vx:0.13075 vy:0.0 yaw:0.0] 
1622257796110 [Update odom] 
1622257796120 [vx:0.11325 vy:0.0 yaw:0.0] 
1622257796210 [Update odom] 
1622257796220 [vx:0.114 vy:0.0 yaw:0.0] 
1622257796310 [Update odom] 
1622257796335 [log_latest_command] [[ b y t e a r r a y ( b ' \ x a a \ x f f \ x a 0 \ x 0 2 I \ x 0 f \ x 0 e ' ) ]] 
1622257796348 [vx:0.114 vy:0.0 yaw:0.0] 
1622257796410 [Update odom] 
1622257796422 [vx:0.0905 vy:0.0 yaw:0.0] 
1622257796510 [Update odom] 
1622257796520 [vx:0.09825 vy:0.0 yaw:0.0] 
1622257796595 [log_latest_command] [[ b y t e a r r a y ( b ' \ x a a \ x f f \ x a 0 \ x 0 2 I \ x 0 f \ x 0 e ' ) ]] 
1622257796610 [Update odom] 
1622257796620 [vx:0.0995 vy:0.0 yaw:0.0] 
1622257796710 [Update odom] 
1622257796720 [vx:0.11425 vy:0.0 yaw:0.0] 
1622257796810 [Update odom] 
1622257796843 [log_latest_command] [[ b y t e a r r a y ( b ' \ x a a \ x f f \ x a 0 \ x 0 2 I \ x 0 f \ x 0 e ' ) ]] 
1622257796869 [vx:0.10675 vy:0.0 yaw:0.0] 
1622257796910 [Update odom] 
1622257796920 [vx:0.008 vy:0.0 yaw:0.0] 
1622257797010 [Update odom] 
1622257797020 [vx:0.0 vy:0.0 yaw:0.0] 
1622257797110 [Update odom] 
1622257797120 [vx:0.0 vy:0.0 yaw:0.0] 
1622257797210 [Update odom] 
1622257797220 [vx:0.0 vy:0.0 yaw:0.0] 
1622257797310 [Update odom] 
1622257797320 [vx:0.0 vy:0.0 yaw:0.0] 
1622257797410 [Update odom] 
1622257797420 [vx:0.0 vy:0.0 yaw:0.0] 
1622257797510 [Update odom] 
1622257797520 [vx:0.0 vy:0.0 yaw:0.0] 
1622257797543 [log_latest_command] [[ b y t e a r r a y ( b ' \ x a a \ x f f \ x a 0 \ x 0 2 I \ x 0 f \ x 0 e ' ) ]] 
1622257797610 [Update odom] 
1622257797620 [vx:0.0935 vy:0.0 yaw:0.0] 
1622257797710 [Update odom] 
1622257797720 [vx:0.091 vy:0.0 yaw:0.0] 
1622257797810 [Update odom] 
1622257797820 [vx:0.1095 vy:0.0 yaw:0.0] 
1622257797910 [Update odom] 
1622257797920 [vx:0.10825 vy:0.0 yaw:0.0] 
1622257798010 [Update odom] 
1622257798020 [vx:0.1075 vy:0.0 yaw:0.0] 
1622257798110 [Update odom] 
1622257798120 [vx:0.11575 vy:0.0 yaw:0.0] 
1622257798167 [log_latest_command] [[ b y t e a r r a y ( b ' \ x a a \ x f f \ x a 0 \ x 0 2 I \ x 0 f \ x 0 e ' ) ]] 
1622257798210 [Update odom] 
1622257798220 [vx:0.1225 vy:0.0 yaw:0.0] 
1622257798310 [Update odom] 
1622257798320 [vx:0.13 vy:0.0 yaw:0.0] 
1622257798410 [Update odom] 
1622257798420 [vx:0.138 vy:0.0 yaw:0.0] 
1622257798510 [Update odom] 
1622257798520 [vx:0.13725 vy:0.0 yaw:0.0] 
1622257798610 [Update odom] 
1622257798620 [vx:0.12375 vy:0.0 yaw:0.0] 
1622257798719 [log_latest_command] [[ b y t e a r r a y ( b ' \ x a a \ x f f \ x a 0 \ x 0 2 I \ x 0 f \ x 0 e ' ) ]] 
1622257798720 [Update odom] 
1622257798756 [vx:0.054 vy:0.0 yaw:0.0] 
1622257798810 [Update odom] 
1622257798820 [vx:0.00725 vy:0.0 yaw:0.0] 
1622257798910 [Update odom] 
1622257798920 [vx:0.0 vy:0.0 yaw:0.0] 
1622257799010 [Update odom] 
1622257799020 [vx:0.0 vy:0.0 yaw:0.0] 
1622257799110 [Update odom] 
1622257799120 [vx:0.0 vy:0.0 yaw:0.0] 
1622257799210 [Update odom] 
1622257799220 [vx:0.0 vy:0.0 yaw:0.0] 
1622257799310 [Update odom] 
1622257799320 [vx:0.0 vy:0.0 yaw:0.0] 
1622257799407 [log_latest_command] [[ b y t e a r r a y ( b ' \ x a a \ x f f \ x a 0 \ x 0 2 I \ x 0 f \ x 0 e ' ) ]] 
1622257799420 [Update odom] 
1622257799433 [vx:0.06875 vy:0.0 yaw:0.0] 
1622257799510 [Update odom] 
1622257799520 [vx:0.083 vy:0.0 yaw:0.0] 
1622257799610 [Update odom] 
1622257799624 [vx:0.12325 vy:0.0 yaw:0.0] 
1622257799710 [Update odom] 
1622257799720 [vx:0.09975 vy:0.0 yaw:0.0] 
1622257799810 [Update odom] 
1622257799820 [vx:0.10725 vy:0.0 yaw:0.0] 
1622257799876 [log_latest_command] [[ b y t e a r r a y ( b ' \ x a a \ x f f \ x a 0 \ x 0 2 I \ x 0 f \ x 0 e ' ) ]] 
1622257799912 [Update odom] 
1622257799924 [vx:0.01425 vy:0.0 yaw:0.0] 
1622257800010 [Update odom] 
1622257800020 [vx:0.0 vy:0.0 yaw:0.0] 
1622257800110 [Update odom] 
1622257800121 [vx:0.0 vy:0.0 yaw:0.0] 
1622257800211 [Update odom] 
1622257800220 [vx:0.0 vy:0.0 yaw:0.0] 
1622257800310 [Update odom] 
1622257800320 [vx:0.0 vy:0.0 yaw:0.0] 
1622257800410 [Update odom] 
1622257800420 [vx:0.0 vy:0.0 yaw:0.0] 
1622257800510 [Update odom] 
1622257800520 [vx:0.0 vy:0.0 yaw:0.0] 
1622257800571 [log_latest_command] [[ b y t e a r r a y ( b ' \ x a a \ x f f \ x a 0 \ x 0 2 I \ x 0 f \ x 0 e ' ) ]] 
1622257800610 [Update odom] 
1622257800620 [vx:-0.03725 vy:-0.0 yaw:0.0] 
1622257800710 [Update odom] 
1622257800720 [vx:-0.101 vy:-0.0 yaw:0.0] 
1622257800810 [Update odom] 
1622257800820 [vx:-0.09925 vy:-0.0 yaw:0.0] 
1622257800911 [Update odom] 
1622257800920 [vx:-0.1085 vy:-0.0 yaw:0.0] 
1622257801010 [Update odom] 
1622257801020 [vx:-0.13075 vy:-0.0 yaw:0.0] 
1622257801051 [log_latest_command] [[ b y t e a r r a y ( b ' \ x a a \ x f f \ x a 0 \ x 0 2 I \ x 0 f \ x 0 e ' ) ]] 
1622257801114 [Update odom] 
1622257801124 [vx:-0.0695 vy:-0.0 yaw:0.0] 
1622257801210 [Update odom] 
1622257801220 [vx:-0.0625 vy:-0.0 yaw:0.0] 
1622257801310 [Update odom] 
1622257801320 [vx:-0.055 vy:-0.0 yaw:0.0] 
1622257801410 [Update odom] 
1622257801424 [vx:-0.0695 vy:-0.0 yaw:0.0] 
1622257801510 [Update odom] 
1622257801531 [log_latest_command] [[ b y t e a r r a y ( b ' \ x a a \ x f f \ x a 0 \ x 0 2 I \ x 0 f \ x 0 e ' ) ]] 
1622257801546 [vx:-0.08425 vy:-0.0 yaw:0.0] 
1622257801610 [Update odom] 
1622257801620 [vx:-0.0925 vy:-0.0 yaw:0.0] 
1622257801710 [Update odom] 
1622257801720 [vx:-0.06175 vy:-0.0 yaw:0.0] 
1622257801810 [Update odom] 
1622257801820 [vx:-0.0945 vy:-0.0 yaw:0.0] 
1622257801910 [Update odom] 
1622257801925 [vx:-0.0845 vy:-0.0 yaw:0.0] 
1622257802010 [Update odom] 
1622257802020 [vx:-0.0845 vy:-0.0 yaw:0.0] 
1622257802110 [Update odom] 
1622257802120 [vx:-0.1 vy:-0.0 yaw:0.0] 
1622257802210 [Update odom] 
1622257802225 [vx:-0.10025 vy:-0.0 yaw:0.0] 
1622257802310 [Update odom] 
1622257802320 [vx:-0.10825 vy:-0.0 yaw:0.0] 
1622257802410 [Update odom] 
1622257802420 [vx:-0.1075 vy:-0.0 yaw:0.0] 
1622257802510 [Update odom] 
1622257802520 [vx:-0.13125 vy:-0.0 yaw:0.0] 
1622257802610 [Update odom] 
1622257802624 [vx:-0.123 vy:-0.0 yaw:0.0] 
1622257802710 [Update odom] 
1622257802725 [vx:-0.13225 vy:-0.0 yaw:0.0] 
1622257802810 [Update odom] 
1622257802824 [vx:-0.124 vy:-0.0 yaw:0.0] 
1622257802910 [Update odom] 
1622257802925 [vx:-0.12375 vy:-0.0 yaw:0.0] 
1622257803010 [Update odom] 
1622257803020 [vx:-0.1165 vy:-0.0 yaw:0.0] 
1622257803110 [Update odom] 
1622257803120 [vx:-0.14025 vy:-0.0 yaw:0.0] 
1622257803210 [Update odom] 
1622257803220 [vx:-0.121 vy:-0.0 yaw:0.0] 
1622257803310 [Update odom] 
1622257803325 [vx:-0.132 vy:-0.0 yaw:0.0] 
1622257803411 [log_latest_command] [[ b y t e a r r a y ( b ' \ x a a \ x f f \ x a 0 \ x 0 2 I \ x 0 f \ x 0 e ' ) ]] 
1622257803412 [Update odom] 
1622257803454 [vx:-0.132 vy:-0.0 yaw:0.0] 
1622257803510 [Update odom] 
1622257803520 [vx:0.0 vy:0.0 yaw:0.0] 
1622257803610 [Update odom] 
1622257803624 [vx:0.0 vy:0.0 yaw:0.0] 
1622257803710 [Update odom] 
1622257803720 [vx:0.0 vy:0.0 yaw:0.0] 
1622257803810 [Update odom] 
1622257803824 [vx:0.0 vy:0.0 yaw:0.0] 
1622257803879 [log_latest_command] [[ b y t e a r r a y ( b ' \ x a a \ x f f \ x a 0 \ x 0 2 I \ x 0 f \ x 0 e ' ) ]] 
1622257803911 [Update odom] 
1622257803924 [vx:0.06125 vy:0.0 yaw:0.0] 
1622257804010 [Update odom] 
1622257804020 [vx:0.08525 vy:0.0 yaw:0.0] 
1622257804110 [Update odom] 
1622257804124 [vx:0.115 vy:0.0 yaw:0.0] 
1622257804179 [log_latest_command] [[ b y t e a r r a y ( b ' \ x a a \ x f f \ x a 0 \ x 0 2 I \ x 0 f \ x 0 e ' ) ]] 
1622257804210 [Update odom] 
1622257804220 [vx:0.07675 vy:0.0 yaw:0.0] 
1622257804310 [Update odom] 
1622257804320 [vx:0.0385 vy:0.0 yaw:0.0] 
1622257804410 [Update odom] 
1622257804420 [vx:0.045 vy:0.0 yaw:0.0] 
1622257804510 [Update odom] 
1622257804520 [vx:0.053 vy:0.0 yaw:0.0] 
1622257804615 [Update odom] 
1622257804629 [vx:0.068 vy:0.0 yaw:0.0] 
1622257804710 [Update odom] 
1622257804720 [vx:0.04525 vy:0.0 yaw:0.0] 
1622257804810 [Update odom] 
1622257804822 [vx:0.091 vy:0.0 yaw:0.0] 
1622257804910 [Update odom] 
1622257804920 [vx:0.09325 vy:0.0 yaw:0.0] 
1622257804959 [log_latest_command] [[ b y t e a r r a y ( b ' \ x a a \ x f f \ x a 0 \ x 0 2 I \ x 0 f \ x 0 e ' ) ]] 
1622257805010 [Update odom] 
1622257805020 [vx:0.08475 vy:0.0 yaw:0.0] 
1622257805110 [Update odom] 
1622257805124 [vx:0.10025 vy:0.0 yaw:0.0] 
1622257805210 [Update odom] 
1622257805220 [vx:0.08475 vy:0.0 yaw:0.0] 
1622257805310 [Update odom] 
1622257805324 [vx:0.1075 vy:0.0 yaw:0.0] 
1622257805410 [Update odom] 
1622257805420 [vx:0.1075 vy:0.0 yaw:0.0] 
1622257805510 [Update odom] 
1622257805520 [vx:0.10125 vy:0.0 yaw:0.0] 
1622257805610 [Update odom] 
1622257805620 [vx:0.10125 vy:0.0 yaw:0.0] 
1622257805710 [Update odom] 
1622257805724 [vx:0.093 vy:0.0 yaw:0.0] 
1622257805810 [Update odom] 
1622257805824 [vx:0.12425 vy:0.0 yaw:0.0] 
1622257805910 [Update odom] 
1622257805920 [vx:0.12325 vy:0.0 yaw:0.0] 
1622257806010 [Update odom] 
1622257806024 [vx:0.1015 vy:0.0 yaw:0.0] 
1622257806110 [Update odom] 
1622257806124 [vx:0.116 vy:0.0 yaw:0.0] 
1622257806210 [Update odom] 
1622257806224 [vx:0.10225 vy:0.0 yaw:0.0] 
1622257806310 [Update odom] 
1622257806324 [vx:0.10975 vy:0.0 yaw:0.0] 
1622257806410 [Update odom] 
1622257806420 [vx:0.12525 vy:0.0 yaw:0.0] 
1622257806510 [Update odom] 
1622257806521 [vx:0.13175 vy:0.0 yaw:0.0] 
1622257806610 [Update odom] 
1622257806620 [vx:0.12525 vy:0.0 yaw:0.0] 
1622257806710 [Update odom] 
1622257806724 [vx:0.12525 vy:0.0 yaw:0.0] 
1622257806810 [Update odom] 
1622257806824 [vx:0.1235 vy:0.0 yaw:0.0] 
1622257806910 [Update odom] 
1622257806924 [vx:0.11525 vy:0.0 yaw:0.0] 
1622257806988 [log_latest_command] [[ b y t e a r r a y ( b ' \ x a a \ x f f \ x a 0 \ x 0 2 I \ x 0 f \ x 0 e ' ) ]] 
1622257807012 [Update odom] 
1622257807024 [vx:0.11525 vy:0.0 yaw:0.0] 
1622257807110 [Update odom] 
1622257807120 [vx:0.0 vy:0.0 yaw:0.0] 
1622257807210 [Update odom] 
1622257807220 [vx:0.0 vy:0.0 yaw:0.0] 
1622257807310 [Update odom] 
1622257807320 [vx:0.0 vy:0.0 yaw:0.0] 
1622257807410 [Update odom] 
1622257807420 [vx:0.0 vy:0.0 yaw:0.0] 
1622257807510 [Update odom] 
1622257807520 [vx:0.0 vy:0.0 yaw:0.0] 
1622257807551 [log_latest_command] [[ b y t e a r r a y ( b ' \ x a a \ x f f \ x a 0 \ x 0 2 I \ x 0 f \ x 0 e ' ) ]] 
1622257807611 [Update odom] 
1622257807620 [vx:-0.05325 vy:-0.0 yaw:0.0] 
1622257807710 [Update odom] 
1622257807720 [vx:-0.08425 vy:-0.0 yaw:0.0] 
1622257807810 [Update odom] 
1622257807820 [vx:-0.1 vy:-0.0 yaw:0.0] 
1622257807917 [Update odom] 
1622257807929 [vx:-0.124 vy:-0.0 yaw:0.0] 
1622257808010 [Update odom] 
1622257808020 [vx:-0.147 vy:-0.0 yaw:0.0] 
1622257808110 [Update odom] 
1622257808120 [vx:-0.13875 vy:-0.0 yaw:0.0] 
1622257808210 [Update odom] 
1622257808220 [vx:-0.13875 vy:-0.0 yaw:0.0] 
1622257808310 [Update odom] 
1622257808320 [vx:-0.13125 vy:-0.0 yaw:0.0] 
1622257808383 [log_latest_command] [[ b y t e a r r a y ( b ' \ x a a \ x f f \ x a 0 \ x 0 2 I \ x 0 f \ x 0 e ' ) ]] 
1622257808410 [Update odom] 
1622257808420 [vx:-0.10675 vy:-0.0 yaw:0.0] 
1622257808510 [Update odom] 
1622257808520 [vx:-0.06875 vy:-0.0 yaw:0.0] 
1622257808610 [Update odom] 
1622257808620 [vx:-0.076 vy:-0.0 yaw:0.0] 
1622257808710 [Update odom] 
1622257808720 [vx:-0.084 vy:-0.0 yaw:0.0] 
1622257808810 [Update odom] 
1622257808820 [vx:-0.0605 vy:-0.0 yaw:0.0] 
1622257808883 [log_latest_command] [[ b y t e a r r a y ( b ' \ x a a \ x f f \ x a 0 \ x 0 2 I \ x 0 f \ x 0 e ' ) ]] 
1622257808910 [Update odom] 
1622257808920 [vx:-0.02225 vy:-0.0 yaw:0.0] 
1622257809010 [Update odom] 
1622257809020 [vx:-0.008 vy:-0.0 yaw:0.0] 
1622257809110 [Update odom] 
1622257809120 [vx:0.0 vy:0.0 yaw:0.0] 
1622257809210 [Update odom] 
1622257809220 [vx:0.0 vy:0.0 yaw:0.0] 
1622257809310 [Update odom] 
1622257809320 [vx:0.0 vy:0.0 yaw:0.0] 
1622257809410 [Update odom] 
1622257809420 [vx:0.0 vy:0.0 yaw:0.0] 
1622257809479 [log_latest_command] [[ b y t e a r r a y ( b ' \ x a a \ x f f \ x a 0 \ x 0 2 I \ x 0 f \ x 0 e ' ) ]] 
1622257809510 [Update odom] 
1622257809520 [vx:-0.123 vy:-0.0 yaw:0.0] 
1622257809610 [Update odom] 
1622257809620 [vx:-0.16275 vy:-0.0 yaw:0.0] 
1622257809710 [Update odom] 
1622257809720 [vx:-0.18525 vy:-0.0 yaw:0.0] 
1622257809810 [Update odom] 
1622257809820 [vx:-0.21675 vy:-0.0 yaw:0.0] 
1622257809910 [Update odom] 
1622257809920 [vx:-0.19175 vy:-0.0 yaw:0.0] 
1622257810010 [Update odom] 
1622257810020 [vx:-0.201 vy:-0.0 yaw:0.0] 
1622257810110 [Update odom] 
1622257810124 [vx:-0.1925 vy:-0.0 yaw:0.0] 
1622257810210 [Update odom] 
1622257810220 [vx:-0.17775 vy:-0.0 yaw:0.0] 
1622257810255 [log_latest_command] [[ b y t e a r r a y ( b ' \ x a a \ x f f \ x a 0 \ x 0 2 I \ x 0 f \ x 0 e ' ) ]] 
1622257810310 [Update odom] 
1622257810320 [vx:-0.1155 vy:-0.0 yaw:0.0] 
1622257810410 [Update odom] 
1622257810420 [vx:-0.1075 vy:-0.0 yaw:0.0] 
1622257810510 [Update odom] 
1622257810520 [vx:-0.13075 vy:-0.0 yaw:0.0] 
1622257810591 [log_latest_command] [[ b y t e a r r a y ( b ' \ x a a \ x f f \ x a 0 \ x 0 2 I \ x 0 f \ x 0 e ' ) ]] 
1622257810616 [Update odom] 
1622257810633 [vx:-0.05275 vy:-0.0 yaw:0.0] 
1622257810710 [Update odom] 
1622257810720 [vx:-0.007 vy:-0.0 yaw:0.0] 
1622257810810 [Update odom] 
1622257810820 [vx:-0.008 vy:-0.0 yaw:0.0] 
1622257810910 [Update odom] 
1622257810920 [vx:-0.01625 vy:-0.0 yaw:0.0] 
1622257811010 [Update odom] 
1622257811020 [vx:0.0 vy:0.0 yaw:0.0] 
1622257811103 [log_latest_command] [[ b y t e a r r a y ( b ' \ x a a \ x f f \ x a 0 \ x 0 2 I \ x 0 f \ x 0 e ' ) ]] 
1622257811116 [Update odom] 
1622257811129 [vx:-0.13125 vy:-0.0 yaw:0.0] 
1622257811210 [Update odom] 
1622257811220 [vx:-0.1695 vy:-0.0 yaw:0.0] 
1622257811310 [Update odom] 
1622257811320 [vx:-0.187 vy:-0.0 yaw:0.0] 
1622257811410 [Update odom] 
1622257811420 [vx:-0.202 vy:-0.0 yaw:0.0] 
1622257811510 [Update odom] 
1622257811520 [vx:-0.2175 vy:-0.0 yaw:0.0] 
1622257811610 [Update odom] 
1622257811620 [vx:-0.19175 vy:-0.0 yaw:0.0] 
1622257811710 [Update odom] 
1622257811724 [vx:-0.201 vy:-0.0 yaw:0.0] 
1622257811810 [Update odom] 
1622257811824 [vx:-0.20175 vy:-0.0 yaw:0.0] 
1622257811910 [Update odom] 
1622257811920 [vx:-0.21625 vy:-0.0 yaw:0.0] 
1622257812012 [Update odom] 
1622257812035 [log_latest_command] [[ b y t e a r r a y ( b ' \ x a a \ x f f \ x a 0 \ x 0 2 I \ x 0 f \ x 0 e ' ) ]] 
1622257812075 [vx:-0.21625 vy:-0.0 yaw:0.0] 
1622257812113 [Update odom] 
1622257812125 [vx:-0.015 vy:-0.0 yaw:0.0] 
1622257812210 [Update odom] 
1622257812220 [vx:0.0 vy:0.0 yaw:0.0] 
1622257812310 [Update odom] 
1622257812320 [vx:0.0 vy:0.0 yaw:0.0] 
1622257812410 [Update odom] 
1622257812420 [vx:0.0 vy:0.0 yaw:0.0] 
1622257812510 [Update odom] 
1622257812520 [vx:0.0 vy:0.0 yaw:0.0] 
1622257812571 [log_latest_command] [[ b y t e a r r a y ( b ' \ x a a \ x f f \ x a 0 \ x 0 2 I \ x 0 f \ x 0 e ' ) ]] 
1622257812613 [Update odom] 
1622257812626 [vx:-0.03725 vy:-0.0 yaw:0.0] 
1622257812710 [Update odom] 
1622257812720 [vx:-0.09925 vy:-0.0 yaw:0.0] 
1622257812810 [Update odom] 
1622257812820 [vx:-0.1075 vy:-0.0 yaw:0.0] 
1622257812943 [log_latest_command] [[ b y t e a r r a y ( b ' \ x a a \ x f f \ x a 0 \ x 0 2 I \ x 0 f \ x 0 e ' ) ]] 
1622257812932 [Update odom] 
1622257812968 [vx:-0.1075 vy:-0.0 yaw:0.0] 
1622257813011 [Update odom] 
1622257813020 [vx:-0.04425 vy:-0.0 yaw:0.0] 
1622257813110 [Update odom] 
1622257813120 [vx:0.007 vy:0.0 yaw:0.0] 
1622257813210 [Update odom] 
1622257813220 [vx:0.0 vy:0.0 yaw:0.0] 
1622257813310 [Update odom] 
1622257813320 [vx:-0.008 vy:-0.0 yaw:0.0] 
1622257813410 [Update odom] 
1622257813420 [vx:0.008 vy:0.0 yaw:0.0] 
1622257813510 [Update odom] 
1622257813520 [vx:0.0 vy:0.0 yaw:0.0] 
1622257813583 [log_latest_command] [[ b y t e a r r a y ( b ' \ x a a \ x f f \ x a 0 \ x 0 2 I \ x 0 f \ x 0 e ' ) ]] 
1622257813610 [Update odom] 
1622257813620 [vx:-0.04525 vy:-0.0 yaw:0.0] 
1622257813710 [Update odom] 
1622257813720 [vx:-0.0845 vy:-0.0 yaw:0.0] 
1622257813810 [Update odom] 
1622257813820 [vx:-0.11575 vy:-0.0 yaw:0.0] 
1622257813863 [log_latest_command] [[ b y t e a r r a y ( b ' \ x a a \ x f f \ x a 0 \ x 0 2 I \ x 0 f \ x 0 e ' ) ]] 
1622257813910 [Update odom] 
1622257813920 [vx:-0.0605 vy:-0.0 yaw:0.0] 
1622257814010 [Update odom] 
1622257814020 [vx:0.0 vy:0.0 yaw:0.0] 
1622257814110 [Update odom] 
1622257814120 [vx:0.0 vy:0.0 yaw:0.0] 
1622257814210 [Update odom] 
1622257814220 [vx:0.0 vy:0.0 yaw:0.0] 
1622257814310 [Update odom] 
1622257814320 [vx:0.0 vy:0.0 yaw:0.0] 
1622257814411 [Update odom] 
1622257814421 [vx:0.0 vy:0.0 yaw:0.0] 
1622257814499 [log_latest_command] [[ b y t e a r r a y ( b ' \ x a a \ x f f \ x a 0 \ x 0 2 I \ x 0 f \ x 0 e ' ) ]] 
1622257814512 [Update odom] 
1622257814524 [vx:-0.05425 vy:-0.0 yaw:0.0] 
1622257814610 [Update odom] 
1622257814620 [vx:-0.10025 vy:-0.0 yaw:0.0] 
1622257814688 [log_latest_command] [[ b y t e a r r a y ( b ' \ x a a \ x f f \ x a 0 \ x 0 2 I \ x 0 f \ x 0 e ' ) ]] 
1622257814713 [Update odom] 
1622257814727 [vx:-0.10025 vy:-0.0 yaw:0.0] 
1622257814810 [Update odom] 
1622257814820 [vx:0.0 vy:0.0 yaw:0.0] 
1622257814910 [Update odom] 
1622257814920 [vx:0.0 vy:0.0 yaw:0.0] 
1622257815010 [Update odom] 
1622257815020 [vx:0.0 vy:0.0 yaw:0.0] 
1622257815110 [Update odom] 
1622257815120 [vx:0.0 vy:0.0 yaw:0.0] 
1622257815210 [Update odom] 
1622257815220 [vx:0.0 vy:0.0 yaw:0.0] 
1622257815310 [Update odom] 
1622257815320 [vx:0.0 vy:0.0 yaw:0.0] 
1622257815410 [Update odom] 
1622257815420 [vx:0.0 vy:0.0 yaw:0.0] 
1622257815510 [Update odom] 
1622257815520 [vx:0.0 vy:0.0 yaw:0.0] 
1622257815610 [Update odom] 
1622257815620 [vx:0.0 vy:0.0 yaw:0.0] 
1622257815655 [log_latest_command] [[ b y t e a r r a y ( b ' \ x a a \ x f f \ x a 0 \ x 0 2 I \ x 0 f \ x 0 e ' ) ]] 
1622257815710 [Update odom] 
1622257815720 [vx:-0.0625 vy:-0.0 yaw:0.0] 
1622257815810 [Update odom] 
1622257815820 [vx:-0.11575 vy:-0.0 yaw:0.0] 
1622257815925 [Update odom] 
1622257815956 [log_latest_command] [[ b y t e a r r a y ( b ' \ x a a \ x f f \ x a 0 \ x 0 2 I \ x 0 f \ x 0 e ' ) ]] 
1622257815997 [vx:-0.11575 vy:-0.0 yaw:0.0] 
1622257816010 [Update odom] 
1622257816020 [vx:-0.03025 vy:-0.0 yaw:0.0] 
1622257816110 [Update odom] 
1622257816120 [vx:0.0 vy:0.0 yaw:0.0] 
1622257816210 [Update odom] 
1622257816220 [vx:0.0 vy:0.0 yaw:0.0] 
1622257816310 [Update odom] 
1622257816320 [vx:0.0 vy:0.0 yaw:0.0] 
1622257816410 [Update odom] 
1622257816420 [vx:0.0 vy:0.0 yaw:0.0] 
1622257816510 [Update odom] 
1622257816520 [vx:0.0 vy:0.0 yaw:0.0] 
1622257816610 [Update odom] 
1622257816630 [vx:0.0 vy:0.0 yaw:0.0] 
1622257816711 [Update odom] 
1622257816720 [vx:0.0 vy:0.0 yaw:0.0] 
1622257816810 [Update odom] 
1622257816820 [vx:0.0 vy:0.0 yaw:0.0] 
1622257816910 [Update odom] 
1622257816920 [vx:0.0 vy:0.0 yaw:0.0] 
1622257817010 [Update odom] 
1622257817020 [vx:0.0 vy:0.0 yaw:0.0] 
1622257817110 [Update odom] 
1622257817121 [vx:0.0 vy:0.0 yaw:0.0] 
1622257817210 [Update odom] 
1622257817220 [vx:0.0 vy:0.0 yaw:0.0] 
1622257817310 [Update odom] 
1622257817320 [vx:0.0 vy:0.0 yaw:0.0] 
1622257817410 [Update odom] 
1622257817420 [vx:0.0 vy:0.0 yaw:0.0] 
1622257817510 [Update odom] 
1622257817520 [vx:0.0 vy:0.0 yaw:0.0] 
1622257817610 [Update odom] 
1622257817620 [vx:0.0 vy:0.0 yaw:0.0] 
1622257817675 [log_latest_command] [[ b y t e a r r a y ( b ' \ x a a \ x f f \ x a 0 \ x 0 2 I \ x 0 f \ x 0 e ' ) ]] 
1622257817710 [Update odom] 
1622257817730 [vx:-0.11575 vy:-0.0 yaw:0.0] 
1622257817810 [Update odom] 
1622257817820 [vx:-0.17025 vy:-0.0 yaw:0.0] 
1622257817910 [Update odom] 
1622257817920 [vx:-0.17775 vy:-0.0 yaw:0.0] 
1622257818010 [Update odom] 
1622257818044 [log_latest_command] [[ b y t e a r r a y ( b ' \ x a a \ x f f \ x a 0 \ x 0 2 I \ x 0 f \ x 0 e ' ) ]] 
1622257818081 [vx:-0.169 vy:-0.0 yaw:0.0] 
1622257818110 [Update odom] 
1622257818120 [vx:-0.05325 vy:-0.0 yaw:0.0] 
1622257818210 [Update odom] 
1622257818220 [vx:-0.00725 vy:-0.0 yaw:0.0] 
1622257818310 [Update odom] 
1622257818320 [vx:0.0 vy:0.0 yaw:0.0] 
1622257818414 [Update odom] 
1622257818425 [vx:0.0 vy:0.0 yaw:0.0] 
1622257818510 [Update odom] 
1622257818520 [vx:0.0 vy:0.0 yaw:0.0] 
1622257818610 [Update odom] 
1622257818620 [vx:0.0 vy:0.0 yaw:0.0] 
1622257818710 [Update odom] 
1622257818720 [vx:0.0 vy:0.0 yaw:0.0] 
1622257818810 [Update odom] 
1622257818820 [vx:0.0 vy:0.0 yaw:0.0] 
1622257818910 [Update odom] 
1622257818920 [vx:0.0 vy:0.0 yaw:0.0] 
1622257819010 [Update odom] 
1622257819020 [vx:0.0 vy:0.0 yaw:0.0] 
1622257819110 [Update odom] 
1622257819120 [vx:0.0 vy:0.0 yaw:0.0] 
1622257819210 [Update odom] 
1622257819220 [vx:0.0 vy:0.0 yaw:0.0] 
1622257819310 [Update odom] 
1622257819320 [vx:0.0 vy:0.0 yaw:0.0] 
1622257819410 [Update odom] 
1622257819420 [vx:0.0 vy:0.0 yaw:0.0] 
1622257819510 [Update odom] 
1622257819520 [vx:0.0 vy:0.0 yaw:0.0] 
1622257819610 [Update odom] 
1622257819620 [vx:0.0 vy:0.0 yaw:0.0] 
1622257819710 [Update odom] 
1622257819720 [vx:0.0 vy:0.0 yaw:0.0] 
1622257819810 [Update odom] 
1622257819820 [vx:0.0 vy:0.0 yaw:0.0] 
1622257819910 [Update odom] 
1622257819920 [vx:0.0 vy:0.0 yaw:0.0] 
1622257820010 [Update odom] 
1622257820020 [vx:0.0 vy:0.0 yaw:0.0] 
1622257820110 [Update odom] 
1622257820120 [vx:0.0 vy:0.0 yaw:0.0] 
1622257820151 [log_latest_command] [[ b y t e a r r a y ( b ' \ x a a \ x f f \ x a 0 \ x 0 2 I \ x 0 f \ x 0 e ' ) ]] 
1622257820210 [Update odom] 
1622257820220 [vx:0.055 vy:0.0 yaw:0.0] 
1622257820310 [Update odom] 
1622257820320 [vx:0.09925 vy:0.0 yaw:0.0] 
1622257820363 [log_latest_command] [[ b y t e a r r a y ( b ' \ x a a \ x f f \ x a 0 \ x 0 2 I \ x 0 f \ x 0 e ' ) ]] 
1622257820410 [Update odom] 
1622257820421 [vx:0.001 vy:0.0 yaw:0.0] 
1622257820510 [Update odom] 
1622257820520 [vx:0.0 vy:0.0 yaw:0.0] 
1622257820610 [Update odom] 
1622257820620 [vx:0.0 vy:0.0 yaw:0.0] 
1622257820710 [Update odom] 
1622257820720 [vx:0.0 vy:0.0 yaw:0.0] 
1622257820810 [Update odom] 
1622257820820 [vx:0.0 vy:0.0 yaw:0.0] 
1622257820910 [Update odom] 
1622257820921 [vx:0.0 vy:0.0 yaw:0.0] 
1622257820971 [log_latest_command] [[ b y t e a r r a y ( b ' \ x a a \ x f f \ x a 0 \ x 0 2 I \ x 0 f \ x 0 e ' ) ]] 
1622257821010 [Update odom] 
1622257821020 [vx:0.07875 vy:0.0 yaw:0.0] 
1622257821110 [Update odom] 
1622257821120 [vx:0.09925 vy:0.0 yaw:0.0] 
1622257821183 [log_latest_command] [[ b y t e a r r a y ( b ' \ x a a \ x f f \ x a 0 \ x 0 2 I \ x 0 f \ x 0 e ' ) ]] 
1622257821210 [Update odom] 
1622257821221 [vx:-0.00025 vy:-0.0 yaw:0.0] 
1622257821310 [Update odom] 
1622257821320 [vx:0.0 vy:0.0 yaw:0.0] 
1622257821410 [Update odom] 
1622257821420 [vx:0.0 vy:0.0 yaw:0.0] 
1622257821510 [Update odom] 
1622257821520 [vx:0.0 vy:0.0 yaw:0.0] 
1622257821610 [Update odom] 
1622257821620 [vx:0.0 vy:0.0 yaw:0.0] 
1622257821710 [Update odom] 
1622257821720 [vx:0.0 vy:0.0 yaw:0.0] 
1622257821810 [Update odom] 
1622257821820 [vx:0.0 vy:0.0 yaw:0.0] 
1622257821910 [Update odom] 
1622257821920 [vx:0.0 vy:0.0 yaw:0.0] 
1622257822010 [Update odom] 
1622257822020 [vx:0.0 vy:0.0 yaw:0.0] 
1622257822110 [Update odom] 
1622257822120 [vx:0.0 vy:0.0 yaw:0.0] 
1622257822210 [Update odom] 
1622257822220 [vx:0.0 vy:0.0 yaw:0.0] 
1622257822310 [Update odom] 
1622257822320 [vx:0.0 vy:0.0 yaw:0.0] 
1622257822410 [Update odom] 
1622257822420 [vx:0.0 vy:0.0 yaw:0.0] 
1622257822510 [Update odom] 
1622257822520 [vx:0.0 vy:0.0 yaw:0.0] 
1622257822610 [Update odom] 
1622257822621 [vx:0.0 vy:0.0 yaw:0.0] 
1622257822711 [Update odom] 
1622257822721 [vx:0.0 vy:0.0 yaw:0.0] 
1622257822810 [Update odom] 
1622257822820 [vx:0.0 vy:0.0 yaw:0.0] 
1622257822910 [Update odom] 
1622257822920 [vx:0.0 vy:0.0 yaw:0.0] 
1622257823010 [Update odom] 
1622257823020 [vx:0.0 vy:0.0 yaw:0.0] 
1622257823110 [Update odom] 
1622257823120 [vx:0.0 vy:0.0 yaw:0.0] 
1622257823210 [Update odom] 
1622257823220 [vx:0.0 vy:0.0 yaw:0.0] 
1622257823310 [Update odom] 
1622257823321 [vx:0.0 vy:0.0 yaw:0.0] 
