1621093067432 [Opening serial port: /dev/ttyTHS1.] 
1621093067737 [The robot is connected to ] [/dev/ttyTHS1] 
1621093067737 [Initial robot's topic...] 
1621093067741 [Start initializing navigation] 
1621093067741 [Start initializing navigation topic] 
1621093067767 [Initialization navigation topic finished] 
1621093067780 [Initialization navigation finished] 
1621093067883 [Update odom] 
1621093067909 [ROBOT STATUS: Rotating[False] Running[False] Stop[True]] 
1621093067909 [vx:0.0 vy:-0.0 yaw:-0.58] 
1621093067983 [Update odom] 
1621093068005 [ROBOT STATUS: Rotating[False] Running[False] Stop[True]] 
1621093068005 [vx:0.0 vy:-0.0 yaw:-0.58] 
1621093068083 [Update odom] 
1621093068105 [ROBOT STATUS: Rotating[False] Running[False] Stop[True]] 
1621093068105 [vx:0.0 vy:-0.0 yaw:-0.58] 
1621093068187 [Update odom] 
1621093068210 [ROBOT STATUS: Rotating[False] Running[False] Stop[True]] 
1621093068210 [vx:0.0 vy:-0.0 yaw:-0.58] 
1621093068286 [Update odom] 
1621093068313 [ROBOT STATUS: Rotating[False] Running[False] Stop[True]] 
1621093068313 [vx:0.0 vy:-0.0 yaw:-0.58] 
1621093068383 [Update odom] 
1621093068412 [ROBOT STATUS: Rotating[False] Running[False] Stop[True]] 
1621093068412 [vx:0.0 vy:-0.0 yaw:-0.58] 
1621093068483 [Update odom] 
1621093068502 [ROBOT STATUS: Rotating[False] Running[False] Stop[True]] 
1621093068502 [vx:0.0 vy:-0.0 yaw:-0.58] 
1621093068582 [Update odom] 
1621093068613 [ROBOT STATUS: Rotating[False] Running[False] Stop[True]] 
1621093068613 [vx:0.0 vy:-0.0 yaw:-0.58] 
1621093068683 [Update odom] 
1621093068723 [ROBOT STATUS: Rotating[False] Running[False] Stop[True]] 
1621093068723 [vx:0.0 vy:-0.0 yaw:-0.58] 
1621093068783 [Update odom] 
1621093068802 [ROBOT STATUS: Rotating[False] Running[False] Stop[True]] 
1621093068802 [vx:0.0 vy:-0.0 yaw:-0.58] 
1621093068883 [Update odom] 
1621093068914 [ROBOT STATUS: Rotating[False] Running[False] Stop[True]] 
1621093068914 [vx:0.0 vy:-0.0 yaw:-0.58] 
1621093068983 [Update odom] 
1621093069013 [ROBOT STATUS: Rotating[False] Running[False] Stop[True]] 
1621093069013 [vx:0.0 vy:-0.0 yaw:-0.58] 
1621093069083 [Update odom] 
1621093069103 [ROBOT STATUS: Rotating[False] Running[False] Stop[True]] 
1621093069104 [vx:0.0 vy:-0.0 yaw:-0.58] 
1621093069183 [Update odom] 
1621093069200 [ROBOT STATUS: Rotating[False] Running[False] Stop[True]] 
1621093069200 [vx:0.0 vy:-0.0 yaw:-0.58] 
1621093069283 [Update odom] 
1621093069308 [ROBOT STATUS: Rotating[False] Running[False] Stop[True]] 
1621093069308 [vx:0.0 vy:-0.0 yaw:-0.58] 
1621093069383 [Update odom] 
1621093069408 [ROBOT STATUS: Rotating[False] Running[False] Stop[True]] 
1621093069408 [vx:0.0 vy:-0.0 yaw:-0.58] 
1621093069483 [Update odom] 
1621093069507 [ROBOT STATUS: Rotating[False] Running[False] Stop[True]] 
1621093069508 [vx:0.0 vy:-0.0 yaw:-0.58] 
1621093069583 [Update odom] 
1621093069605 [ROBOT STATUS: Rotating[False] Running[False] Stop[True]] 
1621093069605 [vx:0.0 vy:-0.0 yaw:-0.58] 
1621093069683 [Update odom] 
1621093069717 [ROBOT STATUS: Rotating[False] Running[False] Stop[True]] 
1621093069717 [vx:0.0 vy:-0.0 yaw:-0.58] 
1621093069783 [Update odom] 
1621093069808 [ROBOT STATUS: Rotating[False] Running[False] Stop[True]] 
1621093069808 [vx:0.0 vy:-0.0 yaw:-0.58] 
1621093069883 [Update odom] 
1621093069902 [ROBOT STATUS: Rotating[False] Running[False] Stop[True]] 
1621093069902 [vx:0.0 vy:-0.0 yaw:-0.58] 
1621093069983 [Update odom] 
1621093070019 [ROBOT STATUS: Rotating[False] Running[False] Stop[True]] 
1621093070019 [vx:0.0 vy:-0.0 yaw:-0.58] 
1621093070085 [Update odom] 
1621093070104 [ROBOT STATUS: Rotating[False] Running[False] Stop[True]] 
1621093070104 [vx:0.0 vy:-0.0 yaw:-0.58] 
1621093070183 [Update odom] 
1621093070205 [ROBOT STATUS: Rotating[False] Running[False] Stop[True]] 
1621093070205 [vx:0.0 vy:-0.0 yaw:-0.58] 
1621093070283 [Update odom] 
1621093070302 [ROBOT STATUS: Rotating[False] Running[False] Stop[True]] 
1621093070302 [vx:0.0 vy:-0.0 yaw:-0.58] 
1621093070383 [Update odom] 
1621093070410 [ROBOT STATUS: Rotating[False] Running[False] Stop[True]] 
1621093070410 [vx:0.0 vy:-0.0 yaw:-0.58] 
1621093070483 [Update odom] 
1621093070523 [ROBOT STATUS: Rotating[False] Running[False] Stop[True]] 
1621093070523 [vx:0.0 vy:-0.0 yaw:-0.58] 
1621093070583 [Update odom] 
1621093070611 [ROBOT STATUS: Rotating[False] Running[False] Stop[True]] 
1621093070611 [vx:0.0 vy:-0.0 yaw:-0.58] 
1621093070683 [Update odom] 
1621093070703 [ROBOT STATUS: Rotating[False] Running[False] Stop[True]] 
1621093070703 [vx:0.0 vy:-0.0 yaw:-0.58] 
1621093070783 [Update odom] 
1621093070808 [ROBOT STATUS: Rotating[False] Running[False] Stop[True]] 
1621093070808 [vx:0.0 vy:-0.0 yaw:-0.58] 
1621093070883 [Update odom] 
1621093070904 [ROBOT STATUS: Rotating[False] Running[False] Stop[True]] 
1621093070904 [vx:0.0 vy:-0.0 yaw:-0.58] 
1621093070986 [Update odom] 
1621093071010 [ROBOT STATUS: Rotating[False] Running[False] Stop[True]] 
1621093071010 [vx:0.0 vy:-0.0 yaw:-0.58] 
1621093071083 [Update odom] 
1621093071111 [ROBOT STATUS: Rotating[False] Running[False] Stop[True]] 
1621093071111 [vx:0.0 vy:-0.0 yaw:-0.58] 
1621093071183 [Update odom] 
1621093071203 [ROBOT STATUS: Rotating[False] Running[False] Stop[True]] 
1621093071203 [vx:0.0 vy:-0.0 yaw:-0.58] 
1621093071283 [Update odom] 
1621093071309 [ROBOT STATUS: Rotating[False] Running[False] Stop[True]] 
1621093071310 [vx:0.0 vy:-0.0 yaw:-0.58] 
1621093071383 [Update odom] 
1621093071412 [ROBOT STATUS: Rotating[False] Running[False] Stop[True]] 
1621093071412 [vx:0.0 vy:-0.0 yaw:-0.58] 
1621093071483 [Update odom] 
1621093071508 [ROBOT STATUS: Rotating[False] Running[False] Stop[True]] 
1621093071508 [vx:0.0 vy:-0.0 yaw:-0.58] 
1621093071583 [Update odom] 
1621093071608 [ROBOT STATUS: Rotating[False] Running[False] Stop[True]] 
1621093071608 [vx:0.0 vy:-0.0 yaw:-0.58] 
1621093071684 [Update odom] 
1621093071709 [ROBOT STATUS: Rotating[False] Running[False] Stop[True]] 
1621093071709 [vx:0.0 vy:-0.0 yaw:-0.58] 
1621093071783 [Update odom] 
1621093071807 [ROBOT STATUS: Rotating[False] Running[False] Stop[True]] 
1621093071808 [vx:0.0 vy:-0.0 yaw:-0.58] 
1621093071883 [Update odom] 
1621093071918 [ROBOT STATUS: Rotating[False] Running[False] Stop[True]] 
1621093071918 [vx:0.0 vy:-0.0 yaw:-0.58] 
1621093071983 [Update odom] 
1621093072017 [ROBOT STATUS: Rotating[False] Running[False] Stop[True]] 
1621093072018 [vx:0.0 vy:-0.0 yaw:-0.58] 
1621093072083 [Update odom] 
1621093072118 [ROBOT STATUS: Rotating[False] Running[False] Stop[True]] 
1621093072118 [vx:0.0 vy:-0.0 yaw:-0.58] 
1621093072183 [Update odom] 
1621093072205 [ROBOT STATUS: Rotating[False] Running[False] Stop[True]] 
1621093072205 [vx:0.0 vy:-0.0 yaw:-0.58] 
1621093072283 [Update odom] 
1621093072304 [ROBOT STATUS: Rotating[False] Running[False] Stop[True]] 
1621093072304 [vx:0.0 vy:-0.0 yaw:-0.58] 
1621093072382 [Update odom] 
1621093072400 [ROBOT STATUS: Rotating[False] Running[False] Stop[True]] 
1621093072400 [vx:0.0 vy:-0.0 yaw:-0.58] 
1621093072483 [Update odom] 
1621093072504 [ROBOT STATUS: Rotating[False] Running[False] Stop[True]] 
1621093072504 [vx:0.0 vy:-0.0 yaw:-0.58] 
1621093072583 [Update odom] 
1621093072601 [ROBOT STATUS: Rotating[False] Running[False] Stop[True]] 
1621093072601 [vx:0.0 vy:-0.0 yaw:-0.58] 
1621093072683 [Update odom] 
1621093072703 [ROBOT STATUS: Rotating[False] Running[False] Stop[True]] 
1621093072703 [vx:0.0 vy:-0.0 yaw:-0.58] 
1621093072783 [Update odom] 
1621093072812 [ROBOT STATUS: Rotating[False] Running[False] Stop[True]] 
1621093072812 [vx:0.0 vy:-0.0 yaw:-0.58] 
1621093072883 [Update odom] 
1621093072906 [ROBOT STATUS: Rotating[False] Running[False] Stop[True]] 
1621093072906 [vx:0.0 vy:-0.0 yaw:-0.58] 
1621093072983 [Update odom] 
1621093073004 [ROBOT STATUS: Rotating[False] Running[False] Stop[True]] 
1621093073004 [vx:0.0 vy:-0.0 yaw:-0.58] 
1621093073083 [Update odom] 
1621093073105 [ROBOT STATUS: Rotating[False] Running[False] Stop[True]] 
1621093073105 [vx:0.0 vy:-0.0 yaw:-0.58] 
1621093073184 [Update odom] 
1621093073213 [ROBOT STATUS: Rotating[False] Running[False] Stop[True]] 
1621093073214 [vx:0.0 vy:-0.0 yaw:-0.58] 
1621093073283 [Update odom] 
1621093073315 [ROBOT STATUS: Rotating[False] Running[False] Stop[True]] 
1621093073315 [vx:0.0 vy:-0.0 yaw:-0.58] 
1621093073386 [Update odom] 
1621093073412 [ROBOT STATUS: Rotating[False] Running[False] Stop[True]] 
1621093073412 [vx:0.0 vy:-0.0 yaw:-0.58] 
1621093073483 [Update odom] 
1621093073503 [ROBOT STATUS: Rotating[False] Running[False] Stop[True]] 
1621093073503 [vx:0.0 vy:-0.0 yaw:-0.58] 
1621093073583 [Update odom] 
1621093073605 [ROBOT STATUS: Rotating[False] Running[False] Stop[True]] 
1621093073605 [vx:0.0 vy:-0.0 yaw:-0.58] 
1621093073682 [Update odom] 
1621093073703 [ROBOT STATUS: Rotating[False] Running[False] Stop[True]] 
1621093073703 [vx:0.0 vy:-0.0 yaw:-0.58] 
1621093073783 [Update odom] 
1621093073799 [ROBOT STATUS: Rotating[False] Running[False] Stop[True]] 
1621093073800 [vx:0.0 vy:-0.0 yaw:-0.58] 
1621093073883 [Update odom] 
1621093073913 [ROBOT STATUS: Rotating[False] Running[False] Stop[True]] 
1621093073913 [vx:0.0 vy:-0.0 yaw:-0.58] 
1621093073982 [Update odom] 
1621093074000 [ROBOT STATUS: Rotating[False] Running[False] Stop[True]] 
1621093074000 [vx:0.0 vy:-0.0 yaw:-0.58] 
1621093074083 [Update odom] 
1621093074107 [ROBOT STATUS: Rotating[False] Running[False] Stop[True]] 
1621093074107 [vx:0.0 vy:-0.0 yaw:-0.58] 
1621093074184 [Update odom] 
1621093074209 [ROBOT STATUS: Rotating[False] Running[False] Stop[True]] 
1621093074209 [vx:0.0 vy:-0.0 yaw:-0.58] 
1621093074283 [Update odom] 
1621093074306 [ROBOT STATUS: Rotating[False] Running[False] Stop[True]] 
1621093074306 [vx:0.0 vy:-0.0 yaw:-0.58] 
1621093074382 [Update odom] 
1621093074400 [ROBOT STATUS: Rotating[False] Running[False] Stop[True]] 
1621093074400 [vx:0.0 vy:-0.0 yaw:-0.58] 
1621093074484 [Update odom] 
1621093074515 [ROBOT STATUS: Rotating[False] Running[False] Stop[True]] 
1621093074515 [vx:0.0 vy:-0.0 yaw:-0.58] 
1621093074582 [Update odom] 
1621093074603 [ROBOT STATUS: Rotating[False] Running[False] Stop[True]] 
1621093074603 [vx:0.0 vy:-0.0 yaw:-0.58] 
1621093074683 [Update odom] 
1621093074700 [ROBOT STATUS: Rotating[False] Running[False] Stop[True]] 
1621093074700 [vx:0.0 vy:-0.0 yaw:-0.58] 
1621093074786 [Update odom] 
1621093074818 [ROBOT STATUS: Rotating[False] Running[False] Stop[True]] 
1621093074818 [vx:0.0 vy:-0.0 yaw:-0.58] 
1621093074883 [Update odom] 
1621093074900 [ROBOT STATUS: Rotating[False] Running[False] Stop[True]] 
1621093074900 [vx:0.0 vy:-0.0 yaw:-0.58] 
1621093074982 [Update odom] 
1621093075000 [ROBOT STATUS: Rotating[False] Running[False] Stop[True]] 
1621093075000 [vx:0.0 vy:-0.0 yaw:-0.58] 
1621093075083 [Update odom] 
1621093075122 [ROBOT STATUS: Rotating[False] Running[False] Stop[True]] 
1621093075122 [vx:0.0 vy:-0.0 yaw:-0.58] 
1621093075183 [Update odom] 
1621093075203 [ROBOT STATUS: Rotating[False] Running[False] Stop[True]] 
1621093075203 [vx:0.0 vy:-0.0 yaw:-0.58] 
1621093075282 [Update odom] 
1621093075307 [ROBOT STATUS: Rotating[False] Running[False] Stop[True]] 
1621093075307 [vx:0.0 vy:-0.0 yaw:-0.58] 
1621093075383 [Update odom] 
1621093075403 [ROBOT STATUS: Rotating[False] Running[False] Stop[True]] 
1621093075403 [vx:0.0 vy:-0.0 yaw:-0.58] 
1621093075483 [Update odom] 
1621093075500 [ROBOT STATUS: Rotating[False] Running[False] Stop[True]] 
1621093075500 [vx:0.0 vy:-0.0 yaw:-0.58] 
1621093075583 [Update odom] 
1621093075609 [ROBOT STATUS: Rotating[False] Running[False] Stop[True]] 
1621093075609 [vx:0.0 vy:-0.0 yaw:-0.58] 
1621093075683 [Update odom] 
1621093075710 [ROBOT STATUS: Rotating[False] Running[False] Stop[True]] 
1621093075710 [vx:0.0 vy:-0.0 yaw:-0.58] 
1621093075783 [Update odom] 
1621093075802 [ROBOT STATUS: Rotating[False] Running[False] Stop[True]] 
1621093075802 [vx:0.0 vy:-0.0 yaw:-0.58] 
1621093075883 [Update odom] 
1621093075920 [ROBOT STATUS: Rotating[False] Running[False] Stop[True]] 
1621093075920 [vx:0.0 vy:-0.0 yaw:-0.58] 
1621093075983 [Update odom] 
1621093076022 [ROBOT STATUS: Rotating[False] Running[False] Stop[True]] 
1621093076022 [vx:0.0 vy:-0.0 yaw:-0.58] 
1621093076083 [Update odom] 
1621093076107 [ROBOT STATUS: Rotating[False] Running[False] Stop[True]] 
1621093076107 [vx:0.0 vy:-0.0 yaw:-0.58] 
1621093076183 [Update odom] 
1621093076200 [ROBOT STATUS: Rotating[False] Running[False] Stop[True]] 
1621093076200 [vx:0.0 vy:-0.0 yaw:-0.58] 
1621093076283 [Update odom] 
1621093076314 [ROBOT STATUS: Rotating[False] Running[False] Stop[True]] 
1621093076314 [vx:0.0 vy:-0.0 yaw:-0.58] 
1621093076383 [Update odom] 
1621093076401 [ROBOT STATUS: Rotating[False] Running[False] Stop[True]] 
1621093076401 [vx:0.0 vy:-0.0 yaw:-0.58] 
1621093076483 [Update odom] 
1621093076507 [ROBOT STATUS: Rotating[False] Running[False] Stop[True]] 
1621093076507 [vx:0.0 vy:-0.0 yaw:-0.58] 
1621093076583 [Update odom] 
1621093076613 [ROBOT STATUS: Rotating[False] Running[False] Stop[True]] 
1621093076613 [vx:0.0 vy:-0.0 yaw:-0.58] 
1621093076682 [Update odom] 
1621093076705 [ROBOT STATUS: Rotating[False] Running[False] Stop[True]] 
1621093076705 [vx:0.0 vy:-0.0 yaw:-0.58] 
1621093076783 [Update odom] 
1621093076803 [ROBOT STATUS: Rotating[False] Running[False] Stop[True]] 
1621093076803 [vx:0.0 vy:-0.0 yaw:-0.58] 
1621093076883 [Update odom] 
1621093076902 [ROBOT STATUS: Rotating[False] Running[False] Stop[True]] 
1621093076902 [vx:0.0 vy:-0.0 yaw:-0.58] 
1621093076983 [Update odom] 
1621093077001 [ROBOT STATUS: Rotating[False] Running[False] Stop[True]] 
1621093077001 [vx:0.0 vy:-0.0 yaw:-0.58] 
1621093077082 [Update odom] 
1621093077120 [ROBOT STATUS: Rotating[False] Running[False] Stop[True]] 
1621093077120 [vx:0.0 vy:-0.0 yaw:-0.58] 
1621093077182 [Update odom] 
1621093077215 [ROBOT STATUS: Rotating[False] Running[False] Stop[True]] 
1621093077215 [vx:0.0 vy:-0.0 yaw:-0.58] 
1621093077282 [Update odom] 
1621093077301 [ROBOT STATUS: Rotating[False] Running[False] Stop[True]] 
1621093077302 [vx:0.0 vy:-0.0 yaw:-0.58] 
1621093077383 [Update odom] 
1621093077406 [ROBOT STATUS: Rotating[False] Running[False] Stop[True]] 
1621093077406 [vx:0.0 vy:-0.0 yaw:-0.58] 
1621093077483 [Update odom] 
1621093077500 [ROBOT STATUS: Rotating[False] Running[False] Stop[True]] 
1621093077500 [vx:0.0 vy:-0.0 yaw:-0.58] 
1621093077586 [Update odom] 
1621093077606 [ROBOT STATUS: Rotating[False] Running[False] Stop[True]] 
1621093077606 [vx:0.0 vy:-0.0 yaw:-0.58] 
1621093077682 [Update odom] 
1621093077716 [ROBOT STATUS: Rotating[False] Running[False] Stop[True]] 
1621093077716 [vx:0.0 vy:-0.0 yaw:-0.58] 
1621093077783 [Update odom] 
1621093077802 [ROBOT STATUS: Rotating[False] Running[False] Stop[True]] 
1621093077802 [vx:0.0 vy:-0.0 yaw:-0.58] 
1621093077883 [Update odom] 
1621093077903 [ROBOT STATUS: Rotating[False] Running[False] Stop[True]] 
1621093077903 [vx:0.0 vy:-0.0 yaw:-0.58] 
1621093077983 [Update odom] 
1621093077999 [ROBOT STATUS: Rotating[False] Running[False] Stop[True]] 
1621093077999 [vx:0.0 vy:-0.0 yaw:-0.58] 
1621093078082 [Update odom] 
1621093078109 [ROBOT STATUS: Rotating[False] Running[False] Stop[True]] 
1621093078109 [vx:0.0 vy:-0.0 yaw:-0.58] 
1621093078183 [Update odom] 
1621093078209 [ROBOT STATUS: Rotating[False] Running[False] Stop[True]] 
1621093078209 [vx:0.0 vy:-0.0 yaw:-0.58] 
1621093078286 [Update odom] 
1621093078312 [ROBOT STATUS: Rotating[False] Running[False] Stop[True]] 
1621093078312 [vx:0.0 vy:-0.0 yaw:-0.58] 
1621093078383 [Update odom] 
1621093078409 [ROBOT STATUS: Rotating[False] Running[False] Stop[True]] 
1621093078409 [vx:0.0 vy:-0.0 yaw:-0.58] 
1621093078483 [Update odom] 
1621093078507 [ROBOT STATUS: Rotating[False] Running[False] Stop[True]] 
1621093078507 [vx:0.0 vy:-0.0 yaw:-0.58] 
1621093078582 [Update odom] 
1621093078604 [ROBOT STATUS: Rotating[False] Running[False] Stop[True]] 
1621093078604 [vx:0.0 vy:-0.0 yaw:-0.58] 
1621093078682 [Update odom] 
1621093078700 [ROBOT STATUS: Rotating[False] Running[False] Stop[True]] 
1621093078700 [vx:0.0 vy:-0.0 yaw:-0.58] 
1621093078783 [Update odom] 
1621093078801 [ROBOT STATUS: Rotating[False] Running[False] Stop[True]] 
1621093078801 [vx:0.0 vy:-0.0 yaw:-0.58] 
1621093078883 [Update odom] 
1621093078916 [ROBOT STATUS: Rotating[False] Running[False] Stop[True]] 
1621093078916 [vx:0.0 vy:-0.0 yaw:-0.58] 
1621093078984 [Update odom] 
1621093079009 [ROBOT STATUS: Rotating[False] Running[False] Stop[True]] 
1621093079011 [vx:0.0 vy:-0.0 yaw:-0.58] 
1621093079083 [Update odom] 
1621093079105 [ROBOT STATUS: Rotating[False] Running[False] Stop[True]] 
1621093079105 [vx:0.0 vy:-0.0 yaw:-0.58] 
1621093079183 [Update odom] 
1621093079214 [ROBOT STATUS: Rotating[False] Running[False] Stop[True]] 
1621093079214 [vx:0.0 vy:-0.0 yaw:-0.58] 
1621093079283 [Update odom] 
1621093079303 [ROBOT STATUS: Rotating[False] Running[False] Stop[True]] 
1621093079303 [vx:0.0 vy:-0.0 yaw:-0.58] 
1621093079383 [Update odom] 
1621093079406 [ROBOT STATUS: Rotating[False] Running[False] Stop[True]] 
1621093079406 [vx:0.0 vy:-0.0 yaw:-0.58] 
1621093079483 [Update odom] 
1621093079516 [ROBOT STATUS: Rotating[False] Running[False] Stop[True]] 
1621093079516 [vx:0.0 vy:-0.0 yaw:-0.58] 
1621093079582 [Update odom] 
1621093079616 [log_latest_command] [[ b y t e a r r a y ( b ' \ x a a \ x f f \ x a 0 \ x 0 2 I \ x 0 f \ x 0 e ' ) ]] 
1621093079655 [ROBOT STATUS: Rotating[False] Running[False] Stop[True]] 
1621093079655 [vx:0.0 vy:-0.0 yaw:-0.58] 
1621093079683 [Update odom] 
1621093079705 [ROBOT STATUS: Rotating[False] Running[False] Stop[True]] 
1621093079705 [vx:0.0 vy:-0.0 yaw:-0.58] 
1621093079783 [Update odom] 
1621093079800 [ROBOT STATUS: Rotating[False] Running[False] Stop[True]] 
1621093079800 [vx:0.0 vy:-0.0 yaw:-0.58] 
1621093079883 [Update odom] 
1621093079906 [ROBOT STATUS: Rotating[False] Running[False] Stop[True]] 
1621093079906 [vx:0.0 vy:-0.0 yaw:-0.58] 
1621093079983 [Update odom] 
1621093080004 [ROBOT STATUS: Rotating[False] Running[False] Stop[True]] 
1621093080005 [vx:0.0 vy:-0.0 yaw:-0.58] 
1621093080083 [Update odom] 
1621093080111 [ROBOT STATUS: Rotating[False] Running[False] Stop[True]] 
1621093080111 [vx:0.0 vy:-0.0 yaw:-0.58] 
1621093080183 [Update odom] 
1621093080212 [ROBOT STATUS: Rotating[False] Running[False] Stop[True]] 
1621093080212 [vx:0.0 vy:-0.0 yaw:-0.58] 
1621093080283 [Update odom] 
1621093080300 [ROBOT STATUS: Rotating[False] Running[False] Stop[True]] 
1621093080300 [vx:0.0 vy:-0.0 yaw:-0.58] 
1621093080383 [Update odom] 
1621093080402 [ROBOT STATUS: Rotating[False] Running[False] Stop[True]] 
1621093080402 [vx:0.0 vy:-0.0 yaw:-0.58] 
1621093080483 [Update odom] 
1621093080504 [ROBOT STATUS: Rotating[False] Running[False] Stop[True]] 
1621093080504 [vx:0.0 vy:-0.0 yaw:-0.58] 
1621093080582 [Update odom] 
1621093080604 [log_latest_command] [[ b y t e a r r a y ( b ' \ x a a \ x f f \ x a 0 \ x 0 2 I \ x 0 f \ x 0 e ' ) ]] 
1621093080604 [ROBOT STATUS: Rotating[False] Running[False] Stop[True]] 
1621093080605 [vx:0.0 vy:-0.0 yaw:-0.58] 
1621093080683 [Update odom] 
1621093080700 [ROBOT STATUS: Rotating[False] Running[True] Stop[False]] 
1621093080700 [vx:0.0 vy:-0.0 yaw:-0.58] 
1621093080788 [Update odom] 
1621093080811 [ROBOT STATUS: Rotating[False] Running[True] Stop[False]] 
1621093080811 [vx:0.0 vy:-0.0 yaw:-0.58] 
1621093080883 [Update odom] 
1621093080905 [ROBOT STATUS: Rotating[False] Running[True] Stop[False]] 
1621093080905 [vx:0.0 vy:-0.0 yaw:-0.58] 
1621093080983 [Update odom] 
1621093081005 [ROBOT STATUS: Rotating[False] Running[True] Stop[False]] 
1621093081005 [vx:0.0 vy:-0.0 yaw:-0.58] 
1621093081083 [Update odom] 
1621093081103 [ROBOT STATUS: Rotating[False] Running[True] Stop[False]] 
1621093081103 [vx:0.0 vy:-0.0 yaw:-0.58] 
1621093081183 [Update odom] 
1621093081207 [ROBOT STATUS: Rotating[False] Running[True] Stop[False]] 
1621093081207 [vx:0.0 vy:-0.0 yaw:-0.58] 
1621093081283 [Update odom] 
1621093081306 [ROBOT STATUS: Rotating[False] Running[True] Stop[False]] 
1621093081306 [vx:0.0 vy:-0.0 yaw:-0.58] 
1621093081383 [Update odom] 
1621093081405 [ROBOT STATUS: Rotating[False] Running[True] Stop[False]] 
1621093081406 [vx:0.0 vy:-0.0 yaw:-0.58] 
1621093081482 [Update odom] 
1621093081506 [ROBOT STATUS: Rotating[False] Running[True] Stop[False]] 
1621093081506 [vx:0.0 vy:-0.0 yaw:-0.58] 
1621093081587 [Update odom] 
1621093081624 [ROBOT STATUS: Rotating[False] Running[True] Stop[False]] 
1621093081625 [vx:0.0 vy:-0.0 yaw:-0.58] 
1621093081682 [Update odom] 
1621093081702 [ROBOT STATUS: Rotating[False] Running[True] Stop[False]] 
1621093081702 [vx:0.0 vy:-0.0 yaw:-0.58] 
1621093081786 [Update odom] 
1621093081808 [ROBOT STATUS: Rotating[False] Running[True] Stop[False]] 
1621093081808 [vx:0.0 vy:-0.0 yaw:-0.58] 
1621093081884 [Update odom] 
1621093081911 [ROBOT STATUS: Rotating[False] Running[True] Stop[False]] 
1621093081911 [vx:0.0 vy:-0.0 yaw:-0.58] 
1621093081982 [Update odom] 
1621093082007 [ROBOT STATUS: Rotating[False] Running[True] Stop[False]] 
1621093082007 [vx:0.0 vy:-0.0 yaw:-0.58] 
1621093082083 [Update odom] 
1621093082103 [ROBOT STATUS: Rotating[False] Running[True] Stop[False]] 
1621093082103 [vx:0.0 vy:-0.0 yaw:-0.58] 
1621093082183 [Update odom] 
1621093082218 [ROBOT STATUS: Rotating[False] Running[True] Stop[False]] 
1621093082218 [vx:0.0 vy:-0.0 yaw:-0.58] 
1621093082282 [Update odom] 
1621093082299 [log_latest_command] [[ b y t e a r r a y ( b ' \ x a a \ x f f \ x a 0 \ x 0 2 I \ x 0 f \ x 0 e ' ) ]] 
1621093082327 [ROBOT STATUS: Rotating[False] Running[True] Stop[False]] 
1621093082327 [vx:0.0 vy:-0.0 yaw:-0.58] 
1621093082386 [Update odom] 
1621093082405 [ROBOT STATUS: Rotating[False] Running[True] Stop[False]] 
1621093082405 [vx:0.0 vy:-0.0 yaw:-0.58] 
1621093082483 [Update odom] 
1621093082505 [ROBOT STATUS: Rotating[False] Running[True] Stop[False]] 
1621093082505 [vx:0.0 vy:-0.0 yaw:-0.58] 
1621093082587 [Update odom] 
1621093082612 [ROBOT STATUS: Rotating[False] Running[True] Stop[False]] 
1621093082612 [vx:0.0 vy:-0.0 yaw:-0.58] 
1621093082684 [Update odom] 
1621093082708 [ROBOT STATUS: Rotating[False] Running[True] Stop[False]] 
1621093082709 [vx:0.0 vy:-0.0 yaw:-0.58] 
1621093082783 [Update odom] 
1621093082806 [ROBOT STATUS: Rotating[False] Running[True] Stop[False]] 
1621093082806 [vx:0.0 vy:-0.0 yaw:-0.58] 
1621093082883 [Update odom] 
1621093082909 [ROBOT STATUS: Rotating[False] Running[True] Stop[False]] 
1621093082909 [vx:0.0 vy:-0.0 yaw:-0.58] 
1621093082983 [Update odom] 
1621093083011 [ROBOT STATUS: Rotating[False] Running[True] Stop[False]] 
1621093083011 [vx:0.0 vy:-0.0 yaw:-0.58] 
1621093083082 [Update odom] 
1621093083103 [ROBOT STATUS: Rotating[False] Running[True] Stop[False]] 
1621093083104 [vx:0.0 vy:-0.0 yaw:-0.58] 
1621093083182 [Update odom] 
1621093083207 [ROBOT STATUS: Rotating[False] Running[True] Stop[False]] 
1621093083207 [vx:0.0 vy:-0.0 yaw:-0.58] 
1621093083283 [Update odom] 
1621093083316 [ROBOT STATUS: Rotating[False] Running[True] Stop[False]] 
1621093083316 [vx:0.0 vy:-0.0 yaw:-0.58] 
1621093083383 [Update odom] 
1621093083402 [ROBOT STATUS: Rotating[False] Running[True] Stop[False]] 
1621093083405 [vx:0.0 vy:-0.0 yaw:-0.58] 
1621093083483 [Update odom] 
1621093083500 [ROBOT STATUS: Rotating[False] Running[True] Stop[False]] 
1621093083500 [vx:0.0 vy:-0.0 yaw:-0.58] 
1621093083583 [Update odom] 
1621093083603 [ROBOT STATUS: Rotating[False] Running[True] Stop[False]] 
1621093083603 [vx:0.0 vy:-0.0 yaw:-0.58] 
1621093083683 [Update odom] 
1621093083707 [ROBOT STATUS: Rotating[False] Running[True] Stop[False]] 
1621093083707 [vx:0.0 vy:-0.0 yaw:-0.58] 
1621093083786 [Update odom] 
1621093083805 [ROBOT STATUS: Rotating[False] Running[True] Stop[False]] 
1621093083805 [vx:0.0 vy:-0.0 yaw:-0.58] 
1621093083883 [Update odom] 
1621093083916 [ROBOT STATUS: Rotating[False] Running[True] Stop[False]] 
1621093083916 [vx:0.0 vy:-0.0 yaw:-0.58] 
1621093083982 [Update odom] 
1621093084004 [ROBOT STATUS: Rotating[False] Running[True] Stop[False]] 
1621093084004 [vx:0.0 vy:-0.0 yaw:-0.58] 
1621093084083 [Update odom] 
1621093084104 [ROBOT STATUS: Rotating[False] Running[True] Stop[False]] 
1621093084104 [vx:0.0 vy:-0.0 yaw:-0.58] 
1621093084183 [Update odom] 
1621093084203 [ROBOT STATUS: Rotating[False] Running[True] Stop[False]] 
1621093084203 [vx:0.0 vy:-0.0 yaw:-0.58] 
1621093084283 [Update odom] 
1621093084301 [ROBOT STATUS: Rotating[False] Running[True] Stop[False]] 
1621093084302 [vx:0.0 vy:-0.0 yaw:-0.58] 
1621093084383 [Update odom] 
1621093084406 [ROBOT STATUS: Rotating[False] Running[True] Stop[False]] 
1621093084406 [vx:0.0 vy:-0.0 yaw:-0.58] 
1621093084483 [Update odom] 
1621093084504 [ROBOT STATUS: Rotating[False] Running[True] Stop[False]] 
1621093084504 [vx:0.0 vy:-0.0 yaw:-0.58] 
1621093084583 [Update odom] 
1621093084613 [ROBOT STATUS: Rotating[False] Running[True] Stop[False]] 
1621093084613 [vx:0.0 vy:-0.0 yaw:-0.58] 
1621093084683 [Update odom] 
1621093084704 [ROBOT STATUS: Rotating[False] Running[True] Stop[False]] 
1621093084704 [vx:0.0 vy:-0.0 yaw:-0.58] 
1621093084783 [Update odom] 
1621093084809 [ROBOT STATUS: Rotating[False] Running[True] Stop[False]] 
1621093084809 [vx:0.0 vy:-0.0 yaw:-0.58] 
1621093084883 [Update odom] 
1621093084903 [ROBOT STATUS: Rotating[False] Running[True] Stop[False]] 
1621093084903 [vx:0.0 vy:-0.0 yaw:-0.58] 
1621093084983 [Update odom] 
1621093085005 [ROBOT STATUS: Rotating[False] Running[True] Stop[False]] 
1621093085005 [vx:0.0 vy:-0.0 yaw:-0.58] 
1621093085083 [Update odom] 
1621093085103 [ROBOT STATUS: Rotating[False] Running[True] Stop[False]] 
1621093085103 [vx:0.0 vy:-0.0 yaw:-0.58] 
1621093085183 [Update odom] 
1621093085204 [ROBOT STATUS: Rotating[False] Running[True] Stop[False]] 
1621093085204 [vx:0.0 vy:-0.0 yaw:-0.58] 
1621093085286 [Update odom] 
1621093085312 [log_latest_command] [[ b y t e a r r a y ( b ' \ x a a \ x f f \ x a 0 \ x 0 2 I \ x 0 f \ x 0 e ' ) ]] 
1621093085332 [ROBOT STATUS: Rotating[False] Running[True] Stop[False]] 
1621093085332 [vx:0.0 vy:-0.0 yaw:-0.58] 
1621093085382 [Update odom] 
1621093085417 [ROBOT STATUS: Rotating[False] Running[True] Stop[False]] 
1621093085417 [vx:0.020075103598 vy:-0.013152574483 yaw:-0.58] 
1621093085483 [Update odom] 
1621093085501 [ROBOT STATUS: Rotating[False] Running[True] Stop[False]] 
1621093085501 [vx:0.0612708891063 vy:-0.04014275337 yaw:-0.58] 
1621093085583 [Update odom] 
1621093085619 [ROBOT STATUS: Rotating[False] Running[True] Stop[False]] 
1621093085619 [vx:0.0750725228299 vy:-0.0491851483271 yaw:-0.58] 
1621093085683 [Update odom] 
1621093085722 [log_latest_command] [[ b y t e a r r a y ( b ' \ x a a \ x f f \ x a 0 \ x 0 2 I \ x 0 f \ x 0 e ' ) ]] 
1621093085765 [ROBOT STATUS: Rotating[False] Running[False] Stop[True]] 
1621093085765 [vx:0.0957749734153 vy:-0.0627487407627 yaw:-0.58] 
1621093085812 [log_latest_command] [[ b y t e a r r a y ( b ' \ x a a \ x f f \ x a 5 \ x 0 2 N \ x 0 f \ x 0 e ' ) ]] 
1621093085825 [Update odom] 
1621093085856 [ROBOT STATUS: Rotating[False] Running[False] Stop[True]] 
1621093085856 [vx:0.0957749734153 vy:-0.0627487407627 yaw:-0.58] 
1621093085883 [Update odom] 
1621093085923 [ROBOT STATUS: Rotating[False] Running[False] Stop[True]] 
1621093085923 [vx:0.0 vy:-0.0 yaw:-0.58] 
1621093085983 [Update odom] 
1621093086007 [ROBOT STATUS: Rotating[False] Running[False] Stop[True]] 
1621093086007 [vx:0.0 vy:-0.0 yaw:-0.58] 
1621093086087 [Update odom] 
1621093086107 [ROBOT STATUS: Rotating[False] Running[False] Stop[True]] 
1621093086107 [vx:0.0 vy:-0.0 yaw:-0.58] 
1621093086183 [Update odom] 
1621093086216 [ROBOT STATUS: Rotating[False] Running[False] Stop[True]] 
1621093086216 [vx:0.0 vy:-0.0 yaw:-0.58] 
1621093086283 [Update odom] 
1621093086301 [ROBOT STATUS: Rotating[False] Running[False] Stop[True]] 
1621093086301 [vx:0.0 vy:-0.0 yaw:-0.58] 
1621093086384 [Update odom] 
1621093086413 [ROBOT STATUS: Rotating[False] Running[False] Stop[True]] 
1621093086413 [vx:0.0 vy:-0.0 yaw:-0.58] 
1621093086485 [Update odom] 
1621093086513 [ROBOT STATUS: Rotating[False] Running[False] Stop[True]] 
1621093086513 [vx:0.0 vy:-0.0 yaw:-0.58] 
1621093086583 [Update odom] 
1621093086605 [ROBOT STATUS: Rotating[False] Running[False] Stop[True]] 
1621093086605 [vx:0.0 vy:-0.0 yaw:-0.58] 
1621093086683 [Update odom] 
1621093086704 [ROBOT STATUS: Rotating[False] Running[False] Stop[True]] 
1621093086704 [vx:0.0 vy:-0.0 yaw:-0.58] 
1621093086783 [Update odom] 
1621093086810 [ROBOT STATUS: Rotating[False] Running[False] Stop[True]] 
1621093086810 [vx:0.0 vy:-0.0 yaw:-0.58] 
1621093086883 [Update odom] 
1621093086909 [ROBOT STATUS: Rotating[False] Running[False] Stop[True]] 
1621093086909 [vx:0.0 vy:-0.0 yaw:-0.58] 
1621093086983 [Update odom] 
1621093087002 [ROBOT STATUS: Rotating[False] Running[False] Stop[True]] 
1621093087002 [vx:0.0 vy:-0.0 yaw:-0.58] 
1621093087083 [Update odom] 
1621093087100 [ROBOT STATUS: Rotating[False] Running[False] Stop[True]] 
1621093087100 [vx:0.0 vy:-0.0 yaw:-0.58] 
1621093087183 [Update odom] 
1621093087203 [ROBOT STATUS: Rotating[False] Running[False] Stop[True]] 
1621093087203 [vx:0.0 vy:-0.0 yaw:-0.58] 
1621093087292 [Update odom] 
1621093087312 [ROBOT STATUS: Rotating[False] Running[False] Stop[True]] 
1621093087313 [vx:0.0 vy:-0.0 yaw:-0.58] 
1621093087382 [Update odom] 
1621093087408 [ROBOT STATUS: Rotating[False] Running[False] Stop[True]] 
1621093087408 [vx:0.0 vy:-0.0 yaw:-0.58] 
1621093087483 [Update odom] 
1621093087517 [ROBOT STATUS: Rotating[False] Running[False] Stop[True]] 
1621093087517 [vx:0.0 vy:-0.0 yaw:-0.58] 
1621093087582 [Update odom] 
1621093087611 [ROBOT STATUS: Rotating[False] Running[False] Stop[True]] 
1621093087611 [vx:0.0 vy:-0.0 yaw:-0.58] 
1621093087684 [Update odom] 
1621093087707 [ROBOT STATUS: Rotating[False] Running[False] Stop[True]] 
1621093087707 [vx:0.0 vy:-0.0 yaw:-0.58] 
1621093087783 [Update odom] 
1621093087807 [ROBOT STATUS: Rotating[False] Running[False] Stop[True]] 
1621093087807 [vx:0.0 vy:-0.0 yaw:-0.58] 
1621093087884 [Update odom] 
1621093087910 [ROBOT STATUS: Rotating[False] Running[False] Stop[True]] 
1621093087910 [vx:0.0 vy:-0.0 yaw:-0.58] 
1621093087983 [Update odom] 
1621093088008 [ROBOT STATUS: Rotating[False] Running[False] Stop[True]] 
1621093088009 [vx:0.0 vy:-0.0 yaw:-0.58] 
1621093088083 [Update odom] 
1621093088111 [ROBOT STATUS: Rotating[False] Running[False] Stop[True]] 
1621093088112 [vx:0.0 vy:-0.0 yaw:-0.58] 
1621093088183 [Update odom] 
1621093088207 [ROBOT STATUS: Rotating[False] Running[False] Stop[True]] 
1621093088207 [vx:0.0 vy:-0.0 yaw:-0.58] 
1621093088282 [Update odom] 
1621093088301 [ROBOT STATUS: Rotating[False] Running[False] Stop[True]] 
1621093088301 [vx:0.0 vy:-0.0 yaw:-0.58] 
1621093088383 [Update odom] 
1621093088401 [ROBOT STATUS: Rotating[False] Running[False] Stop[True]] 
1621093088401 [vx:0.0 vy:-0.0 yaw:-0.58] 
1621093088428 [log_latest_command] [[ b y t e a r r a y ( b ' \ x a a \ x f f \ x a 0 \ x 0 2 I \ x 0 f \ x 0 e ' ) ]] 
1621093088483 [Update odom] 
1621093088507 [ROBOT STATUS: Rotating[False] Running[True] Stop[False]] 
1621093088507 [vx:0.0750725228299 vy:-0.0491851483271 yaw:-0.58] 
1621093088582 [Update odom] 
1621093088605 [ROBOT STATUS: Rotating[False] Running[True] Stop[False]] 
1621093088605 [vx:0.0957749734153 vy:-0.0627487407627 yaw:-0.58] 
1621093088683 [Update odom] 
1621093088702 [ROBOT STATUS: Rotating[False] Running[True] Stop[False]] 
1621093088702 [vx:0.109576607139 vy:-0.0717911357197 yaw:-0.58] 
1621093088783 [Update odom] 
1621093088804 [ROBOT STATUS: Rotating[False] Running[True] Stop[False]] 
1621093088804 [vx:0.109576607139 vy:-0.0717911357197 yaw:-0.58] 
1621093088832 [log_latest_command] [[ b y t e a r r a y ( b ' \ x a a \ x f f \ x a 0 \ x 0 2 I \ x 0 f \ x 0 e ' ) ]] 
1621093088883 [Update odom] 
1621093088906 [ROBOT STATUS: Rotating[False] Running[False] Stop[True]] 
1621093088906 [vx:0.0202842192604 vy:-0.0132895804672 yaw:-0.58] 
1621093088988 [Update odom] 
1621093089018 [ROBOT STATUS: Rotating[False] Running[False] Stop[True]] 
1621093089018 [vx:0.0 vy:-0.0 yaw:-0.58] 
1621093089082 [Update odom] 
1621093089107 [ROBOT STATUS: Rotating[False] Running[False] Stop[True]] 
1621093089107 [vx:0.0 vy:-0.0 yaw:-0.58] 
1621093089183 [Update odom] 
1621093089203 [ROBOT STATUS: Rotating[False] Running[False] Stop[True]] 
1621093089203 [vx:0.0 vy:-0.0 yaw:-0.58] 
1621093089283 [Update odom] 
1621093089306 [ROBOT STATUS: Rotating[False] Running[False] Stop[True]] 
1621093089306 [vx:0.0 vy:-0.0 yaw:-0.58] 
1621093089383 [Update odom] 
1621093089415 [ROBOT STATUS: Rotating[False] Running[False] Stop[True]] 
1621093089415 [vx:0.0 vy:-0.0 yaw:-0.58] 
1621093089483 [Update odom] 
1621093089519 [ROBOT STATUS: Rotating[False] Running[False] Stop[True]] 
1621093089519 [vx:0.0 vy:-0.0 yaw:-0.58] 
1621093089583 [Update odom] 
1621093089617 [ROBOT STATUS: Rotating[False] Running[False] Stop[True]] 
1621093089617 [vx:0.0 vy:-0.0 yaw:-0.58] 
1621093089683 [Update odom] 
1621093089706 [ROBOT STATUS: Rotating[False] Running[False] Stop[True]] 
1621093089706 [vx:0.0 vy:-0.0 yaw:-0.58] 
1621093089783 [Update odom] 
1621093089801 [ROBOT STATUS: Rotating[False] Running[False] Stop[True]] 
1621093089801 [vx:0.0 vy:-0.0 yaw:-0.58] 
1621093089883 [Update odom] 
1621093089903 [ROBOT STATUS: Rotating[False] Running[False] Stop[True]] 
1621093089903 [vx:0.0 vy:-0.0 yaw:-0.58] 
1621093089983 [Update odom] 
1621093090008 [log_latest_command] [[ b y t e a r r a y ( b ' \ x a a \ x f f \ x a 0 \ x 0 2 I \ x 0 f \ x 0 e ' ) ]] 
1621093090031 [ROBOT STATUS: Rotating[False] Running[True] Stop[False]] 
1621093090031 [vx:0.0 vy:-0.0 yaw:-0.58] 
1621093090083 [Update odom] 
1621093090101 [ROBOT STATUS: Rotating[False] Running[True] Stop[False]] 
1621093090101 [vx:0.0819733396917 vy:-0.0537063458056 yaw:-0.58] 
1621093090183 [Update odom] 
1621093090212 [ROBOT STATUS: Rotating[False] Running[True] Stop[False]] 
1621093090212 [vx:0.123378240862 vy:-0.0808335306768 yaw:-0.58] 
1621093090283 [Update odom] 
1621093090304 [ROBOT STATUS: Rotating[False] Running[True] Stop[False]] 
1621093090304 [vx:0.130069942062 vy:-0.0852177221711 yaw:-0.58] 
1621093090385 [Update odom] 
1621093090408 [ROBOT STATUS: Rotating[False] Running[True] Stop[False]] 
1621093090409 [vx:0.136970758924 vy:-0.0897389196497 yaw:-0.58] 
1621093090476 [log_latest_command] [[ b y t e a r r a y ( b ' \ x a a \ x f f \ x a 0 \ x 0 2 I \ x 0 f \ x 0 e ' ) ]] 
1621093090508 [Update odom] 
1621093090549 [ROBOT STATUS: Rotating[False] Running[False] Stop[True]] 
1621093090549 [vx:0.0407775541834 vy:-0.0267161669186 yaw:-0.58] 
1621093090583 [Update odom] 
1621093090603 [ROBOT STATUS: Rotating[False] Running[False] Stop[True]] 
1621093090603 [vx:-0.00669170119932 vy:0.00438419149433 yaw:-0.58] 
1621093090682 [Update odom] 
1621093090720 [ROBOT STATUS: Rotating[False] Running[False] Stop[True]] 
1621093090720 [vx:0.0 vy:-0.0 yaw:-0.58] 
1621093090782 [Update odom] 
1621093090800 [ROBOT STATUS: Rotating[False] Running[False] Stop[True]] 
1621093090800 [vx:0.0 vy:-0.0 yaw:-0.58] 
1621093090882 [Update odom] 
1621093090900 [ROBOT STATUS: Rotating[False] Running[False] Stop[True]] 
1621093090900 [vx:0.0 vy:-0.0 yaw:-0.58] 
1621093090983 [Update odom] 
1621093091006 [ROBOT STATUS: Rotating[False] Running[False] Stop[True]] 
1621093091006 [vx:0.0 vy:-0.0 yaw:-0.58] 
1621093091083 [Update odom] 
1621093091110 [ROBOT STATUS: Rotating[False] Running[False] Stop[True]] 
1621093091111 [vx:0.0 vy:-0.0 yaw:-0.58] 
1621093091183 [Update odom] 
1621093091208 [ROBOT STATUS: Rotating[False] Running[False] Stop[True]] 
1621093091208 [vx:0.0 vy:-0.0 yaw:-0.58] 
1621093091283 [Update odom] 
1621093091306 [ROBOT STATUS: Rotating[False] Running[False] Stop[True]] 
1621093091306 [vx:0.0 vy:-0.0 yaw:-0.58] 
1621093091383 [Update odom] 
1621093091408 [ROBOT STATUS: Rotating[False] Running[False] Stop[True]] 
1621093091408 [vx:0.0 vy:-0.0 yaw:-0.58] 
1621093091484 [Update odom] 
1621093091509 [ROBOT STATUS: Rotating[False] Running[False] Stop[True]] 
1621093091509 [vx:0.0 vy:-0.0 yaw:-0.58] 
1621093091582 [Update odom] 
1621093091628 [ROBOT STATUS: Rotating[False] Running[False] Stop[True]] 
1621093091628 [vx:0.0 vy:-0.0 yaw:-0.58] 
1621093091682 [Update odom] 
1621093091705 [ROBOT STATUS: Rotating[False] Running[False] Stop[True]] 
1621093091705 [vx:0.0 vy:-0.0 yaw:-0.58] 
1621093091783 [Update odom] 
1621093091804 [ROBOT STATUS: Rotating[False] Running[False] Stop[True]] 
1621093091804 [vx:0.0 vy:-0.0 yaw:-0.58] 
1621093091848 [log_latest_command] [[ b y t e a r r a y ( b ' \ x a a \ x f f \ x a 0 \ x 0 2 I \ x 0 f \ x 0 e ' ) ]] 
1621093091883 [Update odom] 
1621093091909 [ROBOT STATUS: Rotating[False] Running[True] Stop[False]] 
1621093091909 [vx:0.0 vy:-0.0 yaw:-0.58] 
1621093091983 [Update odom] 
1621093092009 [ROBOT STATUS: Rotating[False] Running[True] Stop[False]] 
1621093092017 [vx:0.0 vy:-0.0 yaw:-0.58] 
1621093092083 [Update odom] 
1621093092100 [ROBOT STATUS: Rotating[False] Running[True] Stop[False]] 
1621093092100 [vx:0.0 vy:-0.0 yaw:-0.58] 
1621093092183 [Update odom] 
1621093092227 [ROBOT STATUS: Rotating[False] Running[True] Stop[False]] 
1621093092227 [vx:0.0 vy:-0.0 yaw:-0.58] 
1621093092283 [Update odom] 
1621093092308 [ROBOT STATUS: Rotating[False] Running[True] Stop[False]] 
1621093092308 [vx:0.0 vy:-0.0 yaw:-0.58] 
1621093092383 [Update odom] 
1621093092406 [ROBOT STATUS: Rotating[False] Running[True] Stop[False]] 
1621093092406 [vx:0.0 vy:-0.0 yaw:-0.58] 
1621093092483 [Update odom] 
1621093092508 [log_latest_command] [[ b y t e a r r a y ( b ' \ x a a \ x f f \ x a 0 \ x 0 2 I \ x 0 f \ x 0 e ' ) ]] 
1621093092528 [ROBOT STATUS: Rotating[False] Running[True] Stop[False]] 
1621093092528 [vx:0.0 vy:-0.0 yaw:-0.58] 
1621093092583 [Update odom] 
1621093092607 [ROBOT STATUS: Rotating[False] Running[True] Stop[False]] 
1621093092607 [vx:0.0957749734153 vy:-0.0627487407627 yaw:-0.58] 
1621093092682 [Update odom] 
1621093092715 [ROBOT STATUS: Rotating[False] Running[True] Stop[False]] 
1621093092715 [vx:0.123378240862 vy:-0.0808335306768 yaw:-0.58] 
1621093092783 [Update odom] 
1621093092804 [ROBOT STATUS: Rotating[False] Running[True] Stop[False]] 
1621093092804 [vx:0.130279057724 vy:-0.0853547281553 yaw:-0.58] 
1621093092883 [Update odom] 
1621093092916 [ROBOT STATUS: Rotating[False] Running[True] Stop[False]] 
1621093092916 [vx:0.143871575785 vy:-0.0942601171282 yaw:-0.58] 
1621093092983 [Update odom] 
1621093093000 [ROBOT STATUS: Rotating[False] Running[True] Stop[False]] 
1621093093001 [vx:0.130069942062 vy:-0.0852177221711 yaw:-0.58] 
1621093093088 [Update odom] 
1621093093115 [ROBOT STATUS: Rotating[False] Running[True] Stop[False]] 
1621093093115 [vx:0.136970758924 vy:-0.0897389196497 yaw:-0.58] 
1621093093183 [Update odom] 
1621093093203 [ROBOT STATUS: Rotating[False] Running[True] Stop[False]] 
1621093093203 [vx:0.143871575785 vy:-0.0942601171282 yaw:-0.58] 
1621093093250 [log_latest_command] [[ b y t e a r r a y ( b ' \ x a a \ x f f \ x a 0 \ x 0 2 I \ x 0 f \ x 0 e ' ) ]] 
1621093093283 [Update odom] 
1621093093317 [ROBOT STATUS: Rotating[False] Running[False] Stop[True]] 
1621093093317 [vx:0.0338767373216 vy:-0.0221949694401 yaw:-0.58] 
1621093093382 [Update odom] 
1621093093403 [ROBOT STATUS: Rotating[False] Running[False] Stop[True]] 
1621093093403 [vx:0.0 vy:-0.0 yaw:-0.58] 
1621093093483 [Update odom] 
1621093093519 [ROBOT STATUS: Rotating[False] Running[False] Stop[True]] 
1621093093519 [vx:0.0 vy:-0.0 yaw:-0.58] 
1621093093583 [Update odom] 
1621093093600 [ROBOT STATUS: Rotating[False] Running[False] Stop[True]] 
1621093093600 [vx:0.0 vy:-0.0 yaw:-0.58] 
1621093093682 [Update odom] 
1621093093706 [ROBOT STATUS: Rotating[False] Running[False] Stop[True]] 
1621093093706 [vx:0.0 vy:-0.0 yaw:-0.58] 
1621093093783 [Update odom] 
1621093093811 [ROBOT STATUS: Rotating[False] Running[False] Stop[True]] 
1621093093811 [vx:0.0 vy:-0.0 yaw:-0.58] 
1621093093883 [Update odom] 
1621093093904 [ROBOT STATUS: Rotating[False] Running[False] Stop[True]] 
1621093093904 [vx:0.0 vy:-0.0 yaw:-0.58] 
1621093093983 [Update odom] 
1621093094003 [ROBOT STATUS: Rotating[False] Running[False] Stop[True]] 
1621093094003 [vx:0.0 vy:-0.0 yaw:-0.58] 
1621093094083 [Update odom] 
1621093094104 [ROBOT STATUS: Rotating[False] Running[False] Stop[True]] 
1621093094104 [vx:0.0 vy:-0.0 yaw:-0.58] 
1621093094183 [Update odom] 
1621093094203 [ROBOT STATUS: Rotating[False] Running[False] Stop[True]] 
1621093094203 [vx:0.0 vy:-0.0 yaw:-0.58] 
1621093094283 [Update odom] 
1621093094304 [ROBOT STATUS: Rotating[False] Running[False] Stop[True]] 
1621093094304 [vx:0.0 vy:-0.0 yaw:-0.58] 
1621093094383 [Update odom] 
1621093094407 [ROBOT STATUS: Rotating[False] Running[False] Stop[True]] 
1621093094407 [vx:0.0 vy:-0.0 yaw:-0.58] 
1621093094483 [Update odom] 
1621093094508 [ROBOT STATUS: Rotating[False] Running[False] Stop[True]] 
1621093094508 [vx:0.0 vy:-0.0 yaw:-0.58] 
1621093094583 [Update odom] 
1621093094607 [ROBOT STATUS: Rotating[False] Running[False] Stop[True]] 
1621093094607 [vx:0.0 vy:-0.0 yaw:-0.58] 
1621093094683 [Update odom] 
1621093094711 [ROBOT STATUS: Rotating[False] Running[False] Stop[True]] 
1621093094711 [vx:0.0 vy:-0.0 yaw:-0.58] 
1621093094783 [Update odom] 
1621093094805 [ROBOT STATUS: Rotating[False] Running[False] Stop[True]] 
1621093094805 [vx:0.0 vy:-0.0 yaw:-0.58] 
1621093094883 [Update odom] 
1621093094907 [ROBOT STATUS: Rotating[False] Running[False] Stop[True]] 
1621093094907 [vx:0.0 vy:-0.0 yaw:-0.58] 
1621093094983 [Update odom] 
1621093095005 [ROBOT STATUS: Rotating[False] Running[False] Stop[True]] 
1621093095005 [vx:0.0 vy:-0.0 yaw:-0.58] 
1621093095083 [Update odom] 
1621093095111 [ROBOT STATUS: Rotating[False] Running[False] Stop[True]] 
1621093095111 [vx:0.0 vy:-0.0 yaw:-0.58] 
1621093095183 [Update odom] 
1621093095213 [ROBOT STATUS: Rotating[False] Running[False] Stop[True]] 
1621093095213 [vx:0.0 vy:-0.0 yaw:-0.58] 
1621093095283 [Update odom] 
1621093095307 [ROBOT STATUS: Rotating[False] Running[False] Stop[True]] 
1621093095307 [vx:0.0 vy:-0.0 yaw:-0.58] 
1621093095383 [Update odom] 
1621093095403 [ROBOT STATUS: Rotating[False] Running[False] Stop[True]] 
1621093095403 [vx:0.0 vy:-0.0 yaw:-0.58] 
1621093095483 [Update odom] 
1621093095505 [ROBOT STATUS: Rotating[False] Running[False] Stop[True]] 
1621093095505 [vx:0.0 vy:-0.0 yaw:-0.58] 
1621093095583 [Update odom] 
1621093095618 [ROBOT STATUS: Rotating[False] Running[False] Stop[True]] 
1621093095618 [vx:0.0 vy:-0.0 yaw:-0.58] 
1621093095683 [Update odom] 
1621093095701 [ROBOT STATUS: Rotating[False] Running[False] Stop[True]] 
1621093095701 [vx:0.0 vy:-0.0 yaw:-0.58] 
1621093095783 [Update odom] 
1621093095802 [ROBOT STATUS: Rotating[False] Running[False] Stop[True]] 
1621093095802 [vx:0.0 vy:-0.0 yaw:-0.58] 
1621093095883 [Update odom] 
1621093095906 [ROBOT STATUS: Rotating[False] Running[False] Stop[True]] 
1621093095906 [vx:0.0 vy:-0.0 yaw:-0.58] 
1621093095985 [Update odom] 
1621093096005 [ROBOT STATUS: Rotating[False] Running[False] Stop[True]] 
1621093096005 [vx:0.0 vy:-0.0 yaw:-0.58] 
1621093096083 [Update odom] 
1621093096110 [ROBOT STATUS: Rotating[False] Running[False] Stop[True]] 
1621093096110 [vx:0.0 vy:-0.0 yaw:-0.58] 
1621093096183 [Update odom] 
1621093096218 [ROBOT STATUS: Rotating[False] Running[False] Stop[True]] 
1621093096218 [vx:0.0 vy:-0.0 yaw:-0.58] 
1621093096282 [Update odom] 
1621093096301 [ROBOT STATUS: Rotating[False] Running[False] Stop[True]] 
1621093096301 [vx:0.0 vy:-0.0 yaw:-0.58] 
1621093096384 [Update odom] 
1621093096407 [ROBOT STATUS: Rotating[False] Running[False] Stop[True]] 
1621093096407 [vx:0.0 vy:-0.0 yaw:-0.58] 
1621093096483 [Update odom] 
1621093096504 [ROBOT STATUS: Rotating[False] Running[False] Stop[True]] 
1621093096504 [vx:0.0 vy:-0.0 yaw:-0.58] 
1621093096583 [Update odom] 
1621093096608 [ROBOT STATUS: Rotating[False] Running[False] Stop[True]] 
1621093096608 [vx:0.0 vy:-0.0 yaw:-0.58] 
1621093096682 [Update odom] 
1621093096706 [ROBOT STATUS: Rotating[False] Running[False] Stop[True]] 
1621093096706 [vx:0.0 vy:-0.0 yaw:-0.58] 
1621093096783 [Update odom] 
1621093096810 [ROBOT STATUS: Rotating[False] Running[False] Stop[True]] 
1621093096810 [vx:0.0 vy:-0.0 yaw:-0.58] 
1621093096882 [Update odom] 
1621093096904 [ROBOT STATUS: Rotating[False] Running[False] Stop[True]] 
1621093096904 [vx:0.0 vy:-0.0 yaw:-0.58] 
1621093096983 [Update odom] 
1621093097001 [ROBOT STATUS: Rotating[False] Running[False] Stop[True]] 
1621093097001 [vx:0.0 vy:-0.0 yaw:-0.58] 
1621093097083 [Update odom] 
1621093097100 [ROBOT STATUS: Rotating[False] Running[False] Stop[True]] 
1621093097100 [vx:0.0 vy:-0.0 yaw:-0.58] 
1621093097183 [Update odom] 
1621093097205 [ROBOT STATUS: Rotating[False] Running[False] Stop[True]] 
1621093097205 [vx:0.0 vy:-0.0 yaw:-0.58] 
1621093097283 [Update odom] 
1621093097305 [ROBOT STATUS: Rotating[False] Running[False] Stop[True]] 
1621093097305 [vx:0.0 vy:-0.0 yaw:-0.58] 
1621093097383 [Update odom] 
1621093097405 [ROBOT STATUS: Rotating[False] Running[False] Stop[True]] 
1621093097405 [vx:0.0 vy:-0.0 yaw:-0.58] 
1621093097482 [Update odom] 
1621093097504 [ROBOT STATUS: Rotating[False] Running[False] Stop[True]] 
1621093097504 [vx:0.0 vy:-0.0 yaw:-0.58] 
1621093097583 [Update odom] 
1621093097602 [ROBOT STATUS: Rotating[False] Running[False] Stop[True]] 
1621093097602 [vx:0.0 vy:-0.0 yaw:-0.58] 
1621093097683 [Update odom] 
1621093097700 [ROBOT STATUS: Rotating[False] Running[False] Stop[True]] 
1621093097700 [vx:0.0 vy:-0.0 yaw:-0.58] 
1621093097783 [Update odom] 
1621093097802 [ROBOT STATUS: Rotating[False] Running[False] Stop[True]] 
1621093097802 [vx:0.0 vy:-0.0 yaw:-0.58] 
1621093097883 [Update odom] 
1621093097908 [ROBOT STATUS: Rotating[False] Running[False] Stop[True]] 
1621093097908 [vx:0.0 vy:-0.0 yaw:-0.58] 
1621093097964 [log_latest_command] [[ b y t e a r r a y ( b ' \ x a a \ x f f \ x a 0 \ x 0 2 I \ x 0 f \ x 0 e ' ) ]] 
1621093097983 [Update odom] 
1621093098015 [ROBOT STATUS: Rotating[False] Running[True] Stop[False]] 
1621093098015 [vx:0.0476783710452 vy:-0.0312373643971 yaw:-0.58] 
1621093098083 [Update odom] 
1621093098100 [ROBOT STATUS: Rotating[False] Running[True] Stop[False]] 
1621093098100 [vx:0.0271850361222 vy:-0.0178107779457 yaw:-0.58] 
1621093098183 [Update odom] 
1621093098200 [ROBOT STATUS: Rotating[False] Running[True] Stop[False]] 
1621093098200 [vx:0.0271850361222 vy:-0.0178107779457 yaw:-0.58] 
1621093098283 [Update odom] 
1621093098304 [ROBOT STATUS: Rotating[False] Running[True] Stop[False]] 
1621093098304 [vx:0.0202842192604 vy:-0.0132895804672 yaw:-0.58] 
1621093098383 [Update odom] 
1621093098404 [ROBOT STATUS: Rotating[False] Running[True] Stop[False]] 
1621093098404 [vx:0.034085852984 vy:-0.0223319754243 yaw:-0.58] 
1621093098483 [Update odom] 
1621093098510 [ROBOT STATUS: Rotating[False] Running[True] Stop[False]] 
1621093098510 [vx:0.0204933349229 vy:-0.0134265864514 yaw:-0.58] 
1621093098583 [Update odom] 
1621093098615 [ROBOT STATUS: Rotating[False] Running[True] Stop[False]] 
1621093098615 [vx:0.0409866698458 vy:-0.0268531729028 yaw:-0.58] 
1621093098683 [Update odom] 
1621093098704 [ROBOT STATUS: Rotating[False] Running[True] Stop[False]] 
1621093098704 [vx:0.034085852984 vy:-0.0223319754243 yaw:-0.58] 
1621093098788 [Update odom] 
1621093098812 [ROBOT STATUS: Rotating[False] Running[True] Stop[False]] 
1621093098812 [vx:0.0409866698458 vy:-0.0268531729028 yaw:-0.58] 
1621093098883 [Update odom] 
1621093098902 [ROBOT STATUS: Rotating[False] Running[True] Stop[False]] 
1621093098902 [vx:0.0478874867076 vy:-0.0313743703813 yaw:-0.58] 
1621093098983 [Update odom] 
1621093099002 [ROBOT STATUS: Rotating[False] Running[True] Stop[False]] 
1621093099002 [vx:0.0271850361222 vy:-0.0178107779457 yaw:-0.58] 
1621093099083 [Update odom] 
1621093099107 [ROBOT STATUS: Rotating[False] Running[True] Stop[False]] 
1621093099107 [vx:0.0273941517847 vy:-0.0179477839299 yaw:-0.58] 
1621093099183 [Update odom] 
1621093099211 [ROBOT STATUS: Rotating[False] Running[True] Stop[False]] 
1621093099211 [vx:0.0204933349229 vy:-0.0134265864514 yaw:-0.58] 
1621093099283 [Update odom] 
1621093099313 [ROBOT STATUS: Rotating[False] Running[True] Stop[False]] 
1621093099313 [vx:0.0271850361222 vy:-0.0178107779457 yaw:-0.58] 
1621093099383 [Update odom] 
1621093099419 [ROBOT STATUS: Rotating[False] Running[True] Stop[False]] 
1621093099420 [vx:0.0273941517847 vy:-0.0179477839299 yaw:-0.58] 
1621093099483 [Update odom] 
1621093099524 [ROBOT STATUS: Rotating[False] Running[True] Stop[False]] 
1621093099525 [vx:0.0202842192604 vy:-0.0132895804672 yaw:-0.58] 
1621093099588 [Update odom] 
1621093099603 [log_latest_command] [[ b y t e a r r a y ( b ' \ x a a \ x f f \ x a 0 \ x 0 2 I \ x 0 f \ x 0 e ' ) ]] 
1621093099634 [ROBOT STATUS: Rotating[False] Running[False] Stop[True]] 
1621093099634 [vx:0.0202842192604 vy:-0.0132895804672 yaw:-0.58] 
1621093099682 [Update odom] 
1621093099713 [ROBOT STATUS: Rotating[False] Running[False] Stop[True]] 
1621093099713 [vx:-0.00669170119932 vy:0.00438419149433 yaw:-0.58] 
1621093099783 [Update odom] 
1621093099811 [ROBOT STATUS: Rotating[False] Running[False] Stop[True]] 
1621093099811 [vx:-0.00669170119932 vy:0.00438419149433 yaw:-0.58] 
1621093099883 [Update odom] 
1621093099910 [ROBOT STATUS: Rotating[False] Running[False] Stop[True]] 
1621093099910 [vx:-0.0135925180611 vy:0.00890538897287 yaw:-0.58] 
1621093099983 [Update odom] 
1621093100013 [ROBOT STATUS: Rotating[False] Running[False] Stop[True]] 
1621093100013 [vx:-0.00669170119932 vy:0.00438419149433 yaw:-0.58] 
1621093100083 [Update odom] 
1621093100111 [ROBOT STATUS: Rotating[False] Running[False] Stop[True]] 
1621093100112 [vx:0.00669170119932 vy:-0.00438419149433 yaw:-0.58] 
1621093100183 [Update odom] 
1621093100207 [ROBOT STATUS: Rotating[False] Running[False] Stop[True]] 
1621093100207 [vx:0.0133834023986 vy:-0.00876838298867 yaw:-0.58] 
1621093100282 [Update odom] 
1621093100303 [ROBOT STATUS: Rotating[False] Running[False] Stop[True]] 
1621093100303 [vx:0.0 vy:-0.0 yaw:-0.58] 
1621093100383 [Update odom] 
1621093100405 [ROBOT STATUS: Rotating[False] Running[False] Stop[True]] 
1621093100405 [vx:0.0 vy:-0.0 yaw:-0.58] 
1621093100483 [Update odom] 
1621093100509 [ROBOT STATUS: Rotating[False] Running[False] Stop[True]] 
1621093100509 [vx:-0.00669170119932 vy:0.00438419149433 yaw:-0.58] 
1621093100583 [Update odom] 
1621093100607 [ROBOT STATUS: Rotating[False] Running[False] Stop[True]] 
1621093100607 [vx:0.0 vy:-0.0 yaw:-0.58] 
1621093100683 [Update odom] 
1621093100705 [ROBOT STATUS: Rotating[False] Running[False] Stop[True]] 
1621093100705 [vx:0.0 vy:-0.0 yaw:-0.58] 
1621093100783 [Update odom] 
1621093100803 [ROBOT STATUS: Rotating[False] Running[False] Stop[True]] 
1621093100803 [vx:0.0 vy:-0.0 yaw:-0.58] 
1621093100883 [Update odom] 
1621093100902 [ROBOT STATUS: Rotating[False] Running[False] Stop[True]] 
1621093100902 [vx:0.0 vy:-0.0 yaw:-0.58] 
1621093100983 [Update odom] 
1621093101005 [ROBOT STATUS: Rotating[False] Running[False] Stop[True]] 
1621093101005 [vx:0.0 vy:-0.0 yaw:-0.58] 
1621093101083 [Update odom] 
1621093101104 [ROBOT STATUS: Rotating[False] Running[False] Stop[True]] 
1621093101105 [vx:0.0 vy:-0.0 yaw:-0.58] 
1621093101183 [Update odom] 
1621093101205 [ROBOT STATUS: Rotating[False] Running[False] Stop[True]] 
1621093101206 [vx:0.00669170119932 vy:-0.00438419149433 yaw:-0.58] 
1621093101283 [Update odom] 
1621093101305 [ROBOT STATUS: Rotating[False] Running[False] Stop[True]] 
1621093101306 [vx:0.0 vy:-0.0 yaw:-0.58] 
1621093101383 [Update odom] 
1621093101409 [ROBOT STATUS: Rotating[False] Running[False] Stop[True]] 
1621093101409 [vx:0.0 vy:-0.0 yaw:-0.58] 
1621093101483 [Update odom] 
1621093101510 [ROBOT STATUS: Rotating[False] Running[False] Stop[True]] 
1621093101510 [vx:0.0 vy:-0.0 yaw:-0.58] 
1621093101585 [Update odom] 
1621093101608 [ROBOT STATUS: Rotating[False] Running[False] Stop[True]] 
1621093101608 [vx:0.0 vy:-0.0 yaw:-0.58] 
1621093101683 [Update odom] 
1621093101712 [ROBOT STATUS: Rotating[False] Running[False] Stop[True]] 
1621093101712 [vx:0.0 vy:-0.0 yaw:-0.58] 
1621093101783 [Update odom] 
1621093101809 [ROBOT STATUS: Rotating[False] Running[False] Stop[True]] 
1621093101809 [vx:0.0 vy:-0.0 yaw:-0.58] 
1621093101883 [Update odom] 
1621093101914 [ROBOT STATUS: Rotating[False] Running[False] Stop[True]] 
1621093101915 [vx:0.0 vy:-0.0 yaw:-0.58] 
1621093101982 [Update odom] 
1621093102002 [ROBOT STATUS: Rotating[False] Running[False] Stop[True]] 
1621093102002 [vx:0.0 vy:-0.0 yaw:-0.58] 
1621093102083 [Update odom] 
1621093102105 [ROBOT STATUS: Rotating[False] Running[False] Stop[True]] 
1621093102105 [vx:0.0 vy:-0.0 yaw:-0.58] 
1621093102183 [Update odom] 
1621093102217 [ROBOT STATUS: Rotating[False] Running[False] Stop[True]] 
1621093102217 [vx:0.0 vy:-0.0 yaw:-0.58] 
1621093102283 [Update odom] 
1621093102307 [ROBOT STATUS: Rotating[False] Running[False] Stop[True]] 
1621093102307 [vx:0.0 vy:-0.0 yaw:-0.58] 
1621093102382 [Update odom] 
1621093102410 [ROBOT STATUS: Rotating[False] Running[False] Stop[True]] 
1621093102410 [vx:0.0 vy:-0.0 yaw:-0.58] 
1621093102483 [Update odom] 
1621093102501 [ROBOT STATUS: Rotating[False] Running[False] Stop[True]] 
1621093102501 [vx:0.0 vy:-0.0 yaw:-0.58] 
1621093102583 [Update odom] 
1621093102613 [ROBOT STATUS: Rotating[False] Running[False] Stop[True]] 
1621093102613 [vx:0.0 vy:-0.0 yaw:-0.58] 
1621093102683 [Update odom] 
1621093102702 [ROBOT STATUS: Rotating[False] Running[False] Stop[True]] 
1621093102702 [vx:0.0 vy:-0.0 yaw:-0.58] 
1621093102785 [Update odom] 
1621093102806 [ROBOT STATUS: Rotating[False] Running[False] Stop[True]] 
1621093102806 [vx:0.0 vy:-0.0 yaw:-0.58] 
1621093102883 [Update odom] 
1621093102903 [ROBOT STATUS: Rotating[False] Running[False] Stop[True]] 
1621093102903 [vx:0.0 vy:-0.0 yaw:-0.58] 
1621093102983 [Update odom] 
1621093103010 [ROBOT STATUS: Rotating[False] Running[False] Stop[True]] 
1621093103010 [vx:0.0 vy:-0.0 yaw:-0.58] 
1621093103082 [Update odom] 
1621093103100 [ROBOT STATUS: Rotating[False] Running[False] Stop[True]] 
1621093103100 [vx:0.0 vy:-0.0 yaw:-0.58] 
1621093103182 [Update odom] 
1621093103201 [ROBOT STATUS: Rotating[False] Running[False] Stop[True]] 
1621093103201 [vx:0.0 vy:-0.0 yaw:-0.58] 
1621093103282 [Update odom] 
1621093103300 [ROBOT STATUS: Rotating[False] Running[False] Stop[True]] 
1621093103300 [vx:0.0 vy:-0.0 yaw:-0.58] 
1621093103382 [Update odom] 
1621093103400 [ROBOT STATUS: Rotating[False] Running[False] Stop[True]] 
1621093103400 [vx:0.0 vy:-0.0 yaw:-0.58] 
1621093103482 [Update odom] 
1621093103504 [log_latest_command] [[ b y t e a r r a y ( b ' \ x a a \ x f f \ x a 0 \ x 0 2 I \ x 0 f \ x 0 e ' ) ]] 
1621093103515 [ROBOT STATUS: Rotating[False] Running[True] Stop[False]] 
1621093103515 [vx:0.0 vy:-0.0 yaw:-0.58] 
1621093103582 [Update odom] 
1621093103600 [ROBOT STATUS: Rotating[False] Running[True] Stop[False]] 
1621093103600 [vx:0.0135925180611 vy:-0.00890538897287 yaw:-0.58] 
1621093103683 [Update odom] 
1621093103707 [ROBOT STATUS: Rotating[False] Running[True] Stop[False]] 
1621093103707 [vx:0.034085852984 vy:-0.0223319754243 yaw:-0.58] 
1621093103783 [Update odom] 
1621093103804 [ROBOT STATUS: Rotating[False] Running[True] Stop[False]] 
1621093103804 [vx:0.0204933349229 vy:-0.0134265864514 yaw:-0.58] 
1621093103883 [Update odom] 
1621093103903 [ROBOT STATUS: Rotating[False] Running[True] Stop[False]] 
1621093103903 [vx:0.0271850361222 vy:-0.0178107779457 yaw:-0.58] 
1621093103983 [Update odom] 
1621093104002 [ROBOT STATUS: Rotating[False] Running[True] Stop[False]] 
1621093104002 [vx:0.0271850361222 vy:-0.0178107779457 yaw:-0.58] 
1621093104083 [Update odom] 
1621093104108 [ROBOT STATUS: Rotating[False] Running[True] Stop[False]] 
1621093104108 [vx:0.0271850361222 vy:-0.0178107779457 yaw:-0.58] 
1621093104183 [Update odom] 
1621093104205 [ROBOT STATUS: Rotating[False] Running[True] Stop[False]] 
1621093104205 [vx:0.0271850361222 vy:-0.0178107779457 yaw:-0.58] 
1621093104283 [Update odom] 
1621093104303 [ROBOT STATUS: Rotating[False] Running[True] Stop[False]] 
1621093104303 [vx:0.0342949686465 vy:-0.0224689814085 yaw:-0.58] 
1621093104383 [Update odom] 
1621093104412 [ROBOT STATUS: Rotating[False] Running[True] Stop[False]] 
1621093104412 [vx:0.0202842192604 vy:-0.0132895804672 yaw:-0.58] 
1621093104483 [Update odom] 
1621093104505 [ROBOT STATUS: Rotating[False] Running[True] Stop[False]] 
1621093104505 [vx:0.0204933349229 vy:-0.0134265864514 yaw:-0.58] 
1621093104583 [Update odom] 
1621093104603 [ROBOT STATUS: Rotating[False] Running[True] Stop[False]] 
1621093104603 [vx:0.0202842192604 vy:-0.0132895804672 yaw:-0.58] 
1621093104683 [Update odom] 
1621093104709 [ROBOT STATUS: Rotating[False] Running[True] Stop[False]] 
1621093104709 [vx:0.0271850361222 vy:-0.0178107779457 yaw:-0.58] 
1621093104783 [Update odom] 
1621093104800 [ROBOT STATUS: Rotating[False] Running[True] Stop[False]] 
1621093104800 [vx:0.0271850361222 vy:-0.0178107779457 yaw:-0.58] 
1621093104883 [Update odom] 
1621093104902 [ROBOT STATUS: Rotating[False] Running[True] Stop[False]] 
1621093104902 [vx:0.0202842192604 vy:-0.0132895804672 yaw:-0.58] 
1621093104982 [Update odom] 
1621093105000 [ROBOT STATUS: Rotating[False] Running[True] Stop[False]] 
1621093105000 [vx:0.00648258553684 vy:-0.00424718551014 yaw:-0.58] 
1621093105083 [Update odom] 
1621093105103 [ROBOT STATUS: Rotating[False] Running[True] Stop[False]] 
1621093105103 [vx:-0.000209115662479 vy:0.000137005984198 yaw:-0.58] 
1621093105185 [Update odom] 
1621093105213 [ROBOT STATUS: Rotating[False] Running[True] Stop[False]] 
1621093105213 [vx:0.0271850361222 vy:-0.0178107779457 yaw:-0.58] 
1621093105283 [Update odom] 
1621093105315 [ROBOT STATUS: Rotating[False] Running[True] Stop[False]] 
1621093105315 [vx:0.0271850361222 vy:-0.0178107779457 yaw:-0.58] 
1621093105383 [Update odom] 
1621093105400 [ROBOT STATUS: Rotating[False] Running[True] Stop[False]] 
1621093105400 [vx:0.0271850361222 vy:-0.0178107779457 yaw:-0.58] 
1621093105483 [Update odom] 
1621093105505 [ROBOT STATUS: Rotating[False] Running[True] Stop[False]] 
1621093105505 [vx:0.0202842192604 vy:-0.0132895804672 yaw:-0.58] 
1621093105583 [Update odom] 
1621093105603 [ROBOT STATUS: Rotating[False] Running[True] Stop[False]] 
1621093105603 [vx:0.0271850361222 vy:-0.0178107779457 yaw:-0.58] 
1621093105683 [Update odom] 
1621093105703 [ROBOT STATUS: Rotating[False] Running[True] Stop[False]] 
1621093105703 [vx:0.0271850361222 vy:-0.0178107779457 yaw:-0.58] 
1621093105782 [Update odom] 
1621093105803 [ROBOT STATUS: Rotating[False] Running[True] Stop[False]] 
1621093105803 [vx:0.034085852984 vy:-0.0223319754243 yaw:-0.58] 
1621093105883 [Update odom] 
1621093105913 [ROBOT STATUS: Rotating[False] Running[True] Stop[False]] 
1621093105913 [vx:0.0202842192604 vy:-0.0132895804672 yaw:-0.58] 
1621093105982 [Update odom] 
1621093106001 [ROBOT STATUS: Rotating[False] Running[True] Stop[False]] 
1621093106001 [vx:0.0271850361222 vy:-0.0178107779457 yaw:-0.58] 
1621093106083 [Update odom] 
1621093106108 [ROBOT STATUS: Rotating[False] Running[True] Stop[False]] 
1621093106108 [vx:0.034085852984 vy:-0.0223319754243 yaw:-0.58] 
1621093106183 [Update odom] 
1621093106203 [ROBOT STATUS: Rotating[False] Running[True] Stop[False]] 
1621093106203 [vx:0.0133834023986 vy:-0.00876838298867 yaw:-0.58] 
1621093106283 [Update odom] 
1621093106312 [ROBOT STATUS: Rotating[False] Running[True] Stop[False]] 
1621093106313 [vx:0.034085852984 vy:-0.0223319754243 yaw:-0.58] 
1621093106383 [Update odom] 
1621093106404 [ROBOT STATUS: Rotating[False] Running[True] Stop[False]] 
1621093106404 [vx:0.0271850361222 vy:-0.0178107779457 yaw:-0.58] 
1621093106483 [Update odom] 
1621093106506 [ROBOT STATUS: Rotating[False] Running[True] Stop[False]] 
1621093106506 [vx:0.034085852984 vy:-0.0223319754243 yaw:-0.58] 
1621093106582 [Update odom] 
1621093106600 [ROBOT STATUS: Rotating[False] Running[True] Stop[False]] 
1621093106600 [vx:0.034085852984 vy:-0.0223319754243 yaw:-0.58] 
1621093106683 [Update odom] 
1621093106707 [ROBOT STATUS: Rotating[False] Running[True] Stop[False]] 
1621093106707 [vx:0.0271850361222 vy:-0.0178107779457 yaw:-0.58] 
1621093106783 [Update odom] 
1621093106806 [ROBOT STATUS: Rotating[False] Running[True] Stop[False]] 
1621093106806 [vx:0.0271850361222 vy:-0.0178107779457 yaw:-0.58] 
1621093106883 [Update odom] 
1621093106905 [ROBOT STATUS: Rotating[False] Running[True] Stop[False]] 
1621093106905 [vx:0.0202842192604 vy:-0.0132895804672 yaw:-0.58] 
1621093106983 [Update odom] 
1621093107004 [ROBOT STATUS: Rotating[False] Running[True] Stop[False]] 
1621093107004 [vx:0.0271850361222 vy:-0.0178107779457 yaw:-0.58] 
1621093107083 [Update odom] 
1621093107107 [ROBOT STATUS: Rotating[False] Running[True] Stop[False]] 
1621093107107 [vx:0.0271850361222 vy:-0.0178107779457 yaw:-0.58] 
1621093107182 [Update odom] 
1621093107212 [ROBOT STATUS: Rotating[False] Running[True] Stop[False]] 
1621093107212 [vx:0.0271850361222 vy:-0.0178107779457 yaw:-0.58] 
1621093107282 [Update odom] 
1621093107325 [log_latest_command] [[ b y t e a r r a y ( b ' \ x a a \ x f f \ x a 0 \ x 0 2 I \ x 0 f \ x 0 e ' ) ]] 
1621093107356 [ROBOT STATUS: Rotating[False] Running[False] Stop[True]] 
1621093107357 [vx:0.034085852984 vy:-0.0223319754243 yaw:-0.58] 
1621093107383 [Update odom] 
1621093107403 [ROBOT STATUS: Rotating[False] Running[False] Stop[True]] 
1621093107403 [vx:-0.0069008168618 vy:0.00452119747853 yaw:-0.58] 
1621093107483 [Update odom] 
1621093107528 [ROBOT STATUS: Rotating[False] Running[False] Stop[True]] 
1621093107528 [vx:-0.0069008168618 vy:0.00452119747853 yaw:-0.58] 
1621093107582 [Update odom] 
1621093107604 [ROBOT STATUS: Rotating[False] Running[False] Stop[True]] 
1621093107604 [vx:-0.0135925180611 vy:0.00890538897287 yaw:-0.58] 
1621093107683 [Update odom] 
1621093107700 [ROBOT STATUS: Rotating[False] Running[False] Stop[True]] 
1621093107700 [vx:-0.0135925180611 vy:0.00890538897287 yaw:-0.58] 
1621093107783 [Update odom] 
1621093107804 [ROBOT STATUS: Rotating[False] Running[False] Stop[True]] 
1621093107804 [vx:-0.0135925180611 vy:0.00890538897287 yaw:-0.58] 
1621093107883 [Update odom] 
1621093107914 [ROBOT STATUS: Rotating[False] Running[False] Stop[True]] 
1621093107914 [vx:-0.0135925180611 vy:0.00890538897287 yaw:-0.58] 
1621093107983 [Update odom] 
1621093108004 [ROBOT STATUS: Rotating[False] Running[False] Stop[True]] 
1621093108004 [vx:-0.0135925180611 vy:0.00890538897287 yaw:-0.58] 
1621093108083 [Update odom] 
1621093108102 [ROBOT STATUS: Rotating[False] Running[False] Stop[True]] 
1621093108102 [vx:-0.00669170119932 vy:0.00438419149433 yaw:-0.58] 
1621093108214 [log_latest_command] [[ b y t e a r r a y ( b ' \ x a a \ x f f \ x a 0 \ x 0 2 I \ x 0 f \ x 0 e ' ) ]] 
1621093108228 [Update odom] 
1621093108268 [ROBOT STATUS: Rotating[False] Running[False] Stop[True]] 
1621093108268 [vx:-0.00669170119932 vy:0.00438419149433 yaw:-0.58] 
1621093108282 [Update odom] 
1621093108323 [ROBOT STATUS: Rotating[False] Running[False] Stop[True]] 
1621093108323 [vx:-0.0135925180611 vy:0.00890538897287 yaw:-0.58] 
1621093108383 [Update odom] 
1621093108408 [ROBOT STATUS: Rotating[False] Running[False] Stop[True]] 
1621093108408 [vx:-0.00669170119932 vy:0.00438419149433 yaw:-0.58] 
1621093108444 [log_latest_command] [[ b y t e a r r a y ( b ' \ x a a \ x f f \ x a 0 \ x 0 2 I \ x 0 f \ x 0 e ' ) ]] 
1621093108490 [Update odom] 
1621093108534 [ROBOT STATUS: Rotating[False] Running[False] Stop[True]] 
1621093108534 [vx:-0.00669170119932 vy:0.00438419149433 yaw:-0.58] 
1621093108582 [Update odom] 
1621093108602 [ROBOT STATUS: Rotating[False] Running[False] Stop[True]] 
1621093108602 [vx:-0.00669170119932 vy:0.00438419149433 yaw:-0.58] 
1621093108668 [log_latest_command] [[ b y t e a r r a y ( b ' \ x a a \ x f f \ x a 0 \ x 0 2 I \ x 0 f \ x 0 e ' ) ]] 
1621093108694 [Update odom] 
1621093108725 [ROBOT STATUS: Rotating[False] Running[False] Stop[True]] 
1621093108725 [vx:-0.00669170119932 vy:0.00438419149433 yaw:-0.58] 
1621093108783 [Update odom] 
1621093108818 [ROBOT STATUS: Rotating[False] Running[False] Stop[True]] 
1621093108819 [vx:0.0 vy:-0.0 yaw:-0.58] 
1621093108864 [log_latest_command] [[ b y t e a r r a y ( b ' \ x a a \ x f f \ x a 0 \ x 0 2 I \ x 0 f \ x 0 e ' ) ]] 
1621093108890 [Update odom] 
1621093108913 [ROBOT STATUS: Rotating[False] Running[False] Stop[True]] 
1621093108913 [vx:0.00669170119932 vy:-0.00438419149433 yaw:-0.58] 
1621093108983 [Update odom] 
1621093109010 [ROBOT STATUS: Rotating[False] Running[False] Stop[True]] 
1621093109010 [vx:0.00669170119932 vy:-0.00438419149433 yaw:-0.58] 
1621093109068 [log_latest_command] [[ b y t e a r r a y ( b ' \ x a a \ x f f \ x a 0 \ x 0 2 I \ x 0 f \ x 0 e ' ) ]] 
1621093109101 [Update odom] 
1621093109117 [ROBOT STATUS: Rotating[False] Running[False] Stop[True]] 
1621093109118 [vx:0.00669170119932 vy:-0.00438419149433 yaw:-0.58] 
1621093109183 [Update odom] 
1621093109206 [ROBOT STATUS: Rotating[False] Running[False] Stop[True]] 
1621093109206 [vx:0.00669170119932 vy:-0.00438419149433 yaw:-0.58] 
1621093109276 [log_latest_command] [[ b y t e a r r a y ( b ' \ x a a \ x f f \ x a 0 \ x 0 2 I \ x 0 f \ x 0 e ' ) ]] 
1621093109292 [Update odom] 
1621093109325 [ROBOT STATUS: Rotating[False] Running[False] Stop[True]] 
1621093109325 [vx:0.00669170119932 vy:-0.00438419149433 yaw:-0.58] 
1621093109383 [Update odom] 
1621093109405 [ROBOT STATUS: Rotating[False] Running[False] Stop[True]] 
1621093109405 [vx:0.00669170119932 vy:-0.00438419149433 yaw:-0.58] 
1621093109483 [Update odom] 
1621093109502 [ROBOT STATUS: Rotating[False] Running[False] Stop[True]] 
1621093109503 [vx:0.0 vy:-0.0 yaw:-0.58] 
1621093109583 [Update odom] 
1621093109625 [ROBOT STATUS: Rotating[False] Running[False] Stop[True]] 
1621093109626 [vx:0.0 vy:-0.0 yaw:-0.58] 
1621093109682 [Update odom] 
1621093109726 [ROBOT STATUS: Rotating[False] Running[False] Stop[True]] 
1621093109726 [vx:0.0 vy:-0.0 yaw:-0.58] 
1621093109782 [Update odom] 
1621093109809 [ROBOT STATUS: Rotating[False] Running[False] Stop[True]] 
1621093109809 [vx:0.0 vy:-0.0 yaw:-0.58] 
1621093109883 [Update odom] 
1621093109921 [ROBOT STATUS: Rotating[False] Running[False] Stop[True]] 
1621093109921 [vx:0.0 vy:-0.0 yaw:-0.58] 
1621093109983 [Update odom] 
1621093110000 [ROBOT STATUS: Rotating[False] Running[False] Stop[True]] 
1621093110000 [vx:-0.00669170119932 vy:0.00438419149433 yaw:-0.58] 
1621093110086 [Update odom] 
1621093110105 [ROBOT STATUS: Rotating[False] Running[False] Stop[True]] 
1621093110105 [vx:-0.0133834023986 vy:0.00876838298867 yaw:-0.58] 
1621093110183 [Update odom] 
1621093110204 [ROBOT STATUS: Rotating[False] Running[False] Stop[True]] 
1621093110205 [vx:-0.00669170119932 vy:0.00438419149433 yaw:-0.58] 
1621093110283 [Update odom] 
1621093110313 [ROBOT STATUS: Rotating[False] Running[False] Stop[True]] 
1621093110313 [vx:-0.00669170119932 vy:0.00438419149433 yaw:-0.58] 
1621093110382 [Update odom] 
1621093110405 [ROBOT STATUS: Rotating[False] Running[False] Stop[True]] 
1621093110405 [vx:-0.0202842192604 vy:0.0132895804672 yaw:-0.58] 
1621093110483 [Update odom] 
1621093110512 [ROBOT STATUS: Rotating[False] Running[False] Stop[True]] 
1621093110512 [vx:0.0 vy:-0.0 yaw:-0.58] 
1621093110584 [Update odom] 
1621093110615 [ROBOT STATUS: Rotating[False] Running[False] Stop[True]] 
1621093110615 [vx:-0.00669170119932 vy:0.00438419149433 yaw:-0.58] 
1621093110683 [Update odom] 
1621093110706 [ROBOT STATUS: Rotating[False] Running[False] Stop[True]] 
1621093110706 [vx:-0.00669170119932 vy:0.00438419149433 yaw:-0.58] 
1621093110783 [Update odom] 
1621093110803 [ROBOT STATUS: Rotating[False] Running[False] Stop[True]] 
1621093110803 [vx:-0.00669170119932 vy:0.00438419149433 yaw:-0.58] 
1621093110884 [Update odom] 
1621093110913 [ROBOT STATUS: Rotating[False] Running[False] Stop[True]] 
1621093110913 [vx:0.0 vy:-0.0 yaw:-0.58] 
1621093110983 [Update odom] 
1621093111013 [ROBOT STATUS: Rotating[False] Running[False] Stop[True]] 
1621093111013 [vx:-0.00669170119932 vy:0.00438419149433 yaw:-0.58] 
1621093111083 [Update odom] 
1621093111101 [ROBOT STATUS: Rotating[False] Running[False] Stop[True]] 
1621093111101 [vx:-0.00669170119932 vy:0.00438419149433 yaw:-0.58] 
1621093111183 [Update odom] 
1621093111201 [ROBOT STATUS: Rotating[False] Running[False] Stop[True]] 
1621093111201 [vx:-0.0133834023986 vy:0.00876838298867 yaw:-0.58] 
1621093111283 [Update odom] 
1621093111309 [ROBOT STATUS: Rotating[False] Running[False] Stop[True]] 
1621093111309 [vx:-0.00669170119932 vy:0.00438419149433 yaw:-0.58] 
1621093111383 [Update odom] 
1621093111400 [ROBOT STATUS: Rotating[False] Running[False] Stop[True]] 
1621093111400 [vx:0.0 vy:-0.0 yaw:-0.58] 
1621093111483 [Update odom] 
1621093111503 [ROBOT STATUS: Rotating[False] Running[False] Stop[True]] 
1621093111503 [vx:0.00669170119932 vy:-0.00438419149433 yaw:-0.58] 
1621093111583 [Update odom] 
1621093111616 [ROBOT STATUS: Rotating[False] Running[False] Stop[True]] 
1621093111616 [vx:0.00669170119932 vy:-0.00438419149433 yaw:-0.58] 
1621093111683 [Update odom] 
1621093111699 [ROBOT STATUS: Rotating[False] Running[False] Stop[True]] 
1621093111699 [vx:0.0 vy:-0.0 yaw:-0.58] 
1621093111783 [Update odom] 
1621093111801 [ROBOT STATUS: Rotating[False] Running[False] Stop[True]] 
1621093111801 [vx:0.0 vy:-0.0 yaw:-0.58] 
1621093111882 [Update odom] 
1621093111900 [ROBOT STATUS: Rotating[False] Running[False] Stop[True]] 
1621093111900 [vx:0.0 vy:-0.0 yaw:-0.58] 
1621093111982 [Update odom] 
1621093112000 [ROBOT STATUS: Rotating[False] Running[False] Stop[True]] 
1621093112000 [vx:0.0 vy:-0.0 yaw:-0.58] 
1621093112082 [Update odom] 
1621093112100 [ROBOT STATUS: Rotating[False] Running[False] Stop[True]] 
1621093112100 [vx:0.0 vy:-0.0 yaw:-0.58] 
1621093112183 [Update odom] 
1621093112205 [ROBOT STATUS: Rotating[False] Running[False] Stop[True]] 
1621093112205 [vx:0.00669170119932 vy:-0.00438419149433 yaw:-0.58] 
1621093112284 [Update odom] 
1621093112325 [ROBOT STATUS: Rotating[False] Running[False] Stop[True]] 
1621093112325 [vx:0.00669170119932 vy:-0.00438419149433 yaw:-0.58] 
1621093112383 [Update odom] 
1621093112402 [ROBOT STATUS: Rotating[False] Running[False] Stop[True]] 
1621093112402 [vx:-0.00669170119932 vy:0.00438419149433 yaw:-0.58] 
1621093112483 [Update odom] 
1621093112511 [ROBOT STATUS: Rotating[False] Running[False] Stop[True]] 
1621093112511 [vx:0.0 vy:-0.0 yaw:-0.58] 
1621093112583 [Update odom] 
1621093112607 [ROBOT STATUS: Rotating[False] Running[False] Stop[True]] 
1621093112607 [vx:0.0 vy:-0.0 yaw:-0.58] 
1621093112683 [Update odom] 
1621093112711 [ROBOT STATUS: Rotating[False] Running[False] Stop[True]] 
1621093112711 [vx:0.00669170119932 vy:-0.00438419149433 yaw:-0.58] 
1621093112783 [Update odom] 
1621093112802 [ROBOT STATUS: Rotating[False] Running[False] Stop[True]] 
1621093112802 [vx:0.0 vy:-0.0 yaw:-0.58] 
1621093112883 [Update odom] 
1621093112907 [ROBOT STATUS: Rotating[False] Running[False] Stop[True]] 
1621093112907 [vx:0.0 vy:-0.0 yaw:-0.58] 
1621093112983 [Update odom] 
1621093113014 [ROBOT STATUS: Rotating[False] Running[False] Stop[True]] 
1621093113014 [vx:0.0 vy:-0.0 yaw:-0.58] 
1621093113083 [Update odom] 
1621093113115 [ROBOT STATUS: Rotating[False] Running[False] Stop[True]] 
1621093113116 [vx:0.0 vy:-0.0 yaw:-0.58] 
1621093113183 [Update odom] 
1621093113204 [ROBOT STATUS: Rotating[False] Running[False] Stop[True]] 
1621093113204 [vx:0.0 vy:-0.0 yaw:-0.58] 
1621093113283 [Update odom] 
1621093113304 [ROBOT STATUS: Rotating[False] Running[False] Stop[True]] 
1621093113304 [vx:0.0 vy:-0.0 yaw:-0.58] 
1621093113383 [Update odom] 
1621093113414 [ROBOT STATUS: Rotating[False] Running[False] Stop[True]] 
1621093113414 [vx:0.0 vy:-0.0 yaw:-0.58] 
1621093113483 [Update odom] 
1621093113507 [ROBOT STATUS: Rotating[False] Running[False] Stop[True]] 
1621093113507 [vx:0.0 vy:-0.0 yaw:-0.58] 
1621093113583 [Update odom] 
1621093113606 [ROBOT STATUS: Rotating[False] Running[False] Stop[True]] 
1621093113606 [vx:0.0 vy:-0.0 yaw:-0.58] 
1621093113683 [Update odom] 
1621093113704 [ROBOT STATUS: Rotating[False] Running[False] Stop[True]] 
1621093113704 [vx:0.0 vy:-0.0 yaw:-0.58] 
1621093113783 [Update odom] 
1621093113804 [ROBOT STATUS: Rotating[False] Running[False] Stop[True]] 
1621093113804 [vx:0.0 vy:-0.0 yaw:-0.58] 
1621093113883 [Update odom] 
1621093113903 [ROBOT STATUS: Rotating[False] Running[False] Stop[True]] 
1621093113903 [vx:0.0 vy:-0.0 yaw:-0.58] 
1621093113983 [Update odom] 
1621093114008 [ROBOT STATUS: Rotating[False] Running[False] Stop[True]] 
1621093114008 [vx:0.0 vy:-0.0 yaw:-0.58] 
1621093114083 [Update odom] 
1621093114110 [ROBOT STATUS: Rotating[False] Running[False] Stop[True]] 
1621093114110 [vx:0.0 vy:-0.0 yaw:-0.58] 
1621093114182 [Update odom] 
1621093114209 [ROBOT STATUS: Rotating[False] Running[False] Stop[True]] 
1621093114209 [vx:0.0 vy:-0.0 yaw:-0.58] 
1621093114283 [Update odom] 
1621093114302 [ROBOT STATUS: Rotating[False] Running[False] Stop[True]] 
1621093114303 [vx:-0.00669170119932 vy:0.00438419149433 yaw:-0.58] 
1621093114383 [Update odom] 
1621093114404 [ROBOT STATUS: Rotating[False] Running[False] Stop[True]] 
1621093114404 [vx:0.0 vy:-0.0 yaw:-0.58] 
1621093114483 [Update odom] 
1621093114506 [ROBOT STATUS: Rotating[False] Running[False] Stop[True]] 
1621093114506 [vx:0.0 vy:-0.0 yaw:-0.58] 
1621093114583 [Update odom] 
1621093114606 [ROBOT STATUS: Rotating[False] Running[False] Stop[True]] 
1621093114606 [vx:-0.00669170119932 vy:0.00438419149433 yaw:-0.58] 
1621093114683 [Update odom] 
1621093114717 [ROBOT STATUS: Rotating[False] Running[False] Stop[True]] 
1621093114717 [vx:-0.0133834023986 vy:0.00876838298867 yaw:-0.58] 
1621093114783 [Update odom] 
1621093114821 [ROBOT STATUS: Rotating[False] Running[False] Stop[True]] 
1621093114821 [vx:0.00669170119932 vy:-0.00438419149433 yaw:-0.58] 
1621093114882 [Update odom] 
1621093114909 [ROBOT STATUS: Rotating[False] Running[False] Stop[True]] 
1621093114909 [vx:-0.00669170119932 vy:0.00438419149433 yaw:-0.58] 
1621093114983 [Update odom] 
1621093115008 [ROBOT STATUS: Rotating[False] Running[False] Stop[True]] 
1621093115008 [vx:-0.00669170119932 vy:0.00438419149433 yaw:-0.58] 
1621093115083 [Update odom] 
1621093115108 [ROBOT STATUS: Rotating[False] Running[False] Stop[True]] 
1621093115108 [vx:0.00669170119932 vy:-0.00438419149433 yaw:-0.58] 
1621093115183 [Update odom] 
1621093115202 [ROBOT STATUS: Rotating[False] Running[False] Stop[True]] 
1621093115202 [vx:0.0 vy:-0.0 yaw:-0.58] 
1621093115283 [Update odom] 
1621093115311 [ROBOT STATUS: Rotating[False] Running[False] Stop[True]] 
1621093115311 [vx:0.0 vy:-0.0 yaw:-0.58] 
1621093115383 [Update odom] 
1621093115412 [ROBOT STATUS: Rotating[False] Running[False] Stop[True]] 
1621093115412 [vx:0.0 vy:-0.0 yaw:-0.58] 
1621093115483 [Update odom] 
1621093115506 [ROBOT STATUS: Rotating[False] Running[False] Stop[True]] 
1621093115506 [vx:0.0 vy:-0.0 yaw:-0.58] 
1621093115584 [Update odom] 
1621093115612 [ROBOT STATUS: Rotating[False] Running[False] Stop[True]] 
1621093115612 [vx:0.0 vy:-0.0 yaw:-0.58] 
1621093115683 [Update odom] 
1621093115721 [ROBOT STATUS: Rotating[False] Running[False] Stop[True]] 
1621093115721 [vx:0.0 vy:-0.0 yaw:-0.58] 
1621093115783 [Update odom] 
1621093115828 [ROBOT STATUS: Rotating[False] Running[False] Stop[True]] 
1621093115828 [vx:0.0 vy:-0.0 yaw:-0.58] 
1621093115882 [Update odom] 
1621093115905 [ROBOT STATUS: Rotating[False] Running[False] Stop[True]] 
1621093115905 [vx:0.0 vy:-0.0 yaw:-0.58] 
1621093115983 [Update odom] 
1621093116000 [ROBOT STATUS: Rotating[False] Running[False] Stop[True]] 
1621093116000 [vx:0.00669170119932 vy:-0.00438419149433 yaw:-0.58] 
1621093116083 [Update odom] 
1621093116104 [ROBOT STATUS: Rotating[False] Running[False] Stop[True]] 
1621093116104 [vx:0.0 vy:-0.0 yaw:-0.58] 
1621093116190 [Update odom] 
1621093116220 [ROBOT STATUS: Rotating[False] Running[False] Stop[True]] 
1621093116220 [vx:0.0 vy:-0.0 yaw:-0.58] 
1621093116283 [Update odom] 
1621093116300 [ROBOT STATUS: Rotating[False] Running[False] Stop[True]] 
1621093116300 [vx:-0.00669170119932 vy:0.00438419149433 yaw:-0.58] 
1621093116382 [Update odom] 
1621093116409 [ROBOT STATUS: Rotating[False] Running[False] Stop[True]] 
1621093116409 [vx:-0.00669170119932 vy:0.00438419149433 yaw:-0.58] 
1621093116482 [Update odom] 
1621093116514 [ROBOT STATUS: Rotating[False] Running[False] Stop[True]] 
1621093116514 [vx:0.0 vy:-0.0 yaw:-0.58] 
1621093116582 [Update odom] 
1621093116600 [ROBOT STATUS: Rotating[False] Running[False] Stop[True]] 
1621093116600 [vx:0.0 vy:-0.0 yaw:-0.58] 
1621093116683 [Update odom] 
1621093116705 [ROBOT STATUS: Rotating[False] Running[False] Stop[True]] 
1621093116705 [vx:0.0 vy:-0.0 yaw:-0.58] 
1621093116783 [Update odom] 
1621093116814 [ROBOT STATUS: Rotating[False] Running[False] Stop[True]] 
1621093116814 [vx:-0.00669170119932 vy:0.00438419149433 yaw:-0.58] 
1621093116883 [Update odom] 
1621093116916 [ROBOT STATUS: Rotating[False] Running[False] Stop[True]] 
1621093116916 [vx:-0.00669170119932 vy:0.00438419149433 yaw:-0.58] 
1621093116983 [Update odom] 
1621093117000 [ROBOT STATUS: Rotating[False] Running[False] Stop[True]] 
1621093117000 [vx:0.0 vy:-0.0 yaw:-0.58] 
1621093117083 [Update odom] 
1621093117107 [ROBOT STATUS: Rotating[False] Running[False] Stop[True]] 
1621093117107 [vx:0.0 vy:-0.0 yaw:-0.58] 
1621093117183 [Update odom] 
1621093117210 [ROBOT STATUS: Rotating[False] Running[False] Stop[True]] 
1621093117210 [vx:-0.00669170119932 vy:0.00438419149433 yaw:-0.58] 
1621093117283 [Update odom] 
1621093117306 [ROBOT STATUS: Rotating[False] Running[False] Stop[True]] 
1621093117306 [vx:0.0 vy:-0.0 yaw:-0.58] 
1621093117383 [Update odom] 
1621093117401 [ROBOT STATUS: Rotating[False] Running[False] Stop[True]] 
1621093117401 [vx:0.0 vy:-0.0 yaw:-0.58] 
1621093117483 [Update odom] 
1621093117501 [ROBOT STATUS: Rotating[False] Running[False] Stop[True]] 
1621093117501 [vx:0.0 vy:-0.0 yaw:-0.58] 
1621093117583 [Update odom] 
1621093117604 [ROBOT STATUS: Rotating[False] Running[False] Stop[True]] 
1621093117605 [vx:0.0 vy:-0.0 yaw:-0.58] 
1621093117683 [Update odom] 
1621093117704 [ROBOT STATUS: Rotating[False] Running[False] Stop[True]] 
1621093117704 [vx:0.0 vy:-0.0 yaw:-0.58] 
1621093117782 [Update odom] 
1621093117804 [ROBOT STATUS: Rotating[False] Running[False] Stop[True]] 
1621093117804 [vx:0.0 vy:-0.0 yaw:-0.58] 
1621093117883 [Update odom] 
1621093117909 [ROBOT STATUS: Rotating[False] Running[False] Stop[True]] 
1621093117909 [vx:0.0 vy:-0.0 yaw:-0.58] 
1621093117983 [Update odom] 
1621093118005 [ROBOT STATUS: Rotating[False] Running[False] Stop[True]] 
1621093118005 [vx:0.0 vy:-0.0 yaw:-0.58] 
1621093118083 [Update odom] 
1621093118110 [ROBOT STATUS: Rotating[False] Running[False] Stop[True]] 
1621093118110 [vx:0.0 vy:-0.0 yaw:-0.58] 
1621093118184 [Update odom] 
1621093118215 [ROBOT STATUS: Rotating[False] Running[False] Stop[True]] 
1621093118215 [vx:0.0 vy:-0.0 yaw:-0.58] 
1621093118283 [Update odom] 
1621093118302 [ROBOT STATUS: Rotating[False] Running[False] Stop[True]] 
1621093118302 [vx:0.0 vy:-0.0 yaw:-0.58] 
1621093118389 [Update odom] 
1621093118451 [ROBOT STATUS: Rotating[False] Running[False] Stop[True]] 
1621093118451 [vx:0.0 vy:-0.0 yaw:-0.58] 
