1619627273671 [Opening serial port: /dev/ttyTHS1.] 
1619627273973 [The robot is connected to ] [/dev/ttyTHS1] 
1619627273973 [Initial robot's topic...] 
1619627280499 [Data from: [w]] 
1619627281564 [log_latest_command] [[ b y t e a r r a y ( b ' \ x a a \ x f f \ x a 2 \ x 8 8 \ x 1 3 \ x 0 0 \ x 8 8 \ x 1 3 \ x 0 0 \ x 0 3 \ x 8 1 \ n \ r ' ) ]] 
1619627281564 [Data from: [w]] 
1619627283122 [log_latest_command] [[ b y t e a r r a y ( b ' \ x a a \ x f f \ x a 2 \ x 8 8 \ x 1 3 \ x 0 0 \ x 8 8 \ x 1 3 \ x 0 0 \ x 0 3 \ x 8 1 \ n \ r ' ) ]] 
1619627283122 [Data from: [w]] 
1619627284177 [log_latest_command] [[ b y t e a r r a y ( b ' \ x a a \ x f f \ x a 2 \ x 8 8 \ x 1 3 \ x 0 0 \ x 8 8 \ x 1 3 \ x 0 0 \ x 0 3 \ x 8 1 \ n \ r ' ) ]] 
1619627284177 [Data from: [w]] 
1619627285231 [log_latest_command] [[ b y t e a r r a y ( b ' \ x a a \ x f f \ x a 2 \ x 8 8 \ x 1 3 \ x 0 0 \ x 8 8 \ x 1 3 \ x 0 0 \ x 0 3 \ x 8 1 \ n \ r ' ) ]] 
1619627285232 [Data from: [w]] 
1619627286288 [log_latest_command] [[ b y t e a r r a y ( b ' \ x a a \ x f f \ x a 2 \ x 8 8 \ x 1 3 \ x 0 0 \ x 8 8 \ x 1 3 \ x 0 0 \ x 0 3 \ x 8 1 \ n \ r ' ) ]] 
1619627286288 [Data from: [w]] 
1619627287341 [log_latest_command] [[ b y t e a r r a y ( b ' \ x a a \ x f f \ x a 2 \ x 8 8 \ x 1 3 \ x 0 0 \ x 8 8 \ x 1 3 \ x 0 0 \ x 0 3 \ x 8 1 \ n \ r ' ) ]] 
1619627287341 [Data from: [w]] 
1619627288399 [log_latest_command] [[ b y t e a r r a y ( b ' \ x a a \ x f f \ x a 2 \ x 8 8 \ x 1 3 \ x 0 0 \ x 8 8 \ x 1 3 \ x 0 0 \ x 0 3 \ x 8 1 \ n \ r ' ) ]] 
1619627288399 [Data from: [w]] 
1619627289451 [log_latest_command] [[ b y t e a r r a y ( b ' \ x a a \ x f f \ x a 2 \ x 8 8 \ x 1 3 \ x 0 0 \ x 8 8 \ x 1 3 \ x 0 0 \ x 0 3 \ x 8 1 \ n \ r ' ) ]] 
1619627289451 [Data from: [w]] 
1619627290506 [log_latest_command] [[ b y t e a r r a y ( b ' \ x a a \ x f f \ x a 2 \ x 8 8 \ x 1 3 \ x 0 0 \ x 8 8 \ x 1 3 \ x 0 0 \ x 0 3 \ x 8 1 \ n \ r ' ) ]] 
1619627290506 [Data from: [w]] 
1619627292057 [log_latest_command] [[ b y t e a r r a y ( b ' \ x a a \ x f f \ x a 2 \ x 8 8 \ x 1 3 \ x 0 0 \ x 8 8 \ x 1 3 \ x 0 0 \ x 0 3 \ x 8 1 \ n \ r ' ) ]] 
1619627292057 [Data from: [w]] 
1619627293111 [log_latest_command] [[ b y t e a r r a y ( b ' \ x a a \ x f f \ x a 2 \ x 8 8 \ x 1 3 \ x 0 0 \ x 8 8 \ x 1 3 \ x 0 0 \ x 0 3 \ x 8 1 \ n \ r ' ) ]] 
1619627293111 [Data from: [w]] 
1619627294666 [log_latest_command] [[ b y t e a r r a y ( b ' \ x a a \ x f f \ x a 2 \ x 8 8 \ x 1 3 \ x 0 0 \ x 8 8 \ x 1 3 \ x 0 0 \ x 0 3 \ x 8 1 \ n \ r ' ) ]] 
1619627294666 [Data from: [w]] 
1619627295726 [log_latest_command] [[ b y t e a r r a y ( b ' \ x a a \ x f f \ x a 2 \ x 8 8 \ x 1 3 \ x 0 0 \ x 8 8 \ x 1 3 \ x 0 0 \ x 0 3 \ x 8 1 \ n \ r ' ) ]] 
1619627295726 [Data from: [w]] 
1619627296782 [log_latest_command] [[ b y t e a r r a y ( b ' \ x a a \ x f f \ x a 2 \ x 8 8 \ x 1 3 \ x 0 0 \ x 8 8 \ x 1 3 \ x 0 0 \ x 0 3 \ x 8 1 \ n \ r ' ) ]] 
1619627296782 [Data from: [w]] 
1619627297836 [log_latest_command] [[ b y t e a r r a y ( b ' \ x a a \ x f f \ x a 2 \ x 8 8 \ x 1 3 \ x 0 0 \ x 8 8 \ x 1 3 \ x 0 0 \ x 0 3 \ x 8 1 \ n \ r ' ) ]] 
1619627297836 [Data from: [ ]] 
1619627298060 [log_latest_command] [[ b y t e a r r a y ( b ' \ x a a \ x f f \ x a 5 \ x 0 2 N \ n \ r ' ) ]] 
1619627298060 [Data from: [s]] 
1619627298061 [handle_key_command@Exception] [Traceback (most recent call last):
  File "/home/khoixx/dev_ros1_ws/src/execute/src/Robot.py", line 106, in handle_command
    self.set_speed([-self._current_speed, -self._current_speed])
  File "/home/khoixx/dev_ros1_ws/src/execute/src/robot_control.py", line 300, in set_speed
    self.__robot_serial.set_speed(speed_data)
  File "/home/khoixx/dev_ros1_ws/src/execute/src/robot_command.py", line 105, in set_speed
    command += struct.pack("<Hb", speed, sign)
error: ushort format requires 0 <= number <= USHRT_MAX
] 
1619627298061 [Data from: [ ]] 
1619627298785 [log_latest_command] [[ b y t e a r r a y ( b ' \ x a a \ x f f \ x a 5 \ x 0 2 N \ n \ r ' ) ]] 
1619627298785 [Data from: [s]] 
1619627298785 [handle_key_command@Exception] [Traceback (most recent call last):
  File "/home/khoixx/dev_ros1_ws/src/execute/src/Robot.py", line 106, in handle_command
    self.set_speed([-self._current_speed, -self._current_speed])
  File "/home/khoixx/dev_ros1_ws/src/execute/src/robot_control.py", line 300, in set_speed
    self.__robot_serial.set_speed(speed_data)
  File "/home/khoixx/dev_ros1_ws/src/execute/src/robot_command.py", line 105, in set_speed
    command += struct.pack("<Hb", speed, sign)
error: ushort format requires 0 <= number <= USHRT_MAX
] 
1619627298785 [Data from: [s]] 
1619627298785 [handle_key_command@Exception] [Traceback (most recent call last):
  File "/home/khoixx/dev_ros1_ws/src/execute/src/Robot.py", line 106, in handle_command
    self.set_speed([-self._current_speed, -self._current_speed])
  File "/home/khoixx/dev_ros1_ws/src/execute/src/robot_control.py", line 300, in set_speed
    self.__robot_serial.set_speed(speed_data)
  File "/home/khoixx/dev_ros1_ws/src/execute/src/robot_command.py", line 105, in set_speed
    command += struct.pack("<Hb", speed, sign)
error: ushort format requires 0 <= number <= USHRT_MAX
] 
1619627298785 [Data from: [s]] 
1619627298786 [handle_key_command@Exception] [Traceback (most recent call last):
  File "/home/khoixx/dev_ros1_ws/src/execute/src/Robot.py", line 106, in handle_command
    self.set_speed([-self._current_speed, -self._current_speed])
  File "/home/khoixx/dev_ros1_ws/src/execute/src/robot_control.py", line 300, in set_speed
    self.__robot_serial.set_speed(speed_data)
  File "/home/khoixx/dev_ros1_ws/src/execute/src/robot_command.py", line 105, in set_speed
    command += struct.pack("<Hb", speed, sign)
error: ushort format requires 0 <= number <= USHRT_MAX
] 
1619627298786 [Data from: [s]] 
1619627298786 [handle_key_command@Exception] [Traceback (most recent call last):
  File "/home/khoixx/dev_ros1_ws/src/execute/src/Robot.py", line 106, in handle_command
    self.set_speed([-self._current_speed, -self._current_speed])
  File "/home/khoixx/dev_ros1_ws/src/execute/src/robot_control.py", line 300, in set_speed
    self.__robot_serial.set_speed(speed_data)
  File "/home/khoixx/dev_ros1_ws/src/execute/src/robot_command.py", line 105, in set_speed
    command += struct.pack("<Hb", speed, sign)
error: ushort format requires 0 <= number <= USHRT_MAX
] 
1619627298786 [Data from: [s]] 
1619627298786 [handle_key_command@Exception] [Traceback (most recent call last):
  File "/home/khoixx/dev_ros1_ws/src/execute/src/Robot.py", line 106, in handle_command
    self.set_speed([-self._current_speed, -self._current_speed])
  File "/home/khoixx/dev_ros1_ws/src/execute/src/robot_control.py", line 300, in set_speed
    self.__robot_serial.set_speed(speed_data)
  File "/home/khoixx/dev_ros1_ws/src/execute/src/robot_command.py", line 105, in set_speed
    command += struct.pack("<Hb", speed, sign)
error: ushort format requires 0 <= number <= USHRT_MAX
] 
1619627298786 [Data from: [s]] 
1619627298786 [handle_key_command@Exception] [Traceback (most recent call last):
  File "/home/khoixx/dev_ros1_ws/src/execute/src/Robot.py", line 106, in handle_command
    self.set_speed([-self._current_speed, -self._current_speed])
  File "/home/khoixx/dev_ros1_ws/src/execute/src/robot_control.py", line 300, in set_speed
    self.__robot_serial.set_speed(speed_data)
  File "/home/khoixx/dev_ros1_ws/src/execute/src/robot_command.py", line 105, in set_speed
    command += struct.pack("<Hb", speed, sign)
error: ushort format requires 0 <= number <= USHRT_MAX
] 
1619627298786 [Data from: [s]] 
1619627298786 [handle_key_command@Exception] [Traceback (most recent call last):
  File "/home/khoixx/dev_ros1_ws/src/execute/src/Robot.py", line 106, in handle_command
    self.set_speed([-self._current_speed, -self._current_speed])
  File "/home/khoixx/dev_ros1_ws/src/execute/src/robot_control.py", line 300, in set_speed
    self.__robot_serial.set_speed(speed_data)
  File "/home/khoixx/dev_ros1_ws/src/execute/src/robot_command.py", line 105, in set_speed
    command += struct.pack("<Hb", speed, sign)
error: ushort format requires 0 <= number <= USHRT_MAX
] 
1619627298786 [Data from: [s]] 
1619627298787 [handle_key_command@Exception] [Traceback (most recent call last):
  File "/home/khoixx/dev_ros1_ws/src/execute/src/Robot.py", line 106, in handle_command
    self.set_speed([-self._current_speed, -self._current_speed])
  File "/home/khoixx/dev_ros1_ws/src/execute/src/robot_control.py", line 300, in set_speed
    self.__robot_serial.set_speed(speed_data)
  File "/home/khoixx/dev_ros1_ws/src/execute/src/robot_command.py", line 105, in set_speed
    command += struct.pack("<Hb", speed, sign)
error: ushort format requires 0 <= number <= USHRT_MAX
] 
1619627298787 [Data from: [s]] 
1619627298787 [handle_key_command@Exception] [Traceback (most recent call last):
  File "/home/khoixx/dev_ros1_ws/src/execute/src/Robot.py", line 106, in handle_command
    self.set_speed([-self._current_speed, -self._current_speed])
  File "/home/khoixx/dev_ros1_ws/src/execute/src/robot_control.py", line 300, in set_speed
    self.__robot_serial.set_speed(speed_data)
  File "/home/khoixx/dev_ros1_ws/src/execute/src/robot_command.py", line 105, in set_speed
    command += struct.pack("<Hb", speed, sign)
error: ushort format requires 0 <= number <= USHRT_MAX
] 
1619627298787 [Data from: [s]] 
1619627298787 [handle_key_command@Exception] [Traceback (most recent call last):
  File "/home/khoixx/dev_ros1_ws/src/execute/src/Robot.py", line 106, in handle_command
    self.set_speed([-self._current_speed, -self._current_speed])
  File "/home/khoixx/dev_ros1_ws/src/execute/src/robot_control.py", line 300, in set_speed
    self.__robot_serial.set_speed(speed_data)
  File "/home/khoixx/dev_ros1_ws/src/execute/src/robot_command.py", line 105, in set_speed
    command += struct.pack("<Hb", speed, sign)
error: ushort format requires 0 <= number <= USHRT_MAX
] 
1619627298787 [Data from: [s]] 
1619627298787 [handle_key_command@Exception] [Traceback (most recent call last):
  File "/home/khoixx/dev_ros1_ws/src/execute/src/Robot.py", line 106, in handle_command
    self.set_speed([-self._current_speed, -self._current_speed])
  File "/home/khoixx/dev_ros1_ws/src/execute/src/robot_control.py", line 300, in set_speed
    self.__robot_serial.set_speed(speed_data)
  File "/home/khoixx/dev_ros1_ws/src/execute/src/robot_command.py", line 105, in set_speed
    command += struct.pack("<Hb", speed, sign)
error: ushort format requires 0 <= number <= USHRT_MAX
] 
1619627298787 [Data from: [s]] 
1619627298787 [handle_key_command@Exception] [Traceback (most recent call last):
  File "/home/khoixx/dev_ros1_ws/src/execute/src/Robot.py", line 106, in handle_command
    self.set_speed([-self._current_speed, -self._current_speed])
  File "/home/khoixx/dev_ros1_ws/src/execute/src/robot_control.py", line 300, in set_speed
    self.__robot_serial.set_speed(speed_data)
  File "/home/khoixx/dev_ros1_ws/src/execute/src/robot_command.py", line 105, in set_speed
    command += struct.pack("<Hb", speed, sign)
error: ushort format requires 0 <= number <= USHRT_MAX
] 
1619627298787 [Data from: [ ]] 
1619627301957 [log_latest_command] [[ b y t e a r r a y ( b ' \ x a a \ x f f \ x a 5 \ x 0 2 N \ n \ r ' ) ]] 
1619627301957 [Data from: [a]] 
1619627303011 [log_latest_command] [[ b y t e a r r a y ( b ' \ x a a \ x f f \ x a 2 \ x c 4 \ t \ x 0 0 \ x 8 8 \ x 1 3 \ x 0 0 \ x 0 3 \ x b 3 \ n \ r ' ) ]] 
1619627303011 [Data from: [ ]] 
1619627305674 [log_latest_command] [[ b y t e a r r a y ( b ' \ x a a \ x f f \ x a 5 \ x 0 2 N \ n \ r ' ) ]] 
1619627305674 [Data from: [s]] 
1619627305674 [handle_key_command@Exception] [Traceback (most recent call last):
  File "/home/khoixx/dev_ros1_ws/src/execute/src/Robot.py", line 106, in handle_command
    self.set_speed([-self._current_speed, -self._current_speed])
  File "/home/khoixx/dev_ros1_ws/src/execute/src/robot_control.py", line 300, in set_speed
    self.__robot_serial.set_speed(speed_data)
  File "/home/khoixx/dev_ros1_ws/src/execute/src/robot_command.py", line 105, in set_speed
    command += struct.pack("<Hb", speed, sign)
error: ushort format requires 0 <= number <= USHRT_MAX
] 
1619627305831 [Data from: [ ]] 
1619627306059 [log_latest_command] [[ b y t e a r r a y ( b ' \ x a a \ x f f \ x a 5 \ x 0 2 N \ n \ r ' ) ]] 
1619627306059 [Data from: [s]] 
1619627306060 [handle_key_command@Exception] [Traceback (most recent call last):
  File "/home/khoixx/dev_ros1_ws/src/execute/src/Robot.py", line 106, in handle_command
    self.set_speed([-self._current_speed, -self._current_speed])
  File "/home/khoixx/dev_ros1_ws/src/execute/src/robot_control.py", line 300, in set_speed
    self.__robot_serial.set_speed(speed_data)
  File "/home/khoixx/dev_ros1_ws/src/execute/src/robot_command.py", line 105, in set_speed
    command += struct.pack("<Hb", speed, sign)
error: ushort format requires 0 <= number <= USHRT_MAX
] 
1619627306060 [Data from: [ ]] 
1619627307542 [log_latest_command] [[ b y t e a r r a y ( b ' \ x a a \ x f f \ x a 5 \ x 0 2 N \ n \ r ' ) ]] 
1619627307542 [Data from: [s]] 
1619627307542 [handle_key_command@Exception] [Traceback (most recent call last):
  File "/home/khoixx/dev_ros1_ws/src/execute/src/Robot.py", line 106, in handle_command
    self.set_speed([-self._current_speed, -self._current_speed])
  File "/home/khoixx/dev_ros1_ws/src/execute/src/robot_control.py", line 300, in set_speed
    self.__robot_serial.set_speed(speed_data)
  File "/home/khoixx/dev_ros1_ws/src/execute/src/robot_command.py", line 105, in set_speed
    command += struct.pack("<Hb", speed, sign)
error: ushort format requires 0 <= number <= USHRT_MAX
] 
1619627307619 [Data from: [ ]] 
1619627308506 [log_latest_command] [[ b y t e a r r a y ( b ' \ x a a \ x f f \ x a 5 \ x 0 2 N \ n \ r ' ) ]] 
1619627308506 [Data from: [s]] 
1619627308507 [handle_key_command@Exception] [Traceback (most recent call last):
  File "/home/khoixx/dev_ros1_ws/src/execute/src/Robot.py", line 106, in handle_command
    self.set_speed([-self._current_speed, -self._current_speed])
  File "/home/khoixx/dev_ros1_ws/src/execute/src/robot_control.py", line 300, in set_speed
    self.__robot_serial.set_speed(speed_data)
  File "/home/khoixx/dev_ros1_ws/src/execute/src/robot_command.py", line 105, in set_speed
    command += struct.pack("<Hb", speed, sign)
error: ushort format requires 0 <= number <= USHRT_MAX
] 
1619627308740 [Data from: [ ]] 
1619627308961 [log_latest_command] [[ b y t e a r r a y ( b ' \ x a a \ x f f \ x a 5 \ x 0 2 N \ n \ r ' ) ]] 
1619627308961 [Data from: [s]] 
1619627308962 [handle_key_command@Exception] [Traceback (most recent call last):
  File "/home/khoixx/dev_ros1_ws/src/execute/src/Robot.py", line 106, in handle_command
    self.set_speed([-self._current_speed, -self._current_speed])
  File "/home/khoixx/dev_ros1_ws/src/execute/src/robot_control.py", line 300, in set_speed
    self.__robot_serial.set_speed(speed_data)
  File "/home/khoixx/dev_ros1_ws/src/execute/src/robot_command.py", line 105, in set_speed
    command += struct.pack("<Hb", speed, sign)
error: ushort format requires 0 <= number <= USHRT_MAX
] 
1619627309053 [Data from: [ ]] 
1619627309765 [log_latest_command] [[ b y t e a r r a y ( b ' \ x a a \ x f f \ x a 5 \ x 0 2 N \ n \ r ' ) ]] 
1619627309765 [Data from: [s]] 
1619627309765 [handle_key_command@Exception] [Traceback (most recent call last):
  File "/home/khoixx/dev_ros1_ws/src/execute/src/Robot.py", line 106, in handle_command
    self.set_speed([-self._current_speed, -self._current_speed])
  File "/home/khoixx/dev_ros1_ws/src/execute/src/robot_control.py", line 300, in set_speed
    self.__robot_serial.set_speed(speed_data)
  File "/home/khoixx/dev_ros1_ws/src/execute/src/robot_command.py", line 105, in set_speed
    command += struct.pack("<Hb", speed, sign)
error: ushort format requires 0 <= number <= USHRT_MAX
] 
1619627309765 [Data from: [ ]] 
1619627309989 [log_latest_command] [[ b y t e a r r a y ( b ' \ x a a \ x f f \ x a 5 \ x 0 2 N \ n \ r ' ) ]] 
1619627309989 [Data from: [s]] 
1619627309990 [handle_key_command@Exception] [Traceback (most recent call last):
  File "/home/khoixx/dev_ros1_ws/src/execute/src/Robot.py", line 106, in handle_command
    self.set_speed([-self._current_speed, -self._current_speed])
  File "/home/khoixx/dev_ros1_ws/src/execute/src/robot_control.py", line 300, in set_speed
    self.__robot_serial.set_speed(speed_data)
  File "/home/khoixx/dev_ros1_ws/src/execute/src/robot_command.py", line 105, in set_speed
    command += struct.pack("<Hb", speed, sign)
error: ushort format requires 0 <= number <= USHRT_MAX
] 
1619627309990 [Data from: [ ]] 
1619627311997 [log_latest_command] [[ b y t e a r r a y ( b ' \ x a a \ x f f \ x a 5 \ x 0 2 N \ n \ r ' ) ]] 
1619627311997 [Data from: [s]] 
1619627311998 [handle_key_command@Exception] [Traceback (most recent call last):
  File "/home/khoixx/dev_ros1_ws/src/execute/src/Robot.py", line 106, in handle_command
    self.set_speed([-self._current_speed, -self._current_speed])
  File "/home/khoixx/dev_ros1_ws/src/execute/src/robot_control.py", line 300, in set_speed
    self.__robot_serial.set_speed(speed_data)
  File "/home/khoixx/dev_ros1_ws/src/execute/src/robot_command.py", line 105, in set_speed
    command += struct.pack("<Hb", speed, sign)
error: ushort format requires 0 <= number <= USHRT_MAX
] 
1619627312100 [Data from: [ ]] 
1619627312961 [log_latest_command] [[ b y t e a r r a y ( b ' \ x a a \ x f f \ x a 5 \ x 0 2 N \ n \ r ' ) ]] 
1619627312961 [Data from: [w]] 
1619627314015 [log_latest_command] [[ b y t e a r r a y ( b ' \ x a a \ x f f \ x a 2 \ x 8 8 \ x 1 3 \ x 0 0 \ x 8 8 \ x 1 3 \ x 0 0 \ x 0 3 \ x 8 1 \ n \ r ' ) ]] 
1619627314015 [Data from: [ ]] 
1619627315317 [log_latest_command] [[ b y t e a r r a y ( b ' \ x a a \ x f f \ x a 5 \ x 0 2 N \ n \ r ' ) ]] 
1619627315317 [Data from: [d]] 
1619627316370 [log_latest_command] [[ b y t e a r r a y ( b ' \ x a a \ x f f \ x a 2 \ x 8 8 \ x 1 3 \ x 0 0 \ x c 4 \ t \ x 0 0 \ x 0 3 \ x b 3 \ n \ r ' ) ]] 
1619627316370 [Data from: [ ]] 
1619627317405 [log_latest_command] [[ b y t e a r r a y ( b ' \ x a a \ x f f \ x a 5 \ x 0 2 N \ n \ r ' ) ]] 
1619627317405 [Data from: [d]] 
1619627318460 [log_latest_command] [[ b y t e a r r a y ( b ' \ x a a \ x f f \ x a 2 \ x 8 8 \ x 1 3 \ x 0 0 \ x c 4 \ t \ x 0 0 \ x 0 3 \ x b 3 \ n \ r ' ) ]] 
1619627318460 [Data from: [ ]] 
1619627319117 [log_latest_command] [[ b y t e a r r a y ( b ' \ x a a \ x f f \ x a 5 \ x 0 2 N \ n \ r ' ) ]] 
1619627319117 [Data from: [a]] 
1619627320170 [log_latest_command] [[ b y t e a r r a y ( b ' \ x a a \ x f f \ x a 2 \ x c 4 \ t \ x 0 0 \ x 8 8 \ x 1 3 \ x 0 0 \ x 0 3 \ x b 3 \ n \ r ' ) ]] 
1619627320170 [Data from: [ ]] 
1619627321199 [log_latest_command] [[ b y t e a r r a y ( b ' \ x a a \ x f f \ x a 5 \ x 0 2 N \ n \ r ' ) ]] 
1619627321199 [Data from: [a]] 
1619627322255 [log_latest_command] [[ b y t e a r r a y ( b ' \ x a a \ x f f \ x a 2 \ x c 4 \ t \ x 0 0 \ x 8 8 \ x 1 3 \ x 0 0 \ x 0 3 \ x b 3 \ n \ r ' ) ]] 
1619627322255 [Data from: [ ]] 
1619627322973 [log_latest_command] [[ b y t e a r r a y ( b ' \ x a a \ x f f \ x a 5 \ x 0 2 N \ n \ r ' ) ]] 
1619627322973 [Data from: [w]] 
1619627324038 [log_latest_command] [[ b y t e a r r a y ( b ' \ x a a \ x f f \ x a 2 \ x 8 8 \ x 1 3 \ x 0 0 \ x 8 8 \ x 1 3 \ x 0 0 \ x 0 3 \ x 8 1 \ n \ r ' ) ]] 
1619627324038 [Data from: [ ]] 
1619627326309 [log_latest_command] [[ b y t e a r r a y ( b ' \ x a a \ x f f \ x a 5 \ x 0 2 N \ n \ r ' ) ]] 
1619627326309 [Data from: [s]] 
1619627326310 [handle_key_command@Exception] [Traceback (most recent call last):
  File "/home/khoixx/dev_ros1_ws/src/execute/src/Robot.py", line 106, in handle_command
    self.set_speed([-self._current_speed, -self._current_speed])
  File "/home/khoixx/dev_ros1_ws/src/execute/src/robot_control.py", line 300, in set_speed
    self.__robot_serial.set_speed(speed_data)
  File "/home/khoixx/dev_ros1_ws/src/execute/src/robot_command.py", line 105, in set_speed
    command += struct.pack("<Hb", speed, sign)
error: ushort format requires 0 <= number <= USHRT_MAX
] 
1619627326405 [Data from: [ ]] 
1619627328095 [log_latest_command] [[ b y t e a r r a y ( b ' \ x a a \ x f f \ x a 5 \ x 0 2 N \ n \ r ' ) ]] 
1619627328095 [Data from: [ ]] 
1619627329478 [log_latest_command] [[ b y t e a r r a y ( b ' \ x a a \ x f f \ x a 5 \ x 0 2 N \ n \ r ' ) ]] 
1619627329483 [Data from: [d]] 
1619627330534 [log_latest_command] [[ b y t e a r r a y ( b ' \ x a a \ x f f \ x a 2 \ x 8 8 \ x 1 3 \ x 0 0 \ x c 4 \ t \ x 0 0 \ x 0 3 \ x b 3 \ n \ r ' ) ]] 
1619627330534 [Data from: [ ]] 
1619627332226 [log_latest_command] [[ b y t e a r r a y ( b ' \ x a a \ x f f \ x a 5 \ x 0 2 N \ n \ r ' ) ]] 
1619627332226 [Data from: [d]] 
1619627333284 [log_latest_command] [[ b y t e a r r a y ( b ' \ x a a \ x f f \ x a 2 \ x 8 8 \ x 1 3 \ x 0 0 \ x c 4 \ t \ x 0 0 \ x 0 3 \ x b 3 \ n \ r ' ) ]] 
1619627333284 [Data from: [ ]] 
1619627333997 [log_latest_command] [[ b y t e a r r a y ( b ' \ x a a \ x f f \ x a 5 \ x 0 2 N \ n \ r ' ) ]] 
1619627333998 [Data from: [d]] 
1619627335053 [log_latest_command] [[ b y t e a r r a y ( b ' \ x a a \ x f f \ x a 2 \ x 8 8 \ x 1 3 \ x 0 0 \ x c 4 \ t \ x 0 0 \ x 0 3 \ x b 3 \ n \ r ' ) ]] 
1619627335053 [Data from: [ ]] 
1619627335630 [log_latest_command] [[ b y t e a r r a y ( b ' \ x a a \ x f f \ x a 5 \ x 0 2 N \ n \ r ' ) ]] 
1619627335630 [Data from: [d]] 
1619627336684 [log_latest_command] [[ b y t e a r r a y ( b ' \ x a a \ x f f \ x a 2 \ x 8 8 \ x 1 3 \ x 0 0 \ x c 4 \ t \ x 0 0 \ x 0 3 \ x b 3 \ n \ r ' ) ]] 
1619627336684 [Data from: [ ]] 
1619627339077 [log_latest_command] [[ b y t e a r r a y ( b ' \ x a a \ x f f \ x a 5 \ x 0 2 N \ n \ r ' ) ]] 
1619627339077 [Data from: [d]] 
1619627340129 [log_latest_command] [[ b y t e a r r a y ( b ' \ x a a \ x f f \ x a 2 \ x 8 8 \ x 1 3 \ x 0 0 \ x c 4 \ t \ x 0 0 \ x 0 3 \ x b 3 \ n \ r ' ) ]] 
1619627340129 [Data from: [ ]] 
1619627342638 [log_latest_command] [[ b y t e a r r a y ( b ' \ x a a \ x f f \ x a 5 \ x 0 2 N \ n \ r ' ) ]] 
1619627342638 [Data from: [d]] 
1619627343693 [log_latest_command] [[ b y t e a r r a y ( b ' \ x a a \ x f f \ x a 2 \ x 8 8 \ x 1 3 \ x 0 0 \ x c 4 \ t \ x 0 0 \ x 0 3 \ x b 3 \ n \ r ' ) ]] 
1619627343693 [Data from: [ ]] 
1619627344766 [log_latest_command] [[ b y t e a r r a y ( b ' \ x a a \ x f f \ x a 5 \ x 0 2 N \ n \ r ' ) ]] 
1619627344766 [Data from: [a]] 
1619627345818 [log_latest_command] [[ b y t e a r r a y ( b ' \ x a a \ x f f \ x a 2 \ x c 4 \ t \ x 0 0 \ x 8 8 \ x 1 3 \ x 0 0 \ x 0 3 \ x b 3 \ n \ r ' ) ]] 
1619627345819 [Data from: [ ]] 
1619627346302 [log_latest_command] [[ b y t e a r r a y ( b ' \ x a a \ x f f \ x a 5 \ x 0 2 N \ n \ r ' ) ]] 
1619627346302 [Data from: [a]] 
1619627347359 [log_latest_command] [[ b y t e a r r a y ( b ' \ x a a \ x f f \ x a 2 \ x c 4 \ t \ x 0 0 \ x 8 8 \ x 1 3 \ x 0 0 \ x 0 3 \ x b 3 \ n \ r ' ) ]] 
1619627347359 [Data from: [ ]] 
1619627348661 [log_latest_command] [[ b y t e a r r a y ( b ' \ x a a \ x f f \ x a 5 \ x 0 2 N \ n \ r ' ) ]] 
1619627348661 [Data from: [d]] 
1619627349712 [log_latest_command] [[ b y t e a r r a y ( b ' \ x a a \ x f f \ x a 2 \ x 8 8 \ x 1 3 \ x 0 0 \ x c 4 \ t \ x 0 0 \ x 0 3 \ x b 3 \ n \ r ' ) ]] 
1619627349712 [Data from: [ ]] 
1619627355422 [log_latest_command] [[ b y t e a r r a y ( b ' \ x a a \ x f f \ x a 5 \ x 0 2 N \ n \ r ' ) ]] 
1619627355422 [Data from: [w]] 
1619627356483 [log_latest_command] [[ b y t e a r r a y ( b ' \ x a a \ x f f \ x a 2 \ x 8 8 \ x 1 3 \ x 0 0 \ x 8 8 \ x 1 3 \ x 0 0 \ x 0 3 \ x 8 1 \ n \ r ' ) ]] 
1619627356483 [Data from: [ ]] 
1619627356798 [log_latest_command] [[ b y t e a r r a y ( b ' \ x a a \ x f f \ x a 5 \ x 0 2 N \ n \ r ' ) ]] 
1619627356798 [Data from: [w]] 
1619627357853 [log_latest_command] [[ b y t e a r r a y ( b ' \ x a a \ x f f \ x a 2 \ x 8 8 \ x 1 3 \ x 0 0 \ x 8 8 \ x 1 3 \ x 0 0 \ x 0 3 \ x 8 1 \ n \ r ' ) ]] 
1619627357853 [Data from: [w]] 
1619627358907 [log_latest_command] [[ b y t e a r r a y ( b ' \ x a a \ x f f \ x a 2 \ x 8 8 \ x 1 3 \ x 0 0 \ x 8 8 \ x 1 3 \ x 0 0 \ x 0 3 \ x 8 1 \ n \ r ' ) ]] 
1619627358907 [Data from: [w]] 
1619627359965 [log_latest_command] [[ b y t e a r r a y ( b ' \ x a a \ x f f \ x a 2 \ x 8 8 \ x 1 3 \ x 0 0 \ x 8 8 \ x 1 3 \ x 0 0 \ x 0 3 \ x 8 1 \ n \ r ' ) ]] 
1619627359965 [Data from: [w]] 
1619627361022 [log_latest_command] [[ b y t e a r r a y ( b ' \ x a a \ x f f \ x a 2 \ x 8 8 \ x 1 3 \ x 0 0 \ x 8 8 \ x 1 3 \ x 0 0 \ x 0 3 \ x 8 1 \ n \ r ' ) ]] 
1619627361023 [Data from: [w]] 
1619627362077 [log_latest_command] [[ b y t e a r r a y ( b ' \ x a a \ x f f \ x a 2 \ x 8 8 \ x 1 3 \ x 0 0 \ x 8 8 \ x 1 3 \ x 0 0 \ x 0 3 \ x 8 1 \ n \ r ' ) ]] 
1619627362077 [Data from: [w]] 
1619627363127 [log_latest_command] [[ b y t e a r r a y ( b ' \ x a a \ x f f \ x a 2 \ x 8 8 \ x 1 3 \ x 0 0 \ x 8 8 \ x 1 3 \ x 0 0 \ x 0 3 \ x 8 1 \ n \ r ' ) ]] 
1619627363127 [Data from: [w]] 
1619627364177 [log_latest_command] [[ b y t e a r r a y ( b ' \ x a a \ x f f \ x a 2 \ x 8 8 \ x 1 3 \ x 0 0 \ x 8 8 \ x 1 3 \ x 0 0 \ x 0 3 \ x 8 1 \ n \ r ' ) ]] 
1619627364177 [Data from: [w]] 
1619627365232 [log_latest_command] [[ b y t e a r r a y ( b ' \ x a a \ x f f \ x a 2 \ x 8 8 \ x 1 3 \ x 0 0 \ x 8 8 \ x 1 3 \ x 0 0 \ x 0 3 \ x 8 1 \ n \ r ' ) ]] 
1619627365232 [Data from: [w]] 
1619627366287 [log_latest_command] [[ b y t e a r r a y ( b ' \ x a a \ x f f \ x a 2 \ x 8 8 \ x 1 3 \ x 0 0 \ x 8 8 \ x 1 3 \ x 0 0 \ x 0 3 \ x 8 1 \ n \ r ' ) ]] 
1619627366287 [Data from: [w]] 
1619627367347 [log_latest_command] [[ b y t e a r r a y ( b ' \ x a a \ x f f \ x a 2 \ x 8 8 \ x 1 3 \ x 0 0 \ x 8 8 \ x 1 3 \ x 0 0 \ x 0 3 \ x 8 1 \ n \ r ' ) ]] 
1619627367347 [Data from: [w]] 
1619627368402 [log_latest_command] [[ b y t e a r r a y ( b ' \ x a a \ x f f \ x a 2 \ x 8 8 \ x 1 3 \ x 0 0 \ x 8 8 \ x 1 3 \ x 0 0 \ x 0 3 \ x 8 1 \ n \ r ' ) ]] 
1619627368402 [Data from: [w]] 
1619627369458 [log_latest_command] [[ b y t e a r r a y ( b ' \ x a a \ x f f \ x a 2 \ x 8 8 \ x 1 3 \ x 0 0 \ x 8 8 \ x 1 3 \ x 0 0 \ x 0 3 \ x 8 1 \ n \ r ' ) ]] 
1619627369458 [Data from: [w]] 
1619627370512 [log_latest_command] [[ b y t e a r r a y ( b ' \ x a a \ x f f \ x a 2 \ x 8 8 \ x 1 3 \ x 0 0 \ x 8 8 \ x 1 3 \ x 0 0 \ x 0 3 \ x 8 1 \ n \ r ' ) ]] 
1619627370512 [Data from: [w]] 
1619627371567 [log_latest_command] [[ b y t e a r r a y ( b ' \ x a a \ x f f \ x a 2 \ x 8 8 \ x 1 3 \ x 0 0 \ x 8 8 \ x 1 3 \ x 0 0 \ x 0 3 \ x 8 1 \ n \ r ' ) ]] 
1619627371567 [Data from: [w]] 
1619627372622 [log_latest_command] [[ b y t e a r r a y ( b ' \ x a a \ x f f \ x a 2 \ x 8 8 \ x 1 3 \ x 0 0 \ x 8 8 \ x 1 3 \ x 0 0 \ x 0 3 \ x 8 1 \ n \ r ' ) ]] 
1619627372622 [Data from: [w]] 
1619627373677 [log_latest_command] [[ b y t e a r r a y ( b ' \ x a a \ x f f \ x a 2 \ x 8 8 \ x 1 3 \ x 0 0 \ x 8 8 \ x 1 3 \ x 0 0 \ x 0 3 \ x 8 1 \ n \ r ' ) ]] 
1619627373677 [Data from: [w]] 
1619627374731 [log_latest_command] [[ b y t e a r r a y ( b ' \ x a a \ x f f \ x a 2 \ x 8 8 \ x 1 3 \ x 0 0 \ x 8 8 \ x 1 3 \ x 0 0 \ x 0 3 \ x 8 1 \ n \ r ' ) ]] 
1619627374731 [Data from: [w]] 
1619627375783 [log_latest_command] [[ b y t e a r r a y ( b ' \ x a a \ x f f \ x a 2 \ x 8 8 \ x 1 3 \ x 0 0 \ x 8 8 \ x 1 3 \ x 0 0 \ x 0 3 \ x 8 1 \ n \ r ' ) ]] 
1619627375783 [Data from: [w]] 
1619627376836 [log_latest_command] [[ b y t e a r r a y ( b ' \ x a a \ x f f \ x a 2 \ x 8 8 \ x 1 3 \ x 0 0 \ x 8 8 \ x 1 3 \ x 0 0 \ x 0 3 \ x 8 1 \ n \ r ' ) ]] 
1619627376836 [Data from: [w]] 
1619627377892 [log_latest_command] [[ b y t e a r r a y ( b ' \ x a a \ x f f \ x a 2 \ x 8 8 \ x 1 3 \ x 0 0 \ x 8 8 \ x 1 3 \ x 0 0 \ x 0 3 \ x 8 1 \ n \ r ' ) ]] 
1619627377892 [Data from: [w]] 
1619627378946 [log_latest_command] [[ b y t e a r r a y ( b ' \ x a a \ x f f \ x a 2 \ x 8 8 \ x 1 3 \ x 0 0 \ x 8 8 \ x 1 3 \ x 0 0 \ x 0 3 \ x 8 1 \ n \ r ' ) ]] 
1619627378946 [Data from: [w]] 
1619627379996 [log_latest_command] [[ b y t e a r r a y ( b ' \ x a a \ x f f \ x a 2 \ x 8 8 \ x 1 3 \ x 0 0 \ x 8 8 \ x 1 3 \ x 0 0 \ x 0 3 \ x 8 1 \ n \ r ' ) ]] 
1619627379996 [Data from: [w]] 
1619627381052 [log_latest_command] [[ b y t e a r r a y ( b ' \ x a a \ x f f \ x a 2 \ x 8 8 \ x 1 3 \ x 0 0 \ x 8 8 \ x 1 3 \ x 0 0 \ x 0 3 \ x 8 1 \ n \ r ' ) ]] 
1619627381052 [Data from: [w]] 
1619627382106 [log_latest_command] [[ b y t e a r r a y ( b ' \ x a a \ x f f \ x a 2 \ x 8 8 \ x 1 3 \ x 0 0 \ x 8 8 \ x 1 3 \ x 0 0 \ x 0 3 \ x 8 1 \ n \ r ' ) ]] 
1619627382109 [Data from: [w]] 
1619627383161 [log_latest_command] [[ b y t e a r r a y ( b ' \ x a a \ x f f \ x a 2 \ x 8 8 \ x 1 3 \ x 0 0 \ x 8 8 \ x 1 3 \ x 0 0 \ x 0 3 \ x 8 1 \ n \ r ' ) ]] 
1619627383161 [Data from: [w]] 
1619627384211 [log_latest_command] [[ b y t e a r r a y ( b ' \ x a a \ x f f \ x a 2 \ x 8 8 \ x 1 3 \ x 0 0 \ x 8 8 \ x 1 3 \ x 0 0 \ x 0 3 \ x 8 1 \ n \ r ' ) ]] 
1619627384211 [Data from: [w]] 
1619627385261 [log_latest_command] [[ b y t e a r r a y ( b ' \ x a a \ x f f \ x a 2 \ x 8 8 \ x 1 3 \ x 0 0 \ x 8 8 \ x 1 3 \ x 0 0 \ x 0 3 \ x 8 1 \ n \ r ' ) ]] 
1619627385261 [Data from: [w]] 
1619627386316 [log_latest_command] [[ b y t e a r r a y ( b ' \ x a a \ x f f \ x a 2 \ x 8 8 \ x 1 3 \ x 0 0 \ x 8 8 \ x 1 3 \ x 0 0 \ x 0 3 \ x 8 1 \ n \ r ' ) ]] 
1619627386316 [Data from: [w]] 
1619627387371 [log_latest_command] [[ b y t e a r r a y ( b ' \ x a a \ x f f \ x a 2 \ x 8 8 \ x 1 3 \ x 0 0 \ x 8 8 \ x 1 3 \ x 0 0 \ x 0 3 \ x 8 1 \ n \ r ' ) ]] 
1619627387371 [Data from: [w]] 
1619627388426 [log_latest_command] [[ b y t e a r r a y ( b ' \ x a a \ x f f \ x a 2 \ x 8 8 \ x 1 3 \ x 0 0 \ x 8 8 \ x 1 3 \ x 0 0 \ x 0 3 \ x 8 1 \ n \ r ' ) ]] 
1619627388426 [Data from: [w]] 
1619627389481 [log_latest_command] [[ b y t e a r r a y ( b ' \ x a a \ x f f \ x a 2 \ x 8 8 \ x 1 3 \ x 0 0 \ x 8 8 \ x 1 3 \ x 0 0 \ x 0 3 \ x 8 1 \ n \ r ' ) ]] 
1619627389481 [Data from: [w]] 
1619627390535 [log_latest_command] [[ b y t e a r r a y ( b ' \ x a a \ x f f \ x a 2 \ x 8 8 \ x 1 3 \ x 0 0 \ x 8 8 \ x 1 3 \ x 0 0 \ x 0 3 \ x 8 1 \ n \ r ' ) ]] 
1619627390535 [Data from: [w]] 
1619627391586 [log_latest_command] [[ b y t e a r r a y ( b ' \ x a a \ x f f \ x a 2 \ x 8 8 \ x 1 3 \ x 0 0 \ x 8 8 \ x 1 3 \ x 0 0 \ x 0 3 \ x 8 1 \ n \ r ' ) ]] 
1619627391586 [Data from: [w]] 
1619627392641 [log_latest_command] [[ b y t e a r r a y ( b ' \ x a a \ x f f \ x a 2 \ x 8 8 \ x 1 3 \ x 0 0 \ x 8 8 \ x 1 3 \ x 0 0 \ x 0 3 \ x 8 1 \ n \ r ' ) ]] 
1619627392641 [Data from: [w]] 
1619627393695 [log_latest_command] [[ b y t e a r r a y ( b ' \ x a a \ x f f \ x a 2 \ x 8 8 \ x 1 3 \ x 0 0 \ x 8 8 \ x 1 3 \ x 0 0 \ x 0 3 \ x 8 1 \ n \ r ' ) ]] 
1619627393695 [Data from: [w]] 
1619627394746 [log_latest_command] [[ b y t e a r r a y ( b ' \ x a a \ x f f \ x a 2 \ x 8 8 \ x 1 3 \ x 0 0 \ x 8 8 \ x 1 3 \ x 0 0 \ x 0 3 \ x 8 1 \ n \ r ' ) ]] 
1619627394746 [Data from: [w]] 
1619627395801 [log_latest_command] [[ b y t e a r r a y ( b ' \ x a a \ x f f \ x a 2 \ x 8 8 \ x 1 3 \ x 0 0 \ x 8 8 \ x 1 3 \ x 0 0 \ x 0 3 \ x 8 1 \ n \ r ' ) ]] 
1619627395801 [Data from: [w]] 
1619627396855 [log_latest_command] [[ b y t e a r r a y ( b ' \ x a a \ x f f \ x a 2 \ x 8 8 \ x 1 3 \ x 0 0 \ x 8 8 \ x 1 3 \ x 0 0 \ x 0 3 \ x 8 1 \ n \ r ' ) ]] 
1619627396856 [Data from: [w]] 
1619627397910 [log_latest_command] [[ b y t e a r r a y ( b ' \ x a a \ x f f \ x a 2 \ x 8 8 \ x 1 3 \ x 0 0 \ x 8 8 \ x 1 3 \ x 0 0 \ x 0 3 \ x 8 1 \ n \ r ' ) ]] 
1619627397910 [Data from: [w]] 
1619627398970 [log_latest_command] [[ b y t e a r r a y ( b ' \ x a a \ x f f \ x a 2 \ x 8 8 \ x 1 3 \ x 0 0 \ x 8 8 \ x 1 3 \ x 0 0 \ x 0 3 \ x 8 1 \ n \ r ' ) ]] 
1619627398971 [Data from: [w]] 
1619627400526 [log_latest_command] [[ b y t e a r r a y ( b ' \ x a a \ x f f \ x a 2 \ x 8 8 \ x 1 3 \ x 0 0 \ x 8 8 \ x 1 3 \ x 0 0 \ x 0 3 \ x 8 1 \ n \ r ' ) ]] 
1619627400526 [Data from: [w]] 
1619627401580 [log_latest_command] [[ b y t e a r r a y ( b ' \ x a a \ x f f \ x a 2 \ x 8 8 \ x 1 3 \ x 0 0 \ x 8 8 \ x 1 3 \ x 0 0 \ x 0 3 \ x 8 1 \ n \ r ' ) ]] 
1619627401580 [Data from: [w]] 
1619627402630 [log_latest_command] [[ b y t e a r r a y ( b ' \ x a a \ x f f \ x a 2 \ x 8 8 \ x 1 3 \ x 0 0 \ x 8 8 \ x 1 3 \ x 0 0 \ x 0 3 \ x 8 1 \ n \ r ' ) ]] 
1619627402630 [Data from: [w]] 
1619627403685 [log_latest_command] [[ b y t e a r r a y ( b ' \ x a a \ x f f \ x a 2 \ x 8 8 \ x 1 3 \ x 0 0 \ x 8 8 \ x 1 3 \ x 0 0 \ x 0 3 \ x 8 1 \ n \ r ' ) ]] 
1619627403685 [Data from: [w]] 
1619627405236 [log_latest_command] [[ b y t e a r r a y ( b ' \ x a a \ x f f \ x a 2 \ x 8 8 \ x 1 3 \ x 0 0 \ x 8 8 \ x 1 3 \ x 0 0 \ x 0 3 \ x 8 1 \ n \ r ' ) ]] 
1619627405236 [Data from: [w]] 
1619627406289 [log_latest_command] [[ b y t e a r r a y ( b ' \ x a a \ x f f \ x a 2 \ x 8 8 \ x 1 3 \ x 0 0 \ x 8 8 \ x 1 3 \ x 0 0 \ x 0 3 \ x 8 1 \ n \ r ' ) ]] 
1619627406289 [Data from: [w]] 
1619627407345 [log_latest_command] [[ b y t e a r r a y ( b ' \ x a a \ x f f \ x a 2 \ x 8 8 \ x 1 3 \ x 0 0 \ x 8 8 \ x 1 3 \ x 0 0 \ x 0 3 \ x 8 1 \ n \ r ' ) ]] 
1619627407345 [Data from: [w]] 
1619627408900 [log_latest_command] [[ b y t e a r r a y ( b ' \ x a a \ x f f \ x a 2 \ x 8 8 \ x 1 3 \ x 0 0 \ x 8 8 \ x 1 3 \ x 0 0 \ x 0 3 \ x 8 1 \ n \ r ' ) ]] 
1619627408900 [Data from: [w]] 
1619627409952 [log_latest_command] [[ b y t e a r r a y ( b ' \ x a a \ x f f \ x a 2 \ x 8 8 \ x 1 3 \ x 0 0 \ x 8 8 \ x 1 3 \ x 0 0 \ x 0 3 \ x 8 1 \ n \ r ' ) ]] 
1619627409952 [Data from: [w]] 
1619627411015 [log_latest_command] [[ b y t e a r r a y ( b ' \ x a a \ x f f \ x a 2 \ x 8 8 \ x 1 3 \ x 0 0 \ x 8 8 \ x 1 3 \ x 0 0 \ x 0 3 \ x 8 1 \ n \ r ' ) ]] 
1619627411015 [Data from: [w]] 
1619627412070 [log_latest_command] [[ b y t e a r r a y ( b ' \ x a a \ x f f \ x a 2 \ x 8 8 \ x 1 3 \ x 0 0 \ x 8 8 \ x 1 3 \ x 0 0 \ x 0 3 \ x 8 1 \ n \ r ' ) ]] 
1619627412070 [Data from: [w]] 
1619627413125 [log_latest_command] [[ b y t e a r r a y ( b ' \ x a a \ x f f \ x a 2 \ x 8 8 \ x 1 3 \ x 0 0 \ x 8 8 \ x 1 3 \ x 0 0 \ x 0 3 \ x 8 1 \ n \ r ' ) ]] 
1619627413125 [Data from: [w]] 
1619627414174 [log_latest_command] [[ b y t e a r r a y ( b ' \ x a a \ x f f \ x a 2 \ x 8 8 \ x 1 3 \ x 0 0 \ x 8 8 \ x 1 3 \ x 0 0 \ x 0 3 \ x 8 1 \ n \ r ' ) ]] 
1619627414174 [Data from: [w]] 
1619627415225 [log_latest_command] [[ b y t e a r r a y ( b ' \ x a a \ x f f \ x a 2 \ x 8 8 \ x 1 3 \ x 0 0 \ x 8 8 \ x 1 3 \ x 0 0 \ x 0 3 \ x 8 1 \ n \ r ' ) ]] 
1619627415225 [Data from: [ ]] 
1619627415469 [log_latest_command] [[ b y t e a r r a y ( b ' \ x a a \ x f f \ x a 5 \ x 0 2 N \ n \ r ' ) ]] 
1619627415469 [Data from: [ ]] 
1619627415713 [log_latest_command] [[ b y t e a r r a y ( b ' \ x a a \ x f f \ x a 5 \ x 0 2 N \ n \ r ' ) ]] 
1619627415714 [Data from: [ ]] 
1619627415935 [log_latest_command] [[ b y t e a r r a y ( b ' \ x a a \ x f f \ x a 5 \ x 0 2 N \ n \ r ' ) ]] 
1619627415935 [Data from: [ ]] 
1619627416168 [log_latest_command] [[ b y t e a r r a y ( b ' \ x a a \ x f f \ x a 5 \ x 0 2 N \ n \ r ' ) ]] 
1619627416169 [Data from: [ ]] 
1619627416394 [log_latest_command] [[ b y t e a r r a y ( b ' \ x a a \ x f f \ x a 5 \ x 0 2 N \ n \ r ' ) ]] 
1619627416394 [Data from: [ ]] 
1619627416605 [log_latest_command] [[ b y t e a r r a y ( b ' \ x a a \ x f f \ x a 5 \ x 0 2 N \ n \ r ' ) ]] 
1619627416605 [Data from: [ ]] 
1619627416814 [log_latest_command] [[ b y t e a r r a y ( b ' \ x a a \ x f f \ x a 5 \ x 0 2 N \ n \ r ' ) ]] 
1619627416814 [Data from: [ ]] 
1619627417034 [log_latest_command] [[ b y t e a r r a y ( b ' \ x a a \ x f f \ x a 5 \ x 0 2 N \ n \ r ' ) ]] 
1619627417034 [Data from: [s]] 
1619627417034 [handle_key_command@Exception] [Traceback (most recent call last):
  File "/home/khoixx/dev_ros1_ws/src/execute/src/Robot.py", line 106, in handle_command
    self.set_speed([-self._current_speed, -self._current_speed])
  File "/home/khoixx/dev_ros1_ws/src/execute/src/robot_control.py", line 300, in set_speed
    self.__robot_serial.set_speed(speed_data)
  File "/home/khoixx/dev_ros1_ws/src/execute/src/robot_command.py", line 105, in set_speed
    command += struct.pack("<Hb", speed, sign)
error: ushort format requires 0 <= number <= USHRT_MAX
] 
1619627417034 [Data from: [ ]] 
1619627417249 [log_latest_command] [[ b y t e a r r a y ( b ' \ x a a \ x f f \ x a 5 \ x 0 2 N \ n \ r ' ) ]] 
1619627417249 [Data from: [s]] 
1619627417249 [handle_key_command@Exception] [Traceback (most recent call last):
  File "/home/khoixx/dev_ros1_ws/src/execute/src/Robot.py", line 106, in handle_command
    self.set_speed([-self._current_speed, -self._current_speed])
  File "/home/khoixx/dev_ros1_ws/src/execute/src/robot_control.py", line 300, in set_speed
    self.__robot_serial.set_speed(speed_data)
  File "/home/khoixx/dev_ros1_ws/src/execute/src/robot_command.py", line 105, in set_speed
    command += struct.pack("<Hb", speed, sign)
error: ushort format requires 0 <= number <= USHRT_MAX
] 
1619627417249 [Data from: [ ]] 
1619627417469 [log_latest_command] [[ b y t e a r r a y ( b ' \ x a a \ x f f \ x a 5 \ x 0 2 N \ n \ r ' ) ]] 
1619627417469 [Data from: [ ]] 
1619627417684 [log_latest_command] [[ b y t e a r r a y ( b ' \ x a a \ x f f \ x a 5 \ x 0 2 N \ n \ r ' ) ]] 
1619627417684 [Data from: [ ]] 
1619627417904 [log_latest_command] [[ b y t e a r r a y ( b ' \ x a a \ x f f \ x a 5 \ x 0 2 N \ n \ r ' ) ]] 
1619627417904 [Data from: [ ]] 
1619627418148 [log_latest_command] [[ b y t e a r r a y ( b ' \ x a a \ x f f \ x a 5 \ x 0 2 N \ n \ r ' ) ]] 
1619627418148 [Data from: [ ]] 
1619627418368 [log_latest_command] [[ b y t e a r r a y ( b ' \ x a a \ x f f \ x a 5 \ x 0 2 N \ n \ r ' ) ]] 
1619627418369 [Data from: [ ]] 
1619627418583 [log_latest_command] [[ b y t e a r r a y ( b ' \ x a a \ x f f \ x a 5 \ x 0 2 N \ n \ r ' ) ]] 
1619627418584 [Data from: [ ]] 
1619627418926 [log_latest_command] [[ b y t e a r r a y ( b ' \ x a a \ x f f \ x a 5 \ x 0 2 N \ n \ r ' ) ]] 
1619627418926 [Data from: [ ]] 
1619627420110 [log_latest_command] [[ b y t e a r r a y ( b ' \ x a a \ x f f \ x a 5 \ x 0 2 N \ n \ r ' ) ]] 
1619627420110 [Data from: [ ]] 
1619627421006 [log_latest_command] [[ b y t e a r r a y ( b ' \ x a a \ x f f \ x a 5 \ x 0 2 N \ n \ r ' ) ]] 
1619627421006 [Data from: [ ]] 
1619627421895 [log_latest_command] [[ b y t e a r r a y ( b ' \ x a a \ x f f \ x a 5 \ x 0 2 N \ n \ r ' ) ]] 
1619627421895 [Data from: [ ]] 
1619627422783 [log_latest_command] [[ b y t e a r r a y ( b ' \ x a a \ x f f \ x a 5 \ x 0 2 N \ n \ r ' ) ]] 
1619627422783 [Data from: [ ]] 
1619627424711 [log_latest_command] [[ b y t e a r r a y ( b ' \ x a a \ x f f \ x a 5 \ x 0 2 N \ n \ r ' ) ]] 
1619627424712 [Data from: [d]] 
1619627425769 [log_latest_command] [[ b y t e a r r a y ( b ' \ x a a \ x f f \ x a 2 \ x 8 8 \ x 1 3 \ x 0 0 \ x c 4 \ t \ x 0 0 \ x 0 3 \ x b 3 \ n \ r ' ) ]] 
1619627425769 [Data from: [ ]] 
1619627426189 [log_latest_command] [[ b y t e a r r a y ( b ' \ x a a \ x f f \ x a 5 \ x 0 2 N \ n \ r ' ) ]] 
1619627426189 [Data from: [a]] 
1619627427244 [log_latest_command] [[ b y t e a r r a y ( b ' \ x a a \ x f f \ x a 2 \ x c 4 \ t \ x 0 0 \ x 8 8 \ x 1 3 \ x 0 0 \ x 0 3 \ x b 3 \ n \ r ' ) ]] 
1619627427244 [Data from: [ ]] 
1619627427670 [log_latest_command] [[ b y t e a r r a y ( b ' \ x a a \ x f f \ x a 5 \ x 0 2 N \ n \ r ' ) ]] 
1619627427670 [Data from: [s]] 
1619627427670 [handle_key_command@Exception] [Traceback (most recent call last):
  File "/home/khoixx/dev_ros1_ws/src/execute/src/Robot.py", line 106, in handle_command
    self.set_speed([-self._current_speed, -self._current_speed])
  File "/home/khoixx/dev_ros1_ws/src/execute/src/robot_control.py", line 300, in set_speed
    self.__robot_serial.set_speed(speed_data)
  File "/home/khoixx/dev_ros1_ws/src/execute/src/robot_command.py", line 105, in set_speed
    command += struct.pack("<Hb", speed, sign)
error: ushort format requires 0 <= number <= USHRT_MAX
] 
1619627427841 [Data from: [ ]] 
1619627428960 [log_latest_command] [[ b y t e a r r a y ( b ' \ x a a \ x f f \ x a 5 \ x 0 2 N \ n \ r ' ) ]] 
1619627428960 [Data from: [s]] 
1619627428960 [handle_key_command@Exception] [Traceback (most recent call last):
  File "/home/khoixx/dev_ros1_ws/src/execute/src/Robot.py", line 106, in handle_command
    self.set_speed([-self._current_speed, -self._current_speed])
  File "/home/khoixx/dev_ros1_ws/src/execute/src/robot_control.py", line 300, in set_speed
    self.__robot_serial.set_speed(speed_data)
  File "/home/khoixx/dev_ros1_ws/src/execute/src/robot_command.py", line 105, in set_speed
    command += struct.pack("<Hb", speed, sign)
error: ushort format requires 0 <= number <= USHRT_MAX
] 
1619627429108 [Data from: [ ]] 
1619627430411 [log_latest_command] [[ b y t e a r r a y ( b ' \ x a a \ x f f \ x a 5 \ x 0 2 N \ n \ r ' ) ]] 
1619627430411 [Data from: [s]] 
1619627430411 [handle_key_command@Exception] [Traceback (most recent call last):
  File "/home/khoixx/dev_ros1_ws/src/execute/src/Robot.py", line 106, in handle_command
    self.set_speed([-self._current_speed, -self._current_speed])
  File "/home/khoixx/dev_ros1_ws/src/execute/src/robot_control.py", line 300, in set_speed
    self.__robot_serial.set_speed(speed_data)
  File "/home/khoixx/dev_ros1_ws/src/execute/src/robot_command.py", line 105, in set_speed
    command += struct.pack("<Hb", speed, sign)
error: ushort format requires 0 <= number <= USHRT_MAX
] 
1619627430575 [Data from: [ ]] 
1619627431553 [log_latest_command] [[ b y t e a r r a y ( b ' \ x a a \ x f f \ x a 5 \ x 0 2 N \ n \ r ' ) ]] 
1619627431553 [Data from: [s]] 
1619627431554 [handle_key_command@Exception] [Traceback (most recent call last):
  File "/home/khoixx/dev_ros1_ws/src/execute/src/Robot.py", line 106, in handle_command
    self.set_speed([-self._current_speed, -self._current_speed])
  File "/home/khoixx/dev_ros1_ws/src/execute/src/robot_control.py", line 300, in set_speed
    self.__robot_serial.set_speed(speed_data)
  File "/home/khoixx/dev_ros1_ws/src/execute/src/robot_command.py", line 105, in set_speed
    command += struct.pack("<Hb", speed, sign)
error: ushort format requires 0 <= number <= USHRT_MAX
] 
1619627431759 [Data from: [ ]] 
1619627432704 [log_latest_command] [[ b y t e a r r a y ( b ' \ x a a \ x f f \ x a 5 \ x 0 2 N \ n \ r ' ) ]] 
1619627432704 [Data from: [s]] 
1619627432704 [handle_key_command@Exception] [Traceback (most recent call last):
  File "/home/khoixx/dev_ros1_ws/src/execute/src/Robot.py", line 106, in handle_command
    self.set_speed([-self._current_speed, -self._current_speed])
  File "/home/khoixx/dev_ros1_ws/src/execute/src/robot_control.py", line 300, in set_speed
    self.__robot_serial.set_speed(speed_data)
  File "/home/khoixx/dev_ros1_ws/src/execute/src/robot_command.py", line 105, in set_speed
    command += struct.pack("<Hb", speed, sign)
error: ushort format requires 0 <= number <= USHRT_MAX
] 
1619627432863 [Data from: [ ]] 
1619627433592 [log_latest_command] [[ b y t e a r r a y ( b ' \ x a a \ x f f \ x a 5 \ x 0 2 N \ n \ r ' ) ]] 
1619627433592 [Data from: [s]] 
1619627433592 [handle_key_command@Exception] [Traceback (most recent call last):
  File "/home/khoixx/dev_ros1_ws/src/execute/src/Robot.py", line 106, in handle_command
    self.set_speed([-self._current_speed, -self._current_speed])
  File "/home/khoixx/dev_ros1_ws/src/execute/src/robot_control.py", line 300, in set_speed
    self.__robot_serial.set_speed(speed_data)
  File "/home/khoixx/dev_ros1_ws/src/execute/src/robot_command.py", line 105, in set_speed
    command += struct.pack("<Hb", speed, sign)
error: ushort format requires 0 <= number <= USHRT_MAX
] 
1619627433785 [Data from: [ ]] 
1619627434952 [log_latest_command] [[ b y t e a r r a y ( b ' \ x a a \ x f f \ x a 5 \ x 0 2 N \ n \ r ' ) ]] 
1619627434952 [Data from: [s]] 
1619627434952 [handle_key_command@Exception] [Traceback (most recent call last):
  File "/home/khoixx/dev_ros1_ws/src/execute/src/Robot.py", line 106, in handle_command
    self.set_speed([-self._current_speed, -self._current_speed])
  File "/home/khoixx/dev_ros1_ws/src/execute/src/robot_control.py", line 300, in set_speed
    self.__robot_serial.set_speed(speed_data)
  File "/home/khoixx/dev_ros1_ws/src/execute/src/robot_command.py", line 105, in set_speed
    command += struct.pack("<Hb", speed, sign)
error: ushort format requires 0 <= number <= USHRT_MAX
] 
1619627435130 [Data from: [ ]] 
1619627442704 [log_latest_command] [[ b y t e a r r a y ( b ' \ x a a \ x f f \ x a 5 \ x 0 2 N \ n \ r ' ) ]] 
1619627442704 [Data from: [w]] 
1619627443758 [log_latest_command] [[ b y t e a r r a y ( b ' \ x a a \ x f f \ x a 2 \ x 8 8 \ x 1 3 \ x 0 0 \ x 8 8 \ x 1 3 \ x 0 0 \ x 0 3 \ x 8 1 \ n \ r ' ) ]] 
1619627443758 [Data from: [ ]] 
1619627445944 [log_latest_command] [[ b y t e a r r a y ( b ' \ x a a \ x f f \ x a 5 \ x 0 2 N \ n \ r ' ) ]] 
1619627445944 [Data from: [s]] 
1619627445944 [handle_key_command@Exception] [Traceback (most recent call last):
  File "/home/khoixx/dev_ros1_ws/src/execute/src/Robot.py", line 106, in handle_command
    self.set_speed([-self._current_speed, -self._current_speed])
  File "/home/khoixx/dev_ros1_ws/src/execute/src/robot_control.py", line 300, in set_speed
    self.__robot_serial.set_speed(speed_data)
  File "/home/khoixx/dev_ros1_ws/src/execute/src/robot_command.py", line 105, in set_speed
    command += struct.pack("<Hb", speed, sign)
error: ushort format requires 0 <= number <= USHRT_MAX
] 
1619627446031 [Data from: [ ]] 
1619627454034 [log_latest_command] [[ b y t e a r r a y ( b ' \ x a a \ x f f \ x a 5 \ x 0 2 N \ n \ r ' ) ]] 
1619627454034 [Data from: [s]] 
1619627454034 [handle_key_command@Exception] [Traceback (most recent call last):
  File "/home/khoixx/dev_ros1_ws/src/execute/src/Robot.py", line 106, in handle_command
    self.set_speed([-self._current_speed, -self._current_speed])
  File "/home/khoixx/dev_ros1_ws/src/execute/src/robot_control.py", line 300, in set_speed
    self.__robot_serial.set_speed(speed_data)
  File "/home/khoixx/dev_ros1_ws/src/execute/src/robot_command.py", line 105, in set_speed
    command += struct.pack("<Hb", speed, sign)
error: ushort format requires 0 <= number <= USHRT_MAX
] 
1619627454108 [Data from: [ ]] 
1619627455801 [log_latest_command] [[ b y t e a r r a y ( b ' \ x a a \ x f f \ x a 5 \ x 0 2 N \ n \ r ' ) ]] 
1619627455801 [Data from: [w]] 
1619627456852 [log_latest_command] [[ b y t e a r r a y ( b ' \ x a a \ x f f \ x a 2 \ x 8 8 \ x 1 3 \ x 0 0 \ x 8 8 \ x 1 3 \ x 0 0 \ x 0 3 \ x 8 1 \ n \ r ' ) ]] 
1619627456852 [Data from: [ ]] 
1619627459273 [log_latest_command] [[ b y t e a r r a y ( b ' \ x a a \ x f f \ x a 5 \ x 0 2 N \ n \ r ' ) ]] 
1619627459274 [Data from: [s]] 
1619627459274 [handle_key_command@Exception] [Traceback (most recent call last):
  File "/home/khoixx/dev_ros1_ws/src/execute/src/Robot.py", line 106, in handle_command
    self.set_speed([-self._current_speed, -self._current_speed])
  File "/home/khoixx/dev_ros1_ws/src/execute/src/robot_control.py", line 300, in set_speed
    self.__robot_serial.set_speed(speed_data)
  File "/home/khoixx/dev_ros1_ws/src/execute/src/robot_command.py", line 105, in set_speed
    command += struct.pack("<Hb", speed, sign)
error: ushort format requires 0 <= number <= USHRT_MAX
] 
1619627459391 [Data from: [ ]] 
1619627461192 [log_latest_command] [[ b y t e a r r a y ( b ' \ x a a \ x f f \ x a 5 \ x 0 2 N \ n \ r ' ) ]] 
1619627461192 [Data from: [s]] 
1619627461193 [handle_key_command@Exception] [Traceback (most recent call last):
  File "/home/khoixx/dev_ros1_ws/src/execute/src/Robot.py", line 106, in handle_command
    self.set_speed([-self._current_speed, -self._current_speed])
  File "/home/khoixx/dev_ros1_ws/src/execute/src/robot_control.py", line 300, in set_speed
    self.__robot_serial.set_speed(speed_data)
  File "/home/khoixx/dev_ros1_ws/src/execute/src/robot_command.py", line 105, in set_speed
    command += struct.pack("<Hb", speed, sign)
error: ushort format requires 0 <= number <= USHRT_MAX
] 
1619627461271 [Data from: [ ]] 
1619627462144 [log_latest_command] [[ b y t e a r r a y ( b ' \ x a a \ x f f \ x a 5 \ x 0 2 N \ n \ r ' ) ]] 
1619627462144 [Data from: [d]] 
1619627463197 [log_latest_command] [[ b y t e a r r a y ( b ' \ x a a \ x f f \ x a 2 \ x 8 8 \ x 1 3 \ x 0 0 \ x c 4 \ t \ x 0 0 \ x 0 3 \ x b 3 \ n \ r ' ) ]] 
1619627463197 [Data from: [ ]] 
1619627464523 [log_latest_command] [[ b y t e a r r a y ( b ' \ x a a \ x f f \ x a 5 \ x 0 2 N \ n \ r ' ) ]] 
1619627464523 [Data from: [d]] 
1619627465577 [log_latest_command] [[ b y t e a r r a y ( b ' \ x a a \ x f f \ x a 2 \ x 8 8 \ x 1 3 \ x 0 0 \ x c 4 \ t \ x 0 0 \ x 0 3 \ x b 3 \ n \ r ' ) ]] 
1619627465577 [Data from: [ ]] 
1619627466776 [log_latest_command] [[ b y t e a r r a y ( b ' \ x a a \ x f f \ x a 5 \ x 0 2 N \ n \ r ' ) ]] 
1619627466776 [Data from: [a]] 
1619627467832 [log_latest_command] [[ b y t e a r r a y ( b ' \ x a a \ x f f \ x a 2 \ x c 4 \ t \ x 0 0 \ x 8 8 \ x 1 3 \ x 0 0 \ x 0 3 \ x b 3 \ n \ r ' ) ]] 
1619627467832 [Data from: [ ]] 
1619627468659 [log_latest_command] [[ b y t e a r r a y ( b ' \ x a a \ x f f \ x a 5 \ x 0 2 N \ n \ r ' ) ]] 
1619627468659 [Data from: [s]] 
1619627468660 [handle_key_command@Exception] [Traceback (most recent call last):
  File "/home/khoixx/dev_ros1_ws/src/execute/src/Robot.py", line 106, in handle_command
    self.set_speed([-self._current_speed, -self._current_speed])
  File "/home/khoixx/dev_ros1_ws/src/execute/src/robot_control.py", line 300, in set_speed
    self.__robot_serial.set_speed(speed_data)
  File "/home/khoixx/dev_ros1_ws/src/execute/src/robot_command.py", line 105, in set_speed
    command += struct.pack("<Hb", speed, sign)
error: ushort format requires 0 <= number <= USHRT_MAX
] 
1619627468799 [Data from: [ ]] 
1619627582784 [log_latest_command] [[ b y t e a r r a y ( b ' \ x a a \ x f f \ x a 5 \ x 0 2 N \ n \ r ' ) ]] 
1619627582784 [Data from: [w]] 
1619627583841 [log_latest_command] [[ b y t e a r r a y ( b ' \ x a a \ x f f \ x a 2 \ x 8 8 \ x 1 3 \ x 0 0 \ x 8 8 \ x 1 3 \ x 0 0 \ x 0 3 \ x 8 1 \ n \ r ' ) ]] 
1619627583841 [Data from: [ ]] 
1619627584787 [log_latest_command] [[ b y t e a r r a y ( b ' \ x a a \ x f f \ x a 5 \ x 0 2 N \ n \ r ' ) ]] 
1619627584787 [Data from: [s]] 
1619627584787 [handle_key_command@Exception] [Traceback (most recent call last):
  File "/home/khoixx/dev_ros1_ws/src/execute/src/Robot.py", line 106, in handle_command
    self.set_speed([-self._current_speed, -self._current_speed])
  File "/home/khoixx/dev_ros1_ws/src/execute/src/robot_control.py", line 300, in set_speed
    self.__robot_serial.set_speed(speed_data)
  File "/home/khoixx/dev_ros1_ws/src/execute/src/robot_command.py", line 105, in set_speed
    command += struct.pack("<Hb", speed, sign)
error: ushort format requires 0 <= number <= USHRT_MAX
] 
1619627584914 [Data from: [ ]] 
1619627585733 [log_latest_command] [[ b y t e a r r a y ( b ' \ x a a \ x f f \ x a 5 \ x 0 2 N \ n \ r ' ) ]] 
1619627585733 [Data from: [d]] 
1619627586786 [log_latest_command] [[ b y t e a r r a y ( b ' \ x a a \ x f f \ x a 2 \ x 8 8 \ x 1 3 \ x 0 0 \ x c 4 \ t \ x 0 0 \ x 0 3 \ x b 3 \ n \ r ' ) ]] 
1619627586786 [Data from: [ ]] 
1619627587197 [log_latest_command] [[ b y t e a r r a y ( b ' \ x a a \ x f f \ x a 5 \ x 0 2 N \ n \ r ' ) ]] 
1619627587197 [Data from: [a]] 
1619627588250 [log_latest_command] [[ b y t e a r r a y ( b ' \ x a a \ x f f \ x a 2 \ x c 4 \ t \ x 0 0 \ x 8 8 \ x 1 3 \ x 0 0 \ x 0 3 \ x b 3 \ n \ r ' ) ]] 
1619627588250 [Data from: [ ]] 
1619627753031 [log_latest_command] [[ b y t e a r r a y ( b ' \ x a a \ x f f \ x a 5 \ x 0 2 N \ n \ r ' ) ]] 
1619627753031 [Data from: [w]] 
1619627754087 [log_latest_command] [[ b y t e a r r a y ( b ' \ x a a \ x f f \ x a 2 \ x 8 8 \ x 1 3 \ x 0 0 \ x 8 8 \ x 1 3 \ x 0 0 \ x 0 3 \ x 8 1 \ n \ r ' ) ]] 
1619627754087 [Data from: [ ]] 
1619627754591 [log_latest_command] [[ b y t e a r r a y ( b ' \ x a a \ x f f \ x a 5 \ x 0 2 N \ n \ r ' ) ]] 
1619627754591 [Data from: [d]] 
1619627755647 [log_latest_command] [[ b y t e a r r a y ( b ' \ x a a \ x f f \ x a 2 \ x 8 8 \ x 1 3 \ x 0 0 \ x c 4 \ t \ x 0 0 \ x 0 3 \ x b 3 \ n \ r ' ) ]] 
1619627755647 [Data from: [ ]] 
1619627756032 [log_latest_command] [[ b y t e a r r a y ( b ' \ x a a \ x f f \ x a 5 \ x 0 2 N \ n \ r ' ) ]] 
1619627756032 [Data from: [a]] 
1619627757089 [log_latest_command] [[ b y t e a r r a y ( b ' \ x a a \ x f f \ x a 2 \ x c 4 \ t \ x 0 0 \ x 8 8 \ x 1 3 \ x 0 0 \ x 0 3 \ x b 3 \ n \ r ' ) ]] 
1619627757089 [Data from: [ ]] 
1619627758679 [log_latest_command] [[ b y t e a r r a y ( b ' \ x a a \ x f f \ x a 5 \ x 0 2 N \ n \ r ' ) ]] 
1619627758679 [Data from: [s]] 
1619627758679 [handle_key_command@Exception] [Traceback (most recent call last):
  File "/home/khoixx/dev_ros1_ws/src/execute/src/Robot.py", line 106, in handle_command
    self.set_speed([-self._current_speed, -self._current_speed])
  File "/home/khoixx/dev_ros1_ws/src/execute/src/robot_control.py", line 300, in set_speed
    self.__robot_serial.set_speed(speed_data)
  File "/home/khoixx/dev_ros1_ws/src/execute/src/robot_command.py", line 105, in set_speed
    command += struct.pack("<Hb", speed, sign)
error: ushort format requires 0 <= number <= USHRT_MAX
] 
1619627759180 [Data from: [s]] 
1619627759181 [handle_key_command@Exception] [Traceback (most recent call last):
  File "/home/khoixx/dev_ros1_ws/src/execute/src/Robot.py", line 106, in handle_command
    self.set_speed([-self._current_speed, -self._current_speed])
  File "/home/khoixx/dev_ros1_ws/src/execute/src/robot_control.py", line 300, in set_speed
    self.__robot_serial.set_speed(speed_data)
  File "/home/khoixx/dev_ros1_ws/src/execute/src/robot_command.py", line 105, in set_speed
    command += struct.pack("<Hb", speed, sign)
error: ushort format requires 0 <= number <= USHRT_MAX
] 
1619627759190 [Data from: [ ]] 
1619627760086 [log_latest_command] [[ b y t e a r r a y ( b ' \ x a a \ x f f \ x a 5 \ x 0 2 N \ n \ r ' ) ]] 
1619627760086 [Data from: [ ]] 
1619627760983 [log_latest_command] [[ b y t e a r r a y ( b ' \ x a a \ x f f \ x a 5 \ x 0 2 N \ n \ r ' ) ]] 
1619627760983 [Data from: [w]] 
1619627762041 [log_latest_command] [[ b y t e a r r a y ( b ' \ x a a \ x f f \ x a 2 \ x 8 8 \ x 1 3 \ x 0 0 \ x 8 8 \ x 1 3 \ x 0 0 \ x 0 3 \ x 8 1 \ n \ r ' ) ]] 
1619627762041 [Data from: [ ]] 
1619627762754 [log_latest_command] [[ b y t e a r r a y ( b ' \ x a a \ x f f \ x a 5 \ x 0 2 N \ n \ r ' ) ]] 
1619627762754 [Data from: [ ]] 
1619627763475 [log_latest_command] [[ b y t e a r r a y ( b ' \ x a a \ x f f \ x a 5 \ x 0 2 N \ n \ r ' ) ]] 
1619627763475 [Data from: [ ]] 
1619627763966 [log_latest_command] [[ b y t e a r r a y ( b ' \ x a a \ x f f \ x a 5 \ x 0 2 N \ n \ r ' ) ]] 
1619627763966 [Data from: [ ]] 
1619627764417 [log_latest_command] [[ b y t e a r r a y ( b ' \ x a a \ x f f \ x a 5 \ x 0 2 N \ n \ r ' ) ]] 
1619627764417 [Data from: [ ]] 
1619627764817 [log_latest_command] [[ b y t e a r r a y ( b ' \ x a a \ x f f \ x a 5 \ x 0 2 N \ n \ r ' ) ]] 
1619627764817 [Data from: [ ]] 
1619627765148 [log_latest_command] [[ b y t e a r r a y ( b ' \ x a a \ x f f \ x a 5 \ x 0 2 N \ n \ r ' ) ]] 
1619627765148 [Data from: [ ]] 
1619627765444 [log_latest_command] [[ b y t e a r r a y ( b ' \ x a a \ x f f \ x a 5 \ x 0 2 N \ n \ r ' ) ]] 
1619627765444 [Data from: [ ]] 
1619627765660 [log_latest_command] [[ b y t e a r r a y ( b ' \ x a a \ x f f \ x a 5 \ x 0 2 N \ n \ r ' ) ]] 
1619627765661 [Data from: [ ]] 
1619627767039 [log_latest_command] [[ b y t e a r r a y ( b ' \ x a a \ x f f \ x a 5 \ x 0 2 N \ n \ r ' ) ]] 
1619627767039 [Data from: [,]] 
1619627767040 [handle_key_command@Exception] [Traceback (most recent call last):
  File "/home/khoixx/dev_ros1_ws/src/execute/src/Robot.py", line 67, in handle_command
    self.set_speed([-self._current_speed,self._current_speed])
  File "/home/khoixx/dev_ros1_ws/src/execute/src/robot_control.py", line 300, in set_speed
    self.__robot_serial.set_speed(speed_data)
  File "/home/khoixx/dev_ros1_ws/src/execute/src/robot_command.py", line 105, in set_speed
    command += struct.pack("<Hb", speed, sign)
error: ushort format requires 0 <= number <= USHRT_MAX
] 
1619627767191 [Data from: [ ]] 
1619627767727 [log_latest_command] [[ b y t e a r r a y ( b ' \ x a a \ x f f \ x a 5 \ x 0 2 N \ n \ r ' ) ]] 
1619627767727 [Data from: [,]] 
1619627767727 [handle_key_command@Exception] [Traceback (most recent call last):
  File "/home/khoixx/dev_ros1_ws/src/execute/src/Robot.py", line 67, in handle_command
    self.set_speed([-self._current_speed,self._current_speed])
  File "/home/khoixx/dev_ros1_ws/src/execute/src/robot_control.py", line 300, in set_speed
    self.__robot_serial.set_speed(speed_data)
  File "/home/khoixx/dev_ros1_ws/src/execute/src/robot_command.py", line 105, in set_speed
    command += struct.pack("<Hb", speed, sign)
error: ushort format requires 0 <= number <= USHRT_MAX
] 
1619627767918 [Data from: [ ]] 
1619627768243 [log_latest_command] [[ b y t e a r r a y ( b ' \ x a a \ x f f \ x a 5 \ x 0 2 N \ n \ r ' ) ]] 
1619627768244 [Data from: [,]] 
1619627768244 [handle_key_command@Exception] [Traceback (most recent call last):
  File "/home/khoixx/dev_ros1_ws/src/execute/src/Robot.py", line 67, in handle_command
    self.set_speed([-self._current_speed,self._current_speed])
  File "/home/khoixx/dev_ros1_ws/src/execute/src/robot_control.py", line 300, in set_speed
    self.__robot_serial.set_speed(speed_data)
  File "/home/khoixx/dev_ros1_ws/src/execute/src/robot_command.py", line 105, in set_speed
    command += struct.pack("<Hb", speed, sign)
error: ushort format requires 0 <= number <= USHRT_MAX
] 
1619627768412 [Data from: [ ]] 
1619627768659 [log_latest_command] [[ b y t e a r r a y ( b ' \ x a a \ x f f \ x a 5 \ x 0 2 N \ n \ r ' ) ]] 
1619627768659 [Data from: [.]] 
1619627768659 [handle_key_command@Exception] [Traceback (most recent call last):
  File "/home/khoixx/dev_ros1_ws/src/execute/src/Robot.py", line 74, in handle_command
    self.set_speed([-self._current_speed,self._current_speed])
  File "/home/khoixx/dev_ros1_ws/src/execute/src/robot_control.py", line 300, in set_speed
    self.__robot_serial.set_speed(speed_data)
  File "/home/khoixx/dev_ros1_ws/src/execute/src/robot_command.py", line 105, in set_speed
    command += struct.pack("<Hb", speed, sign)
error: ushort format requires 0 <= number <= USHRT_MAX
] 
1619627768821 [Data from: [ ]] 
1619627769035 [log_latest_command] [[ b y t e a r r a y ( b ' \ x a a \ x f f \ x a 5 \ x 0 2 N \ n \ r ' ) ]] 
1619627769035 [Data from: [.]] 
1619627769035 [handle_key_command@Exception] [Traceback (most recent call last):
  File "/home/khoixx/dev_ros1_ws/src/execute/src/Robot.py", line 74, in handle_command
    self.set_speed([-self._current_speed,self._current_speed])
  File "/home/khoixx/dev_ros1_ws/src/execute/src/robot_control.py", line 300, in set_speed
    self.__robot_serial.set_speed(speed_data)
  File "/home/khoixx/dev_ros1_ws/src/execute/src/robot_command.py", line 105, in set_speed
    command += struct.pack("<Hb", speed, sign)
error: ushort format requires 0 <= number <= USHRT_MAX
] 
1619627769082 [Data from: [ ]] 
1619627769306 [log_latest_command] [[ b y t e a r r a y ( b ' \ x a a \ x f f \ x a 5 \ x 0 2 N \ n \ r ' ) ]] 
1619627769306 [Data from: [.]] 
1619627769307 [handle_key_command@Exception] [Traceback (most recent call last):
  File "/home/khoixx/dev_ros1_ws/src/execute/src/Robot.py", line 74, in handle_command
    self.set_speed([-self._current_speed,self._current_speed])
  File "/home/khoixx/dev_ros1_ws/src/execute/src/robot_control.py", line 300, in set_speed
    self.__robot_serial.set_speed(speed_data)
  File "/home/khoixx/dev_ros1_ws/src/execute/src/robot_command.py", line 105, in set_speed
    command += struct.pack("<Hb", speed, sign)
error: ushort format requires 0 <= number <= USHRT_MAX
] 
1619627769307 [Data from: [ ]] 
1619627769525 [log_latest_command] [[ b y t e a r r a y ( b ' \ x a a \ x f f \ x a 5 \ x 0 2 N \ n \ r ' ) ]] 
1619627769525 [Data from: [.]] 
1619627769525 [handle_key_command@Exception] [Traceback (most recent call last):
  File "/home/khoixx/dev_ros1_ws/src/execute/src/Robot.py", line 74, in handle_command
    self.set_speed([-self._current_speed,self._current_speed])
  File "/home/khoixx/dev_ros1_ws/src/execute/src/robot_control.py", line 300, in set_speed
    self.__robot_serial.set_speed(speed_data)
  File "/home/khoixx/dev_ros1_ws/src/execute/src/robot_command.py", line 105, in set_speed
    command += struct.pack("<Hb", speed, sign)
error: ushort format requires 0 <= number <= USHRT_MAX
] 
1619627769577 [Data from: [ ]] 
1619627925975 [log_latest_command] [[ b y t e a r r a y ( b ' \ x a a \ x f f \ x a 5 \ x 0 2 N \ n \ r ' ) ]] 
1619627925975 [Data from: [s]] 
1619627925975 [handle_key_command@Exception] [Traceback (most recent call last):
  File "/home/khoixx/dev_ros1_ws/src/execute/src/Robot.py", line 106, in handle_command
    self.set_speed([-self._current_speed, -self._current_speed])
  File "/home/khoixx/dev_ros1_ws/src/execute/src/robot_control.py", line 300, in set_speed
    self.__robot_serial.set_speed(speed_data)
  File "/home/khoixx/dev_ros1_ws/src/execute/src/robot_command.py", line 105, in set_speed
    command += struct.pack("<Hb", speed, sign)
error: ushort format requires 0 <= number <= USHRT_MAX
] 
1619627926043 [Data from: [ ]] 
1619627926262 [log_latest_command] [[ b y t e a r r a y ( b ' \ x a a \ x f f \ x a 5 \ x 0 2 N \ n \ r ' ) ]] 
1619627926262 [Data from: [s]] 
1619627926263 [handle_key_command@Exception] [Traceback (most recent call last):
  File "/home/khoixx/dev_ros1_ws/src/execute/src/Robot.py", line 106, in handle_command
    self.set_speed([-self._current_speed, -self._current_speed])
  File "/home/khoixx/dev_ros1_ws/src/execute/src/robot_control.py", line 300, in set_speed
    self.__robot_serial.set_speed(speed_data)
  File "/home/khoixx/dev_ros1_ws/src/execute/src/robot_command.py", line 105, in set_speed
    command += struct.pack("<Hb", speed, sign)
error: ushort format requires 0 <= number <= USHRT_MAX
] 
1619627926263 [Data from: [ ]] 
1619627926482 [log_latest_command] [[ b y t e a r r a y ( b ' \ x a a \ x f f \ x a 5 \ x 0 2 N \ n \ r ' ) ]] 
1619627926482 [Data from: [s]] 
1619627926482 [handle_key_command@Exception] [Traceback (most recent call last):
  File "/home/khoixx/dev_ros1_ws/src/execute/src/Robot.py", line 106, in handle_command
    self.set_speed([-self._current_speed, -self._current_speed])
  File "/home/khoixx/dev_ros1_ws/src/execute/src/robot_control.py", line 300, in set_speed
    self.__robot_serial.set_speed(speed_data)
  File "/home/khoixx/dev_ros1_ws/src/execute/src/robot_command.py", line 105, in set_speed
    command += struct.pack("<Hb", speed, sign)
error: ushort format requires 0 <= number <= USHRT_MAX
] 
1619627926482 [Data from: [ ]] 
1619627926702 [log_latest_command] [[ b y t e a r r a y ( b ' \ x a a \ x f f \ x a 5 \ x 0 2 N \ n \ r ' ) ]] 
1619627926702 [Data from: [s]] 
1619627926702 [handle_key_command@Exception] [Traceback (most recent call last):
  File "/home/khoixx/dev_ros1_ws/src/execute/src/Robot.py", line 106, in handle_command
    self.set_speed([-self._current_speed, -self._current_speed])
  File "/home/khoixx/dev_ros1_ws/src/execute/src/robot_control.py", line 300, in set_speed
    self.__robot_serial.set_speed(speed_data)
  File "/home/khoixx/dev_ros1_ws/src/execute/src/robot_command.py", line 105, in set_speed
    command += struct.pack("<Hb", speed, sign)
error: ushort format requires 0 <= number <= USHRT_MAX
] 
1619627926702 [Data from: [ ]] 
1619627926927 [log_latest_command] [[ b y t e a r r a y ( b ' \ x a a \ x f f \ x a 5 \ x 0 2 N \ n \ r ' ) ]] 
1619627926927 [Data from: [s]] 
1619627926927 [handle_key_command@Exception] [Traceback (most recent call last):
  File "/home/khoixx/dev_ros1_ws/src/execute/src/Robot.py", line 106, in handle_command
    self.set_speed([-self._current_speed, -self._current_speed])
  File "/home/khoixx/dev_ros1_ws/src/execute/src/robot_control.py", line 300, in set_speed
    self.__robot_serial.set_speed(speed_data)
  File "/home/khoixx/dev_ros1_ws/src/execute/src/robot_command.py", line 105, in set_speed
    command += struct.pack("<Hb", speed, sign)
error: ushort format requires 0 <= number <= USHRT_MAX
] 
1619627926927 [Data from: [ ]] 
1619627927157 [log_latest_command] [[ b y t e a r r a y ( b ' \ x a a \ x f f \ x a 5 \ x 0 2 N \ n \ r ' ) ]] 
1619627927157 [Data from: [s]] 
1619627927157 [handle_key_command@Exception] [Traceback (most recent call last):
  File "/home/khoixx/dev_ros1_ws/src/execute/src/Robot.py", line 106, in handle_command
    self.set_speed([-self._current_speed, -self._current_speed])
  File "/home/khoixx/dev_ros1_ws/src/execute/src/robot_control.py", line 300, in set_speed
    self.__robot_serial.set_speed(speed_data)
  File "/home/khoixx/dev_ros1_ws/src/execute/src/robot_command.py", line 105, in set_speed
    command += struct.pack("<Hb", speed, sign)
error: ushort format requires 0 <= number <= USHRT_MAX
] 
1619627927527 [Data from: [s]] 
1619627927527 [handle_key_command@Exception] [Traceback (most recent call last):
  File "/home/khoixx/dev_ros1_ws/src/execute/src/Robot.py", line 106, in handle_command
    self.set_speed([-self._current_speed, -self._current_speed])
  File "/home/khoixx/dev_ros1_ws/src/execute/src/robot_control.py", line 300, in set_speed
    self.__robot_serial.set_speed(speed_data)
  File "/home/khoixx/dev_ros1_ws/src/execute/src/robot_command.py", line 105, in set_speed
    command += struct.pack("<Hb", speed, sign)
error: ushort format requires 0 <= number <= USHRT_MAX
] 
1619627927545 [Data from: [ ]] 
