1621639222092 [Opening serial port: /dev/ttyTHS1.] 
1621639222399 [The robot is connected to ] [/dev/ttyTHS1] 
1621639222399 [Initial robot's topic...] 
1621639222405 [Start initializing navigation] 
1621639222405 [Start initializing navigation topic] 
1621639222450 [Initialization navigation topic finished] 
1621639222456 [Initialization navigation finished] 
1621639222557 [Update odom] 
1621639222566 [vx:0.0 vy:0.0 yaw:0.0] 
1621639222657 [Update odom] 
1621639222666 [vx:0.0 vy:0.0 yaw:0.0] 
1621639222757 [Update odom] 
1621639222767 [vx:0.0 vy:0.0 yaw:0.0] 
1621639222857 [Update odom] 
1621639222867 [vx:0.0 vy:0.0 yaw:0.0] 
1621639222957 [Update odom] 
1621639222967 [vx:0.0 vy:0.0 yaw:0.0] 
1621639223058 [Update odom] 
1621639223071 [vx:0.0 vy:0.0 yaw:0.0] 
1621639223157 [Update odom] 
1621639223167 [vx:0.0 vy:0.0 yaw:0.0] 
1621639223257 [Update odom] 
1621639223267 [vx:0.0 vy:0.0 yaw:0.0] 
1621639223357 [Update odom] 
1621639223366 [vx:0.0 vy:0.0 yaw:0.0] 
1621639223457 [Update odom] 
1621639223471 [vx:0.0 vy:0.0 yaw:0.0] 
1621639223557 [Update odom] 
1621639223571 [vx:0.0 vy:0.0 yaw:0.0] 
1621639223657 [Update odom] 
1621639223675 [vx:0.0 vy:0.0 yaw:0.0] 
1621639223757 [Update odom] 
1621639223766 [vx:0.0 vy:0.0 yaw:0.0] 
1621639223857 [Update odom] 
1621639223867 [vx:0.0 vy:0.0 yaw:0.0] 
1621639223958 [Update odom] 
1621639223971 [vx:0.0 vy:0.0 yaw:0.0] 
1621639224057 [Update odom] 
1621639224066 [vx:0.0 vy:0.0 yaw:0.0] 
1621639224157 [Update odom] 
1621639224174 [vx:0.0 vy:0.0 yaw:0.0] 
1621639224257 [Update odom] 
1621639224271 [vx:0.0 vy:0.0 yaw:0.0] 
1621639224357 [Update odom] 
1621639224370 [vx:0.0 vy:0.0 yaw:0.0] 
1621639224460 [Update odom] 
1621639224471 [vx:0.0 vy:0.0 yaw:0.0] 
1621639224569 [Update odom] 
1621639224583 [vx:0.0 vy:0.0 yaw:0.0] 
1621639224657 [Update odom] 
1621639224669 [vx:0.0 vy:0.0 yaw:0.0] 
1621639224757 [Update odom] 
1621639224773 [vx:0.0 vy:0.0 yaw:0.0] 
1621639224858 [Update odom] 
1621639224870 [vx:0.0 vy:0.0 yaw:0.0] 
1621639224957 [Update odom] 
1621639224970 [vx:0.0 vy:0.0 yaw:0.0] 
1621639225063 [Update odom] 
1621639225069 [vx:0.0 vy:0.0 yaw:0.0] 
1621639225157 [Update odom] 
1621639225167 [vx:0.0 vy:0.0 yaw:0.0] 
1621639225257 [Update odom] 
1621639225266 [vx:0.0 vy:0.0 yaw:0.0] 
1621639225357 [Update odom] 
1621639225367 [vx:0.0 vy:0.0 yaw:0.0] 
1621639225458 [Update odom] 
1621639225470 [vx:0.0 vy:0.0 yaw:0.0] 
1621639225557 [Update odom] 
1621639225566 [vx:0.0 vy:0.0 yaw:0.0] 
1621639225657 [Update odom] 
1621639225671 [vx:0.0 vy:0.0 yaw:0.0] 
1621639225757 [Update odom] 
1621639225770 [vx:0.0 vy:0.0 yaw:0.0] 
1621639225857 [Update odom] 
1621639225867 [vx:0.0 vy:0.0 yaw:0.0] 
1621639225957 [Update odom] 
1621639225967 [vx:0.0 vy:0.0 yaw:0.0] 
1621639226058 [Update odom] 
1621639226071 [vx:0.0 vy:0.0 yaw:0.0] 
1621639226157 [Update odom] 
1621639226166 [vx:0.0 vy:0.0 yaw:0.0] 
1621639226260 [Update odom] 
1621639226284 [vx:0.0 vy:0.0 yaw:0.0] 
1621639226364 [Update odom] 
1621639226374 [vx:0.0 vy:0.0 yaw:0.0] 
1621639226457 [Update odom] 
1621639226466 [vx:0.0 vy:0.0 yaw:0.0] 
1621639226557 [Update odom] 
1621639226566 [vx:0.0 vy:0.0 yaw:0.0] 
1621639226666 [Update odom] 
1621639226687 [vx:0.0 vy:0.0 yaw:0.0] 
1621639226757 [Update odom] 
1621639226766 [vx:0.0 vy:0.0 yaw:0.0] 
1621639226860 [Update odom] 
1621639226871 [vx:0.0 vy:0.0 yaw:0.0] 
1621639226957 [Update odom] 
1621639226966 [vx:0.0 vy:0.0 yaw:0.0] 
1621639227082 [Update odom] 
1621639227094 [vx:0.0 vy:0.0 yaw:0.0] 
1621639227157 [Update odom] 
1621639227166 [vx:0.0 vy:0.0 yaw:0.0] 
1621639227257 [Update odom] 
1621639227264 [vx:0.0 vy:0.0 yaw:0.0] 
1621639227359 [Update odom] 
1621639227370 [vx:0.0 vy:0.0 yaw:0.0] 
1621639227458 [Update odom] 
1621639227470 [vx:0.0 vy:0.0 yaw:0.0] 
1621639227558 [Update odom] 
1621639227571 [vx:0.0 vy:0.0 yaw:0.0] 
1621639227658 [Update odom] 
1621639227670 [vx:0.0 vy:0.0 yaw:0.0] 
1621639227757 [Update odom] 
1621639227773 [vx:0.0 vy:0.0 yaw:0.0] 
1621639227857 [Update odom] 
1621639227867 [vx:0.0 vy:0.0 yaw:0.0] 
1621639227957 [Update odom] 
1621639227971 [vx:0.0 vy:0.0 yaw:0.0] 
1621639228058 [Update odom] 
1621639228079 [vx:0.0 vy:0.0 yaw:0.0] 
1621639228157 [Update odom] 
1621639228170 [vx:0.0 vy:0.0 yaw:0.0] 
1621639228258 [Update odom] 
1621639228270 [vx:0.0 vy:0.0 yaw:0.0] 
1621639228357 [Update odom] 
1621639228372 [vx:0.0 vy:0.0 yaw:0.0] 
1621639228470 [Update odom] 
1621639228483 [vx:0.0 vy:0.0 yaw:0.0] 
1621639228557 [Update odom] 
1621639228567 [vx:0.0 vy:0.0 yaw:0.0] 
1621639228658 [Update odom] 
1621639228671 [vx:0.0 vy:0.0 yaw:0.0] 
1621639228757 [Update odom] 
1621639228769 [vx:0.0 vy:0.0 yaw:0.0] 
1621639228858 [Update odom] 
1621639228888 [vx:0.0 vy:0.0 yaw:0.0] 
1621639228957 [Update odom] 
1621639228966 [vx:0.0 vy:0.0 yaw:0.0] 
1621639229057 [Update odom] 
1621639229067 [vx:0.0 vy:0.0 yaw:0.0] 
1621639229157 [Update odom] 
1621639229171 [vx:0.0 vy:0.0 yaw:0.0] 
1621639229257 [Update odom] 
1621639229266 [vx:0.0 vy:0.0 yaw:0.0] 
1621639229357 [Update odom] 
1621639229366 [vx:0.0 vy:0.0 yaw:0.0] 
1621639229457 [Update odom] 
1621639229467 [vx:0.0 vy:0.0 yaw:0.0] 
1621639229558 [Update odom] 
1621639229570 [vx:0.0 vy:0.0 yaw:0.0] 
1621639229658 [Update odom] 
1621639229670 [vx:0.0 vy:0.0 yaw:0.0] 
1621639229757 [Update odom] 
1621639229770 [vx:0.0 vy:0.0 yaw:0.0] 
1621639229857 [Update odom] 
1621639229868 [vx:0.0 vy:0.0 yaw:0.0] 
1621639229959 [Update odom] 
1621639230005 [vx:0.0 vy:0.0 yaw:0.0] 
1621639230057 [Update odom] 
1621639230066 [vx:0.0 vy:0.0 yaw:0.0] 
1621639230157 [Update odom] 
1621639230166 [vx:0.0 vy:0.0 yaw:0.0] 
1621639230257 [Update odom] 
1621639230268 [vx:0.0 vy:0.0 yaw:0.0] 
1621639230362 [Update odom] 
1621639230376 [vx:0.0 vy:0.0 yaw:0.0] 
1621639230462 [Update odom] 
1621639230474 [vx:0.0 vy:0.0 yaw:0.0] 
1621639230557 [Update odom] 
1621639230566 [vx:0.0 vy:0.0 yaw:0.0] 
1621639230657 [Update odom] 
1621639230671 [vx:0.0 vy:0.0 yaw:0.0] 
1621639230770 [Update odom] 
1621639230783 [vx:0.0 vy:0.0 yaw:0.0] 
1621639230857 [Update odom] 
1621639230870 [vx:0.0 vy:0.0 yaw:0.0] 
1621639230958 [Update odom] 
1621639230977 [vx:0.0 vy:0.0 yaw:0.0] 
1621639231057 [Update odom] 
1621639231066 [vx:0.0 vy:0.0 yaw:0.0] 
1621639231157 [Update odom] 
1621639231166 [vx:0.0 vy:0.0 yaw:0.0] 
1621639231257 [Update odom] 
1621639231266 [vx:0.0 vy:0.0 yaw:0.0] 
1621639231357 [Update odom] 
1621639231371 [vx:0.0 vy:0.0 yaw:0.0] 
1621639231458 [Update odom] 
1621639231476 [vx:0.0 vy:0.0 yaw:0.0] 
1621639231557 [Update odom] 
1621639231567 [vx:0.0 vy:0.0 yaw:0.0] 
1621639231657 [Update odom] 
1621639231666 [vx:0.0 vy:0.0 yaw:0.0] 
1621639231757 [Update odom] 
1621639231766 [vx:0.0 vy:0.0 yaw:0.0] 
1621639231857 [Update odom] 
1621639231867 [vx:0.0 vy:0.0 yaw:0.0] 
1621639231957 [Update odom] 
1621639231967 [vx:0.0 vy:0.0 yaw:0.0] 
1621639232057 [Update odom] 
1621639232072 [vx:0.0 vy:0.0 yaw:0.0] 
1621639232157 [Update odom] 
1621639232167 [vx:0.0 vy:0.0 yaw:0.0] 
1621639232257 [Update odom] 
1621639232275 [vx:0.0 vy:0.0 yaw:0.0] 
1621639232357 [Update odom] 
1621639232370 [vx:0.0 vy:0.0 yaw:0.0] 
1621639232457 [Update odom] 
1621639232466 [vx:0.0 vy:0.0 yaw:0.0] 
1621639232562 [Update odom] 
1621639232578 [vx:0.0 vy:0.0 yaw:0.0] 
1621639232657 [Update odom] 
1621639232666 [vx:0.0 vy:0.0 yaw:0.0] 
1621639232757 [Update odom] 
1621639232770 [vx:0.0 vy:0.0 yaw:0.0] 
1621639232857 [Update odom] 
1621639232866 [vx:0.0 vy:0.0 yaw:0.0] 
1621639232957 [Update odom] 
1621639232966 [vx:0.0 vy:0.0 yaw:0.0] 
1621639233057 [Update odom] 
1621639233066 [vx:0.0 vy:0.0 yaw:0.0] 
1621639233157 [Update odom] 
1621639233166 [vx:0.0 vy:0.0 yaw:0.0] 
1621639233263 [Update odom] 
1621639233277 [vx:0.0 vy:0.0 yaw:0.0] 
1621639233357 [Update odom] 
1621639233366 [vx:0.0 vy:0.0 yaw:0.0] 
1621639233464 [Update odom] 
1621639233543 [vx:0.0 vy:0.0 yaw:0.0] 
1621639233557 [Update odom] 
1621639233566 [vx:0.0 vy:0.0 yaw:0.0] 
1621639233659 [Update odom] 
1621639233686 [vx:0.0 vy:0.0 yaw:0.0] 
1621639233757 [Update odom] 
1621639233766 [vx:0.0 vy:0.0 yaw:0.0] 
1621639233859 [Update odom] 
1621639233903 [vx:0.0 vy:0.0 yaw:0.0] 
1621639233957 [Update odom] 
1621639233967 [vx:0.0 vy:0.0 yaw:0.0] 
1621639234057 [Update odom] 
1621639234072 [vx:0.0 vy:0.0 yaw:0.0] 
1621639234157 [Update odom] 
1621639234170 [vx:0.0 vy:0.0 yaw:0.0] 
1621639234257 [Update odom] 
1621639234267 [vx:0.0 vy:0.0 yaw:0.0] 
1621639234357 [Update odom] 
1621639234366 [vx:0.0 vy:0.0 yaw:0.0] 
1621639234457 [Update odom] 
1621639234467 [vx:0.0 vy:0.0 yaw:0.0] 
1621639234557 [Update odom] 
1621639234576 [vx:0.0 vy:0.0 yaw:0.0] 
1621639234657 [Update odom] 
1621639234666 [vx:0.0 vy:0.0 yaw:0.0] 
1621639234757 [Update odom] 
1621639234766 [vx:0.0 vy:0.0 yaw:0.0] 
1621639234857 [Update odom] 
1621639234867 [vx:0.0 vy:0.0 yaw:0.0] 
1621639234957 [Update odom] 
1621639234966 [vx:0.0 vy:0.0 yaw:0.0] 
1621639235057 [Update odom] 
1621639235070 [vx:0.0 vy:0.0 yaw:0.0] 
1621639235157 [Update odom] 
1621639235166 [vx:0.0 vy:0.0 yaw:0.0] 
1621639235259 [Update odom] 
1621639235271 [vx:0.0 vy:0.0 yaw:0.0] 
1621639235357 [Update odom] 
1621639235366 [vx:0.0 vy:0.0 yaw:0.0] 
1621639235457 [Update odom] 
1621639235467 [vx:0.0 vy:0.0 yaw:0.0] 
1621639235557 [Update odom] 
1621639235567 [vx:0.0 vy:0.0 yaw:0.0] 
1621639235657 [Update odom] 
1621639235670 [vx:0.0 vy:0.0 yaw:0.0] 
1621639235757 [Update odom] 
1621639235766 [vx:0.0 vy:0.0 yaw:0.0] 
1621639235857 [Update odom] 
1621639235871 [vx:0.0 vy:0.0 yaw:0.0] 
1621639235957 [Update odom] 
1621639235966 [vx:0.0 vy:0.0 yaw:0.0] 
1621639236057 [Update odom] 
1621639236067 [vx:0.0 vy:0.0 yaw:0.0] 
1621639236157 [Update odom] 
1621639236171 [vx:0.0 vy:0.0 yaw:0.0] 
1621639236257 [Update odom] 
1621639236267 [vx:0.0 vy:0.0 yaw:0.0] 
1621639236357 [Update odom] 
1621639236367 [vx:0.0 vy:0.0 yaw:0.0] 
1621639236457 [Update odom] 
1621639236467 [vx:0.0 vy:0.0 yaw:0.0] 
1621639236558 [Update odom] 
1621639236571 [vx:0.0 vy:0.0 yaw:0.0] 
1621639236657 [Update odom] 
1621639236668 [vx:0.0 vy:0.0 yaw:0.0] 
1621639236757 [Update odom] 
1621639236767 [vx:0.0 vy:0.0 yaw:0.0] 
1621639236857 [Update odom] 
1621639236873 [vx:0.0 vy:0.0 yaw:0.0] 
1621639236957 [Update odom] 
1621639236967 [vx:0.0 vy:0.0 yaw:0.0] 
1621639237057 [Update odom] 
1621639237071 [vx:0.0 vy:0.0 yaw:0.0] 
1621639237157 [Update odom] 
1621639237166 [vx:0.0 vy:0.0 yaw:0.0] 
1621639237257 [Update odom] 
1621639237267 [vx:0.0 vy:0.0 yaw:0.0] 
1621639237357 [Update odom] 
1621639237371 [vx:0.0 vy:0.0 yaw:0.0] 
1621639237457 [Update odom] 
1621639237481 [vx:0.0 vy:0.0 yaw:0.0] 
1621639237560 [Update odom] 
1621639237571 [vx:0.0 vy:0.0 yaw:0.0] 
1621639237657 [Update odom] 
1621639237671 [vx:0.0 vy:0.0 yaw:0.0] 
1621639237757 [Update odom] 
1621639237767 [vx:0.0 vy:0.0 yaw:0.0] 
1621639237857 [Update odom] 
1621639237866 [vx:0.0 vy:0.0 yaw:0.0] 
1621639237957 [Update odom] 
1621639237966 [vx:0.0 vy:0.0 yaw:0.0] 
1621639238057 [Update odom] 
1621639238066 [vx:0.0 vy:0.0 yaw:0.0] 
1621639238162 [Update odom] 
1621639238180 [vx:0.0 vy:0.0 yaw:0.0] 
1621639238257 [Update odom] 
1621639238267 [vx:0.0 vy:0.0 yaw:0.0] 
1621639238360 [Update odom] 
1621639238370 [vx:0.0 vy:0.0 yaw:0.0] 
1621639238457 [Update odom] 
1621639238466 [vx:0.0 vy:0.0 yaw:0.0] 
1621639238557 [Update odom] 
1621639238566 [vx:0.0 vy:0.0 yaw:0.0] 
1621639238661 [Update odom] 
1621639238702 [vx:0.0 vy:0.0 yaw:0.0] 
1621639238757 [Update odom] 
1621639238766 [vx:0.0 vy:0.0 yaw:0.0] 
1621639238860 [Update odom] 
1621639238876 [vx:0.0 vy:0.0 yaw:0.0] 
1621639238962 [Update odom] 
1621639238982 [vx:0.0 vy:0.0 yaw:0.0] 
1621639239057 [Update odom] 
1621639239071 [vx:0.0 vy:0.0 yaw:0.0] 
1621639239160 [Update odom] 
1621639239170 [vx:0.0 vy:0.0 yaw:0.0] 
1621639239257 [Update odom] 
1621639239268 [vx:0.0 vy:0.0 yaw:0.0] 
1621639239357 [Update odom] 
1621639239367 [vx:0.0 vy:0.0 yaw:0.0] 
1621639239457 [Update odom] 
1621639239471 [vx:0.0 vy:0.0 yaw:0.0] 
1621639239557 [Update odom] 
1621639239566 [vx:0.0 vy:0.0 yaw:0.0] 
1621639239675 [Update odom] 
1621639239687 [vx:0.0 vy:0.0 yaw:0.0] 
1621639239757 [Update odom] 
1621639239766 [vx:0.0 vy:0.0 yaw:0.0] 
1621639239857 [Update odom] 
1621639239866 [vx:0.0 vy:0.0 yaw:0.0] 
1621639239957 [Update odom] 
1621639239966 [vx:0.0 vy:0.0 yaw:0.0] 
1621639240057 [Update odom] 
1621639240067 [vx:0.0 vy:0.0 yaw:0.0] 
1621639240157 [Update odom] 
1621639240166 [vx:0.0 vy:0.0 yaw:0.0] 
1621639240257 [Update odom] 
1621639240266 [vx:0.0 vy:0.0 yaw:0.0] 
1621639240357 [Update odom] 
1621639240367 [vx:0.0 vy:0.0 yaw:0.0] 
1621639240457 [Update odom] 
1621639240467 [vx:0.0 vy:0.0 yaw:0.0] 
1621639240562 [Update odom] 
1621639240578 [vx:0.0 vy:0.0 yaw:0.0] 
1621639240657 [Update odom] 
1621639240667 [vx:0.0 vy:0.0 yaw:0.0] 
1621639240757 [Update odom] 
1621639240771 [vx:0.0 vy:0.0 yaw:0.0] 
1621639240857 [Update odom] 
1621639240866 [vx:0.0 vy:0.0 yaw:0.0] 
1621639240957 [Update odom] 
1621639240970 [vx:0.0 vy:0.0 yaw:0.0] 
1621639241057 [Update odom] 
1621639241070 [vx:0.0 vy:0.0 yaw:0.0] 
1621639241157 [Update odom] 
1621639241166 [vx:0.0 vy:0.0 yaw:0.0] 
1621639241257 [Update odom] 
1621639241270 [vx:0.0 vy:0.0 yaw:0.0] 
1621639241357 [Update odom] 
1621639241367 [vx:0.0 vy:0.0 yaw:0.0] 
1621639241457 [Update odom] 
1621639241471 [vx:0.0 vy:0.0 yaw:0.0] 
1621639241557 [Update odom] 
1621639241571 [vx:0.0 vy:0.0 yaw:0.0] 
1621639241657 [Update odom] 
1621639241667 [vx:0.0 vy:0.0 yaw:0.0] 
1621639241757 [Update odom] 
1621639241767 [vx:0.0 vy:0.0 yaw:0.0] 
1621639241857 [Update odom] 
1621639241870 [vx:0.0 vy:0.0 yaw:0.0] 
1621639241957 [Update odom] 
1621639241971 [vx:0.0 vy:0.0 yaw:0.0] 
1621639242057 [Update odom] 
1621639242067 [vx:0.0 vy:0.0 yaw:0.0] 
1621639242157 [Update odom] 
1621639242166 [vx:0.0 vy:0.0 yaw:0.0] 
1621639242257 [Update odom] 
1621639242266 [vx:0.0 vy:0.0 yaw:0.0] 
1621639242357 [Update odom] 
1621639242370 [vx:0.0 vy:0.0 yaw:0.0] 
1621639242457 [Update odom] 
1621639242472 [vx:0.0 vy:0.0 yaw:0.0] 
1621639242557 [Update odom] 
1621639242570 [vx:0.0 vy:0.0 yaw:0.0] 
1621639242657 [Update odom] 
1621639242666 [vx:0.0 vy:0.0 yaw:0.0] 
1621639242757 [Update odom] 
1621639242766 [vx:0.0 vy:0.0 yaw:0.0] 
1621639242857 [Update odom] 
1621639242866 [vx:0.0 vy:0.0 yaw:0.0] 
1621639242957 [Update odom] 
1621639242970 [vx:0.0 vy:0.0 yaw:0.0] 
1621639243057 [Update odom] 
1621639243067 [vx:0.0 vy:0.0 yaw:0.0] 
1621639243157 [Update odom] 
1621639243167 [vx:0.0 vy:0.0 yaw:0.0] 
1621639243257 [Update odom] 
1621639243266 [vx:0.0 vy:0.0 yaw:0.0] 
1621639243357 [Update odom] 
1621639243367 [vx:0.0 vy:0.0 yaw:0.0] 
1621639243464 [Update odom] 
1621639243474 [vx:0.0 vy:0.0 yaw:0.0] 
1621639243557 [Update odom] 
1621639243566 [vx:0.0 vy:0.0 yaw:0.0] 
1621639243657 [Update odom] 
1621639243666 [vx:0.0 vy:0.0 yaw:0.0] 
1621639243757 [Update odom] 
1621639243766 [vx:0.0 vy:0.0 yaw:0.0] 
1621639243857 [Update odom] 
1621639243867 [vx:0.0 vy:0.0 yaw:0.0] 
1621639243957 [Update odom] 
1621639243966 [vx:0.0 vy:0.0 yaw:0.0] 
1621639244057 [Update odom] 
1621639244071 [vx:0.0 vy:0.0 yaw:0.0] 
1621639244157 [Update odom] 
1621639244167 [vx:0.0 vy:0.0 yaw:0.0] 
1621639244257 [Update odom] 
1621639244274 [vx:0.0 vy:0.0 yaw:0.0] 
1621639244357 [Update odom] 
1621639244366 [vx:0.0 vy:0.0 yaw:0.0] 
1621639244457 [Update odom] 
1621639244466 [vx:0.0 vy:0.0 yaw:0.0] 
1621639244557 [Update odom] 
1621639244573 [vx:0.0 vy:0.0 yaw:0.0] 
1621639244658 [Update odom] 
1621639244670 [vx:0.0 vy:0.0 yaw:0.0] 
1621639244770 [Update odom] 
1621639244782 [vx:0.0 vy:0.0 yaw:0.0] 
1621639244857 [Update odom] 
1621639244870 [vx:0.0 vy:0.0 yaw:0.0] 
1621639244972 [Update odom] 
1621639244986 [vx:0.0 vy:0.0 yaw:0.0] 
1621639245057 [Update odom] 
1621639245066 [vx:0.0 vy:0.0 yaw:0.0] 
1621639245157 [Update odom] 
1621639245166 [vx:0.0 vy:0.0 yaw:0.0] 
1621639245257 [Update odom] 
1621639245267 [vx:0.0 vy:0.0 yaw:0.0] 
1621639245357 [Update odom] 
1621639245366 [vx:0.0 vy:0.0 yaw:0.0] 
1621639245457 [Update odom] 
1621639245466 [vx:0.0 vy:0.0 yaw:0.0] 
1621639245557 [Update odom] 
1621639245567 [vx:0.0 vy:0.0 yaw:0.0] 
1621639245657 [Update odom] 
1621639245666 [vx:0.0 vy:0.0 yaw:0.0] 
1621639245757 [Update odom] 
1621639245766 [vx:0.0 vy:0.0 yaw:0.0] 
1621639245857 [Update odom] 
1621639245867 [vx:0.0 vy:0.0 yaw:0.0] 
1621639245957 [Update odom] 
1621639245967 [vx:0.0 vy:0.0 yaw:0.0] 
1621639246061 [Update odom] 
1621639246070 [vx:0.0 vy:0.0 yaw:0.0] 
1621639246157 [Update odom] 
1621639246167 [vx:0.0 vy:0.0 yaw:0.0] 
1621639246258 [Update odom] 
1621639246271 [vx:0.0 vy:0.0 yaw:0.0] 
1621639246357 [Update odom] 
1621639246378 [vx:0.0 vy:0.0 yaw:0.0] 
1621639246457 [Update odom] 
1621639246466 [vx:0.0 vy:0.0 yaw:0.0] 
1621639246557 [Update odom] 
1621639246571 [vx:0.0 vy:0.0 yaw:0.0] 
1621639246657 [Update odom] 
1621639246670 [vx:0.0 vy:0.0 yaw:0.0] 
1621639246757 [Update odom] 
1621639246771 [vx:0.0 vy:0.0 yaw:0.0] 
1621639246857 [Update odom] 
1621639246867 [vx:0.0 vy:0.0 yaw:0.0] 
1621639246957 [Update odom] 
1621639246967 [vx:0.0 vy:0.0 yaw:0.0] 
1621639247057 [Update odom] 
1621639247067 [vx:0.0 vy:0.0 yaw:0.0] 
1621639247157 [Update odom] 
1621639247166 [vx:0.0 vy:0.0 yaw:0.0] 
1621639247257 [Update odom] 
1621639247267 [vx:0.0 vy:0.0 yaw:0.0] 
1621639247357 [Update odom] 
1621639247367 [vx:0.0 vy:0.0 yaw:0.0] 
1621639247457 [Update odom] 
1621639247467 [vx:0.0 vy:0.0 yaw:0.0] 
1621639247557 [Update odom] 
1621639247566 [vx:0.0 vy:0.0 yaw:0.0] 
1621639247657 [Update odom] 
1621639247667 [vx:0.0 vy:0.0 yaw:0.0] 
1621639247757 [Update odom] 
1621639247785 [vx:0.0 vy:0.0 yaw:0.0] 
1621639247857 [Update odom] 
1621639247871 [vx:0.0 vy:0.0 yaw:0.0] 
1621639247957 [Update odom] 
1621639247966 [vx:0.0 vy:0.0 yaw:0.0] 
1621639248057 [Update odom] 
1621639248066 [vx:0.0 vy:0.0 yaw:0.0] 
1621639248157 [Update odom] 
1621639248167 [vx:0.0 vy:0.0 yaw:0.0] 
1621639248262 [Update odom] 
1621639248275 [vx:0.0 vy:0.0 yaw:0.0] 
1621639248357 [Update odom] 
1621639248375 [vx:0.0 vy:0.0 yaw:0.0] 
1621639248457 [Update odom] 
1621639248477 [vx:0.0 vy:0.0 yaw:0.0] 
1621639248557 [Update odom] 
1621639248566 [vx:0.0 vy:0.0 yaw:0.0] 
1621639248657 [Update odom] 
1621639248666 [vx:0.0 vy:0.0 yaw:0.0] 
1621639248757 [Update odom] 
1621639248767 [vx:0.0 vy:0.0 yaw:0.0] 
1621639248857 [Update odom] 
1621639248870 [vx:0.0 vy:0.0 yaw:0.0] 
1621639248957 [Update odom] 
1621639248971 [vx:0.0 vy:0.0 yaw:0.0] 
1621639249057 [Update odom] 
1621639249071 [vx:0.0 vy:0.0 yaw:0.0] 
1621639249177 [Update odom] 
1621639249187 [vx:0.0 vy:0.0 yaw:0.0] 
1621639249257 [Update odom] 
1621639249266 [vx:0.0 vy:0.0 yaw:0.0] 
1621639249357 [Update odom] 
1621639249367 [vx:0.0 vy:0.0 yaw:0.0] 
1621639249458 [Update odom] 
1621639249471 [vx:0.0 vy:0.0 yaw:0.0] 
1621639249557 [Update odom] 
1621639249567 [vx:0.0 vy:0.0 yaw:0.0] 
1621639249657 [Update odom] 
1621639249666 [vx:0.0 vy:0.0 yaw:0.0] 
1621639249757 [Update odom] 
1621639249767 [vx:0.0 vy:0.0 yaw:0.0] 
1621639249858 [Update odom] 
1621639249870 [vx:0.0 vy:0.0 yaw:0.0] 
1621639249957 [Update odom] 
1621639249984 [vx:0.0 vy:0.0 yaw:0.0] 
1621639250057 [Update odom] 
1621639250067 [vx:0.0 vy:0.0 yaw:0.0] 
1621639250157 [Update odom] 
1621639250170 [vx:0.0 vy:0.0 yaw:0.0] 
1621639250257 [Update odom] 
1621639250266 [vx:0.0 vy:0.0 yaw:0.0] 
1621639250357 [Update odom] 
1621639250366 [vx:0.0 vy:0.0 yaw:0.0] 
1621639250457 [Update odom] 
1621639250466 [vx:0.0 vy:0.0 yaw:0.0] 
1621639250557 [Update odom] 
1621639250566 [vx:0.0 vy:0.0 yaw:0.0] 
1621639250657 [Update odom] 
1621639250666 [vx:0.0 vy:0.0 yaw:0.0] 
1621639250757 [Update odom] 
1621639250766 [vx:0.0 vy:0.0 yaw:0.0] 
1621639250857 [Update odom] 
1621639250866 [vx:0.0 vy:0.0 yaw:0.0] 
1621639250957 [Update odom] 
1621639250966 [vx:0.0 vy:0.0 yaw:0.0] 
1621639251057 [Update odom] 
1621639251067 [vx:0.0 vy:0.0 yaw:0.0] 
1621639251157 [Update odom] 
1621639251167 [vx:0.0 vy:0.0 yaw:0.0] 
1621639251257 [Update odom] 
1621639251266 [vx:0.0 vy:0.0 yaw:0.0] 
1621639251357 [Update odom] 
1621639251371 [vx:0.0 vy:0.0 yaw:0.0] 
1621639251457 [Update odom] 
1621639251466 [vx:0.0 vy:0.0 yaw:0.0] 
1621639251557 [Update odom] 
1621639251566 [vx:0.0 vy:0.0 yaw:0.0] 
1621639251657 [Update odom] 
1621639251669 [vx:0.0 vy:0.0 yaw:0.0] 
1621639251757 [Update odom] 
1621639251766 [vx:0.0 vy:0.0 yaw:0.0] 
1621639251857 [Update odom] 
1621639251868 [vx:0.0 vy:0.0 yaw:0.0] 
1621639251957 [Update odom] 
1621639251967 [vx:0.0 vy:0.0 yaw:0.0] 
1621639252057 [Update odom] 
1621639252066 [vx:0.0 vy:0.0 yaw:0.0] 
1621639252165 [Update odom] 
1621639252175 [vx:0.0 vy:0.0 yaw:0.0] 
1621639252257 [Update odom] 
1621639252266 [vx:0.0 vy:0.0 yaw:0.0] 
1621639252357 [Update odom] 
1621639252366 [vx:0.0 vy:0.0 yaw:0.0] 
1621639252457 [Update odom] 
1621639252467 [vx:0.0 vy:0.0 yaw:0.0] 
1621639252557 [Update odom] 
1621639252566 [vx:0.0 vy:0.0 yaw:0.0] 
1621639252657 [Update odom] 
1621639252670 [vx:0.0 vy:0.0 yaw:0.0] 
1621639252757 [Update odom] 
1621639252767 [vx:0.0 vy:0.0 yaw:0.0] 
1621639252857 [Update odom] 
1621639252876 [vx:0.0 vy:0.0 yaw:0.0] 
1621639252957 [Update odom] 
1621639252967 [vx:0.0 vy:0.0 yaw:0.0] 
1621639253057 [Update odom] 
1621639253067 [vx:0.0 vy:0.0 yaw:0.0] 
1621639253157 [Update odom] 
1621639253168 [vx:0.0 vy:0.0 yaw:0.0] 
1621639253257 [Update odom] 
1621639253276 [vx:0.0 vy:0.0 yaw:0.0] 
1621639253357 [Update odom] 
1621639253366 [vx:0.0 vy:0.0 yaw:0.0] 
1621639253457 [Update odom] 
1621639253467 [vx:0.0 vy:0.0 yaw:0.0] 
1621639253557 [Update odom] 
1621639253571 [vx:0.0 vy:0.0 yaw:0.0] 
1621639253657 [Update odom] 
1621639253667 [vx:0.0 vy:0.0 yaw:0.0] 
1621639253757 [Update odom] 
1621639253766 [vx:0.0 vy:0.0 yaw:0.0] 
1621639253857 [Update odom] 
1621639253867 [vx:0.0 vy:0.0 yaw:0.0] 
1621639253957 [Update odom] 
1621639253967 [vx:0.0 vy:0.0 yaw:0.0] 
1621639254057 [Update odom] 
1621639254066 [vx:0.0 vy:0.0 yaw:0.0] 
1621639254157 [Update odom] 
1621639254167 [vx:0.0 vy:0.0 yaw:0.0] 
1621639254257 [Update odom] 
1621639254267 [vx:0.0 vy:0.0 yaw:0.0] 
1621639254357 [Update odom] 
1621639254366 [vx:0.0 vy:0.0 yaw:0.0] 
1621639254457 [Update odom] 
1621639254466 [vx:0.0 vy:0.0 yaw:0.0] 
1621639254557 [Update odom] 
1621639254566 [vx:0.0 vy:0.0 yaw:0.0] 
1621639254657 [Update odom] 
1621639254666 [vx:0.0 vy:0.0 yaw:0.0] 
1621639254757 [Update odom] 
1621639254775 [vx:0.0 vy:0.0 yaw:0.0] 
1621639254857 [Update odom] 
1621639254866 [vx:0.0 vy:0.0 yaw:0.0] 
1621639254957 [Update odom] 
1621639254966 [vx:0.0 vy:0.0 yaw:0.0] 
1621639255057 [Update odom] 
1621639255066 [vx:0.0 vy:0.0 yaw:0.0] 
1621639255157 [Update odom] 
1621639255167 [vx:0.0 vy:0.0 yaw:0.0] 
1621639255257 [Update odom] 
1621639255267 [vx:0.0 vy:0.0 yaw:0.0] 
1621639255357 [Update odom] 
1621639255367 [vx:0.0 vy:0.0 yaw:0.0] 
1621639255457 [Update odom] 
1621639255486 [vx:0.0 vy:0.0 yaw:0.0] 
1621639255557 [Update odom] 
1621639255566 [vx:0.0 vy:0.0 yaw:0.0] 
1621639255657 [Update odom] 
1621639255666 [vx:0.0 vy:0.0 yaw:0.0] 
1621639255762 [Update odom] 
1621639255775 [vx:0.0 vy:0.0 yaw:0.0] 
1621639255857 [Update odom] 
1621639255874 [vx:0.0 vy:0.0 yaw:0.0] 
1621639255957 [Update odom] 
1621639255967 [vx:0.0 vy:0.0 yaw:0.0] 
1621639256057 [Update odom] 
1621639256067 [vx:0.0 vy:0.0 yaw:0.0] 
1621639256157 [Update odom] 
1621639256171 [vx:0.0 vy:0.0 yaw:0.0] 
1621639256257 [Update odom] 
1621639256267 [vx:0.0 vy:0.0 yaw:0.0] 
1621639256357 [Update odom] 
1621639256366 [vx:0.0 vy:0.0 yaw:0.0] 
1621639256457 [Update odom] 
1621639256467 [vx:0.0 vy:0.0 yaw:0.0] 
1621639256557 [Update odom] 
1621639256566 [vx:0.0 vy:0.0 yaw:0.0] 
1621639256657 [Update odom] 
1621639256674 [vx:0.0 vy:0.0 yaw:0.0] 
1621639256757 [Update odom] 
1621639256766 [vx:0.0 vy:0.0 yaw:0.0] 
1621639256857 [Update odom] 
1621639256867 [vx:0.0 vy:0.0 yaw:0.0] 
1621639256957 [Update odom] 
1621639256966 [vx:0.0 vy:0.0 yaw:0.0] 
1621639257057 [Update odom] 
1621639257069 [vx:0.0 vy:0.0 yaw:0.0] 
1621639257157 [Update odom] 
1621639257167 [vx:0.0 vy:0.0 yaw:0.0] 
1621639257257 [Update odom] 
1621639257266 [vx:0.0 vy:0.0 yaw:0.0] 
1621639257360 [Update odom] 
1621639257370 [vx:0.0 vy:0.0 yaw:0.0] 
1621639257457 [Update odom] 
1621639257471 [vx:0.0 vy:0.0 yaw:0.0] 
1621639257557 [Update odom] 
1621639257567 [vx:0.0 vy:0.0 yaw:0.0] 
1621639257666 [Update odom] 
1621639257678 [vx:0.0 vy:0.0 yaw:0.0] 
1621639257757 [Update odom] 
1621639257766 [vx:0.0 vy:0.0 yaw:0.0] 
1621639257857 [Update odom] 
1621639257866 [vx:0.0 vy:0.0 yaw:0.0] 
1621639257957 [Update odom] 
1621639257967 [vx:0.0 vy:0.0 yaw:0.0] 
1621639258057 [Update odom] 
1621639258067 [vx:0.0 vy:0.0 yaw:0.0] 
1621639258157 [Update odom] 
1621639258167 [vx:0.0 vy:0.0 yaw:0.0] 
1621639258257 [Update odom] 
1621639258292 [vx:0.0 vy:0.0 yaw:0.0] 
1621639258357 [Update odom] 
1621639258367 [vx:0.0 vy:0.0 yaw:0.0] 
1621639258457 [Update odom] 
1621639258466 [vx:0.0 vy:0.0 yaw:0.0] 
1621639258557 [Update odom] 
1621639258580 [vx:0.0 vy:0.0 yaw:0.0] 
1621639258657 [Update odom] 
1621639258667 [vx:0.0 vy:0.0 yaw:0.0] 
1621639258685 [log_latest_command] [[ b y t e a r r a y ( b ' \ x a a \ x f f \ x a 0 \ x 0 2 I \ x 0 f \ x 0 e ' ) ]] 
1621639258757 [Update odom] 
1621639258772 [vx:-0.239 vy:-0.0 yaw:0.0] 
1621639258857 [Update odom] 
1621639258870 [vx:-0.31425 vy:-0.0 yaw:0.0] 
1621639258957 [Update odom] 
1621639258967 [vx:-0.34025 vy:-0.0 yaw:0.0] 
1621639259057 [Update odom] 
1621639259067 [vx:-0.315 vy:-0.0 yaw:0.0] 
1621639259157 [Update odom] 
1621639259167 [vx:-0.3555 vy:-0.0 yaw:0.0] 
1621639259257 [Update odom] 
1621639259266 [vx:-0.34725 vy:-0.0 yaw:0.0] 
1621639259357 [Update odom] 
1621639259367 [vx:-0.378 vy:-0.0 yaw:0.0] 
1621639259457 [Update odom] 
1621639259467 [vx:-0.387 vy:-0.0 yaw:0.0] 
1621639259557 [Update odom] 
1621639259568 [vx:-0.3545 vy:-0.0 yaw:0.0] 
1621639259657 [Update odom] 
1621639259666 [vx:-0.39325 vy:-0.0 yaw:0.0] 
1621639259757 [Update odom] 
1621639259766 [vx:-0.387 vy:-0.0 yaw:0.0] 
1621639259859 [Update odom] 
1621639259871 [vx:-0.3715 vy:-0.0 yaw:0.0] 
1621639259956 [log_latest_command] [[ b y t e a r r a y ( b ' \ x a a \ x f f \ x a 0 \ x 0 2 I \ x 0 f \ x 0 e ' ) ]] 
1621639259969 [Update odom] 
1621639259994 [vx:-0.3715 vy:-0.0 yaw:0.0] 
1621639260057 [Update odom] 
1621639260067 [vx:0.0 vy:0.0 yaw:0.0] 
1621639260157 [Update odom] 
1621639260167 [vx:0.0 vy:0.0 yaw:0.0] 
1621639260257 [Update odom] 
1621639260273 [vx:0.0 vy:0.0 yaw:0.0] 
1621639260357 [Update odom] 
1621639260390 [vx:0.0 vy:0.0 yaw:0.0] 
1621639260457 [Update odom] 
1621639260466 [vx:0.0 vy:0.0 yaw:0.0] 
1621639260557 [Update odom] 
1621639260568 [vx:0.0 vy:0.0 yaw:0.0] 
1621639260657 [Update odom] 
1621639260667 [vx:0.0 vy:0.0 yaw:0.0] 
1621639260757 [Update odom] 
1621639260767 [vx:0.0 vy:0.0 yaw:0.0] 
1621639260857 [Update odom] 
1621639260867 [vx:0.0 vy:0.0 yaw:0.0] 
1621639260957 [Update odom] 
1621639260966 [vx:0.0 vy:0.0 yaw:0.0] 
1621639261057 [Update odom] 
1621639261074 [vx:0.0 vy:0.0 yaw:0.0] 
1621639261157 [Update odom] 
1621639261167 [vx:0.0 vy:0.0 yaw:0.0] 
1621639261257 [Update odom] 
1621639261267 [vx:0.0 vy:0.0 yaw:0.0] 
1621639261357 [Update odom] 
1621639261367 [vx:0.0 vy:0.0 yaw:0.0] 
1621639261457 [Update odom] 
1621639261467 [vx:0.0 vy:0.0 yaw:0.0] 
1621639261557 [Update odom] 
1621639261566 [vx:0.0 vy:0.0 yaw:0.0] 
1621639261657 [Update odom] 
1621639261666 [vx:0.0 vy:0.0 yaw:0.0] 
1621639261757 [Update odom] 
1621639261767 [vx:0.0 vy:0.0 yaw:0.0] 
1621639261857 [Update odom] 
1621639261867 [vx:0.0 vy:0.0 yaw:0.0] 
1621639261957 [Update odom] 
1621639261967 [vx:0.0 vy:0.0 yaw:0.0] 
1621639262057 [Update odom] 
1621639262067 [vx:0.0 vy:0.0 yaw:0.0] 
1621639262157 [Update odom] 
1621639262166 [vx:0.0 vy:0.0 yaw:0.0] 
1621639262257 [Update odom] 
1621639262267 [vx:0.0 vy:0.0 yaw:0.0] 
1621639262357 [Update odom] 
1621639262367 [vx:0.0 vy:0.0 yaw:0.0] 
1621639262457 [Update odom] 
1621639262467 [vx:0.0 vy:0.0 yaw:0.0] 
1621639262557 [Update odom] 
1621639262567 [vx:0.0 vy:0.0 yaw:0.0] 
1621639262657 [Update odom] 
1621639262667 [vx:0.0 vy:0.0 yaw:0.0] 
1621639262757 [Update odom] 
1621639262767 [vx:0.0 vy:0.0 yaw:0.0] 
1621639262857 [Update odom] 
1621639262867 [vx:0.0 vy:0.0 yaw:0.0] 
1621639262957 [Update odom] 
1621639262972 [vx:0.0 vy:0.0 yaw:0.0] 
1621639263057 [Update odom] 
1621639263067 [vx:0.0 vy:0.0 yaw:0.0] 
1621639263157 [Update odom] 
1621639263167 [vx:0.0 vy:0.0 yaw:0.0] 
1621639263257 [Update odom] 
1621639263278 [vx:0.0 vy:0.0 yaw:0.0] 
1621639263357 [Update odom] 
1621639263371 [vx:0.0 vy:0.0 yaw:0.0] 
1621639263457 [Update odom] 
1621639263471 [vx:0.0 vy:0.0 yaw:0.0] 
1621639263557 [Update odom] 
1621639263567 [vx:0.0 vy:0.0 yaw:0.0] 
1621639263657 [Update odom] 
1621639263667 [vx:0.0 vy:0.0 yaw:0.0] 
1621639263757 [Update odom] 
1621639263768 [vx:0.0 vy:0.0 yaw:0.0] 
1621639263866 [Update odom] 
1621639263895 [vx:0.0 vy:0.0 yaw:0.0] 
1621639263957 [Update odom] 
1621639263967 [vx:0.0 vy:0.0 yaw:0.0] 
1621639264057 [Update odom] 
1621639264067 [vx:0.0 vy:0.0 yaw:0.0] 
1621639264133 [log_latest_command] [[ b y t e a r r a y ( b ' \ x a a \ x f f \ x a 0 \ x 0 2 I \ x 0 f \ x 0 e ' ) ]] 
1621639264157 [Update odom] 
1621639264172 [vx:0.23175 vy:0.0 yaw:0.0] 
1621639264257 [Update odom] 
1621639264270 [vx:0.24675 vy:0.0 yaw:0.0] 
1621639264357 [Update odom] 
1621639264367 [vx:0.2615 vy:0.0 yaw:0.0] 
1621639264442 [log_latest_command] [[ b y t e a r r a y ( b ' \ x a a \ x f f \ x a 0 \ x 0 2 I \ x 0 f \ x 0 e ' ) ]] 
1621639264466 [Update odom] 
1621639264471 [vx:0.05275 vy:0.0 yaw:0.0] 
1621639264557 [Update odom] 
1621639264567 [vx:-0.008 vy:-0.0 yaw:0.0] 
1621639264657 [Update odom] 
1621639264667 [vx:0.0 vy:0.0 yaw:0.0] 
1621639264757 [Update odom] 
1621639264767 [vx:0.0 vy:0.0 yaw:0.0] 
1621639264857 [Update odom] 
1621639264867 [vx:0.0 vy:0.0 yaw:0.0] 
1621639264957 [Update odom] 
1621639264967 [vx:0.0 vy:0.0 yaw:0.0] 
1621639265057 [Update odom] 
1621639265074 [vx:0.0 vy:0.0 yaw:0.0] 
1621639265157 [Update odom] 
1621639265167 [vx:0.0 vy:0.0 yaw:0.0] 
1621639265257 [Update odom] 
1621639265266 [vx:0.0 vy:0.0 yaw:0.0] 
1621639265357 [Update odom] 
1621639265367 [vx:0.0 vy:0.0 yaw:0.0] 
1621639265457 [Update odom] 
1621639265466 [vx:0.0 vy:0.0 yaw:0.0] 
1621639265557 [Update odom] 
1621639265567 [vx:0.0 vy:0.0 yaw:0.0] 
1621639265657 [Update odom] 
1621639265688 [vx:0.0 vy:0.0 yaw:0.0] 
1621639265757 [Update odom] 
1621639265767 [vx:0.0 vy:0.0 yaw:0.0] 
1621639265857 [Update odom] 
1621639265867 [vx:0.0 vy:0.0 yaw:0.0] 
1621639265874 [log_latest_command] [[ b y t e a r r a y ( b ' \ x a a \ x f f \ x a 0 \ x 0 2 I \ x 0 f \ x 0 e ' ) ]] 
1621639265957 [Update odom] 
1621639265967 [vx:0.0 vy:0.0 yaw:0.0] 
1621639266057 [Update odom] 
1621639266066 [vx:0.0 vy:0.0 yaw:0.0] 
1621639266157 [Update odom] 
1621639266167 [vx:0.0 vy:0.0 yaw:0.0] 
1621639266257 [Update odom] 
1621639266267 [vx:0.0 vy:0.0 yaw:0.0] 
1621639266357 [Update odom] 
1621639266366 [vx:0.0 vy:0.0 yaw:0.0] 
1621639266457 [Update odom] 
1621639266467 [vx:0.0 vy:0.0 yaw:0.0] 
1621639266557 [Update odom] 
1621639266570 [vx:0.0 vy:0.0 yaw:0.0] 
1621639266657 [Update odom] 
1621639266667 [vx:0.0 vy:0.0 yaw:0.0] 
1621639266733 [log_latest_command] [[ b y t e a r r a y ( b ' \ x a a \ x f f \ x a 0 \ x 0 2 I \ x 0 f \ x 0 e ' ) ]] 
1621639266757 [Update odom] 
1621639266767 [vx:0.0395 vy:0.0 yaw:0.0] 
1621639266857 [Update odom] 
1621639266880 [vx:0.10725 vy:0.0 yaw:0.0] 
1621639266957 [Update odom] 
1621639266967 [vx:0.0925 vy:0.0 yaw:0.0] 
1621639267057 [Update odom] 
1621639267071 [vx:0.1155 vy:0.0 yaw:0.0] 
1621639267157 [Update odom] 
1621639267167 [vx:0.13075 vy:0.0 yaw:0.0] 
1621639267257 [Update odom] 
1621639267266 [vx:0.13125 vy:0.0 yaw:0.0] 
1621639267357 [Update odom] 
1621639267366 [vx:0.161 vy:0.0 yaw:0.0] 
1621639267457 [Update odom] 
1621639267471 [vx:0.15475 vy:0.0 yaw:0.0] 
1621639267557 [Update odom] 
1621639267571 [vx:0.16175 vy:0.0 yaw:0.0] 
1621639267657 [Update odom] 
1621639267667 [vx:0.1865 vy:0.0 yaw:0.0] 
1621639267757 [Update odom] 
1621639267767 [vx:0.1605 vy:0.0 yaw:0.0] 
1621639267897 [log_latest_command] [[ b y t e a r r a y ( b ' \ x a a \ x f f \ x a 0 \ x 0 2 I \ x 0 f \ x 0 e ' ) ]] 
1621639267914 [Update odom] 
1621639267938 [vx:0.1605 vy:0.0 yaw:0.0] 
1621639267957 [Update odom] 
1621639267967 [vx:0.03825 vy:0.0 yaw:0.0] 
1621639268058 [Update odom] 
1621639268071 [vx:0.0 vy:0.0 yaw:0.0] 
1621639268158 [Update odom] 
1621639268171 [vx:0.0 vy:0.0 yaw:0.0] 
1621639268257 [Update odom] 
1621639268267 [vx:0.0 vy:0.0 yaw:0.0] 
1621639268357 [Update odom] 
1621639268366 [vx:0.0 vy:0.0 yaw:0.0] 
1621639268457 [Update odom] 
1621639268471 [vx:0.0 vy:0.0 yaw:0.0] 
1621639268557 [Update odom] 
1621639268566 [vx:0.0 vy:0.0 yaw:0.0] 
1621639268657 [Update odom] 
1621639268671 [vx:0.0 vy:0.0 yaw:0.0] 
1621639268757 [Update odom] 
1621639268771 [vx:0.0 vy:0.0 yaw:0.0] 
1621639268857 [Update odom] 
1621639268867 [vx:0.0 vy:0.0 yaw:0.0] 
1621639268957 [Update odom] 
1621639268966 [vx:0.0 vy:0.0 yaw:0.0] 
1621639269057 [Update odom] 
1621639269067 [vx:0.0 vy:0.0 yaw:0.0] 
1621639269157 [Update odom] 
1621639269171 [vx:0.0 vy:0.0 yaw:0.0] 
1621639269257 [Update odom] 
1621639269266 [vx:0.0 vy:0.0 yaw:0.0] 
1621639269358 [Update odom] 
1621639269370 [vx:0.0 vy:0.0 yaw:0.0] 
1621639269457 [Update odom] 
1621639269466 [vx:0.0 vy:0.0 yaw:0.0] 
1621639269557 [Update odom] 
1621639269568 [vx:0.0 vy:0.0 yaw:0.0] 
1621639269658 [Update odom] 
1621639269671 [vx:0.0 vy:0.0 yaw:0.0] 
1621639269757 [Update odom] 
1621639269766 [vx:0.0 vy:0.0 yaw:0.0] 
1621639269857 [Update odom] 
1621639269877 [vx:0.0 vy:0.0 yaw:0.0] 
1621639269957 [Update odom] 
1621639269966 [vx:0.0 vy:0.0 yaw:0.0] 
1621639270057 [Update odom] 
1621639270066 [vx:0.0 vy:0.0 yaw:0.0] 
1621639270157 [Update odom] 
1621639270166 [vx:0.0 vy:0.0 yaw:0.0] 
1621639270258 [Update odom] 
1621639270272 [vx:0.0 vy:0.0 yaw:0.0] 
1621639270357 [Update odom] 
1621639270366 [vx:0.0 vy:0.0 yaw:0.0] 
1621639270457 [Update odom] 
1621639270466 [vx:0.0 vy:0.0 yaw:0.0] 
1621639270558 [Update odom] 
1621639270571 [vx:0.0 vy:0.0 yaw:0.0] 
1621639270657 [Update odom] 
1621639270667 [vx:0.0 vy:0.0 yaw:0.0] 
1621639270757 [Update odom] 
1621639270771 [vx:0.0 vy:0.0 yaw:0.0] 
1621639270860 [Update odom] 
1621639270871 [vx:0.0 vy:0.0 yaw:0.0] 
1621639270957 [Update odom] 
1621639270966 [vx:0.0 vy:0.0 yaw:0.0] 
1621639271057 [Update odom] 
1621639271066 [vx:0.0 vy:0.0 yaw:0.0] 
1621639271157 [Update odom] 
1621639271166 [vx:0.0 vy:0.0 yaw:0.0] 
1621639271257 [Update odom] 
1621639271266 [vx:0.0 vy:0.0 yaw:0.0] 
1621639271360 [Update odom] 
1621639271371 [vx:0.0 vy:0.0 yaw:0.0] 
1621639271457 [Update odom] 
1621639271466 [vx:0.0 vy:0.0 yaw:0.0] 
1621639271557 [Update odom] 
1621639271568 [vx:0.0 vy:0.0 yaw:0.0] 
1621639271657 [Update odom] 
1621639271666 [vx:0.0 vy:0.0 yaw:0.0] 
1621639271757 [Update odom] 
1621639271767 [vx:0.0 vy:0.0 yaw:0.0] 
1621639271857 [Update odom] 
1621639271866 [vx:0.0 vy:0.0 yaw:0.0] 
1621639271958 [Update odom] 
1621639271978 [vx:0.0 vy:0.0 yaw:0.0] 
1621639272057 [Update odom] 
1621639272066 [vx:0.0 vy:0.0 yaw:0.0] 
1621639272157 [Update odom] 
1621639272166 [vx:0.0 vy:0.0 yaw:0.0] 
1621639272257 [Update odom] 
1621639272272 [vx:0.0 vy:0.0 yaw:0.0] 
1621639272357 [Update odom] 
1621639272366 [vx:0.0 vy:0.0 yaw:0.0] 
1621639272457 [Update odom] 
1621639272471 [vx:0.0 vy:0.0 yaw:0.0] 
1621639272557 [Update odom] 
1621639272566 [vx:0.0 vy:0.0 yaw:0.0] 
1621639272657 [Update odom] 
1621639272671 [vx:0.0 vy:0.0 yaw:0.0] 
1621639272757 [Update odom] 
1621639272766 [vx:0.0 vy:0.0 yaw:0.0] 
1621639272857 [Update odom] 
1621639272866 [vx:0.0 vy:0.0 yaw:0.0] 
1621639272957 [Update odom] 
1621639272966 [vx:0.0 vy:0.0 yaw:0.0] 
1621639273057 [Update odom] 
1621639273066 [vx:0.0 vy:0.0 yaw:0.0] 
1621639273157 [Update odom] 
1621639273171 [vx:0.0 vy:0.0 yaw:0.0] 
1621639273257 [Update odom] 
1621639273271 [vx:0.0 vy:0.0 yaw:0.0] 
1621639273357 [Update odom] 
1621639273366 [vx:0.0 vy:0.0 yaw:0.0] 
1621639273457 [Update odom] 
1621639273466 [vx:0.0 vy:0.0 yaw:0.0] 
1621639273557 [Update odom] 
1621639273566 [vx:0.0 vy:0.0 yaw:0.0] 
1621639273657 [Update odom] 
1621639273666 [vx:0.0 vy:0.0 yaw:0.0] 
1621639273757 [Update odom] 
1621639273771 [vx:0.0 vy:0.0 yaw:0.0] 
1621639273857 [Update odom] 
1621639273866 [vx:0.0 vy:0.0 yaw:0.0] 
1621639273957 [Update odom] 
1621639273966 [vx:0.0 vy:0.0 yaw:0.0] 
1621639274057 [Update odom] 
1621639274066 [vx:0.0 vy:0.0 yaw:0.0] 
1621639274157 [Update odom] 
1621639274167 [vx:0.0 vy:0.0 yaw:0.0] 
1621639274257 [Update odom] 
1621639274266 [vx:0.0 vy:0.0 yaw:0.0] 
1621639274357 [Update odom] 
1621639274366 [vx:0.0 vy:0.0 yaw:0.0] 
1621639274457 [Update odom] 
1621639274466 [vx:0.0 vy:0.0 yaw:0.0] 
1621639274557 [Update odom] 
1621639274571 [vx:0.0 vy:0.0 yaw:0.0] 
1621639274657 [Update odom] 
1621639274671 [vx:0.0 vy:0.0 yaw:0.0] 
1621639274757 [Update odom] 
1621639274770 [vx:0.0 vy:0.0 yaw:0.0] 
1621639274857 [Update odom] 
1621639274871 [vx:0.0 vy:0.0 yaw:0.0] 
1621639274958 [Update odom] 
1621639274971 [vx:0.0 vy:0.0 yaw:0.0] 
1621639275057 [Update odom] 
1621639275066 [vx:0.0 vy:0.0 yaw:0.0] 
1621639275157 [Update odom] 
1621639275167 [vx:0.0 vy:0.0 yaw:0.0] 
1621639275257 [Update odom] 
1621639275266 [vx:0.0 vy:0.0 yaw:0.0] 
1621639275357 [Update odom] 
1621639275367 [vx:0.0 vy:0.0 yaw:0.0] 
1621639275457 [Update odom] 
1621639275477 [vx:0.0 vy:0.0 yaw:0.0] 
1621639275557 [Update odom] 
1621639275567 [vx:0.0 vy:0.0 yaw:0.0] 
1621639275657 [Update odom] 
1621639275672 [vx:0.0 vy:0.0 yaw:0.0] 
1621639275757 [Update odom] 
1621639275771 [vx:0.0 vy:0.0 yaw:0.0] 
1621639275857 [Update odom] 
1621639275866 [vx:0.0 vy:0.0 yaw:0.0] 
1621639275957 [Update odom] 
1621639275967 [vx:0.0 vy:0.0 yaw:0.0] 
1621639276057 [Update odom] 
1621639276074 [vx:0.0 vy:0.0 yaw:0.0] 
1621639276157 [Update odom] 
1621639276167 [vx:0.0 vy:0.0 yaw:0.0] 
1621639276257 [Update odom] 
1621639276271 [vx:0.0 vy:0.0 yaw:0.0] 
1621639276357 [Update odom] 
1621639276367 [vx:0.0 vy:0.0 yaw:0.0] 
1621639276459 [Update odom] 
1621639276471 [vx:0.0 vy:0.0 yaw:0.0] 
1621639276557 [Update odom] 
1621639276566 [vx:0.0 vy:0.0 yaw:0.0] 
1621639276657 [Update odom] 
1621639276666 [vx:0.0 vy:0.0 yaw:0.0] 
1621639276757 [Update odom] 
1621639276766 [vx:0.0 vy:0.0 yaw:0.0] 
1621639276857 [Update odom] 
1621639276866 [vx:0.0 vy:0.0 yaw:0.0] 
1621639276957 [Update odom] 
1621639276971 [vx:0.0 vy:0.0 yaw:0.0] 
1621639277057 [Update odom] 
1621639277071 [vx:0.0 vy:0.0 yaw:0.0] 
1621639277157 [Update odom] 
1621639277171 [vx:0.0 vy:0.0 yaw:0.0] 
1621639277257 [Update odom] 
1621639277275 [vx:0.0 vy:0.0 yaw:0.0] 
1621639277357 [Update odom] 
1621639277366 [vx:0.0 vy:0.0 yaw:0.0] 
1621639277457 [Update odom] 
1621639277466 [vx:0.0 vy:0.0 yaw:0.0] 
1621639277557 [Update odom] 
1621639277571 [vx:0.0 vy:0.0 yaw:0.0] 
1621639277657 [Update odom] 
1621639277668 [vx:0.0 vy:0.0 yaw:0.0] 
1621639277757 [Update odom] 
1621639277767 [vx:0.0 vy:0.0 yaw:0.0] 
1621639277857 [Update odom] 
1621639277871 [vx:0.0 vy:0.0 yaw:0.0] 
1621639277957 [Update odom] 
1621639277966 [vx:0.0 vy:0.0 yaw:0.0] 
1621639278057 [Update odom] 
1621639278067 [vx:0.0 vy:0.0 yaw:0.0] 
1621639278169 [Update odom] 
1621639278184 [vx:0.0 vy:0.0 yaw:0.0] 
1621639278257 [Update odom] 
1621639278274 [vx:0.0 vy:0.0 yaw:0.0] 
1621639278357 [Update odom] 
1621639278374 [vx:0.0 vy:0.0 yaw:0.0] 
1621639278457 [Update odom] 
1621639278467 [vx:0.0 vy:0.0 yaw:0.0] 
1621639278557 [Update odom] 
1621639278566 [vx:0.0 vy:0.0 yaw:0.0] 
1621639278657 [Update odom] 
1621639278671 [vx:0.0 vy:0.0 yaw:0.0] 
1621639278757 [Update odom] 
1621639278771 [vx:0.0 vy:0.0 yaw:0.0] 
1621639278857 [Update odom] 
1621639278871 [vx:0.0 vy:0.0 yaw:0.0] 
1621639278957 [Update odom] 
1621639278971 [vx:0.0 vy:0.0 yaw:0.0] 
1621639279057 [Update odom] 
1621639279066 [vx:0.0 vy:0.0 yaw:0.0] 
1621639279157 [Update odom] 
1621639279166 [vx:0.0 vy:0.0 yaw:0.0] 
1621639279257 [Update odom] 
1621639279267 [vx:0.0 vy:0.0 yaw:0.0] 
1621639279357 [Update odom] 
1621639279371 [vx:0.0 vy:0.0 yaw:0.0] 
1621639279457 [Update odom] 
1621639279471 [vx:0.0 vy:0.0 yaw:0.0] 
1621639279557 [Update odom] 
1621639279567 [vx:0.0 vy:0.0 yaw:0.0] 
1621639279657 [Update odom] 
1621639279666 [vx:0.0 vy:0.0 yaw:0.0] 
1621639279757 [Update odom] 
1621639279771 [vx:0.0 vy:0.0 yaw:0.0] 
1621639279857 [Update odom] 
1621639279867 [vx:0.0 vy:0.0 yaw:0.0] 
1621639279957 [Update odom] 
1621639279971 [vx:0.0 vy:0.0 yaw:0.0] 
1621639280057 [Update odom] 
1621639280071 [vx:0.0 vy:0.0 yaw:0.0] 
1621639280157 [Update odom] 
1621639280167 [vx:0.0 vy:0.0 yaw:0.0] 
1621639280257 [Update odom] 
1621639280268 [vx:0.0 vy:0.0 yaw:0.0] 
1621639280364 [Update odom] 
1621639280376 [vx:0.0 vy:0.0 yaw:0.0] 
