1622374250499 [Opening serial port: /dev/ttyTHS1.] 
1622374250815 [The robot is connected to ] [/dev/ttyTHS1] 
1622374250815 [Initial robot's topic...] 
1622374304352 [log_latest_command] [[ b y t e a r r a y ( b ' \ x a a \ x f f \ x a 2 \ x d c \ x 0 5 \ x 0 0 \ x d c \ x 0 5 \ x 0 0 \ x 0 4 \ r \ x 0 f \ x 0 e ' ) ]] 
1622374305070 [log_latest_command] [[ b y t e a r r a y ( b ' \ x a a \ x f f \ x a 2 \ x d c \ x 0 5 \ x 0 0 X \ x 0 2 \ x 0 0 \ x 0 3 \ x 8 6 \ x 0 f \ x 0 e ' ) ]] 
1622374308389 [log_latest_command] [[ b y t e a r r a y ( b ' \ x a a \ x f f \ x a 2 X \ x 0 2 \ x 0 0 \ x d c \ x 0 5 \ x 0 0 \ x 0 3 \ x 8 6 \ x 0 f \ x 0 e ' ) ]] 
1622374311677 [log_latest_command] [[ b y t e a r r a y ( b ' \ x a a \ x f f \ x a 2 \ x d c \ x 0 5 \ x 0 0 \ x d c \ x 0 5 \ x 0 0 \ x 0 4 \ r \ x 0 f \ x 0 e ' ) ]] 
1622374313704 [log_latest_command] [[ b y t e a r r a y ( b ' \ x a a \ x f f \ x a 2 \ x d c \ x 0 5 \ x 0 0 X \ x 0 2 \ x 0 0 \ x 0 3 \ x 8 6 \ x 0 f \ x 0 e ' ) ]] 
1622374314200 [log_latest_command] [[ b y t e a r r a y ( b ' \ x a a \ x f f \ x a 2 \ x d c \ x 0 5 \ x 0 0 \ x d c \ x 0 5 \ x 0 0 \ x 0 4 \ r \ x 0 f \ x 0 e ' ) ]] 
1622374315390 [log_latest_command] [[ b y t e a r r a y ( b ' \ x a a \ x f f \ x a 5 \ x 0 2 N \ x 0 f \ x 0 e ' ) ]] 
1622374320586 [log_latest_command] [[ b y t e a r r a y ( b ' \ x a a \ x f f \ x a 2 \ x d 0 \ x 0 7 \ x 0 0 \ x d 0 \ x 0 7 \ x 0 0 \ x 0 3 \ x f 9 \ x 0 f \ x 0 e ' ) ]] 
1622374321726 [log_latest_command] [[ b y t e a r r a y ( b ' \ x a a \ x f f \ x a 5 \ x 0 2 N \ x 0 f \ x 0 e ' ) ]] 
1622374324042 [log_latest_command] [[ b y t e a r r a y ( b ' \ x a a \ x f f \ x a 2 @ \ x 0 6 \ x 0 0 @ \ x 0 6 \ x f f \ x 0 3 \ x d 6 \ x 0 f \ x 0 e ' ) ]] 
1622374326054 [log_latest_command] [[ b y t e a r r a y ( b ' \ x a a \ x f f \ x a 5 \ x 0 2 N \ x 0 f \ x 0 e ' ) ]] 
1622374330509 [log_latest_command] [[ b y t e a r r a y ( b ' \ x a a \ x f f \ x a 2 \ x d 0 \ x 0 7 \ x f f \ x d 0 \ x 0 7 \ x f f \ x 0 5 \ x f 7 \ x 0 f \ x 0 e ' ) ]] 
1622374331247 [log_latest_command] [[ b y t e a r r a y ( b ' \ x a a \ x f f \ x a 2 \ x d 0 \ x 0 7 \ x f f   \ x 0 3 \ x f f \ x 0 5 C \ x 0 f \ x 0 e ' ) ]] 
1622374332570 [log_latest_command] [[ b y t e a r r a y ( b ' \ x a a \ x f f \ x a 2   \ x 0 3 \ x f f \ x d 0 \ x 0 7 \ x f f \ x 0 5 C \ x 0 f \ x 0 e ' ) ]] 
1622374334215 [log_latest_command] [[ b y t e a r r a y ( b ' \ x a a \ x f f \ x a 5 \ x 0 2 N \ x 0 f \ x 0 e ' ) ]] 
1622374335560 [log_latest_command] [[ b y t e a r r a y ( b ' \ x a a \ x f f \ x a 2 \ x d 0 \ x 0 7 \ x 0 0 \ x d 0 \ x 0 7 \ x 0 0 \ x 0 3 \ x f 9 \ x 0 f \ x 0 e ' ) ]] 
1622374336173 [log_latest_command] [[ b y t e a r r a y ( b ' \ x a a \ x f f \ x a 2 \ x d 0 \ x 0 7 \ x 0 0   \ x 0 3 \ x 0 0 \ x 0 3 E \ x 0 f \ x 0 e ' ) ]] 
1622374336568 [log_latest_command] [[ b y t e a r r a y ( b ' \ x a a \ x f f \ x a 5 \ x 0 2 N \ x 0 f \ x 0 e ' ) ]] 
1622374336946 [log_latest_command] [[ b y t e a r r a y ( b ' \ x a a \ x f f \ x a 2 \ x d 0 \ x 0 7 \ x 0 0 \ x d 0 \ x 0 7 \ x 0 0 \ x 0 3 \ x f 9 \ x 0 f \ x 0 e ' ) ]] 
1622374342451 [log_latest_command] [[ b y t e a r r a y ( b ' \ x a a \ x f f \ x a 2 \ x d 0 \ x 0 7 \ x 0 0 \ x d 0 \ x 0 7 \ x 0 0 \ x 0 3 \ x f 9 \ x 0 f \ x 0 e ' ) ]] 
1622374342797 [log_latest_command] [[ b y t e a r r a y ( b ' \ x a a \ x f f \ x a 5 \ x 0 2 N \ x 0 f \ x 0 e ' ) ]] 
1622374343468 [log_latest_command] [[ b y t e a r r a y ( b ' \ x a a \ x f f \ x a 2 @ \ x 0 6 \ x 0 0 @ \ x 0 6 \ x f f \ x 0 3 \ x d 6 \ x 0 f \ x 0 e ' ) ]] 
1622374343863 [log_latest_command] [[ b y t e a r r a y ( b ' \ x a a \ x f f \ x a 2 @ \ x 0 6 \ x 0 0 @ \ x 0 6 \ x f f \ x 0 3 \ x d 6 \ x 0 f \ x 0 e ' ) ]] 
1622374344013 [log_latest_command] [[ b y t e a r r a y ( b ' \ x a a \ x f f \ x a 2 @ \ x 0 6 \ x f f @ \ x 0 6 \ x 0 0 \ x 0 3 \ x d 6 \ x 0 f \ x 0 e ' ) ]] 
1622374344418 [log_latest_command] [[ b y t e a r r a y ( b ' \ x a a \ x f f \ x a 5 \ x 0 2 N \ x 0 f \ x 0 e ' ) ]] 
1622374347489 [log_latest_command] [[ b y t e a r r a y ( b ' \ x a a \ x f f \ x a 2 @ \ x 0 6 \ x f f @ \ x 0 6 \ x 0 0 \ x 0 3 \ x d 6 \ x 0 f \ x 0 e ' ) ]] 
1622374347894 [log_latest_command] [[ b y t e a r r a y ( b ' \ x a a \ x f f \ x a 5 \ x 0 2 N \ x 0 f \ x 0 e ' ) ]] 
1622374348713 [log_latest_command] [[ b y t e a r r a y ( b ' \ x a a \ x f f \ x a 2 \ x d 0 \ x 0 7 \ x 0 0 \ x d 0 \ x 0 7 \ x 0 0 \ x 0 3 \ x f 9 \ x 0 f \ x 0 e ' ) ]] 
1622374350788 [log_latest_command] [[ b y t e a r r a y ( b ' \ x a a \ x f f \ x a 2 \ x d 0 \ x 0 7 \ x 0 0   \ x 0 3 \ x 0 0 \ x 0 3 E \ x 0 f \ x 0 e ' ) ]] 
1622374352018 [log_latest_command] [[ b y t e a r r a y ( b ' \ x a a \ x f f \ x a 5 \ x 0 2 N \ x 0 f \ x 0 e ' ) ]] 
1622374353045 [log_latest_command] [[ b y t e a r r a y ( b ' \ x a a \ x f f \ x a 2 \ x d 0 \ x 0 7 \ x f f \ x d 0 \ x 0 7 \ x f f \ x 0 5 \ x f 7 \ x 0 f \ x 0 e ' ) ]] 
1622374354957 [log_latest_command] [[ b y t e a r r a y ( b ' \ x a a \ x f f \ x a 2   \ x 0 3 \ x f f \ x d 0 \ x 0 7 \ x f f \ x 0 5 C \ x 0 f \ x 0 e ' ) ]] 
1622374355866 [log_latest_command] [[ b y t e a r r a y ( b ' \ x a a \ x f f \ x a 2   \ x 0 3 \ x f f \ x d 0 \ x 0 7 \ x f f \ x 0 5 C \ x 0 f \ x 0 e ' ) ]] 
1622374356834 [log_latest_command] [[ b y t e a r r a y ( b ' \ x a a \ x f f \ x a 5 \ x 0 2 N \ x 0 f \ x 0 e ' ) ]] 
1622374358918 [log_latest_command] [[ b y t e a r r a y ( b ' \ x a a \ x f f \ x a 2 \ x d 0 \ x 0 7 \ x 0 0 \ x d 0 \ x 0 7 \ x 0 0 \ x 0 3 \ x f 9 \ x 0 f \ x 0 e ' ) ]] 
1622374360883 [log_latest_command] [[ b y t e a r r a y ( b ' \ x a a \ x f f \ x a 2 \ x d 0 \ x 0 7 \ x f f \ x d 0 \ x 0 7 \ x f f \ x 0 5 \ x f 7 \ x 0 f \ x 0 e ' ) ]] 
1622374364086 [log_latest_command] [[ b y t e a r r a y ( b ' \ x a a \ x f f \ x a 5 \ x 0 2 N \ x 0 f \ x 0 e ' ) ]] 
1622374365676 [log_latest_command] [[ b y t e a r r a y ( b ' \ x a a \ x f f \ x a 2 \ x d 0 \ x 0 7 \ x 0 0 \ x d 0 \ x 0 7 \ x 0 0 \ x 0 3 \ x f 9 \ x 0 f \ x 0 e ' ) ]] 
1622374367032 [log_latest_command] [[ b y t e a r r a y ( b ' \ x a a \ x f f \ x a 5 \ x 0 2 N \ x 0 f \ x 0 e ' ) ]] 
1622374368509 [log_latest_command] [[ b y t e a r r a y ( b ' \ x a a \ x f f \ x a 2 \ x d 0 \ x 0 7 \ x f f \ x d 0 \ x 0 7 \ x f f \ x 0 5 \ x f 7 \ x 0 f \ x 0 e ' ) ]] 
1622374369868 [log_latest_command] [[ b y t e a r r a y ( b ' \ x a a \ x f f \ x a 2   \ x 0 3 \ x f f \ x d 0 \ x 0 7 \ x f f \ x 0 5 C \ x 0 f \ x 0 e ' ) ]] 
1622374370997 [log_latest_command] [[ b y t e a r r a y ( b ' \ x a a \ x f f \ x a 5 \ x 0 2 N \ x 0 f \ x 0 e ' ) ]] 
1622374371967 [log_latest_command] [[ b y t e a r r a y ( b ' \ x a a \ x f f \ x a 2 \ x d 0 \ x 0 7 \ x 0 0 \ x d 0 \ x 0 7 \ x 0 0 \ x 0 3 \ x f 9 \ x 0 f \ x 0 e ' ) ]] 
1622374373262 [log_latest_command] [[ b y t e a r r a y ( b ' \ x a a \ x f f \ x a 2 \ x d 0 \ x 0 7 \ x 0 0   \ x 0 3 \ x 0 0 \ x 0 3 E \ x 0 f \ x 0 e ' ) ]] 
1622374380962 [log_latest_command] [[ b y t e a r r a y ( b ' \ x a a \ x f f \ x a 2 \ x d 0 \ x 0 7 \ x 0 0 \ x d 0 \ x 0 7 \ x 0 0 \ x 0 3 \ x f 9 \ x 0 f \ x 0 e ' ) ]] 
1622374382730 [log_latest_command] [[ b y t e a r r a y ( b ' \ x a a \ x f f \ x a 5 \ x 0 2 N \ x 0 f \ x 0 e ' ) ]] 
1622374383119 [log_latest_command] [[ b y t e a r r a y ( b ' \ x a a \ x f f \ x a 2 \ x d 0 \ x 0 7 \ x 0 0 \ x d 0 \ x 0 7 \ x 0 0 \ x 0 3 \ x f 9 \ x 0 f \ x 0 e ' ) ]] 
1622374384789 [log_latest_command] [[ b y t e a r r a y ( b ' \ x a a \ x f f \ x a 5 \ x 0 2 N \ x 0 f \ x 0 e ' ) ]] 
1622374389160 [log_latest_command] [[ b y t e a r r a y ( b ' \ x a a \ x f f \ x a 2 \ x d 0 \ x 0 7 \ x f f \ x d 0 \ x 0 7 \ x f f \ x 0 5 \ x f 7 \ x 0 f \ x 0 e ' ) ]] 
1622374391987 [log_latest_command] [[ b y t e a r r a y ( b ' \ x a a \ x f f \ x a 5 \ x 0 2 N \ x 0 f \ x 0 e ' ) ]] 
1622374394591 [log_latest_command] [[ b y t e a r r a y ( b ' \ x a a \ x f f \ x a 2 \ x d 0 \ x 0 7 \ x f f   \ x 0 3 \ x f f \ x 0 5 C \ x 0 f \ x 0 e ' ) ]] 
1622374395569 [log_latest_command] [[ b y t e a r r a y ( b ' \ x a a \ x f f \ x a 5 \ x 0 2 N \ x 0 f \ x 0 e ' ) ]] 
1622374396876 [log_latest_command] [[ b y t e a r r a y ( b ' \ x a a \ x f f \ x a 2 \ x d 0 \ x 0 7 \ x 0 0 \ x d 0 \ x 0 7 \ x 0 0 \ x 0 3 \ x f 9 \ x 0 f \ x 0 e ' ) ]] 
1622374401035 [log_latest_command] [[ b y t e a r r a y ( b ' \ x a a \ x f f \ x a 2 \ x d 0 \ x 0 7 \ x 0 0   \ x 0 3 \ x 0 0 \ x 0 3 E \ x 0 f \ x 0 e ' ) ]] 
1622374401632 [log_latest_command] [[ b y t e a r r a y ( b ' \ x a a \ x f f \ x a 5 \ x 0 2 N \ x 0 f \ x 0 e ' ) ]] 
1622374402145 [log_latest_command] [[ b y t e a r r a y ( b ' \ x a a \ x f f \ x a 2 \ x d 0 \ x 0 7 \ x f f \ x d 0 \ x 0 7 \ x f f \ x 0 5 \ x f 7 \ x 0 f \ x 0 e ' ) ]] 
1622374402512 [log_latest_command] [[ b y t e a r r a y ( b ' \ x a a \ x f f \ x a 5 \ x 0 2 N \ x 0 f \ x 0 e ' ) ]] 
1622374402864 [log_latest_command] [[ b y t e a r r a y ( b ' \ x a a \ x f f \ x a 2 \ x d 0 \ x 0 7 \ x 0 0 \ x d 0 \ x 0 7 \ x 0 0 \ x 0 3 \ x f 9 \ x 0 f \ x 0 e ' ) ]] 
1622374405326 [log_latest_command] [[ b y t e a r r a y ( b ' \ x a a \ x f f \ x a 2   \ x 0 3 \ x 0 0 \ x d 0 \ x 0 7 \ x 0 0 \ x 0 3 E \ x 0 f \ x 0 e ' ) ]] 
1622374406085 [log_latest_command] [[ b y t e a r r a y ( b ' \ x a a \ x f f \ x a 5 \ x 0 2 N \ x 0 f \ x 0 e ' ) ]] 
1622374406760 [log_latest_command] [[ b y t e a r r a y ( b ' \ x a a \ x f f \ x a 2 \ x d 0 \ x 0 7 \ x f f \ x d 0 \ x 0 7 \ x f f \ x 0 5 \ x f 7 \ x 0 f \ x 0 e ' ) ]] 
1622374407448 [log_latest_command] [[ b y t e a r r a y ( b ' \ x a a \ x f f \ x a 2 \ x d 0 \ x 0 7 \ x f f   \ x 0 3 \ x f f \ x 0 5 C \ x 0 f \ x 0 e ' ) ]] 
1622374407875 [log_latest_command] [[ b y t e a r r a y ( b ' \ x a a \ x f f \ x a 5 \ x 0 2 N \ x 0 f \ x 0 e ' ) ]] 
1622374410026 [log_latest_command] [[ b y t e a r r a y ( b ' \ x a a \ x f f \ x a 2 \ x d 0 \ x 0 7 \ x f f \ x d 0 \ x 0 7 \ x f f \ x 0 5 \ x f 7 \ x 0 f \ x 0 e ' ) ]] 
1622374411293 [log_latest_command] [[ b y t e a r r a y ( b ' \ x a a \ x f f \ x a 2 \ x d 0 \ x 0 7 \ x f f   \ x 0 3 \ x f f \ x 0 5 C \ x 0 f \ x 0 e ' ) ]] 
1622374414308 [log_latest_command] [[ b y t e a r r a y ( b ' \ x a a \ x f f \ x a 2   \ x 0 3 \ x f f \ x d 0 \ x 0 7 \ x f f \ x 0 5 C \ x 0 f \ x 0 e ' ) ]] 
1622374417083 [log_latest_command] [[ b y t e a r r a y ( b ' \ x a a \ x f f \ x a 2 \ x d 0 \ x 0 7 \ x f f   \ x 0 3 \ x f f \ x 0 5 C \ x 0 f \ x 0 e ' ) ]] 
1622374418999 [log_latest_command] [[ b y t e a r r a y ( b ' \ x a a \ x f f \ x a 2   \ x 0 3 \ x f f \ x d 0 \ x 0 7 \ x f f \ x 0 5 C \ x 0 f \ x 0 e ' ) ]] 
1622374419363 [log_latest_command] [[ b y t e a r r a y ( b ' \ x a a \ x f f \ x a 5 \ x 0 2 N \ x 0 f \ x 0 e ' ) ]] 
1622374419810 [log_latest_command] [[ b y t e a r r a y ( b ' \ x a a \ x f f \ x a 2 \ x d 0 \ x 0 7 \ x 0 0 \ x d 0 \ x 0 7 \ x 0 0 \ x 0 3 \ x f 9 \ x 0 f \ x 0 e ' ) ]] 
1622374421175 [log_latest_command] [[ b y t e a r r a y ( b ' \ x a a \ x f f \ x a 2 \ x d 0 \ x 0 7 \ x 0 0   \ x 0 3 \ x 0 0 \ x 0 3 E \ x 0 f \ x 0 e ' ) ]] 
1622374422283 [log_latest_command] [[ b y t e a r r a y ( b ' \ x a a \ x f f \ x a 2 \ x d 0 \ x 0 7 \ x 0 0   \ x 0 3 \ x 0 0 \ x 0 3 E \ x 0 f \ x 0 e ' ) ]] 
1622374424434 [log_latest_command] [[ b y t e a r r a y ( b ' \ x a a \ x f f \ x a 2 \ x d 0 \ x 0 7 \ x 0 0 \ x d 0 \ x 0 7 \ x 0 0 \ x 0 3 \ x f 9 \ x 0 f \ x 0 e ' ) ]] 
1622374425731 [log_latest_command] [[ b y t e a r r a y ( b ' \ x a a \ x f f \ x a 5 \ x 0 2 N \ x 0 f \ x 0 e ' ) ]] 
1622374426361 [log_latest_command] [[ b y t e a r r a y ( b ' \ x a a \ x f f \ x a 2 \ x d 0 \ x 0 7 \ x 0 0 \ x d 0 \ x 0 7 \ x 0 0 \ x 0 3 \ x f 9 \ x 0 f \ x 0 e ' ) ]] 
1622374427418 [log_latest_command] [[ b y t e a r r a y ( b ' \ x a a \ x f f \ x a 5 \ x 0 2 N \ x 0 f \ x 0 e ' ) ]] 
1622374430443 [log_latest_command] [[ b y t e a r r a y ( b ' \ x a a \ x f f \ x a 2 \ x d 0 \ x 0 7 \ x f f \ x d 0 \ x 0 7 \ x f f \ x 0 5 \ x f 7 \ x 0 f \ x 0 e ' ) ]] 
1622374434214 [log_latest_command] [[ b y t e a r r a y ( b ' \ x a a \ x f f \ x a 2 \ x d 0 \ x 0 7 \ x f f   \ x 0 3 \ x f f \ x 0 5 C \ x 0 f \ x 0 e ' ) ]] 
1622374436777 [log_latest_command] [[ b y t e a r r a y ( b ' \ x a a \ x f f \ x a 5 \ x 0 2 N \ x 0 f \ x 0 e ' ) ]] 
1622374437339 [log_latest_command] [[ b y t e a r r a y ( b ' \ x a a \ x f f \ x a 2 \ x d 0 \ x 0 7 \ x f f   \ x 0 3 \ x f f \ x 0 5 C \ x 0 f \ x 0 e ' ) ]] 
1622374439871 [log_latest_command] [[ b y t e a r r a y ( b ' \ x a a \ x f f \ x a 5 \ x 0 2 N \ x 0 f \ x 0 e ' ) ]] 
1622374441278 [log_latest_command] [[ b y t e a r r a y ( b ' \ x a a \ x f f \ x a 2 \ x d 0 \ x 0 7 \ x 0 0 \ x d 0 \ x 0 7 \ x 0 0 \ x 0 3 \ x f 9 \ x 0 f \ x 0 e ' ) ]] 
1622374442895 [log_latest_command] [[ b y t e a r r a y ( b ' \ x a a \ x f f \ x a 5 \ x 0 2 N \ x 0 f \ x 0 e ' ) ]] 
1622374444136 [log_latest_command] [[ b y t e a r r a y ( b ' \ x a a \ x f f \ x a 2   \ x 0 3 \ x 0 0 \ x d 0 \ x 0 7 \ x 0 0 \ x 0 3 E \ x 0 f \ x 0 e ' ) ]] 
1622374445980 [log_latest_command] [[ b y t e a r r a y ( b ' \ x a a \ x f f \ x a 5 \ x 0 2 N \ x 0 f \ x 0 e ' ) ]] 
1622374447487 [log_latest_command] [[ b y t e a r r a y ( b ' \ x a a \ x f f \ x a 2 \ x d 0 \ x 0 7 \ x f f \ x d 0 \ x 0 7 \ x f f \ x 0 5 \ x f 7 \ x 0 f \ x 0 e ' ) ]] 
1622374447731 [log_latest_command] [[ b y t e a r r a y ( b ' \ x a a \ x f f \ x a 2 \ x d 0 \ x 0 7 \ x 0 0 \ x d 0 \ x 0 7 \ x 0 0 \ x 0 3 \ x f 9 \ x 0 f \ x 0 e ' ) ]] 
1622374448695 [log_latest_command] [[ b y t e a r r a y ( b ' \ x a a \ x f f \ x a 5 \ x 0 2 N \ x 0 f \ x 0 e ' ) ]] 
1622374450393 [log_latest_command] [[ b y t e a r r a y ( b ' \ x a a \ x f f \ x a 2 \ x d 0 \ x 0 7 \ x 0 0 \ x d 0 \ x 0 7 \ x 0 0 \ x 0 3 \ x f 9 \ x 0 f \ x 0 e ' ) ]] 
1622374450910 [log_latest_command] [[ b y t e a r r a y ( b ' \ x a a \ x f f \ x a 5 \ x 0 2 N \ x 0 f \ x 0 e ' ) ]] 
1622374454143 [log_latest_command] [[ b y t e a r r a y ( b ' \ x a a \ x f f \ x a 2 \ x d 0 \ x 0 7 \ x f f \ x d 0 \ x 0 7 \ x f f \ x 0 5 \ x f 7 \ x 0 f \ x 0 e ' ) ]] 
1622374459769 [log_latest_command] [[ b y t e a r r a y ( b ' \ x a a \ x f f \ x a 2 \ x d 0 \ x 0 7 \ x f f   \ x 0 3 \ x f f \ x 0 5 C \ x 0 f \ x 0 e ' ) ]] 
1622374460312 [log_latest_command] [[ b y t e a r r a y ( b ' \ x a a \ x f f \ x a 5 \ x 0 2 N \ x 0 f \ x 0 e ' ) ]] 
1622374461110 [log_latest_command] [[ b y t e a r r a y ( b ' \ x a a \ x f f \ x a 2 \ x d 0 \ x 0 7 \ x 0 0 \ x d 0 \ x 0 7 \ x 0 0 \ x 0 3 \ x f 9 \ x 0 f \ x 0 e ' ) ]] 
1622374462212 [log_latest_command] [[ b y t e a r r a y ( b ' \ x a a \ x f f \ x a 2   \ x 0 3 \ x 0 0 \ x d 0 \ x 0 7 \ x 0 0 \ x 0 3 E \ x 0 f \ x 0 e ' ) ]] 
1622374464737 [log_latest_command] [[ b y t e a r r a y ( b ' \ x a a \ x f f \ x a 2 \ x d 0 \ x 0 7 \ x 0 0 \ x d 0 \ x 0 7 \ x 0 0 \ x 0 3 \ x f 9 \ x 0 f \ x 0 e ' ) ]] 
1622374466384 [log_latest_command] [[ b y t e a r r a y ( b ' \ x a a \ x f f \ x a 2   \ x 0 3 \ x 0 0 \ x d 0 \ x 0 7 \ x 0 0 \ x 0 3 E \ x 0 f \ x 0 e ' ) ]] 
1622374468214 [log_latest_command] [[ b y t e a r r a y ( b ' \ x a a \ x f f \ x a 2 \ x d 0 \ x 0 7 \ x 0 0 \ x d 0 \ x 0 7 \ x 0 0 \ x 0 3 \ x f 9 \ x 0 f \ x 0 e ' ) ]] 
1622374470366 [log_latest_command] [[ b y t e a r r a y ( b ' \ x a a \ x f f \ x a 2 \ x d 0 \ x 0 7 \ x 0 0   \ x 0 3 \ x 0 0 \ x 0 3 E \ x 0 f \ x 0 e ' ) ]] 
1622374474543 [log_latest_command] [[ b y t e a r r a y ( b ' \ x a a \ x f f \ x a 2 \ x d 0 \ x 0 7 \ x f f \ x d 0 \ x 0 7 \ x f f \ x 0 5 \ x f 7 \ x 0 f \ x 0 e ' ) ]] 
1622374475071 [log_latest_command] [[ b y t e a r r a y ( b ' \ x a a \ x f f \ x a 5 \ x 0 2 N \ x 0 f \ x 0 e ' ) ]] 
1622374475395 [log_latest_command] [[ b y t e a r r a y ( b ' \ x a a \ x f f \ x a 2 \ x d 0 \ x 0 7 \ x 0 0 \ x d 0 \ x 0 7 \ x 0 0 \ x 0 3 \ x f 9 \ x 0 f \ x 0 e ' ) ]] 
1622374476369 [log_latest_command] [[ b y t e a r r a y ( b ' \ x a a \ x f f \ x a 2 \ x d 0 \ x 0 7 \ x 0 0   \ x 0 3 \ x 0 0 \ x 0 3 E \ x 0 f \ x 0 e ' ) ]] 
1622374476718 [log_latest_command] [[ b y t e a r r a y ( b ' \ x a a \ x f f \ x a 5 \ x 0 2 N \ x 0 f \ x 0 e ' ) ]] 
1622374477078 [log_latest_command] [[ b y t e a r r a y ( b ' \ x a a \ x f f \ x a 2 \ x d 0 \ x 0 7 \ x f f \ x d 0 \ x 0 7 \ x f f \ x 0 5 \ x f 7 \ x 0 f \ x 0 e ' ) ]] 
1622374478228 [log_latest_command] [[ b y t e a r r a y ( b ' \ x a a \ x f f \ x a 2   \ x 0 3 \ x f f \ x d 0 \ x 0 7 \ x f f \ x 0 5 C \ x 0 f \ x 0 e ' ) ]] 
1622374478579 [log_latest_command] [[ b y t e a r r a y ( b ' \ x a a \ x f f \ x a 5 \ x 0 2 N \ x 0 f \ x 0 e ' ) ]] 
1622374478787 [log_latest_command] [[ b y t e a r r a y ( b ' \ x a a \ x f f \ x a 2 \ x d 0 \ x 0 7 \ x 0 0 \ x d 0 \ x 0 7 \ x 0 0 \ x 0 3 \ x f 9 \ x 0 f \ x 0 e ' ) ]] 
1622374479371 [log_latest_command] [[ b y t e a r r a y ( b ' \ x a a \ x f f \ x a 2 \ x d 0 \ x 0 7 \ x 0 0   \ x 0 3 \ x 0 0 \ x 0 3 E \ x 0 f \ x 0 e ' ) ]] 
1622374479661 [log_latest_command] [[ b y t e a r r a y ( b ' \ x a a \ x f f \ x a 5 \ x 0 2 N \ x 0 f \ x 0 e ' ) ]] 
1622374481496 [log_latest_command] [[ b y t e a r r a y ( b ' \ x a a \ x f f \ x a 2 \ x d 0 \ x 0 7 \ x 0 0 \ x d 0 \ x 0 7 \ x 0 0 \ x 0 3 \ x f 9 \ x 0 f \ x 0 e ' ) ]] 
1622374483379 [log_latest_command] [[ b y t e a r r a y ( b ' \ x a a \ x f f \ x a 2 \ x d 0 \ x 0 7 \ x 0 0   \ x 0 3 \ x 0 0 \ x 0 3 E \ x 0 f \ x 0 e ' ) ]] 
1622374483790 [log_latest_command] [[ b y t e a r r a y ( b ' \ x a a \ x f f \ x a 2 \ x d 0 \ x 0 7 \ x 0 0 \ x d 0 \ x 0 7 \ x 0 0 \ x 0 3 \ x f 9 \ x 0 f \ x 0 e ' ) ]] 
1622374487796 [log_latest_command] [[ b y t e a r r a y ( b ' \ x a a \ x f f \ x a 2   \ x 0 3 \ x 0 0 \ x d 0 \ x 0 7 \ x 0 0 \ x 0 3 E \ x 0 f \ x 0 e ' ) ]] 
1622374488320 [log_latest_command] [[ b y t e a r r a y ( b ' \ x a a \ x f f \ x a 2 \ x d 0 \ x 0 7 \ x 0 0 \ x d 0 \ x 0 7 \ x 0 0 \ x 0 3 \ x f 9 \ x 0 f \ x 0 e ' ) ]] 
1622374488964 [log_latest_command] [[ b y t e a r r a y ( b ' \ x a a \ x f f \ x a 2 \ x d 0 \ x 0 7 \ x 0 0   \ x 0 3 \ x 0 0 \ x 0 3 E \ x 0 f \ x 0 e ' ) ]] 
1622374489365 [log_latest_command] [[ b y t e a r r a y ( b ' \ x a a \ x f f \ x a 2 \ x d 0 \ x 0 7 \ x 0 0   \ x 0 3 \ x 0 0 \ x 0 3 E \ x 0 f \ x 0 e ' ) ]] 
1622374489505 [log_latest_command] [[ b y t e a r r a y ( b ' \ x a a \ x f f \ x a 2 \ x d 0 \ x 0 7 \ x 0 0   \ x 0 3 \ x 0 0 \ x 0 3 E \ x 0 f \ x 0 e ' ) ]] 
1622374489826 [log_latest_command] [[ b y t e a r r a y ( b ' \ x a a \ x f f \ x a 5 \ x 0 2 N \ x 0 f \ x 0 e ' ) ]] 
1622374490216 [log_latest_command] [[ b y t e a r r a y ( b ' \ x a a \ x f f \ x a 2 \ x d 0 \ x 0 7 \ x f f \ x d 0 \ x 0 7 \ x f f \ x 0 5 \ x f 7 \ x 0 f \ x 0 e ' ) ]] 
1622374490920 [log_latest_command] [[ b y t e a r r a y ( b ' \ x a a \ x f f \ x a 2   \ x 0 3 \ x f f \ x d 0 \ x 0 7 \ x f f \ x 0 5 C \ x 0 f \ x 0 e ' ) ]] 
1622374491282 [log_latest_command] [[ b y t e a r r a y ( b ' \ x a a \ x f f \ x a 5 \ x 0 2 N \ x 0 f \ x 0 e ' ) ]] 
1622374491488 [log_latest_command] [[ b y t e a r r a y ( b ' \ x a a \ x f f \ x a 2 \ x d 0 \ x 0 7 \ x 0 0 \ x d 0 \ x 0 7 \ x 0 0 \ x 0 3 \ x f 9 \ x 0 f \ x 0 e ' ) ]] 
1622374492434 [log_latest_command] [[ b y t e a r r a y ( b ' \ x a a \ x f f \ x a 2 \ x d 0 \ x 0 7 \ x 0 0   \ x 0 3 \ x 0 0 \ x 0 3 E \ x 0 f \ x 0 e ' ) ]] 
1622374492979 [log_latest_command] [[ b y t e a r r a y ( b ' \ x a a \ x f f \ x a 2 \ x d 0 \ x 0 7 \ x 0 0   \ x 0 3 \ x 0 0 \ x 0 3 E \ x 0 f \ x 0 e ' ) ]] 
1622374493648 [log_latest_command] [[ b y t e a r r a y ( b ' \ x a a \ x f f \ x a 5 \ x 0 2 N \ x 0 f \ x 0 e ' ) ]] 
1622374494353 [log_latest_command] [[ b y t e a r r a y ( b ' \ x a a \ x f f \ x a 2 \ x d 0 \ x 0 7 \ x 0 0 \ x d 0 \ x 0 7 \ x 0 0 \ x 0 3 \ x f 9 \ x 0 f \ x 0 e ' ) ]] 
1622374495188 [log_latest_command] [[ b y t e a r r a y ( b ' \ x a a \ x f f \ x a 2 \ x d 0 \ x 0 7 \ x 0 0   \ x 0 3 \ x 0 0 \ x 0 3 E \ x 0 f \ x 0 e ' ) ]] 
1622374495672 [log_latest_command] [[ b y t e a r r a y ( b ' \ x a a \ x f f \ x a 5 \ x 0 2 N \ x 0 f \ x 0 e ' ) ]] 
1622374496424 [log_latest_command] [[ b y t e a r r a y ( b ' \ x a a \ x f f \ x a 2 \ x d 0 \ x 0 7 \ x 0 0 \ x d 0 \ x 0 7 \ x 0 0 \ x 0 3 \ x f 9 \ x 0 f \ x 0 e ' ) ]] 
1622374497517 [log_latest_command] [[ b y t e a r r a y ( b ' \ x a a \ x f f \ x a 2 \ x d 0 \ x 0 7 \ x 0 0   \ x 0 3 \ x 0 0 \ x 0 3 E \ x 0 f \ x 0 e ' ) ]] 
1622374498512 [log_latest_command] [[ b y t e a r r a y ( b ' \ x a a \ x f f \ x a 5 \ x 0 2 N \ x 0 f \ x 0 e ' ) ]] 
1622374500953 [log_latest_command] [[ b y t e a r r a y ( b ' \ x a a \ x f f \ x a 2 \ x d 0 \ x 0 7 \ x 0 0 \ x d 0 \ x 0 7 \ x 0 0 \ x 0 3 \ x f 9 \ x 0 f \ x 0 e ' ) ]] 
1622374501811 [log_latest_command] [[ b y t e a r r a y ( b ' \ x a a \ x f f \ x a 2 \ x d 0 \ x 0 7 \ x 0 0   \ x 0 3 \ x 0 0 \ x 0 3 E \ x 0 f \ x 0 e ' ) ]] 
1622374502246 [log_latest_command] [[ b y t e a r r a y ( b ' \ x a a \ x f f \ x a 5 \ x 0 2 N \ x 0 f \ x 0 e ' ) ]] 
1622374504950 [log_latest_command] [[ b y t e a r r a y ( b ' \ x a a \ x f f \ x a 2 \ x d 0 \ x 0 7 \ x 0 0 \ x d 0 \ x 0 7 \ x 0 0 \ x 0 3 \ x f 9 \ x 0 f \ x 0 e ' ) ]] 
1622374508644 [log_latest_command] [[ b y t e a r r a y ( b ' \ x a a \ x f f \ x a 2 \ x d 0 \ x 0 7 \ x 0 0   \ x 0 3 \ x 0 0 \ x 0 3 E \ x 0 f \ x 0 e ' ) ]] 
1622374509055 [log_latest_command] [[ b y t e a r r a y ( b ' \ x a a \ x f f \ x a 5 \ x 0 2 N \ x 0 f \ x 0 e ' ) ]] 
1622374509777 [log_latest_command] [[ b y t e a r r a y ( b ' \ x a a \ x f f \ x a 2 \ x d 0 \ x 0 7 \ x f f \ x d 0 \ x 0 7 \ x f f \ x 0 5 \ x f 7 \ x 0 f \ x 0 e ' ) ]] 
1622374510350 [log_latest_command] [[ b y t e a r r a y ( b ' \ x a a \ x f f \ x a 5 \ x 0 2 N \ x 0 f \ x 0 e ' ) ]] 
1622374510758 [log_latest_command] [[ b y t e a r r a y ( b ' \ x a a \ x f f \ x a 2 \ x d 0 \ x 0 7 \ x f f   \ x 0 3 \ x f f \ x 0 5 C \ x 0 f \ x 0 e ' ) ]] 
1622374511215 [log_latest_command] [[ b y t e a r r a y ( b ' \ x a a \ x f f \ x a 5 \ x 0 2 N \ x 0 f \ x 0 e ' ) ]] 
1622374511445 [log_latest_command] [[ b y t e a r r a y ( b ' \ x a a \ x f f \ x a 2   \ x 0 3 \ x f f \ x d 0 \ x 0 7 \ x f f \ x 0 5 C \ x 0 f \ x 0 e ' ) ]] 
1622374512174 [log_latest_command] [[ b y t e a r r a y ( b ' \ x a a \ x f f \ x a 5 \ x 0 2 N \ x 0 f \ x 0 e ' ) ]] 
1622374512404 [log_latest_command] [[ b y t e a r r a y ( b ' \ x a a \ x f f \ x a 2 \ x d 0 \ x 0 7 \ x 0 0 \ x d 0 \ x 0 7 \ x 0 0 \ x 0 3 \ x f 9 \ x 0 f \ x 0 e ' ) ]] 
1622374514060 [log_latest_command] [[ b y t e a r r a y ( b ' \ x a a \ x f f \ x a 2 \ x d 0 \ x 0 7 \ x 0 0   \ x 0 3 \ x 0 0 \ x 0 3 E \ x 0 f \ x 0 e ' ) ]] 
1622374514643 [log_latest_command] [[ b y t e a r r a y ( b ' \ x a a \ x f f \ x a 5 \ x 0 2 N \ x 0 f \ x 0 e ' ) ]] 
1622374515417 [log_latest_command] [[ b y t e a r r a y ( b ' \ x a a \ x f f \ x a 2 \ x d 0 \ x 0 7 \ x 0 0 \ x d 0 \ x 0 7 \ x 0 0 \ x 0 3 \ x f 9 \ x 0 f \ x 0 e ' ) ]] 
1622374515635 [log_latest_command] [[ b y t e a r r a y ( b ' \ x a a \ x f f \ x a 2 \ x d 0 \ x 0 7 \ x 0 0   \ x 0 3 \ x 0 0 \ x 0 3 E \ x 0 f \ x 0 e ' ) ]] 
1622374516428 [log_latest_command] [[ b y t e a r r a y ( b ' \ x a a \ x f f \ x a 5 \ x 0 2 N \ x 0 f \ x 0 e ' ) ]] 
1622374517170 [log_latest_command] [[ b y t e a r r a y ( b ' \ x a a \ x f f \ x a 2 \ x d 0 \ x 0 7 \ x 0 0   \ x 0 3 \ x 0 0 \ x 0 3 E \ x 0 f \ x 0 e ' ) ]] 
1622374517663 [log_latest_command] [[ b y t e a r r a y ( b ' \ x a a \ x f f \ x a 5 \ x 0 2 N \ x 0 f \ x 0 e ' ) ]] 
1622374519846 [log_latest_command] [[ b y t e a r r a y ( b ' \ x a a \ x f f \ x a 2 \ x d 0 \ x 0 7 \ x 0 0 \ x d 0 \ x 0 7 \ x 0 0 \ x 0 3 \ x f 9 \ x 0 f \ x 0 e ' ) ]] 
1622374520560 [log_latest_command] [[ b y t e a r r a y ( b ' \ x a a \ x f f \ x a 2 \ x d 0 \ x 0 7 \ x 0 0   \ x 0 3 \ x 0 0 \ x 0 3 E \ x 0 f \ x 0 e ' ) ]] 
1622374521416 [log_latest_command] [[ b y t e a r r a y ( b ' \ x a a \ x f f \ x a 5 \ x 0 2 N \ x 0 f \ x 0 e ' ) ]] 
1622374522528 [log_latest_command] [[ b y t e a r r a y ( b ' \ x a a \ x f f \ x a 2 \ x d 0 \ x 0 7 \ x f f \ x d 0 \ x 0 7 \ x f f \ x 0 5 \ x f 7 \ x 0 f \ x 0 e ' ) ]] 
1622374525060 [log_latest_command] [[ b y t e a r r a y ( b ' \ x a a \ x f f \ x a 5 \ x 0 2 N \ x 0 f \ x 0 e ' ) ]] 
1622374525255 [log_latest_command] [[ b y t e a r r a y ( b ' \ x a a \ x f f \ x a 2 \ x d 0 \ x 0 7 \ x 0 0 \ x d 0 \ x 0 7 \ x 0 0 \ x 0 3 \ x f 9 \ x 0 f \ x 0 e ' ) ]] 
1622374525997 [log_latest_command] [[ b y t e a r r a y ( b ' \ x a a \ x f f \ x a 2 \ x d 0 \ x 0 7 \ x 0 0   \ x 0 3 \ x 0 0 \ x 0 3 E \ x 0 f \ x 0 e ' ) ]] 
1622374528432 [log_latest_command] [[ b y t e a r r a y ( b ' \ x a a \ x f f \ x a 5 \ x 0 2 N \ x 0 f \ x 0 e ' ) ]] 
1622374528761 [log_latest_command] [[ b y t e a r r a y ( b ' \ x a a \ x f f \ x a 2 \ x d 0 \ x 0 7 \ x 0 0 \ x d 0 \ x 0 7 \ x 0 0 \ x 0 3 \ x f 9 \ x 0 f \ x 0 e ' ) ]] 
1622374529385 [log_latest_command] [[ b y t e a r r a y ( b ' \ x a a \ x f f \ x a 2 \ x d 0 \ x 0 7 \ x 0 0   \ x 0 3 \ x 0 0 \ x 0 3 E \ x 0 f \ x 0 e ' ) ]] 
1622374531130 [log_latest_command] [[ b y t e a r r a y ( b ' \ x a a \ x f f \ x a 5 \ x 0 2 N \ x 0 f \ x 0 e ' ) ]] 
1622374531730 [log_latest_command] [[ b y t e a r r a y ( b ' \ x a a \ x f f \ x a 2 \ x d 0 \ x 0 7 \ x 0 0   \ x 0 3 \ x 0 0 \ x 0 3 E \ x 0 f \ x 0 e ' ) ]] 
1622374532530 [log_latest_command] [[ b y t e a r r a y ( b ' \ x a a \ x f f \ x a 5 \ x 0 2 N \ x 0 f \ x 0 e ' ) ]] 
1622374532980 [log_latest_command] [[ b y t e a r r a y ( b ' \ x a a \ x f f \ x a 2 \ x d 0 \ x 0 7 \ x 0 0 \ x d 0 \ x 0 7 \ x 0 0 \ x 0 3 \ x f 9 \ x 0 f \ x 0 e ' ) ]] 
1622374533285 [log_latest_command] [[ b y t e a r r a y ( b ' \ x a a \ x f f \ x a 2 \ x d 0 \ x 0 7 \ x 0 0   \ x 0 3 \ x 0 0 \ x 0 3 E \ x 0 f \ x 0 e ' ) ]] 
1622374533910 [log_latest_command] [[ b y t e a r r a y ( b ' \ x a a \ x f f \ x a 5 \ x 0 2 N \ x 0 f \ x 0 e ' ) ]] 
1622374534408 [log_latest_command] [[ b y t e a r r a y ( b ' \ x a a \ x f f \ x a 2 \ x d 0 \ x 0 7 \ x 0 0   \ x 0 3 \ x 0 0 \ x 0 3 E \ x 0 f \ x 0 e ' ) ]] 
1622374534878 [log_latest_command] [[ b y t e a r r a y ( b ' \ x a a \ x f f \ x a 2 \ x d 0 \ x 0 7 \ x 0 0   \ x 0 3 \ x 0 0 \ x 0 3 E \ x 0 f \ x 0 e ' ) ]] 
1622374535639 [log_latest_command] [[ b y t e a r r a y ( b ' \ x a a \ x f f \ x a 5 \ x 0 2 N \ x 0 f \ x 0 e ' ) ]] 
1622374536483 [log_latest_command] [[ b y t e a r r a y ( b ' \ x a a \ x f f \ x a 2 \ x d 0 \ x 0 7 \ x 0 0   \ x 0 3 \ x 0 0 \ x 0 3 E \ x 0 f \ x 0 e ' ) ]] 
1622374537684 [log_latest_command] [[ b y t e a r r a y ( b ' \ x a a \ x f f \ x a 5 \ x 0 2 N \ x 0 f \ x 0 e ' ) ]] 
1622374538258 [log_latest_command] [[ b y t e a r r a y ( b ' \ x a a \ x f f \ x a 2 \ x d 0 \ x 0 7 \ x 0 0   \ x 0 3 \ x 0 0 \ x 0 3 E \ x 0 f \ x 0 e ' ) ]] 
1622374539919 [log_latest_command] [[ b y t e a r r a y ( b ' \ x a a \ x f f \ x a 5 \ x 0 2 N \ x 0 f \ x 0 e ' ) ]] 
1622374540235 [log_latest_command] [[ b y t e a r r a y ( b ' \ x a a \ x f f \ x a 2 \ x d 0 \ x 0 7 \ x f f \ x d 0 \ x 0 7 \ x f f \ x 0 5 \ x f 7 \ x 0 f \ x 0 e ' ) ]] 
1622374542877 [log_latest_command] [[ b y t e a r r a y ( b ' \ x a a \ x f f \ x a 5 \ x 0 2 N \ x 0 f \ x 0 e ' ) ]] 
1622374543177 [log_latest_command] [[ b y t e a r r a y ( b ' \ x a a \ x f f \ x a 2   \ x 0 3 \ x f f \ x d 0 \ x 0 7 \ x f f \ x 0 5 C \ x 0 f \ x 0 e ' ) ]] 
1622374543977 [log_latest_command] [[ b y t e a r r a y ( b ' \ x a a \ x f f \ x a 5 \ x 0 2 N \ x 0 f \ x 0 e ' ) ]] 
1622374544209 [log_latest_command] [[ b y t e a r r a y ( b ' \ x a a \ x f f \ x a 2   \ x 0 3 \ x f f \ x d 0 \ x 0 7 \ x f f \ x 0 5 C \ x 0 f \ x 0 e ' ) ]] 
1622374544975 [log_latest_command] [[ b y t e a r r a y ( b ' \ x a a \ x f f \ x a 5 \ x 0 2 N \ x 0 f \ x 0 e ' ) ]] 
1622374545104 [log_latest_command] [[ b y t e a r r a y ( b ' \ x a a \ x f f \ x a 2 \ x d 0 \ x 0 7 \ x 0 0 \ x d 0 \ x 0 7 \ x 0 0 \ x 0 3 \ x f 9 \ x 0 f \ x 0 e ' ) ]] 
1622374546442 [log_latest_command] [[ b y t e a r r a y ( b ' \ x a a \ x f f \ x a 2 \ x d 0 \ x 0 7 \ x 0 0   \ x 0 3 \ x 0 0 \ x 0 3 E \ x 0 f \ x 0 e ' ) ]] 
1622374547771 [log_latest_command] [[ b y t e a r r a y ( b ' \ x a a \ x f f \ x a 5 \ x 0 2 N \ x 0 f \ x 0 e ' ) ]] 
1622374548188 [log_latest_command] [[ b y t e a r r a y ( b ' \ x a a \ x f f \ x a 2 \ x d 0 \ x 0 7 \ x f f \ x d 0 \ x 0 7 \ x f f \ x 0 5 \ x f 7 \ x 0 f \ x 0 e ' ) ]] 
1622374548944 [log_latest_command] [[ b y t e a r r a y ( b ' \ x a a \ x f f \ x a 5 \ x 0 2 N \ x 0 f \ x 0 e ' ) ]] 
1622374549266 [log_latest_command] [[ b y t e a r r a y ( b ' \ x a a \ x f f \ x a 2   \ x 0 3 \ x f f \ x d 0 \ x 0 7 \ x f f \ x 0 5 C \ x 0 f \ x 0 e ' ) ]] 
1622374550363 [log_latest_command] [[ b y t e a r r a y ( b ' \ x a a \ x f f \ x a 5 \ x 0 2 N \ x 0 f \ x 0 e ' ) ]] 
1622374550589 [log_latest_command] [[ b y t e a r r a y ( b ' \ x a a \ x f f \ x a 2   \ x 0 3 \ x f f \ x d 0 \ x 0 7 \ x f f \ x 0 5 C \ x 0 f \ x 0 e ' ) ]] 
1622374551718 [log_latest_command] [[ b y t e a r r a y ( b ' \ x a a \ x f f \ x a 5 \ x 0 2 N \ x 0 f \ x 0 e ' ) ]] 
1622374551892 [log_latest_command] [[ b y t e a r r a y ( b ' \ x a a \ x f f \ x a 2 \ x d 0 \ x 0 7 \ x 0 0 \ x d 0 \ x 0 7 \ x 0 0 \ x 0 3 \ x f 9 \ x 0 f \ x 0 e ' ) ]] 
1622374552379 [log_latest_command] [[ b y t e a r r a y ( b ' \ x a a \ x f f \ x a 2 \ x d 0 \ x 0 7 \ x 0 0   \ x 0 3 \ x 0 0 \ x 0 3 E \ x 0 f \ x 0 e ' ) ]] 
1622374552845 [log_latest_command] [[ b y t e a r r a y ( b ' \ x a a \ x f f \ x a 5 \ x 0 2 N \ x 0 f \ x 0 e ' ) ]] 
1622374561224 [log_latest_command] [[ b y t e a r r a y ( b ' \ x a a \ x f f \ x a 2 \ x d 0 \ x 0 7 \ x 0 0 \ x d 0 \ x 0 7 \ x 0 0 \ x 0 3 \ x f 9 \ x 0 f \ x 0 e ' ) ]] 
1622374561933 [log_latest_command] [[ b y t e a r r a y ( b ' \ x a a \ x f f \ x a 5 \ x 0 2 N \ x 0 f \ x 0 e ' ) ]] 
1622374563130 [log_latest_command] [[ b y t e a r r a y ( b ' \ x a a \ x f f \ x a 2 \ x d 0 \ x 0 7 \ x 0 0   \ x 0 3 \ x 0 0 \ x 0 3 E \ x 0 f \ x 0 e ' ) ]] 
1622374563512 [log_latest_command] [[ b y t e a r r a y ( b ' \ x a a \ x f f \ x a 5 \ x 0 2 N \ x 0 f \ x 0 e ' ) ]] 
1622374565071 [log_latest_command] [[ b y t e a r r a y ( b ' \ x a a \ x f f \ x a 2 @ \ x 0 6 \ x f f @ \ x 0 6 \ x 0 0 \ x 0 3 \ x d 6 \ x 0 f \ x 0 e ' ) ]] 
1622374565560 [log_latest_command] [[ b y t e a r r a y ( b ' \ x a a \ x f f \ x a 5 \ x 0 2 N \ x 0 f \ x 0 e ' ) ]] 
1622374567665 [log_latest_command] [[ b y t e a r r a y ( b ' \ x a a \ x f f \ x a 2 @ \ x 0 6 \ x 0 0 @ \ x 0 6 \ x f f \ x 0 3 \ x d 6 \ x 0 f \ x 0 e ' ) ]] 
1622374568989 [log_latest_command] [[ b y t e a r r a y ( b ' \ x a a \ x f f \ x a 5 \ x 0 2 N \ x 0 f \ x 0 e ' ) ]] 
1622374569423 [log_latest_command] [[ b y t e a r r a y ( b ' \ x a a \ x f f \ x a 2 @ \ x 0 6 \ x 0 0 @ \ x 0 6 \ x f f \ x 0 3 \ x d 6 \ x 0 f \ x 0 e ' ) ]] 
1622374570956 [log_latest_command] [[ b y t e a r r a y ( b ' \ x a a \ x f f \ x a 5 \ x 0 2 N \ x 0 f \ x 0 e ' ) ]] 
1622374571831 [log_latest_command] [[ b y t e a r r a y ( b ' \ x a a \ x f f \ x a 2 \ x d 0 \ x 0 7 \ x 0 0 \ x d 0 \ x 0 7 \ x 0 0 \ x 0 3 \ x f 9 \ x 0 f \ x 0 e ' ) ]] 
1622374574247 [log_latest_command] [[ b y t e a r r a y ( b ' \ x a a \ x f f \ x a 5 \ x 0 2 N \ x 0 f \ x 0 e ' ) ]] 
1622374575009 [log_latest_command] [[ b y t e a r r a y ( b ' \ x a a \ x f f \ x a 2 @ \ x 0 6 \ x 0 0 @ \ x 0 6 \ x f f \ x 0 3 \ x d 6 \ x 0 f \ x 0 e ' ) ]] 
1622374576348 [log_latest_command] [[ b y t e a r r a y ( b ' \ x a a \ x f f \ x a 5 \ x 0 2 N \ x 0 f \ x 0 e ' ) ]] 
1622374576880 [log_latest_command] [[ b y t e a r r a y ( b ' \ x a a \ x f f \ x a 2 \ x d 0 \ x 0 7 \ x 0 0 \ x d 0 \ x 0 7 \ x 0 0 \ x 0 3 \ x f 9 \ x 0 f \ x 0 e ' ) ]] 
1622374578891 [log_latest_command] [[ b y t e a r r a y ( b ' \ x a a \ x f f \ x a 5 \ x 0 2 N \ x 0 f \ x 0 e ' ) ]] 
1622374579239 [log_latest_command] [[ b y t e a r r a y ( b ' \ x a a \ x f f \ x a 2 \ x d 0 \ x 0 7 \ x 0 0 \ x d 0 \ x 0 7 \ x 0 0 \ x 0 3 \ x f 9 \ x 0 f \ x 0 e ' ) ]] 
1622374580518 [log_latest_command] [[ b y t e a r r a y ( b ' \ x a a \ x f f \ x a 5 \ x 0 2 N \ x 0 f \ x 0 e ' ) ]] 
1622374583413 [log_latest_command] [[ b y t e a r r a y ( b ' \ x a a \ x f f \ x a 2 @ \ x 0 6 \ x 0 0 @ \ x 0 6 \ x f f \ x 0 3 \ x d 6 \ x 0 f \ x 0 e ' ) ]] 
1622374585598 [log_latest_command] [[ b y t e a r r a y ( b ' \ x a a \ x f f \ x a 5 \ x 0 2 N \ x 0 f \ x 0 e ' ) ]] 
1622374587785 [log_latest_command] [[ b y t e a r r a y ( b ' \ x a a \ x f f \ x a 2 \ x d 0 \ x 0 7 \ x 0 0 \ x d 0 \ x 0 7 \ x 0 0 \ x 0 3 \ x f 9 \ x 0 f \ x 0 e ' ) ]] 
1622374588520 [log_latest_command] [[ b y t e a r r a y ( b ' \ x a a \ x f f \ x a 2   \ x 0 3 \ x 0 0 \ x d 0 \ x 0 7 \ x 0 0 \ x 0 3 E \ x 0 f \ x 0 e ' ) ]] 
1622374588925 [log_latest_command] [[ b y t e a r r a y ( b ' \ x a a \ x f f \ x a 5 \ x 0 2 N \ x 0 f \ x 0 e ' ) ]] 
1622374589442 [log_latest_command] [[ b y t e a r r a y ( b ' \ x a a \ x f f \ x a 2 \ x d 0 \ x 0 7 \ x 0 0 \ x d 0 \ x 0 7 \ x 0 0 \ x 0 3 \ x f 9 \ x 0 f \ x 0 e ' ) ]] 
1622374591858 [log_latest_command] [[ b y t e a r r a y ( b ' \ x a a \ x f f \ x a 2   \ x 0 3 \ x 0 0 \ x d 0 \ x 0 7 \ x 0 0 \ x 0 3 E \ x 0 f \ x 0 e ' ) ]] 
1622374592312 [log_latest_command] [[ b y t e a r r a y ( b ' \ x a a \ x f f \ x a 5 \ x 0 2 N \ x 0 f \ x 0 e ' ) ]] 
1622374594828 [log_latest_command] [[ b y t e a r r a y ( b ' \ x a a \ x f f \ x a 2 \ x d 0 \ x 0 7 \ x 0 0 \ x d 0 \ x 0 7 \ x 0 0 \ x 0 3 \ x f 9 \ x 0 f \ x 0 e ' ) ]] 
1622374596172 [log_latest_command] [[ b y t e a r r a y ( b ' \ x a a \ x f f \ x a 5 \ x 0 2 N \ x 0 f \ x 0 e ' ) ]] 
1622374596688 [log_latest_command] [[ b y t e a r r a y ( b ' \ x a a \ x f f \ x a 2 \ x d 0 \ x 0 7 \ x 0 0 \ x d 0 \ x 0 7 \ x 0 0 \ x 0 3 \ x f 9 \ x 0 f \ x 0 e ' ) ]] 
1622374597435 [log_latest_command] [[ b y t e a r r a y ( b ' \ x a a \ x f f \ x a 5 \ x 0 2 N \ x 0 f \ x 0 e ' ) ]] 
1622374598379 [log_latest_command] [[ b y t e a r r a y ( b ' \ x a a \ x f f \ x a 2 @ \ x 0 6 \ x 0 0 @ \ x 0 6 \ x f f \ x 0 3 \ x d 6 \ x 0 f \ x 0 e ' ) ]] 
1622374599658 [log_latest_command] [[ b y t e a r r a y ( b ' \ x a a \ x f f \ x a 5 \ x 0 2 N \ x 0 f \ x 0 e ' ) ]] 
1622374601479 [log_latest_command] [[ b y t e a r r a y ( b ' \ x a a \ x f f \ x a 2 @ \ x 0 6 \ x f f @ \ x 0 6 \ x 0 0 \ x 0 3 \ x d 6 \ x 0 f \ x 0 e ' ) ]] 
1622374601894 [log_latest_command] [[ b y t e a r r a y ( b ' \ x a a \ x f f \ x a 5 \ x 0 2 N \ x 0 f \ x 0 e ' ) ]] 
1622374602336 [log_latest_command] [[ b y t e a r r a y ( b ' \ x a a \ x f f \ x a 2 \ x d 0 \ x 0 7 \ x 0 0 \ x d 0 \ x 0 7 \ x 0 0 \ x 0 3 \ x f 9 \ x 0 f \ x 0 e ' ) ]] 
1622374604069 [log_latest_command] [[ b y t e a r r a y ( b ' \ x a a \ x f f \ x a 2   \ x 0 3 \ x 0 0 \ x d 0 \ x 0 7 \ x 0 0 \ x 0 3 E \ x 0 f \ x 0 e ' ) ]] 
1622374605373 [log_latest_command] [[ b y t e a r r a y ( b ' \ x a a \ x f f \ x a 5 \ x 0 2 N \ x 0 f \ x 0 e ' ) ]] 
1622374605807 [log_latest_command] [[ b y t e a r r a y ( b ' \ x a a \ x f f \ x a 2 \ x d 0 \ x 0 7 \ x 0 0 \ x d 0 \ x 0 7 \ x 0 0 \ x 0 3 \ x f 9 \ x 0 f \ x 0 e ' ) ]] 
1622374608789 [log_latest_command] [[ b y t e a r r a y ( b ' \ x a a \ x f f \ x a 2   \ x 0 3 \ x 0 0 \ x d 0 \ x 0 7 \ x 0 0 \ x 0 3 E \ x 0 f \ x 0 e ' ) ]] 
1622374609526 [log_latest_command] [[ b y t e a r r a y ( b ' \ x a a \ x f f \ x a 5 \ x 0 2 N \ x 0 f \ x 0 e ' ) ]] 
1622374610031 [log_latest_command] [[ b y t e a r r a y ( b ' \ x a a \ x f f \ x a 2 \ x d 0 \ x 0 7 \ x 0 0 \ x d 0 \ x 0 7 \ x 0 0 \ x 0 3 \ x f 9 \ x 0 f \ x 0 e ' ) ]] 
1622374610842 [log_latest_command] [[ b y t e a r r a y ( b ' \ x a a \ x f f \ x a 5 \ x 0 2 N \ x 0 f \ x 0 e ' ) ]] 
1622374611568 [log_latest_command] [[ b y t e a r r a y ( b ' \ x a a \ x f f \ x a 2 @ \ x 0 6 \ x 0 0 @ \ x 0 6 \ x f f \ x 0 3 \ x d 6 \ x 0 f \ x 0 e ' ) ]] 
1622374611859 [log_latest_command] [[ b y t e a r r a y ( b ' \ x a a \ x f f \ x a 5 \ x 0 2 N \ x 0 f \ x 0 e ' ) ]] 
1622374614756 [log_latest_command] [[ b y t e a r r a y ( b ' \ x a a \ x f f \ x a 2 @ \ x 0 6 \ x f f @ \ x 0 6 \ x 0 0 \ x 0 3 \ x d 6 \ x 0 f \ x 0 e ' ) ]] 
1622374615962 [log_latest_command] [[ b y t e a r r a y ( b ' \ x a a \ x f f \ x a 5 \ x 0 2 N \ x 0 f \ x 0 e ' ) ]] 
1622374617686 [log_latest_command] [[ b y t e a r r a y ( b ' \ x a a \ x f f \ x a 2 \ x d 0 \ x 0 7 \ x 0 0 \ x d 0 \ x 0 7 \ x 0 0 \ x 0 3 \ x f 9 \ x 0 f \ x 0 e ' ) ]] 
1622374618987 [log_latest_command] [[ b y t e a r r a y ( b ' \ x a a \ x f f \ x a 5 \ x 0 2 N \ x 0 f \ x 0 e ' ) ]] 
1622374619661 [log_latest_command] [[ b y t e a r r a y ( b ' \ x a a \ x f f \ x a 2 \ x d 0 \ x 0 7 \ x f f \ x d 0 \ x 0 7 \ x f f \ x 0 5 \ x f 7 \ x 0 f \ x 0 e ' ) ]] 
1622374620413 [log_latest_command] [[ b y t e a r r a y ( b ' \ x a a \ x f f \ x a 2 \ x d 0 \ x 0 7 \ x f f   \ x 0 3 \ x f f \ x 0 5 C \ x 0 f \ x 0 e ' ) ]] 
1622374622710 [log_latest_command] [[ b y t e a r r a y ( b ' \ x a a \ x f f \ x a 2   \ x 0 3 \ x f f \ x d 0 \ x 0 7 \ x f f \ x 0 5 C \ x 0 f \ x 0 e ' ) ]] 
1622374623472 [log_latest_command] [[ b y t e a r r a y ( b ' \ x a a \ x f f \ x a 5 \ x 0 2 N \ x 0 f \ x 0 e ' ) ]] 
1622374623877 [log_latest_command] [[ b y t e a r r a y ( b ' \ x a a \ x f f \ x a 2   \ x 0 3 \ x f f \ x d 0 \ x 0 7 \ x f f \ x 0 5 C \ x 0 f \ x 0 e ' ) ]] 
1622374624458 [log_latest_command] [[ b y t e a r r a y ( b ' \ x a a \ x f f \ x a 5 \ x 0 2 N \ x 0 f \ x 0 e ' ) ]] 
1622374624685 [log_latest_command] [[ b y t e a r r a y ( b ' \ x a a \ x f f \ x a 2 \ x d 0 \ x 0 7 \ x 0 0 \ x d 0 \ x 0 7 \ x 0 0 \ x 0 3 \ x f 9 \ x 0 f \ x 0 e ' ) ]] 
1622374626613 [log_latest_command] [[ b y t e a r r a y ( b ' \ x a a \ x f f \ x a 2 \ x d 0 \ x 0 7 \ x 0 0   \ x 0 3 \ x 0 0 \ x 0 3 E \ x 0 f \ x 0 e ' ) ]] 
1622374628026 [log_latest_command] [[ b y t e a r r a y ( b ' \ x a a \ x f f \ x a 2   \ x 0 3 \ x 0 0 \ x d 0 \ x 0 7 \ x 0 0 \ x 0 3 E \ x 0 f \ x 0 e ' ) ]] 
1622374634181 [log_latest_command] [[ b y t e a r r a y ( b ' \ x a a \ x f f \ x a 2 \ x d 0 \ x 0 7 \ x 0 0 \ x d 0 \ x 0 7 \ x 0 0 \ x 0 3 \ x f 9 \ x 0 f \ x 0 e ' ) ]] 
1622374634812 [log_latest_command] [[ b y t e a r r a y ( b ' \ x a a \ x f f \ x a 5 \ x 0 2 N \ x 0 f \ x 0 e ' ) ]] 
1622374637984 [log_latest_command] [[ b y t e a r r a y ( b ' \ x a a \ x f f \ x a 2 @ \ x 0 6 \ x 0 0 @ \ x 0 6 \ x f f \ x 0 3 \ x d 6 \ x 0 f \ x 0 e ' ) ]] 
1622374639034 [log_latest_command] [[ b y t e a r r a y ( b ' \ x a a \ x f f \ x a 5 \ x 0 2 N \ x 0 f \ x 0 e ' ) ]] 
1622374639508 [log_latest_command] [[ b y t e a r r a y ( b ' \ x a a \ x f f \ x a 2 @ \ x 0 6 \ x 0 0 @ \ x 0 6 \ x f f \ x 0 3 \ x d 6 \ x 0 f \ x 0 e ' ) ]] 
1622374640953 [log_latest_command] [[ b y t e a r r a y ( b ' \ x a a \ x f f \ x a 5 \ x 0 2 N \ x 0 f \ x 0 e ' ) ]] 
1622374641438 [log_latest_command] [[ b y t e a r r a y ( b ' \ x a a \ x f f \ x a 2 @ \ x 0 6 \ x 0 0 @ \ x 0 6 \ x f f \ x 0 3 \ x d 6 \ x 0 f \ x 0 e ' ) ]] 
1622374643433 [log_latest_command] [[ b y t e a r r a y ( b ' \ x a a \ x f f \ x a 5 \ x 0 2 N \ x 0 f \ x 0 e ' ) ]] 
1622374643811 [log_latest_command] [[ b y t e a r r a y ( b ' \ x a a \ x f f \ x a 2 \ x d 0 \ x 0 7 \ x 0 0 \ x d 0 \ x 0 7 \ x 0 0 \ x 0 3 \ x f 9 \ x 0 f \ x 0 e ' ) ]] 
1622374644434 [log_latest_command] [[ b y t e a r r a y ( b ' \ x a a \ x f f \ x a 2 \ x d 0 \ x 0 7 \ x 0 0   \ x 0 3 \ x 0 0 \ x 0 3 E \ x 0 f \ x 0 e ' ) ]] 
1622374646576 [log_latest_command] [[ b y t e a r r a y ( b ' \ x a a \ x f f \ x a 5 \ x 0 2 N \ x 0 f \ x 0 e ' ) ]] 
1622374646968 [log_latest_command] [[ b y t e a r r a y ( b ' \ x a a \ x f f \ x a 2 \ x d 0 \ x 0 7 \ x 0 0   \ x 0 3 \ x 0 0 \ x 0 3 E \ x 0 f \ x 0 e ' ) ]] 
1622374648864 [log_latest_command] [[ b y t e a r r a y ( b ' \ x a a \ x f f \ x a 2 \ x d 0 \ x 0 7 \ x 0 0 \ x d 0 \ x 0 7 \ x 0 0 \ x 0 3 \ x f 9 \ x 0 f \ x 0 e ' ) ]] 
1622374650183 [log_latest_command] [[ b y t e a r r a y ( b ' \ x a a \ x f f \ x a 2 \ x d 0 \ x 0 7 \ x 0 0   \ x 0 3 \ x 0 0 \ x 0 3 E \ x 0 f \ x 0 e ' ) ]] 
1622374650791 [log_latest_command] [[ b y t e a r r a y ( b ' \ x a a \ x f f \ x a 2 \ x d 0 \ x 0 7 \ x 0 0 \ x d 0 \ x 0 7 \ x 0 0 \ x 0 3 \ x f 9 \ x 0 f \ x 0 e ' ) ]] 
1622374651832 [log_latest_command] [[ b y t e a r r a y ( b ' \ x a a \ x f f \ x a 5 \ x 0 2 N \ x 0 f \ x 0 e ' ) ]] 
1622374652270 [log_latest_command] [[ b y t e a r r a y ( b ' \ x a a \ x f f \ x a 2 \ x d 0 \ x 0 7 \ x 0 0 \ x d 0 \ x 0 7 \ x 0 0 \ x 0 3 \ x f 9 \ x 0 f \ x 0 e ' ) ]] 
1622374654293 [log_latest_command] [[ b y t e a r r a y ( b ' \ x a a \ x f f \ x a 2 \ x d 0 \ x 0 7 \ x 0 0   \ x 0 3 \ x 0 0 \ x 0 3 E \ x 0 f \ x 0 e ' ) ]] 
1622374656642 [log_latest_command] [[ b y t e a r r a y ( b ' \ x a a \ x f f \ x a 2 \ x d 0 \ x 0 7 \ x 0 0   \ x 0 3 \ x 0 0 \ x 0 3 E \ x 0 f \ x 0 e ' ) ]] 
1622374657074 [log_latest_command] [[ b y t e a r r a y ( b ' \ x a a \ x f f \ x a 5 \ x 0 2 N \ x 0 f \ x 0 e ' ) ]] 
1622374657800 [log_latest_command] [[ b y t e a r r a y ( b ' \ x a a \ x f f \ x a 2 @ \ x 0 6 \ x f f @ \ x 0 6 \ x 0 0 \ x 0 3 \ x d 6 \ x 0 f \ x 0 e ' ) ]] 
1622374658336 [log_latest_command] [[ b y t e a r r a y ( b ' \ x a a \ x f f \ x a 2 @ \ x 0 6 \ x f f @ \ x 0 6 \ x 0 0 \ x 0 3 \ x d 6 \ x 0 f \ x 0 e ' ) ]] 
1622374658660 [log_latest_command] [[ b y t e a r r a y ( b ' \ x a a \ x f f \ x a 5 \ x 0 2 N \ x 0 f \ x 0 e ' ) ]] 
1622374662025 [log_latest_command] [[ b y t e a r r a y ( b ' \ x a a \ x f f \ x a 2 @ \ x 0 6 \ x 0 0 @ \ x 0 6 \ x f f \ x 0 3 \ x d 6 \ x 0 f \ x 0 e ' ) ]] 
1622374662789 [log_latest_command] [[ b y t e a r r a y ( b ' \ x a a \ x f f \ x a 5 \ x 0 2 N \ x 0 f \ x 0 e ' ) ]] 
1622374674886 [log_latest_command] [[ b y t e a r r a y ( b ' \ x a a \ x f f \ x a 2 \ x d 0 \ x 0 7 \ x 0 0 \ x d 0 \ x 0 7 \ x 0 0 \ x 0 3 \ x f 9 \ x 0 f \ x 0 e ' ) ]] 
1622374675252 [log_latest_command] [[ b y t e a r r a y ( b ' \ x a a \ x f f \ x a 5 \ x 0 2 N \ x 0 f \ x 0 e ' ) ]] 
1622374680495 [log_latest_command] [[ b y t e a r r a y ( b ' \ x a a \ x f f \ x a 2 @ \ x 0 6 \ x 0 0 @ \ x 0 6 \ x f f \ x 0 3 \ x d 6 \ x 0 f \ x 0 e ' ) ]] 
1622374682592 [log_latest_command] [[ b y t e a r r a y ( b ' \ x a a \ x f f \ x a 5 \ x 0 2 N \ x 0 f \ x 0 e ' ) ]] 
1622374683448 [log_latest_command] [[ b y t e a r r a y ( b ' \ x a a \ x f f \ x a 2 \ x d 0 \ x 0 7 \ x 0 0 \ x d 0 \ x 0 7 \ x 0 0 \ x 0 3 \ x f 9 \ x 0 f \ x 0 e ' ) ]] 
1622374684022 [log_latest_command] [[ b y t e a r r a y ( b ' \ x a a \ x f f \ x a 2 \ x d 0 \ x 0 7 \ x 0 0   \ x 0 3 \ x 0 0 \ x 0 3 E \ x 0 f \ x 0 e ' ) ]] 
1622374684381 [log_latest_command] [[ b y t e a r r a y ( b ' \ x a a \ x f f \ x a 2 \ x d 0 \ x 0 7 \ x 0 0 \ x d 0 \ x 0 7 \ x 0 0 \ x 0 3 \ x f 9 \ x 0 f \ x 0 e ' ) ]] 
1622374687016 [log_latest_command] [[ b y t e a r r a y ( b ' \ x a a \ x f f \ x a 2   \ x 0 3 \ x 0 0 \ x d 0 \ x 0 7 \ x 0 0 \ x 0 3 E \ x 0 f \ x 0 e ' ) ]] 
1622374687640 [log_latest_command] [[ b y t e a r r a y ( b ' \ x a a \ x f f \ x a 2   \ x 0 3 \ x 0 0 \ x d 0 \ x 0 7 \ x 0 0 \ x 0 3 E \ x 0 f \ x 0 e ' ) ]] 
1622374688164 [log_latest_command] [[ b y t e a r r a y ( b ' \ x a a \ x f f \ x a 2 \ x d 0 \ x 0 7 \ x 0 0 \ x d 0 \ x 0 7 \ x 0 0 \ x 0 3 \ x f 9 \ x 0 f \ x 0 e ' ) ]] 
1622374689556 [log_latest_command] [[ b y t e a r r a y ( b ' \ x a a \ x f f \ x a 2   \ x 0 3 \ x 0 0 \ x d 0 \ x 0 7 \ x 0 0 \ x 0 3 E \ x 0 f \ x 0 e ' ) ]] 
1622374689618 [log_latest_command] [[ b y t e a r r a y ( b ' \ x a a \ x f f \ x a 2   \ x 0 3 \ x 0 0 \ x d 0 \ x 0 7 \ x 0 0 \ x 0 3 E \ x 0 f \ x 0 e ' ) ]] 
1622374690414 [log_latest_command] [[ b y t e a r r a y ( b ' \ x a a \ x f f \ x a 5 \ x 0 2 N \ x 0 f \ x 0 e ' ) ]] 
1622374692961 [log_latest_command] [[ b y t e a r r a y ( b ' \ x a a \ x f f \ x a 2 \ x d 0 \ x 0 7 \ x 0 0 \ x d 0 \ x 0 7 \ x 0 0 \ x 0 3 \ x f 9 \ x 0 f \ x 0 e ' ) ]] 
1622374694059 [log_latest_command] [[ b y t e a r r a y ( b ' \ x a a \ x f f \ x a 5 \ x 0 2 N \ x 0 f \ x 0 e ' ) ]] 
1622374696497 [log_latest_command] [[ b y t e a r r a y ( b ' \ x a a \ x f f \ x a 2 \ x d 0 \ x 0 7 \ x 0 0 \ x d 0 \ x 0 7 \ x 0 0 \ x 0 3 \ x f 9 \ x 0 f \ x 0 e ' ) ]] 
1622374696870 [log_latest_command] [[ b y t e a r r a y ( b ' \ x a a \ x f f \ x a 5 \ x 0 2 N \ x 0 f \ x 0 e ' ) ]] 
1622374699888 [log_latest_command] [[ b y t e a r r a y ( b ' \ x a a \ x f f \ x a 2 @ \ x 0 6 \ x f f @ \ x 0 6 \ x 0 0 \ x 0 3 \ x d 6 \ x 0 f \ x 0 e ' ) ]] 
1622374701084 [log_latest_command] [[ b y t e a r r a y ( b ' \ x a a \ x f f \ x a 5 \ x 0 2 N \ x 0 f \ x 0 e ' ) ]] 
1622374704156 [log_latest_command] [[ b y t e a r r a y ( b ' \ x a a \ x f f \ x a 2 \ x d 0 \ x 0 7 \ x 0 0 \ x d 0 \ x 0 7 \ x 0 0 \ x 0 3 \ x f 9 \ x 0 f \ x 0 e ' ) ]] 
1622374705110 [log_latest_command] [[ b y t e a r r a y ( b ' \ x a a \ x f f \ x a 5 \ x 0 2 N \ x 0 f \ x 0 e ' ) ]] 
1622374708350 [log_latest_command] [[ b y t e a r r a y ( b ' \ x a a \ x f f \ x a 2 @ \ x 0 6 \ x f f @ \ x 0 6 \ x 0 0 \ x 0 3 \ x d 6 \ x 0 f \ x 0 e ' ) ]] 
1622374708945 [log_latest_command] [[ b y t e a r r a y ( b ' \ x a a \ x f f \ x a 5 \ x 0 2 N \ x 0 f \ x 0 e ' ) ]] 
1622374710554 [log_latest_command] [[ b y t e a r r a y ( b ' \ x a a \ x f f \ x a 2 \ x d 0 \ x 0 7 \ x 0 0 \ x d 0 \ x 0 7 \ x 0 0 \ x 0 3 \ x f 9 \ x 0 f \ x 0 e ' ) ]] 
1622374711309 [log_latest_command] [[ b y t e a r r a y ( b ' \ x a a \ x f f \ x a 5 \ x 0 2 N \ x 0 f \ x 0 e ' ) ]] 
1622374713935 [log_latest_command] [[ b y t e a r r a y ( b ' \ x a a \ x f f \ x a 2 @ \ x 0 6 \ x f f @ \ x 0 6 \ x 0 0 \ x 0 3 \ x d 6 \ x 0 f \ x 0 e ' ) ]] 
1622374714574 [log_latest_command] [[ b y t e a r r a y ( b ' \ x a a \ x f f \ x a 5 \ x 0 2 N \ x 0 f \ x 0 e ' ) ]] 
1622374715208 [log_latest_command] [[ b y t e a r r a y ( b ' \ x a a \ x f f \ x a 2 \ x d 0 \ x 0 7 \ x 0 0 \ x d 0 \ x 0 7 \ x 0 0 \ x 0 3 \ x f 9 \ x 0 f \ x 0 e ' ) ]] 
1622374715926 [log_latest_command] [[ b y t e a r r a y ( b ' \ x a a \ x f f \ x a 5 \ x 0 2 N \ x 0 f \ x 0 e ' ) ]] 
1622374718040 [log_latest_command] [[ b y t e a r r a y ( b ' \ x a a \ x f f \ x a 2 \ x d 0 \ x 0 7 \ x f f \ x d 0 \ x 0 7 \ x f f \ x 0 5 \ x f 7 \ x 0 f \ x 0 e ' ) ]] 
1622374718725 [log_latest_command] [[ b y t e a r r a y ( b ' \ x a a \ x f f \ x a 2   \ x 0 3 \ x f f \ x d 0 \ x 0 7 \ x f f \ x 0 5 C \ x 0 f \ x 0 e ' ) ]] 
1622374719354 [log_latest_command] [[ b y t e a r r a y ( b ' \ x a a \ x f f \ x a 5 \ x 0 2 N \ x 0 f \ x 0 e ' ) ]] 
1622374720284 [log_latest_command] [[ b y t e a r r a y ( b ' \ x a a \ x f f \ x a 2 \ x d 0 \ x 0 7 \ x 0 0 \ x d 0 \ x 0 7 \ x 0 0 \ x 0 3 \ x f 9 \ x 0 f \ x 0 e ' ) ]] 
1622374720759 [log_latest_command] [[ b y t e a r r a y ( b ' \ x a a \ x f f \ x a 2 \ x d 0 \ x 0 7 \ x 0 0 \ x d 0 \ x 0 7 \ x 0 0 \ x 0 3 \ x f 9 \ x 0 f \ x 0 e ' ) ]] 
1622374721600 [log_latest_command] [[ b y t e a r r a y ( b ' \ x a a \ x f f \ x a 2 \ x d 0 \ x 0 7 \ x 0 0   \ x 0 3 \ x 0 0 \ x 0 3 E \ x 0 f \ x 0 e ' ) ]] 
1622374722027 [log_latest_command] [[ b y t e a r r a y ( b ' \ x a a \ x f f \ x a 5 \ x 0 2 N \ x 0 f \ x 0 e ' ) ]] 
1622374722327 [log_latest_command] [[ b y t e a r r a y ( b ' \ x a a \ x f f \ x a 2 \ x d 0 \ x 0 7 \ x 0 0 \ x d 0 \ x 0 7 \ x 0 0 \ x 0 3 \ x f 9 \ x 0 f \ x 0 e ' ) ]] 
1622374724405 [log_latest_command] [[ b y t e a r r a y ( b ' \ x a a \ x f f \ x a 2   \ x 0 3 \ x 0 0 \ x d 0 \ x 0 7 \ x 0 0 \ x 0 3 E \ x 0 f \ x 0 e ' ) ]] 
1622374724959 [log_latest_command] [[ b y t e a r r a y ( b ' \ x a a \ x f f \ x a 5 \ x 0 2 N \ x 0 f \ x 0 e ' ) ]] 
1622374725455 [log_latest_command] [[ b y t e a r r a y ( b ' \ x a a \ x f f \ x a 2 \ x d 0 \ x 0 7 \ x f f \ x d 0 \ x 0 7 \ x f f \ x 0 5 \ x f 7 \ x 0 f \ x 0 e ' ) ]] 
1622374726485 [log_latest_command] [[ b y t e a r r a y ( b ' \ x a a \ x f f \ x a 2   \ x 0 3 \ x f f \ x d 0 \ x 0 7 \ x f f \ x 0 5 C \ x 0 f \ x 0 e ' ) ]] 
1622374728980 [log_latest_command] [[ b y t e a r r a y ( b ' \ x a a \ x f f \ x a 2 \ x d 0 \ x 0 7 \ x f f   \ x 0 3 \ x f f \ x 0 5 C \ x 0 f \ x 0 e ' ) ]] 
1622374729779 [log_latest_command] [[ b y t e a r r a y ( b ' \ x a a \ x f f \ x a 5 \ x 0 2 N \ x 0 f \ x 0 e ' ) ]] 
1622374734898 [log_latest_command] [[ b y t e a r r a y ( b ' \ x a a \ x f f \ x a 2 \ x d 0 \ x 0 7 \ x 0 0 \ x d 0 \ x 0 7 \ x 0 0 \ x 0 3 \ x f 9 \ x 0 f \ x 0 e ' ) ]] 
1622374736629 [log_latest_command] [[ b y t e a r r a y ( b ' \ x a a \ x f f \ x a 5 \ x 0 2 N \ x 0 f \ x 0 e ' ) ]] 
1622374737101 [log_latest_command] [[ b y t e a r r a y ( b ' \ x a a \ x f f \ x a 2   \ x 0 3 \ x 0 0 \ x d 0 \ x 0 7 \ x 0 0 \ x 0 3 E \ x 0 f \ x 0 e ' ) ]] 
1622374737399 [log_latest_command] [[ b y t e a r r a y ( b ' \ x a a \ x f f \ x a 5 \ x 0 2 N \ x 0 f \ x 0 e ' ) ]] 
1622374738176 [log_latest_command] [[ b y t e a r r a y ( b ' \ x a a \ x f f \ x a 2 \ x d 0 \ x 0 7 \ x 0 0   \ x 0 3 \ x 0 0 \ x 0 3 E \ x 0 f \ x 0 e ' ) ]] 
1622374738507 [log_latest_command] [[ b y t e a r r a y ( b ' \ x a a \ x f f \ x a 5 \ x 0 2 N \ x 0 f \ x 0 e ' ) ]] 
1622374739276 [log_latest_command] [[ b y t e a r r a y ( b ' \ x a a \ x f f \ x a 2 \ x d 0 \ x 0 7 \ x f f \ x d 0 \ x 0 7 \ x f f \ x 0 5 \ x f 7 \ x 0 f \ x 0 e ' ) ]] 
1622374743133 [log_latest_command] [[ b y t e a r r a y ( b ' \ x a a \ x f f \ x a 2   \ x 0 3 \ x f f \ x d 0 \ x 0 7 \ x f f \ x 0 5 C \ x 0 f \ x 0 e ' ) ]] 
1622374745301 [log_latest_command] [[ b y t e a r r a y ( b ' \ x a a \ x f f \ x a 2 \ x d 0 \ x 0 7 \ x f f \ x d 0 \ x 0 7 \ x f f \ x 0 5 \ x f 7 \ x 0 f \ x 0 e ' ) ]] 
1622374745776 [log_latest_command] [[ b y t e a r r a y ( b ' \ x a a \ x f f \ x a 5 \ x 0 2 N \ x 0 f \ x 0 e ' ) ]] 
1622374747423 [log_latest_command] [[ b y t e a r r a y ( b ' \ x a a \ x f f \ x a 2 \ x d 0 \ x 0 7 \ x f f   \ x 0 3 \ x f f \ x 0 5 C \ x 0 f \ x 0 e ' ) ]] 
1622374749322 [log_latest_command] [[ b y t e a r r a y ( b ' \ x a a \ x f f \ x a 5 \ x 0 2 N \ x 0 f \ x 0 e ' ) ]] 
1622374749727 [log_latest_command] [[ b y t e a r r a y ( b ' \ x a a \ x f f \ x a 2 \ x d 0 \ x 0 7 \ x 0 0 \ x d 0 \ x 0 7 \ x 0 0 \ x 0 3 \ x f 9 \ x 0 f \ x 0 e ' ) ]] 
1622374750412 [log_latest_command] [[ b y t e a r r a y ( b ' \ x a a \ x f f \ x a 2 \ x d 0 \ x 0 7 \ x 0 0   \ x 0 3 \ x 0 0 \ x 0 3 E \ x 0 f \ x 0 e ' ) ]] 
1622374750989 [log_latest_command] [[ b y t e a r r a y ( b ' \ x a a \ x f f \ x a 5 \ x 0 2 N \ x 0 f \ x 0 e ' ) ]] 
1622374751277 [log_latest_command] [[ b y t e a r r a y ( b ' \ x a a \ x f f \ x a 2 \ x d 0 \ x 0 7 \ x 0 0 \ x d 0 \ x 0 7 \ x 0 0 \ x 0 3 \ x f 9 \ x 0 f \ x 0 e ' ) ]] 
1622374753885 [log_latest_command] [[ b y t e a r r a y ( b ' \ x a a \ x f f \ x a 2   \ x 0 3 \ x 0 0 \ x d 0 \ x 0 7 \ x 0 0 \ x 0 3 E \ x 0 f \ x 0 e ' ) ]] 
1622374756744 [log_latest_command] [[ b y t e a r r a y ( b ' \ x a a \ x f f \ x a 2 \ x d 0 \ x 0 7 \ x 0 0 \ x d 0 \ x 0 7 \ x 0 0 \ x 0 3 \ x f 9 \ x 0 f \ x 0 e ' ) ]] 
1622374757842 [log_latest_command] [[ b y t e a r r a y ( b ' \ x a a \ x f f \ x a 2 \ x d 0 \ x 0 7 \ x 0 0   \ x 0 3 \ x 0 0 \ x 0 3 E \ x 0 f \ x 0 e ' ) ]] 
1622374762356 [log_latest_command] [[ b y t e a r r a y ( b ' \ x a a \ x f f \ x a 2 \ x d 0 \ x 0 7 \ x 0 0   \ x 0 3 \ x 0 0 \ x 0 3 E \ x 0 f \ x 0 e ' ) ]] 
1622374765597 [log_latest_command] [[ b y t e a r r a y ( b ' \ x a a \ x f f \ x a 2   \ x 0 3 \ x 0 0 \ x d 0 \ x 0 7 \ x 0 0 \ x 0 3 E \ x 0 f \ x 0 e ' ) ]] 
1622374766237 [log_latest_command] [[ b y t e a r r a y ( b ' \ x a a \ x f f \ x a 5 \ x 0 2 N \ x 0 f \ x 0 e ' ) ]] 
1622374770928 [log_latest_command] [[ b y t e a r r a y ( b ' \ x a a \ x f f \ x a 2 @ \ x 0 6 \ x 0 0 @ \ x 0 6 \ x f f \ x 0 3 \ x d 6 \ x 0 f \ x 0 e ' ) ]] 
1622374771591 [log_latest_command] [[ b y t e a r r a y ( b ' \ x a a \ x f f \ x a 5 \ x 0 2 N \ x 0 f \ x 0 e ' ) ]] 
1622374772762 [log_latest_command] [[ b y t e a r r a y ( b ' \ x a a \ x f f \ x a 2 \ x d 0 \ x 0 7 \ x 0 0 \ x d 0 \ x 0 7 \ x 0 0 \ x 0 3 \ x f 9 \ x 0 f \ x 0 e ' ) ]] 
1622374775102 [log_latest_command] [[ b y t e a r r a y ( b ' \ x a a \ x f f \ x a 2 \ x d 0 \ x 0 7 \ x f f \ x d 0 \ x 0 7 \ x f f \ x 0 5 \ x f 7 \ x 0 f \ x 0 e ' ) ]] 
1622374776184 [log_latest_command] [[ b y t e a r r a y ( b ' \ x a a \ x f f \ x a 2 \ x d 0 \ x 0 7 \ x 0 0 \ x d 0 \ x 0 7 \ x 0 0 \ x 0 3 \ x f 9 \ x 0 f \ x 0 e ' ) ]] 
1622374777050 [log_latest_command] [[ b y t e a r r a y ( b ' \ x a a \ x f f \ x a 5 \ x 0 2 N \ x 0 f \ x 0 e ' ) ]] 
1622374780589 [log_latest_command] [[ b y t e a r r a y ( b ' \ x a a \ x f f \ x a 2 @ \ x 0 6 \ x 0 0 @ \ x 0 6 \ x f f \ x 0 3 \ x d 6 \ x 0 f \ x 0 e ' ) ]] 
1622374781858 [log_latest_command] [[ b y t e a r r a y ( b ' \ x a a \ x f f \ x a 5 \ x 0 2 N \ x 0 f \ x 0 e ' ) ]] 
1622374783839 [log_latest_command] [[ b y t e a r r a y ( b ' \ x a a \ x f f \ x a 2 @ \ x 0 6 \ x f f @ \ x 0 6 \ x 0 0 \ x 0 3 \ x d 6 \ x 0 f \ x 0 e ' ) ]] 
1622374784922 [log_latest_command] [[ b y t e a r r a y ( b ' \ x a a \ x f f \ x a 2 @ \ x 0 6 \ x f f @ \ x 0 6 \ x 0 0 \ x 0 3 \ x d 6 \ x 0 f \ x 0 e ' ) ]] 
1622374785412 [log_latest_command] [[ b y t e a r r a y ( b ' \ x a a \ x f f \ x a 5 \ x 0 2 N \ x 0 f \ x 0 e ' ) ]] 
1622374786425 [log_latest_command] [[ b y t e a r r a y ( b ' \ x a a \ x f f \ x a 2 @ \ x 0 6 \ x f f @ \ x 0 6 \ x 0 0 \ x 0 3 \ x d 6 \ x 0 f \ x 0 e ' ) ]] 
1622374786690 [log_latest_command] [[ b y t e a r r a y ( b ' \ x a a \ x f f \ x a 5 \ x 0 2 N \ x 0 f \ x 0 e ' ) ]] 
1622374787795 [log_latest_command] [[ b y t e a r r a y ( b ' \ x a a \ x f f \ x a 2 \ x d 0 \ x 0 7 \ x 0 0 \ x d 0 \ x 0 7 \ x 0 0 \ x 0 3 \ x f 9 \ x 0 f \ x 0 e ' ) ]] 
1622374788540 [log_latest_command] [[ b y t e a r r a y ( b ' \ x a a \ x f f \ x a 5 \ x 0 2 N \ x 0 f \ x 0 e ' ) ]] 
1622374789360 [log_latest_command] [[ b y t e a r r a y ( b ' \ x a a \ x f f \ x a 5 \ x 0 2 N \ x 0 f \ x 0 e ' ) ]] 
1622374790146 [log_latest_command] [[ b y t e a r r a y ( b ' \ x a a \ x f f \ x a 2 @ \ x 0 6 \ x f f @ \ x 0 6 \ x 0 0 \ x 0 3 \ x d 6 \ x 0 f \ x 0 e ' ) ]] 
1622374790559 [log_latest_command] [[ b y t e a r r a y ( b ' \ x a a \ x f f \ x a 5 \ x 0 2 N \ x 0 f \ x 0 e ' ) ]] 
1622374791807 [log_latest_command] [[ b y t e a r r a y ( b ' \ x a a \ x f f \ x a 2 \ x d 0 \ x 0 7 \ x 0 0 \ x d 0 \ x 0 7 \ x 0 0 \ x 0 3 \ x f 9 \ x 0 f \ x 0 e ' ) ]] 
1622374792932 [log_latest_command] [[ b y t e a r r a y ( b ' \ x a a \ x f f \ x a 5 \ x 0 2 N \ x 0 f \ x 0 e ' ) ]] 
1622374793878 [log_latest_command] [[ b y t e a r r a y ( b ' \ x a a \ x f f \ x a 2 \ x d 0 \ x 0 7 \ x 0 0 \ x d 0 \ x 0 7 \ x 0 0 \ x 0 3 \ x f 9 \ x 0 f \ x 0 e ' ) ]] 
1622374794883 [log_latest_command] [[ b y t e a r r a y ( b ' \ x a a \ x f f \ x a 2 \ x d 0 \ x 0 7 \ x 0 0   \ x 0 3 \ x 0 0 \ x 0 3 E \ x 0 f \ x 0 e ' ) ]] 
1622374796488 [log_latest_command] [[ b y t e a r r a y ( b ' \ x a a \ x f f \ x a 2 \ x d 0 \ x 0 7 \ x 0 0   \ x 0 3 \ x 0 0 \ x 0 3 E \ x 0 f \ x 0 e ' ) ]] 
1622374796897 [log_latest_command] [[ b y t e a r r a y ( b ' \ x a a \ x f f \ x a 2 \ x d 0 \ x 0 7 \ x 0 0   \ x 0 3 \ x 0 0 \ x 0 3 E \ x 0 f \ x 0 e ' ) ]] 
1622374797204 [log_latest_command] [[ b y t e a r r a y ( b ' \ x a a \ x f f \ x a 2 \ x d 0 \ x 0 7 \ x 0 0   \ x 0 3 \ x 0 0 \ x 0 3 E \ x 0 f \ x 0 e ' ) ]] 
1622374797374 [log_latest_command] [[ b y t e a r r a y ( b ' \ x a a \ x f f \ x a 2 \ x d 0 \ x 0 7 \ x 0 0   \ x 0 3 \ x 0 0 \ x 0 3 E \ x 0 f \ x 0 e ' ) ]] 
1622374797827 [log_latest_command] [[ b y t e a r r a y ( b ' \ x a a \ x f f \ x a 5 \ x 0 2 N \ x 0 f \ x 0 e ' ) ]] 
1622374808588 [log_latest_command] [[ b y t e a r r a y ( b ' \ x a a \ x f f \ x a 2 \ x d 0 \ x 0 7 \ x 0 0   \ x 0 3 \ x 0 0 \ x 0 3 E \ x 0 f \ x 0 e ' ) ]] 
1622374809078 [log_latest_command] [[ b y t e a r r a y ( b ' \ x a a \ x f f \ x a 5 \ x 0 2 N \ x 0 f \ x 0 e ' ) ]] 
1622374810058 [log_latest_command] [[ b y t e a r r a y ( b ' \ x a a \ x f f \ x a 2 \ x d 0 \ x 0 7 \ x f f \ x d 0 \ x 0 7 \ x f f \ x 0 5 \ x f 7 \ x 0 f \ x 0 e ' ) ]] 
1622374812132 [log_latest_command] [[ b y t e a r r a y ( b ' \ x a a \ x f f \ x a 5 \ x 0 2 N \ x 0 f \ x 0 e ' ) ]] 
1622374812999 [log_latest_command] [[ b y t e a r r a y ( b ' \ x a a \ x f f \ x a 2   \ x 0 3 \ x f f \ x d 0 \ x 0 7 \ x f f \ x 0 5 C \ x 0 f \ x 0 e ' ) ]] 
1622374813449 [log_latest_command] [[ b y t e a r r a y ( b ' \ x a a \ x f f \ x a 5 \ x 0 2 N \ x 0 f \ x 0 e ' ) ]] 
1622374814109 [log_latest_command] [[ b y t e a r r a y ( b ' \ x a a \ x f f \ x a 2 \ x d 0 \ x 0 7 \ x 0 0 \ x d 0 \ x 0 7 \ x 0 0 \ x 0 3 \ x f 9 \ x 0 f \ x 0 e ' ) ]] 
1622374819835 [log_latest_command] [[ b y t e a r r a y ( b ' \ x a a \ x f f \ x a 2 \ x d 0 \ x 0 7 \ x 0 0   \ x 0 3 \ x 0 0 \ x 0 3 E \ x 0 f \ x 0 e ' ) ]] 
1622374821548 [log_latest_command] [[ b y t e a r r a y ( b ' \ x a a \ x f f \ x a 2 \ x d 0 \ x 0 7 \ x 0 0 \ x d 0 \ x 0 7 \ x 0 0 \ x 0 3 \ x f 9 \ x 0 f \ x 0 e ' ) ]] 
1622374822096 [log_latest_command] [[ b y t e a r r a y ( b ' \ x a a \ x f f \ x a 5 \ x 0 2 N \ x 0 f \ x 0 e ' ) ]] 
1622374826600 [log_latest_command] [[ b y t e a r r a y ( b ' \ x a a \ x f f \ x a 2 @ \ x 0 6 \ x 0 0 @ \ x 0 6 \ x f f \ x 0 3 \ x d 6 \ x 0 f \ x 0 e ' ) ]] 
1622374828208 [log_latest_command] [[ b y t e a r r a y ( b ' \ x a a \ x f f \ x a 5 \ x 0 2 N \ x 0 f \ x 0 e ' ) ]] 
1622374829049 [log_latest_command] [[ b y t e a r r a y ( b ' \ x a a \ x f f \ x a 2 \ x d 0 \ x 0 7 \ x 0 0 \ x d 0 \ x 0 7 \ x 0 0 \ x 0 3 \ x f 9 \ x 0 f \ x 0 e ' ) ]] 
1622374830493 [log_latest_command] [[ b y t e a r r a y ( b ' \ x a a \ x f f \ x a 5 \ x 0 2 N \ x 0 f \ x 0 e ' ) ]] 
1622374831107 [log_latest_command] [[ b y t e a r r a y ( b ' \ x a a \ x f f \ x a 2 \ x d 0 \ x 0 7 \ x 0 0 \ x d 0 \ x 0 7 \ x 0 0 \ x 0 3 \ x f 9 \ x 0 f \ x 0 e ' ) ]] 
1622374832167 [log_latest_command] [[ b y t e a r r a y ( b ' \ x a a \ x f f \ x a 5 \ x 0 2 N \ x 0 f \ x 0 e ' ) ]] 
1622374833722 [log_latest_command] [[ b y t e a r r a y ( b ' \ x a a \ x f f \ x a 2   \ x 0 3 \ x 0 0 \ x d 0 \ x 0 7 \ x 0 0 \ x 0 3 E \ x 0 f \ x 0 e ' ) ]] 
1622374834107 [log_latest_command] [[ b y t e a r r a y ( b ' \ x a a \ x f f \ x a 2   \ x 0 3 \ x 0 0 \ x d 0 \ x 0 7 \ x 0 0 \ x 0 3 E \ x 0 f \ x 0 e ' ) ]] 
1622374834704 [log_latest_command] [[ b y t e a r r a y ( b ' \ x a a \ x f f \ x a 2   \ x 0 3 \ x 0 0 \ x d 0 \ x 0 7 \ x 0 0 \ x 0 3 E \ x 0 f \ x 0 e ' ) ]] 
1622374835352 [log_latest_command] [[ b y t e a r r a y ( b ' \ x a a \ x f f \ x a 5 \ x 0 2 N \ x 0 f \ x 0 e ' ) ]] 
1622374837541 [log_latest_command] [[ b y t e a r r a y ( b ' \ x a a \ x f f \ x a 2 \ x d 0 \ x 0 7 \ x f f \ x d 0 \ x 0 7 \ x f f \ x 0 5 \ x f 7 \ x 0 f \ x 0 e ' ) ]] 
1622374848140 [log_latest_command] [[ b y t e a r r a y ( b ' \ x a a \ x f f \ x a 5 \ x 0 2 N \ x 0 f \ x 0 e ' ) ]] 
1622374848445 [log_latest_command] [[ b y t e a r r a y ( b ' \ x a a \ x f f \ x a 2 \ x d 0 \ x 0 7 \ x 0 0 \ x d 0 \ x 0 7 \ x 0 0 \ x 0 3 \ x f 9 \ x 0 f \ x 0 e ' ) ]] 
1622374849487 [log_latest_command] [[ b y t e a r r a y ( b ' \ x a a \ x f f \ x a 2 \ x d 0 \ x 0 7 \ x 0 0   \ x 0 3 \ x 0 0 \ x 0 3 E \ x 0 f \ x 0 e ' ) ]] 
1622374850212 [log_latest_command] [[ b y t e a r r a y ( b ' \ x a a \ x f f \ x a 2   \ x 0 3 \ x 0 0 \ x d 0 \ x 0 7 \ x 0 0 \ x 0 3 E \ x 0 f \ x 0 e ' ) ]] 
1622374850556 [log_latest_command] [[ b y t e a r r a y ( b ' \ x a a \ x f f \ x a 5 \ x 0 2 N \ x 0 f \ x 0 e ' ) ]] 
1622374851259 [log_latest_command] [[ b y t e a r r a y ( b ' \ x a a \ x f f \ x a 2   \ x 0 3 \ x 0 0 \ x d 0 \ x 0 7 \ x 0 0 \ x 0 3 E \ x 0 f \ x 0 e ' ) ]] 
1622374851703 [log_latest_command] [[ b y t e a r r a y ( b ' \ x a a \ x f f \ x a 5 \ x 0 2 N \ x 0 f \ x 0 e ' ) ]] 
1622374852081 [log_latest_command] [[ b y t e a r r a y ( b ' \ x a a \ x f f \ x a 2 \ x d 0 \ x 0 7 \ x f f \ x d 0 \ x 0 7 \ x f f \ x 0 5 \ x f 7 \ x 0 f \ x 0 e ' ) ]] 
1622374852547 [log_latest_command] [[ b y t e a r r a y ( b ' \ x a a \ x f f \ x a 2   \ x 0 3 \ x f f \ x d 0 \ x 0 7 \ x f f \ x 0 5 C \ x 0 f \ x 0 e ' ) ]] 
1622374853724 [log_latest_command] [[ b y t e a r r a y ( b ' \ x a a \ x f f \ x a 2 \ x d 0 \ x 0 7 \ x f f   \ x 0 3 \ x f f \ x 0 5 C \ x 0 f \ x 0 e ' ) ]] 
1622374854080 [log_latest_command] [[ b y t e a r r a y ( b ' \ x a a \ x f f \ x a 5 \ x 0 2 N \ x 0 f \ x 0 e ' ) ]] 
1622374854498 [log_latest_command] [[ b y t e a r r a y ( b ' \ x a a \ x f f \ x a 2 \ x d 0 \ x 0 7 \ x 0 0 \ x d 0 \ x 0 7 \ x 0 0 \ x 0 3 \ x f 9 \ x 0 f \ x 0 e ' ) ]] 
1622374856349 [log_latest_command] [[ b y t e a r r a y ( b ' \ x a a \ x f f \ x a 2   \ x 0 3 \ x 0 0 \ x d 0 \ x 0 7 \ x 0 0 \ x 0 3 E \ x 0 f \ x 0 e ' ) ]] 
1622374858178 [log_latest_command] [[ b y t e a r r a y ( b ' \ x a a \ x f f \ x a 5 \ x 0 2 N \ x 0 f \ x 0 e ' ) ]] 
1622374860959 [log_latest_command] [[ b y t e a r r a y ( b ' \ x a a \ x f f \ x a 2 \ x d 0 \ x 0 7 \ x f f \ x d 0 \ x 0 7 \ x f f \ x 0 5 \ x f 7 \ x 0 f \ x 0 e ' ) ]] 
1622374862326 [log_latest_command] [[ b y t e a r r a y ( b ' \ x a a \ x f f \ x a 5 \ x 0 2 N \ x 0 f \ x 0 e ' ) ]] 
1622374862692 [log_latest_command] [[ b y t e a r r a y ( b ' \ x a a \ x f f \ x a 2 \ x d 0 \ x 0 7 \ x 0 0 \ x d 0 \ x 0 7 \ x 0 0 \ x 0 3 \ x f 9 \ x 0 f \ x 0 e ' ) ]] 
1622374864255 [log_latest_command] [[ b y t e a r r a y ( b ' \ x a a \ x f f \ x a 2   \ x 0 3 \ x 0 0 \ x d 0 \ x 0 7 \ x 0 0 \ x 0 3 E \ x 0 f \ x 0 e ' ) ]] 
1622374867373 [log_latest_command] [[ b y t e a r r a y ( b ' \ x a a \ x f f \ x a 5 \ x 0 2 N \ x 0 f \ x 0 e ' ) ]] 
1622374867612 [log_latest_command] [[ b y t e a r r a y ( b ' \ x a a \ x f f \ x a 2 \ x d 0 \ x 0 7 \ x 0 0 \ x d 0 \ x 0 7 \ x 0 0 \ x 0 3 \ x f 9 \ x 0 f \ x 0 e ' ) ]] 
1622374868105 [log_latest_command] [[ b y t e a r r a y ( b ' \ x a a \ x f f \ x a 2   \ x 0 3 \ x 0 0 \ x d 0 \ x 0 7 \ x 0 0 \ x 0 3 E \ x 0 f \ x 0 e ' ) ]] 
1622374872401 [log_latest_command] [[ b y t e a r r a y ( b ' \ x a a \ x f f \ x a 5 \ x 0 2 N \ x 0 f \ x 0 e ' ) ]] 
1622374880683 [log_latest_command] [[ b y t e a r r a y ( b ' \ x a a \ x f f \ x a 2 \ x d 0 \ x 0 7 \ x 0 0   \ x 0 3 \ x 0 0 \ x 0 3 E \ x 0 f \ x 0 e ' ) ]] 
1622374884824 [log_latest_command] [[ b y t e a r r a y ( b ' \ x a a \ x f f \ x a 2 \ x d 0 \ x 0 7 \ x 0 0 \ x d 0 \ x 0 7 \ x 0 0 \ x 0 3 \ x f 9 \ x 0 f \ x 0 e ' ) ]] 
1622374888392 [log_latest_command] [[ b y t e a r r a y ( b ' \ x a a \ x f f \ x a 2 \ x d 0 \ x 0 7 \ x 0 0   \ x 0 3 \ x 0 0 \ x 0 3 E \ x 0 f \ x 0 e ' ) ]] 
1622374888889 [log_latest_command] [[ b y t e a r r a y ( b ' \ x a a \ x f f \ x a 5 \ x 0 2 N \ x 0 f \ x 0 e ' ) ]] 
1622374890745 [log_latest_command] [[ b y t e a r r a y ( b ' \ x a a \ x f f \ x a 2 \ x d 0 \ x 0 7 \ x 0 0 \ x d 0 \ x 0 7 \ x 0 0 \ x 0 3 \ x f 9 \ x 0 f \ x 0 e ' ) ]] 
1622374895766 [log_latest_command] [[ b y t e a r r a y ( b ' \ x a a \ x f f \ x a 2 \ x d 0 \ x 0 7 \ x 0 0   \ x 0 3 \ x 0 0 \ x 0 3 E \ x 0 f \ x 0 e ' ) ]] 
1622374896156 [log_latest_command] [[ b y t e a r r a y ( b ' \ x a a \ x f f \ x a 5 \ x 0 2 N \ x 0 f \ x 0 e ' ) ]] 
1622374897089 [log_latest_command] [[ b y t e a r r a y ( b ' \ x a a \ x f f \ x a 2 \ x d 0 \ x 0 7 \ x f f \ x d 0 \ x 0 7 \ x f f \ x 0 5 \ x f 7 \ x 0 f \ x 0 e ' ) ]] 
1622374898099 [log_latest_command] [[ b y t e a r r a y ( b ' \ x a a \ x f f \ x a 2 \ x d 0 \ x 0 7 \ x f f   \ x 0 3 \ x f f \ x 0 5 C \ x 0 f \ x 0 e ' ) ]] 
1622374898707 [log_latest_command] [[ b y t e a r r a y ( b ' \ x a a \ x f f \ x a 5 \ x 0 2 N \ x 0 f \ x 0 e ' ) ]] 
1622374899140 [log_latest_command] [[ b y t e a r r a y ( b ' \ x a a \ x f f \ x a 2 \ x d 0 \ x 0 7 \ x 0 0 \ x d 0 \ x 0 7 \ x 0 0 \ x 0 3 \ x f 9 \ x 0 f \ x 0 e ' ) ]] 
1622374901297 [log_latest_command] [[ b y t e a r r a y ( b ' \ x a a \ x f f \ x a 2 \ x d 0 \ x 0 7 \ x 0 0   \ x 0 3 \ x 0 0 \ x 0 3 E \ x 0 f \ x 0 e ' ) ]] 
1622374901723 [log_latest_command] [[ b y t e a r r a y ( b ' \ x a a \ x f f \ x a 5 \ x 0 2 N \ x 0 f \ x 0 e ' ) ]] 
1622374902036 [log_latest_command] [[ b y t e a r r a y ( b ' \ x a a \ x f f \ x a 2 \ x d 0 \ x 0 7 \ x f f \ x d 0 \ x 0 7 \ x f f \ x 0 5 \ x f 7 \ x 0 f \ x 0 e ' ) ]] 
1622374903074 [log_latest_command] [[ b y t e a r r a y ( b ' \ x a a \ x f f \ x a 2   \ x 0 3 \ x f f \ x d 0 \ x 0 7 \ x f f \ x 0 5 C \ x 0 f \ x 0 e ' ) ]] 
1622374903464 [log_latest_command] [[ b y t e a r r a y ( b ' \ x a a \ x f f \ x a 5 \ x 0 2 N \ x 0 f \ x 0 e ' ) ]] 
1622374904051 [log_latest_command] [[ b y t e a r r a y ( b ' \ x a a \ x f f \ x a 2 \ x d 0 \ x 0 7 \ x 0 0 \ x d 0 \ x 0 7 \ x 0 0 \ x 0 3 \ x f 9 \ x 0 f \ x 0 e ' ) ]] 
1622374909624 [log_latest_command] [[ b y t e a r r a y ( b ' \ x a a \ x f f \ x a 2 \ x d 0 \ x 0 7 \ x 0 0   \ x 0 3 \ x 0 0 \ x 0 3 E \ x 0 f \ x 0 e ' ) ]] 
1622374912317 [log_latest_command] [[ b y t e a r r a y ( b ' \ x a a \ x f f \ x a 2 \ x d 0 \ x 0 7 \ x 0 0 \ x d 0 \ x 0 7 \ x 0 0 \ x 0 3 \ x f 9 \ x 0 f \ x 0 e ' ) ]] 
1622374913998 [log_latest_command] [[ b y t e a r r a y ( b ' \ x a a \ x f f \ x a 5 \ x 0 2 N \ x 0 f \ x 0 e ' ) ]] 
1622374916836 [log_latest_command] [[ b y t e a r r a y ( b ' \ x a a \ x f f \ x a 2 \ x d 0 \ x 0 7 \ x f f \ x d 0 \ x 0 7 \ x f f \ x 0 5 \ x f 7 \ x 0 f \ x 0 e ' ) ]] 
1622374917644 [log_latest_command] [[ b y t e a r r a y ( b ' \ x a a \ x f f \ x a 5 \ x 0 2 N \ x 0 f \ x 0 e ' ) ]] 
1622374918106 [log_latest_command] [[ b y t e a r r a y ( b ' \ x a a \ x f f \ x a 2 @ \ x 0 6 \ x 0 0 @ \ x 0 6 \ x f f \ x 0 3 \ x d 6 \ x 0 f \ x 0 e ' ) ]] 
1622374919272 [log_latest_command] [[ b y t e a r r a y ( b ' \ x a a \ x f f \ x a 5 \ x 0 2 N \ x 0 f \ x 0 e ' ) ]] 
1622374921695 [log_latest_command] [[ b y t e a r r a y ( b ' \ x a a \ x f f \ x a 2 \ x d 0 \ x 0 7 \ x 0 0 \ x d 0 \ x 0 7 \ x 0 0 \ x 0 3 \ x f 9 \ x 0 f \ x 0 e ' ) ]] 
1622374923425 [log_latest_command] [[ b y t e a r r a y ( b ' \ x a a \ x f f \ x a 5 \ x 0 2 N \ x 0 f \ x 0 e ' ) ]] 
1622374925059 [log_latest_command] [[ b y t e a r r a y ( b ' \ x a a \ x f f \ x a 2 \ x d 0 \ x 0 7 \ x 0 0 \ x d 0 \ x 0 7 \ x 0 0 \ x 0 3 \ x f 9 \ x 0 f \ x 0 e ' ) ]] 
1622374925909 [log_latest_command] [[ b y t e a r r a y ( b ' \ x a a \ x f f \ x a 5 \ x 0 2 N \ x 0 f \ x 0 e ' ) ]] 
1622374926477 [log_latest_command] [[ b y t e a r r a y ( b ' \ x a a \ x f f \ x a 2 \ x d 0 \ x 0 7 \ x 0 0 \ x d 0 \ x 0 7 \ x 0 0 \ x 0 3 \ x f 9 \ x 0 f \ x 0 e ' ) ]] 
1622374927849 [log_latest_command] [[ b y t e a r r a y ( b ' \ x a a \ x f f \ x a 5 \ x 0 2 N \ x 0 f \ x 0 e ' ) ]] 
1622374928908 [log_latest_command] [[ b y t e a r r a y ( b ' \ x a a \ x f f \ x a 2 @ \ x 0 6 \ x f f @ \ x 0 6 \ x 0 0 \ x 0 3 \ x d 6 \ x 0 f \ x 0 e ' ) ]] 
1622374929224 [log_latest_command] [[ b y t e a r r a y ( b ' \ x a a \ x f f \ x a 5 \ x 0 2 N \ x 0 f \ x 0 e ' ) ]] 
1622374930251 [log_latest_command] [[ b y t e a r r a y ( b ' \ x a a \ x f f \ x a 2 @ \ x 0 6 \ x 0 0 @ \ x 0 6 \ x f f \ x 0 3 \ x d 6 \ x 0 f \ x 0 e ' ) ]] 
1622374935601 [log_latest_command] [[ b y t e a r r a y ( b ' \ x a a \ x f f \ x a 2 @ \ x 0 6 \ x 0 0 @ \ x 0 6 \ x f f \ x 0 3 \ x d 6 \ x 0 f \ x 0 e ' ) ]] 
1622374937457 [log_latest_command] [[ b y t e a r r a y ( b ' \ x a a \ x f f \ x a 5 \ x 0 2 N \ x 0 f \ x 0 e ' ) ]] 
1622374937917 [log_latest_command] [[ b y t e a r r a y ( b ' \ x a a \ x f f \ x a 2 @ \ x 0 6 \ x 0 0 @ \ x 0 6 \ x f f \ x 0 3 \ x d 6 \ x 0 f \ x 0 e ' ) ]] 
1622374938491 [log_latest_command] [[ b y t e a r r a y ( b ' \ x a a \ x f f \ x a 5 \ x 0 2 N \ x 0 f \ x 0 e ' ) ]] 
1622374942948 [log_latest_command] [[ b y t e a r r a y ( b ' \ x a a \ x f f \ x a 2 \ x d 0 \ x 0 7 \ x 0 0 \ x d 0 \ x 0 7 \ x 0 0 \ x 0 3 \ x f 9 \ x 0 f \ x 0 e ' ) ]] 
1622374943714 [log_latest_command] [[ b y t e a r r a y ( b ' \ x a a \ x f f \ x a 5 \ x 0 2 N \ x 0 f \ x 0 e ' ) ]] 
1622374944071 [log_latest_command] [[ b y t e a r r a y ( b ' \ x a a \ x f f \ x a 2 \ x d 0 \ x 0 7 \ x 0 0 \ x d 0 \ x 0 7 \ x 0 0 \ x 0 3 \ x f 9 \ x 0 f \ x 0 e ' ) ]] 
1622374944513 [log_latest_command] [[ b y t e a r r a y ( b ' \ x a a \ x f f \ x a 5 \ x 0 2 N \ x 0 f \ x 0 e ' ) ]] 
1622374948652 [log_latest_command] [[ b y t e a r r a y ( b ' \ x a a \ x f f \ x a 2 @ \ x 0 6 \ x f f @ \ x 0 6 \ x 0 0 \ x 0 3 \ x d 6 \ x 0 f \ x 0 e ' ) ]] 
1622374949049 [log_latest_command] [[ b y t e a r r a y ( b ' \ x a a \ x f f \ x a 5 \ x 0 2 N \ x 0 f \ x 0 e ' ) ]] 
1622374950897 [log_latest_command] [[ b y t e a r r a y ( b ' \ x a a \ x f f \ x a 2 \ x d 0 \ x 0 7 \ x 0 0 \ x d 0 \ x 0 7 \ x 0 0 \ x 0 3 \ x f 9 \ x 0 f \ x 0 e ' ) ]] 
1622374953502 [log_latest_command] [[ b y t e a r r a y ( b ' \ x a a \ x f f \ x a 5 \ x 0 2 N \ x 0 f \ x 0 e ' ) ]] 
1622374955405 [log_latest_command] [[ b y t e a r r a y ( b ' \ x a a \ x f f \ x a 2 @ \ x 0 6 \ x f f @ \ x 0 6 \ x 0 0 \ x 0 3 \ x d 6 \ x 0 f \ x 0 e ' ) ]] 
1622374955928 [log_latest_command] [[ b y t e a r r a y ( b ' \ x a a \ x f f \ x a 5 \ x 0 2 N \ x 0 f \ x 0 e ' ) ]] 
1622374957869 [log_latest_command] [[ b y t e a r r a y ( b ' \ x a a \ x f f \ x a 2 \ x d 0 \ x 0 7 \ x 0 0 \ x d 0 \ x 0 7 \ x 0 0 \ x 0 3 \ x f 9 \ x 0 f \ x 0 e ' ) ]] 
1622374960892 [log_latest_command] [[ b y t e a r r a y ( b ' \ x a a \ x f f \ x a 5 \ x 0 2 N \ x 0 f \ x 0 e ' ) ]] 
1622374961620 [log_latest_command] [[ b y t e a r r a y ( b ' \ x a a \ x f f \ x a 2 @ \ x 0 6 \ x f f @ \ x 0 6 \ x 0 0 \ x 0 3 \ x d 6 \ x 0 f \ x 0 e ' ) ]] 
1622374962363 [log_latest_command] [[ b y t e a r r a y ( b ' \ x a a \ x f f \ x a 5 \ x 0 2 N \ x 0 f \ x 0 e ' ) ]] 
1622374964044 [log_latest_command] [[ b y t e a r r a y ( b ' \ x a a \ x f f \ x a 2 \ x d 0 \ x 0 7 \ x 0 0 \ x d 0 \ x 0 7 \ x 0 0 \ x 0 3 \ x f 9 \ x 0 f \ x 0 e ' ) ]] 
1622374966568 [log_latest_command] [[ b y t e a r r a y ( b ' \ x a a \ x f f \ x a 5 \ x 0 2 N \ x 0 f \ x 0 e ' ) ]] 
1622374968812 [log_latest_command] [[ b y t e a r r a y ( b ' \ x a a \ x f f \ x a 2 \ x d 0 \ x 0 7 \ x f f \ x d 0 \ x 0 7 \ x f f \ x 0 5 \ x f 7 \ x 0 f \ x 0 e ' ) ]] 
1622374970510 [log_latest_command] [[ b y t e a r r a y ( b ' \ x a a \ x f f \ x a 2   \ x 0 3 \ x f f \ x d 0 \ x 0 7 \ x f f \ x 0 5 C \ x 0 f \ x 0 e ' ) ]] 
1622374970902 [log_latest_command] [[ b y t e a r r a y ( b ' \ x a a \ x f f \ x a 5 \ x 0 2 N \ x 0 f \ x 0 e ' ) ]] 
1622374971793 [log_latest_command] [[ b y t e a r r a y ( b ' \ x a a \ x f f \ x a 2 \ x d 0 \ x 0 7 \ x f f   \ x 0 3 \ x f f \ x 0 5 C \ x 0 f \ x 0 e ' ) ]] 
1622374972456 [log_latest_command] [[ b y t e a r r a y ( b ' \ x a a \ x f f \ x a 5 \ x 0 2 N \ x 0 f \ x 0 e ' ) ]] 
1622374972849 [log_latest_command] [[ b y t e a r r a y ( b ' \ x a a \ x f f \ x a 2 \ x d 0 \ x 0 7 \ x 0 0 \ x d 0 \ x 0 7 \ x 0 0 \ x 0 3 \ x f 9 \ x 0 f \ x 0 e ' ) ]] 
1622374975003 [log_latest_command] [[ b y t e a r r a y ( b ' \ x a a \ x f f \ x a 2   \ x 0 3 \ x 0 0 \ x d 0 \ x 0 7 \ x 0 0 \ x 0 3 E \ x 0 f \ x 0 e ' ) ]] 
1622374975606 [log_latest_command] [[ b y t e a r r a y ( b ' \ x a a \ x f f \ x a 5 \ x 0 2 N \ x 0 f \ x 0 e ' ) ]] 
1622374977323 [log_latest_command] [[ b y t e a r r a y ( b ' \ x a a \ x f f \ x a 2 \ x d 0 \ x 0 7 \ x f f \ x d 0 \ x 0 7 \ x f f \ x 0 5 \ x f 7 \ x 0 f \ x 0 e ' ) ]] 
1622374979315 [log_latest_command] [[ b y t e a r r a y ( b ' \ x a a \ x f f \ x a 5 \ x 0 2 N \ x 0 f \ x 0 e ' ) ]] 
1622374979598 [log_latest_command] [[ b y t e a r r a y ( b ' \ x a a \ x f f \ x a 2 \ x d 0 \ x 0 7 \ x f f \ x d 0 \ x 0 7 \ x f f \ x 0 5 \ x f 7 \ x 0 f \ x 0 e ' ) ]] 
1622374981566 [log_latest_command] [[ b y t e a r r a y ( b ' \ x a a \ x f f \ x a 5 \ x 0 2 N \ x 0 f \ x 0 e ' ) ]] 
1622374981798 [log_latest_command] [[ b y t e a r r a y ( b ' \ x a a \ x f f \ x a 2 \ x d 0 \ x 0 7 \ x f f \ x d 0 \ x 0 7 \ x f f \ x 0 5 \ x f 7 \ x 0 f \ x 0 e ' ) ]] 
1622374982758 [log_latest_command] [[ b y t e a r r a y ( b ' \ x a a \ x f f \ x a 5 \ x 0 2 N \ x 0 f \ x 0 e ' ) ]] 
1622374983680 [log_latest_command] [[ b y t e a r r a y ( b ' \ x a a \ x f f \ x a 2 \ x d 0 \ x 0 7 \ x 0 0 \ x d 0 \ x 0 7 \ x 0 0 \ x 0 3 \ x f 9 \ x 0 f \ x 0 e ' ) ]] 
1622374985709 [log_latest_command] [[ b y t e a r r a y ( b ' \ x a a \ x f f \ x a 5 \ x 0 2 N \ x 0 f \ x 0 e ' ) ]] 
1622374987154 [log_latest_command] [[ b y t e a r r a y ( b ' \ x a a \ x f f \ x a 2 \ x d 0 \ x 0 7 \ x f f \ x d 0 \ x 0 7 \ x f f \ x 0 5 \ x f 7 \ x 0 f \ x 0 e ' ) ]] 
1622374987718 [log_latest_command] [[ b y t e a r r a y ( b ' \ x a a \ x f f \ x a 2 \ x d 0 \ x 0 7 \ x 0 0 \ x d 0 \ x 0 7 \ x 0 0 \ x 0 3 \ x f 9 \ x 0 f \ x 0 e ' ) ]] 
1622374991953 [log_latest_command] [[ b y t e a r r a y ( b ' \ x a a \ x f f \ x a 2 \ x d 0 \ x 0 7 \ x 0 0 \ x d 0 \ x 0 7 \ x 0 0 \ x 0 3 \ x f 9 \ x 0 f \ x 0 e ' ) ]] 
1622374994261 [log_latest_command] [[ b y t e a r r a y ( b ' \ x a a \ x f f \ x a 5 \ x 0 2 N \ x 0 f \ x 0 e ' ) ]] 
1622374995012 [log_latest_command] [[ b y t e a r r a y ( b ' \ x a a \ x f f \ x a 2 @ \ x 0 6 \ x f f @ \ x 0 6 \ x 0 0 \ x 0 3 \ x d 6 \ x 0 f \ x 0 e ' ) ]] 
1622374995933 [log_latest_command] [[ b y t e a r r a y ( b ' \ x a a \ x f f \ x a 5 \ x 0 2 N \ x 0 f \ x 0 e ' ) ]] 
1622374996978 [log_latest_command] [[ b y t e a r r a y ( b ' \ x a a \ x f f \ x a 2 @ \ x 0 6 \ x 0 0 @ \ x 0 6 \ x f f \ x 0 3 \ x d 6 \ x 0 f \ x 0 e ' ) ]] 
1622375002448 [log_latest_command] [[ b y t e a r r a y ( b ' \ x a a \ x f f \ x a 2 @ \ x 0 6 \ x 0 0 @ \ x 0 6 \ x f f \ x 0 3 \ x d 6 \ x 0 f \ x 0 e ' ) ]] 
1622375002578 [log_latest_command] [[ b y t e a r r a y ( b ' \ x a a \ x f f \ x a 5 \ x 0 2 N \ x 0 f \ x 0 e ' ) ]] 
1622375004293 [log_latest_command] [[ b y t e a r r a y ( b ' \ x a a \ x f f \ x a 5 \ x 0 2 N \ x 0 f \ x 0 e ' ) ]] 
1622375008036 [log_latest_command] [[ b y t e a r r a y ( b ' \ x a a \ x f f \ x a 2 \ x d 0 \ x 0 7 \ x 0 0 \ x d 0 \ x 0 7 \ x 0 0 \ x 0 3 \ x f 9 \ x 0 f \ x 0 e ' ) ]] 
1622375011866 [log_latest_command] [[ b y t e a r r a y ( b ' \ x a a \ x f f \ x a 5 \ x 0 2 N \ x 0 f \ x 0 e ' ) ]] 
1622375012297 [log_latest_command] [[ b y t e a r r a y ( b ' \ x a a \ x f f \ x a 2 \ x d 0 \ x 0 7 \ x 0 0 \ x d 0 \ x 0 7 \ x 0 0 \ x 0 3 \ x f 9 \ x 0 f \ x 0 e ' ) ]] 
1622375014492 [log_latest_command] [[ b y t e a r r a y ( b ' \ x a a \ x f f \ x a 5 \ x 0 2 N \ x 0 f \ x 0 e ' ) ]] 
1622375017010 [log_latest_command] [[ b y t e a r r a y ( b ' \ x a a \ x f f \ x a 2 @ \ x 0 6 \ x f f @ \ x 0 6 \ x 0 0 \ x 0 3 \ x d 6 \ x 0 f \ x 0 e ' ) ]] 
1622375018697 [log_latest_command] [[ b y t e a r r a y ( b ' \ x a a \ x f f \ x a 5 \ x 0 2 N \ x 0 f \ x 0 e ' ) ]] 
1622375019094 [log_latest_command] [[ b y t e a r r a y ( b ' \ x a a \ x f f \ x a 2 \ x d 0 \ x 0 7 \ x 0 0 \ x d 0 \ x 0 7 \ x 0 0 \ x 0 3 \ x f 9 \ x 0 f \ x 0 e ' ) ]] 
1622375019818 [log_latest_command] [[ b y t e a r r a y ( b ' \ x a a \ x f f \ x a 5 \ x 0 2 N \ x 0 f \ x 0 e ' ) ]] 
1622375021150 [log_latest_command] [[ b y t e a r r a y ( b ' \ x a a \ x f f \ x a 2 \ x d 0 \ x 0 7 \ x f f \ x d 0 \ x 0 7 \ x f f \ x 0 5 \ x f 7 \ x 0 f \ x 0 e ' ) ]] 
1622375022366 [log_latest_command] [[ b y t e a r r a y ( b ' \ x a a \ x f f \ x a 5 \ x 0 2 N \ x 0 f \ x 0 e ' ) ]] 
1622375022988 [log_latest_command] [[ b y t e a r r a y ( b ' \ x a a \ x f f \ x a 2 \ x d 0 \ x 0 7 \ x f f \ x d 0 \ x 0 7 \ x f f \ x 0 5 \ x f 7 \ x 0 f \ x 0 e ' ) ]] 
1622375023893 [log_latest_command] [[ b y t e a r r a y ( b ' \ x a a \ x f f \ x a 5 \ x 0 2 N \ x 0 f \ x 0 e ' ) ]] 
1622375024312 [log_latest_command] [[ b y t e a r r a y ( b ' \ x a a \ x f f \ x a 2 \ x d 0 \ x 0 7 \ x f f \ x d 0 \ x 0 7 \ x f f \ x 0 5 \ x f 7 \ x 0 f \ x 0 e ' ) ]] 
1622375025449 [log_latest_command] [[ b y t e a r r a y ( b ' \ x a a \ x f f \ x a 5 \ x 0 2 N \ x 0 f \ x 0 e ' ) ]] 
1622375025972 [log_latest_command] [[ b y t e a r r a y ( b ' \ x a a \ x f f \ x a 2 \ x d 0 \ x 0 7 \ x 0 0 \ x d 0 \ x 0 7 \ x 0 0 \ x 0 3 \ x f 9 \ x 0 f \ x 0 e ' ) ]] 
1622375028717 [log_latest_command] [[ b y t e a r r a y ( b ' \ x a a \ x f f \ x a 2   \ x 0 3 \ x 0 0 \ x d 0 \ x 0 7 \ x 0 0 \ x 0 3 E \ x 0 f \ x 0 e ' ) ]] 
1622375029831 [log_latest_command] [[ b y t e a r r a y ( b ' \ x a a \ x f f \ x a 5 \ x 0 2 N \ x 0 f \ x 0 e ' ) ]] 
1622375031698 [log_latest_command] [[ b y t e a r r a y ( b ' \ x a a \ x f f \ x a 2 \ x d 0 \ x 0 7 \ x f f \ x d 0 \ x 0 7 \ x f f \ x 0 5 \ x f 7 \ x 0 f \ x 0 e ' ) ]] 
1622375033127 [log_latest_command] [[ b y t e a r r a y ( b ' \ x a a \ x f f \ x a 5 \ x 0 2 N \ x 0 f \ x 0 e ' ) ]] 
1622375033592 [log_latest_command] [[ b y t e a r r a y ( b ' \ x a a \ x f f \ x a 2 \ x d 0 \ x 0 7 \ x 0 0 \ x d 0 \ x 0 7 \ x 0 0 \ x 0 3 \ x f 9 \ x 0 f \ x 0 e ' ) ]] 
1622375035992 [log_latest_command] [[ b y t e a r r a y ( b ' \ x a a \ x f f \ x a 2   \ x 0 3 \ x 0 0 \ x d 0 \ x 0 7 \ x 0 0 \ x 0 3 E \ x 0 f \ x 0 e ' ) ]] 
1622375036747 [log_latest_command] [[ b y t e a r r a y ( b ' \ x a a \ x f f \ x a 5 \ x 0 2 N \ x 0 f \ x 0 e ' ) ]] 
1622375039326 [log_latest_command] [[ b y t e a r r a y ( b ' \ x a a \ x f f \ x a 2 \ x d 0 \ x 0 7 \ x f f \ x d 0 \ x 0 7 \ x f f \ x 0 5 \ x f 7 \ x 0 f \ x 0 e ' ) ]] 
1622375039875 [log_latest_command] [[ b y t e a r r a y ( b ' \ x a a \ x f f \ x a 5 \ x 0 2 N \ x 0 f \ x 0 e ' ) ]] 
1622375040273 [log_latest_command] [[ b y t e a r r a y ( b ' \ x a a \ x f f \ x a 2 \ x d 0 \ x 0 7 \ x 0 0 \ x d 0 \ x 0 7 \ x 0 0 \ x 0 3 \ x f 9 \ x 0 f \ x 0 e ' ) ]] 
1622375046164 [log_latest_command] [[ b y t e a r r a y ( b ' \ x a a \ x f f \ x a 2   \ x 0 3 \ x 0 0 \ x d 0 \ x 0 7 \ x 0 0 \ x 0 3 E \ x 0 f \ x 0 e ' ) ]] 
1622375050317 [log_latest_command] [[ b y t e a r r a y ( b ' \ x a a \ x f f \ x a 5 \ x 0 2 N \ x 0 f \ x 0 e ' ) ]] 
1622375050710 [log_latest_command] [[ b y t e a r r a y ( b ' \ x a a \ x f f \ x a 2 \ x d 0 \ x 0 7 \ x 0 0 \ x d 0 \ x 0 7 \ x 0 0 \ x 0 3 \ x f 9 \ x 0 f \ x 0 e ' ) ]] 
1622375051964 [log_latest_command] [[ b y t e a r r a y ( b ' \ x a a \ x f f \ x a 2   \ x 0 3 \ x 0 0 \ x d 0 \ x 0 7 \ x 0 0 \ x 0 3 E \ x 0 f \ x 0 e ' ) ]] 
1622375053967 [log_latest_command] [[ b y t e a r r a y ( b ' \ x a a \ x f f \ x a 5 \ x 0 2 N \ x 0 f \ x 0 e ' ) ]] 
1622375056592 [log_latest_command] [[ b y t e a r r a y ( b ' \ x a a \ x f f \ x a 2 \ x d 0 \ x 0 7 \ x 0 0 \ x d 0 \ x 0 7 \ x 0 0 \ x 0 3 \ x f 9 \ x 0 f \ x 0 e ' ) ]] 
1622375057031 [log_latest_command] [[ b y t e a r r a y ( b ' \ x a a \ x f f \ x a 5 \ x 0 2 N \ x 0 f \ x 0 e ' ) ]] 
1622375062422 [log_latest_command] [[ b y t e a r r a y ( b ' \ x a a \ x f f \ x a 2 \ x d 0 \ x 0 7 \ x f f \ x d 0 \ x 0 7 \ x f f \ x 0 5 \ x f 7 \ x 0 f \ x 0 e ' ) ]] 
1622375063262 [log_latest_command] [[ b y t e a r r a y ( b ' \ x a a \ x f f \ x a 5 \ x 0 2 N \ x 0 f \ x 0 e ' ) ]] 
1622375072556 [log_latest_command] [[ b y t e a r r a y ( b ' \ x a a \ x f f \ x a 2 \ x d 0 \ x 0 7 \ x 0 0 \ x d 0 \ x 0 7 \ x 0 0 \ x 0 3 \ x f 9 \ x 0 f \ x 0 e ' ) ]] 
1622375075422 [log_latest_command] [[ b y t e a r r a y ( b ' \ x a a \ x f f \ x a 5 \ x 0 2 N \ x 0 f \ x 0 e ' ) ]] 
1622375076748 [log_latest_command] [[ b y t e a r r a y ( b ' \ x a a \ x f f \ x a 2 \ x d 0 \ x 0 7 \ x f f \ x d 0 \ x 0 7 \ x f f \ x 0 5 \ x f 7 \ x 0 f \ x 0 e ' ) ]] 
1622375078392 [log_latest_command] [[ b y t e a r r a y ( b ' \ x a a \ x f f \ x a 5 \ x 0 2 N \ x 0 f \ x 0 e ' ) ]] 
1622375078392 [Saving map...] 
1622375094624 [Save map failed...] 
1622375173095 [log_latest_command] [[ b y t e a r r a y ( b ' \ x a a \ x f f \ x a 2 \ x d 0 \ x 0 7 \ x f f \ x d 0 \ x 0 7 \ x f f \ x 0 5 \ x f 7 \ x 0 f \ x 0 e ' ) ]] 
