1621090415378 [Opening serial port: /dev/ttyTHS1.] 
1621090415685 [The robot is connected to ] [/dev/ttyTHS1] 
1621090415685 [Initial robot's topic...] 
1621090415694 [Start initializing navigation] 
1621090415694 [Start initializing navigation topic] 
1621090415739 [Initialization navigation topic finished] 
1621090415745 [Initialization navigation finished] 
1621090415846 [Update odom] 
1621090415868 [ROBOT STATUS: Rotating[False] Running[False] Stop[True]] 
1621090415868 [vx:0.0 vy:0.0 yaw:0.0] 
1621090415946 [Update odom] 
1621090415970 [ROBOT STATUS: Rotating[False] Running[False] Stop[True]] 
1621090415970 [vx:0.0 vy:0.0 yaw:0.0] 
1621090416046 [Update odom] 
1621090416074 [ROBOT STATUS: Rotating[False] Running[False] Stop[True]] 
1621090416074 [vx:0.0 vy:0.0 yaw:0.0] 
1621090416146 [Update odom] 
1621090416169 [ROBOT STATUS: Rotating[False] Running[False] Stop[True]] 
1621090416169 [vx:0.0 vy:0.0 yaw:0.0] 
1621090416246 [Update odom] 
1621090416269 [ROBOT STATUS: Rotating[False] Running[False] Stop[True]] 
1621090416269 [vx:0.0 vy:0.0 yaw:0.0] 
1621090416346 [Update odom] 
1621090416367 [ROBOT STATUS: Rotating[False] Running[False] Stop[True]] 
1621090416367 [vx:0.0 vy:0.0 yaw:0.0] 
1621090416446 [Update odom] 
1621090416468 [ROBOT STATUS: Rotating[False] Running[False] Stop[True]] 
1621090416468 [vx:0.0 vy:0.0 yaw:0.0] 
1621090416552 [Update odom] 
1621090416574 [ROBOT STATUS: Rotating[False] Running[False] Stop[True]] 
1621090416574 [vx:0.0 vy:0.0 yaw:0.0] 
1621090416647 [Update odom] 
1621090416667 [ROBOT STATUS: Rotating[False] Running[False] Stop[True]] 
1621090416667 [vx:0.0 vy:0.0 yaw:0.0] 
1621090416746 [Update odom] 
1621090416767 [ROBOT STATUS: Rotating[False] Running[False] Stop[True]] 
1621090416767 [vx:0.0 vy:0.0 yaw:0.0] 
1621090416846 [Update odom] 
1621090416867 [ROBOT STATUS: Rotating[False] Running[False] Stop[True]] 
1621090416867 [vx:0.0 vy:0.0 yaw:0.0] 
1621090416946 [Update odom] 
1621090416973 [ROBOT STATUS: Rotating[False] Running[False] Stop[True]] 
1621090416974 [vx:0.0 vy:0.0 yaw:0.0] 
1621090417057 [Update odom] 
1621090417069 [log_latest_command] [[ b y t e a r r a y ( b ' \ x a a \ x f f \ x a 0 \ x 0 2 I \ x 0 f \ x 0 e ' ) ]] 
1621090417126 [ROBOT STATUS: Rotating[False] Running[False] Stop[True]] 
1621090417126 [vx:0.0 vy:0.0 yaw:0.0] 
1621090417146 [Update odom] 
1621090417175 [ROBOT STATUS: Rotating[False] Running[False] Stop[True]] 
1621090417175 [vx:0.0 vy:0.0 yaw:0.0] 
1621090417246 [Update odom] 
1621090417272 [ROBOT STATUS: Rotating[False] Running[False] Stop[True]] 
1621090417272 [vx:0.0 vy:0.0 yaw:0.0] 
1621090417346 [Update odom] 
1621090417371 [ROBOT STATUS: Rotating[False] Running[False] Stop[True]] 
1621090417371 [vx:0.0 vy:0.0 yaw:0.0] 
1621090417446 [Update odom] 
1621090417468 [ROBOT STATUS: Rotating[False] Running[False] Stop[True]] 
1621090417468 [vx:0.0 vy:0.0 yaw:0.0] 
1621090417546 [Update odom] 
1621090417565 [ROBOT STATUS: Rotating[False] Running[False] Stop[True]] 
1621090417565 [vx:0.0 vy:0.0 yaw:0.0] 
1621090417646 [Update odom] 
1621090417669 [ROBOT STATUS: Rotating[False] Running[False] Stop[True]] 
1621090417669 [vx:0.0 vy:0.0 yaw:0.0] 
1621090417746 [Update odom] 
1621090417779 [ROBOT STATUS: Rotating[False] Running[False] Stop[True]] 
1621090417779 [vx:0.0 vy:0.0 yaw:0.0] 
1621090417846 [Update odom] 
1621090417867 [ROBOT STATUS: Rotating[False] Running[False] Stop[True]] 
1621090417867 [vx:0.0 vy:0.0 yaw:0.0] 
1621090417946 [Update odom] 
1621090417974 [ROBOT STATUS: Rotating[False] Running[False] Stop[True]] 
1621090417974 [vx:0.0 vy:0.0 yaw:0.0] 
1621090418046 [Update odom] 
1621090418065 [ROBOT STATUS: Rotating[False] Running[False] Stop[True]] 
1621090418065 [vx:0.0 vy:0.0 yaw:0.0] 
1621090418146 [Update odom] 
1621090418166 [ROBOT STATUS: Rotating[False] Running[False] Stop[True]] 
1621090418166 [vx:0.0 vy:0.0 yaw:0.0] 
1621090418246 [Update odom] 
1621090418265 [ROBOT STATUS: Rotating[False] Running[False] Stop[True]] 
1621090418265 [vx:0.0 vy:0.0 yaw:0.0] 
1621090418346 [Update odom] 
1621090418368 [ROBOT STATUS: Rotating[False] Running[False] Stop[True]] 
1621090418369 [vx:0.0 vy:0.0 yaw:0.0] 
1621090418446 [Update odom] 
1621090418470 [ROBOT STATUS: Rotating[False] Running[False] Stop[True]] 
1621090418470 [vx:0.0 vy:0.0 yaw:0.0] 
1621090418546 [Update odom] 
1621090418564 [ROBOT STATUS: Rotating[False] Running[False] Stop[True]] 
1621090418565 [vx:0.0 vy:0.0 yaw:0.0] 
1621090418646 [Update odom] 
1621090418664 [ROBOT STATUS: Rotating[False] Running[False] Stop[True]] 
1621090418664 [vx:0.0 vy:0.0 yaw:0.0] 
1621090418746 [Update odom] 
1621090418776 [ROBOT STATUS: Rotating[False] Running[False] Stop[True]] 
1621090418776 [vx:0.0 vy:0.0 yaw:0.0] 
1621090418847 [Update odom] 
1621090418867 [ROBOT STATUS: Rotating[False] Running[False] Stop[True]] 
1621090418867 [vx:0.0 vy:0.0 yaw:0.0] 
1621090418946 [Update odom] 
1621090418971 [ROBOT STATUS: Rotating[False] Running[False] Stop[True]] 
1621090418971 [vx:0.0 vy:0.0 yaw:0.0] 
1621090419046 [Update odom] 
1621090419064 [ROBOT STATUS: Rotating[False] Running[False] Stop[True]] 
1621090419064 [vx:0.0 vy:0.0 yaw:0.0] 
1621090419146 [Update odom] 
1621090419164 [ROBOT STATUS: Rotating[False] Running[False] Stop[True]] 
1621090419164 [vx:0.0 vy:0.0 yaw:0.0] 
1621090419255 [Update odom] 
1621090419272 [ROBOT STATUS: Rotating[False] Running[False] Stop[True]] 
1621090419272 [vx:0.0 vy:0.0 yaw:0.0] 
1621090419346 [Update odom] 
1621090419370 [ROBOT STATUS: Rotating[False] Running[False] Stop[True]] 
1621090419370 [vx:0.0 vy:0.0 yaw:0.0] 
1621090419446 [Update odom] 
1621090419464 [ROBOT STATUS: Rotating[False] Running[False] Stop[True]] 
1621090419464 [vx:0.0 vy:0.0 yaw:0.0] 
1621090419547 [Update odom] 
1621090419582 [ROBOT STATUS: Rotating[False] Running[False] Stop[True]] 
1621090419582 [vx:0.0 vy:0.0 yaw:0.0] 
1621090419646 [Update odom] 
1621090419670 [ROBOT STATUS: Rotating[False] Running[False] Stop[True]] 
1621090419670 [vx:0.0 vy:0.0 yaw:0.0] 
1621090419746 [Update odom] 
1621090419771 [ROBOT STATUS: Rotating[False] Running[False] Stop[True]] 
1621090419771 [vx:0.0 vy:0.0 yaw:0.0] 
1621090419846 [Update odom] 
1621090419865 [ROBOT STATUS: Rotating[False] Running[False] Stop[True]] 
1621090419866 [vx:0.0 vy:0.0 yaw:0.0] 
1621090419946 [Update odom] 
1621090419965 [ROBOT STATUS: Rotating[False] Running[False] Stop[True]] 
1621090419965 [vx:0.0 vy:0.0 yaw:0.0] 
1621090420047 [Update odom] 
1621090420069 [ROBOT STATUS: Rotating[False] Running[False] Stop[True]] 
1621090420069 [vx:0.0 vy:0.0 yaw:0.0] 
1621090420146 [Update odom] 
1621090420173 [ROBOT STATUS: Rotating[False] Running[False] Stop[True]] 
1621090420173 [vx:0.0 vy:0.0 yaw:0.0] 
1621090420246 [Update odom] 
1621090420266 [ROBOT STATUS: Rotating[False] Running[False] Stop[True]] 
1621090420266 [vx:0.0 vy:0.0 yaw:0.0] 
1621090420346 [Update odom] 
1621090420363 [ROBOT STATUS: Rotating[False] Running[False] Stop[True]] 
1621090420363 [vx:0.0 vy:0.0 yaw:0.0] 
1621090420446 [Update odom] 
1621090420479 [ROBOT STATUS: Rotating[False] Running[False] Stop[True]] 
1621090420479 [vx:0.0 vy:0.0 yaw:0.0] 
1621090420547 [Update odom] 
1621090420567 [ROBOT STATUS: Rotating[False] Running[False] Stop[True]] 
1621090420567 [vx:0.0 vy:0.0 yaw:0.0] 
1621090420646 [Update odom] 
1621090420664 [ROBOT STATUS: Rotating[False] Running[False] Stop[True]] 
1621090420664 [vx:0.0 vy:0.0 yaw:0.0] 
1621090420746 [Update odom] 
1621090420783 [ROBOT STATUS: Rotating[False] Running[False] Stop[True]] 
1621090420784 [vx:0.0 vy:0.0 yaw:0.0] 
1621090420820 [log_latest_command] [[ b y t e a r r a y ( b ' \ x a a \ x f f \ x a 0 \ x 0 2 I \ x 0 f \ x 0 e ' ) ]] 
1621090420847 [Update odom] 
1621090420880 [ROBOT STATUS: Rotating[False] Running[True] Stop[False]] 
1621090420880 [vx:0.0 vy:0.0 yaw:0.0] 
1621090420946 [Update odom] 
1621090420976 [ROBOT STATUS: Rotating[False] Running[True] Stop[False]] 
1621090420976 [vx:0.0 vy:0.0 yaw:0.0] 
1621090421049 [Update odom] 
1621090421071 [ROBOT STATUS: Rotating[False] Running[True] Stop[False]] 
1621090421071 [vx:0.0 vy:0.0 yaw:0.0] 
1621090421146 [Update odom] 
1621090421164 [ROBOT STATUS: Rotating[False] Running[True] Stop[False]] 
1621090421164 [vx:0.139 vy:0.0 yaw:0.0] 
1621090421246 [Update odom] 
1621090421273 [ROBOT STATUS: Rotating[False] Running[True] Stop[False]] 
1621090421273 [vx:0.2455 vy:0.0 yaw:0.0] 
1621090421346 [Update odom] 
1621090421369 [ROBOT STATUS: Rotating[False] Running[True] Stop[False]] 
1621090421369 [vx:0.27025 vy:0.0 yaw:0.0] 
1621090421447 [Update odom] 
1621090421466 [ROBOT STATUS: Rotating[False] Running[True] Stop[False]] 
1621090421466 [vx:0.27025 vy:0.0 yaw:0.0] 
1621090421546 [Update odom] 
1621090421565 [ROBOT STATUS: Rotating[False] Running[True] Stop[False]] 
1621090421565 [vx:0.303 vy:0.0 yaw:0.0] 
1621090421646 [Update odom] 
1621090421664 [ROBOT STATUS: Rotating[False] Running[True] Stop[False]] 
1621090421665 [vx:0.295 vy:0.0 yaw:0.0] 
1621090421746 [Update odom] 
1621090421767 [ROBOT STATUS: Rotating[False] Running[True] Stop[False]] 
1621090421767 [vx:0.3355 vy:0.0 yaw:0.0] 
1621090421846 [Update odom] 
1621090421864 [ROBOT STATUS: Rotating[False] Running[True] Stop[False]] 
1621090421864 [vx:0.3925 vy:0.0 yaw:0.0] 
1621090421946 [Update odom] 
1621090421965 [ROBOT STATUS: Rotating[False] Running[True] Stop[False]] 
1621090421965 [vx:0.39275 vy:0.0 yaw:0.0] 
1621090422046 [Update odom] 
1621090422064 [ROBOT STATUS: Rotating[False] Running[True] Stop[False]] 
1621090422064 [vx:0.368 vy:0.0 yaw:0.0] 
1621090422146 [Update odom] 
1621090422167 [ROBOT STATUS: Rotating[False] Running[True] Stop[False]] 
1621090422167 [vx:0.3845 vy:0.0 yaw:0.0] 
1621090422246 [Update odom] 
1621090422264 [ROBOT STATUS: Rotating[False] Running[True] Stop[False]] 
1621090422264 [vx:0.3925 vy:0.0 yaw:0.0] 
1621090422346 [Update odom] 
1621090422365 [ROBOT STATUS: Rotating[False] Running[True] Stop[False]] 
1621090422366 [vx:0.39275 vy:0.0 yaw:0.0] 
1621090422446 [Update odom] 
1621090422464 [ROBOT STATUS: Rotating[False] Running[True] Stop[False]] 
1621090422464 [vx:0.3845 vy:0.0 yaw:0.0] 
1621090422546 [Update odom] 
1621090422564 [ROBOT STATUS: Rotating[False] Running[True] Stop[False]] 
1621090422564 [vx:0.3925 vy:0.0 yaw:0.0] 
1621090422646 [Update odom] 
1621090422665 [ROBOT STATUS: Rotating[False] Running[True] Stop[False]] 
1621090422665 [vx:0.39275 vy:0.0 yaw:0.0] 
1621090422746 [Update odom] 
1621090422764 [ROBOT STATUS: Rotating[False] Running[True] Stop[False]] 
1621090422764 [vx:0.368 vy:0.0 yaw:0.0] 
1621090422846 [Update odom] 
1621090422872 [ROBOT STATUS: Rotating[False] Running[True] Stop[False]] 
1621090422872 [vx:0.40075 vy:0.0 yaw:0.0] 
1621090422947 [Update odom] 
1621090422974 [ROBOT STATUS: Rotating[False] Running[True] Stop[False]] 
1621090422974 [vx:0.3925 vy:0.0 yaw:0.0] 
1621090423046 [Update odom] 
1621090423067 [ROBOT STATUS: Rotating[False] Running[True] Stop[False]] 
1621090423067 [vx:0.40075 vy:0.0 yaw:0.0] 
1621090423146 [Update odom] 
1621090423164 [ROBOT STATUS: Rotating[False] Running[True] Stop[False]] 
1621090423164 [vx:0.401 vy:0.0 yaw:0.0] 
1621090423246 [Update odom] 
1621090423287 [ROBOT STATUS: Rotating[False] Running[True] Stop[False]] 
1621090423287 [vx:0.36825 vy:0.0 yaw:0.0] 
1621090423346 [Update odom] 
1621090423380 [ROBOT STATUS: Rotating[False] Running[True] Stop[False]] 
1621090423380 [vx:0.37625 vy:0.0 yaw:0.0] 
1621090423448 [Update odom] 
1621090423471 [ROBOT STATUS: Rotating[False] Running[True] Stop[False]] 
1621090423471 [vx:0.36 vy:0.0 yaw:0.0] 
1621090423546 [Update odom] 
1621090423572 [ROBOT STATUS: Rotating[False] Running[True] Stop[False]] 
1621090423572 [vx:0.3765 vy:0.0 yaw:0.0] 
1621090423646 [Update odom] 
1621090423664 [ROBOT STATUS: Rotating[False] Running[True] Stop[False]] 
1621090423664 [vx:0.3845 vy:0.0 yaw:0.0] 
1621090423746 [Update odom] 
1621090423768 [ROBOT STATUS: Rotating[False] Running[True] Stop[False]] 
1621090423768 [vx:0.401 vy:0.0 yaw:0.0] 
1621090423846 [Update odom] 
1621090423880 [ROBOT STATUS: Rotating[False] Running[True] Stop[False]] 
1621090423880 [vx:0.40075 vy:0.0 yaw:0.0] 
1621090423946 [Update odom] 
1621090423973 [ROBOT STATUS: Rotating[False] Running[True] Stop[False]] 
1621090423974 [vx:0.37625 vy:0.0 yaw:0.0] 
1621090424068 [log_latest_command] [[ b y t e a r r a y ( b ' \ x a a \ x f f \ x a 0 \ x 0 2 I \ x 0 f \ x 0 e ' ) ]] 
1621090424093 [Update odom] 
1621090424116 [ROBOT STATUS: Rotating[False] Running[False] Stop[True]] 
1621090424117 [vx:0.3845 vy:0.0 yaw:0.0] 
1621090424146 [Update odom] 
1621090424164 [ROBOT STATUS: Rotating[False] Running[False] Stop[True]] 
1621090424165 [vx:0.38425 vy:0.0 yaw:0.0] 
1621090424246 [Update odom] 
1621090424268 [ROBOT STATUS: Rotating[False] Running[False] Stop[True]] 
1621090424268 [vx:0.3925 vy:0.0 yaw:0.0] 
1621090424346 [Update odom] 
1621090424373 [ROBOT STATUS: Rotating[False] Running[False] Stop[True]] 
1621090424373 [vx:0.3925 vy:0.0 yaw:0.0] 
1621090424446 [Update odom] 
1621090424464 [ROBOT STATUS: Rotating[False] Running[False] Stop[True]] 
1621090424464 [vx:0.3925 vy:0.0 yaw:0.0] 
1621090424548 [Update odom] 
1621090424579 [ROBOT STATUS: Rotating[False] Running[False] Stop[True]] 
1621090424579 [vx:0.3925 vy:0.0 yaw:0.0] 
1621090424647 [Update odom] 
1621090424672 [ROBOT STATUS: Rotating[False] Running[False] Stop[True]] 
1621090424673 [vx:0.04875 vy:0.0 yaw:0.0] 
1621090424746 [Update odom] 
1621090424769 [ROBOT STATUS: Rotating[False] Running[False] Stop[True]] 
1621090424769 [vx:0.0 vy:0.0 yaw:0.0] 
1621090424846 [Update odom] 
1621090424867 [ROBOT STATUS: Rotating[False] Running[False] Stop[True]] 
1621090424867 [vx:0.0 vy:0.0 yaw:0.0] 
1621090424946 [Update odom] 
1621090424964 [ROBOT STATUS: Rotating[False] Running[False] Stop[True]] 
1621090424964 [vx:0.0 vy:0.0 yaw:0.0] 
1621090425046 [Update odom] 
1621090425064 [ROBOT STATUS: Rotating[False] Running[False] Stop[True]] 
1621090425064 [vx:0.0 vy:0.0 yaw:0.0] 
1621090425148 [Update odom] 
1621090425168 [ROBOT STATUS: Rotating[False] Running[False] Stop[True]] 
1621090425168 [vx:0.0 vy:0.0 yaw:0.0] 
1621090425246 [Update odom] 
1621090425270 [ROBOT STATUS: Rotating[False] Running[False] Stop[True]] 
1621090425270 [vx:0.0 vy:0.0 yaw:0.0] 
1621090425346 [Update odom] 
1621090425377 [ROBOT STATUS: Rotating[False] Running[False] Stop[True]] 
1621090425377 [vx:0.0 vy:0.0 yaw:0.0] 
1621090425446 [Update odom] 
1621090425468 [ROBOT STATUS: Rotating[False] Running[False] Stop[True]] 
1621090425468 [vx:0.0 vy:0.0 yaw:0.0] 
1621090425546 [Update odom] 
1621090425566 [ROBOT STATUS: Rotating[False] Running[False] Stop[True]] 
1621090425566 [vx:0.0 vy:0.0 yaw:0.0] 
1621090425646 [Update odom] 
1621090425672 [ROBOT STATUS: Rotating[False] Running[False] Stop[True]] 
1621090425672 [vx:0.0 vy:0.0 yaw:0.0] 
1621090425746 [Update odom] 
1621090425768 [ROBOT STATUS: Rotating[False] Running[False] Stop[True]] 
1621090425768 [vx:0.0 vy:0.0 yaw:0.0] 
1621090425846 [Update odom] 
1621090425868 [ROBOT STATUS: Rotating[False] Running[False] Stop[True]] 
1621090425868 [vx:0.0 vy:0.0 yaw:0.0] 
1621090425947 [Update odom] 
1621090425983 [ROBOT STATUS: Rotating[False] Running[False] Stop[True]] 
1621090425983 [vx:0.0 vy:0.0 yaw:0.0] 
1621090426046 [Update odom] 
1621090426067 [ROBOT STATUS: Rotating[False] Running[False] Stop[True]] 
1621090426068 [vx:0.0 vy:0.0 yaw:0.0] 
1621090426146 [Update odom] 
1621090426172 [ROBOT STATUS: Rotating[False] Running[False] Stop[True]] 
1621090426172 [vx:0.0 vy:0.0 yaw:0.0] 
1621090426247 [Update odom] 
1621090426268 [ROBOT STATUS: Rotating[False] Running[False] Stop[True]] 
1621090426268 [vx:0.0 vy:0.0 yaw:0.0] 
1621090426346 [Update odom] 
1621090426367 [ROBOT STATUS: Rotating[False] Running[False] Stop[True]] 
1621090426367 [vx:0.0 vy:0.0 yaw:0.0] 
1621090426446 [Update odom] 
1621090426465 [ROBOT STATUS: Rotating[False] Running[False] Stop[True]] 
1621090426465 [vx:0.0 vy:0.0 yaw:0.0] 
1621090426546 [Update odom] 
1621090426581 [ROBOT STATUS: Rotating[False] Running[False] Stop[True]] 
1621090426581 [vx:0.0 vy:0.0 yaw:0.0] 
1621090426647 [Update odom] 
1621090426676 [ROBOT STATUS: Rotating[False] Running[False] Stop[True]] 
1621090426676 [vx:0.0 vy:0.0 yaw:0.0] 
1621090426746 [Update odom] 
1621090426771 [ROBOT STATUS: Rotating[False] Running[False] Stop[True]] 
1621090426771 [vx:0.0 vy:0.0 yaw:0.0] 
1621090426851 [Update odom] 
1621090426870 [ROBOT STATUS: Rotating[False] Running[False] Stop[True]] 
1621090426870 [vx:0.0 vy:0.0 yaw:0.0] 
1621090426946 [Update odom] 
1621090426973 [ROBOT STATUS: Rotating[False] Running[False] Stop[True]] 
1621090426974 [vx:0.0 vy:0.0 yaw:0.0] 
1621090427047 [Update odom] 
1621090427065 [ROBOT STATUS: Rotating[False] Running[False] Stop[True]] 
1621090427065 [vx:0.0 vy:0.0 yaw:0.0] 
1621090427148 [Update odom] 
1621090427173 [ROBOT STATUS: Rotating[False] Running[False] Stop[True]] 
1621090427173 [vx:0.0 vy:0.0 yaw:0.0] 
1621090427248 [log_latest_command] [[ b y t e a r r a y ( b ' \ x a a \ x f f \ x a 0 \ x 0 2 I \ x 0 f \ x 0 e ' ) ]] 
1621090427261 [Update odom] 
1621090427280 [ROBOT STATUS: Rotating[False] Running[True] Stop[False]] 
1621090427280 [vx:0.0 vy:0.0 yaw:0.0] 
1621090427346 [Update odom] 
1621090427367 [ROBOT STATUS: Rotating[False] Running[True] Stop[False]] 
1621090427367 [vx:0.0 vy:0.0 yaw:0.0] 
1621090427456 [Update odom] 
1621090427477 [ROBOT STATUS: Rotating[False] Running[True] Stop[False]] 
1621090427477 [vx:0.0 vy:0.0 yaw:0.0] 
1621090427546 [Update odom] 
1621090427570 [ROBOT STATUS: Rotating[False] Running[True] Stop[False]] 
1621090427570 [vx:0.0 vy:0.0 yaw:0.0] 
1621090427646 [Update odom] 
1621090427668 [ROBOT STATUS: Rotating[False] Running[True] Stop[False]] 
1621090427668 [vx:0.0 vy:0.0 yaw:0.0] 
1621090427746 [Update odom] 
1621090427766 [ROBOT STATUS: Rotating[False] Running[True] Stop[False]] 
1621090427766 [vx:0.0 vy:0.0 yaw:0.0] 
1621090427846 [Update odom] 
1621090427873 [ROBOT STATUS: Rotating[False] Running[True] Stop[False]] 
1621090427873 [vx:0.0 vy:0.0 yaw:0.0] 
1621090427946 [Update odom] 
1621090427966 [ROBOT STATUS: Rotating[False] Running[True] Stop[False]] 
1621090427966 [vx:-0.26975 vy:-0.0 yaw:0.0] 
1621090428046 [Update odom] 
1621090428071 [ROBOT STATUS: Rotating[False] Running[True] Stop[False]] 
1621090428071 [vx:-0.33525 vy:-0.0 yaw:0.0] 
1621090428148 [Update odom] 
1621090428175 [ROBOT STATUS: Rotating[False] Running[True] Stop[False]] 
1621090428175 [vx:-0.327 vy:-0.0 yaw:0.0] 
1621090428246 [Update odom] 
1621090428264 [ROBOT STATUS: Rotating[False] Running[True] Stop[False]] 
1621090428264 [vx:-0.3435 vy:-0.0 yaw:0.0] 
1621090428346 [Update odom] 
1621090428364 [ROBOT STATUS: Rotating[False] Running[True] Stop[False]] 
1621090428364 [vx:-0.36825 vy:-0.0 yaw:0.0] 
1621090428449 [Update odom] 
1621090428473 [ROBOT STATUS: Rotating[False] Running[True] Stop[False]] 
1621090428473 [vx:-0.36 vy:-0.0 yaw:0.0] 
1621090428546 [Update odom] 
1621090428582 [ROBOT STATUS: Rotating[False] Running[True] Stop[False]] 
1621090428582 [vx:-0.35175 vy:-0.0 yaw:0.0] 
1621090428655 [Update odom] 
1621090428675 [ROBOT STATUS: Rotating[False] Running[True] Stop[False]] 
1621090428675 [vx:-0.38475 vy:-0.0 yaw:0.0] 
1621090428746 [Update odom] 
1621090428764 [ROBOT STATUS: Rotating[False] Running[True] Stop[False]] 
1621090428764 [vx:-0.3765 vy:-0.0 yaw:0.0] 
1621090428846 [Update odom] 
1621090428865 [ROBOT STATUS: Rotating[False] Running[True] Stop[False]] 
1621090428865 [vx:-0.368 vy:-0.0 yaw:0.0] 
1621090428946 [Update odom] 
1621090428968 [ROBOT STATUS: Rotating[False] Running[True] Stop[False]] 
1621090428968 [vx:-0.368 vy:-0.0 yaw:0.0] 
1621090429019 [log_latest_command] [[ b y t e a r r a y ( b ' \ x a a \ x f f \ x a 0 \ x 0 2 I \ x 0 f \ x 0 e ' ) ]] 
1621090429054 [Update odom] 
1621090429088 [ROBOT STATUS: Rotating[False] Running[False] Stop[True]] 
1621090429088 [vx:-0.3765 vy:-0.0 yaw:0.0] 
1621090429146 [Update odom] 
1621090429166 [ROBOT STATUS: Rotating[False] Running[False] Stop[True]] 
1621090429166 [vx:-0.36825 vy:-0.0 yaw:0.0] 
1621090429246 [Update odom] 
1621090429265 [ROBOT STATUS: Rotating[False] Running[False] Stop[True]] 
1621090429265 [vx:-0.37625 vy:-0.0 yaw:0.0] 
1621090429346 [Update odom] 
1621090429364 [ROBOT STATUS: Rotating[False] Running[False] Stop[True]] 
1621090429364 [vx:-0.36825 vy:-0.0 yaw:0.0] 
1621090429446 [Update odom] 
1621090429470 [ROBOT STATUS: Rotating[False] Running[False] Stop[True]] 
1621090429470 [vx:-0.36 vy:-0.0 yaw:0.0] 
1621090429546 [Update odom] 
1621090429587 [ROBOT STATUS: Rotating[False] Running[False] Stop[True]] 
1621090429587 [vx:-0.39275 vy:-0.0 yaw:0.0] 
1621090429646 [Update odom] 
1621090429676 [ROBOT STATUS: Rotating[False] Running[False] Stop[True]] 
1621090429676 [vx:-0.39275 vy:-0.0 yaw:0.0] 
1621090429746 [Update odom] 
1621090429764 [ROBOT STATUS: Rotating[False] Running[False] Stop[True]] 
1621090429764 [vx:-0.39275 vy:-0.0 yaw:0.0] 
1621090429846 [Update odom] 
1621090429865 [ROBOT STATUS: Rotating[False] Running[False] Stop[True]] 
1621090429865 [vx:-0.39275 vy:-0.0 yaw:0.0] 
1621090429946 [Update odom] 
1621090429965 [ROBOT STATUS: Rotating[False] Running[False] Stop[True]] 
1621090429965 [vx:-0.0815 vy:-0.0 yaw:0.0] 
1621090430046 [Update odom] 
1621090430066 [ROBOT STATUS: Rotating[False] Running[False] Stop[True]] 
1621090430066 [vx:-0.016 vy:-0.0 yaw:0.0] 
1621090430146 [Update odom] 
1621090430165 [ROBOT STATUS: Rotating[False] Running[False] Stop[True]] 
1621090430165 [vx:0.0 vy:0.0 yaw:0.0] 
1621090430246 [Update odom] 
1621090430265 [ROBOT STATUS: Rotating[False] Running[False] Stop[True]] 
1621090430265 [vx:0.0 vy:0.0 yaw:0.0] 
1621090430346 [Update odom] 
1621090430365 [ROBOT STATUS: Rotating[False] Running[False] Stop[True]] 
1621090430365 [vx:0.0 vy:0.0 yaw:0.0] 
1621090430446 [Update odom] 
1621090430464 [ROBOT STATUS: Rotating[False] Running[False] Stop[True]] 
1621090430464 [vx:0.0 vy:0.0 yaw:0.0] 
1621090430546 [Update odom] 
1621090430565 [ROBOT STATUS: Rotating[False] Running[False] Stop[True]] 
1621090430565 [vx:0.0 vy:0.0 yaw:0.0] 
1621090430646 [Update odom] 
1621090430665 [ROBOT STATUS: Rotating[False] Running[False] Stop[True]] 
1621090430665 [vx:0.0 vy:0.0 yaw:0.0] 
1621090430746 [Update odom] 
1621090430765 [ROBOT STATUS: Rotating[False] Running[False] Stop[True]] 
1621090430765 [vx:0.0 vy:0.0 yaw:0.0] 
1621090430846 [Update odom] 
1621090430865 [ROBOT STATUS: Rotating[False] Running[False] Stop[True]] 
1621090430865 [vx:0.0 vy:0.0 yaw:0.0] 
1621090430946 [Update odom] 
1621090430965 [ROBOT STATUS: Rotating[False] Running[False] Stop[True]] 
1621090430965 [vx:0.0 vy:0.0 yaw:0.0] 
1621090431046 [Update odom] 
1621090431065 [ROBOT STATUS: Rotating[False] Running[False] Stop[True]] 
1621090431065 [vx:0.0 vy:0.0 yaw:0.0] 
1621090431146 [Update odom] 
1621090431165 [ROBOT STATUS: Rotating[False] Running[False] Stop[True]] 
1621090431165 [vx:0.0 vy:0.0 yaw:0.0] 
1621090431246 [Update odom] 
1621090431269 [ROBOT STATUS: Rotating[False] Running[False] Stop[True]] 
1621090431269 [vx:0.0 vy:0.0 yaw:0.0] 
1621090431346 [Update odom] 
1621090431370 [ROBOT STATUS: Rotating[False] Running[False] Stop[True]] 
1621090431370 [vx:0.0 vy:0.0 yaw:0.0] 
1621090431446 [Update odom] 
1621090431470 [ROBOT STATUS: Rotating[False] Running[False] Stop[True]] 
1621090431470 [vx:0.0 vy:0.0 yaw:0.0] 
1621090431546 [Update odom] 
1621090431566 [ROBOT STATUS: Rotating[False] Running[False] Stop[True]] 
1621090431567 [vx:0.0 vy:0.0 yaw:0.0] 
1621090431646 [Update odom] 
1621090431665 [ROBOT STATUS: Rotating[False] Running[False] Stop[True]] 
1621090431665 [vx:0.0 vy:0.0 yaw:0.0] 
1621090431746 [Update odom] 
1621090431767 [ROBOT STATUS: Rotating[False] Running[False] Stop[True]] 
1621090431767 [vx:0.0 vy:0.0 yaw:0.0] 
1621090431846 [Update odom] 
1621090431866 [ROBOT STATUS: Rotating[False] Running[False] Stop[True]] 
1621090431866 [vx:0.0 vy:0.0 yaw:0.0] 
1621090431946 [Update odom] 
1621090431965 [ROBOT STATUS: Rotating[False] Running[False] Stop[True]] 
1621090431965 [vx:0.0 vy:0.0 yaw:0.0] 
1621090432046 [Update odom] 
1621090432065 [ROBOT STATUS: Rotating[False] Running[False] Stop[True]] 
1621090432065 [vx:0.0 vy:0.0 yaw:0.0] 
1621090432146 [Update odom] 
1621090432169 [ROBOT STATUS: Rotating[False] Running[False] Stop[True]] 
1621090432169 [vx:0.0 vy:0.0 yaw:0.0] 
1621090432251 [Update odom] 
1621090432270 [ROBOT STATUS: Rotating[False] Running[False] Stop[True]] 
1621090432270 [vx:0.0 vy:0.0 yaw:0.0] 
1621090432346 [Update odom] 
1621090432367 [ROBOT STATUS: Rotating[False] Running[False] Stop[True]] 
1621090432367 [vx:0.0 vy:0.0 yaw:0.0] 
1621090432446 [Update odom] 
1621090432464 [ROBOT STATUS: Rotating[False] Running[False] Stop[True]] 
1621090432464 [vx:0.0 vy:0.0 yaw:0.0] 
1621090432546 [Update odom] 
1621090432578 [ROBOT STATUS: Rotating[False] Running[False] Stop[True]] 
1621090432579 [vx:0.0 vy:0.0 yaw:0.0] 
1621090432646 [Update odom] 
1621090432670 [ROBOT STATUS: Rotating[False] Running[False] Stop[True]] 
1621090432670 [vx:0.0 vy:0.0 yaw:0.0] 
1621090432746 [Update odom] 
1621090432768 [ROBOT STATUS: Rotating[False] Running[False] Stop[True]] 
1621090432768 [vx:0.0 vy:0.0 yaw:0.0] 
1621090432846 [Update odom] 
1621090432878 [ROBOT STATUS: Rotating[False] Running[False] Stop[True]] 
1621090432878 [vx:0.0 vy:0.0 yaw:0.0] 
1621090432947 [Update odom] 
1621090432972 [ROBOT STATUS: Rotating[False] Running[False] Stop[True]] 
1621090432973 [vx:0.0 vy:0.0 yaw:0.0] 
1621090433046 [Update odom] 
1621090433064 [ROBOT STATUS: Rotating[False] Running[False] Stop[True]] 
1621090433064 [vx:0.0 vy:0.0 yaw:0.0] 
1621090433146 [Update odom] 
1621090433180 [ROBOT STATUS: Rotating[False] Running[False] Stop[True]] 
1621090433180 [vx:0.0 vy:0.0 yaw:0.0] 
1621090433246 [Update odom] 
1621090433270 [ROBOT STATUS: Rotating[False] Running[False] Stop[True]] 
1621090433270 [vx:0.0 vy:0.0 yaw:0.0] 
1621090433346 [Update odom] 
1621090433380 [ROBOT STATUS: Rotating[False] Running[False] Stop[True]] 
1621090433380 [vx:0.0 vy:0.0 yaw:0.0] 
1621090433446 [Update odom] 
1621090433464 [ROBOT STATUS: Rotating[False] Running[False] Stop[True]] 
1621090433464 [vx:0.0 vy:0.0 yaw:0.0] 
1621090433546 [Update odom] 
1621090433566 [ROBOT STATUS: Rotating[False] Running[False] Stop[True]] 
1621090433566 [vx:0.0 vy:0.0 yaw:0.0] 
1621090433646 [Update odom] 
1621090433665 [ROBOT STATUS: Rotating[False] Running[False] Stop[True]] 
1621090433665 [vx:0.0 vy:0.0 yaw:0.0] 
1621090433746 [Update odom] 
1621090433768 [ROBOT STATUS: Rotating[False] Running[False] Stop[True]] 
1621090433768 [vx:0.0 vy:0.0 yaw:0.0] 
1621090433846 [Update odom] 
1621090433879 [ROBOT STATUS: Rotating[False] Running[False] Stop[True]] 
1621090433879 [vx:0.0 vy:0.0 yaw:0.0] 
1621090433947 [Update odom] 
1621090433977 [ROBOT STATUS: Rotating[False] Running[False] Stop[True]] 
1621090433977 [vx:0.0 vy:0.0 yaw:0.0] 
1621090434046 [Update odom] 
1621090434071 [ROBOT STATUS: Rotating[False] Running[False] Stop[True]] 
1621090434072 [vx:0.0 vy:0.0 yaw:0.0] 
1621090434147 [Update odom] 
1621090434164 [ROBOT STATUS: Rotating[False] Running[False] Stop[True]] 
1621090434164 [vx:0.0 vy:0.0 yaw:0.0] 
1621090434246 [Update odom] 
1621090434265 [ROBOT STATUS: Rotating[False] Running[False] Stop[True]] 
1621090434265 [vx:0.0 vy:0.0 yaw:0.0] 
1621090434346 [Update odom] 
1621090434374 [ROBOT STATUS: Rotating[False] Running[False] Stop[True]] 
1621090434374 [vx:0.0 vy:0.0 yaw:0.0] 
1621090434446 [Update odom] 
1621090434475 [ROBOT STATUS: Rotating[False] Running[False] Stop[True]] 
1621090434475 [vx:0.0 vy:0.0 yaw:0.0] 
1621090434546 [Update odom] 
1621090434566 [ROBOT STATUS: Rotating[False] Running[False] Stop[True]] 
1621090434566 [vx:0.0 vy:0.0 yaw:0.0] 
1621090434646 [Update odom] 
1621090434664 [ROBOT STATUS: Rotating[False] Running[False] Stop[True]] 
1621090434665 [vx:0.0 vy:0.0 yaw:0.0] 
1621090434746 [Update odom] 
1621090434768 [ROBOT STATUS: Rotating[False] Running[False] Stop[True]] 
1621090434768 [vx:0.0 vy:0.0 yaw:0.0] 
1621090434846 [Update odom] 
1621090434879 [ROBOT STATUS: Rotating[False] Running[False] Stop[True]] 
1621090434879 [vx:0.0 vy:0.0 yaw:0.0] 
1621090434951 [Update odom] 
1621090434971 [ROBOT STATUS: Rotating[False] Running[False] Stop[True]] 
1621090434971 [vx:0.0 vy:0.0 yaw:0.0] 
1621090435046 [Update odom] 
1621090435074 [ROBOT STATUS: Rotating[False] Running[False] Stop[True]] 
1621090435074 [vx:0.0 vy:0.0 yaw:0.0] 
1621090435149 [Update odom] 
1621090435169 [ROBOT STATUS: Rotating[False] Running[False] Stop[True]] 
1621090435169 [vx:0.0 vy:0.0 yaw:0.0] 
1621090435246 [Update odom] 
1621090435272 [ROBOT STATUS: Rotating[False] Running[False] Stop[True]] 
1621090435272 [vx:0.0 vy:0.0 yaw:0.0] 
1621090435346 [Update odom] 
1621090435367 [ROBOT STATUS: Rotating[False] Running[False] Stop[True]] 
1621090435367 [vx:0.0 vy:0.0 yaw:0.0] 
1621090435446 [Update odom] 
1621090435484 [ROBOT STATUS: Rotating[False] Running[False] Stop[True]] 
1621090435484 [vx:0.0 vy:0.0 yaw:0.0] 
1621090435546 [Update odom] 
1621090435612 [ROBOT STATUS: Rotating[False] Running[False] Stop[True]] 
1621090435612 [vx:0.0 vy:0.0 yaw:0.0] 
