1619624718984 [Opening serial port: /dev/ttyTHS1.] 
1619624719285 [The robot is connected to ] [/dev/ttyTHS1] 
1619624719285 [Initial robot's topic...] 
1619624721698 [Data from: [w]] 
1619624721699 [handle_key_command@Exception] [Traceback (most recent call last):
  File "/home/khoixx/dev_ros1_ws/src/execute/src/Robot.py", line 98, in handle_command
    self.set_speed([self._current_speed, self._current_speed])
  File "/home/khoixx/dev_ros1_ws/src/execute/src/robot_control.py", line 300, in set_speed
    self.__robot_serial.set_speed(speed_data)
  File "/home/khoixx/dev_ros1_ws/src/execute/src/robot_command.py", line 101, in set_speed
    self.write_command(command)
  File "/home/khoixx/dev_ros1_ws/src/execute/src/robot_command.py", line 63, in write_command
    for i in len(command_send):
TypeError: 'int' object is not iterable
] 
1619624721726 [Data from: [w]] 
1619624721727 [handle_key_command@Exception] [Traceback (most recent call last):
  File "/home/khoixx/dev_ros1_ws/src/execute/src/Robot.py", line 98, in handle_command
    self.set_speed([self._current_speed, self._current_speed])
  File "/home/khoixx/dev_ros1_ws/src/execute/src/robot_control.py", line 300, in set_speed
    self.__robot_serial.set_speed(speed_data)
  File "/home/khoixx/dev_ros1_ws/src/execute/src/robot_command.py", line 101, in set_speed
    self.write_command(command)
  File "/home/khoixx/dev_ros1_ws/src/execute/src/robot_command.py", line 63, in write_command
    for i in len(command_send):
TypeError: 'int' object is not iterable
] 
1619624721762 [Data from: [w]] 
1619624721762 [handle_key_command@Exception] [Traceback (most recent call last):
  File "/home/khoixx/dev_ros1_ws/src/execute/src/Robot.py", line 98, in handle_command
    self.set_speed([self._current_speed, self._current_speed])
  File "/home/khoixx/dev_ros1_ws/src/execute/src/robot_control.py", line 300, in set_speed
    self.__robot_serial.set_speed(speed_data)
  File "/home/khoixx/dev_ros1_ws/src/execute/src/robot_command.py", line 101, in set_speed
    self.write_command(command)
  File "/home/khoixx/dev_ros1_ws/src/execute/src/robot_command.py", line 63, in write_command
    for i in len(command_send):
TypeError: 'int' object is not iterable
] 
1619624721792 [Data from: [w]] 
1619624721792 [handle_key_command@Exception] [Traceback (most recent call last):
  File "/home/khoixx/dev_ros1_ws/src/execute/src/Robot.py", line 98, in handle_command
    self.set_speed([self._current_speed, self._current_speed])
  File "/home/khoixx/dev_ros1_ws/src/execute/src/robot_control.py", line 300, in set_speed
    self.__robot_serial.set_speed(speed_data)
  File "/home/khoixx/dev_ros1_ws/src/execute/src/robot_command.py", line 101, in set_speed
    self.write_command(command)
  File "/home/khoixx/dev_ros1_ws/src/execute/src/robot_command.py", line 63, in write_command
    for i in len(command_send):
TypeError: 'int' object is not iterable
] 
1619624721823 [Data from: [w]] 
1619624721823 [handle_key_command@Exception] [Traceback (most recent call last):
  File "/home/khoixx/dev_ros1_ws/src/execute/src/Robot.py", line 98, in handle_command
    self.set_speed([self._current_speed, self._current_speed])
  File "/home/khoixx/dev_ros1_ws/src/execute/src/robot_control.py", line 300, in set_speed
    self.__robot_serial.set_speed(speed_data)
  File "/home/khoixx/dev_ros1_ws/src/execute/src/robot_command.py", line 101, in set_speed
    self.write_command(command)
  File "/home/khoixx/dev_ros1_ws/src/execute/src/robot_command.py", line 63, in write_command
    for i in len(command_send):
TypeError: 'int' object is not iterable
] 
1619624721856 [Data from: [w]] 
1619624721856 [handle_key_command@Exception] [Traceback (most recent call last):
  File "/home/khoixx/dev_ros1_ws/src/execute/src/Robot.py", line 98, in handle_command
    self.set_speed([self._current_speed, self._current_speed])
  File "/home/khoixx/dev_ros1_ws/src/execute/src/robot_control.py", line 300, in set_speed
    self.__robot_serial.set_speed(speed_data)
  File "/home/khoixx/dev_ros1_ws/src/execute/src/robot_command.py", line 101, in set_speed
    self.write_command(command)
  File "/home/khoixx/dev_ros1_ws/src/execute/src/robot_command.py", line 63, in write_command
    for i in len(command_send):
TypeError: 'int' object is not iterable
] 
1619624721885 [Data from: [w]] 
1619624721885 [handle_key_command@Exception] [Traceback (most recent call last):
  File "/home/khoixx/dev_ros1_ws/src/execute/src/Robot.py", line 98, in handle_command
    self.set_speed([self._current_speed, self._current_speed])
  File "/home/khoixx/dev_ros1_ws/src/execute/src/robot_control.py", line 300, in set_speed
    self.__robot_serial.set_speed(speed_data)
  File "/home/khoixx/dev_ros1_ws/src/execute/src/robot_command.py", line 101, in set_speed
    self.write_command(command)
  File "/home/khoixx/dev_ros1_ws/src/execute/src/robot_command.py", line 63, in write_command
    for i in len(command_send):
TypeError: 'int' object is not iterable
] 
1619624721923 [Data from: [w]] 
1619624721924 [handle_key_command@Exception] [Traceback (most recent call last):
  File "/home/khoixx/dev_ros1_ws/src/execute/src/Robot.py", line 98, in handle_command
    self.set_speed([self._current_speed, self._current_speed])
  File "/home/khoixx/dev_ros1_ws/src/execute/src/robot_control.py", line 300, in set_speed
    self.__robot_serial.set_speed(speed_data)
  File "/home/khoixx/dev_ros1_ws/src/execute/src/robot_command.py", line 101, in set_speed
    self.write_command(command)
  File "/home/khoixx/dev_ros1_ws/src/execute/src/robot_command.py", line 63, in write_command
    for i in len(command_send):
TypeError: 'int' object is not iterable
] 
1619624721954 [Data from: [w]] 
1619624721954 [handle_key_command@Exception] [Traceback (most recent call last):
  File "/home/khoixx/dev_ros1_ws/src/execute/src/Robot.py", line 98, in handle_command
    self.set_speed([self._current_speed, self._current_speed])
  File "/home/khoixx/dev_ros1_ws/src/execute/src/robot_control.py", line 300, in set_speed
    self.__robot_serial.set_speed(speed_data)
  File "/home/khoixx/dev_ros1_ws/src/execute/src/robot_command.py", line 101, in set_speed
    self.write_command(command)
  File "/home/khoixx/dev_ros1_ws/src/execute/src/robot_command.py", line 63, in write_command
    for i in len(command_send):
TypeError: 'int' object is not iterable
] 
1619624721986 [Data from: [w]] 
1619624721987 [handle_key_command@Exception] [Traceback (most recent call last):
  File "/home/khoixx/dev_ros1_ws/src/execute/src/Robot.py", line 98, in handle_command
    self.set_speed([self._current_speed, self._current_speed])
  File "/home/khoixx/dev_ros1_ws/src/execute/src/robot_control.py", line 300, in set_speed
    self.__robot_serial.set_speed(speed_data)
  File "/home/khoixx/dev_ros1_ws/src/execute/src/robot_command.py", line 101, in set_speed
    self.write_command(command)
  File "/home/khoixx/dev_ros1_ws/src/execute/src/robot_command.py", line 63, in write_command
    for i in len(command_send):
TypeError: 'int' object is not iterable
] 
1619624722015 [Data from: [w]] 
1619624722016 [handle_key_command@Exception] [Traceback (most recent call last):
  File "/home/khoixx/dev_ros1_ws/src/execute/src/Robot.py", line 98, in handle_command
    self.set_speed([self._current_speed, self._current_speed])
  File "/home/khoixx/dev_ros1_ws/src/execute/src/robot_control.py", line 300, in set_speed
    self.__robot_serial.set_speed(speed_data)
  File "/home/khoixx/dev_ros1_ws/src/execute/src/robot_command.py", line 101, in set_speed
    self.write_command(command)
  File "/home/khoixx/dev_ros1_ws/src/execute/src/robot_command.py", line 63, in write_command
    for i in len(command_send):
TypeError: 'int' object is not iterable
] 
1619624722046 [Data from: [w]] 
1619624722046 [handle_key_command@Exception] [Traceback (most recent call last):
  File "/home/khoixx/dev_ros1_ws/src/execute/src/Robot.py", line 98, in handle_command
    self.set_speed([self._current_speed, self._current_speed])
  File "/home/khoixx/dev_ros1_ws/src/execute/src/robot_control.py", line 300, in set_speed
    self.__robot_serial.set_speed(speed_data)
  File "/home/khoixx/dev_ros1_ws/src/execute/src/robot_command.py", line 101, in set_speed
    self.write_command(command)
  File "/home/khoixx/dev_ros1_ws/src/execute/src/robot_command.py", line 63, in write_command
    for i in len(command_send):
TypeError: 'int' object is not iterable
] 
1619624722083 [Data from: [w]] 
1619624722084 [handle_key_command@Exception] [Traceback (most recent call last):
  File "/home/khoixx/dev_ros1_ws/src/execute/src/Robot.py", line 98, in handle_command
    self.set_speed([self._current_speed, self._current_speed])
  File "/home/khoixx/dev_ros1_ws/src/execute/src/robot_control.py", line 300, in set_speed
    self.__robot_serial.set_speed(speed_data)
  File "/home/khoixx/dev_ros1_ws/src/execute/src/robot_command.py", line 101, in set_speed
    self.write_command(command)
  File "/home/khoixx/dev_ros1_ws/src/execute/src/robot_command.py", line 63, in write_command
    for i in len(command_send):
TypeError: 'int' object is not iterable
] 
1619624722121 [Data from: [ ]] 
1619624722122 [handle_key_command@Exception] [Traceback (most recent call last):
  File "/home/khoixx/dev_ros1_ws/src/execute/src/Robot.py", line 92, in handle_command
    self.release_motor()
  File "/home/khoixx/dev_ros1_ws/src/execute/src/robot_control.py", line 206, in release_motor
    self.__robot_serial.set_stop()
  File "/home/khoixx/dev_ros1_ws/src/execute/src/robot_command.py", line 106, in set_stop
    self.write_command(command)
  File "/home/khoixx/dev_ros1_ws/src/execute/src/robot_command.py", line 63, in write_command
    for i in len(command_send):
TypeError: 'int' object is not iterable
] 
