1621984458396 [Opening serial port: /dev/ttyTHS1.] 
1621984458705 [The robot is connected to ] [/dev/ttyTHS1] 
1621984458705 [Initial robot's topic...] 
1621984458713 [Start initializing navigation] 
1621984458713 [Start initializing navigation topic] 
1621984458774 [Initialization navigation topic finished] 
1621984458783 [Initialization navigation finished] 
1621984458893 [Update odom] 
1621984458911 [vx:-0.00799953409777 vy:8.63378165601e-05 yaw:-3.11496291203] 
1621984458985 [Update odom] 
1621984458994 [vx:-0.00799894058228 vy:0.000130190480455 yaw:-3.10545892798] 
1621984459085 [Update odom] 
1621984459096 [vx:-0.0149959373324 vy:0.000349089561355 yaw:-3.09589453092] 
1621984459185 [Update odom] 
1621984459194 [vx:-0.00699720180779 vy:0.000197906192607 yaw:-3.08431462603] 
1621984459285 [Update odom] 
1621984459299 [vx:0.0 vy:-0.0 yaw:-3.07256105169] 
1621984459390 [Update odom] 
1621984459402 [vx:-0.00799406924801 vy:0.000307988405772 yaw:-3.06110020387] 
1621984459484 [Update odom] 
1621984459494 [vx:0.0 vy:-0.0 yaw:-3.05273469994] 
1621984459585 [Update odom] 
1621984459595 [vx:-0.014983940146 vy:0.000693929176229 yaw:-3.04192346439] 
1621984459628 [log_latest_command] [[ b y t e a r r a y ( b ' \ x a a \ x f f \ x a 0 \ x 0 2 I \ x 0 f \ x 0 e ' ) ]] 
1621984459684 [Update odom] 
1621984459695 [vx:-0.0222207630123 vy:0.00114025924794 yaw:-3.03088633266] 
1621984459785 [Update odom] 
1621984459800 [vx:-0.00798594708415 vy:0.000473971696494 yaw:-3.02192863022] 
1621984459884 [Update odom] 
1621984459894 [vx:-0.0149680542089 vy:0.000978444274615 yaw:-3.01311648095] 
1621984459991 [Update odom] 
1621984460002 [vx:-0.0221945999444 vy:0.00156915050588 yaw:-3.00145034408] 
1621984460084 [Update odom] 
1621984460094 [vx:-0.0231841613523 vy:0.00174847430397 yaw:-2.99374845025] 
1621984460185 [Update odom] 
1621984460194 [vx:-0.0142041026057 vy:0.00114279007973 yaw:-2.98361663518] 
1621984460285 [Update odom] 
1621984460300 [vx:-0.0141981899917 vy:0.00121404322752 yaw:-2.97198506269] 
1621984460393 [log_latest_command] [[ b y t e a r r a y ( b ' \ x a a \ x f f \ x a 0 \ x 0 2 I \ x 0 f \ x 0 e ' ) ]] 
1621984460394 [Update odom] 
1621984460421 [vx:-0.0141941562761 vy:0.00126032837388 yaw:-2.96138388216] 
1621984460484 [Update odom] 
1621984460499 [vx:-0.00696968379416 vy:0.000650774776274 yaw:-2.95200174958] 
1621984460585 [Update odom] 
1621984460594 [vx:-0.00696702182109 vy:0.000678680296223 yaw:-2.9439117398] 
1621984460685 [Update odom] 
1621984460694 [vx:-0.0231336019288 vy:0.00232356661198 yaw:-2.93266775871] 
1621984460785 [Update odom] 
1621984460798 [vx:-0.00795832878506 vy:0.00081547712957 yaw:-2.92087093823] 
1621984460885 [Update odom] 
1621984460899 [vx:-0.0149187642176 vy:0.00155899782582 yaw:-2.90624744898] 
1621984460984 [Update odom] 
1621984460994 [vx:-0.0149124635367 vy:0.00161815674988 yaw:-2.89689062195] 
1621984461085 [Update odom] 
1621984461094 [vx:-0.00794979380119 vy:0.000894862290271 yaw:-2.8855616998] 
1621984461185 [Update odom] 
1621984461194 [vx:-0.00794799010818 vy:0.000910743235125 yaw:-2.87376558752] 
1621984461285 [Update odom] 
1621984461299 [vx:0.0 vy:-0.0 yaw:-2.85965571883] 
1621984461384 [Update odom] 
1621984461394 [vx:0.0 vy:-0.0 yaw:-2.85000239806] 
1621984461485 [Update odom] 
1621984461494 [vx:0.00719864503458 vy:-0.000861399829438 yaw:-2.83591511353] 
1621984461585 [Update odom] 
1621984461594 [vx:0.0 vy:-0.0 yaw:-2.8233716562] 
1621984461685 [Update odom] 
1621984461699 [vx:0.0 vy:-0.0 yaw:-2.81108440945] 
1621984461784 [Update odom] 
1621984461794 [vx:0.0 vy:-0.0 yaw:-2.79939801112] 
1621984461885 [Update odom] 
1621984461899 [vx:-0.00793748618006 vy:0.000998154868407 yaw:-2.78353645937] 
1621984461984 [Update odom] 
1621984461994 [vx:-0.0148790197854 vy:0.00190125490836 yaw:-2.77274856148] 
1621984462085 [Update odom] 
1621984462099 [vx:0.0 vy:-0.0 yaw:-2.75847243643] 
1621984462184 [Update odom] 
1621984462194 [vx:0.0 vy:-0.0 yaw:-2.74806401865] 
1621984462285 [Update odom] 
1621984462296 [vx:-0.00694084870646 vy:0.000908085477297 yaw:-2.73384077095] 
1621984462385 [Update odom] 
1621984462399 [vx:0.0 vy:-0.0 yaw:-2.7187626318] 
1621984462485 [Update odom] 
1621984462494 [vx:0.0 vy:-0.0 yaw:-2.70983271997] 
1621984462585 [Update odom] 
1621984462594 [vx:0.0 vy:-0.0 yaw:-2.69703000106] 
1621984462685 [Update odom] 
1621984462697 [vx:0.0 vy:-0.0 yaw:-2.68555108136] 
1621984462784 [Update odom] 
1621984462794 [vx:-0.00792494341411 vy:0.00109328490486 yaw:-2.67059971211] 
1621984462885 [Update odom] 
1621984462898 [vx:0.0 vy:-0.0 yaw:-2.6585537964] 
1621984462986 [Update odom] 
1621984462999 [vx:0.0 vy:-0.0 yaw:-2.64317966627] 
1621984463085 [Update odom] 
1621984463094 [vx:-0.00791939555245 vy:0.0011327727415 yaw:-2.63397119391] 
1621984463184 [Update odom] 
1621984463194 [vx:0.0 vy:-0.0 yaw:-2.62162522028] 
1621984463285 [Update odom] 
1621984463294 [vx:0.0 vy:-0.0 yaw:-2.60858318767] 
1621984463385 [Update odom] 
1621984463399 [vx:0.0 vy:-0.0 yaw:-2.59351614192] 
1621984463485 [Update odom] 
1621984463499 [vx:0.0 vy:-0.0 yaw:-2.5794477904] 
1621984463585 [Update odom] 
1621984463594 [vx:0.0 vy:-0.0 yaw:-2.56808744197] 
1621984463691 [Update odom] 
1621984463702 [vx:-0.00791826013215 vy:0.00114068246224 yaw:-2.55081810072] 
1621984463784 [Update odom] 
1621984463794 [vx:0.0 vy:-0.0 yaw:-2.54032213461] 
1621984463885 [Update odom] 
1621984463894 [vx:0.0 vy:-0.0 yaw:-2.52893688118] 
1621984463985 [Update odom] 
1621984463994 [vx:0.0 vy:-0.0 yaw:-2.51469772942] 
1621984464085 [Update odom] 
1621984464094 [vx:0.0 vy:-0.0 yaw:-2.50038017647] 
1621984464185 [Update odom] 
1621984464199 [vx:0.0 vy:-0.0 yaw:-2.48608659524] 
1621984464285 [Update odom] 
1621984464298 [vx:0.0 vy:-0.0 yaw:-2.47198799513] 
1621984464385 [Update odom] 
1621984464394 [vx:0.0 vy:-0.0 yaw:-2.45671585005] 
1621984464485 [Update odom] 
1621984464494 [vx:0.0 vy:-0.0 yaw:-2.44765543826] 
1621984464585 [Update odom] 
1621984464594 [vx:0.0 vy:-0.0 yaw:-2.44041451199] 
