1621556281760 [Opening serial port: /dev/ttyTHS1.] 
1621556282087 [The robot is connected to ] [/dev/ttyTHS1] 
1621556282088 [Initial robot's topic...] 
1621556282118 [Start initializing navigation] 
1621556282118 [Start initializing navigation topic] 
1621556282315 [Initialization navigation topic finished] 
1621556282341 [Initialization navigation finished] 
1621556282466 [Update odom] 
1621556282482 [vx:0.0 vy:0.0 yaw:0.0] 
1621556282550 [Update odom] 
1621556282565 [vx:0.0 vy:0.0 yaw:0.0] 
1621556282651 [Update odom] 
1621556282664 [vx:0.0 vy:0.0 yaw:0.0] 
1621556282750 [Update odom] 
1621556282762 [vx:0.0 vy:0.0 yaw:0.0] 
1621556282850 [Update odom] 
1621556282863 [vx:0.0 vy:0.0 yaw:0.0] 
1621556282950 [Update odom] 
1621556282962 [vx:0.0 vy:0.0 yaw:0.0] 
1621556283050 [Update odom] 
1621556283063 [vx:0.0 vy:0.0 yaw:0.0] 
1621556283150 [Update odom] 
1621556283180 [vx:0.0 vy:0.0 yaw:0.0] 
1621556283250 [Update odom] 
1621556283262 [vx:0.0 vy:0.0 yaw:0.0] 
1621556283350 [Update odom] 
1621556283364 [vx:0.0 vy:0.0 yaw:0.0] 
1621556283451 [Update odom] 
1621556283468 [vx:0.0 vy:0.0 yaw:0.0] 
1621556283550 [Update odom] 
1621556283564 [vx:0.0 vy:0.0 yaw:0.0] 
1621556283650 [Update odom] 
1621556283698 [vx:0.0 vy:0.0 yaw:0.0] 
1621556283750 [Update odom] 
1621556283763 [vx:0.0 vy:0.0 yaw:0.0] 
1621556283850 [Update odom] 
1621556283862 [vx:0.0 vy:0.0 yaw:0.0] 
1621556283950 [Update odom] 
1621556283964 [vx:0.0 vy:0.0 yaw:0.0] 
1621556284050 [Update odom] 
1621556284062 [vx:0.0 vy:0.0 yaw:0.0] 
1621556284150 [Update odom] 
1621556284163 [vx:0.0 vy:0.0 yaw:0.0] 
1621556284251 [Update odom] 
1621556284269 [vx:0.0 vy:0.0 yaw:0.0] 
1621556284350 [Update odom] 
1621556284362 [vx:0.0 vy:0.0 yaw:0.0] 
1621556284450 [Update odom] 
1621556284464 [vx:0.0 vy:0.0 yaw:0.0] 
1621556284550 [Update odom] 
1621556284567 [vx:0.0 vy:0.0 yaw:0.0] 
1621556284650 [Update odom] 
1621556284662 [vx:0.0 vy:0.0 yaw:0.0] 
1621556284750 [Update odom] 
1621556284763 [vx:0.0 vy:0.0 yaw:0.0] 
1621556284850 [Update odom] 
1621556284863 [vx:0.0 vy:0.0 yaw:0.0] 
1621556284950 [Update odom] 
1621556284963 [vx:0.0 vy:0.0 yaw:0.0] 
1621556285050 [Update odom] 
1621556285070 [vx:0.0 vy:0.0 yaw:0.0] 
1621556285150 [Update odom] 
1621556285162 [vx:0.0 vy:0.0 yaw:0.0] 
1621556285250 [Update odom] 
1621556285263 [vx:0.0 vy:0.0 yaw:0.0] 
1621556285350 [Update odom] 
1621556285363 [vx:0.0 vy:0.0 yaw:0.0] 
1621556285450 [Update odom] 
1621556285463 [vx:0.0 vy:0.0 yaw:0.0] 
1621556285553 [Update odom] 
1621556285563 [vx:0.0 vy:0.0 yaw:0.0] 
1621556285650 [Update odom] 
1621556285663 [vx:0.0 vy:0.0 yaw:0.0] 
1621556285750 [Update odom] 
1621556285762 [vx:0.0 vy:0.0 yaw:0.0] 
1621556285851 [Update odom] 
1621556285863 [vx:0.0 vy:0.0 yaw:0.0] 
1621556285972 [Update odom] 
1621556285983 [vx:0.0 vy:0.0 yaw:0.0] 
1621556286050 [Update odom] 
1621556286066 [vx:0.0 vy:0.0 yaw:0.0] 
1621556286150 [Update odom] 
1621556286167 [vx:0.0 vy:0.0 yaw:0.0] 
1621556286250 [Update odom] 
1621556286263 [vx:0.0 vy:0.0 yaw:0.0] 
1621556286350 [Update odom] 
1621556286362 [vx:0.0 vy:0.0 yaw:0.0] 
1621556286450 [Update odom] 
1621556286462 [vx:0.0 vy:0.0 yaw:0.0] 
1621556286550 [Update odom] 
1621556286562 [vx:0.0 vy:0.0 yaw:0.0] 
1621556286650 [Update odom] 
1621556286665 [vx:0.0 vy:0.0 yaw:0.0] 
1621556286750 [Update odom] 
1621556286763 [vx:0.0 vy:0.0 yaw:0.0] 
1621556286850 [Update odom] 
1621556286863 [vx:0.0 vy:0.0 yaw:0.0] 
1621556286950 [Update odom] 
1621556286963 [vx:0.0 vy:0.0 yaw:0.0] 
1621556287050 [Update odom] 
1621556287066 [vx:0.0 vy:0.0 yaw:0.0] 
1621556287150 [Update odom] 
1621556287163 [vx:0.0 vy:0.0 yaw:0.0] 
1621556287250 [Update odom] 
1621556287262 [vx:0.0 vy:0.0 yaw:0.0] 
1621556287350 [Update odom] 
1621556287362 [vx:0.0 vy:0.0 yaw:0.0] 
1621556287450 [Update odom] 
1621556287463 [vx:0.0 vy:0.0 yaw:0.0] 
1621556287550 [Update odom] 
1621556287563 [vx:0.0 vy:0.0 yaw:0.0] 
1621556287650 [Update odom] 
1621556287670 [vx:0.0 vy:0.0 yaw:0.0] 
1621556287750 [Update odom] 
1621556287757 [vx:0.0 vy:0.0 yaw:0.0] 
1621556287850 [Update odom] 
1621556287863 [vx:0.0 vy:0.0 yaw:0.0] 
1621556287962 [Update odom] 
1621556287980 [vx:0.0 vy:0.0 yaw:0.0] 
1621556288053 [Update odom] 
1621556288070 [vx:0.0 vy:0.0 yaw:0.0] 
1621556288154 [Update odom] 
1621556288167 [vx:0.0 vy:0.0 yaw:0.0] 
1621556288250 [Update odom] 
1621556288262 [vx:0.0 vy:0.0 yaw:0.0] 
1621556288367 [Update odom] 
1621556288388 [vx:0.0 vy:0.0 yaw:0.0] 
1621556288450 [Update odom] 
1621556288468 [vx:0.0 vy:0.0 yaw:0.0] 
1621556288550 [Update odom] 
1621556288563 [vx:0.0 vy:0.0 yaw:0.0] 
1621556288650 [Update odom] 
1621556288671 [vx:0.0 vy:0.0 yaw:0.0] 
1621556288751 [Update odom] 
1621556288786 [vx:0.0 vy:0.0 yaw:0.0] 
1621556288850 [Update odom] 
1621556288874 [vx:0.0 vy:0.0 yaw:0.0] 
1621556288950 [Update odom] 
1621556288969 [vx:0.0 vy:0.0 yaw:0.0] 
1621556289050 [Update odom] 
1621556289063 [vx:0.0 vy:0.0 yaw:0.0] 
1621556289151 [Update odom] 
1621556289163 [vx:0.0 vy:0.0 yaw:0.0] 
1621556289250 [Update odom] 
1621556289262 [vx:0.0 vy:0.0 yaw:0.0] 
1621556289350 [Update odom] 
1621556289366 [vx:0.0 vy:0.0 yaw:0.0] 
1621556289456 [Update odom] 
1621556289466 [vx:0.0 vy:0.0 yaw:0.0] 
1621556289550 [Update odom] 
1621556289562 [vx:0.0 vy:0.0 yaw:0.0] 
1621556289651 [Update odom] 
1621556289662 [vx:0.0 vy:0.0 yaw:0.0] 
1621556289750 [Update odom] 
1621556289763 [vx:0.0 vy:0.0 yaw:0.0] 
1621556289850 [Update odom] 
1621556289863 [vx:0.0 vy:0.0 yaw:0.0] 
1621556289950 [Update odom] 
1621556289962 [vx:0.0 vy:0.0 yaw:0.0] 
1621556290053 [Update odom] 
1621556290066 [vx:0.0 vy:0.0 yaw:0.0] 
1621556290150 [Update odom] 
1621556290163 [vx:0.0 vy:0.0 yaw:0.0] 
1621556290250 [Update odom] 
1621556290263 [vx:0.0 vy:0.0 yaw:0.0] 
1621556290354 [Update odom] 
1621556290368 [vx:0.0 vy:0.0 yaw:0.0] 
1621556290450 [Update odom] 
1621556290463 [vx:0.0 vy:0.0 yaw:0.0] 
1621556290550 [Update odom] 
1621556290600 [vx:0.0 vy:0.0 yaw:0.0] 
1621556290650 [Update odom] 
1621556290663 [vx:0.0 vy:0.0 yaw:0.0] 
1621556290750 [Update odom] 
1621556290766 [vx:0.0 vy:0.0 yaw:0.0] 
1621556290850 [Update odom] 
1621556290871 [vx:0.0 vy:0.0 yaw:0.0] 
1621556290957 [Update odom] 
1621556290970 [vx:0.0 vy:0.0 yaw:0.0] 
1621556291050 [Update odom] 
1621556291064 [vx:0.0 vy:0.0 yaw:0.0] 
1621556291150 [Update odom] 
1621556291163 [vx:0.0 vy:0.0 yaw:0.0] 
1621556291251 [Update odom] 
1621556291262 [vx:0.0 vy:0.0 yaw:0.0] 
1621556291350 [Update odom] 
1621556291362 [vx:0.0 vy:0.0 yaw:0.0] 
1621556291450 [Update odom] 
1621556291462 [vx:0.0 vy:0.0 yaw:0.0] 
1621556291555 [Update odom] 
1621556291566 [vx:0.0 vy:0.0 yaw:0.0] 
1621556291657 [Update odom] 
1621556291670 [vx:0.0 vy:0.0 yaw:0.0] 
1621556291750 [Update odom] 
1621556291771 [vx:0.0 vy:0.0 yaw:0.0] 
1621556291850 [Update odom] 
1621556291864 [vx:0.0 vy:0.0 yaw:0.0] 
1621556291950 [Update odom] 
1621556291964 [vx:0.0 vy:0.0 yaw:0.0] 
1621556292051 [Update odom] 
1621556292064 [vx:0.0 vy:0.0 yaw:0.0] 
1621556292150 [Update odom] 
1621556292163 [vx:0.0 vy:0.0 yaw:0.0] 
1621556292250 [Update odom] 
1621556292275 [vx:0.0 vy:0.0 yaw:0.0] 
1621556292350 [Update odom] 
1621556292363 [vx:0.0 vy:0.0 yaw:0.0] 
1621556292451 [Update odom] 
1621556292464 [vx:0.0 vy:0.0 yaw:0.0] 
1621556292550 [Update odom] 
1621556292563 [vx:0.0 vy:0.0 yaw:0.0] 
1621556292652 [Update odom] 
1621556292662 [vx:0.0 vy:0.0 yaw:0.0] 
1621556292750 [Update odom] 
1621556292763 [vx:0.0 vy:0.0 yaw:0.0] 
1621556292851 [Update odom] 
1621556292869 [vx:0.0 vy:0.0 yaw:0.0] 
1621556292950 [Update odom] 
1621556292964 [vx:0.0 vy:0.0 yaw:0.0] 
1621556293055 [Update odom] 
1621556293066 [vx:0.0 vy:0.0 yaw:0.0] 
1621556293150 [Update odom] 
1621556293168 [vx:0.0 vy:0.0 yaw:0.0] 
1621556293254 [Update odom] 
1621556293272 [vx:0.0 vy:0.0 yaw:0.0] 
1621556293356 [Update odom] 
1621556293373 [vx:0.0 vy:0.0 yaw:0.0] 
1621556293451 [Update odom] 
1621556293463 [vx:0.0 vy:0.0 yaw:0.0] 
1621556293550 [Update odom] 
1621556293563 [vx:0.0 vy:0.0 yaw:0.0] 
1621556293650 [Update odom] 
1621556293668 [vx:0.0 vy:0.0 yaw:0.0] 
1621556293751 [Update odom] 
1621556293767 [vx:0.0 vy:0.0 yaw:0.0] 
1621556293850 [Update odom] 
1621556293862 [vx:0.0 vy:0.0 yaw:0.0] 
1621556293950 [Update odom] 
1621556293969 [vx:0.0 vy:0.0 yaw:0.0] 
1621556294050 [Update odom] 
1621556294063 [vx:0.0 vy:0.0 yaw:0.0] 
1621556294150 [Update odom] 
1621556294163 [vx:0.0 vy:0.0 yaw:0.0] 
1621556294253 [Update odom] 
1621556294266 [vx:0.0 vy:0.0 yaw:0.0] 
1621556294350 [Update odom] 
1621556294363 [vx:0.0 vy:0.0 yaw:0.0] 
1621556294450 [Update odom] 
1621556294466 [vx:0.0 vy:0.0 yaw:0.0] 
1621556294550 [Update odom] 
1621556294566 [vx:0.0 vy:0.0 yaw:0.0] 
1621556294650 [Update odom] 
1621556294667 [vx:0.0 vy:0.0 yaw:0.0] 
1621556294750 [Update odom] 
1621556294776 [vx:0.0 vy:0.0 yaw:0.0] 
1621556294850 [Update odom] 
1621556294866 [vx:0.0 vy:0.0 yaw:0.0] 
1621556294950 [Update odom] 
1621556294962 [vx:0.0 vy:0.0 yaw:0.0] 
1621556295050 [Update odom] 
1621556295062 [vx:0.0 vy:0.0 yaw:0.0] 
1621556295150 [Update odom] 
1621556295163 [vx:0.0 vy:0.0 yaw:0.0] 
1621556295250 [Update odom] 
1621556295262 [vx:0.0 vy:0.0 yaw:0.0] 
1621556295350 [Update odom] 
1621556295367 [vx:0.0 vy:0.0 yaw:0.0] 
1621556295452 [Update odom] 
1621556295462 [vx:0.0 vy:0.0 yaw:0.0] 
1621556295550 [Update odom] 
1621556295565 [vx:0.0 vy:0.0 yaw:0.0] 
1621556295650 [Update odom] 
1621556295663 [vx:0.0 vy:0.0 yaw:0.0] 
1621556295750 [Update odom] 
1621556295763 [vx:0.0 vy:0.0 yaw:0.0] 
1621556295850 [Update odom] 
1621556295863 [vx:0.0 vy:0.0 yaw:0.0] 
1621556295950 [Update odom] 
1621556295963 [vx:0.0 vy:0.0 yaw:0.0] 
1621556296050 [Update odom] 
1621556296063 [vx:0.0 vy:0.0 yaw:0.0] 
1621556296150 [Update odom] 
1621556296165 [vx:0.0 vy:0.0 yaw:0.0] 
1621556296250 [Update odom] 
1621556296263 [vx:0.0 vy:0.0 yaw:0.0] 
1621556296350 [Update odom] 
1621556296362 [vx:0.0 vy:0.0 yaw:0.0] 
1621556296450 [Update odom] 
1621556296463 [vx:0.0 vy:0.0 yaw:0.0] 
1621556296550 [Update odom] 
1621556296564 [vx:0.0 vy:0.0 yaw:0.0] 
1621556296650 [Update odom] 
1621556296664 [vx:0.0 vy:0.0 yaw:0.0] 
1621556296750 [Update odom] 
1621556296763 [vx:0.0 vy:0.0 yaw:0.0] 
1621556296850 [Update odom] 
1621556296862 [vx:0.0 vy:0.0 yaw:0.0] 
1621556296950 [Update odom] 
1621556296963 [vx:0.0 vy:0.0 yaw:0.0] 
1621556297054 [Update odom] 
1621556297067 [vx:0.0 vy:0.0 yaw:0.0] 
1621556297150 [Update odom] 
1621556297166 [vx:0.0 vy:0.0 yaw:0.0] 
1621556297250 [Update odom] 
1621556297263 [vx:0.0 vy:0.0 yaw:0.0] 
1621556297350 [Update odom] 
1621556297363 [vx:0.0 vy:0.0 yaw:0.0] 
1621556297450 [Update odom] 
1621556297463 [vx:0.0 vy:0.0 yaw:0.0] 
1621556297550 [Update odom] 
1621556297563 [vx:0.0 vy:0.0 yaw:0.0] 
1621556297650 [Update odom] 
1621556297663 [vx:0.0 vy:0.0 yaw:0.0] 
1621556297750 [Update odom] 
1621556297763 [vx:0.0 vy:0.0 yaw:0.0] 
1621556297850 [Update odom] 
1621556297862 [vx:0.0 vy:0.0 yaw:0.0] 
