1621988551804 [Opening serial port: /dev/ttyTHS1.] 
1621988552109 [The robot is connected to ] [/dev/ttyTHS1] 
1621988552109 [Initial robot's topic...] 
1621989179236 [log_latest_command] [[ b y t e a r r a y ( b ' \ x a a \ x f f \ x a 2 \ x 9 0 \ x 0 1 \ x 0 0 \ x d 0 \ x 0 7 \ x 0 0 \ x 0 3 \ x b 3 \ x 0 f \ x 0 e ' ) ]] 
1621989179595 [log_latest_command] [[ b y t e a r r a y ( b ' \ x a a \ x f f \ x a 5 \ x 0 2 N \ x 0 f \ x 0 e ' ) ]] 
1621989181310 [log_latest_command] [[ b y t e a r r a y ( b ' \ x a a \ x f f \ x a 2 \ x d 0 \ x 0 7 \ x 0 0 \ x 9 0 \ x 0 1 \ x 0 0 \ x 0 3 \ x b 3 \ x 0 f \ x 0 e ' ) ]] 
1621989181521 [log_latest_command] [[ b y t e a r r a y ( b ' \ x a a \ x f f \ x a 2 \ x 9 0 \ x 0 1 \ x 0 0 \ x d 0 \ x 0 7 \ x 0 0 \ x 0 3 \ x b 3 \ x 0 f \ x 0 e ' ) ]] 
1621989181714 [log_latest_command] [[ b y t e a r r a y ( b ' \ x a a \ x f f \ x a 2 \ x d 0 \ x 0 7 \ x 0 0 \ x 9 0 \ x 0 1 \ x 0 0 \ x 0 3 \ x b 3 \ x 0 f \ x 0 e ' ) ]] 
1621989184717 [log_latest_command] [[ b y t e a r r a y ( b ' \ x a a \ x f f \ x a 2 \ x d 0 \ x 0 7 \ x 0 0 \ x 9 0 \ x 0 1 \ x 0 0 \ x 0 3 \ x b 3 \ x 0 f \ x 0 e ' ) ]] 
1621989186060 [log_latest_command] [[ b y t e a r r a y ( b ' \ x a a \ x f f \ x a 5 \ x 0 2 N \ x 0 f \ x 0 e ' ) ]] 
1621989188194 [log_latest_command] [[ b y t e a r r a y ( b ' \ x a a \ x f f \ x a 2 \ x d 0 \ x 0 7 \ x 0 0 \ x 9 0 \ x 0 1 \ x 0 0 \ x 0 3 \ x b 3 \ x 0 f \ x 0 e ' ) ]] 
1621989188195 [Saving map...] 
1621989203319 [Save map failed...] 
1621989218487 [Saving map...] 
1621989233610 [Save map failed...] 
1621989248717 [Saving map...] 
1621989263794 [Save map failed...] 
1621989278897 [log_latest_command] [[ b y t e a r r a y ( b ' \ x a a \ x f f \ x a 2 \ x 9 0 \ x 0 1 \ x 0 0 \ x d 0 \ x 0 7 \ x 0 0 \ x 0 3 \ x b 3 \ x 0 f \ x 0 e ' ) ]] 
1621989278897 [Saving map...] 
1621989294023 [Save map failed...] 
1621989309157 [log_latest_command] [[ b y t e a r r a y ( b ' \ x a a \ x f f \ x a 2 \ x 9 0 \ x 0 1 \ x 0 0 \ x d 0 \ x 0 7 \ x 0 0 \ x 0 3 \ x b 3 \ x 0 f \ x 0 e ' ) ]] 
1621989309181 [log_latest_command] [[ b y t e a r r a y ( b ' \ x a a \ x f f \ x a 2 \ x 9 0 \ x 0 1 \ x 0 0 \ x d 0 \ x 0 7 \ x 0 0 \ x 0 3 \ x b 3 \ x 0 f \ x 0 e ' ) ]] 
1621989309205 [log_latest_command] [[ b y t e a r r a y ( b ' \ x a a \ x f f \ x a 2 \ x 9 0 \ x 0 1 \ x 0 0 \ x d 0 \ x 0 7 \ x 0 0 \ x 0 3 \ x b 3 \ x 0 f \ x 0 e ' ) ]] 
1621989309235 [log_latest_command] [[ b y t e a r r a y ( b ' \ x a a \ x f f \ x a 2 \ x d 0 \ x 0 7 \ x 0 0 \ x 9 0 \ x 0 1 \ x 0 0 \ x 0 3 \ x b 3 \ x 0 f \ x 0 e ' ) ]] 
1621989309281 [log_latest_command] [[ b y t e a r r a y ( b ' \ x a a \ x f f \ x a 5 \ x 0 2 N \ x 0 f \ x 0 e ' ) ]] 
1621989309294 [log_latest_command] [[ b y t e a r r a y ( b ' \ x a a \ x f f \ x a 2 \ x d 0 \ x 0 7 \ x 0 0 \ x 9 0 \ x 0 1 \ x 0 0 \ x 0 3 \ x b 3 \ x 0 f \ x 0 e ' ) ]] 
1621989309353 [log_latest_command] [[ b y t e a r r a y ( b ' \ x a a \ x f f \ x a 5 \ x 0 2 N \ x 0 f \ x 0 e ' ) ]] 
1621989309378 [log_latest_command] [[ b y t e a r r a y ( b ' \ x a a \ x f f \ x a 2 \ x d 0 \ x 0 7 \ x f f \ x d 0 \ x 0 7 \ x f f \ x 0 5 \ x f 7 \ x 0 f \ x 0 e ' ) ]] 
1621989309413 [log_latest_command] [[ b y t e a r r a y ( b ' \ x a a \ x f f \ x a 2 \ x 9 0 \ x 0 1 \ x f f \ x d 0 \ x 0 7 \ x f f \ x 0 5 \ x b 1 \ x 0 f \ x 0 e ' ) ]] 
1621989309437 [log_latest_command] [[ b y t e a r r a y ( b ' \ x a a \ x f f \ x a 2 \ x d 0 \ x 0 7 \ x f f \ x d 0 \ x 0 7 \ x f f \ x 0 5 \ x f 7 \ x 0 f \ x 0 e ' ) ]] 
1621989309461 [log_latest_command] [[ b y t e a r r a y ( b ' \ x a a \ x f f \ x a 2 \ x 9 0 \ x 0 1 \ x f f \ x d 0 \ x 0 7 \ x f f \ x 0 5 \ x b 1 \ x 0 f \ x 0 e ' ) ]] 
1621989309473 [log_latest_command] [[ b y t e a r r a y ( b ' \ x a a \ x f f \ x a 2 \ x 9 0 \ x 0 1 \ x f f \ x d 0 \ x 0 7 \ x f f \ x 0 5 \ x b 1 \ x 0 f \ x 0 e ' ) ]] 
1621989309497 [log_latest_command] [[ b y t e a r r a y ( b ' \ x a a \ x f f \ x a 2 \ x d 0 \ x 0 7 \ x f f \ x d 0 \ x 0 7 \ x f f \ x 0 5 \ x f 7 \ x 0 f \ x 0 e ' ) ]] 
1621989309521 [log_latest_command] [[ b y t e a r r a y ( b ' \ x a a \ x f f \ x a 2 \ x d 0 \ x 0 7 \ x f f \ x d 0 \ x 0 7 \ x f f \ x 0 5 \ x f 7 \ x 0 f \ x 0 e ' ) ]] 
1621989345450 [log_latest_command] [[ b y t e a r r a y ( b ' \ x a a \ x f f \ x a 2 \ x 9 0 \ x 0 1 \ x f f \ x d 0 \ x 0 7 \ x f f \ x 0 5 \ x b 1 \ x 0 f \ x 0 e ' ) ]] 
1621989350009 [log_latest_command] [[ b y t e a r r a y ( b ' \ x a a \ x f f \ x a 2 \ x d 0 \ x 0 7 \ x f f \ x d 0 \ x 0 7 \ x f f \ x 0 5 \ x f 7 \ x 0 f \ x 0 e ' ) ]] 
