1623062128314 [Opening serial port: /dev/ttyTHS1.] 
1623062128620 [The robot is connected to ] [/dev/ttyTHS1] 
1623062128620 [Initial robot's topic...] 
1623062128626 [Start initializing navigation] 
1623062128626 [Start initializing navigation topic] 
1623062128752 [Initialization navigation topic finished] 
1623062128759 [Initialization navigation finished] 
1623062128795 [vl:0.0 vr:0.0 yaw:0.0] 
1623062128820 [vl:0.0 vr:0.0 yaw:0.0] 
1623062128840 [vl:0.0 vr:0.0 yaw:0.0] 
1623062128860 [vl:0.0 vr:0.0 yaw:0.0] 
1623062128880 [vl:0.0 vr:0.0 yaw:0.0] 
1623062128901 [vl:0.0 vr:0.0 yaw:0.0] 
1623062128920 [vl:0.0 vr:0.0 yaw:0.0] 
1623062128940 [vl:0.0 vr:0.0 yaw:0.0] 
1623062128960 [vl:0.0 vr:0.0 yaw:0.0] 
1623062128980 [vl:0.0 vr:0.0 yaw:0.0] 
1623062129000 [vl:0.0 vr:0.0 yaw:0.0] 
1623062129020 [vl:0.0 vr:0.0 yaw:0.0] 
1623062129040 [vl:0.0 vr:0.0 yaw:0.0] 
1623062129060 [vl:0.0 vr:0.0 yaw:0.0] 
1623062129080 [vl:0.0 vr:0.0 yaw:0.0] 
1623062129100 [vl:0.0 vr:0.0 yaw:0.0] 
1623062129120 [vl:0.0 vr:0.0 yaw:0.0] 
1623062129140 [vl:0.0 vr:0.0 yaw:0.0] 
1623062129160 [vl:0.0 vr:0.0 yaw:0.0] 
1623062129180 [vl:0.0 vr:0.0 yaw:0.0] 
1623062129201 [vl:0.0 vr:0.0 yaw:0.0] 
1623062129220 [vl:0.0 vr:0.0 yaw:0.0] 
1623062129239 [vl:0.0 vr:0.0 yaw:0.0] 
1623062129260 [vl:0.0 vr:0.0 yaw:0.0] 
1623062129283 [vl:0.0 vr:0.0 yaw:0.0] 
1623062129300 [vl:0.0 vr:0.0 yaw:0.0] 
1623062129320 [vl:0.0 vr:0.0 yaw:0.0] 
1623062129340 [vl:0.0 vr:0.0 yaw:0.0] 
1623062129366 [vl:0.0 vr:0.0 yaw:0.0] 
1623062129382 [vl:0.0 vr:0.0 yaw:0.0] 
1623062129400 [vl:0.0 vr:0.0 yaw:0.0] 
1623062129421 [vl:0.0 vr:0.0 yaw:0.0] 
1623062129442 [vl:0.0 vr:0.0 yaw:0.0] 
1623062129460 [vl:0.0 vr:0.0 yaw:0.0] 
1623062129480 [vl:0.0 vr:0.0 yaw:0.0] 
1623062129503 [vl:0.0 vr:0.0 yaw:0.0] 
1623062129520 [vl:0.0 vr:0.0 yaw:0.0] 
1623062129540 [vl:0.0 vr:0.0 yaw:0.0] 
1623062129560 [vl:0.0 vr:0.0 yaw:0.0] 
1623062129585 [vl:0.0 vr:0.0 yaw:0.0] 
1623062129605 [vl:0.0 vr:0.0 yaw:0.0] 
1623062129620 [vl:0.0 vr:0.0 yaw:0.0] 
1623062129640 [vl:0.0 vr:0.0 yaw:0.0] 
1623062129660 [vl:0.0 vr:0.0 yaw:0.0] 
1623062129684 [vl:0.0 vr:0.0 yaw:0.0] 
1623062129702 [vl:0.0 vr:0.0 yaw:0.0] 
1623062129720 [vl:0.0 vr:0.0 yaw:0.0] 
1623062129740 [vl:0.0 vr:0.0 yaw:0.0] 
1623062129760 [vl:0.0 vr:0.0 yaw:0.0] 
1623062129797 [vl:0.0 vr:0.0 yaw:0.0] 
1623062129808 [vl:0.0 vr:0.0 yaw:0.0] 
1623062129820 [vl:0.0 vr:0.0 yaw:0.0] 
1623062129840 [vl:0.0 vr:0.0 yaw:0.0] 
1623062129860 [vl:0.0 vr:0.0 yaw:0.0] 
1623062129880 [vl:0.0 vr:0.0 yaw:0.0] 
1623062129900 [vl:0.0 vr:0.0 yaw:0.0] 
1623062129920 [vl:0.0 vr:0.0 yaw:0.0] 
1623062129940 [vl:0.0 vr:0.0 yaw:0.0] 
1623062129960 [vl:0.0 vr:0.0 yaw:0.0] 
1623062129980 [vl:0.0 vr:0.0 yaw:0.0] 
1623062130000 [vl:0.0 vr:0.0 yaw:0.0] 
1623062130020 [vl:0.0 vr:0.0 yaw:0.0] 
1623062130041 [vl:0.0 vr:0.0 yaw:0.0] 
1623062130060 [vl:0.0 vr:0.0 yaw:0.0] 
1623062130080 [vl:0.0 vr:0.0 yaw:0.0] 
1623062130100 [vl:0.0 vr:0.0 yaw:0.0] 
1623062130120 [vl:0.0 vr:0.0 yaw:0.0] 
1623062130148 [vl:0.0 vr:0.0 yaw:0.0] 
1623062130160 [vl:0.0 vr:0.0 yaw:0.0] 
1623062130180 [vl:0.0 vr:0.0 yaw:0.0] 
1623062130200 [vl:0.0 vr:0.0 yaw:0.0] 
1623062130220 [vl:0.0 vr:0.0 yaw:0.0] 
1623062130240 [vl:0.0 vr:0.0 yaw:0.0] 
1623062130259 [vl:0.0 vr:0.0 yaw:0.0] 
1623062130284 [vl:0.0 vr:0.0 yaw:0.0] 
1623062130305 [vl:0.0 vr:0.0 yaw:0.0] 
1623062130319 [vl:0.0 vr:0.0 yaw:0.0] 
1623062130340 [vl:0.0 vr:0.0 yaw:0.0] 
1623062130360 [vl:0.0 vr:0.0 yaw:0.0] 
1623062130380 [vl:0.0 vr:0.0 yaw:0.0] 
1623062130400 [vl:0.0 vr:0.0 yaw:0.0] 
1623062130420 [vl:0.0 vr:0.0 yaw:0.0] 
1623062130440 [vl:0.0 vr:0.0 yaw:0.0] 
1623062130460 [vl:0.0 vr:0.0 yaw:0.0] 
1623062130480 [vl:0.0 vr:0.0 yaw:0.0] 
1623062130504 [vl:0.0 vr:0.0 yaw:0.0] 
1623062130520 [vl:0.0 vr:0.0 yaw:0.0] 
1623062130540 [vl:0.0 vr:0.0 yaw:0.0] 
1623062130560 [vl:0.0 vr:0.0 yaw:0.0] 
1623062130580 [vl:0.0 vr:0.0 yaw:0.0] 
1623062130600 [vl:0.0 vr:0.0 yaw:0.0] 
1623062130620 [vl:0.0 vr:0.0 yaw:0.0] 
1623062130640 [vl:0.0 vr:0.0 yaw:0.0] 
1623062130660 [vl:0.0 vr:0.0 yaw:0.0] 
1623062130680 [vl:0.0 vr:0.0 yaw:0.0] 
1623062130700 [vl:0.0 vr:0.0 yaw:0.0] 
1623062130720 [vl:0.0 vr:0.0 yaw:0.0] 
1623062130740 [vl:0.0 vr:0.0 yaw:0.0] 
1623062130764 [vl:0.0 vr:0.0 yaw:0.0] 
1623062130780 [vl:0.0 vr:0.0 yaw:0.0] 
1623062130800 [vl:0.0 vr:0.0 yaw:0.0] 
1623062130820 [vl:0.0 vr:0.0 yaw:0.0] 
1623062130844 [vl:0.0 vr:0.0 yaw:0.0] 
1623062130860 [vl:0.0 vr:0.0 yaw:0.0] 
1623062130880 [vl:0.0 vr:0.0 yaw:0.0] 
1623062130900 [vl:0.0 vr:0.0 yaw:0.0] 
1623062130922 [vl:0.0 vr:0.0 yaw:0.0] 
1623062130944 [vl:0.0 vr:0.0 yaw:0.0] 
1623062130960 [vl:0.0 vr:0.0 yaw:0.0] 
1623062130980 [vl:0.0 vr:0.0 yaw:0.0] 
1623062131000 [vl:0.0 vr:0.0 yaw:0.0] 
1623062131020 [vl:0.0 vr:0.0 yaw:0.0] 
1623062131044 [vl:0.0 vr:0.0 yaw:0.0] 
1623062131065 [vl:0.0 vr:0.0 yaw:0.0] 
1623062131080 [vl:0.0 vr:0.0 yaw:0.0] 
1623062131100 [vl:0.0 vr:0.0 yaw:0.0] 
1623062131120 [vl:0.0 vr:0.0 yaw:0.0] 
1623062131140 [vl:0.0 vr:0.0 yaw:0.0] 
1623062131160 [vl:0.0 vr:0.0 yaw:0.0] 
1623062131180 [vl:0.0 vr:0.0 yaw:0.0] 
1623062131200 [vl:0.0 vr:0.0 yaw:0.0] 
1623062131220 [vl:0.0 vr:0.0 yaw:0.0] 
1623062131240 [vl:0.0 vr:0.0 yaw:0.0] 
1623062131260 [vl:0.0 vr:0.0 yaw:0.0] 
1623062131280 [vl:0.0 vr:0.0 yaw:0.0] 
1623062131300 [vl:0.0 vr:0.0 yaw:0.0] 
1623062131320 [vl:0.0 vr:0.0 yaw:0.0] 
1623062131340 [vl:0.0 vr:0.0 yaw:0.0] 
1623062131360 [vl:0.0 vr:0.0 yaw:0.0] 
1623062131380 [vl:0.0 vr:0.0 yaw:0.0] 
1623062131400 [vl:0.0 vr:0.0 yaw:0.0] 
1623062131420 [vl:0.0 vr:0.0 yaw:0.0] 
1623062131440 [vl:0.0 vr:0.0 yaw:0.0] 
1623062131460 [vl:0.0 vr:0.0 yaw:0.0] 
1623062131480 [vl:0.0 vr:0.0 yaw:0.0] 
1623062131500 [vl:0.0 vr:0.0 yaw:0.0] 
1623062131520 [vl:0.0 vr:0.0 yaw:0.0] 
1623062131541 [vl:0.0 vr:0.0 yaw:0.0] 
1623062131560 [vl:0.0 vr:0.0 yaw:0.0] 
1623062131583 [vl:0.0 vr:0.0 yaw:0.0] 
1623062131600 [vl:0.0 vr:0.0 yaw:0.0] 
1623062131620 [vl:0.0 vr:0.0 yaw:0.0] 
1623062131643 [vl:0.0 vr:0.0 yaw:0.0] 
1623062131660 [vl:0.0 vr:0.0 yaw:0.0] 
1623062131684 [vl:0.0 vr:0.0 yaw:0.0] 
1623062131700 [vl:0.0 vr:0.0 yaw:0.0] 
1623062131721 [vl:0.0 vr:0.0 yaw:0.0] 
1623062131744 [vl:0.0 vr:0.0 yaw:0.0] 
1623062131760 [vl:0.0 vr:0.0 yaw:0.0] 
1623062131780 [vl:0.0 vr:0.0 yaw:0.0] 
1623062131800 [vl:0.0 vr:0.0 yaw:0.0] 
1623062131820 [vl:0.0 vr:0.0 yaw:0.0] 
1623062131841 [vl:0.0 vr:0.0 yaw:0.0] 
1623062131860 [vl:0.0 vr:0.0 yaw:0.0] 
1623062131880 [vl:0.0 vr:0.0 yaw:0.0] 
1623062131900 [vl:0.0 vr:0.0 yaw:0.0] 
1623062131920 [vl:0.0 vr:0.0 yaw:0.0] 
1623062131941 [vl:0.0 vr:0.0 yaw:0.0] 
1623062131963 [vl:0.0 vr:0.0 yaw:0.0] 
1623062131980 [vl:0.0 vr:0.0 yaw:0.0] 
1623062132002 [vl:0.0 vr:0.0 yaw:0.0] 
1623062132020 [vl:0.0 vr:0.0 yaw:0.0] 
1623062132040 [vl:0.0 vr:0.0 yaw:0.0] 
1623062132060 [vl:0.0 vr:0.0 yaw:0.0] 
1623062132089 [vl:0.0 vr:0.0 yaw:0.0] 
1623062132102 [vl:0.0 vr:0.0 yaw:0.0] 
1623062132125 [vl:0.0 vr:0.0 yaw:0.0] 
1623062132140 [vl:0.0 vr:0.0 yaw:0.0] 
1623062132161 [vl:0.0 vr:0.0 yaw:0.0] 
1623062132182 [vl:0.0 vr:0.0 yaw:0.0] 
1623062132200 [vl:0.0 vr:0.0 yaw:0.0] 
1623062132220 [vl:0.0 vr:0.0 yaw:0.0] 
1623062132240 [vl:0.0 vr:0.0 yaw:0.0] 
1623062132260 [vl:0.0 vr:0.0 yaw:0.0] 
1623062132281 [vl:0.0 vr:0.0 yaw:0.0] 
1623062132299 [vl:0.0 vr:0.0 yaw:0.0] 
1623062132320 [vl:0.0 vr:0.0 yaw:0.0] 
1623062132340 [vl:0.0 vr:0.0 yaw:0.0] 
1623062132360 [vl:0.0 vr:0.0 yaw:0.0] 
1623062132381 [vl:0.0 vr:0.0 yaw:0.0] 
1623062132401 [vl:0.0 vr:0.0 yaw:0.0] 
1623062132420 [vl:0.0 vr:0.0 yaw:0.0] 
1623062132440 [vl:0.0 vr:0.0 yaw:0.0] 
1623062132460 [vl:0.0 vr:0.0 yaw:0.0] 
1623062132480 [vl:0.0 vr:0.0 yaw:0.0] 
1623062132505 [vl:0.0 vr:0.0 yaw:0.0] 
1623062132520 [vl:0.0 vr:0.0 yaw:0.0] 
1623062132545 [vl:0.0 vr:0.0 yaw:0.0] 
1623062132566 [vl:0.0 vr:0.0 yaw:0.0] 
1623062132580 [vl:0.0 vr:0.0 yaw:0.0] 
1623062132600 [vl:0.0 vr:0.0 yaw:0.0] 
1623062132620 [vl:0.0 vr:0.0 yaw:0.0] 
1623062132640 [vl:0.0 vr:0.0 yaw:0.0] 
1623062132660 [vl:0.0 vr:0.0 yaw:0.0] 
1623062132680 [vl:0.0 vr:0.0 yaw:0.0] 
1623062132700 [vl:0.0 vr:0.0 yaw:0.0] 
1623062132729 [vl:0.0 vr:0.0 yaw:0.0] 
1623062132740 [vl:0.0 vr:0.0 yaw:0.0] 
1623062132760 [vl:0.0 vr:0.0 yaw:0.0] 
1623062132780 [vl:0.0 vr:0.0 yaw:0.0] 
1623062132800 [vl:0.0 vr:0.0 yaw:0.0] 
1623062132820 [vl:0.0 vr:0.0 yaw:0.0] 
1623062132844 [vl:0.0 vr:0.0 yaw:0.0] 
1623062132865 [vl:0.0 vr:0.0 yaw:0.0] 
1623062132885 [vl:0.0 vr:0.0 yaw:0.0] 
1623062132900 [vl:0.0 vr:0.0 yaw:0.0] 
1623062132920 [vl:0.0 vr:0.0 yaw:0.0] 
1623062132942 [vl:0.0 vr:0.0 yaw:0.0] 
1623062132960 [vl:0.0 vr:0.0 yaw:0.0] 
1623062132984 [vl:0.0 vr:0.0 yaw:0.0] 
1623062133000 [vl:0.0 vr:0.0 yaw:0.0] 
1623062133020 [vl:0.0 vr:0.0 yaw:0.0] 
1623062133040 [vl:0.0 vr:0.0 yaw:0.0] 
1623062133060 [vl:0.0 vr:0.0 yaw:0.0] 
1623062133080 [vl:0.0 vr:0.0 yaw:0.0] 
1623062133100 [vl:0.0 vr:0.0 yaw:0.0] 
1623062133120 [vl:0.0 vr:0.0 yaw:0.0] 
1623062133153 [vl:0.0 vr:0.0 yaw:0.0] 
1623062133166 [vl:0.0 vr:0.0 yaw:0.0] 
1623062133181 [vl:0.0 vr:0.0 yaw:0.0] 
1623062133207 [vl:0.0 vr:0.0 yaw:0.0] 
1623062133220 [vl:0.0 vr:0.0 yaw:0.0] 
1623062133240 [vl:0.0 vr:0.0 yaw:0.0] 
1623062133260 [vl:0.0 vr:0.0 yaw:0.0] 
1623062133280 [vl:0.0 vr:0.0 yaw:0.0] 
1623062133300 [vl:0.0 vr:0.0 yaw:0.0] 
1623062133320 [vl:0.0 vr:0.0 yaw:0.0] 
1623062133342 [vl:0.0 vr:0.0 yaw:0.0] 
1623062133360 [vl:0.0 vr:0.0 yaw:0.0] 
1623062133380 [vl:0.0 vr:0.0 yaw:0.0] 
1623062133409 [vl:0.0 vr:0.0 yaw:0.0] 
1623062133424 [vl:0.0 vr:0.0 yaw:0.0] 
1623062133440 [vl:0.0 vr:0.0 yaw:0.0] 
1623062133460 [vl:0.0 vr:0.0 yaw:0.0] 
1623062133480 [vl:0.0 vr:0.0 yaw:0.0] 
1623062133500 [vl:0.0 vr:0.0 yaw:0.0] 
1623062133520 [vl:0.0 vr:0.0 yaw:0.0] 
1623062133540 [vl:0.0 vr:0.0 yaw:0.0] 
1623062133560 [vl:0.0 vr:0.0 yaw:0.0] 
1623062133580 [vl:0.0 vr:0.0 yaw:0.0] 
1623062133606 [vl:0.0 vr:0.0 yaw:0.0] 
1623062133626 [vl:0.0 vr:0.0 yaw:0.0] 
1623062133640 [vl:0.0 vr:0.0 yaw:0.0] 
1623062133652 [vl:0.0 vr:0.0 yaw:0.0] 
1623062133680 [vl:0.0 vr:0.0 yaw:0.0] 
1623062133701 [vl:0.0 vr:0.0 yaw:0.0] 
1623062133720 [vl:0.0 vr:0.0 yaw:0.0] 
1623062133741 [vl:0.0 vr:0.0 yaw:0.0] 
1623062133760 [vl:0.0 vr:0.0 yaw:0.0] 
1623062133780 [vl:0.0 vr:0.0 yaw:0.0] 
1623062133810 [vl:0.0 vr:0.0 yaw:0.0] 
1623062133826 [vl:0.0 vr:0.0 yaw:0.0] 
1623062133841 [vl:0.0 vr:0.0 yaw:0.0] 
1623062133860 [vl:0.0 vr:0.0 yaw:0.0] 
1623062133880 [vl:0.0 vr:0.0 yaw:0.0] 
1623062133900 [vl:0.0 vr:0.0 yaw:0.0] 
1623062133920 [vl:0.0 vr:0.0 yaw:0.0] 
1623062133940 [vl:0.0 vr:0.0 yaw:0.0] 
1623062133960 [vl:0.0 vr:0.0 yaw:0.0] 
1623062133980 [vl:0.0 vr:0.0 yaw:0.0] 
1623062134000 [vl:0.0 vr:0.0 yaw:0.0] 
1623062134020 [vl:0.0 vr:0.0 yaw:0.0] 
1623062134041 [vl:0.0 vr:0.0 yaw:0.0] 
1623062134061 [vl:0.0 vr:0.0 yaw:0.0] 
1623062134081 [vl:0.0 vr:0.0 yaw:0.0] 
1623062134100 [vl:0.0 vr:0.0 yaw:0.0] 
1623062134120 [vl:0.0 vr:0.0 yaw:0.0] 
1623062134140 [vl:0.0 vr:0.0 yaw:0.0] 
1623062134160 [vl:0.0 vr:0.0 yaw:0.0] 
1623062134179 [vl:0.0 vr:0.0 yaw:0.0] 
1623062134200 [vl:0.0 vr:0.0 yaw:0.0] 
1623062134220 [vl:0.0 vr:0.0 yaw:0.0] 
1623062134240 [vl:0.0 vr:0.0 yaw:0.0] 
1623062134260 [vl:0.0 vr:0.0 yaw:0.0] 
1623062134280 [vl:0.0 vr:0.0 yaw:0.0] 
1623062134300 [vl:0.0 vr:0.0 yaw:0.0] 
1623062134320 [vl:0.0 vr:0.0 yaw:0.0] 
1623062134341 [vl:0.0 vr:0.0 yaw:0.0] 
1623062134360 [vl:0.0 vr:0.0 yaw:0.0] 
1623062134380 [vl:0.0 vr:0.0 yaw:0.0] 
1623062134400 [vl:0.0 vr:0.0 yaw:0.0] 
1623062134420 [vl:0.0 vr:0.0 yaw:0.0] 
1623062134440 [vl:0.0 vr:0.0 yaw:0.0] 
1623062134461 [vl:0.0 vr:0.0 yaw:0.0] 
1623062134481 [vl:0.0 vr:0.0 yaw:0.0] 
1623062134502 [vl:0.0 vr:0.0 yaw:0.0] 
1623062134521 [vl:0.0 vr:0.0 yaw:0.0] 
1623062134545 [vl:0.0 vr:0.0 yaw:0.0] 
1623062134560 [vl:0.0 vr:0.0 yaw:0.0] 
1623062134580 [vl:0.0 vr:0.0 yaw:0.0] 
1623062134600 [vl:0.0 vr:0.0 yaw:0.0] 
1623062134620 [vl:0.0 vr:0.0 yaw:0.0] 
1623062134643 [vl:0.0 vr:0.0 yaw:0.0] 
1623062134660 [vl:0.0 vr:0.0 yaw:0.0] 
1623062134683 [vl:0.0 vr:0.0 yaw:0.0] 
1623062134701 [vl:0.0 vr:0.0 yaw:0.0] 
1623062134721 [vl:0.0 vr:0.0 yaw:0.0] 
1623062134746 [vl:0.0 vr:0.0 yaw:0.0] 
1623062134762 [vl:0.0 vr:0.0 yaw:0.0] 
1623062134780 [vl:0.0 vr:0.0 yaw:0.0] 
1623062134800 [vl:0.0 vr:0.0 yaw:0.0] 
1623062134829 [vl:0.0 vr:0.0 yaw:0.0] 
1623062134844 [vl:0.0 vr:0.0 yaw:0.0] 
1623062134860 [vl:0.0 vr:0.0 yaw:0.0] 
1623062134880 [vl:0.0 vr:0.0 yaw:0.0] 
1623062134900 [vl:0.0 vr:0.0 yaw:0.0] 
1623062134946 [vl:0.0 vr:0.0 yaw:0.0] 
1623062134964 [vl:0.0 vr:0.0 yaw:0.0] 
1623062134987 [vl:0.0 vr:0.0 yaw:0.0] 
1623062135003 [vl:0.0 vr:0.0 yaw:0.0] 
1623062135038 [vl:0.0 vr:0.0 yaw:0.0] 
1623062135055 [vl:0.0 vr:0.0 yaw:0.0] 
1623062135075 [vl:0.0 vr:0.0 yaw:0.0] 
1623062135100 [vl:0.0 vr:0.0 yaw:0.0] 
1623062135113 [vl:0.0 vr:0.0 yaw:0.0] 
1623062135124 [vl:0.0 vr:0.0 yaw:0.0] 
1623062135136 [vl:0.0 vr:0.0 yaw:0.0] 
1623062135150 [vl:0.0 vr:0.0 yaw:0.0] 
1623062135170 [vl:0.0 vr:0.0 yaw:0.0] 
1623062135196 [vl:0.0 vr:0.0 yaw:0.0] 
1623062135209 [vl:0.0 vr:0.0 yaw:0.0] 
1623062135221 [vl:0.0 vr:0.0 yaw:0.0] 
1623062135240 [vl:0.0 vr:0.0 yaw:0.0] 
1623062135260 [vl:0.0 vr:0.0 yaw:0.0] 
1623062135285 [vl:0.0 vr:0.0 yaw:0.0] 
1623062135300 [vl:0.0 vr:0.0 yaw:0.0] 
1623062135321 [vl:0.0 vr:0.0 yaw:0.0] 
1623062135341 [vl:0.0 vr:0.0 yaw:0.0] 
1623062135360 [vl:0.0 vr:0.0 yaw:0.0] 
1623062135384 [vl:0.0 vr:0.0 yaw:0.0] 
1623062135404 [vl:0.0 vr:0.0 yaw:0.0] 
1623062135443 [vl:0.0 vr:0.0 yaw:0.0] 
1623062135456 [vl:0.0 vr:0.0 yaw:0.0] 
1623062135470 [vl:0.0 vr:0.0 yaw:0.0] 
1623062135477 [vl:0.0 vr:0.0 yaw:0.0] 
1623062135502 [vl:0.0 vr:0.0 yaw:0.0] 
1623062135519 [vl:0.0 vr:0.0 yaw:0.0] 
1623062135533 [vl:0.0 vr:0.0 yaw:0.0] 
1623062135562 [vl:0.0 vr:0.0 yaw:0.0] 
1623062135580 [vl:0.0 vr:0.0 yaw:0.0] 
1623062135600 [vl:0.0 vr:0.0 yaw:0.0] 
1623062135620 [vl:0.0 vr:0.0 yaw:0.0] 
1623062135641 [vl:0.0 vr:0.0 yaw:0.0] 
1623062135652 [vl:0.0 vr:0.0 yaw:0.0] 
1623062135680 [vl:0.0 vr:0.0 yaw:0.0] 
1623062135701 [vl:0.0 vr:0.0 yaw:0.0] 
1623062135724 [vl:0.0 vr:0.0 yaw:0.0] 
1623062135741 [vl:0.0 vr:0.0 yaw:0.0] 
1623062135760 [vl:0.0 vr:0.0 yaw:0.0] 
1623062135784 [vl:0.0 vr:0.0 yaw:0.0] 
1623062135800 [vl:0.0 vr:0.0 yaw:0.0] 
1623062135820 [vl:0.0 vr:0.0 yaw:0.0] 
1623062135841 [vl:0.0 vr:0.0 yaw:0.0] 
1623062135862 [vl:0.0 vr:0.0 yaw:0.0] 
1623062135908 [vl:0.0 vr:0.0 yaw:0.0] 
1623062135922 [vl:0.0 vr:0.0 yaw:0.0] 
1623062135937 [vl:0.0 vr:0.0 yaw:0.0] 
1623062135949 [vl:0.0 vr:0.0 yaw:0.0] 
1623062135976 [vl:0.0 vr:0.0 yaw:0.0] 
1623062135994 [vl:0.0 vr:0.0 yaw:0.0] 
1623062136008 [vl:0.0 vr:0.0 yaw:0.0] 
1623062136037 [vl:0.0 vr:0.0 yaw:0.0] 
1623062136049 [vl:0.0 vr:0.0 yaw:0.0] 
1623062136060 [vl:0.0 vr:0.0 yaw:0.0] 
1623062136088 [vl:0.0 vr:0.0 yaw:0.0] 
1623062136100 [vl:0.0 vr:0.0 yaw:0.0] 
1623062136121 [vl:0.0 vr:0.0 yaw:0.0] 
1623062136142 [vl:0.0 vr:0.0 yaw:0.0] 
1623062136160 [vl:0.0 vr:0.0 yaw:0.0] 
1623062136181 [vl:0.0 vr:0.0 yaw:0.0] 
1623062136202 [vl:0.0 vr:0.0 yaw:0.0] 
1623062136220 [vl:0.0 vr:0.0 yaw:0.0] 
1623062136240 [vl:0.0 vr:0.0 yaw:0.0] 
1623062136260 [vl:0.0 vr:0.0 yaw:0.0] 
1623062136280 [vl:0.0 vr:0.0 yaw:0.0] 
1623062136301 [vl:0.0 vr:0.0 yaw:0.0] 
1623062136325 [vl:0.0 vr:0.0 yaw:0.0] 
1623062136341 [vl:0.0 vr:0.0 yaw:0.0] 
1623062136364 [vl:0.0 vr:0.0 yaw:0.0] 
1623062136379 [vl:0.0 vr:0.0 yaw:0.0] 
1623062136405 [vl:0.0 vr:0.0 yaw:0.0] 
1623062136423 [vl:0.0 vr:0.0 yaw:0.0] 
1623062136443 [vl:0.0 vr:0.0 yaw:0.0] 
1623062136460 [vl:0.0 vr:0.0 yaw:0.0] 
1623062136491 [vl:0.0 vr:0.0 yaw:0.0] 
1623062136504 [vl:0.0 vr:0.0 yaw:0.0] 
1623062136520 [vl:0.0 vr:0.0 yaw:0.0] 
1623062136544 [vl:0.0 vr:0.0 yaw:0.0] 
1623062136563 [vl:0.0 vr:0.0 yaw:0.0] 
1623062136580 [vl:0.0 vr:0.0 yaw:0.0] 
1623062136600 [vl:0.0 vr:0.0 yaw:0.0] 
1623062136620 [vl:0.0 vr:0.0 yaw:0.0] 
1623062136640 [vl:0.0 vr:0.0 yaw:0.0] 
1623062136661 [vl:0.0 vr:0.0 yaw:0.0] 
1623062136682 [vl:0.0 vr:0.0 yaw:0.0] 
1623062136703 [vl:0.0 vr:0.0 yaw:0.0] 
1623062136725 [vl:0.0 vr:0.0 yaw:0.0] 
1623062136762 [vl:0.0 vr:0.0 yaw:0.0] 
1623062136782 [vl:0.0 vr:0.0 yaw:0.0] 
1623062136796 [vl:0.0 vr:0.0 yaw:0.0] 
1623062136816 [vl:0.0 vr:0.0 yaw:0.0] 
1623062136835 [vl:0.0 vr:0.0 yaw:0.0] 
1623062136852 [vl:0.0 vr:0.0 yaw:0.0] 
1623062136870 [vl:0.0 vr:0.0 yaw:0.0] 
1623062136883 [vl:0.0 vr:0.0 yaw:0.0] 
1623062136948 [vl:0.0 vr:0.0 yaw:0.0] 
1623062136965 [vl:0.0 vr:0.0 yaw:0.0] 
1623062136986 [vl:0.0 vr:0.0 yaw:0.0] 
1623062137008 [vl:0.0 vr:0.0 yaw:0.0] 
1623062137024 [vl:0.0 vr:0.0 yaw:0.0] 
1623062137044 [vl:0.0 vr:0.0 yaw:0.0] 
1623062137067 [vl:0.0 vr:0.0 yaw:0.0] 
1623062137085 [vl:0.0 vr:0.0 yaw:0.0] 
1623062137107 [vl:0.0 vr:0.0 yaw:0.0] 
1623062137128 [vl:0.0 vr:0.0 yaw:0.0] 
1623062137144 [vl:0.0 vr:0.0 yaw:0.0] 
1623062137169 [vl:0.0 vr:0.0 yaw:0.0] 
1623062137205 [vl:0.0 vr:0.0 yaw:0.0] 
1623062137218 [vl:0.0 vr:0.0 yaw:0.0] 
1623062137232 [vl:0.0 vr:0.0 yaw:0.0] 
1623062137249 [vl:0.0 vr:0.0 yaw:0.0] 
1623062137274 [vl:0.0 vr:0.0 yaw:0.0] 
1623062137294 [vl:0.0 vr:0.0 yaw:0.0] 
1623062137311 [vl:0.0 vr:0.0 yaw:0.0] 
1623062137324 [vl:0.0 vr:0.0 yaw:0.0] 
1623062137348 [vl:0.0 vr:0.0 yaw:0.0] 
1623062137368 [vl:0.0 vr:0.0 yaw:0.0] 
1623062137392 [vl:0.0 vr:0.0 yaw:0.0] 
1623062137405 [vl:0.0 vr:0.0 yaw:0.0] 
1623062137428 [vl:0.0 vr:0.0 yaw:0.0] 
1623062137445 [vl:0.0 vr:0.0 yaw:0.0] 
1623062137464 [vl:0.0 vr:0.0 yaw:0.0] 
1623062137510 [vl:0.0 vr:0.0 yaw:0.0] 
1623062137517 [vl:0.0 vr:0.0 yaw:0.0] 
1623062137527 [vl:0.0 vr:0.0 yaw:0.0] 
1623062137544 [vl:0.0 vr:0.0 yaw:0.0] 
1623062137567 [vl:0.0 vr:0.0 yaw:0.0] 
1623062137616 [vl:0.0 vr:0.0 yaw:0.0] 
1623062137672 [vl:0.0 vr:0.0 yaw:0.0] 
1623062137700 [vl:0.0 vr:0.0 yaw:0.0] 
1623062137714 [vl:0.0 vr:0.0 yaw:0.0] 
1623062137732 [vl:0.0 vr:0.0 yaw:0.0] 
1623062137753 [vl:0.0 vr:0.0 yaw:0.0] 
1623062137772 [vl:0.0 vr:0.0 yaw:0.0] 
1623062137793 [vl:0.0 vr:0.0 yaw:0.0] 
1623062137812 [vl:0.0 vr:0.0 yaw:0.0] 
1623062137832 [vl:0.0 vr:0.0 yaw:0.0] 
1623062137852 [vl:0.0 vr:0.0 yaw:0.0] 
1623062137880 [vl:0.0 vr:0.0 yaw:0.0] 
1623062137897 [vl:0.0 vr:0.0 yaw:0.0] 
1623062137917 [vl:0.0 vr:0.0 yaw:0.0] 
1623062137932 [vl:0.0 vr:0.0 yaw:0.0] 
1623062137952 [vl:0.0 vr:0.0 yaw:0.0] 
1623062137980 [vl:0.0 vr:0.0 yaw:0.0] 
1623062138026 [vl:0.0 vr:0.0 yaw:0.0] 
1623062138040 [vl:0.0 vr:0.0 yaw:0.0] 
1623062138052 [vl:0.0 vr:0.0 yaw:0.0] 
1623062138069 [vl:0.0 vr:0.0 yaw:0.0] 
1623062138084 [vl:0.0 vr:0.0 yaw:0.0] 
1623062138103 [vl:0.0 vr:0.0 yaw:0.0] 
1623062138124 [vl:0.0 vr:0.0 yaw:0.0] 
1623062138139 [vl:0.0 vr:0.0 yaw:0.0] 
1623062138153 [vl:0.0 vr:0.0 yaw:0.0] 
1623062138177 [vl:0.0 vr:0.0 yaw:0.0] 
1623062138192 [vl:0.0 vr:0.0 yaw:0.0] 
1623062138225 [vl:0.0 vr:0.0 yaw:0.0] 
1623062138255 [vl:0.0 vr:0.0 yaw:0.0] 
1623062138268 [vl:0.0 vr:0.0 yaw:0.0] 
1623062138282 [vl:0.0 vr:0.0 yaw:0.0] 
1623062138298 [vl:0.0 vr:0.0 yaw:0.0] 
1623062138312 [vl:0.0 vr:0.0 yaw:0.0] 
1623062138335 [vl:0.0 vr:0.0 yaw:0.0] 
1623062138353 [vl:0.0 vr:0.0 yaw:0.0] 
1623062138373 [vl:0.0 vr:0.0 yaw:0.0] 
1623062138394 [vl:0.0 vr:0.0 yaw:0.0] 
1623062138412 [vl:0.0 vr:0.0 yaw:0.0] 
1623062138433 [vl:0.0 vr:0.0 yaw:0.0] 
1623062138448 [vl:0.0 vr:0.0 yaw:0.0] 
1623062138472 [vl:0.0 vr:0.0 yaw:0.0] 
1623062138510 [vl:0.0 vr:0.0 yaw:0.0] 
1623062138526 [vl:0.0 vr:0.0 yaw:0.0] 
1623062138533 [vl:0.0 vr:0.0 yaw:0.0] 
1623062138552 [vl:0.0 vr:0.0 yaw:0.0] 
1623062138576 [vl:0.0 vr:0.0 yaw:0.0] 
1623062138599 [vl:0.0 vr:0.0 yaw:0.0] 
1623062138613 [vl:0.0 vr:0.0 yaw:0.0] 
1623062138632 [vl:0.0 vr:0.0 yaw:0.0] 
1623062138652 [vl:0.0 vr:0.0 yaw:0.0] 
1623062138674 [vl:0.0 vr:0.0 yaw:0.0] 
1623062138700 [vl:0.0 vr:0.0 yaw:0.0] 
1623062138718 [vl:0.0 vr:0.0 yaw:0.0] 
1623062138732 [vl:0.0 vr:0.0 yaw:0.0] 
1623062138752 [vl:0.0 vr:0.0 yaw:0.0] 
1623062138772 [vl:0.0 vr:0.0 yaw:0.0] 
1623062138792 [vl:0.0 vr:0.0 yaw:0.0] 
1623062138812 [vl:0.0 vr:0.0 yaw:0.0] 
1623062138832 [vl:0.0 vr:0.0 yaw:0.0] 
1623062138852 [vl:0.0 vr:0.0 yaw:0.0] 
1623062138876 [vl:0.0 vr:0.0 yaw:0.0] 
1623062138894 [vl:0.0 vr:0.0 yaw:0.0] 
1623062138909 [vl:0.0 vr:0.0 yaw:0.0] 
1623062138931 [vl:0.0 vr:0.0 yaw:0.0] 
1623062138956 [vl:0.0 vr:0.0 yaw:0.0] 
1623062138972 [vl:0.0 vr:0.0 yaw:0.0] 
1623062138993 [vl:0.0 vr:0.0 yaw:0.0] 
1623062139017 [vl:0.0 vr:0.0 yaw:0.0] 
1623062139040 [vl:0.0 vr:0.0 yaw:0.0] 
1623062139057 [vl:0.0 vr:0.0 yaw:0.0] 
1623062139076 [vl:0.0 vr:0.0 yaw:0.0] 
1623062139093 [vl:0.0 vr:0.0 yaw:0.0] 
1623062139126 [vl:0.0 vr:0.0 yaw:0.0] 
1623062139142 [vl:0.0 vr:0.0 yaw:0.0] 
1623062139189 [vl:0.0 vr:0.0 yaw:0.0] 
1623062139204 [vl:0.0 vr:0.0 yaw:0.0] 
1623062139219 [vl:0.0 vr:0.0 yaw:0.0] 
1623062139233 [vl:0.0 vr:0.0 yaw:0.0] 
1623062139249 [vl:0.0 vr:0.0 yaw:0.0] 
1623062139259 [vl:0.0 vr:0.0 yaw:0.0] 
1623062139316 [vl:0.0 vr:0.0 yaw:0.0] 
1623062139332 [vl:0.0 vr:0.0 yaw:0.0] 
1623062139348 [vl:0.0 vr:0.0 yaw:0.0] 
1623062139360 [vl:0.0 vr:0.0 yaw:0.0] 
1623062139380 [vl:0.0 vr:0.0 yaw:0.0] 
1623062139392 [vl:0.0 vr:0.0 yaw:0.0] 
1623062139405 [vl:0.0 vr:0.0 yaw:0.0] 
1623062139416 [vl:0.0 vr:0.0 yaw:0.0] 
1623062139438 [vl:0.0 vr:0.0 yaw:0.0] 
1623062139451 [vl:0.0 vr:0.0 yaw:0.0] 
1623062139505 [vl:0.0 vr:0.0 yaw:0.0] 
1623062139512 [vl:0.0 vr:0.0 yaw:0.0] 
1623062139524 [vl:0.0 vr:0.0 yaw:0.0] 
1623062139536 [vl:0.0 vr:0.0 yaw:0.0] 
1623062139552 [vl:0.0 vr:0.0 yaw:0.0] 
1623062139572 [vl:0.0 vr:0.0 yaw:0.0] 
1623062139592 [vl:0.0 vr:0.0 yaw:0.0] 
1623062139614 [vl:0.0 vr:0.0 yaw:0.0] 
1623062139636 [vl:0.0 vr:0.0 yaw:0.0] 
1623062139656 [vl:0.0 vr:0.0 yaw:0.0] 
1623062139672 [vl:0.0 vr:0.0 yaw:0.0] 
1623062139692 [vl:0.0 vr:0.0 yaw:0.0] 
1623062139712 [vl:0.0 vr:0.0 yaw:0.0] 
1623062139733 [vl:0.0 vr:0.0 yaw:0.0] 
1623062139752 [vl:0.0 vr:0.0 yaw:0.0] 
1623062139773 [vl:0.0 vr:0.0 yaw:0.0] 
1623062139792 [vl:0.0 vr:0.0 yaw:0.0] 
1623062139813 [vl:0.0 vr:0.0 yaw:0.0] 
1623062139832 [vl:0.0 vr:0.0 yaw:0.0] 
1623062139852 [vl:0.0 vr:0.0 yaw:0.0] 
1623062139872 [vl:0.0 vr:0.0 yaw:0.0] 
1623062139896 [vl:0.0 vr:0.0 yaw:0.0] 
1623062139913 [vl:0.0 vr:0.0 yaw:0.0] 
1623062139931 [vl:0.0 vr:0.0 yaw:0.0] 
1623062139953 [vl:0.0 vr:0.0 yaw:0.0] 
1623062139974 [vl:0.0 vr:0.0 yaw:0.0] 
1623062139991 [vl:0.0 vr:0.0 yaw:0.0] 
1623062140012 [vl:0.0 vr:0.0 yaw:0.0] 
1623062140032 [vl:0.0 vr:0.0 yaw:0.0] 
1623062140056 [vl:0.0 vr:0.0 yaw:0.0] 
1623062140129 [vl:0.0 vr:0.0 yaw:0.0] 
1623062140149 [vl:0.0 vr:0.0 yaw:0.0] 
1623062140167 [vl:0.0 vr:0.0 yaw:0.0] 
1623062140181 [vl:0.0 vr:0.0 yaw:0.0] 
1623062140214 [vl:0.0 vr:0.0 yaw:0.0] 
1623062140228 [vl:0.0 vr:0.0 yaw:0.0] 
1623062140242 [vl:0.0 vr:0.0 yaw:0.0] 
1623062140257 [vl:0.0 vr:0.0 yaw:0.0] 
1623062140277 [vl:0.0 vr:0.0 yaw:0.0] 
1623062140296 [vl:0.0 vr:0.0 yaw:0.0] 
1623062140317 [vl:0.0 vr:0.0 yaw:0.0] 
1623062140340 [vl:0.0 vr:0.0 yaw:0.0] 
1623062140362 [vl:0.0 vr:0.0 yaw:0.0] 
1623062140377 [vl:0.0 vr:0.0 yaw:0.0] 
1623062140396 [vl:0.0 vr:0.0 yaw:0.0] 
1623062140422 [vl:0.0 vr:0.0 yaw:0.0] 
1623062140440 [vl:0.0 vr:0.0 yaw:0.0] 
1623062140468 [vl:0.0 vr:0.0 yaw:0.0] 
1623062140481 [vl:0.0 vr:0.0 yaw:0.0] 
1623062140502 [vl:0.0 vr:0.0 yaw:0.0] 
1623062140522 [vl:0.0 vr:0.0 yaw:0.0] 
1623062140536 [vl:0.0 vr:0.0 yaw:0.0] 
1623062140556 [vl:0.0 vr:0.0 yaw:0.0] 
1623062140575 [vl:0.0 vr:0.0 yaw:0.0] 
1623062140602 [vl:0.0 vr:0.0 yaw:0.0] 
1623062140616 [vl:0.0 vr:0.0 yaw:0.0] 
1623062140640 [vl:0.0 vr:0.0 yaw:0.0] 
1623062140662 [vl:0.0 vr:0.0 yaw:0.0] 
1623062140683 [vl:0.0 vr:0.0 yaw:0.0] 
1623062140696 [vl:0.0 vr:0.0 yaw:0.0] 
1623062140716 [vl:0.0 vr:0.0 yaw:0.0] 
1623062140737 [vl:0.0 vr:0.0 yaw:0.0] 
1623062140769 [vl:0.0 vr:0.0 yaw:0.0] 
1623062140785 [vl:0.0 vr:0.0 yaw:0.0] 
1623062140801 [vl:0.0 vr:0.0 yaw:0.0] 
1623062140819 [vl:0.0 vr:0.0 yaw:0.0] 
1623062140857 [vl:0.0 vr:0.0 yaw:0.0] 
1623062140870 [vl:0.0 vr:0.0 yaw:0.0] 
1623062140889 [vl:0.0 vr:0.0 yaw:0.0] 
1623062140900 [vl:0.0 vr:0.0 yaw:0.0] 
1623062140928 [vl:0.0 vr:0.0 yaw:0.0] 
1623062140950 [vl:0.0 vr:0.0 yaw:0.0] 
1623062140964 [vl:0.0 vr:0.0 yaw:0.0] 
1623062140992 [vl:0.0 vr:0.0 yaw:0.0] 
1623062141010 [vl:0.0 vr:0.0 yaw:0.0] 
1623062141025 [vl:0.0 vr:0.0 yaw:0.0] 
1623062141041 [vl:0.0 vr:0.0 yaw:0.0] 
1623062141077 [vl:0.0 vr:0.0 yaw:0.0] 
1623062141086 [vl:0.0 vr:0.0 yaw:0.0] 
1623062141109 [vl:0.0 vr:0.0 yaw:0.0] 
1623062141126 [vl:0.0 vr:0.0 yaw:0.0] 
1623062141146 [vl:0.0 vr:0.0 yaw:0.0] 
1623062141170 [vl:0.0 vr:0.0 yaw:0.0] 
1623062141186 [vl:0.0 vr:0.0 yaw:0.0] 
1623062141199 [vl:0.0 vr:0.0 yaw:0.0] 
1623062141221 [vl:0.0 vr:0.0 yaw:0.0] 
1623062141241 [vl:0.0 vr:0.0 yaw:0.0] 
1623062141256 [vl:0.0 vr:0.0 yaw:0.0] 
1623062141284 [vl:0.0 vr:0.0 yaw:0.0] 
1623062141305 [vl:0.0 vr:0.0 yaw:0.0] 
1623062141320 [vl:0.0 vr:0.0 yaw:0.0] 
1623062141337 [vl:0.0 vr:0.0 yaw:0.0] 
1623062141356 [vl:0.0 vr:0.0 yaw:0.0] 
1623062141387 [vl:0.0 vr:0.0 yaw:0.0] 
1623062141408 [vl:0.0 vr:0.0 yaw:0.0] 
1623062141425 [vl:0.0 vr:0.0 yaw:0.0] 
1623062141436 [vl:0.0 vr:0.0 yaw:0.0] 
1623062141461 [vl:0.0 vr:0.0 yaw:0.0] 
1623062141489 [vl:0.0 vr:0.0 yaw:0.0] 
1623062141504 [vl:0.0 vr:0.0 yaw:0.0] 
1623062141534 [vl:0.0 vr:0.0 yaw:0.0] 
1623062141556 [vl:0.0 vr:0.0 yaw:0.0] 
1623062141567 [vl:0.0 vr:0.0 yaw:0.0] 
1623062141585 [vl:0.0 vr:0.0 yaw:0.0] 
1623062141600 [vl:0.0 vr:0.0 yaw:0.0] 
1623062141634 [vl:0.0 vr:0.0 yaw:0.0] 
1623062141673 [vl:0.0 vr:0.0 yaw:0.0] 
1623062141698 [vl:0.0 vr:0.0 yaw:0.0] 
1623062141721 [vl:0.0 vr:0.0 yaw:0.0] 
1623062141740 [vl:0.0 vr:0.0 yaw:0.0] 
1623062141760 [vl:0.0 vr:0.0 yaw:0.0] 
1623062141781 [vl:0.0 vr:0.0 yaw:0.0] 
1623062141804 [vl:0.0 vr:0.0 yaw:0.0] 
1623062141840 [vl:0.0 vr:0.0 yaw:0.0] 
1623062141856 [vl:0.0 vr:0.0 yaw:0.0] 
1623062141866 [vl:0.0 vr:0.0 yaw:0.0] 
1623062141882 [vl:0.0 vr:0.0 yaw:0.0] 
1623062141902 [vl:0.0 vr:0.0 yaw:0.0] 
1623062141928 [vl:0.0 vr:0.0 yaw:0.0] 
1623062141940 [vl:0.0 vr:0.0 yaw:0.0] 
1623062141960 [vl:0.0 vr:0.0 yaw:0.0] 
1623062141980 [vl:0.0 vr:0.0 yaw:0.0] 
1623062142000 [vl:0.0 vr:0.0 yaw:0.0] 
1623062142024 [vl:0.0 vr:0.0 yaw:0.0] 
1623062142045 [vl:0.0 vr:0.0 yaw:0.0] 
1623062142078 [vl:0.0 vr:0.0 yaw:0.0] 
1623062142092 [vl:0.0 vr:0.0 yaw:0.0] 
1623062142106 [vl:0.0 vr:0.0 yaw:0.0] 
1623062142121 [vl:0.0 vr:0.0 yaw:0.0] 
1623062142145 [vl:0.0 vr:0.0 yaw:0.0] 
1623062142161 [vl:0.0 vr:0.0 yaw:0.0] 
1623062142194 [vl:0.0 vr:0.0 yaw:0.0] 
1623062142215 [vl:0.0 vr:0.0 yaw:0.0] 
1623062142232 [vl:0.0 vr:0.0 yaw:0.0] 
1623062142246 [vl:0.0 vr:0.0 yaw:0.0] 
1623062142264 [vl:0.0 vr:0.0 yaw:0.0] 
1623062142289 [vl:0.0 vr:0.0 yaw:0.0] 
1623062142309 [vl:0.0 vr:0.0 yaw:0.0] 
1623062142321 [vl:0.0 vr:0.0 yaw:0.0] 
1623062142359 [vl:0.0 vr:0.0 yaw:0.0] 
1623062142376 [vl:0.0 vr:0.0 yaw:0.0] 
1623062142392 [vl:0.0 vr:0.0 yaw:0.0] 
1623062142406 [vl:0.0 vr:0.0 yaw:0.0] 
1623062142420 [vl:0.0 vr:0.0 yaw:0.0] 
1623062142444 [vl:0.0 vr:0.0 yaw:0.0] 
1623062142466 [vl:0.0 vr:0.0 yaw:0.0] 
1623062142482 [vl:0.0 vr:0.0 yaw:0.0] 
1623062142505 [vl:0.0 vr:0.0 yaw:0.0] 
1623062142521 [vl:0.0 vr:0.0 yaw:0.0] 
1623062142540 [vl:0.0 vr:0.0 yaw:0.0] 
1623062142579 [vl:0.0 vr:0.0 yaw:0.0] 
1623062142592 [vl:0.0 vr:0.0 yaw:0.0] 
1623062142636 [vl:0.0 vr:0.0 yaw:0.0] 
1623062142681 [vl:0.0 vr:0.0 yaw:0.0] 
1623062142709 [vl:0.0 vr:0.0 yaw:0.0] 
1623062142746 [vl:0.0 vr:0.0 yaw:0.0] 
1623062142761 [vl:0.0 vr:0.0 yaw:0.0] 
1623062142777 [vl:0.0 vr:0.0 yaw:0.0] 
1623062142792 [vl:0.0 vr:0.0 yaw:0.0] 
1623062142808 [vl:0.0 vr:0.0 yaw:0.0] 
1623062142827 [vl:0.0 vr:0.0 yaw:0.0] 
1623062142840 [vl:0.0 vr:0.0 yaw:0.0] 
1623062142856 [vl:0.0 vr:0.0 yaw:0.0] 
1623062142884 [vl:0.0 vr:0.0 yaw:0.0] 
1623062142910 [vl:0.0 vr:0.0 yaw:0.0] 
1623062142932 [vl:0.0 vr:0.0 yaw:0.0] 
1623062142949 [vl:0.0 vr:0.0 yaw:0.0] 
1623062142975 [vl:0.0 vr:0.0 yaw:0.0] 
1623062143006 [vl:0.0 vr:0.0 yaw:0.0] 
1623062143022 [vl:0.0 vr:0.0 yaw:0.0] 
1623062143042 [vl:0.0 vr:0.0 yaw:0.0] 
1623062143063 [vl:0.0 vr:0.0 yaw:0.0] 
1623062143078 [vl:0.0 vr:0.0 yaw:0.0] 
1623062143105 [vl:0.0 vr:0.0 yaw:0.0] 
1623062143141 [vl:0.0 vr:0.0 yaw:0.0] 
1623062143157 [vl:0.0 vr:0.0 yaw:0.0] 
1623062143172 [vl:0.0 vr:0.0 yaw:0.0] 
1623062143195 [vl:0.0 vr:0.0 yaw:0.0] 
1623062143220 [vl:0.0 vr:0.0 yaw:0.0] 
1623062143241 [vl:0.0 vr:0.0 yaw:0.0] 
1623062143275 [vl:0.0 vr:0.0 yaw:0.0] 
1623062143296 [vl:0.0 vr:0.0 yaw:0.0] 
1623062143311 [vl:0.0 vr:0.0 yaw:0.0] 
1623062143330 [vl:0.0 vr:0.0 yaw:0.0] 
1623062143370 [vl:0.0 vr:0.0 yaw:0.0] 
1623062143394 [vl:0.0 vr:0.0 yaw:0.0] 
1623062143409 [vl:0.0 vr:0.0 yaw:0.0] 
1623062143425 [vl:0.0 vr:0.0 yaw:0.0] 
1623062143454 [vl:0.0 vr:0.0 yaw:0.0] 
1623062143508 [vl:0.0 vr:0.0 yaw:0.0] 
1623062143538 [vl:0.0 vr:0.0 yaw:0.0] 
1623062143555 [vl:0.0 vr:0.0 yaw:0.0] 
1623062143576 [vl:0.0 vr:0.0 yaw:0.0] 
1623062143591 [vl:0.0 vr:0.0 yaw:0.0] 
1623062143624 [vl:0.0 vr:0.0 yaw:0.0] 
1623062143636 [vl:0.0 vr:0.0 yaw:0.0] 
1623062143665 [vl:0.0 vr:0.0 yaw:0.0] 
1623062143681 [vl:0.0 vr:0.0 yaw:0.0] 
1623062143697 [vl:0.0 vr:0.0 yaw:0.0] 
1623062143727 [vl:0.0 vr:0.0 yaw:0.0] 
1623062143736 [vl:0.0 vr:0.0 yaw:0.0] 
1623062143748 [vl:0.0 vr:0.0 yaw:0.0] 
1623062143771 [vl:0.0 vr:0.0 yaw:0.0] 
1623062143787 [vl:0.0 vr:0.0 yaw:0.0] 
1623062143817 [vl:0.0 vr:0.0 yaw:0.0] 
1623062143846 [vl:0.0 vr:0.0 yaw:0.0] 
1623062143876 [vl:0.0 vr:0.0 yaw:0.0] 
1623062143904 [vl:0.0 vr:0.0 yaw:0.0] 
1623062143916 [vl:0.0 vr:0.0 yaw:0.0] 
1623062143928 [vl:0.0 vr:0.0 yaw:0.0] 
1623062143942 [vl:0.0 vr:0.0 yaw:0.0] 
1623062143958 [vl:0.0 vr:0.0 yaw:0.0] 
1623062143977 [vl:0.0 vr:0.0 yaw:0.0] 
1623062143989 [vl:0.0 vr:0.0 yaw:0.0] 
1623062144008 [vl:0.0 vr:0.0 yaw:0.0] 
1623062144028 [vl:0.0 vr:0.0 yaw:0.0] 
1623062144048 [vl:0.0 vr:0.0 yaw:0.0] 
1623062144068 [vl:0.0 vr:0.0 yaw:0.0] 
1623062144088 [vl:0.0 vr:0.0 yaw:0.0] 
1623062144129 [vl:0.0 vr:0.0 yaw:0.0] 
1623062144142 [vl:0.0 vr:0.0 yaw:0.0] 
1623062144156 [vl:0.0 vr:0.0 yaw:0.0] 
1623062144169 [vl:0.0 vr:0.0 yaw:0.0] 
1623062144208 [vl:0.0 vr:0.0 yaw:0.0] 
1623062144225 [vl:0.0 vr:0.0 yaw:0.0] 
1623062144242 [vl:0.0 vr:0.0 yaw:0.0] 
1623062144269 [vl:0.0 vr:0.0 yaw:0.0] 
1623062144284 [vl:0.0 vr:0.0 yaw:0.0] 
1623062144305 [vl:0.0 vr:0.0 yaw:0.0] 
1623062144324 [vl:0.0 vr:0.0 yaw:0.0] 
1623062144343 [vl:0.0 vr:0.0 yaw:0.0] 
1623062144365 [vl:0.0 vr:0.0 yaw:0.0] 
1623062144388 [vl:0.0 vr:0.0 yaw:0.0] 
1623062144400 [vl:0.0 vr:0.0 yaw:0.0] 
1623062144413 [vl:0.0 vr:0.0 yaw:0.0] 
1623062144435 [vl:0.0 vr:0.0 yaw:0.0] 
1623062144456 [vl:0.0 vr:0.0 yaw:0.0] 
1623062144481 [vl:0.0 vr:0.0 yaw:0.0] 
1623062144513 [vl:0.0 vr:0.0 yaw:0.0] 
1623062144536 [vl:0.0 vr:0.0 yaw:0.0] 
1623062144556 [vl:0.0 vr:0.0 yaw:0.0] 
1623062144572 [vl:0.0 vr:0.0 yaw:0.0] 
1623062144585 [vl:0.0 vr:0.0 yaw:0.0] 
1623062144597 [vl:0.0 vr:0.0 yaw:0.0] 
1623062144608 [vl:0.0 vr:0.0 yaw:0.0] 
1623062144628 [vl:0.0 vr:0.0 yaw:0.0] 
1623062144677 [vl:0.0 vr:0.0 yaw:0.0] 
1623062144688 [vl:0.0 vr:0.0 yaw:0.0] 
1623062144709 [vl:0.0 vr:0.0 yaw:0.0] 
1623062144725 [vl:0.0 vr:0.0 yaw:0.0] 
1623062144737 [vl:0.0 vr:0.0 yaw:0.0] 
1623062144754 [vl:0.0 vr:0.0 yaw:0.0] 
1623062144768 [vl:0.0 vr:0.0 yaw:0.0] 
1623062144788 [vl:0.0 vr:0.0 yaw:0.0] 
1623062144810 [vl:0.0 vr:0.0 yaw:0.0] 
1623062144832 [vl:0.0 vr:0.0 yaw:0.0] 
1623062144850 [vl:0.0 vr:0.0 yaw:0.0] 
1623062144869 [vl:0.0 vr:0.0 yaw:0.0] 
1623062144888 [vl:0.0 vr:0.0 yaw:0.0] 
1623062144912 [vl:0.0 vr:0.0 yaw:0.0] 
1623062144932 [vl:0.0 vr:0.0 yaw:0.0] 
1623062144949 [vl:0.0 vr:0.0 yaw:0.0] 
1623062144968 [vl:0.0 vr:0.0 yaw:0.0] 
1623062144994 [vl:0.0 vr:0.0 yaw:0.0] 
1623062145009 [vl:0.0 vr:0.0 yaw:0.0] 
1623062145033 [vl:0.0 vr:0.0 yaw:0.0] 
1623062145049 [vl:0.0 vr:0.0 yaw:0.0] 
1623062145074 [vl:0.0 vr:0.0 yaw:0.0] 
1623062145095 [vl:0.0 vr:0.0 yaw:0.0] 
1623062145109 [vl:0.0 vr:0.0 yaw:0.0] 
1623062145134 [vl:0.0 vr:0.0 yaw:0.0] 
1623062145149 [vl:0.0 vr:0.0 yaw:0.0] 
1623062145169 [vl:0.0 vr:0.0 yaw:0.0] 
1623062145194 [vl:0.0 vr:0.0 yaw:0.0] 
1623062145215 [vl:0.0 vr:0.0 yaw:0.0] 
1623062145232 [vl:0.0 vr:0.0 yaw:0.0] 
1623062145247 [vl:0.0 vr:0.0 yaw:0.0] 
1623062145280 [vl:0.0 vr:0.0 yaw:0.0] 
1623062145297 [vl:0.0 vr:0.0 yaw:0.0] 
1623062145339 [vl:0.0 vr:0.0 yaw:0.0] 
1623062145374 [vl:0.0 vr:0.0 yaw:0.0] 
