1619626591036 [Opening serial port: /dev/ttyTHS1.] 
1619626591338 [The robot is connected to ] [/dev/ttyTHS1] 
1619626591338 [Initial robot's topic...] 
1619626625595 [Data from: [w]] 
1619626625600 [handle_key_command@Exception] [Traceback (most recent call last):
  File "/home/khoixx/dev_ros1_ws/src/execute/src/Robot.py", line 99, in handle_command
    self.set_speed([self._current_speed, self._current_speed])
  File "/home/khoixx/dev_ros1_ws/src/execute/src/robot_control.py", line 300, in set_speed
    self.__robot_serial.set_speed(speed_data)
  File "/home/khoixx/dev_ros1_ws/src/execute/src/robot_command.py", line 102, in set_speed
    self.write_command(command)
  File "/home/khoixx/dev_ros1_ws/src/execute/src/robot_command.py", line 68, in write_command
    command_send += struct.pack(">H", crc)
error: integer out of range for 'H' format code
] 
1619626625750 [Data from: [ ]] 
1619626625756 [handle_key_command@Exception] [Traceback (most recent call last):
  File "/home/khoixx/dev_ros1_ws/src/execute/src/Robot.py", line 93, in handle_command
    self.release_motor()
  File "/home/khoixx/dev_ros1_ws/src/execute/src/robot_control.py", line 206, in release_motor
    self.__robot_serial.set_stop()
  File "/home/khoixx/dev_ros1_ws/src/execute/src/robot_command.py", line 107, in set_stop
    self.write_command(command)
  File "/home/khoixx/dev_ros1_ws/src/execute/src/robot_command.py", line 68, in write_command
    command_send += struct.pack(">H", crc)
error: integer out of range for 'H' format code
] 
1619626625790 [Data from: [w]] 
1619626625796 [handle_key_command@Exception] [Traceback (most recent call last):
  File "/home/khoixx/dev_ros1_ws/src/execute/src/Robot.py", line 99, in handle_command
    self.set_speed([self._current_speed, self._current_speed])
  File "/home/khoixx/dev_ros1_ws/src/execute/src/robot_control.py", line 300, in set_speed
    self.__robot_serial.set_speed(speed_data)
  File "/home/khoixx/dev_ros1_ws/src/execute/src/robot_command.py", line 102, in set_speed
    self.write_command(command)
  File "/home/khoixx/dev_ros1_ws/src/execute/src/robot_command.py", line 68, in write_command
    command_send += struct.pack(">H", crc)
error: integer out of range for 'H' format code
] 
1619626625950 [Data from: [ ]] 
1619626625955 [handle_key_command@Exception] [Traceback (most recent call last):
  File "/home/khoixx/dev_ros1_ws/src/execute/src/Robot.py", line 93, in handle_command
    self.release_motor()
  File "/home/khoixx/dev_ros1_ws/src/execute/src/robot_control.py", line 206, in release_motor
    self.__robot_serial.set_stop()
  File "/home/khoixx/dev_ros1_ws/src/execute/src/robot_command.py", line 107, in set_stop
    self.write_command(command)
  File "/home/khoixx/dev_ros1_ws/src/execute/src/robot_command.py", line 68, in write_command
    command_send += struct.pack(">H", crc)
error: integer out of range for 'H' format code
] 
1619626626017 [Data from: [w]] 
1619626626024 [handle_key_command@Exception] [Traceback (most recent call last):
  File "/home/khoixx/dev_ros1_ws/src/execute/src/Robot.py", line 99, in handle_command
    self.set_speed([self._current_speed, self._current_speed])
  File "/home/khoixx/dev_ros1_ws/src/execute/src/robot_control.py", line 300, in set_speed
    self.__robot_serial.set_speed(speed_data)
  File "/home/khoixx/dev_ros1_ws/src/execute/src/robot_command.py", line 102, in set_speed
    self.write_command(command)
  File "/home/khoixx/dev_ros1_ws/src/execute/src/robot_command.py", line 68, in write_command
    command_send += struct.pack(">H", crc)
error: integer out of range for 'H' format code
] 
1619626626039 [Data from: [ ]] 
1619626626044 [handle_key_command@Exception] [Traceback (most recent call last):
  File "/home/khoixx/dev_ros1_ws/src/execute/src/Robot.py", line 93, in handle_command
    self.release_motor()
  File "/home/khoixx/dev_ros1_ws/src/execute/src/robot_control.py", line 206, in release_motor
    self.__robot_serial.set_stop()
  File "/home/khoixx/dev_ros1_ws/src/execute/src/robot_command.py", line 107, in set_stop
    self.write_command(command)
  File "/home/khoixx/dev_ros1_ws/src/execute/src/robot_command.py", line 68, in write_command
    command_send += struct.pack(">H", crc)
error: integer out of range for 'H' format code
] 
1619626628607 [Data from: [w]] 
1619626628612 [handle_key_command@Exception] [Traceback (most recent call last):
  File "/home/khoixx/dev_ros1_ws/src/execute/src/Robot.py", line 99, in handle_command
    self.set_speed([self._current_speed, self._current_speed])
  File "/home/khoixx/dev_ros1_ws/src/execute/src/robot_control.py", line 300, in set_speed
    self.__robot_serial.set_speed(speed_data)
  File "/home/khoixx/dev_ros1_ws/src/execute/src/robot_command.py", line 102, in set_speed
    self.write_command(command)
  File "/home/khoixx/dev_ros1_ws/src/execute/src/robot_command.py", line 68, in write_command
    command_send += struct.pack(">H", crc)
error: integer out of range for 'H' format code
] 
1619626628925 [Data from: [ ]] 
1619626628930 [handle_key_command@Exception] [Traceback (most recent call last):
  File "/home/khoixx/dev_ros1_ws/src/execute/src/Robot.py", line 93, in handle_command
    self.release_motor()
  File "/home/khoixx/dev_ros1_ws/src/execute/src/robot_control.py", line 206, in release_motor
    self.__robot_serial.set_stop()
  File "/home/khoixx/dev_ros1_ws/src/execute/src/robot_command.py", line 107, in set_stop
    self.write_command(command)
  File "/home/khoixx/dev_ros1_ws/src/execute/src/robot_command.py", line 68, in write_command
    command_send += struct.pack(">H", crc)
error: integer out of range for 'H' format code
] 
1619626635654 [Data from: [w]] 
1619626635661 [handle_key_command@Exception] [Traceback (most recent call last):
  File "/home/khoixx/dev_ros1_ws/src/execute/src/Robot.py", line 99, in handle_command
    self.set_speed([self._current_speed, self._current_speed])
  File "/home/khoixx/dev_ros1_ws/src/execute/src/robot_control.py", line 300, in set_speed
    self.__robot_serial.set_speed(speed_data)
  File "/home/khoixx/dev_ros1_ws/src/execute/src/robot_command.py", line 102, in set_speed
    self.write_command(command)
  File "/home/khoixx/dev_ros1_ws/src/execute/src/robot_command.py", line 68, in write_command
    command_send += struct.pack(">H", crc)
error: integer out of range for 'H' format code
] 
1619626635774 [Data from: [ ]] 
1619626635781 [handle_key_command@Exception] [Traceback (most recent call last):
  File "/home/khoixx/dev_ros1_ws/src/execute/src/Robot.py", line 93, in handle_command
    self.release_motor()
  File "/home/khoixx/dev_ros1_ws/src/execute/src/robot_control.py", line 206, in release_motor
    self.__robot_serial.set_stop()
  File "/home/khoixx/dev_ros1_ws/src/execute/src/robot_command.py", line 107, in set_stop
    self.write_command(command)
  File "/home/khoixx/dev_ros1_ws/src/execute/src/robot_command.py", line 68, in write_command
    command_send += struct.pack(">H", crc)
error: integer out of range for 'H' format code
] 
1619626638886 [Data from: [w]] 
1619626638891 [handle_key_command@Exception] [Traceback (most recent call last):
  File "/home/khoixx/dev_ros1_ws/src/execute/src/Robot.py", line 99, in handle_command
    self.set_speed([self._current_speed, self._current_speed])
  File "/home/khoixx/dev_ros1_ws/src/execute/src/robot_control.py", line 300, in set_speed
    self.__robot_serial.set_speed(speed_data)
  File "/home/khoixx/dev_ros1_ws/src/execute/src/robot_command.py", line 102, in set_speed
    self.write_command(command)
  File "/home/khoixx/dev_ros1_ws/src/execute/src/robot_command.py", line 68, in write_command
    command_send += struct.pack(">H", crc)
error: integer out of range for 'H' format code
] 
1619626639036 [Data from: [ ]] 
1619626639049 [handle_key_command@Exception] [Traceback (most recent call last):
  File "/home/khoixx/dev_ros1_ws/src/execute/src/Robot.py", line 93, in handle_command
    self.release_motor()
  File "/home/khoixx/dev_ros1_ws/src/execute/src/robot_control.py", line 206, in release_motor
    self.__robot_serial.set_stop()
  File "/home/khoixx/dev_ros1_ws/src/execute/src/robot_command.py", line 107, in set_stop
    self.write_command(command)
  File "/home/khoixx/dev_ros1_ws/src/execute/src/robot_command.py", line 68, in write_command
    command_send += struct.pack(">H", crc)
error: integer out of range for 'H' format code
] 
1619626639382 [Data from: [w]] 
1619626639388 [handle_key_command@Exception] [Traceback (most recent call last):
  File "/home/khoixx/dev_ros1_ws/src/execute/src/Robot.py", line 99, in handle_command
    self.set_speed([self._current_speed, self._current_speed])
  File "/home/khoixx/dev_ros1_ws/src/execute/src/robot_control.py", line 300, in set_speed
    self.__robot_serial.set_speed(speed_data)
  File "/home/khoixx/dev_ros1_ws/src/execute/src/robot_command.py", line 102, in set_speed
    self.write_command(command)
  File "/home/khoixx/dev_ros1_ws/src/execute/src/robot_command.py", line 68, in write_command
    command_send += struct.pack(">H", crc)
error: integer out of range for 'H' format code
] 
1619626639498 [Data from: [ ]] 
1619626639508 [handle_key_command@Exception] [Traceback (most recent call last):
  File "/home/khoixx/dev_ros1_ws/src/execute/src/Robot.py", line 93, in handle_command
    self.release_motor()
  File "/home/khoixx/dev_ros1_ws/src/execute/src/robot_control.py", line 206, in release_motor
    self.__robot_serial.set_stop()
  File "/home/khoixx/dev_ros1_ws/src/execute/src/robot_command.py", line 107, in set_stop
    self.write_command(command)
  File "/home/khoixx/dev_ros1_ws/src/execute/src/robot_command.py", line 68, in write_command
    command_send += struct.pack(">H", crc)
error: integer out of range for 'H' format code
] 
1619626639620 [Data from: [w]] 
1619626639626 [handle_key_command@Exception] [Traceback (most recent call last):
  File "/home/khoixx/dev_ros1_ws/src/execute/src/Robot.py", line 99, in handle_command
    self.set_speed([self._current_speed, self._current_speed])
  File "/home/khoixx/dev_ros1_ws/src/execute/src/robot_control.py", line 300, in set_speed
    self.__robot_serial.set_speed(speed_data)
  File "/home/khoixx/dev_ros1_ws/src/execute/src/robot_command.py", line 102, in set_speed
    self.write_command(command)
  File "/home/khoixx/dev_ros1_ws/src/execute/src/robot_command.py", line 68, in write_command
    command_send += struct.pack(">H", crc)
error: integer out of range for 'H' format code
] 
1619626639731 [Data from: [ ]] 
1619626639736 [handle_key_command@Exception] [Traceback (most recent call last):
  File "/home/khoixx/dev_ros1_ws/src/execute/src/Robot.py", line 93, in handle_command
    self.release_motor()
  File "/home/khoixx/dev_ros1_ws/src/execute/src/robot_control.py", line 206, in release_motor
    self.__robot_serial.set_stop()
  File "/home/khoixx/dev_ros1_ws/src/execute/src/robot_command.py", line 107, in set_stop
    self.write_command(command)
  File "/home/khoixx/dev_ros1_ws/src/execute/src/robot_command.py", line 68, in write_command
    command_send += struct.pack(">H", crc)
error: integer out of range for 'H' format code
] 
1619626639886 [Data from: [w]] 
1619626639893 [handle_key_command@Exception] [Traceback (most recent call last):
  File "/home/khoixx/dev_ros1_ws/src/execute/src/Robot.py", line 99, in handle_command
    self.set_speed([self._current_speed, self._current_speed])
  File "/home/khoixx/dev_ros1_ws/src/execute/src/robot_control.py", line 300, in set_speed
    self.__robot_serial.set_speed(speed_data)
  File "/home/khoixx/dev_ros1_ws/src/execute/src/robot_command.py", line 102, in set_speed
    self.write_command(command)
  File "/home/khoixx/dev_ros1_ws/src/execute/src/robot_command.py", line 68, in write_command
    command_send += struct.pack(">H", crc)
error: integer out of range for 'H' format code
] 
1619626639989 [Data from: [ ]] 
1619626639994 [handle_key_command@Exception] [Traceback (most recent call last):
  File "/home/khoixx/dev_ros1_ws/src/execute/src/Robot.py", line 93, in handle_command
    self.release_motor()
  File "/home/khoixx/dev_ros1_ws/src/execute/src/robot_control.py", line 206, in release_motor
    self.__robot_serial.set_stop()
  File "/home/khoixx/dev_ros1_ws/src/execute/src/robot_command.py", line 107, in set_stop
    self.write_command(command)
  File "/home/khoixx/dev_ros1_ws/src/execute/src/robot_command.py", line 68, in write_command
    command_send += struct.pack(">H", crc)
error: integer out of range for 'H' format code
] 
