1621069038447 [Opening serial port: /dev/ttyTHS1.] 
1621069038753 [The robot is connected to ] [/dev/ttyTHS1] 
1621069038753 [Initial robot's topic...] 
1621069038764 [Start initializing navigation] 
1621069038764 [Start initializing navigation topic] 
1621069038827 [Initialization navigation topic finished] 
1621069038832 [Initialization navigation finished] 
1621069038837 [Update odom] 
1621069038966 [vx:0.0 vy:0.0 vth:0.0 yaw:0.0] 
1621069038966 [delta_X:0 delta_y:0 status:True] 
1621069038967 [Update odom] 
1621069039092 [vx:0.0 vy:0.0 vth:0.0 yaw:0.0] 
1621069039092 [delta_X:0 delta_y:0 status:True] 
1621069039093 [Update odom] 
1621069039222 [vx:0.0 vy:0.0 vth:0.0 yaw:0.0] 
1621069039222 [delta_X:0 delta_y:0 status:True] 
1621069039223 [Update odom] 
1621069039349 [vx:0.0 vy:0.0 vth:0.0 yaw:0.0] 
1621069039352 [delta_X:0 delta_y:0 status:True] 
1621069039353 [Update odom] 
1621069039473 [vx:0.0 vy:0.0 vth:0.0 yaw:0.0] 
1621069039474 [delta_X:0 delta_y:0 status:True] 
1621069039475 [Update odom] 
1621069039636 [vx:0.0 vy:0.0 vth:0.0 yaw:0.0] 
1621069039636 [delta_X:0 delta_y:0 status:True] 
1621069039637 [Update odom] 
1621069039759 [vx:0.0 vy:0.0 vth:0.0 yaw:0.0] 
1621069039759 [delta_X:0 delta_y:0 status:True] 
1621069039762 [Update odom] 
1621069039879 [vx:0.0 vy:0.0 vth:0.0 yaw:0.0] 
1621069039879 [delta_X:0 delta_y:0 status:True] 
1621069039881 [Update odom] 
1621069040009 [vx:0.0 vy:0.0 vth:0.0 yaw:0.0] 
1621069040009 [delta_X:0 delta_y:0 status:True] 
1621069040019 [Update odom] 
1621069040162 [vx:0.0 vy:0.0 vth:0.0 yaw:0.0] 
1621069040162 [delta_X:0 delta_y:0 status:True] 
1621069040164 [Update odom] 
1621069040297 [vx:0.0 vy:0.0 vth:0.0 yaw:0.0] 
1621069040297 [delta_X:0 delta_y:0 status:True] 
1621069040299 [Update odom] 
1621069040419 [vx:0.0 vy:0.0 vth:0.0 yaw:0.0] 
1621069040419 [delta_X:0 delta_y:0 status:True] 
1621069040421 [Update odom] 
1621069040544 [vx:0.0 vy:0.0 vth:0.0 yaw:0.0] 
1621069040544 [delta_X:0 delta_y:0 status:True] 
1621069040546 [Update odom] 
1621069040679 [vx:0.0 vy:0.0 vth:0.0 yaw:0.0] 
1621069040679 [delta_X:0 delta_y:0 status:True] 
1621069040680 [Update odom] 
1621069040808 [vx:0.0 vy:0.0 vth:0.0 yaw:0.0] 
1621069040808 [delta_X:0 delta_y:0 status:True] 
1621069040809 [Update odom] 
1621069040931 [vx:0.0 vy:0.0 vth:0.0 yaw:0.0] 
1621069040931 [delta_X:0 delta_y:0 status:True] 
1621069040932 [Update odom] 
1621069041063 [vx:0.0 vy:0.0 vth:0.0 yaw:0.0] 
1621069041063 [delta_X:0 delta_y:0 status:True] 
1621069041065 [Update odom] 
1621069041182 [vx:0.0 vy:0.0 vth:0.0 yaw:0.0] 
1621069041182 [delta_X:0 delta_y:0 status:True] 
1621069041183 [Update odom] 
1621069041318 [vx:0.0 vy:0.0 vth:0.0 yaw:0.0] 
1621069041318 [delta_X:0 delta_y:0 status:True] 
1621069041324 [Update odom] 
1621069041335 [log_latest_command] [[ b y t e a r r a y ( b ' \ x a a \ x f f \ x a 0 \ x 0 2 I \ x 0 f \ x 0 e ' ) ]] 
1621069041453 [vx:0.0 vy:0.0 vth:0.0 yaw:0.0] 
1621069041453 [delta_X:0.0 delta_y:0.0 status:False] 
1621069041455 [Update odom] 
1621069041604 [vx:0.0 vy:0.0 vth:0.0 yaw:0.0] 
1621069041604 [delta_X:0.0 delta_y:0.0 status:False] 
1621069041605 [Update odom] 
1621069041732 [vx:0.0 vy:0.0 vth:0.0 yaw:0.0] 
1621069041732 [delta_X:0 delta_y:0 status:True] 
1621069041733 [Update odom] 
1621069041861 [vx:0.0 vy:0.0 vth:0.0 yaw:0.0] 
1621069041861 [delta_X:0 delta_y:0 status:True] 
1621069041862 [Update odom] 
1621069041991 [vx:0.0 vy:0.0 vth:0.0 yaw:0.0] 
1621069041992 [delta_X:0 delta_y:0 status:True] 
1621069041998 [Update odom] 
1621069042135 [vx:0.0 vy:0.0 vth:0.0 yaw:0.0] 
1621069042135 [delta_X:0 delta_y:0 status:True] 
1621069042136 [Update odom] 
1621069042187 [log_latest_command] [[ b y t e a r r a y ( b ' \ x a a \ x f f \ x a 0 \ x 0 2 I \ x 0 f \ x 0 e ' ) ]] 
1621069042267 [vx:0.0 vy:0.0 vth:0.0 yaw:0.0] 
1621069042267 [delta_X:0.0 delta_y:0.0 status:False] 
1621069042268 [Update odom] 
1621069042404 [vx:0.0 vy:0.0 vth:0.0 yaw:0.0] 
1621069042405 [delta_X:0.0 delta_y:0.0 status:False] 
1621069042406 [Update odom] 
1621069042532 [vx:0.0 vy:0.0 vth:0.0 yaw:0.0] 
1621069042533 [delta_X:0.0 delta_y:0.0 status:False] 
1621069042534 [Update odom] 
1621069042664 [vx:0.0 vy:0.0 vth:0.0 yaw:0.0] 
1621069042664 [delta_X:0.0 delta_y:0.0 status:False] 
1621069042665 [Update odom] 
1621069042787 [vx:0.0 vy:0.0 vth:0.0 yaw:0.0] 
1621069042787 [delta_X:0.0 delta_y:0.0 status:False] 
1621069042789 [Update odom] 
1621069042888 [log_latest_command] [[ b y t e a r r a y ( b ' \ x a a \ x f f \ x a 0 \ x 0 2 I \ x 0 f \ x 0 e ' ) ]] 
1621069042913 [vx:0.0 vy:0.0 vth:0.0 yaw:0.0] 
1621069042913 [delta_X:0.0 delta_y:0.0 status:False] 
1621069042914 [Update odom] 
1621069043035 [vx:0.0 vy:0.0 vth:0.0 yaw:0.0] 
1621069043035 [delta_X:0.0 delta_y:0.0 status:False] 
1621069043036 [Update odom] 
1621069043157 [vx:0.0 vy:0.0 vth:0.0 yaw:0.0] 
1621069043158 [delta_X:0.0 delta_y:0.0 status:False] 
1621069043159 [Update odom] 
1621069043288 [vx:0.0 vy:0.0 vth:0.0 yaw:0.0] 
1621069043288 [delta_X:0.0 delta_y:0.0 status:False] 
1621069043289 [Update odom] 
1621069043410 [vx:0.0 vy:0.0 vth:0.0 yaw:0.0] 
1621069043410 [delta_X:0.0 delta_y:0.0 status:False] 
1621069043410 [Update odom] 
1621069043530 [vx:0.0 vy:0.0 vth:0.0 yaw:0.0] 
1621069043530 [delta_X:0.0 delta_y:0.0 status:False] 
1621069043532 [Update odom] 
1621069043654 [vx:0.0 vy:0.0 vth:0.0 yaw:0.0] 
1621069043654 [delta_X:0.0 delta_y:0.0 status:False] 
1621069043655 [Update odom] 
1621069043781 [vx:0.0 vy:0.0 vth:0.0 yaw:0.0] 
1621069043781 [delta_X:0.0 delta_y:0.0 status:False] 
1621069043782 [Update odom] 
1621069043906 [vx:0.0 vy:0.0 vth:0.0 yaw:0.0] 
1621069043906 [delta_X:0.0 delta_y:0.0 status:False] 
1621069043907 [Update odom] 
1621069044045 [vx:0.0 vy:0.0 vth:0.0 yaw:0.0] 
1621069044045 [delta_X:0.0 delta_y:0.0 status:False] 
1621069044047 [Update odom] 
1621069044176 [vx:0.0 vy:0.0 vth:0.0 yaw:0.0] 
1621069044176 [delta_X:0.0 delta_y:0.0 status:False] 
1621069044178 [Update odom] 
1621069044298 [vx:0.0 vy:0.0 vth:0.0 yaw:0.0] 
1621069044298 [delta_X:0.0 delta_y:0.0 status:False] 
1621069044298 [Update odom] 
1621069044417 [vx:0.0 vy:0.0 vth:0.0 yaw:0.0] 
1621069044417 [delta_X:0.0 delta_y:0.0 status:False] 
1621069044418 [Update odom] 
1621069044532 [vx:0.0 vy:0.0 vth:0.0 yaw:0.0] 
1621069044533 [delta_X:0.0 delta_y:0.0 status:False] 
1621069044533 [Update odom] 
1621069044662 [vx:0.0 vy:0.0 vth:0.0 yaw:0.0] 
1621069044662 [delta_X:0.0 delta_y:0.0 status:False] 
1621069044663 [Update odom] 
1621069044799 [vx:0.0 vy:0.0 vth:0.0 yaw:0.0] 
1621069044799 [delta_X:0.0 delta_y:0.0 status:False] 
1621069044802 [Update odom] 
1621069044917 [vx:0.0 vy:0.0 vth:0.0 yaw:0.0] 
1621069044917 [delta_X:0.0 delta_y:0.0 status:False] 
1621069044917 [Update odom] 
1621069045032 [vx:0.0 vy:0.0 vth:0.0 yaw:0.0] 
1621069045032 [delta_X:0.0 delta_y:0.0 status:False] 
1621069045033 [Update odom] 
1621069045155 [vx:0.0 vy:0.0 vth:0.0 yaw:0.0] 
1621069045155 [delta_X:0.0 delta_y:0.0 status:False] 
1621069045156 [Update odom] 
1621069045282 [vx:0.0 vy:0.0 vth:0.0 yaw:0.0] 
1621069045285 [delta_X:0.0 delta_y:0.0 status:False] 
1621069045290 [Update odom] 
1621069045422 [vx:0.0 vy:0.0 vth:0.0 yaw:0.0] 
1621069045422 [delta_X:0.0 delta_y:0.0 status:False] 
1621069045425 [Update odom] 
1621069045547 [vx:0.0 vy:0.0 vth:0.0 yaw:0.0] 
1621069045547 [delta_X:0.0 delta_y:0.0 status:False] 
1621069045549 [Update odom] 
1621069045684 [vx:0.0 vy:0.0 vth:0.0 yaw:0.0] 
1621069045684 [delta_X:0.0 delta_y:0.0 status:False] 
1621069045687 [Update odom] 
1621069045805 [vx:0.0 vy:0.0 vth:0.0 yaw:0.0] 
1621069045805 [delta_X:0.0 delta_y:0.0 status:False] 
1621069045806 [Update odom] 
1621069045926 [vx:0.0 vy:0.0 vth:0.0 yaw:0.0] 
1621069045926 [delta_X:0.0 delta_y:0.0 status:False] 
1621069045927 [Update odom] 
1621069046052 [vx:0.0 vy:0.0 vth:0.0 yaw:0.0] 
1621069046052 [delta_X:0.0 delta_y:0.0 status:False] 
1621069046054 [Update odom] 
1621069046177 [vx:0.0 vy:0.0 vth:0.0 yaw:0.0] 
1621069046177 [delta_X:0.0 delta_y:0.0 status:False] 
1621069046178 [Update odom] 
1621069046295 [vx:0.0 vy:0.0 vth:0.0 yaw:0.0] 
1621069046295 [delta_X:0.0 delta_y:0.0 status:False] 
1621069046297 [Update odom] 
1621069046429 [vx:0.0 vy:0.0 vth:0.0 yaw:0.0] 
1621069046429 [delta_X:0.0 delta_y:0.0 status:False] 
1621069046430 [Update odom] 
1621069046552 [vx:0.0 vy:0.0 vth:0.0 yaw:0.0] 
1621069046552 [delta_X:0.0 delta_y:0.0 status:False] 
1621069046553 [Update odom] 
1621069046686 [vx:0.0 vy:0.0 vth:0.0 yaw:0.0] 
1621069046686 [delta_X:0.0 delta_y:0.0 status:False] 
1621069046687 [Update odom] 
1621069046806 [vx:0.0 vy:0.0 vth:0.0 yaw:0.0] 
1621069046807 [delta_X:0.0 delta_y:0.0 status:False] 
1621069046808 [Update odom] 
1621069046933 [vx:0.0 vy:0.0 vth:0.0 yaw:0.0] 
1621069046933 [delta_X:0.0 delta_y:0.0 status:False] 
1621069046934 [Update odom] 
1621069047055 [vx:0.0 vy:0.0 vth:0.0 yaw:0.0] 
1621069047055 [delta_X:0.0 delta_y:0.0 status:False] 
1621069047063 [Update odom] 
1621069047183 [vx:0.0 vy:0.0 vth:0.0 yaw:0.0] 
1621069047184 [delta_X:0.0 delta_y:0.0 status:False] 
1621069047185 [Update odom] 
1621069047308 [vx:0.0 vy:0.0 vth:0.0 yaw:0.0] 
1621069047308 [delta_X:0.0 delta_y:0.0 status:False] 
1621069047309 [Update odom] 
1621069047428 [vx:0.0 vy:0.0 vth:0.0 yaw:0.0] 
1621069047428 [delta_X:0.0 delta_y:0.0 status:False] 
1621069047429 [Update odom] 
1621069047560 [vx:0.0 vy:0.0 vth:0.0 yaw:0.0] 
1621069047560 [delta_X:0.0 delta_y:0.0 status:False] 
1621069047562 [Update odom] 
1621069047622 [log_latest_command] [[ b y t e a r r a y ( b ' \ x a a \ x f f \ x a 0 \ x 0 2 I \ x 0 f \ x 0 e ' ) ]] 
1621069047682 [vx:0.0 vy:0.0 vth:0.0 yaw:0.0] 
1621069047683 [delta_X:0.0 delta_y:0.0 status:False] 
1621069047685 [Update odom] 
1621069047813 [vx:0.0 vy:0.0 vth:0.0 yaw:0.0] 
1621069047813 [delta_X:0.0 delta_y:0.0 status:False] 
1621069047814 [Update odom] 
1621069047960 [vx:0.0 vy:0.0 vth:0.0 yaw:0.0] 
1621069047960 [delta_X:0.0 delta_y:0.0 status:False] 
1621069047961 [Update odom] 
1621069048084 [vx:0.0 vy:0.0 vth:0.0 yaw:0.0] 
1621069048084 [delta_X:0 delta_y:0 status:True] 
1621069048088 [Update odom] 
1621069048205 [vx:0.0 vy:0.0 vth:0.0 yaw:0.0] 
1621069048205 [delta_X:0 delta_y:0 status:True] 
1621069048207 [Update odom] 
1621069048321 [vx:0.0 vy:0.0 vth:0.0 yaw:0.0] 
1621069048321 [delta_X:0 delta_y:0 status:True] 
1621069048322 [Update odom] 
1621069048436 [vx:0.0 vy:0.0 vth:0.0 yaw:0.0] 
1621069048436 [delta_X:0 delta_y:0 status:True] 
1621069048437 [Update odom] 
1621069048578 [vx:0.0 vy:0.0 vth:0.0 yaw:0.0] 
1621069048578 [delta_X:0 delta_y:0 status:True] 
1621069048580 [Update odom] 
1621069048698 [vx:0.0 vy:0.0 vth:0.0 yaw:0.0] 
1621069048698 [delta_X:0 delta_y:0 status:True] 
1621069048700 [Update odom] 
1621069048833 [vx:0.0 vy:0.0 vth:0.0 yaw:0.0] 
1621069048833 [delta_X:0 delta_y:0 status:True] 
1621069048835 [Update odom] 
1621069048967 [vx:0.0 vy:0.0 vth:0.0 yaw:0.0] 
1621069048967 [delta_X:0 delta_y:0 status:True] 
1621069048975 [Update odom] 
1621069049109 [vx:0.0 vy:0.0 vth:0.0 yaw:0.0] 
1621069049109 [delta_X:0 delta_y:0 status:True] 
1621069049110 [Update odom] 
1621069049260 [vx:0.0 vy:0.0 vth:0.0 yaw:0.0] 
1621069049260 [delta_X:0 delta_y:0 status:True] 
1621069049261 [Update odom] 
1621069049407 [vx:0.0 vy:0.0 vth:0.0 yaw:0.0] 
1621069049407 [delta_X:0 delta_y:0 status:True] 
1621069049421 [Update odom] 
1621069049556 [vx:0.0 vy:0.0 vth:0.0 yaw:0.0] 
1621069049556 [delta_X:0 delta_y:0 status:True] 
1621069049557 [Update odom] 
1621069049675 [vx:0.0 vy:0.0 vth:0.0 yaw:0.0] 
1621069049675 [delta_X:0 delta_y:0 status:True] 
1621069049676 [Update odom] 
1621069049795 [vx:0.0 vy:0.0 vth:0.0 yaw:0.0] 
1621069049795 [delta_X:0 delta_y:0 status:True] 
1621069049796 [Update odom] 
1621069049915 [vx:0.0 vy:0.0 vth:0.0 yaw:0.0] 
1621069049915 [delta_X:0 delta_y:0 status:True] 
1621069049916 [Update odom] 
1621069050057 [vx:0.0 vy:0.0 vth:0.0 yaw:0.0] 
1621069050057 [delta_X:0 delta_y:0 status:True] 
1621069050058 [Update odom] 
1621069050185 [vx:0.0 vy:0.0 vth:0.0 yaw:0.0] 
1621069050185 [delta_X:0 delta_y:0 status:True] 
1621069050187 [Update odom] 
1621069050309 [vx:0.0 vy:0.0 vth:0.0 yaw:0.0] 
1621069050309 [delta_X:0 delta_y:0 status:True] 
1621069050310 [Update odom] 
1621069050447 [vx:0.0 vy:0.0 vth:0.0 yaw:0.0] 
1621069050447 [delta_X:0 delta_y:0 status:True] 
1621069050449 [Update odom] 
1621069050585 [vx:0.0 vy:0.0 vth:0.0 yaw:0.0] 
1621069050586 [delta_X:0 delta_y:0 status:True] 
1621069050590 [Update odom] 
1621069050711 [vx:0.0 vy:0.0 vth:0.0 yaw:0.0] 
1621069050711 [delta_X:0 delta_y:0 status:True] 
1621069050712 [Update odom] 
1621069050837 [vx:0.0 vy:0.0 vth:0.0 yaw:0.0] 
1621069050838 [delta_X:0 delta_y:0 status:True] 
1621069050839 [Update odom] 
1621069050956 [vx:0.0 vy:0.0 vth:0.0 yaw:0.0] 
1621069050957 [delta_X:0 delta_y:0 status:True] 
1621069050959 [Update odom] 
1621069051088 [vx:0.0 vy:0.0 vth:0.0 yaw:0.0] 
1621069051088 [delta_X:0 delta_y:0 status:True] 
1621069051089 [Update odom] 
1621069051216 [vx:0.0 vy:0.0 vth:0.0 yaw:0.0] 
1621069051216 [delta_X:0 delta_y:0 status:True] 
1621069051218 [Update odom] 
1621069051314 [log_latest_command] [[ b y t e a r r a y ( b ' \ x a a \ x f f \ x a 0 \ x 0 2 I \ x 0 f \ x 0 e ' ) ]] 
1621069051356 [vx:0.0 vy:0.0 vth:0.0 yaw:0.0] 
1621069051356 [delta_X:0.0 delta_y:0.0 status:False] 
1621069051365 [Update odom] 
1621069051501 [vx:0.0 vy:0.0 vth:0.0 yaw:0.0] 
1621069051501 [delta_X:0.0 delta_y:0.0 status:False] 
1621069051502 [Update odom] 
1621069051619 [vx:0.0 vy:0.0 vth:0.0 yaw:0.0] 
1621069051619 [delta_X:0.0 delta_y:0.0 status:False] 
1621069051620 [Update odom] 
1621069051735 [vx:0.0 vy:0.0 vth:0.0 yaw:0.0] 
1621069051735 [delta_X:0 delta_y:0 status:True] 
1621069051736 [Update odom] 
1621069051857 [vx:0.0 vy:0.0 vth:0.0 yaw:0.0] 
1621069051857 [delta_X:0 delta_y:0 status:True] 
1621069051858 [Update odom] 
1621069051984 [vx:0.0 vy:0.0 vth:0.0 yaw:0.0] 
1621069051987 [delta_X:0 delta_y:0 status:True] 
1621069051988 [Update odom] 
1621069052110 [vx:0.0 vy:0.0 vth:0.0 yaw:0.0] 
1621069052110 [delta_X:0 delta_y:0 status:True] 
1621069052111 [Update odom] 
1621069052233 [vx:0.0 vy:0.0 vth:0.0 yaw:0.0] 
1621069052233 [delta_X:0 delta_y:0 status:True] 
1621069052235 [Update odom] 
1621069052354 [vx:0.0 vy:0.0 vth:0.0 yaw:0.0] 
1621069052354 [delta_X:0 delta_y:0 status:True] 
1621069052356 [Update odom] 
1621069052474 [vx:0.0 vy:0.0 vth:0.0 yaw:0.0] 
1621069052474 [delta_X:0 delta_y:0 status:True] 
1621069052476 [Update odom] 
1621069052592 [vx:0.0 vy:0.0 vth:0.0 yaw:0.0] 
1621069052592 [delta_X:0 delta_y:0 status:True] 
1621069052592 [Update odom] 
1621069052720 [vx:0.0 vy:0.0 vth:0.0 yaw:0.0] 
1621069052720 [delta_X:0 delta_y:0 status:True] 
1621069052721 [Update odom] 
1621069052866 [vx:0.0 vy:0.0 vth:0.0 yaw:0.0] 
1621069052866 [delta_X:0 delta_y:0 status:True] 
