1623112299319 [Opening serial port: /dev/ttyTHS1.] 
1623112299624 [The robot is connected to ] [/dev/ttyTHS1] 
1623112299624 [Initial robot's topic...] 
1623112299634 [Start initializing navigation] 
1623112299635 [Start initializing navigation topic] 
1623112299715 [Initialization navigation topic finished] 
1623112299720 [Initialization navigation finished] 
1623112299790 [vl:0.0 vr:0.0 yaw:0.0] 
1623112299837 [vl:0.0 vr:0.0 yaw:0.0] 
1623112299881 [vl:0.0 vr:0.0 yaw:0.0] 
1623112299933 [vl:0.0 vr:0.0 yaw:0.0] 
1623112299981 [vl:0.0 vr:0.0 yaw:0.0] 
1623112300033 [vl:0.0 vr:0.0 yaw:0.0] 
1623112300082 [vl:0.0 vr:0.0 yaw:0.0] 
1623112300133 [vl:0.0 vr:0.0 yaw:0.0] 
1623112300181 [vl:0.0 vr:0.0 yaw:0.0] 
1623112300233 [vl:0.0 vr:0.0 yaw:0.0] 
1623112300281 [vl:0.0 vr:0.0 yaw:0.0] 
1623112300333 [vl:0.0 vr:0.0 yaw:0.0] 
1623112300381 [vl:0.0 vr:0.0 yaw:0.0] 
1623112300433 [vl:0.0 vr:0.0 yaw:0.0] 
1623112300481 [vl:0.0 vr:0.0 yaw:0.0] 
1623112300533 [vl:0.0 vr:0.0 yaw:0.0] 
1623112300581 [vl:0.0 vr:0.0 yaw:0.0] 
1623112300633 [vl:0.0 vr:0.0 yaw:0.0] 
1623112300689 [vl:0.0 vr:0.0 yaw:0.0] 
1623112300733 [vl:0.0 vr:0.0 yaw:0.0] 
1623112300781 [vl:0.0 vr:0.0 yaw:0.0] 
1623112300833 [vl:0.0 vr:0.0 yaw:0.0] 
1623112300881 [vl:0.0 vr:0.0 yaw:0.0] 
1623112300934 [vl:0.0 vr:0.0 yaw:0.0] 
1623112300984 [vl:0.0 vr:0.0 yaw:0.0] 
1623112301033 [vl:0.0 vr:0.0 yaw:0.0] 
1623112301047 [log_latest_command] [[ b y t e a r r a y ( b ' \ x a a \ x f f \ x a 0 \ x 0 2 I \ x 0 f \ x 0 e ' ) ]] 
1623112301081 [vl:0.0 vr:0.0 yaw:0.0] 
1623112301133 [vl:0.0 vr:0.0 yaw:0.0] 
1623112301181 [vl:0.0 vr:0.0 yaw:0.0] 
1623112301233 [vl:0.0 vr:0.0 yaw:0.0] 
1623112301285 [vl:0.0 vr:0.0 yaw:0.0] 
1623112301333 [vl:0.0 vr:0.0 yaw:0.0] 
1623112301385 [vl:0.0 vr:0.0 yaw:0.0] 
1623112301433 [vl:0.0 vr:0.0 yaw:0.0] 
1623112301481 [vl:0.0 vr:0.0 yaw:0.0] 
1623112301533 [vl:0.0 vr:0.0 yaw:0.0] 
1623112301581 [vl:0.0 vr:0.0 yaw:0.0] 
1623112301633 [vl:0.0 vr:0.0 yaw:0.0] 
1623112301681 [vl:0.0 vr:0.0 yaw:0.0] 
1623112301733 [vl:0.0 vr:0.0 yaw:0.0] 
1623112301781 [vl:0.0 vr:0.0 yaw:0.0] 
1623112301833 [vl:0.0 vr:0.0 yaw:0.0] 
1623112301881 [vl:0.0 vr:0.0 yaw:0.0] 
1623112301933 [vl:0.0 vr:0.0 yaw:0.0] 
1623112301981 [vl:0.0 vr:0.0 yaw:0.0] 
1623112302033 [vl:0.0 vr:0.0 yaw:0.0] 
1623112302081 [vl:0.0 vr:0.0 yaw:0.0] 
1623112302133 [vl:0.0 vr:0.0 yaw:0.0] 
1623112302182 [vl:0.0 vr:0.0 yaw:0.0] 
1623112302233 [vl:0.0 vr:0.0 yaw:0.0] 
1623112302281 [vl:0.0 vr:0.0 yaw:0.0] 
1623112302333 [vl:0.0 vr:0.0 yaw:0.0] 
1623112302382 [vl:0.0 vr:0.0 yaw:0.0] 
1623112302433 [vl:0.0 vr:0.0 yaw:0.0] 
1623112302481 [vl:0.0 vr:0.0 yaw:0.0] 
1623112302533 [vl:0.0 vr:0.0 yaw:0.0] 
1623112302581 [vl:0.0 vr:0.0 yaw:0.0] 
1623112302633 [vl:0.0 vr:0.0 yaw:0.0] 
1623112302681 [vl:0.0 vr:0.0 yaw:0.0] 
1623112302724 [log_latest_command] [[ b y t e a r r a y ( b ' \ x a a \ x f f \ x a 0 \ x 0 2 I \ x 0 f \ x 0 e ' ) ]] 
1623112302737 [vl:0.0 vr:0.0 yaw:0.0] 
1623112302781 [vl:-0.0145 vr:-0.03 yaw:0.0] 
1623112302834 [vl:0.0 vr:-0.03 yaw:0.0] 
1623112302881 [vl:0.0 vr:-0.014 yaw:0.0] 
1623112302933 [vl:0.0 vr:-0.03 yaw:0.0] 
1623112302981 [vl:-0.0145 vr:-0.0285 yaw:0.0] 
1623112303033 [vl:0.0 vr:-0.0775 yaw:0.0] 
1623112303081 [vl:-0.0145 vr:-0.059 yaw:0.0] 
1623112303133 [vl:-0.0145 vr:-0.059 yaw:0.0] 
1623112303185 [vl:-0.0145 vr:-0.059 yaw:0.0] 
1623112303233 [vl:-0.0295 vr:-0.092 yaw:0.0] 
1623112303285 [vl:-0.0295 vr:-0.092 yaw:0.0] 
1623112303333 [vl:-0.0145 vr:-0.059 yaw:0.0] 
1623112303381 [vl:-0.077 vr:-0.0735 yaw:0.0] 
1623112303433 [vl:-0.0935 vr:-0.123 yaw:0.0] 
1623112303481 [vl:-0.0935 vr:-0.0775 yaw:0.0] 
1623112303533 [vl:-0.0935 vr:-0.1375 yaw:0.0] 
1623112303581 [vl:-0.1085 vr:-0.123 yaw:0.0] 
1623112303633 [vl:-0.125 vr:-0.1375 yaw:0.0] 
1623112303681 [vl:-0.125 vr:-0.123 yaw:0.0] 
1623112303733 [vl:-0.1085 vr:-0.1065 yaw:0.0] 
1623112303781 [vl:-0.125 vr:-0.123 yaw:0.0] 
1623112303833 [vl:-0.1235 vr:-0.1375 yaw:0.0] 
1623112303881 [vl:-0.1085 vr:-0.123 yaw:0.0] 
1623112303933 [vl:-0.125 vr:-0.154 yaw:0.0] 
1623112303981 [vl:-0.125 vr:-0.1375 yaw:0.0] 
1623112304035 [vl:-0.1085 vr:-0.123 yaw:0.0] 
1623112304081 [vl:-0.1085 vr:-0.1065 yaw:0.0] 
1623112304133 [vl:-0.125 vr:-0.1375 yaw:0.0] 
1623112304181 [vl:-0.125 vr:-0.123 yaw:0.0] 
1623112304233 [vl:-0.1085 vr:-0.154 yaw:0.0] 
1623112304281 [vl:-0.125 vr:-0.1395 yaw:0.0] 
1623112304333 [vl:-0.125 vr:-0.1375 yaw:0.0] 
1623112304381 [vl:-0.125 vr:-0.1515 yaw:0.0] 
1623112304433 [vl:-0.125 vr:-0.123 yaw:0.0] 
1623112304481 [vl:-0.125 vr:-0.1515 yaw:0.0] 
1623112304533 [vl:-0.14 vr:-0.1375 yaw:0.0] 
1623112304581 [vl:-0.14 vr:-0.123 yaw:0.0] 
1623112304633 [vl:-0.125 vr:-0.1375 yaw:0.0] 
1623112304681 [vl:-0.125 vr:-0.1375 yaw:0.0] 
1623112304733 [vl:-0.1085 vr:-0.1375 yaw:0.0] 
1623112304781 [vl:-0.14 vr:-0.1515 yaw:0.0] 
1623112304833 [vl:-0.125 vr:-0.154 yaw:0.0] 
1623112304881 [vl:-0.14 vr:-0.1705 yaw:0.0] 
1623112304933 [vl:-0.14 vr:-0.123 yaw:0.0] 
1623112304981 [vl:-0.125 vr:-0.1825 yaw:0.0] 
1623112305033 [vl:-0.14 vr:-0.1375 yaw:0.0] 
1623112305081 [vl:-0.125 vr:-0.154 yaw:0.0] 
1623112305133 [vl:-0.14 vr:-0.123 yaw:0.0] 
1623112305181 [vl:-0.14 vr:-0.1375 yaw:0.0] 
1623112305234 [vl:-0.14 vr:-0.168 yaw:0.0] 
1623112305281 [vl:-0.14 vr:-0.1515 yaw:0.0] 
1623112305333 [vl:-0.1415 vr:-0.1375 yaw:0.0] 
1623112305381 [vl:-0.14 vr:-0.168 yaw:0.0] 
1623112305433 [vl:-0.1415 vr:-0.154 yaw:0.0] 
1623112305481 [vl:-0.14 vr:-0.1375 yaw:0.0] 
1623112305533 [vl:-0.1085 vr:-0.168 yaw:0.0] 
1623112305581 [vl:-0.14 vr:-0.154 yaw:0.0] 
1623112305633 [vl:-0.1565 vr:-0.168 yaw:0.0] 
1623112305681 [vl:-0.155 vr:-0.1375 yaw:0.0] 
1623112305733 [vl:-0.14 vr:-0.168 yaw:0.0] 
1623112305781 [vl:-0.1565 vr:-0.1705 yaw:0.0] 
1623112305833 [vl:-0.14 vr:-0.168 yaw:0.0] 
1623112305881 [vl:-0.14 vr:-0.168 yaw:0.0] 
1623112305933 [vl:-0.155 vr:-0.1515 yaw:0.0] 
1623112305985 [vl:-0.14 vr:-0.1375 yaw:0.0] 
1623112306000 [log_latest_command] [[ b y t e a r r a y ( b ' \ x a a \ x f f \ x a 0 \ x 0 2 I \ x 0 f \ x 0 e ' ) ]] 
1623112306033 [vl:-0.125 vr:-0.123 yaw:0.0] 
1623112306083 [vl:-0.125 vr:-0.123 yaw:0.0] 
1623112306138 [vl:-0.0935 vr:-0.092 yaw:0.0] 
1623112306183 [vl:-0.0785 vr:-0.0775 yaw:0.0] 
1623112306233 [vl:-0.077 vr:-0.1065 yaw:0.0] 
1623112306281 [vl:-0.11 vr:-0.0755 yaw:0.0] 
1623112306333 [vl:-0.0935 vr:-0.0775 yaw:0.0] 
1623112306382 [vl:-0.1085 vr:-0.0775 yaw:0.0] 
1623112306433 [vl:-0.125 vr:-0.0775 yaw:0.0] 
1623112306481 [vl:-0.077 vr:-0.092 yaw:0.0] 
1623112306533 [vl:-0.077 vr:-0.0755 yaw:0.0] 
1623112306581 [vl:-0.0935 vr:-0.1065 yaw:0.0] 
1623112306633 [vl:-0.1085 vr:-0.09 yaw:0.0] 
1623112306681 [vl:-0.1085 vr:-0.0755 yaw:0.0] 
1623112306733 [vl:-0.1085 vr:-0.1065 yaw:0.0] 
1623112306781 [vl:-0.1085 vr:-0.0755 yaw:0.0] 
1623112306833 [vl:-0.1085 vr:-0.1085 yaw:0.0] 
1623112306881 [vl:-0.0935 vr:-0.1065 yaw:0.0] 
1623112306933 [vl:-0.125 vr:-0.09 yaw:0.0] 
1623112306985 [vl:-0.0935 vr:-0.1065 yaw:0.0] 
1623112307037 [vl:-0.092 vr:-0.1085 yaw:0.0] 
1623112307081 [vl:-0.0935 vr:-0.0775 yaw:0.0] 
1623112307133 [vl:-0.125 vr:-0.092 yaw:0.0] 
1623112307181 [vl:-0.062 vr:-0.1085 yaw:0.0] 
1623112307233 [vl:-0.11 vr:-0.092 yaw:0.0] 
1623112307281 [vl:-0.0935 vr:-0.1065 yaw:0.0] 
1623112307333 [vl:-0.1085 vr:-0.09 yaw:0.0] 
1623112307385 [vl:-0.125 vr:-0.123 yaw:0.0] 
1623112307433 [vl:-0.11 vr:-0.09 yaw:0.0] 
1623112307481 [vl:-0.0935 vr:-0.09 yaw:0.0] 
1623112307533 [vl:-0.11 vr:-0.123 yaw:0.0] 
1623112307581 [vl:-0.11 vr:-0.1065 yaw:0.0] 
1623112307633 [vl:-0.1085 vr:-0.1065 yaw:0.0] 
1623112307681 [vl:-0.125 vr:-0.09 yaw:0.0] 
1623112307737 [vl:-0.11 vr:-0.123 yaw:0.0] 
1623112307781 [vl:-0.125 vr:-0.1065 yaw:0.0] 
1623112307834 [vl:-0.0935 vr:-0.092 yaw:0.0] 
1623112307882 [vl:-0.125 vr:-0.092 yaw:0.0] 
1623112307933 [vl:-0.11 vr:-0.123 yaw:0.0] 
1623112307981 [vl:-0.14 vr:-0.1065 yaw:0.0] 
1623112308033 [vl:-0.14 vr:-0.123 yaw:0.0] 
1623112308081 [vl:-0.1085 vr:-0.1065 yaw:0.0] 
1623112308133 [vl:-0.14 vr:-0.1065 yaw:0.0] 
1623112308181 [vl:-0.14 vr:-0.09 yaw:0.0] 
1623112308233 [vl:-0.1235 vr:-0.1065 yaw:0.0] 
1623112308285 [vl:-0.125 vr:-0.1065 yaw:0.0] 
1623112308333 [vl:-0.125 vr:-0.092 yaw:0.0] 
1623112308381 [vl:-0.1235 vr:-0.1085 yaw:0.0] 
1623112308433 [vl:-0.143 vr:-0.09 yaw:0.0] 
1623112308481 [vl:-0.1085 vr:-0.0755 yaw:0.0] 
1623112308533 [vl:-0.125 vr:-0.123 yaw:0.0] 
1623112308581 [vl:-0.092 vr:-0.09 yaw:0.0] 
1623112308637 [vl:-0.11 vr:-0.1065 yaw:0.0] 
1623112308685 [vl:-0.125 vr:-0.09 yaw:0.0] 
1623112308733 [vl:-0.1085 vr:-0.09 yaw:0.0] 
1623112308782 [vl:-0.125 vr:-0.1085 yaw:0.0] 
1623112308833 [vl:-0.1085 vr:-0.092 yaw:0.0] 
1623112308881 [vl:-0.1085 vr:-0.09 yaw:0.0] 
1623112308933 [vl:-0.1085 vr:-0.1085 yaw:0.0] 
1623112308981 [vl:-0.125 vr:-0.094 yaw:0.0] 
1623112309033 [vl:-0.14 vr:-0.09 yaw:0.0] 
1623112309081 [vl:-0.125 vr:-0.092 yaw:0.0] 
1623112309133 [vl:-0.092 vr:-0.092 yaw:0.0] 
1623112309181 [vl:-0.125 vr:-0.061 yaw:0.0] 
1623112309234 [vl:-0.125 vr:-0.0755 yaw:0.0] 
1623112309281 [vl:-0.125 vr:-0.0775 yaw:0.0] 
1623112309337 [vl:-0.0935 vr:-0.092 yaw:0.0] 
1623112309381 [vl:-0.1085 vr:-0.09 yaw:0.0] 
1623112309433 [vl:-0.125 vr:-0.061 yaw:0.0] 
1623112309481 [vl:-0.125 vr:-0.061 yaw:0.0] 
1623112309533 [vl:-0.1565 vr:-0.092 yaw:0.0] 
1623112309581 [vl:-0.1415 vr:-0.0755 yaw:0.0] 
1623112309633 [vl:-0.14 vr:-0.09 yaw:0.0] 
1623112309681 [vl:-0.1415 vr:-0.0755 yaw:0.0] 
1623112309733 [vl:-0.1235 vr:-0.0755 yaw:0.0] 
1623112309781 [vl:-0.1565 vr:-0.0465 yaw:0.0] 
1623112309833 [vl:-0.125 vr:-0.1085 yaw:0.0] 
1623112309881 [vl:-0.1235 vr:-0.0775 yaw:0.0] 
1623112309933 [vl:-0.125 vr:-0.0755 yaw:0.0] 
1623112309981 [vl:-0.1565 vr:-0.061 yaw:0.0] 
1623112310033 [vl:-0.125 vr:-0.063 yaw:0.0] 
1623112310081 [vl:-0.125 vr:-0.1085 yaw:0.0] 
1623112310133 [vl:-0.14 vr:-0.0755 yaw:0.0] 
1623112310181 [vl:-0.14 vr:-0.0775 yaw:0.0] 
1623112310233 [vl:-0.14 vr:-0.0755 yaw:0.0] 
1623112310281 [vl:-0.125 vr:-0.0755 yaw:0.0] 
1623112310333 [vl:-0.14 vr:-0.0795 yaw:0.0] 
1623112310385 [vl:-0.125 vr:-0.092 yaw:0.0] 
1623112310433 [vl:-0.1085 vr:-0.0795 yaw:0.0] 
1623112310481 [vl:-0.14 vr:-0.092 yaw:0.0] 
1623112310534 [vl:-0.125 vr:-0.1085 yaw:0.0] 
1623112310581 [vl:-0.14 vr:-0.0775 yaw:0.0] 
1623112310633 [vl:-0.1715 vr:-0.0755 yaw:0.0] 
1623112310685 [vl:-0.14 vr:-0.061 yaw:0.0] 
1623112310734 [vl:-0.14 vr:-0.0465 yaw:0.0] 
1623112310781 [vl:-0.1565 vr:-0.092 yaw:0.0] 
1623112310833 [vl:-0.14 vr:-0.061 yaw:0.0] 
1623112310892 [log_latest_command] [[ b y t e a r r a y ( b ' \ x a a \ x f f \ x a 0 \ x 0 2 I \ x 0 f \ x 0 e ' ) ]] 
1623112310906 [vl:-0.125 vr:-0.0465 yaw:0.0] 
1623112310933 [vl:-0.0935 vr:-0.09 yaw:0.0] 
1623112310981 [vl:-0.0935 vr:-0.1065 yaw:0.0] 
1623112311033 [vl:-0.0935 vr:-0.094 yaw:0.0] 
1623112311081 [vl:-0.11 vr:-0.1065 yaw:0.0] 
1623112311137 [vl:-0.077 vr:-0.094 yaw:0.0] 
1623112311181 [vl:-0.0785 vr:-0.1085 yaw:0.0] 
1623112311233 [vl:-0.0935 vr:-0.092 yaw:0.0] 
1623112311281 [vl:-0.0935 vr:-0.092 yaw:0.0] 
1623112311335 [vl:-0.1085 vr:-0.0755 yaw:0.0] 
1623112311381 [vl:-0.0935 vr:-0.1065 yaw:0.0] 
1623112311433 [vl:-0.0935 vr:-0.061 yaw:0.0] 
1623112311481 [vl:-0.0935 vr:-0.09 yaw:0.0] 
1623112311533 [vl:-0.11 vr:-0.09 yaw:0.0] 
1623112311581 [vl:-0.077 vr:-0.09 yaw:0.0] 
1623112311636 [vl:-0.0935 vr:-0.0775 yaw:0.0] 
1623112311681 [vl:-0.0935 vr:-0.123 yaw:0.0] 
1623112311733 [vl:-0.0935 vr:-0.0755 yaw:0.0] 
1623112311781 [vl:-0.0935 vr:-0.092 yaw:0.0] 
1623112311833 [vl:-0.077 vr:-0.1065 yaw:0.0] 
1623112311881 [vl:-0.077 vr:-0.1085 yaw:0.0] 
1623112311933 [vl:-0.1085 vr:-0.09 yaw:0.0] 
1623112311981 [vl:-0.0935 vr:-0.123 yaw:0.0] 
1623112312033 [vl:-0.077 vr:-0.123 yaw:0.0] 
1623112312081 [vl:-0.1085 vr:-0.123 yaw:0.0] 
1623112312133 [vl:-0.077 vr:-0.1065 yaw:0.0] 
1623112312176 [vl:-0.1085 vr:-0.123 yaw:0.0] 
1623112312233 [vl:-0.077 vr:-0.1065 yaw:0.0] 
1623112312281 [vl:-0.1085 vr:-0.1065 yaw:0.0] 
1623112312333 [vl:-0.0935 vr:-0.1085 yaw:0.0] 
1623112312381 [vl:-0.077 vr:-0.094 yaw:0.0] 
1623112312416 [log_latest_command] [[ b y t e a r r a y ( b ' \ x a a \ x f f \ x a 0 \ x 0 2 I \ x 0 f \ x 0 e ' ) ]] 
1623112312441 [vl:-0.1085 vr:-0.092 yaw:0.0] 
1623112312481 [vl:-0.14 vr:-0.0465 yaw:0.0] 
1623112312533 [vl:-0.1415 vr:-0.09 yaw:0.0] 
1623112312582 [vl:-0.1385 vr:-0.09 yaw:0.0] 
1623112312633 [vl:-0.125 vr:-0.1065 yaw:0.0] 
1623112312681 [vl:-0.125 vr:-0.092 yaw:0.0] 
1623112312733 [vl:-0.125 vr:-0.1065 yaw:0.0] 
1623112312781 [vl:-0.125 vr:-0.092 yaw:0.0] 
1623112312833 [vl:-0.125 vr:-0.1065 yaw:0.0] 
1623112312886 [vl:-0.125 vr:-0.123 yaw:0.0] 
1623112312937 [vl:-0.1085 vr:-0.1065 yaw:0.0] 
1623112312981 [vl:-0.125 vr:-0.09 yaw:0.0] 
1623112313033 [vl:-0.14 vr:-0.09 yaw:0.0] 
1623112313081 [vl:-0.125 vr:-0.09 yaw:0.0] 
1623112313135 [vl:-0.1415 vr:-0.09 yaw:0.0] 
1623112313181 [vl:-0.14 vr:-0.1065 yaw:0.0] 
1623112313233 [vl:-0.125 vr:-0.1065 yaw:0.0] 
1623112313281 [vl:-0.125 vr:-0.1065 yaw:0.0] 
1623112313333 [vl:-0.125 vr:-0.1065 yaw:0.0] 
1623112313381 [vl:-0.125 vr:-0.09 yaw:0.0] 
1623112313433 [vl:-0.11 vr:-0.0755 yaw:0.0] 
1623112313481 [vl:-0.11 vr:-0.09 yaw:0.0] 
1623112313539 [vl:-0.1085 vr:-0.0775 yaw:0.0] 
1623112313590 [vl:-0.1085 vr:-0.1085 yaw:0.0] 
1623112313633 [vl:-0.1085 vr:-0.1065 yaw:0.0] 
1623112313681 [vl:-0.125 vr:-0.1085 yaw:0.0] 
1623112313733 [vl:-0.125 vr:-0.0775 yaw:0.0] 
1623112313781 [vl:-0.1085 vr:-0.0755 yaw:0.0] 
1623112313833 [vl:-0.125 vr:-0.061 yaw:0.0] 
1623112313881 [vl:-0.11 vr:-0.0755 yaw:0.0] 
1623112313933 [vl:-0.125 vr:-0.1085 yaw:0.0] 
1623112313981 [vl:-0.125 vr:-0.092 yaw:0.0] 
1623112314033 [vl:-0.125 vr:-0.092 yaw:0.0] 
1623112314081 [vl:-0.125 vr:-0.059 yaw:0.0] 
1623112314133 [vl:-0.11 vr:-0.061 yaw:0.0] 
1623112314181 [vl:-0.125 vr:-0.061 yaw:0.0] 
1623112314238 [vl:-0.125 vr:-0.0775 yaw:0.0] 
1623112314281 [vl:-0.125 vr:-0.061 yaw:0.0] 
1623112314333 [vl:-0.125 vr:-0.092 yaw:0.0] 
1623112314381 [vl:-0.1085 vr:-0.0755 yaw:0.0] 
1623112314433 [vl:-0.1415 vr:-0.061 yaw:0.0] 
1623112314481 [vl:-0.125 vr:-0.061 yaw:0.0] 
1623112314533 [vl:-0.1415 vr:-0.0755 yaw:0.0] 
1623112314581 [vl:-0.125 vr:-0.0755 yaw:0.0] 
1623112314592 [log_latest_command] [[ b y t e a r r a y ( b ' \ x a a \ x f f \ x a 0 \ x 0 2 I \ x 0 f \ x 0 e ' ) ]] 
1623112314633 [vl:-0.077 vr:-0.09 yaw:0.0] 
1623112314681 [vl:-0.0935 vr:-0.1065 yaw:0.0] 
1623112314733 [vl:-0.077 vr:-0.092 yaw:0.0] 
1623112314781 [vl:-0.092 vr:-0.092 yaw:0.0] 
1623112314833 [vl:-0.077 vr:-0.092 yaw:0.0] 
1623112314881 [vl:-0.0935 vr:-0.094 yaw:0.0] 
1623112314933 [vl:-0.0935 vr:-0.092 yaw:0.0] 
1623112314981 [vl:-0.092 vr:-0.1065 yaw:0.0] 
1623112315033 [vl:-0.11 vr:-0.0755 yaw:0.0] 
1623112315081 [vl:-0.092 vr:-0.092 yaw:0.0] 
1623112315133 [vl:-0.0935 vr:-0.0775 yaw:0.0] 
1623112315181 [vl:-0.0935 vr:-0.1065 yaw:0.0] 
1623112315238 [vl:-0.0935 vr:-0.0755 yaw:0.0] 
1623112315281 [vl:-0.077 vr:-0.1085 yaw:0.0] 
1623112315333 [vl:-0.0935 vr:-0.123 yaw:0.0] 
1623112315381 [vl:-0.1085 vr:-0.123 yaw:0.0] 
1623112315433 [vl:-0.0935 vr:-0.0755 yaw:0.0] 
1623112315481 [vl:-0.092 vr:-0.09 yaw:0.0] 
1623112315533 [vl:-0.0935 vr:-0.09 yaw:0.0] 
1623112315586 [vl:-0.077 vr:-0.1085 yaw:0.0] 
1623112315633 [vl:-0.077 vr:-0.1085 yaw:0.0] 
1623112315681 [vl:-0.0785 vr:-0.1065 yaw:0.0] 
1623112315733 [vl:-0.077 vr:-0.123 yaw:0.0] 
1623112315781 [vl:-0.062 vr:-0.1085 yaw:0.0] 
1623112315833 [vl:-0.125 vr:-0.092 yaw:0.0] 
1623112315881 [vl:-0.0935 vr:-0.123 yaw:0.0] 
1623112315933 [vl:-0.062 vr:-0.1085 yaw:0.0] 
1623112315981 [vl:-0.0935 vr:-0.094 yaw:0.0] 
1623112316033 [vl:-0.11 vr:-0.092 yaw:0.0] 
1623112316081 [vl:-0.062 vr:-0.1085 yaw:0.0] 
1623112316133 [vl:-0.0935 vr:-0.092 yaw:0.0] 
1623112316181 [vl:-0.1085 vr:-0.1065 yaw:0.0] 
1623112316235 [vl:-0.125 vr:-0.1085 yaw:0.0] 
1623112316281 [vl:-0.1085 vr:-0.1065 yaw:0.0] 
1623112316336 [vl:-0.0935 vr:-0.123 yaw:0.0] 
1623112316381 [vl:-0.125 vr:-0.09 yaw:0.0] 
1623112316433 [vl:-0.0935 vr:-0.1085 yaw:0.0] 
1623112316481 [vl:-0.1085 vr:-0.1065 yaw:0.0] 
1623112316533 [vl:-0.125 vr:-0.1065 yaw:0.0] 
1623112316581 [vl:-0.0935 vr:-0.1065 yaw:0.0] 
1623112316633 [vl:-0.1085 vr:-0.09 yaw:0.0] 
1623112316681 [vl:-0.1085 vr:-0.1065 yaw:0.0] 
1623112316733 [vl:-0.1085 vr:-0.1065 yaw:0.0] 
1623112316781 [vl:-0.125 vr:-0.1375 yaw:0.0] 
1623112316833 [vl:-0.092 vr:-0.1085 yaw:0.0] 
1623112316881 [vl:-0.125 vr:-0.123 yaw:0.0] 
1623112316933 [vl:-0.1085 vr:-0.123 yaw:0.0] 
1623112316981 [vl:-0.11 vr:-0.123 yaw:0.0] 
1623112317033 [vl:-0.0935 vr:-0.123 yaw:0.0] 
1623112317081 [vl:-0.0935 vr:-0.1065 yaw:0.0] 
1623112317133 [vl:-0.0935 vr:-0.1065 yaw:0.0] 
1623112317181 [vl:-0.0935 vr:-0.092 yaw:0.0] 
1623112317233 [vl:-0.1085 vr:-0.123 yaw:0.0] 
1623112317281 [vl:-0.077 vr:-0.123 yaw:0.0] 
1623112317333 [vl:-0.0935 vr:-0.123 yaw:0.0] 
1623112317381 [vl:-0.092 vr:-0.09 yaw:0.0] 
1623112317433 [vl:-0.0935 vr:-0.1375 yaw:0.0] 
1623112317481 [vl:-0.1085 vr:-0.123 yaw:0.0] 
1623112317533 [vl:-0.1085 vr:-0.123 yaw:0.0] 
1623112317581 [vl:-0.0935 vr:-0.123 yaw:0.0] 
1623112317633 [vl:-0.077 vr:-0.121 yaw:0.0] 
1623112317681 [vl:-0.1085 vr:-0.123 yaw:0.0] 
1623112317733 [vl:-0.0935 vr:-0.123 yaw:0.0] 
1623112317781 [vl:-0.0935 vr:-0.1065 yaw:0.0] 
1623112317833 [vl:-0.0935 vr:-0.1515 yaw:0.0] 
1623112317881 [vl:-0.0935 vr:-0.1375 yaw:0.0] 
1623112317933 [vl:-0.1085 vr:-0.123 yaw:0.0] 
1623112317981 [vl:-0.0935 vr:-0.1375 yaw:0.0] 
1623112318033 [vl:-0.0935 vr:-0.123 yaw:0.0] 
1623112318081 [vl:-0.0785 vr:-0.123 yaw:0.0] 
1623112318133 [vl:-0.077 vr:-0.1375 yaw:0.0] 
1623112318181 [vl:-0.0785 vr:-0.123 yaw:0.0] 
1623112318233 [vl:-0.0935 vr:-0.1375 yaw:0.0] 
1623112318281 [vl:-0.0935 vr:-0.121 yaw:0.0] 
1623112318324 [log_latest_command] [[ b y t e a r r a y ( b ' \ x a a \ x f f \ x a 0 \ x 0 2 I \ x 0 f \ x 0 e ' ) ]] 
1623112318349 [vl:-0.0935 vr:-0.121 yaw:0.0] 
1623112318385 [vl:-0.062 vr:-0.014 yaw:0.0] 
1623112318433 [vl:-0.0145 vr:-0.0465 yaw:0.0] 
1623112318481 [vl:0.0 vr:-0.016 yaw:0.0] 
1623112318533 [vl:0.0 vr:-0.016 yaw:0.0] 
1623112318581 [vl:0.0 vr:0.0 yaw:0.0] 
1623112318633 [vl:0.0 vr:0.0 yaw:0.0] 
1623112318681 [vl:0.0 vr:0.0 yaw:0.0] 
1623112318733 [vl:0.0 vr:0.0 yaw:0.0] 
1623112318748 [log_latest_command] [[ b y t e a r r a y ( b ' \ x a a \ x f f \ x a 0 \ x 0 2 I \ x 0 f \ x 0 e ' ) ]] 
1623112318781 [vl:0.0305 vr:0.0 yaw:0.0] 
1623112318833 [vl:0.016 vr:0.014 yaw:0.0] 
1623112318881 [vl:0.0 vr:0.0 yaw:0.0] 
1623112318933 [vl:0.0 vr:0.0 yaw:0.0] 
1623112318981 [vl:0.0145 vr:0.014 yaw:0.0] 
1623112319008 [log_latest_command] [[ b y t e a r r a y ( b ' \ x a a \ x f f \ x a 0 \ x 0 2 I \ x 0 f \ x 0 e ' ) ]] 
1623112319036 [vl:0.0145 vr:0.0 yaw:0.0] 
1623112319081 [vl:0.0305 vr:0.0 yaw:0.0] 
1623112319133 [vl:0.047 vr:0.0 yaw:0.0] 
1623112319181 [vl:0.047 vr:0.0 yaw:0.0] 
1623112319233 [vl:0.062 vr:0.0 yaw:0.0] 
1623112319281 [vl:0.0145 vr:0.0 yaw:0.0] 
1623112319333 [vl:0.062 vr:0.0 yaw:0.0] 
1623112319381 [vl:0.0455 vr:0.0 yaw:0.0] 
1623112319433 [vl:0.0305 vr:0.0 yaw:0.0] 
1623112319481 [vl:0.0455 vr:0.0 yaw:0.0] 
1623112319529 [vl:0.0455 vr:0.0 yaw:0.0] 
1623112319581 [vl:0.062 vr:0.0 yaw:0.0] 
1623112319635 [vl:0.062 vr:0.0 yaw:0.0] 
1623112319681 [vl:0.077 vr:0.0 yaw:0.0] 
1623112319733 [vl:0.077 vr:0.0 yaw:0.0] 
1623112319781 [vl:0.077 vr:0.0 yaw:0.0] 
1623112319833 [vl:0.077 vr:0.0 yaw:0.0] 
1623112319881 [vl:0.077 vr:0.016 yaw:0.0] 
1623112319933 [vl:0.11 vr:0.014 yaw:0.0] 
1623112319981 [vl:0.1085 vr:0.014 yaw:0.0] 
1623112320033 [vl:0.092 vr:0.061 yaw:0.0] 
1623112320081 [vl:0.125 vr:0.03 yaw:0.0] 
1623112320133 [vl:0.125 vr:0.0465 yaw:0.0] 
1623112320181 [vl:0.1085 vr:0.061 yaw:0.0] 
1623112320241 [log_latest_command] [[ b y t e a r r a y ( b ' \ x a a \ x f f \ x a 0 \ x 0 2 I \ x 0 f \ x 0 e ' ) ]] 
1623112320278 [vl:0.1085 vr:0.061 yaw:0.0] 
1623112320290 [vl:0.0145 vr:0.016 yaw:0.0] 
1623112320337 [vl:0.0 vr:0.0 yaw:0.0] 
1623112320382 [vl:0.0 vr:0.0 yaw:0.0] 
1623112320433 [vl:0.0 vr:0.0 yaw:0.0] 
1623112320481 [vl:0.0 vr:0.0 yaw:0.0] 
1623112320533 [vl:0.0 vr:0.0 yaw:0.0] 
1623112320581 [vl:0.0 vr:0.0 yaw:0.0] 
1623112320633 [vl:0.0 vr:0.0 yaw:0.0] 
1623112320692 [log_latest_command] [[ b y t e a r r a y ( b ' \ x a a \ x f f \ x a 0 \ x 0 2 I \ x 0 f \ x 0 e ' ) ]] 
1623112320705 [vl:0.0 vr:0.0 yaw:0.0] 
1623112320736 [vl:0.077 vr:0.0 yaw:0.0] 
1623112320785 [vl:0.1085 vr:0.014 yaw:0.0] 
1623112320833 [vl:0.1085 vr:0.03 yaw:0.0] 
1623112320881 [vl:0.125 vr:0.0755 yaw:0.0] 
1623112320933 [vl:0.125 vr:0.0775 yaw:0.0] 
1623112320981 [vl:0.1235 vr:0.0775 yaw:0.0] 
1623112321033 [vl:0.125 vr:0.0755 yaw:0.0] 
1623112321081 [vl:0.1235 vr:0.092 yaw:0.0] 
1623112321133 [vl:0.125 vr:0.0445 yaw:0.0] 
1623112321181 [vl:0.1385 vr:0.061 yaw:0.0] 
1623112321233 [vl:0.1415 vr:0.0465 yaw:0.0] 
1623112321281 [vl:0.125 vr:0.0755 yaw:0.0] 
1623112321340 [vl:0.155 vr:0.0755 yaw:0.0] 
1623112321381 [vl:0.14 vr:0.0755 yaw:0.0] 
1623112321433 [vl:0.14 vr:0.0755 yaw:0.0] 
1623112321481 [vl:0.125 vr:0.061 yaw:0.0] 
1623112321533 [vl:0.14 vr:0.0445 yaw:0.0] 
1623112321620 [log_latest_command] [[ b y t e a r r a y ( b ' \ x a a \ x f f \ x a 0 \ x 0 2 I \ x 0 f \ x 0 e ' ) ]] 
1623112321645 [vl:0.155 vr:0.092 yaw:0.0] 
1623112321663 [vl:0.0305 vr:0.0 yaw:0.0] 
1623112321684 [vl:0.016 vr:0.0 yaw:0.0] 
1623112321733 [vl:0.0 vr:0.0 yaw:0.0] 
1623112321781 [vl:0.0 vr:0.0 yaw:0.0] 
1623112321833 [vl:0.016 vr:0.0 yaw:0.0] 
1623112321881 [vl:0.0 vr:0.0 yaw:0.0] 
1623112321933 [vl:0.016 vr:0.0 yaw:0.0] 
1623112321981 [vl:0.016 vr:0.0 yaw:0.0] 
1623112322033 [vl:0.0 vr:0.0 yaw:0.0] 
1623112322081 [vl:0.0 vr:0.0 yaw:0.0] 
1623112322133 [vl:0.0 vr:0.0 yaw:0.0] 
1623112322181 [vl:0.0305 vr:0.0 yaw:0.0] 
1623112322233 [vl:0.0 vr:0.0 yaw:0.0] 
1623112322282 [vl:0.0 vr:0.0 yaw:0.0] 
1623112322320 [log_latest_command] [[ b y t e a r r a y ( b ' \ x a a \ x f f \ x a 0 \ x 0 2 I \ x 0 f \ x 0 e ' ) ]] 
1623112322345 [vl:0.1085 vr:0.0 yaw:0.0] 
1623112322381 [vl:0.0935 vr:0.0 yaw:0.0] 
1623112322433 [vl:0.125 vr:0.0325 yaw:0.0] 
1623112322481 [vl:0.14 vr:0.0465 yaw:0.0] 
1623112322533 [vl:0.1235 vr:0.0445 yaw:0.0] 
1623112322582 [vl:0.14 vr:0.0285 yaw:0.0] 
1623112322634 [vl:0.14 vr:0.0775 yaw:0.0] 
1623112322681 [vl:0.14 vr:0.0465 yaw:0.0] 
1623112322724 [log_latest_command] [[ b y t e a r r a y ( b ' \ x a a \ x f f \ x a 0 \ x 0 2 I \ x 0 f \ x 0 e ' ) ]] 
1623112322762 [vl:0.14 vr:0.0465 yaw:0.0] 
1623112322789 [vl:0.0455 vr:0.0 yaw:0.0] 
1623112322835 [vl:0.0 vr:0.0 yaw:0.0] 
1623112322881 [vl:0.0 vr:0.0 yaw:0.0] 
1623112322933 [vl:0.0 vr:0.0 yaw:0.0] 
1623112322981 [vl:0.0 vr:0.0 yaw:0.0] 
1623112323033 [vl:0.0 vr:0.0 yaw:0.0] 
1623112323081 [vl:0.0 vr:0.0 yaw:0.0] 
1623112323104 [log_latest_command] [[ b y t e a r r a y ( b ' \ x a a \ x f f \ x a 0 \ x 0 2 I \ x 0 f \ x 0 e ' ) ]] 
1623112323133 [vl:0.0935 vr:0.063 yaw:0.0] 
1623112323185 [vl:0.155 vr:0.092 yaw:0.0] 
1623112323233 [vl:0.14 vr:0.123 yaw:0.0] 
1623112323281 [vl:0.14 vr:0.123 yaw:0.0] 
1623112323333 [vl:0.1565 vr:0.1515 yaw:0.0] 
1623112323381 [vl:0.155 vr:0.154 yaw:0.0] 
1623112323433 [vl:0.188 vr:0.154 yaw:0.0] 
1623112323481 [vl:0.1715 vr:0.1515 yaw:0.0] 
1623112323533 [vl:0.1715 vr:0.1515 yaw:0.0] 
1623112323581 [vl:0.1715 vr:0.1515 yaw:0.0] 
1623112323633 [vl:0.14 vr:0.154 yaw:0.0] 
1623112323681 [vl:0.1715 vr:0.154 yaw:0.0] 
1623112323733 [vl:0.155 vr:0.123 yaw:0.0] 
1623112323789 [vl:0.155 vr:0.1515 yaw:0.0] 
1623112323833 [vl:0.1565 vr:0.1515 yaw:0.0] 
1623112323881 [vl:0.1565 vr:0.154 yaw:0.0] 
1623112323933 [vl:0.155 vr:0.1375 yaw:0.0] 
1623112323982 [vl:0.1715 vr:0.123 yaw:0.0] 
1623112324033 [vl:0.14 vr:0.123 yaw:0.0] 
1623112324081 [vl:0.17 vr:0.1375 yaw:0.0] 
1623112324134 [vl:0.1715 vr:0.1375 yaw:0.0] 
1623112324182 [vl:0.1715 vr:0.154 yaw:0.0] 
1623112324233 [vl:0.14 vr:0.1375 yaw:0.0] 
1623112324281 [vl:0.1715 vr:0.154 yaw:0.0] 
1623112324333 [vl:0.155 vr:0.154 yaw:0.0] 
1623112324376 [log_latest_command] [[ b y t e a r r a y ( b ' \ x a a \ x f f \ x a 0 \ x 0 2 I \ x 0 f \ x 0 e ' ) ]] 
1623112324415 [vl:0.155 vr:0.154 yaw:0.0] 
1623112324433 [vl:0.0305 vr:0.016 yaw:0.0] 
1623112324483 [vl:0.0 vr:0.0 yaw:0.0] 
1623112324533 [vl:0.0 vr:0.0 yaw:0.0] 
1623112324581 [vl:0.0 vr:0.0 yaw:0.0] 
1623112324633 [vl:0.0 vr:0.0 yaw:0.0] 
1623112324681 [vl:0.0 vr:0.0 yaw:0.0] 
1623112324734 [vl:0.0 vr:0.0 yaw:0.0] 
1623112324781 [vl:0.0 vr:0.0 yaw:0.0] 
1623112324833 [vl:0.0 vr:0.0 yaw:0.0] 
1623112324853 [log_latest_command] [[ b y t e a r r a y ( b ' \ x a a \ x f f \ x a 0 \ x 0 2 I \ x 0 f \ x 0 e ' ) ]] 
1623112324881 [vl:-0.016 vr:-0.014 yaw:0.0] 
1623112324934 [vl:-0.0145 vr:-0.03 yaw:0.0] 
1623112324981 [vl:-0.0145 vr:-0.016 yaw:0.0] 
1623112325033 [vl:0.0 vr:-0.014 yaw:0.0] 
1623112325082 [vl:0.0 vr:-0.0465 yaw:0.0] 
1623112325133 [vl:-0.0145 vr:-0.03 yaw:0.0] 
1623112325181 [vl:0.0 vr:-0.0445 yaw:0.0] 
1623112325233 [vl:-0.0145 vr:-0.059 yaw:0.0] 
1623112325281 [vl:-0.0295 vr:-0.061 yaw:0.0] 
1623112325333 [vl:-0.0635 vr:-0.059 yaw:0.0] 
1623112325381 [vl:-0.062 vr:-0.09 yaw:0.0] 
1623112325433 [vl:-0.077 vr:-0.0755 yaw:0.0] 
1623112325481 [vl:-0.077 vr:-0.1085 yaw:0.0] 
1623112325528 [log_latest_command] [[ b y t e a r r a y ( b ' \ x a a \ x f f \ x a 0 \ x 0 2 I \ x 0 f \ x 0 e ' ) ]] 
1623112325571 [vl:-0.077 vr:-0.1085 yaw:0.0] 
1623112325585 [vl:0.0 vr:-0.016 yaw:0.0] 
1623112325633 [vl:0.0 vr:0.0 yaw:0.0] 
1623112325681 [vl:0.0 vr:0.0 yaw:0.0] 
1623112325733 [vl:0.0 vr:0.0 yaw:0.0] 
1623112325781 [vl:0.0 vr:0.0 yaw:0.0] 
1623112325833 [vl:0.0 vr:0.0 yaw:0.0] 
1623112325881 [vl:0.0 vr:0.0 yaw:0.0] 
1623112325933 [vl:0.0 vr:0.0 yaw:0.0] 
1623112325981 [vl:0.0 vr:0.0 yaw:0.0] 
1623112326048 [log_latest_command] [[ b y t e a r r a y ( b ' \ x a a \ x f f \ x a 0 \ x 0 2 I \ x 0 f \ x 0 e ' ) ]] 
1623112326061 [vl:0.0 vr:0.0 yaw:0.0] 
1623112326081 [vl:-0.0305 vr:-0.0445 yaw:0.0] 
1623112326133 [vl:-0.062 vr:-0.059 yaw:0.0] 
1623112326182 [vl:-0.092 vr:-0.092 yaw:0.0] 
1623112326233 [vl:-0.11 vr:-0.123 yaw:0.0] 
1623112326282 [vl:-0.1085 vr:-0.1065 yaw:0.0] 
1623112326333 [vl:-0.0935 vr:-0.1065 yaw:0.0] 
1623112326381 [vl:-0.1085 vr:-0.123 yaw:0.0] 
1623112326433 [vl:-0.125 vr:-0.1065 yaw:0.0] 
1623112326481 [vl:-0.14 vr:-0.1375 yaw:0.0] 
1623112326533 [vl:-0.125 vr:-0.1375 yaw:0.0] 
1623112326581 [vl:-0.1085 vr:-0.123 yaw:0.0] 
1623112326633 [vl:-0.125 vr:-0.1375 yaw:0.0] 
1623112326682 [vl:-0.092 vr:-0.1395 yaw:0.0] 
1623112326733 [vl:-0.125 vr:-0.1375 yaw:0.0] 
1623112326781 [vl:-0.1235 vr:-0.123 yaw:0.0] 
1623112326833 [vl:-0.125 vr:-0.1395 yaw:0.0] 
1623112326881 [vl:-0.1085 vr:-0.135 yaw:0.0] 
1623112326933 [vl:-0.14 vr:-0.168 yaw:0.0] 
1623112326981 [vl:-0.125 vr:-0.123 yaw:0.0] 
1623112327037 [vl:-0.14 vr:-0.1375 yaw:0.0] 
1623112327081 [vl:-0.14 vr:-0.1375 yaw:0.0] 
1623112327133 [vl:-0.1235 vr:-0.1375 yaw:0.0] 
1623112327164 [log_latest_command] [[ b y t e a r r a y ( b ' \ x a a \ x f f \ x a 0 \ x 0 2 I \ x 0 f \ x 0 e ' ) ]] 
1623112327189 [vl:-0.1085 vr:-0.1375 yaw:0.0] 
1623112327233 [vl:-0.0935 vr:-0.121 yaw:0.0] 
1623112327281 [vl:-0.0935 vr:-0.123 yaw:0.0] 
1623112327333 [vl:-0.0935 vr:-0.1515 yaw:0.0] 
1623112327381 [vl:-0.062 vr:-0.1375 yaw:0.0] 
1623112327433 [vl:-0.0605 vr:-0.123 yaw:0.0] 
1623112327481 [vl:-0.077 vr:-0.121 yaw:0.0] 
1623112327533 [vl:-0.062 vr:-0.135 yaw:0.0] 
1623112327581 [vl:-0.077 vr:-0.121 yaw:0.0] 
1623112327637 [vl:-0.0935 vr:-0.1065 yaw:0.0] 
1623112327681 [vl:-0.077 vr:-0.1375 yaw:0.0] 
1623112327733 [vl:-0.077 vr:-0.123 yaw:0.0] 
1623112327792 [log_latest_command] [[ b y t e a r r a y ( b ' \ x a a \ x f f \ x a 0 \ x 0 2 I \ x 0 f \ x 0 e ' ) ]] 
1623112327806 [vl:-0.062 vr:-0.1515 yaw:0.0] 
1623112327834 [vl:-0.11 vr:-0.0755 yaw:0.0] 
1623112327881 [vl:-0.077 vr:-0.1085 yaw:0.0] 
1623112327933 [vl:-0.095 vr:-0.094 yaw:0.0] 
1623112327981 [vl:-0.0935 vr:-0.0755 yaw:0.0] 
1623112328033 [vl:-0.092 vr:-0.061 yaw:0.0] 
1623112328083 [vl:-0.077 vr:-0.1065 yaw:0.0] 
1623112328133 [vl:-0.0935 vr:-0.092 yaw:0.0] 
1623112328181 [vl:-0.077 vr:-0.061 yaw:0.0] 
1623112328233 [vl:-0.0935 vr:-0.1065 yaw:0.0] 
1623112328281 [vl:-0.062 vr:-0.1065 yaw:0.0] 
1623112328333 [vl:-0.062 vr:-0.0755 yaw:0.0] 
1623112328381 [vl:-0.077 vr:-0.092 yaw:0.0] 
1623112328433 [vl:-0.077 vr:-0.0775 yaw:0.0] 
1623112328481 [vl:-0.077 vr:-0.061 yaw:0.0] 
1623112328533 [vl:-0.1085 vr:-0.061 yaw:0.0] 
1623112328581 [vl:-0.092 vr:-0.1085 yaw:0.0] 
1623112328638 [vl:-0.1085 vr:-0.09 yaw:0.0] 
1623112328681 [vl:-0.125 vr:-0.1085 yaw:0.0] 
1623112328734 [vl:-0.0935 vr:-0.0755 yaw:0.0] 
1623112328781 [vl:-0.1085 vr:-0.092 yaw:0.0] 
1623112328838 [vl:-0.11 vr:-0.1065 yaw:0.0] 
1623112328886 [vl:-0.077 vr:-0.1085 yaw:0.0] 
1623112328933 [vl:-0.11 vr:-0.123 yaw:0.0] 
1623112328981 [vl:-0.125 vr:-0.0755 yaw:0.0] 
1623112329033 [vl:-0.0935 vr:-0.092 yaw:0.0] 
1623112329082 [vl:-0.11 vr:-0.1065 yaw:0.0] 
1623112329133 [vl:-0.0935 vr:-0.092 yaw:0.0] 
1623112329180 [vl:-0.092 vr:-0.1065 yaw:0.0] 
1623112329237 [vl:-0.0935 vr:-0.0755 yaw:0.0] 
1623112329281 [vl:-0.0935 vr:-0.123 yaw:0.0] 
1623112329333 [vl:-0.0935 vr:-0.0755 yaw:0.0] 
1623112329381 [vl:-0.092 vr:-0.092 yaw:0.0] 
1623112329433 [vl:-0.092 vr:-0.1065 yaw:0.0] 
1623112329481 [vl:-0.1085 vr:-0.09 yaw:0.0] 
1623112329533 [vl:-0.1085 vr:-0.123 yaw:0.0] 
1623112329581 [vl:-0.11 vr:-0.123 yaw:0.0] 
1623112329633 [vl:-0.11 vr:-0.123 yaw:0.0] 
1623112329681 [vl:-0.125 vr:-0.092 yaw:0.0] 
1623112329733 [vl:-0.125 vr:-0.1065 yaw:0.0] 
1623112329781 [vl:-0.1085 vr:-0.1065 yaw:0.0] 
1623112329833 [vl:-0.1085 vr:-0.121 yaw:0.0] 
1623112329920 [log_latest_command] [[ b y t e a r r a y ( b ' \ x a a \ x f f \ x a 0 \ x 0 2 I \ x 0 f \ x 0 e ' ) ]] 
1623112329945 [vl:-0.125 vr:-0.09 yaw:0.0] 
1623112329958 [vl:-0.077 vr:-0.1065 yaw:0.0] 
1623112329981 [vl:-0.0305 vr:-0.0465 yaw:0.0] 
1623112330033 [vl:-0.0305 vr:-0.049 yaw:0.0] 
1623112330081 [vl:-0.0305 vr:0.0 yaw:0.0] 
1623112330137 [vl:-0.0145 vr:0.0 yaw:0.0] 
1623112330181 [vl:0.0 vr:0.0 yaw:0.0] 
1623112330237 [vl:0.0 vr:0.0 yaw:0.0] 
1623112330260 [log_latest_command] [[ b y t e a r r a y ( b ' \ x a a \ x f f \ x a 0 \ x 0 2 I \ x 0 f \ x 0 e ' ) ]] 
1623112330289 [vl:0.0145 vr:0.03 yaw:0.0] 
1623112330337 [vl:0.0295 vr:0.0 yaw:0.0] 
1623112330381 [vl:0.0 vr:0.0 yaw:0.0] 
1623112330433 [vl:0.0 vr:0.014 yaw:0.0] 
1623112330481 [vl:0.0 vr:0.0 yaw:0.0] 
1623112330533 [vl:0.0 vr:0.0 yaw:0.0] 
1623112330581 [vl:0.0305 vr:0.0 yaw:0.0] 
1623112330633 [vl:0.047 vr:0.0445 yaw:0.0] 
1623112330681 [vl:0.062 vr:0.014 yaw:0.0] 
1623112330737 [vl:0.0455 vr:0.03 yaw:0.0] 
1623112330756 [log_latest_command] [[ b y t e a r r a y ( b ' \ x a a \ x f f \ x a 0 \ x 0 2 I \ x 0 f \ x 0 e ' ) ]] 
1623112330781 [vl:0.062 vr:0.0465 yaw:0.0] 
1623112330833 [vl:0.077 vr:0.063 yaw:0.0] 
1623112330881 [vl:0.0935 vr:0.0465 yaw:0.0] 
1623112330933 [vl:0.0455 vr:0.1085 yaw:0.0] 
1623112330981 [vl:0.0785 vr:0.1085 yaw:0.0] 
1623112331044 [log_latest_command] [[ b y t e a r r a y ( b ' \ x a a \ x f f \ x a 0 \ x 0 2 I \ x 0 f \ x 0 e ' ) ]] 
1623112331045 [vl:0.0935 vr:0.0755 yaw:0.0] 
1623112331081 [vl:0.0935 vr:0.059 yaw:0.0] 
1623112331133 [vl:0.062 vr:0.061 yaw:0.0] 
1623112331181 [vl:0.062 vr:0.03 yaw:0.0] 
1623112331233 [vl:0.0455 vr:0.014 yaw:0.0] 
1623112331281 [vl:0.077 vr:0.061 yaw:0.0] 
1623112331333 [vl:0.047 vr:0.0465 yaw:0.0] 
1623112331381 [vl:0.062 vr:0.0775 yaw:0.0] 
1623112331433 [vl:0.0785 vr:0.03 yaw:0.0] 
1623112331481 [vl:0.077 vr:0.059 yaw:0.0] 
1623112331535 [vl:0.0605 vr:0.092 yaw:0.0] 
1623112331581 [vl:0.077 vr:0.061 yaw:0.0] 
1623112331637 [vl:0.0935 vr:0.0755 yaw:0.0] 
1623112331681 [vl:0.077 vr:0.0755 yaw:0.0] 
1623112331733 [vl:0.0935 vr:0.0445 yaw:0.0] 
1623112331784 [vl:0.0605 vr:0.0755 yaw:0.0] 
1623112331833 [vl:0.0935 vr:0.0755 yaw:0.0] 
1623112331881 [vl:0.11 vr:0.09 yaw:0.0] 
1623112331936 [vl:0.1085 vr:0.061 yaw:0.0] 
1623112331981 [vl:0.11 vr:0.1065 yaw:0.0] 
1623112332033 [vl:0.1085 vr:0.092 yaw:0.0] 
1623112332085 [vl:0.1085 vr:0.09 yaw:0.0] 
1623112332139 [vl:0.092 vr:0.092 yaw:0.0] 
1623112332181 [vl:0.125 vr:0.1065 yaw:0.0] 
1623112332237 [vl:0.0935 vr:0.09 yaw:0.0] 
1623112332281 [vl:0.125 vr:0.09 yaw:0.0] 
1623112332333 [vl:0.1085 vr:0.123 yaw:0.0] 
1623112332381 [vl:0.1235 vr:0.1085 yaw:0.0] 
1623112332433 [vl:0.1085 vr:0.1065 yaw:0.0] 
1623112332481 [vl:0.1085 vr:0.123 yaw:0.0] 
1623112332533 [vl:0.1085 vr:0.09 yaw:0.0] 
1623112332582 [vl:0.1085 vr:0.1065 yaw:0.0] 
1623112332633 [vl:0.1085 vr:0.092 yaw:0.0] 
1623112332681 [vl:0.0935 vr:0.09 yaw:0.0] 
1623112332733 [vl:0.1085 vr:0.092 yaw:0.0] 
1623112332781 [vl:0.125 vr:0.092 yaw:0.0] 
1623112332833 [vl:0.1235 vr:0.1065 yaw:0.0] 
1623112332882 [vl:0.125 vr:0.09 yaw:0.0] 
1623112332933 [vl:0.1085 vr:0.0775 yaw:0.0] 
1623112332980 [vl:0.077 vr:0.1085 yaw:0.0] 
1623112333033 [vl:0.125 vr:0.0755 yaw:0.0] 
1623112333081 [vl:0.125 vr:0.092 yaw:0.0] 
1623112333133 [vl:0.125 vr:0.1065 yaw:0.0] 
1623112333180 [vl:0.1085 vr:0.1065 yaw:0.0] 
1623112333235 [vl:0.1085 vr:0.0775 yaw:0.0] 
1623112333281 [vl:0.0935 vr:0.061 yaw:0.0] 
1623112333333 [vl:0.1085 vr:0.061 yaw:0.0] 
1623112333381 [vl:0.1085 vr:0.0775 yaw:0.0] 
1623112333433 [vl:0.1235 vr:0.0755 yaw:0.0] 
1623112333481 [vl:0.125 vr:0.061 yaw:0.0] 
1623112333512 [log_latest_command] [[ b y t e a r r a y ( b ' \ x a a \ x f f \ x a 0 \ x 0 2 I \ x 0 f \ x 0 e ' ) ]] 
1623112333538 [vl:0.125 vr:0.123 yaw:0.0] 
1623112333585 [vl:0.077 vr:0.123 yaw:0.0] 
1623112333633 [vl:0.0935 vr:0.0775 yaw:0.0] 
1623112333681 [vl:0.062 vr:0.092 yaw:0.0] 
1623112333733 [vl:0.0935 vr:0.1065 yaw:0.0] 
1623112333781 [vl:0.0935 vr:0.061 yaw:0.0] 
1623112333833 [vl:0.077 vr:0.092 yaw:0.0] 
1623112333881 [vl:0.077 vr:0.092 yaw:0.0] 
1623112333933 [vl:0.077 vr:0.0775 yaw:0.0] 
1623112333981 [vl:0.0935 vr:0.0755 yaw:0.0] 
1623112334034 [vl:0.0935 vr:0.0755 yaw:0.0] 
1623112334081 [vl:0.11 vr:0.092 yaw:0.0] 
1623112334133 [vl:0.1085 vr:0.092 yaw:0.0] 
1623112334181 [vl:0.077 vr:0.09 yaw:0.0] 
1623112334233 [vl:0.0935 vr:0.061 yaw:0.0] 
1623112334281 [vl:0.125 vr:0.092 yaw:0.0] 
1623112334333 [vl:0.077 vr:0.1065 yaw:0.0] 
1623112334381 [vl:0.1085 vr:0.123 yaw:0.0] 
1623112334433 [vl:0.077 vr:0.123 yaw:0.0] 
1623112334481 [vl:0.092 vr:0.061 yaw:0.0] 
1623112334533 [vl:0.0935 vr:0.0755 yaw:0.0] 
1623112334581 [vl:0.0935 vr:0.1085 yaw:0.0] 
1623112334633 [vl:0.0935 vr:0.1085 yaw:0.0] 
1623112334683 [vl:0.1085 vr:0.092 yaw:0.0] 
1623112334733 [vl:0.092 vr:0.09 yaw:0.0] 
1623112334781 [vl:0.0935 vr:0.123 yaw:0.0] 
1623112334833 [vl:0.125 vr:0.0755 yaw:0.0] 
1623112334881 [vl:0.1085 vr:0.092 yaw:0.0] 
1623112334933 [vl:0.11 vr:0.1065 yaw:0.0] 
1623112334981 [vl:0.0935 vr:0.09 yaw:0.0] 
1623112335033 [vl:0.11 vr:0.123 yaw:0.0] 
1623112335085 [vl:0.077 vr:0.1375 yaw:0.0] 
1623112335133 [vl:0.11 vr:0.092 yaw:0.0] 
1623112335180 [vl:0.1085 vr:0.1065 yaw:0.0] 
1623112335233 [vl:0.0935 vr:0.121 yaw:0.0] 
1623112335281 [vl:0.11 vr:0.121 yaw:0.0] 
1623112335333 [vl:0.1085 vr:0.1065 yaw:0.0] 
1623112335393 [vl:0.1085 vr:0.092 yaw:0.0] 
1623112335433 [vl:0.1085 vr:0.123 yaw:0.0] 
1623112335480 [vl:0.092 vr:0.123 yaw:0.0] 
1623112335533 [vl:0.0935 vr:0.123 yaw:0.0] 
1623112335581 [vl:0.092 vr:0.0775 yaw:0.0] 
1623112335632 [vl:0.125 vr:0.123 yaw:0.0] 
1623112335681 [vl:0.125 vr:0.123 yaw:0.0] 
1623112335733 [vl:0.1085 vr:0.123 yaw:0.0] 
1623112335781 [vl:0.1085 vr:0.123 yaw:0.0] 
1623112335833 [vl:0.125 vr:0.123 yaw:0.0] 
1623112335881 [vl:0.0935 vr:0.123 yaw:0.0] 
1623112335933 [vl:0.11 vr:0.1065 yaw:0.0] 
1623112335981 [vl:0.077 vr:0.1065 yaw:0.0] 
1623112336033 [vl:0.0935 vr:0.1375 yaw:0.0] 
1623112336081 [vl:0.1085 vr:0.123 yaw:0.0] 
1623112336133 [vl:0.077 vr:0.154 yaw:0.0] 
1623112336181 [vl:0.1085 vr:0.1375 yaw:0.0] 
1623112336233 [vl:0.1085 vr:0.1375 yaw:0.0] 
1623112336281 [vl:0.1085 vr:0.1375 yaw:0.0] 
1623112336333 [vl:0.1085 vr:0.123 yaw:0.0] 
1623112336384 [vl:0.125 vr:0.121 yaw:0.0] 
1623112336433 [vl:0.1085 vr:0.1375 yaw:0.0] 
1623112336480 [vl:0.11 vr:0.123 yaw:0.0] 
1623112336533 [vl:0.11 vr:0.123 yaw:0.0] 
1623112336581 [vl:0.0935 vr:0.1065 yaw:0.0] 
1623112336633 [vl:0.125 vr:0.1375 yaw:0.0] 
1623112336681 [vl:0.0935 vr:0.1375 yaw:0.0] 
1623112336733 [vl:0.0935 vr:0.121 yaw:0.0] 
1623112336780 [vl:0.1085 vr:0.168 yaw:0.0] 
1623112336833 [vl:0.077 vr:0.1065 yaw:0.0] 
1623112336881 [vl:0.0935 vr:0.121 yaw:0.0] 
1623112336933 [vl:0.0935 vr:0.1375 yaw:0.0] 
1623112336981 [vl:0.0935 vr:0.121 yaw:0.0] 
1623112337033 [vl:0.0935 vr:0.1375 yaw:0.0] 
1623112337081 [vl:0.077 vr:0.121 yaw:0.0] 
1623112337133 [vl:0.0785 vr:0.1065 yaw:0.0] 
1623112337181 [vl:0.077 vr:0.121 yaw:0.0] 
1623112337233 [vl:0.077 vr:0.1375 yaw:0.0] 
1623112337281 [vl:0.0785 vr:0.123 yaw:0.0] 
1623112337333 [vl:0.11 vr:0.1065 yaw:0.0] 
1623112337381 [vl:0.092 vr:0.154 yaw:0.0] 
1623112337420 [log_latest_command] [[ b y t e a r r a y ( b ' \ x a a \ x f f \ x a 0 \ x 0 2 I \ x 0 f \ x 0 e ' ) ]] 
1623112337457 [vl:0.092 vr:0.154 yaw:0.0] 
1623112337481 [vl:0.0 vr:0.0 yaw:0.0] 
1623112337533 [vl:0.0 vr:0.0 yaw:0.0] 
1623112337581 [vl:0.0 vr:0.0 yaw:0.0] 
1623112337634 [vl:0.0 vr:0.0 yaw:0.0] 
1623112337681 [vl:0.0 vr:0.0 yaw:0.0] 
1623112337733 [vl:0.0 vr:0.0 yaw:0.0] 
1623112337785 [vl:0.0 vr:0.0 yaw:0.0] 
1623112337833 [vl:0.0 vr:0.0 yaw:0.0] 
1623112337881 [vl:0.0 vr:0.0 yaw:0.0] 
1623112337920 [log_latest_command] [[ b y t e a r r a y ( b ' \ x a a \ x f f \ x a 0 \ x 0 2 I \ x 0 f \ x 0 e ' ) ]] 
1623112337933 [vl:-0.0305 vr:0.0 yaw:0.0] 
1623112337982 [vl:-0.0325 vr:0.0 yaw:0.0] 
1623112338033 [vl:0.0 vr:0.0 yaw:0.0] 
1623112338081 [vl:0.0 vr:0.0 yaw:0.0] 
1623112338133 [vl:0.0 vr:0.0 yaw:0.0] 
1623112338181 [vl:-0.0145 vr:0.0 yaw:0.0] 
1623112338233 [vl:-0.0305 vr:0.0 yaw:0.0] 
1623112338281 [vl:-0.0305 vr:0.0 yaw:0.0] 
1623112338333 [vl:-0.0305 vr:0.0 yaw:0.0] 
1623112338381 [vl:-0.0305 vr:0.0 yaw:0.0] 
1623112338433 [vl:-0.062 vr:-0.03 yaw:0.0] 
1623112338481 [vl:-0.077 vr:-0.0445 yaw:0.0] 
1623112338533 [vl:-0.0935 vr:-0.0775 yaw:0.0] 
1623112338585 [vl:-0.0935 vr:-0.0755 yaw:0.0] 
1623112338633 [vl:-0.11 vr:-0.0775 yaw:0.0] 
1623112338684 [vl:-0.1085 vr:-0.1065 yaw:0.0] 
1623112338733 [vl:-0.0935 vr:-0.1065 yaw:0.0] 
1623112338781 [vl:-0.1085 vr:-0.123 yaw:0.0] 
1623112338833 [vl:-0.1085 vr:-0.1065 yaw:0.0] 
1623112338881 [vl:-0.125 vr:-0.09 yaw:0.0] 
1623112338937 [vl:-0.14 vr:-0.1065 yaw:0.0] 
1623112338981 [vl:-0.1415 vr:-0.1375 yaw:0.0] 
1623112339033 [vl:-0.1085 vr:-0.1065 yaw:0.0] 
1623112339081 [vl:-0.14 vr:-0.121 yaw:0.0] 
1623112339133 [vl:-0.1235 vr:-0.1065 yaw:0.0] 
1623112339181 [vl:-0.14 vr:-0.1065 yaw:0.0] 
1623112339233 [vl:-0.1565 vr:-0.123 yaw:0.0] 
1623112339281 [vl:-0.14 vr:-0.1515 yaw:0.0] 
1623112339333 [vl:-0.14 vr:-0.123 yaw:0.0] 
1623112339381 [vl:-0.14 vr:-0.123 yaw:0.0] 
1623112339434 [vl:-0.125 vr:-0.1375 yaw:0.0] 
1623112339481 [vl:-0.1235 vr:-0.154 yaw:0.0] 
1623112339533 [vl:-0.155 vr:-0.1515 yaw:0.0] 
1623112339581 [vl:-0.1415 vr:-0.123 yaw:0.0] 
1623112339634 [vl:-0.14 vr:-0.123 yaw:0.0] 
1623112339681 [vl:-0.14 vr:-0.1065 yaw:0.0] 
1623112339733 [vl:-0.125 vr:-0.123 yaw:0.0] 
1623112339780 [vl:-0.1565 vr:-0.1375 yaw:0.0] 
1623112339833 [vl:-0.1715 vr:-0.1375 yaw:0.0] 
1623112339881 [vl:-0.14 vr:-0.123 yaw:0.0] 
1623112339933 [vl:-0.14 vr:-0.1375 yaw:0.0] 
1623112339981 [vl:-0.1565 vr:-0.1515 yaw:0.0] 
1623112340033 [vl:-0.155 vr:-0.123 yaw:0.0] 
1623112340081 [vl:-0.1565 vr:-0.1515 yaw:0.0] 
1623112340133 [vl:-0.14 vr:-0.123 yaw:0.0] 
1623112340181 [vl:-0.155 vr:-0.1515 yaw:0.0] 
1623112340233 [vl:-0.14 vr:-0.135 yaw:0.0] 
1623112340281 [vl:-0.14 vr:-0.123 yaw:0.0] 
1623112340333 [vl:-0.14 vr:-0.1375 yaw:0.0] 
1623112340381 [vl:-0.1715 vr:-0.123 yaw:0.0] 
1623112340433 [vl:-0.14 vr:-0.1375 yaw:0.0] 
1623112340481 [vl:-0.14 vr:-0.1375 yaw:0.0] 
1623112340533 [vl:-0.1565 vr:-0.123 yaw:0.0] 
1623112340581 [vl:-0.14 vr:-0.1375 yaw:0.0] 
1623112340633 [vl:-0.1415 vr:-0.1375 yaw:0.0] 
1623112340681 [vl:-0.14 vr:-0.123 yaw:0.0] 
1623112340733 [vl:-0.1565 vr:-0.1375 yaw:0.0] 
1623112340781 [vl:-0.14 vr:-0.154 yaw:0.0] 
1623112340833 [vl:-0.125 vr:-0.1375 yaw:0.0] 
1623112340881 [vl:-0.14 vr:-0.1375 yaw:0.0] 
1623112340933 [vl:-0.14 vr:-0.1375 yaw:0.0] 
1623112340981 [vl:-0.1715 vr:-0.123 yaw:0.0] 
1623112341035 [vl:-0.14 vr:-0.123 yaw:0.0] 
1623112341081 [vl:-0.125 vr:-0.1395 yaw:0.0] 
1623112341133 [vl:-0.155 vr:-0.1515 yaw:0.0] 
1623112341181 [vl:-0.1715 vr:-0.1375 yaw:0.0] 
1623112341233 [vl:-0.14 vr:-0.123 yaw:0.0] 
1623112341281 [vl:-0.155 vr:-0.123 yaw:0.0] 
1623112341333 [vl:-0.1565 vr:-0.154 yaw:0.0] 
1623112341381 [vl:-0.14 vr:-0.1515 yaw:0.0] 
1623112341433 [vl:-0.14 vr:-0.1375 yaw:0.0] 
1623112341481 [vl:-0.1565 vr:-0.123 yaw:0.0] 
1623112341504 [log_latest_command] [[ b y t e a r r a y ( b ' \ x a a \ x f f \ x a 0 \ x 0 2 I \ x 0 f \ x 0 e ' ) ]] 
1623112341533 [vl:-0.155 vr:-0.123 yaw:0.0] 
1623112341585 [vl:-0.1415 vr:-0.1065 yaw:0.0] 
1623112341633 [vl:-0.14 vr:-0.123 yaw:0.0] 
1623112341681 [vl:-0.125 vr:-0.092 yaw:0.0] 
1623112341732 [vl:-0.125 vr:-0.1065 yaw:0.0] 
1623112341781 [vl:-0.125 vr:-0.0755 yaw:0.0] 
1623112341833 [vl:-0.14 vr:-0.0755 yaw:0.0] 
1623112341881 [vl:-0.125 vr:-0.092 yaw:0.0] 
1623112341933 [vl:-0.125 vr:-0.1065 yaw:0.0] 
1623112341981 [vl:-0.1235 vr:-0.061 yaw:0.0] 
1623112342033 [vl:-0.125 vr:-0.1065 yaw:0.0] 
1623112342082 [vl:-0.14 vr:-0.0775 yaw:0.0] 
1623112342148 [vl:-0.14 vr:-0.0775 yaw:0.0] 
1623112342150 [log_latest_command] [[ b y t e a r r a y ( b ' \ x a a \ x f f \ x a 0 \ x 0 2 I \ x 0 f \ x 0 e ' ) ]] 
1623112342197 [vl:-0.047 vr:-0.03 yaw:0.0] 
1623112342233 [vl:-0.047 vr:-0.03 yaw:0.0] 
1623112342281 [vl:-0.0325 vr:-0.014 yaw:0.0] 
1623112342333 [vl:-0.016 vr:0.0 yaw:0.0] 
1623112342381 [vl:0.0 vr:0.0 yaw:0.0] 
1623112342433 [vl:0.0 vr:0.0 yaw:0.0] 
1623112342485 [vl:0.0 vr:0.0 yaw:0.0] 
1623112342533 [vl:0.0 vr:0.0 yaw:0.0] 
1623112342581 [vl:0.0 vr:0.0 yaw:0.0] 
1623112342633 [vl:-0.016 vr:0.0 yaw:0.0] 
1623112342681 [vl:0.0 vr:0.0 yaw:0.0] 
1623112342733 [vl:0.0 vr:0.0 yaw:0.0] 
1623112342785 [vl:0.0 vr:0.0 yaw:0.0] 
1623112342835 [vl:0.0 vr:0.0 yaw:0.0] 
1623112342881 [vl:0.0 vr:0.0 yaw:0.0] 
1623112342933 [vl:0.0 vr:0.0 yaw:0.0] 
1623112342981 [vl:0.0 vr:0.0 yaw:0.0] 
1623112343033 [vl:0.0 vr:0.0 yaw:0.0] 
1623112343081 [vl:0.0 vr:0.0 yaw:0.0] 
1623112343133 [vl:0.0 vr:0.0 yaw:0.0] 
1623112343181 [vl:0.0 vr:0.0 yaw:0.0] 
1623112343233 [vl:0.0 vr:0.0 yaw:0.0] 
1623112343281 [vl:0.0 vr:0.0 yaw:0.0] 
1623112343304 [log_latest_command] [[ b y t e a r r a y ( b ' \ x a a \ x f f \ x a 0 \ x 0 2 I \ x 0 f \ x 0 e ' ) ]] 
1623112343333 [vl:-0.0145 vr:-0.061 yaw:0.0] 
1623112343385 [vl:-0.047 vr:-0.0755 yaw:0.0] 
1623112343435 [vl:-0.062 vr:-0.0775 yaw:0.0] 
1623112343481 [vl:-0.077 vr:-0.0755 yaw:0.0] 
1623112343533 [vl:-0.0935 vr:-0.061 yaw:0.0] 
1623112343581 [vl:-0.077 vr:-0.1065 yaw:0.0] 
1623112343633 [vl:-0.0935 vr:-0.0755 yaw:0.0] 
1623112343681 [vl:-0.092 vr:-0.092 yaw:0.0] 
1623112343733 [vl:-0.0935 vr:-0.092 yaw:0.0] 
1623112343781 [vl:-0.077 vr:-0.09 yaw:0.0] 
1623112343833 [vl:-0.0785 vr:-0.1065 yaw:0.0] 
1623112343881 [vl:-0.077 vr:-0.1085 yaw:0.0] 
1623112343933 [vl:-0.062 vr:-0.1065 yaw:0.0] 
1623112343981 [vl:-0.077 vr:-0.092 yaw:0.0] 
1623112344028 [log_latest_command] [[ b y t e a r r a y ( b ' \ x a a \ x f f \ x a 0 \ x 0 2 I \ x 0 f \ x 0 e ' ) ]] 
1623112344053 [vl:-0.0935 vr:-0.0755 yaw:0.0] 
1623112344081 [vl:-0.1085 vr:-0.1065 yaw:0.0] 
1623112344134 [vl:-0.0935 vr:-0.094 yaw:0.0] 
1623112344181 [vl:-0.1085 vr:-0.1085 yaw:0.0] 
1623112344233 [vl:-0.062 vr:-0.1065 yaw:0.0] 
1623112344281 [vl:-0.0935 vr:-0.1065 yaw:0.0] 
1623112344333 [vl:-0.11 vr:-0.1085 yaw:0.0] 
1623112344381 [vl:-0.0785 vr:-0.123 yaw:0.0] 
1623112344433 [vl:-0.095 vr:-0.1065 yaw:0.0] 
1623112344481 [vl:-0.0935 vr:-0.092 yaw:0.0] 
1623112344544 [log_latest_command] [[ b y t e a r r a y ( b ' \ x a a \ x f f \ x a 0 \ x 0 2 I \ x 0 f \ x 0 e ' ) ]] 
1623112344557 [vl:-0.1085 vr:-0.1085 yaw:0.0] 
1623112344581 [vl:-0.0935 vr:-0.1085 yaw:0.0] 
1623112344633 [vl:-0.0935 vr:-0.092 yaw:0.0] 
1623112344681 [vl:-0.077 vr:-0.092 yaw:0.0] 
1623112344733 [vl:-0.092 vr:-0.092 yaw:0.0] 
1623112344781 [vl:-0.1085 vr:-0.123 yaw:0.0] 
1623112344833 [vl:-0.125 vr:-0.1065 yaw:0.0] 
1623112344856 [log_latest_command] [[ b y t e a r r a y ( b ' \ x a a \ x f f \ x a 0 \ x 0 2 I \ x 0 f \ x 0 e ' ) ]] 
1623112344885 [vl:-0.1085 vr:-0.123 yaw:0.0] 
1623112344933 [vl:-0.0935 vr:-0.1065 yaw:0.0] 
1623112344981 [vl:-0.1085 vr:-0.1375 yaw:0.0] 
1623112345033 [vl:-0.1085 vr:-0.1375 yaw:0.0] 
1623112345081 [vl:-0.125 vr:-0.121 yaw:0.0] 
1623112345133 [vl:-0.1235 vr:-0.1375 yaw:0.0] 
1623112345148 [log_latest_command] [[ b y t e a r r a y ( b ' \ x a a \ x f f \ x a 0 \ x 0 2 I \ x 0 f \ x 0 e ' ) ]] 
1623112345181 [vl:-0.1085 vr:-0.121 yaw:0.0] 
1623112345233 [vl:-0.1085 vr:-0.121 yaw:0.0] 
1623112345281 [vl:-0.1085 vr:-0.123 yaw:0.0] 
1623112345333 [vl:-0.125 vr:-0.123 yaw:0.0] 
1623112345381 [vl:-0.1085 vr:-0.123 yaw:0.0] 
1623112345408 [log_latest_command] [[ b y t e a r r a y ( b ' \ x a a \ x f f \ x a 0 \ x 0 2 I \ x 0 f \ x 0 e ' ) ]] 
1623112345433 [vl:-0.125 vr:-0.123 yaw:0.0] 
1623112345481 [vl:-0.1085 vr:-0.1375 yaw:0.0] 
1623112345533 [vl:-0.11 vr:-0.1065 yaw:0.0] 
1623112345585 [vl:-0.1085 vr:-0.1515 yaw:0.0] 
1623112345633 [vl:-0.1085 vr:-0.123 yaw:0.0] 
1623112345685 [vl:-0.11 vr:-0.1375 yaw:0.0] 
1623112345733 [vl:-0.1085 vr:-0.1065 yaw:0.0] 
1623112345776 [log_latest_command] [[ b y t e a r r a y ( b ' \ x a a \ x f f \ x a 0 \ x 0 2 I \ x 0 f \ x 0 e ' ) ]] 
1623112345789 [vl:-0.1085 vr:-0.1065 yaw:0.0] 
1623112345834 [vl:-0.062 vr:-0.0445 yaw:0.0] 
1623112345885 [vl:0.0 vr:-0.014 yaw:0.0] 
1623112345933 [vl:-0.0145 vr:-0.014 yaw:0.0] 
1623112345981 [vl:0.0 vr:-0.016 yaw:0.0] 
1623112346033 [vl:0.0 vr:0.0 yaw:0.0] 
1623112346081 [vl:0.0 vr:0.0 yaw:0.0] 
1623112346133 [vl:0.0 vr:0.0 yaw:0.0] 
1623112346181 [vl:0.0 vr:0.0 yaw:0.0] 
1623112346228 [log_latest_command] [[ b y t e a r r a y ( b ' \ x a a \ x f f \ x a 0 \ x 0 2 I \ x 0 f \ x 0 e ' ) ]] 
1623112346253 [vl:0.0295 vr:0.0 yaw:0.0] 
1623112346282 [vl:0.016 vr:0.014 yaw:0.0] 
1623112346333 [vl:0.0 vr:0.0 yaw:0.0] 
1623112346381 [vl:0.0 vr:0.014 yaw:0.0] 
1623112346433 [vl:0.016 vr:0.0 yaw:0.0] 
1623112346481 [vl:0.0145 vr:0.0465 yaw:0.0] 
1623112346533 [vl:0.047 vr:0.0445 yaw:0.0] 
1623112346581 [vl:0.047 vr:0.0775 yaw:0.0] 
1623112346633 [vl:0.062 vr:0.061 yaw:0.0] 
1623112346681 [vl:0.0935 vr:0.061 yaw:0.0] 
1623112346733 [vl:0.0935 vr:0.1065 yaw:0.0] 
1623112346748 [log_latest_command] [[ b y t e a r r a y ( b ' \ x a a \ x f f \ x a 0 \ x 0 2 I \ x 0 f \ x 0 e ' ) ]] 
1623112346781 [vl:0.1085 vr:0.043 yaw:0.0] 
1623112346833 [vl:0.062 vr:0.03 yaw:0.0] 
1623112346885 [vl:0.0305 vr:0.014 yaw:0.0] 
1623112346938 [vl:0.0305 vr:0.0285 yaw:0.0] 
1623112346981 [vl:0.0605 vr:0.014 yaw:0.0] 
1623112347033 [vl:0.077 vr:0.014 yaw:0.0] 
1623112347081 [vl:0.062 vr:0.061 yaw:0.0] 
1623112347133 [vl:0.062 vr:0.061 yaw:0.0] 
1623112347184 [vl:0.077 vr:0.0465 yaw:0.0] 
1623112347233 [vl:0.062 vr:0.0465 yaw:0.0] 
1623112347281 [vl:0.0935 vr:0.0445 yaw:0.0] 
1623112347333 [vl:0.077 vr:0.059 yaw:0.0] 
1623112347381 [vl:0.062 vr:0.0465 yaw:0.0] 
1623112347435 [vl:0.092 vr:0.063 yaw:0.0] 
1623112347481 [vl:0.092 vr:0.0465 yaw:0.0] 
1623112347533 [vl:0.1085 vr:0.061 yaw:0.0] 
1623112347581 [vl:0.125 vr:0.061 yaw:0.0] 
1623112347648 [log_latest_command] [[ b y t e a r r a y ( b ' \ x a a \ x f f \ x a 0 \ x 0 2 I \ x 0 f \ x 0 e ' ) ]] 
1623112347673 [vl:0.125 vr:0.061 yaw:0.0] 
1623112347685 [vl:0.125 vr:0.061 yaw:0.0] 
1623112347733 [vl:0.0 vr:0.0 yaw:0.0] 
1623112347781 [vl:0.0 vr:0.0 yaw:0.0] 
1623112347833 [vl:0.0 vr:0.0 yaw:0.0] 
1623112347881 [vl:0.0 vr:0.0 yaw:0.0] 
1623112347933 [vl:0.0 vr:0.0 yaw:0.0] 
1623112347981 [vl:0.0 vr:0.0 yaw:0.0] 
1623112348033 [vl:0.0 vr:0.0 yaw:0.0] 
1623112348080 [vl:0.0 vr:0.0 yaw:0.0] 
1623112348134 [vl:0.0 vr:0.0 yaw:0.0] 
1623112348181 [vl:0.0 vr:0.0 yaw:0.0] 
1623112348233 [vl:0.0 vr:0.0 yaw:0.0] 
1623112348285 [vl:0.0 vr:0.0 yaw:0.0] 
1623112348333 [vl:0.0 vr:0.0 yaw:0.0] 
1623112348381 [vl:0.0 vr:0.0 yaw:0.0] 
1623112348433 [vl:0.0 vr:0.0 yaw:0.0] 
1623112348485 [vl:0.0 vr:0.0 yaw:0.0] 
1623112348516 [log_latest_command] [[ b y t e a r r a y ( b ' \ x a a \ x f f \ x a 0 \ x 0 2 I \ x 0 f \ x 0 e ' ) ]] 
1623112348541 [vl:0.0145 vr:0.0775 yaw:0.0] 
1623112348581 [vl:0.047 vr:0.0755 yaw:0.0] 
1623112348633 [vl:0.0295 vr:0.063 yaw:0.0] 
1623112348681 [vl:0.062 vr:0.059 yaw:0.0] 
1623112348734 [vl:0.0455 vr:0.0285 yaw:0.0] 
1623112348781 [vl:0.062 vr:0.0465 yaw:0.0] 
1623112348836 [vl:0.0785 vr:0.092 yaw:0.0] 
1623112348881 [vl:0.0455 vr:0.0445 yaw:0.0] 
1623112348933 [vl:0.0455 vr:0.0445 yaw:0.0] 
1623112348981 [vl:0.062 vr:0.09 yaw:0.0] 
1623112349033 [vl:0.062 vr:0.1085 yaw:0.0] 
1623112349081 [vl:0.077 vr:0.092 yaw:0.0] 
1623112349133 [vl:0.062 vr:0.061 yaw:0.0] 
1623112349181 [vl:0.077 vr:0.061 yaw:0.0] 
1623112349233 [vl:0.092 vr:0.092 yaw:0.0] 
1623112349281 [vl:0.0785 vr:0.092 yaw:0.0] 
1623112349334 [vl:0.077 vr:0.09 yaw:0.0] 
1623112349381 [vl:0.092 vr:0.061 yaw:0.0] 
1623112349433 [vl:0.077 vr:0.061 yaw:0.0] 
1623112349481 [vl:0.0785 vr:0.061 yaw:0.0] 
1623112349534 [vl:0.077 vr:0.092 yaw:0.0] 
1623112349585 [vl:0.0935 vr:0.094 yaw:0.0] 
1623112349633 [vl:0.0935 vr:0.1085 yaw:0.0] 
1623112349685 [vl:0.077 vr:0.0755 yaw:0.0] 
1623112349733 [vl:0.077 vr:0.1085 yaw:0.0] 
1623112349785 [vl:0.077 vr:0.1065 yaw:0.0] 
1623112349828 [vl:0.077 vr:0.1065 yaw:0.0] 
1623112349881 [vl:0.0935 vr:0.1065 yaw:0.0] 
1623112349933 [vl:0.077 vr:0.092 yaw:0.0] 
1623112349983 [vl:0.0935 vr:0.123 yaw:0.0] 
1623112350033 [vl:0.125 vr:0.0775 yaw:0.0] 
1623112350085 [vl:0.1085 vr:0.1085 yaw:0.0] 
1623112350133 [vl:0.0935 vr:0.123 yaw:0.0] 
1623112350181 [vl:0.1085 vr:0.1065 yaw:0.0] 
1623112350233 [vl:0.0935 vr:0.123 yaw:0.0] 
1623112350285 [vl:0.1085 vr:0.1065 yaw:0.0] 
1623112350333 [vl:0.11 vr:0.123 yaw:0.0] 
1623112350382 [vl:0.0935 vr:0.123 yaw:0.0] 
1623112350433 [vl:0.1085 vr:0.123 yaw:0.0] 
1623112350485 [vl:0.1085 vr:0.123 yaw:0.0] 
1623112350533 [vl:0.1085 vr:0.1395 yaw:0.0] 
1623112350581 [vl:0.125 vr:0.123 yaw:0.0] 
1623112350633 [vl:0.1085 vr:0.1395 yaw:0.0] 
1623112350681 [vl:0.125 vr:0.1375 yaw:0.0] 
1623112350734 [vl:0.1085 vr:0.123 yaw:0.0] 
1623112350781 [vl:0.1085 vr:0.123 yaw:0.0] 
1623112350833 [vl:0.1085 vr:0.123 yaw:0.0] 
1623112350881 [vl:0.1085 vr:0.123 yaw:0.0] 
1623112350933 [vl:0.11 vr:0.1065 yaw:0.0] 
1623112350982 [vl:0.1085 vr:0.123 yaw:0.0] 
1623112351033 [vl:0.125 vr:0.1065 yaw:0.0] 
1623112351085 [vl:0.0935 vr:0.1065 yaw:0.0] 
1623112351133 [vl:0.11 vr:0.121 yaw:0.0] 
1623112351181 [vl:0.125 vr:0.123 yaw:0.0] 
1623112351233 [vl:0.092 vr:0.1375 yaw:0.0] 
1623112351281 [vl:0.1085 vr:0.1065 yaw:0.0] 
1623112351333 [vl:0.1085 vr:0.1065 yaw:0.0] 
1623112351381 [vl:0.0935 vr:0.123 yaw:0.0] 
1623112351433 [vl:0.1085 vr:0.123 yaw:0.0] 
1623112351481 [vl:0.0935 vr:0.123 yaw:0.0] 
1623112351533 [vl:0.1085 vr:0.1395 yaw:0.0] 
1623112351582 [vl:0.077 vr:0.123 yaw:0.0] 
1623112351633 [vl:0.077 vr:0.121 yaw:0.0] 
1623112351681 [vl:0.0935 vr:0.123 yaw:0.0] 
1623112351733 [vl:0.0785 vr:0.1375 yaw:0.0] 
1623112351781 [vl:0.077 vr:0.1065 yaw:0.0] 
1623112351833 [vl:0.0935 vr:0.121 yaw:0.0] 
1623112351881 [vl:0.0935 vr:0.1065 yaw:0.0] 
1623112351933 [vl:0.0935 vr:0.121 yaw:0.0] 
1623112351981 [vl:0.0935 vr:0.123 yaw:0.0] 
1623112352033 [vl:0.077 vr:0.1065 yaw:0.0] 
1623112352081 [vl:0.092 vr:0.1375 yaw:0.0] 
1623112352133 [vl:0.077 vr:0.121 yaw:0.0] 
1623112352181 [vl:0.0935 vr:0.1515 yaw:0.0] 
1623112352233 [vl:0.0935 vr:0.1065 yaw:0.0] 
1623112352281 [vl:0.077 vr:0.1375 yaw:0.0] 
1623112352333 [vl:0.077 vr:0.1375 yaw:0.0] 
1623112352385 [vl:0.062 vr:0.1375 yaw:0.0] 
1623112352444 [log_latest_command] [[ b y t e a r r a y ( b ' \ x a a \ x f f \ x a 0 \ x 0 2 I \ x 0 f \ x 0 e ' ) ]] 
1623112352445 [vl:0.077 vr:0.123 yaw:0.0] 
1623112352481 [vl:0.125 vr:0.0755 yaw:0.0] 
1623112352533 [vl:0.1085 vr:0.0775 yaw:0.0] 
1623112352585 [vl:0.0935 vr:0.09 yaw:0.0] 
1623112352637 [vl:0.077 vr:0.09 yaw:0.0] 
1623112352681 [vl:0.0935 vr:0.0755 yaw:0.0] 
1623112352733 [vl:0.0935 vr:0.1085 yaw:0.0] 
1623112352781 [vl:0.1085 vr:0.061 yaw:0.0] 
1623112352833 [vl:0.0935 vr:0.0755 yaw:0.0] 
1623112352881 [vl:0.11 vr:0.1065 yaw:0.0] 
1623112352933 [vl:0.1085 vr:0.092 yaw:0.0] 
1623112352981 [vl:0.077 vr:0.1065 yaw:0.0] 
1623112353033 [vl:0.125 vr:0.1065 yaw:0.0] 
1623112353081 [vl:0.0935 vr:0.059 yaw:0.0] 
1623112353133 [vl:0.077 vr:0.092 yaw:0.0] 
1623112353181 [vl:0.0935 vr:0.09 yaw:0.0] 
1623112353233 [vl:0.0785 vr:0.0775 yaw:0.0] 
1623112353281 [vl:0.0935 vr:0.092 yaw:0.0] 
1623112353333 [vl:0.0935 vr:0.09 yaw:0.0] 
1623112353389 [vl:0.1085 vr:0.09 yaw:0.0] 
1623112353433 [vl:0.1085 vr:0.09 yaw:0.0] 
1623112353482 [vl:0.11 vr:0.1085 yaw:0.0] 
1623112353533 [vl:0.077 vr:0.1065 yaw:0.0] 
1623112353616 [log_latest_command] [[ b y t e a r r a y ( b ' \ x a a \ x f f \ x a 0 \ x 0 2 I \ x 0 f \ x 0 e ' ) ]] 
1623112353641 [vl:0.0935 vr:0.1065 yaw:0.0] 
1623112353653 [vl:0.016 vr:0.03 yaw:0.0] 
1623112353681 [vl:0.0145 vr:0.0285 yaw:0.0] 
1623112353733 [vl:0.0 vr:0.014 yaw:0.0] 
1623112353781 [vl:0.0 vr:0.0 yaw:0.0] 
1623112353833 [vl:0.0 vr:0.0 yaw:0.0] 
1623112353881 [vl:0.0 vr:0.0 yaw:0.0] 
1623112353933 [vl:0.0 vr:0.0 yaw:0.0] 
1623112353981 [vl:0.0 vr:0.0 yaw:0.0] 
1623112354033 [vl:0.0 vr:0.0 yaw:0.0] 
1623112354081 [vl:0.0 vr:0.0 yaw:0.0] 
1623112354133 [vl:0.0 vr:0.0 yaw:0.0] 
1623112354181 [vl:0.0 vr:0.0 yaw:0.0] 
1623112354233 [vl:0.0 vr:0.0 yaw:0.0] 
1623112354281 [vl:0.0 vr:0.0 yaw:0.0] 
1623112354333 [vl:0.0 vr:0.0 yaw:0.0] 
1623112354381 [vl:0.0 vr:0.0 yaw:0.0] 
1623112354433 [vl:0.0 vr:0.0 yaw:0.0] 
1623112354516 [log_latest_command] [[ b y t e a r r a y ( b ' \ x a a \ x f f \ x a 0 \ x 0 2 I \ x 0 f \ x 0 e ' ) ]] 
1623112354554 [vl:0.0 vr:0.0 yaw:0.0] 
1623112354568 [vl:0.0 vr:0.0 yaw:0.0] 
1623112354581 [vl:0.0 vr:0.0 yaw:0.0] 
1623112354633 [vl:0.0 vr:0.0 yaw:0.0] 
1623112354681 [vl:0.0 vr:0.0 yaw:0.0] 
1623112354733 [vl:0.0 vr:0.0 yaw:0.0] 
1623112354744 [log_latest_command] [[ b y t e a r r a y ( b ' \ x a a \ x f f \ x a 0 \ x 0 2 I \ x 0 f \ x 0 e ' ) ]] 
1623112354785 [vl:-0.0295 vr:0.0 yaw:0.0] 
1623112354837 [vl:0.0 vr:0.0 yaw:0.0] 
1623112354881 [vl:0.0 vr:0.0 yaw:0.0] 
1623112354933 [vl:0.0 vr:0.0 yaw:0.0] 
1623112354981 [vl:0.0 vr:0.0 yaw:0.0] 
1623112355033 [vl:-0.0145 vr:-0.014 yaw:0.0] 
1623112355083 [vl:-0.0325 vr:-0.016 yaw:0.0] 
1623112355139 [vl:-0.047 vr:-0.014 yaw:0.0] 
1623112355181 [vl:-0.0305 vr:-0.0755 yaw:0.0] 
1623112355233 [vl:-0.0145 vr:-0.0445 yaw:0.0] 
1623112355281 [vl:-0.0455 vr:-0.059 yaw:0.0] 
1623112355333 [vl:-0.077 vr:-0.0755 yaw:0.0] 
1623112355381 [vl:-0.0455 vr:-0.0445 yaw:0.0] 
1623112355433 [vl:-0.0935 vr:-0.092 yaw:0.0] 
1623112355481 [vl:-0.0455 vr:-0.0775 yaw:0.0] 
1623112355533 [vl:-0.0605 vr:-0.061 yaw:0.0] 
1623112355581 [vl:-0.0935 vr:-0.092 yaw:0.0] 
1623112355633 [vl:-0.11 vr:-0.0755 yaw:0.0] 
1623112355682 [vl:-0.1085 vr:-0.1065 yaw:0.0] 
1623112355733 [log_latest_command] [[ b y t e a r r a y ( b ' \ x a a \ x f f \ x a 0 \ x 0 2 I \ x 0 f \ x 0 e ' ) ]] 
1623112355757 [vl:-0.1085 vr:-0.1065 yaw:0.0] 
1623112355781 [vl:-0.0305 vr:-0.0285 yaw:0.0] 
1623112355833 [vl:-0.0305 vr:0.0 yaw:0.0] 
1623112355881 [vl:0.0 vr:0.0 yaw:0.0] 
1623112355937 [vl:0.0 vr:0.0 yaw:0.0] 
1623112355981 [vl:0.0 vr:0.0 yaw:0.0] 
1623112356033 [vl:0.0 vr:0.0 yaw:0.0] 
1623112356082 [vl:0.0 vr:0.0 yaw:0.0] 
1623112356133 [vl:0.0 vr:0.0 yaw:0.0] 
1623112356181 [vl:0.0 vr:0.0 yaw:0.0] 
1623112356233 [vl:0.0 vr:0.0 yaw:0.0] 
1623112356281 [vl:0.0 vr:0.0 yaw:0.0] 
1623112356316 [log_latest_command] [[ b y t e a r r a y ( b ' \ x a a \ x f f \ x a 0 \ x 0 2 I \ x 0 f \ x 0 e ' ) ]] 
1623112356341 [vl:-0.0145 vr:0.0 yaw:0.0] 
1623112356381 [vl:-0.062 vr:-0.0285 yaw:0.0] 
1623112356437 [vl:-0.062 vr:-0.014 yaw:0.0] 
1623112356481 [vl:-0.047 vr:-0.0465 yaw:0.0] 
1623112356533 [vl:-0.062 vr:-0.0465 yaw:0.0] 
1623112356581 [vl:-0.077 vr:-0.0775 yaw:0.0] 
1623112356633 [vl:-0.0935 vr:-0.123 yaw:0.0] 
1623112356682 [vl:-0.077 vr:-0.061 yaw:0.0] 
1623112356733 [vl:-0.125 vr:-0.0755 yaw:0.0] 
1623112356781 [vl:-0.0935 vr:-0.0755 yaw:0.0] 
1623112356833 [vl:-0.1085 vr:-0.061 yaw:0.0] 
1623112356896 [log_latest_command] [[ b y t e a r r a y ( b ' \ x a a \ x f f \ x a 0 \ x 0 2 I \ x 0 f \ x 0 e ' ) ]] 
1623112356933 [vl:-0.1085 vr:-0.061 yaw:0.0] 
1623112356947 [vl:-0.0145 vr:-0.0445 yaw:0.0] 
1623112356981 [vl:-0.0295 vr:0.0 yaw:0.0] 
1623112357033 [vl:0.0 vr:0.0 yaw:0.0] 
1623112357081 [vl:0.0 vr:0.0 yaw:0.0] 
1623112357133 [vl:0.0 vr:0.0 yaw:0.0] 
1623112357181 [vl:0.0 vr:0.0 yaw:0.0] 
1623112357233 [vl:0.0 vr:0.0 yaw:0.0] 
1623112357281 [vl:0.0 vr:0.0 yaw:0.0] 
1623112357333 [vl:0.0 vr:0.0 yaw:0.0] 
1623112357381 [vl:0.0 vr:0.0 yaw:0.0] 
1623112357433 [vl:0.0 vr:0.0 yaw:0.0] 
1623112357481 [vl:0.0 vr:0.0 yaw:0.0] 
1623112357533 [vl:0.0 vr:0.0 yaw:0.0] 
1623112357581 [vl:0.0 vr:0.0 yaw:0.0] 
1623112357633 [vl:0.0 vr:0.0 yaw:0.0] 
1623112357681 [vl:0.0 vr:0.0 yaw:0.0] 
1623112357733 [vl:0.0 vr:0.0 yaw:0.0] 
1623112357744 [log_latest_command] [[ b y t e a r r a y ( b ' \ x a a \ x f f \ x a 0 \ x 0 2 I \ x 0 f \ x 0 e ' ) ]] 
1623112357781 [vl:0.0 vr:0.0 yaw:0.0] 
1623112357833 [vl:0.0 vr:0.0 yaw:0.0] 
1623112357881 [vl:0.0 vr:0.0 yaw:0.0] 
1623112357933 [vl:0.0 vr:0.0 yaw:0.0] 
1623112357981 [vl:0.0 vr:0.0 yaw:0.0] 
1623112358033 [vl:0.0 vr:0.0 yaw:0.0] 
1623112358081 [vl:0.0 vr:0.0 yaw:0.0] 
1623112358133 [vl:0.0 vr:0.0 yaw:0.0] 
1623112358180 [log_latest_command] [[ b y t e a r r a y ( b ' \ x a a \ x f f \ x a 0 \ x 0 2 I \ x 0 f \ x 0 e ' ) ]] 
1623112358205 [vl:0.016 vr:0.0 yaw:0.0] 
1623112358233 [vl:0.0145 vr:0.016 yaw:0.0] 
1623112358281 [vl:0.0 vr:0.016 yaw:0.0] 
1623112358333 [vl:0.0145 vr:0.014 yaw:0.0] 
1623112358382 [vl:0.0145 vr:0.014 yaw:0.0] 
1623112358433 [vl:0.0305 vr:0.03 yaw:0.0] 
1623112358481 [vl:0.062 vr:0.03 yaw:0.0] 
1623112358533 [vl:0.0455 vr:0.0445 yaw:0.0] 
1623112358582 [vl:0.062 vr:0.0755 yaw:0.0] 
1623112358632 [log_latest_command] [[ b y t e a r r a y ( b ' \ x a a \ x f f \ x a 0 \ x 0 2 I \ x 0 f \ x 0 e ' ) ]] 
1623112358661 [vl:0.077 vr:0.0445 yaw:0.0] 
1623112358681 [vl:0.077 vr:0.0445 yaw:0.0] 
1623112358735 [vl:0.062 vr:0.014 yaw:0.0] 
1623112358781 [vl:0.016 vr:0.014 yaw:0.0] 
1623112358833 [vl:0.0455 vr:0.03 yaw:0.0] 
1623112358881 [vl:0.0305 vr:0.0465 yaw:0.0] 
1623112358933 [vl:0.0145 vr:0.03 yaw:0.0] 
1623112358982 [vl:0.0455 vr:0.0285 yaw:0.0] 
1623112359033 [vl:0.062 vr:0.014 yaw:0.0] 
1623112359085 [vl:0.047 vr:0.061 yaw:0.0] 
1623112359133 [vl:0.0605 vr:0.0465 yaw:0.0] 
1623112359181 [vl:0.077 vr:0.0755 yaw:0.0] 
1623112359233 [vl:0.077 vr:0.059 yaw:0.0] 
1623112359281 [vl:0.0785 vr:0.0755 yaw:0.0] 
1623112359333 [vl:0.062 vr:0.061 yaw:0.0] 
1623112359381 [vl:0.062 vr:0.03 yaw:0.0] 
1623112359433 [vl:0.11 vr:0.03 yaw:0.0] 
1623112359481 [vl:0.0935 vr:0.061 yaw:0.0] 
1623112359533 [vl:0.0935 vr:0.0775 yaw:0.0] 
1623112359585 [vl:0.0935 vr:0.092 yaw:0.0] 
1623112359634 [vl:0.1085 vr:0.1085 yaw:0.0] 
1623112359681 [vl:0.092 vr:0.1065 yaw:0.0] 
1623112359733 [vl:0.0935 vr:0.0755 yaw:0.0] 
1623112359781 [vl:0.0935 vr:0.061 yaw:0.0] 
1623112359833 [vl:0.0935 vr:0.123 yaw:0.0] 
1623112359881 [vl:0.1085 vr:0.123 yaw:0.0] 
1623112359934 [vl:0.1085 vr:0.1065 yaw:0.0] 
1623112359981 [vl:0.0935 vr:0.0755 yaw:0.0] 
1623112360033 [vl:0.0935 vr:0.09 yaw:0.0] 
1623112360060 [log_latest_command] [[ b y t e a r r a y ( b ' \ x a a \ x f f \ x a 0 \ x 0 2 I \ x 0 f \ x 0 e ' ) ]] 
1623112360085 [vl:0.1085 vr:0.092 yaw:0.0] 
1623112360133 [vl:0.077 vr:0.0755 yaw:0.0] 
1623112360186 [vl:0.125 vr:0.09 yaw:0.0] 
1623112360233 [vl:0.125 vr:0.09 yaw:0.0] 
1623112360281 [vl:0.092 vr:0.0755 yaw:0.0] 
1623112360333 [vl:0.11 vr:0.0735 yaw:0.0] 
1623112360381 [vl:0.1085 vr:0.0755 yaw:0.0] 
1623112360433 [vl:0.1085 vr:0.092 yaw:0.0] 
1623112360481 [vl:0.125 vr:0.0445 yaw:0.0] 
1623112360533 [vl:0.0935 vr:0.1065 yaw:0.0] 
1623112360581 [vl:0.1085 vr:0.09 yaw:0.0] 
1623112360633 [vl:0.1085 vr:0.059 yaw:0.0] 
1623112360681 [vl:0.1235 vr:0.123 yaw:0.0] 
1623112360734 [vl:0.1085 vr:0.09 yaw:0.0] 
1623112360781 [vl:0.1085 vr:0.1375 yaw:0.0] 
1623112360832 [vl:0.125 vr:0.09 yaw:0.0] 
1623112360881 [vl:0.125 vr:0.092 yaw:0.0] 
1623112360937 [vl:0.1235 vr:0.0755 yaw:0.0] 
1623112360981 [vl:0.1085 vr:0.1065 yaw:0.0] 
1623112361034 [vl:0.1235 vr:0.061 yaw:0.0] 
1623112361081 [vl:0.125 vr:0.1065 yaw:0.0] 
1623112361133 [vl:0.1235 vr:0.1065 yaw:0.0] 
1623112361181 [vl:0.125 vr:0.0755 yaw:0.0] 
1623112361233 [vl:0.14 vr:0.1065 yaw:0.0] 
1623112361281 [vl:0.1085 vr:0.1065 yaw:0.0] 
1623112361333 [vl:0.125 vr:0.1065 yaw:0.0] 
1623112361381 [vl:0.125 vr:0.09 yaw:0.0] 
1623112361433 [vl:0.1235 vr:0.09 yaw:0.0] 
1623112361481 [vl:0.1235 vr:0.0755 yaw:0.0] 
1623112361533 [vl:0.1085 vr:0.123 yaw:0.0] 
1623112361581 [vl:0.125 vr:0.0755 yaw:0.0] 
1623112361633 [vl:0.1085 vr:0.0755 yaw:0.0] 
1623112361681 [vl:0.1235 vr:0.1065 yaw:0.0] 
1623112361733 [vl:0.125 vr:0.1065 yaw:0.0] 
1623112361781 [vl:0.125 vr:0.09 yaw:0.0] 
1623112361833 [vl:0.155 vr:0.061 yaw:0.0] 
1623112361857 [log_latest_command] [[ b y t e a r r a y ( b ' \ x a a \ x f f \ x a 0 \ x 0 2 I \ x 0 f \ x 0 e ' ) ]] 
1623112361894 [vl:0.0305 vr:0.0 yaw:0.0] 
1623112361933 [vl:0.016 vr:0.016 yaw:0.0] 
1623112361981 [vl:0.0 vr:0.0 yaw:0.0] 
1623112362033 [vl:0.0 vr:0.0 yaw:0.0] 
1623112362081 [vl:0.0 vr:0.0 yaw:0.0] 
1623112362133 [vl:0.0 vr:0.0 yaw:0.0] 
1623112362181 [vl:0.0 vr:0.0 yaw:0.0] 
1623112362238 [vl:0.0 vr:0.0 yaw:0.0] 
1623112362285 [vl:0.0 vr:0.0 yaw:0.0] 
1623112362333 [vl:0.0 vr:0.0 yaw:0.0] 
1623112362352 [log_latest_command] [[ b y t e a r r a y ( b ' \ x a a \ x f f \ x a 0 \ x 0 2 I \ x 0 f \ x 0 e ' ) ]] 
1623112362381 [vl:0.0 vr:-0.014 yaw:0.0] 
1623112362433 [vl:0.0 vr:-0.03 yaw:0.0] 
1623112362481 [vl:0.0 vr:-0.0465 yaw:0.0] 
1623112362533 [vl:0.0 vr:-0.0445 yaw:0.0] 
1623112362581 [vl:0.0 vr:-0.014 yaw:0.0] 
1623112362633 [vl:0.0 vr:-0.0285 yaw:0.0] 
1623112362681 [vl:0.0 vr:-0.0465 yaw:0.0] 
1623112362733 [vl:-0.0145 vr:-0.03 yaw:0.0] 
1623112362781 [vl:-0.047 vr:-0.0755 yaw:0.0] 
1623112362833 [vl:-0.062 vr:-0.0775 yaw:0.0] 
1623112362881 [vl:-0.062 vr:-0.0755 yaw:0.0] 
1623112362933 [vl:-0.062 vr:-0.0755 yaw:0.0] 
1623112362981 [vl:-0.0935 vr:-0.1065 yaw:0.0] 
1623112363033 [vl:-0.0935 vr:-0.092 yaw:0.0] 
1623112363081 [vl:-0.077 vr:-0.1085 yaw:0.0] 
1623112363133 [vl:-0.11 vr:-0.1065 yaw:0.0] 
1623112363181 [vl:-0.11 vr:-0.123 yaw:0.0] 
1623112363233 [vl:-0.1085 vr:-0.061 yaw:0.0] 
1623112363281 [vl:-0.0935 vr:-0.123 yaw:0.0] 
1623112363333 [vl:-0.1235 vr:-0.123 yaw:0.0] 
1623112363381 [vl:-0.1085 vr:-0.092 yaw:0.0] 
1623112363433 [vl:-0.1235 vr:-0.123 yaw:0.0] 
1623112363481 [vl:-0.125 vr:-0.123 yaw:0.0] 
1623112363533 [vl:-0.1085 vr:-0.123 yaw:0.0] 
1623112363581 [vl:-0.14 vr:-0.1065 yaw:0.0] 
1623112363633 [vl:-0.1235 vr:-0.1375 yaw:0.0] 
1623112363681 [vl:-0.11 vr:-0.1515 yaw:0.0] 
1623112363733 [vl:-0.14 vr:-0.168 yaw:0.0] 
1623112363785 [vl:-0.1085 vr:-0.1375 yaw:0.0] 
1623112363834 [vl:-0.1085 vr:-0.121 yaw:0.0] 
1623112363881 [vl:-0.14 vr:-0.1515 yaw:0.0] 
1623112363933 [vl:-0.125 vr:-0.123 yaw:0.0] 
1623112363982 [vl:-0.14 vr:-0.1515 yaw:0.0] 
1623112364033 [vl:-0.14 vr:-0.154 yaw:0.0] 
1623112364081 [vl:-0.1235 vr:-0.154 yaw:0.0] 
1623112364133 [vl:-0.14 vr:-0.135 yaw:0.0] 
1623112364181 [vl:-0.14 vr:-0.123 yaw:0.0] 
1623112364233 [vl:-0.14 vr:-0.1515 yaw:0.0] 
1623112364281 [vl:-0.125 vr:-0.123 yaw:0.0] 
1623112364333 [vl:-0.14 vr:-0.154 yaw:0.0] 
1623112364381 [vl:-0.14 vr:-0.168 yaw:0.0] 
1623112364435 [vl:-0.14 vr:-0.123 yaw:0.0] 
1623112364485 [vl:-0.125 vr:-0.154 yaw:0.0] 
1623112364533 [vl:-0.125 vr:-0.154 yaw:0.0] 
1623112364581 [vl:-0.1415 vr:-0.154 yaw:0.0] 
1623112364633 [vl:-0.14 vr:-0.168 yaw:0.0] 
1623112364681 [vl:-0.125 vr:-0.1825 yaw:0.0] 
1623112364733 [vl:-0.14 vr:-0.1375 yaw:0.0] 
1623112364781 [vl:-0.155 vr:-0.1515 yaw:0.0] 
1623112364833 [vl:-0.1415 vr:-0.1515 yaw:0.0] 
1623112364881 [vl:-0.125 vr:-0.1375 yaw:0.0] 
1623112364933 [vl:-0.1235 vr:-0.154 yaw:0.0] 
1623112364981 [vl:-0.125 vr:-0.1375 yaw:0.0] 
1623112365033 [vl:-0.14 vr:-0.1375 yaw:0.0] 
1623112365081 [vl:-0.125 vr:-0.168 yaw:0.0] 
1623112365133 [vl:-0.125 vr:-0.168 yaw:0.0] 
1623112365181 [vl:-0.1235 vr:-0.1375 yaw:0.0] 
1623112365233 [vl:-0.1565 vr:-0.154 yaw:0.0] 
1623112365281 [vl:-0.1715 vr:-0.1375 yaw:0.0] 
1623112365333 [vl:-0.14 vr:-0.168 yaw:0.0] 
1623112365381 [vl:-0.1565 vr:-0.1515 yaw:0.0] 
1623112365433 [vl:-0.1415 vr:-0.1375 yaw:0.0] 
1623112365481 [vl:-0.14 vr:-0.1375 yaw:0.0] 
1623112365533 [vl:-0.1415 vr:-0.123 yaw:0.0] 
1623112365581 [vl:-0.1235 vr:-0.1375 yaw:0.0] 
1623112365633 [vl:-0.14 vr:-0.1375 yaw:0.0] 
1623112365681 [vl:-0.125 vr:-0.123 yaw:0.0] 
1623112365733 [vl:-0.155 vr:-0.1375 yaw:0.0] 
1623112365782 [vl:-0.14 vr:-0.154 yaw:0.0] 
1623112365833 [vl:-0.14 vr:-0.1845 yaw:0.0] 
1623112365881 [vl:-0.14 vr:-0.168 yaw:0.0] 
1623112365933 [vl:-0.14 vr:-0.154 yaw:0.0] 
1623112365981 [vl:-0.1415 vr:-0.1395 yaw:0.0] 
1623112366034 [vl:-0.14 vr:-0.154 yaw:0.0] 
1623112366085 [vl:-0.14 vr:-0.168 yaw:0.0] 
1623112366133 [vl:-0.14 vr:-0.1515 yaw:0.0] 
1623112366181 [vl:-0.14 vr:-0.123 yaw:0.0] 
1623112366233 [vl:-0.14 vr:-0.1375 yaw:0.0] 
1623112366281 [vl:-0.1565 vr:-0.1375 yaw:0.0] 
1623112366333 [vl:-0.14 vr:-0.1515 yaw:0.0] 
1623112366382 [vl:-0.155 vr:-0.1375 yaw:0.0] 
1623112366433 [vl:-0.1565 vr:-0.166 yaw:0.0] 
1623112366481 [vl:-0.14 vr:-0.1375 yaw:0.0] 
1623112366533 [vl:-0.1565 vr:-0.1825 yaw:0.0] 
1623112366581 [vl:-0.1565 vr:-0.154 yaw:0.0] 
1623112366633 [vl:-0.125 vr:-0.1375 yaw:0.0] 
1623112366685 [vl:-0.1565 vr:-0.1375 yaw:0.0] 
1623112366733 [vl:-0.14 vr:-0.168 yaw:0.0] 
1623112366808 [log_latest_command] [[ b y t e a r r a y ( b ' \ x a a \ x f f \ x a 0 \ x 0 2 I \ x 0 f \ x 0 e ' ) ]] 
1623112366808 [vl:-0.14 vr:-0.154 yaw:0.0] 
1623112366837 [vl:-0.14 vr:-0.154 yaw:0.0] 
1623112366883 [vl:-0.0295 vr:-0.0465 yaw:0.0] 
1623112366933 [vl:-0.0145 vr:-0.0325 yaw:0.0] 
1623112366981 [vl:0.0 vr:0.0 yaw:0.0] 
1623112367033 [vl:0.0 vr:0.0 yaw:0.0] 
1623112367081 [vl:0.0 vr:0.0 yaw:0.0] 
1623112367133 [vl:0.0 vr:0.0 yaw:0.0] 
1623112367180 [vl:0.0 vr:0.0 yaw:0.0] 
1623112367233 [vl:0.0 vr:0.0 yaw:0.0] 
1623112367281 [vl:0.0 vr:0.0 yaw:0.0] 
1623112367337 [vl:0.0 vr:0.0 yaw:0.0] 
1623112367381 [vl:0.0 vr:0.0 yaw:0.0] 
1623112367433 [vl:0.0 vr:0.0 yaw:0.0] 
1623112367481 [vl:0.0 vr:0.0 yaw:0.0] 
1623112367533 [vl:0.0 vr:0.0 yaw:0.0] 
1623112367581 [vl:0.0 vr:0.0 yaw:0.0] 
1623112367633 [vl:0.0 vr:0.0 yaw:0.0] 
1623112367681 [vl:0.0 vr:0.0 yaw:0.0] 
1623112367737 [vl:0.0 vr:0.0 yaw:0.0] 
1623112367785 [vl:0.0 vr:0.0 yaw:0.0] 
1623112367833 [vl:0.0 vr:0.0 yaw:0.0] 
1623112367881 [vl:0.0 vr:0.0 yaw:0.0] 
1623112367933 [vl:0.0 vr:0.0 yaw:0.0] 
1623112367982 [vl:0.0 vr:0.0 yaw:0.0] 
1623112368033 [vl:0.0 vr:0.0 yaw:0.0] 
1623112368081 [vl:0.0 vr:0.0 yaw:0.0] 
1623112368133 [vl:0.0 vr:0.0 yaw:0.0] 
1623112368181 [vl:0.0 vr:0.0 yaw:0.0] 
1623112368233 [vl:0.0 vr:0.0 yaw:0.0] 
1623112368281 [vl:0.0 vr:0.0 yaw:0.0] 
1623112368333 [vl:0.0 vr:0.0 yaw:0.0] 
1623112368381 [vl:0.0 vr:0.0 yaw:0.0] 
1623112368433 [vl:0.0 vr:0.0 yaw:0.0] 
1623112368481 [vl:0.0 vr:0.0 yaw:0.0] 
1623112368533 [vl:0.0 vr:0.0 yaw:0.0] 
1623112368581 [vl:0.0 vr:0.0 yaw:0.0] 
1623112368633 [vl:0.0 vr:0.0 yaw:0.0] 
1623112368681 [vl:0.0 vr:0.0 yaw:0.0] 
1623112368737 [vl:0.0 vr:0.0 yaw:0.0] 
1623112368781 [vl:0.0 vr:0.0 yaw:0.0] 
1623112368833 [vl:0.0 vr:0.0 yaw:0.0] 
1623112368881 [vl:0.0 vr:0.0 yaw:0.0] 
1623112368933 [vl:0.0 vr:0.0 yaw:0.0] 
1623112368981 [vl:0.0 vr:0.0 yaw:0.0] 
1623112369033 [vl:0.0 vr:0.0 yaw:0.0] 
1623112369081 [vl:0.0 vr:0.0 yaw:0.0] 
1623112369133 [vl:0.0 vr:0.0 yaw:0.0] 
1623112369181 [vl:0.0 vr:0.0 yaw:0.0] 
1623112369234 [vl:0.0 vr:0.0 yaw:0.0] 
1623112369282 [vl:0.0 vr:0.0 yaw:0.0] 
1623112369334 [vl:0.0 vr:0.0 yaw:0.0] 
1623112369381 [vl:0.0 vr:0.0 yaw:0.0] 
1623112369433 [vl:0.0 vr:0.0 yaw:0.0] 
1623112369481 [vl:0.0 vr:0.0 yaw:0.0] 
1623112369534 [vl:0.0 vr:0.0 yaw:0.0] 
1623112369581 [vl:0.0 vr:0.0 yaw:0.0] 
1623112369632 [vl:0.0 vr:0.0 yaw:0.0] 
1623112369681 [vl:0.0 vr:0.0 yaw:0.0] 
1623112369733 [vl:0.0 vr:0.0 yaw:0.0] 
1623112369781 [vl:0.0 vr:0.0 yaw:0.0] 
1623112369834 [vl:0.0 vr:0.0 yaw:0.0] 
1623112369881 [vl:0.0 vr:0.0 yaw:0.0] 
1623112369933 [vl:0.0 vr:0.0 yaw:0.0] 
1623112369986 [vl:0.0 vr:0.0 yaw:0.0] 
1623112370033 [vl:0.0 vr:0.0 yaw:0.0] 
1623112370081 [vl:0.0 vr:0.0 yaw:0.0] 
1623112370136 [vl:0.0 vr:0.0 yaw:0.0] 
1623112370185 [vl:0.0 vr:0.0 yaw:0.0] 
1623112370232 [vl:0.0 vr:0.0 yaw:0.0] 
1623112370281 [vl:0.0 vr:0.0 yaw:0.0] 
1623112370337 [vl:0.0 vr:0.0 yaw:0.0] 
1623112370382 [vl:0.0 vr:0.0 yaw:0.0] 
1623112370438 [vl:0.0 vr:0.0 yaw:0.0] 
1623112370481 [vl:0.0 vr:0.0 yaw:0.0] 
1623112370533 [vl:0.0 vr:0.0 yaw:0.0] 
1623112370581 [vl:0.0 vr:0.0 yaw:0.0] 
1623112370634 [vl:0.0 vr:0.0 yaw:0.0] 
1623112370681 [vl:0.0 vr:0.0 yaw:0.0] 
1623112370733 [vl:0.0 vr:0.0 yaw:0.0] 
1623112370781 [vl:0.0 vr:0.0 yaw:0.0] 
1623112370833 [vl:0.0 vr:0.0 yaw:0.0] 
1623112370883 [vl:0.0 vr:0.0 yaw:0.0] 
1623112370933 [vl:0.0 vr:0.0 yaw:0.0] 
1623112370981 [vl:0.0 vr:0.0 yaw:0.0] 
1623112371033 [vl:0.0 vr:0.0 yaw:0.0] 
1623112371081 [vl:0.0 vr:0.0 yaw:0.0] 
1623112371133 [vl:0.0 vr:0.0 yaw:0.0] 
1623112371181 [vl:0.0 vr:0.0 yaw:0.0] 
1623112371233 [vl:0.0 vr:0.0 yaw:0.0] 
1623112371282 [vl:0.0 vr:0.0 yaw:0.0] 
1623112371337 [vl:0.0 vr:0.0 yaw:0.0] 
1623112371381 [vl:0.0 vr:0.0 yaw:0.0] 
1623112371433 [vl:0.0 vr:0.0 yaw:0.0] 
1623112371481 [vl:0.0 vr:0.0 yaw:0.0] 
1623112371533 [vl:0.0 vr:0.0 yaw:0.0] 
1623112371581 [vl:0.0 vr:0.0 yaw:0.0] 
1623112371633 [vl:0.0 vr:0.0 yaw:0.0] 
1623112371681 [vl:0.0 vr:0.0 yaw:0.0] 
1623112371733 [vl:0.0 vr:0.0 yaw:0.0] 
1623112371781 [vl:0.0 vr:0.0 yaw:0.0] 
1623112371833 [vl:0.0 vr:0.0 yaw:0.0] 
1623112371885 [vl:0.0 vr:0.0 yaw:0.0] 
1623112371935 [vl:0.0 vr:0.0 yaw:0.0] 
1623112371981 [vl:0.0 vr:0.0 yaw:0.0] 
