1621556564531 [Opening serial port: /dev/ttyTHS1.] 
1621556564836 [The robot is connected to ] [/dev/ttyTHS1] 
1621556564837 [Initial robot's topic...] 
1621556564842 [Start initializing navigation] 
1621556564842 [Start initializing navigation topic] 
1621556564913 [Initialization navigation topic finished] 
1621556564921 [Initialization navigation finished] 
1621556565022 [Update odom] 
1621556565035 [vx:0.0 vy:0.0 yaw:-1.53888954832] 
1621556565122 [Update odom] 
1621556565135 [vx:0.0 vy:0.0 yaw:-1.52735024401] 
1621556565222 [Update odom] 
1621556565235 [vx:0.0 vy:0.0 yaw:-1.51172872307] 
1621556565322 [Update odom] 
1621556565336 [vx:0.0 vy:0.0 yaw:-1.50457191169] 
1621556565423 [Update odom] 
1621556565435 [vx:0.0 vy:0.0 yaw:-1.51092448194] 
1621556565522 [Update odom] 
1621556565535 [vx:0.0 vy:0.0 yaw:-1.52011815237] 
1621556565622 [Update odom] 
1621556565634 [vx:0.0 vy:0.0 yaw:-1.5267380824] 
1621556565722 [Update odom] 
1621556565737 [vx:0.0 vy:0.0 yaw:-1.53257697748] 
1621556565822 [Update odom] 
1621556565834 [vx:0.0 vy:0.0 yaw:-1.53712845442] 
1621556565922 [Update odom] 
1621556565935 [vx:0.0 vy:0.0 yaw:-1.54513232374] 
1621556566022 [Update odom] 
1621556566035 [vx:0.0 vy:0.0 yaw:-1.53697320164] 
1621556566122 [Update odom] 
1621556566135 [vx:0.0 vy:0.0 yaw:-1.5343726607] 
1621556566222 [Update odom] 
1621556566235 [vx:0.0 vy:0.0 yaw:-1.54164700188] 
1621556566322 [Update odom] 
1621556566335 [vx:0.0 vy:0.0 yaw:-1.54550971749] 
1621556566422 [Update odom] 
1621556566434 [vx:0.0 vy:0.0 yaw:-1.5477211949] 
1621556566523 [Update odom] 
1621556566535 [vx:0.0 vy:0.0 yaw:-1.53671486832] 
1621556566622 [Update odom] 
1621556566627 [vx:0.0 vy:0.0 yaw:-1.53107186382] 
1621556566722 [Update odom] 
1621556566734 [vx:0.0 vy:0.0 yaw:-1.53500991995] 
1621556566822 [Update odom] 
1621556566835 [vx:0.0 vy:0.0 yaw:-1.54203701365] 
1621556566922 [Update odom] 
1621556566935 [vx:0.0 vy:0.0 yaw:-1.55088859974] 
1621556567022 [Update odom] 
1621556567035 [vx:0.0 vy:0.0 yaw:-1.54541907884] 
1621556567122 [Update odom] 
1621556567135 [vx:0.0 vy:0.0 yaw:-1.55304736286] 
1621556567222 [Update odom] 
1621556567237 [vx:0.0 vy:0.0 yaw:-1.55180792177] 
1621556567322 [Update odom] 
1621556567334 [vx:0.0 vy:0.0 yaw:-1.55276883564] 
1621556567422 [Update odom] 
1621556567435 [vx:0.0 vy:0.0 yaw:-1.564324821] 
1621556567522 [Update odom] 
1621556567534 [vx:0.0 vy:0.0 yaw:-1.57485424099] 
1621556567622 [Update odom] 
1621556567640 [vx:0.0 vy:0.0 yaw:-1.58907502024] 
1621556567722 [Update odom] 
1621556567739 [vx:0.0 vy:0.0 yaw:-1.58695733199] 
1621556567822 [Update odom] 
1621556567834 [vx:0.0 vy:0.0 yaw:-1.58554646645] 
1621556567922 [Update odom] 
1621556567934 [vx:0.0 vy:0.0 yaw:-1.59346259867] 
1621556568022 [Update odom] 
1621556568041 [vx:0.0 vy:0.0 yaw:-1.60345830054] 
1621556568122 [Update odom] 
1621556568137 [vx:0.0 vy:0.0 yaw:-1.60872572182] 
1621556568222 [Update odom] 
1621556568234 [vx:0.0 vy:0.0 yaw:-1.61536367524] 
1621556568322 [Update odom] 
1621556568335 [vx:0.0 vy:0.0 yaw:-1.61297889401] 
1621556568422 [Update odom] 
1621556568437 [vx:0.0 vy:0.0 yaw:-1.59867576338] 
1621556568524 [Update odom] 
1621556568534 [vx:0.0 vy:0.0 yaw:-1.58318704788] 
1621556568622 [Update odom] 
1621556568635 [vx:0.0 vy:0.0 yaw:-1.59156485361] 
1621556568722 [Update odom] 
1621556568739 [vx:0.0 vy:0.0 yaw:-1.59565111104] 
1621556568822 [Update odom] 
1621556568839 [vx:0.0 vy:0.0 yaw:-1.59871779499] 
1621556568925 [Update odom] 
1621556568939 [vx:0.0 vy:0.0 yaw:-1.60200910926] 
1621556569022 [Update odom] 
1621556569039 [vx:0.0 vy:0.0 yaw:-1.60180478808] 
1621556569122 [Update odom] 
1621556569135 [vx:0.0 vy:0.0 yaw:-1.590480611] 
1621556569222 [Update odom] 
1621556569234 [vx:0.0 vy:0.0 yaw:-1.59077514029] 
1621556569322 [Update odom] 
1621556569335 [vx:0.0 vy:0.0 yaw:-1.59396297321] 
1621556569425 [Update odom] 
1621556569451 [vx:0.0 vy:0.0 yaw:-1.60108093788] 
1621556569522 [Update odom] 
1621556569535 [vx:0.0 vy:0.0 yaw:-1.60803849687] 
1621556569622 [Update odom] 
1621556569634 [vx:0.0 vy:0.0 yaw:-1.60224899409] 
1621556569724 [Update odom] 
1621556569734 [vx:0.0 vy:0.0 yaw:-1.60103250977] 
1621556569822 [Update odom] 
1621556569835 [vx:0.0 vy:0.0 yaw:-1.60015260261] 
1621556569923 [Update odom] 
1621556569939 [vx:0.0 vy:0.0 yaw:-1.59627555032] 
1621556570023 [Update odom] 
1621556570035 [vx:0.0 vy:0.0 yaw:-1.5902626548] 
1621556570134 [Update odom] 
1621556570146 [vx:0.0 vy:0.0 yaw:-1.58267066824] 
1621556570222 [Update odom] 
1621556570235 [vx:0.0 vy:0.0 yaw:-1.58976725403] 
1621556570327 [Update odom] 
1621556570338 [vx:0.0 vy:0.0 yaw:-1.59123807359] 
1621556570424 [Update odom] 
1621556570434 [vx:0.0 vy:0.0 yaw:-1.58533328186] 
1621556570522 [Update odom] 
1621556570537 [vx:0.0 vy:0.0 yaw:-1.58965974742] 
1621556570622 [Update odom] 
1621556570635 [vx:0.0 vy:0.0 yaw:-1.58877132546] 
1621556570722 [Update odom] 
1621556570735 [vx:0.0 vy:0.0 yaw:-1.59751274316] 
1621556570822 [Update odom] 
1621556570834 [vx:0.0 vy:0.0 yaw:-1.60328478571] 
1621556570922 [Update odom] 
1621556570934 [vx:0.0 vy:0.0 yaw:-1.60699810305] 
1621556571022 [Update odom] 
1621556571034 [vx:0.0 vy:0.0 yaw:-1.59552247977] 
1621556571125 [Update odom] 
1621556571146 [vx:0.0 vy:0.0 yaw:-1.58249420496] 
1621556571222 [Update odom] 
1621556571235 [vx:0.0 vy:0.0 yaw:-1.57275823298] 
1621556571322 [Update odom] 
1621556571335 [vx:0.0 vy:0.0 yaw:-1.57553010629] 
1621556571422 [Update odom] 
1621556571435 [vx:0.0 vy:0.0 yaw:-1.58414968041] 
1621556571522 [Update odom] 
1621556571534 [vx:0.0 vy:0.0 yaw:-1.59007856417] 
1621556571623 [Update odom] 
1621556571637 [vx:0.0 vy:0.0 yaw:-1.59666521098] 
1621556571722 [Update odom] 
1621556571735 [vx:0.0 vy:0.0 yaw:-1.60014537681] 
1621556571823 [Update odom] 
1621556571837 [vx:0.0 vy:0.0 yaw:-1.60488696498] 
1621556571922 [Update odom] 
1621556571935 [vx:0.0 vy:0.0 yaw:-1.60623528916] 
1621556572022 [Update odom] 
1621556572039 [vx:0.0 vy:0.0 yaw:-1.60337948835] 
1621556572122 [Update odom] 
1621556572134 [vx:0.0 vy:0.0 yaw:-1.60158691257] 
1621556572222 [Update odom] 
1621556572234 [vx:0.0 vy:0.0 yaw:-1.5953474618] 
1621556572322 [Update odom] 
1621556572334 [vx:0.0 vy:0.0 yaw:-1.58449705232] 
1621556572422 [Update odom] 
1621556572434 [vx:0.0 vy:0.0 yaw:-1.57180556217] 
1621556572522 [Update odom] 
1621556572535 [vx:0.0 vy:0.0 yaw:-1.56529029288] 
1621556572622 [Update odom] 
1621556572639 [vx:0.0 vy:0.0 yaw:-1.55910879502] 
1621556572722 [Update odom] 
1621556572734 [vx:0.0 vy:0.0 yaw:-1.56581179091] 
1621556572822 [Update odom] 
1621556572834 [vx:0.0 vy:0.0 yaw:-1.57497878813] 
1621556572922 [Update odom] 
1621556572934 [vx:0.0 vy:0.0 yaw:-1.57708928413] 
1621556573022 [Update odom] 
1621556573039 [vx:0.0 vy:0.0 yaw:-1.58406605143] 
1621556573122 [Update odom] 
1621556573146 [vx:0.0 vy:0.0 yaw:-1.58818461983] 
1621556573222 [Update odom] 
1621556573239 [vx:0.0 vy:0.0 yaw:-1.59474201875] 
1621556573322 [Update odom] 
1621556573336 [vx:0.0 vy:0.0 yaw:-1.59558254601] 
1621556573422 [Update odom] 
1621556573434 [vx:0.0 vy:0.0 yaw:-1.59994122655] 
1621556573585 [Update odom] 
1621556573599 [vx:0.0 vy:0.0 yaw:-1.61059798698] 
1621556573622 [Update odom] 
1621556573636 [vx:0.0 vy:0.0 yaw:-1.61980772214] 
1621556573722 [Update odom] 
1621556573738 [vx:0.0 vy:0.0 yaw:-1.61060002547] 
1621556573825 [Update odom] 
1621556573848 [vx:0.0 vy:0.0 yaw:-1.60323174178] 
1621556573922 [Update odom] 
1621556573944 [vx:0.0 vy:0.0 yaw:-1.58209012347] 
1621556574022 [Update odom] 
1621556574034 [vx:0.0 vy:0.0 yaw:-1.57320577645] 
1621556574122 [Update odom] 
1621556574134 [vx:0.0 vy:0.0 yaw:-1.55850848471] 
1621556574240 [Update odom] 
1621556574252 [vx:0.0 vy:0.0 yaw:-1.54825450393] 
1621556574322 [Update odom] 
1621556574336 [vx:0.0 vy:0.0 yaw:-1.54288951552] 
1621556574422 [Update odom] 
1621556574434 [vx:0.0 vy:0.0 yaw:-1.54316441966] 
1621556574522 [Update odom] 
1621556574552 [vx:0.0 vy:0.0 yaw:-1.55300560413] 
1621556574622 [Update odom] 
1621556574638 [vx:0.0 vy:0.0 yaw:-1.55972167968] 
1621556574722 [Update odom] 
1621556574739 [vx:0.0 vy:0.0 yaw:-1.57101307469] 
1621556574822 [Update odom] 
1621556574835 [vx:0.0 vy:0.0 yaw:-1.57536299025] 
1621556574922 [Update odom] 
1621556574935 [vx:0.0 vy:0.0 yaw:-1.5766894648] 
1621556575022 [Update odom] 
1621556575042 [vx:0.0 vy:0.0 yaw:-1.57559661581] 
1621556575126 [Update odom] 
1621556575138 [vx:0.0 vy:0.0 yaw:-1.57593799382] 
1621556575222 [Update odom] 
1621556575235 [vx:0.0 vy:0.0 yaw:-1.57782222701] 
1621556575329 [Update odom] 
1621556575342 [vx:0.0 vy:0.0 yaw:-1.58787440083] 
1621556575422 [Update odom] 
1621556575435 [vx:0.0 vy:0.0 yaw:-1.59332581507] 
1621556575524 [Update odom] 
1621556575535 [vx:0.0 vy:0.0 yaw:-1.59469762382] 
1621556575622 [Update odom] 
1621556575638 [vx:0.0 vy:0.0 yaw:-1.58590163101] 
1621556575722 [Update odom] 
1621556575734 [vx:0.0 vy:0.0 yaw:-1.58684733503] 
1621556575822 [Update odom] 
1621556575834 [vx:0.0 vy:0.0 yaw:-1.5753363194] 
1621556575922 [Update odom] 
1621556575935 [vx:0.0 vy:0.0 yaw:-1.55730178435] 
1621556576022 [Update odom] 
1621556576035 [vx:0.0 vy:0.0 yaw:-1.5506247982] 
1621556576124 [Update odom] 
1621556576142 [vx:0.0 vy:0.0 yaw:-1.55780189649] 
1621556576222 [Update odom] 
1621556576234 [vx:0.0 vy:0.0 yaw:-1.57001518096] 
1621556576322 [Update odom] 
1621556576334 [vx:0.0 vy:0.0 yaw:-1.56894000544] 
1621556576427 [Update odom] 
1621556576462 [vx:0.0 vy:0.0 yaw:-1.57683532089] 
1621556576527 [Update odom] 
1621556576539 [vx:0.0 vy:0.0 yaw:-1.58285150274] 
1621556576622 [Update odom] 
1621556576635 [vx:0.0 vy:0.0 yaw:-1.58994877159] 
1621556576722 [Update odom] 
1621556576734 [vx:0.0 vy:0.0 yaw:-1.58338000161] 
1621556576822 [Update odom] 
1621556576834 [vx:0.0 vy:0.0 yaw:-1.57898507648] 
1621556576922 [Update odom] 
1621556576935 [vx:0.0 vy:0.0 yaw:-1.57190816386] 
1621556577022 [Update odom] 
1621556577036 [vx:0.0 vy:0.0 yaw:-1.5670579947] 
1621556577122 [Update odom] 
1621556577135 [vx:0.0 vy:0.0 yaw:-1.56002624549] 
1621556577222 [Update odom] 
1621556577235 [vx:0.0 vy:0.0 yaw:-1.55839550475] 
1621556577322 [Update odom] 
1621556577334 [vx:0.0 vy:0.0 yaw:-1.56522381214] 
1621556577422 [Update odom] 
1621556577435 [vx:0.0 vy:0.0 yaw:-1.57250681464] 
1621556577522 [Update odom] 
1621556577535 [vx:0.0 vy:0.0 yaw:-1.57435367942] 
1621556577622 [Update odom] 
1621556577634 [vx:0.0 vy:0.0 yaw:-1.5746630287] 
1621556577722 [Update odom] 
1621556577739 [vx:0.0 vy:0.0 yaw:-1.56545606886] 
1621556577822 [Update odom] 
1621556577835 [vx:0.0 vy:0.0 yaw:-1.5718044998] 
1621556577922 [Update odom] 
1621556577934 [vx:0.0 vy:0.0 yaw:-1.58189541711] 
1621556578022 [Update odom] 
1621556578036 [vx:0.0 vy:0.0 yaw:-1.58860780562] 
1621556578122 [Update odom] 
1621556578139 [vx:0.0 vy:0.0 yaw:-1.59256832278] 
1621556578225 [Update odom] 
1621556578239 [vx:0.0 vy:0.0 yaw:-1.59984041289] 
1621556578322 [Update odom] 
1621556578337 [vx:0.0 vy:0.0 yaw:-1.61420808304] 
1621556578422 [Update odom] 
1621556578434 [vx:0.0 vy:0.0 yaw:-1.62277709305] 
1621556578522 [Update odom] 
1621556578550 [vx:0.0 vy:0.0 yaw:-1.62679844369] 
1621556578622 [Update odom] 
1621556578644 [vx:0.0 vy:0.0 yaw:-1.62175060676] 
1621556578722 [Update odom] 
1621556578734 [vx:0.0 vy:0.0 yaw:-1.61041306771] 
1621556578822 [Update odom] 
1621556578835 [vx:0.0 vy:0.0 yaw:-1.60443055066] 
1621556578922 [Update odom] 
1621556578936 [vx:0.0 vy:0.0 yaw:-1.59868560034] 
1621556579024 [Update odom] 
1621556579037 [vx:0.0 vy:0.0 yaw:-1.60130019382] 
1621556579122 [Update odom] 
1621556579140 [vx:0.0 vy:0.0 yaw:-1.61148982707] 
1621556579222 [Update odom] 
1621556579234 [vx:0.0 vy:0.0 yaw:-1.61392149121] 
1621556579323 [Update odom] 
1621556579345 [vx:0.0 vy:0.0 yaw:-1.61626606135] 
1621556579422 [Update odom] 
1621556579434 [vx:0.0 vy:0.0 yaw:-1.61914222603] 
1621556579522 [Update odom] 
1621556579535 [vx:0.0 vy:0.0 yaw:-1.61369826319] 
1621556579624 [Update odom] 
1621556579635 [vx:0.0 vy:0.0 yaw:-1.60790242039] 
1621556579722 [Update odom] 
1621556579735 [vx:0.0 vy:0.0 yaw:-1.592986399] 
1621556579829 [Update odom] 
1621556579848 [vx:0.0 vy:0.0 yaw:-1.57759268697] 
1621556579922 [Update odom] 
1621556579934 [vx:0.0 vy:0.0 yaw:-1.57819162714] 
1621556580022 [Update odom] 
1621556580034 [vx:0.0 vy:0.0 yaw:-1.58346883899] 
1621556580122 [Update odom] 
1621556580135 [vx:0.0 vy:0.0 yaw:-1.58470543987] 
1621556580222 [Update odom] 
1621556580236 [vx:0.0 vy:0.0 yaw:-1.58625542784] 
1621556580322 [Update odom] 
1621556580338 [vx:0.0 vy:0.0 yaw:-1.58636131778] 
1621556580424 [Update odom] 
1621556580443 [vx:0.0 vy:0.0 yaw:-1.57769000927] 
1621556580522 [Update odom] 
1621556580534 [vx:0.0 vy:0.0 yaw:-1.56554824069] 
1621556580622 [Update odom] 
1621556580635 [vx:0.0 vy:0.0 yaw:-1.57605874967] 
1621556580722 [Update odom] 
1621556580744 [vx:0.0 vy:0.0 yaw:-1.58298644528] 
1621556580822 [Update odom] 
1621556580836 [vx:0.0 vy:0.0 yaw:-1.59908971852] 
1621556580928 [Update odom] 
1621556580941 [vx:0.0 vy:0.0 yaw:-1.60704290128] 
1621556581022 [Update odom] 
1621556581035 [vx:0.0 vy:0.0 yaw:-1.60580054859] 
1621556581122 [Update odom] 
1621556581137 [vx:0.0 vy:0.0 yaw:-1.59420420498] 
1621556581222 [Update odom] 
1621556581234 [vx:0.0 vy:0.0 yaw:-1.58512793206] 
1621556581322 [Update odom] 
1621556581335 [vx:0.0 vy:0.0 yaw:-1.57216547137] 
1621556581430 [Update odom] 
1621556581446 [vx:0.0 vy:0.0 yaw:-1.55926034076] 
1621556581522 [Update odom] 
1621556581534 [vx:0.0 vy:0.0 yaw:-1.55239003365] 
1621556581627 [Update odom] 
1621556581639 [vx:0.0 vy:0.0 yaw:-1.54355280573] 
1621556581724 [Update odom] 
1621556581734 [vx:0.0 vy:0.0 yaw:-1.54957597178] 
1621556581822 [Update odom] 
1621556581834 [vx:0.0 vy:0.0 yaw:-1.56157601375] 
1621556581930 [Update odom] 
1621556581943 [vx:0.0 vy:0.0 yaw:-1.56379069546] 
1621556582022 [Update odom] 
1621556582035 [vx:0.0 vy:0.0 yaw:-1.57287365577] 
1621556582122 [Update odom] 
1621556582134 [vx:0.0 vy:0.0 yaw:-1.57691939877] 
1621556582249 [Update odom] 
1621556582256 [vx:0.0 vy:0.0 yaw:-1.58125106944] 
1621556582322 [Update odom] 
1621556582334 [vx:0.0 vy:0.0 yaw:-1.58325663577] 
1621556582422 [Update odom] 
1621556582434 [vx:0.0 vy:0.0 yaw:-1.57302304391] 
1621556582522 [Update odom] 
1621556582535 [vx:0.0 vy:0.0 yaw:-1.57324505386] 
1621556582622 [Update odom] 
1621556582634 [vx:0.0 vy:0.0 yaw:-1.5855219494] 
1621556582752 [Update odom] 
1621556582762 [vx:0.0 vy:0.0 yaw:-1.59812870878] 
1621556582822 [Update odom] 
1621556582835 [vx:0.0 vy:0.0 yaw:-1.61197157905] 
1621556582922 [Update odom] 
1621556582935 [vx:0.0 vy:0.0 yaw:-1.60721604397] 
1621556583023 [Update odom] 
1621556583046 [vx:0.0 vy:0.0 yaw:-1.59477622551] 
1621556583122 [Update odom] 
1621556583134 [vx:0.0 vy:0.0 yaw:-1.58480344652] 
1621556583222 [Update odom] 
1621556583234 [vx:0.0 vy:0.0 yaw:-1.59130799959] 
1621556583322 [Update odom] 
1621556583335 [vx:0.0 vy:0.0 yaw:-1.58449799788] 
1621556583422 [Update odom] 
1621556583435 [vx:0.0 vy:0.0 yaw:-1.58753809064] 
1621556583522 [Update odom] 
1621556583535 [vx:0.0 vy:0.0 yaw:-1.59944187646] 
1621556583622 [Update odom] 
1621556583638 [vx:0.0 vy:0.0 yaw:-1.60151370243] 
1621556583722 [Update odom] 
1621556583734 [vx:0.0 vy:0.0 yaw:-1.59162426911] 
1621556583824 [Update odom] 
1621556583839 [vx:0.0 vy:0.0 yaw:-1.57679464391] 
1621556583932 [Update odom] 
1621556583960 [vx:0.0 vy:0.0 yaw:-1.57722754853] 
1621556584022 [Update odom] 
1621556584035 [vx:0.0 vy:0.0 yaw:-1.57447298204] 
1621556584122 [Update odom] 
1621556584143 [vx:0.0 vy:0.0 yaw:-1.575818674] 
1621556584222 [Update odom] 
1621556584235 [vx:0.0 vy:0.0 yaw:-1.58694017127] 
1621556584322 [Update odom] 
1621556584335 [vx:0.0 vy:0.0 yaw:-1.5975113638] 
1621556584422 [Update odom] 
1621556584445 [vx:0.0 vy:0.0 yaw:-1.59735414659] 
1621556584525 [Update odom] 
1621556584540 [vx:0.0 vy:0.0 yaw:-1.60132429372] 
1621556584622 [Update odom] 
1621556584635 [vx:0.0 vy:0.0 yaw:-1.61274137226] 
1621556584722 [Update odom] 
1621556584735 [vx:0.0 vy:0.0 yaw:-1.62480173902] 
1621556584822 [Update odom] 
1621556584835 [vx:0.0 vy:0.0 yaw:-1.63588562763] 
1621556584922 [Update odom] 
1621556584935 [vx:0.0 vy:0.0 yaw:-1.62930583292] 
1621556585024 [Update odom] 
1621556585036 [vx:0.0 vy:0.0 yaw:-1.61645993954] 
1621556585122 [Update odom] 
1621556585135 [vx:0.0 vy:0.0 yaw:-1.59833082216] 
1621556585222 [Update odom] 
1621556585234 [vx:0.0 vy:0.0 yaw:-1.58457825029] 
1621556585323 [Update odom] 
1621556585335 [vx:0.0 vy:0.0 yaw:-1.57518507534] 
1621556585422 [Update odom] 
1621556585434 [vx:0.0 vy:0.0 yaw:-1.57878957193] 
1621556585522 [Update odom] 
1621556585552 [vx:0.0 vy:0.0 yaw:-1.58021853178] 
1621556585622 [Update odom] 
1621556585634 [vx:0.0 vy:0.0 yaw:-1.58322720143] 
1621556585722 [Update odom] 
1621556585735 [vx:0.0 vy:0.0 yaw:-1.58472383803] 
1621556585840 [Update odom] 
1621556585875 [vx:0.0 vy:0.0 yaw:-1.5896718423] 
1621556585922 [Update odom] 
1621556585935 [vx:0.0 vy:0.0 yaw:-1.59834466593] 
1621556586022 [Update odom] 
1621556586035 [vx:0.0 vy:0.0 yaw:-1.60560058797] 
1621556586136 [Update odom] 
1621556586153 [vx:0.0 vy:0.0 yaw:-1.61040516453] 
1621556586222 [Update odom] 
1621556586235 [vx:0.0 vy:0.0 yaw:-1.61413937117] 
1621556586322 [Update odom] 
1621556586334 [vx:0.0 vy:0.0 yaw:-1.61582016172] 
1621556586422 [Update odom] 
1621556586435 [vx:0.0 vy:0.0 yaw:-1.62041487094] 
1621556586522 [Update odom] 
1621556586534 [vx:0.0 vy:0.0 yaw:-1.61981634077] 
1621556586659 [Update odom] 
1621556586672 [vx:0.0 vy:0.0 yaw:-1.61055197077] 
1621556586722 [Update odom] 
1621556586735 [vx:0.0 vy:0.0 yaw:-1.60261762635] 
1621556586824 [Update odom] 
1621556586835 [vx:0.0 vy:0.0 yaw:-1.59079662152] 
1621556586946 [Update odom] 
1621556586958 [vx:0.0 vy:0.0 yaw:-1.59523509406] 
1621556587022 [Update odom] 
1621556587035 [vx:0.0 vy:0.0 yaw:-1.59815185088] 
1621556587122 [Update odom] 
1621556587135 [vx:0.0 vy:0.0 yaw:-1.59737824746] 
1621556587222 [Update odom] 
1621556587230 [vx:0.0 vy:0.0 yaw:-1.59928808677] 
1621556587324 [Update odom] 
1621556587335 [vx:0.0 vy:0.0 yaw:-1.60871713894] 
1621556587422 [Update odom] 
1621556587434 [vx:0.0 vy:0.0 yaw:-1.60489850556] 
1621556587522 [Update odom] 
1621556587534 [vx:0.0 vy:0.0 yaw:-1.59147268268] 
1621556587640 [Update odom] 
1621556587651 [vx:0.0 vy:0.0 yaw:-1.58288398584] 
1621556587725 [Update odom] 
1621556587739 [vx:0.0 vy:0.0 yaw:-1.58920011512] 
1621556587825 [Update odom] 
1621556587840 [vx:0.0 vy:0.0 yaw:-1.60280145631] 
1621556587933 [Update odom] 
1621556587950 [vx:0.0 vy:0.0 yaw:-1.59104842379] 
1621556588022 [Update odom] 
1621556588044 [vx:0.0 vy:0.0 yaw:-1.57980110122] 
1621556588128 [Update odom] 
1621556588140 [vx:0.0 vy:0.0 yaw:-1.56203786093] 
1621556588230 [Update odom] 
1621556588244 [vx:0.0 vy:0.0 yaw:-1.55304385532] 
1621556588332 [Update odom] 
1621556588349 [vx:0.0 vy:0.0 yaw:-1.5606167782] 
1621556588439 [Update odom] 
1621556588451 [vx:0.0 vy:0.0 yaw:-1.5730910296] 
1621556588535 [Update odom] 
1621556588547 [vx:0.0 vy:0.0 yaw:-1.58516337643] 
1621556588624 [Update odom] 
1621556588634 [vx:0.0 vy:0.0 yaw:-1.59397538089] 
1621556588722 [Update odom] 
1621556588734 [vx:0.0 vy:0.0 yaw:-1.60153316382] 
1621556588822 [Update odom] 
1621556588835 [vx:0.0 vy:0.0 yaw:-1.58905796742] 
1621556588922 [Update odom] 
1621556588966 [vx:0.0 vy:0.0 yaw:-1.5848579075] 
1621556589022 [Update odom] 
1621556589037 [vx:0.0 vy:0.0 yaw:-1.57423335977] 
1621556589122 [Update odom] 
1621556589135 [vx:0.0 vy:0.0 yaw:-1.57937104852] 
1621556589222 [Update odom] 
1621556589235 [vx:0.0 vy:0.0 yaw:-1.58786711363] 
1621556589323 [Update odom] 
1621556589334 [vx:0.0 vy:0.0 yaw:-1.5921498938] 
1621556589422 [Update odom] 
1621556589434 [vx:0.0 vy:0.0 yaw:-1.59783534] 
1621556589522 [Update odom] 
1621556589535 [vx:0.0 vy:0.0 yaw:-1.60153310145] 
1621556589622 [Update odom] 
1621556589634 [vx:0.0 vy:0.0 yaw:-1.5963925186] 
1621556589722 [Update odom] 
1621556589735 [vx:0.0 vy:0.0 yaw:-1.59067387447] 
1621556589822 [Update odom] 
1621556589834 [vx:0.0 vy:0.0 yaw:-1.59863988829] 
1621556589933 [Update odom] 
1621556589946 [vx:0.0 vy:0.0 yaw:-1.59434859522] 
1621556590023 [Update odom] 
1621556590034 [vx:0.0 vy:0.0 yaw:-1.59119367719] 
1621556590137 [Update odom] 
1621556590147 [vx:0.0 vy:0.0 yaw:-1.59741417666] 
1621556590226 [Update odom] 
1621556590241 [vx:0.0 vy:0.0 yaw:-1.59900027203] 
1621556590323 [Update odom] 
1621556590334 [vx:0.0 vy:0.0 yaw:-1.59148387798] 
1621556590422 [Update odom] 
1621556590435 [vx:0.0 vy:0.0 yaw:-1.59647507342] 
1621556590530 [Update odom] 
1621556590560 [vx:0.0 vy:0.0 yaw:-1.61008493874] 
1621556590623 [Update odom] 
1621556590666 [vx:0.0 vy:0.0 yaw:-1.61238832993] 
1621556590724 [Update odom] 
1621556590735 [vx:0.0 vy:0.0 yaw:-1.60385431623] 
1621556590822 [Update odom] 
1621556590847 [vx:0.0 vy:0.0 yaw:-1.58892934754] 
1621556590922 [Update odom] 
1621556590935 [vx:0.0 vy:0.0 yaw:-1.57607051522] 
1621556591022 [Update odom] 
1621556591036 [vx:0.0 vy:0.0 yaw:-1.56570315412] 
1621556591122 [Update odom] 
1621556591134 [vx:0.0 vy:0.0 yaw:-1.56766989973] 
1621556591222 [Update odom] 
1621556591235 [vx:0.0 vy:0.0 yaw:-1.57090070107] 
1621556591322 [Update odom] 
1621556591335 [vx:0.0 vy:0.0 yaw:-1.56907382995] 
1621556591422 [Update odom] 
1621556591434 [vx:0.0 vy:0.0 yaw:-1.56646676278] 
1621556591522 [Update odom] 
1621556591535 [vx:0.0 vy:0.0 yaw:-1.5761822212] 
1621556591622 [Update odom] 
1621556591635 [vx:0.0 vy:0.0 yaw:-1.57459176104] 
1621556591722 [Update odom] 
1621556591738 [vx:0.0 vy:0.0 yaw:-1.57320172317] 
1621556591822 [Update odom] 
1621556591837 [vx:0.0 vy:0.0 yaw:-1.57733194187] 
1621556591922 [Update odom] 
1621556591935 [vx:0.0 vy:0.0 yaw:-1.56874315862] 
1621556592022 [Update odom] 
1621556592035 [vx:0.0 vy:0.0 yaw:-1.55353561296] 
1621556592122 [Update odom] 
1621556592135 [vx:0.0 vy:0.0 yaw:-1.55316576053] 
1621556592222 [Update odom] 
1621556592234 [vx:0.0 vy:0.0 yaw:-1.55806072248] 
1621556592322 [Update odom] 
1621556592343 [vx:0.0 vy:0.0 yaw:-1.57293068812] 
1621556592422 [Update odom] 
1621556592435 [vx:0.0 vy:0.0 yaw:-1.58487866751] 
1621556592522 [Update odom] 
1621556592534 [vx:0.0 vy:0.0 yaw:-1.59457718504] 
1621556592622 [Update odom] 
1621556592638 [vx:0.0 vy:0.0 yaw:-1.60741536554] 
1621556592722 [Update odom] 
1621556592734 [vx:0.0 vy:0.0 yaw:-1.60828487482] 
1621556592822 [Update odom] 
1621556592838 [vx:0.0 vy:0.0 yaw:-1.60438115183] 
1621556592922 [Update odom] 
1621556592935 [vx:0.0 vy:0.0 yaw:-1.58991335549] 
1621556593022 [Update odom] 
1621556593037 [vx:0.0 vy:0.0 yaw:-1.58180240158] 
1621556593126 [Update odom] 
1621556593140 [vx:0.0 vy:0.0 yaw:-1.58446570861] 
1621556593222 [Update odom] 
1621556593234 [vx:0.0 vy:0.0 yaw:-1.58991839768] 
1621556593339 [Update odom] 
1621556593352 [vx:0.0 vy:0.0 yaw:-1.57882168387] 
1621556593422 [Update odom] 
1621556593434 [vx:0.0 vy:0.0 yaw:-1.57482664785] 
1621556593522 [Update odom] 
1621556593535 [vx:0.0 vy:0.0 yaw:-1.57078744544] 
1621556593622 [Update odom] 
1621556593635 [vx:0.0 vy:0.0 yaw:-1.56846379057] 
1621556593722 [Update odom] 
1621556593736 [vx:0.0 vy:0.0 yaw:-1.56988533895] 
1621556593822 [Update odom] 
1621556593835 [vx:0.0 vy:0.0 yaw:-1.58100641897] 
1621556593922 [Update odom] 
1621556593934 [vx:0.0 vy:0.0 yaw:-1.58926623187] 
1621556594028 [Update odom] 
1621556594038 [vx:0.0 vy:0.0 yaw:-1.59668121778] 
1621556594126 [Update odom] 
1621556594138 [vx:0.0 vy:0.0 yaw:-1.59399791223] 
1621556594225 [Update odom] 
1621556594239 [vx:0.0 vy:0.0 yaw:-1.57663702305] 
1621556594322 [Update odom] 
1621556594340 [vx:0.0 vy:0.0 yaw:-1.56929101038] 
1621556594422 [Update odom] 
1621556594435 [vx:0.0 vy:0.0 yaw:-1.56449767813] 
1621556594522 [Update odom] 
1621556594534 [vx:0.0 vy:0.0 yaw:-1.57258485144] 
1621556594625 [Update odom] 
1621556594640 [vx:0.0 vy:0.0 yaw:-1.58628610031] 
1621556594722 [Update odom] 
1621556594734 [vx:0.0 vy:0.0 yaw:-1.59212599916] 
1621556594822 [Update odom] 
1621556594840 [vx:0.0 vy:0.0 yaw:-1.60383657755] 
1621556594922 [Update odom] 
1621556594935 [vx:0.0 vy:0.0 yaw:-1.61139553493] 
1621556595022 [Update odom] 
1621556595035 [vx:0.0 vy:0.0 yaw:-1.60269960373] 
1621556595139 [Update odom] 
1621556595151 [vx:0.0 vy:0.0 yaw:-1.60755752876] 
1621556595222 [Update odom] 
1621556595237 [vx:0.0 vy:0.0 yaw:-1.60279307494] 
1621556595322 [Update odom] 
1621556595335 [vx:0.0 vy:0.0 yaw:-1.58757630923] 
1621556595422 [Update odom] 
1621556595436 [vx:0.0 vy:0.0 yaw:-1.57913106833] 
1621556595522 [Update odom] 
1621556595536 [vx:0.0 vy:0.0 yaw:-1.58933772666] 
1621556595622 [Update odom] 
1621556595635 [vx:0.0 vy:0.0 yaw:-1.58697854426] 
1621556595722 [Update odom] 
1621556595734 [vx:0.0 vy:0.0 yaw:-1.58293129518] 
1621556595822 [Update odom] 
1621556595834 [vx:0.0 vy:0.0 yaw:-1.56444579946] 
1621556595922 [Update odom] 
1621556595935 [vx:0.0 vy:0.0 yaw:-1.5533791742] 
1621556596022 [Update odom] 
1621556596035 [vx:0.0 vy:0.0 yaw:-1.56244664348] 
1621556596122 [Update odom] 
1621556596135 [vx:0.0 vy:0.0 yaw:-1.5682581366] 
1621556596222 [Update odom] 
1621556596235 [vx:0.0 vy:0.0 yaw:-1.57151314569] 
1621556596322 [Update odom] 
1621556596334 [vx:0.0 vy:0.0 yaw:-1.57533531275] 
1621556596422 [Update odom] 
1621556596436 [vx:0.0 vy:0.0 yaw:-1.58632054243] 
1621556596522 [Update odom] 
1621556596535 [vx:0.0 vy:0.0 yaw:-1.58143056348] 
1621556596622 [Update odom] 
1621556596636 [vx:0.0 vy:0.0 yaw:-1.58771049966] 
1621556596723 [Update odom] 
1621556596734 [vx:0.0 vy:0.0 yaw:-1.59068959096] 
1621556596828 [Update odom] 
1621556596843 [vx:0.0 vy:0.0 yaw:-1.58547130151] 
1621556596922 [Update odom] 
1621556596936 [vx:0.0 vy:0.0 yaw:-1.5939471814] 
1621556597022 [Update odom] 
1621556597034 [vx:0.0 vy:0.0 yaw:-1.59228620123] 
1621556597123 [Update odom] 
1621556597134 [vx:0.0 vy:0.0 yaw:-1.59347413358] 
1621556597222 [Update odom] 
1621556597235 [vx:0.0 vy:0.0 yaw:-1.59839074162] 
1621556597322 [Update odom] 
1621556597334 [vx:0.0 vy:0.0 yaw:-1.60391814475] 
1621556597429 [Update odom] 
1621556597441 [vx:0.0 vy:0.0 yaw:-1.61332816252] 
1621556597522 [Update odom] 
1621556597535 [vx:0.0 vy:0.0 yaw:-1.62740248877] 
1621556597641 [Update odom] 
1621556597672 [vx:0.0 vy:0.0 yaw:-1.64261783655] 
1621556597722 [Update odom] 
1621556597735 [vx:0.0 vy:0.0 yaw:-1.63740966763] 
1621556597822 [Update odom] 
1621556597834 [vx:0.0 vy:0.0 yaw:-1.63481565331] 
1621556597922 [Update odom] 
1621556597935 [vx:0.0 vy:0.0 yaw:-1.62782114238] 
1621556598022 [Update odom] 
1621556598035 [vx:0.0 vy:0.0 yaw:-1.62726714106] 
1621556598122 [Update odom] 
1621556598135 [vx:0.0 vy:0.0 yaw:-1.62005495999] 
1621556598222 [Update odom] 
1621556598236 [vx:0.0 vy:0.0 yaw:-1.61135571539] 
1621556598322 [Update odom] 
1621556598334 [vx:0.0 vy:0.0 yaw:-1.60661446688] 
1621556598422 [Update odom] 
1621556598435 [vx:0.0 vy:0.0 yaw:-1.60272462836] 
1621556598522 [Update odom] 
1621556598535 [vx:0.0 vy:0.0 yaw:-1.60145109409] 
1621556598622 [Update odom] 
1621556598636 [vx:0.0 vy:0.0 yaw:-1.61148750909] 
1621556598722 [Update odom] 
1621556598735 [vx:0.0 vy:0.0 yaw:-1.60796287924] 
1621556598822 [Update odom] 
1621556598835 [vx:0.0 vy:0.0 yaw:-1.59434279457] 
1621556598922 [Update odom] 
1621556598935 [vx:0.0 vy:0.0 yaw:-1.58033564567] 
1621556599022 [Update odom] 
1621556599035 [vx:0.0 vy:0.0 yaw:-1.56892061596] 
1621556599122 [Update odom] 
1621556599135 [vx:0.0 vy:0.0 yaw:-1.56612169343] 
1621556599222 [Update odom] 
1621556599235 [vx:0.0 vy:0.0 yaw:-1.56318438689] 
1621556599322 [Update odom] 
1621556599334 [vx:0.0 vy:0.0 yaw:-1.56382326654] 
1621556599422 [Update odom] 
1621556599436 [vx:0.0 vy:0.0 yaw:-1.56499044454] 
1621556599522 [Update odom] 
1621556599538 [vx:0.0 vy:0.0 yaw:-1.57493364364] 
1621556599622 [Update odom] 
1621556599637 [vx:0.0 vy:0.0 yaw:-1.57969511668] 
1621556599722 [Update odom] 
1621556599735 [vx:0.0 vy:0.0 yaw:-1.58991455314] 
1621556599830 [Update odom] 
1621556599846 [vx:0.0 vy:0.0 yaw:-1.60412491575] 
1621556599922 [Update odom] 
1621556599935 [vx:0.0 vy:0.0 yaw:-1.61497617796] 
1621556600022 [Update odom] 
1621556600034 [vx:0.0 vy:0.0 yaw:-1.62525090181] 
1621556600122 [Update odom] 
1621556600136 [vx:0.0 vy:0.0 yaw:-1.61575141639] 
1621556600222 [Update odom] 
1621556600236 [vx:0.0 vy:0.0 yaw:-1.62026869406] 
1621556600324 [Update odom] 
1621556600334 [vx:0.0 vy:0.0 yaw:-1.61928973518] 
1621556600422 [Update odom] 
1621556600434 [vx:0.0 vy:0.0 yaw:-1.61728833288] 
1621556600522 [Update odom] 
1621556600535 [vx:0.0 vy:0.0 yaw:-1.62557719539] 
1621556600622 [Update odom] 
1621556600637 [vx:0.0 vy:0.0 yaw:-1.62176075902] 
1621556600722 [Update odom] 
1621556600735 [vx:0.0 vy:0.0 yaw:-1.61302948344] 
1621556600822 [Update odom] 
1621556600834 [vx:0.0 vy:0.0 yaw:-1.60444688179] 
1621556600923 [Update odom] 
1621556600934 [vx:0.0 vy:0.0 yaw:-1.59047731742] 
1621556601022 [Update odom] 
1621556601035 [vx:0.0 vy:0.0 yaw:-1.59658095218] 
1621556601122 [Update odom] 
1621556601143 [vx:0.0 vy:0.0 yaw:-1.58959885495] 
1621556601225 [Update odom] 
1621556601240 [vx:0.0 vy:0.0 yaw:-1.57518719831] 
1621556601322 [Update odom] 
1621556601335 [vx:0.0 vy:0.0 yaw:-1.56234793457] 
1621556601422 [Update odom] 
1621556601435 [vx:0.0 vy:0.0 yaw:-1.5469330177] 
1621556601522 [Update odom] 
1621556601534 [vx:0.0 vy:0.0 yaw:-1.53500156338] 
1621556601624 [Update odom] 
1621556601637 [vx:0.0 vy:0.0 yaw:-1.5449552899] 
1621556601722 [Update odom] 
1621556601734 [vx:0.0 vy:0.0 yaw:-1.55547192521] 
1621556601822 [Update odom] 
1621556601836 [vx:0.0 vy:0.0 yaw:-1.5656276929] 
1621556601922 [Update odom] 
1621556601935 [vx:0.0 vy:0.0 yaw:-1.57976999308] 
1621556602022 [Update odom] 
1621556602035 [vx:0.0 vy:0.0 yaw:-1.58627746707] 
1621556602122 [Update odom] 
1621556602149 [vx:0.0 vy:0.0 yaw:-1.58626113643] 
1621556602223 [Update odom] 
1621556602235 [vx:0.0 vy:0.0 yaw:-1.5870079403] 
1621556602322 [Update odom] 
1621556602338 [vx:0.0 vy:0.0 yaw:-1.5827557701] 
1621556602422 [Update odom] 
1621556602434 [vx:0.0 vy:0.0 yaw:-1.57765161673] 
1621556602522 [Update odom] 
1621556602535 [vx:0.0 vy:0.0 yaw:-1.57737428578] 
1621556602622 [Update odom] 
1621556602642 [vx:0.0 vy:0.0 yaw:-1.5902604097] 
1621556602722 [Update odom] 
1621556602735 [vx:0.0 vy:0.0 yaw:-1.59254496241] 
1621556602823 [Update odom] 
1621556602836 [vx:0.0 vy:0.0 yaw:-1.59287374672] 
1621556602922 [Update odom] 
1621556602936 [vx:0.0 vy:0.0 yaw:-1.58704193999] 
1621556603022 [Update odom] 
1621556603035 [vx:0.0 vy:0.0 yaw:-1.57983397004] 
1621556603122 [Update odom] 
1621556603137 [vx:0.0 vy:0.0 yaw:-1.5743031204] 
1621556603222 [Update odom] 
1621556603235 [vx:0.0 vy:0.0 yaw:-1.57885233339] 
1621556603322 [Update odom] 
1621556603334 [vx:0.0 vy:0.0 yaw:-1.58124666772] 
1621556603422 [Update odom] 
1621556603435 [vx:0.0 vy:0.0 yaw:-1.57994570847] 
1621556603522 [Update odom] 
1621556603535 [vx:0.0 vy:0.0 yaw:-1.57690824939] 
1621556603622 [Update odom] 
1621556603636 [vx:0.0 vy:0.0 yaw:-1.56292123559] 
1621556603722 [Update odom] 
1621556603734 [vx:0.0 vy:0.0 yaw:-1.55652322548] 
1621556603822 [Update odom] 
1621556603834 [vx:0.0 vy:0.0 yaw:-1.55945987975] 
1621556603922 [Update odom] 
1621556603938 [vx:0.0 vy:0.0 yaw:-1.56222294986] 
1621556604025 [Update odom] 
1621556604038 [vx:0.0 vy:0.0 yaw:-1.55450840224] 
1621556604122 [Update odom] 
1621556604136 [vx:0.0 vy:0.0 yaw:-1.56417135619] 
1621556604225 [Update odom] 
1621556604234 [vx:0.0 vy:0.0 yaw:-1.57473979549] 
1621556604323 [Update odom] 
1621556604336 [vx:0.0 vy:0.0 yaw:-1.57790293178] 
1621556604422 [Update odom] 
1621556604435 [vx:0.0 vy:0.0 yaw:-1.57514093575] 
1621556604522 [Update odom] 
1621556604534 [vx:0.0 vy:0.0 yaw:-1.5745119358] 
1621556604622 [Update odom] 
1621556604636 [vx:0.0 vy:0.0 yaw:-1.5672608455] 
1621556604722 [Update odom] 
1621556604735 [vx:0.0 vy:0.0 yaw:-1.57595477532] 
1621556604826 [Update odom] 
1621556604839 [vx:0.0 vy:0.0 yaw:-1.58420805072] 
1621556604922 [Update odom] 
1621556604936 [vx:0.0 vy:0.0 yaw:-1.59382340659] 
1621556605030 [Update odom] 
1621556605042 [vx:0.0 vy:0.0 yaw:-1.60330556118] 
1621556605122 [Update odom] 
1621556605136 [vx:0.0 vy:0.0 yaw:-1.60122049135] 
1621556605222 [Update odom] 
1621556605235 [vx:0.0 vy:0.0 yaw:-1.58714532359] 
1621556605322 [Update odom] 
1621556605338 [vx:0.0 vy:0.0 yaw:-1.57230618612] 
1621556605422 [Update odom] 
1621556605435 [vx:0.0 vy:0.0 yaw:-1.5726969277] 
1621556605522 [Update odom] 
1621556605536 [vx:0.0 vy:0.0 yaw:-1.57744934647] 
1621556605622 [Update odom] 
1621556605661 [vx:0.0 vy:0.0 yaw:-1.56524292373] 
1621556605722 [Update odom] 
1621556605735 [vx:0.0 vy:0.0 yaw:-1.57079968902] 
1621556605824 [Update odom] 
1621556605834 [vx:0.0 vy:0.0 yaw:-1.57917643415] 
1621556605922 [Update odom] 
1621556605934 [vx:0.0 vy:0.0 yaw:-1.59471446022] 
1621556606022 [Update odom] 
1621556606042 [vx:0.0 vy:0.0 yaw:-1.59068512992] 
1621556606122 [Update odom] 
1621556606135 [vx:0.0 vy:0.0 yaw:-1.59183701868] 
1621556606227 [Update odom] 
1621556606241 [vx:0.0 vy:0.0 yaw:-1.59923411768] 
1621556606322 [Update odom] 
1621556606334 [vx:0.0 vy:0.0 yaw:-1.59444219602] 
1621556606422 [Update odom] 
1621556606434 [vx:0.0 vy:0.0 yaw:-1.5871525611] 
1621556606522 [Update odom] 
1621556606534 [vx:0.0 vy:0.0 yaw:-1.58243460779] 
1621556606622 [Update odom] 
1621556606635 [vx:0.0 vy:0.0 yaw:-1.58860090654] 
1621556606722 [Update odom] 
1621556606736 [vx:0.0 vy:0.0 yaw:-1.58171090947] 
1621556606822 [Update odom] 
1621556606835 [vx:0.0 vy:0.0 yaw:-1.58154802487] 
1621556606924 [Update odom] 
1621556606936 [vx:0.0 vy:0.0 yaw:-1.5820488217] 
1621556607022 [Update odom] 
1621556607035 [vx:0.0 vy:0.0 yaw:-1.59319489507] 
1621556607122 [Update odom] 
1621556607134 [vx:0.0 vy:0.0 yaw:-1.60249614853] 
1621556607222 [Update odom] 
1621556607234 [vx:0.0 vy:0.0 yaw:-1.59322445808] 
1621556607322 [Update odom] 
1621556607340 [vx:0.0 vy:0.0 yaw:-1.59169817985] 
1621556607422 [Update odom] 
1621556607434 [vx:0.0 vy:0.0 yaw:-1.59969291188] 
1621556607522 [Update odom] 
1621556607535 [vx:0.0 vy:0.0 yaw:-1.61316996163] 
1621556607635 [Update odom] 
1621556607646 [vx:0.0 vy:0.0 yaw:-1.62135399526] 
1621556607722 [Update odom] 
1621556607736 [vx:0.0 vy:0.0 yaw:-1.61384623776] 
1621556607822 [Update odom] 
1621556607835 [vx:0.0 vy:0.0 yaw:-1.62064465494] 
1621556607922 [Update odom] 
1621556607934 [vx:0.0 vy:0.0 yaw:-1.61908513901] 
1621556608022 [Update odom] 
1621556608034 [vx:0.0 vy:0.0 yaw:-1.61003980375] 
1621556608122 [Update odom] 
1621556608134 [vx:0.0 vy:0.0 yaw:-1.61717204575] 
1621556608222 [Update odom] 
1621556608236 [vx:0.0 vy:0.0 yaw:-1.62444148273] 
1621556608322 [Update odom] 
1621556608336 [vx:0.0 vy:0.0 yaw:-1.63043974974] 
1621556608422 [Update odom] 
1621556608436 [vx:0.0 vy:0.0 yaw:-1.62481821346] 
1621556608524 [Update odom] 
1621556608535 [vx:0.0 vy:0.0 yaw:-1.61474285554] 
1621556608623 [Update odom] 
1621556608634 [vx:0.0 vy:0.0 yaw:-1.60172707179] 
1621556608722 [Update odom] 
1621556608735 [vx:0.0 vy:0.0 yaw:-1.58679869004] 
1621556608822 [Update odom] 
1621556608836 [vx:0.0 vy:0.0 yaw:-1.58649532873] 
1621556608924 [Update odom] 
1621556608937 [vx:0.0 vy:0.0 yaw:-1.5802452899] 
1621556609022 [Update odom] 
1621556609039 [vx:0.0 vy:0.0 yaw:-1.56760941827] 
1621556609125 [Update odom] 
1621556609138 [vx:0.0 vy:0.0 yaw:-1.55441980133] 
1621556609232 [Update odom] 
1621556609270 [vx:0.0 vy:0.0 yaw:-1.54216795238] 
1621556609328 [Update odom] 
1621556609341 [vx:0.0 vy:0.0 yaw:-1.52862780284] 
1621556609422 [Update odom] 
1621556609435 [vx:0.0 vy:0.0 yaw:-1.52814632742] 
1621556609522 [Update odom] 
1621556609541 [vx:0.0 vy:0.0 yaw:-1.53541857152] 
1621556609622 [Update odom] 
1621556609636 [vx:0.0 vy:0.0 yaw:-1.52944801423] 
1621556609723 [Update odom] 
1621556609755 [vx:0.0 vy:0.0 yaw:-1.52600258971] 
1621556609822 [Update odom] 
1621556609841 [vx:0.0 vy:0.0 yaw:-1.52267122221] 
1621556609922 [Update odom] 
1621556609939 [vx:0.0 vy:0.0 yaw:-1.52761444368] 
1621556610022 [Update odom] 
1621556610036 [vx:0.0 vy:0.0 yaw:-1.53412571501] 
1621556610122 [Update odom] 
1621556610146 [vx:0.0 vy:0.0 yaw:-1.54496797045] 
1621556610223 [Update odom] 
1621556610251 [vx:0.0 vy:0.0 yaw:-1.56297414329] 
1621556610322 [Update odom] 
1621556610334 [vx:0.0 vy:0.0 yaw:-1.56799524025] 
1621556610422 [Update odom] 
1621556610435 [vx:0.0 vy:0.0 yaw:-1.57522224609] 
1621556610535 [Update odom] 
1621556610554 [vx:0.0 vy:0.0 yaw:-1.57932185301] 
1621556610622 [Update odom] 
1621556610634 [vx:0.0 vy:0.0 yaw:-1.58259437845] 
1621556610722 [Update odom] 
1621556610734 [vx:0.0 vy:0.0 yaw:-1.58513809472] 
1621556610822 [Update odom] 
1621556610834 [vx:0.0 vy:0.0 yaw:-1.59377780292] 
1621556610922 [Update odom] 
1621556610934 [vx:0.0 vy:0.0 yaw:-1.60230423934] 
1621556611022 [Update odom] 
1621556611035 [vx:0.0 vy:0.0 yaw:-1.61322798025] 
1621556611122 [Update odom] 
1621556611135 [vx:0.0 vy:0.0 yaw:-1.62154406723] 
1621556611222 [Update odom] 
1621556611234 [vx:0.0 vy:0.0 yaw:-1.63140878159] 
1621556611322 [Update odom] 
1621556611335 [vx:0.0 vy:0.0 yaw:-1.64050543982] 
1621556611422 [Update odom] 
1621556611452 [vx:0.0 vy:0.0 yaw:-1.63993356611] 
1621556611522 [Update odom] 
1621556611534 [vx:0.0 vy:0.0 yaw:-1.63319217322] 
1621556611622 [Update odom] 
1621556611634 [vx:0.0 vy:0.0 yaw:-1.63814179571] 
1621556611722 [Update odom] 
1621556611735 [vx:0.0 vy:0.0 yaw:-1.62847161821] 
1621556611827 [Update odom] 
1621556611837 [vx:0.0 vy:0.0 yaw:-1.6195921435] 
1621556611923 [Update odom] 
1621556611941 [vx:0.0 vy:0.0 yaw:-1.59822197284] 
1621556612024 [Update odom] 
1621556612037 [vx:0.0 vy:0.0 yaw:-1.59590379304] 
1621556612122 [Update odom] 
1621556612135 [vx:0.0 vy:0.0 yaw:-1.60502905286] 
1621556612222 [Update odom] 
1621556612235 [vx:0.0 vy:0.0 yaw:-1.61808575353] 
1621556612322 [Update odom] 
1621556612335 [vx:0.0 vy:0.0 yaw:-1.62574944495] 
1621556612426 [Update odom] 
1621556612444 [vx:0.0 vy:0.0 yaw:-1.61860923654] 
1621556612522 [Update odom] 
1621556612534 [vx:0.0 vy:0.0 yaw:-1.60703803822] 
1621556612623 [Update odom] 
1621556612636 [vx:0.0 vy:0.0 yaw:-1.58884360929] 
1621556612724 [Update odom] 
1621556612735 [vx:0.0 vy:0.0 yaw:-1.57949574571] 
1621556612822 [Update odom] 
1621556612839 [vx:0.0 vy:0.0 yaw:-1.57576587038] 
1621556612922 [Update odom] 
1621556612956 [vx:0.0 vy:0.0 yaw:-1.56633319498] 
1621556613023 [Update odom] 
1621556613034 [vx:0.0 vy:0.0 yaw:-1.56471331531] 
1621556613122 [Update odom] 
1621556613135 [vx:0.0 vy:0.0 yaw:-1.56176235049] 
1621556613222 [Update odom] 
1621556613235 [vx:0.0 vy:0.0 yaw:-1.57378279105] 
1621556613323 [Update odom] 
1621556613335 [vx:0.0 vy:0.0 yaw:-1.58589170855] 
1621556613422 [Update odom] 
1621556613435 [vx:0.0 vy:0.0 yaw:-1.59647985437] 
1621556613527 [Update odom] 
1621556613543 [vx:0.0 vy:0.0 yaw:-1.60740625882] 
1621556613622 [Update odom] 
1621556613638 [vx:0.0 vy:0.0 yaw:-1.6108523116] 
1621556613722 [Update odom] 
1621556613734 [vx:0.0 vy:0.0 yaw:-1.60307344316] 
1621556613822 [Update odom] 
1621556613839 [vx:0.0 vy:0.0 yaw:-1.60282867261] 
1621556613937 [Update odom] 
1621556613955 [vx:0.0 vy:0.0 yaw:-1.60857169425] 
1621556614024 [Update odom] 
1621556614039 [vx:0.0 vy:0.0 yaw:-1.60579782769] 
1621556614122 [Update odom] 
1621556614135 [vx:0.0 vy:0.0 yaw:-1.59930111671] 
1621556614222 [Update odom] 
1621556614237 [vx:0.0 vy:0.0 yaw:-1.59400053701] 
1621556614322 [Update odom] 
1621556614334 [vx:0.0 vy:0.0 yaw:-1.59817357813] 
1621556614422 [Update odom] 
1621556614435 [vx:0.0 vy:0.0 yaw:-1.59371414795] 
1621556614522 [Update odom] 
1621556614538 [vx:0.0 vy:0.0 yaw:-1.59848959038] 
1621556614622 [Update odom] 
1621556614635 [vx:0.0 vy:0.0 yaw:-1.60238767357] 
1621556614722 [Update odom] 
1621556614735 [vx:0.0 vy:0.0 yaw:-1.60577357854] 
1621556614829 [Update odom] 
1621556614835 [vx:0.0 vy:0.0 yaw:-1.61562697298] 
1621556614922 [Update odom] 
1621556614936 [vx:0.0 vy:0.0 yaw:-1.61306697044] 
1621556615022 [Update odom] 
1621556615035 [vx:0.0 vy:0.0 yaw:-1.60672093506] 
1621556615122 [Update odom] 
1621556615135 [vx:0.0 vy:0.0 yaw:-1.6126681921] 
1621556615222 [Update odom] 
1621556615234 [vx:0.0 vy:0.0 yaw:-1.61920925919] 
1621556615325 [Update odom] 
1621556615340 [vx:0.0 vy:0.0 yaw:-1.61566578532] 
1621556615423 [Update odom] 
1621556615446 [vx:0.0 vy:0.0 yaw:-1.61483196375] 
1621556615522 [Update odom] 
1621556615534 [vx:0.0 vy:0.0 yaw:-1.61616818319] 
1621556615622 [Update odom] 
1621556615634 [vx:0.0 vy:0.0 yaw:-1.61558755453] 
1621556615724 [Update odom] 
1621556615735 [vx:0.0 vy:0.0 yaw:-1.61869480719] 
1621556615844 [Update odom] 
1621556615860 [vx:0.0 vy:0.0 yaw:-1.62817110527] 
1621556615922 [Update odom] 
1621556615935 [vx:0.0 vy:0.0 yaw:-1.62219483273] 
1621556616023 [Update odom] 
1621556616035 [vx:0.0 vy:0.0 yaw:-1.61157119123] 
1621556616122 [Update odom] 
1621556616134 [vx:0.0 vy:0.0 yaw:-1.59902737597] 
1621556616222 [Update odom] 
1621556616234 [vx:0.0 vy:0.0 yaw:-1.58750375929] 
1621556616322 [Update odom] 
1621556616334 [vx:0.0 vy:0.0 yaw:-1.59598212433] 
1621556616422 [Update odom] 
1621556616436 [vx:0.0 vy:0.0 yaw:-1.60386123715] 
1621556616524 [Update odom] 
1621556616539 [vx:0.0 vy:0.0 yaw:-1.61296972259] 
1621556616622 [Update odom] 
1621556616635 [vx:0.0 vy:0.0 yaw:-1.6230563219] 
1621556616736 [Update odom] 
1621556616746 [vx:0.0 vy:0.0 yaw:-1.63050988052] 
1621556616822 [Update odom] 
1621556616834 [vx:0.0 vy:0.0 yaw:-1.62406157917] 
1621556616922 [Update odom] 
1621556616936 [vx:0.0 vy:0.0 yaw:-1.60706659652] 
1621556617022 [Update odom] 
1621556617035 [vx:0.0 vy:0.0 yaw:-1.60713072427] 
1621556617124 [Update odom] 
1621556617134 [vx:0.0 vy:0.0 yaw:-1.60314226224] 
1621556617222 [Update odom] 
1621556617235 [vx:0.0 vy:0.0 yaw:-1.59493184632] 
1621556617323 [Update odom] 
1621556617334 [vx:0.0 vy:0.0 yaw:-1.59231905798] 
1621556617422 [Update odom] 
1621556617435 [vx:0.0 vy:0.0 yaw:-1.60328650658] 
1621556617522 [Update odom] 
1621556617534 [vx:0.0 vy:0.0 yaw:-1.61064344568] 
1621556617622 [Update odom] 
1621556617637 [vx:0.0 vy:0.0 yaw:-1.61375248386] 
1621556617722 [Update odom] 
1621556617734 [vx:0.0 vy:0.0 yaw:-1.61223929939] 
1621556617822 [Update odom] 
1621556617835 [vx:0.0 vy:0.0 yaw:-1.59973285193] 
1621556617923 [Update odom] 
1621556617934 [vx:0.0 vy:0.0 yaw:-1.59121524011] 
1621556618022 [Update odom] 
1621556618034 [vx:0.0 vy:0.0 yaw:-1.59055990324] 
1621556618122 [Update odom] 
1621556618134 [vx:0.0 vy:0.0 yaw:-1.59496392425] 
1621556618235 [Update odom] 
1621556618248 [vx:0.0 vy:0.0 yaw:-1.57924705609] 
1621556618326 [Update odom] 
1621556618339 [vx:0.0 vy:0.0 yaw:-1.56797847168] 
1621556618422 [Update odom] 
1621556618437 [vx:0.0 vy:0.0 yaw:-1.57633313259] 
1621556618522 [Update odom] 
1621556618534 [vx:0.0 vy:0.0 yaw:-1.57965792673] 
1621556618622 [Update odom] 
1621556618635 [vx:0.0 vy:0.0 yaw:-1.58689328305] 
1621556618722 [Update odom] 
1621556618738 [vx:0.0 vy:0.0 yaw:-1.58854808974] 
1621556618822 [Update odom] 
1621556618835 [vx:0.0 vy:0.0 yaw:-1.5787152887] 
1621556618922 [Update odom] 
1621556618935 [vx:0.0 vy:0.0 yaw:-1.58572792697] 
1621556619022 [Update odom] 
1621556619035 [vx:0.0 vy:0.0 yaw:-1.57756285966] 
1621556619122 [Update odom] 
1621556619139 [vx:0.0 vy:0.0 yaw:-1.57726813829] 
1621556619222 [Update odom] 
1621556619235 [vx:0.0 vy:0.0 yaw:-1.58348923983] 
1621556619322 [Update odom] 
1621556619335 [vx:0.0 vy:0.0 yaw:-1.58962633002] 
1621556619422 [Update odom] 
1621556619435 [vx:0.0 vy:0.0 yaw:-1.58472829758] 
1621556619522 [Update odom] 
1621556619535 [vx:0.0 vy:0.0 yaw:-1.57628791894] 
1621556619622 [Update odom] 
1621556619635 [vx:0.0 vy:0.0 yaw:-1.572407179] 
1621556619722 [Update odom] 
1621556619743 [vx:0.0 vy:0.0 yaw:-1.57002333284] 
1621556619822 [Update odom] 
1621556619835 [vx:0.0 vy:0.0 yaw:-1.56853029468] 
1621556619922 [Update odom] 
1621556619935 [vx:0.0 vy:0.0 yaw:-1.57867853528] 
1621556620022 [Update odom] 
1621556620034 [vx:0.0 vy:0.0 yaw:-1.57998391399] 
1621556620122 [Update odom] 
1621556620135 [vx:0.0 vy:0.0 yaw:-1.58126074546] 
1621556620222 [Update odom] 
1621556620235 [vx:0.0 vy:0.0 yaw:-1.58631111329] 
1621556620322 [Update odom] 
1621556620335 [vx:0.0 vy:0.0 yaw:-1.59486324256] 
1621556620422 [Update odom] 
1621556620435 [vx:0.0 vy:0.0 yaw:-1.58557519801] 
1621556620522 [Update odom] 
1621556620535 [vx:0.0 vy:0.0 yaw:-1.56990479871] 
1621556620622 [Update odom] 
1621556620634 [vx:0.0 vy:0.0 yaw:-1.55942706595] 
1621556620722 [Update odom] 
1621556620734 [vx:0.0 vy:0.0 yaw:-1.5558612031] 
1621556620822 [Update odom] 
1621556620839 [vx:0.0 vy:0.0 yaw:-1.5576386023] 
1621556620922 [Update odom] 
1621556620935 [vx:0.0 vy:0.0 yaw:-1.5503290528] 
1621556621022 [Update odom] 
1621556621035 [vx:0.0 vy:0.0 yaw:-1.55536112636] 
1621556621122 [Update odom] 
1621556621135 [vx:0.0 vy:0.0 yaw:-1.56765009013] 
1621556621222 [Update odom] 
1621556621235 [vx:0.0 vy:0.0 yaw:-1.57128786708] 
1621556621322 [Update odom] 
1621556621337 [vx:0.0 vy:0.0 yaw:-1.5717617247] 
1621556621422 [Update odom] 
1621556621435 [vx:0.0 vy:0.0 yaw:-1.58337092417] 
1621556621522 [Update odom] 
1621556621537 [vx:0.0 vy:0.0 yaw:-1.59622108582] 
1621556621622 [Update odom] 
1621556621635 [vx:0.0 vy:0.0 yaw:-1.59586607184] 
1621556621722 [Update odom] 
1621556621735 [vx:0.0 vy:0.0 yaw:-1.5987005327] 
1621556621823 [Update odom] 
1621556621835 [vx:0.0 vy:0.0 yaw:-1.60097867086] 
1621556621922 [Update odom] 
1621556621935 [vx:0.0 vy:0.0 yaw:-1.58807881518] 
1621556622022 [Update odom] 
1621556622035 [vx:0.0 vy:0.0 yaw:-1.59690477198] 
1621556622122 [Update odom] 
1621556622135 [vx:0.0 vy:0.0 yaw:-1.59544131959] 
1621556622222 [Update odom] 
1621556622235 [vx:0.0 vy:0.0 yaw:-1.59955766327] 
1621556622322 [Update odom] 
1621556622334 [vx:0.0 vy:0.0 yaw:-1.60791715758] 
1621556622422 [Update odom] 
1621556622435 [vx:0.0 vy:0.0 yaw:-1.621901724] 
1621556622522 [Update odom] 
1621556622535 [vx:0.0 vy:0.0 yaw:-1.63226023311] 
1621556622622 [Update odom] 
1621556622635 [vx:0.0 vy:0.0 yaw:-1.63651130437] 
1621556622722 [Update odom] 
1621556622739 [vx:0.0 vy:0.0 yaw:-1.63900390952] 
1621556622822 [Update odom] 
1621556622834 [vx:0.0 vy:0.0 yaw:-1.64025858296] 
1621556622925 [Update odom] 
1621556622939 [vx:0.0 vy:0.0 yaw:-1.64160800503] 
1621556623022 [Update odom] 
1621556623035 [vx:0.0 vy:0.0 yaw:-1.64234046084] 
1621556623122 [Update odom] 
1621556623139 [vx:0.0 vy:0.0 yaw:-1.63514283025] 
1621556623222 [Update odom] 
1621556623234 [vx:0.0 vy:0.0 yaw:-1.62801048784] 
1621556623322 [Update odom] 
1621556623335 [vx:0.0 vy:0.0 yaw:-1.61525581648] 
1621556623422 [Update odom] 
1621556623435 [vx:0.0 vy:0.0 yaw:-1.60904549834] 
1621556623522 [Update odom] 
1621556623535 [vx:0.0 vy:0.0 yaw:-1.60437710034] 
1621556623622 [Update odom] 
1621556623635 [vx:0.0 vy:0.0 yaw:-1.61062682795] 
1621556623722 [Update odom] 
1621556623734 [vx:0.0 vy:0.0 yaw:-1.61969915966] 
1621556623822 [Update odom] 
1621556623834 [vx:0.0 vy:0.0 yaw:-1.62604458945] 
1621556623922 [Update odom] 
1621556623936 [vx:0.0 vy:0.0 yaw:-1.62860907653] 
1621556624022 [Update odom] 
1621556624036 [vx:0.0 vy:0.0 yaw:-1.61828868985] 
1621556624122 [Update odom] 
1621556624135 [vx:0.0 vy:0.0 yaw:-1.60298273221] 
1621556624222 [Update odom] 
1621556624235 [vx:0.0 vy:0.0 yaw:-1.58959615002] 
1621556624322 [Update odom] 
1621556624335 [vx:0.0 vy:0.0 yaw:-1.57256388342] 
1621556624429 [Update odom] 
1621556624439 [vx:0.0 vy:0.0 yaw:-1.56129185657] 
1621556624522 [Update odom] 
1621556624536 [vx:0.0 vy:0.0 yaw:-1.56909014569] 
1621556624622 [Update odom] 
1621556624640 [vx:0.0 vy:0.0 yaw:-1.5636679448] 
1621556624725 [Update odom] 
1621556624738 [vx:0.0 vy:0.0 yaw:-1.55773822203] 
1621556624822 [Update odom] 
1621556624835 [vx:0.0 vy:0.0 yaw:-1.5518484036] 
1621556624922 [Update odom] 
1621556624934 [vx:0.0 vy:0.0 yaw:-1.54186168776] 
1621556625022 [Update odom] 
1621556625035 [vx:0.0 vy:0.0 yaw:-1.55140874334] 
1621556625127 [Update odom] 
1621556625138 [vx:0.0 vy:0.0 yaw:-1.5529903859] 
1621556625222 [Update odom] 
1621556625239 [vx:0.0 vy:0.0 yaw:-1.55764950494] 
1621556625322 [Update odom] 
1621556625335 [vx:0.0 vy:0.0 yaw:-1.55556198146] 
1621556625422 [Update odom] 
1621556625435 [vx:0.0 vy:0.0 yaw:-1.54506824984] 
1621556625522 [Update odom] 
1621556625542 [vx:0.0 vy:0.0 yaw:-1.55389624231] 
1621556625622 [Update odom] 
1621556625635 [vx:0.0 vy:0.0 yaw:-1.56475588013] 
1621556625722 [Update odom] 
1621556625734 [vx:0.0 vy:0.0 yaw:-1.57789655905] 
1621556625822 [Update odom] 
1621556625835 [vx:0.0 vy:0.0 yaw:-1.58682288767] 
1621556625922 [Update odom] 
1621556625935 [vx:0.0 vy:0.0 yaw:-1.59492149516] 
1621556626022 [Update odom] 
1621556626035 [vx:0.0 vy:0.0 yaw:-1.58997003727] 
1621556626122 [Update odom] 
1621556626135 [vx:0.0 vy:0.0 yaw:-1.57950951078] 
1621556626222 [Update odom] 
1621556626234 [vx:0.0 vy:0.0 yaw:-1.56782698048] 
1621556626322 [Update odom] 
1621556626335 [vx:0.0 vy:0.0 yaw:-1.55761324657] 
1621556626422 [Update odom] 
1621556626442 [vx:0.0 vy:0.0 yaw:-1.5595350459] 
1621556626522 [Update odom] 
1621556626535 [vx:0.0 vy:0.0 yaw:-1.56079375784] 
1621556626622 [Update odom] 
1621556626635 [vx:0.0 vy:0.0 yaw:-1.56013607841] 
1621556626722 [Update odom] 
1621556626735 [vx:0.0 vy:0.0 yaw:-1.56127128635] 
1621556626822 [Update odom] 
1621556626835 [vx:0.0 vy:0.0 yaw:-1.55824316278] 
1621556626922 [Update odom] 
1621556626935 [vx:0.0 vy:0.0 yaw:-1.55303115053] 
1621556627022 [Update odom] 
1621556627035 [vx:0.0 vy:0.0 yaw:-1.56040858923] 
1621556627122 [Update odom] 
1621556627144 [vx:0.0 vy:0.0 yaw:-1.56022561994] 
1621556627222 [Update odom] 
1621556627240 [vx:0.0 vy:0.0 yaw:-1.56934269109] 
1621556627322 [Update odom] 
1621556627336 [vx:0.0 vy:0.0 yaw:-1.57022567236] 
1621556627421 [Update odom] 
1621556627435 [vx:0.0 vy:0.0 yaw:-1.56598581178] 
1621556627522 [Update odom] 
1621556627535 [vx:0.0 vy:0.0 yaw:-1.57523205764] 
1621556627622 [Update odom] 
1621556627635 [vx:0.0 vy:0.0 yaw:-1.58662072283] 
1621556627722 [Update odom] 
1621556627735 [vx:0.0 vy:0.0 yaw:-1.58370102776] 
1621556627822 [Update odom] 
1621556627835 [vx:0.0 vy:0.0 yaw:-1.5719911666] 
1621556627924 [Update odom] 
1621556627945 [vx:0.0 vy:0.0 yaw:-1.56544862064] 
