1621640165841 [Opening serial port: /dev/ttyTHS1.] 
1621640166147 [The robot is connected to ] [/dev/ttyTHS1] 
1621640166147 [Initial robot's topic...] 
1621640166153 [Start initializing navigation] 
1621640166153 [Start initializing navigation topic] 
1621640166193 [Initialization navigation topic finished] 
1621640166199 [Initialization navigation finished] 
1621640166303 [Update odom] 
1621640166315 [vx:0.0 vy:0.0 yaw:1.04056072378] 
1621640166403 [Update odom] 
1621640166415 [vx:0.0 vy:0.0 yaw:1.03984133098] 
1621640166503 [Update odom] 
1621640166515 [vx:0.0 vy:0.0 yaw:1.049920138] 
1621640166603 [Update odom] 
1621640166614 [vx:0.0 vy:0.0 yaw:1.05157426987] 
1621640166703 [Update odom] 
1621640166715 [vx:0.0 vy:0.0 yaw:1.06117097445] 
1621640166803 [Update odom] 
1621640166816 [vx:0.0 vy:0.0 yaw:1.06223434761] 
1621640166906 [Update odom] 
1621640166919 [vx:0.0 vy:0.0 yaw:1.06130141294] 
1621640167003 [Update odom] 
1621640167015 [vx:0.0 vy:0.0 yaw:1.04694451217] 
1621640167103 [Update odom] 
1621640167119 [vx:0.0 vy:0.0 yaw:1.03152890194] 
1621640167203 [Update odom] 
1621640167215 [vx:0.0 vy:0.0 yaw:1.03616210994] 
1621640167303 [Update odom] 
1621640167315 [vx:0.0 vy:0.0 yaw:1.03101098543] 
1621640167402 [Update odom] 
1621640167415 [vx:0.0 vy:0.0 yaw:1.03407541418] 
1621640167503 [Update odom] 
1621640167517 [vx:0.0 vy:0.0 yaw:1.0480459632] 
1621640167603 [Update odom] 
1621640167615 [vx:0.0 vy:0.0 yaw:1.06182744672] 
1621640167702 [Update odom] 
1621640167715 [vx:0.0 vy:0.0 yaw:1.05573120858] 
1621640167803 [Update odom] 
1621640167815 [vx:0.0 vy:0.0 yaw:1.05195654306] 
1621640167903 [Update odom] 
1621640167915 [vx:0.0 vy:0.0 yaw:1.04792667875] 
1621640168003 [Update odom] 
1621640168015 [vx:0.0 vy:0.0 yaw:1.04650872585] 
1621640168103 [Update odom] 
1621640168115 [vx:0.0 vy:0.0 yaw:1.03361037073] 
1621640168202 [Update odom] 
1621640168215 [vx:0.0 vy:0.0 yaw:1.03234081095] 
1621640168303 [Update odom] 
1621640168315 [vx:0.0 vy:0.0 yaw:1.0283489775] 
1621640168402 [Update odom] 
1621640168415 [vx:0.0 vy:0.0 yaw:1.03014440826] 
1621640168503 [Update odom] 
1621640168515 [vx:0.0 vy:0.0 yaw:1.04386239591] 
1621640168602 [Update odom] 
1621640168615 [vx:0.0 vy:0.0 yaw:1.05413034545] 
1621640168703 [Update odom] 
1621640168722 [vx:0.0 vy:0.0 yaw:1.04348249185] 
1621640168803 [Update odom] 
1621640168815 [vx:0.0 vy:0.0 yaw:1.03360558319] 
1621640168902 [Update odom] 
1621640168915 [vx:0.0 vy:0.0 yaw:1.0370553192] 
1621640169003 [Update odom] 
1621640169016 [vx:0.0 vy:0.0 yaw:1.04518848903] 
1621640169115 [Update odom] 
1621640169128 [vx:0.0 vy:0.0 yaw:1.05866274392] 
1621640169203 [Update odom] 
1621640169215 [vx:0.0 vy:0.0 yaw:1.0517808935] 
1621640169302 [Update odom] 
1621640169315 [vx:0.0 vy:0.0 yaw:1.04549051155] 
1621640169403 [Update odom] 
1621640169415 [vx:0.0 vy:0.0 yaw:1.04461115675] 
1621640169503 [Update odom] 
1621640169515 [vx:0.0 vy:0.0 yaw:1.04531343166] 
1621640169603 [Update odom] 
1621640169614 [vx:0.0 vy:0.0 yaw:1.04496572788] 
1621640169704 [Update odom] 
1621640169715 [vx:0.0 vy:0.0 yaw:1.05366258418] 
1621640169802 [Update odom] 
1621640169815 [vx:0.0 vy:0.0 yaw:1.05309497483] 
1621640169902 [Update odom] 
1621640169915 [vx:0.0 vy:0.0 yaw:1.04938167144] 
1621640170002 [Update odom] 
1621640170015 [vx:0.0 vy:0.0 yaw:1.0393692727] 
1621640170103 [Update odom] 
1621640170115 [vx:0.0 vy:0.0 yaw:1.04639795747] 
1621640170203 [Update odom] 
1621640170225 [vx:0.0 vy:0.0 yaw:1.0316181904] 
1621640170302 [Update odom] 
1621640170315 [vx:0.0 vy:0.0 yaw:1.03295805509] 
1621640170402 [Update odom] 
1621640170415 [vx:0.0 vy:0.0 yaw:1.03939218437] 
1621640170503 [Update odom] 
1621640170515 [vx:0.0 vy:0.0 yaw:1.0370365893] 
1621640170604 [Update odom] 
1621640170615 [vx:0.0 vy:0.0 yaw:1.03910225097] 
1621640170703 [Update odom] 
1621640170715 [vx:0.0 vy:0.0 yaw:1.03485887006] 
1621640170803 [Update odom] 
1621640170815 [vx:0.0 vy:0.0 yaw:1.04244185485] 
1621640170902 [Update odom] 
1621640170915 [vx:0.0 vy:0.0 yaw:1.05217957582] 
1621640171005 [Update odom] 
1621640171019 [vx:0.0 vy:0.0 yaw:1.05492050944] 
1621640171102 [Update odom] 
1621640171115 [vx:0.0 vy:0.0 yaw:1.06747999575] 
1621640171202 [Update odom] 
1621640171215 [vx:0.0 vy:0.0 yaw:1.05306306691] 
1621640171302 [Update odom] 
1621640171315 [vx:0.0 vy:0.0 yaw:1.04604638812] 
1621640171403 [Update odom] 
1621640171416 [vx:0.0 vy:0.0 yaw:1.04037195604] 
1621640171506 [Update odom] 
1621640171523 [vx:0.0 vy:0.0 yaw:1.02234876088] 
1621640171603 [Update odom] 
1621640171615 [vx:0.0 vy:0.0 yaw:1.02029233606] 
1621640171703 [Update odom] 
1621640171716 [vx:0.0 vy:0.0 yaw:1.00942366159] 
1621640171807 [Update odom] 
1621640171820 [vx:0.0 vy:0.0 yaw:1.02075146301] 
1621640171903 [Update odom] 
1621640171922 [vx:0.0 vy:0.0 yaw:1.02714349469] 
1621640172003 [Update odom] 
1621640172015 [vx:0.0 vy:0.0 yaw:1.02556713591] 
1621640172103 [Update odom] 
1621640172115 [vx:0.0 vy:0.0 yaw:1.0193799097] 
1621640172203 [Update odom] 
1621640172215 [vx:0.0 vy:0.0 yaw:1.03307260885] 
1621640172302 [Update odom] 
1621640172315 [vx:0.0 vy:0.0 yaw:1.0442939177] 
1621640172402 [Update odom] 
1621640172415 [vx:0.0 vy:0.0 yaw:1.04370503578] 
1621640172502 [Update odom] 
1621640172515 [vx:0.0 vy:0.0 yaw:1.04308565287] 
1621640172603 [Update odom] 
1621640172615 [vx:0.0 vy:0.0 yaw:1.05764369848] 
1621640172703 [Update odom] 
1621640172717 [vx:0.0 vy:0.0 yaw:1.04384545792] 
1621640172803 [Update odom] 
1621640172815 [vx:0.0 vy:0.0 yaw:1.04898621591] 
1621640172903 [Update odom] 
1621640172914 [vx:0.0 vy:0.0 yaw:1.04739612751] 
1621640173003 [Update odom] 
1621640173015 [vx:0.0 vy:0.0 yaw:1.03528931998] 
1621640173102 [Update odom] 
1621640173115 [vx:0.0 vy:0.0 yaw:1.02893069729] 
1621640173208 [Update odom] 
1621640173219 [vx:0.0 vy:0.0 yaw:1.01366642545] 
1621640173303 [Update odom] 
1621640173316 [vx:0.0 vy:0.0 yaw:1.00159479685] 
1621640173403 [Update odom] 
1621640173419 [vx:0.0 vy:0.0 yaw:1.00588759417] 
1621640173504 [Update odom] 
1621640173514 [vx:0.0 vy:0.0 yaw:1.01960551937] 
1621640173603 [Update odom] 
1621640173619 [vx:0.0 vy:0.0 yaw:1.0128898043] 
1621640173703 [Update odom] 
1621640173715 [vx:0.0 vy:0.0 yaw:1.01297297967] 
1621640173803 [Update odom] 
1621640173815 [vx:0.0 vy:0.0 yaw:1.02190713154] 
1621640173903 [Update odom] 
1621640173915 [vx:0.0 vy:0.0 yaw:1.02595428843] 
1621640174002 [Update odom] 
1621640174015 [vx:0.0 vy:0.0 yaw:1.02632605209] 
1621640174103 [Update odom] 
1621640174115 [vx:0.0 vy:0.0 yaw:1.02717909822] 
1621640174206 [Update odom] 
1621640174219 [vx:0.0 vy:0.0 yaw:1.01849170133] 
1621640174303 [Update odom] 
1621640174315 [vx:0.0 vy:0.0 yaw:1.01592216977] 
1621640174403 [Update odom] 
1621640174414 [vx:0.0 vy:0.0 yaw:1.01946488346] 
1621640174503 [Update odom] 
1621640174515 [vx:0.0 vy:0.0 yaw:1.0328453213] 
1621640174602 [Update odom] 
1621640174615 [vx:0.0 vy:0.0 yaw:1.04598785656] 
1621640174702 [Update odom] 
1621640174715 [vx:0.0 vy:0.0 yaw:1.05964205457] 
1621640174803 [Update odom] 
1621640174819 [vx:0.0 vy:0.0 yaw:1.05184755759] 
1621640174903 [Update odom] 
1621640174915 [vx:0.0 vy:0.0 yaw:1.05011400338] 
1621640175002 [Update odom] 
1621640175015 [vx:0.0 vy:0.0 yaw:1.06212028299] 
1621640175102 [Update odom] 
1621640175115 [vx:0.0 vy:0.0 yaw:1.06660389931] 
1621640175203 [Update odom] 
1621640175214 [vx:0.0 vy:0.0 yaw:1.05545794812] 
1621640175303 [Update odom] 
1621640175315 [vx:0.0 vy:0.0 yaw:1.03661801762] 
1621640175402 [Update odom] 
1621640175415 [vx:0.0 vy:0.0 yaw:1.03798669967] 
1621640175502 [Update odom] 
1621640175515 [vx:0.0 vy:0.0 yaw:1.03807113515] 
1621640175602 [Update odom] 
1621640175615 [vx:0.0 vy:0.0 yaw:1.03888582549] 
1621640175702 [Update odom] 
1621640175715 [vx:0.0 vy:0.0 yaw:1.03732185217] 
1621640175803 [Update odom] 
1621640175815 [vx:0.0 vy:0.0 yaw:1.0475191245] 
1621640175903 [Update odom] 
1621640175915 [vx:0.0 vy:0.0 yaw:1.05509742741] 
1621640176002 [Update odom] 
1621640176015 [vx:0.0 vy:0.0 yaw:1.05479843986] 
1621640176102 [Update odom] 
1621640176115 [vx:0.0 vy:0.0 yaw:1.05688922111] 
1621640176202 [Update odom] 
1621640176215 [vx:0.0 vy:0.0 yaw:1.05901129335] 
1621640176303 [Update odom] 
1621640176315 [vx:0.0 vy:0.0 yaw:1.04486717831] 
1621640176402 [Update odom] 
1621640176415 [vx:0.0 vy:0.0 yaw:1.03380200724] 
1621640176502 [Update odom] 
1621640176515 [vx:0.0 vy:0.0 yaw:1.03225750484] 
1621640176603 [Update odom] 
1621640176615 [vx:0.0 vy:0.0 yaw:1.03365491916] 
1621640176703 [Update odom] 
1621640176715 [vx:0.0 vy:0.0 yaw:1.03217947963] 
1621640176803 [Update odom] 
1621640176815 [vx:0.0 vy:0.0 yaw:1.04430469858] 
1621640176902 [Update odom] 
1621640176915 [vx:0.0 vy:0.0 yaw:1.05711860369] 
1621640177002 [Update odom] 
1621640177015 [vx:0.0 vy:0.0 yaw:1.06234148908] 
1621640177102 [Update odom] 
1621640177115 [vx:0.0 vy:0.0 yaw:1.05990484142] 
1621640177202 [Update odom] 
1621640177215 [vx:0.0 vy:0.0 yaw:1.04490062236] 
1621640177302 [Update odom] 
1621640177315 [vx:0.0 vy:0.0 yaw:1.03057870936] 
1621640177402 [Update odom] 
1621640177415 [vx:0.0 vy:0.0 yaw:1.02171379428] 
1621640177502 [Update odom] 
1621640177515 [vx:0.0 vy:0.0 yaw:1.01703586517] 
1621640177602 [Update odom] 
1621640177615 [vx:0.0 vy:0.0 yaw:1.03060385045] 
1621640177703 [Update odom] 
1621640177715 [vx:0.0 vy:0.0 yaw:1.04503858139] 
1621640177803 [Update odom] 
1621640177815 [vx:0.0 vy:0.0 yaw:1.03242158621] 
1621640177902 [Update odom] 
1621640177915 [vx:0.0 vy:0.0 yaw:1.03880924914] 
1621640178003 [Update odom] 
1621640178022 [vx:0.0 vy:0.0 yaw:1.0425217876] 
1621640178103 [Update odom] 
1621640178115 [vx:0.0 vy:0.0 yaw:1.039550804] 
1621640178202 [Update odom] 
1621640178215 [vx:0.0 vy:0.0 yaw:1.02436344485] 
1621640178302 [Update odom] 
1621640178315 [vx:0.0 vy:0.0 yaw:1.03729462095] 
1621640178402 [Update odom] 
1621640178415 [vx:0.0 vy:0.0 yaw:1.05154531552] 
1621640178502 [Update odom] 
1621640178515 [vx:0.0 vy:0.0 yaw:1.05563707518] 
1621640178603 [Update odom] 
1621640178614 [vx:0.0 vy:0.0 yaw:1.04570793069] 
1621640178703 [Update odom] 
1621640178715 [vx:0.0 vy:0.0 yaw:1.02721237508] 
1621640178802 [Update odom] 
1621640178818 [vx:0.0 vy:0.0 yaw:1.02672471582] 
1621640178905 [Update odom] 
1621640178915 [vx:0.0 vy:0.0 yaw:1.03346892234] 
1621640179003 [Update odom] 
1621640179015 [vx:0.0 vy:0.0 yaw:1.03905865272] 
1621640179103 [Update odom] 
1621640179115 [vx:0.0 vy:0.0 yaw:1.04825323925] 
1621640179203 [Update odom] 
1621640179214 [vx:0.0 vy:0.0 yaw:1.03992795953] 
1621640179303 [Update odom] 
1621640179315 [vx:0.0 vy:0.0 yaw:1.03926737449] 
1621640179403 [Update odom] 
1621640179416 [vx:0.0 vy:0.0 yaw:1.03951141818] 
1621640179503 [Update odom] 
1621640179515 [vx:0.0 vy:0.0 yaw:1.04034704597] 
1621640179602 [Update odom] 
1621640179615 [vx:0.0 vy:0.0 yaw:1.03685926382] 
1621640179703 [Update odom] 
1621640179715 [vx:0.0 vy:0.0 yaw:1.02213332739] 
1621640179802 [Update odom] 
1621640179815 [vx:0.0 vy:0.0 yaw:1.01892249684] 
1621640179903 [Update odom] 
1621640179914 [log_latest_command] [[ b y t e a r r a y ( b ' \ x a a \ x f f \ x a 0 \ x 0 2 I \ x 0 f \ x 0 e ' ) ]] 
1621640179916 [vx:0.0 vy:0.0 yaw:1.03133468964] 
1621640180003 [Update odom] 
1621640180015 [vx:0.0 vy:0.0 yaw:1.03932159999] 
1621640180103 [Update odom] 
1621640180115 [vx:0.0 vy:0.0 yaw:1.03733573776] 
1621640180203 [Update odom] 
1621640180215 [vx:0.0 vy:0.0 yaw:1.03440108074] 
1621640180307 [Update odom] 
1621640180319 [vx:0.0 vy:0.0 yaw:1.03847857687] 
1621640180403 [Update odom] 
1621640180415 [vx:0.0 vy:0.0 yaw:1.03932985736] 
1621640180503 [Update odom] 
1621640180521 [vx:0.0 vy:0.0 yaw:1.04530752064] 
1621640180597 [log_latest_command] [[ b y t e a r r a y ( b ' \ x a a \ x f f \ x a 0 \ x 0 2 I \ x 0 f \ x 0 e ' ) ]] 
1621640180610 [Update odom] 
1621640180630 [vx:0.0545 vy:0.0 yaw:1.05046819239] 
1621640180702 [Update odom] 
1621640180715 [vx:0.0849994144209 vy:-0.000315512458459 yaw:1.04415453764] 
1621640180803 [Update odom] 
1621640180816 [vx:0.0989977690009 vy:-0.000664629858061 yaw:1.04849029382] 
1621640180903 [Update odom] 
1621640180915 [vx:0.131242463553 vy:-0.00140650654521 yaw:1.04832562217] 
1621640181003 [Update odom] 
1621640181015 [vx:0.129989489851 vy:-0.00165303608252 yaw:1.05254438389] 
1621640181103 [Update odom] 
1621640181115 [vx:0.123736601241 vy:-0.00182099243398 yaw:1.06072556881] 
1621640181210 [Update odom] 
1621640181222 [vx:0.123730077089 vy:-0.00222047824354 yaw:1.06089895223] 
1621640181233 [log_latest_command] [[ b y t e a r r a y ( b ' \ x a a \ x f f \ x a 0 \ x 0 2 I \ x 0 f \ x 0 e ' ) ]] 
1621640181303 [Update odom] 
1621640181315 [vx:-0.00799828326434 vy:0.000165725144235 yaw:1.05512488885] 
1621640181402 [Update odom] 
1621640181415 [vx:0.0 vy:-0.0 yaw:1.04998986011] 
1621640181503 [Update odom] 
1621640181515 [vx:0.0 vy:-0.0 yaw:1.0420603815] 
1621640181603 [Update odom] 
1621640181616 [vx:0.0 vy:-0.0 yaw:1.03899306984] 
1621640181703 [Update odom] 
1621640181715 [vx:0.0 vy:-0.0 yaw:1.0424164825] 
1621640181803 [Update odom] 
1621640181819 [vx:0.0 vy:-0.0 yaw:1.03880353849] 
1621640181903 [Update odom] 
1621640181915 [vx:0.0 vy:-0.0 yaw:1.03251817807] 
1621640182003 [Update odom] 
1621640182015 [vx:0.0 vy:-0.0 yaw:1.02386916011] 
1621640182102 [Update odom] 
1621640182115 [vx:0.0 vy:-0.0 yaw:1.02458672605] 
1621640182206 [Update odom] 
1621640182219 [vx:0.0 vy:-0.0 yaw:1.02275415344] 
1621640182303 [Update odom] 
1621640182315 [vx:0.0 vy:-0.0 yaw:1.01917744308] 
1621640182403 [Update odom] 
1621640182415 [vx:0.0 vy:-0.0 yaw:1.02095887531] 
1621640182502 [Update odom] 
1621640182515 [vx:0.0 vy:-0.0 yaw:1.02588923246] 
1621640182603 [Update odom] 
1621640182615 [vx:0.0 vy:-0.0 yaw:1.03962727428] 
1621640182705 [Update odom] 
1621640182719 [vx:0.0 vy:-0.0 yaw:1.05332392024] 
1621640182803 [Update odom] 
1621640182815 [vx:0.0 vy:-0.0 yaw:1.06609427941] 
1621640182902 [Update odom] 
1621640182915 [vx:0.0 vy:-0.0 yaw:1.05987640932] 
1621640183003 [Update odom] 
1621640183015 [vx:0.0 vy:-0.0 yaw:1.0550851301] 
1621640183089 [log_latest_command] [[ b y t e a r r a y ( b ' \ x a a \ x f f \ x a 0 \ x 0 2 I \ x 0 f \ x 0 e ' ) ]] 
1621640183103 [Update odom] 
1621640183115 [vx:0.0 vy:-0.0 yaw:1.05725359965] 
1621640183202 [Update odom] 
1621640183216 [vx:0.00049990277966 vy:-9.85955823222e-06 yaw:1.06076583671] 
1621640183303 [Update odom] 
1621640183315 [vx:0.00699924245895 vy:-0.000102980584791 yaw:1.06487870693] 
1621640183403 [Update odom] 
1621640183415 [vx:-0.00799924797096 vy:0.000109690013824 yaw:1.0679409418] 
1621640183502 [Update odom] 
1621640183515 [vx:0.0 vy:-0.0 yaw:1.06575644721] 
1621640183603 [Update odom] 
1621640183616 [vx:0.0152491250685 vy:-0.000163354351004 yaw:1.06395684035] 
1621640183703 [Update odom] 
1621640183715 [vx:0.0232498385046 vy:-8.66574230225e-05 yaw:1.05546553771] 
1621640183803 [Update odom] 
1621640183821 [vx:0.0232496766236 vy:0.000122625034623 yaw:1.0500410573] 
1621640183903 [Update odom] 
1621640183915 [vx:0.0222466815453 vy:0.000384265819892 yaw:1.04810757752] 
1621640184003 [Update odom] 
1621640184015 [vx:-0.000499706256608 vy:-1.71364263032e-05 yaw:1.04819667373] 
1621640184103 [Update odom] 
1621640184118 [vx:0.00649077624864 vy:0.00034615558647 yaw:1.05110589411] 
1621640184202 [Update odom] 
1621640184216 [vx:-0.000498390623142 vy:-4.00847447857e-05 yaw:1.06068501046] 
1621640184303 [Update odom] 
1621640184319 [vx:0.0146636269706 vy:0.00159390842533 yaw:1.07434631166] 
1621640184403 [Update odom] 
1621640184415 [vx:-0.00148568383083 vy:-0.000206745144597 yaw:1.08993261405] 
1621640184502 [Update odom] 
1621640184515 [vx:-0.00911154560645 vy:-0.00159443929379 yaw:1.10979957548] 
1621640184602 [Update odom] 
1621640184615 [vx:-0.00244546708773 vy:-0.000519317554885 yaw:1.13236629356] 
1621640184703 [Update odom] 
1621640184715 [vx:-0.00145360126339 vy:-0.000370193688603 yaw:1.15163434337] 
1621640184803 [Update odom] 
1621640184816 [vx:0.00551103226555 vy:0.00164043389627 yaw:1.18257946746] 
1621640184903 [Update odom] 
1621640184915 [vx:0.00543168587739 vy:0.00188660767765 yaw:1.21294617384] 
1621640185003 [Update odom] 
1621640185015 [vx:0.00533920446631 vy:0.00213433728987 yaw:1.24446309972] 
1621640185103 [Update odom] 
1621640185115 [vx:-0.00909690754348 vy:-0.00415286324665 yaw:1.27959850649] 
1621640185203 [Update odom] 
1621640185215 [vx:0.0051074950473 vy:0.00264121077194 yaw:1.31509292984] 
1621640185302 [Update odom] 
1621640185315 [vx:0.0110377309312 vy:0.00638208397703 yaw:1.35068707648] 
1621640185403 [Update odom] 
1621640185415 [vx:0.0102849997288 vy:0.00665441812472 yaw:1.38784766756] 
1621640185502 [Update odom] 
1621640185515 [vx:0.0098895086802 vy:0.00722911599466 yaw:1.42848010152] 
1621640185603 [Update odom] 
1621640185615 [vx:-0.00714432081131 vy:-0.00587547275929 yaw:1.47407554483] 
1621640185702 [Update odom] 
1621640185715 [vx:0.0089863516528 vy:0.00832514167881 yaw:1.521796866] 
1621640185803 [Update odom] 
1621640185815 [vx:-0.00207222076579 vy:-0.00216930889866 yaw:1.57243417842] 
1621640185903 [Update odom] 
1621640185915 [vx:0.00874379854962 vy:0.0102857176183 yaw:1.62186514001] 
1621640186002 [Update odom] 
1621640186015 [vx:-0.000600848466858 vy:-0.000799362946273 yaw:1.67085346615] 
1621640186102 [Update odom] 
1621640186116 [vx:0.00713033856885 vy:0.0108700631044 yaw:1.71242232054] 
1621640186203 [Update odom] 
1621640186215 [vx:-0.00453542323963 vy:-0.00806178863761 yaw:1.78001858291] 
1621640186302 [Update odom] 
1621640186315 [vx:-0.0112660943573 vy:-0.0237094415356 yaw:1.8387884761] 
1621640186403 [Update odom] 
1621640186422 [vx:-0.000550179680021 vy:-0.00139545774558 yaw:1.9001497994] 
1621640186503 [Update odom] 
1621640186515 [vx:-0.000534753572704 vy:-0.00166629487681 yaw:1.95624851387] 
1621640186603 [Update odom] 
1621640186618 [vx:0.00117266726543 vy:0.00460297202735 yaw:2.01097764592] 
1621640186706 [Update odom] 
1621640186719 [vx:0.00109848350683 vy:0.00589858745678 yaw:2.06528596012] 
1621640186802 [Update odom] 
1621640186815 [vx:-0.000214094691914 vy:-0.00173685447372 yaw:2.12282552859] 
1621640186902 [Update odom] 
1621640186915 [vx:-0.00194836781413 vy:-0.0331928661441 yaw:2.18022369929] 
1621640187002 [Update odom] 
1621640187015 [vx:2.3963127017e-05 vy:-0.00999997128839 yaw:2.23789596101] 
1621640187103 [Update odom] 
1621640187115 [vx:-0.000884547214628 vy:0.0134709901724 yaw:2.28465703776] 
1621640187203 [Update odom] 
1621640187215 [vx:-0.000622401789618 vy:0.00470904618923 yaw:2.35712071765] 
1621640187303 [Update odom] 
1621640187315 [vx:0.000542151784698 vy:-0.00269602882817 yaw:2.41909440187] 
1621640187404 [Update odom] 
1621640187422 [vx:0.00278185480617 vy:-0.0101247856193 yaw:2.48099374356] 
1621640187503 [Update odom] 
1621640187515 [vx:0.00114929976237 vy:-0.00330592045522 yaw:2.54589488116] 
1621640187602 [Update odom] 
1621640187615 [vx:0.00380038381186 vy:-0.00897884084292 yaw:2.61093045932] 
1621640187702 [Update odom] 
1621640187715 [vx:-0.00585730361769 vy:0.0116056880162 yaw:2.67588610567] 
1621640187802 [Update odom] 
1621640187815 [vx:0.00533884023065 vy:-0.00904139286789 yaw:2.74106371803] 
1621640187907 [Update odom] 
1621640187920 [vx:0.00127629547488 vy:-0.00185298943894 yaw:2.80875290937] 
1621640188003 [Update odom] 
1621640188015 [vx:0.000620477506544 vy:-0.000784224243359 yaw:2.87857920446] 
1621640188102 [Update odom] 
1621640188116 [vx:-0.00402498446605 vy:0.00444966291398 yaw:2.94781151891] 
1621640188203 [Update odom] 
1621640188219 [vx:0.00107649475524 vy:-0.00104458558383 yaw:3.01465970996] 
1621640188303 [Update odom] 
1621640188315 [vx:0.018668497941 vy:-0.0158662278009 yaw:3.08217868566] 
1621640188402 [Update odom] 
1621640188415 [vx:-0.00382266083311 vy:0.00281953261286 yaw:-3.12902026587] 
1621640188502 [Update odom] 
1621640188515 [vx:0.00316823750521 vy:-0.00200618321959 yaw:-3.05580464612] 
1621640188603 [Update odom] 
1621640188615 [vx:-0.011449462995 vy:0.0061570932367 yaw:-2.98044665082] 
1621640188703 [Update odom] 
1621640188715 [vx:0.00957293321823 vy:-0.00431380917511 yaw:-2.90543048032] 
1621640188803 [Update odom] 
1621640188816 [vx:0.000937175707603 vy:-0.000348857697463 yaw:-2.84517034771] 
1621640188903 [Update odom] 
1621640188915 [vx:-0.0124481410478 vy:0.0037475037632 yaw:-2.76052127549] 
1621640189002 [Update odom] 
1621640189016 [vx:-0.0046286930139 vy:0.00106663066854 yaw:-2.68935413713] 
1621640189103 [Update odom] 
1621640189114 [vx:-0.00444293771036 vy:0.000714356004974 yaw:-2.63199271578] 
1621640189202 [Update odom] 
1621640189217 [vx:-0.021666848645 vy:0.00190004468191 yaw:-2.53939603747] 
1621640189303 [Update odom] 
1621640189318 [vx:-0.00549873701752 vy:0.000117860986697 yaw:-2.46343783947] 
1621640189402 [Update odom] 
1621640189415 [vx:0.00149851211965 vy:6.67939164033e-05 yaw:-2.38788219661] 
1621640189503 [Update odom] 
1621640189515 [vx:-0.0136614557435 vy:-0.00155792392929 yaw:-2.31189700315] 
1621640189602 [Update odom] 
1621640189618 [vx:0.0164778163871 vy:0.00300733555042 yaw:-2.23431352941] 
1621640189684 [log_latest_command] [[ b y t e a r r a y ( b ' \ x a a \ x f f \ x a 0 \ x 0 2 I \ x 0 f \ x 0 e ' ) ]] 
1621640189708 [Update odom] 
1621640189720 [vx:0.0162297939124 vy:0.00414201515715 yaw:-2.15345762169] 
1621640189811 [Update odom] 
1621640189823 [vx:0.015363873401 vy:0.00446669834646 yaw:-2.09103449605] 
1621640189903 [Update odom] 
1621640189915 [vx:0.0148475181405 vy:0.00444985449968 yaw:-2.06639010242] 
1621640190002 [Update odom] 
1621640190015 [vx:0.0222034997292 vy:0.00689689058755 yaw:-2.04684442588] 
1621640190103 [Update odom] 
1621640190115 [vx:0.0297491645511 vy:0.00956816118758 yaw:-2.02622828785] 
1621640190203 [Update odom] 
1621640190220 [vx:0.014242394714 vy:0.00470682406849 yaw:-2.00724964141] 
1621640190304 [Update odom] 
1621640190315 [vx:0.0146822977871 vy:0.0049679101936 yaw:-1.98957309371] 
1621640190403 [Update odom] 
1621640190415 [vx:0.0146526011478 vy:0.00505482735653 yaw:-1.97195259206] 
1621640190505 [Update odom] 
1621640190519 [vx:0.00754911402797 vy:0.0026478061471 yaw:-1.95577464479] 
1621640190603 [Update odom] 
1621640190617 [vx:-0.0 vy:-0.0 yaw:-1.9387248204] 
1621640190703 [Update odom] 
1621640190715 [vx:0.0145855092458 vy:0.00524527597361 yaw:-1.92319124148] 
1621640190803 [Update odom] 
1621640190815 [vx:0.015269113922 vy:0.00556027517627 yaw:-1.90798794523] 
1621640190882 [log_latest_command] [[ b y t e a r r a y ( b ' \ x a a \ x f f \ x a 0 \ x 0 2 I \ x 0 f \ x 0 e ' ) ]] 
1621640190903 [Update odom] 
1621640190915 [vx:0.0728958717927 vy:0.0270417154703 yaw:-1.89345435819] 
1621640191003 [Update odom] 
1621640191014 [vx:0.116375609293 vy:0.0442376260861 yaw:-1.88132770581] 
1621640191103 [Update odom] 
1621640191116 [vx:0.121768657961 vy:0.0496451804149 yaw:-1.84463927083] 
1621640191203 [Update odom] 
1621640191215 [vx:0.134465602582 vy:0.0581485315571 yaw:-1.8132493371] 
1621640191303 [Update odom] 
1621640191315 [vx:0.133276485508 vy:0.0608245707811 yaw:-1.7905388201] 
1621640191403 [Update odom] 
1621640191419 [vx:0.133577459526 vy:0.0637264647263 yaw:-1.76482099843] 
1621640191479 [log_latest_command] [[ b y t e a r r a y ( b ' \ x a a \ x f f \ x a 0 \ x 0 2 I \ x 0 f \ x 0 e ' ) ]] 
1621640191503 [Update odom] 
1621640191515 [vx:0.0347024700327 vy:0.017242420759 yaw:-1.74842431274] 
1621640191604 [Update odom] 
1621640191620 [vx:0.00666176617526 vy:0.0034454130995 yaw:-1.73484849945] 
1621640191702 [Update odom] 
1621640191715 [vx:0.0137322943015 vy:0.00718846946285 yaw:-1.73568175213] 
1621640191803 [Update odom] 
1621640191815 [vx:0.00707272151053 vy:0.00373853051806 yaw:-1.74124635126] 
1621640191903 [Update odom] 
1621640191919 [vx:-0.0 vy:-0.0 yaw:-1.74812080006] 
1621640192003 [Update odom] 
1621640192015 [vx:-0.0 vy:-0.0 yaw:-1.75692471005] 
1621640192103 [Update odom] 
1621640192115 [vx:0.00703497666556 vy:0.0038090816892 yaw:-1.76575901714] 
1621640192203 [Update odom] 
1621640192216 [vx:-0.0 vy:-0.0 yaw:-1.7733275577] 
1621640192303 [Update odom] 
1621640192315 [vx:0.0142352923656 vy:0.00783702438855 yaw:-1.78459433832] 
1621640192402 [Update odom] 
1621640192415 [vx:0.00699267258249 vy:0.00388619739 yaw:-1.79308608249] 
1621640192508 [Update odom] 
1621640192518 [vx:-0.0 vy:-0.0 yaw:-1.78508420282] 
1621640192602 [Update odom] 
1621640192619 [vx:0.0135243010272 vy:0.00757253469631 yaw:-1.78913345692] 
1621640192703 [Update odom] 
1621640192719 [vx:-0.0 vy:-0.0 yaw:-1.79491627683] 
1621640192803 [Update odom] 
1621640192815 [vx:-0.0 vy:-0.0 yaw:-1.80176907774] 
1621640192902 [Update odom] 
1621640192916 [vx:-0.0 vy:-0.0 yaw:-1.79575577185] 
1621640193003 [Update odom] 
1621640193020 [vx:-0.0 vy:-0.0 yaw:-1.79382600383] 
1621640193102 [Update odom] 
1621640193115 [vx:-0.0 vy:-0.0 yaw:-1.79394956366] 
1621640193203 [Update odom] 
1621640193215 [vx:-0.0 vy:-0.0 yaw:-1.79257609504] 
1621640193303 [Update odom] 
1621640193315 [vx:-0.0 vy:-0.0 yaw:-1.78854898113] 
1621640193403 [Update odom] 
1621640193415 [vx:-0.0 vy:-0.0 yaw:-1.78403651232] 
1621640193503 [Update odom] 
1621640193514 [vx:-0.0 vy:-0.0 yaw:-1.78375985974] 
1621640193606 [Update odom] 
1621640193619 [vx:-0.0 vy:-0.0 yaw:-1.78730925753] 
1621640193703 [Update odom] 
1621640193715 [vx:-0.0 vy:-0.0 yaw:-1.79064097318] 
1621640193803 [Update odom] 
1621640193815 [vx:-0.0 vy:-0.0 yaw:-1.7948476325] 
1621640193903 [Update odom] 
1621640193916 [vx:-0.0 vy:-0.0 yaw:-1.80162313131] 
1621640194002 [Update odom] 
1621640194017 [vx:-0.0 vy:-0.0 yaw:-1.80533984428] 
1621640194103 [Update odom] 
1621640194125 [log_latest_command] [[ b y t e a r r a y ( b ' \ x a a \ x f f \ x a 0 \ x 0 2 I \ x 0 f \ x 0 e ' ) ]] 
1621640194128 [vx:-0.0 vy:-0.0 yaw:-1.80734543611] 
1621640194203 [Update odom] 
1621640194215 [vx:0.100172490351 vy:0.0564842648611 yaw:-1.81245115989] 
1621640194303 [Update odom] 
1621640194315 [vx:0.132838792791 vy:0.0779092749918 yaw:-1.80003068932] 
1621640194403 [Update odom] 
1621640194415 [vx:0.139043914147 vy:0.0836172974847 yaw:-1.79270070668] 
1621640194503 [Update odom] 
1621640194515 [vx:0.158953829979 vy:0.097549628062 yaw:-1.79095770857] 
1621640194602 [Update odom] 
1621640194615 [vx:0.130524517526 vy:0.0817272924103 yaw:-1.79327649296] 
1621640194703 [Update odom] 
1621640194715 [vx:0.143449533386 vy:0.0912262647007 yaw:-1.79776212429] 
1621640194803 [Update odom] 
1621640194814 [vx:0.141665917505 vy:0.0916914953396 yaw:-1.80195850489] 
1621640194902 [Update odom] 
1621640194915 [vx:0.148236067493 vy:0.0976335920379 yaw:-1.80792796184] 
1621640194965 [log_latest_command] [[ b y t e a r r a y ( b ' \ x a a \ x f f \ x a 0 \ x 0 2 I \ x 0 f \ x 0 e ' ) ]] 
1621640195002 [Update odom] 
1621640195022 [vx:0.0394849397585 vy:0.0264043468442 yaw:-1.81314842127] 
1621640195103 [Update odom] 
1621640195115 [vx:0.0127977452341 vy:0.0087445821469 yaw:-1.81320736644] 
1621640195202 [Update odom] 
1621640195215 [vx:0.00658264601132 vy:0.00454629205943 yaw:-1.81867816914] 
1621640195302 [Update odom] 
1621640195315 [vx:-0.0 vy:-0.0 yaw:-1.82935336472] 
1621640195403 [Update odom] 
1621640195415 [vx:-0.0 vy:-0.0 yaw:-1.84118598072] 
1621640195505 [Update odom] 
1621640195519 [vx:-0.0 vy:-0.0 yaw:-1.8546369092] 
1621640195603 [Update odom] 
1621640195620 [vx:-0.0 vy:-0.0 yaw:-1.86478218961] 
1621640195703 [Update odom] 
1621640195726 [vx:-0.0 vy:-0.0 yaw:-1.87631047364] 
1621640195802 [Update odom] 
1621640195815 [vx:-0.0 vy:-0.0 yaw:-1.88832814641] 
1621640195903 [Update odom] 
1621640195915 [vx:-0.0 vy:-0.0 yaw:-1.90131047767] 
1621640196003 [Update odom] 
1621640196015 [vx:-0.0 vy:-0.0 yaw:-1.89180099001] 
1621640196102 [Update odom] 
1621640196115 [vx:-0.0 vy:-0.0 yaw:-1.88038518349] 
1621640196203 [Update odom] 
1621640196215 [vx:-0.0 vy:-0.0 yaw:-1.86440273185] 
1621640196303 [Update odom] 
1621640196315 [vx:-0.0 vy:-0.0 yaw:-1.85782954015] 
1621640196403 [Update odom] 
1621640196415 [vx:-0.0 vy:-0.0 yaw:-1.86898005947] 
1621640196503 [Update odom] 
1621640196515 [vx:-0.0 vy:-0.0 yaw:-1.87420683698] 
1621640196602 [Update odom] 
1621640196615 [vx:-0.0 vy:-0.0 yaw:-1.883683994] 
1621640196703 [Update odom] 
1621640196715 [vx:0.00614554509648 vy:0.00429910170468 yaw:-1.89328643242] 
1621640196803 [Update odom] 
1621640196815 [vx:-0.0 vy:-0.0 yaw:-1.90334918748] 
1621640196903 [Update odom] 
1621640196914 [vx:-0.0 vy:-0.0 yaw:-1.91372429464] 
1621640197003 [Update odom] 
1621640197015 [vx:-0.0 vy:-0.0 yaw:-1.92449805677] 
1621640197103 [Update odom] 
1621640197116 [vx:-0.0 vy:-0.0 yaw:-1.9359403735] 
1621640197129 [log_latest_command] [[ b y t e a r r a y ( b ' \ x a a \ x f f \ x a 0 \ x 0 2 I \ x 0 f \ x 0 e ' ) ]] 
1621640197202 [Update odom] 
1621640197215 [vx:0.0198705958119 vy:0.0139004288451 yaw:-1.93567290598] 
1621640197302 [Update odom] 
1621640197316 [vx:0.0326512090088 vy:0.0243815719399 yaw:-1.91633697827] 
1621640197403 [Update odom] 
1621640197415 [vx:0.0120743697535 vy:0.0097190326193 yaw:-1.89763281816] 
1621640197503 [Update odom] 
1621640197515 [vx:0.0245519325161 vy:0.0212944267292 yaw:-1.86832945551] 
1621640197603 [Update odom] 
1621640197616 [vx:0.0240000685966 vy:0.0226494306189 yaw:-1.84143535026] 
1621640197703 [Update odom] 
1621640197722 [vx:0.0120004454539 vy:0.0123916023543 yaw:-1.81029070221] 
1621640197802 [Update odom] 
1621640197815 [vx:0.0114184141424 vy:0.0129299001726 yaw:-1.77748008768] 
1621640197903 [Update odom] 
1621640197916 [vx:0.0109132895169 vy:0.0136802818655 yaw:-1.74117171093] 
1621640198003 [Update odom] 
1621640198015 [vx:0.00537682641472 vy:0.0075267680784 yaw:-1.69997280242] 
1621640198103 [Update odom] 
1621640198117 [vx:0.0048367687848 vy:0.00758983976921 yaw:-1.65947458476] 
1621640198203 [Update odom] 
1621640198219 [vx:0.00443542779924 vy:0.00783115446392 yaw:-1.61796387504] 
1621640198251 [log_latest_command] [[ b y t e a r r a y ( b ' \ x a a \ x f f \ x a 0 \ x 0 2 I \ x 0 f \ x 0 e ' ) ]] 
1621640198303 [Update odom] 
1621640198315 [vx:0.00358281817451 vy:0.00715286054166 yaw:-1.57901477684] 
1621640198402 [Update odom] 
1621640198415 [vx:0.00655645229049 vy:0.013491216897 yaw:-1.5613445636] 
1621640198503 [Update odom] 
1621640198515 [vx:-0.0 vy:-0.0 yaw:-1.56639071599] 
1621640198603 [Update odom] 
1621640198619 [vx:0.00321057712017 vy:0.00677806716959 yaw:-1.57377916582] 
1621640198703 [Update odom] 
1621640198715 [vx:0.0100379163566 vy:0.0215244682912 yaw:-1.58028074231] 
1621640198803 [Update odom] 
1621640198815 [vx:0.0031290110882 vy:0.00681610516423 yaw:-1.58645100261] 
1621640198904 [Update odom] 
1621640198915 [vx:0.000414440156862 vy:0.000910076566219 yaw:-1.59459800139] 
1621640199003 [Update odom] 
1621640199015 [vx:-0.0 vy:-0.0 yaw:-1.60514895282] 
1621640199103 [Update odom] 
1621640199115 [vx:-0.0 vy:-0.0 yaw:-1.61836617741] 
1621640199203 [Update odom] 
1621640199214 [vx:-0.00326474114258 vy:-0.00730352416796 yaw:-1.62865530676] 
1621640199302 [Update odom] 
1621640199315 [vx:-0.0 vy:-0.0 yaw:-1.64578753004] 
1621640199403 [Update odom] 
1621640199417 [vx:-0.00567495073653 vy:-0.0127982394937 yaw:-1.65972007376] 
1621640199503 [Update odom] 
1621640199515 [vx:-0.0 vy:-0.0 yaw:-1.67443824656] 
1621640199602 [Update odom] 
1621640199615 [vx:-0.0 vy:-0.0 yaw:-1.69006419779] 
1621640199703 [Update odom] 
1621640199715 [vx:-0.0 vy:-0.0 yaw:-1.70632396481] 
1621640199803 [Update odom] 
1621640199815 [vx:-0.0 vy:-0.0 yaw:-1.72172280953] 
1621640199903 [Update odom] 
1621640199915 [vx:-0.0 vy:-0.0 yaw:-1.73858849313] 
1621640200003 [Update odom] 
1621640200015 [vx:-0.0 vy:-0.0 yaw:-1.75549454281] 
1621640200103 [Update odom] 
1621640200115 [vx:-0.0 vy:-0.0 yaw:-1.76944213161] 
1621640200203 [Update odom] 
1621640200215 [vx:-0.0 vy:-0.0 yaw:-1.78989680851] 
1621640200304 [Update odom] 
1621640200315 [vx:-0.0 vy:-0.0 yaw:-1.80365599738] 
1621640200404 [Update odom] 
1621640200415 [vx:-0.0 vy:-0.0 yaw:-1.82409685919] 
1621640200503 [Update odom] 
1621640200515 [vx:-0.0 vy:-0.0 yaw:-1.84127741394] 
1621640200603 [Update odom] 
1621640200619 [vx:-0.0 vy:-0.0 yaw:-1.85497259316] 
1621640200703 [Update odom] 
1621640200715 [vx:-0.0 vy:-0.0 yaw:-1.87215809859] 
1621640200802 [Update odom] 
1621640200815 [vx:-0.0 vy:-0.0 yaw:-1.8932646077] 
1621640200902 [Update odom] 
1621640200918 [vx:-0.0 vy:-0.0 yaw:-1.90989063683] 
1621640201003 [Update odom] 
1621640201015 [vx:-0.0 vy:-0.0 yaw:-1.92379486953] 
1621640201103 [Update odom] 
1621640201115 [vx:-0.0 vy:-0.0 yaw:-1.94411739097] 
1621640201202 [Update odom] 
1621640201216 [vx:-0.0 vy:-0.0 yaw:-1.96145545611] 
1621640201307 [Update odom] 
1621640201319 [vx:-0.0 vy:-0.0 yaw:-1.97894959411] 
1621640201403 [Update odom] 
1621640201415 [vx:-0.0 vy:-0.0 yaw:-1.99587153666] 
1621640201503 [Update odom] 
1621640201515 [vx:-0.0 vy:-0.0 yaw:-2.01290326528] 
1621640201602 [Update odom] 
1621640201615 [vx:-0.0 vy:-0.0 yaw:-2.02809348278] 
1621640201703 [Update odom] 
1621640201715 [vx:-0.0 vy:-0.0 yaw:-2.04562634223] 
1621640201802 [Update odom] 
1621640201815 [vx:-0.0 vy:-0.0 yaw:-2.06098079897] 
1621640201902 [Update odom] 
1621640201915 [vx:-0.0 vy:-0.0 yaw:-2.07722148933] 
1621640202003 [Update odom] 
1621640202016 [vx:-0.0 vy:-0.0 yaw:-2.09394369414] 
1621640202103 [Update odom] 
1621640202115 [vx:-0.0059841848863 vy:-0.0137546185424 yaw:-2.11103363871] 
1621640202202 [Update odom] 
1621640202215 [vx:-0.0 vy:-0.0 yaw:-2.12673298949] 
1621640202303 [Update odom] 
1621640202315 [vx:-0.0 vy:-0.0 yaw:-2.14316317437] 
1621640202402 [Update odom] 
1621640202418 [vx:-0.0 vy:-0.0 yaw:-2.15885610115] 
1621640202503 [Update odom] 
1621640202521 [vx:-0.0 vy:-0.0 yaw:-2.17394185994] 
1621640202603 [Update odom] 
1621640202615 [vx:-0.0 vy:-0.0 yaw:-2.19089755479] 
1621640202703 [Update odom] 
1621640202715 [vx:-0.0 vy:-0.0 yaw:-2.20817261404] 
1621640202803 [Update odom] 
1621640202816 [vx:-0.0 vy:-0.0 yaw:-2.2250552349] 
1621640202902 [Update odom] 
1621640202914 [vx:-0.0 vy:-0.0 yaw:-2.23818032291] 
1621640203003 [Update odom] 
1621640203015 [vx:-0.0 vy:-0.0 yaw:-2.25780949003] 
1621640203103 [Update odom] 
1621640203116 [vx:-0.0 vy:-0.0 yaw:-2.27301275607] 
1621640203202 [Update odom] 
1621640203216 [vx:-0.0 vy:-0.0 yaw:-2.2899341261] 
1621640203303 [Update odom] 
1621640203315 [vx:-0.0 vy:-0.0 yaw:-2.30347661926] 
1621640203402 [Update odom] 
1621640203416 [vx:-0.0 vy:-0.0 yaw:-2.32364258438] 
1621640203503 [Update odom] 
1621640203514 [vx:-0.0 vy:-0.0 yaw:-2.33679458722] 
1621640203605 [Update odom] 
1621640203615 [vx:-0.0 vy:-0.0 yaw:-2.35692064583] 
1621640203703 [Update odom] 
1621640203719 [vx:-0.0 vy:-0.0 yaw:-2.37385478398] 
1621640203803 [Update odom] 
1621640203814 [vx:-0.0 vy:-0.0 yaw:-2.38694380405] 
1621640203903 [Update odom] 
1621640203914 [vx:-0.0 vy:-0.0 yaw:-2.40138030027] 
1621640204003 [Update odom] 
1621640204018 [vx:-0.0 vy:-0.0 yaw:-2.41739654508] 
1621640204103 [Update odom] 
1621640204115 [vx:-0.0 vy:-0.0 yaw:-2.43396927125] 
1621640204203 [Update odom] 
1621640204215 [vx:-0.0 vy:-0.0 yaw:-2.45066634731] 
1621640204305 [Update odom] 
1621640204315 [vx:-0.0 vy:-0.0 yaw:-2.46708570728] 
1621640204403 [Update odom] 
1621640204415 [vx:-0.0 vy:-0.0 yaw:-2.47977510306] 
1621640204503 [Update odom] 
1621640204515 [vx:-0.0 vy:-0.0 yaw:-2.49020751865] 
1621640204602 [Update odom] 
1621640204615 [vx:-0.0 vy:-0.0 yaw:-2.50517402899] 
1621640204703 [Update odom] 
1621640204715 [vx:-0.0 vy:-0.0 yaw:-2.52104068564] 
1621640204802 [Update odom] 
1621640204815 [vx:-0.0 vy:-0.0 yaw:-2.52962925482] 
1621640204903 [Update odom] 
1621640204920 [vx:-0.0 vy:-0.0 yaw:-2.53990363163] 
1621640205003 [Update odom] 
1621640205015 [vx:-0.0 vy:-0.0 yaw:-2.5530868289] 
1621640205103 [Update odom] 
1621640205115 [vx:-0.0 vy:-0.0 yaw:-2.56988125291] 
1621640205203 [Update odom] 
1621640205217 [vx:-0.0 vy:-0.0 yaw:-2.58530152347] 
1621640205303 [Update odom] 
1621640205315 [vx:-0.0 vy:-0.0 yaw:-2.59975436003] 
1621640205402 [Update odom] 
1621640205420 [vx:-0.0 vy:-0.0 yaw:-2.60794939246] 
1621640205502 [Update odom] 
1621640205515 [vx:-0.0 vy:-0.0 yaw:-2.61618872457] 
1621640205603 [Update odom] 
1621640205615 [vx:-0.0 vy:-0.0 yaw:-2.62430190656] 
1621640205703 [Update odom] 
1621640205715 [vx:-0.0 vy:-0.0 yaw:-2.63660864913] 
1621640205803 [Update odom] 
1621640205815 [vx:-0.0 vy:-0.0 yaw:-2.65054461807] 
1621640205903 [Update odom] 
1621640205915 [vx:-0.0 vy:-0.0 yaw:-2.66349924642] 
1621640206006 [Update odom] 
1621640206019 [vx:-0.0 vy:-0.0 yaw:-2.67306206139] 
1621640206102 [Update odom] 
1621640206115 [vx:-0.0 vy:-0.0 yaw:-2.68602935508] 
1621640206202 [Update odom] 
1621640206215 [vx:-0.0 vy:-0.0 yaw:-2.69770730483] 
1621640206303 [Update odom] 
1621640206315 [vx:-0.0 vy:-0.0 yaw:-2.69284552863] 
1621640206403 [Update odom] 
1621640206415 [vx:-0.0 vy:-0.0 yaw:-2.68774062052] 
1621640206503 [Update odom] 
1621640206515 [vx:-0.0 vy:-0.0 yaw:-2.68974972173] 
1621640206602 [Update odom] 
1621640206615 [vx:-0.0 vy:-0.0 yaw:-2.67528091924] 
1621640206702 [Update odom] 
1621640206715 [vx:-0.0 vy:-0.0 yaw:-2.65761090777] 
1621640206803 [Update odom] 
1621640206815 [vx:-0.0 vy:-0.0 yaw:-2.65056501311] 
1621640206902 [Update odom] 
1621640206915 [vx:-0.0 vy:-0.0 yaw:-2.65023256188] 
1621640207003 [Update odom] 
1621640207015 [vx:-0.0 vy:-0.0 yaw:-2.6568449047] 
1621640207102 [Update odom] 
1621640207115 [vx:-0.0 vy:-0.0 yaw:-2.66128205514] 
1621640207203 [Update odom] 
1621640207215 [vx:-0.0 vy:-0.0 yaw:-2.66818294705] 
1621640207302 [Update odom] 
1621640207315 [vx:-0.0 vy:-0.0 yaw:-2.65986492382] 
1621640207403 [Update odom] 
1621640207415 [vx:-0.0 vy:-0.0 yaw:-2.64606289823] 
1621640207509 [Update odom] 
1621640207523 [vx:-0.0 vy:-0.0 yaw:-2.64051898609] 
1621640207602 [Update odom] 
1621640207615 [vx:-0.0 vy:-0.0 yaw:-2.6467690381] 
1621640207702 [Update odom] 
1621640207715 [vx:-0.0 vy:-0.0 yaw:-2.65776672969] 
1621640207802 [Update odom] 
1621640207815 [vx:-0.0 vy:-0.0 yaw:-2.66722424908] 
1621640207902 [Update odom] 
1621640207915 [vx:-0.0 vy:-0.0 yaw:-2.67774578228] 
1621640208003 [Update odom] 
1621640208015 [vx:-0.0 vy:-0.0 yaw:-2.6882082782] 
1621640208102 [Update odom] 
1621640208115 [vx:-0.0 vy:-0.0 yaw:-2.70056974427] 
1621640208202 [Update odom] 
1621640208215 [vx:-0.0 vy:-0.0 yaw:-2.70773868084] 
1621640208303 [Update odom] 
1621640208315 [vx:-0.0 vy:-0.0 yaw:-2.71624156139] 
1621640208402 [Update odom] 
1621640208415 [vx:-0.0 vy:-0.0 yaw:-2.71236668754] 
1621640208503 [Update odom] 
1621640208515 [vx:-0.0 vy:-0.0 yaw:-2.70693628674] 
1621640208603 [Update odom] 
1621640208615 [vx:-0.0 vy:-0.0 yaw:-2.71524032267] 
1621640208702 [Update odom] 
1621640208715 [vx:-0.0 vy:-0.0 yaw:-2.71933179669] 
1621640208803 [Update odom] 
1621640208815 [vx:-0.0 vy:-0.0 yaw:-2.72868687463] 
1621640208903 [Update odom] 
1621640208915 [vx:-0.0 vy:-0.0 yaw:-2.72704404133] 
1621640209002 [Update odom] 
1621640209016 [vx:-0.0 vy:-0.0 yaw:-2.71397077129] 
1621640209103 [Update odom] 
1621640209122 [vx:-0.0 vy:-0.0 yaw:-2.69570566341] 
1621640209203 [Update odom] 
1621640209215 [vx:-0.0 vy:-0.0 yaw:-2.68918388839] 
1621640209309 [Update odom] 
1621640209323 [vx:-0.0 vy:-0.0 yaw:-2.68473140663] 
1621640209402 [Update odom] 
1621640209415 [vx:-0.0 vy:-0.0 yaw:-2.68930236323] 
1621640209502 [Update odom] 
1621640209515 [vx:-0.0 vy:-0.0 yaw:-2.70026536286] 
1621640209602 [Update odom] 
1621640209615 [vx:-0.0 vy:-0.0 yaw:-2.70933569877] 
1621640209703 [Update odom] 
1621640209715 [vx:-0.0 vy:-0.0 yaw:-2.71656627971] 
1621640209803 [Update odom] 
1621640209815 [vx:-0.0 vy:-0.0 yaw:-2.7142447555] 
1621640209903 [Update odom] 
1621640209916 [vx:-0.0 vy:-0.0 yaw:-2.71572987014] 
1621640210003 [Update odom] 
1621640210016 [vx:-0.0 vy:-0.0 yaw:-2.71807149665] 
