1622506994169 [Opening serial port: /dev/ttyTHS1.] 
1622506994475 [The robot is connected to ] [/dev/ttyTHS1] 
1622506994475 [Initial robot's topic...] 
1622506994480 [Start initializing navigation] 
1622506994481 [Start initializing navigation topic] 
1622506994518 [Initialization navigation topic finished] 
1622506994524 [Initialization navigation finished] 
1622506994586 [vl:0.0 vr:0.0 yaw:0.0] 
1622506994641 [vl:0.0 vr:0.0 yaw:0.0] 
1622506994686 [vl:0.0 vr:0.0 yaw:0.0] 
1622506994738 [vl:0.0 vr:0.0 yaw:0.0] 
1622506994786 [vl:0.0 vr:0.0 yaw:0.0] 
1622506994838 [vl:0.0 vr:0.0 yaw:0.0] 
1622506994886 [vl:0.0 vr:0.0 yaw:0.0] 
1622506994941 [vl:0.0 vr:0.0 yaw:0.0] 
1622506994986 [vl:0.0 vr:0.0 yaw:0.0] 
1622506995038 [vl:0.0 vr:0.0 yaw:0.0] 
1622506995086 [vl:0.0 vr:0.0 yaw:0.0] 
1622506995138 [vl:0.0 vr:0.0 yaw:0.0] 
1622506995186 [vl:0.0 vr:0.0 yaw:0.0] 
1622506995240 [vl:0.0 vr:0.0 yaw:0.0] 
1622506995286 [vl:0.0 vr:0.0 yaw:0.0] 
1622506995338 [vl:0.0 vr:0.0 yaw:0.0] 
1622506995386 [vl:0.0 vr:0.0 yaw:0.0] 
1622506995438 [vl:0.0 vr:0.0 yaw:0.0] 
1622506995485 [vl:0.0 vr:0.0 yaw:0.0] 
1622506995537 [vl:0.0 vr:0.0 yaw:0.0] 
1622506995585 [vl:0.0 vr:0.0 yaw:0.0] 
1622506995646 [vl:0.0 vr:0.0 yaw:0.0] 
1622506995686 [vl:0.0 vr:0.0 yaw:0.0] 
1622506995738 [vl:0.0 vr:0.0 yaw:0.0] 
1622506995786 [vl:0.0 vr:0.0 yaw:0.0] 
1622506995842 [vl:0.0 vr:0.0 yaw:0.0] 
1622506995886 [vl:0.0 vr:0.0 yaw:0.0] 
1622506995938 [vl:0.0 vr:0.0 yaw:0.0] 
1622506995986 [vl:0.0 vr:0.0 yaw:0.0] 
1622506996038 [vl:0.0 vr:0.0 yaw:0.0] 
1622506996086 [vl:0.0 vr:0.0 yaw:0.0] 
1622506996138 [vl:0.0 vr:0.0 yaw:0.0] 
1622506996188 [vl:0.0 vr:0.0 yaw:0.0] 
1622506996238 [vl:0.0 vr:0.0 yaw:0.0] 
1622506996285 [vl:0.0 vr:0.0 yaw:0.0] 
1622506996338 [vl:0.0 vr:0.0 yaw:0.0] 
1622506996386 [vl:0.0 vr:0.0 yaw:0.0] 
1622506996438 [vl:0.0 vr:0.0 yaw:0.0] 
1622506996486 [vl:0.0 vr:0.0 yaw:0.0] 
1622506996540 [vl:0.0 vr:0.0 yaw:0.0] 
1622506996588 [vl:0.0 vr:0.0 yaw:0.0] 
1622506996637 [vl:0.0 vr:0.0 yaw:0.0] 
1622506996690 [vl:0.0 vr:0.0 yaw:0.0] 
1622506996738 [vl:0.0 vr:0.0 yaw:0.0] 
1622506996785 [vl:0.0 vr:0.0 yaw:0.0] 
1622506996838 [vl:0.0 vr:0.0 yaw:0.0] 
1622506996889 [vl:0.0 vr:0.0 yaw:0.0] 
1622506996938 [vl:0.0 vr:0.0 yaw:0.0] 
1622506996990 [vl:0.0 vr:0.0 yaw:0.0] 
1622506997038 [vl:0.0 vr:0.0 yaw:0.0] 
1622506997086 [vl:0.0 vr:0.0 yaw:0.0] 
1622506997141 [vl:0.0 vr:0.0 yaw:0.0] 
1622506997194 [vl:0.0 vr:0.0 yaw:0.0] 
1622506997240 [vl:0.0 vr:0.0 yaw:0.0] 
1622506997289 [vl:0.0 vr:0.0 yaw:0.0] 
1622506997342 [vl:0.0 vr:0.0 yaw:0.0] 
1622506997385 [vl:0.0 vr:0.0 yaw:0.0] 
1622506997437 [vl:0.0 vr:0.0 yaw:0.0] 
1622506997487 [vl:0.0 vr:0.0 yaw:0.0] 
1622506997550 [vl:0.0 vr:0.0 yaw:0.0] 
1622506997585 [vl:0.0 vr:0.0 yaw:0.0] 
1622506997638 [vl:0.0 vr:0.0 yaw:0.0] 
1622506997686 [vl:0.0 vr:0.0 yaw:0.0] 
1622506997737 [vl:0.0 vr:0.0 yaw:0.0] 
1622506997801 [vl:0.0 vr:0.0 yaw:0.0] 
1622506997853 [vl:0.0 vr:0.0 yaw:0.0] 
1622506997885 [vl:0.0 vr:0.0 yaw:0.0] 
1622506997938 [vl:0.0 vr:0.0 yaw:0.0] 
1622506997985 [vl:0.0 vr:0.0 yaw:0.0] 
1622506998037 [vl:0.0 vr:0.0 yaw:0.0] 
1622506998086 [vl:0.0 vr:0.0 yaw:0.0] 
1622506998138 [vl:0.0 vr:0.0 yaw:0.0] 
1622506998188 [vl:0.0 vr:0.0 yaw:0.0] 
1622506998237 [vl:0.0 vr:0.0 yaw:0.0] 
1622506998293 [vl:0.0 vr:0.0 yaw:0.0] 
1622506998338 [vl:0.0 vr:0.0 yaw:0.0] 
1622506998385 [vl:0.0 vr:0.0 yaw:0.0] 
1622506998439 [vl:0.0 vr:0.0 yaw:0.0] 
1622506998485 [vl:0.0 vr:0.0 yaw:0.0] 
1622506998541 [vl:0.0 vr:0.0 yaw:0.0] 
1622506998587 [vl:0.0 vr:0.0 yaw:0.0] 
1622506998637 [vl:0.0 vr:0.0 yaw:0.0] 
1622506998691 [vl:0.0 vr:0.0 yaw:0.0] 
1622506998737 [vl:0.0 vr:0.0 yaw:0.0] 
1622506998785 [vl:0.0 vr:0.0 yaw:0.0] 
1622506998838 [vl:0.0 vr:0.0 yaw:0.0] 
1622506998885 [vl:0.0 vr:0.0 yaw:0.0] 
1622506998938 [vl:0.0 vr:0.0 yaw:0.0] 
1622506998991 [vl:0.0 vr:0.0 yaw:0.0] 
1622506999043 [vl:0.0 vr:0.0 yaw:0.0] 
1622506999086 [vl:0.0 vr:0.0 yaw:0.0] 
1622506999137 [vl:0.0 vr:0.0 yaw:0.0] 
1622506999185 [vl:0.0 vr:0.0 yaw:0.0] 
1622506999250 [vl:0.0 vr:0.0 yaw:0.0] 
1622506999289 [vl:0.0 vr:0.0 yaw:0.0] 
1622506999337 [vl:0.0 vr:0.0 yaw:0.0] 
1622506999386 [vl:0.0 vr:0.0 yaw:0.0] 
1622506999438 [vl:0.0 vr:0.0 yaw:0.0] 
1622506999506 [vl:0.0 vr:0.0 yaw:0.0] 
1622506999538 [vl:0.0 vr:0.0 yaw:0.0] 
1622506999642 [vl:0.0 vr:0.0 yaw:0.0] 
1622506999675 [vl:0.0 vr:0.0 yaw:0.0] 
1622506999689 [vl:0.0 vr:0.0 yaw:0.0] 
1622506999737 [vl:0.0 vr:0.0 yaw:0.0] 
1622506999785 [vl:0.0 vr:0.0 yaw:0.0] 
1622506999842 [vl:0.0 vr:0.0 yaw:0.0] 
1622506999920 [vl:0.0 vr:0.0 yaw:0.0] 
1622506999937 [vl:0.0 vr:0.0 yaw:0.0] 
1622506999985 [vl:0.0 vr:0.0 yaw:0.0] 
1622507000041 [vl:0.0 vr:0.0 yaw:0.0] 
1622507000093 [vl:0.0 vr:0.0 yaw:0.0] 
1622507000155 [vl:0.0 vr:0.0 yaw:0.0] 
1622507000186 [vl:0.0 vr:0.0 yaw:0.0] 
1622507000243 [vl:0.0 vr:0.0 yaw:0.0] 
1622507000285 [vl:0.0 vr:0.0 yaw:0.0] 
1622507000337 [vl:0.0 vr:0.0 yaw:0.0] 
1622507000388 [vl:0.0 vr:0.0 yaw:0.0] 
1622507000438 [vl:0.0 vr:0.0 yaw:0.0] 
1622507000489 [vl:0.0 vr:0.0 yaw:0.0] 
1622507000541 [vl:0.0 vr:0.0 yaw:0.0] 
1622507000625 [vl:0.0 vr:0.0 yaw:0.0] 
1622507000641 [vl:0.0 vr:0.0 yaw:0.0] 
1622507000695 [vl:0.0 vr:0.0 yaw:0.0] 
1622507000739 [vl:0.0 vr:0.0 yaw:0.0] 
1622507000785 [vl:0.0 vr:0.0 yaw:0.0] 
1622507000839 [vl:0.0 vr:0.0 yaw:0.0] 
1622507000901 [vl:0.0 vr:0.0 yaw:0.0] 
1622507000937 [vl:0.0 vr:0.0 yaw:0.0] 
1622507000985 [vl:0.0 vr:0.0 yaw:0.0] 
1622507001040 [vl:0.0 vr:0.0 yaw:0.0] 
1622507001085 [vl:0.0 vr:0.0 yaw:0.0] 
1622507001138 [vl:0.0 vr:0.0 yaw:0.0] 
1622507001185 [vl:0.0 vr:0.0 yaw:0.0] 
1622507001261 [vl:0.0 vr:0.0 yaw:0.0] 
1622507001287 [vl:0.0 vr:0.0 yaw:0.0] 
1622507001337 [vl:0.0 vr:0.0 yaw:0.0] 
1622507001389 [vl:0.0 vr:0.0 yaw:0.0] 
1622507001437 [vl:0.0 vr:0.0 yaw:0.0] 
1622507001485 [vl:0.0 vr:0.0 yaw:0.0] 
1622507001537 [vl:0.0 vr:0.0 yaw:0.0] 
1622507001589 [vl:0.0 vr:0.0 yaw:0.0] 
1622507001637 [vl:0.0 vr:0.0 yaw:0.0] 
1622507001685 [vl:0.0 vr:0.0 yaw:0.0] 
1622507001738 [vl:0.0 vr:0.0 yaw:0.0] 
1622507001785 [vl:0.0 vr:0.0 yaw:0.0] 
1622507001838 [vl:0.0 vr:0.0 yaw:0.0] 
1622507001885 [vl:0.0 vr:0.0 yaw:0.0] 
1622507001937 [vl:0.0 vr:0.0 yaw:0.0] 
1622507001985 [vl:0.0 vr:0.0 yaw:0.0] 
1622507002053 [vl:0.0 vr:0.0 yaw:0.0] 
1622507002089 [vl:0.0 vr:0.0 yaw:0.0] 
1622507002138 [vl:0.0 vr:0.0 yaw:0.0] 
1622507002185 [vl:0.0 vr:0.0 yaw:0.0] 
1622507002243 [vl:0.0 vr:0.0 yaw:0.0] 
1622507002302 [vl:0.0 vr:0.0 yaw:0.0] 
1622507002344 [vl:0.0 vr:0.0 yaw:0.0] 
1622507002385 [vl:0.0 vr:0.0 yaw:0.0] 
1622507002437 [vl:0.0 vr:0.0 yaw:0.0] 
1622507002486 [vl:0.0 vr:0.0 yaw:0.0] 
1622507002537 [vl:0.0 vr:0.0 yaw:0.0] 
1622507002587 [vl:0.0 vr:0.0 yaw:0.0] 
1622507002641 [vl:0.0 vr:0.0 yaw:0.0] 
1622507002685 [vl:0.0 vr:0.0 yaw:0.0] 
1622507002738 [vl:0.0 vr:0.0 yaw:0.0] 
1622507002791 [vl:0.0 vr:0.0 yaw:0.0] 
1622507002838 [vl:0.0 vr:0.0 yaw:0.0] 
1622507002886 [vl:0.0 vr:0.0 yaw:0.0] 
1622507002941 [vl:0.0 vr:0.0 yaw:0.0] 
1622507002985 [vl:0.0 vr:0.0 yaw:0.0] 
1622507003042 [vl:0.0 vr:0.0 yaw:0.0] 
1622507003085 [vl:0.0 vr:0.0 yaw:0.0] 
1622507003146 [vl:0.0 vr:0.0 yaw:0.0] 
1622507003185 [vl:0.0 vr:0.0 yaw:0.0] 
1622507003238 [vl:0.0 vr:0.0 yaw:0.0] 
1622507003285 [vl:0.0 vr:0.0 yaw:0.0] 
1622507003342 [vl:0.0 vr:0.0 yaw:0.0] 
1622507003389 [vl:0.0 vr:0.0 yaw:0.0] 
1622507003437 [vl:0.0 vr:0.0 yaw:0.0] 
1622507003518 [vl:0.0 vr:0.0 yaw:0.0] 
1622507003538 [vl:0.0 vr:0.0 yaw:0.0] 
1622507003585 [vl:0.0 vr:0.0 yaw:0.0] 
1622507003638 [vl:0.0 vr:0.0 yaw:0.0] 
1622507003693 [vl:0.0 vr:0.0 yaw:0.0] 
1622507003739 [vl:0.0 vr:0.0 yaw:0.0] 
1622507003786 [vl:0.0 vr:0.0 yaw:0.0] 
1622507003837 [vl:0.0 vr:0.0 yaw:0.0] 
1622507003885 [vl:0.0 vr:0.0 yaw:0.0] 
1622507003937 [vl:0.0 vr:0.0 yaw:0.0] 
1622507003985 [vl:0.0 vr:0.0 yaw:0.0] 
1622507004038 [vl:0.0 vr:0.0 yaw:0.0] 
1622507004089 [vl:0.0 vr:0.0 yaw:0.0] 
1622507004139 [vl:0.0 vr:0.0 yaw:0.0] 
1622507004193 [vl:0.0 vr:0.0 yaw:0.0] 
1622507004237 [vl:0.0 vr:0.0 yaw:0.0] 
1622507004301 [vl:0.0 vr:0.0 yaw:0.0] 
1622507004339 [vl:0.0 vr:0.0 yaw:0.0] 
1622507004385 [vl:0.0 vr:0.0 yaw:0.0] 
1622507004437 [vl:0.0 vr:0.0 yaw:0.0] 
1622507004501 [vl:0.0 vr:0.0 yaw:0.0] 
1622507004547 [vl:0.0 vr:0.0 yaw:0.0] 
1622507004589 [vl:0.0 vr:0.0 yaw:0.0] 
1622507004637 [vl:0.0 vr:0.0 yaw:0.0] 
1622507004697 [vl:0.0 vr:0.0 yaw:0.0] 
1622507004737 [vl:0.0 vr:0.0 yaw:0.0] 
1622507004785 [vl:0.0 vr:0.0 yaw:0.0] 
1622507004842 [vl:0.0 vr:0.0 yaw:0.0] 
1622507004885 [vl:0.0 vr:0.0 yaw:0.0] 
1622507004942 [vl:0.0 vr:0.0 yaw:0.0] 
1622507004985 [vl:0.0 vr:0.0 yaw:0.0] 
1622507005041 [vl:0.0 vr:0.0 yaw:0.0] 
1622507005092 [vl:0.0 vr:0.0 yaw:0.0] 
1622507005141 [vl:0.0 vr:0.0 yaw:0.0] 
1622507005185 [vl:0.0 vr:0.0 yaw:0.0] 
1622507005238 [vl:0.0 vr:0.0 yaw:0.0] 
1622507005294 [vl:0.0 vr:0.0 yaw:0.0] 
1622507005348 [vl:0.0 vr:0.0 yaw:0.0] 
1622507005396 [vl:0.0 vr:0.0 yaw:0.0] 
1622507005441 [vl:0.0 vr:0.0 yaw:0.0] 
1622507005488 [vl:0.0 vr:0.0 yaw:0.0] 
1622507005547 [vl:0.0 vr:0.0 yaw:0.0] 
1622507005585 [vl:0.0 vr:0.0 yaw:0.0] 
1622507005637 [vl:0.0 vr:0.0 yaw:0.0] 
1622507005685 [vl:0.0 vr:0.0 yaw:0.0] 
1622507005737 [vl:0.0 vr:0.0 yaw:0.0] 
1622507005785 [vl:0.0 vr:0.0 yaw:0.0] 
1622507005837 [vl:0.0 vr:0.0 yaw:0.0] 
1622507005885 [vl:0.0 vr:0.0 yaw:0.0] 
1622507005942 [vl:0.0 vr:0.0 yaw:0.0] 
1622507005985 [vl:0.0 vr:0.0 yaw:0.0] 
1622507006053 [vl:0.0 vr:0.0 yaw:0.0] 
1622507006086 [vl:0.0 vr:0.0 yaw:0.0] 
1622507006137 [vl:0.0 vr:0.0 yaw:0.0] 
1622507006217 [vl:0.0 vr:0.0 yaw:0.0] 
1622507006237 [vl:0.0 vr:0.0 yaw:0.0] 
1622507006335 [vl:0.0 vr:0.0 yaw:0.0] 
1622507006357 [vl:0.0 vr:0.0 yaw:0.0] 
1622507006394 [vl:0.0 vr:0.0 yaw:0.0] 
1622507006447 [vl:0.0 vr:0.0 yaw:0.0] 
1622507006509 [vl:0.0 vr:0.0 yaw:0.0] 
1622507006559 [vl:0.0 vr:0.0 yaw:0.0] 
1622507006589 [vl:0.0 vr:0.0 yaw:0.0] 
1622507006646 [vl:0.0 vr:0.0 yaw:0.0] 
1622507006718 [vl:0.0 vr:0.0 yaw:0.0] 
1622507006763 [vl:0.0 vr:0.0 yaw:0.0] 
1622507006817 [vl:0.0 vr:0.0 yaw:0.0] 
1622507006841 [vl:0.0 vr:0.0 yaw:0.0] 
1622507006891 [vl:0.0 vr:0.0 yaw:0.0] 
1622507006937 [vl:0.0 vr:0.0 yaw:0.0] 
1622507006990 [vl:0.0 vr:0.0 yaw:0.0] 
1622507007037 [vl:0.0 vr:0.0 yaw:0.0] 
1622507007085 [vl:0.0 vr:0.0 yaw:0.0] 
1622507007197 [vl:0.0 vr:0.0 yaw:0.0] 
1622507007210 [vl:0.0 vr:0.0 yaw:0.0] 
1622507007243 [vl:0.0 vr:0.0 yaw:0.0] 
1622507007285 [vl:0.0 vr:0.0 yaw:0.0] 
1622507007346 [vl:0.0 vr:0.0 yaw:0.0] 
1622507007410 [vl:0.0 vr:0.0 yaw:0.0] 
1622507007439 [vl:0.0 vr:0.0 yaw:0.0] 
1622507007496 [vl:0.0 vr:0.0 yaw:0.0] 
1622507007537 [vl:0.0 vr:0.0 yaw:0.0] 
1622507007587 [vl:0.0 vr:0.0 yaw:0.0] 
1622507007647 [vl:0.0 vr:0.0 yaw:0.0] 
1622507007685 [vl:0.0 vr:0.0 yaw:0.0] 
1622507007769 [vl:0.0 vr:0.0 yaw:0.0] 
1622507007792 [vl:0.0 vr:0.0 yaw:0.0] 
1622507007837 [vl:0.0 vr:0.0 yaw:0.0] 
1622507007896 [vl:0.0 vr:0.0 yaw:0.0] 
1622507007941 [vl:0.0 vr:0.0 yaw:0.0] 
1622507008002 [vl:0.0 vr:0.0 yaw:0.0] 
1622507008049 [vl:0.0 vr:0.0 yaw:0.0] 
1622507008081 [vl:0.0 vr:0.0 yaw:0.0] 
1622507008147 [vl:0.0 vr:0.0 yaw:0.0] 
1622507008185 [vl:0.0 vr:0.0 yaw:0.0] 
1622507008238 [vl:0.0 vr:0.0 yaw:0.0] 
1622507008286 [vl:0.0 vr:0.0 yaw:0.0] 
1622507008350 [vl:0.0 vr:0.0 yaw:0.0] 
1622507008397 [vl:0.0 vr:0.0 yaw:0.0] 
1622507008451 [vl:0.0 vr:0.0 yaw:0.0] 
1622507008495 [vl:0.0 vr:0.0 yaw:0.0] 
1622507008541 [vl:0.0 vr:0.0 yaw:0.0] 
1622507008585 [vl:0.0 vr:0.0 yaw:0.0] 
1622507008638 [vl:0.0 vr:0.0 yaw:0.0] 
1622507008685 [vl:0.0 vr:0.0 yaw:0.0] 
1622507008737 [vl:0.0 vr:0.0 yaw:0.0] 
1622507008811 [vl:0.0 vr:0.0 yaw:0.0] 
1622507008849 [vl:0.0 vr:0.0 yaw:0.0] 
1622507008900 [vl:0.0 vr:0.0 yaw:0.0] 
1622507008962 [vl:0.0 vr:0.0 yaw:0.0] 
1622507008998 [vl:0.0 vr:0.0 yaw:0.0] 
1622507009037 [vl:0.0 vr:0.0 yaw:0.0] 
1622507009095 [vl:0.0 vr:0.0 yaw:0.0] 
1622507009138 [vl:0.0 vr:0.0 yaw:0.0] 
1622507009193 [vl:0.0 vr:0.0 yaw:0.0] 
1622507009237 [vl:0.0 vr:0.0 yaw:0.0] 
1622507009281 [vl:0.0 vr:0.0 yaw:0.0] 
1622507009338 [vl:0.0 vr:0.0 yaw:0.0] 
1622507009386 [vl:0.0 vr:0.0 yaw:0.0] 
1622507009443 [vl:0.0 vr:0.0 yaw:0.0] 
1622507009496 [vl:0.0 vr:0.0 yaw:0.0] 
1622507009538 [vl:0.0 vr:0.0 yaw:0.0] 
1622507009594 [vl:0.0 vr:0.0 yaw:0.0] 
1622507009673 [vl:0.0 vr:0.0 yaw:0.0] 
1622507009703 [vl:0.0 vr:0.0 yaw:0.0] 
1622507009738 [vl:0.0 vr:0.0 yaw:0.0] 
1622507009785 [vl:0.0 vr:0.0 yaw:0.0] 
1622507009837 [vl:0.0 vr:0.0 yaw:0.0] 
1622507009893 [vl:0.0 vr:0.0 yaw:0.0] 
1622507009937 [vl:0.0 vr:0.0 yaw:0.0] 
1622507009985 [vl:0.0 vr:0.0 yaw:0.0] 
1622507010042 [vl:0.0 vr:0.0 yaw:0.0] 
1622507010085 [vl:0.0 vr:0.0 yaw:0.0] 
1622507010139 [vl:0.0 vr:0.0 yaw:0.0] 
1622507010201 [vl:0.0 vr:0.0 yaw:0.0] 
1622507010242 [vl:0.0 vr:0.0 yaw:0.0] 
1622507010285 [vl:0.0 vr:0.0 yaw:0.0] 
1622507010345 [vl:0.0 vr:0.0 yaw:0.0] 
1622507010389 [vl:0.0 vr:0.0 yaw:0.0] 
1622507010445 [vl:0.0 vr:0.0 yaw:0.0] 
1622507010489 [vl:0.0 vr:0.0 yaw:0.0] 
1622507010538 [vl:0.0 vr:0.0 yaw:0.0] 
1622507010585 [vl:0.0 vr:0.0 yaw:0.0] 
1622507010641 [vl:0.0 vr:0.0 yaw:0.0] 
1622507010698 [vl:0.0 vr:0.0 yaw:0.0] 
1622507010737 [vl:0.0 vr:0.0 yaw:0.0] 
1622507010801 [vl:0.0 vr:0.0 yaw:0.0] 
1622507010837 [vl:0.0 vr:0.0 yaw:0.0] 
1622507010893 [vl:0.0 vr:0.0 yaw:0.0] 
1622507010938 [vl:0.0 vr:0.0 yaw:0.0] 
1622507010994 [vl:0.0 vr:0.0 yaw:0.0] 
1622507011040 [vl:0.0 vr:0.0 yaw:0.0] 
1622507011092 [vl:0.0 vr:0.0 yaw:0.0] 
1622507011152 [vl:0.0 vr:0.0 yaw:0.0] 
1622507011197 [vl:0.0 vr:0.0 yaw:0.0] 
1622507011238 [vl:0.0 vr:0.0 yaw:0.0] 
1622507011285 [vl:0.0 vr:0.0 yaw:0.0] 
1622507011343 [vl:0.0 vr:0.0 yaw:0.0] 
1622507011385 [vl:0.0 vr:0.0 yaw:0.0] 
1622507011438 [vl:0.0 vr:0.0 yaw:0.0] 
1622507011485 [vl:0.0 vr:0.0 yaw:0.0] 
1622507011542 [vl:0.0 vr:0.0 yaw:0.0] 
1622507011594 [vl:0.0 vr:0.0 yaw:0.0] 
1622507011639 [vl:0.0 vr:0.0 yaw:0.0] 
1622507011686 [vl:0.0 vr:0.0 yaw:0.0] 
1622507011738 [vl:0.0 vr:0.0 yaw:0.0] 
1622507011798 [vl:0.0 vr:0.0 yaw:0.0] 
1622507011842 [vl:0.0 vr:0.0 yaw:0.0] 
1622507011893 [vl:0.0 vr:0.0 yaw:0.0] 
1622507011941 [vl:0.0 vr:0.0 yaw:0.0] 
1622507011987 [vl:0.0 vr:0.0 yaw:0.0] 
1622507012038 [vl:0.0 vr:0.0 yaw:0.0] 
1622507012091 [vl:0.0 vr:0.0 yaw:0.0] 
1622507012142 [vl:0.0 vr:0.0 yaw:0.0] 
1622507012186 [vl:0.0 vr:0.0 yaw:0.0] 
1622507012242 [vl:0.0 vr:0.0 yaw:0.0] 
1622507012297 [vl:0.0 vr:0.0 yaw:0.0] 
1622507012337 [vl:0.0 vr:0.0 yaw:0.0] 
1622507012401 [vl:0.0 vr:0.0 yaw:0.0] 
1622507012438 [vl:0.0 vr:0.0 yaw:0.0] 
1622507012491 [vl:0.0 vr:0.0 yaw:0.0] 
1622507012543 [vl:0.0 vr:0.0 yaw:0.0] 
1622507012590 [vl:0.0 vr:0.0 yaw:0.0] 
1622507012650 [vl:0.0 vr:0.0 yaw:0.0] 
1622507012685 [vl:0.0 vr:0.0 yaw:0.0] 
1622507012739 [vl:0.0 vr:0.0 yaw:0.0] 
1622507012786 [vl:0.0 vr:0.0 yaw:0.0] 
1622507012838 [vl:0.0 vr:0.0 yaw:0.0] 
1622507012885 [vl:0.0 vr:0.0 yaw:0.0] 
1622507012938 [vl:0.0 vr:0.0 yaw:0.0] 
1622507012985 [vl:0.0 vr:0.0 yaw:0.0] 
1622507013042 [vl:0.0 vr:0.0 yaw:0.0] 
1622507013098 [vl:0.0 vr:0.0 yaw:0.0] 
1622507013144 [vl:0.0 vr:0.0 yaw:0.0] 
1622507013222 [vl:0.0 vr:0.0 yaw:0.0] 
1622507013247 [vl:0.0 vr:0.0 yaw:0.0] 
1622507013286 [vl:0.0 vr:0.0 yaw:0.0] 
1622507013337 [vl:0.0 vr:0.0 yaw:0.0] 
1622507013386 [vl:0.0 vr:0.0 yaw:0.0] 
1622507013457 [vl:0.0 vr:0.0 yaw:0.0] 
1622507013498 [vl:0.0 vr:0.0 yaw:0.0] 
1622507013556 [vl:0.0 vr:0.0 yaw:0.0] 
1622507013599 [vl:0.0 vr:0.0 yaw:0.0] 
1622507013637 [vl:0.0 vr:0.0 yaw:0.0] 
1622507013690 [vl:0.0 vr:0.0 yaw:0.0] 
1622507013737 [vl:0.0 vr:0.0 yaw:0.0] 
1622507013786 [vl:0.0 vr:0.0 yaw:0.0] 
1622507013844 [vl:0.0 vr:0.0 yaw:0.0] 
1622507013886 [vl:0.0 vr:0.0 yaw:0.0] 
1622507013937 [vl:0.0 vr:0.0 yaw:0.0] 
1622507013985 [vl:0.0 vr:0.0 yaw:0.0] 
1622507014037 [vl:0.0 vr:0.0 yaw:0.0] 
1622507014085 [vl:0.0 vr:0.0 yaw:0.0] 
1622507014141 [vl:0.0 vr:0.0 yaw:0.0] 
1622507014223 [vl:0.0 vr:0.0 yaw:0.0] 
1622507014259 [vl:0.0 vr:0.0 yaw:0.0] 
1622507014290 [vl:0.0 vr:0.0 yaw:0.0] 
1622507014367 [vl:0.0 vr:0.0 yaw:0.0] 
1622507014385 [vl:0.0 vr:0.0 yaw:0.0] 
1622507014438 [vl:0.0 vr:0.0 yaw:0.0] 
1622507014497 [vl:0.0 vr:0.0 yaw:0.0] 
1622507014541 [vl:0.0 vr:0.0 yaw:0.0] 
1622507014592 [vl:0.0 vr:0.0 yaw:0.0] 
1622507014638 [vl:0.0 vr:0.0 yaw:0.0] 
1622507014686 [vl:0.0 vr:0.0 yaw:0.0] 
1622507014737 [vl:0.0 vr:0.0 yaw:0.0] 
1622507014793 [vl:0.0 vr:0.0 yaw:0.0] 
1622507014837 [vl:0.0 vr:0.0 yaw:0.0] 
1622507014896 [vl:0.0 vr:0.0 yaw:0.0] 
1622507014990 [vl:0.0 vr:0.0 yaw:0.0] 
1622507015005 [vl:0.0 vr:0.0 yaw:0.0] 
1622507015060 [vl:0.0 vr:0.0 yaw:0.0] 
1622507015100 [vl:0.0 vr:0.0 yaw:0.0] 
1622507015140 [vl:0.0 vr:0.0 yaw:0.0] 
1622507015188 [vl:0.0 vr:0.0 yaw:0.0] 
1622507015247 [vl:0.0 vr:0.0 yaw:0.0] 
1622507015293 [vl:0.0 vr:0.0 yaw:0.0] 
1622507015337 [vl:0.0 vr:0.0 yaw:0.0] 
1622507015388 [vl:0.0 vr:0.0 yaw:0.0] 
1622507015437 [vl:0.0 vr:0.0 yaw:0.0] 
1622507015486 [vl:0.0 vr:0.0 yaw:0.0] 
1622507015549 [vl:0.0 vr:0.0 yaw:0.0] 
1622507015585 [vl:0.0 vr:0.0 yaw:0.0] 
1622507015640 [vl:0.0 vr:0.0 yaw:0.0] 
1622507015692 [vl:0.0 vr:0.0 yaw:0.0] 
1622507015737 [vl:0.0 vr:0.0 yaw:0.0] 
1622507015785 [vl:0.0 vr:0.0 yaw:0.0] 
1622507015837 [vl:0.0 vr:0.0 yaw:0.0] 
1622507015895 [vl:0.0 vr:0.0 yaw:0.0] 
1622507015961 [vl:0.0 vr:0.0 yaw:0.0] 
1622507015993 [vl:0.0 vr:0.0 yaw:0.0] 
1622507016041 [vl:0.0 vr:0.0 yaw:0.0] 
1622507016088 [vl:0.0 vr:0.0 yaw:0.0] 
1622507016138 [vl:0.0 vr:0.0 yaw:0.0] 
1622507016190 [vl:0.0 vr:0.0 yaw:0.0] 
1622507016238 [vl:0.0 vr:0.0 yaw:0.0] 
1622507016289 [vl:0.0 vr:0.0 yaw:0.0] 
1622507016333 [vl:0.0 vr:0.0 yaw:0.0] 
1622507016385 [vl:0.0 vr:0.0 yaw:0.0] 
1622507016442 [vl:0.0 vr:0.0 yaw:0.0] 
1622507016486 [vl:0.0 vr:0.0 yaw:0.0] 
1622507016545 [vl:0.0 vr:0.0 yaw:0.0] 
1622507016594 [vl:0.0 vr:0.0 yaw:0.0] 
1622507016672 [vl:0.0 vr:0.0 yaw:0.0] 
1622507016685 [vl:0.0 vr:0.0 yaw:0.0] 
1622507016745 [vl:0.0 vr:0.0 yaw:0.0] 
1622507016791 [vl:0.0 vr:0.0 yaw:0.0] 
1622507016837 [vl:0.0 vr:0.0 yaw:0.0] 
1622507016887 [vl:0.0 vr:0.0 yaw:0.0] 
1622507016937 [vl:0.0 vr:0.0 yaw:0.0] 
1622507016986 [vl:0.0 vr:0.0 yaw:0.0] 
1622507017037 [vl:0.0 vr:0.0 yaw:0.0] 
1622507017085 [vl:0.0 vr:0.0 yaw:0.0] 
1622507017138 [vl:0.0 vr:0.0 yaw:0.0] 
1622507017185 [vl:0.0 vr:0.0 yaw:0.0] 
1622507017237 [vl:0.0 vr:0.0 yaw:0.0] 
1622507017288 [vl:0.0 vr:0.0 yaw:0.0] 
1622507017337 [vl:0.0 vr:0.0 yaw:0.0] 
1622507017386 [vl:0.0 vr:0.0 yaw:0.0] 
1622507017437 [vl:0.0 vr:0.0 yaw:0.0] 
1622507017497 [vl:0.0 vr:0.0 yaw:0.0] 
1622507017537 [vl:0.0 vr:0.0 yaw:0.0] 
1622507017586 [vl:0.0 vr:0.0 yaw:0.0] 
1622507017637 [vl:0.0 vr:0.0 yaw:0.0] 
1622507017686 [vl:0.0 vr:0.0 yaw:0.0] 
1622507017737 [vl:0.0 vr:0.0 yaw:0.0] 
1622507017786 [vl:0.0 vr:0.0 yaw:0.0] 
1622507017837 [vl:0.0 vr:0.0 yaw:0.0] 
1622507017886 [vl:0.0 vr:0.0 yaw:0.0] 
1622507017937 [vl:0.0 vr:0.0 yaw:0.0] 
1622507017986 [vl:0.0 vr:0.0 yaw:0.0] 
1622507018037 [vl:0.0 vr:0.0 yaw:0.0] 
1622507018086 [vl:0.0 vr:0.0 yaw:0.0] 
1622507018137 [vl:0.0 vr:0.0 yaw:0.0] 
1622507018186 [vl:0.0 vr:0.0 yaw:0.0] 
1622507018237 [vl:0.0 vr:0.0 yaw:0.0] 
1622507018308 [vl:0.0 vr:0.0 yaw:0.0] 
1622507018342 [vl:0.0 vr:0.0 yaw:0.0] 
1622507018396 [vl:0.0 vr:0.0 yaw:0.0] 
1622507018441 [vl:0.0 vr:0.0 yaw:0.0] 
1622507018501 [vl:0.0 vr:0.0 yaw:0.0] 
1622507018545 [vl:0.0 vr:0.0 yaw:0.0] 
1622507018585 [vl:0.0 vr:0.0 yaw:0.0] 
1622507018637 [vl:0.0 vr:0.0 yaw:0.0] 
1622507018691 [vl:0.0 vr:0.0 yaw:0.0] 
1622507018753 [vl:0.0 vr:0.0 yaw:0.0] 
1622507018790 [vl:0.0 vr:0.0 yaw:0.0] 
1622507018841 [vl:0.0 vr:0.0 yaw:0.0] 
1622507018894 [vl:0.0 vr:0.0 yaw:0.0] 
1622507018937 [vl:0.0 vr:0.0 yaw:0.0] 
1622507019001 [vl:0.0 vr:0.0 yaw:0.0] 
1622507019051 [vl:0.0 vr:0.0 yaw:0.0] 
1622507019086 [vl:0.0 vr:0.0 yaw:0.0] 
1622507019137 [vl:0.0 vr:0.0 yaw:0.0] 
1622507019186 [vl:0.0 vr:0.0 yaw:0.0] 
1622507019237 [vl:0.0 vr:0.0 yaw:0.0] 
1622507019296 [vl:0.0 vr:0.0 yaw:0.0] 
1622507019337 [vl:0.0 vr:0.0 yaw:0.0] 
1622507019387 [vl:0.0 vr:0.0 yaw:0.0] 
1622507019445 [vl:0.0 vr:0.0 yaw:0.0] 
1622507019493 [vl:0.0 vr:0.0 yaw:0.0] 
1622507019537 [vl:0.0 vr:0.0 yaw:0.0] 
1622507019585 [vl:0.0 vr:0.0 yaw:0.0] 
1622507019637 [vl:0.0 vr:0.0 yaw:0.0] 
1622507019690 [vl:0.0 vr:0.0 yaw:0.0] 
1622507019737 [vl:0.0 vr:0.0 yaw:0.0] 
1622507019785 [vl:0.0 vr:0.0 yaw:0.0] 
1622507019837 [vl:0.0 vr:0.0 yaw:0.0] 
1622507019885 [vl:0.0 vr:0.0 yaw:0.0] 
1622507019937 [vl:0.0 vr:0.0 yaw:0.0] 
1622507019994 [vl:0.0 vr:0.0 yaw:0.0] 
1622507020037 [vl:0.0 vr:0.0 yaw:0.0] 
1622507020083 [vl:0.0 vr:0.0 yaw:0.0] 
1622507020137 [vl:0.0 vr:0.0 yaw:0.0] 
1622507020206 [vl:0.0 vr:0.0 yaw:0.0] 
1622507020255 [vl:0.0 vr:0.0 yaw:0.0] 
1622507020289 [vl:0.0 vr:0.0 yaw:0.0] 
1622507020337 [vl:0.0 vr:0.0 yaw:0.0] 
1622507020387 [vl:0.0 vr:0.0 yaw:0.0] 
1622507020437 [vl:0.0 vr:0.0 yaw:0.0] 
1622507020486 [vl:0.0 vr:0.0 yaw:0.0] 
1622507020553 [vl:0.0 vr:0.0 yaw:0.0] 
1622507020587 [vl:0.0 vr:0.0 yaw:0.0] 
1622507020637 [vl:0.0 vr:0.0 yaw:0.0] 
1622507020686 [vl:0.0 vr:0.0 yaw:0.0] 
1622507020737 [vl:0.0 vr:0.0 yaw:0.0] 
1622507020785 [vl:0.0 vr:0.0 yaw:0.0] 
1622507020844 [vl:0.0 vr:0.0 yaw:0.0] 
1622507020903 [vl:0.0 vr:0.0 yaw:0.0] 
1622507020943 [vl:0.0 vr:0.0 yaw:0.0] 
1622507021002 [vl:0.0 vr:0.0 yaw:0.0] 
1622507021047 [vl:0.0 vr:0.0 yaw:0.0] 
1622507021085 [vl:0.0 vr:0.0 yaw:0.0] 
1622507021137 [vl:0.0 vr:0.0 yaw:0.0] 
1622507021201 [vl:0.0 vr:0.0 yaw:0.0] 
1622507021244 [vl:0.0 vr:0.0 yaw:0.0] 
1622507021292 [vl:0.0 vr:0.0 yaw:0.0] 
1622507021337 [vl:0.0 vr:0.0 yaw:0.0] 
1622507021389 [vl:0.0 vr:0.0 yaw:0.0] 
1622507021445 [vl:0.0 vr:0.0 yaw:0.0] 
1622507021491 [vl:0.0 vr:0.0 yaw:0.0] 
1622507021538 [vl:0.0 vr:0.0 yaw:0.0] 
1622507021580 [vl:0.0 vr:0.0 yaw:0.0] 
1622507021637 [vl:0.0 vr:0.0 yaw:0.0] 
1622507021690 [vl:0.0 vr:0.0 yaw:0.0] 
1622507021737 [vl:0.0 vr:0.0 yaw:0.0] 
1622507021791 [vl:0.0 vr:0.0 yaw:0.0] 
1622507021837 [vl:0.0 vr:0.0 yaw:0.0] 
1622507021886 [vl:0.0 vr:0.0 yaw:0.0] 
1622507021937 [vl:0.0 vr:0.0 yaw:0.0] 
1622507021986 [vl:0.0 vr:0.0 yaw:0.0] 
1622507022038 [vl:0.0 vr:0.0 yaw:0.0] 
1622507022086 [vl:0.0 vr:0.0 yaw:0.0] 
1622507022138 [vl:0.0 vr:0.0 yaw:0.0] 
1622507022187 [vl:0.0 vr:0.0 yaw:0.0] 
1622507022237 [vl:0.0 vr:0.0 yaw:0.0] 
1622507022286 [vl:0.0 vr:0.0 yaw:0.0] 
1622507022338 [vl:0.0 vr:0.0 yaw:0.0] 
1622507022386 [vl:0.0 vr:0.0 yaw:0.0] 
1622507022438 [vl:0.0 vr:0.0 yaw:0.0] 
1622507022486 [vl:0.0 vr:0.0 yaw:0.0] 
1622507022537 [vl:0.0 vr:0.0 yaw:0.0] 
1622507022586 [vl:0.0 vr:0.0 yaw:0.0] 
1622507022642 [vl:0.0 vr:0.0 yaw:0.0] 
1622507022687 [vl:0.0 vr:0.0 yaw:0.0] 
1622507022737 [vl:0.0 vr:0.0 yaw:0.0] 
1622507022786 [vl:0.0 vr:0.0 yaw:0.0] 
1622507022837 [vl:0.0 vr:0.0 yaw:0.0] 
1622507022887 [vl:0.0 vr:0.0 yaw:0.0] 
1622507022938 [vl:0.0 vr:0.0 yaw:0.0] 
1622507023020 [vl:0.0 vr:0.0 yaw:0.0] 
1622507023037 [vl:0.0 vr:0.0 yaw:0.0] 
1622507023085 [vl:0.0 vr:0.0 yaw:0.0] 
1622507023142 [vl:0.0 vr:0.0 yaw:0.0] 
1622507023193 [vl:0.0 vr:0.0 yaw:0.0] 
1622507023238 [vl:0.0 vr:0.0 yaw:0.0] 
1622507023299 [vl:0.0 vr:0.0 yaw:0.0] 
1622507023330 [vl:0.0 vr:0.0 yaw:0.0] 
1622507023385 [vl:0.0 vr:0.0 yaw:0.0] 
1622507023442 [vl:0.0 vr:0.0 yaw:0.0] 
1622507023507 [vl:0.0 vr:0.0 yaw:0.0] 
1622507023538 [vl:0.0 vr:0.0 yaw:0.0] 
1622507023585 [vl:0.0 vr:0.0 yaw:0.0] 
1622507023638 [vl:0.0 vr:0.0 yaw:0.0] 
1622507023685 [vl:0.0 vr:0.0 yaw:0.0] 
1622507023737 [vl:0.0 vr:0.0 yaw:0.0] 
1622507023786 [vl:0.0 vr:0.0 yaw:0.0] 
1622507023841 [vl:0.0 vr:0.0 yaw:0.0] 
1622507023906 [vl:0.0 vr:0.0 yaw:0.0] 
1622507023974 [vl:0.0 vr:0.0 yaw:0.0] 
1622507023999 [vl:0.0 vr:0.0 yaw:0.0] 
1622507024038 [vl:0.0 vr:0.0 yaw:0.0] 
1622507024081 [vl:0.0 vr:0.0 yaw:0.0] 
1622507024137 [vl:0.0 vr:0.0 yaw:0.0] 
1622507024194 [vl:0.0 vr:0.0 yaw:0.0] 
1622507024266 [vl:0.0 vr:0.0 yaw:0.0] 
1622507024298 [vl:0.0 vr:0.0 yaw:0.0] 
1622507024338 [vl:0.0 vr:0.0 yaw:0.0] 
1622507024398 [vl:0.0 vr:0.0 yaw:0.0] 
1622507024437 [vl:0.0 vr:0.0 yaw:0.0] 
1622507024487 [vl:0.0 vr:0.0 yaw:0.0] 
1622507024530 [vl:0.0 vr:0.0 yaw:0.0] 
1622507024587 [vl:0.0 vr:0.0 yaw:0.0] 
1622507024637 [vl:0.0 vr:0.0 yaw:0.0] 
1622507024685 [vl:0.0 vr:0.0 yaw:0.0] 
1622507024737 [vl:0.0 vr:0.0 yaw:0.0] 
1622507024785 [vl:0.0 vr:0.0 yaw:0.0] 
1622507024840 [vl:0.0 vr:0.0 yaw:0.0] 
1622507024891 [vl:0.0 vr:0.0 yaw:0.0] 
1622507024937 [vl:0.0 vr:0.0 yaw:0.0] 
1622507024995 [vl:0.0 vr:0.0 yaw:0.0] 
1622507025037 [vl:0.0 vr:0.0 yaw:0.0] 
1622507025087 [vl:0.0 vr:0.0 yaw:0.0] 
1622507025142 [vl:0.0 vr:0.0 yaw:0.0] 
1622507025186 [vl:0.0 vr:0.0 yaw:0.0] 
1622507025244 [vl:0.0 vr:0.0 yaw:0.0] 
1622507025286 [vl:0.0 vr:0.0 yaw:0.0] 
1622507025337 [vl:0.0 vr:0.0 yaw:0.0] 
1622507025385 [vl:0.0 vr:0.0 yaw:0.0] 
1622507025469 [vl:0.0 vr:0.0 yaw:0.0] 
1622507025485 [vl:0.0 vr:0.0 yaw:0.0] 
1622507025537 [vl:0.0 vr:0.0 yaw:0.0] 
1622507025585 [vl:0.0 vr:0.0 yaw:0.0] 
1622507025637 [vl:0.0 vr:0.0 yaw:0.0] 
1622507025685 [vl:0.0 vr:0.0 yaw:0.0] 
1622507025737 [vl:0.0 vr:0.0 yaw:0.0] 
1622507025786 [vl:0.0 vr:0.0 yaw:0.0] 
1622507025837 [vl:0.0 vr:0.0 yaw:0.0] 
1622507025886 [vl:0.0 vr:0.0 yaw:0.0] 
1622507025937 [vl:0.0 vr:0.0 yaw:0.0] 
1622507025986 [vl:0.0 vr:0.0 yaw:0.0] 
1622507026037 [vl:0.0 vr:0.0 yaw:0.0] 
1622507026086 [vl:0.0 vr:0.0 yaw:0.0] 
1622507026142 [vl:0.0 vr:0.0 yaw:0.0] 
1622507026190 [vl:0.0 vr:0.0 yaw:0.0] 
1622507026237 [vl:0.0 vr:0.0 yaw:0.0] 
1622507026285 [vl:0.0 vr:0.0 yaw:0.0] 
1622507026343 [vl:0.0 vr:0.0 yaw:0.0] 
1622507026385 [vl:0.0 vr:0.0 yaw:0.0] 
1622507026441 [vl:0.0 vr:0.0 yaw:0.0] 
1622507026485 [vl:0.0 vr:0.0 yaw:0.0] 
1622507026538 [vl:0.0 vr:0.0 yaw:0.0] 
1622507026594 [vl:0.0 vr:0.0 yaw:0.0] 
1622507026647 [vl:0.0 vr:0.0 yaw:0.0] 
1622507026691 [vl:0.0 vr:0.0 yaw:0.0] 
1622507026744 [vl:0.0 vr:0.0 yaw:0.0] 
1622507026786 [vl:0.0 vr:0.0 yaw:0.0] 
1622507026837 [vl:0.0 vr:0.0 yaw:0.0] 
1622507026891 [vl:0.0 vr:0.0 yaw:0.0] 
1622507026943 [vl:0.0 vr:0.0 yaw:0.0] 
1622507026988 [vl:0.0 vr:0.0 yaw:0.0] 
1622507027037 [vl:0.0 vr:0.0 yaw:0.0] 
1622507027086 [vl:0.0 vr:0.0 yaw:0.0] 
1622507027146 [vl:0.0 vr:0.0 yaw:0.0] 
1622507027190 [vl:0.0 vr:0.0 yaw:0.0] 
1622507027237 [vl:0.0 vr:0.0 yaw:0.0] 
1622507027285 [vl:0.0 vr:0.0 yaw:0.0] 
1622507027338 [vl:0.0 vr:0.0 yaw:0.0] 
1622507027389 [vl:0.0 vr:0.0 yaw:0.0] 
1622507027437 [vl:0.0 vr:0.0 yaw:0.0] 
1622507027497 [vl:0.0 vr:0.0 yaw:0.0] 
1622507027550 [vl:0.0 vr:0.0 yaw:0.0] 
1622507027590 [vl:0.0 vr:0.0 yaw:0.0] 
1622507027638 [vl:0.0 vr:0.0 yaw:0.0] 
1622507027692 [vl:0.0 vr:0.0 yaw:0.0] 
1622507027737 [vl:0.0 vr:0.0 yaw:0.0] 
1622507027785 [vl:0.0 vr:0.0 yaw:0.0] 
1622507027844 [vl:0.0 vr:0.0 yaw:0.0] 
1622507027886 [vl:0.0 vr:0.0 yaw:0.0] 
1622507027937 [vl:0.0 vr:0.0 yaw:0.0] 
1622507027985 [vl:0.0 vr:0.0 yaw:0.0] 
1622507028041 [vl:0.0 vr:0.0 yaw:0.0] 
1622507028085 [vl:0.0 vr:0.0 yaw:0.0] 
1622507028137 [vl:0.0 vr:0.0 yaw:0.0] 
1622507028185 [vl:0.0 vr:0.0 yaw:0.0] 
1622507028244 [vl:0.0 vr:0.0 yaw:0.0] 
1622507028295 [vl:0.0 vr:0.0 yaw:0.0] 
1622507028337 [vl:0.0 vr:0.0 yaw:0.0] 
1622507028386 [vl:0.0 vr:0.0 yaw:0.0] 
1622507028437 [vl:0.0 vr:0.0 yaw:0.0] 
1622507028489 [vl:0.0 vr:0.0 yaw:0.0] 
1622507028537 [vl:0.0 vr:0.0 yaw:0.0] 
1622507028603 [vl:0.0 vr:0.0 yaw:0.0] 
1622507028637 [vl:0.0 vr:0.0 yaw:0.0] 
1622507028691 [vl:0.0 vr:0.0 yaw:0.0] 
1622507028737 [vl:0.0 vr:0.0 yaw:0.0] 
1622507028793 [vl:0.0 vr:0.0 yaw:0.0] 
1622507028838 [vl:0.0 vr:0.0 yaw:0.0] 
1622507028889 [vl:0.0 vr:0.0 yaw:0.0] 
1622507028946 [vl:0.0 vr:0.0 yaw:0.0] 
1622507028990 [vl:0.0 vr:0.0 yaw:0.0] 
1622507029038 [vl:0.0 vr:0.0 yaw:0.0] 
1622507029086 [vl:0.0 vr:0.0 yaw:0.0] 
1622507029145 [vl:0.0 vr:0.0 yaw:0.0] 
1622507029193 [vl:0.0 vr:0.0 yaw:0.0] 
1622507029266 [vl:0.0 vr:0.0 yaw:0.0] 
1622507029286 [vl:0.0 vr:0.0 yaw:0.0] 
1622507029337 [vl:0.0 vr:0.0 yaw:0.0] 
1622507029395 [vl:0.0 vr:0.0 yaw:0.0] 
1622507029442 [vl:0.0 vr:0.0 yaw:0.0] 
1622507029501 [vl:0.0 vr:0.0 yaw:0.0] 
1622507029556 [vl:0.0 vr:0.0 yaw:0.0] 
1622507029591 [vl:0.0 vr:0.0 yaw:0.0] 
1622507029638 [vl:0.0 vr:0.0 yaw:0.0] 
1622507029687 [vl:0.0 vr:0.0 yaw:0.0] 
1622507029748 [vl:0.0 vr:0.0 yaw:0.0] 
1622507029831 [vl:0.0 vr:0.0 yaw:0.0] 
1622507029847 [vl:0.0 vr:0.0 yaw:0.0] 
1622507029919 [vl:0.0 vr:0.0 yaw:0.0] 
1622507029937 [vl:0.0 vr:0.0 yaw:0.0] 
1622507029985 [vl:0.0 vr:0.0 yaw:0.0] 
1622507030041 [vl:0.0 vr:0.0 yaw:0.0] 
1622507030085 [vl:0.0 vr:0.0 yaw:0.0] 
1622507030137 [vl:0.0 vr:0.0 yaw:0.0] 
1622507030188 [vl:0.0 vr:0.0 yaw:0.0] 
1622507030246 [vl:0.0 vr:0.0 yaw:0.0] 
1622507030286 [vl:0.0 vr:0.0 yaw:0.0] 
1622507030373 [vl:0.0 vr:0.0 yaw:0.0] 
1622507030389 [vl:0.0 vr:0.0 yaw:0.0] 
1622507030442 [vl:0.0 vr:0.0 yaw:0.0] 
1622507030485 [vl:0.0 vr:0.0 yaw:0.0] 
1622507030539 [vl:0.0 vr:0.0 yaw:0.0] 
1622507030585 [vl:0.0 vr:0.0 yaw:0.0] 
1622507030637 [vl:0.0 vr:0.0 yaw:0.0] 
1622507030690 [vl:0.0 vr:0.0 yaw:0.0] 
1622507030740 [vl:0.0 vr:0.0 yaw:0.0] 
1622507030785 [vl:0.0 vr:0.0 yaw:0.0] 
1622507030841 [vl:0.0 vr:0.0 yaw:0.0] 
1622507030886 [vl:0.0 vr:0.0 yaw:0.0] 
1622507030939 [vl:0.0 vr:0.0 yaw:0.0] 
1622507030985 [vl:0.0 vr:0.0 yaw:0.0] 
1622507031061 [vl:0.0 vr:0.0 yaw:0.0] 
1622507031086 [vl:0.0 vr:0.0 yaw:0.0] 
1622507031137 [vl:0.0 vr:0.0 yaw:0.0] 
1622507031187 [vl:0.0 vr:0.0 yaw:0.0] 
1622507031238 [vl:0.0 vr:0.0 yaw:0.0] 
1622507031285 [vl:0.0 vr:0.0 yaw:0.0] 
1622507031341 [vl:0.0 vr:0.0 yaw:0.0] 
1622507031386 [vl:0.0 vr:0.0 yaw:0.0] 
1622507031437 [vl:0.0 vr:0.0 yaw:0.0] 
1622507031486 [vl:0.0 vr:0.0 yaw:0.0] 
1622507031543 [vl:0.0 vr:0.0 yaw:0.0] 
1622507031587 [vl:0.0 vr:0.0 yaw:0.0] 
1622507031642 [vl:0.0 vr:0.0 yaw:0.0] 
1622507031697 [vl:0.0 vr:0.0 yaw:0.0] 
1622507031739 [vl:0.0 vr:0.0 yaw:0.0] 
1622507031785 [vl:0.0 vr:0.0 yaw:0.0] 
1622507031854 [vl:0.0 vr:0.0 yaw:0.0] 
1622507031904 [vl:0.0 vr:0.0 yaw:0.0] 
1622507031941 [vl:0.0 vr:0.0 yaw:0.0] 
1622507031985 [vl:0.0 vr:0.0 yaw:0.0] 
1622507032037 [vl:0.0 vr:0.0 yaw:0.0] 
1622507032085 [vl:0.0 vr:0.0 yaw:0.0] 
1622507032141 [vl:0.0 vr:0.0 yaw:0.0] 
1622507032193 [vl:0.0 vr:0.0 yaw:0.0] 
1622507032247 [vl:0.0 vr:0.0 yaw:0.0] 
1622507032288 [vl:0.0 vr:0.0 yaw:0.0] 
1622507032341 [vl:0.0 vr:0.0 yaw:0.0] 
1622507032414 [vl:0.0 vr:0.0 yaw:0.0] 
1622507032452 [vl:0.0 vr:0.0 yaw:0.0] 
1622507032549 [vl:0.0 vr:0.0 yaw:0.0] 
1622507032567 [vl:0.0 vr:0.0 yaw:0.0] 
1622507032585 [vl:0.0 vr:0.0 yaw:0.0] 
1622507032642 [vl:0.0 vr:0.0 yaw:0.0] 
1622507032695 [vl:0.0 vr:0.0 yaw:0.0] 
1622507032738 [vl:0.0 vr:0.0 yaw:0.0] 
1622507032786 [vl:0.0 vr:0.0 yaw:0.0] 
1622507032838 [vl:0.0 vr:0.0 yaw:0.0] 
1622507032885 [vl:0.0 vr:0.0 yaw:0.0] 
1622507032938 [vl:0.0 vr:0.0 yaw:0.0] 
1622507032985 [vl:0.0 vr:0.0 yaw:0.0] 
1622507033043 [vl:0.0 vr:0.0 yaw:0.0] 
1622507033093 [vl:0.0 vr:0.0 yaw:0.0] 
1622507033140 [vl:0.0 vr:0.0 yaw:0.0] 
1622507033188 [vl:0.0 vr:0.0 yaw:0.0] 
1622507033237 [vl:0.0 vr:0.0 yaw:0.0] 
1622507033315 [vl:0.0 vr:0.0 yaw:0.0] 
1622507033338 [vl:0.0 vr:0.0 yaw:0.0] 
1622507033385 [vl:0.0 vr:0.0 yaw:0.0] 
1622507033438 [vl:0.0 vr:0.0 yaw:0.0] 
1622507033498 [vl:0.0 vr:0.0 yaw:0.0] 
1622507033566 [vl:0.0 vr:0.0 yaw:0.0] 
1622507033586 [vl:0.0 vr:0.0 yaw:0.0] 
1622507033649 [vl:0.0 vr:0.0 yaw:0.0] 
1622507033689 [vl:0.0 vr:0.0 yaw:0.0] 
1622507033739 [vl:0.0 vr:0.0 yaw:0.0] 
1622507033789 [vl:0.0 vr:0.0 yaw:0.0] 
1622507033841 [vl:0.0 vr:0.0 yaw:0.0] 
1622507033885 [vl:0.0 vr:0.0 yaw:0.0] 
1622507033938 [vl:0.0 vr:0.0 yaw:0.0] 
1622507033989 [vl:0.0 vr:0.0 yaw:0.0] 
1622507034037 [vl:0.0 vr:0.0 yaw:0.0] 
1622507034085 [vl:0.0 vr:0.0 yaw:0.0] 
1622507034142 [vl:0.0 vr:0.0 yaw:0.0] 
1622507034198 [vl:0.0 vr:0.0 yaw:0.0] 
1622507034242 [vl:0.0 vr:0.0 yaw:0.0] 
1622507034286 [vl:0.0 vr:0.0 yaw:0.0] 
1622507034341 [vl:0.0 vr:0.0 yaw:0.0] 
1622507034398 [vl:0.0 vr:0.0 yaw:0.0] 
1622507034442 [vl:0.0 vr:0.0 yaw:0.0] 
1622507034485 [vl:0.0 vr:0.0 yaw:0.0] 
1622507034537 [vl:0.0 vr:0.0 yaw:0.0] 
1622507034585 [vl:0.0 vr:0.0 yaw:0.0] 
1622507034637 [vl:0.0 vr:0.0 yaw:0.0] 
1622507034689 [vl:0.0 vr:0.0 yaw:0.0] 
1622507034737 [vl:0.0 vr:0.0 yaw:0.0] 
1622507034790 [vl:0.0 vr:0.0 yaw:0.0] 
1622507034841 [vl:0.0 vr:0.0 yaw:0.0] 
1622507034885 [vl:0.0 vr:0.0 yaw:0.0] 
1622507034966 [vl:0.0 vr:0.0 yaw:0.0] 
1622507035016 [vl:0.0 vr:0.0 yaw:0.0] 
1622507035037 [vl:0.0 vr:0.0 yaw:0.0] 
1622507035086 [vl:0.0 vr:0.0 yaw:0.0] 
1622507035137 [vl:0.0 vr:0.0 yaw:0.0] 
1622507035199 [vl:0.0 vr:0.0 yaw:0.0] 
1622507035237 [vl:0.0 vr:0.0 yaw:0.0] 
1622507035302 [vl:0.0 vr:0.0 yaw:0.0] 
1622507035361 [vl:0.0 vr:0.0 yaw:0.0] 
1622507035385 [vl:0.0 vr:0.0 yaw:0.0] 
1622507035454 [vl:0.0 vr:0.0 yaw:0.0] 
1622507035520 [vl:0.0 vr:0.0 yaw:0.0] 
1622507035541 [vl:0.0 vr:0.0 yaw:0.0] 
1622507035598 [vl:0.0 vr:0.0 yaw:0.0] 
1622507035644 [vl:0.0 vr:0.0 yaw:0.0] 
1622507035691 [vl:0.0 vr:0.0 yaw:0.0] 
1622507035737 [vl:0.0 vr:0.0 yaw:0.0] 
1622507035824 [vl:0.0 vr:0.0 yaw:0.0] 
1622507035837 [vl:0.0 vr:0.0 yaw:0.0] 
1622507035889 [vl:0.0 vr:0.0 yaw:0.0] 
1622507035939 [vl:0.0 vr:0.0 yaw:0.0] 
1622507035986 [vl:0.0 vr:0.0 yaw:0.0] 
1622507036037 [vl:0.0 vr:0.0 yaw:0.0] 
1622507036085 [vl:0.0 vr:0.0 yaw:0.0] 
1622507036163 [vl:0.0 vr:0.0 yaw:0.0] 
1622507036188 [vl:0.0 vr:0.0 yaw:0.0] 
1622507036245 [vl:0.0 vr:0.0 yaw:0.0] 
1622507036296 [vl:0.0 vr:0.0 yaw:0.0] 
1622507036337 [vl:0.0 vr:0.0 yaw:0.0] 
1622507036385 [vl:0.0 vr:0.0 yaw:0.0] 
1622507036444 [vl:0.0 vr:0.0 yaw:0.0] 
1622507036485 [vl:0.0 vr:0.0 yaw:0.0] 
1622507036537 [vl:0.0 vr:0.0 yaw:0.0] 
1622507036586 [vl:0.0 vr:0.0 yaw:0.0] 
1622507036637 [vl:0.0 vr:0.0 yaw:0.0] 
1622507036687 [vl:0.0 vr:0.0 yaw:0.0] 
1622507036774 [vl:0.0 vr:0.0 yaw:0.0] 
1622507036807 [vl:0.0 vr:0.0 yaw:0.0] 
1622507036842 [vl:0.0 vr:0.0 yaw:0.0] 
1622507036886 [vl:0.0 vr:0.0 yaw:0.0] 
1622507036937 [vl:0.0 vr:0.0 yaw:0.0] 
1622507036990 [vl:0.0 vr:0.0 yaw:0.0] 
1622507037037 [vl:0.0 vr:0.0 yaw:0.0] 
1622507037085 [vl:0.0 vr:0.0 yaw:0.0] 
1622507037157 [vl:0.0 vr:0.0 yaw:0.0] 
1622507037227 [vl:0.0 vr:0.0 yaw:0.0] 
1622507037273 [vl:0.0 vr:0.0 yaw:0.0] 
1622507037291 [vl:0.0 vr:0.0 yaw:0.0] 
1622507037341 [vl:0.0 vr:0.0 yaw:0.0] 
1622507037386 [vl:0.0 vr:0.0 yaw:0.0] 
1622507037438 [vl:0.0 vr:0.0 yaw:0.0] 
1622507037506 [vl:0.0 vr:0.0 yaw:0.0] 
1622507037545 [vl:0.0 vr:0.0 yaw:0.0] 
1622507037594 [vl:0.0 vr:0.0 yaw:0.0] 
1622507037645 [vl:0.0 vr:0.0 yaw:0.0] 
1622507037685 [vl:0.0 vr:0.0 yaw:0.0] 
1622507037738 [vl:0.0 vr:0.0 yaw:0.0] 
1622507037786 [vl:0.0 vr:0.0 yaw:0.0] 
1622507037837 [vl:0.0 vr:0.0 yaw:0.0] 
1622507037900 [vl:0.0 vr:0.0 yaw:0.0] 
1622507037937 [vl:0.0 vr:0.0 yaw:0.0] 
1622507037985 [vl:0.0 vr:0.0 yaw:0.0] 
1622507038040 [vl:0.0 vr:0.0 yaw:0.0] 
1622507038087 [vl:0.0 vr:0.0 yaw:0.0] 
1622507038141 [vl:0.0 vr:0.0 yaw:0.0] 
1622507038185 [vl:0.0 vr:0.0 yaw:0.0] 
1622507038238 [vl:0.0 vr:0.0 yaw:0.0] 
1622507038298 [vl:0.0 vr:0.0 yaw:0.0] 
1622507038338 [vl:0.0 vr:0.0 yaw:0.0] 
1622507038389 [vl:0.0 vr:0.0 yaw:0.0] 
1622507038437 [vl:0.0 vr:0.0 yaw:0.0] 
1622507038499 [vl:0.0 vr:0.0 yaw:0.0] 
1622507038584 [vl:0.0 vr:0.0 yaw:0.0] 
1622507038635 [vl:0.0 vr:0.0 yaw:0.0] 
1622507038650 [vl:0.0 vr:0.0 yaw:0.0] 
1622507038696 [vl:0.0 vr:0.0 yaw:0.0] 
1622507038754 [vl:0.0 vr:0.0 yaw:0.0] 
1622507038813 [vl:0.0 vr:0.0 yaw:0.0] 
1622507038837 [vl:0.0 vr:0.0 yaw:0.0] 
1622507038892 [vl:0.0 vr:0.0 yaw:0.0] 
1622507038938 [vl:0.0 vr:0.0 yaw:0.0] 
1622507038991 [vl:0.0 vr:0.0 yaw:0.0] 
1622507039042 [vl:0.0 vr:0.0 yaw:0.0] 
1622507039100 [vl:0.0 vr:0.0 yaw:0.0] 
1622507039138 [vl:0.0 vr:0.0 yaw:0.0] 
1622507039194 [vl:0.0 vr:0.0 yaw:0.0] 
1622507039237 [vl:0.0 vr:0.0 yaw:0.0] 
1622507039289 [vl:0.0 vr:0.0 yaw:0.0] 
1622507039337 [vl:0.0 vr:0.0 yaw:0.0] 
1622507039390 [vl:0.0 vr:0.0 yaw:0.0] 
1622507039450 [vl:0.0 vr:0.0 yaw:0.0] 
1622507039490 [vl:0.0 vr:0.0 yaw:0.0] 
1622507039538 [vl:0.0 vr:0.0 yaw:0.0] 
1622507039587 [vl:0.0 vr:0.0 yaw:0.0] 
1622507039637 [vl:0.0 vr:0.0 yaw:0.0] 
1622507039689 [vl:0.0 vr:0.0 yaw:0.0] 
1622507039739 [vl:0.0 vr:0.0 yaw:0.0] 
1622507039790 [vl:0.0 vr:0.0 yaw:0.0] 
1622507039830 [vl:0.0 vr:0.0 yaw:0.0] 
1622507039943 [vl:0.0 vr:0.0 yaw:0.0] 
1622507039958 [vl:0.0 vr:0.0 yaw:0.0] 
1622507039991 [vl:0.0 vr:0.0 yaw:0.0] 
1622507040047 [vl:0.0 vr:0.0 yaw:0.0] 
1622507040122 [vl:0.0 vr:0.0 yaw:0.0] 
1622507040140 [vl:0.0 vr:0.0 yaw:0.0] 
1622507040189 [vl:0.0 vr:0.0 yaw:0.0] 
1622507040237 [vl:0.0 vr:0.0 yaw:0.0] 
1622507040291 [vl:0.0 vr:0.0 yaw:0.0] 
1622507040342 [vl:0.0 vr:0.0 yaw:0.0] 
1622507040393 [vl:0.0 vr:0.0 yaw:0.0] 
1622507040438 [vl:0.0 vr:0.0 yaw:0.0] 
1622507040485 [vl:0.0 vr:0.0 yaw:0.0] 
1622507040537 [vl:0.0 vr:0.0 yaw:0.0] 
1622507040607 [vl:0.0 vr:0.0 yaw:0.0] 
1622507040649 [vl:0.0 vr:0.0 yaw:0.0] 
1622507040693 [vl:0.0 vr:0.0 yaw:0.0] 
1622507040745 [vl:0.0 vr:0.0 yaw:0.0] 
1622507040834 [vl:0.0 vr:0.0 yaw:0.0] 
1622507040845 [vl:0.0 vr:0.0 yaw:0.0] 
1622507040885 [vl:0.0 vr:0.0 yaw:0.0] 
1622507040939 [vl:0.0 vr:0.0 yaw:0.0] 
1622507040985 [vl:0.0 vr:0.0 yaw:0.0] 
1622507041078 [vl:0.0 vr:0.0 yaw:0.0] 
1622507041104 [vl:0.0 vr:0.0 yaw:0.0] 
1622507041173 [vl:0.0 vr:0.0 yaw:0.0] 
1622507041186 [vl:0.0 vr:0.0 yaw:0.0] 
1622507041239 [vl:0.0 vr:0.0 yaw:0.0] 
1622507041294 [vl:0.0 vr:0.0 yaw:0.0] 
1622507041337 [vl:0.0 vr:0.0 yaw:0.0] 
1622507041386 [vl:0.0 vr:0.0 yaw:0.0] 
1622507041444 [vl:0.0 vr:0.0 yaw:0.0] 
1622507041535 [vl:0.0 vr:0.0 yaw:0.0] 
1622507041555 [vl:0.0 vr:0.0 yaw:0.0] 
1622507041589 [vl:0.0 vr:0.0 yaw:0.0] 
1622507041637 [vl:0.0 vr:0.0 yaw:0.0] 
1622507041697 [vl:0.0 vr:0.0 yaw:0.0] 
1622507041738 [vl:0.0 vr:0.0 yaw:0.0] 
1622507041786 [vl:0.0 vr:0.0 yaw:0.0] 
1622507041843 [vl:0.0 vr:0.0 yaw:0.0] 
1622507041886 [vl:0.0 vr:0.0 yaw:0.0] 
1622507041945 [vl:0.0 vr:0.0 yaw:0.0] 
1622507041985 [vl:0.0 vr:0.0 yaw:0.0] 
1622507042040 [vl:0.0 vr:0.0 yaw:0.0] 
1622507042087 [vl:0.0 vr:0.0 yaw:0.0] 
1622507042139 [vl:0.0 vr:0.0 yaw:0.0] 
1622507042206 [vl:0.0 vr:0.0 yaw:0.0] 
1622507042237 [vl:0.0 vr:0.0 yaw:0.0] 
1622507042297 [vl:0.0 vr:0.0 yaw:0.0] 
1622507042337 [vl:0.0 vr:0.0 yaw:0.0] 
1622507042393 [vl:0.0 vr:0.0 yaw:0.0] 
1622507042443 [vl:0.0 vr:0.0 yaw:0.0] 
1622507042485 [vl:0.0 vr:0.0 yaw:0.0] 
1622507042538 [vl:0.0 vr:0.0 yaw:0.0] 
1622507042589 [vl:0.0 vr:0.0 yaw:0.0] 
1622507042637 [vl:0.0 vr:0.0 yaw:0.0] 
1622507042685 [vl:0.0 vr:0.0 yaw:0.0] 
1622507042737 [vl:0.0 vr:0.0 yaw:0.0] 
1622507042786 [vl:0.0 vr:0.0 yaw:0.0] 
1622507042837 [vl:0.0 vr:0.0 yaw:0.0] 
1622507042892 [vl:0.0 vr:0.0 yaw:0.0] 
1622507042937 [vl:0.0 vr:0.0 yaw:0.0] 
1622507043001 [vl:0.0 vr:0.0 yaw:0.0] 
1622507043042 [vl:0.0 vr:0.0 yaw:0.0] 
1622507043093 [vl:0.0 vr:0.0 yaw:0.0] 
1622507043137 [vl:0.0 vr:0.0 yaw:0.0] 
1622507043185 [vl:0.0 vr:0.0 yaw:0.0] 
1622507043237 [vl:0.0 vr:0.0 yaw:0.0] 
1622507043286 [vl:0.0 vr:0.0 yaw:0.0] 
1622507043338 [vl:0.0 vr:0.0 yaw:0.0] 
1622507043386 [vl:0.0 vr:0.0 yaw:0.0] 
1622507043447 [vl:0.0 vr:0.0 yaw:0.0] 
1622507043486 [vl:0.0 vr:0.0 yaw:0.0] 
1622507043542 [vl:0.0 vr:0.0 yaw:0.0] 
1622507043593 [vl:0.0 vr:0.0 yaw:0.0] 
1622507043654 [vl:0.0 vr:0.0 yaw:0.0] 
1622507043695 [vl:0.0 vr:0.0 yaw:0.0] 
1622507043738 [vl:0.0 vr:0.0 yaw:0.0] 
1622507043797 [vl:0.0 vr:0.0 yaw:0.0] 
1622507043846 [vl:0.0 vr:0.0 yaw:0.0] 
1622507043889 [vl:0.0 vr:0.0 yaw:0.0] 
1622507043937 [vl:0.0 vr:0.0 yaw:0.0] 
1622507043985 [vl:0.0 vr:0.0 yaw:0.0] 
1622507044037 [vl:0.0 vr:0.0 yaw:0.0] 
1622507044085 [vl:0.0 vr:0.0 yaw:0.0] 
1622507044141 [vl:0.0 vr:0.0 yaw:0.0] 
1622507044185 [vl:0.0 vr:0.0 yaw:0.0] 
1622507044243 [vl:0.0 vr:0.0 yaw:0.0] 
1622507044293 [vl:0.0 vr:0.0 yaw:0.0] 
1622507044337 [vl:0.0 vr:0.0 yaw:0.0] 
1622507044385 [vl:0.0 vr:0.0 yaw:0.0] 
1622507044437 [vl:0.0 vr:0.0 yaw:0.0] 
1622507044490 [vl:0.0 vr:0.0 yaw:0.0] 
1622507044570 [vl:0.0 vr:0.0 yaw:0.0] 
1622507044591 [vl:0.0 vr:0.0 yaw:0.0] 
1622507044639 [vl:0.0 vr:0.0 yaw:0.0] 
1622507044777 [vl:0.0 vr:0.0 yaw:0.0] 
1622507044794 [vl:0.0 vr:0.0 yaw:0.0] 
1622507044810 [vl:0.0 vr:0.0 yaw:0.0] 
1622507044839 [vl:0.0 vr:0.0 yaw:0.0] 
1622507044887 [vl:0.0 vr:0.0 yaw:0.0] 
1622507044937 [vl:0.0 vr:0.0 yaw:0.0] 
1622507045021 [vl:0.0 vr:0.0 yaw:0.0] 
1622507045037 [vl:0.0 vr:0.0 yaw:0.0] 
1622507045091 [vl:0.0 vr:0.0 yaw:0.0] 
1622507045159 [vl:0.0 vr:0.0 yaw:0.0] 
1622507045199 [vl:0.0 vr:0.0 yaw:0.0] 
1622507045238 [vl:0.0 vr:0.0 yaw:0.0] 
1622507045310 [vl:0.0 vr:0.0 yaw:0.0] 
1622507045349 [vl:0.0 vr:0.0 yaw:0.0] 
1622507045389 [vl:0.0 vr:0.0 yaw:0.0] 
1622507045442 [vl:0.0 vr:0.0 yaw:0.0] 
1622507045508 [vl:0.0 vr:0.0 yaw:0.0] 
1622507045545 [vl:0.0 vr:0.0 yaw:0.0] 
1622507045603 [vl:0.0 vr:0.0 yaw:0.0] 
1622507045681 [vl:0.0 vr:0.0 yaw:0.0] 
1622507045718 [vl:0.0 vr:0.0 yaw:0.0] 
1622507045759 [vl:0.0 vr:0.0 yaw:0.0] 
1622507045794 [vl:0.0 vr:0.0 yaw:0.0] 
1622507045864 [vl:0.0 vr:0.0 yaw:0.0] 
1622507045887 [vl:0.0 vr:0.0 yaw:0.0] 
1622507045938 [vl:0.0 vr:0.0 yaw:0.0] 
1622507045989 [vl:0.0 vr:0.0 yaw:0.0] 
1622507046043 [vl:0.0 vr:0.0 yaw:0.0] 
1622507046085 [vl:0.0 vr:0.0 yaw:0.0] 
1622507046138 [vl:0.0 vr:0.0 yaw:0.0] 
1622507046190 [vl:0.0 vr:0.0 yaw:0.0] 
1622507046237 [vl:0.0 vr:0.0 yaw:0.0] 
1622507046300 [vl:0.0 vr:0.0 yaw:0.0] 
1622507046359 [vl:0.0 vr:0.0 yaw:0.0] 
1622507046405 [vl:0.0 vr:0.0 yaw:0.0] 
1622507046482 [vl:0.0 vr:0.0 yaw:0.0] 
1622507046503 [vl:0.0 vr:0.0 yaw:0.0] 
1622507046557 [vl:0.0 vr:0.0 yaw:0.0] 
1622507046611 [vl:0.0 vr:0.0 yaw:0.0] 
1622507046637 [vl:0.0 vr:0.0 yaw:0.0] 
1622507046693 [vl:0.0 vr:0.0 yaw:0.0] 
1622507046744 [vl:0.0 vr:0.0 yaw:0.0] 
1622507046785 [vl:0.0 vr:0.0 yaw:0.0] 
1622507046839 [vl:0.0 vr:0.0 yaw:0.0] 
1622507046885 [vl:0.0 vr:0.0 yaw:0.0] 
1622507046937 [vl:0.0 vr:0.0 yaw:0.0] 
1622507046986 [vl:0.0 vr:0.0 yaw:0.0] 
1622507047038 [vl:0.0 vr:0.0 yaw:0.0] 
1622507047085 [vl:0.0 vr:0.0 yaw:0.0] 
1622507047168 [vl:0.0 vr:0.0 yaw:0.0] 
1622507047207 [vl:0.0 vr:0.0 yaw:0.0] 
1622507047245 [vl:0.0 vr:0.0 yaw:0.0] 
1622507047309 [vl:0.0 vr:0.0 yaw:0.0] 
1622507047337 [vl:0.0 vr:0.0 yaw:0.0] 
1622507047385 [vl:0.0 vr:0.0 yaw:0.0] 
1622507047453 [vl:0.0 vr:0.0 yaw:0.0] 
1622507047486 [vl:0.0 vr:0.0 yaw:0.0] 
1622507047538 [vl:0.0 vr:0.0 yaw:0.0] 
1622507047590 [vl:0.0 vr:0.0 yaw:0.0] 
1622507047637 [vl:0.0 vr:0.0 yaw:0.0] 
1622507047692 [vl:0.0 vr:0.0 yaw:0.0] 
1622507047737 [vl:0.0 vr:0.0 yaw:0.0] 
1622507047789 [vl:0.0 vr:0.0 yaw:0.0] 
1622507047838 [vl:0.0 vr:0.0 yaw:0.0] 
1622507047905 [vl:0.0 vr:0.0 yaw:0.0] 
1622507047941 [vl:0.0 vr:0.0 yaw:0.0] 
1622507047985 [vl:0.0 vr:0.0 yaw:0.0] 
1622507048037 [vl:0.0 vr:0.0 yaw:0.0] 
1622507048093 [vl:0.0 vr:0.0 yaw:0.0] 
1622507048164 [vl:0.0 vr:0.0 yaw:0.0] 
1622507048209 [vl:0.0 vr:0.0 yaw:0.0] 
1622507048241 [vl:0.0 vr:0.0 yaw:0.0] 
1622507048289 [vl:0.0 vr:0.0 yaw:0.0] 
1622507048343 [vl:0.0 vr:0.0 yaw:0.0] 
1622507048390 [vl:0.0 vr:0.0 yaw:0.0] 
1622507048445 [vl:0.0 vr:0.0 yaw:0.0] 
1622507048499 [vl:0.0 vr:0.0 yaw:0.0] 
1622507048538 [vl:0.0 vr:0.0 yaw:0.0] 
1622507048585 [vl:0.0 vr:0.0 yaw:0.0] 
1622507048638 [vl:0.0 vr:0.0 yaw:0.0] 
1622507048734 [vl:0.0 vr:0.0 yaw:0.0] 
1622507048773 [vl:0.0 vr:0.0 yaw:0.0] 
1622507048802 [vl:0.0 vr:0.0 yaw:0.0] 
1622507048838 [vl:0.0 vr:0.0 yaw:0.0] 
1622507048886 [vl:0.0 vr:0.0 yaw:0.0] 
1622507048954 [vl:0.0 vr:0.0 yaw:0.0] 
1622507048994 [vl:0.0 vr:0.0 yaw:0.0] 
1622507049064 [vl:0.0 vr:0.0 yaw:0.0] 
1622507049089 [vl:0.0 vr:0.0 yaw:0.0] 
1622507049141 [vl:0.0 vr:0.0 yaw:0.0] 
1622507049186 [vl:0.0 vr:0.0 yaw:0.0] 
1622507049238 [vl:0.0 vr:0.0 yaw:0.0] 
1622507049341 [vl:0.0 vr:0.0 yaw:0.0] 
1622507049356 [vl:0.0 vr:0.0 yaw:0.0] 
1622507049399 [vl:0.0 vr:0.0 yaw:0.0] 
1622507049438 [vl:0.0 vr:0.0 yaw:0.0] 
1622507049485 [vl:0.0 vr:0.0 yaw:0.0] 
1622507049538 [vl:0.0 vr:0.0 yaw:0.0] 
1622507049586 [vl:0.0 vr:0.0 yaw:0.0] 
1622507049638 [vl:0.0 vr:0.0 yaw:0.0] 
1622507049685 [vl:0.0 vr:0.0 yaw:0.0] 
1622507049737 [vl:0.0 vr:0.0 yaw:0.0] 
1622507049787 [vl:0.0 vr:0.0 yaw:0.0] 
1622507049837 [vl:0.0 vr:0.0 yaw:0.0] 
1622507049886 [vl:0.0 vr:0.0 yaw:0.0] 
1622507049937 [vl:0.0 vr:0.0 yaw:0.0] 
1622507049989 [vl:0.0 vr:0.0 yaw:0.0] 
1622507050037 [vl:0.0 vr:0.0 yaw:0.0] 
1622507050085 [vl:0.0 vr:0.0 yaw:0.0] 
1622507050137 [vl:0.0 vr:0.0 yaw:0.0] 
1622507050195 [vl:0.0 vr:0.0 yaw:0.0] 
1622507050237 [vl:0.0 vr:0.0 yaw:0.0] 
1622507050285 [vl:0.0 vr:0.0 yaw:0.0] 
1622507050340 [vl:0.0 vr:0.0 yaw:0.0] 
1622507050385 [vl:0.0 vr:0.0 yaw:0.0] 
1622507050469 [vl:0.0 vr:0.0 yaw:0.0] 
1622507050503 [vl:0.0 vr:0.0 yaw:0.0] 
1622507050545 [vl:0.0 vr:0.0 yaw:0.0] 
1622507050586 [vl:0.0 vr:0.0 yaw:0.0] 
1622507050638 [vl:0.0 vr:0.0 yaw:0.0] 
1622507050686 [vl:0.0 vr:0.0 yaw:0.0] 
1622507050742 [vl:0.0 vr:0.0 yaw:0.0] 
1622507050786 [vl:0.0 vr:0.0 yaw:0.0] 
1622507050839 [vl:0.0 vr:0.0 yaw:0.0] 
1622507050887 [vl:0.0 vr:0.0 yaw:0.0] 
1622507050938 [vl:0.0 vr:0.0 yaw:0.0] 
1622507050985 [vl:0.0 vr:0.0 yaw:0.0] 
1622507051037 [vl:0.0 vr:0.0 yaw:0.0] 
1622507051086 [vl:0.0 vr:0.0 yaw:0.0] 
1622507051137 [vl:0.0 vr:0.0 yaw:0.0] 
1622507051189 [vl:0.0 vr:0.0 yaw:0.0] 
1622507051238 [vl:0.0 vr:0.0 yaw:0.0] 
1622507051286 [vl:0.0 vr:0.0 yaw:0.0] 
1622507051337 [vl:0.0 vr:0.0 yaw:0.0] 
1622507051385 [vl:0.0 vr:0.0 yaw:0.0] 
1622507051438 [vl:0.0 vr:0.0 yaw:0.0] 
1622507051493 [vl:0.0 vr:0.0 yaw:0.0] 
1622507051541 [vl:0.0 vr:0.0 yaw:0.0] 
1622507051589 [vl:0.0 vr:0.0 yaw:0.0] 
1622507051638 [vl:0.0 vr:0.0 yaw:0.0] 
1622507051686 [vl:0.0 vr:0.0 yaw:0.0] 
1622507051744 [vl:0.0 vr:0.0 yaw:0.0] 
1622507051826 [vl:0.0 vr:0.0 yaw:0.0] 
1622507051871 [vl:0.0 vr:0.0 yaw:0.0] 
1622507051921 [vl:0.0 vr:0.0 yaw:0.0] 
1622507051949 [vl:0.0 vr:0.0 yaw:0.0] 
1622507051986 [vl:0.0 vr:0.0 yaw:0.0] 
1622507052037 [vl:0.0 vr:0.0 yaw:0.0] 
1622507052130 [vl:0.0 vr:0.0 yaw:0.0] 
1622507052175 [vl:0.0 vr:0.0 yaw:0.0] 
1622507052190 [vl:0.0 vr:0.0 yaw:0.0] 
1622507052249 [vl:0.0 vr:0.0 yaw:0.0] 
1622507052296 [vl:0.0 vr:0.0 yaw:0.0] 
1622507052338 [vl:0.0 vr:0.0 yaw:0.0] 
1622507052404 [vl:0.0 vr:0.0 yaw:0.0] 
1622507052438 [vl:0.0 vr:0.0 yaw:0.0] 
1622507052497 [vl:0.0 vr:0.0 yaw:0.0] 
1622507052549 [vl:0.0 vr:0.0 yaw:0.0] 
1622507052611 [vl:0.0 vr:0.0 yaw:0.0] 
1622507052683 [vl:0.0 vr:0.0 yaw:0.0] 
1622507052698 [vl:0.0 vr:0.0 yaw:0.0] 
1622507052747 [vl:0.0 vr:0.0 yaw:0.0] 
1622507052786 [vl:0.0 vr:0.0 yaw:0.0] 
1622507052842 [vl:0.0 vr:0.0 yaw:0.0] 
1622507052885 [vl:0.0 vr:0.0 yaw:0.0] 
1622507052937 [vl:0.0 vr:0.0 yaw:0.0] 
1622507052990 [vl:0.0 vr:0.0 yaw:0.0] 
1622507053038 [vl:0.0 vr:0.0 yaw:0.0] 
1622507053086 [vl:0.0 vr:0.0 yaw:0.0] 
1622507053137 [vl:0.0 vr:0.0 yaw:0.0] 
1622507053185 [vl:0.0 vr:0.0 yaw:0.0] 
1622507053239 [vl:0.0 vr:0.0 yaw:0.0] 
1622507053286 [vl:0.0 vr:0.0 yaw:0.0] 
1622507053339 [vl:0.0 vr:0.0 yaw:0.0] 
1622507053385 [vl:0.0 vr:0.0 yaw:0.0] 
1622507053443 [vl:0.0 vr:0.0 yaw:0.0] 
1622507053496 [vl:0.0 vr:0.0 yaw:0.0] 
1622507053541 [vl:0.0 vr:0.0 yaw:0.0] 
1622507053585 [vl:0.0 vr:0.0 yaw:0.0] 
1622507053658 [vl:0.0 vr:0.0 yaw:0.0] 
1622507053704 [vl:0.0 vr:0.0 yaw:0.0] 
1622507053741 [vl:0.0 vr:0.0 yaw:0.0] 
1622507053787 [vl:0.0 vr:0.0 yaw:0.0] 
1622507053842 [vl:0.0 vr:0.0 yaw:0.0] 
1622507053885 [vl:0.0 vr:0.0 yaw:0.0] 
1622507053929 [vl:0.0 vr:0.0 yaw:0.0] 
1622507053985 [vl:0.0 vr:0.0 yaw:0.0] 
1622507054037 [vl:0.0 vr:0.0 yaw:0.0] 
1622507054098 [vl:0.0 vr:0.0 yaw:0.0] 
1622507054141 [vl:0.0 vr:0.0 yaw:0.0] 
1622507054186 [vl:0.0 vr:0.0 yaw:0.0] 
1622507054253 [vl:0.0 vr:0.0 yaw:0.0] 
1622507054290 [vl:0.0 vr:0.0 yaw:0.0] 
1622507054338 [vl:0.0 vr:0.0 yaw:0.0] 
1622507054386 [vl:0.0 vr:0.0 yaw:0.0] 
1622507054437 [vl:0.0 vr:0.0 yaw:0.0] 
1622507054486 [vl:0.0 vr:0.0 yaw:0.0] 
1622507054537 [vl:0.0 vr:0.0 yaw:0.0] 
1622507054594 [vl:0.0 vr:0.0 yaw:0.0] 
1622507054647 [vl:0.0 vr:0.0 yaw:0.0] 
1622507054729 [vl:0.0 vr:0.0 yaw:0.0] 
1622507054747 [vl:0.0 vr:0.0 yaw:0.0] 
1622507054785 [vl:0.0 vr:0.0 yaw:0.0] 
1622507054859 [vl:0.0 vr:0.0 yaw:0.0] 
1622507054904 [vl:0.0 vr:0.0 yaw:0.0] 
1622507054941 [vl:0.0 vr:0.0 yaw:0.0] 
1622507055003 [vl:0.0 vr:0.0 yaw:0.0] 
1622507055041 [vl:0.0 vr:0.0 yaw:0.0] 
1622507055089 [vl:0.0 vr:0.0 yaw:0.0] 
1622507055182 [vl:0.0 vr:0.0 yaw:0.0] 
1622507055193 [vl:0.0 vr:0.0 yaw:0.0] 
1622507055247 [vl:0.0 vr:0.0 yaw:0.0] 
1622507055285 [vl:0.0 vr:0.0 yaw:0.0] 
1622507055346 [vl:0.0 vr:0.0 yaw:0.0] 
1622507055404 [vl:0.0 vr:0.0 yaw:0.0] 
1622507055439 [vl:0.0 vr:0.0 yaw:0.0] 
1622507055506 [vl:0.0 vr:0.0 yaw:0.0] 
1622507055537 [vl:0.0 vr:0.0 yaw:0.0] 
1622507055586 [vl:0.0 vr:0.0 yaw:0.0] 
1622507055637 [vl:0.0 vr:0.0 yaw:0.0] 
1622507055689 [vl:0.0 vr:0.0 yaw:0.0] 
1622507055748 [vl:0.0 vr:0.0 yaw:0.0] 
1622507055840 [vl:0.0 vr:0.0 yaw:0.0] 
1622507055862 [vl:0.0 vr:0.0 yaw:0.0] 
1622507055886 [vl:0.0 vr:0.0 yaw:0.0] 
1622507055937 [vl:0.0 vr:0.0 yaw:0.0] 
1622507055987 [vl:0.0 vr:0.0 yaw:0.0] 
1622507056053 [vl:0.0 vr:0.0 yaw:0.0] 
1622507056110 [vl:0.0 vr:0.0 yaw:0.0] 
1622507056137 [vl:0.0 vr:0.0 yaw:0.0] 
1622507056185 [vl:0.0 vr:0.0 yaw:0.0] 
1622507056251 [vl:0.0 vr:0.0 yaw:0.0] 
1622507056329 [vl:0.0 vr:0.0 yaw:0.0] 
1622507056342 [vl:0.0 vr:0.0 yaw:0.0] 
1622507056390 [vl:0.0 vr:0.0 yaw:0.0] 
1622507056437 [vl:0.0 vr:0.0 yaw:0.0] 
1622507056485 [vl:0.0 vr:0.0 yaw:0.0] 
1622507056542 [vl:0.0 vr:0.0 yaw:0.0] 
1622507056611 [vl:0.0 vr:0.0 yaw:0.0] 
1622507056684 [vl:0.0 vr:0.0 yaw:0.0] 
1622507056698 [vl:0.0 vr:0.0 yaw:0.0] 
1622507056738 [vl:0.0 vr:0.0 yaw:0.0] 
1622507056785 [vl:0.0 vr:0.0 yaw:0.0] 
1622507056868 [vl:0.0 vr:0.0 yaw:0.0] 
1622507056943 [vl:0.0 vr:0.0 yaw:0.0] 
1622507056950 [vl:0.0 vr:0.0 yaw:0.0] 
1622507056991 [vl:0.0 vr:0.0 yaw:0.0] 
1622507057038 [vl:0.0 vr:0.0 yaw:0.0] 
1622507057085 [vl:0.0 vr:0.0 yaw:0.0] 
1622507057138 [vl:0.0 vr:0.0 yaw:0.0] 
1622507057205 [vl:0.0 vr:0.0 yaw:0.0] 
1622507057257 [vl:0.0 vr:0.0 yaw:0.0] 
1622507057285 [vl:0.0 vr:0.0 yaw:0.0] 
1622507057337 [vl:0.0 vr:0.0 yaw:0.0] 
1622507057389 [vl:0.0 vr:0.0 yaw:0.0] 
1622507057442 [vl:0.0 vr:0.0 yaw:0.0] 
1622507057485 [vl:0.0 vr:0.0 yaw:0.0] 
1622507057565 [vl:0.0 vr:0.0 yaw:0.0] 
1622507057586 [vl:0.0 vr:0.0 yaw:0.0] 
1622507057640 [vl:0.0 vr:0.0 yaw:0.0] 
1622507057685 [vl:0.0 vr:0.0 yaw:0.0] 
1622507057738 [vl:0.0 vr:0.0 yaw:0.0] 
1622507057786 [vl:0.0 vr:0.0 yaw:0.0] 
1622507057837 [vl:0.0 vr:0.0 yaw:0.0] 
1622507057912 [vl:0.0 vr:0.0 yaw:0.0] 
1622507057941 [vl:0.0 vr:0.0 yaw:0.0] 
1622507057997 [vl:0.0 vr:0.0 yaw:0.0] 
1622507058037 [vl:0.0 vr:0.0 yaw:0.0] 
1622507058086 [vl:0.0 vr:0.0 yaw:0.0] 
1622507058137 [vl:0.0 vr:0.0 yaw:0.0] 
1622507058202 [vl:0.0 vr:0.0 yaw:0.0] 
1622507058265 [vl:0.0 vr:0.0 yaw:0.0] 
1622507058306 [vl:0.0 vr:0.0 yaw:0.0] 
1622507058341 [vl:0.0 vr:0.0 yaw:0.0] 
1622507058417 [vl:0.0 vr:0.0 yaw:0.0] 
1622507058441 [vl:0.0 vr:0.0 yaw:0.0] 
1622507058489 [vl:0.0 vr:0.0 yaw:0.0] 
1622507058538 [vl:0.0 vr:0.0 yaw:0.0] 
1622507058586 [vl:0.0 vr:0.0 yaw:0.0] 
1622507058638 [vl:0.0 vr:0.0 yaw:0.0] 
1622507058691 [vl:0.0 vr:0.0 yaw:0.0] 
1622507058738 [vl:0.0 vr:0.0 yaw:0.0] 
1622507058787 [vl:0.0 vr:0.0 yaw:0.0] 
1622507058837 [vl:0.0 vr:0.0 yaw:0.0] 
1622507058885 [vl:0.0 vr:0.0 yaw:0.0] 
1622507058943 [vl:0.0 vr:0.0 yaw:0.0] 
1622507058985 [vl:0.0 vr:0.0 yaw:0.0] 
1622507059039 [vl:0.0 vr:0.0 yaw:0.0] 
1622507059106 [vl:0.0 vr:0.0 yaw:0.0] 
1622507059138 [vl:0.0 vr:0.0 yaw:0.0] 
1622507059186 [vl:0.0 vr:0.0 yaw:0.0] 
1622507059237 [vl:0.0 vr:0.0 yaw:0.0] 
1622507059285 [vl:0.0 vr:0.0 yaw:0.0] 
1622507059337 [vl:0.0 vr:0.0 yaw:0.0] 
1622507059450 [vl:0.0 vr:0.0 yaw:0.0] 
1622507059463 [vl:0.0 vr:0.0 yaw:0.0] 
1622507059490 [vl:0.0 vr:0.0 yaw:0.0] 
1622507059538 [vl:0.0 vr:0.0 yaw:0.0] 
1622507059585 [vl:0.0 vr:0.0 yaw:0.0] 
1622507059641 [vl:0.0 vr:0.0 yaw:0.0] 
1622507059686 [vl:0.0 vr:0.0 yaw:0.0] 
1622507059737 [vl:0.0 vr:0.0 yaw:0.0] 
1622507059779 [vl:0.0 vr:0.0 yaw:0.0] 
1622507059837 [vl:0.0 vr:0.0 yaw:0.0] 
1622507059885 [vl:0.0 vr:0.0 yaw:0.0] 
1622507059938 [vl:0.0 vr:0.0 yaw:0.0] 
1622507059989 [vl:0.0 vr:0.0 yaw:0.0] 
1622507060037 [vl:0.0 vr:0.0 yaw:0.0] 
1622507060090 [vl:0.0 vr:0.0 yaw:0.0] 
1622507060137 [vl:0.0 vr:0.0 yaw:0.0] 
1622507060185 [vl:0.0 vr:0.0 yaw:0.0] 
1622507060249 [vl:0.0 vr:0.0 yaw:0.0] 
1622507060305 [vl:0.0 vr:0.0 yaw:0.0] 
1622507060337 [vl:0.0 vr:0.0 yaw:0.0] 
1622507060385 [vl:0.0 vr:0.0 yaw:0.0] 
1622507060437 [vl:0.0 vr:0.0 yaw:0.0] 
1622507060550 [vl:0.0 vr:0.0 yaw:0.0] 
1622507060564 [vl:0.0 vr:0.0 yaw:0.0] 
1622507060647 [vl:0.0 vr:0.0 yaw:0.0] 
1622507060674 [vl:0.0 vr:0.0 yaw:0.0] 
1622507060688 [vl:0.0 vr:0.0 yaw:0.0] 
1622507060738 [vl:0.0 vr:0.0 yaw:0.0] 
1622507060785 [vl:0.0 vr:0.0 yaw:0.0] 
1622507060837 [vl:0.0 vr:0.0 yaw:0.0] 
1622507060885 [vl:0.0 vr:0.0 yaw:0.0] 
1622507060965 [vl:0.0 vr:0.0 yaw:0.0] 
1622507060985 [vl:0.0 vr:0.0 yaw:0.0] 
1622507061041 [vl:0.0 vr:0.0 yaw:0.0] 
1622507061097 [vl:0.0 vr:0.0 yaw:0.0] 
1622507061159 [vl:0.0 vr:0.0 yaw:0.0] 
1622507061198 [vl:0.0 vr:0.0 yaw:0.0] 
1622507061248 [vl:0.0 vr:0.0 yaw:0.0] 
1622507061295 [vl:0.0 vr:0.0 yaw:0.0] 
1622507061337 [vl:0.0 vr:0.0 yaw:0.0] 
1622507061386 [vl:0.0 vr:0.0 yaw:0.0] 
1622507061437 [vl:0.0 vr:0.0 yaw:0.0] 
1622507061486 [vl:0.0 vr:0.0 yaw:0.0] 
1622507061537 [vl:0.0 vr:0.0 yaw:0.0] 
1622507061585 [vl:0.0 vr:0.0 yaw:0.0] 
1622507061637 [vl:0.0 vr:0.0 yaw:0.0] 
1622507061688 [vl:0.0 vr:0.0 yaw:0.0] 
1622507061738 [vl:0.0 vr:0.0 yaw:0.0] 
1622507061786 [vl:0.0 vr:0.0 yaw:0.0] 
1622507061837 [vl:0.0 vr:0.0 yaw:0.0] 
1622507061886 [vl:0.0 vr:0.0 yaw:0.0] 
1622507061941 [vl:0.0 vr:0.0 yaw:0.0] 
1622507061993 [vl:0.0 vr:0.0 yaw:0.0] 
1622507062037 [vl:0.0 vr:0.0 yaw:0.0] 
1622507062089 [vl:0.0 vr:0.0 yaw:0.0] 
1622507062138 [vl:0.0 vr:0.0 yaw:0.0] 
1622507062189 [vl:0.0 vr:0.0 yaw:0.0] 
1622507062237 [vl:0.0 vr:0.0 yaw:0.0] 
1622507062295 [vl:0.0 vr:0.0 yaw:0.0] 
1622507062337 [vl:0.0 vr:0.0 yaw:0.0] 
1622507062387 [vl:0.0 vr:0.0 yaw:0.0] 
1622507062474 [vl:0.0 vr:0.0 yaw:0.0] 
1622507062552 [vl:0.0 vr:0.0 yaw:0.0] 
1622507062577 [vl:0.0 vr:0.0 yaw:0.0] 
1622507062593 [vl:0.0 vr:0.0 yaw:0.0] 
1622507062637 [vl:0.0 vr:0.0 yaw:0.0] 
1622507062686 [vl:0.0 vr:0.0 yaw:0.0] 
1622507062739 [vl:0.0 vr:0.0 yaw:0.0] 
1622507062785 [vl:0.0 vr:0.0 yaw:0.0] 
1622507062837 [vl:0.0 vr:0.0 yaw:0.0] 
1622507062889 [vl:0.0 vr:0.0 yaw:0.0] 
1622507062937 [vl:0.0 vr:0.0 yaw:0.0] 
1622507062985 [vl:0.0 vr:0.0 yaw:0.0] 
1622507063042 [vl:0.0 vr:0.0 yaw:0.0] 
1622507063085 [vl:0.0 vr:0.0 yaw:0.0] 
1622507063138 [vl:0.0 vr:0.0 yaw:0.0] 
1622507063187 [vl:0.0 vr:0.0 yaw:0.0] 
1622507063238 [vl:0.0 vr:0.0 yaw:0.0] 
1622507063290 [vl:0.0 vr:0.0 yaw:0.0] 
1622507063343 [vl:0.0 vr:0.0 yaw:0.0] 
1622507063389 [vl:0.0 vr:0.0 yaw:0.0] 
1622507063449 [vl:0.0 vr:0.0 yaw:0.0] 
1622507063489 [vl:0.0 vr:0.0 yaw:0.0] 
1622507063537 [vl:0.0 vr:0.0 yaw:0.0] 
1622507063585 [vl:0.0 vr:0.0 yaw:0.0] 
1622507063637 [vl:0.0 vr:0.0 yaw:0.0] 
1622507063685 [vl:0.0 vr:0.0 yaw:0.0] 
1622507063737 [vl:0.0 vr:0.0 yaw:0.0] 
1622507063792 [vl:0.0 vr:0.0 yaw:0.0] 
1622507063850 [vl:0.0 vr:0.0 yaw:0.0] 
1622507063893 [vl:0.0 vr:0.0 yaw:0.0] 
1622507063942 [vl:0.0 vr:0.0 yaw:0.0] 
1622507063986 [vl:0.0 vr:0.0 yaw:0.0] 
1622507064049 [vl:0.0 vr:0.0 yaw:0.0] 
1622507064091 [vl:0.0 vr:0.0 yaw:0.0] 
1622507064139 [vl:0.0 vr:0.0 yaw:0.0] 
1622507064185 [vl:0.0 vr:0.0 yaw:0.0] 
1622507064237 [vl:0.0 vr:0.0 yaw:0.0] 
1622507064286 [vl:0.0 vr:0.0 yaw:0.0] 
1622507064337 [vl:0.0 vr:0.0 yaw:0.0] 
1622507064405 [vl:0.0 vr:0.0 yaw:0.0] 
1622507064437 [vl:0.0 vr:0.0 yaw:0.0] 
1622507064485 [vl:0.0 vr:0.0 yaw:0.0] 
1622507064539 [vl:0.0 vr:0.0 yaw:0.0] 
1622507064593 [vl:0.0 vr:0.0 yaw:0.0] 
1622507064637 [vl:0.0 vr:0.0 yaw:0.0] 
1622507064686 [vl:0.0 vr:0.0 yaw:0.0] 
1622507064737 [vl:0.0 vr:0.0 yaw:0.0] 
1622507064785 [vl:0.0 vr:0.0 yaw:0.0] 
1622507064843 [vl:0.0 vr:0.0 yaw:0.0] 
1622507064885 [vl:0.0 vr:0.0 yaw:0.0] 
1622507064938 [vl:0.0 vr:0.0 yaw:0.0] 
1622507064986 [vl:0.0 vr:0.0 yaw:0.0] 
1622507065038 [vl:0.0 vr:0.0 yaw:0.0] 
1622507065085 [vl:0.0 vr:0.0 yaw:0.0] 
1622507065141 [vl:0.0 vr:0.0 yaw:0.0] 
1622507065190 [vl:0.0 vr:0.0 yaw:0.0] 
1622507065242 [vl:0.0 vr:0.0 yaw:0.0] 
1622507065302 [vl:0.0 vr:0.0 yaw:0.0] 
1622507065338 [vl:0.0 vr:0.0 yaw:0.0] 
1622507065385 [vl:0.0 vr:0.0 yaw:0.0] 
1622507065437 [vl:0.0 vr:0.0 yaw:0.0] 
1622507065486 [vl:0.0 vr:0.0 yaw:0.0] 
1622507065538 [vl:0.0 vr:0.0 yaw:0.0] 
1622507065591 [vl:0.0 vr:0.0 yaw:0.0] 
1622507065638 [vl:0.0 vr:0.0 yaw:0.0] 
1622507065686 [vl:0.0 vr:0.0 yaw:0.0] 
1622507065738 [vl:0.0 vr:0.0 yaw:0.0] 
1622507065785 [vl:0.0 vr:0.0 yaw:0.0] 
1622507065863 [vl:0.0 vr:0.0 yaw:0.0] 
1622507065897 [vl:0.0 vr:0.0 yaw:0.0] 
1622507065938 [vl:0.0 vr:0.0 yaw:0.0] 
1622507065997 [vl:0.0 vr:0.0 yaw:0.0] 
1622507066038 [vl:0.0 vr:0.0 yaw:0.0] 
1622507066086 [vl:0.0 vr:0.0 yaw:0.0] 
1622507066138 [vl:0.0 vr:0.0 yaw:0.0] 
1622507066190 [vl:0.0 vr:0.0 yaw:0.0] 
1622507066238 [vl:0.0 vr:0.0 yaw:0.0] 
1622507066290 [vl:0.0 vr:0.0 yaw:0.0] 
1622507066338 [vl:0.0 vr:0.0 yaw:0.0] 
1622507066385 [vl:0.0 vr:0.0 yaw:0.0] 
1622507066437 [vl:0.0 vr:0.0 yaw:0.0] 
1622507066498 [vl:0.0 vr:0.0 yaw:0.0] 
1622507066537 [vl:0.0 vr:0.0 yaw:0.0] 
1622507066590 [vl:0.0 vr:0.0 yaw:0.0] 
1622507066638 [vl:0.0 vr:0.0 yaw:0.0] 
1622507066695 [vl:0.0 vr:0.0 yaw:0.0] 
1622507066741 [vl:0.0 vr:0.0 yaw:0.0] 
1622507066785 [vl:0.0 vr:0.0 yaw:0.0] 
1622507066838 [vl:0.0 vr:0.0 yaw:0.0] 
1622507066886 [vl:0.0 vr:0.0 yaw:0.0] 
1622507066940 [vl:0.0 vr:0.0 yaw:0.0] 
1622507066987 [vl:0.0 vr:0.0 yaw:0.0] 
1622507067037 [vl:0.0 vr:0.0 yaw:0.0] 
1622507067085 [vl:0.0 vr:0.0 yaw:0.0] 
1622507067150 [vl:0.0 vr:0.0 yaw:0.0] 
1622507067187 [vl:0.0 vr:0.0 yaw:0.0] 
1622507067237 [vl:0.0 vr:0.0 yaw:0.0] 
1622507067286 [vl:0.0 vr:0.0 yaw:0.0] 
1622507067337 [vl:0.0 vr:0.0 yaw:0.0] 
1622507067385 [vl:0.0 vr:0.0 yaw:0.0] 
1622507067437 [vl:0.0 vr:0.0 yaw:0.0] 
1622507067486 [vl:0.0 vr:0.0 yaw:0.0] 
1622507067540 [vl:0.0 vr:0.0 yaw:0.0] 
1622507067586 [vl:0.0 vr:0.0 yaw:0.0] 
1622507067637 [vl:0.0 vr:0.0 yaw:0.0] 
1622507067699 [vl:0.0 vr:0.0 yaw:0.0] 
1622507067738 [vl:0.0 vr:0.0 yaw:0.0] 
1622507067786 [vl:0.0 vr:0.0 yaw:0.0] 
1622507067845 [vl:0.0 vr:0.0 yaw:0.0] 
1622507067893 [vl:0.0 vr:0.0 yaw:0.0] 
1622507067938 [vl:0.0 vr:0.0 yaw:0.0] 
1622507067986 [vl:0.0 vr:0.0 yaw:0.0] 
1622507068037 [vl:0.0 vr:0.0 yaw:0.0] 
1622507068086 [vl:0.0 vr:0.0 yaw:0.0] 
1622507068147 [vl:0.0 vr:0.0 yaw:0.0] 
1622507068192 [vl:0.0 vr:0.0 yaw:0.0] 
1622507068238 [vl:0.0 vr:0.0 yaw:0.0] 
1622507068286 [vl:0.0 vr:0.0 yaw:0.0] 
1622507068337 [vl:0.0 vr:0.0 yaw:0.0] 
1622507068385 [vl:0.0 vr:0.0 yaw:0.0] 
1622507068450 [vl:0.0 vr:0.0 yaw:0.0] 
1622507068486 [vl:0.0 vr:0.0 yaw:0.0] 
1622507068549 [vl:0.0 vr:0.0 yaw:0.0] 
1622507068586 [vl:0.0 vr:0.0 yaw:0.0] 
1622507068637 [vl:0.0 vr:0.0 yaw:0.0] 
1622507068688 [vl:0.0 vr:0.0 yaw:0.0] 
1622507068737 [vl:0.0 vr:0.0 yaw:0.0] 
1622507068790 [vl:0.0 vr:0.0 yaw:0.0] 
1622507068850 [vl:0.0 vr:0.0 yaw:0.0] 
1622507068890 [vl:0.0 vr:0.0 yaw:0.0] 
1622507068937 [vl:0.0 vr:0.0 yaw:0.0] 
1622507068986 [vl:0.0 vr:0.0 yaw:0.0] 
1622507069037 [vl:0.0 vr:0.0 yaw:0.0] 
1622507069117 [vl:0.0 vr:0.0 yaw:0.0] 
1622507069137 [vl:0.0 vr:0.0 yaw:0.0] 
1622507069190 [vl:0.0 vr:0.0 yaw:0.0] 
1622507069245 [vl:0.0 vr:0.0 yaw:0.0] 
1622507069301 [vl:0.0 vr:0.0 yaw:0.0] 
1622507069345 [vl:0.0 vr:0.0 yaw:0.0] 
1622507069386 [vl:0.0 vr:0.0 yaw:0.0] 
1622507069439 [vl:0.0 vr:0.0 yaw:0.0] 
1622507069489 [vl:0.0 vr:0.0 yaw:0.0] 
1622507069540 [vl:0.0 vr:0.0 yaw:0.0] 
1622507069587 [vl:0.0 vr:0.0 yaw:0.0] 
1622507069649 [vl:0.0 vr:0.0 yaw:0.0] 
1622507069687 [vl:0.0 vr:0.0 yaw:0.0] 
1622507069738 [vl:0.0 vr:0.0 yaw:0.0] 
1622507069808 [vl:0.0 vr:0.0 yaw:0.0] 
1622507069865 [vl:0.0 vr:0.0 yaw:0.0] 
1622507069903 [vl:0.0 vr:0.0 yaw:0.0] 
1622507070041 [vl:0.0 vr:0.0 yaw:0.0] 
1622507070053 [vl:0.0 vr:0.0 yaw:0.0] 
1622507070069 [vl:0.0 vr:0.0 yaw:0.0] 
1622507070089 [vl:0.0 vr:0.0 yaw:0.0] 
1622507070140 [vl:0.0 vr:0.0 yaw:0.0] 
1622507070186 [vl:0.0 vr:0.0 yaw:0.0] 
1622507070239 [vl:0.0 vr:0.0 yaw:0.0] 
1622507070294 [vl:0.0 vr:0.0 yaw:0.0] 
1622507070403 [vl:0.0 vr:0.0 yaw:0.0] 
1622507070424 [vl:0.0 vr:0.0 yaw:0.0] 
1622507070438 [vl:0.0 vr:0.0 yaw:0.0] 
1622507070704 [vl:0.0 vr:0.0 yaw:0.0] 
1622507070734 [vl:0.0 vr:0.0 yaw:0.0] 
1622507070811 [vl:0.0 vr:0.0 yaw:0.0] 
1622507070841 [vl:0.0 vr:0.0 yaw:0.0] 
1622507071153 [vl:0.0 vr:0.0 yaw:0.0] 
1622507071183 [vl:0.0 vr:0.0 yaw:0.0] 
1622507071217 [vl:0.0 vr:0.0 yaw:0.0] 
1622507071266 [vl:0.0 vr:0.0 yaw:0.0] 
1622507071317 [vl:0.0 vr:0.0 yaw:0.0] 
1622507071371 [vl:0.0 vr:0.0 yaw:0.0] 
1622507071425 [vl:0.0 vr:0.0 yaw:0.0] 
1622507071465 [vl:0.0 vr:0.0 yaw:0.0] 
1622507071521 [vl:0.0 vr:0.0 yaw:0.0] 
1622507071565 [vl:0.0 vr:0.0 yaw:0.0] 
1622507071619 [vl:0.0 vr:0.0 yaw:0.0] 
1622507071668 [vl:0.0 vr:0.0 yaw:0.0] 
1622507071733 [vl:0.0 vr:0.0 yaw:0.0] 
1622507071773 [vl:0.0 vr:0.0 yaw:0.0] 
1622507071840 [vl:0.0 vr:0.0 yaw:0.0] 
1622507071858 [vl:0.0 vr:0.0 yaw:0.0] 
1622507071917 [vl:0.0 vr:0.0 yaw:0.0] 
1622507071981 [vl:0.0 vr:0.0 yaw:0.0] 
1622507072046 [vl:0.0 vr:0.0 yaw:0.0] 
1622507072105 [vl:0.0 vr:0.0 yaw:0.0] 
1622507072117 [vl:0.0 vr:0.0 yaw:0.0] 
1622507072189 [vl:0.0 vr:0.0 yaw:0.0] 
1622507072218 [vl:0.0 vr:0.0 yaw:0.0] 
1622507072269 [vl:0.0 vr:0.0 yaw:0.0] 
1622507072318 [vl:0.0 vr:0.0 yaw:0.0] 
1622507072365 [vl:0.0 vr:0.0 yaw:0.0] 
1622507072417 [vl:0.0 vr:0.0 yaw:0.0] 
1622507072469 [vl:0.0 vr:0.0 yaw:0.0] 
1622507072517 [vl:0.0 vr:0.0 yaw:0.0] 
1622507072573 [vl:0.0 vr:0.0 yaw:0.0] 
1622507072645 [vl:0.0 vr:0.0 yaw:0.0] 
1622507072696 [vl:0.0 vr:0.0 yaw:0.0] 
1622507072729 [vl:0.0 vr:0.0 yaw:0.0] 
1622507072797 [vl:0.0 vr:0.0 yaw:0.0] 
1622507072890 [vl:0.0 vr:0.0 yaw:0.0] 
1622507072901 [vl:0.0 vr:0.0 yaw:0.0] 
1622507072922 [vl:0.0 vr:0.0 yaw:0.0] 
1622507072997 [vl:0.0 vr:0.0 yaw:0.0] 
1622507073067 [vl:0.0 vr:0.0 yaw:0.0] 
1622507073104 [vl:0.0 vr:0.0 yaw:0.0] 
1622507073125 [vl:0.0 vr:0.0 yaw:0.0] 
1622507073204 [vl:0.0 vr:0.0 yaw:0.0] 
1622507073218 [vl:0.0 vr:0.0 yaw:0.0] 
1622507073268 [vl:0.0 vr:0.0 yaw:0.0] 
1622507073336 [vl:0.0 vr:0.0 yaw:0.0] 
1622507073390 [vl:0.0 vr:0.0 yaw:0.0] 
1622507073413 [vl:0.0 vr:0.0 yaw:0.0] 
1622507073465 [vl:0.0 vr:0.0 yaw:0.0] 
1622507073526 [vl:0.0 vr:0.0 yaw:0.0] 
1622507073566 [vl:0.0 vr:0.0 yaw:0.0] 
1622507073621 [vl:0.0 vr:0.0 yaw:0.0] 
1622507073668 [vl:0.0 vr:0.0 yaw:0.0] 
1622507073720 [vl:0.0 vr:0.0 yaw:0.0] 
1622507074011 [vl:0.0 vr:0.0 yaw:0.0] 
1622507074034 [vl:0.0 vr:0.0 yaw:0.0] 
1622507074085 [vl:0.0 vr:0.0 yaw:0.0] 
1622507074187 [vl:0.0 vr:0.0 yaw:0.0] 
1622507074208 [vl:0.0 vr:0.0 yaw:0.0] 
1622507074241 [vl:0.0 vr:0.0 yaw:0.0] 
1622507074286 [vl:0.0 vr:0.0 yaw:0.0] 
1622507074337 [vl:0.0 vr:0.0 yaw:0.0] 
1622507074404 [vl:0.0 vr:0.0 yaw:0.0] 
1622507074433 [vl:0.0 vr:0.0 yaw:0.0] 
1622507074485 [vl:0.0 vr:0.0 yaw:0.0] 
1622507074533 [vl:0.0 vr:0.0 yaw:0.0] 
1622507074585 [vl:0.0 vr:0.0 yaw:0.0] 
1622507074633 [vl:0.0 vr:0.0 yaw:0.0] 
1622507074701 [vl:0.0 vr:0.0 yaw:0.0] 
1622507074737 [vl:0.0 vr:0.0 yaw:0.0] 
1622507074787 [vl:0.0 vr:0.0 yaw:0.0] 
1622507074833 [vl:0.0 vr:0.0 yaw:0.0] 
1622507074885 [vl:0.0 vr:0.0 yaw:0.0] 
1622507074943 [vl:0.0 vr:0.0 yaw:0.0] 
1622507074986 [vl:0.0 vr:0.0 yaw:0.0] 
1622507075034 [vl:0.0 vr:0.0 yaw:0.0] 
1622507075085 [vl:0.0 vr:0.0 yaw:0.0] 
1622507075128 [vl:0.0 vr:0.0 yaw:0.0] 
1622507075178 [vl:0.0 vr:0.0 yaw:0.0] 
1622507075238 [vl:0.0 vr:0.0 yaw:0.0] 
1622507075289 [vl:0.0 vr:0.0 yaw:0.0] 
1622507075333 [vl:0.0 vr:0.0 yaw:0.0] 
1622507075387 [vl:0.0 vr:0.0 yaw:0.0] 
1622507075451 [vl:0.0 vr:0.0 yaw:0.0] 
1622507075491 [vl:0.0 vr:0.0 yaw:0.0] 
1622507075538 [vl:0.0 vr:0.0 yaw:0.0] 
1622507075586 [vl:0.0 vr:0.0 yaw:0.0] 
1622507075641 [vl:0.0 vr:0.0 yaw:0.0] 
1622507075691 [vl:0.0 vr:0.0 yaw:0.0] 
1622507075763 [vl:0.0 vr:0.0 yaw:0.0] 
1622507075778 [vl:0.0 vr:0.0 yaw:0.0] 
1622507075846 [vl:0.0 vr:0.0 yaw:0.0] 
1622507075892 [vl:0.0 vr:0.0 yaw:0.0] 
1622507075940 [vl:0.0 vr:0.0 yaw:0.0] 
1622507076044 [vl:0.0 vr:0.0 yaw:0.0] 
1622507076063 [vl:0.0 vr:0.0 yaw:0.0] 
1622507076103 [vl:0.0 vr:0.0 yaw:0.0] 
1622507076140 [vl:0.0 vr:0.0 yaw:0.0] 
1622507076187 [vl:0.0 vr:0.0 yaw:0.0] 
1622507076241 [vl:0.0 vr:0.0 yaw:0.0] 
1622507076288 [vl:0.0 vr:0.0 yaw:0.0] 
1622507076338 [vl:0.0 vr:0.0 yaw:0.0] 
1622507076385 [vl:0.0 vr:0.0 yaw:0.0] 
1622507076433 [vl:0.0 vr:0.0 yaw:0.0] 
1622507076490 [vl:0.0 vr:0.0 yaw:0.0] 
1622507076539 [vl:0.0 vr:0.0 yaw:0.0] 
1622507076585 [vl:0.0 vr:0.0 yaw:0.0] 
1622507076667 [vl:0.0 vr:0.0 yaw:0.0] 
1622507076718 [vl:0.0 vr:0.0 yaw:0.0] 
1622507076803 [vl:0.0 vr:0.0 yaw:0.0] 
1622507076830 [vl:0.0 vr:0.0 yaw:0.0] 
1622507076866 [vl:0.0 vr:0.0 yaw:0.0] 
1622507076900 [vl:0.0 vr:0.0 yaw:0.0] 
1622507076955 [vl:0.0 vr:0.0 yaw:0.0] 
1622507076987 [vl:0.0 vr:0.0 yaw:0.0] 
1622507077038 [vl:0.0 vr:0.0 yaw:0.0] 
1622507077085 [vl:0.0 vr:0.0 yaw:0.0] 
1622507077137 [vl:0.0 vr:0.0 yaw:0.0] 
1622507077196 [vl:0.0 vr:0.0 yaw:0.0] 
1622507077253 [vl:0.0 vr:0.0 yaw:0.0] 
1622507077285 [vl:0.0 vr:0.0 yaw:0.0] 
1622507077343 [vl:0.0 vr:0.0 yaw:0.0] 
1622507077415 [vl:0.0 vr:0.0 yaw:0.0] 
1622507077443 [vl:0.0 vr:0.0 yaw:0.0] 
1622507077499 [vl:0.0 vr:0.0 yaw:0.0] 
1622507077537 [vl:0.0 vr:0.0 yaw:0.0] 
1622507077589 [vl:0.0 vr:0.0 yaw:0.0] 
1622507077682 [vl:0.0 vr:0.0 yaw:0.0] 
1622507077718 [vl:0.0 vr:0.0 yaw:0.0] 
1622507077759 [vl:0.0 vr:0.0 yaw:0.0] 
1622507077826 [vl:0.0 vr:0.0 yaw:0.0] 
1622507077870 [vl:0.0 vr:0.0 yaw:0.0] 
1622507077898 [vl:0.0 vr:0.0 yaw:0.0] 
1622507077996 [vl:0.0 vr:0.0 yaw:0.0] 
1622507078014 [vl:0.0 vr:0.0 yaw:0.0] 
1622507078037 [vl:0.0 vr:0.0 yaw:0.0] 
1622507078086 [vl:0.0 vr:0.0 yaw:0.0] 
1622507078134 [vl:0.0 vr:0.0 yaw:0.0] 
1622507078187 [vl:0.0 vr:0.0 yaw:0.0] 
1622507078249 [vl:0.0 vr:0.0 yaw:0.0] 
1622507078291 [vl:0.0 vr:0.0 yaw:0.0] 
1622507078345 [vl:0.0 vr:0.0 yaw:0.0] 
1622507078385 [vl:0.0 vr:0.0 yaw:0.0] 
1622507078443 [vl:0.0 vr:0.0 yaw:0.0] 
1622507078521 [vl:0.0 vr:0.0 yaw:0.0] 
1622507078533 [vl:0.0 vr:0.0 yaw:0.0] 
1622507078585 [vl:0.0 vr:0.0 yaw:0.0] 
1622507078657 [vl:0.0 vr:0.0 yaw:0.0] 
1622507078686 [vl:0.0 vr:0.0 yaw:0.0] 
1622507078736 [vl:0.0 vr:0.0 yaw:0.0] 
1622507078793 [vl:0.0 vr:0.0 yaw:0.0] 
1622507078840 [vl:0.0 vr:0.0 yaw:0.0] 
1622507078886 [vl:0.0 vr:0.0 yaw:0.0] 
1622507078941 [vl:0.0 vr:0.0 yaw:0.0] 
1622507078985 [vl:0.0 vr:0.0 yaw:0.0] 
1622507079059 [vl:0.0 vr:0.0 yaw:0.0] 
1622507079085 [vl:0.0 vr:0.0 yaw:0.0] 
1622507079151 [vl:0.0 vr:0.0 yaw:0.0] 
1622507079185 [vl:0.0 vr:0.0 yaw:0.0] 
1622507079234 [vl:0.0 vr:0.0 yaw:0.0] 
1622507079323 [vl:0.0 vr:0.0 yaw:0.0] 
1622507079337 [vl:0.0 vr:0.0 yaw:0.0] 
1622507079389 [vl:0.0 vr:0.0 yaw:0.0] 
1622507079454 [vl:0.0 vr:0.0 yaw:0.0] 
1622507079487 [vl:0.0 vr:0.0 yaw:0.0] 
1622507079538 [vl:0.0 vr:0.0 yaw:0.0] 
1622507079589 [vl:0.0 vr:0.0 yaw:0.0] 
1622507079633 [vl:0.0 vr:0.0 yaw:0.0] 
1622507079690 [vl:0.0 vr:0.0 yaw:0.0] 
1622507079745 [vl:0.0 vr:0.0 yaw:0.0] 
1622507079785 [vl:0.0 vr:0.0 yaw:0.0] 
1622507079918 [vl:0.0 vr:0.0 yaw:0.0] 
1622507079939 [vl:0.0 vr:0.0 yaw:0.0] 
1622507079955 [vl:0.0 vr:0.0 yaw:0.0] 
1622507079985 [vl:0.0 vr:0.0 yaw:0.0] 
1622507080065 [vl:0.0 vr:0.0 yaw:0.0] 
1622507080099 [vl:0.0 vr:0.0 yaw:0.0] 
1622507080133 [vl:0.0 vr:0.0 yaw:0.0] 
1622507080185 [vl:0.0 vr:0.0 yaw:0.0] 
1622507080241 [vl:0.0 vr:0.0 yaw:0.0] 
1622507080383 [vl:0.0 vr:0.0 yaw:0.0] 
1622507080404 [vl:0.0 vr:0.0 yaw:0.0] 
1622507080433 [vl:0.0 vr:0.0 yaw:0.0] 
1622507080449 [vl:0.0 vr:0.0 yaw:0.0] 
1622507080505 [vl:0.0 vr:0.0 yaw:0.0] 
1622507080542 [vl:0.0 vr:0.0 yaw:0.0] 
1622507080669 [vl:0.0 vr:0.0 yaw:0.0] 
1622507080686 [vl:0.0 vr:0.0 yaw:0.0] 
1622507080706 [vl:0.0 vr:0.0 yaw:0.0] 
1622507080753 [vl:0.0 vr:0.0 yaw:0.0] 
1622507080785 [vl:0.0 vr:0.0 yaw:0.0] 
1622507080842 [vl:0.0 vr:0.0 yaw:0.0] 
1622507080966 [vl:0.0 vr:0.0 yaw:0.0] 
1622507080979 [vl:0.0 vr:0.0 yaw:0.0] 
1622507080994 [vl:0.0 vr:0.0 yaw:0.0] 
1622507081041 [vl:0.0 vr:0.0 yaw:0.0] 
1622507081085 [vl:0.0 vr:0.0 yaw:0.0] 
1622507081133 [vl:0.0 vr:0.0 yaw:0.0] 
1622507081189 [vl:0.0 vr:0.0 yaw:0.0] 
1622507081233 [vl:0.0 vr:0.0 yaw:0.0] 
1622507081293 [vl:0.0 vr:0.0 yaw:0.0] 
1622507081340 [vl:0.0 vr:0.0 yaw:0.0] 
1622507081387 [vl:0.0 vr:0.0 yaw:0.0] 
1622507081442 [vl:0.0 vr:0.0 yaw:0.0] 
1622507081501 [vl:0.0 vr:0.0 yaw:0.0] 
1622507081542 [vl:0.0 vr:0.0 yaw:0.0] 
1622507081598 [vl:0.0 vr:0.0 yaw:0.0] 
1622507081650 [vl:0.0 vr:0.0 yaw:0.0] 
1622507081697 [vl:0.0 vr:0.0 yaw:0.0] 
1622507081753 [vl:0.0 vr:0.0 yaw:0.0] 
1622507081788 [vl:0.0 vr:0.0 yaw:0.0] 
1622507081833 [vl:0.0 vr:0.0 yaw:0.0] 
1622507081894 [vl:0.0 vr:0.0 yaw:0.0] 
1622507081947 [vl:0.0 vr:0.0 yaw:0.0] 
1622507081989 [vl:0.0 vr:0.0 yaw:0.0] 
1622507082046 [vl:0.0 vr:0.0 yaw:0.0] 
1622507082088 [vl:0.0 vr:0.0 yaw:0.0] 
1622507082137 [vl:0.0 vr:0.0 yaw:0.0] 
1622507082189 [vl:0.0 vr:0.0 yaw:0.0] 
1622507082237 [vl:0.0 vr:0.0 yaw:0.0] 
1622507082286 [vl:0.0 vr:0.0 yaw:0.0] 
1622507082337 [vl:0.0 vr:0.0 yaw:0.0] 
1622507082385 [vl:0.0 vr:0.0 yaw:0.0] 
1622507082437 [vl:0.0 vr:0.0 yaw:0.0] 
1622507082485 [vl:0.0 vr:0.0 yaw:0.0] 
1622507082533 [vl:0.0 vr:0.0 yaw:0.0] 
1622507082586 [vl:0.0 vr:0.0 yaw:0.0] 
1622507082633 [vl:0.0 vr:0.0 yaw:0.0] 
1622507082682 [vl:0.0 vr:0.0 yaw:0.0] 
1622507082734 [vl:0.0 vr:0.0 yaw:0.0] 
1622507082819 [vl:0.0 vr:0.0 yaw:0.0] 
1622507082833 [vl:0.0 vr:0.0 yaw:0.0] 
1622507082914 [vl:0.0 vr:0.0 yaw:0.0] 
1622507082941 [vl:0.0 vr:0.0 yaw:0.0] 
1622507082997 [vl:0.0 vr:0.0 yaw:0.0] 
1622507083033 [vl:0.0 vr:0.0 yaw:0.0] 
1622507083085 [vl:0.0 vr:0.0 yaw:0.0] 
1622507083166 [vl:0.0 vr:0.0 yaw:0.0] 
1622507083205 [vl:0.0 vr:0.0 yaw:0.0] 
1622507083235 [vl:0.0 vr:0.0 yaw:0.0] 
1622507083313 [vl:0.0 vr:0.0 yaw:0.0] 
1622507083368 [vl:0.0 vr:0.0 yaw:0.0] 
1622507083397 [vl:0.0 vr:0.0 yaw:0.0] 
1622507083445 [vl:0.0 vr:0.0 yaw:0.0] 
1622507083494 [vl:0.0 vr:0.0 yaw:0.0] 
1622507083547 [vl:0.0 vr:0.0 yaw:0.0] 
1622507083596 [vl:0.0 vr:0.0 yaw:0.0] 
1622507083633 [vl:0.0 vr:0.0 yaw:0.0] 
1622507083689 [vl:0.0 vr:0.0 yaw:0.0] 
1622507083733 [vl:0.0 vr:0.0 yaw:0.0] 
1622507083791 [vl:0.0 vr:0.0 yaw:0.0] 
1622507083953 [vl:0.0 vr:0.0 yaw:0.0] 
1622507083980 [vl:0.0 vr:0.0 yaw:0.0] 
1622507083993 [vl:0.0 vr:0.0 yaw:0.0] 
1622507084010 [vl:0.0 vr:0.0 yaw:0.0] 
1622507084034 [vl:0.0 vr:0.0 yaw:0.0] 
1622507084092 [vl:0.0 vr:0.0 yaw:0.0] 
1622507084170 [vl:0.0 vr:0.0 yaw:0.0] 
1622507084189 [vl:0.0 vr:0.0 yaw:0.0] 
1622507084233 [vl:0.0 vr:0.0 yaw:0.0] 
1622507084288 [vl:0.0 vr:0.0 yaw:0.0] 
1622507084333 [vl:0.0 vr:0.0 yaw:0.0] 
1622507084386 [vl:0.0 vr:0.0 yaw:0.0] 
1622507084444 [vl:0.0 vr:0.0 yaw:0.0] 
1622507084494 [vl:0.0 vr:0.0 yaw:0.0] 
1622507084533 [vl:0.0 vr:0.0 yaw:0.0] 
1622507084590 [vl:0.0 vr:0.0 yaw:0.0] 
1622507084638 [vl:0.0 vr:0.0 yaw:0.0] 
1622507084690 [vl:0.0 vr:0.0 yaw:0.0] 
1622507084734 [vl:0.0 vr:0.0 yaw:0.0] 
1622507084789 [vl:0.0 vr:0.0 yaw:0.0] 
1622507084842 [vl:0.0 vr:0.0 yaw:0.0] 
1622507084894 [vl:0.0 vr:0.0 yaw:0.0] 
1622507084933 [vl:0.0 vr:0.0 yaw:0.0] 
1622507084985 [vl:0.0 vr:0.0 yaw:0.0] 
1622507085053 [vl:0.0 vr:0.0 yaw:0.0] 
1622507085090 [vl:0.0 vr:0.0 yaw:0.0] 
1622507085142 [vl:0.0 vr:0.0 yaw:0.0] 
1622507085207 [vl:0.0 vr:0.0 yaw:0.0] 
1622507085242 [vl:0.0 vr:0.0 yaw:0.0] 
1622507085300 [vl:0.0 vr:0.0 yaw:0.0] 
1622507085334 [vl:0.0 vr:0.0 yaw:0.0] 
1622507085395 [vl:0.0 vr:0.0 yaw:0.0] 
1622507085433 [vl:0.0 vr:0.0 yaw:0.0] 
1622507085485 [vl:0.0 vr:0.0 yaw:0.0] 
1622507085533 [vl:0.0 vr:0.0 yaw:0.0] 
1622507085585 [vl:0.0 vr:0.0 yaw:0.0] 
1622507085634 [vl:0.0 vr:0.0 yaw:0.0] 
1622507085699 [vl:0.0 vr:0.0 yaw:0.0] 
1622507085742 [vl:0.0 vr:0.0 yaw:0.0] 
1622507085791 [vl:0.0 vr:0.0 yaw:0.0] 
1622507085833 [vl:0.0 vr:0.0 yaw:0.0] 
1622507085889 [vl:0.0 vr:0.0 yaw:0.0] 
1622507085957 [vl:0.0 vr:0.0 yaw:0.0] 
1622507085989 [vl:0.0 vr:0.0 yaw:0.0] 
1622507086041 [vl:0.0 vr:0.0 yaw:0.0] 
1622507086097 [vl:0.0 vr:0.0 yaw:0.0] 
1622507086161 [vl:0.0 vr:0.0 yaw:0.0] 
1622507086213 [vl:0.0 vr:0.0 yaw:0.0] 
1622507086237 [vl:0.0 vr:0.0 yaw:0.0] 
1622507086302 [vl:0.0 vr:0.0 yaw:0.0] 
1622507086369 [vl:0.0 vr:0.0 yaw:0.0] 
1622507086398 [vl:0.0 vr:0.0 yaw:0.0] 
1622507086434 [vl:0.0 vr:0.0 yaw:0.0] 
1622507086491 [vl:0.0 vr:0.0 yaw:0.0] 
1622507086543 [vl:0.0 vr:0.0 yaw:0.0] 
1622507086588 [vl:0.0 vr:0.0 yaw:0.0] 
1622507086641 [vl:0.0 vr:0.0 yaw:0.0] 
1622507086696 [vl:0.0 vr:0.0 yaw:0.0] 
1622507086748 [vl:0.0 vr:0.0 yaw:0.0] 
1622507086797 [vl:0.0 vr:0.0 yaw:0.0] 
1622507086833 [vl:0.0 vr:0.0 yaw:0.0] 
1622507086885 [vl:0.0 vr:0.0 yaw:0.0] 
1622507086941 [vl:0.0 vr:0.0 yaw:0.0] 
1622507086985 [vl:0.0 vr:0.0 yaw:0.0] 
1622507087034 [vl:0.0 vr:0.0 yaw:0.0] 
1622507087090 [vl:0.0 vr:0.0 yaw:0.0] 
1622507087137 [vl:0.0 vr:0.0 yaw:0.0] 
1622507087185 [vl:0.0 vr:0.0 yaw:0.0] 
1622507087250 [vl:0.0 vr:0.0 yaw:0.0] 
1622507087334 [vl:0.0 vr:0.0 yaw:0.0] 
1622507087366 [vl:0.0 vr:0.0 yaw:0.0] 
1622507087388 [vl:0.0 vr:0.0 yaw:0.0] 
1622507087433 [vl:0.0 vr:0.0 yaw:0.0] 
1622507087485 [vl:0.0 vr:0.0 yaw:0.0] 
1622507087533 [vl:0.0 vr:0.0 yaw:0.0] 
1622507087587 [vl:0.0 vr:0.0 yaw:0.0] 
1622507087635 [vl:0.0 vr:0.0 yaw:0.0] 
1622507087686 [vl:0.0 vr:0.0 yaw:0.0] 
1622507087739 [vl:0.0 vr:0.0 yaw:0.0] 
1622507087810 [vl:0.0 vr:0.0 yaw:0.0] 
1622507087834 [vl:0.0 vr:0.0 yaw:0.0] 
1622507087886 [vl:0.0 vr:0.0 yaw:0.0] 
1622507087933 [vl:0.0 vr:0.0 yaw:0.0] 
1622507087985 [vl:0.0 vr:0.0 yaw:0.0] 
1622507088041 [vl:0.0 vr:0.0 yaw:0.0] 
1622507088089 [vl:0.0 vr:0.0 yaw:0.0] 
1622507088133 [vl:0.0 vr:0.0 yaw:0.0] 
1622507088253 [vl:0.0 vr:0.0 yaw:0.0] 
1622507088271 [vl:0.0 vr:0.0 yaw:0.0] 
1622507088286 [vl:0.0 vr:0.0 yaw:0.0] 
1622507088365 [vl:0.0 vr:0.0 yaw:0.0] 
1622507088398 [vl:0.0 vr:0.0 yaw:0.0] 
1622507088435 [vl:0.0 vr:0.0 yaw:0.0] 
1622507088486 [vl:0.0 vr:0.0 yaw:0.0] 
1622507088533 [vl:0.0 vr:0.0 yaw:0.0] 
1622507088597 [vl:0.0 vr:0.0 yaw:0.0] 
1622507088661 [vl:0.0 vr:0.0 yaw:0.0] 
1622507088685 [vl:0.0 vr:0.0 yaw:0.0] 
1622507088761 [vl:0.0 vr:0.0 yaw:0.0] 
1622507088797 [vl:0.0 vr:0.0 yaw:0.0] 
1622507088853 [vl:0.0 vr:0.0 yaw:0.0] 
1622507088927 [vl:0.0 vr:0.0 yaw:0.0] 
1622507088950 [vl:0.0 vr:0.0 yaw:0.0] 
1622507088990 [vl:0.0 vr:0.0 yaw:0.0] 
1622507089079 [vl:0.0 vr:0.0 yaw:0.0] 
1622507089097 [vl:0.0 vr:0.0 yaw:0.0] 
1622507089141 [vl:0.0 vr:0.0 yaw:0.0] 
1622507089177 [vl:0.0 vr:0.0 yaw:0.0] 
1622507089241 [vl:0.0 vr:0.0 yaw:0.0] 
1622507089289 [vl:0.0 vr:0.0 yaw:0.0] 
1622507089350 [vl:0.0 vr:0.0 yaw:0.0] 
1622507089385 [vl:0.0 vr:0.0 yaw:0.0] 
1622507089443 [vl:0.0 vr:0.0 yaw:0.0] 
1622507089486 [vl:0.0 vr:0.0 yaw:0.0] 
1622507089539 [vl:0.0 vr:0.0 yaw:0.0] 
1622507089593 [vl:0.0 vr:0.0 yaw:0.0] 
1622507089642 [vl:0.0 vr:0.0 yaw:0.0] 
1622507089700 [vl:0.0 vr:0.0 yaw:0.0] 
1622507089742 [vl:0.0 vr:0.0 yaw:0.0] 
1622507089787 [vl:0.0 vr:0.0 yaw:0.0] 
1622507089837 [vl:0.0 vr:0.0 yaw:0.0] 
1622507089896 [vl:0.0 vr:0.0 yaw:0.0] 
1622507089941 [vl:0.0 vr:0.0 yaw:0.0] 
1622507089987 [vl:0.0 vr:0.0 yaw:0.0] 
1622507090035 [vl:0.0 vr:0.0 yaw:0.0] 
1622507090093 [vl:0.0 vr:0.0 yaw:0.0] 
1622507090141 [vl:0.0 vr:0.0 yaw:0.0] 
1622507090186 [vl:0.0 vr:0.0 yaw:0.0] 
1622507090238 [vl:0.0 vr:0.0 yaw:0.0] 
1622507090285 [vl:0.0 vr:0.0 yaw:0.0] 
1622507090334 [vl:0.0 vr:0.0 yaw:0.0] 
1622507090387 [vl:0.0 vr:0.0 yaw:0.0] 
1622507090434 [vl:0.0 vr:0.0 yaw:0.0] 
1622507090489 [vl:0.0 vr:0.0 yaw:0.0] 
1622507090533 [vl:0.0 vr:0.0 yaw:0.0] 
1622507090587 [vl:0.0 vr:0.0 yaw:0.0] 
1622507090634 [vl:0.0 vr:0.0 yaw:0.0] 
1622507090685 [vl:0.0 vr:0.0 yaw:0.0] 
1622507090734 [vl:0.0 vr:0.0 yaw:0.0] 
1622507090787 [vl:0.0 vr:0.0 yaw:0.0] 
1622507090843 [vl:0.0 vr:0.0 yaw:0.0] 
1622507090885 [vl:0.0 vr:0.0 yaw:0.0] 
1622507090934 [vl:0.0 vr:0.0 yaw:0.0] 
1622507090996 [vl:0.0 vr:0.0 yaw:0.0] 
1622507091035 [vl:0.0 vr:0.0 yaw:0.0] 
1622507091096 [vl:0.0 vr:0.0 yaw:0.0] 
1622507091157 [vl:0.0 vr:0.0 yaw:0.0] 
1622507091186 [vl:0.0 vr:0.0 yaw:0.0] 
1622507091233 [vl:0.0 vr:0.0 yaw:0.0] 
1622507091301 [vl:0.0 vr:0.0 yaw:0.0] 
1622507091361 [vl:0.0 vr:0.0 yaw:0.0] 
