1621266378993 [Opening serial port: /dev/ttyTHS1.] 
1621266379299 [The robot is connected to ] [/dev/ttyTHS1] 
1621266379299 [Initial robot's topic...] 
1621266379306 [Start initializing navigation] 
1621266379307 [Start initializing navigation topic] 
1621266379381 [Initialization navigation topic finished] 
1621266379405 [Initialization navigation finished] 
1621266379511 [Update odom] 
1621266379524 [vx:0.0 vy:0.0 yaw:-2.84059013365] 
1621266379611 [Update odom] 
1621266379624 [vx:0.0 vy:0.0 yaw:-2.82442437578] 
1621266379710 [Update odom] 
1621266379724 [vx:0.0 vy:0.0 yaw:-2.83151584038] 
1621266379810 [Update odom] 
1621266379824 [vx:0.0 vy:0.0 yaw:-2.83592603981] 
1621266379910 [Update odom] 
1621266379924 [vx:0.0 vy:0.0 yaw:-2.83917527101] 
1621266380010 [Update odom] 
1621266380023 [vx:0.0 vy:0.0 yaw:-2.84107653914] 
1621266380110 [Update odom] 
1621266380124 [vx:0.0 vy:0.0 yaw:-2.84301092008] 
1621266380212 [Update odom] 
1621266380225 [vx:0.0 vy:0.0 yaw:-2.83871999971] 
1621266380310 [Update odom] 
1621266380324 [vx:0.0 vy:0.0 yaw:-2.84405512929] 
1621266380410 [Update odom] 
1621266380423 [vx:0.0 vy:0.0 yaw:-2.84738257294] 
1621266380510 [Update odom] 
1621266380524 [vx:0.0 vy:0.0 yaw:-2.84632757095] 
1621266380613 [Update odom] 
1621266380624 [vx:0.0 vy:0.0 yaw:-2.83093867717] 
1621266380710 [Update odom] 
1621266380726 [vx:0.0 vy:0.0 yaw:-2.81382313851] 
1621266380811 [Update odom] 
1621266380824 [vx:0.0 vy:0.0 yaw:-2.81741373365] 
1621266380910 [Update odom] 
1621266380923 [vx:0.0 vy:0.0 yaw:-2.82600655759] 
1621266381010 [Update odom] 
1621266381024 [vx:0.0 vy:0.0 yaw:-2.84433903484] 
1621266381110 [Update odom] 
1621266381127 [vx:0.0 vy:0.0 yaw:-2.85493660822] 
1621266381210 [Update odom] 
1621266381225 [vx:0.0 vy:0.0 yaw:-2.84965642688] 
1621266381310 [Update odom] 
1621266381323 [vx:0.0 vy:0.0 yaw:-2.8534226348] 
1621266381410 [Update odom] 
1621266381425 [vx:0.0 vy:0.0 yaw:-2.86303701982] 
1621266381510 [Update odom] 
1621266381539 [vx:0.0 vy:0.0 yaw:-2.86356586077] 
1621266381610 [Update odom] 
1621266381624 [vx:0.0 vy:0.0 yaw:-2.85953387963] 
1621266381710 [Update odom] 
1621266381724 [vx:0.0 vy:0.0 yaw:-2.87022645126] 
1621266381810 [Update odom] 
1621266381824 [vx:0.0 vy:0.0 yaw:-2.86147036869] 
1621266381910 [Update odom] 
1621266381924 [vx:0.0 vy:0.0 yaw:-2.8449227388] 
1621266382010 [Update odom] 
1621266382026 [vx:0.0 vy:0.0 yaw:-2.83702729857] 
1621266382111 [Update odom] 
1621266382124 [vx:0.0 vy:0.0 yaw:-2.83844246567] 
1621266382210 [Update odom] 
1621266382224 [vx:0.0 vy:0.0 yaw:-2.82541741204] 
1621266382310 [Update odom] 
1621266382324 [vx:0.0 vy:0.0 yaw:-2.8339317088] 
1621266382410 [Update odom] 
1621266382425 [vx:0.0 vy:0.0 yaw:-2.84260389088] 
1621266382511 [Update odom] 
1621266382524 [vx:0.0 vy:0.0 yaw:-2.84345521661] 
1621266382610 [Update odom] 
1621266382624 [vx:0.0 vy:0.0 yaw:-2.83994770297] 
1621266382710 [Update odom] 
1621266382724 [vx:0.0 vy:0.0 yaw:-2.85023713081] 
1621266382810 [Update odom] 
1621266382824 [vx:0.0 vy:0.0 yaw:-2.85959322952] 
1621266382911 [Update odom] 
1621266382924 [vx:0.0 vy:0.0 yaw:-2.86705857078] 
1621266383010 [Update odom] 
1621266383023 [vx:0.0 vy:0.0 yaw:-2.86802908639] 
1621266383110 [Update odom] 
1621266383124 [vx:0.0 vy:0.0 yaw:-2.86228060208] 
1621266383210 [Update odom] 
1621266383226 [vx:0.0 vy:0.0 yaw:-2.84702941665] 
1621266383310 [Update odom] 
1621266383324 [vx:0.0 vy:0.0 yaw:-2.83365231548] 
1621266383410 [Update odom] 
1621266383424 [vx:0.0 vy:0.0 yaw:-2.82350892781] 
1621266383510 [Update odom] 
1621266383525 [vx:0.0 vy:0.0 yaw:-2.81496031515] 
1621266383610 [Update odom] 
1621266383626 [vx:0.0 vy:0.0 yaw:-2.80731004851] 
1621266383711 [Update odom] 
1621266383724 [vx:0.0 vy:0.0 yaw:-2.80252229389] 
1621266383810 [Update odom] 
1621266383824 [vx:0.0 vy:0.0 yaw:-2.79928733377] 
1621266383910 [Update odom] 
1621266383924 [vx:0.0 vy:0.0 yaw:-2.79675031669] 
1621266384010 [Update odom] 
1621266384024 [vx:0.0 vy:0.0 yaw:-2.80006599407] 
1621266384110 [Update odom] 
1621266384124 [vx:0.0 vy:0.0 yaw:-2.80590090456] 
1621266384210 [Update odom] 
1621266384223 [vx:0.0 vy:0.0 yaw:-2.81434785172] 
1621266384310 [Update odom] 
1621266384323 [vx:0.0 vy:0.0 yaw:-2.80405014762] 
1621266384411 [Update odom] 
1621266384424 [vx:0.0 vy:0.0 yaw:-2.79964640376] 
1621266384510 [Update odom] 
1621266384524 [vx:0.0 vy:0.0 yaw:-2.80455908737] 
1621266384611 [Update odom] 
1621266384625 [vx:0.0 vy:0.0 yaw:-2.810086932] 
1621266384710 [Update odom] 
1621266384724 [vx:0.0 vy:0.0 yaw:-2.80639179302] 
1621266384810 [Update odom] 
1621266384823 [vx:0.0 vy:0.0 yaw:-2.80807391444] 
1621266384910 [Update odom] 
1621266384923 [vx:0.0 vy:0.0 yaw:-2.81152179536] 
1621266385010 [Update odom] 
1621266385026 [vx:0.0 vy:0.0 yaw:-2.80637484159] 
1621266385111 [Update odom] 
1621266385125 [vx:0.0 vy:0.0 yaw:-2.79678103223] 
1621266385210 [Update odom] 
1621266385224 [vx:0.0 vy:0.0 yaw:-2.78433517242] 
1621266385310 [Update odom] 
1621266385326 [vx:0.0 vy:0.0 yaw:-2.79222448464] 
1621266385410 [Update odom] 
1621266385423 [vx:0.0 vy:0.0 yaw:-2.80035666346] 
1621266385515 [Update odom] 
1621266385527 [vx:0.0 vy:0.0 yaw:-2.81094528624] 
1621266385610 [Update odom] 
1621266385623 [vx:0.0 vy:0.0 yaw:-2.82064643824] 
1621266385711 [Update odom] 
1621266385727 [vx:0.0 vy:0.0 yaw:-2.83094923025] 
1621266385810 [Update odom] 
1621266385824 [vx:0.0 vy:0.0 yaw:-2.83776414568] 
1621266385910 [Update odom] 
1621266385928 [vx:0.0 vy:0.0 yaw:-2.83521594088] 
1621266386011 [Update odom] 
1621266386024 [vx:0.0 vy:0.0 yaw:-2.8357214328] 
1621266386110 [Update odom] 
1621266386124 [vx:0.0 vy:0.0 yaw:-2.83348623747] 
1621266386221 [Update odom] 
1621266386231 [vx:0.0 vy:0.0 yaw:-2.82561340664] 
1621266386310 [Update odom] 
1621266386324 [vx:0.0 vy:0.0 yaw:-2.82060800231] 
1621266386410 [Update odom] 
1621266386424 [vx:0.0 vy:0.0 yaw:-2.82503298357] 
1621266386510 [Update odom] 
1621266386524 [vx:0.0 vy:0.0 yaw:-2.83140261235] 
1621266386610 [Update odom] 
1621266386624 [vx:0.0 vy:0.0 yaw:-2.83401339121] 
1621266386711 [Update odom] 
1621266386735 [vx:0.0 vy:0.0 yaw:-2.83351848376] 
1621266386813 [Update odom] 
1621266386824 [vx:0.0 vy:0.0 yaw:-2.82826172563] 
1621266386911 [Update odom] 
1621266386932 [vx:0.0 vy:0.0 yaw:-2.83489265321] 
1621266387011 [Update odom] 
1621266387024 [vx:0.0 vy:0.0 yaw:-2.84596335682] 
1621266387110 [Update odom] 
1621266387123 [vx:0.0 vy:0.0 yaw:-2.8590504825] 
1621266387211 [Update odom] 
1621266387228 [vx:0.0 vy:0.0 yaw:-2.86678979217] 
1621266387311 [Update odom] 
1621266387323 [vx:0.0 vy:0.0 yaw:-2.85704673492] 
1621266387410 [Update odom] 
1621266387423 [vx:0.0 vy:0.0 yaw:-2.86279152298] 
1621266387510 [Update odom] 
1621266387531 [vx:0.0 vy:0.0 yaw:-2.86154832543] 
1621266387610 [Update odom] 
1621266387624 [vx:0.0 vy:0.0 yaw:-2.84725387673] 
1621266387710 [Update odom] 
1621266387724 [vx:0.0 vy:0.0 yaw:-2.83522958021] 
1621266387811 [Update odom] 
1621266387824 [vx:0.0 vy:0.0 yaw:-2.82290499945] 
1621266387910 [Update odom] 
1621266387924 [vx:0.0 vy:0.0 yaw:-2.80446681702] 
1621266388012 [Update odom] 
1621266388024 [vx:0.0 vy:0.0 yaw:-2.80239576163] 
1621266388110 [Update odom] 
1621266388124 [vx:0.0 vy:0.0 yaw:-2.80429045308] 
1621266388210 [Update odom] 
1621266388249 [vx:0.0 vy:0.0 yaw:-2.81136473119] 
1621266388317 [Update odom] 
1621266388328 [vx:0.0 vy:0.0 yaw:-2.82384769724] 
1621266388410 [Update odom] 
1621266388424 [vx:0.0 vy:0.0 yaw:-2.82240705747] 
1621266388512 [Update odom] 
1621266388523 [vx:0.0 vy:0.0 yaw:-2.81609567282] 
1621266388611 [Update odom] 
1621266388623 [vx:0.0 vy:0.0 yaw:-2.80896493087] 
1621266388710 [Update odom] 
1621266388724 [vx:0.0 vy:0.0 yaw:-2.8180335831] 
1621266388811 [Update odom] 
1621266388824 [vx:0.0 vy:0.0 yaw:-2.82799503393] 
1621266388913 [Update odom] 
1621266388923 [vx:0.0 vy:0.0 yaw:-2.82681652703] 
1621266389010 [Update odom] 
1621266389024 [vx:0.0 vy:0.0 yaw:-2.8304434854] 
1621266389110 [Update odom] 
1621266389124 [vx:0.0 vy:0.0 yaw:-2.83361395291] 
1621266389211 [Update odom] 
1621266389228 [vx:0.0 vy:0.0 yaw:-2.83476945933] 
1621266389310 [Update odom] 
1621266389324 [vx:0.0 vy:0.0 yaw:-2.83427289083] 
1621266389410 [Update odom] 
1621266389424 [vx:0.0 vy:0.0 yaw:-2.83585222967] 
1621266389510 [Update odom] 
1621266389524 [vx:0.0 vy:0.0 yaw:-2.83691345676] 
1621266389610 [Update odom] 
1621266389623 [vx:0.0 vy:0.0 yaw:-2.83796270469] 
1621266389710 [Update odom] 
1621266389724 [vx:0.0 vy:0.0 yaw:-2.8405147476] 
1621266389810 [Update odom] 
1621266389824 [vx:0.0 vy:0.0 yaw:-2.85244255859] 
1621266389910 [Update odom] 
1621266389925 [vx:0.0 vy:0.0 yaw:-2.84549312258] 
1621266390010 [Update odom] 
1621266390027 [vx:0.0 vy:0.0 yaw:-2.8378252654] 
1621266390110 [Update odom] 
1621266390124 [vx:0.0 vy:0.0 yaw:-2.83558049632] 
1621266390211 [Update odom] 
1621266390224 [vx:0.0 vy:0.0 yaw:-2.83846477708] 
1621266390311 [Update odom] 
1621266390324 [vx:0.0 vy:0.0 yaw:-2.84005246477] 
1621266390411 [Update odom] 
1621266390424 [vx:0.0 vy:0.0 yaw:-2.83400440744] 
1621266390511 [Update odom] 
1621266390527 [vx:0.0 vy:0.0 yaw:-2.82864512582] 
1621266390610 [Update odom] 
1621266390624 [vx:0.0 vy:0.0 yaw:-2.82820211091] 
1621266390710 [Update odom] 
1621266390724 [vx:0.0 vy:0.0 yaw:-2.83171119614] 
1621266390811 [Update odom] 
1621266390817 [vx:0.0 vy:0.0 yaw:-2.83580741938] 
1621266390911 [Update odom] 
1621266390924 [vx:0.0 vy:0.0 yaw:-2.82655834958] 
1621266391011 [Update odom] 
1621266391025 [vx:0.0 vy:0.0 yaw:-2.82612412955] 
1621266391110 [Update odom] 
1621266391124 [vx:0.0 vy:0.0 yaw:-2.82990443803] 
1621266391211 [Update odom] 
1621266391224 [vx:0.0 vy:0.0 yaw:-2.83409276802] 
1621266391310 [Update odom] 
1621266391323 [vx:0.0 vy:0.0 yaw:-2.84503468565] 
1621266391410 [Update odom] 
1621266391424 [vx:0.0 vy:0.0 yaw:-2.85228088632] 
1621266391510 [Update odom] 
1621266391524 [vx:0.0 vy:0.0 yaw:-2.85790035457] 
1621266391610 [Update odom] 
1621266391626 [vx:0.0 vy:0.0 yaw:-2.85422591829] 
1621266391711 [Update odom] 
1621266391724 [vx:0.0 vy:0.0 yaw:-2.84984047503] 
1621266391810 [Update odom] 
1621266391823 [vx:0.0 vy:0.0 yaw:-2.84764517921] 
1621266391911 [Update odom] 
1621266391925 [vx:0.0 vy:0.0 yaw:-2.84607197534] 
1621266392010 [Update odom] 
1621266392024 [vx:0.0 vy:0.0 yaw:-2.84483197812] 
1621266392112 [Update odom] 
1621266392124 [vx:0.0 vy:0.0 yaw:-2.83807524072] 
1621266392210 [Update odom] 
1621266392223 [vx:0.0 vy:0.0 yaw:-2.8329884181] 
1621266392310 [Update odom] 
1621266392324 [vx:0.0 vy:0.0 yaw:-2.8419878671] 
1621266392411 [Update odom] 
1621266392424 [vx:0.0 vy:0.0 yaw:-2.84914552137] 
1621266392511 [Update odom] 
1621266392525 [vx:0.0 vy:0.0 yaw:-2.85896904087] 
1621266392611 [Update odom] 
1621266392624 [vx:0.0 vy:0.0 yaw:-2.85854243766] 
1621266392710 [Update odom] 
1621266392723 [vx:0.0 vy:0.0 yaw:-2.84812620883] 
1621266392810 [Update odom] 
1621266392824 [vx:0.0 vy:0.0 yaw:-2.82777129992] 
1621266392911 [Update odom] 
1621266392925 [vx:0.0 vy:0.0 yaw:-2.8133524558] 
1621266393010 [Update odom] 
1621266393026 [vx:0.0 vy:0.0 yaw:-2.80172880736] 
1621266393110 [Update odom] 
1621266393124 [vx:0.0 vy:0.0 yaw:-2.80163237234] 
1621266393216 [Update odom] 
1621266393227 [vx:0.0 vy:0.0 yaw:-2.80970574257] 
1621266393310 [Update odom] 
1621266393324 [vx:0.0 vy:0.0 yaw:-2.82110646052] 
1621266393411 [Update odom] 
1621266393424 [vx:0.0 vy:0.0 yaw:-2.83140569615] 
1621266393510 [Update odom] 
1621266393528 [vx:0.0 vy:0.0 yaw:-2.83026329785] 
1621266393611 [Update odom] 
1621266393624 [vx:0.0 vy:0.0 yaw:-2.82147369276] 
1621266393711 [Update odom] 
1621266393726 [vx:0.0 vy:0.0 yaw:-2.82013118595] 
1621266393810 [Update odom] 
1621266393825 [vx:0.0 vy:0.0 yaw:-2.8339539865] 
1621266393911 [Update odom] 
1621266393924 [vx:0.0 vy:0.0 yaw:-2.84674967644] 
1621266394010 [Update odom] 
1621266394025 [vx:0.0 vy:0.0 yaw:-2.8408856743] 
1621266394110 [Update odom] 
1621266394124 [vx:0.0 vy:0.0 yaw:-2.84477955169] 
1621266394210 [Update odom] 
1621266394224 [vx:0.0 vy:0.0 yaw:-2.85182064116] 
1621266394310 [Update odom] 
1621266394324 [vx:0.0 vy:0.0 yaw:-2.85543854553] 
1621266394410 [Update odom] 
1621266394424 [vx:0.0 vy:0.0 yaw:-2.84894862277] 
1621266394510 [Update odom] 
1621266394524 [vx:0.0 vy:0.0 yaw:-2.83854522752] 
1621266394610 [Update odom] 
1621266394624 [vx:0.0 vy:0.0 yaw:-2.82590869741] 
1621266394711 [Update odom] 
1621266394724 [vx:0.0 vy:0.0 yaw:-2.82469748662] 
1621266394810 [Update odom] 
1621266394823 [vx:0.0 vy:0.0 yaw:-2.83269690894] 
1621266394911 [Update odom] 
1621266394924 [vx:0.0 vy:0.0 yaw:-2.84655684194] 
1621266395011 [Update odom] 
1621266395028 [vx:0.0 vy:0.0 yaw:-2.83685052986] 
1621266395110 [Update odom] 
1621266395123 [vx:0.0 vy:0.0 yaw:-2.83329808033] 
1621266395211 [Update odom] 
1621266395223 [vx:0.0 vy:0.0 yaw:-2.83299417298] 
1621266395310 [Update odom] 
1621266395324 [vx:0.0 vy:0.0 yaw:-2.84018346403] 
1621266395410 [Update odom] 
1621266395424 [vx:0.0 vy:0.0 yaw:-2.84468775472] 
1621266395511 [Update odom] 
1621266395524 [vx:0.0 vy:0.0 yaw:-2.85096341725] 
1621266395610 [Update odom] 
1621266395623 [vx:0.0 vy:0.0 yaw:-2.8611785848] 
1621266395710 [Update odom] 
1621266395724 [vx:0.0 vy:0.0 yaw:-2.87251967848] 
1621266395810 [Update odom] 
1621266395824 [vx:0.0 vy:0.0 yaw:-2.88225887535] 
1621266395911 [Update odom] 
1621266395927 [vx:0.0 vy:0.0 yaw:-2.89024371482] 
1621266396011 [Update odom] 
1621266396036 [vx:0.0 vy:0.0 yaw:-2.88450019399] 
1621266396110 [Update odom] 
1621266396125 [vx:0.0 vy:0.0 yaw:-2.87679186304] 
1621266396210 [Update odom] 
1621266396228 [vx:0.0 vy:0.0 yaw:-2.87100678533] 
1621266396310 [Update odom] 
1621266396324 [vx:0.0 vy:0.0 yaw:-2.85994818145] 
1621266396410 [Update odom] 
1621266396424 [vx:0.0 vy:0.0 yaw:-2.86290964742] 
1621266396510 [Update odom] 
1621266396524 [vx:0.0 vy:0.0 yaw:-2.84891791038] 
1621266396610 [Update odom] 
1621266396625 [vx:0.0 vy:0.0 yaw:-2.8318806575] 
1621266396710 [Update odom] 
1621266396724 [vx:0.0 vy:0.0 yaw:-2.8165212248] 
1621266396810 [Update odom] 
1621266396823 [vx:0.0 vy:0.0 yaw:-2.8055896402] 
1621266396910 [Update odom] 
1621266396924 [vx:0.0 vy:0.0 yaw:-2.79463551953] 
1621266397010 [Update odom] 
1621266397028 [vx:0.0 vy:0.0 yaw:-2.80446989818] 
1621266397110 [Update odom] 
1621266397124 [vx:0.0 vy:0.0 yaw:-2.81206558592] 
1621266397211 [Update odom] 
1621266397229 [vx:0.0 vy:0.0 yaw:-2.81813226923] 
1621266397310 [Update odom] 
1621266397324 [vx:0.0 vy:0.0 yaw:-2.82448051911] 
1621266397410 [Update odom] 
1621266397424 [vx:0.0 vy:0.0 yaw:-2.83655422786] 
1621266397510 [Update odom] 
1621266397524 [vx:0.0 vy:0.0 yaw:-2.85133538022] 
1621266397612 [Update odom] 
1621266397624 [vx:0.0 vy:0.0 yaw:-2.84598053823] 
1621266397711 [Update odom] 
1621266397724 [vx:0.0 vy:0.0 yaw:-2.84240685208] 
1621266397810 [Update odom] 
1621266397824 [vx:0.0 vy:0.0 yaw:-2.83966033144] 
1621266397910 [Update odom] 
1621266397924 [vx:0.0 vy:0.0 yaw:-2.83715299374] 
1621266398010 [Update odom] 
1621266398024 [vx:0.0 vy:0.0 yaw:-2.8353696039] 
1621266398110 [Update odom] 
1621266398124 [vx:0.0 vy:0.0 yaw:-2.83623620015] 
1621266398210 [Update odom] 
1621266398223 [vx:0.0 vy:0.0 yaw:-2.8312535052] 
1621266398310 [Update odom] 
1621266398324 [vx:0.0 vy:0.0 yaw:-2.82513219868] 
1621266398410 [Update odom] 
1621266398424 [vx:0.0 vy:0.0 yaw:-2.83030192412] 
1621266398510 [Update odom] 
1621266398528 [vx:0.0 vy:0.0 yaw:-2.82610337851] 
1621266398610 [Update odom] 
1621266398624 [vx:0.0 vy:0.0 yaw:-2.82361657266] 
1621266398710 [Update odom] 
1621266398724 [vx:0.0 vy:0.0 yaw:-2.82185836467] 
1621266398810 [Update odom] 
1621266398824 [vx:0.0 vy:0.0 yaw:-2.82454565702] 
1621266398910 [Update odom] 
1621266398924 [vx:0.0 vy:0.0 yaw:-2.83110713349] 
1621266399017 [Update odom] 
1621266399027 [vx:0.0 vy:0.0 yaw:-2.82844121657] 
1621266399110 [Update odom] 
1621266399124 [vx:0.0 vy:0.0 yaw:-2.82700021294] 
1621266399210 [Update odom] 
1621266399224 [vx:0.0 vy:0.0 yaw:-2.83493467316] 
1621266399310 [Update odom] 
1621266399324 [vx:0.0 vy:0.0 yaw:-2.84055675683] 
1621266399410 [Update odom] 
1621266399424 [vx:0.0 vy:0.0 yaw:-2.83579568481] 
1621266399510 [Update odom] 
1621266399524 [vx:0.0 vy:0.0 yaw:-2.82130624617] 
1621266399610 [Update odom] 
1621266399626 [vx:0.0 vy:0.0 yaw:-2.80963334315] 
1621266399710 [Update odom] 
1621266399724 [vx:0.0 vy:0.0 yaw:-2.80573567012] 
1621266399810 [Update odom] 
1621266399824 [vx:0.0 vy:0.0 yaw:-2.80788024569] 
1621266399911 [Update odom] 
1621266399924 [vx:0.0 vy:0.0 yaw:-2.82011779566] 
1621266400010 [Update odom] 
1621266400024 [vx:0.0 vy:0.0 yaw:-2.83554647704] 
1621266400110 [Update odom] 
1621266400124 [vx:0.0 vy:0.0 yaw:-2.85007597606] 
1621266400210 [Update odom] 
1621266400224 [vx:0.0 vy:0.0 yaw:-2.85192375472] 
1621266400310 [Update odom] 
1621266400324 [vx:0.0 vy:0.0 yaw:-2.85120291215] 
1621266400410 [Update odom] 
1621266400426 [vx:0.0 vy:0.0 yaw:-2.84831827899] 
1621266400510 [Update odom] 
1621266400528 [vx:0.0 vy:0.0 yaw:-2.84478922408] 
1621266400610 [Update odom] 
1621266400627 [vx:0.0 vy:0.0 yaw:-2.83969917021] 
1621266400710 [Update odom] 
1621266400724 [vx:0.0 vy:0.0 yaw:-2.83256137434] 
1621266400810 [Update odom] 
1621266400824 [vx:0.0 vy:0.0 yaw:-2.83252374955] 
1621266400910 [Update odom] 
1621266400924 [vx:0.0 vy:0.0 yaw:-2.83506322518] 
1621266401010 [Update odom] 
1621266401024 [vx:0.0 vy:0.0 yaw:-2.83633757392] 
1621266401111 [Update odom] 
1621266401123 [vx:0.0 vy:0.0 yaw:-2.84470150839] 
1621266401210 [Update odom] 
1621266401224 [vx:0.0 vy:0.0 yaw:-2.84549558134] 
1621266401310 [Update odom] 
1621266401325 [vx:0.0 vy:0.0 yaw:-2.83718316843] 
1621266401410 [Update odom] 
1621266401424 [vx:0.0 vy:0.0 yaw:-2.82260396759] 
1621266401510 [Update odom] 
1621266401525 [vx:0.0 vy:0.0 yaw:-2.814690941] 
1621266401610 [Update odom] 
1621266401625 [vx:0.0 vy:0.0 yaw:-2.82410810745] 
1621266401710 [Update odom] 
1621266401732 [vx:0.0 vy:0.0 yaw:-2.82293107526] 
1621266401810 [Update odom] 
1621266401824 [vx:0.0 vy:0.0 yaw:-2.82210742539] 
1621266401910 [Update odom] 
1621266401924 [vx:0.0 vy:0.0 yaw:-2.82501311726] 
1621266402010 [Update odom] 
1621266402025 [vx:0.0 vy:0.0 yaw:-2.82788269188] 
1621266402110 [Update odom] 
1621266402127 [vx:0.0 vy:0.0 yaw:-2.83127766102] 
1621266402210 [Update odom] 
1621266402224 [vx:0.0 vy:0.0 yaw:-2.82397035479] 
1621266402310 [Update odom] 
1621266402324 [vx:0.0 vy:0.0 yaw:-2.81532861876] 
1621266402410 [Update odom] 
1621266402425 [vx:0.0 vy:0.0 yaw:-2.81469291393] 
1621266402511 [Update odom] 
1621266402524 [vx:0.0 vy:0.0 yaw:-2.81813812657] 
1621266402611 [Update odom] 
1621266402625 [vx:0.0 vy:0.0 yaw:-2.81579444484] 
1621266402710 [Update odom] 
1621266402723 [vx:0.0 vy:0.0 yaw:-2.80813618079] 
1621266402810 [Update odom] 
1621266402824 [vx:0.0 vy:0.0 yaw:-2.79615584585] 
1621266402911 [Update odom] 
1621266402926 [vx:0.0 vy:0.0 yaw:-2.7952439145] 
1621266403010 [Update odom] 
1621266403024 [vx:0.0 vy:0.0 yaw:-2.80402711645] 
1621266403110 [Update odom] 
1621266403124 [vx:0.0 vy:0.0 yaw:-2.81049861857] 
1621266403210 [Update odom] 
1621266403224 [vx:0.0 vy:0.0 yaw:-2.80105839792] 
1621266403310 [Update odom] 
1621266403324 [vx:0.0 vy:0.0 yaw:-2.80267510671] 
1621266403410 [Update odom] 
1621266403424 [vx:0.0 vy:0.0 yaw:-2.80504394744] 
1621266403510 [Update odom] 
1621266403524 [vx:0.0 vy:0.0 yaw:-2.7992937004] 
1621266403610 [Update odom] 
1621266403624 [vx:0.0 vy:0.0 yaw:-2.80797188932] 
1621266403710 [Update odom] 
1621266403724 [vx:0.0 vy:0.0 yaw:-2.8191915081] 
1621266403810 [Update odom] 
1621266403824 [vx:0.0 vy:0.0 yaw:-2.83509412358] 
1621266403910 [Update odom] 
1621266403924 [vx:0.0 vy:0.0 yaw:-2.84605752792] 
1621266404010 [Update odom] 
1621266404024 [vx:0.0 vy:0.0 yaw:-2.85467572503] 
1621266404110 [Update odom] 
1621266404124 [vx:0.0 vy:0.0 yaw:-2.86173447029] 
1621266404210 [Update odom] 
1621266404224 [vx:0.0 vy:0.0 yaw:-2.85117061059] 
1621266404310 [Update odom] 
1621266404324 [vx:0.0 vy:0.0 yaw:-2.83363617915] 
1621266404410 [Update odom] 
1621266404423 [vx:0.0 vy:0.0 yaw:-2.82526319599] 
1621266404510 [Update odom] 
1621266404524 [vx:0.0 vy:0.0 yaw:-2.83152962792] 
1621266404610 [Update odom] 
1621266404624 [vx:0.0 vy:0.0 yaw:-2.84380277009] 
1621266404710 [Update odom] 
1621266404724 [vx:0.0 vy:0.0 yaw:-2.85759313559] 
1621266404810 [Update odom] 
1621266404824 [vx:0.0 vy:0.0 yaw:-2.86989803409] 
1621266404910 [Update odom] 
1621266404924 [vx:0.0 vy:0.0 yaw:-2.87413459295] 
1621266405010 [Update odom] 
1621266405024 [vx:0.0 vy:0.0 yaw:-2.86929483427] 
1621266405110 [Update odom] 
1621266405125 [vx:0.0 vy:0.0 yaw:-2.85457181184] 
1621266405210 [Update odom] 
1621266405224 [vx:0.0 vy:0.0 yaw:-2.84104093281] 
1621266405310 [Update odom] 
1621266405324 [vx:0.0 vy:0.0 yaw:-2.84501528152] 
1621266405410 [Update odom] 
1621266405424 [vx:0.0 vy:0.0 yaw:-2.84501340707] 
1621266405510 [Update odom] 
1621266405524 [vx:0.0 vy:0.0 yaw:-2.83897964081] 
1621266405610 [Update odom] 
1621266405624 [vx:0.0 vy:0.0 yaw:-2.8451176533] 
1621266405710 [Update odom] 
1621266405725 [vx:0.0 vy:0.0 yaw:-2.84949914533] 
1621266405810 [Update odom] 
1621266405824 [vx:0.0 vy:0.0 yaw:-2.84101777243] 
1621266405910 [Update odom] 
1621266405924 [vx:0.0 vy:0.0 yaw:-2.82885479622] 
1621266406010 [Update odom] 
1621266406024 [vx:0.0 vy:0.0 yaw:-2.82320961821] 
1621266406110 [Update odom] 
1621266406124 [vx:0.0 vy:0.0 yaw:-2.82961461297] 
1621266406210 [Update odom] 
1621266406224 [vx:0.0 vy:0.0 yaw:-2.83419615539] 
1621266406310 [Update odom] 
1621266406324 [vx:0.0 vy:0.0 yaw:-2.82646109458] 
1621266406410 [Update odom] 
1621266406424 [vx:0.0 vy:0.0 yaw:-2.82606420586] 
1621266406510 [Update odom] 
1621266406523 [vx:0.0 vy:0.0 yaw:-2.83392010505] 
1621266406610 [Update odom] 
1621266406624 [vx:0.0 vy:0.0 yaw:-2.85032751097] 
1621266406710 [Update odom] 
1621266406724 [vx:0.0 vy:0.0 yaw:-2.84767468117] 
1621266406810 [Update odom] 
1621266406824 [vx:0.0 vy:0.0 yaw:-2.84088021007] 
1621266406910 [Update odom] 
1621266406929 [vx:0.0 vy:0.0 yaw:-2.84428833138] 
1621266407010 [Update odom] 
1621266407024 [vx:0.0 vy:0.0 yaw:-2.85741579716] 
1621266407110 [Update odom] 
1621266407124 [vx:0.0 vy:0.0 yaw:-2.87144454926] 
1621266407210 [Update odom] 
1621266407224 [vx:0.0 vy:0.0 yaw:-2.88397142939] 
1621266407310 [Update odom] 
1621266407325 [vx:0.0 vy:0.0 yaw:-2.87967609666] 
1621266407410 [Update odom] 
1621266407425 [vx:0.0 vy:0.0 yaw:-2.86559610336] 
1621266407513 [Update odom] 
1621266407523 [vx:0.0 vy:0.0 yaw:-2.85335789975] 
1621266407610 [Update odom] 
1621266407624 [vx:0.0 vy:0.0 yaw:-2.84840580796] 
1621266407710 [Update odom] 
1621266407720 [vx:0.0 vy:0.0 yaw:-2.85406551123] 
1621266407810 [Update odom] 
1621266407816 [vx:0.0 vy:0.0 yaw:-2.8505095895] 
1621266407912 [Update odom] 
1621266407924 [vx:0.0 vy:0.0 yaw:-2.84434264031] 
1621266408010 [Update odom] 
1621266408024 [vx:0.0 vy:0.0 yaw:-2.85332351051] 
1621266408111 [Update odom] 
1621266408131 [vx:0.0 vy:0.0 yaw:-2.86251040402] 
1621266408210 [Update odom] 
1621266408225 [vx:0.0 vy:0.0 yaw:-2.85297855046] 
1621266408310 [Update odom] 
1621266408325 [vx:0.0 vy:0.0 yaw:-2.83676472897] 
1621266408410 [Update odom] 
1621266408424 [vx:0.0 vy:0.0 yaw:-2.83585803554] 
1621266408510 [Update odom] 
1621266408525 [vx:0.0 vy:0.0 yaw:-2.84017293822] 
1621266408610 [Update odom] 
1621266408624 [vx:0.0 vy:0.0 yaw:-2.84892570895] 
1621266408710 [Update odom] 
1621266408724 [vx:0.0 vy:0.0 yaw:-2.84039697557] 
1621266408810 [Update odom] 
1621266408823 [vx:0.0 vy:0.0 yaw:-2.84852243827] 
1621266408910 [Update odom] 
1621266408924 [vx:0.0 vy:0.0 yaw:-2.85828660528] 
1621266409010 [Update odom] 
1621266409024 [vx:0.0 vy:0.0 yaw:-2.86109497917] 
1621266409111 [Update odom] 
1621266409130 [vx:0.0 vy:0.0 yaw:-2.85145521159] 
1621266409211 [Update odom] 
1621266409224 [vx:0.0 vy:0.0 yaw:-2.84790576498] 
1621266409312 [Update odom] 
1621266409324 [vx:0.0 vy:0.0 yaw:-2.85849660697] 
1621266409410 [Update odom] 
1621266409424 [vx:0.0 vy:0.0 yaw:-2.872827034] 
1621266409510 [Update odom] 
1621266409525 [vx:0.0 vy:0.0 yaw:-2.87830464248] 
1621266409610 [Update odom] 
1621266409624 [vx:0.0 vy:0.0 yaw:-2.87266492691] 
1621266409710 [Update odom] 
1621266409723 [vx:0.0 vy:0.0 yaw:-2.85990398437] 
1621266409810 [Update odom] 
1621266409825 [vx:0.0 vy:0.0 yaw:-2.84418531017] 
1621266409911 [Update odom] 
1621266409925 [vx:0.0 vy:0.0 yaw:-2.83261145268] 
1621266410011 [Update odom] 
1621266410025 [vx:0.0 vy:0.0 yaw:-2.81917579445] 
1621266410110 [Update odom] 
1621266410124 [vx:0.0 vy:0.0 yaw:-2.81511184077] 
1621266410213 [Update odom] 
1621266410223 [vx:0.0 vy:0.0 yaw:-2.82638041665] 
1621266410310 [Update odom] 
1621266410325 [vx:0.0 vy:0.0 yaw:-2.83897977163] 
1621266410410 [Update odom] 
1621266410423 [vx:0.0 vy:0.0 yaw:-2.84742872689] 
1621266410510 [Update odom] 
1621266410525 [vx:0.0 vy:0.0 yaw:-2.85310860522] 
1621266410610 [Update odom] 
1621266410623 [vx:0.0 vy:0.0 yaw:-2.84661067406] 
1621266410710 [Update odom] 
1621266410724 [vx:0.0 vy:0.0 yaw:-2.82927377327] 
1621266410814 [Update odom] 
1621266410827 [vx:0.0 vy:0.0 yaw:-2.81644632817] 
1621266410910 [Update odom] 
1621266410930 [vx:0.0 vy:0.0 yaw:-2.80317549526] 
1621266411011 [Update odom] 
1621266411024 [vx:0.0 vy:0.0 yaw:-2.80271281599] 
1621266411110 [Update odom] 
1621266411123 [vx:0.0 vy:0.0 yaw:-2.81040961594] 
1621266411211 [Update odom] 
1621266411223 [vx:0.0 vy:0.0 yaw:-2.82002333298] 
1621266411310 [Update odom] 
1621266411324 [vx:0.0 vy:0.0 yaw:-2.82875851052] 
1621266411412 [Update odom] 
1621266411424 [vx:0.0 vy:0.0 yaw:-2.82824255944] 
1621266411510 [Update odom] 
1621266411526 [vx:0.0 vy:0.0 yaw:-2.82618692331] 
1621266411610 [Update odom] 
1621266411624 [vx:0.0 vy:0.0 yaw:-2.8219929933] 
1621266411710 [Update odom] 
1621266411724 [vx:0.0 vy:0.0 yaw:-2.81013031299] 
1621266411810 [Update odom] 
1621266411824 [vx:0.0 vy:0.0 yaw:-2.81699100675] 
1621266411911 [Update odom] 
1621266411924 [vx:0.0 vy:0.0 yaw:-2.81000599939] 
1621266412012 [Update odom] 
1621266412024 [vx:0.0 vy:0.0 yaw:-2.80601307101] 
1621266412110 [Update odom] 
1621266412127 [vx:0.0 vy:0.0 yaw:-2.80951820279] 
1621266412210 [Update odom] 
1621266412223 [vx:0.0 vy:0.0 yaw:-2.81910264795] 
1621266412311 [Update odom] 
1621266412323 [vx:0.0 vy:0.0 yaw:-2.814384516] 
1621266412410 [Update odom] 
1621266412424 [vx:0.0 vy:0.0 yaw:-2.81919401611] 
1621266412510 [Update odom] 
1621266412525 [vx:0.0 vy:0.0 yaw:-2.82234956744] 
1621266412611 [Update odom] 
1621266412624 [vx:0.0 vy:0.0 yaw:-2.82335031819] 
1621266412710 [Update odom] 
1621266412726 [vx:0.0 vy:0.0 yaw:-2.82391085153] 
1621266412810 [Update odom] 
1621266412827 [vx:0.0 vy:0.0 yaw:-2.82153686107] 
1621266412910 [Update odom] 
1621266412925 [vx:0.0 vy:0.0 yaw:-2.81847670439] 
1621266413013 [Update odom] 
1621266413028 [vx:0.0 vy:0.0 yaw:-2.81703706911] 
1621266413110 [Update odom] 
1621266413124 [vx:0.0 vy:0.0 yaw:-2.81575911212] 
1621266413211 [Update odom] 
1621266413224 [vx:0.0 vy:0.0 yaw:-2.81603283053] 
1621266413312 [Update odom] 
1621266413323 [vx:0.0 vy:0.0 yaw:-2.82054708466] 
1621266413410 [Update odom] 
1621266413423 [vx:0.0 vy:0.0 yaw:-2.81230882709] 
1621266413510 [Update odom] 
1621266413524 [vx:0.0 vy:0.0 yaw:-2.80012134403] 
1621266413610 [Update odom] 
1621266413625 [vx:0.0 vy:0.0 yaw:-2.7967120148] 
1621266413711 [Update odom] 
1621266413726 [vx:0.0 vy:0.0 yaw:-2.80439791208] 
1621266413810 [Update odom] 
1621266413824 [vx:0.0 vy:0.0 yaw:-2.80661490312] 
1621266413910 [Update odom] 
1621266413925 [vx:0.0 vy:0.0 yaw:-2.81565431564] 
1621266414010 [Update odom] 
1621266414028 [vx:0.0 vy:0.0 yaw:-2.81697137042] 
1621266414110 [Update odom] 
1621266414125 [vx:0.0 vy:0.0 yaw:-2.81502088406] 
1621266414210 [Update odom] 
1621266414226 [vx:0.0 vy:0.0 yaw:-2.82306427405] 
1621266414311 [Update odom] 
1621266414324 [vx:0.0 vy:0.0 yaw:-2.82343862242] 
1621266414410 [Update odom] 
1621266414433 [vx:0.0 vy:0.0 yaw:-2.82612401702] 
1621266414510 [Update odom] 
1621266414528 [vx:0.0 vy:0.0 yaw:-2.829561974] 
1621266414610 [Update odom] 
1621266414624 [vx:0.0 vy:0.0 yaw:-2.82831509034] 
1621266414710 [Update odom] 
1621266414724 [vx:0.0 vy:0.0 yaw:-2.81792511749] 
1621266414810 [Update odom] 
1621266414824 [vx:0.0 vy:0.0 yaw:-2.82651908326] 
1621266414911 [Update odom] 
1621266414927 [vx:0.0 vy:0.0 yaw:-2.83422928106] 
1621266415010 [Update odom] 
1621266415025 [vx:0.0 vy:0.0 yaw:-2.83151687721] 
1621266415110 [Update odom] 
1621266415124 [vx:0.0 vy:0.0 yaw:-2.82727634274] 
1621266415210 [Update odom] 
1621266415224 [vx:0.0 vy:0.0 yaw:-2.83398882097] 
1621266415310 [Update odom] 
1621266415315 [vx:0.0 vy:0.0 yaw:-2.83094202843] 
1621266415422 [Update odom] 
1621266415435 [vx:0.0 vy:0.0 yaw:-2.82899795587] 
1621266415510 [Update odom] 
1621266415523 [vx:0.0 vy:0.0 yaw:-2.83014816168] 
1621266415611 [Update odom] 
1621266415623 [vx:0.0 vy:0.0 yaw:-2.83423978414] 
1621266415710 [Update odom] 
1621266415724 [vx:0.0 vy:0.0 yaw:-2.84064174295] 
1621266415810 [Update odom] 
1621266415824 [vx:0.0 vy:0.0 yaw:-2.84436246812] 
1621266415910 [Update odom] 
1621266415923 [vx:0.0 vy:0.0 yaw:-2.8463674004] 
1621266416010 [Update odom] 
1621266416025 [vx:0.0 vy:0.0 yaw:-2.85028491375] 
1621266416110 [Update odom] 
1621266416123 [vx:0.0 vy:0.0 yaw:-2.84831826554] 
1621266416210 [Update odom] 
1621266416224 [vx:0.0 vy:0.0 yaw:-2.8301502298] 
1621266416310 [Update odom] 
1621266416325 [vx:0.0 vy:0.0 yaw:-2.81287535599] 
1621266416410 [Update odom] 
1621266416424 [vx:0.0 vy:0.0 yaw:-2.82150654804] 
1621266416510 [Update odom] 
1621266416523 [vx:0.0 vy:0.0 yaw:-2.81932227986] 
1621266416610 [Update odom] 
1621266416624 [vx:0.0 vy:0.0 yaw:-2.81704305497] 
1621266416710 [Update odom] 
1621266416727 [vx:0.0 vy:0.0 yaw:-2.82571813977] 
1621266416813 [Update odom] 
1621266416823 [vx:0.0 vy:0.0 yaw:-2.84125110155] 
1621266416910 [Update odom] 
1621266416924 [vx:0.0 vy:0.0 yaw:-2.8341958918] 
1621266417010 [Update odom] 
1621266417024 [vx:0.0 vy:0.0 yaw:-2.83596290289] 
1621266417110 [Update odom] 
1621266417124 [vx:0.0 vy:0.0 yaw:-2.83119458211] 
1621266417210 [Update odom] 
1621266417224 [vx:0.0 vy:0.0 yaw:-2.81501157685] 
1621266417311 [Update odom] 
1621266417324 [vx:0.0 vy:0.0 yaw:-2.79919202769] 
1621266417410 [Update odom] 
1621266417423 [vx:0.0 vy:0.0 yaw:-2.80277076468] 
1621266417510 [Update odom] 
1621266417524 [vx:0.0 vy:0.0 yaw:-2.79475038397] 
1621266417616 [Update odom] 
1621266417627 [vx:0.0 vy:0.0 yaw:-2.79258040979] 
