1622866233378 [Opening serial port: /dev/ttyTHS1.] 
1622866233710 [The robot is connected to ] [/dev/ttyTHS1] 
1622866233710 [Initial robot's topic...] 
1622866243118 [log_latest_command] [[ b y t e a r r a y ( b ' \ x a a \ x f f \ x a 2 \ x d c \ x 0 5 \ x f f \ x d c \ x 0 5 \ x f f \ x 0 6 \ x 0 b \ x 0 f \ x 0 e ' ) ]] 
1622866244495 [log_latest_command] [[ b y t e a r r a y ( b ' \ x a a \ x f f \ x a 5 \ x 0 2 N \ x 0 f \ x 0 e ' ) ]] 
1622866244821 [log_latest_command] [[ b y t e a r r a y ( b ' \ x a a \ x f f \ x a 2 \ x d c \ x 0 5 \ x f f \ x d c \ x 0 5 \ x f f \ x 0 6 \ x 0 b \ x 0 f \ x 0 e ' ) ]] 
1622866246154 [log_latest_command] [[ b y t e a r r a y ( b ' \ x a a \ x f f \ x a 5 \ x 0 2 N \ x 0 f \ x 0 e ' ) ]] 
1622866246521 [log_latest_command] [[ b y t e a r r a y ( b ' \ x a a \ x f f \ x a 2 \ x d c \ x 0 5 \ x f f \ x d c \ x 0 5 \ x f f \ x 0 6 \ x 0 b \ x 0 f \ x 0 e ' ) ]] 
1622866248176 [log_latest_command] [[ b y t e a r r a y ( b ' \ x a a \ x f f \ x a 5 \ x 0 2 N \ x 0 f \ x 0 e ' ) ]] 
1622866248466 [log_latest_command] [[ b y t e a r r a y ( b ' \ x a a \ x f f \ x a 2 \ x d c \ x 0 5 \ x f f \ x d c \ x 0 5 \ x f f \ x 0 6 \ x 0 b \ x 0 f \ x 0 e ' ) ]] 
1622866257818 [log_latest_command] [[ b y t e a r r a y ( b ' \ x a a \ x f f \ x a 5 \ x 0 2 N \ x 0 f \ x 0 e ' ) ]] 
1622866258049 [log_latest_command] [[ b y t e a r r a y ( b ' \ x a a \ x f f \ x a 2 \ x d c \ x 0 5 \ x f f \ x d c \ x 0 5 \ x f f \ x 0 6 \ x 0 b \ x 0 f \ x 0 e ' ) ]] 
1622866613323 [log_latest_command] [[ b y t e a r r a y ( b ' \ x a a \ x f f \ x a 5 \ x 0 2 N \ x 0 f \ x 0 e ' ) ]] 
1622866635518 [log_latest_command] [[ b y t e a r r a y ( b ' \ x a a \ x f f \ x a 2 \ x d c \ x 0 5 \ x f f \ x d c \ x 0 5 \ x f f \ x 0 6 \ x 0 b \ x 0 f \ x 0 e ' ) ]] 
1622866637618 [log_latest_command] [[ b y t e a r r a y ( b ' \ x a a \ x f f \ x a 5 \ x 0 2 N \ x 0 f \ x 0 e ' ) ]] 
1622866638672 [log_latest_command] [[ b y t e a r r a y ( b ' \ x a a \ x f f \ x a 2 \ x b 0 \ x 0 4 \ x f f \ x b 0 \ x 0 4 \ x 0 0 \ x 0 4 \ x b 2 \ x 0 f \ x 0 e ' ) ]] 
1622866641138 [log_latest_command] [[ b y t e a r r a y ( b ' \ x a a \ x f f \ x a 5 \ x 0 2 N \ x 0 f \ x 0 e ' ) ]] 
1622866645043 [log_latest_command] [[ b y t e a r r a y ( b ' \ x a a \ x f f \ x a 2 \ x b 0 \ x 0 4 \ x 0 0 \ x b 0 \ x 0 4 \ x f f \ x 0 4 \ x b 2 \ x 0 f \ x 0 e ' ) ]] 
1622866645991 [log_latest_command] [[ b y t e a r r a y ( b ' \ x a a \ x f f \ x a 5 \ x 0 2 N \ x 0 f \ x 0 e ' ) ]] 
1622866658793 [log_latest_command] [[ b y t e a r r a y ( b ' \ x a a \ x f f \ x a 2 \ x d c \ x 0 5 \ x 0 0 \ x d c \ x 0 5 \ x 0 0 \ x 0 4 \ r \ x 0 f \ x 0 e ' ) ]] 
1622866662931 [log_latest_command] [[ b y t e a r r a y ( b ' \ x a a \ x f f \ x a 2 \ x d c \ x 0 5 \ x 0 0 X \ x 0 2 \ x 0 0 \ x 0 3 \ x 8 6 \ x 0 f \ x 0 e ' ) ]] 
1622866664350 [log_latest_command] [[ b y t e a r r a y ( b ' \ x a a \ x f f \ x a 2 \ x d c \ x 0 5 \ x 0 0 X \ x 0 2 \ x 0 0 \ x 0 3 \ x 8 6 \ x 0 f \ x 0 e ' ) ]] 
1622866667992 [log_latest_command] [[ b y t e a r r a y ( b ' \ x a a \ x f f \ x a 5 \ x 0 2 N \ x 0 f \ x 0 e ' ) ]] 
1622866675371 [log_latest_command] [[ b y t e a r r a y ( b ' \ x a a \ x f f \ x a 2 \ x b 0 \ x 0 4 \ x f f \ x b 0 \ x 0 4 \ x 0 0 \ x 0 4 \ x b 2 \ x 0 f \ x 0 e ' ) ]] 
1622866677794 [log_latest_command] [[ b y t e a r r a y ( b ' \ x a a \ x f f \ x a 5 \ x 0 2 N \ x 0 f \ x 0 e ' ) ]] 
1622866678056 [log_latest_command] [[ b y t e a r r a y ( b ' \ x a a \ x f f \ x a 2 \ x b 0 \ x 0 4 \ x f f \ x b 0 \ x 0 4 \ x 0 0 \ x 0 4 \ x b 2 \ x 0 f \ x 0 e ' ) ]] 
1622866680126 [log_latest_command] [[ b y t e a r r a y ( b ' \ x a a \ x f f \ x a 5 \ x 0 2 N \ x 0 f \ x 0 e ' ) ]] 
1622866680243 [log_latest_command] [[ b y t e a r r a y ( b ' \ x a a \ x f f \ x a 2 \ x b 0 \ x 0 4 \ x f f \ x b 0 \ x 0 4 \ x 0 0 \ x 0 4 \ x b 2 \ x 0 f \ x 0 e ' ) ]] 
1622866681242 [log_latest_command] [[ b y t e a r r a y ( b ' \ x a a \ x f f \ x a 5 \ x 0 2 N \ x 0 f \ x 0 e ' ) ]] 
1622866681639 [log_latest_command] [[ b y t e a r r a y ( b ' \ x a a \ x f f \ x a 2 \ x b 0 \ x 0 4 \ x 0 0 \ x b 0 \ x 0 4 \ x f f \ x 0 4 \ x b 2 \ x 0 f \ x 0 e ' ) ]] 
1622866682077 [log_latest_command] [[ b y t e a r r a y ( b ' \ x a a \ x f f \ x a 2 \ x b 0 \ x 0 4 \ x 0 0 \ x b 0 \ x 0 4 \ x f f \ x 0 4 \ x b 2 \ x 0 f \ x 0 e ' ) ]] 
1622866683021 [log_latest_command] [[ b y t e a r r a y ( b ' \ x a a \ x f f \ x a 2 \ x b 0 \ x 0 4 \ x 0 0 \ x b 0 \ x 0 4 \ x f f \ x 0 4 \ x b 2 \ x 0 f \ x 0 e ' ) ]] 
1622866684043 [log_latest_command] [[ b y t e a r r a y ( b ' \ x a a \ x f f \ x a 5 \ x 0 2 N \ x 0 f \ x 0 e ' ) ]] 
1622866684733 [log_latest_command] [[ b y t e a r r a y ( b ' \ x a a \ x f f \ x a 2 \ x d c \ x 0 5 \ x f f \ x d c \ x 0 5 \ x f f \ x 0 6 \ x 0 b \ x 0 f \ x 0 e ' ) ]] 
1622866685304 [log_latest_command] [[ b y t e a r r a y ( b ' \ x a a \ x f f \ x a 5 \ x 0 2 N \ x 0 f \ x 0 e ' ) ]] 
1622866686431 [log_latest_command] [[ b y t e a r r a y ( b ' \ x a a \ x f f \ x a 2 \ x b 0 \ x 0 4 \ x f f \ x b 0 \ x 0 4 \ x 0 0 \ x 0 4 \ x b 2 \ x 0 f \ x 0 e ' ) ]] 
1622866686997 [log_latest_command] [[ b y t e a r r a y ( b ' \ x a a \ x f f \ x a 5 \ x 0 2 N \ x 0 f \ x 0 e ' ) ]] 
1622866687817 [log_latest_command] [[ b y t e a r r a y ( b ' \ x a a \ x f f \ x a 2 \ x d c \ x 0 5 \ x f f \ x d c \ x 0 5 \ x f f \ x 0 6 \ x 0 b \ x 0 f \ x 0 e ' ) ]] 
1622866688474 [log_latest_command] [[ b y t e a r r a y ( b ' \ x a a \ x f f \ x a 5 \ x 0 2 N \ x 0 f \ x 0 e ' ) ]] 
1622866689022 [log_latest_command] [[ b y t e a r r a y ( b ' \ x a a \ x f f \ x a 2 \ x d c \ x 0 5 \ x 0 0 \ x d c \ x 0 5 \ x 0 0 \ x 0 4 \ r \ x 0 f \ x 0 e ' ) ]] 
1622866689581 [log_latest_command] [[ b y t e a r r a y ( b ' \ x a a \ x f f \ x a 2 X \ x 0 2 \ x 0 0 \ x d c \ x 0 5 \ x 0 0 \ x 0 3 \ x 8 6 \ x 0 f \ x 0 e ' ) ]] 
1622866689986 [log_latest_command] [[ b y t e a r r a y ( b ' \ x a a \ x f f \ x a 5 \ x 0 2 N \ x 0 f \ x 0 e ' ) ]] 
1622866690718 [log_latest_command] [[ b y t e a r r a y ( b ' \ x a a \ x f f \ x a 2 \ x d c \ x 0 5 \ x 0 0 X \ x 0 2 \ x 0 0 \ x 0 3 \ x 8 6 \ x 0 f \ x 0 e ' ) ]] 
1622866691497 [log_latest_command] [[ b y t e a r r a y ( b ' \ x a a \ x f f \ x a 5 \ x 0 2 N \ x 0 f \ x 0 e ' ) ]] 
1622866692541 [log_latest_command] [[ b y t e a r r a y ( b ' \ x a a \ x f f \ x a 2 \ x b 0 \ x 0 4 \ x 0 0 \ x b 0 \ x 0 4 \ x f f \ x 0 4 \ x b 2 \ x 0 f \ x 0 e ' ) ]] 
1622866693335 [log_latest_command] [[ b y t e a r r a y ( b ' \ x a a \ x f f \ x a 5 \ x 0 2 N \ x 0 f \ x 0 e ' ) ]] 
1622866693766 [log_latest_command] [[ b y t e a r r a y ( b ' \ x a a \ x f f \ x a 2 \ x d c \ x 0 5 \ x f f \ x d c \ x 0 5 \ x f f \ x 0 6 \ x 0 b \ x 0 f \ x 0 e ' ) ]] 
1622866695624 [log_latest_command] [[ b y t e a r r a y ( b ' \ x a a \ x f f \ x a 5 \ x 0 2 N \ x 0 f \ x 0 e ' ) ]] 
1622866695979 [log_latest_command] [[ b y t e a r r a y ( b ' \ x a a \ x f f \ x a 2 \ x d c \ x 0 5 \ x 0 0 \ x d c \ x 0 5 \ x 0 0 \ x 0 4 \ r \ x 0 f \ x 0 e ' ) ]] 
1622866696318 [log_latest_command] [[ b y t e a r r a y ( b ' \ x a a \ x f f \ x a 5 \ x 0 2 N \ x 0 f \ x 0 e ' ) ]] 
1622866696742 [log_latest_command] [[ b y t e a r r a y ( b ' \ x a a \ x f f \ x a 2 \ x d c \ x 0 5 \ x 0 0 X \ x 0 2 \ x 0 0 \ x 0 3 \ x 8 6 \ x 0 f \ x 0 e ' ) ]] 
1622866697181 [log_latest_command] [[ b y t e a r r a y ( b ' \ x a a \ x f f \ x a 5 \ x 0 2 N \ x 0 f \ x 0 e ' ) ]] 
1622866698617 [log_latest_command] [[ b y t e a r r a y ( b ' \ x a a \ x f f \ x a 2 X \ x 0 2 \ x 0 0 \ x d c \ x 0 5 \ x 0 0 \ x 0 3 \ x 8 6 \ x 0 f \ x 0 e ' ) ]] 
1622866699550 [log_latest_command] [[ b y t e a r r a y ( b ' \ x a a \ x f f \ x a 2 X \ x 0 2 \ x 0 0 \ x d c \ x 0 5 \ x 0 0 \ x 0 3 \ x 8 6 \ x 0 f \ x 0 e ' ) ]] 
1622866700271 [log_latest_command] [[ b y t e a r r a y ( b ' \ x a a \ x f f \ x a 5 \ x 0 2 N \ x 0 f \ x 0 e ' ) ]] 
1622866702939 [log_latest_command] [[ b y t e a r r a y ( b ' \ x a a \ x f f \ x a 2 \ x d c \ x 0 5 \ x f f \ x d c \ x 0 5 \ x f f \ x 0 6 \ x 0 b \ x 0 f \ x 0 e ' ) ]] 
1622866704624 [log_latest_command] [[ b y t e a r r a y ( b ' \ x a a \ x f f \ x a 5 \ x 0 2 N \ x 0 f \ x 0 e ' ) ]] 
1622866705253 [log_latest_command] [[ b y t e a r r a y ( b ' \ x a a \ x f f \ x a 2 \ x d c \ x 0 5 \ x 0 0 \ x d c \ x 0 5 \ x 0 0 \ x 0 4 \ r \ x 0 f \ x 0 e ' ) ]] 
1622866705983 [log_latest_command] [[ b y t e a r r a y ( b ' \ x a a \ x f f \ x a 5 \ x 0 2 N \ x 0 f \ x 0 e ' ) ]] 
1622866706195 [log_latest_command] [[ b y t e a r r a y ( b ' \ x a a \ x f f \ x a 2 \ x d c \ x 0 5 \ x 0 0 \ x d c \ x 0 5 \ x 0 0 \ x 0 4 \ r \ x 0 f \ x 0 e ' ) ]] 
