1622683624747 [Opening serial port: /dev/ttyTHS1.] 
1622683625052 [The robot is connected to ] [/dev/ttyTHS1] 
1622683625052 [Initial robot's topic...] 
1622683625059 [Start initializing navigation] 
1622683625059 [Start initializing navigation topic] 
1622683625099 [Initialization navigation topic finished] 
1622683625112 [Initialization navigation finished] 
1622683625177 [vl:0.0 vr:0.0 yaw:0.0] 
1622683625224 [vl:0.0 vr:0.0 yaw:0.0] 
1622683625277 [vl:0.0 vr:0.0 yaw:0.0] 
1622683625324 [vl:0.0 vr:0.0 yaw:0.0] 
1622683625381 [vl:0.0 vr:0.0 yaw:0.0] 
1622683625424 [vl:0.0 vr:0.0 yaw:0.0] 
1622683625477 [vl:0.0 vr:0.0 yaw:0.0] 
1622683625524 [vl:0.0 vr:0.0 yaw:0.0] 
1622683625577 [vl:0.0 vr:0.0 yaw:0.0] 
1622683625624 [vl:0.0 vr:0.0 yaw:0.0] 
1622683625677 [vl:0.0 vr:0.0 yaw:0.0] 
1622683625724 [vl:0.0 vr:0.0 yaw:0.0] 
1622683625777 [vl:0.0 vr:0.0 yaw:0.0] 
1622683625824 [vl:0.0 vr:0.0 yaw:0.0] 
1622683625877 [vl:0.0 vr:0.0 yaw:0.0] 
1622683625924 [vl:0.0 vr:0.0 yaw:0.0] 
1622683625977 [vl:0.0 vr:0.0 yaw:0.0] 
1622683626024 [vl:0.0 vr:0.0 yaw:0.0] 
1622683626077 [vl:0.0 vr:0.0 yaw:0.0] 
1622683626124 [vl:0.0 vr:0.0 yaw:0.0] 
1622683626177 [vl:0.0 vr:0.0 yaw:0.0] 
1622683626224 [vl:0.0 vr:0.0 yaw:0.0] 
1622683626277 [vl:0.0 vr:0.0 yaw:0.0] 
1622683626324 [vl:0.0 vr:0.0 yaw:0.0] 
1622683626377 [vl:0.0 vr:0.0 yaw:0.0] 
1622683626424 [vl:0.0 vr:0.0 yaw:0.0] 
1622683626477 [vl:0.0 vr:0.0 yaw:0.0] 
1622683626524 [vl:0.0 vr:0.0 yaw:0.0] 
1622683626577 [vl:0.0 vr:0.0 yaw:0.0] 
1622683626624 [vl:0.0 vr:0.0 yaw:0.0] 
1622683626677 [vl:0.0 vr:0.0 yaw:0.0] 
1622683626724 [vl:0.0 vr:0.0 yaw:0.0] 
1622683626782 [vl:0.0 vr:0.0 yaw:0.0] 
1622683626828 [vl:0.0 vr:0.0 yaw:0.0] 
1622683626877 [vl:0.0 vr:0.0 yaw:0.0] 
1622683626924 [vl:0.0 vr:0.0 yaw:0.0] 
1622683626977 [vl:0.0 vr:0.0 yaw:0.0] 
1622683627029 [vl:0.0 vr:0.0 yaw:0.0] 
1622683627077 [vl:0.0 vr:0.0 yaw:0.0] 
1622683627124 [vl:0.0 vr:0.0 yaw:0.0] 
1622683627177 [vl:0.0 vr:0.0 yaw:0.0] 
1622683627224 [vl:0.0 vr:0.0 yaw:0.0] 
1622683627277 [vl:0.0 vr:0.0 yaw:0.0] 
1622683627324 [vl:0.0 vr:0.0 yaw:0.0] 
1622683627377 [vl:0.0 vr:0.0 yaw:0.0] 
1622683627424 [vl:0.0 vr:0.0 yaw:0.0] 
1622683627477 [vl:0.0 vr:0.0 yaw:0.0] 
1622683627524 [vl:0.0 vr:0.0 yaw:0.0] 
1622683627577 [vl:0.0 vr:0.0 yaw:0.0] 
1622683627624 [vl:0.0 vr:0.0 yaw:0.0] 
1622683627677 [vl:0.0 vr:0.0 yaw:0.0] 
1622683627724 [vl:0.0 vr:0.0 yaw:0.0] 
1622683627777 [vl:0.0 vr:0.0 yaw:0.0] 
1622683627824 [vl:0.0 vr:0.0 yaw:0.0] 
1622683627877 [vl:0.0 vr:0.0 yaw:0.0] 
1622683627924 [vl:0.0 vr:0.0 yaw:0.0] 
1622683627977 [vl:0.0 vr:0.0 yaw:0.0] 
1622683628024 [vl:0.0 vr:0.0 yaw:0.0] 
1622683628077 [vl:0.0 vr:0.0 yaw:0.0] 
1622683628124 [vl:0.0 vr:0.0 yaw:0.0] 
1622683628177 [vl:0.0 vr:0.0 yaw:0.0] 
1622683628224 [vl:0.0 vr:0.0 yaw:0.0] 
1622683628277 [vl:0.0 vr:0.0 yaw:0.0] 
1622683628324 [vl:0.0 vr:0.0 yaw:0.0] 
1622683628377 [vl:0.0 vr:0.0 yaw:0.0] 
1622683628424 [vl:0.0 vr:0.0 yaw:0.0] 
1622683628477 [vl:0.0 vr:0.0 yaw:0.0] 
1622683628529 [vl:0.0 vr:0.0 yaw:0.0] 
1622683628577 [vl:0.0 vr:0.0 yaw:0.0] 
1622683628624 [vl:0.0 vr:0.0 yaw:0.0] 
1622683628677 [vl:0.0 vr:0.0 yaw:0.0] 
1622683628729 [vl:0.0 vr:0.0 yaw:0.0] 
1622683628777 [vl:0.0 vr:0.0 yaw:0.0] 
1622683628824 [vl:0.0 vr:0.0 yaw:0.0] 
1622683628877 [vl:0.0 vr:0.0 yaw:0.0] 
1622683628924 [vl:0.0 vr:0.0 yaw:0.0] 
1622683628977 [vl:0.0 vr:0.0 yaw:0.0] 
1622683629024 [vl:0.0 vr:0.0 yaw:0.0] 
1622683629077 [vl:0.0 vr:0.0 yaw:0.0] 
1622683629124 [vl:0.0 vr:0.0 yaw:0.0] 
1622683629177 [vl:0.0 vr:0.0 yaw:0.0] 
1622683629224 [vl:0.0 vr:0.0 yaw:0.0] 
1622683629277 [vl:0.0 vr:0.0 yaw:0.0] 
1622683629328 [vl:0.0 vr:0.0 yaw:0.0] 
1622683629381 [vl:0.0 vr:0.0 yaw:0.0] 
1622683629424 [vl:0.0 vr:0.0 yaw:0.0] 
1622683629481 [vl:0.0 vr:0.0 yaw:0.0] 
1622683629524 [vl:0.0 vr:0.0 yaw:0.0] 
1622683629577 [vl:0.0 vr:0.0 yaw:0.0] 
1622683629624 [vl:0.0 vr:0.0 yaw:0.0] 
1622683629677 [vl:0.0 vr:0.0 yaw:0.0] 
1622683629724 [vl:0.0 vr:0.0 yaw:0.0] 
1622683629777 [vl:0.0 vr:0.0 yaw:0.0] 
1622683629824 [vl:0.0 vr:0.0 yaw:0.0] 
1622683629877 [vl:0.0 vr:0.0 yaw:0.0] 
1622683629925 [vl:0.0 vr:0.0 yaw:0.0] 
1622683629977 [vl:0.0 vr:0.0 yaw:0.0] 
1622683630024 [vl:0.0 vr:0.0 yaw:0.0] 
1622683630077 [vl:0.0 vr:0.0 yaw:0.0] 
1622683630125 [vl:0.0 vr:0.0 yaw:0.0] 
1622683630177 [vl:0.0 vr:0.0 yaw:0.0] 
1622683630224 [vl:0.0 vr:0.0 yaw:0.0] 
1622683630277 [vl:0.0 vr:0.0 yaw:0.0] 
1622683630330 [vl:0.0 vr:0.0 yaw:0.0] 
1622683630377 [vl:0.0 vr:0.0 yaw:0.0] 
1622683630424 [vl:0.0 vr:0.0 yaw:0.0] 
1622683630476 [vl:0.0 vr:0.0 yaw:0.0] 
1622683630524 [vl:0.0 vr:0.0 yaw:0.0] 
1622683630577 [vl:0.0 vr:0.0 yaw:0.0] 
1622683630624 [vl:0.0 vr:0.0 yaw:0.0] 
1622683630677 [vl:0.0 vr:0.0 yaw:0.0] 
1622683630724 [vl:0.0 vr:0.0 yaw:0.0] 
1622683630781 [vl:0.0 vr:0.0 yaw:0.0] 
1622683630824 [vl:0.0 vr:0.0 yaw:0.0] 
1622683630877 [vl:0.0 vr:0.0 yaw:0.0] 
1622683630928 [vl:0.0 vr:0.0 yaw:0.0] 
1622683630977 [vl:0.0 vr:0.0 yaw:0.0] 
1622683631037 [vl:0.0 vr:0.0 yaw:0.0] 
1622683631076 [vl:0.0 vr:0.0 yaw:0.0] 
1622683631124 [vl:0.0 vr:0.0 yaw:0.0] 
1622683631177 [vl:0.0 vr:0.0 yaw:0.0] 
1622683631225 [vl:0.0 vr:0.0 yaw:0.0] 
1622683631276 [vl:0.0 vr:0.0 yaw:0.0] 
1622683631327 [vl:0.0 vr:0.0 yaw:0.0] 
1622683631379 [vl:0.0 vr:0.0 yaw:0.0] 
1622683631428 [vl:0.0 vr:0.0 yaw:0.0] 
1622683631477 [vl:0.0 vr:0.0 yaw:0.0] 
1622683631524 [vl:0.0 vr:0.0 yaw:0.0] 
1622683631577 [vl:0.0 vr:0.0 yaw:0.0] 
1622683631624 [vl:0.0 vr:0.0 yaw:0.0] 
1622683631676 [vl:0.0 vr:0.0 yaw:0.0] 
1622683631724 [vl:0.0 vr:0.0 yaw:0.0] 
1622683631777 [vl:0.0 vr:0.0 yaw:0.0] 
1622683631824 [vl:0.0 vr:0.0 yaw:0.0] 
1622683631877 [vl:0.0 vr:0.0 yaw:0.0] 
1622683631925 [vl:0.0 vr:0.0 yaw:0.0] 
1622683631977 [vl:0.0 vr:0.0 yaw:0.0] 
1622683632024 [vl:0.0 vr:0.0 yaw:0.0] 
1622683632076 [vl:0.0 vr:0.0 yaw:0.0] 
1622683632124 [vl:0.0 vr:0.0 yaw:0.0] 
1622683632176 [vl:0.0 vr:0.0 yaw:0.0] 
1622683632224 [vl:0.0 vr:0.0 yaw:0.0] 
1622683632276 [vl:0.0 vr:0.0 yaw:0.0] 
1622683632324 [vl:0.0 vr:0.0 yaw:0.0] 
1622683632377 [vl:0.0 vr:0.0 yaw:0.0] 
1622683632424 [vl:0.0 vr:0.0 yaw:0.0] 
1622683632476 [vl:0.0 vr:0.0 yaw:0.0] 
1622683632524 [vl:0.0 vr:0.0 yaw:0.0] 
1622683632577 [vl:0.0 vr:0.0 yaw:0.0] 
1622683632624 [vl:0.0 vr:0.0 yaw:0.0] 
1622683632677 [vl:0.0 vr:0.0 yaw:0.0] 
1622683632724 [vl:0.0 vr:0.0 yaw:0.0] 
1622683632780 [vl:0.0 vr:0.0 yaw:0.0] 
1622683632824 [vl:0.0 vr:0.0 yaw:0.0] 
1622683632877 [vl:0.0 vr:0.0 yaw:0.0] 
1622683632924 [vl:0.0 vr:0.0 yaw:0.0] 
1622683632985 [vl:0.0 vr:0.0 yaw:0.0] 
1622683633025 [vl:0.0 vr:0.0 yaw:0.0] 
1622683633077 [vl:0.0 vr:0.0 yaw:0.0] 
1622683633124 [vl:0.0 vr:0.0 yaw:0.0] 
1622683633177 [vl:0.0 vr:0.0 yaw:0.0] 
1622683633224 [vl:0.0 vr:0.0 yaw:0.0] 
1622683633285 [vl:0.0 vr:0.0 yaw:0.0] 
1622683633348 [vl:0.0 vr:0.0 yaw:0.0] 
1622683633377 [vl:0.0 vr:0.0 yaw:0.0] 
1622683633424 [vl:0.0 vr:0.0 yaw:0.0] 
1622683633477 [vl:0.0 vr:0.0 yaw:0.0] 
1622683633521 [vl:0.0 vr:0.0 yaw:0.0] 
1622683633576 [vl:0.0 vr:0.0 yaw:0.0] 
1622683633634 [vl:0.0 vr:0.0 yaw:0.0] 
1622683633676 [vl:0.0 vr:0.0 yaw:0.0] 
1622683633732 [vl:0.0 vr:0.0 yaw:0.0] 
1622683633786 [vl:0.0 vr:0.0 yaw:0.0] 
1622683633824 [vl:0.0 vr:0.0 yaw:0.0] 
1622683633878 [vl:0.0 vr:0.0 yaw:0.0] 
1622683633928 [vl:0.0 vr:0.0 yaw:0.0] 
1622683633977 [vl:0.0 vr:0.0 yaw:0.0] 
1622683634024 [vl:0.0 vr:0.0 yaw:0.0] 
1622683634084 [vl:0.0 vr:0.0 yaw:0.0] 
1622683634124 [vl:0.0 vr:0.0 yaw:0.0] 
1622683634181 [vl:0.0 vr:0.0 yaw:0.0] 
1622683634225 [vl:0.0 vr:0.0 yaw:0.0] 
1622683634279 [vl:0.0 vr:0.0 yaw:0.0] 
1622683634325 [vl:0.0 vr:0.0 yaw:0.0] 
1622683634378 [vl:0.0 vr:0.0 yaw:0.0] 
1622683634430 [vl:0.0 vr:0.0 yaw:0.0] 
1622683634477 [vl:0.0 vr:0.0 yaw:0.0] 
1622683634525 [vl:0.0 vr:0.0 yaw:0.0] 
1622683634577 [vl:0.0 vr:0.0 yaw:0.0] 
1622683634624 [vl:0.0 vr:0.0 yaw:0.0] 
1622683634689 [vl:0.0 vr:0.0 yaw:0.0] 
1622683634728 [vl:0.0 vr:0.0 yaw:0.0] 
1622683634776 [vl:0.0 vr:0.0 yaw:0.0] 
1622683634823 [vl:0.0 vr:0.0 yaw:0.0] 
1622683634877 [vl:0.0 vr:0.0 yaw:0.0] 
1622683634924 [vl:0.0 vr:0.0 yaw:0.0] 
1622683634981 [vl:0.0 vr:0.0 yaw:0.0] 
1622683635029 [vl:0.0 vr:0.0 yaw:0.0] 
1622683635076 [vl:0.0 vr:0.0 yaw:0.0] 
1622683635128 [vl:0.0 vr:0.0 yaw:0.0] 
1622683635183 [vl:0.0 vr:0.0 yaw:0.0] 
1622683635224 [vl:0.0 vr:0.0 yaw:0.0] 
1622683635277 [vl:0.0 vr:0.0 yaw:0.0] 
1622683635324 [vl:0.0 vr:0.0 yaw:0.0] 
1622683635377 [vl:0.0 vr:0.0 yaw:0.0] 
1622683635431 [vl:0.0 vr:0.0 yaw:0.0] 
1622683635477 [vl:0.0 vr:0.0 yaw:0.0] 
1622683635524 [vl:0.0 vr:0.0 yaw:0.0] 
1622683635584 [vl:0.0 vr:0.0 yaw:0.0] 
1622683635624 [vl:0.0 vr:0.0 yaw:0.0] 
1622683635676 [vl:0.0 vr:0.0 yaw:0.0] 
1622683635728 [vl:0.0 vr:0.0 yaw:0.0] 
1622683635778 [vl:0.0 vr:0.0 yaw:0.0] 
1622683635824 [vl:0.0 vr:0.0 yaw:0.0] 
1622683635877 [vl:0.0 vr:0.0 yaw:0.0] 
1622683635924 [vl:0.0 vr:0.0 yaw:0.0] 
1622683635986 [vl:0.0 vr:0.0 yaw:0.0] 
1622683636042 [vl:0.0 vr:0.0 yaw:0.0] 
1622683636078 [vl:0.0 vr:0.0 yaw:0.0] 
1622683636124 [vl:0.0 vr:0.0 yaw:0.0] 
1622683636192 [vl:0.0 vr:0.0 yaw:0.0] 
1622683636229 [vl:0.0 vr:0.0 yaw:0.0] 
1622683636280 [vl:0.0 vr:0.0 yaw:0.0] 
1622683636324 [vl:0.0 vr:0.0 yaw:0.0] 
1622683636385 [vl:0.0 vr:0.0 yaw:0.0] 
1622683636424 [vl:0.0 vr:0.0 yaw:0.0] 
1622683636480 [vl:0.0 vr:0.0 yaw:0.0] 
1622683636524 [vl:0.0 vr:0.0 yaw:0.0] 
1622683636581 [vl:0.0 vr:0.0 yaw:0.0] 
1622683636632 [vl:0.0 vr:0.0 yaw:0.0] 
1622683636676 [vl:0.0 vr:0.0 yaw:0.0] 
1622683636724 [vl:0.0 vr:0.0 yaw:0.0] 
1622683636778 [vl:0.0 vr:0.0 yaw:0.0] 
1622683636824 [vl:0.0 vr:0.0 yaw:0.0] 
1622683636879 [vl:0.0 vr:0.0 yaw:0.0] 
1622683636924 [vl:0.0 vr:0.0 yaw:0.0] 
1622683636983 [vl:0.0 vr:0.0 yaw:0.0] 
1622683637028 [vl:0.0 vr:0.0 yaw:0.0] 
1622683637076 [vl:0.0 vr:0.0 yaw:0.0] 
1622683637124 [vl:0.0 vr:0.0 yaw:0.0] 
1622683637177 [vl:0.0 vr:0.0 yaw:0.0] 
1622683637221 [vl:0.0 vr:0.0 yaw:0.0] 
1622683637277 [vl:0.0 vr:0.0 yaw:0.0] 
1622683637328 [vl:0.0 vr:0.0 yaw:0.0] 
1622683637376 [vl:0.0 vr:0.0 yaw:0.0] 
1622683637424 [vl:0.0 vr:0.0 yaw:0.0] 
1622683637490 [vl:0.0 vr:0.0 yaw:0.0] 
1622683637520 [vl:0.0 vr:0.0 yaw:0.0] 
1622683637581 [vl:0.0 vr:0.0 yaw:0.0] 
1622683637625 [vl:0.0 vr:0.0 yaw:0.0] 
1622683637683 [vl:0.0 vr:0.0 yaw:0.0] 
1622683637724 [vl:0.0 vr:0.0 yaw:0.0] 
1622683637790 [vl:0.0 vr:0.0 yaw:0.0] 
1622683637824 [vl:0.0 vr:0.0 yaw:0.0] 
1622683637879 [vl:0.0 vr:0.0 yaw:0.0] 
1622683637924 [vl:0.0 vr:0.0 yaw:0.0] 
1622683637976 [vl:0.0 vr:0.0 yaw:0.0] 
1622683638029 [vl:0.0 vr:0.0 yaw:0.0] 
1622683638076 [vl:0.0 vr:0.0 yaw:0.0] 
1622683638130 [vl:0.0 vr:0.0 yaw:0.0] 
1622683638183 [vl:0.0 vr:0.0 yaw:0.0] 
1622683638224 [vl:0.0 vr:0.0 yaw:0.0] 
1622683638276 [vl:0.0 vr:0.0 yaw:0.0] 
1622683638324 [vl:0.0 vr:0.0 yaw:0.0] 
1622683638377 [vl:0.0 vr:0.0 yaw:0.0] 
1622683638424 [vl:0.0 vr:0.0 yaw:0.0] 
1622683638478 [vl:0.0 vr:0.0 yaw:0.0] 
1622683638531 [vl:0.0 vr:0.0 yaw:0.0] 
1622683638583 [vl:0.0 vr:0.0 yaw:0.0] 
1622683638624 [vl:0.0 vr:0.0 yaw:0.0] 
1622683638678 [vl:0.0 vr:0.0 yaw:0.0] 
1622683638729 [vl:0.0 vr:0.0 yaw:0.0] 
1622683638777 [vl:0.0 vr:0.0 yaw:0.0] 
1622683638824 [vl:0.0 vr:0.0 yaw:0.0] 
1622683638876 [vl:0.0 vr:0.0 yaw:0.0] 
1622683638929 [vl:0.0 vr:0.0 yaw:0.0] 
1622683638977 [vl:0.0 vr:0.0 yaw:0.0] 
1622683639024 [vl:0.0 vr:0.0 yaw:0.0] 
1622683639077 [vl:0.0 vr:0.0 yaw:0.0] 
1622683639128 [vl:0.0 vr:0.0 yaw:0.0] 
1622683639177 [vl:0.0 vr:0.0 yaw:0.0] 
1622683639224 [vl:0.0 vr:0.0 yaw:0.0] 
1622683639277 [vl:0.0 vr:0.0 yaw:0.0] 
1622683639324 [vl:0.0 vr:0.0 yaw:0.0] 
1622683639376 [vl:0.0 vr:0.0 yaw:0.0] 
1622683639424 [vl:0.0 vr:0.0 yaw:0.0] 
1622683639476 [vl:0.0 vr:0.0 yaw:0.0] 
1622683639524 [vl:0.0 vr:0.0 yaw:0.0] 
1622683639577 [vl:0.0 vr:0.0 yaw:0.0] 
1622683639624 [vl:0.0 vr:0.0 yaw:0.0] 
1622683639676 [vl:0.0 vr:0.0 yaw:0.0] 
1622683639724 [vl:0.0 vr:0.0 yaw:0.0] 
1622683639776 [vl:0.0 vr:0.0 yaw:0.0] 
1622683639824 [vl:0.0 vr:0.0 yaw:0.0] 
1622683639877 [vl:0.0 vr:0.0 yaw:0.0] 
1622683639924 [vl:0.0 vr:0.0 yaw:0.0] 
1622683639977 [vl:0.0 vr:0.0 yaw:0.0] 
1622683640025 [vl:0.0 vr:0.0 yaw:0.0] 
1622683640077 [vl:0.0 vr:0.0 yaw:0.0] 
1622683640129 [vl:0.0 vr:0.0 yaw:0.0] 
1622683640178 [vl:0.0 vr:0.0 yaw:0.0] 
1622683640228 [vl:0.0 vr:0.0 yaw:0.0] 
1622683640276 [vl:0.0 vr:0.0 yaw:0.0] 
1622683640324 [vl:0.0 vr:0.0 yaw:0.0] 
1622683640376 [vl:0.0 vr:0.0 yaw:0.0] 
1622683640430 [vl:0.0 vr:0.0 yaw:0.0] 
1622683640481 [vl:0.0 vr:0.0 yaw:0.0] 
1622683640533 [vl:0.0 vr:0.0 yaw:0.0] 
1622683640576 [vl:0.0 vr:0.0 yaw:0.0] 
1622683640630 [vl:0.0 vr:0.0 yaw:0.0] 
1622683640677 [vl:0.0 vr:0.0 yaw:0.0] 
1622683640728 [vl:0.0 vr:0.0 yaw:0.0] 
1622683640770 [vl:0.0 vr:0.0 yaw:0.0] 
1622683640825 [vl:0.0 vr:0.0 yaw:0.0] 
1622683640876 [vl:0.0 vr:0.0 yaw:0.0] 
1622683640933 [vl:0.0 vr:0.0 yaw:0.0] 
1622683640980 [vl:0.0 vr:0.0 yaw:0.0] 
1622683641029 [vl:0.0 vr:0.0 yaw:0.0] 
1622683641094 [vl:0.0 vr:0.0 yaw:0.0] 
1622683641128 [vl:0.0 vr:0.0 yaw:0.0] 
1622683641180 [vl:0.0 vr:0.0 yaw:0.0] 
1622683641229 [vl:0.0 vr:0.0 yaw:0.0] 
1622683641277 [vl:0.0 vr:0.0 yaw:0.0] 
1622683641331 [vl:0.0 vr:0.0 yaw:0.0] 
1622683641382 [vl:0.0 vr:0.0 yaw:0.0] 
1622683641424 [vl:0.0 vr:0.0 yaw:0.0] 
1622683641477 [vl:0.0 vr:0.0 yaw:0.0] 
1622683641536 [vl:0.0 vr:0.0 yaw:0.0] 
1622683641577 [vl:0.0 vr:0.0 yaw:0.0] 
1622683641647 [vl:0.0 vr:0.0 yaw:0.0] 
1622683641691 [vl:0.0 vr:0.0 yaw:0.0] 
1622683641732 [vl:0.0 vr:0.0 yaw:0.0] 
1622683641780 [vl:0.0 vr:0.0 yaw:0.0] 
1622683641824 [vl:0.0 vr:0.0 yaw:0.0] 
1622683641887 [vl:0.0 vr:0.0 yaw:0.0] 
1622683641924 [vl:0.0 vr:0.0 yaw:0.0] 
1622683642031 [vl:0.0 vr:0.0 yaw:0.0] 
1622683642044 [vl:0.0 vr:0.0 yaw:0.0] 
1622683642080 [vl:0.0 vr:0.0 yaw:0.0] 
1622683642144 [vl:0.0 vr:0.0 yaw:0.0] 
1622683642185 [vl:0.0 vr:0.0 yaw:0.0] 
1622683642240 [vl:0.0 vr:0.0 yaw:0.0] 
1622683642280 [vl:0.0 vr:0.0 yaw:0.0] 
1622683642326 [vl:0.0 vr:0.0 yaw:0.0] 
1622683642419 [vl:0.0 vr:0.0 yaw:0.0] 
1622683642433 [vl:0.0 vr:0.0 yaw:0.0] 
1622683642489 [vl:0.0 vr:0.0 yaw:0.0] 
1622683642524 [vl:0.0 vr:0.0 yaw:0.0] 
1622683642595 [vl:0.0 vr:0.0 yaw:0.0] 
1622683642664 [vl:0.0 vr:0.0 yaw:0.0] 
1622683642693 [vl:0.0 vr:0.0 yaw:0.0] 
1622683642730 [vl:0.0 vr:0.0 yaw:0.0] 
1622683642797 [vl:0.0 vr:0.0 yaw:0.0] 
1622683642824 [vl:0.0 vr:0.0 yaw:0.0] 
1622683642902 [vl:0.0 vr:0.0 yaw:0.0] 
1622683642929 [vl:0.0 vr:0.0 yaw:0.0] 
1622683642983 [vl:0.0 vr:0.0 yaw:0.0] 
1622683643024 [vl:0.0 vr:0.0 yaw:0.0] 
1622683643077 [vl:0.0 vr:0.0 yaw:0.0] 
1622683643132 [vl:0.0 vr:0.0 yaw:0.0] 
1622683643190 [vl:0.0 vr:0.0 yaw:0.0] 
1622683643228 [vl:0.0 vr:0.0 yaw:0.0] 
1622683643277 [vl:0.0 vr:0.0 yaw:0.0] 
1622683643328 [vl:0.0 vr:0.0 yaw:0.0] 
1622683643377 [vl:0.0 vr:0.0 yaw:0.0] 
1622683643424 [vl:0.0 vr:0.0 yaw:0.0] 
1622683643476 [vl:0.0 vr:0.0 yaw:0.0] 
1622683643524 [vl:0.0 vr:0.0 yaw:0.0] 
1622683643577 [vl:0.0 vr:0.0 yaw:0.0] 
1622683643628 [vl:0.0 vr:0.0 yaw:0.0] 
1622683643676 [vl:0.0 vr:0.0 yaw:0.0] 
1622683643725 [vl:0.0 vr:0.0 yaw:0.0] 
1622683643780 [vl:0.0 vr:0.0 yaw:0.0] 
1622683643824 [vl:0.0 vr:0.0 yaw:0.0] 
1622683643877 [vl:0.0 vr:0.0 yaw:0.0] 
1622683643924 [vl:0.0 vr:0.0 yaw:0.0] 
1622683643976 [vl:0.0 vr:0.0 yaw:0.0] 
1622683644028 [vl:0.0 vr:0.0 yaw:0.0] 
1622683644076 [vl:0.0 vr:0.0 yaw:0.0] 
1622683644129 [vl:0.0 vr:0.0 yaw:0.0] 
1622683644188 [vl:0.0 vr:0.0 yaw:0.0] 
1622683644230 [vl:0.0 vr:0.0 yaw:0.0] 
1622683644282 [vl:0.0 vr:0.0 yaw:0.0] 
1622683644327 [vl:0.0 vr:0.0 yaw:0.0] 
1622683644385 [vl:0.0 vr:0.0 yaw:0.0] 
1622683644424 [vl:0.0 vr:0.0 yaw:0.0] 
1622683644481 [vl:0.0 vr:0.0 yaw:0.0] 
1622683644524 [vl:0.0 vr:0.0 yaw:0.0] 
1622683644577 [vl:0.0 vr:0.0 yaw:0.0] 
1622683644651 [vl:0.0 vr:0.0 yaw:0.0] 
1622683644680 [vl:0.0 vr:0.0 yaw:0.0] 
1622683644726 [vl:0.0 vr:0.0 yaw:0.0] 
1622683644777 [vl:0.0 vr:0.0 yaw:0.0] 
1622683644830 [vl:0.0 vr:0.0 yaw:0.0] 
1622683644880 [vl:0.0 vr:0.0 yaw:0.0] 
1622683644924 [vl:0.0 vr:0.0 yaw:0.0] 
1622683644976 [vl:0.0 vr:0.0 yaw:0.0] 
1622683645025 [vl:0.0 vr:0.0 yaw:0.0] 
1622683645077 [vl:0.0 vr:0.0 yaw:0.0] 
1622683645124 [vl:0.0 vr:0.0 yaw:0.0] 
1622683645176 [vl:0.0 vr:0.0 yaw:0.0] 
1622683645233 [vl:0.0 vr:0.0 yaw:0.0] 
1622683645279 [vl:0.0 vr:0.0 yaw:0.0] 
1622683645334 [vl:0.0 vr:0.0 yaw:0.0] 
1622683645376 [vl:0.0 vr:0.0 yaw:0.0] 
1622683645429 [vl:0.0 vr:0.0 yaw:0.0] 
1622683645479 [vl:0.0 vr:0.0 yaw:0.0] 
1622683645524 [vl:0.0 vr:0.0 yaw:0.0] 
1622683645576 [vl:0.0 vr:0.0 yaw:0.0] 
1622683645624 [vl:0.0 vr:0.0 yaw:0.0] 
1622683645676 [vl:0.0 vr:0.0 yaw:0.0] 
1622683645725 [vl:0.0 vr:0.0 yaw:0.0] 
1622683645781 [vl:0.0 vr:0.0 yaw:0.0] 
1622683645828 [vl:0.0 vr:0.0 yaw:0.0] 
1622683645894 [vl:0.0 vr:0.0 yaw:0.0] 
1622683645928 [vl:0.0 vr:0.0 yaw:0.0] 
1622683645976 [vl:0.0 vr:0.0 yaw:0.0] 
1622683646024 [vl:0.0 vr:0.0 yaw:0.0] 
1622683646079 [vl:0.0 vr:0.0 yaw:0.0] 
1622683646128 [vl:0.0 vr:0.0 yaw:0.0] 
1622683646176 [vl:0.0 vr:0.0 yaw:0.0] 
1622683646241 [vl:0.0 vr:0.0 yaw:0.0] 
1622683646276 [vl:0.0 vr:0.0 yaw:0.0] 
1622683646324 [vl:0.0 vr:0.0 yaw:0.0] 
1622683646377 [vl:0.0 vr:0.0 yaw:0.0] 
1622683646444 [vl:0.0 vr:0.0 yaw:0.0] 
1622683646482 [vl:0.0 vr:0.0 yaw:0.0] 
1622683646525 [vl:0.0 vr:0.0 yaw:0.0] 
1622683646579 [vl:0.0 vr:0.0 yaw:0.0] 
1622683646624 [vl:0.0 vr:0.0 yaw:0.0] 
1622683646676 [vl:0.0 vr:0.0 yaw:0.0] 
1622683646732 [vl:0.0 vr:0.0 yaw:0.0] 
1622683646776 [vl:0.0 vr:0.0 yaw:0.0] 
1622683646824 [vl:0.0 vr:0.0 yaw:0.0] 
1622683646876 [vl:0.0 vr:0.0 yaw:0.0] 
1622683646926 [vl:0.0 vr:0.0 yaw:0.0] 
1622683646976 [vl:0.0 vr:0.0 yaw:0.0] 
1622683647025 [vl:0.0 vr:0.0 yaw:0.0] 
1622683647080 [vl:0.0 vr:0.0 yaw:0.0] 
1622683647134 [vl:0.0 vr:0.0 yaw:0.0] 
1622683647189 [vl:0.0 vr:0.0 yaw:0.0] 
1622683647224 [vl:0.0 vr:0.0 yaw:0.0] 
1622683647277 [vl:0.0 vr:0.0 yaw:0.0] 
1622683647330 [vl:0.0 vr:0.0 yaw:0.0] 
1622683647376 [vl:0.0 vr:0.0 yaw:0.0] 
1622683647425 [vl:0.0 vr:0.0 yaw:0.0] 
1622683647478 [vl:0.0 vr:0.0 yaw:0.0] 
1622683647525 [vl:0.0 vr:0.0 yaw:0.0] 
1622683647580 [vl:0.0 vr:0.0 yaw:0.0] 
1622683647632 [vl:0.0 vr:0.0 yaw:0.0] 
1622683647676 [vl:0.0 vr:0.0 yaw:0.0] 
1622683647725 [vl:0.0 vr:0.0 yaw:0.0] 
1622683647780 [vl:0.0 vr:0.0 yaw:0.0] 
1622683647834 [vl:0.0 vr:0.0 yaw:0.0] 
1622683647876 [vl:0.0 vr:0.0 yaw:0.0] 
1622683647928 [vl:0.0 vr:0.0 yaw:0.0] 
1622683647982 [vl:0.0 vr:0.0 yaw:0.0] 
1622683648025 [vl:0.0 vr:0.0 yaw:0.0] 
1622683648086 [vl:0.0 vr:0.0 yaw:0.0] 
1622683648128 [vl:0.0 vr:0.0 yaw:0.0] 
1622683648184 [vl:0.0 vr:0.0 yaw:0.0] 
1622683648259 [vl:0.0 vr:0.0 yaw:0.0] 
1622683648293 [vl:0.0 vr:0.0 yaw:0.0] 
1622683648325 [vl:0.0 vr:0.0 yaw:0.0] 
1622683648381 [vl:0.0 vr:0.0 yaw:0.0] 
1622683648424 [vl:0.0 vr:0.0 yaw:0.0] 
1622683648476 [vl:0.0 vr:0.0 yaw:0.0] 
1622683648528 [vl:0.0 vr:0.0 yaw:0.0] 
1622683648579 [vl:0.0 vr:0.0 yaw:0.0] 
1622683648628 [vl:0.0 vr:0.0 yaw:0.0] 
1622683648684 [vl:0.0 vr:0.0 yaw:0.0] 
1622683648724 [vl:0.0 vr:0.0 yaw:0.0] 
1622683648779 [vl:0.0 vr:0.0 yaw:0.0] 
1622683648840 [vl:0.0 vr:0.0 yaw:0.0] 
1622683648880 [vl:0.0 vr:0.0 yaw:0.0] 
1622683648934 [vl:0.0 vr:0.0 yaw:0.0] 
1622683648976 [vl:0.0 vr:0.0 yaw:0.0] 
1622683649052 [vl:0.0 vr:0.0 yaw:0.0] 
1622683649076 [vl:0.0 vr:0.0 yaw:0.0] 
1622683649125 [vl:0.0 vr:0.0 yaw:0.0] 
1622683649176 [vl:0.0 vr:0.0 yaw:0.0] 
1622683649224 [vl:0.0 vr:0.0 yaw:0.0] 
1622683649276 [vl:0.0 vr:0.0 yaw:0.0] 
1622683649338 [vl:0.0 vr:0.0 yaw:0.0] 
1622683649380 [vl:0.0 vr:0.0 yaw:0.0] 
1622683649429 [vl:0.0 vr:0.0 yaw:0.0] 
1622683649477 [vl:0.0 vr:0.0 yaw:0.0] 
1622683649524 [vl:0.0 vr:0.0 yaw:0.0] 
1622683649587 [vl:0.0 vr:0.0 yaw:0.0] 
1622683649624 [vl:0.0 vr:0.0 yaw:0.0] 
1622683649676 [vl:0.0 vr:0.0 yaw:0.0] 
1622683649724 [vl:0.0 vr:0.0 yaw:0.0] 
1622683649782 [vl:0.0 vr:0.0 yaw:0.0] 
1622683649824 [vl:0.0 vr:0.0 yaw:0.0] 
1622683649876 [vl:0.0 vr:0.0 yaw:0.0] 
1622683649924 [vl:0.0 vr:0.0 yaw:0.0] 
1622683649978 [vl:0.0 vr:0.0 yaw:0.0] 
1622683650031 [vl:0.0 vr:0.0 yaw:0.0] 
1622683650091 [vl:0.0 vr:0.0 yaw:0.0] 
1622683650124 [vl:0.0 vr:0.0 yaw:0.0] 
1622683650176 [vl:0.0 vr:0.0 yaw:0.0] 
1622683650226 [vl:0.0 vr:0.0 yaw:0.0] 
1622683650284 [vl:0.0 vr:0.0 yaw:0.0] 
1622683650328 [vl:0.0 vr:0.0 yaw:0.0] 
1622683650376 [vl:0.0 vr:0.0 yaw:0.0] 
1622683650424 [vl:0.0 vr:0.0 yaw:0.0] 
1622683650476 [vl:0.0 vr:0.0 yaw:0.0] 
1622683650533 [vl:0.0 vr:0.0 yaw:0.0] 
1622683650576 [vl:0.0 vr:0.0 yaw:0.0] 
1622683650624 [vl:0.0 vr:0.0 yaw:0.0] 
1622683650681 [vl:0.0 vr:0.0 yaw:0.0] 
1622683650725 [vl:0.0 vr:0.0 yaw:0.0] 
1622683650785 [vl:0.0 vr:0.0 yaw:0.0] 
1622683650824 [vl:0.0 vr:0.0 yaw:0.0] 
1622683650881 [vl:0.0 vr:0.0 yaw:0.0] 
1622683650924 [vl:0.0 vr:0.0 yaw:0.0] 
1622683650980 [vl:0.0 vr:0.0 yaw:0.0] 
1622683651036 [vl:0.0 vr:0.0 yaw:0.0] 
1622683651082 [vl:0.0 vr:0.0 yaw:0.0] 
1622683651128 [vl:0.0 vr:0.0 yaw:0.0] 
1622683651181 [vl:0.0 vr:0.0 yaw:0.0] 
1622683651227 [vl:0.0 vr:0.0 yaw:0.0] 
1622683651278 [vl:0.0 vr:0.0 yaw:0.0] 
1622683651324 [vl:0.0 vr:0.0 yaw:0.0] 
1622683651388 [vl:0.0 vr:0.0 yaw:0.0] 
1622683651429 [vl:0.0 vr:0.0 yaw:0.0] 
1622683651481 [vl:0.0 vr:0.0 yaw:0.0] 
1622683651528 [vl:0.0 vr:0.0 yaw:0.0] 
1622683651577 [vl:0.0 vr:0.0 yaw:0.0] 
1622683651637 [vl:0.0 vr:0.0 yaw:0.0] 
1622683651679 [vl:0.0 vr:0.0 yaw:0.0] 
1622683651748 [vl:0.0 vr:0.0 yaw:0.0] 
1622683651782 [vl:0.0 vr:0.0 yaw:0.0] 
1622683651824 [vl:0.0 vr:0.0 yaw:0.0] 
1622683651877 [vl:0.0 vr:0.0 yaw:0.0] 
1622683651924 [vl:0.0 vr:0.0 yaw:0.0] 
1622683652004 [vl:0.0 vr:0.0 yaw:0.0] 
1622683652092 [vl:0.0 vr:0.0 yaw:0.0] 
1622683652112 [vl:0.0 vr:0.0 yaw:0.0] 
1622683652137 [vl:0.0 vr:0.0 yaw:0.0] 
1622683652185 [vl:0.0 vr:0.0 yaw:0.0] 
1622683652263 [vl:0.0 vr:0.0 yaw:0.0] 
1622683652276 [vl:0.0 vr:0.0 yaw:0.0] 
1622683652366 [vl:0.0 vr:0.0 yaw:0.0] 
1622683652380 [vl:0.0 vr:0.0 yaw:0.0] 
1622683652425 [vl:0.0 vr:0.0 yaw:0.0] 
1622683652478 [vl:0.0 vr:0.0 yaw:0.0] 
1622683652528 [vl:0.0 vr:0.0 yaw:0.0] 
1622683652585 [vl:0.0 vr:0.0 yaw:0.0] 
1622683652628 [vl:0.0 vr:0.0 yaw:0.0] 
1622683652680 [vl:0.0 vr:0.0 yaw:0.0] 
1622683652724 [vl:0.0 vr:0.0 yaw:0.0] 
1622683652813 [vl:0.0 vr:0.0 yaw:0.0] 
1622683652830 [vl:0.0 vr:0.0 yaw:0.0] 
1622683652881 [vl:0.0 vr:0.0 yaw:0.0] 
1622683652941 [vl:0.0 vr:0.0 yaw:0.0] 
1622683652994 [vl:0.0 vr:0.0 yaw:0.0] 
1622683653025 [vl:0.0 vr:0.0 yaw:0.0] 
1622683653076 [vl:0.0 vr:0.0 yaw:0.0] 
1622683653125 [vl:0.0 vr:0.0 yaw:0.0] 
1622683653177 [vl:0.0 vr:0.0 yaw:0.0] 
1622683653224 [vl:0.0 vr:0.0 yaw:0.0] 
1622683653276 [vl:0.0 vr:0.0 yaw:0.0] 
1622683653325 [vl:0.0 vr:0.0 yaw:0.0] 
1622683653380 [vl:0.0 vr:0.0 yaw:0.0] 
1622683653429 [vl:0.0 vr:0.0 yaw:0.0] 
1622683653484 [vl:0.0 vr:0.0 yaw:0.0] 
1622683653524 [vl:0.0 vr:0.0 yaw:0.0] 
1622683653579 [vl:0.0 vr:0.0 yaw:0.0] 
1622683653625 [vl:0.0 vr:0.0 yaw:0.0] 
1622683653680 [vl:0.0 vr:0.0 yaw:0.0] 
1622683653735 [vl:0.0 vr:0.0 yaw:0.0] 
1622683653776 [vl:0.0 vr:0.0 yaw:0.0] 
1622683653824 [vl:0.0 vr:0.0 yaw:0.0] 
1622683653900 [vl:0.0 vr:0.0 yaw:0.0] 
1622683653936 [vl:0.0 vr:0.0 yaw:0.0] 
1622683653976 [vl:0.0 vr:0.0 yaw:0.0] 
1622683654024 [vl:0.0 vr:0.0 yaw:0.0] 
1622683654088 [vl:0.0 vr:0.0 yaw:0.0] 
1622683654126 [vl:0.0 vr:0.0 yaw:0.0] 
1622683654177 [vl:0.0 vr:0.0 yaw:0.0] 
1622683654227 [vl:0.0 vr:0.0 yaw:0.0] 
1622683654277 [vl:0.0 vr:0.0 yaw:0.0] 
1622683654325 [vl:0.0 vr:0.0 yaw:0.0] 
1622683654376 [vl:0.0 vr:0.0 yaw:0.0] 
1622683654433 [vl:0.0 vr:0.0 yaw:0.0] 
1622683654481 [vl:0.0 vr:0.0 yaw:0.0] 
1622683654524 [vl:0.0 vr:0.0 yaw:0.0] 
1622683654580 [vl:0.0 vr:0.0 yaw:0.0] 
1622683654624 [vl:0.0 vr:0.0 yaw:0.0] 
1622683654682 [vl:0.0 vr:0.0 yaw:0.0] 
1622683654725 [vl:0.0 vr:0.0 yaw:0.0] 
1622683654776 [vl:0.0 vr:0.0 yaw:0.0] 
1622683654825 [vl:0.0 vr:0.0 yaw:0.0] 
1622683654893 [vl:0.0 vr:0.0 yaw:0.0] 
1622683654935 [vl:0.0 vr:0.0 yaw:0.0] 
1622683654977 [vl:0.0 vr:0.0 yaw:0.0] 
1622683655024 [vl:0.0 vr:0.0 yaw:0.0] 
1622683655076 [vl:0.0 vr:0.0 yaw:0.0] 
1622683655124 [vl:0.0 vr:0.0 yaw:0.0] 
1622683655180 [vl:0.0 vr:0.0 yaw:0.0] 
1622683655230 [vl:0.0 vr:0.0 yaw:0.0] 
1622683655278 [vl:0.0 vr:0.0 yaw:0.0] 
1622683655328 [vl:0.0 vr:0.0 yaw:0.0] 
1622683655376 [vl:0.0 vr:0.0 yaw:0.0] 
1622683655424 [vl:0.0 vr:0.0 yaw:0.0] 
1622683655480 [vl:0.0 vr:0.0 yaw:0.0] 
1622683655549 [vl:0.0 vr:0.0 yaw:0.0] 
1622683655585 [vl:0.0 vr:0.0 yaw:0.0] 
1622683655630 [vl:0.0 vr:0.0 yaw:0.0] 
1622683655677 [vl:0.0 vr:0.0 yaw:0.0] 
1622683655724 [vl:0.0 vr:0.0 yaw:0.0] 
1622683655785 [vl:0.0 vr:0.0 yaw:0.0] 
1622683655828 [vl:0.0 vr:0.0 yaw:0.0] 
1622683655877 [vl:0.0 vr:0.0 yaw:0.0] 
1622683655924 [vl:0.0 vr:0.0 yaw:0.0] 
1622683655976 [vl:0.0 vr:0.0 yaw:0.0] 
1622683656026 [vl:0.0 vr:0.0 yaw:0.0] 
1622683656081 [vl:0.0 vr:0.0 yaw:0.0] 
1622683656124 [vl:0.0 vr:0.0 yaw:0.0] 
1622683656177 [vl:0.0 vr:0.0 yaw:0.0] 
1622683656228 [vl:0.0 vr:0.0 yaw:0.0] 
1622683656284 [vl:0.0 vr:0.0 yaw:0.0] 
1622683656324 [vl:0.0 vr:0.0 yaw:0.0] 
1622683656378 [vl:0.0 vr:0.0 yaw:0.0] 
1622683656424 [vl:0.0 vr:0.0 yaw:0.0] 
1622683656477 [vl:0.0 vr:0.0 yaw:0.0] 
1622683656524 [vl:0.0 vr:0.0 yaw:0.0] 
1622683656576 [vl:0.0 vr:0.0 yaw:0.0] 
1622683656624 [vl:0.0 vr:0.0 yaw:0.0] 
1622683656676 [vl:0.0 vr:0.0 yaw:0.0] 
1622683656726 [vl:0.0 vr:0.0 yaw:0.0] 
1622683656777 [vl:0.0 vr:0.0 yaw:0.0] 
1622683656824 [vl:0.0 vr:0.0 yaw:0.0] 
1622683656881 [vl:0.0 vr:0.0 yaw:0.0] 
1622683656924 [vl:0.0 vr:0.0 yaw:0.0] 
1622683656977 [vl:0.0 vr:0.0 yaw:0.0] 
1622683657025 [vl:0.0 vr:0.0 yaw:0.0] 
1622683657076 [vl:0.0 vr:0.0 yaw:0.0] 
1622683657124 [vl:0.0 vr:0.0 yaw:0.0] 
1622683657184 [vl:0.0 vr:0.0 yaw:0.0] 
1622683657224 [vl:0.0 vr:0.0 yaw:0.0] 
1622683657279 [vl:0.0 vr:0.0 yaw:0.0] 
1622683657329 [vl:0.0 vr:0.0 yaw:0.0] 
1622683657400 [vl:0.0 vr:0.0 yaw:0.0] 
1622683657436 [vl:0.0 vr:0.0 yaw:0.0] 
1622683657476 [vl:0.0 vr:0.0 yaw:0.0] 
1622683657524 [vl:0.0 vr:0.0 yaw:0.0] 
1622683657576 [vl:0.0 vr:0.0 yaw:0.0] 
1622683657630 [vl:0.0 vr:0.0 yaw:0.0] 
1622683657692 [vl:0.0 vr:0.0 yaw:0.0] 
1622683657741 [vl:0.0 vr:0.0 yaw:0.0] 
1622683657797 [vl:0.0 vr:0.0 yaw:0.0] 
1622683657829 [vl:0.0 vr:0.0 yaw:0.0] 
1622683657877 [vl:0.0 vr:0.0 yaw:0.0] 
1622683657920 [vl:0.0 vr:0.0 yaw:0.0] 
1622683658016 [vl:0.0 vr:0.0 yaw:0.0] 
1622683658028 [vl:0.0 vr:0.0 yaw:0.0] 
1622683658076 [vl:0.0 vr:0.0 yaw:0.0] 
1622683658124 [vl:0.0 vr:0.0 yaw:0.0] 
1622683658179 [vl:0.0 vr:0.0 yaw:0.0] 
1622683658232 [vl:0.0 vr:0.0 yaw:0.0] 
1622683658281 [vl:0.0 vr:0.0 yaw:0.0] 
1622683658331 [vl:0.0 vr:0.0 yaw:0.0] 
1622683658376 [vl:0.0 vr:0.0 yaw:0.0] 
1622683658424 [vl:0.0 vr:0.0 yaw:0.0] 
1622683658476 [vl:0.0 vr:0.0 yaw:0.0] 
1622683658526 [vl:0.0 vr:0.0 yaw:0.0] 
1622683658580 [vl:0.0 vr:0.0 yaw:0.0] 
1622683658631 [vl:0.0 vr:0.0 yaw:0.0] 
1622683658679 [vl:0.0 vr:0.0 yaw:0.0] 
1622683658736 [vl:0.0 vr:0.0 yaw:0.0] 
1622683658780 [vl:0.0 vr:0.0 yaw:0.0] 
1622683658824 [vl:0.0 vr:0.0 yaw:0.0] 
1622683658879 [vl:0.0 vr:0.0 yaw:0.0] 
1622683658924 [vl:0.0 vr:0.0 yaw:0.0] 
1622683658976 [vl:0.0 vr:0.0 yaw:0.0] 
1622683659027 [vl:0.0 vr:0.0 yaw:0.0] 
1622683659081 [vl:0.0 vr:0.0 yaw:0.0] 
1622683659152 [vl:0.0 vr:0.0 yaw:0.0] 
1622683659179 [vl:0.0 vr:0.0 yaw:0.0] 
1622683659225 [vl:0.0 vr:0.0 yaw:0.0] 
1622683659305 [vl:0.0 vr:0.0 yaw:0.0] 
1622683659330 [vl:0.0 vr:0.0 yaw:0.0] 
1622683659381 [vl:0.0 vr:0.0 yaw:0.0] 
1622683659434 [vl:0.0 vr:0.0 yaw:0.0] 
1622683659479 [vl:0.0 vr:0.0 yaw:0.0] 
1622683659528 [vl:0.0 vr:0.0 yaw:0.0] 
1622683659579 [vl:0.0 vr:0.0 yaw:0.0] 
1622683659639 [vl:0.0 vr:0.0 yaw:0.0] 
1622683659677 [vl:0.0 vr:0.0 yaw:0.0] 
1622683659728 [vl:0.0 vr:0.0 yaw:0.0] 
1622683659799 [vl:0.0 vr:0.0 yaw:0.0] 
1622683659835 [vl:0.0 vr:0.0 yaw:0.0] 
1622683659884 [vl:0.0 vr:0.0 yaw:0.0] 
1622683659924 [vl:0.0 vr:0.0 yaw:0.0] 
1622683659976 [vl:0.0 vr:0.0 yaw:0.0] 
1622683660025 [vl:0.0 vr:0.0 yaw:0.0] 
1622683660087 [vl:0.0 vr:0.0 yaw:0.0] 
1622683660127 [vl:0.0 vr:0.0 yaw:0.0] 
1622683660177 [vl:0.0 vr:0.0 yaw:0.0] 
1622683660229 [vl:0.0 vr:0.0 yaw:0.0] 
1622683660276 [vl:0.0 vr:0.0 yaw:0.0] 
1622683660330 [vl:0.0 vr:0.0 yaw:0.0] 
1622683660393 [vl:0.0 vr:0.0 yaw:0.0] 
1622683660428 [vl:0.0 vr:0.0 yaw:0.0] 
1622683660476 [vl:0.0 vr:0.0 yaw:0.0] 
1622683660528 [vl:0.0 vr:0.0 yaw:0.0] 
1622683660576 [vl:0.0 vr:0.0 yaw:0.0] 
1622683660635 [vl:0.0 vr:0.0 yaw:0.0] 
1622683660677 [vl:0.0 vr:0.0 yaw:0.0] 
1622683660728 [vl:0.0 vr:0.0 yaw:0.0] 
1622683660776 [vl:0.0 vr:0.0 yaw:0.0] 
1622683660848 [vl:0.0 vr:0.0 yaw:0.0] 
1622683660899 [vl:0.0 vr:0.0 yaw:0.0] 
1622683660948 [vl:0.0 vr:0.0 yaw:0.0] 
1622683660980 [vl:0.0 vr:0.0 yaw:0.0] 
1622683661028 [vl:0.0 vr:0.0 yaw:0.0] 
1622683661076 [vl:0.0 vr:0.0 yaw:0.0] 
1622683661155 [vl:0.0 vr:0.0 yaw:0.0] 
1622683661183 [vl:0.0 vr:0.0 yaw:0.0] 
1622683661225 [vl:0.0 vr:0.0 yaw:0.0] 
1622683661277 [vl:0.0 vr:0.0 yaw:0.0] 
1622683661324 [vl:0.0 vr:0.0 yaw:0.0] 
1622683661382 [vl:0.0 vr:0.0 yaw:0.0] 
1622683661448 [vl:0.0 vr:0.0 yaw:0