1621064501600 [Opening serial port: /dev/ttyTHS1.] 
1621064501907 [The robot is connected to ] [/dev/ttyTHS1] 
1621064501907 [Initial robot's topic...] 
1621064501914 [Start initializing navigation] 
1621064501914 [Start initializing navigation topic] 
1621064501961 [Initialization navigation topic finished] 
1621064501965 [Initialization navigation finished] 
1621064501974 [Update odom] 
1621064502097 [vx:0.0 vy:0.0 vth:0.0 yaw:0.0] 
1621064502103 [delta_X:0 delta_y:0 status:True] 
1621064502104 [Update odom] 
1621064502220 [vx:0.0 vy:0.0 vth:0.0 yaw:0.0] 
1621064502231 [delta_X:0 delta_y:0 status:True] 
1621064502232 [Update odom] 
1621064502346 [vx:0.0 vy:0.0 vth:0.0 yaw:0.0] 
1621064502351 [delta_X:0 delta_y:0 status:True] 
1621064502355 [Update odom] 
1621064502468 [vx:0.0 vy:0.0 vth:0.0 yaw:0.0] 
1621064502475 [delta_X:0 delta_y:0 status:True] 
1621064502476 [Update odom] 
1621064502586 [vx:0.0 vy:0.0 vth:0.0 yaw:0.0] 
1621064502597 [delta_X:0 delta_y:0 status:True] 
1621064502608 [Update odom] 
1621064502727 [vx:0.0 vy:0.0 vth:0.0 yaw:0.0] 
1621064502738 [delta_X:0 delta_y:0 status:True] 
1621064502739 [Update odom] 
1621064502850 [vx:0.0 vy:0.0 vth:0.0 yaw:0.0] 
1621064502860 [delta_X:0 delta_y:0 status:True] 
1621064502862 [Update odom] 
1621064502978 [vx:0.0 vy:0.0 vth:0.0 yaw:0.0] 
1621064502994 [delta_X:0 delta_y:0 status:True] 
1621064502996 [Update odom] 
1621064503117 [vx:0.0 vy:0.0 vth:0.0 yaw:0.0] 
1621064503121 [delta_X:0 delta_y:0 status:True] 
1621064503122 [Update odom] 
1621064503234 [vx:0.0 vy:0.0 vth:0.0 yaw:0.0] 
1621064503238 [delta_X:0 delta_y:0 status:True] 
1621064503239 [Update odom] 
1621064503317 [log_latest_command] [[ b y t e a r r a y ( b ' \ x a a \ x f f \ x a 0 \ x 0 2 I \ n \ r ' ) ]] 
1621064503369 [vx:0.0 vy:0.0 vth:0.0 yaw:0.0] 
1621064503381 [delta_X:0.0 delta_y:0.0 status:False] 
1621064503383 [Update odom] 
1621064503502 [vx:0.0 vy:0.0 vth:0.0 yaw:0.0] 
1621064503507 [delta_X:0.0 delta_y:0.0 status:False] 
1621064503508 [Update odom] 
1621064503617 [vx:0.0 vy:0.0 vth:0.0 yaw:0.0] 
1621064503624 [delta_X:0.0 delta_y:0.0 status:False] 
1621064503626 [Update odom] 
1621064503736 [vx:0.0 vy:0.0 vth:0.0 yaw:0.0] 
1621064503741 [delta_X:0.0 delta_y:0.0 status:False] 
1621064503744 [Update odom] 
1621064503861 [vx:0.0 vy:0.0 vth:0.0 yaw:0.0] 
1621064503873 [delta_X:0.0 delta_y:0.0 status:False] 
1621064503878 [Update odom] 
1621064503974 [log_latest_command] [[ b y t e a r r a y ( b ' \ x a a \ x f f \ x a 0 \ x 0 2 I \ n \ r ' ) ]] 
1621064503992 [vx:0.0 vy:0.0 vth:0.0 yaw:0.0] 
1621064504000 [delta_X:0.0 delta_y:0.0 status:False] 
1621064504003 [Update odom] 
1621064504119 [vx:0.0 vy:0.0 vth:0.0 yaw:0.0] 
1621064504124 [delta_X:0.0 delta_y:0.0 status:False] 
1621064504127 [Update odom] 
1621064504242 [vx:0.0 vy:0.0 vth:0.0 yaw:0.0] 
1621064504248 [delta_X:0.0 delta_y:0.0 status:False] 
1621064504251 [Update odom] 
1621064504364 [vx:0.0 vy:0.0 vth:0.0 yaw:0.0] 
1621064504368 [delta_X:0.0 delta_y:0.0 status:False] 
1621064504379 [Update odom] 
1621064504498 [vx:0.0 vy:0.0 vth:0.0 yaw:0.0] 
1621064504503 [delta_X:0.0 delta_y:0.0 status:False] 
1621064504505 [Update odom] 
1621064504617 [vx:0.0 vy:0.0 vth:0.0 yaw:0.0] 
1621064504621 [delta_X:0.0 delta_y:0.0 status:False] 
1621064504621 [Update odom] 
1621064504740 [vx:0.0 vy:0.0 vth:0.0 yaw:0.0] 
1621064504746 [delta_X:0.0 delta_y:0.0 status:False] 
1621064504747 [Update odom] 
1621064504858 [vx:0.0 vy:0.0 vth:0.0 yaw:0.0] 
1621064504863 [delta_X:0.0 delta_y:0.0 status:False] 
1621064504864 [Update odom] 
1621064504976 [vx:0.0 vy:0.0 vth:0.0 yaw:0.0] 
1621064504981 [delta_X:0.0 delta_y:0.0 status:False] 
1621064504982 [Update odom] 
1621064505103 [vx:0.0 vy:0.0 vth:0.0 yaw:0.0] 
1621064505115 [delta_X:0.0 delta_y:0.0 status:False] 
1621064505116 [Update odom] 
1621064505228 [vx:0.0 vy:0.0 vth:0.0 yaw:0.0] 
1621064505233 [delta_X:0.0 delta_y:0.0 status:False] 
1621064505235 [Update odom] 
1621064505354 [vx:0.0 vy:0.0 vth:0.0 yaw:0.0] 
1621064505361 [delta_X:0.0 delta_y:0.0 status:False] 
1621064505363 [Update odom] 
1621064505488 [vx:0.0 vy:0.0 vth:0.0 yaw:0.0] 
1621064505500 [delta_X:0.0 delta_y:0.0 status:False] 
1621064505502 [Update odom] 
1621064505614 [vx:0.0 vy:0.0 vth:0.0 yaw:0.0] 
1621064505632 [delta_X:0.0 delta_y:0.0 status:False] 
1621064505636 [Update odom] 
1621064505748 [vx:0.0 vy:0.0 vth:0.0 yaw:0.0] 
1621064505765 [delta_X:0.0 delta_y:0.0 status:False] 
1621064505766 [Update odom] 
1621064505885 [vx:0.0 vy:0.0 vth:0.0 yaw:0.0] 
1621064505891 [delta_X:0.0 delta_y:0.0 status:False] 
1621064505892 [Update odom] 
1621064506007 [vx:0.0 vy:0.0 vth:0.0 yaw:0.0] 
1621064506025 [delta_X:0.0 delta_y:0.0 status:False] 
1621064506030 [Update odom] 
1621064506152 [vx:0.0 vy:0.0 vth:0.0 yaw:0.0] 
1621064506158 [delta_X:0.0 delta_y:0.0 status:False] 
1621064506159 [Update odom] 
1621064506276 [vx:0.0 vy:0.0 vth:0.0 yaw:0.0] 
1621064506281 [delta_X:0.0 delta_y:0.0 status:False] 
1621064506283 [Update odom] 
1621064506410 [vx:0.0 vy:0.0 vth:0.0 yaw:0.0] 
1621064506423 [delta_X:0.0 delta_y:0.0 status:False] 
1621064506424 [Update odom] 
1621064506542 [vx:0.0 vy:0.0 vth:0.0 yaw:0.0] 
1621064506548 [delta_X:0.0 delta_y:0.0 status:False] 
1621064506549 [Update odom] 
1621064506665 [vx:0.0 vy:0.0 vth:0.0 yaw:0.0] 
1621064506670 [delta_X:0.0 delta_y:0.0 status:False] 
1621064506672 [Update odom] 
1621064506791 [vx:0.0 vy:0.0 vth:0.0 yaw:0.0] 
1621064506796 [delta_X:0.0 delta_y:0.0 status:False] 
1621064506799 [Update odom] 
1621064506916 [vx:0.0 vy:0.0 vth:0.0 yaw:0.0] 
1621064506921 [delta_X:0.0 delta_y:0.0 status:False] 
1621064506923 [Update odom] 
1621064507034 [vx:0.0 vy:0.0 vth:0.0 yaw:0.0] 
1621064507038 [delta_X:0.0 delta_y:0.0 status:False] 
1621064507040 [Update odom] 
1621064507156 [vx:0.0 vy:0.0 vth:0.0 yaw:0.0] 
1621064507164 [delta_X:0.0 delta_y:0.0 status:False] 
1621064507176 [Update odom] 
1621064507297 [vx:0.0 vy:0.0 vth:0.0 yaw:0.0] 
1621064507304 [delta_X:0.0 delta_y:0.0 status:False] 
1621064507307 [Update odom] 
1621064507421 [vx:0.0 vy:0.0 vth:0.0 yaw:0.0] 
1621064507425 [delta_X:0.0 delta_y:0.0 status:False] 
1621064507426 [Update odom] 
1621064507538 [vx:0.0 vy:0.0 vth:0.0 yaw:0.0] 
1621064507539 [log_latest_command] [[ b y t e a r r a y ( b ' \ x a a \ x f f \ x a 0 \ x 0 2 I \ n \ r ' ) ]] 
1621064507543 [delta_X:0.0 delta_y:0.0 status:False] 
1621064507548 [Update odom] 
1621064507693 [vx:0.0 vy:0.0 vth:0.0 yaw:0.0] 
1621064507702 [delta_X:0.0 delta_y:0.0 status:False] 
1621064507703 [Update odom] 
1621064507815 [vx:0.0 vy:0.0 vth:0.0 yaw:0.0] 
1621064507822 [delta_X:0.0 delta_y:0.0 status:False] 
1621064507824 [Update odom] 
1621064507944 [vx:0.0 vy:0.0 vth:0.0 yaw:0.0] 
1621064507953 [delta_X:0 delta_y:0 status:True] 
1621064507954 [Update odom] 
1621064508064 [vx:0.0 vy:0.0 vth:0.0 yaw:0.0] 
1621064508069 [delta_X:0 delta_y:0 status:True] 
1621064508070 [Update odom] 
1621064508188 [vx:0.0 vy:0.0 vth:0.0 yaw:0.0] 
1621064508194 [delta_X:0 delta_y:0 status:True] 
1621064508196 [Update odom] 
1621064508309 [vx:0.0 vy:0.0 vth:0.0 yaw:0.0] 
1621064508322 [delta_X:0 delta_y:0 status:True] 
1621064508332 [Update odom] 
1621064508464 [vx:0.0 vy:0.0 vth:0.0 yaw:0.0] 
1621064508470 [delta_X:0 delta_y:0 status:True] 
1621064508471 [Update odom] 
1621064508581 [vx:0.0 vy:0.0 vth:0.0 yaw:0.0] 
1621064508584 [delta_X:0 delta_y:0 status:True] 
1621064508585 [Update odom] 
1621064508713 [vx:0.0 vy:0.0 vth:0.0 yaw:0.0] 
1621064508724 [delta_X:0 delta_y:0 status:True] 
1621064508725 [Update odom] 
1621064508856 [vx:0.0 vy:0.0 vth:0.0 yaw:0.0] 
1621064508861 [delta_X:0 delta_y:0 status:True] 
1621064508862 [Update odom] 
1621064508982 [vx:0.0 vy:0.0 vth:0.0 yaw:0.0] 
1621064508990 [delta_X:0 delta_y:0 status:True] 
1621064508991 [Update odom] 
1621064509102 [vx:0.0 vy:0.0 vth:0.0 yaw:0.0] 
1621064509107 [delta_X:0 delta_y:0 status:True] 
1621064509107 [Update odom] 
1621064509220 [vx:0.0 vy:0.0 vth:0.0 yaw:0.0] 
1621064509226 [delta_X:0 delta_y:0 status:True] 
1621064509227 [Update odom] 
1621064509357 [vx:0.0 vy:0.0 vth:0.0 yaw:0.0] 
1621064509381 [delta_X:0 delta_y:0 status:True] 
1621064509382 [Update odom] 
1621064509494 [vx:0.0 vy:0.0 vth:0.0 yaw:0.0] 
1621064509503 [delta_X:0 delta_y:0 status:True] 
1621064509504 [Update odom] 
1621064509626 [vx:0.0 vy:0.0 vth:0.0 yaw:0.0] 
1621064509630 [delta_X:0 delta_y:0 status:True] 
1621064509632 [Update odom] 
1621064509746 [vx:0.0 vy:0.0 vth:0.0 yaw:0.0] 
1621064509752 [delta_X:0 delta_y:0 status:True] 
1621064509753 [Update odom] 
1621064509864 [vx:0.0 vy:0.0 vth:0.0 yaw:0.0] 
1621064509878 [delta_X:0 delta_y:0 status:True] 
1621064509878 [Update odom] 
1621064509998 [vx:0.0 vy:0.0 vth:0.0 yaw:0.0] 
1621064510004 [delta_X:0 delta_y:0 status:True] 
1621064510014 [Update odom] 
1621064510138 [vx:0.0 vy:0.0 vth:0.0 yaw:0.0] 
1621064510148 [delta_X:0 delta_y:0 status:True] 
1621064510156 [Update odom] 
1621064510291 [vx:0.0 vy:0.0 vth:0.0 yaw:0.0] 
1621064510303 [delta_X:0 delta_y:0 status:True] 
1621064510304 [Update odom] 
1621064510413 [vx:0.0 vy:0.0 vth:0.0 yaw:0.0] 
1621064510416 [delta_X:0 delta_y:0 status:True] 
1621064510418 [Update odom] 
1621064510534 [vx:0.0 vy:0.0 vth:0.0 yaw:0.0] 
1621064510541 [delta_X:0 delta_y:0 status:True] 
1621064510544 [Update odom] 
1621064510655 [vx:0.0 vy:0.0 vth:0.0 yaw:0.0] 
1621064510661 [delta_X:0 delta_y:0 status:True] 
1621064510667 [Update odom] 
1621064510781 [vx:0.0 vy:0.0 vth:0.0 yaw:0.0] 
1621064510794 [delta_X:0 delta_y:0 status:True] 
1621064510795 [Update odom] 
1621064510911 [vx:0.0 vy:0.0 vth:0.0 yaw:0.0] 
1621064510927 [delta_X:0 delta_y:0 status:True] 
1621064510928 [Update odom] 
1621064511045 [vx:0.0 vy:0.0 vth:0.0 yaw:0.0] 
1621064511055 [delta_X:0 delta_y:0 status:True] 
1621064511062 [Update odom] 
1621064511183 [vx:0.0 vy:0.0 vth:0.0 yaw:0.0] 
1621064511197 [delta_X:0 delta_y:0 status:True] 
1621064511206 [Update odom] 
1621064511316 [vx:0.0 vy:0.0 vth:0.0 yaw:0.0] 
1621064511324 [delta_X:0 delta_y:0 status:True] 
1621064511326 [Update odom] 
1621064511451 [vx:0.0 vy:0.0 vth:0.0 yaw:0.0] 
1621064511465 [delta_X:0 delta_y:0 status:True] 
1621064511470 [Update odom] 
1621064511582 [vx:0.0 vy:0.0 vth:0.0 yaw:0.0] 
1621064511589 [delta_X:0 delta_y:0 status:True] 
1621064511592 [Update odom] 
1621064511726 [vx:0.0 vy:0.0 vth:0.0 yaw:0.0] 
1621064511741 [delta_X:0 delta_y:0 status:True] 
1621064511743 [Update odom] 
1621064511852 [vx:0.0 vy:0.0 vth:0.0 yaw:0.0] 
1621064511856 [delta_X:0 delta_y:0 status:True] 
1621064511858 [Update odom] 
1621064511981 [vx:0.0 vy:0.0 vth:0.0 yaw:0.0] 
1621064511986 [delta_X:0 delta_y:0 status:True] 
1621064511988 [Update odom] 
1621064512107 [vx:0.0 vy:0.0 vth:0.0 yaw:0.0] 
1621064512115 [delta_X:0 delta_y:0 status:True] 
1621064512116 [Update odom] 
1621064512237 [vx:0.0 vy:0.0 vth:0.0 yaw:0.0] 
1621064512241 [delta_X:0 delta_y:0 status:True] 
1621064512242 [Update odom] 
1621064512356 [vx:0.0 vy:0.0 vth:0.0 yaw:0.0] 
1621064512364 [delta_X:0 delta_y:0 status:True] 
1621064512365 [Update odom] 
1621064512487 [vx:0.0 vy:0.0 vth:0.0 yaw:0.0] 
1621064512495 [delta_X:0 delta_y:0 status:True] 
1621064512496 [Update odom] 
1621064512614 [vx:0.0 vy:0.0 vth:0.0 yaw:0.0] 
1621064512617 [delta_X:0 delta_y:0 status:True] 
1621064512619 [Update odom] 
1621064512744 [vx:0.0 vy:0.0 vth:0.0 yaw:0.0] 
1621064512753 [delta_X:0 delta_y:0 status:True] 
1621064512755 [Update odom] 
1621064512872 [vx:0.0 vy:0.0 vth:0.0 yaw:0.0] 
1621064512878 [delta_X:0 delta_y:0 status:True] 
1621064512880 [Update odom] 
1621064512991 [vx:0.0 vy:0.0 vth:0.0 yaw:0.0] 
1621064512996 [delta_X:0 delta_y:0 status:True] 
1621064512999 [Update odom] 
1621064513117 [vx:0.0 vy:0.0 vth:0.0 yaw:0.0] 
1621064513127 [delta_X:0 delta_y:0 status:True] 
1621064513129 [Update odom] 
1621064513244 [vx:0.0 vy:0.0 vth:0.0 yaw:0.0] 
1621064513250 [delta_X:0 delta_y:0 status:True] 
1621064513253 [Update odom] 
1621064513367 [vx:0.0 vy:0.0 vth:0.0 yaw:0.0] 
1621064513373 [delta_X:0 delta_y:0 status:True] 
1621064513375 [Update odom] 
1621064513496 [vx:0.0 vy:0.0 vth:0.0 yaw:0.0] 
1621064513503 [delta_X:0 delta_y:0 status:True] 
1621064513503 [Update odom] 
1621064513621 [vx:0.0 vy:0.0 vth:0.0 yaw:0.0] 
1621064513627 [delta_X:0 delta_y:0 status:True] 
1621064513628 [Update odom] 
1621064513741 [vx:0.0 vy:0.0 vth:0.0 yaw:0.0] 
1621064513746 [delta_X:0 delta_y:0 status:True] 
1621064513758 [Update odom] 
1621064513870 [vx:0.0 vy:0.0 vth:0.0 yaw:0.0] 
1621064513878 [delta_X:0 delta_y:0 status:True] 
1621064513881 [Update odom] 
1621064513990 [vx:0.0 vy:0.0 vth:0.0 yaw:0.0] 
1621064513993 [delta_X:0 delta_y:0 status:True] 
1621064513994 [Update odom] 
1621064514112 [vx:0.0 vy:0.0 vth:0.0 yaw:0.0] 
1621064514115 [delta_X:0 delta_y:0 status:True] 
1621064514118 [Update odom] 
1621064514228 [vx:0.0 vy:0.0 vth:0.0 yaw:0.0] 
1621064514231 [delta_X:0 delta_y:0 status:True] 
1621064514232 [Update odom] 
1621064514366 [vx:0.0 vy:0.0 vth:0.0 yaw:0.0] 
1621064514374 [delta_X:0 delta_y:0 status:True] 
1621064514375 [Update odom] 
1621064514493 [vx:0.0 vy:0.0 vth:0.0 yaw:0.0] 
1621064514502 [delta_X:0 delta_y:0 status:True] 
1621064514511 [Update odom] 
1621064514667 [vx:0.0 vy:0.0 vth:0.0 yaw:0.0] 
1621064514672 [delta_X:0 delta_y:0 status:True] 
1621064514683 [Update odom] 
1621064514791 [vx:0.0 vy:0.0 vth:0.0 yaw:0.0] 
1621064514794 [delta_X:0 delta_y:0 status:True] 
1621064514795 [Update odom] 
1621064514904 [vx:0.0 vy:0.0 vth:0.0 yaw:0.0] 
1621064514908 [delta_X:0 delta_y:0 status:True] 
1621064514909 [Update odom] 
1621064515028 [vx:0.0 vy:0.0 vth:0.0 yaw:0.0] 
1621064515035 [delta_X:0 delta_y:0 status:True] 
1621064515036 [Update odom] 
1621064515148 [vx:0.0 vy:0.0 vth:0.0 yaw:0.0] 
1621064515161 [delta_X:0 delta_y:0 status:True] 
1621064515163 [Update odom] 
1621064515273 [vx:0.0 vy:0.0 vth:0.0 yaw:0.0] 
1621064515277 [delta_X:0 delta_y:0 status:True] 
1621064515284 [Update odom] 
1621064515400 [vx:0.0 vy:0.0 vth:0.0 yaw:0.0] 
1621064515406 [delta_X:0 delta_y:0 status:True] 
1621064515411 [Update odom] 
1621064515531 [vx:0.0 vy:0.0 vth:0.0 yaw:0.0] 
1621064515537 [delta_X:0 delta_y:0 status:True] 
1621064515538 [Update odom] 
1621064515649 [vx:0.0 vy:0.0 vth:0.0 yaw:0.0] 
1621064515663 [delta_X:0 delta_y:0 status:True] 
1621064515665 [Update odom] 
1621064515785 [vx:0.0 vy:0.0 vth:0.0 yaw:0.0] 
1621064515791 [delta_X:0 delta_y:0 status:True] 
1621064515792 [Update odom] 
1621064515903 [vx:0.0 vy:0.0 vth:0.0 yaw:0.0] 
1621064515907 [delta_X:0 delta_y:0 status:True] 
1621064515909 [Update odom] 
1621064516020 [vx:0.0 vy:0.0 vth:0.0 yaw:0.0] 
1621064516028 [delta_X:0 delta_y:0 status:True] 
1621064516029 [Update odom] 
1621064516145 [vx:0.0 vy:0.0 vth:0.0 yaw:0.0] 
1621064516152 [delta_X:0 delta_y:0 status:True] 
1621064516153 [Update odom] 
1621064516262 [vx:0.0 vy:0.0 vth:0.0 yaw:0.0] 
1621064516268 [delta_X:0 delta_y:0 status:True] 
1621064516270 [Update odom] 
1621064516381 [vx:0.0 vy:0.0 vth:0.0 yaw:0.0] 
1621064516392 [delta_X:0 delta_y:0 status:True] 
1621064516393 [Update odom] 
1621064516517 [vx:0.0 vy:0.0 vth:0.0 yaw:0.0] 
1621064516531 [delta_X:0 delta_y:0 status:True] 
1621064516532 [Update odom] 
1621064516651 [vx:0.0 vy:0.0 vth:0.0 yaw:0.0] 
1621064516657 [delta_X:0 delta_y:0 status:True] 
1621064516659 [Update odom] 
1621064516775 [vx:0.0 vy:0.0 vth:0.0 yaw:0.0] 
1621064516782 [delta_X:0 delta_y:0 status:True] 
1621064516785 [Update odom] 
1621064516894 [vx:0.0 vy:0.0 vth:0.0 yaw:0.0] 
1621064516897 [delta_X:0 delta_y:0 status:True] 
1621064516898 [Update odom] 
1621064517008 [vx:0.0 vy:0.0 vth:0.0 yaw:0.0] 
1621064517013 [delta_X:0 delta_y:0 status:True] 
1621064517014 [Update odom] 
1621064517123 [vx:0.0 vy:0.0 vth:0.0 yaw:0.0] 
1621064517130 [delta_X:0 delta_y:0 status:True] 
1621064517132 [Update odom] 
1621064517245 [vx:0.0 vy:0.0 vth:0.0 yaw:0.0] 
1621064517250 [delta_X:0 delta_y:0 status:True] 
1621064517251 [Update odom] 
1621064517361 [vx:0.0 vy:0.0 vth:0.0 yaw:0.0] 
1621064517365 [delta_X:0 delta_y:0 status:True] 
1621064517366 [Update odom] 
1621064517479 [vx:0.0 vy:0.0 vth:0.0 yaw:0.0] 
1621064517487 [delta_X:0 delta_y:0 status:True] 
1621064517490 [Update odom] 
1621064517603 [vx:0.0 vy:0.0 vth:0.0 yaw:0.0] 
1621064517611 [delta_X:0 delta_y:0 status:True] 
1621064517611 [Update odom] 
1621064517722 [vx:0.0 vy:0.0 vth:0.0 yaw:0.0] 
1621064517727 [delta_X:0 delta_y:0 status:True] 
1621064517730 [Update odom] 
1621064517847 [vx:0.0 vy:0.0 vth:0.0 yaw:0.0] 
1621064517850 [delta_X:0 delta_y:0 status:True] 
1621064517851 [Update odom] 
1621064517967 [vx:0.0 vy:0.0 vth:0.0 yaw:0.0] 
1621064517971 [delta_X:0 delta_y:0 status:True] 
1621064517973 [Update odom] 
1621064518096 [vx:0.0 vy:0.0 vth:0.0 yaw:0.0] 
1621064518103 [delta_X:0 delta_y:0 status:True] 
1621064518104 [Update odom] 
1621064518214 [vx:0.0 vy:0.0 vth:0.0 yaw:0.0] 
1621064518223 [delta_X:0 delta_y:0 status:True] 
1621064518225 [Update odom] 
1621064518335 [vx:0.0 vy:0.0 vth:0.0 yaw:0.0] 
1621064518341 [delta_X:0 delta_y:0 status:True] 
1621064518342 [Update odom] 
1621064518464 [vx:0.0 vy:0.0 vth:0.0 yaw:0.0] 
1621064518473 [delta_X:0 delta_y:0 status:True] 
1621064518475 [Update odom] 
1621064518584 [vx:0.0 vy:0.0 vth:0.0 yaw:0.0] 
1621064518587 [delta_X:0 delta_y:0 status:True] 
1621064518587 [Update odom] 
1621064518701 [vx:0.0 vy:0.0 vth:0.0 yaw:0.0] 
1621064518706 [delta_X:0 delta_y:0 status:True] 
1621064518707 [Update odom] 
1621064518833 [vx:0.0 vy:0.0 vth:0.0 yaw:0.0] 
1621064518864 [delta_X:0 delta_y:0 status:True] 
1621064518865 [Update odom] 
1621064518991 [vx:0.0 vy:0.0 vth:0.0 yaw:0.0] 
1621064518998 [delta_X:0 delta_y:0 status:True] 
1621064519000 [Update odom] 
1621064519108 [vx:0.0 vy:0.0 vth:0.0 yaw:0.0] 
1621064519112 [delta_X:0 delta_y:0 status:True] 
1621064519113 [Update odom] 
1621064519223 [vx:0.0 vy:0.0 vth:0.0 yaw:0.0] 
1621064519226 [delta_X:0 delta_y:0 status:True] 
1621064519227 [Update odom] 
1621064519347 [vx:0.0 vy:0.0 vth:0.0 yaw:0.0] 
1621064519353 [delta_X:0 delta_y:0 status:True] 
1621064519354 [Update odom] 
1621064519463 [vx:0.0 vy:0.0 vth:0.0 yaw:0.0] 
1621064519466 [delta_X:0 delta_y:0 status:True] 
1621064519467 [Update odom] 
1621064519575 [vx:0.0 vy:0.0 vth:0.0 yaw:0.0] 
1621064519579 [delta_X:0 delta_y:0 status:True] 
1621064519580 [Update odom] 
1621064519696 [vx:0.0 vy:0.0 vth:0.0 yaw:0.0] 
1621064519702 [delta_X:0 delta_y:0 status:True] 
1621064519710 [Update odom] 
1621064519830 [vx:0.0 vy:0.0 vth:0.0 yaw:0.0] 
1621064519834 [delta_X:0 delta_y:0 status:True] 
1621064519835 [Update odom] 
1621064519952 [vx:0.0 vy:0.0 vth:0.0 yaw:0.0] 
1621064519956 [delta_X:0 delta_y:0 status:True] 
1621064519958 [Update odom] 
1621064520072 [vx:0.0 vy:0.0 vth:0.0 yaw:0.0] 
1621064520078 [delta_X:0 delta_y:0 status:True] 
1621064520079 [Update odom] 
1621064520190 [vx:0.0 vy:0.0 vth:0.0 yaw:0.0] 
1621064520201 [delta_X:0 delta_y:0 status:True] 
1621064520202 [Update odom] 
1621064520313 [vx:0.0 vy:0.0 vth:0.0 yaw:0.0] 
1621064520331 [delta_X:0 delta_y:0 status:True] 
1621064520333 [Update odom] 
1621064520467 [vx:0.0 vy:0.0 vth:0.0 yaw:0.0] 
1621064520475 [delta_X:0 delta_y:0 status:True] 
1621064520477 [Update odom] 
1621064520591 [vx:0.0 vy:0.0 vth:0.0 yaw:0.0] 
1621064520596 [delta_X:0 delta_y:0 status:True] 
1621064520597 [Update odom] 
1621064520722 [vx:0.0 vy:0.0 vth:0.0 yaw:0.0] 
1621064520727 [delta_X:0 delta_y:0 status:True] 
1621064520732 [Update odom] 
1621064520847 [vx:0.0 vy:0.0 vth:0.0 yaw:0.0] 
1621064520854 [delta_X:0 delta_y:0 status:True] 
1621064520855 [Update odom] 
1621064520966 [vx:0.0 vy:0.0 vth:0.0 yaw:0.0] 
1621064520971 [delta_X:0 delta_y:0 status:True] 
1621064520973 [Update odom] 
1621064521088 [vx:0.0 vy:0.0 vth:0.0 yaw:0.0] 
1621064521094 [delta_X:0 delta_y:0 status:True] 
1621064521095 [Update odom] 
1621064521206 [vx:0.0 vy:0.0 vth:0.0 yaw:0.0] 
1621064521217 [delta_X:0 delta_y:0 status:True] 
1621064521219 [Update odom] 
1621064521328 [vx:0.0 vy:0.0 vth:0.0 yaw:0.0] 
1621064521332 [delta_X:0 delta_y:0 status:True] 
1621064521333 [Update odom] 
1621064521452 [vx:0.0 vy:0.0 vth:0.0 yaw:0.0] 
1621064521458 [delta_X:0 delta_y:0 status:True] 
1621064521459 [Update odom] 
1621064521571 [vx:0.0 vy:0.0 vth:0.0 yaw:0.0] 
1621064521591 [delta_X:0 delta_y:0 status:True] 
1621064521592 [Update odom] 
1621064521713 [vx:0.0 vy:0.0 vth:0.0 yaw:0.0] 
1621064521735 [delta_X:0 delta_y:0 status:True] 
1621064521737 [Update odom] 
1621064521874 [vx:0.0 vy:0.0 vth:0.0 yaw:0.0] 
1621064521881 [delta_X:0 delta_y:0 status:True] 
1621064521886 [Update odom] 
1621064521997 [vx:0.0 vy:0.0 vth:0.0 yaw:0.0] 
1621064522013 [delta_X:0 delta_y:0 status:True] 
1621064522014 [Update odom] 
1621064522135 [vx:0.0 vy:0.0 vth:0.0 yaw:0.0] 
1621064522141 [delta_X:0 delta_y:0 status:True] 
1621064522142 [Update odom] 
1621064522267 [vx:0.0 vy:0.0 vth:0.0 yaw:0.0] 
1621064522275 [delta_X:0 delta_y:0 status:True] 
1621064522279 [Update odom] 
1621064522388 [vx:0.0 vy:0.0 vth:0.0 yaw:0.0] 
1621064522392 [delta_X:0 delta_y:0 status:True] 
1621064522393 [Update odom] 
1621064522512 [vx:0.0 vy:0.0 vth:0.0 yaw:0.0] 
1621064522522 [delta_X:0 delta_y:0 status:True] 
1621064522524 [Update odom] 
1621064522636 [vx:0.0 vy:0.0 vth:0.0 yaw:0.0] 
1621064522641 [delta_X:0 delta_y:0 status:True] 
1621064522643 [Update odom] 
1621064522768 [vx:0.0 vy:0.0 vth:0.0 yaw:0.0] 
1621064522780 [delta_X:0 delta_y:0 status:True] 
1621064522783 [Update odom] 
1621064522895 [vx:0.0 vy:0.0 vth:0.0 yaw:0.0] 
1621064522905 [delta_X:0 delta_y:0 status:True] 
1621064522907 [Update odom] 
1621064523020 [vx:0.0 vy:0.0 vth:0.0 yaw:0.0] 
1621064523026 [delta_X:0 delta_y:0 status:True] 
1621064523027 [Update odom] 
1621064523136 [vx:0.0 vy:0.0 vth:0.0 yaw:0.0] 
1621064523139 [delta_X:0 delta_y:0 status:True] 
1621064523141 [Update odom] 
1621064523249 [vx:0.0 vy:0.0 vth:0.0 yaw:0.0] 
1621064523253 [delta_X:0 delta_y:0 status:True] 
1621064523253 [Update odom] 
1621064523362 [vx:0.0 vy:0.0 vth:0.0 yaw:0.0] 
1621064523365 [delta_X:0 delta_y:0 status:True] 
1621064523366 [Update odom] 
1621064523484 [vx:0.0 vy:0.0 vth:0.0 yaw:0.0] 
1621064523490 [delta_X:0 delta_y:0 status:True] 
1621064523491 [Update odom] 
1621064523604 [vx:0.0 vy:0.0 vth:0.0 yaw:0.0] 
1621064523618 [delta_X:0 delta_y:0 status:True] 
1621064523621 [Update odom] 
1621064523737 [vx:0.0 vy:0.0 vth:0.0 yaw:0.0] 
1621064523741 [delta_X:0 delta_y:0 status:True] 
1621064523743 [Update odom] 
1621064523861 [vx:0.0 vy:0.0 vth:0.0 yaw:0.0] 
1621064523866 [delta_X:0 delta_y:0 status:True] 
1621064523867 [Update odom] 
1621064523980 [vx:0.0 vy:0.0 vth:0.0 yaw:0.0] 
1621064523997 [delta_X:0 delta_y:0 status:True] 
1621064523998 [Update odom] 
1621064524112 [vx:0.0 vy:0.0 vth:0.0 yaw:0.0] 
1621064524124 [delta_X:0 delta_y:0 status:True] 
1621064524127 [Update odom] 
1621064524252 [vx:0.0 vy:0.0 vth:0.0 yaw:0.0] 
1621064524257 [delta_X:0 delta_y:0 status:True] 
1621064524261 [Update odom] 
1621064524377 [vx:0.0 vy:0.0 vth:0.0 yaw:0.0] 
1621064524386 [delta_X:0 delta_y:0 status:True] 
1621064524390 [Update odom] 
1621064524501 [vx:0.0 vy:0.0 vth:0.0 yaw:0.0] 
1621064524514 [delta_X:0 delta_y:0 status:True] 
1621064524516 [Update odom] 
1621064524626 [vx:0.0 vy:0.0 vth:0.0 yaw:0.0] 
1621064524634 [delta_X:0 delta_y:0 status:True] 
1621064524636 [Update odom] 
1621064524755 [vx:0.0 vy:0.0 vth:0.0 yaw:0.0] 
1621064524761 [delta_X:0 delta_y:0 status:True] 
1621064524764 [Update odom] 
1621064524874 [vx:0.0 vy:0.0 vth:0.0 yaw:0.0] 
1621064524878 [delta_X:0 delta_y:0 status:True] 
1621064524880 [Update odom] 
1621064524995 [vx:0.0 vy:0.0 vth:0.0 yaw:0.0] 
1621064525000 [delta_X:0 delta_y:0 status:True] 
1621064525001 [Update odom] 
1621064525110 [vx:0.0 vy:0.0 vth:0.0 yaw:0.0] 
1621064525114 [delta_X:0 delta_y:0 status:True] 
1621064525115 [Update odom] 
1621064525224 [vx:0.0 vy:0.0 vth:0.0 yaw:0.0] 
1621064525228 [delta_X:0 delta_y:0 status:True] 
1621064525229 [Update odom] 
1621064525341 [vx:0.0 vy:0.0 vth:0.0 yaw:0.0] 
1621064525349 [delta_X:0 delta_y:0 status:True] 
1621064525351 [Update odom] 
1621064525470 [vx:0.0 vy:0.0 vth:0.0 yaw:0.0] 
1621064525487 [delta_X:0 delta_y:0 status:True] 
1621064525488 [Update odom] 
1621064525599 [vx:0.0 vy:0.0 vth:0.0 yaw:0.0] 
1621064525603 [delta_X:0 delta_y:0 status:True] 
1621064525604 [Update odom] 
1621064525723 [vx:0.0 vy:0.0 vth:0.0 yaw:0.0] 
1621064525730 [delta_X:0 delta_y:0 status:True] 
1621064525748 [Update odom] 
1621064525860 [vx:0.0 vy:0.0 vth:0.0 yaw:0.0] 
1621064525866 [delta_X:0 delta_y:0 status:True] 
1621064525867 [Update odom] 
1621064525983 [vx:0.0 vy:0.0 vth:0.0 yaw:0.0] 
1621064525992 [delta_X:0 delta_y:0 status:True] 
1621064525994 [Update odom] 
1621064526107 [vx:0.0 vy:0.0 vth:0.0 yaw:0.0] 
1621064526114 [delta_X:0 delta_y:0 status:True] 
1621064526119 [Update odom] 
1621064526244 [vx:0.0 vy:0.0 vth:0.0 yaw:0.0] 
1621064526251 [delta_X:0 delta_y:0 status:True] 
1621064526253 [Update odom] 
1621064526368 [vx:0.0 vy:0.0 vth:0.0 yaw:0.0] 
1621064526375 [delta_X:0 delta_y:0 status:True] 
1621064526380 [Update odom] 
1621064526496 [vx:0.0 vy:0.0 vth:0.0 yaw:0.0] 
1621064526506 [delta_X:0 delta_y:0 status:True] 
1621064526507 [Update odom] 
1621064526617 [vx:0.0 vy:0.0 vth:0.0 yaw:0.0] 
1621064526621 [delta_X:0 delta_y:0 status:True] 
1621064526622 [Update odom] 
1621064526737 [vx:0.0 vy:0.0 vth:0.0 yaw:0.0] 
1621064526743 [delta_X:0 delta_y:0 status:True] 
1621064526745 [Update odom] 
1621064526865 [vx:0.0 vy:0.0 vth:0.0 yaw:0.0] 
1621064526883 [delta_X:0 delta_y:0 status:True] 
1621064526884 [Update odom] 
1621064526995 [vx:0.0 vy:0.0 vth:0.0 yaw:0.0] 
1621064527000 [delta_X:0 delta_y:0 status:True] 
1621064527001 [Update odom] 
1621064527125 [vx:0.0 vy:0.0 vth:0.0 yaw:0.0] 
1621064527130 [delta_X:0 delta_y:0 status:True] 
1621064527131 [Update odom] 
1621064527240 [vx:0.0 vy:0.0 vth:0.0 yaw:0.0] 
1621064527243 [delta_X:0 delta_y:0 status:True] 
1621064527244 [Update odom] 
1621064527355 [vx:0.0 vy:0.0 vth:0.0 yaw:0.0] 
1621064527361 [delta_X:0 delta_y:0 status:True] 
1621064527363 [Update odom] 
1621064527474 [vx:0.0 vy:0.0 vth:0.0 yaw:0.0] 
1621064527478 [delta_X:0 delta_y:0 status:True] 
1621064527480 [Update odom] 
1621064527589 [vx:0.0 vy:0.0 vth:0.0 yaw:0.0] 
1621064527593 [delta_X:0 delta_y:0 status:True] 
1621064527593 [Update odom] 
1621064527709 [vx:0.0 vy:0.0 vth:0.0 yaw:0.0] 
1621064527716 [delta_X:0 delta_y:0 status:True] 
1621064527717 [Update odom] 
1621064527834 [vx:0.0 vy:0.0 vth:0.0 yaw:0.0] 
1621064527843 [delta_X:0 delta_y:0 status:True] 
1621064527844 [Update odom] 
1621064527954 [vx:0.0 vy:0.0 vth:0.0 yaw:0.0] 
1621064527959 [delta_X:0 delta_y:0 status:True] 
