1621046537680 [Opening serial port: /dev/ttyTHS1.] 
1621046537984 [The robot is connected to ] [/dev/ttyTHS1] 
1621046537984 [Initial robot's topic...] 
1621046546545 [log_latest_command] [[ b y t e a r r a y ( b ' \ x a a \ x f f \ x a 2 \ x d 0 \ x 0 7 \ x 0 0 \ x d 0 \ x 0 7 \ x 0 0 \ x 0 3 \ x f 9 \ n \ r ' ) ]] 
1621046552059 [log_latest_command] [[ b y t e a r r a y ( b ' \ x a a \ x f f \ x a 2 \ x d 0 \ x 0 7 \ x 0 0 \ x d 0 \ x 0 7 \ x 0 0 \ x 0 3 \ x f 9 \ n \ r ' ) ]] 
1621046552625 [log_latest_command] [[ b y t e a r r a y ( b ' \ x a a \ x f f \ x a 2 \ x d 0 \ x 0 7 \ x 0 0 \ x d 0 \ x 0 7 \ x 0 0 \ x 0 3 \ x f 9 \ n \ r ' ) ]] 
1621046552979 [log_latest_command] [[ b y t e a r r a y ( b ' \ x a a \ x f f \ x a 2 \ x d 0 \ x 0 7 \ x 0 0 \ x d 0 \ x 0 7 \ x 0 0 \ x 0 3 \ x f 9 \ n \ r ' ) ]] 
1621046553256 [log_latest_command] [[ b y t e a r r a y ( b ' \ x a a \ x f f \ x a 2 \ x d 0 \ x 0 7 \ x 0 0 \ x d 0 \ x 0 7 \ x 0 0 \ x 0 3 \ x f 9 \ n \ r ' ) ]] 
1621046553765 [log_latest_command] [[ b y t e a r r a y ( b ' \ x a a \ x f f \ x a 2 \ x d 0 \ x 0 7 \ x 0 0 \ x d 0 \ x 0 7 \ x 0 0 \ x 0 3 \ x f 9 \ n \ r ' ) ]] 
1621046553792 [log_latest_command] [[ b y t e a r r a y ( b ' \ x a a \ x f f \ x a 2 \ x d 0 \ x 0 7 \ x 0 0 \ x d 0 \ x 0 7 \ x 0 0 \ x 0 3 \ x f 9 \ n \ r ' ) ]] 
1621046553822 [log_latest_command] [[ b y t e a r r a y ( b ' \ x a a \ x f f \ x a 2 \ x d 0 \ x 0 7 \ x 0 0 \ x d 0 \ x 0 7 \ x 0 0 \ x 0 3 \ x f 9 \ n \ r ' ) ]] 
1621046553856 [log_latest_command] [[ b y t e a r r a y ( b ' \ x a a \ x f f \ x a 2 \ x d 0 \ x 0 7 \ x 0 0 \ x d 0 \ x 0 7 \ x 0 0 \ x 0 3 \ x f 9 \ n \ r ' ) ]] 
1621046553892 [log_latest_command] [[ b y t e a r r a y ( b ' \ x a a \ x f f \ x a 2 \ x d 0 \ x 0 7 \ x 0 0 \ x d 0 \ x 0 7 \ x 0 0 \ x 0 3 \ x f 9 \ n \ r ' ) ]] 
1621046553926 [log_latest_command] [[ b y t e a r r a y ( b ' \ x a a \ x f f \ x a 2 \ x d 0 \ x 0 7 \ x 0 0 \ x d 0 \ x 0 7 \ x 0 0 \ x 0 3 \ x f 9 \ n \ r ' ) ]] 
1621046553963 [log_latest_command] [[ b y t e a r r a y ( b ' \ x a a \ x f f \ x a 2 \ x d 0 \ x 0 7 \ x 0 0 \ x d 0 \ x 0 7 \ x 0 0 \ x 0 3 \ x f 9 \ n \ r ' ) ]] 
1621046553994 [log_latest_command] [[ b y t e a r r a y ( b ' \ x a a \ x f f \ x a 2 \ x d 0 \ x 0 7 \ x 0 0 \ x d 0 \ x 0 7 \ x 0 0 \ x 0 3 \ x f 9 \ n \ r ' ) ]] 
1621046554035 [log_latest_command] [[ b y t e a r r a y ( b ' \ x a a \ x f f \ x a 2 \ x d 0 \ x 0 7 \ x 0 0 \ x d 0 \ x 0 7 \ x 0 0 \ x 0 3 \ x f 9 \ n \ r ' ) ]] 
1621046554067 [log_latest_command] [[ b y t e a r r a y ( b ' \ x a a \ x f f \ x a 2 \ x d 0 \ x 0 7 \ x 0 0 \ x d 0 \ x 0 7 \ x 0 0 \ x 0 3 \ x f 9 \ n \ r ' ) ]] 
1621046554241 [log_latest_command] [[ b y t e a r r a y ( b ' \ x a a \ x f f \ x a 2 \ x d 0 \ x 0 7 \ x 0 0 \ x d 0 \ x 0 7 \ x 0 0 \ x 0 3 \ x f 9 \ n \ r ' ) ]] 
1621046554792 [log_latest_command] [[ b y t e a r r a y ( b ' \ x a a \ x f f \ x a 5 \ x 0 2 N \ n \ r ' ) ]] 
