1621071466910 [Opening serial port: /dev/ttyTHS1.] 
1621071467224 [The robot is connected to ] [/dev/ttyTHS1] 
1621071467224 [Initial robot's topic...] 
1621071472448 [log_latest_command] [[ b y t e a r r a y ( b ' \ x a a \ x f f \ x a 2 \ x d 0 \ x 0 7 \ x 0 0 \ x d 0 \ x 0 7 \ x 0 0 \ x 0 3 \ x f 9 \ x 0 f \ x 0 e ' ) ]] 
1621071473054 [log_latest_command] [[ b y t e a r r a y ( b ' \ x a a \ x f f \ x a 5 \ x 0 2 N \ x 0 f \ x 0 e ' ) ]] 
1621071473542 [log_latest_command] [[ b y t e a r r a y ( b ' \ x a a \ x f f \ x a 2 \ x d 0 \ x 0 7 \ x 0 0 \ x d 0 \ x 0 7 \ x 0 0 \ x 0 3 \ x f 9 \ x 0 f \ x 0 e ' ) ]] 
1621071473747 [log_latest_command] [[ b y t e a r r a y ( b ' \ x a a \ x f f \ x a 2 \ x d 0 \ x 0 7 \ x 0 0 \ x d 0 \ x 0 7 \ x 0 0 \ x 0 3 \ x f 9 \ x 0 f \ x 0 e ' ) ]] 
1621071473952 [log_latest_command] [[ b y t e a r r a y ( b ' \ x a a \ x f f \ x a 2 \ x d 0 \ x 0 7 \ x 0 0 \ x d 0 \ x 0 7 \ x 0 0 \ x 0 3 \ x f 9 \ x 0 f \ x 0 e ' ) ]] 
1621071474154 [log_latest_command] [[ b y t e a r r a y ( b ' \ x a a \ x f f \ x a 2 \ x d 0 \ x 0 7 \ x 0 0 \ x d 0 \ x 0 7 \ x 0 0 \ x 0 3 \ x f 9 \ x 0 f \ x 0 e ' ) ]] 
1621071474356 [log_latest_command] [[ b y t e a r r a y ( b ' \ x a a \ x f f \ x a 2 \ x d 0 \ x 0 7 \ x 0 0 \ x d 0 \ x 0 7 \ x 0 0 \ x 0 3 \ x f 9 \ x 0 f \ x 0 e ' ) ]] 
1621071474565 [log_latest_command] [[ b y t e a r r a y ( b ' \ x a a \ x f f \ x a 2 \ x d 0 \ x 0 7 \ x 0 0 \ x d 0 \ x 0 7 \ x 0 0 \ x 0 3 \ x f 9 \ x 0 f \ x 0 e ' ) ]] 
1621071475180 [log_latest_command] [[ b y t e a r r a y ( b ' \ x a a \ x f f \ x a 5 \ x 0 2 N \ x 0 f \ x 0 e ' ) ]] 
1621071475824 [log_latest_command] [[ b y t e a r r a y ( b ' \ x a a \ x f f \ x a 5 \ x 0 2 N \ x 0 f \ x 0 e ' ) ]] 
1621071476028 [log_latest_command] [[ b y t e a r r a y ( b ' \ x a a \ x f f \ x a 2 \ x d 0 \ x 0 7 \ x 0 0 \ x d 0 \ x 0 7 \ x 0 0 \ x 0 3 \ x f 9 \ x 0 f \ x 0 e ' ) ]] 
1621071476232 [log_latest_command] [[ b y t e a r r a y ( b ' \ x a a \ x f f \ x a 2 \ x d 0 \ x 0 7 \ x 0 0 \ x d 0 \ x 0 7 \ x 0 0 \ x 0 3 \ x f 9 \ x 0 f \ x 0 e ' ) ]] 
1621071476437 [log_latest_command] [[ b y t e a r r a y ( b ' \ x a a \ x f f \ x a 2 \ x d 0 \ x 0 7 \ x 0 0 \ x d 0 \ x 0 7 \ x 0 0 \ x 0 3 \ x f 9 \ x 0 f \ x 0 e ' ) ]] 
1621071476654 [log_latest_command] [[ b y t e a r r a y ( b ' \ x a a \ x f f \ x a 2 \ x d 0 \ x 0 7 \ x 0 0 \ x d 0 \ x 0 7 \ x 0 0 \ x 0 3 \ x f 9 \ x 0 f \ x 0 e ' ) ]] 
1621071476858 [log_latest_command] [[ b y t e a r r a y ( b ' \ x a a \ x f f \ x a 2 \ x d 0 \ x 0 7 \ x 0 0 \ x d 0 \ x 0 7 \ x 0 0 \ x 0 3 \ x f 9 \ x 0 f \ x 0 e ' ) ]] 
1621071477078 [log_latest_command] [[ b y t e a r r a y ( b ' \ x a a \ x f f \ x a 2 \ x d 0 \ x 0 7 \ x 0 0 \ x d 0 \ x 0 7 \ x 0 0 \ x 0 3 \ x f 9 \ x 0 f \ x 0 e ' ) ]] 
1621071477289 [log_latest_command] [[ b y t e a r r a y ( b ' \ x a a \ x f f \ x a 2 \ x d 0 \ x 0 7 \ x 0 0 \ x d 0 \ x 0 7 \ x 0 0 \ x 0 3 \ x f 9 \ x 0 f \ x 0 e ' ) ]] 
1621071477515 [log_latest_command] [[ b y t e a r r a y ( b ' \ x a a \ x f f \ x a 2 \ x d 0 \ x 0 7 \ x 0 0 \ x d 0 \ x 0 7 \ x 0 0 \ x 0 3 \ x f 9 \ x 0 f \ x 0 e ' ) ]] 
1621071477726 [log_latest_command] [[ b y t e a r r a y ( b ' \ x a a \ x f f \ x a 2 \ x d 0 \ x 0 7 \ x 0 0 \ x d 0 \ x 0 7 \ x 0 0 \ x 0 3 \ x f 9 \ x 0 f \ x 0 e ' ) ]] 
1621071477932 [log_latest_command] [[ b y t e a r r a y ( b ' \ x a a \ x f f \ x a 2 \ x d 0 \ x 0 7 \ x 0 0 \ x d 0 \ x 0 7 \ x 0 0 \ x 0 3 \ x f 9 \ x 0 f \ x 0 e ' ) ]] 
1621071478135 [log_latest_command] [[ b y t e a r r a y ( b ' \ x a a \ x f f \ x a 2 \ x d 0 \ x 0 7 \ x 0 0 \ x d 0 \ x 0 7 \ x 0 0 \ x 0 3 \ x f 9 \ x 0 f \ x 0 e ' ) ]] 
1621071478338 [log_latest_command] [[ b y t e a r r a y ( b ' \ x a a \ x f f \ x a 2 \ x d 0 \ x 0 7 \ x 0 0 \ x d 0 \ x 0 7 \ x 0 0 \ x 0 3 \ x f 9 \ x 0 f \ x 0 e ' ) ]] 
1621071478542 [log_latest_command] [[ b y t e a r r a y ( b ' \ x a a \ x f f \ x a 2 \ x d 0 \ x 0 7 \ x 0 0 \ x d 0 \ x 0 7 \ x 0 0 \ x 0 3 \ x f 9 \ x 0 f \ x 0 e ' ) ]] 
1621071478746 [log_latest_command] [[ b y t e a r r a y ( b ' \ x a a \ x f f \ x a 2 \ x d 0 \ x 0 7 \ x 0 0 \ x d 0 \ x 0 7 \ x 0 0 \ x 0 3 \ x f 9 \ x 0 f \ x 0 e ' ) ]] 
1621071478949 [log_latest_command] [[ b y t e a r r a y ( b ' \ x a a \ x f f \ x a 2 \ x d 0 \ x 0 7 \ x 0 0 \ x d 0 \ x 0 7 \ x 0 0 \ x 0 3 \ x f 9 \ x 0 f \ x 0 e ' ) ]] 
1621071479156 [log_latest_command] [[ b y t e a r r a y ( b ' \ x a a \ x f f \ x a 2 \ x d 0 \ x 0 7 \ x 0 0 \ x d 0 \ x 0 7 \ x 0 0 \ x 0 3 \ x f 9 \ x 0 f \ x 0 e ' ) ]] 
1621071479360 [log_latest_command] [[ b y t e a r r a y ( b ' \ x a a \ x f f \ x a 2 \ x d 0 \ x 0 7 \ x 0 0 \ x d 0 \ x 0 7 \ x 0 0 \ x 0 3 \ x f 9 \ x 0 f \ x 0 e ' ) ]] 
1621071479569 [log_latest_command] [[ b y t e a r r a y ( b ' \ x a a \ x f f \ x a 2 \ x d 0 \ x 0 7 \ x 0 0 \ x d 0 \ x 0 7 \ x 0 0 \ x 0 3 \ x f 9 \ x 0 f \ x 0 e ' ) ]] 
1621071479773 [log_latest_command] [[ b y t e a r r a y ( b ' \ x a a \ x f f \ x a 2 \ x d 0 \ x 0 7 \ x 0 0 \ x d 0 \ x 0 7 \ x 0 0 \ x 0 3 \ x f 9 \ x 0 f \ x 0 e ' ) ]] 
1621071479986 [log_latest_command] [[ b y t e a r r a y ( b ' \ x a a \ x f f \ x a 2 \ x d 0 \ x 0 7 \ x 0 0 \ x d 0 \ x 0 7 \ x 0 0 \ x 0 3 \ x f 9 \ x 0 f \ x 0 e ' ) ]] 
1621071480191 [log_latest_command] [[ b y t e a r r a y ( b ' \ x a a \ x f f \ x a 2 \ x d 0 \ x 0 7 \ x 0 0 \ x d 0 \ x 0 7 \ x 0 0 \ x 0 3 \ x f 9 \ x 0 f \ x 0 e ' ) ]] 
1621071480401 [log_latest_command] [[ b y t e a r r a y ( b ' \ x a a \ x f f \ x a 2 \ x d 0 \ x 0 7 \ x 0 0 \ x d 0 \ x 0 7 \ x 0 0 \ x 0 3 \ x f 9 \ x 0 f \ x 0 e ' ) ]] 
1621071480611 [log_latest_command] [[ b y t e a r r a y ( b ' \ x a a \ x f f \ x a 2 \ x d 0 \ x 0 7 \ x 0 0 \ x d 0 \ x 0 7 \ x 0 0 \ x 0 3 \ x f 9 \ x 0 f \ x 0 e ' ) ]] 
1621071480813 [log_latest_command] [[ b y t e a r r a y ( b ' \ x a a \ x f f \ x a 2 \ x d 0 \ x 0 7 \ x 0 0 \ x d 0 \ x 0 7 \ x 0 0 \ x 0 3 \ x f 9 \ x 0 f \ x 0 e ' ) ]] 
1621071481023 [log_latest_command] [[ b y t e a r r a y ( b ' \ x a a \ x f f \ x a 2 \ x d 0 \ x 0 7 \ x 0 0 \ x d 0 \ x 0 7 \ x 0 0 \ x 0 3 \ x f 9 \ x 0 f \ x 0 e ' ) ]] 
1621071481233 [log_latest_command] [[ b y t e a r r a y ( b ' \ x a a \ x f f \ x a 2 \ x d 0 \ x 0 7 \ x 0 0 \ x d 0 \ x 0 7 \ x 0 0 \ x 0 3 \ x f 9 \ x 0 f \ x 0 e ' ) ]] 
1621071481437 [log_latest_command] [[ b y t e a r r a y ( b ' \ x a a \ x f f \ x a 2 \ x d 0 \ x 0 7 \ x 0 0 \ x d 0 \ x 0 7 \ x 0 0 \ x 0 3 \ x f 9 \ x 0 f \ x 0 e ' ) ]] 
1621071481647 [log_latest_command] [[ b y t e a r r a y ( b ' \ x a a \ x f f \ x a 2 \ x d 0 \ x 0 7 \ x 0 0 \ x d 0 \ x 0 7 \ x 0 0 \ x 0 3 \ x f 9 \ x 0 f \ x 0 e ' ) ]] 
1621071481849 [log_latest_command] [[ b y t e a r r a y ( b ' \ x a a \ x f f \ x a 2 \ x d 0 \ x 0 7 \ x 0 0 \ x d 0 \ x 0 7 \ x 0 0 \ x 0 3 \ x f 9 \ x 0 f \ x 0 e ' ) ]] 
1621071482052 [log_latest_command] [[ b y t e a r r a y ( b ' \ x a a \ x f f \ x a 2 \ x d 0 \ x 0 7 \ x 0 0 \ x d 0 \ x 0 7 \ x 0 0 \ x 0 3 \ x f 9 \ x 0 f \ x 0 e ' ) ]] 
1621071482255 [log_latest_command] [[ b y t e a r r a y ( b ' \ x a a \ x f f \ x a 2 \ x d 0 \ x 0 7 \ x 0 0 \ x d 0 \ x 0 7 \ x 0 0 \ x 0 3 \ x f 9 \ x 0 f \ x 0 e ' ) ]] 
1621071482458 [log_latest_command] [[ b y t e a r r a y ( b ' \ x a a \ x f f \ x a 2 \ x d 0 \ x 0 7 \ x 0 0 \ x d 0 \ x 0 7 \ x 0 0 \ x 0 3 \ x f 9 \ x 0 f \ x 0 e ' ) ]] 
1621071482665 [log_latest_command] [[ b y t e a r r a y ( b ' \ x a a \ x f f \ x a 2 \ x d 0 \ x 0 7 \ x 0 0 \ x d 0 \ x 0 7 \ x 0 0 \ x 0 3 \ x f 9 \ x 0 f \ x 0 e ' ) ]] 
1621071482869 [log_latest_command] [[ b y t e a r r a y ( b ' \ x a a \ x f f \ x a 2 \ x d 0 \ x 0 7 \ x 0 0 \ x d 0 \ x 0 7 \ x 0 0 \ x 0 3 \ x f 9 \ x 0 f \ x 0 e ' ) ]] 
1621071483096 [log_latest_command] [[ b y t e a r r a y ( b ' \ x a a \ x f f \ x a 2 \ x d 0 \ x 0 7 \ x 0 0 \ x d 0 \ x 0 7 \ x 0 0 \ x 0 3 \ x f 9 \ x 0 f \ x 0 e ' ) ]] 
1621071483300 [log_latest_command] [[ b y t e a r r a y ( b ' \ x a a \ x f f \ x a 2 \ x d 0 \ x 0 7 \ x 0 0 \ x d 0 \ x 0 7 \ x 0 0 \ x 0 3 \ x f 9 \ x 0 f \ x 0 e ' ) ]] 
1621071483502 [log_latest_command] [[ b y t e a r r a y ( b ' \ x a a \ x f f \ x a 2 \ x d 0 \ x 0 7 \ x 0 0 \ x d 0 \ x 0 7 \ x 0 0 \ x 0 3 \ x f 9 \ x 0 f \ x 0 e ' ) ]] 
1621071483704 [log_latest_command] [[ b y t e a r r a y ( b ' \ x a a \ x f f \ x a 2 \ x d 0 \ x 0 7 \ x 0 0 \ x d 0 \ x 0 7 \ x 0 0 \ x 0 3 \ x f 9 \ x 0 f \ x 0 e ' ) ]] 
1621071483906 [log_latest_command] [[ b y t e a r r a y ( b ' \ x a a \ x f f \ x a 2 \ x d 0 \ x 0 7 \ x 0 0 \ x d 0 \ x 0 7 \ x 0 0 \ x 0 3 \ x f 9 \ x 0 f \ x 0 e ' ) ]] 
1621071484108 [log_latest_command] [[ b y t e a r r a y ( b ' \ x a a \ x f f \ x a 2 \ x d 0 \ x 0 7 \ x 0 0 \ x d 0 \ x 0 7 \ x 0 0 \ x 0 3 \ x f 9 \ x 0 f \ x 0 e ' ) ]] 
1621071484310 [log_latest_command] [[ b y t e a r r a y ( b ' \ x a a \ x f f \ x a 2 \ x d 0 \ x 0 7 \ x 0 0 \ x d 0 \ x 0 7 \ x 0 0 \ x 0 3 \ x f 9 \ x 0 f \ x 0 e ' ) ]] 
1621071484511 [log_latest_command] [[ b y t e a r r a y ( b ' \ x a a \ x f f \ x a 2 \ x d 0 \ x 0 7 \ x 0 0 \ x d 0 \ x 0 7 \ x 0 0 \ x 0 3 \ x f 9 \ x 0 f \ x 0 e ' ) ]] 
1621071484713 [log_latest_command] [[ b y t e a r r a y ( b ' \ x a a \ x f f \ x a 2 \ x d 0 \ x 0 7 \ x 0 0 \ x d 0 \ x 0 7 \ x 0 0 \ x 0 3 \ x f 9 \ x 0 f \ x 0 e ' ) ]] 
1621071484917 [log_latest_command] [[ b y t e a r r a y ( b ' \ x a a \ x f f \ x a 2 \ x d 0 \ x 0 7 \ x 0 0 \ x d 0 \ x 0 7 \ x 0 0 \ x 0 3 \ x f 9 \ x 0 f \ x 0 e ' ) ]] 
1621071485122 [log_latest_command] [[ b y t e a r r a y ( b ' \ x a a \ x f f \ x a 2 \ x d 0 \ x 0 7 \ x 0 0 \ x d 0 \ x 0 7 \ x 0 0 \ x 0 3 \ x f 9 \ x 0 f \ x 0 e ' ) ]] 
1621071485325 [log_latest_command] [[ b y t e a r r a y ( b ' \ x a a \ x f f \ x a 2 \ x d 0 \ x 0 7 \ x 0 0 \ x d 0 \ x 0 7 \ x 0 0 \ x 0 3 \ x f 9 \ x 0 f \ x 0 e ' ) ]] 
1621071485527 [log_latest_command] [[ b y t e a r r a y ( b ' \ x a a \ x f f \ x a 2 \ x d 0 \ x 0 7 \ x 0 0 \ x d 0 \ x 0 7 \ x 0 0 \ x 0 3 \ x f 9 \ x 0 f \ x 0 e ' ) ]] 
1621071485731 [log_latest_command] [[ b y t e a r r a y ( b ' \ x a a \ x f f \ x a 2 \ x d 0 \ x 0 7 \ x 0 0 \ x d 0 \ x 0 7 \ x 0 0 \ x 0 3 \ x f 9 \ x 0 f \ x 0 e ' ) ]] 
1621071485933 [log_latest_command] [[ b y t e a r r a y ( b ' \ x a a \ x f f \ x a 2 \ x d 0 \ x 0 7 \ x 0 0 \ x d 0 \ x 0 7 \ x 0 0 \ x 0 3 \ x f 9 \ x 0 f \ x 0 e ' ) ]] 
1621071486136 [log_latest_command] [[ b y t e a r r a y ( b ' \ x a a \ x f f \ x a 2 \ x d 0 \ x 0 7 \ x 0 0 \ x d 0 \ x 0 7 \ x 0 0 \ x 0 3 \ x f 9 \ x 0 f \ x 0 e ' ) ]] 
1621071486344 [log_latest_command] [[ b y t e a r r a y ( b ' \ x a a \ x f f \ x a 2 \ x d 0 \ x 0 7 \ x 0 0 \ x d 0 \ x 0 7 \ x 0 0 \ x 0 3 \ x f 9 \ x 0 f \ x 0 e ' ) ]] 
1621071486552 [log_latest_command] [[ b y t e a r r a y ( b ' \ x a a \ x f f \ x a 2 \ x d 0 \ x 0 7 \ x 0 0 \ x d 0 \ x 0 7 \ x 0 0 \ x 0 3 \ x f 9 \ x 0 f \ x 0 e ' ) ]] 
1621071486758 [log_latest_command] [[ b y t e a r r a y ( b ' \ x a a \ x f f \ x a 2 \ x d 0 \ x 0 7 \ x 0 0 \ x d 0 \ x 0 7 \ x 0 0 \ x 0 3 \ x f 9 \ x 0 f \ x 0 e ' ) ]] 
1621071486965 [log_latest_command] [[ b y t e a r r a y ( b ' \ x a a \ x f f \ x a 2 \ x d 0 \ x 0 7 \ x 0 0 \ x d 0 \ x 0 7 \ x 0 0 \ x 0 3 \ x f 9 \ x 0 f \ x 0 e ' ) ]] 
1621071487172 [log_latest_command] [[ b y t e a r r a y ( b ' \ x a a \ x f f \ x a 2 \ x d 0 \ x 0 7 \ x 0 0 \ x d 0 \ x 0 7 \ x 0 0 \ x 0 3 \ x f 9 \ x 0 f \ x 0 e ' ) ]] 
1621071487375 [log_latest_command] [[ b y t e a r r a y ( b ' \ x a a \ x f f \ x a 2 \ x d 0 \ x 0 7 \ x 0 0 \ x d 0 \ x 0 7 \ x 0 0 \ x 0 3 \ x f 9 \ x 0 f \ x 0 e ' ) ]] 
1621071487577 [log_latest_command] [[ b y t e a r r a y ( b ' \ x a a \ x f f \ x a 2 \ x d 0 \ x 0 7 \ x 0 0 \ x d 0 \ x 0 7 \ x 0 0 \ x 0 3 \ x f 9 \ x 0 f \ x 0 e ' ) ]] 
1621071487779 [log_latest_command] [[ b y t e a r r a y ( b ' \ x a a \ x f f \ x a 2 \ x d 0 \ x 0 7 \ x 0 0 \ x d 0 \ x 0 7 \ x 0 0 \ x 0 3 \ x f 9 \ x 0 f \ x 0 e ' ) ]] 
1621071487981 [log_latest_command] [[ b y t e a r r a y ( b ' \ x a a \ x f f \ x a 2 \ x d 0 \ x 0 7 \ x 0 0 \ x d 0 \ x 0 7 \ x 0 0 \ x 0 3 \ x f 9 \ x 0 f \ x 0 e ' ) ]] 
1621071488183 [log_latest_command] [[ b y t e a r r a y ( b ' \ x a a \ x f f \ x a 2 \ x d 0 \ x 0 7 \ x 0 0 \ x d 0 \ x 0 7 \ x 0 0 \ x 0 3 \ x f 9 \ x 0 f \ x 0 e ' ) ]] 
1621071488385 [log_latest_command] [[ b y t e a r r a y ( b ' \ x a a \ x f f \ x a 2 \ x d 0 \ x 0 7 \ x 0 0 \ x d 0 \ x 0 7 \ x 0 0 \ x 0 3 \ x f 9 \ x 0 f \ x 0 e ' ) ]] 
