1621048264686 [Opening serial port: /dev/ttyTHS1.] 
1621048264990 [The robot is connected to ] [/dev/ttyTHS1] 
1621048264990 [Initial robot's topic...] 
1621048290716 [log_latest_command] [[ b y t e a r r a y ( b ' \ x a a \ x f f \ x a 2 \ x d 0 \ x 0 7 \ x 0 0 \ x d 0 \ x 0 7 \ x 0 0 \ x 0 3 \ x f 9 \ n \ r ' ) ]] 
1621048291352 [log_latest_command] [[ b y t e a r r a y ( b ' \ x a a \ x f f \ x a 2 \ x d 0 \ x 0 7 \ x 0 0 \ x d 0 \ x 0 7 \ x 0 0 \ x 0 3 \ x f 9 \ n \ r ' ) ]] 
1621048292201 [log_latest_command] [[ b y t e a r r a y ( b ' \ x a a \ x f f \ x a 5 \ x 0 2 N \ n \ r ' ) ]] 
1621048293556 [log_latest_command] [[ b y t e a r r a y ( b ' \ x a a \ x f f \ x a 2 \ x d 0 \ x 0 7 \ x 0 0 \ x d 0 \ x 0 7 \ x 0 0 \ x 0 3 \ x f 9 \ n \ r ' ) ]] 
1621048294339 [log_latest_command] [[ b y t e a r r a y ( b ' \ x a a \ x f f \ x a 2 \ x d 0 \ x 0 7 \ x 0 0 \ x 9 0 \ x 0 1 \ x 0 0 \ x 0 3 \ x b 3 \ n \ r ' ) ]] 
1621048294603 [log_latest_command] [[ b y t e a r r a y ( b ' \ x a a \ x f f \ x a 2 \ x d 0 \ x 0 7 \ x 0 0 \ x 9 0 \ x 0 1 \ x 0 0 \ x 0 3 \ x b 3 \ n \ r ' ) ]] 
1621048296028 [log_latest_command] [[ b y t e a r r a y ( b ' \ x a a \ x f f \ x a 5 \ x 0 2 N \ n \ r ' ) ]] 
1621048299055 [log_latest_command] [[ b y t e a r r a y ( b ' \ x a a \ x f f \ x a 2 \ x d 0 \ x 0 7 \ x 0 0 \ x 9 0 \ x 0 1 \ x 0 0 \ x 0 3 \ x b 3 \ n \ r ' ) ]] 
1621048300887 [log_latest_command] [[ b y t e a r r a y ( b ' \ x a a \ x f f \ x a 2 \ x d 0 \ x 0 7 \ x f f \ x d 0 \ x 0 7 \ x f f \ x 0 5 \ x f 7 \ n \ r ' ) ]] 
1621048301755 [log_latest_command] [[ b y t e a r r a y ( b ' \ x a a \ x f f \ x a 5 \ x 0 2 N \ n \ r ' ) ]] 
1621048303672 [log_latest_command] [[ b y t e a r r a y ( b ' \ x a a \ x f f \ x a 2 \ x d 0 \ x 0 7 \ x f f \ x d 0 \ x 0 7 \ x f f \ x 0 5 \ x f 7 \ n \ r ' ) ]] 
1621048307092 [log_latest_command] [[ b y t e a r r a y ( b ' \ x a a \ x f f \ x a 2 \ x d 0 \ x 0 7 \ x 0 0 \ x d 0 \ x 0 7 \ x 0 0 \ x 0 3 \ x f 9 \ n \ r ' ) ]] 
1621048307522 [log_latest_command] [[ b y t e a r r a y ( b ' \ x a a \ x f f \ x a 5 \ x 0 2 N \ n \ r ' ) ]] 
1621048308537 [log_latest_command] [[ b y t e a r r a y ( b ' \ x a a \ x f f \ x a 5 \ x 0 2 N \ n \ r ' ) ]] 
1621048310334 [log_latest_command] [[ b y t e a r r a y ( b ' \ x a a \ x f f \ x a 2 \ x a 0 \ x 0 f \ x f f \ x a 0 \ x 0 f \ x f f \ x 0 5 \ x a 7 \ n \ r ' ) ]] 
1621048310876 [log_latest_command] [[ b y t e a r r a y ( b ' \ x a a \ x f f \ x a 5 \ x 0 2 N \ n \ r ' ) ]] 
1621048312222 [log_latest_command] [[ b y t e a r r a y ( b ' \ x a a \ x f f \ x a 2 \ x a 0 \ x 0 f \ x f f   \ x 0 3 \ x f f \ x 0 5 \ x 1 b \ n \ r ' ) ]] 
1621048313117 [log_latest_command] [[ b y t e a r r a y ( b ' \ x a a \ x f f \ x a 5 \ x 0 2 N \ n \ r ' ) ]] 
1621048315534 [log_latest_command] [[ b y t e a r r a y ( b ' \ x a a \ x f f \ x a 5 \ x 0 2 N \ n \ r ' ) ]] 
1621048315855 [log_latest_command] [[ b y t e a r r a y ( b ' \ x a a \ x f f \ x a 2 \ x a 0 \ x 0 f \ x 0 0 \ x a 0 \ x 0 f \ x 0 0 \ x 0 3 \ x a 9 \ n \ r ' ) ]] 
1621048316421 [log_latest_command] [[ b y t e a r r a y ( b ' \ x a a \ x f f \ x a 5 \ x 0 2 N \ n \ r ' ) ]] 
1621048316994 [log_latest_command] [[ b y t e a r r a y ( b ' \ x a a \ x f f \ x a 2 \ x a 0 \ x 0 f \ x 0 0   \ x 0 3 \ x 0 0 \ x 0 3 \ x 1 d \ n \ r ' ) ]] 
1621048317618 [log_latest_command] [[ b y t e a r r a y ( b ' \ x a a \ x f f \ x a 5 \ x 0 2 N \ n \ r ' ) ]] 
1621048319374 [log_latest_command] [[ b y t e a r r a y ( b ' \ x a a \ x f f \ x a 2   \ x 0 3 \ x 0 0 \ x a 0 \ x 0 f \ x 0 0 \ x 0 3 \ x 1 d \ n \ r ' ) ]] 
1621048320225 [log_latest_command] [[ b y t e a r r a y ( b ' \ x a a \ x f f \ x a 5 \ x 0 2 N \ n \ r ' ) ]] 
1621048324438 [log_latest_command] [[ b y t e a r r a y ( b ' \ x a a \ x f f \ x a 5 \ x 0 2 N \ n \ r ' ) ]] 
1621048325340 [log_latest_command] [[ b y t e a r r a y ( b ' \ x a a \ x f f \ x a 2 \ x a 0 \ x 0 f \ x f f \ x a 0 \ x 0 f \ x f f \ x 0 5 \ x a 7 \ n \ r ' ) ]] 
1621048325832 [log_latest_command] [[ b y t e a r r a y ( b ' \ x a a \ x f f \ x a 5 \ x 0 2 N \ n \ r ' ) ]] 
1621048329290 [log_latest_command] [[ b y t e a r r a y ( b ' \ x a a \ x f f \ x a 2 \ x a 0 \ x 0 f \ x 0 0 \ x a 0 \ x 0 f \ x 0 0 \ x 0 3 \ x a 9 \ n \ r ' ) ]] 
1621048330010 [log_latest_command] [[ b y t e a r r a y ( b ' \ x a a \ x f f \ x a 5 \ x 0 2 N \ n \ r ' ) ]] 
1621048330530 [log_latest_command] [[ b y t e a r r a y ( b ' \ x a a \ x f f \ x a 2 \ x a 0 \ x 0 f \ x f f \ x a 0 \ x 0 f \ x f f \ x 0 5 \ x a 7 \ n \ r ' ) ]] 
1621048333516 [log_latest_command] [[ b y t e a r r a y ( b ' \ x a a \ x f f \ x a 2 \ x a 0 \ x 0 f \ x f f \ x a 0 \ x 0 f \ x f f \ x 0 5 \ x a 7 \ n \ r ' ) ]] 
1621048338105 [log_latest_command] [[ b y t e a r r a y ( b ' \ x a a \ x f f \ x a 5 \ x 0 2 N \ n \ r ' ) ]] 
1621048338418 [log_latest_command] [[ b y t e a r r a y ( b ' \ x a a \ x f f \ x a 5 \ x 0 2 N \ n \ r ' ) ]] 
1621048339752 [log_latest_command] [[ b y t e a r r a y ( b ' \ x a a \ x f f \ x a 2 \ x a 0 \ x 0 f \ x f f \ x a 0 \ x 0 f \ x f f \ x 0 5 \ x a 7 \ n \ r ' ) ]] 
1621048341337 [log_latest_command] [[ b y t e a r r a y ( b ' \ x a a \ x f f \ x a 5 \ x 0 2 N \ n \ r ' ) ]] 
1621048341875 [log_latest_command] [[ b y t e a r r a y ( b ' \ x a a \ x f f \ x a 5 \ x 0 2 N \ n \ r ' ) ]] 
1621048342332 [log_latest_command] [[ b y t e a r r a y ( b ' \ x a a \ x f f \ x a 2 \ x a 0 \ x 0 f \ x 0 0 \ x a 0 \ x 0 f \ x 0 0 \ x 0 3 \ x a 9 \ n \ r ' ) ]] 
1621048343597 [log_latest_command] [[ b y t e a r r a y ( b ' \ x a a \ x f f \ x a 5 \ x 0 2 N \ n \ r ' ) ]] 
1621048344256 [log_latest_command] [[ b y t e a r r a y ( b ' \ x a a \ x f f \ x a 2 \ x a 0 \ x 0 f \ x 0 0 \ x a 0 \ x 0 f \ x 0 0 \ x 0 3 \ x a 9 \ n \ r ' ) ]] 
1621048344942 [log_latest_command] [[ b y t e a r r a y ( b ' \ x a a \ x f f \ x a 5 \ x 0 2 N \ n \ r ' ) ]] 
1621048345411 [log_latest_command] [[ b y t e a r r a y ( b ' \ x a a \ x f f \ x a 2 \ x a 0 \ x 0 f \ x f f \ x a 0 \ x 0 f \ x f f \ x 0 5 \ x a 7 \ n \ r ' ) ]] 
1621048346037 [log_latest_command] [[ b y t e a r r a y ( b ' \ x a a \ x f f \ x a 5 \ x 0 2 N \ n \ r ' ) ]] 
1621048347199 [log_latest_command] [[ b y t e a r r a y ( b ' \ x a a \ x f f \ x a 2 \ x a 0 \ x 0 f \ x 0 0 \ x a 0 \ x 0 f \ x 0 0 \ x 0 3 \ x a 9 \ n \ r ' ) ]] 
1621048366206 [log_latest_command] [[ b y t e a r r a y ( b ' \ x a a \ x f f \ x a 5 \ x 0 2 N \ n \ r ' ) ]] 
1621048366547 [log_latest_command] [[ b y t e a r r a y ( b ' \ x a a \ x f f \ x a 2 \ x a 0 \ x 0 f \ x 0 0 \ x a 0 \ x 0 f \ x 0 0 \ x 0 3 \ x a 9 \ n \ r ' ) ]] 
1621048367649 [log_latest_command] [[ b y t e a r r a y ( b ' \ x a a \ x f f \ x a 5 \ x 0 2 N \ n \ r ' ) ]] 
1621048369443 [log_latest_command] [[ b y t e a r r a y ( b ' \ x a a \ x f f \ x a 2 \ x a 0 \ x 0 f \ x f f \ x a 0 \ x 0 f \ x f f \ x 0 5 \ x a 7 \ n \ r ' ) ]] 
