1621046243907 [Opening serial port: /dev/ttyTHS1.] 
1621046244217 [The robot is connected to ] [/dev/ttyTHS1] 
1621046244217 [Initial robot's topic...] 
1621046250121 [log_latest_command] [[ b y t e a r r a y ( b ' \ x a a \ x f f \ x a 2 \ x a 0 \ x 0 f \ x f f \ x a 0 \ x 0 f \ x f f \ x 0 5 \ x a 7 \ n \ r ' ) ]] 
1621046251477 [log_latest_command] [[ b y t e a r r a y ( b ' \ x a a \ x f f \ x a 5 \ x 0 2 N \ n \ r ' ) ]] 
1621046252073 [log_latest_command] [[ b y t e a r r a y ( b ' \ x a a \ x f f \ x a 2 \ x d 0 \ x 0 7 \ x f f \ x d 0 \ x 0 7 \ x f f \ x 0 5 \ x f 7 \ n \ r ' ) ]] 
1621046252659 [log_latest_command] [[ b y t e a r r a y ( b ' \ x a a \ x f f \ x a 5 \ x 0 2 N \ n \ r ' ) ]] 
1621046253449 [log_latest_command] [[ b y t e a r r a y ( b ' \ x a a \ x f f \ x a 5 \ x 0 2 N \ n \ r ' ) ]] 
1621046253946 [log_latest_command] [[ b y t e a r r a y ( b ' \ x a a \ x f f \ x a 2 \ x d 0 \ x 0 7 \ x f f \ x d 0 \ x 0 7 \ x f f \ x 0 5 \ x f 7 \ n \ r ' ) ]] 
1621046257099 [log_latest_command] [[ b y t e a r r a y ( b ' \ x a a \ x f f \ x a 5 \ x 0 2 N \ n \ r ' ) ]] 
1621046257418 [log_latest_command] [[ b y t e a r r a y ( b ' \ x a a \ x f f \ x a 2 \ x d 0 \ x 0 7 \ x f f \ x d 0 \ x 0 7 \ x f f \ x 0 5 \ x f 7 \ n \ r ' ) ]] 
1621046258185 [log_latest_command] [[ b y t e a r r a y ( b ' \ x a a \ x f f \ x a 5 \ x 0 2 N \ n \ r ' ) ]] 
1621046258921 [log_latest_command] [[ b y t e a r r a y ( b ' \ x a a \ x f f \ x a 5 \ x 0 2 N \ n \ r ' ) ]] 
1621046259890 [log_latest_command] [[ b y t e a r r a y ( b ' \ x a a \ x f f \ x a 5 \ x 0 2 N \ n \ r ' ) ]] 
1621046260390 [log_latest_command] [[ b y t e a r r a y ( b ' \ x a a \ x f f \ x a 5 \ x 0 2 N \ n \ r ' ) ]] 
1621046260739 [log_latest_command] [[ b y t e a r r a y ( b ' \ x a a \ x f f \ x a 5 \ x 0 2 N \ n \ r ' ) ]] 
1621046261075 [log_latest_command] [[ b y t e a r r a y ( b ' \ x a a \ x f f \ x a 5 \ x 0 2 N \ n \ r ' ) ]] 
1621046261602 [log_latest_command] [[ b y t e a r r a y ( b ' \ x a a \ x f f \ x a 5 \ x 0 2 N \ n \ r ' ) ]] 
1621046261854 [log_latest_command] [[ b y t e a r r a y ( b ' \ x a a \ x f f \ x a 5 \ x 0 2 N \ n \ r ' ) ]] 
1621046262082 [log_latest_command] [[ b y t e a r r a y ( b ' \ x a a \ x f f \ x a 5 \ x 0 2 N \ n \ r ' ) ]] 
