1622956979207 [Opening serial port: /dev/ttyTHS1.] 
1622956979528 [The robot is connected to ] [/dev/ttyTHS1] 
1622956979528 [Initial robot's topic...] 
1622956985333 [log_latest_command] [[ b y t e a r r a y ( b ' \ x a a \ x f f \ x a 2 \ x d c \ x 0 5 \ x 0 0 \ x d c \ x 0 5 \ x 0 0 \ x 0 4 \ r \ x 0 f \ x 0 e ' ) ]] 
1622956987032 [log_latest_command] [[ b y t e a r r a y ( b ' \ x a a \ x f f \ x a 5 \ x 0 2 N \ x 0 f \ x 0 e ' ) ]] 
1622956987821 [log_latest_command] [[ b y t e a r r a y ( b ' \ x a a \ x f f \ x a 2 \ x d c \ x 0 5 \ x 0 0 X \ x 0 2 \ x 0 0 \ x 0 3 \ x 8 6 \ x 0 f \ x 0 e ' ) ]] 
1622956988498 [log_latest_command] [[ b y t e a r r a y ( b ' \ x a a \ x f f \ x a 2 \ x d c \ x 0 5 \ x 0 0 \ x d c \ x 0 5 \ x 0 0 \ x 0 4 \ r \ x 0 f \ x 0 e ' ) ]] 
1622956990728 [log_latest_command] [[ b y t e a r r a y ( b ' \ x a a \ x f f \ x a 5 \ x 0 2 N \ x 0 f \ x 0 e ' ) ]] 
1622956990993 [log_latest_command] [[ b y t e a r r a y ( b ' \ x a a \ x f f \ x a 2 \ x d c \ x 0 5 \ x 0 0 \ x d c \ x 0 5 \ x 0 0 \ x 0 4 \ r \ x 0 f \ x 0 e ' ) ]] 
1622956994137 [log_latest_command] [[ b y t e a r r a y ( b ' \ x a a \ x f f \ x a 5 \ x 0 2 N \ x 0 f \ x 0 e ' ) ]] 
1622956997926 [log_latest_command] [[ b y t e a r r a y ( b ' \ x a a \ x f f \ x a 2 \ x d c \ x 0 5 \ x f f \ x d c \ x 0 5 \ x f f \ x 0 6 \ x 0 b \ x 0 f \ x 0 e ' ) ]] 
1622956999432 [log_latest_command] [[ b y t e a r r a y ( b ' \ x a a \ x f f \ x a 2 \ x d c \ x 0 5 \ x f f X \ x 0 2 \ x f f \ x 0 5 \ x 8 4 \ x 0 f \ x 0 e ' ) ]] 
1622957006325 [log_latest_command] [[ b y t e a r r a y ( b ' \ x a a \ x f f \ x a 2 X \ x 0 2 \ x f f \ x d c \ x 0 5 \ x f f \ x 0 5 \ x 8 4 \ x 0 f \ x 0 e ' ) ]] 
1622957006629 [log_latest_command] [[ b y t e a r r a y ( b ' \ x a a \ x f f \ x a 5 \ x 0 2 N \ x 0 f \ x 0 e ' ) ]] 
1622957007356 [log_latest_command] [[ b y t e a r r a y ( b ' \ x a a \ x f f \ x a 2 \ x d c \ x 0 5 \ x 0 0 \ x d c \ x 0 5 \ x 0 0 \ x 0 4 \ r \ x 0 f \ x 0 e ' ) ]] 
1622957008887 [log_latest_command] [[ b y t e a r r a y ( b ' \ x a a \ x f f \ x a 2 \ x d c \ x 0 5 \ x 0 0 X \ x 0 2 \ x 0 0 \ x 0 3 \ x 8 6 \ x 0 f \ x 0 e ' ) ]] 
1622957009858 [log_latest_command] [[ b y t e a r r a y ( b ' \ x a a \ x f f \ x a 5 \ x 0 2 N \ x 0 f \ x 0 e ' ) ]] 
1622957011322 [log_latest_command] [[ b y t e a r r a y ( b ' \ x a a \ x f f \ x a 2 \ x d c \ x 0 5 \ x f f \ x d c \ x 0 5 \ x f f \ x 0 6 \ x 0 b \ x 0 f \ x 0 e ' ) ]] 
1622957011959 [log_latest_command] [[ b y t e a r r a y ( b ' \ x a a \ x f f \ x a 2 \ x d c \ x 0 5 \ x f f \ x d c \ x 0 5 \ x f f \ x 0 6 \ x 0 b \ x 0 f \ x 0 e ' ) ]] 
1622957012481 [log_latest_command] [[ b y t e a r r a y ( b ' \ x a a \ x f f \ x a 2 \ x d c \ x 0 5 \ x f f X \ x 0 2 \ x f f \ x 0 5 \ x 8 4 \ x 0 f \ x 0 e ' ) ]] 
1622957013726 [log_latest_command] [[ b y t e a r r a y ( b ' \ x a a \ x f f \ x a 2 X \ x 0 2 \ x f f \ x d c \ x 0 5 \ x f f \ x 0 5 \ x 8 4 \ x 0 f \ x 0 e ' ) ]] 
1622957014268 [log_latest_command] [[ b y t e a r r a y ( b ' \ x a a \ x f f \ x a 5 \ x 0 2 N \ x 0 f \ x 0 e ' ) ]] 
1622957022361 [log_latest_command] [[ b y t e a r r a y ( b ' \ x a a \ x f f \ x a 2 \ x d c \ x 0 5 \ x f f \ x d c \ x 0 5 \ x f f \ x 0 6 \ x 0 b \ x 0 f \ x 0 e ' ) ]] 
1622957025799 [log_latest_command] [[ b y t e a r r a y ( b ' \ x a a \ x f f \ x a 2 \ x d c \ x 0 5 \ x f f X \ x 0 2 \ x f f \ x 0 5 \ x 8 4 \ x 0 f \ x 0 e ' ) ]] 
1622957028471 [log_latest_command] [[ b y t e a r r a y ( b ' \ x a a \ x f f \ x a 2 \ x d c \ x 0 5 \ x f f \ x d c \ x 0 5 \ x f f \ x 0 6 \ x 0 b \ x 0 f \ x 0 e ' ) ]] 
1622957064863 [log_latest_command] [[ b y t e a r r a y ( b ' \ x a a \ x f f \ x a 5 \ x 0 2 N \ x 0 f \ x 0 e ' ) ]] 
