1621068529694 [Opening serial port: /dev/ttyTHS1.] 
1621068530001 [The robot is connected to ] [/dev/ttyTHS1] 
1621068530002 [Initial robot's topic...] 
1621068530007 [Start initializing navigation] 
1621068530007 [Start initializing navigation topic] 
1621068530042 [Initialization navigation topic finished] 
1621068530046 [Initialization navigation finished] 
1621068530055 [Update odom] 
1621068530188 [vx:0.0 vy:0.0 vth:0.0 yaw:0.0] 
1621068530204 [delta_X:0 delta_y:0 status:True] 
1621068530206 [Update odom] 
1621068530351 [vx:0.0 vy:0.0 vth:0.0 yaw:0.0] 
1621068530356 [delta_X:0 delta_y:0 status:True] 
1621068530358 [Update odom] 
1621068530507 [vx:0.0 vy:0.0 vth:0.0 yaw:0.0] 
1621068530513 [delta_X:0 delta_y:0 status:True] 
1621068530515 [Update odom] 
1621068530650 [vx:0.0 vy:0.0 vth:0.0 yaw:0.0] 
1621068530655 [delta_X:0 delta_y:0 status:True] 
1621068530657 [Update odom] 
1621068530793 [vx:0.0 vy:0.0 vth:0.0 yaw:0.0] 
1621068530798 [delta_X:0 delta_y:0 status:True] 
1621068530799 [Update odom] 
1621068530934 [vx:0.0 vy:0.0 vth:0.0 yaw:0.0] 
1621068530940 [delta_X:0 delta_y:0 status:True] 
1621068530941 [Update odom] 
1621068531099 [vx:0.0 vy:0.0 vth:0.0 yaw:0.0] 
1621068531103 [delta_X:0 delta_y:0 status:True] 
1621068531104 [Update odom] 
1621068531234 [vx:0.0 vy:0.0 vth:0.0 yaw:0.0] 
1621068531238 [delta_X:0 delta_y:0 status:True] 
1621068531239 [Update odom] 
1621068531380 [vx:0.0 vy:0.0 vth:0.0 yaw:0.0] 
1621068531388 [delta_X:0 delta_y:0 status:True] 
1621068531391 [Update odom] 
1621068531544 [vx:0.0 vy:0.0 vth:0.0 yaw:0.0] 
1621068531549 [delta_X:0 delta_y:0 status:True] 
1621068531550 [Update odom] 
1621068531697 [vx:0.0 vy:0.0 vth:0.0 yaw:0.0] 
1621068531701 [delta_X:0 delta_y:0 status:True] 
1621068531702 [Update odom] 
1621068531829 [vx:0.0 vy:0.0 vth:0.0 yaw:0.0] 
1621068531833 [delta_X:0 delta_y:0 status:True] 
1621068531834 [Update odom] 
1621068531986 [vx:0.0 vy:0.0 vth:0.0 yaw:0.0] 
1621068531990 [delta_X:0 delta_y:0 status:True] 
1621068531996 [Update odom] 
1621068532150 [vx:0.0 vy:0.0 vth:0.0 yaw:0.0] 
1621068532155 [delta_X:0 delta_y:0 status:True] 
1621068532156 [Update odom] 
1621068532305 [vx:0.0 vy:0.0 vth:0.0 yaw:0.0] 
1621068532312 [delta_X:0 delta_y:0 status:True] 
1621068532313 [Update odom] 
1621068532455 [vx:0.0 vy:0.0 vth:0.0 yaw:0.0] 
1621068532460 [delta_X:0 delta_y:0 status:True] 
1621068532462 [Update odom] 
1621068532607 [vx:0.0 vy:0.0 vth:0.0 yaw:0.0] 
1621068532613 [delta_X:0 delta_y:0 status:True] 
1621068532615 [Update odom] 
1621068532760 [vx:0.0 vy:0.0 vth:0.0 yaw:0.0] 
1621068532766 [delta_X:0 delta_y:0 status:True] 
1621068532767 [Update odom] 
1621068532917 [vx:0.0 vy:0.0 vth:0.0 yaw:0.0] 
1621068532924 [delta_X:0 delta_y:0 status:True] 
1621068532925 [Update odom] 
1621068533080 [vx:0.0 vy:0.0 vth:0.0 yaw:0.0] 
1621068533085 [delta_X:0 delta_y:0 status:True] 
1621068533086 [Update odom] 
1621068533239 [vx:0.0 vy:0.0 vth:0.0 yaw:0.0] 
1621068533246 [delta_X:0 delta_y:0 status:True] 
1621068533247 [Update odom] 
1621068533394 [vx:0.0 vy:0.0 vth:0.0 yaw:0.0] 
1621068533398 [delta_X:0 delta_y:0 status:True] 
1621068533399 [Update odom] 
1621068533565 [vx:0.0 vy:0.0 vth:0.0 yaw:0.0] 
1621068533570 [delta_X:0 delta_y:0 status:True] 
1621068533571 [Update odom] 
1621068533701 [vx:0.0 vy:0.0 vth:0.0 yaw:0.0] 
1621068533708 [delta_X:0 delta_y:0 status:True] 
1621068533710 [Update odom] 
1621068533839 [vx:0.0 vy:0.0 vth:0.0 yaw:0.0] 
1621068533846 [delta_X:0 delta_y:0 status:True] 
1621068533849 [Update odom] 
1621068533982 [vx:0.0 vy:0.0 vth:0.0 yaw:0.0] 
1621068533985 [delta_X:0 delta_y:0 status:True] 
1621068533986 [Update odom] 
1621068534129 [vx:0.0 vy:0.0 vth:0.0 yaw:0.0] 
1621068534139 [delta_X:0 delta_y:0 status:True] 
1621068534140 [Update odom] 
1621068534282 [vx:0.0 vy:0.0 vth:0.0 yaw:0.0] 
1621068534286 [delta_X:0 delta_y:0 status:True] 
1621068534287 [Update odom] 
1621068534423 [vx:0.0 vy:0.0 vth:0.0 yaw:0.0] 
1621068534427 [delta_X:0 delta_y:0 status:True] 
1621068534429 [Update odom] 
1621068534565 [vx:0.0 vy:0.0 vth:0.0 yaw:0.0] 
1621068534578 [delta_X:0 delta_y:0 status:True] 
1621068534579 [Update odom] 
1621068534730 [vx:0.0 vy:0.0 vth:0.0 yaw:0.0] 
1621068534735 [delta_X:0 delta_y:0 status:True] 
1621068534736 [Update odom] 
1621068534827 [log_latest_command] [[ b y t e a r r a y ( b ' \ x a a \ x f f \ x a 0 \ x 0 2 I \ x 0 f \ x 0 e ' ) ]] 
1621068534877 [vx:0.0 vy:0.0 vth:0.0 yaw:0.0] 
1621068534882 [delta_X:0.0 delta_y:0.0 status:False] 
1621068534883 [Update odom] 
1621068535033 [vx:0.0 vy:0.0 vth:0.0 yaw:0.0] 
1621068535039 [delta_X:0.0 delta_y:0.0 status:False] 
1621068535040 [Update odom] 
1621068535221 [vx:0.0 vy:0.0 vth:0.0 yaw:0.0] 
1621068535230 [delta_X:0.0 delta_y:0.0 status:False] 
1621068535232 [Update odom] 
1621068535256 [log_latest_command] [[ b y t e a r r a y ( b ' \ x a a \ x f f \ x a 0 \ x 0 2 I \ x 0 f \ x 0 e ' ) ]] 
1621068535370 [vx:0.0 vy:0.0 vth:0.0 yaw:0.0] 
1621068535377 [delta_X:0.0 delta_y:0.0 status:False] 
1621068535378 [Update odom] 
1621068535522 [vx:0.0 vy:0.0 vth:0.0 yaw:0.0] 
1621068535527 [delta_X:0.0 delta_y:0.0 status:False] 
1621068535535 [Update odom] 
1621068535683 [vx:0.0 vy:0.0 vth:0.0 yaw:0.0] 
1621068535690 [delta_X:0.0 delta_y:0.0 status:False] 
1621068535691 [Update odom] 
1621068535846 [vx:0.0 vy:0.0 vth:0.0 yaw:0.0] 
1621068535850 [delta_X:0.0 delta_y:0.0 status:False] 
1621068535851 [Update odom] 
1621068536006 [vx:0.0 vy:0.0 vth:0.0 yaw:0.0] 
1621068536010 [delta_X:0.0 delta_y:0.0 status:False] 
1621068536011 [Update odom] 
1621068536158 [vx:0.0 vy:0.0 vth:0.0 yaw:0.0] 
1621068536177 [delta_X:0.0 delta_y:0.0 status:False] 
1621068536178 [Update odom] 
1621068536311 [vx:0.0 vy:0.0 vth:0.0 yaw:0.0] 
1621068536315 [delta_X:0.0 delta_y:0.0 status:False] 
1621068536316 [Update odom] 
1621068536383 [log_latest_command] [[ b y t e a r r a y ( b ' \ x a a \ x f f \ x a 0 \ x 0 2 I \ x 0 f \ x 0 e ' ) ]] 
1621068536466 [vx:0.0 vy:0.0 vth:0.0 yaw:0.0] 
1621068536470 [delta_X:0.0 delta_y:0.0 status:False] 
1621068536472 [Update odom] 
1621068536615 [vx:0.0 vy:0.0 vth:0.0 yaw:0.0] 
1621068536619 [delta_X:0.0 delta_y:0.0 status:False] 
1621068536621 [Update odom] 
1621068536776 [vx:0.0 vy:0.0 vth:0.0 yaw:0.0] 
1621068536781 [delta_X:0 delta_y:0 status:True] 
1621068536782 [Update odom] 
1621068536920 [vx:0.0 vy:0.0 vth:0.0 yaw:0.0] 
1621068536929 [delta_X:0 delta_y:0 status:True] 
1621068536931 [Update odom] 
1621068537020 [log_latest_command] [[ b y t e a r r a y ( b ' \ x a a \ x f f \ x a 0 \ x 0 2 I \ x 0 f \ x 0 e ' ) ]] 
1621068537095 [vx:0.0 vy:0.0 vth:0.0 yaw:0.0] 
1621068537100 [delta_X:0.0 delta_y:0.0 status:False] 
1621068537101 [Update odom] 
1621068537255 [vx:0.0 vy:0.0 vth:0.0 yaw:0.0] 
1621068537259 [delta_X:0.0 delta_y:0.0 status:False] 
1621068537260 [Update odom] 
1621068537450 [vx:0.0 vy:0.0 vth:0.0 yaw:0.0] 
1621068537456 [delta_X:0.0 delta_y:0.0 status:False] 
1621068537457 [Update odom] 
1621068537557 [log_latest_command] [[ b y t e a r r a y ( b ' \ x a a \ x f f \ x a 0 \ x 0 2 I \ x 0 f \ x 0 e ' ) ]] 
1621068537606 [vx:0.0 vy:0.0 vth:0.0 yaw:0.0] 
1621068537629 [delta_X:0.0 delta_y:0.0 status:False] 
1621068537631 [Update odom] 
1621068537773 [vx:0.0 vy:0.0 vth:0.0 yaw:0.0] 
1621068537778 [delta_X:0.0 delta_y:0.0 status:False] 
1621068537780 [Update odom] 
1621068537917 [vx:0.0 vy:0.0 vth:0.0 yaw:0.0] 
1621068537922 [delta_X:0.0 delta_y:0.0 status:False] 
1621068537924 [Update odom] 
1621068538077 [vx:0.0 vy:0.0 vth:0.0 yaw:0.0] 
1621068538088 [delta_X:0.0 delta_y:0.0 status:False] 
1621068538089 [Update odom] 
1621068538234 [vx:0.0 vy:0.0 vth:0.0 yaw:0.0] 
1621068538239 [delta_X:0.0 delta_y:0.0 status:False] 
1621068538240 [Update odom] 
1621068538376 [vx:0.0 vy:0.0 vth:0.0 yaw:0.0] 
1621068538381 [delta_X:0.0 delta_y:0.0 status:False] 
1621068538382 [Update odom] 
1621068538518 [vx:0.0 vy:0.0 vth:0.0 yaw:0.0] 
1621068538523 [delta_X:0.0 delta_y:0.0 status:False] 
1621068538524 [Update odom] 
1621068538678 [vx:0.0 vy:0.0 vth:0.0 yaw:0.0] 
1621068538682 [delta_X:0.0 delta_y:0.0 status:False] 
1621068538684 [Update odom] 
1621068538845 [vx:0.0 vy:0.0 vth:0.0 yaw:0.0] 
1621068538851 [delta_X:0.0 delta_y:0.0 status:False] 
1621068538853 [Update odom] 
1621068539009 [vx:0.0 vy:0.0 vth:0.0 yaw:0.0] 
1621068539026 [delta_X:0.0 delta_y:0.0 status:False] 
1621068539027 [Update odom] 
1621068539170 [vx:0.0 vy:0.0 vth:0.0 yaw:0.0] 
1621068539175 [delta_X:0.0 delta_y:0.0 status:False] 
1621068539176 [Update odom] 
1621068539322 [vx:0.0 vy:0.0 vth:0.0 yaw:0.0] 
1621068539332 [delta_X:0.0 delta_y:0.0 status:False] 
1621068539333 [Update odom] 
1621068539472 [vx:0.0 vy:0.0 vth:0.0 yaw:0.0] 
1621068539484 [delta_X:0.0 delta_y:0.0 status:False] 
1621068539485 [Update odom] 
1621068539619 [vx:0.0 vy:0.0 vth:0.0 yaw:0.0] 
1621068539625 [delta_X:0.0 delta_y:0.0 status:False] 
1621068539627 [Update odom] 
1621068539789 [vx:0.0 vy:0.0 vth:0.0 yaw:0.0] 
1621068539793 [delta_X:0.0 delta_y:0.0 status:False] 
1621068539794 [Update odom] 
1621068539928 [vx:0.0 vy:0.0 vth:0.0 yaw:0.0] 
1621068539932 [delta_X:0.0 delta_y:0.0 status:False] 
1621068539934 [Update odom] 
1621068540075 [vx:0.0 vy:0.0 vth:0.0 yaw:0.0] 
1621068540079 [delta_X:0.0 delta_y:0.0 status:False] 
1621068540080 [Update odom] 
1621068540231 [vx:0.0 vy:0.0 vth:0.0 yaw:0.0] 
1621068540236 [delta_X:0.0 delta_y:0.0 status:False] 
1621068540243 [Update odom] 
1621068540394 [vx:0.0 vy:0.0 vth:0.0 yaw:0.0] 
1621068540401 [delta_X:0.0 delta_y:0.0 status:False] 
1621068540407 [Update odom] 
1621068540569 [vx:0.0 vy:0.0 vth:0.0 yaw:0.0] 
1621068540580 [delta_X:0.0 delta_y:0.0 status:False] 
1621068540582 [Update odom] 
1621068540745 [vx:0.0 vy:0.0 vth:0.0 yaw:0.0] 
1621068540750 [delta_X:0.0 delta_y:0.0 status:False] 
1621068540751 [Update odom] 
1621068540904 [vx:0.0 vy:0.0 vth:0.0 yaw:0.0] 
1621068540910 [delta_X:0.0 delta_y:0.0 status:False] 
1621068540910 [Update odom] 
1621068541058 [vx:0.0 vy:0.0 vth:0.0 yaw:0.0] 
1621068541062 [delta_X:0.0 delta_y:0.0 status:False] 
1621068541063 [Update odom] 
1621068541207 [vx:0.0 vy:0.0 vth:0.0 yaw:0.0] 
1621068541211 [delta_X:0.0 delta_y:0.0 status:False] 
1621068541213 [Update odom] 
1621068541347 [vx:0.0 vy:0.0 vth:0.0 yaw:0.0] 
1621068541351 [delta_X:0.0 delta_y:0.0 status:False] 
1621068541351 [Update odom] 
1621068541506 [vx:0.0 vy:0.0 vth:0.0 yaw:0.0] 
1621068541510 [delta_X:0.0 delta_y:0.0 status:False] 
1621068541511 [Update odom] 
1621068541681 [vx:0.0 vy:0.0 vth:0.0 yaw:0.0] 
1621068541688 [delta_X:0.0 delta_y:0.0 status:False] 
1621068541690 [Update odom] 
1621068541819 [vx:0.0 vy:0.0 vth:0.0 yaw:0.0] 
1621068541823 [delta_X:0.0 delta_y:0.0 status:False] 
1621068541824 [Update odom] 
1621068541979 [vx:0.0 vy:0.0 vth:0.0 yaw:0.0] 
1621068541985 [delta_X:0.0 delta_y:0.0 status:False] 
1621068541986 [Update odom] 
1621068542127 [vx:0.0 vy:0.0 vth:0.0 yaw:0.0] 
1621068542135 [delta_X:0.0 delta_y:0.0 status:False] 
1621068542144 [Update odom] 
1621068542307 [vx:0.0 vy:0.0 vth:0.0 yaw:0.0] 
1621068542312 [delta_X:0.0 delta_y:0.0 status:False] 
1621068542313 [Update odom] 
1621068542451 [vx:0.0 vy:0.0 vth:0.0 yaw:0.0] 
1621068542456 [delta_X:0.0 delta_y:0.0 status:False] 
1621068542457 [Update odom] 
1621068542592 [vx:0.0 vy:0.0 vth:0.0 yaw:0.0] 
1621068542598 [delta_X:0.0 delta_y:0.0 status:False] 
1621068542600 [Update odom] 
1621068542760 [vx:0.0 vy:0.0 vth:0.0 yaw:0.0] 
1621068542765 [delta_X:0.0 delta_y:0.0 status:False] 
1621068542769 [Update odom] 
1621068542929 [vx:0.0 vy:0.0 vth:0.0 yaw:0.0] 
1621068542935 [delta_X:0.0 delta_y:0.0 status:False] 
1621068542936 [Update odom] 
1621068543066 [vx:0.0 vy:0.0 vth:0.0 yaw:0.0] 
1621068543069 [delta_X:0.0 delta_y:0.0 status:False] 
1621068543070 [Update odom] 
1621068543215 [vx:0.0 vy:0.0 vth:0.0 yaw:0.0] 
1621068543223 [delta_X:0.0 delta_y:0.0 status:False] 
1621068543225 [Update odom] 
1621068543374 [vx:0.0 vy:0.0 vth:0.0 yaw:0.0] 
1621068543379 [delta_X:0.0 delta_y:0.0 status:False] 
1621068543380 [Update odom] 
1621068543529 [vx:0.0 vy:0.0 vth:0.0 yaw:0.0] 
1621068543537 [delta_X:0.0 delta_y:0.0 status:False] 
1621068543537 [Update odom] 
1621068543674 [vx:0.0 vy:0.0 vth:0.0 yaw:0.0] 
1621068543681 [delta_X:0.0 delta_y:0.0 status:False] 
1621068543682 [Update odom] 
1621068543824 [vx:0.0 vy:0.0 vth:0.0 yaw:0.0] 
1621068543839 [delta_X:0.0 delta_y:0.0 status:False] 
1621068543840 [Update odom] 
1621068543990 [vx:0.0 vy:0.0 vth:0.0 yaw:0.0] 
1621068543995 [delta_X:0.0 delta_y:0.0 status:False] 
1621068543996 [Update odom] 
1621068544123 [vx:0.0 vy:0.0 vth:0.0 yaw:0.0] 
1621068544126 [delta_X:0.0 delta_y:0.0 status:False] 
1621068544127 [Update odom] 
1621068544253 [vx:0.0 vy:0.0 vth:0.0 yaw:0.0] 
1621068544257 [delta_X:0.0 delta_y:0.0 status:False] 
1621068544258 [Update odom] 
1621068544385 [vx:0.0 vy:0.0 vth:0.0 yaw:0.0] 
1621068544389 [delta_X:0.0 delta_y:0.0 status:False] 
1621068544390 [Update odom] 
1621068544518 [vx:0.0 vy:0.0 vth:0.0 yaw:0.0] 
1621068544521 [delta_X:0.0 delta_y:0.0 status:False] 
1621068544522 [Update odom] 
1621068544650 [vx:0.0 vy:0.0 vth:0.0 yaw:0.0] 
1621068544656 [delta_X:0.0 delta_y:0.0 status:False] 
1621068544657 [Update odom] 
1621068544819 [vx:0.0 vy:0.0 vth:0.0 yaw:0.0] 
1621068544823 [delta_X:0.0 delta_y:0.0 status:False] 
1621068544824 [Update odom] 
1621068544964 [vx:0.0 vy:0.0 vth:0.0 yaw:0.0] 
1621068544968 [delta_X:0.0 delta_y:0.0 status:False] 
1621068544970 [Update odom] 
1621068545116 [vx:0.0 vy:0.0 vth:0.0 yaw:0.0] 
1621068545121 [delta_X:0.0 delta_y:0.0 status:False] 
1621068545122 [Update odom] 
1621068545270 [vx:0.0 vy:0.0 vth:0.0 yaw:0.0] 
1621068545279 [delta_X:0.0 delta_y:0.0 status:False] 
1621068545280 [Update odom] 
1621068545411 [vx:0.0 vy:0.0 vth:0.0 yaw:0.0] 
1621068545416 [delta_X:0.0 delta_y:0.0 status:False] 
1621068545417 [Update odom] 
1621068545567 [vx:0.0 vy:0.0 vth:0.0 yaw:0.0] 
1621068545573 [delta_X:0.0 delta_y:0.0 status:False] 
1621068545575 [Update odom] 
1621068545718 [vx:0.0 vy:0.0 vth:0.0 yaw:0.0] 
1621068545727 [delta_X:0.0 delta_y:0.0 status:False] 
1621068545729 [Update odom] 
1621068545885 [vx:0.0 vy:0.0 vth:0.0 yaw:0.0] 
1621068545890 [delta_X:0.0 delta_y:0.0 status:False] 
1621068545891 [Update odom] 
1621068546030 [vx:0.0 vy:0.0 vth:0.0 yaw:0.0] 
1621068546041 [delta_X:0.0 delta_y:0.0 status:False] 
1621068546042 [Update odom] 
1621068546175 [vx:0.0 vy:0.0 vth:0.0 yaw:0.0] 
1621068546188 [delta_X:0.0 delta_y:0.0 status:False] 
1621068546190 [Update odom] 
1621068546349 [vx:0.0 vy:0.0 vth:0.0 yaw:0.0] 
1621068546354 [delta_X:0.0 delta_y:0.0 status:False] 
1621068546356 [Update odom] 
1621068546488 [vx:0.0 vy:0.0 vth:0.0 yaw:0.0] 
1621068546492 [delta_X:0.0 delta_y:0.0 status:False] 
1621068546494 [Update odom] 
1621068546633 [vx:0.0 vy:0.0 vth:0.0 yaw:0.0] 
1621068546637 [delta_X:0.0 delta_y:0.0 status:False] 
1621068546638 [Update odom] 
1621068546765 [vx:0.0 vy:0.0 vth:0.0 yaw:0.0] 
1621068546769 [delta_X:0.0 delta_y:0.0 status:False] 
1621068546770 [Update odom] 
1621068546898 [vx:0.0 vy:0.0 vth:0.0 yaw:0.0] 
1621068546901 [delta_X:0.0 delta_y:0.0 status:False] 
1621068546902 [Update odom] 
1621068547030 [vx:0.0 vy:0.0 vth:0.0 yaw:0.0] 
1621068547033 [delta_X:0.0 delta_y:0.0 status:False] 
1621068547034 [Update odom] 
1621068547168 [vx:0.0 vy:0.0 vth:0.0 yaw:0.0] 
1621068547173 [delta_X:0.0 delta_y:0.0 status:False] 
1621068547174 [Update odom] 
1621068547311 [vx:0.0 vy:0.0 vth:0.0 yaw:0.0] 
1621068547334 [delta_X:0.0 delta_y:0.0 status:False] 
1621068547335 [Update odom] 
1621068547474 [vx:0.0 vy:0.0 vth:0.0 yaw:0.0] 
1621068547490 [delta_X:0.0 delta_y:0.0 status:False] 
1621068547491 [Update odom] 
1621068547642 [vx:0.0 vy:0.0 vth:0.0 yaw:0.0] 
1621068547655 [delta_X:0.0 delta_y:0.0 status:False] 
1621068547657 [Update odom] 
1621068547794 [vx:0.0 vy:0.0 vth:0.0 yaw:0.0] 
1621068547802 [delta_X:0.0 delta_y:0.0 status:False] 
1621068547809 [Update odom] 
1621068547956 [vx:0.0 vy:0.0 vth:0.0 yaw:0.0] 
1621068547968 [delta_X:0.0 delta_y:0.0 status:False] 
1621068547969 [Update odom] 
1621068548114 [vx:0.0 vy:0.0 vth:0.0 yaw:0.0] 
1621068548122 [delta_X:0.0 delta_y:0.0 status:False] 
1621068548123 [Update odom] 
1621068548259 [vx:0.0 vy:0.0 vth:0.0 yaw:0.0] 
1621068548264 [delta_X:0.0 delta_y:0.0 status:False] 
1621068548264 [Update odom] 
1621068548388 [vx:0.0 vy:0.0 vth:0.0 yaw:0.0] 
1621068548392 [delta_X:0.0 delta_y:0.0 status:False] 
1621068548394 [Update odom] 
1621068548538 [vx:0.0 vy:0.0 vth:0.0 yaw:0.0] 
1621068548548 [delta_X:0.0 delta_y:0.0 status:False] 
1621068548549 [Update odom] 
1621068548684 [vx:0.0 vy:0.0 vth:0.0 yaw:0.0] 
1621068548687 [delta_X:0.0 delta_y:0.0 status:False] 
1621068548688 [Update odom] 
1621068548851 [vx:0.0 vy:0.0 vth:0.0 yaw:0.0] 
1621068548860 [delta_X:0.0 delta_y:0.0 status:False] 
1621068548862 [Update odom] 
1621068549001 [vx:0.0 vy:0.0 vth:0.0 yaw:0.0] 
1621068549005 [delta_X:0.0 delta_y:0.0 status:False] 
1621068549006 [Update odom] 
1621068549144 [vx:0.0 vy:0.0 vth:0.0 yaw:0.0] 
1621068549150 [delta_X:0.0 delta_y:0.0 status:False] 
1621068549151 [Update odom] 
1621068549285 [vx:0.0 vy:0.0 vth:0.0 yaw:0.0] 
1621068549288 [delta_X:0.0 delta_y:0.0 status:False] 
1621068549289 [Update odom] 
1621068549431 [vx:0.0 vy:0.0 vth:0.0 yaw:0.0] 
1621068549436 [delta_X:0.0 delta_y:0.0 status:False] 
1621068549437 [Update odom] 
1621068549587 [vx:0.0 vy:0.0 vth:0.0 yaw:0.0] 
1621068549593 [delta_X:0.0 delta_y:0.0 status:False] 
1621068549594 [Update odom] 
1621068549725 [vx:0.0 vy:0.0 vth:0.0 yaw:0.0] 
1621068549728 [delta_X:0.0 delta_y:0.0 status:False] 
1621068549729 [Update odom] 
1621068549882 [vx:0.0 vy:0.0 vth:0.0 yaw:0.0] 
1621068549887 [delta_X:0.0 delta_y:0.0 status:False] 
1621068549888 [Update odom] 
1621068550016 [vx:0.0 vy:0.0 vth:0.0 yaw:0.0] 
1621068550020 [delta_X:0.0 delta_y:0.0 status:False] 
1621068550021 [Update odom] 
1621068550153 [vx:0.0 vy:0.0 vth:0.0 yaw:0.0] 
1621068550156 [delta_X:0.0 delta_y:0.0 status:False] 
1621068550157 [Update odom] 
1621068550308 [vx:0.0 vy:0.0 vth:0.0 yaw:0.0] 
1621068550314 [delta_X:0.0 delta_y:0.0 status:False] 
1621068550315 [Update odom] 
1621068550444 [vx:0.0 vy:0.0 vth:0.0 yaw:0.0] 
1621068550447 [delta_X:0.0 delta_y:0.0 status:False] 
1621068550448 [Update odom] 
1621068550599 [vx:0.0 vy:0.0 vth:0.0 yaw:0.0] 
1621068550603 [delta_X:0.0 delta_y:0.0 status:False] 
1621068550604 [Update odom] 
1621068550732 [vx:0.0 vy:0.0 vth:0.0 yaw:0.0] 
1621068550735 [delta_X:0.0 delta_y:0.0 status:False] 
1621068550736 [Update odom] 
1621068550877 [vx:0.0 vy:0.0 vth:0.0 yaw:0.0] 
1621068550895 [delta_X:0.0 delta_y:0.0 status:False] 
1621068550897 [Update odom] 
1621068551051 [vx:0.0 vy:0.0 vth:0.0 yaw:0.0] 
1621068551056 [delta_X:0.0 delta_y:0.0 status:False] 
1621068551057 [Update odom] 
1621068551209 [vx:0.0 vy:0.0 vth:0.0 yaw:0.0] 
1621068551215 [delta_X:0.0 delta_y:0.0 status:False] 
1621068551216 [Update odom] 
1621068551362 [vx:0.0 vy:0.0 vth:0.0 yaw:0.0] 
1621068551376 [delta_X:0.0 delta_y:0.0 status:False] 
1621068551377 [Update odom] 
1621068551506 [vx:0.0 vy:0.0 vth:0.0 yaw:0.0] 
1621068551509 [delta_X:0.0 delta_y:0.0 status:False] 
1621068551510 [Update odom] 
1621068551638 [vx:0.0 vy:0.0 vth:0.0 yaw:0.0] 
1621068551641 [delta_X:0.0 delta_y:0.0 status:False] 
1621068551642 [Update odom] 
1621068551768 [vx:0.0 vy:0.0 vth:0.0 yaw:0.0] 
1621068551771 [delta_X:0.0 delta_y:0.0 status:False] 
1621068551772 [Update odom] 
1621068551929 [vx:0.0 vy:0.0 vth:0.0 yaw:0.0] 
1621068551934 [delta_X:0.0 delta_y:0.0 status:False] 
1621068551935 [Update odom] 
1621068552060 [vx:0.0 vy:0.0 vth:0.0 yaw:0.0] 
1621068552065 [delta_X:0.0 delta_y:0.0 status:False] 
1621068552066 [Update odom] 
1621068552193 [vx:0.0 vy:0.0 vth:0.0 yaw:0.0] 
1621068552197 [delta_X:0.0 delta_y:0.0 status:False] 
1621068552198 [Update odom] 
1621068552353 [vx:0.0 vy:0.0 vth:0.0 yaw:0.0] 
1621068552357 [delta_X:0.0 delta_y:0.0 status:False] 
1621068552359 [Update odom] 
1621068552515 [vx:0.0 vy:0.0 vth:0.0 yaw:0.0] 
1621068552520 [delta_X:0.0 delta_y:0.0 status:False] 
1621068552522 [Update odom] 
1621068552657 [vx:0.0 vy:0.0 vth:0.0 yaw:0.0] 
1621068552664 [delta_X:0.0 delta_y:0.0 status:False] 
1621068552666 [Update odom] 
1621068552811 [vx:0.0 vy:0.0 vth:0.0 yaw:0.0] 
1621068552818 [delta_X:0.0 delta_y:0.0 status:False] 
1621068552819 [Update odom] 
1621068552949 [vx:0.0 vy:0.0 vth:0.0 yaw:0.0] 
1621068552953 [delta_X:0.0 delta_y:0.0 status:False] 
1621068552954 [Update odom] 
1621068553087 [vx:0.0 vy:0.0 vth:0.0 yaw:0.0] 
1621068553092 [delta_X:0.0 delta_y:0.0 status:False] 
1621068553093 [Update odom] 
1621068553220 [vx:0.0 vy:0.0 vth:0.0 yaw:0.0] 
1621068553224 [delta_X:0.0 delta_y:0.0 status:False] 
1621068553225 [Update odom] 
1621068553352 [vx:0.0 vy:0.0 vth:0.0 yaw:0.0] 
1621068553356 [delta_X:0.0 delta_y:0.0 status:False] 
1621068553357 [Update odom] 
1621068553513 [vx:0.0 vy:0.0 vth:0.0 yaw:0.0] 
1621068553519 [delta_X:0.0 delta_y:0.0 status:False] 
1621068553521 [Update odom] 
1621068553685 [vx:0.0 vy:0.0 vth:0.0 yaw:0.0] 
1621068553691 [delta_X:0.0 delta_y:0.0 status:False] 
1621068553692 [Update odom] 
1621068553844 [vx:0.0 vy:0.0 vth:0.0 yaw:0.0] 
1621068553849 [delta_X:0.0 delta_y:0.0 status:False] 
1621068553850 [Update odom] 
1621068553981 [vx:0.0 vy:0.0 vth:0.0 yaw:0.0] 
1621068554002 [delta_X:0.0 delta_y:0.0 status:False] 
1621068554003 [Update odom] 
1621068554152 [vx:0.0 vy:0.0 vth:0.0 yaw:0.0] 
1621068554161 [delta_X:0.0 delta_y:0.0 status:False] 
1621068554162 [Update odom] 
1621068554310 [vx:0.0 vy:0.0 vth:0.0 yaw:0.0] 
1621068554319 [delta_X:0.0 delta_y:0.0 status:False] 
1621068554321 [Update odom] 
1621068554475 [vx:0.0 vy:0.0 vth:0.0 yaw:0.0] 
1621068554480 [delta_X:0.0 delta_y:0.0 status:False] 
1621068554482 [Update odom] 
1621068554620 [vx:0.0 vy:0.0 vth:0.0 yaw:0.0] 
1621068554627 [delta_X:0.0 delta_y:0.0 status:False] 
1621068554628 [Update odom] 
1621068554771 [vx:0.0 vy:0.0 vth:0.0 yaw:0.0] 
1621068554795 [delta_X:0.0 delta_y:0.0 status:False] 
1621068554796 [Update odom] 
1621068554951 [vx:0.0 vy:0.0 vth:0.0 yaw:0.0] 
1621068554959 [delta_X:0.0 delta_y:0.0 status:False] 
1621068554961 [Update odom] 
1621068555102 [vx:0.0 vy:0.0 vth:0.0 yaw:0.0] 
1621068555108 [delta_X:0.0 delta_y:0.0 status:False] 
1621068555109 [Update odom] 
1621068555259 [vx:0.0 vy:0.0 vth:0.0 yaw:0.0] 
1621068555265 [delta_X:0.0 delta_y:0.0 status:False] 
1621068555270 [Update odom] 
1621068555439 [vx:0.0 vy:0.0 vth:0.0 yaw:0.0] 
1621068555444 [delta_X:0.0 delta_y:0.0 status:False] 
1621068555445 [Update odom] 
1621068555591 [vx:0.0 vy:0.0 vth:0.0 yaw:0.0] 
1621068555597 [delta_X:0.0 delta_y:0.0 status:False] 
1621068555600 [Update odom] 
1621068555744 [vx:0.0 vy:0.0 vth:0.0 yaw:0.0] 
1621068555754 [delta_X:0.0 delta_y:0.0 status:False] 
1621068555755 [Update odom] 
1621068555910 [vx:0.0 vy:0.0 vth:0.0 yaw:0.0] 
1621068555915 [delta_X:0.0 delta_y:0.0 status:False] 
1621068555915 [Update odom] 
1621068556066 [vx:0.0 vy:0.0 vth:0.0 yaw:0.0] 
1621068556072 [delta_X:0.0 delta_y:0.0 status:False] 
1621068556074 [Update odom] 
1621068556240 [vx:0.0 vy:0.0 vth:0.0 yaw:0.0] 
1621068556248 [delta_X:0.0 delta_y:0.0 status:False] 
1621068556259 [Update odom] 
1621068556417 [vx:0.0 vy:0.0 vth:0.0 yaw:0.0] 
1621068556426 [delta_X:0.0 delta_y:0.0 status:False] 
1621068556428 [Update odom] 
1621068556566 [vx:0.0 vy:0.0 vth:0.0 yaw:0.0] 
1621068556577 [delta_X:0.0 delta_y:0.0 status:False] 
1621068556578 [Update odom] 
1621068556724 [vx:0.0 vy:0.0 vth:0.0 yaw:0.0] 
1621068556729 [delta_X:0.0 delta_y:0.0 status:False] 
1621068556730 [Update odom] 
1621068556755 [log_latest_command] [[ b y t e a r r a y ( b ' \ x a a \ x f f \ x a 0 \ x 0 2 I \ x 0 f \ x 0 e ' ) ]] 
1621068556886 [vx:0.0 vy:0.0 vth:0.0 yaw:0.0] 
1621068556898 [delta_X:0.0 delta_y:0.0 status:False] 
1621068556899 [Update odom] 
1621068557054 [vx:0.0 vy:0.0 vth:0.0 yaw:0.0] 
1621068557066 [delta_X:0.0 delta_y:0.0 status:False] 
1621068557067 [Update odom] 
1621068557223 [vx:0.0 vy:0.0 vth:0.0 yaw:0.0] 
1621068557229 [delta_X:0 delta_y:0 status:True] 
1621068557230 [Update odom] 
1621068557387 [vx:0.0 vy:0.0 vth:0.0 yaw:0.0] 
1621068557393 [delta_X:0 delta_y:0 status:True] 
1621068557394 [Update odom] 
1621068557538 [vx:0.0 vy:0.0 vth:0.0 yaw:0.0] 
1621068557542 [delta_X:0 delta_y:0 status:True] 
1621068557549 [Update odom] 
1621068557699 [vx:0.0 vy:0.0 vth:0.0 yaw:0.0] 
1621068557709 [delta_X:0 delta_y:0 status:True] 
1621068557710 [Update odom] 
1621068557862 [vx:0.0 vy:0.0 vth:0.0 yaw:0.0] 
1621068557874 [delta_X:0 delta_y:0 status:True] 
1621068557876 [Update odom] 
1621068558017 [vx:0.0 vy:0.0 vth:0.0 yaw:0.0] 
1621068558024 [delta_X:0 delta_y:0 status:True] 
1621068558025 [Update odom] 
1621068558177 [vx:0.0 vy:0.0 vth:0.0 yaw:0.0] 
1621068558181 [delta_X:0 delta_y:0 status:True] 
1621068558183 [Update odom] 
1621068558330 [vx:0.0 vy:0.0 vth:0.0 yaw:0.0] 
1621068558334 [delta_X:0 delta_y:0 status:True] 
1621068558335 [Update odom] 
1621068558480 [vx:0.0 vy:0.0 vth:0.0 yaw:0.0] 
1621068558491 [delta_X:0 delta_y:0 status:True] 
1621068558492 [Update odom] 
1621068558707 [vx:0.0 vy:0.0 vth:0.0 yaw:0.0] 
1621068558715 [delta_X:0 delta_y:0 status:True] 
