1622962034988 [Opening serial port: /dev/ttyTHS1.] 
1622962035295 [The robot is connected to ] [/dev/ttyTHS1] 
1622962035295 [Initial robot's topic...] 
1622962039652 [log_latest_command] [[ b y t e a r r a y ( b ' \ x a a \ x f f \ x a 2 \ x a 0 \ x 0 f \ x f f \ x a 0 \ x 0 f \ x f f \ x 0 5 \ x a 7 \ x 0 f \ x 0 e ' ) ]] 
1622962040597 [log_latest_command] [[ b y t e a r r a y ( b ' \ x a a \ x f f \ x a 5 \ x 0 2 N \ x 0 f \ x 0 e ' ) ]] 
1622962045255 [log_latest_command] [[ b y t e a r r a y ( b ' \ x a a \ x f f \ x a 2 X \ x 0 2 \ x f f \ x d c \ x 0 5 \ x f f \ x 0 5 \ x 8 4 \ x 0 f \ x 0 e ' ) ]] 
1622962045649 [log_latest_command] [[ b y t e a r r a y ( b ' \ x a a \ x f f \ x a 5 \ x 0 2 N \ x 0 f \ x 0 e ' ) ]] 
1622962049949 [log_latest_command] [[ b y t e a r r a y ( b ' \ x a a \ x f f \ x a 2 \ x d c \ x 0 5 \ x f f \ x d c \ x 0 5 \ x f f \ x 0 6 \ x 0 b \ x 0 f \ x 0 e ' ) ]] 
1622962053029 [log_latest_command] [[ b y t e a r r a y ( b ' \ x a a \ x f f \ x a 2 X \ x 0 2 \ x f f \ x d c \ x 0 5 \ x f f \ x 0 5 \ x 8 4 \ x 0 f \ x 0 e ' ) ]] 
1622962055423 [log_latest_command] [[ b y t e a r r a y ( b ' \ x a a \ x f f \ x a 2 \ x d c \ x 0 5 \ x f f \ x d c \ x 0 5 \ x f f \ x 0 6 \ x 0 b \ x 0 f \ x 0 e ' ) ]] 
1622962057971 [log_latest_command] [[ b y t e a r r a y ( b ' \ x a a \ x f f \ x a 2 \ x d c \ x 0 5 \ x f f X \ x 0 2 \ x f f \ x 0 5 \ x 8 4 \ x 0 f \ x 0 e ' ) ]] 
1622962062614 [log_latest_command] [[ b y t e a r r a y ( b ' \ x a a \ x f f \ x a 2 \ x d c \ x 0 5 \ x f f \ x d c \ x 0 5 \ x f f \ x 0 6 \ x 0 b \ x 0 f \ x 0 e ' ) ]] 
1622962063626 [log_latest_command] [[ b y t e a r r a y ( b ' \ x a a \ x f f \ x a 5 \ x 0 2 N \ x 0 f \ x 0 e ' ) ]] 
1622962064073 [log_latest_command] [[ b y t e a r r a y ( b ' \ x a a \ x f f \ x a 2 \ x d c \ x 0 5 \ x f f X \ x 0 2 \ x f f \ x 0 5 \ x 8 4 \ x 0 f \ x 0 e ' ) ]] 
1622962064383 [log_latest_command] [[ b y t e a r r a y ( b ' \ x a a \ x f f \ x a 5 \ x 0 2 N \ x 0 f \ x 0 e ' ) ]] 
1622962064923 [log_latest_command] [[ b y t e a r r a y ( b ' \ x a a \ x f f \ x a 2 X \ x 0 2 \ x f f \ x d c \ x 0 5 \ x f f \ x 0 5 \ x 8 4 \ x 0 f \ x 0 e ' ) ]] 
1622962066387 [log_latest_command] [[ b y t e a r r a y ( b ' \ x a a \ x f f \ x a 2 X \ x 0 2 \ x f f \ x d c \ x 0 5 \ x f f \ x 0 5 \ x 8 4 \ x 0 f \ x 0 e ' ) ]] 
1622962067101 [log_latest_command] [[ b y t e a r r a y ( b ' \ x a a \ x f f \ x a 5 \ x 0 2 N \ x 0 f \ x 0 e ' ) ]] 
1622962067455 [log_latest_command] [[ b y t e a r r a y ( b ' \ x a a \ x f f \ x a 2 X \ x 0 2 \ x f f \ x d c \ x 0 5 \ x f f \ x 0 5 \ x 8 4 \ x 0 f \ x 0 e ' ) ]] 
1622962067902 [log_latest_command] [[ b y t e a r r a y ( b ' \ x a a \ x f f \ x a 5 \ x 0 2 N \ x 0 f \ x 0 e ' ) ]] 
1622962069156 [log_latest_command] [[ b y t e a r r a y ( b ' \ x a a \ x f f \ x a 2 \ x d c \ x 0 5 \ x 0 0 \ x d c \ x 0 5 \ x 0 0 \ x 0 4 \ r \ x 0 f \ x 0 e ' ) ]] 
1622962069726 [log_latest_command] [[ b y t e a r r a y ( b ' \ x a a \ x f f \ x a 5 \ x 0 2 N \ x 0 f \ x 0 e ' ) ]] 
1622962069974 [log_latest_command] [[ b y t e a r r a y ( b ' \ x a a \ x f f \ x a 2 \ x d c \ x 0 5 \ x 0 0 \ x d c \ x 0 5 \ x 0 0 \ x 0 4 \ r \ x 0 f \ x 0 e ' ) ]] 
