1621697763591 [Opening serial port: /dev/ttyTHS1.] 
1621697763897 [The robot is connected to ] [/dev/ttyTHS1] 
1621697763897 [Initial robot's topic...] 
1621697763919 [Start initializing navigation] 
1621697763920 [Start initializing navigation topic] 
1621697763988 [Initialization navigation topic finished] 
1621697763994 [Initialization navigation finished] 
1621697764095 [Update odom] 
1621697764107 [vx:0.0 vy:0.0 yaw:-2.96788482513] 
1621697764195 [Update odom] 
1621697764206 [vx:0.0 vy:0.0 yaw:-2.96262124295] 
1621697764295 [Update odom] 
1621697764306 [vx:0.0 vy:0.0 yaw:-2.96000899898] 
1621697764395 [Update odom] 
1621697764406 [vx:0.0 vy:0.0 yaw:-2.97128763997] 
1621697764495 [Update odom] 
1621697764506 [vx:0.0 vy:0.0 yaw:-2.98364642932] 
1621697764595 [Update odom] 
1621697764608 [vx:0.0 vy:0.0 yaw:-2.99514556658] 
1621697764695 [Update odom] 
1621697764706 [vx:0.0 vy:0.0 yaw:-3.00405397953] 
1621697764795 [Update odom] 
1621697764806 [vx:0.0 vy:0.0 yaw:-3.01623158472] 
1621697764895 [Update odom] 
1621697764906 [vx:0.0 vy:0.0 yaw:-3.01205508492] 
1621697764995 [Update odom] 
1621697765006 [vx:0.0 vy:0.0 yaw:-3.008506991] 
1621697765095 [Update odom] 
1621697765106 [vx:0.0 vy:0.0 yaw:-3.00314275253] 
1621697765195 [Update odom] 
1621697765206 [vx:0.0 vy:0.0 yaw:-2.99258452916] 
1621697765295 [Update odom] 
1621697765306 [vx:0.0 vy:0.0 yaw:-2.97933338583] 
1621697765395 [Update odom] 
1621697765406 [vx:0.0 vy:0.0 yaw:-2.97177661783] 
1621697765495 [Update odom] 
1621697765506 [vx:0.0 vy:0.0 yaw:-2.98044431893] 
1621697765595 [Update odom] 
1621697765606 [vx:0.0 vy:0.0 yaw:-2.9812132935] 
1621697765695 [Update odom] 
1621697765706 [vx:0.0 vy:0.0 yaw:-2.97681397344] 
1621697765795 [Update odom] 
1621697765806 [vx:0.0 vy:0.0 yaw:-2.97415941883] 
1621697765895 [Update odom] 
1621697765906 [vx:0.0 vy:0.0 yaw:-2.98603484342] 
1621697765995 [Update odom] 
1621697766006 [vx:0.0 vy:0.0 yaw:-2.98761143103] 
1621697766095 [Update odom] 
1621697766106 [vx:0.0 vy:0.0 yaw:-2.99335553335] 
1621697766195 [Update odom] 
1621697766206 [vx:0.0 vy:0.0 yaw:-2.99957756557] 
1621697766295 [Update odom] 
1621697766306 [vx:0.0 vy:0.0 yaw:-2.9932549777] 
1621697766395 [Update odom] 
1621697766406 [vx:0.0 vy:0.0 yaw:-2.99412071977] 
1621697766495 [Update odom] 
1621697766506 [vx:0.0 vy:0.0 yaw:-2.99179354302] 
1621697766595 [Update odom] 
1621697766606 [vx:0.0 vy:0.0 yaw:-2.99071534755] 
1621697766695 [Update odom] 
1621697766706 [vx:0.0 vy:0.0 yaw:-2.99068235425] 
1621697766795 [Update odom] 
1621697766806 [vx:0.0 vy:0.0 yaw:-2.99131233559] 
1621697766895 [Update odom] 
1621697766906 [vx:0.0 vy:0.0 yaw:-2.99003806523] 
1621697766995 [Update odom] 
1621697767006 [vx:0.0 vy:0.0 yaw:-2.9884795214] 
1621697767095 [Update odom] 
1621697767106 [vx:0.0 vy:0.0 yaw:-2.99499445729] 
1621697767195 [Update odom] 
1621697767206 [vx:0.0 vy:0.0 yaw:-3.00317889484] 
1621697767295 [Update odom] 
1621697767306 [vx:0.0 vy:0.0 yaw:-2.99704076782] 
1621697767395 [Update odom] 
1621697767406 [vx:0.0 vy:0.0 yaw:-2.9810637043] 
1621697767495 [Update odom] 
1621697767506 [vx:0.0 vy:0.0 yaw:-2.98706251875] 
1621697767595 [Update odom] 
1621697767606 [vx:0.0 vy:0.0 yaw:-2.98496703079] 
1621697767695 [Update odom] 
1621697767706 [vx:0.0 vy:0.0 yaw:-2.97837882044] 
1621697767795 [Update odom] 
1621697767806 [vx:0.0 vy:0.0 yaw:-2.97591452514] 
1621697767895 [Update odom] 
1621697767910 [vx:0.0 vy:0.0 yaw:-2.96551876506] 
1621697767995 [Update odom] 
1621697768006 [vx:0.0 vy:0.0 yaw:-2.94302664578] 
1621697768096 [Update odom] 
1621697768106 [vx:0.0 vy:0.0 yaw:-2.94121838371] 
1621697768195 [Update odom] 
1621697768207 [vx:0.0 vy:0.0 yaw:-2.94060399086] 
1621697768295 [Update odom] 
1621697768306 [vx:0.0 vy:0.0 yaw:-2.93895925204] 
1621697768396 [Update odom] 
1621697768406 [vx:0.0 vy:0.0 yaw:-2.94876711878] 
1621697768496 [Update odom] 
1621697768515 [vx:0.0 vy:0.0 yaw:-2.96389293686] 
1621697768595 [Update odom] 
1621697768607 [vx:0.0 vy:0.0 yaw:-2.98191212553] 
1621697768695 [Update odom] 
1621697768706 [vx:0.0 vy:0.0 yaw:-2.98416629022] 
1621697768795 [Update odom] 
1621697768810 [vx:0.0 vy:0.0 yaw:-2.97394522751] 
1621697768895 [Update odom] 
1621697768906 [vx:0.0 vy:0.0 yaw:-2.95748545073] 
1621697768995 [Update odom] 
1621697769006 [vx:0.0 vy:0.0 yaw:-2.94325911622] 
1621697769097 [Update odom] 
1621697769112 [vx:0.0 vy:0.0 yaw:-2.93993383767] 
1621697769200 [Update odom] 
1621697769210 [vx:0.0 vy:0.0 yaw:-2.94015814426] 
1621697769295 [Update odom] 
1621697769306 [vx:0.0 vy:0.0 yaw:-2.95412456241] 
1621697769398 [Update odom] 
1621697769411 [vx:0.0 vy:0.0 yaw:-2.94836637298] 
1621697769495 [Update odom] 
1621697769506 [vx:0.0 vy:0.0 yaw:-2.94729799738] 
1621697769595 [Update odom] 
1621697769606 [vx:0.0 vy:0.0 yaw:-2.95108112448] 
1621697769695 [Update odom] 
1621697769706 [vx:0.0 vy:0.0 yaw:-2.95779341391] 
1621697769795 [Update odom] 
1621697769806 [vx:0.0 vy:0.0 yaw:-2.96472227437] 
1621697769895 [Update odom] 
1621697769906 [vx:0.0 vy:0.0 yaw:-2.95807006111] 
1621697769995 [Update odom] 
1621697770006 [vx:0.0 vy:0.0 yaw:-2.96421197678] 
1621697770095 [Update odom] 
1621697770106 [vx:0.0 vy:0.0 yaw:-2.97119899722] 
1621697770195 [Update odom] 
1621697770206 [vx:0.0 vy:0.0 yaw:-2.98012030076] 
1621697770295 [Update odom] 
1621697770306 [vx:0.0 vy:0.0 yaw:-2.98610526635] 
1621697770395 [Update odom] 
1621697770406 [vx:0.0 vy:0.0 yaw:-2.99031000933] 
1621697770495 [Update odom] 
1621697770506 [vx:0.0 vy:0.0 yaw:-2.98234574462] 
1621697770595 [Update odom] 
1621697770611 [vx:0.0 vy:0.0 yaw:-2.96955164608] 
1621697770695 [Update odom] 
1621697770706 [vx:0.0 vy:0.0 yaw:-2.95976852434] 
1621697770795 [Update odom] 
1621697770806 [vx:0.0 vy:0.0 yaw:-2.95695613105] 
1621697770895 [Update odom] 
1621697770906 [vx:0.0 vy:0.0 yaw:-2.96801409507] 
1621697770995 [Update odom] 
1621697771006 [vx:0.0 vy:0.0 yaw:-2.98233398077] 
1621697771095 [Update odom] 
1621697771106 [vx:0.0 vy:0.0 yaw:-2.9985348291] 
1621697771195 [Update odom] 
1621697771206 [vx:0.0 vy:0.0 yaw:-3.00824374287] 
1621697771295 [Update odom] 
1621697771306 [vx:0.0 vy:0.0 yaw:-3.00972903214] 
1621697771395 [Update odom] 
1621697771410 [vx:0.0 vy:0.0 yaw:-3.00202451485] 
1621697771495 [Update odom] 
1621697771506 [vx:0.0 vy:0.0 yaw:-3.0023488071] 
1621697771595 [Update odom] 
1621697771606 [vx:0.0 vy:0.0 yaw:-2.99219129904] 
1621697771695 [Update odom] 
1621697771706 [vx:0.0 vy:0.0 yaw:-2.97945115008] 
1621697771795 [Update odom] 
1621697771806 [vx:0.0 vy:0.0 yaw:-2.97660478301] 
1621697771895 [Update odom] 
1621697771906 [vx:0.0 vy:0.0 yaw:-2.98031366572] 
1621697771995 [Update odom] 
1621697772006 [vx:0.0 vy:0.0 yaw:-2.98342789652] 
1621697772095 [Update odom] 
1621697772106 [vx:0.0 vy:0.0 yaw:-2.99013629053] 
1621697772195 [Update odom] 
1621697772210 [vx:0.0 vy:0.0 yaw:-2.99014199075] 
1621697772295 [Update odom] 
1621697772306 [vx:0.0 vy:0.0 yaw:-2.98546917641] 
1621697772395 [Update odom] 
1621697772407 [vx:0.0 vy:0.0 yaw:-2.97903177122] 
1621697772495 [Update odom] 
1621697772507 [vx:0.0 vy:0.0 yaw:-2.96590706178] 
1621697772595 [Update odom] 
1621697772606 [vx:0.0 vy:0.0 yaw:-2.95356288042] 
1621697772695 [Update odom] 
1621697772708 [vx:0.0 vy:0.0 yaw:-2.94623806486] 
1621697772795 [Update odom] 
1621697772808 [vx:0.0 vy:0.0 yaw:-2.93912010983] 
1621697772895 [Update odom] 
1621697772908 [vx:0.0 vy:0.0 yaw:-2.9368471537] 
1621697772995 [Update odom] 
1621697773006 [vx:0.0 vy:0.0 yaw:-2.94823643127] 
1621697773095 [Update odom] 
1621697773106 [vx:0.0 vy:0.0 yaw:-2.95756871365] 
1621697773195 [Update odom] 
1621697773206 [vx:0.0 vy:0.0 yaw:-2.95826141611] 
1621697773295 [Update odom] 
1621697773306 [vx:0.0 vy:0.0 yaw:-2.95320609987] 
1621697773395 [Update odom] 
1621697773406 [vx:0.0 vy:0.0 yaw:-2.95204628638] 
1621697773495 [Update odom] 
1621697773506 [vx:0.0 vy:0.0 yaw:-2.96246086293] 
1621697773595 [Update odom] 
1621697773608 [vx:0.0 vy:0.0 yaw:-2.96224773446] 
1621697773695 [Update odom] 
1621697773706 [vx:0.0 vy:0.0 yaw:-2.96409865956] 
1621697773795 [Update odom] 
1621697773806 [vx:0.0 vy:0.0 yaw:-2.96246830191] 
1621697773895 [Update odom] 
1621697773906 [vx:0.0 vy:0.0 yaw:-2.95982279745] 
1621697773995 [Update odom] 
1621697774006 [vx:0.0 vy:0.0 yaw:-2.97122261557] 
1621697774096 [Update odom] 
1621697774106 [vx:0.0 vy:0.0 yaw:-2.98378882419] 
1621697774195 [Update odom] 
1621697774210 [vx:0.0 vy:0.0 yaw:-2.99133519635] 
1621697774295 [Update odom] 
1621697774306 [vx:0.0 vy:0.0 yaw:-2.99087225029] 
1621697774395 [Update odom] 
1621697774407 [vx:0.0 vy:0.0 yaw:-2.9796235869] 
1621697774495 [Update odom] 
1621697774514 [vx:0.0 vy:0.0 yaw:-2.97085723056] 
1621697774595 [Update odom] 
1621697774611 [vx:0.0 vy:0.0 yaw:-2.97726935691] 
1621697774695 [Update odom] 
1621697774706 [vx:0.0 vy:0.0 yaw:-2.98681282062] 
1621697774795 [Update odom] 
1621697774807 [vx:0.0 vy:0.0 yaw:-2.99283426667] 
1621697774895 [Update odom] 
1621697774906 [vx:0.0 vy:0.0 yaw:-2.99251782048] 
1621697774995 [Update odom] 
1621697775006 [vx:0.0 vy:0.0 yaw:-2.99410227223] 
1621697775103 [Update odom] 
1621697775117 [vx:0.0 vy:0.0 yaw:-2.97896380724] 
1621697775195 [Update odom] 
1621697775207 [vx:0.0 vy:0.0 yaw:-2.98198477954] 
1621697775297 [Update odom] 
1621697775314 [vx:0.0 vy:0.0 yaw:-2.9844454114] 
1621697775395 [Update odom] 
1621697775406 [vx:0.0 vy:0.0 yaw:-2.98970049579] 
1621697775495 [Update odom] 
1621697775507 [vx:0.0 vy:0.0 yaw:-2.98251481793] 
1621697775595 [Update odom] 
1621697775606 [vx:0.0 vy:0.0 yaw:-2.987657921] 
1621697775695 [Update odom] 
1621697775706 [vx:0.0 vy:0.0 yaw:-2.99350618791] 
1621697775795 [Update odom] 
1621697775807 [vx:0.0 vy:0.0 yaw:-2.99729867745] 
1621697775895 [Update odom] 
1621697775906 [vx:0.0 vy:0.0 yaw:-3.00023973867] 
1621697775995 [Update odom] 
1621697776007 [vx:0.0 vy:0.0 yaw:-3.00965616676] 
1621697776095 [Update odom] 
1621697776110 [vx:0.0 vy:0.0 yaw:-3.01478304341] 
1621697776195 [Update odom] 
1621697776208 [vx:0.0 vy:0.0 yaw:-3.02428393194] 
1621697776295 [Update odom] 
1621697776307 [vx:0.0 vy:0.0 yaw:-3.02736140885] 
1621697776395 [Update odom] 
1621697776406 [vx:0.0 vy:0.0 yaw:-3.0202465612] 
1621697776495 [Update odom] 
1621697776506 [vx:0.0 vy:0.0 yaw:-3.02393153172] 
1621697776595 [Update odom] 
1621697776606 [vx:0.0 vy:0.0 yaw:-3.03176547746] 
1621697776695 [Update odom] 
1621697776706 [vx:0.0 vy:0.0 yaw:-3.02808979697] 
1621697776795 [Update odom] 
1621697776806 [vx:0.0 vy:0.0 yaw:-3.01839862067] 
1621697776895 [Update odom] 
1621697776907 [vx:0.0 vy:0.0 yaw:-3.01027044848] 
1621697776995 [Update odom] 
1621697777006 [vx:0.0 vy:0.0 yaw:-3.0027774755] 
1621697777095 [Update odom] 
1621697777118 [vx:0.0 vy:0.0 yaw:-3.00520739611] 
1621697777197 [Update odom] 
1621697777212 [vx:0.0 vy:0.0 yaw:-3.00796768137] 
1621697777295 [Update odom] 
1621697777306 [vx:0.0 vy:0.0 yaw:-3.00895122695] 
1621697777400 [Update odom] 
1621697777411 [vx:0.0 vy:0.0 yaw:-3.0085598039] 
1621697777495 [Update odom] 
1621697777511 [vx:0.0 vy:0.0 yaw:-2.99967528947] 
1621697777595 [Update odom] 
1621697777606 [vx:0.0 vy:0.0 yaw:-2.99602602424] 
1621697777702 [Update odom] 
1621697777729 [vx:0.0 vy:0.0 yaw:-2.9920741957] 
1621697777795 [Update odom] 
1621697777808 [vx:0.0 vy:0.0 yaw:-2.98418842026] 
1621697777895 [Update odom] 
1621697777909 [vx:0.0 vy:0.0 yaw:-2.97278559713] 
1621697777996 [Update odom] 
1621697778035 [vx:0.0 vy:0.0 yaw:-2.96356167221] 
1621697778095 [Update odom] 
1621697778106 [vx:0.0 vy:0.0 yaw:-2.95155212337] 
1621697778201 [Update odom] 
1621697778214 [vx:0.0 vy:0.0 yaw:-2.93825340059] 
1621697778297 [Update odom] 
1621697778317 [vx:0.0 vy:0.0 yaw:-2.92524923303] 
1621697778395 [Update odom] 
1621697778407 [vx:0.0 vy:0.0 yaw:-2.91938474577] 
1621697778495 [Update odom] 
1621697778506 [vx:0.0 vy:0.0 yaw:-2.91578502985] 
1621697778595 [Update odom] 
1621697778606 [vx:0.0 vy:0.0 yaw:-2.92543707963] 
1621697778696 [Update odom] 
1621697778710 [vx:0.0 vy:0.0 yaw:-2.94259866034] 
1621697778795 [Update odom] 
1621697778809 [vx:0.0 vy:0.0 yaw:-2.94664546281] 
1621697778897 [Update odom] 
1621697778910 [vx:0.0 vy:0.0 yaw:-2.94817638678] 
1621697778995 [Update odom] 
1621697779008 [vx:0.0 vy:0.0 yaw:-2.95100582927] 
1621697779098 [Update odom] 
1621697779110 [vx:0.0 vy:0.0 yaw:-2.95399837582] 
1621697779195 [Update odom] 
1621697779216 [vx:0.0 vy:0.0 yaw:-2.94785483075] 
1621697779316 [Update odom] 
1621697779334 [vx:0.0 vy:0.0 yaw:-2.95229008481] 
1621697779396 [Update odom] 
1621697779406 [vx:0.0 vy:0.0 yaw:-2.96063465881] 
1621697779495 [Update odom] 
1621697779527 [vx:0.0 vy:0.0 yaw:-2.97243468731] 
1621697779595 [Update odom] 
1621697779607 [vx:0.0 vy:0.0 yaw:-2.9775198866] 
1621697779695 [Update odom] 
1621697779706 [vx:0.0 vy:0.0 yaw:-2.97593106543] 
1621697779802 [Update odom] 
1621697779814 [vx:0.0 vy:0.0 yaw:-2.96954291748] 
1621697779895 [Update odom] 
1621697779910 [vx:0.0 vy:0.0 yaw:-2.97403794878] 
1621697779995 [Update odom] 
1621697780006 [vx:0.0 vy:0.0 yaw:-2.9731729647] 
1621697780095 [Update odom] 
1621697780111 [vx:0.0 vy:0.0 yaw:-2.98499595612] 
1621697780203 [Update odom] 
1621697780222 [vx:0.0 vy:0.0 yaw:-2.98586901393] 
1621697780295 [Update odom] 
1621697780306 [vx:0.0 vy:0.0 yaw:-2.98218319851] 
1621697780395 [Update odom] 
1621697780406 [vx:0.0 vy:0.0 yaw:-2.9782629414] 
1621697780495 [Update odom] 
1621697780506 [vx:0.0 vy:0.0 yaw:-2.96848719238] 
1621697780595 [Update odom] 
1621697780607 [vx:0.0 vy:0.0 yaw:-2.97228813769] 
1621697780695 [Update odom] 
1621697780706 [vx:0.0 vy:0.0 yaw:-2.98718666204] 
1621697780795 [Update odom] 
1621697780806 [vx:0.0 vy:0.0 yaw:-3.00379127884] 
1621697780895 [Update odom] 
1621697780919 [vx:0.0 vy:0.0 yaw:-3.01349607167] 
1621697780995 [Update odom] 
1621697781006 [vx:0.0 vy:0.0 yaw:-3.01949837342] 
1621697781096 [Update odom] 
1621697781106 [vx:0.0 vy:0.0 yaw:-3.01319635235] 
1621697781195 [Update odom] 
1621697781211 [vx:0.0 vy:0.0 yaw:-3.00812607894] 
1621697781295 [Update odom] 
1621697781306 [vx:0.0 vy:0.0 yaw:-3.00480844508] 
1621697781395 [Update odom] 
1621697781407 [vx:0.0 vy:0.0 yaw:-3.00176504035] 
1621697781495 [Update odom] 
1621697781511 [vx:0.0 vy:0.0 yaw:-2.99022823218] 
1621697781597 [Update odom] 
1621697781615 [vx:0.0 vy:0.0 yaw:-2.98427780078] 
1621697781695 [Update odom] 
1621697781706 [vx:0.0 vy:0.0 yaw:-2.97659093375] 
1621697781795 [Update odom] 
1621697781812 [vx:0.0 vy:0.0 yaw:-2.97380026469] 
1621697781895 [Update odom] 
1621697781919 [vx:0.0 vy:0.0 yaw:-2.9751765196] 
1621697781996 [Update odom] 
1621697782006 [vx:0.0 vy:0.0 yaw:-2.98336106267] 
1621697782095 [Update odom] 
1621697782106 [vx:0.0 vy:0.0 yaw:-2.97837197888] 
1621697782195 [Update odom] 
1621697782207 [vx:0.0 vy:0.0 yaw:-2.98280206545] 
1621697782295 [Update odom] 
1621697782307 [vx:0.0 vy:0.0 yaw:-2.98302434827] 
1621697782395 [Update odom] 
1621697782410 [vx:0.0 vy:0.0 yaw:-2.97431739856] 
1621697782495 [Update odom] 
1621697782507 [vx:0.0 vy:0.0 yaw:-2.9685568513] 
1621697782595 [Update odom] 
1621697782606 [vx:0.0 vy:0.0 yaw:-2.97357938899] 
1621697782695 [Update odom] 
1621697782706 [vx:0.0 vy:0.0 yaw:-2.97958532145] 
1621697782795 [Update odom] 
1621697782807 [vx:0.0 vy:0.0 yaw:-2.98585642445] 
1621697782895 [Update odom] 
1621697782911 [vx:0.0 vy:0.0 yaw:-2.99001160335] 
1621697782995 [Update odom] 
1621697783006 [vx:0.0 vy:0.0 yaw:-2.99149208942] 
1621697783095 [Update odom] 
1621697783106 [vx:0.0 vy:0.0 yaw:-2.9900288811] 
1621697783195 [Update odom] 
1621697783206 [vx:0.0 vy:0.0 yaw:-2.98149289644] 
1621697783295 [Update odom] 
1621697783306 [vx:0.0 vy:0.0 yaw:-2.96835519822] 
1621697783395 [Update odom] 
1621697783408 [vx:0.0 vy:0.0 yaw:-2.96154457428] 
1621697783498 [Update odom] 
1621697783511 [vx:0.0 vy:0.0 yaw:-2.94621713755] 
1621697783595 [Update odom] 
1621697783606 [vx:0.0 vy:0.0 yaw:-2.95044612193] 
1621697783696 [Update odom] 
1621697783707 [vx:0.0 vy:0.0 yaw:-2.96162200037] 
1621697783795 [Update odom] 
1621697783828 [vx:0.0 vy:0.0 yaw:-2.97170483741] 
1621697783895 [Update odom] 
1621697783907 [vx:0.0 vy:0.0 yaw:-2.97959794814] 
1621697784012 [Update odom] 
1621697784027 [vx:0.0 vy:0.0 yaw:-2.99097575871] 
1621697784095 [Update odom] 
1621697784109 [vx:0.0 vy:0.0 yaw:-2.99636713458] 
1621697784195 [Update odom] 
1621697784207 [vx:0.0 vy:0.0 yaw:-3.000582615] 
1621697784295 [Update odom] 
1621697784306 [vx:0.0 vy:0.0 yaw:-3.00271706299] 
1621697784395 [Update odom] 
1621697784406 [vx:0.0 vy:0.0 yaw:-3.01208076099] 
1621697784495 [Update odom] 
1621697784506 [vx:0.0 vy:0.0 yaw:-3.02796307368] 
1621697784595 [Update odom] 
1621697784607 [vx:0.0 vy:0.0 yaw:-3.04249504302] 
1621697784698 [Update odom] 
1621697784710 [vx:0.0 vy:0.0 yaw:-3.04802869726] 
1621697784796 [Update odom] 
1621697784806 [vx:0.0 vy:0.0 yaw:-3.05882868291] 
1621697784895 [Update odom] 
1621697784906 [vx:0.0 vy:0.0 yaw:-3.044213557] 
1621697784995 [Update odom] 
1621697785006 [vx:0.0 vy:0.0 yaw:-3.03761263852] 
1621697785095 [Update odom] 
1621697785108 [vx:0.0 vy:0.0 yaw:-3.02408743459] 
1621697785195 [Update odom] 
1621697785207 [vx:0.0 vy:0.0 yaw:-3.0278757993] 
1621697785295 [Update odom] 
1621697785306 [vx:0.0 vy:0.0 yaw:-3.0241244581] 
1621697785415 [Update odom] 
1621697785439 [vx:0.0 vy:0.0 yaw:-2.9988526664] 
1621697785495 [Update odom] 
1621697785507 [vx:0.0 vy:0.0 yaw:-2.99463429416] 
1621697785595 [Update odom] 
1621697785609 [vx:0.0 vy:0.0 yaw:-2.99474147772] 
1621697785695 [Update odom] 
1621697785706 [vx:0.0 vy:0.0 yaw:-2.99423960518] 
1621697785795 [Update odom] 
1621697785828 [vx:0.0 vy:0.0 yaw:-2.9872654188] 
1621697785895 [Update odom] 
1621697785906 [vx:0.0 vy:0.0 yaw:-2.9904435976] 
1621697785995 [Update odom] 
1621697786007 [vx:0.0 vy:0.0 yaw:-2.99829099938] 
1621697786101 [Update odom] 
1621697786114 [vx:0.0 vy:0.0 yaw:-3.00766565914] 
1621697786195 [Update odom] 
1621697786206 [vx:0.0 vy:0.0 yaw:-3.02180074333] 
1621697786295 [Update odom] 
1621697786306 [vx:0.0 vy:0.0 yaw:-3.03297751759] 
1621697786395 [Update odom] 
1621697786409 [vx:0.0 vy:0.0 yaw:-3.03873702322] 
1621697786496 [Update odom] 
1621697786511 [vx:0.0 vy:0.0 yaw:-3.03385467285] 
1621697786595 [Update odom] 
1621697786607 [vx:0.0 vy:0.0 yaw:-3.02826548068] 
1621697786701 [Update odom] 
1621697786715 [vx:0.0 vy:0.0 yaw:-3.0215371738] 
1621697786797 [Update odom] 
1621697786821 [vx:0.0 vy:0.0 yaw:-3.02167292964] 
1621697786895 [Update odom] 
1621697786906 [vx:0.0 vy:0.0 yaw:-3.01931661044] 
1621697786995 [Update odom] 
1621697787006 [vx:0.0 vy:0.0 yaw:-3.00379732735] 
1621697787095 [Update odom] 
1621697787106 [vx:0.0 vy:0.0 yaw:-2.98536209944] 
1621697787196 [Update odom] 
1621697787212 [vx:0.0 vy:0.0 yaw:-2.9697274673] 
1621697787295 [Update odom] 
1621697787307 [vx:0.0 vy:0.0 yaw:-2.97072907343] 
1621697787395 [Update odom] 
1621697787406 [vx:0.0 vy:0.0 yaw:-2.97148456596] 
1621697787495 [Update odom] 
1621697787507 [vx:0.0 vy:0.0 yaw:-2.97444134611] 
1621697787595 [Update odom] 
1621697787607 [vx:0.0 vy:0.0 yaw:-2.97532965819] 
1621697787695 [Update odom] 
1621697787706 [vx:0.0 vy:0.0 yaw:-2.97476608191] 
1621697787795 [Update odom] 
1621697787808 [vx:0.0 vy:0.0 yaw:-2.98327058066] 
1621697787897 [Update odom] 
1621697787910 [vx:0.0 vy:0.0 yaw:-2.9861405119] 
1621697787995 [Update odom] 
1621697788006 [vx:0.0 vy:0.0 yaw:-2.98618227738] 
1621697788097 [Update odom] 
1621697788111 [vx:0.0 vy:0.0 yaw:-2.97675058139] 
1621697788195 [Update odom] 
1621697788213 [vx:0.0 vy:0.0 yaw:-2.98755244022] 
1621697788295 [Update odom] 
1621697788306 [vx:0.0 vy:0.0 yaw:-2.98886182506] 
1621697788395 [Update odom] 
1621697788406 [vx:0.0 vy:0.0 yaw:-2.99281500014] 
1621697788495 [Update odom] 
1621697788507 [vx:0.0 vy:0.0 yaw:-2.9931600007] 
1621697788596 [Update odom] 
1621697788612 [vx:0.0 vy:0.0 yaw:-2.98423773874] 
1621697788695 [Update odom] 
1621697788706 [vx:0.0 vy:0.0 yaw:-2.98896666883] 
1621697788795 [Update odom] 
1621697788806 [vx:0.0 vy:0.0 yaw:-3.00351263684] 
1621697788897 [Update odom] 
1621697788910 [vx:0.0 vy:0.0 yaw:-3.00729367775] 
1621697788999 [Update odom] 
1621697789028 [vx:0.0 vy:0.0 yaw:-3.00033467] 
1621697789095 [Update odom] 
1621697789110 [vx:0.0 vy:0.0 yaw:-2.99960522768] 
1621697789195 [Update odom] 
1621697789218 [vx:0.0 vy:0.0 yaw:-2.98964488611] 
1621697789297 [Update odom] 
1621697789313 [vx:0.0 vy:0.0 yaw:-2.98585594989] 
1621697789395 [Update odom] 
1621697789412 [vx:0.0 vy:0.0 yaw:-2.98421139867] 
1621697789495 [Update odom] 
1621697789506 [vx:0.0 vy:0.0 yaw:-2.98311449946] 
1621697789595 [Update odom] 
1621697789606 [vx:0.0 vy:0.0 yaw:-2.99502799456] 
1621697789695 [Update odom] 
1621697789711 [vx:0.0 vy:0.0 yaw:-3.01058483685] 
1621697789795 [Update odom] 
1621697789806 [vx:0.0 vy:0.0 yaw:-3.02212304099] 
1621697789895 [Update odom] 
1621697789919 [vx:0.0 vy:0.0 yaw:-3.02894515273] 
1621697789995 [Update odom] 
1621697790022 [vx:0.0 vy:0.0 yaw:-3.03667483402] 
1621697790095 [Update odom] 
1621697790121 [vx:0.0 vy:0.0 yaw:-3.03974512288] 
1621697790198 [Update odom] 
1621697790211 [vx:0.0 vy:0.0 yaw:-3.030684681] 
1621697790295 [Update odom] 
1621697790310 [vx:0.0 vy:0.0 yaw:-3.02094563763] 
1621697790410 [Update odom] 
1621697790422 [vx:0.0 vy:0.0 yaw:-3.00713982909] 
1621697790495 [Update odom] 
1621697790506 [vx:0.0 vy:0.0 yaw:-2.99860029996] 
1621697790595 [Update odom] 
1621697790609 [vx:0.0 vy:0.0 yaw:-2.9838660534] 
1621697790699 [Update odom] 
1621697790712 [vx:0.0 vy:0.0 yaw:-2.97449028227] 
1621697790795 [Update odom] 
1621697790807 [vx:0.0 vy:0.0 yaw:-2.97145013369] 
1621697790895 [Update odom] 
1621697790907 [vx:0.0 vy:0.0 yaw:-2.9685101062] 
1621697790995 [Update odom] 
1621697791006 [vx:0.0 vy:0.0 yaw:-2.96719616525] 
1621697791095 [Update odom] 
1621697791106 [vx:0.0 vy:0.0 yaw:-2.97459159289] 
1621697791198 [Update odom] 
1621697791211 [vx:0.0 vy:0.0 yaw:-2.96364066168] 
1621697791295 [Update odom] 
1621697791307 [vx:0.0 vy:0.0 yaw:-2.95455747267] 
1621697791395 [Update odom] 
1621697791406 [vx:0.0 vy:0.0 yaw:-2.96093583217] 
1621697791495 [Update odom] 
1621697791506 [vx:0.0 vy:0.0 yaw:-2.96414419139] 
1621697791595 [Update odom] 
1621697791606 [vx:0.0 vy:0.0 yaw:-2.95599056905] 
1621697791695 [Update odom] 
1621697791707 [vx:0.0 vy:0.0 yaw:-2.94351522563] 
1621697791795 [Update odom] 
1621697791821 [vx:0.0 vy:0.0 yaw:-2.94736649369] 
1621697791895 [Update odom] 
1621697791907 [vx:0.0 vy:0.0 yaw:-2.95747797285] 
1621697791997 [Update odom] 
1621697792013 [vx:0.0 vy:0.0 yaw:-2.96395414446] 
1621697792101 [Update odom] 
1621697792117 [vx:0.0 vy:0.0 yaw:-2.9522863587] 
1621697792195 [Update odom] 
1621697792214 [vx:0.0 vy:0.0 yaw:-2.93981258904] 
1621697792295 [Update odom] 
1621697792306 [vx:0.0 vy:0.0 yaw:-2.93745358476] 
1621697792395 [Update odom] 
1621697792406 [vx:0.0 vy:0.0 yaw:-2.94106667949] 
1621697792495 [Update odom] 
1621697792508 [vx:0.0 vy:0.0 yaw:-2.94700169705] 
1621697792595 [Update odom] 
1621697792608 [vx:0.0 vy:0.0 yaw:-2.95164876792] 
1621697792714 [Update odom] 
1621697792732 [vx:0.0 vy:0.0 yaw:-2.9669585035] 
1621697792795 [Update odom] 
1621697792810 [vx:0.0 vy:0.0 yaw:-2.97556593537] 
1621697792897 [Update odom] 
1621697792944 [vx:0.0 vy:0.0 yaw:-2.97141892653] 
1621697793000 [Update odom] 
1621697793014 [vx:0.0 vy:0.0 yaw:-2.96848018306] 
1621697793096 [Update odom] 
1621697793116 [vx:0.0 vy:0.0 yaw:-2.9657888922] 
1621697793196 [Update odom] 
1621697793229 [vx:0.0 vy:0.0 yaw:-2.96158125998] 
1621697793295 [Update odom] 
1621697793310 [vx:0.0 vy:0.0 yaw:-2.96105277064] 
1621697793395 [Update odom] 
1621697793406 [vx:0.0 vy:0.0 yaw:-2.95746325758] 
1621697793496 [Update odom] 
1621697793506 [vx:0.0 vy:0.0 yaw:-2.93734028666] 
1621697793615 [Update odom] 
1621697793633 [vx:0.0 vy:0.0 yaw:-2.92649147774] 
1621697793695 [Update odom] 
1621697793716 [vx:0.0 vy:0.0 yaw:-2.93489004608] 
1621697793795 [Update odom] 
1621697793807 [vx:0.0 vy:0.0 yaw:-2.9504122602] 
1621697793897 [Update odom] 
1621697793915 [vx:0.0 vy:0.0 yaw:-2.96636143811] 
1621697794015 [Update odom] 
1621697794030 [vx:0.0 vy:0.0 yaw:-2.97944306667] 
1621697794100 [Update odom] 
1621697794125 [vx:0.0 vy:0.0 yaw:-2.98256657012] 
1621697794195 [Update odom] 
1621697794209 [vx:0.0 vy:0.0 yaw:-2.97089641463] 
1621697794295 [Update odom] 
1621697794306 [vx:0.0 vy:0.0 yaw:-2.95635951551] 
1621697794395 [Update odom] 
1621697794406 [vx:0.0 vy:0.0 yaw:-2.95493536322] 
1621697794497 [Update odom] 
1621697794518 [vx:0.0 vy:0.0 yaw:-2.95752972921] 
1621697794596 [Update odom] 
1621697794618 [vx:0.0 vy:0.0 yaw:-2.96318358868] 
1621697794698 [Update odom] 
1621697794710 [vx:0.0 vy:0.0 yaw:-2.97381505451] 
1621697794795 [Update odom] 
1621697794808 [vx:0.0 vy:0.0 yaw:-2.98808840513] 
1621697794895 [Update odom] 
1621697794906 [vx:0.0 vy:0.0 yaw:-2.98749931043] 
1621697794995 [Update odom] 
1621697795006 [vx:0.0 vy:0.0 yaw:-2.99082617798] 
1621697795118 [Update odom] 
1621697795130 [vx:0.0 vy:0.0 yaw:-3.00061068715] 
1621697795195 [Update odom] 
1621697795210 [vx:0.0 vy:0.0 yaw:-3.00558690762] 
1621697795295 [Update odom] 
1621697795306 [vx:0.0 vy:0.0 yaw:-3.01368902838] 
1621697795395 [Update odom] 
1621697795410 [vx:0.0 vy:0.0 yaw:-3.00890922353] 
1621697795495 [Update odom] 
1621697795506 [vx:0.0 vy:0.0 yaw:-2.99912070591] 
1621697795595 [Update odom] 
1621697795606 [vx:0.0 vy:0.0 yaw:-2.98947189778] 
1621697795695 [Update odom] 
1621697795727 [vx:0.0 vy:0.0 yaw:-2.99884292974] 
1621697795795 [Update odom] 
1621697795806 [vx:0.0 vy:0.0 yaw:-2.9912351862] 
1621697795895 [Update odom] 
1621697795907 [vx:0.0 vy:0.0 yaw:-2.98453093448] 
1621697795996 [Update odom] 
1621697796014 [vx:0.0 vy:0.0 yaw:-2.98843039766] 
1621697796095 [Update odom] 
1621697796106 [vx:0.0 vy:0.0 yaw:-2.98900019616] 
1621697796195 [Update odom] 
1621697796214 [vx:0.0 vy:0.0 yaw:-2.99314575392] 
1621697796295 [Update odom] 
1621697796318 [vx:0.0 vy:0.0 yaw:-2.98679374289] 
1621697796401 [Update odom] 
1621697796416 [vx:0.0 vy:0.0 yaw:-2.9791232591] 
1621697796495 [Update odom] 
1621697796524 [vx:0.0 vy:0.0 yaw:-2.97776557771] 
1621697796609 [Update odom] 
1621697796632 [vx:0.0 vy:0.0 yaw:-2.99079862387] 
1621697796695 [Update odom] 
1621697796710 [vx:0.0 vy:0.0 yaw:-2.99764454992] 
1621697796795 [Update odom] 
1621697796833 [vx:0.0 vy:0.0 yaw:-3.00319845619] 
1621697796900 [Update odom] 
1621697796910 [vx:0.0 vy:0.0 yaw:-2.99876216323] 
1621697796998 [Update odom] 
1621697797011 [vx:0.0 vy:0.0 yaw:-2.99504782642] 
1621697797097 [Update odom] 
1621697797110 [vx:0.0 vy:0.0 yaw:-2.99397954043] 
1621697797195 [Update odom] 
1621697797207 [vx:0.0 vy:0.0 yaw:-2.97937726354] 
1621697797301 [Update odom] 
1621697797314 [vx:0.0 vy:0.0 yaw:-2.97064296266] 
1621697797395 [Update odom] 
1621697797407 [vx:0.0 vy:0.0 yaw:-2.94944109255] 
1621697797495 [Update odom] 
1621697797507 [vx:0.0 vy:0.0 yaw:-2.94849747187] 
1621697797595 [Update odom] 
1621697797607 [vx:0.0 vy:0.0 yaw:-2.96333950576] 
1621697797696 [Update odom] 
1621697797707 [vx:0.0 vy:0.0 yaw:-2.97111581112] 
1621697797795 [Update odom] 
1621697797806 [vx:0.0 vy:0.0 yaw:-2.9680446516] 
1621697797895 [Update odom] 
1621697797906 [vx:0.0 vy:0.0 yaw:-2.96690622439] 
1621697797995 [Update odom] 
1621697798014 [vx:0.0 vy:0.0 yaw:-2.96352937483] 
1621697798095 [Update odom] 
1621697798110 [vx:0.0 vy:0.0 yaw:-2.9559294074] 
1621697798195 [Update odom] 
1621697798207 [vx:0.0 vy:0.0 yaw:-2.9599427201] 
1621697798295 [Update odom] 
1621697798314 [vx:0.0 vy:0.0 yaw:-2.95337096237] 
1621697798395 [Update odom] 
1621697798407 [vx:0.0 vy:0.0 yaw:-2.94952827887] 
1621697798499 [Update odom] 
1621697798511 [vx:0.0 vy:0.0 yaw:-2.95195703949] 
1621697798606 [Update odom] 
1621697798619 [vx:0.0 vy:0.0 yaw:-2.9586158421] 
1621697798706 [Update odom] 
1621697798719 [vx:0.0 vy:0.0 yaw:-2.94535042502] 
1621697798795 [Update odom] 
1621697798806 [vx:0.0 vy:0.0 yaw:-2.94155969702] 
1621697798895 [Update odom] 
1621697798907 [vx:0.0 vy:0.0 yaw:-2.94549732102] 
1621697798997 [Update odom] 
1621697799010 [vx:0.0 vy:0.0 yaw:-2.95075786215] 
1621697799110 [Update odom] 
1621697799122 [vx:0.0 vy:0.0 yaw:-2.95591469582] 
1621697799195 [Update odom] 
1621697799215 [vx:0.0 vy:0.0 yaw:-2.94443437349] 
1621697799295 [Update odom] 
1621697799309 [vx:0.0 vy:0.0 yaw:-2.94713134619] 
1621697799395 [Update odom] 
1621697799416 [vx:0.0 vy:0.0 yaw:-2.96522219658] 
1621697799495 [Update odom] 
1621697799506 [vx:0.0 vy:0.0 yaw:-2.97472015773] 
1621697799597 [Update odom] 
1621697799610 [vx:0.0 vy:0.0 yaw:-2.98078267376] 
1621697799713 [Update odom] 
1621697799738 [vx:0.0 vy:0.0 yaw:-2.98564409975] 
1621697799795 [Update odom] 
1621697799806 [vx:0.0 vy:0.0 yaw:-2.98824858481] 
1621697799898 [Update odom] 
1621697799915 [vx:0.0 vy:0.0 yaw:-3.00535322268] 
1621697799995 [Update odom] 
1621697800008 [vx:0.0 vy:0.0 yaw:-3.01112397198] 
1621697800100 [Update odom] 
1621697800111 [vx:0.0 vy:0.0 yaw:-3.00710607927] 
1621697800199 [Update odom] 
1621697800221 [vx:0.0 vy:0.0 yaw:-3.00043274671] 
1621697800295 [Update odom] 
1621697800306 [vx:0.0 vy:0.0 yaw:-2.98598414876] 
1621697800395 [Update odom] 
1621697800406 [vx:0.0 vy:0.0 yaw:-2.97093797275] 
1621697800496 [Update odom] 
1621697800506 [vx:0.0 vy:0.0 yaw:-2.96495121204] 
1621697800595 [Update odom] 
1621697800609 [vx:0.0 vy:0.0 yaw:-2.96995961308] 
1621697800695 [Update odom] 
1621697800706 [vx:0.0 vy:0.0 yaw:-2.96446634271] 
1621697800795 [Update odom] 
1621697800817 [vx:0.0 vy:0.0 yaw:-2.96091654493] 
1621697800898 [Update odom] 
1621697800910 [vx:0.0 vy:0.0 yaw:-2.96887160897] 
1621697801001 [Update odom] 
1621697801015 [vx:0.0 vy:0.0 yaw:-2.9697703303] 
1621697801112 [Update odom] 
1621697801123 [vx:0.0 vy:0.0 yaw:-2.9704287405] 
1621697801195 [Update odom] 
1621697801206 [vx:0.0 vy:0.0 yaw:-2.97627759009] 
1621697801295 [Update odom] 
1621697801306 [vx:0.0 vy:0.0 yaw:-2.98060642188] 
1621697801395 [Update odom] 
1621697801406 [vx:0.0 vy:0.0 yaw:-2.98422878881] 
1621697801495 [Update odom] 
1621697801513 [vx:0.0 vy:0.0 yaw:-2.96786500956] 
1621697801595 [Update odom] 
1621697801607 [vx:0.0 vy:0.0 yaw:-2.96083167636] 
1621697801696 [Update odom] 
1621697801710 [vx:0.0 vy:0.0 yaw:-2.94615638881] 
1621697801795 [Update odom] 
1621697801807 [vx:0.0 vy:0.0 yaw:-2.93545429588] 
1621697801895 [Update odom] 
1621697801911 [vx:0.0 vy:0.0 yaw:-2.94158750233] 
1621697801995 [Update odom] 
1621697802010 [vx:0.0 vy:0.0 yaw:-2.95266654964] 
1621697802095 [Update odom] 
1621697802106 [vx:0.0 vy:0.0 yaw:-2.96508880716] 
1621697802195 [Update odom] 
1621697802207 [vx:0.0 vy:0.0 yaw:-2.97746685626] 
1621697802295 [Update odom] 
1621697802306 [vx:0.0 vy:0.0 yaw:-2.98543462056] 
1621697802395 [Update odom] 
1621697802406 [vx:0.0 vy:0.0 yaw:-2.97604959502] 
1621697802513 [Update odom] 
1621697802526 [vx:0.0 vy:0.0 yaw:-2.97376390088] 
1621697802597 [Update odom] 
1621697802615 [vx:0.0 vy:0.0 yaw:-2.97048977274] 
1621697802696 [Update odom] 
1621697802712 [vx:0.0 vy:0.0 yaw:-2.95618264479] 
1621697802800 [Update odom] 
1621697802814 [vx:0.0 vy:0.0 yaw:-2.94161947286] 
1621697802904 [Update odom] 
1621697802914 [vx:0.0 vy:0.0 yaw:-2.94905804073] 
1621697802996 [Update odom] 
1621697803006 [vx:0.0 vy:0.0 yaw:-2.96104789503] 
1621697803095 [Update odom] 
1621697803118 [vx:0.0 vy:0.0 yaw:-2.96883383537] 
1621697803196 [Update odom] 
1621697803220 [vx:0.0 vy:0.0 yaw:-2.96969279487] 
1621697803295 [Update odom] 
1621697803343 [vx:0.0 vy:0.0 yaw:-2.96718114537] 
1621697803395 [Update odom] 
1621697803421 [vx:0.0 vy:0.0 yaw:-2.97198211765] 
1621697803497 [Update odom] 
1621697803531 [vx:0.0 vy:0.0 yaw:-2.97847637815] 
1621697803596 [Update odom] 
1621697803606 [vx:0.0 vy:0.0 yaw:-2.9799331123] 
1621697803695 [Update odom] 
1621697803712 [vx:0.0 vy:0.0 yaw:-2.98344742141] 
1621697803797 [Update odom] 
1621697803823 [vx:0.0 vy:0.0 yaw:-2.98396403392] 
1621697803895 [Update odom] 
1621697803906 [vx:0.0 vy:0.0 yaw:-2.97826950009] 
1621697803995 [Update odom] 
1621697804007 [vx:0.0 vy:0.0 yaw:-2.97743966092] 
1621697804107 [Update odom] 
1621697804119 [vx:0.0 vy:0.0 yaw:-2.98123821593] 
1621697804195 [Update odom] 
1621697804211 [vx:0.0 vy:0.0 yaw:-2.98551333099] 
1621697804295 [Update odom] 
1621697804316 [vx:0.0 vy:0.0 yaw:-2.97598289618] 
1621697804395 [Update odom] 
1621697804406 [vx:0.0 vy:0.0 yaw:-2.9710329845] 
1621697804495 [Update odom] 
1621697804506 [vx:0.0 vy:0.0 yaw:-2.97601996422] 
1621697804606 [Update odom] 
1621697804614 [vx:0.0 vy:0.0 yaw:-2.97949426179] 
1621697804696 [Update odom] 
1621697804709 [vx:0.0 vy:0.0 yaw:-2.98524110003] 
1621697804795 [Update odom] 
1621697804810 [vx:0.0 vy:0.0 yaw:-2.98804717707] 
1621697804896 [Update odom] 
1621697804951 [vx:0.0 vy:0.0 yaw:-2.97629766249] 
1621697804995 [Update odom] 
1621697805010 [vx:0.0 vy:0.0 yaw:-2.97796986564] 
1621697805095 [Update odom] 
1621697805106 [vx:0.0 vy:0.0 yaw:-2.97816566896] 
1621697805196 [Update odom] 
1621697805207 [vx:0.0 vy:0.0 yaw:-2.97859472097] 
1621697805295 [Update odom] 
1621697805306 [vx:0.0 vy:0.0 yaw:-2.97892659076] 
1621697805395 [Update odom] 
1621697805406 [vx:0.0 vy:0.0 yaw:-2.98914306725] 
1621697805495 [Update odom] 
1621697805506 [vx:0.0 vy:0.0 yaw:-2.99901646091] 
1621697805600 [Update odom] 
1621697805614 [vx:0.0 vy:0.0 yaw:-2.99337990741] 
1621697805697 [Update odom] 
1621697805711 [vx:0.0 vy:0.0 yaw:-2.98446067694] 
1621697805795 [Update odom] 
1621697805816 [vx:0.0 vy:0.0 yaw:-2.96902282121] 
1621697805895 [Update odom] 
1621697805913 [vx:0.0 vy:0.0 yaw:-2.97300239316] 
1621697806011 [Update odom] 
1621697806028 [vx:0.0 vy:0.0 yaw:-2.9666650777] 
1621697806102 [Update odom] 
1621697806114 [vx:0.0 vy:0.0 yaw:-2.96637820606] 
1621697806195 [Update odom] 
1621697806206 [vx:0.0 vy:0.0 yaw:-2.97484322905] 
1621697806316 [Update odom] 
1621697806330 [vx:0.0 vy:0.0 yaw:-2.99046550455] 
1621697806395 [Update odom] 
1621697806406 [vx:0.0 vy:0.0 yaw:-3.00151311371] 
1621697806497 [Update odom] 
1621697806510 [vx:0.0 vy:0.0 yaw:-2.99975125429] 
1621697806595 [Update odom] 
1621697806607 [vx:0.0 vy:0.0 yaw:-2.99218056233] 
1621697806695 [Update odom] 
1621697806736 [vx:0.0 vy:0.0 yaw:-2.98491426539] 
1621697806795 [Update odom] 
1621697806809 [vx:0.0 vy:0.0 yaw:-2.98592625741] 
1621697806895 [Update odom] 
1621697806906 [vx:0.0 vy:0.0 yaw:-2.99089919093] 
1621697806995 [Update odom] 
1621697807006 [vx:0.0 vy:0.0 yaw:-2.98582074342] 
1621697807095 [Update odom] 
1621697807109 [vx:0.0 vy:0.0 yaw:-2.96647198235] 
1621697807195 [Update odom] 
1621697807206 [vx:0.0 vy:0.0 yaw:-2.95927296806] 
1621697807298 [Update odom] 
1621697807313 [vx:0.0 vy:0.0 yaw:-2.95743835779] 
1621697807403 [Update odom] 
1621697807415 [vx:0.0 vy:0.0 yaw:-2.96526015062] 
1621697807495 [Update odom] 
1621697807506 [vx:0.0 vy:0.0 yaw:-2.96486033864] 
1621697807595 [Update odom] 
1621697807606 [vx:0.0 vy:0.0 yaw:-2.96582559926] 
1621697807695 [Update odom] 
1621697807706 [vx:0.0 vy:0.0 yaw:-2.96955548771] 
1621697807795 [Update odom] 
1621697807808 [vx:0.0 vy:0.0 yaw:-2.96955548771] 
1621697807895 [Update odom] 
1621697807906 [vx:0.0 vy:0.0 yaw:-2.98161920548] 
1621697807995 [Update odom] 
1621697808006 [vx:0.0 vy:0.0 yaw:-2.97497231366] 
1621697808095 [Update odom] 
1621697808106 [vx:0.0 vy:0.0 yaw:-2.97582775381] 
1621697808200 [Update odom] 
1621697808233 [vx:0.0 vy:0.0 yaw:-2.97696042388] 
1621697808295 [Update odom] 
1621697808312 [vx:0.0 vy:0.0 yaw:-2.97531195548] 
1621697808395 [Update odom] 
1621697808406 [vx:0.0 vy:0.0 yaw:-2.97249320358] 
1621697808496 [Update odom] 
1621697808532 [vx:0.0 vy:0.0 yaw:-2.96905427078] 
1621697808604 [Update odom] 
1621697808614 [vx:0.0 vy:0.0 yaw:-2.9681128583] 
1621697808696 [Update odom] 
1621697808706 [vx:0.0 vy:0.0 yaw:-2.96645184294] 
1621697808798 [Update odom] 
1621697808812 [vx:0.0 vy:0.0 yaw:-2.96616538553] 
1621697808896 [Update odom] 
1621697808906 [vx:0.0 vy:0.0 yaw:-2.96584672246] 
1621697808995 [Update odom] 
1621697809006 [vx:0.0 vy:0.0 yaw:-2.96863425947] 
1621697809095 [Update odom] 
1621697809112 [vx:0.0 vy:0.0 yaw:-2.96653368776] 
1621697809195 [Update odom] 
1621697809206 [vx:0.0 vy:0.0 yaw:-2.96618761295] 
1621697809295 [Update odom] 
1621697809308 [vx:0.0 vy:0.0 yaw:-2.98098118885] 
1621697809395 [Update odom] 
1621697809410 [vx:0.0 vy:0.0 yaw:-2.9915719751] 
1621697809497 [Update odom] 
1621697809521 [vx:0.0 vy:0.0 yaw:-2.991671713] 
1621697809595 [Update odom] 
1621697809606 [vx:0.0 vy:0.0 yaw:-2.99142332723] 
1621697809701 [Update odom] 
1621697809715 [vx:0.0 vy:0.0 yaw:-2.98791127784] 
1621697809799 [Update odom] 
1621697809826 [vx:0.0 vy:0.0 yaw:-2.99577446986] 
1621697809895 [Update odom] 
1621697809906 [vx:0.0 vy:0.0 yaw:-3.00691715737] 
1621697810000 [Update odom] 
1621697810023 [vx:0.0 vy:0.0 yaw:-3.00137213583] 
1621697810102 [Update odom] 
1621697810115 [vx:0.0 vy:0.0 yaw:-2.988345622] 
1621697810196 [Update odom] 
1621697810206 [vx:0.0 vy:0.0 yaw:-2.97582558298] 
1621697810295 [Update odom] 
1621697810306 [vx:0.0 vy:0.0 yaw:-2.96977618149] 
1621697810395 [Update odom] 
1621697810408 [vx:0.0 vy:0.0 yaw:-2.97317417366] 
1621697810495 [Update odom] 
1621697810506 [vx:0.0 vy:0.0 yaw:-2.98565526905] 
1621697810603 [Update odom] 
1621697810615 [vx:0.0 vy:0.0 yaw:-2.99230934822] 
1621697810695 [Update odom] 
1621697810706 [vx:0.0 vy:0.0 yaw:-2.99627254699] 
1621697810795 [Update odom] 
1621697810811 [vx:0.0 vy:0.0 yaw:-2.99867325233] 
1621697810897 [Update odom] 
1621697810922 [vx:0.0 vy:0.0 yaw:-2.99660330093] 
1621697811000 [Update odom] 
1621697811025 [vx:0.0 vy:0.0 yaw:-3.00343114415] 
1621697811103 [Update odom] 
1621697811118 [vx:0.0 vy:0.0 yaw:-3.00949781936] 
1621697811195 [Update odom] 
1621697811206 [vx:0.0 vy:0.0 yaw:-3.00155711262] 
1621697811295 [Update odom] 
1621697811306 [vx:0.0 vy:0.0 yaw:-2.99374974836] 
1621697811395 [Update odom] 
1621697811409 [vx:0.0 vy:0.0 yaw:-2.98523563851] 
1621697811495 [Update odom] 
1621697811507 [vx:0.0 vy:0.0 yaw:-2.97599706587] 
1621697811596 [Update odom] 
1621697811618 [vx:0.0 vy:0.0 yaw:-2.96800314973] 
1621697811695 [Update odom] 
1621697811713 [vx:0.0 vy:0.0 yaw:-2.95876732732] 
1621697811795 [Update odom] 
1621697811806 [vx:0.0 vy:0.0 yaw:-2.95237405207] 
1621697811895 [Update odom] 
1621697811912 [vx:0.0 vy:0.0 yaw:-2.94325741642] 
1621697812001 [Update odom] 
1621697812022 [vx:0.0 vy:0.0 yaw:-2.95016321792] 
1621697812095 [Update odom] 
1621697812107 [vx:0.0 vy:0.0 yaw:-2.94950639077] 
1621697812195 [Update odom] 
1621697812218 [vx:0.0 vy:0.0 yaw:-2.94550858062] 
1621697812299 [Update odom] 
1621697812315 [vx:0.0 vy:0.0 yaw:-2.93977280511] 
1621697812395 [Update odom] 
1621697812410 [vx:0.0 vy:0.0 yaw:-2.93656021381] 
1621697812495 [Update odom] 
1621697812506 [vx:0.0 vy:0.0 yaw:-2.93091701328] 
1621697812608 [Update odom] 
1621697812628 [vx:0.0 vy:0.0 yaw:-2.93511207376] 
1621697812695 [Update odom] 
1621697812706 [vx:0.0 vy:0.0 yaw:-2.94323002429] 
1621697812795 [Update odom] 
1621697812806 [vx:0.0 vy:0.0 yaw:-2.94671137523] 
1621697812895 [Update odom] 
1621697812906 [vx:0.0 vy:0.0 yaw:-2.93889863322] 
1621697812995 [Update odom] 
1621697813006 [vx:0.0 vy:0.0 yaw:-2.9301905607] 
1621697813095 [Update odom] 
1621697813114 [vx:0.0 vy:0.0 yaw:-2.93447899345] 
1621697813195 [Update odom] 
1621697813222 [vx:0.0 vy:0.0 yaw:-2.93760072491] 
1621697813295 [Update odom] 
1621697813326 [vx:0.0 vy:0.0 yaw:-2.93681238812] 
1621697813395 [Update odom] 
1621697813406 [vx:0.0 vy:0.0 yaw:-2.93787500573] 
1621697813495 [Update odom] 
1621697813507 [vx:0.0 vy:0.0 yaw:-2.95391649803] 
1621697813596 [Update odom] 
1621697813606 [vx:0.0 vy:0.0 yaw:-2.96115171229] 
1621697813701 [Update odom] 
1621697813716 [vx:0.0 vy:0.0 yaw:-2.97767315373] 
1621697813795 [Update odom] 
1621697813806 [vx:0.0 vy:0.0 yaw:-2.98686540463] 
1621697813895 [Update odom] 
1621697813906 [vx:0.0 vy:0.0 yaw:-3.00013118385] 
1621697814005 [Update odom] 
1621697814018 [vx:0.0 vy:0.0 yaw:-3.00718322644] 
1621697814095 [Update odom] 
1621697814113 [vx:0.0 vy:0.0 yaw:-3.01291641595] 
1621697814195 [Update odom] 
1621697814206 [vx:0.0 vy:0.0 yaw:-3.01518786344] 
1621697814295 [Update odom] 
1621697814306 [vx:0.0 vy:0.0 yaw:-3.0153402195] 
1621697814395 [Update odom] 
1621697814409 [vx:0.0 vy:0.0 yaw:-2.998980156] 
1621697814495 [Update odom] 
1621697814506 [vx:0.0 vy:0.0 yaw:-2.98682117186] 
1621697814598 [Update odom] 
1621697814615 [vx:0.0 vy:0.0 yaw:-2.97314328244] 
1621697814695 [Update odom] 
1621697814727 [vx:0.0 vy:0.0 yaw:-2.97252113864] 
1621697814801 [Update odom] 
1621697814837 [vx:0.0 vy:0.0 yaw:-2.96999700001] 
1621697814895 [Update odom] 
1621697814910 [vx:0.0 vy:0.0 yaw:-2.96868464935] 
1621697814995 [Update odom] 
1621697815009 [vx:0.0 vy:0.0 yaw:-2.96455469552] 
1621697815095 [Update odom] 
1621697815114 [vx:0.0 vy:0.0 yaw:-2.95782760946] 
1621697815204 [Update odom] 
1621697815228 [vx:0.0 vy:0.0 yaw:-2.96537846459] 
1621697815295 [Update odom] 
1621697815345 [vx:0.0 vy:0.0 yaw:-2.96993160588] 
1621697815395 [Update odom] 
1621697815406 [vx:0.0 vy:0.0 yaw:-2.97521977074] 
1621697815495 [Update odom] 
1621697815506 [vx:0.0 vy:0.0 yaw:-2.98100055384] 
1621697815595 [Update odom] 
1621697815607 [vx:0.0 vy:0.0 yaw:-2.9831941197] 
1621697815695 [Update odom] 
1621697815713 [vx:0.0 vy:0.0 yaw:-2.97822593118] 
1621697815795 [Update odom] 
1621697815806 [vx:0.0 vy:0.0 yaw:-2.97011979658] 
1621697815895 [Update odom] 
1621697815911 [vx:0.0 vy:0.0 yaw:-2.95795634855] 
1621697815995 [Update odom] 
1621697816006 [vx:0.0 vy:0.0 yaw:-2.95639606721] 
1621697816095 [Update odom] 
1621697816106 [vx:0.0 vy:0.0 yaw:-2.95493855321] 
1621697816195 [Update odom] 
1621697816219 [vx:0.0 vy:0.0 yaw:-2.94887378636] 
1621697816305 [Update odom] 
1621697816323 [vx:0.0 vy:0.0 yaw:-2.94773777333] 
1621697816397 [Update odom] 
1621697816414 [vx:0.0 vy:0.0 yaw:-2.95337044826] 
1621697816495 [Update odom] 
1621697816506 [vx:0.0 vy:0.0 yaw:-2.96323563332] 
1621697816601 [Update odom] 
1621697816615 [vx:0.0 vy:0.0 yaw:-2.95857355305] 
1621697816696 [Update odom] 
1621697816715 [vx:0.0 vy:0.0 yaw:-2.95375967756] 
1621697816796 [Update odom] 
1621697816811 [vx:0.0 vy:0.0 yaw:-2.94884603159] 
1621697816907 [Update odom] 
1621697816918 [vx:0.0 vy:0.0 yaw:-2.9480211309] 
1621697816995 [Update odom] 
1621697817006 [vx:0.0 vy:0.0 yaw:-2.94917366407] 
1621697817095 [Update odom] 
1621697817106 [vx:0.0 vy:0.0 yaw:-2.95962220479] 
1621697817197 [Update odom] 
1621697817211 [vx:0.0 vy:0.0 yaw:-2.97879331632] 
1621697817302 [Update odom] 
1621697817314 [vx:0.0 vy:0.0 yaw:-2.98720715671] 
1621697817395 [Update odom] 
1621697817406 [vx:0.0 vy:0.0 yaw:-2.99069488557] 
1621697817495 [Update odom] 
1621697817522 [vx:0.0 vy:0.0 yaw:-2.98360019902] 
1621697817595 [Update odom] 
1621697817606 [vx:0.0 vy:0.0 yaw:-2.98690323878] 
1621697817701 [Update odom] 
1621697817714 [vx:0.0 vy:0.0 yaw:-2.99213957718] 
1621697817795 [Update odom] 
1621697817807 [vx:0.0 vy:0.0 yaw:-2.99972358442] 
1621697817896 [Update odom] 
1621697817906 [vx:0.0 vy:0.0 yaw:-3.00828578992] 
1621697817996 [Update odom] 
1621697818010 [vx:0.0 vy:0.0 yaw:-3.0070512533] 
1621697818095 [Update odom] 
1621697818121 [vx:0.0 vy:0.0 yaw:-2.9931882482] 
1621697818195 [Update odom] 
1621697818206 [vx:0.0 vy:0.0 yaw:-2.97857066014] 
1621697818295 [Update odom] 
1621697818307 [vx:0.0 vy:0.0 yaw:-2.96443575244] 
1621697818396 [Update odom] 
1621697818406 [vx:0.0 vy:0.0 yaw:-2.96043223131] 
1621697818495 [Update odom] 
1621697818507 [vx:0.0 vy:0.0 yaw:-2.95599220762] 
1621697818596 [Update odom] 
1621697818606 [vx:0.0 vy:0.0 yaw:-2.950552825] 
1621697818695 [Update odom] 
1621697818706 [vx:0.0 vy:0.0 yaw:-2.95383854389] 
1621697818795 [Update odom] 
1621697818807 [vx:0.0 vy:0.0 yaw:-2.95535682032] 
1621697818895 [Update odom] 
1621697818906 [vx:0.0 vy:0.0 yaw:-2.956415626] 
1621697818996 [Update odom] 
1621697819019 [vx:0.0 vy:0.0 yaw:-2.97098888416] 
1621697819101 [Update odom] 
1621697819114 [vx:0.0 vy:0.0 yaw:-2.98799660571] 
1621697819196 [Update odom] 
1621697819207 [vx:0.0 vy:0.0 yaw:-3.00523698542] 
1621697819295 [Update odom] 
1621697819306 [vx:0.0 vy:0.0 yaw:-3.00999972575] 
1621697819395 [Update odom] 
1621697819406 [vx:0.0 vy:0.0 yaw:-3.01454574417] 
1621697819495 [Update odom] 
1621697819506 [vx:0.0 vy:0.0 yaw:-3.01794666302] 
1621697819608 [Update odom] 
1621697819618 [vx:0.0 vy:0.0 yaw:-3.02059091682] 
1621697819717 [Update odom] 
1621697819749 [vx:0.0 vy:0.0 yaw:-3.01424090299] 
1621697819798 [Update odom] 
1621697819811 [vx:0.0 vy:0.0 yaw:-3.00017030898] 
1621697819897 [Update odom] 
1621697819903 [vx:0.0 vy:0.0 yaw:-2.98834950033] 
1621697819999 [Update odom] 
1621697820010 [vx:0.0 vy:0.0 yaw:-2.97913078297] 
1621697820095 [Update odom] 
1621697820108 [vx:0.0 vy:0.0 yaw:-2.98452617968] 
1621697820196 [Update odom] 
1621697820219 [vx:0.0 vy:0.0 yaw:-2.98236973385] 
1621697820295 [Update odom] 
1621697820307 [vx:0.0 vy:0.0 yaw:-2.98527300773] 
1621697820396 [Update odom] 
1621697820406 [vx:0.0 vy:0.0 yaw:-2.9841191914] 
1621697820495 [Update odom] 
1621697820506 [vx:0.0 vy:0.0 yaw:-2.98280606982] 
1621697820595 [Update odom] 
1621697820607 [vx:0.0 vy:0.0 yaw:-2.99129822978] 
1621697820695 [Update odom] 
1621697820706 [vx:0.0 vy:0.0 yaw:-2.99643229583] 
1621697820795 [Update odom] 
1621697820806 [vx:0.0 vy:0.0 yaw:-3.00309958573] 
1621697820895 [Update odom] 
1621697820907 [vx:0.0 vy:0.0 yaw:-3.0105964898] 
1621697820995 [Update odom] 
1621697821006 [vx:0.0 vy:0.0 yaw:-3.00615539455] 
1621697821095 [Update odom] 
1621697821106 [vx:0.0 vy:0.0 yaw:-3.00126523248] 
1621697821195 [Update odom] 
1621697821207 [vx:0.0 vy:0.0 yaw:-2.99907414368] 
1621697821295 [Update odom] 
1621697821307 [vx:0.0 vy:0.0 yaw:-2.99079650742] 
1621697821398 [Update odom] 
1621697821413 [vx:0.0 vy:0.0 yaw:-2.974349833] 
1621697821495 [Update odom] 
1621697821506 [vx:0.0 vy:0.0 yaw:-2.96762659655] 
1621697821632 [Update odom] 
1621697821649 [vx:0.0 vy:0.0 yaw:-2.96110505963] 
1621697821697 [Update odom] 
1621697821713 [vx:0.0 vy:0.0 yaw:-2.96517680584] 
1621697821797 [Update odom] 
1621697821812 [vx:0.0 vy:0.0 yaw:-2.97603453993] 
1621697821895 [Update odom] 
1621697821910 [vx:0.0 vy:0.0 yaw:-2.97488904225] 
1621697821998 [Update odom] 
1621697822037 [vx:0.0 vy:0.0 yaw:-2.97288525726] 
1621697822095 [Update odom] 
1621697822114 [vx:0.0 vy:0.0 yaw:-2.96195222934] 
1621697822195 [Update odom] 
1621697822207 [vx:0.0 vy:0.0 yaw:-2.97022397371] 
1621697822299 [Update odom] 
1621697822311 [vx:0.0 vy:0.0 yaw:-2.97372953517] 
1621697822395 [Update odom] 
1621697822407 [vx:0.0 vy:0.0 yaw:-2.97819299899] 
1621697822495 [Update odom] 
1621697822507 [vx:0.0 vy:0.0 yaw:-2.98074398089] 
1621697822600 [Update odom] 
1621697822624 [vx:0.0 vy:0.0 yaw:-2.98155998925] 
1621697822695 [Update odom] 
1621697822706 [vx:0.0 vy:0.0 yaw:-2.98560009325] 
1621697822795 [Update odom] 
1621697822806 [vx:0.0 vy:0.0 yaw:-2.97442370796] 
1621697822895 [Update odom] 
1621697822907 [vx:0.0 vy:0.0 yaw:-2.96069949771] 
1621697822996 [Update odom] 
1621697823006 [vx:0.0 vy:0.0 yaw:-2.95343359307] 
1621697823095 [Update odom] 
1621697823106 [vx:0.0 vy:0.0 yaw:-2.96050764851] 
1621697823195 [Update odom] 
1621697823207 [vx:0.0 vy:0.0 yaw:-2.96727706072] 
1621697823295 [Update odom] 
1621697823308 [vx:0.0 vy:0.0 yaw:-2.97426799705] 
1621697823395 [Update odom] 
1621697823407 [vx:0.0 vy:0.0 yaw:-2.9826016775] 
1621697823498 [Update odom] 
1621697823510 [vx:0.0 vy:0.0 yaw:-2.99429795239] 
1621697823595 [Update odom] 
1621697823607 [vx:0.0 vy:0.0 yaw:-2.99426428842] 
1621697823695 [Update odom] 
1621697823712 [vx:0.0 vy:0.0 yaw:-2.99333401301] 
1621697823795 [Update odom] 
1621697823811 [vx:0.0 vy:0.0 yaw:-2.98698496819] 
1621697823901 [Update odom] 
1621697823915 [vx:0.0 vy:0.0 yaw:-2.97467759459] 
1621697823995 [Update odom] 
1621697824008 [vx:0.0 vy:0.0 yaw:-2.97063631908] 
1621697824095 [Update odom] 
1621697824111 [vx:0.0 vy:0.0 yaw:-2.98186116909] 
1621697824195 [Update odom] 
1621697824208 [vx:0.0 vy:0.0 yaw:-2.99883380163] 
1621697824295 [Update odom] 
1621697824310 [vx:0.0 vy:0.0 yaw:-2.99627853436] 
1621697824395 [Update odom] 
1621697824420 [vx:0.0 vy:0.0 yaw:-2.99921307977] 
1621697824495 [Update odom] 
1621697824514 [vx:0.0 vy:0.0 yaw:-3.00307748885] 
1621697824597 [Update odom] 
1621697824617 [vx:0.0 vy:0.0 yaw:-3.00723345893] 
1621697824695 [Update odom] 
1621697824703 [vx:0.0 vy:0.0 yaw:-3.01050968366] 
1621697824795 [Update odom] 
1621697824814 [vx:0.0 vy:0.0 yaw:-3.00909203862] 
1621697824895 [Update odom] 
1621697824907 [vx:0.0 vy:0.0 yaw:-3.00897432753] 
1621697824995 [Update odom] 
1621697825006 [vx:0.0 vy:0.0 yaw:-3.00986600065] 
1621697825104 [Update odom] 
1621697825109 [vx:0.0 vy:0.0 yaw:-3.01624803452] 
1621697825195 [Update odom] 
1621697825207 [vx:0.0 vy:0.0 yaw:-3.00758355527] 
1621697825295 [Update odom] 
1621697825307 [vx:0.0 vy:0.0 yaw:-3.00591011482] 
1621697825402 [Update odom] 
1621697825417 [vx:0.0 vy:0.0 yaw:-3.00525278625] 
1621697825495 [Update odom] 
1621697825506 [vx:0.0 vy:0.0 yaw:-3.0080398415] 
1621697825595 [Update odom] 
1621697825612 [vx:0.0 vy:0.0 yaw:-3.01242705738] 
1621697825695 [Update odom] 
1621697825707 [vx:0.0 vy:0.0 yaw:-3.00091861951] 
1621697825795 [Update odom] 
1621697825809 [vx:0.0 vy:0.0 yaw:-2.99537763904] 
1621697825896 [Update odom] 
1621697825943 [vx:0.0 vy:0.0 yaw:-2.98172304252] 
1621697825995 [Update odom] 
1621697826007 [vx:0.0 vy:0.0 yaw:-2.97285093935] 
1621697826095 [Update odom] 
1621697826111 [vx:0.0 vy:0.0 yaw:-2.96343016734] 
1621697826195 [Update odom] 
1621697826207 [vx:0.0 vy:0.0 yaw:-2.9572093505] 
1621697826297 [Update odom] 
1621697826310 [vx:0.0 vy:0.0 yaw:-2.95015553338] 
1621697826400 [Update odom] 
1621697826410 [vx:0.0 vy:0.0 yaw:-2.94554246204] 
1621697826496 [Update odom] 
1621697826508 [vx:0.0 vy:0.0 yaw:-2.95090664173] 
1621697826595 [Update odom] 
1621697826608 [vx:0.0 vy:0.0 yaw:-2.94482971988] 
1621697826695 [Update odom] 
1621697826708 [vx:0.0 vy:0.0 yaw:-2.93770766167] 
1621697826795 [Update odom] 
1621697826807 [vx:0.0 vy:0.0 yaw:-2.94244272356] 
1621697826895 [Update odom] 
1621697826906 [vx:0.0 vy:0.0 yaw:-2.94460674683] 
1621697826995 [Update odom] 
1621697827007 [vx:0.0 vy:0.0 yaw:-2.96548119434] 
1621697827095 [Update odom] 
1621697827111 [vx:0.0 vy:0.0 yaw:-2.9749352999] 
1621697827195 [Update odom] 
1621697827208 [vx:0.0 vy:0.0 yaw:-2.97278592714] 
1621697827301 [Update odom] 
1621697827316 [vx:0.0 vy:0.0 yaw:-2.98377180755] 
1621697827395 [Update odom] 
1621697827406 [vx:0.0 vy:0.0 yaw:-2.99251301243] 
1621697827495 [Update odom] 
1621697827508 [vx:0.0 vy:0.0 yaw:-3.01072374064] 
1621697827595 [Update odom] 
1621697827617 [vx:0.0 vy:0.0 yaw:-3.0136697329] 
1621697827695 [Update odom] 
1621697827712 [vx:0.0 vy:0.0 yaw:-3.00286245232] 
1621697827795 [Update odom] 
1621697827807 [vx:0.0 vy:0.0 yaw:-2.99543461185] 
1621697827895 [Update odom] 
1621697827907 [vx:0.0 vy:0.0 yaw:-2.9924346094] 
1621697827995 [Update odom] 
1621697828007 [vx:0.0 vy:0.0 yaw:-2.98666854058] 
1621697828107 [Update odom] 
1621697828164 [vx:0.0 vy:0.0 yaw:-2.97560910439] 
1621697828215 [Update odom] 
1621697828227 [vx:0.0 vy:0.0 yaw:-2.96979372956] 
1621697828295 [Update odom] 
1621697828307 [vx:0.0 vy:0.0 yaw:-2.96940382113] 
1621697828398 [Update odom] 
1621697828411 [vx:0.0 vy:0.0 yaw:-2.97804810489] 
1621697828495 [Update odom] 
1621697828510 [vx:0.0 vy:0.0 yaw:-2.97852354082] 
1621697828595 [Update odom] 
1621697828606 [vx:0.0 vy:0.0 yaw:-2.98209848958] 
1621697828695 [Update odom] 
1621697828706 [vx:0.0 vy:0.0 yaw:-2.99503499003] 
1621697828805 [Update odom] 
1621697828824 [vx:0.0 vy:0.0 yaw:-3.01080073176] 
1621697828897 [Update odom] 
1621697828910 [vx:0.0 vy:0.0 yaw:-3.00533956973] 
1621697829003 [Update odom] 
1621697829020 [vx:0.0 vy:0.0 yaw:-2.99347160775] 
1621697829097 [Update odom] 
1621697829110 [vx:0.0 vy:0.0 yaw:-2.98692764773] 
1621697829195 [Update odom] 
1621697829207 [vx:0.0 vy:0.0 yaw:-2.99524754153] 
1621697829317 [Update odom] 
1621697829331 [vx:0.0 vy:0.0 yaw:-3.00797945809] 
1621697829419 [Update odom] 
1621697829430 [vx:0.0 vy:0.0 yaw:-3.00927472359] 
1621697829511 [Update odom] 
1621697829527 [vx:0.0 vy:0.0 yaw:-2.99686715019] 
1621697829632 [Update odom] 
1621697829647 [vx:0.0 vy:0.0 yaw:-2.98925896813] 
1621697829706 [Update odom] 
1621697829719 [vx:0.0 vy:0.0 yaw:-2.97534518432] 
1621697829800 [Update odom] 
1621697829819 [vx:0.0 vy:0.0 yaw:-2.96541199977] 
1621697829895 [Update odom] 
1621697829906 [vx:0.0 vy:0.0 yaw:-2.96757872538] 
1621697829997 [Update odom] 
1621697830012 [vx:0.0 vy:0.0 yaw:-2.97250783304] 
1621697830121 [Update odom] 
1621697830137 [vx:0.0 vy:0.0 yaw:-2.98842757993] 
1621697830195 [Update odom] 
1621697830208 [vx:0.0 vy:0.0 yaw:-2.99335199387] 
1621697830295 [Update odom] 
1621697830306 [vx:0.0 vy:0.0 yaw:-2.99235971528] 
1621697830395 [Update odom] 
1621697830408 [vx:0.0 vy:0.0 yaw:-2.9924772627] 
1621697830497 [Update odom] 
1621697830511 [vx:0.0 vy:0.0 yaw:-2.99417251221] 
1621697830595 [Update odom] 
1621697830606 [vx:0.0 vy:0.0 yaw:-2.99553792095] 
1621697830701 [Update odom] 
1621697830714 [vx:0.0 vy:0.0 yaw:-2.9991768731] 
1621697830795 [Update odom] 
1621697830806 [vx:0.0 vy:0.0 yaw:-3.00605438067] 
1621697830895 [Update odom] 
1621697830905 [vx:0.0 vy:0.0 yaw:-3.01009648207] 
1621697830995 [Update odom] 
1621697831012 [vx:0.0 vy:0.0 yaw:-3.0106746522] 
1621697831095 [Update odom] 
1621697831106 [vx:0.0 vy:0.0 yaw:-3.00752093247] 
1621697831195 [Update odom] 
1621697831227 [vx:0.0 vy:0.0 yaw:-2.99601236666] 
1621697831295 [Update odom] 
1621697831307 [vx:0.0 vy:0.0 yaw:-2.98037011041] 
1621697831395 [Update odom] 
1621697831408 [vx:0.0 vy:0.0 yaw:-2.9677604123] 
1621697831511 [Update odom] 
1621697831522 [vx:0.0 vy:0.0 yaw:-2.96430756587] 
1621697831596 [Update odom] 
1621697831612 [vx:0.0 vy:0.0 yaw:-2.97939380447] 
1621697831695 [Update odom] 
1621697831721 [vx:0.0 vy:0.0 yaw:-2.98776132541] 
1621697831802 [Update odom] 
1621697831826 [vx:0.0 vy:0.0 yaw:-2.99306089625] 
1621697831895 [Update odom] 
1621697831910 [vx:0.0 vy:0.0 yaw:-2.98955276407] 
1621697831995 [Update odom] 
1621697832006 [vx:0.0 vy:0.0 yaw:-2.99783241342] 
1621697832095 [Update odom] 
1621697832107 [vx:0.0 vy:0.0 yaw:-3.00056009714] 
1621697832214 [Update odom] 
1621697832226 [vx:0.0 vy:0.0 yaw:-2.99415464473] 
1621697832295 [Update odom] 
1621697832305 [vx:0.0 vy:0.0 yaw:-2.99996357123] 
1621697832395 [Update odom] 
1621697832406 [vx:0.0 vy:0.0 yaw:-2.99408411821] 
1621697832495 [Update odom] 
1621697832506 [vx:0.0 vy:0.0 yaw:-2.98482202487] 
1621697832597 [Update odom] 
1621697832610 [vx:0.0 vy:0.0 yaw:-2.97437342075] 
