1621057083388 [Opening serial port: /dev/ttyTHS1.] 
1621057083693 [The robot is connected to ] [/dev/ttyTHS1] 
1621057083693 [Initial robot's topic...] 
1621057083699 [Start initializing navigation] 
1621057083699 [Start initializing navigation topic] 
1621057083736 [Initialization navigation topic finished] 
1621057083743 [Initialization navigation finished] 
1621057083748 [Update odom] 
1621057083851 [delta_X:-0.00049337149 delta_y:0.00049337149 status:ROBOT_STATUS._STOP] 
1621057083851 [Update odom] 
1621057083952 [delta_X:0.0 delta_y:0.0 status:ROBOT_STATUS._STOP] 
1621057083953 [Update odom] 
1621057084054 [delta_X:0.00203934192 delta_y:0.0 status:ROBOT_STATUS._STOP] 
1621057084055 [Update odom] 
1621057084156 [delta_X:-0.0 delta_y:0.00101817131 status:ROBOT_STATUS._STOP] 
1621057084157 [Update odom] 
1621057084259 [delta_X:0.0 delta_y:0.0010194993 status:ROBOT_STATUS._STOP] 
1621057084259 [Update odom] 
1621057084360 [delta_X:0.0 delta_y:0.00102269888 status:ROBOT_STATUS._STOP] 
1621057084361 [Update odom] 
1621057084462 [delta_X:0.00101844073 delta_y:0.0 status:ROBOT_STATUS._STOP] 
1621057084463 [Update odom] 
1621057084564 [delta_X:0.00101720094 delta_y:0.00101720094 status:ROBOT_STATUS._STOP] 
1621057084565 [Update odom] 
1621057084666 [delta_X:-0.00101755858 delta_y:-0.00101755858 status:ROBOT_STATUS._STOP] 
1621057084666 [Update odom] 
1621057084768 [delta_X:0.0 delta_y:0.00101659059 status:ROBOT_STATUS._STOP] 
1621057084770 [Update odom] 
1621057084871 [delta_X:0.00103354931 delta_y:0.0 status:ROBOT_STATUS._STOP] 
1621057084871 [Update odom] 
1621057084973 [delta_X:0.0 delta_y:0.0 status:ROBOT_STATUS._STOP] 
1621057084974 [Update odom] 
1621057085075 [delta_X:0.00102038861 delta_y:0.00102038861 status:ROBOT_STATUS._STOP] 
1621057085076 [Update odom] 
1621057085177 [delta_X:0.0 delta_y:0.0 status:ROBOT_STATUS._STOP] 
1621057085178 [Update odom] 
1621057085279 [delta_X:0.00102340937 delta_y:0.00102340937 status:ROBOT_STATUS._STOP] 
1621057085280 [Update odom] 
1621057085381 [delta_X:0.00101544141 delta_y:0.0 status:ROBOT_STATUS._STOP] 
1621057085394 [Update odom] 
1621057085495 [delta_X:-0.00114181996 delta_y:-0.0 status:ROBOT_STATUS._STOP] 
1621057085496 [Update odom] 
1621057085597 [delta_X:0.00102214813 delta_y:0.00204429626 status:ROBOT_STATUS._STOP] 
1621057085598 [Update odom] 
1621057085699 [delta_X:0.0 delta_y:0.0 status:ROBOT_STATUS._STOP] 
1621057085700 [Update odom] 
1621057085801 [delta_X:0.0 delta_y:0.00101774931 status:ROBOT_STATUS._STOP] 
1621057085802 [Update odom] 
1621057085903 [delta_X:0.00102080106 delta_y:0.00102080106 status:ROBOT_STATUS._STOP] 
1621057085904 [Update odom] 
1621057086005 [delta_X:0.0 delta_y:0.0 status:ROBOT_STATUS._STOP] 
1621057086006 [Update odom] 
1621057086108 [delta_X:0.00102745056 delta_y:0.00205490112 status:ROBOT_STATUS._STOP] 
1621057086109 [Update odom] 
1621057086210 [delta_X:0.0 delta_y:0.0 status:ROBOT_STATUS._STOP] 
1621057086211 [Update odom] 
1621057086312 [delta_X:0.00101773977 delta_y:0.00203547954 status:ROBOT_STATUS._STOP] 
1621057086313 [Update odom] 
1621057086415 [delta_X:0.00204133988 delta_y:0.00102066994 status:ROBOT_STATUS._STOP] 
1621057086416 [Update odom] 
1621057086517 [delta_X:0.0020636797 delta_y:0.00103183985 status:ROBOT_STATUS._STOP] 
1621057086518 [Update odom] 
1621057086618 [delta_X:0.00101603031 delta_y:0.00101603031 status:ROBOT_STATUS._STOP] 
1621057086619 [Update odom] 
1621057086720 [delta_X:0.00101485968 delta_y:0.0 status:ROBOT_STATUS._STOP] 
1621057086721 [Update odom] 
1621057086822 [delta_X:0.0 delta_y:0.0 status:ROBOT_STATUS._STOP] 
1621057086822 [Update odom] 
1621057086924 [delta_X:0.00203490258 delta_y:0.0 status:ROBOT_STATUS._STOP] 
1621057086925 [Update odom] 
1621057087027 [delta_X:0.0 delta_y:0.00102113009 status:ROBOT_STATUS._STOP] 
1621057087027 [Update odom] 
1621057087129 [delta_X:0.0 delta_y:0.00102880954 status:ROBOT_STATUS._STOP] 
1621057087129 [Update odom] 
1621057087230 [delta_X:0.0040760422 delta_y:0.0020380211 status:ROBOT_STATUS._STOP] 
1621057087231 [Update odom] 
1621057087332 [delta_X:-0.00101649999 delta_y:0.00101649999 status:ROBOT_STATUS._STOP] 
1621057087333 [Update odom] 
1621057087434 [delta_X:-0.0050975919 delta_y:-0.00101951838 status:ROBOT_STATUS._STOP] 
1621057087435 [Update odom] 
1621057087536 [delta_X:0.00101871014 delta_y:0.00101871014 status:ROBOT_STATUS._STOP] 
1621057087537 [Update odom] 
1621057087638 [delta_X:0.0030675888 delta_y:0.0010225296 status:ROBOT_STATUS._STOP] 
1621057087639 [Update odom] 
1621057087740 [delta_X:-0.00101866007 delta_y:0.00101866007 status:ROBOT_STATUS._STOP] 
1621057087741 [Update odom] 
1621057087843 [delta_X:0.00102436065 delta_y:0.00102436065 status:ROBOT_STATUS._STOP] 
1621057087844 [Update odom] 
1621057087946 [delta_X:0.00205532074 delta_y:0.0 status:ROBOT_STATUS._STOP] 
1621057087947 [Update odom] 
1621057088048 [delta_X:-0.00413020136 delta_y:-0.0 status:ROBOT_STATUS._STOP] 
1621057088049 [Update odom] 
1621057088152 [delta_X:0.00916991469 delta_y:0.00203775882 status:ROBOT_STATUS._STOP] 
1621057088153 [Update odom] 
1621057088254 [delta_X:-0.0062340546 delta_y:-0.0020780182 status:ROBOT_STATUS._STOP] 
1621057088256 [Update odom] 
1621057088356 [delta_X:0.00920943972 delta_y:0.00409308432 status:ROBOT_STATUS._STOP] 
1621057088357 [Update odom] 
1621057088458 [delta_X:-0.00508664845 delta_y:-0.00203465938 status:ROBOT_STATUS._STOP] 
1621057088459 [Update odom] 
1621057088571 [delta_X:0.00204492092 delta_y:0.00306738138 status:ROBOT_STATUS._STOP] 
1621057088572 [Update odom] 
1621057088673 [delta_X:0.0112490893 delta_y:0.0 status:ROBOT_STATUS._STOP] 
1621057088675 [Update odom] 
1621057088776 [delta_X:-0.00924139017 delta_y:0.0 status:ROBOT_STATUS._STOP] 
1621057088777 [Update odom] 
1621057088878 [delta_X:0.0071635151 delta_y:0.0020467186 status:ROBOT_STATUS._STOP] 
1621057088879 [Update odom] 
1621057088980 [delta_X:-0.00203723908 delta_y:-0.00101861954 status:ROBOT_STATUS._STOP] 
1621057088981 [Update odom] 
1621057089082 [delta_X:-0.0 delta_y:0.00203634262 status:ROBOT_STATUS._STOP] 
1621057089083 [Update odom] 
1621057089184 [delta_X:0.00409391404 delta_y:-0.00102347851 status:ROBOT_STATUS._STOP] 
1621057089185 [Update odom] 
1621057089286 [delta_X:-0.00306501387 delta_y:0.00306501387 status:ROBOT_STATUS._STOP] 
1621057089288 [Update odom] 
1621057089389 [delta_X:0.0041173172 delta_y:0.0010293293 status:ROBOT_STATUS._STOP] 
1621057089390 [Update odom] 
1621057089491 [delta_X:-0.00101912976 delta_y:0.0 status:ROBOT_STATUS._STOP] 
1621057089492 [Update odom] 
1621057089593 [delta_X:-0.00102251052 delta_y:0.00204502104 status:ROBOT_STATUS._STOP] 
1621057089594 [Update odom] 
1621057089695 [delta_X:0.00304788351 delta_y:-0.00101596117 status:ROBOT_STATUS._STOP] 
1621057089696 [Update odom] 
1621057089798 [delta_X:-0.00102506876 delta_y:0.00102506876 status:ROBOT_STATUS._STOP] 
1621057089799 [Update odom] 
1621057089900 [delta_X:0.00102266074 delta_y:0.00102266074 status:ROBOT_STATUS._STOP] 
1621057089900 [Update odom] 
1621057090002 [delta_X:0.00101594925 delta_y:0.0 status:ROBOT_STATUS._STOP] 
1621057090003 [Update odom] 
1621057090104 [delta_X:-0.0 delta_y:0.00204783916 status:ROBOT_STATUS._STOP] 
1621057090105 [Update odom] 
1621057090206 [delta_X:0.00102107048 delta_y:0.00102107048 status:ROBOT_STATUS._STOP] 
1621057090207 [Update odom] 
1621057090309 [delta_X:-0.0 delta_y:0.00101854086 status:ROBOT_STATUS._STOP] 
1621057090311 [Update odom] 
1621057090412 [delta_X:0.00104079962 delta_y:0.00208159924 status:ROBOT_STATUS._STOP] 
1621057090413 [Update odom] 
1621057090517 [delta_X:0.0 delta_y:-0.0 status:ROBOT_STATUS._STOP] 
1621057090517 [Update odom] 
1621057090618 [delta_X:0.0 delta_y:0.00103988885 status:ROBOT_STATUS._STOP] 
1621057090619 [Update odom] 
1621057090720 [delta_X:0.0010193801 delta_y:0.0010193801 status:ROBOT_STATUS._STOP] 
1621057090721 [Update odom] 
1621057090822 [delta_X:0.00101881027 delta_y:0.00101881027 status:ROBOT_STATUS._STOP] 
1621057090823 [Update odom] 
1621057090926 [delta_X:0.00102401018 delta_y:0.0 status:ROBOT_STATUS._STOP] 
1621057090929 [Update odom] 
1621057091030 [delta_X:0.00421283724 delta_y:0.00315962793 status:ROBOT_STATUS._STOP] 
1621057091031 [Update odom] 
1621057091132 [delta_X:-0.00102133035 delta_y:-0.00102133035 status:ROBOT_STATUS._STOP] 
1621057091134 [Update odom] 
1621057091235 [delta_X:-0.00102763176 delta_y:-0.00102763176 status:ROBOT_STATUS._STOP] 
1621057091236 [Update odom] 
1621057091337 [delta_X:0.00101858855 delta_y:0.0040743542 status:ROBOT_STATUS._STOP] 
1621057091338 [Update odom] 
1621057091439 [delta_X:0.0 delta_y:-0.00204329966 status:ROBOT_STATUS._STOP] 
1621057091440 [Update odom] 
1621057091544 [delta_X:0.0 delta_y:0.00205098152 status:ROBOT_STATUS._STOP] 
1621057091546 [Update odom] 
1621057091647 [delta_X:0.00105488062 delta_y:0.0 status:ROBOT_STATUS._STOP] 
1621057091648 [Update odom] 
1621057091749 [delta_X:0.00102141857 delta_y:0.00102141857 status:ROBOT_STATUS._STOP] 
1621057091750 [Update odom] 
1621057091851 [delta_X:0.00102403164 delta_y:0.0 status:ROBOT_STATUS._STOP] 
1621057091852 [Update odom] 
1621057091953 [delta_X:0.00101952792 delta_y:0.0 status:ROBOT_STATUS._STOP] 
1621057091954 [Update odom] 
1621057092057 [delta_X:0.00101850032 delta_y:0.00101850032 status:ROBOT_STATUS._STOP] 
1621057092058 [Update odom] 
1621057092159 [delta_X:0.00103497029 delta_y:0.0 status:ROBOT_STATUS._STOP] 
1621057092159 [Update odom] 
1621057092261 [delta_X:0.0 delta_y:0.00101824045 status:ROBOT_STATUS._STOP] 
1621057092262 [Update odom] 
1621057092364 [delta_X:0.00102291107 delta_y:0.0 status:ROBOT_STATUS._STOP] 
1621057092366 [Update odom] 
1621057092467 [delta_X:0.00104286909 delta_y:0.00104286909 status:ROBOT_STATUS._STOP] 
1621057092468 [Update odom] 
1621057092569 [delta_X:-0.00102317095 delta_y:0.0 status:ROBOT_STATUS._STOP] 
1621057092571 [Update odom] 
1621057092672 [delta_X:0.00102249861 delta_y:0.00204499722 status:ROBOT_STATUS._STOP] 
1621057092673 [Update odom] 
1621057092774 [delta_X:0.00204962252 delta_y:0.00102481126 status:ROBOT_STATUS._STOP] 
1621057092775 [Update odom] 
1621057092877 [delta_X:-0.00102444888 delta_y:0.0 status:ROBOT_STATUS._STOP] 
1621057092878 [Update odom] 
1621057092979 [delta_X:0.00102679014 delta_y:0.00205358028 status:ROBOT_STATUS._STOP] 
1621057092980 [Update odom] 
1621057093081 [delta_X:0.0020429802 delta_y:0.0 status:ROBOT_STATUS._STOP] 
1621057093082 [Update odom] 
1621057093184 [delta_X:0.0 delta_y:0.00101996898 status:ROBOT_STATUS._STOP] 
1621057093185 [Update odom] 
1621057093286 [delta_X:0.00306915522 delta_y:0.00102305174 status:ROBOT_STATUS._STOP] 
1621057093288 [Update odom] 
1621057093394 [delta_X:0.0 delta_y:-0.00103137016 status:ROBOT_STATUS._STOP] 
1621057093395 [Update odom] 
1621057093496 [delta_X:-0.00107034922 delta_y:0.00214069844 status:ROBOT_STATUS._STOP] 
1621057093497 [Update odom] 
1621057093598 [delta_X:0.00101979971 delta_y:0.0 status:ROBOT_STATUS._STOP] 
1621057093599 [Update odom] 
1621057093700 [delta_X:0.00102000952 delta_y:0.00102000952 status:ROBOT_STATUS._STOP] 
1621057093701 [Update odom] 
1621057093802 [delta_X:0.0010197401 delta_y:0.0010197401 status:ROBOT_STATUS._STOP] 
1621057093803 [Update odom] 
1621057093904 [delta_X:-0.0 delta_y:0.0 status:ROBOT_STATUS._STOP] 
1621057093906 [Update odom] 
1621057094007 [delta_X:-0.00102839946 delta_y:0.00102839946 status:ROBOT_STATUS._STOP] 
1621057094008 [Update odom] 
1621057094109 [delta_X:0.00204545976 delta_y:0.0 status:ROBOT_STATUS._STOP] 
1621057094110 [Update odom] 
1621057094211 [delta_X:0.00102426052 delta_y:0.00102426052 status:ROBOT_STATUS._STOP] 
1621057094212 [Update odom] 
1621057094313 [delta_X:-0.00510334965 delta_y:0.00204133986 status:ROBOT_STATUS._STOP] 
1621057094314 [Update odom] 
1621057094415 [delta_X:0.00305105925 delta_y:0.0 status:ROBOT_STATUS._STOP] 
1621057094417 [Update odom] 
1621057094518 [delta_X:0.0 delta_y:0.0010272193 status:ROBOT_STATUS._STOP] 
1621057094518 [Update odom] 
1621057094620 [delta_X:0.00101737022 delta_y:0.00101737022 status:ROBOT_STATUS._STOP] 
1621057094621 [Update odom] 
1621057094723 [delta_X:0.0010253501 delta_y:0.0010253501 status:ROBOT_STATUS._STOP] 
1621057094723 [Update odom] 
1621057094825 [delta_X:0.0 delta_y:0.00102266073 status:ROBOT_STATUS._STOP] 
1621057094827 [Update odom] 
1621057094928 [delta_X:0.00208215714 delta_y:-0.00104107857 status:ROBOT_STATUS._STOP] 
1621057094930 [Update odom] 
1621057095031 [delta_X:0.0 delta_y:0.00306744573 status:ROBOT_STATUS._STOP] 
1621057095032 [Update odom] 
1621057095133 [delta_X:0.0 delta_y:0.0 status:ROBOT_STATUS._STOP] 
1621057095134 [Update odom] 
1621057095238 [delta_X:0.0020432377 delta_y:0.00102161885 status:ROBOT_STATUS._STOP] 
1621057095239 [Update odom] 
1621057095340 [delta_X:0.00105058193 delta_y:0.00105058193 status:ROBOT_STATUS._STOP] 
1621057095341 [Update odom] 
1621057095441 [delta_X:0.0020331955 delta_y:0.0 status:ROBOT_STATUS._STOP] 
1621057095442 [Update odom] 
1621057095544 [delta_X:-0.0010177207 delta_y:0.0020354414 status:ROBOT_STATUS._STOP] 
1621057095545 [Update odom] 
1621057095646 [delta_X:0.00102442026 delta_y:0.00102442026 status:ROBOT_STATUS._STOP] 
1621057095646 [Update odom] 
1621057095747 [delta_X:0.0010165596 delta_y:0.0010165596 status:ROBOT_STATUS._STOP] 
1621057095748 [Update odom] 
1621057095849 [delta_X:0.0 delta_y:0.00101729154 status:ROBOT_STATUS._STOP] 
1621057095850 [Update odom] 
1621057095951 [delta_X:0.00203161718 delta_y:0.00203161718 status:ROBOT_STATUS._STOP] 
1621057095954 [Update odom] 
1621057096056 [delta_X:0.00104480028 delta_y:0.0 status:ROBOT_STATUS._STOP] 
1621057096057 [Update odom] 
1621057096158 [delta_X:0.00102494955 delta_y:0.00102494955 status:ROBOT_STATUS._STOP] 
1621057096158 [Update odom] 
1621057096260 [delta_X:0.0010168314 delta_y:0.0 status:ROBOT_STATUS._STOP] 
1621057096260 [Update odom] 
1621057096362 [delta_X:0.0 delta_y:0.0 status:ROBOT_STATUS._STOP] 
1621057096363 [Update odom] 
1621057096464 [delta_X:0.0 delta_y:0.0020505619 status:ROBOT_STATUS._STOP] 
1621057096465 [Update odom] 
1621057096566 [delta_X:0.00101972103 delta_y:0.0 status:ROBOT_STATUS._STOP] 
1621057096567 [Update odom] 
1621057096668 [delta_X:0.00102505922 delta_y:0.00205011844 status:ROBOT_STATUS._STOP] 
1621057096669 [Update odom] 
1621057096771 [delta_X:0.0 delta_y:0.0 status:ROBOT_STATUS._STOP] 
1621057096771 [Update odom] 
1621057096874 [delta_X:0.0 delta_y:0.00102231025 status:ROBOT_STATUS._STOP] 
1621057096876 [Update odom] 
1621057096978 [delta_X:-0.0 delta_y:0.00104942799 status:ROBOT_STATUS._STOP] 
1621057096979 [Update odom] 
1621057097080 [delta_X:0.0020558405 delta_y:0.004111681 status:ROBOT_STATUS._STOP] 
1621057097081 [Update odom] 
1621057097182 [delta_X:0.00101727008 delta_y:-0.00406908032 status:ROBOT_STATUS._STOP] 
1621057097183 [Update odom] 
1621057097284 [delta_X:-0.0 delta_y:0.00408688548 status:ROBOT_STATUS._STOP] 
1621057097286 [Update odom] 
1621057097387 [delta_X:0.0 delta_y:-0.00102476835 status:ROBOT_STATUS._STOP] 
1621057097388 [Update odom] 
1621057097489 [delta_X:0.0 delta_y:-0.0 status:ROBOT_STATUS._STOP] 
1621057097491 [Update odom] 
1621057097593 [delta_X:0.0041130352 delta_y:0.0061695528 status:ROBOT_STATUS._STOP] 
1621057097595 [Update odom] 
1621057097696 [delta_X:-0.00103926897 delta_y:-0.00519634485 status:ROBOT_STATUS._STOP] 
1621057097697 [Update odom] 
1621057097798 [delta_X:0.00102259159 delta_y:0.00409036636 status:ROBOT_STATUS._STOP] 
1621057097799 [Update odom] 
1621057097900 [delta_X:0.0 delta_y:-0.00204165934 status:ROBOT_STATUS._STOP] 
1621057097901 [Update odom] 
1621057098004 [delta_X:0.00101944924 delta_y:-0.00101944924 status:ROBOT_STATUS._STOP] 
1621057098004 [Update odom] 
1621057098106 [delta_X:0.0020658636 delta_y:0.0030987954 status:ROBOT_STATUS._STOP] 
1621057098107 [Update odom] 
1621057098209 [delta_X:0.0 delta_y:-0.00102814913 status:ROBOT_STATUS._STOP] 
1621057098210 [Update odom] 
1621057098311 [delta_X:0.0 delta_y:0.00102386952 status:ROBOT_STATUS._STOP] 
1621057098312 [Update odom] 
1621057098413 [delta_X:0.0 delta_y:0.0 status:ROBOT_STATUS._STOP] 
1621057098415 [Update odom] 
1621057098516 [delta_X:0.00102452994 delta_y:-0.00102452994 status:ROBOT_STATUS._STOP] 
1621057098516 [Update odom] 
1621057098618 [delta_X:0.00203722 delta_y:-0.00203722 status:ROBOT_STATUS._STOP] 
1621057098619 [Update odom] 
1621057098720 [delta_X:-0.0051097512 delta_y:0.00613170144 status:ROBOT_STATUS._STOP] 
1621057098721 [Update odom] 
1621057098822 [delta_X:0.01432843216 delta_y:0.0051172972 status:ROBOT_STATUS._STOP] 
1621057098823 [Update odom] 
1621057098924 [delta_X:-0.01325947285 delta_y:-0.00509979725 status:ROBOT_STATUS._STOP] 
1621057098925 [Update odom] 
1621057099026 [delta_X:0.0050829053 delta_y:0.00406632424 status:ROBOT_STATUS._STOP] 
1621057099028 [Update odom] 
1621057099134 [delta_X:0.00103621959 delta_y:-0.00725353713 status:ROBOT_STATUS._STOP] 
1621057099135 [Update odom] 
1621057099237 [delta_X:-0.00321591141 delta_y:0.00643182282 status:ROBOT_STATUS._STOP] 
1621057099237 [Update odom] 
1621057099339 [delta_X:0.0 delta_y:-0.00612419124 status:ROBOT_STATUS._STOP] 
1621057099340 [Update odom] 
1621057099441 [delta_X:-0.00102179051 delta_y:-0.00102179051 status:ROBOT_STATUS._STOP] 
1621057099442 [Update odom] 
1621057099544 [delta_X:-0.00409695624 delta_y:-0.00102423906 status:ROBOT_STATUS._STOP] 
1621057099546 [Update odom] 
1621057099647 [delta_X:0.01242216108 delta_y:0.01345734117 status:ROBOT_STATUS._STOP] 
1621057099648 [Update odom] 
1621057099749 [delta_X:-0.01131131892 delta_y:-0.01131131892 status:ROBOT_STATUS._STOP] 
1621057099750 [Update odom] 
1621057099852 [delta_X:0.00612131592 delta_y:0.0102021932 status:ROBOT_STATUS._STOP] 
1621057099854 [Update odom] 
1621057099955 [delta_X:-0.00103269101 delta_y:-0.00516345505 status:ROBOT_STATUS._STOP] 
1621057099957 [Update odom] 
1621057100058 [delta_X:-0.00310271502 delta_y:-0.00310271502 status:ROBOT_STATUS._STOP] 
1621057100060 [Update odom] 
1621057100161 [delta_X:0.00411512372 delta_y:0.00720146651 status:ROBOT_STATUS._STOP] 
1621057100162 [Update odom] 
1621057100263 [delta_X:-0.0020397377 delta_y:-0.00509934425 status:ROBOT_STATUS._STOP] 
1621057100264 [Update odom] 
1621057100370 [delta_X:0.00510985855 delta_y:0.0102197171 status:ROBOT_STATUS._STOP] 
1621057100370 [Update odom] 
1621057100475 [delta_X:-0.00106158971 delta_y:-0.00530794855 status:ROBOT_STATUS._STOP] 
1621057100476 [Update odom] 
1621057100578 [delta_X:0.0021086979 delta_y:0.0063260937 status:ROBOT_STATUS._STOP] 
1621057100579 [Update odom] 
1621057100680 [delta_X:0.0010303998 delta_y:-0.0010303998 status:ROBOT_STATUS._STOP] 
1621057100681 [Update odom] 
1621057100789 [delta_X:0.0 delta_y:0.0 status:ROBOT_STATUS._STOP] 
1621057100789 [Update odom] 
1621057100891 [delta_X:0.00216460228 delta_y:0.0054115057 status:ROBOT_STATUS._STOP] 
1621057100891 [Update odom] 
1621057100993 [delta_X:0.0 delta_y:-0.00408244132 status:ROBOT_STATUS._STOP] 
1621057100994 [Update odom] 
1621057101096 [delta_X:0.00308858871 delta_y:0.00823623656 status:ROBOT_STATUS._STOP] 
1621057101097 [Update odom] 
1621057101204 [delta_X:-0.00205626012 delta_y:-0.0051406503 status:ROBOT_STATUS._STOP] 
1621057101209 [Update odom] 
1621057101312 [delta_X:0.0033575964 delta_y:0.005595994 status:ROBOT_STATUS._STOP] 
1621057101313 [Update odom] 
1621057101419 [delta_X:0.00103497028 delta_y:0.00413988112 status:ROBOT_STATUS._STOP] 
1621057101420 [Update odom] 
1621057101522 [delta_X:0.00107880115 delta_y:-0.00323640345 status:ROBOT_STATUS._STOP] 
1621057101523 [Update odom] 
1621057101627 [delta_X:0.00307157994 delta_y:0.00614315988 status:ROBOT_STATUS._STOP] 
1621057101628 [Update odom] 
1621057101729 [delta_X:-0.00315567255 delta_y:-0.0042075634 status:ROBOT_STATUS._STOP] 
1621057101730 [Update odom] 
1621057101831 [delta_X:0.0051093936 delta_y:0.00613127232 status:ROBOT_STATUS._STOP] 
1621057101832 [Update odom] 
1621057101934 [delta_X:-0.00102153063 delta_y:-0.00204306126 status:ROBOT_STATUS._STOP] 
1621057101934 [Update odom] 
1621057102036 [delta_X:0.00203959942 delta_y:0.00305939913 status:ROBOT_STATUS._STOP] 
1621057102037 [Update odom] 
1621057102138 [delta_X:0.00102601051 delta_y:0.00102601051 status:ROBOT_STATUS._STOP] 
1621057102139 [Update odom] 
1621057102240 [delta_X:-0.00101716042 delta_y:0.0 status:ROBOT_STATUS._STOP] 
1621057102241 [Update odom] 
1621057102343 [delta_X:0.0 delta_y:0.00718703027 status:ROBOT_STATUS._STOP] 
1621057102343 [Update odom] 
1621057102446 [delta_X:-0.0 delta_y:0.00102081061 status:ROBOT_STATUS._STOP] 
1621057102448 [Update odom] 
1621057102549 [delta_X:-0.00210056532186 delta_y:0.0135615457769 status:ROBOT_STATUS._STOP] 
1621057102550 [Update odom] 
1621057102651 [delta_X:-0.00921504792171 delta_y:0.00403838821671 status:ROBOT_STATUS._STOP] 
1621057102652 [Update odom] 
1621057102756 [delta_X:-0.00125177240503 delta_y:0.0132456261859 status:ROBOT_STATUS._STOP] 
1621057102757 [Update odom] 
1621057102858 [delta_X:-0.00963635995806 delta_y:0.0352418109023 status:ROBOT_STATUS._STOP] 
1621057102859 [Update odom] 
1621057102960 [delta_X:0.00017822717035 delta_y:0.0163380672318 status:ROBOT_STATUS._STOP] 
1621057102961 [Update odom] 
1621057103066 [delta_X:-0.00414224754197 delta_y:0.0367947779562 status:ROBOT_STATUS._STOP] 
1621057103067 [Update odom] 
1621057103169 [delta_X:-0.018340701246 delta_y:0.0266881022182 status:ROBOT_STATUS._STOP] 
1621057103172 [Update odom] 
1621057103273 [delta_X:-0.0113843832681 delta_y:0.0203597521379 status:ROBOT_STATUS._STOP] 
1621057103274 [Update odom] 
1621057103376 [delta_X:-0.00962812301968 delta_y:0.00672390804316 status:ROBOT_STATUS._STOP] 
1621057103377 [Update odom] 
1621057103478 [delta_X:-0.0033237105824 delta_y:0.00390450988225 status:ROBOT_STATUS._STOP] 
1621057103479 [Update odom] 
1621057103582 [delta_X:0.00290901712833 delta_y:0.00226237201075 status:ROBOT_STATUS._STOP] 
1621057103582 [Update odom] 
1621057103684 [delta_X:-0.0029984823223 delta_y:-0.00127447160145 status:ROBOT_STATUS._STOP] 
1621057103685 [Update odom] 
1621057103786 [delta_X:-0.002053099976 delta_y:-0.0125023005255 status:ROBOT_STATUS._STOP] 
1621057103787 [Update odom] 
1621057103888 [delta_X:0.00650325233186 delta_y:-0.0159035255299 status:ROBOT_STATUS._STOP] 
1621057103890 [Update odom] 
1621057103992 [delta_X:0.00332849476535 delta_y:-0.00278093554753 status:ROBOT_STATUS._STOP] 
1621057103993 [Update odom] 
1621057104095 [delta_X:-0.00101684013147 delta_y:0.0113454649658 status:ROBOT_STATUS._STOP] 
1621057104095 [Update odom] 
1621057104197 [delta_X:0.000836560610507 delta_y:0.00212988027866 status:ROBOT_STATUS._STOP] 
1621057104198 [Update odom] 
1621057104299 [delta_X:0.00223222003423 delta_y:0.00943303874094 status:ROBOT_STATUS._STOP] 
1621057104300 [Update odom] 
1621057104401 [delta_X:0.000744823367154 delta_y:0.00314751573312 status:ROBOT_STATUS._STOP] 
1621057104402 [Update odom] 
1621057104503 [delta_X:0.00149117458201 delta_y:0.00630148792948 status:ROBOT_STATUS._STOP] 
1621057104505 [Update odom] 
1621057104606 [delta_X:-0.0025866152228 delta_y:0.00593282647007 status:ROBOT_STATUS._STOP] 
1621057104607 [Update odom] 
1621057104709 [delta_X:0.00259318008782 delta_y:0.00535416129918 status:ROBOT_STATUS._STOP] 
1621057104726 [Update odom] 
1621057104827 [delta_X:0.00270717283794 delta_y:0.0098052104347 status:ROBOT_STATUS._STOP] 
1621057104829 [Update odom] 
1621057104930 [delta_X:-0.00130796661951 delta_y:0.00300003607564 status:ROBOT_STATUS._STOP] 
1621057104932 [Update odom] 
1621057105033 [delta_X:0.0034413904724 delta_y:0.00750853959694 status:ROBOT_STATUS._STOP] 
1621057105033 [Update odom] 
1621057105135 [delta_X:-0.00128750729218 delta_y:0.00295310925108 status:ROBOT_STATUS._STOP] 
1621057105136 [Update odom] 
1621057105237 [delta_X:0.00139557809445 delta_y:0.00729931153411 status:ROBOT_STATUS._STOP] 
1621057105237 [Update odom] 
1621057105340 [delta_X:0.000650076040243 delta_y:0.00414430479996 status:ROBOT_STATUS._STOP] 
1621057105341 [Update odom] 
1621057105442 [delta_X:0.000663274319303 delta_y:0.00422844525104 status:ROBOT_STATUS._STOP] 
1621057105444 [Update odom] 
1621057105545 [delta_X:-0.0060575772759 delta_y:-0.0241920834101 status:ROBOT_STATUS._STOP] 
1621057105546 [Update odom] 
1621057105648 [delta_X:0.00410889624205 delta_y:0.0116800954446 status:ROBOT_STATUS._STOP] 
1621057105649 [Update odom] 
1621057105750 [delta_X:0.0168513832728 delta_y:-0.053358854442 status:ROBOT_STATUS._STOP] 
1621057105751 [Update odom] 
1621057105852 [delta_X:-0.0199392791141 delta_y:-0.00923845390258 status:ROBOT_STATUS._STOP] 
1621057105853 [Update odom] 
1621057105965 [delta_X:-0.0102417128699 delta_y:-0.0040763437 status:ROBOT_STATUS._STOP] 
1621057105966 [Update odom] 
1621057106068 [delta_X:-0.0136854843701 delta_y:0.027557609653 status:ROBOT_STATUS._STOP] 
1621057106068 [Update odom] 
1621057106170 [delta_X:0.00273936807007 delta_y:0.0152106836254 status:ROBOT_STATUS._STOP] 
1621057106172 [Update odom] 
1621057106273 [delta_X:0.00181067218954 delta_y:0.019606680208 status:ROBOT_STATUS._STOP] 
1621057106274 [Update odom] 
1621057106376 [delta_X:-0.00826463973202 delta_y:-0.0027700784786 status:ROBOT_STATUS._STOP] 
1621057106377 [Update odom] 
1621057106478 [delta_X:-0.00846296443107 delta_y:-0.0069934078023 status:ROBOT_STATUS._STOP] 
1621057106479 [Update odom] 
1621057106580 [delta_X:-0.00731155572508 delta_y:-0.0223130499843 status:ROBOT_STATUS._STOP] 
1621057106581 [Update odom] 
1621057106682 [delta_X:0.00113052461045 delta_y:-0.00813247863111 status:ROBOT_STATUS._STOP] 
1621057106682 [Update odom] 
1621057106784 [delta_X:0.000912427799296 delta_y:0.00409981679416 status:ROBOT_STATUS._STOP] 
1621057106785 [Update odom] 
1621057106886 [delta_X:-0.00503434375731 delta_y:-0.00223436241706 status:ROBOT_STATUS._STOP] 
1621057106886 [Update odom] 
1621057106987 [delta_X:0.00879595307226 delta_y:0.00756827488949 status:ROBOT_STATUS._STOP] 
1621057106989 [Update odom] 
1621057107090 [delta_X:0.00882087252333 delta_y:0.024053213197 status:ROBOT_STATUS._STOP] 
1621057107092 [Update odom] 
1621057107193 [delta_X:0.00269720570155 delta_y:0.0238660956707 status:ROBOT_STATUS._STOP] 
1621057107195 [Update odom] 
1621057107297 [delta_X:-0.00343075086739 delta_y:-0.0126326143321 status:ROBOT_STATUS._STOP] 
1621057107298 [Update odom] 
1621057107399 [delta_X:-0.00706191147048 delta_y:-0.0219288021519 status:ROBOT_STATUS._STOP] 
1621057107400 [Update odom] 
1621057107501 [delta_X:-0.0010223221994 delta_y:-5.36477300313e-05 status:ROBOT_STATUS._STOP] 
1621057107502 [Update odom] 
1621057107604 [delta_X:-0.00154438463281 delta_y:-0.00932121869345 status:ROBOT_STATUS._STOP] 
1621057107606 [Update odom] 
1621057107707 [delta_X:-0.00218791938958 delta_y:0.00195760414108 status:ROBOT_STATUS._STOP] 
1621057107708 [Update odom] 
1621057107810 [delta_X:0.00124347893639 delta_y:-0.00402780014065 status:ROBOT_STATUS._STOP] 
1621057107811 [Update odom] 
1621057107913 [delta_X:-0.00149152307412 delta_y:-0.0103639596137 status:ROBOT_STATUS._STOP] 
1621057107913 [Update odom] 
1621057108015 [delta_X:-0.00368457137668 delta_y:-0.00738792656751 status:ROBOT_STATUS._STOP] 
1621057108015 [Update odom] 
1621057108116 [delta_X:0.00310605752022 delta_y:-0.000833474643562 status:ROBOT_STATUS._STOP] 
1621057108117 [Update odom] 
1621057108219 [delta_X:0.00165225045975 delta_y:0.00623324868268 status:ROBOT_STATUS._STOP] 
1621057108220 [Update odom] 
1621057108321 [delta_X:0.00149248716748 delta_y:-0.00712184631365 status:ROBOT_STATUS._STOP] 
1621057108322 [Update odom] 
1621057108424 [delta_X:0.001258923435 delta_y:-0.00402011536128 status:ROBOT_STATUS._STOP] 
1621057108424 [Update odom] 
1621057108526 [delta_X:-0.00447419161766 delta_y:-0.0125113262248 status:ROBOT_STATUS._STOP] 
1621057108526 [Update odom] 
1621057108628 [delta_X:-0.000730038995117 delta_y:-0.0061640782856 status:ROBOT_STATUS._STOP] 
1621057108629 [Update odom] 
1621057108731 [delta_X:0.00144618495722 delta_y:0.013410219887 status:ROBOT_STATUS._STOP] 
1621057108732 [Update odom] 
1621057108833 [delta_X:0.0129991161452 delta_y:0.00784987422629 status:ROBOT_STATUS._STOP] 
1621057108834 [Update odom] 
1621057108938 [delta_X:-0.0172111701227 delta_y:-0.0223029363356 status:ROBOT_STATUS._STOP] 
1621057108939 [Update odom] 
1621057109047 [delta_X:0.0127937148534 delta_y:-0.00250824353298 status:ROBOT_STATUS._STOP] 
1621057109048 [Update odom] 
1621057109149 [delta_X:-0.0201200789523 delta_y:-0.0119476045197 status:ROBOT_STATUS._STOP] 
1621057109150 [Update odom] 
1621057109252 [delta_X:0.00444798171791 delta_y:-0.00693141922401 status:ROBOT_STATUS._STOP] 
1621057109253 [Update odom] 
1621057109354 [delta_X:-0.00566837392195 delta_y:-0.00952914374518 status:ROBOT_STATUS._STOP] 
1621057109363 [Update odom] 
1621057109464 [delta_X:-0.00619825207322 delta_y:-0.00803194788009 status:ROBOT_STATUS._STOP] 
1621057109465 [Update odom] 
1621057109567 [delta_X:-0.00151605916883 delta_y:-0.0103090632072 status:ROBOT_STATUS._STOP] 
1621057109569 [Update odom] 
1621057109670 [delta_X:-0.00158947455388 delta_y:-0.00941265056573 status:ROBOT_STATUS._STOP] 
1621057109671 [Update odom] 
1621057109772 [delta_X:-0.00752842236906 delta_y:-0.0126560844286 status:ROBOT_STATUS._STOP] 
1621057109773 [Update odom] 
1621057109876 [delta_X:0.00670652165014 delta_y:-0.0109207629902 status:ROBOT_STATUS._STOP] 
1621057109878 [Update odom] 
1621057109979 [delta_X:-0.00925729979173 delta_y:-0.00362396095981 status:ROBOT_STATUS._STOP] 
1621057109980 [Update odom] 
1621057110090 [delta_X:0.000367668356064 delta_y:-0.00714937772142 status:ROBOT_STATUS._STOP] 
1621057110091 [Update odom] 
1621057110192 [delta_X:-0.00204217490559 delta_y:-0.00343311476909 status:ROBOT_STATUS._STOP] 
1621057110193 [Update odom] 
1621057110295 [delta_X:-0.0161794481508 delta_y:-0.00390333882917 status:ROBOT_STATUS._STOP] 
1621057110296 [Update odom] 
1621057110397 [delta_X:0.0111195658827 delta_y:0.025426133924 status:ROBOT_STATUS._STOP] 
1621057110398 [Update odom] 
1621057110500 [delta_X:-0.00034524171532 delta_y:0.00609829039578 status:ROBOT_STATUS._STOP] 
1621057110501 [Update odom] 
1621057110603 [delta_X:0.0010923956966 delta_y:-0.000961433718221 status:ROBOT_STATUS._STOP] 
1621057110604 [Update odom] 
1621057110706 [delta_X:0.000487913473832 delta_y:0.0083140154569 status:ROBOT_STATUS._STOP] 
1621057110707 [Update odom] 
1621057110809 [delta_X:-0.00746943438232 delta_y:0.0354556475259 status:ROBOT_STATUS._STOP] 
1621057110813 [Update odom] 
1621057110915 [delta_X:0.012624774843 delta_y:0.00190679101587 status:ROBOT_STATUS._STOP] 
1621057110915 [Update odom] 
1621057111019 [delta_X:0.00394410752684 delta_y:-0.0141108533884 status:ROBOT_STATUS._STOP] 
1621057111020 [Update odom] 
1621057111121 [delta_X:-0.00586475841852 delta_y:0.0143866023959 status:ROBOT_STATUS._STOP] 
1621057111122 [Update odom] 
1621057111224 [delta_X:-0.00619324761203 delta_y:0.00293517190851 status:ROBOT_STATUS._STOP] 
1621057111225 [Update odom] 
1621057111327 [delta_X:0.00110059991257 delta_y:-0.00618856909128 status:ROBOT_STATUS._STOP] 
1621057111328 [Update odom] 
1621057111429 [delta_X:-0.00197546772005 delta_y:-0.0102917323132 status:ROBOT_STATUS._STOP] 
1621057111431 [Update odom] 
1621057111533 [delta_X:-0.00205643266965 delta_y:-0.00104822905983 status:ROBOT_STATUS._STOP] 
1621057111534 [Update odom] 
1621057111635 [delta_X:-0.00102048924756 delta_y:-0.00103430345704 status:ROBOT_STATUS._STOP] 
1621057111636 [Update odom] 
1621057111741 [delta_X:-0.00406232472705 delta_y:-0.00817800557968 status:ROBOT_STATUS._STOP] 
1621057111742 [Update odom] 
1621057111843 [delta_X:-0.00316818735866 delta_y:0.00848643763875 status:ROBOT_STATUS._STOP] 
1621057111844 [Update odom] 
1621057111946 [delta_X:1.81108765453e-05 delta_y:0.00715628239284 status:ROBOT_STATUS._STOP] 
1621057111947 [Update odom] 
1621057112049 [delta_X:-0.00101957945282 delta_y:0.00102475318045 status:ROBOT_STATUS._STOP] 
1621057112049 [Update odom] 
1621057112150 [delta_X:-0.00101820158552 delta_y:0.00513124878819 status:ROBOT_STATUS._STOP] 
1621057112151 [Update odom] 
1621057112253 [delta_X:-0.00306616995182 delta_y:0.00716394435031 status:ROBOT_STATUS._STOP] 
1621057112255 [Update odom] 
1621057112357 [delta_X:-0.00723176751669 delta_y:-0.0362607522476 status:ROBOT_STATUS._STOP] 
1621057112357 [Update odom] 
1621057112458 [delta_X:-0.00309649700907 delta_y:-0.0542286812426 status:ROBOT_STATUS._STOP] 
1621057112459 [Update odom] 
1621057112561 [delta_X:-0.000976796636007 delta_y:0.0275026334163 status:ROBOT_STATUS._STOP] 
1621057112562 [Update odom] 
1621057112666 [delta_X:-0.00410847976085 delta_y:-0.00716456088315 status:ROBOT_STATUS._STOP] 
1621057112667 [Update odom] 
1621057112771 [delta_X:0.0010722093779 delta_y:0.0157233588138 status:ROBOT_STATUS._STOP] 
1621057112772 [Update odom] 
1621057112874 [delta_X:-0.00632472160837 delta_y:0.00951836826125 status:ROBOT_STATUS._STOP] 
1621057112875 [Update odom] 
1621057112976 [delta_X:0.00205609945496 delta_y:0.0020498642908 status:ROBOT_STATUS._STOP] 
1621057112977 [Update odom] 
1621057113078 [delta_X:-0.00201662835254 delta_y:0.0142711624483 status:ROBOT_STATUS._STOP] 
1621057113079 [Update odom] 
1621057113181 [delta_X:-0.00410379224546 delta_y:-0.00101932921589 status:ROBOT_STATUS._STOP] 
1621057113182 [Update odom] 
1621057113284 [delta_X:0.00104353138289 delta_y:0.0133017296409 status:ROBOT_STATUS._STOP] 
1621057113285 [Update odom] 
1621057113386 [delta_X:-0.00722812782621 delta_y:0.00207705692888 status:ROBOT_STATUS._STOP] 
1621057113387 [Update odom] 
1621057113489 [delta_X:0.00411137915396 delta_y:0.0112530559843 status:ROBOT_STATUS._STOP] 
1621057113490 [Update odom] 
1621057113594 [delta_X:-0.00511800705407 delta_y:0.00513357472569 status:ROBOT_STATUS._STOP] 
1621057113595 [Update odom] 
1621057113697 [delta_X:1.28166539256e-05 delta_y:0.00843998890856 status:ROBOT_STATUS._STOP] 
1621057113698 [Update odom] 
1621057113799 [delta_X:-0.00101481513146 delta_y:0.00718158681929 status:ROBOT_STATUS._STOP] 
1621057113801 [Update odom] 
1621057113902 [delta_X:-0.00410075002515 delta_y:0.00617140979534 status:ROBOT_STATUS._STOP] 
1621057113903 [Update odom] 
1621057114005 [delta_X:0.00103865431249 delta_y:0.00922029714106 status:ROBOT_STATUS._STOP] 
1621057114006 [Update odom] 
1621057114110 [delta_X:-0.00513849502283 delta_y:0.00412360871342 status:ROBOT_STATUS._STOP] 
1621057114110 [Update odom] 
1621057114212 [delta_X:0.001058184218 delta_y:0.00939366717361 status:ROBOT_STATUS._STOP] 
1621057114213 [Update odom] 
1621057114314 [delta_X:-0.00407839872622 delta_y:0.00409080417456 status:ROBOT_STATUS._STOP] 
1621057114315 [Update odom] 
1621057114421 [delta_X:-0.00204239112386 delta_y:0.010293211564 status:ROBOT_STATUS._STOP] 
1621057114424 [Update odom] 
1621057114528 [delta_X:-0.00107620204996 delta_y:0.00651823669423 status:ROBOT_STATUS._STOP] 
1621057114529 [Update odom] 
1621057114630 [delta_X:-0.0020960478371 delta_y:0.00843863270665 status:ROBOT_STATUS._STOP] 
1621057114632 [Update odom] 
1621057114733 [delta_X:9.304542464e-06 delta_y:0.00612720259524 status:ROBOT_STATUS._STOP] 
1621057114734 [Update odom] 
1621057114836 [delta_X:-0.00100913734454 delta_y:0.0102485363535 status:ROBOT_STATUS._STOP] 
1621057114837 [Update odom] 
1621057114938 [delta_X:-0.00101356369769 delta_y:0.00820978534444 status:ROBOT_STATUS._STOP] 
1621057114939 [Update odom] 
1621057115040 [delta_X:-0.00100929545215 delta_y:0.00714252546229 status:ROBOT_STATUS._STOP] 
1621057115040 [Update odom] 
1621057115142 [delta_X:-0.00100584210941 delta_y:0.00711808704 status:ROBOT_STATUS._STOP] 
1621057115143 [Update odom] 
1621057115244 [delta_X:-0.00101425821697 delta_y:0.00511164305691 status:ROBOT_STATUS._STOP] 
1621057115245 [Update odom] 
1621057115347 [delta_X:-0.00203596920544 delta_y:0.00922801310374 status:ROBOT_STATUS._STOP] 
1621057115348 [Update odom] 
1621057115449 [delta_X:-0.00204635369439 delta_y:0.00617027846761 status:ROBOT_STATUS._STOP] 
1621057115450 [Update odom] 
1621057115554 [delta_X:-0.00100950507676 delta_y:0.00611427290502 status:ROBOT_STATUS._STOP] 
1621057115555 [Update odom] 
1621057115656 [delta_X:-0.00104087559357 delta_y:0.00736601003634 status:ROBOT_STATUS._STOP] 
1621057115657 [Update odom] 
1621057115758 [delta_X:0.00101347874365 delta_y:-0.00613834022703 status:ROBOT_STATUS._STOP] 
1621057115759 [Update odom] 
1621057115861 [delta_X:-4.64097514165e-05 delta_y:-0.030561626262 status:ROBOT_STATUS._STOP] 
1621057115862 [Update odom] 
1621057115963 [delta_X:-0.00280837805874 delta_y:-0.0748595091746 status:ROBOT_STATUS._STOP] 
1621057115965 [Update odom] 
1621057116066 [delta_X:0.011066081433 delta_y:-0.0657372663499 status:ROBOT_STATUS._STOP] 
1621057116067 [Update odom] 
1621057116169 [delta_X:-0.00269671748358 delta_y:-0.0286257214187 status:ROBOT_STATUS._STOP] 
1621057116170 [Update odom] 
1621057116271 [delta_X:-0.0176108093832 delta_y:2.61984176272e-05 status:ROBOT_STATUS._STOP] 
1621057116272 [Update odom] 
1621057116374 [delta_X:-0.00944790686961 delta_y:0.0379770792997 status:ROBOT_STATUS._STOP] 
1621057116378 [Update odom] 
1621057116479 [delta_X:-0.0122375777717 delta_y:0.0550563671066 status:ROBOT_STATUS._STOP] 
1621057116480 [Update odom] 
1621057116581 [delta_X:0.0012601517279 delta_y:0.0479751100187 status:ROBOT_STATUS._STOP] 
1621057116581 [Update odom] 
1621057116682 [delta_X:-0.00253155866342 delta_y:0.0244435200531 status:ROBOT_STATUS._STOP] 
1621057116684 [Update odom] 
1621057116786 [delta_X:-0.00412325377217 delta_y:-0.000987203137955 status:ROBOT_STATUS._STOP] 
1621057116790 [Update odom] 
1621057116900 [delta_X:0.00221568203661 delta_y:-0.0106070863656 status:ROBOT_STATUS._STOP] 
1621057116901 [Update odom] 
1621057117002 [delta_X:0.00146796780492 delta_y:-0.0131948238184 status:ROBOT_STATUS._STOP] 
1621057117003 [Update odom] 
1621057117105 [delta_X:-0.000350172306708 delta_y:-0.0184067721802 status:ROBOT_STATUS._STOP] 
1621057117106 [Update odom] 
1621057117208 [delta_X:-0.00500612916922 delta_y:0.0247490152554 status:ROBOT_STATUS._STOP] 
1621057117209 [Update odom] 
1621057117310 [delta_X:-0.00577185312398 delta_y:0.0253901608374 status:ROBOT_STATUS._STOP] 
1621057117312 [Update odom] 
1621057117413 [delta_X:0.000141398763115 delta_y:0.0339759234465 status:ROBOT_STATUS._STOP] 
1621057117413 [Update odom] 
1621057117515 [delta_X:0.00821654338198 delta_y:-0.0017742588708 status:ROBOT_STATUS._STOP] 
1621057117519 [Update odom] 
1621057117620 [delta_X:-0.0104447380402 delta_y:-0.00350495587575 status:ROBOT_STATUS._STOP] 
1621057117621 [Update odom] 
1621057117722 [delta_X:0.00256888433175 delta_y:-0.0162632848442 status:ROBOT_STATUS._STOP] 
1621057117723 [Update odom] 
1621057117830 [delta_X:-0.00492268758181 delta_y:-0.00525149639084 status:ROBOT_STATUS._STOP] 
1621057117833 [Update odom] 
1621057117934 [delta_X:-0.0160307893903 delta_y:-0.0148267129406 status:ROBOT_STATUS._STOP] 
1621057117935 [Update odom] 
1621057118038 [delta_X:0.00631591414783 delta_y:-0.0049264666001 status:ROBOT_STATUS._STOP] 
1621057118039 [Update odom] 
1621057118141 [delta_X:-0.0109700285442 delta_y:-0.0127721261825 status:ROBOT_STATUS._STOP] 
1621057118142 [Update odom] 
1621057118246 [delta_X:0.000199651548913 delta_y:-0.00617772861717 status:ROBOT_STATUS._STOP] 
1621057118248 [Update odom] 
1621057118349 [delta_X:-0.00591525240591 delta_y:-0.013986946287 status:ROBOT_STATUS._STOP] 
1621057118350 [Update odom] 
1621057118451 [delta_X:-0.000884311732435 delta_y:-0.00409522298709 status:ROBOT_STATUS._STOP] 
1621057118452 [Update odom] 
1621057118553 [delta_X:-0.00367853696222 delta_y:-0.013491148435 status:ROBOT_STATUS._STOP] 
1621057118564 [Update odom] 
1621057118672 [delta_X:-0.00412578951001 delta_y:-0.0101547717238 status:ROBOT_STATUS._STOP] 
1621057118673 [Update odom] 
1621057118774 [delta_X:-0.00193846578508 delta_y:-0.00772057347908 status:ROBOT_STATUS._STOP] 
1621057118775 [Update odom] 
1621057118877 [delta_X:-0.00372693376457 delta_y:-0.011380993381 status:ROBOT_STATUS._STOP] 
1621057118877 [Update odom] 
1621057118979 [delta_X:-0.00385157561492 delta_y:-0.007276251077 status:ROBOT_STATUS._STOP] 
1621057118980 [Update odom] 
1621057119081 [delta_X:-0.00375424381141 delta_y:-0.0103425653866 status:ROBOT_STATUS._STOP] 
1621057119082 [Update odom] 
1621057119183 [delta_X:-0.00377812079062 delta_y:-0.00929905756961 status:ROBOT_STATUS._STOP] 
1621057119184 [Update odom] 
1621057119286 [delta_X:-0.00273631862184 delta_y:-0.010321380639 status:ROBOT_STATUS._STOP] 
1621057119288 [Update odom] 
1621057119389 [delta_X:-0.00386564121579 delta_y:-0.00951447087092 status:ROBOT_STATUS._STOP] 
1621057119391 [Update odom] 
1621057119493 [delta_X:0.00320617917804 delta_y:-0.00399897036624 status:ROBOT_STATUS._STOP] 
1621057119494 [Update odom] 
1621057119595 [delta_X:-0.00888081405921 delta_y:-0.0126742356367 status:ROBOT_STATUS._STOP] 
1621057119596 [Update odom] 
1621057119697 [delta_X:0.00486469537772 delta_y:0.00729798903276 status:ROBOT_STATUS._STOP] 
1621057119698 [Update odom] 
1621057119799 [delta_X:-0.00792309234191 delta_y:0.0232247998401 status:ROBOT_STATUS._STOP] 
1621057119800 [Update odom] 
1621057119904 [delta_X:-0.00135775664105 delta_y:0.0574323421264 status:ROBOT_STATUS._STOP] 
1621057119905 [Update odom] 
1621057120006 [delta_X:0.0100115283855 delta_y:0.00690009634265 status:ROBOT_STATUS._STOP] 
1621057120007 [Update odom] 
1621057120108 [delta_X:0.00145475205009 delta_y:-0.00499569700887 status:ROBOT_STATUS._STOP] 
1621057120109 [Update odom] 
1621057120211 [delta_X:0.0150282026675 delta_y:0.00442617953955 status:ROBOT_STATUS._STOP] 
1621057120212 [Update odom] 
1621057120314 [delta_X:-0.00928619287699 delta_y:0.0293508974152 status:ROBOT_STATUS._STOP] 
1621057120315 [Update odom] 
1621057120422 [delta_X:-0.0117448415739 delta_y:0.0367205429269 status:ROBOT_STATUS._STOP] 
1621057120423 [Update odom] 
1621057120525 [delta_X:0.00171773273999 delta_y:0.0162543754942 status:ROBOT_STATUS._STOP] 
1621057120526 [Update odom] 
1621057120627 [delta_X:0.00129077231724 delta_y:-0.0102020088951 status:ROBOT_STATUS._STOP] 
1621057120628 [Update odom] 
1621057120730 [delta_X:-0.003870655076 delta_y:-0.00933496420637 status:ROBOT_STATUS._STOP] 
1621057120731 [Update odom] 
1621057120833 [delta_X:-0.00575758895514 delta_y:-0.0187026519127 status:ROBOT_STATUS._STOP] 
1621057120834 [Update odom] 
1621057120935 [delta_X:-0.00303984647921 delta_y:-0.104916583345 status:ROBOT_STATUS._STOP] 
1621057120936 [Update odom] 
1621057121037 [delta_X:0.00240179103184 delta_y:-0.0203243352568 status:ROBOT_STATUS._STOP] 
1621057121039 [Update odom] 
1621057121140 [delta_X:-0.00123247234714 delta_y:0.0113021023249 status:ROBOT_STATUS._STOP] 
1621057121142 [Update odom] 
1621057121244 [delta_X:-0.00834981967575 delta_y:0.00603115061041 status:ROBOT_STATUS._STOP] 
1621057121245 [Update odom] 
1621057121347 [delta_X:0.00616675755322 delta_y:0.00217939443598 status:ROBOT_STATUS._STOP] 
1621057121348 [Update odom] 
1621057121449 [delta_X:-0.00540580302948 delta_y:0.0152961190103 status:ROBOT_STATUS._STOP] 
1621057121450 [Update odom] 
1621057121552 [delta_X:-0.00189272646125 delta_y:-0.00819355601651 status:ROBOT_STATUS._STOP] 
1621057121553 [Update odom] 
1621057121654 [delta_X:0.00483138615574 delta_y:0.0175875073458 status:ROBOT_STATUS._STOP] 
1621057121656 [Update odom] 
1621057121757 [delta_X:-0.00592928069648 delta_y:-0.012410878173 status:ROBOT_STATUS._STOP] 
1621057121758 [Update odom] 
1621057121859 [delta_X:0.00687392602038 delta_y:0.0154478555395 status:ROBOT_STATUS._STOP] 
1621057121860 [Update odom] 
1621057121962 [delta_X:-0.0101635802493 delta_y:-0.00324912847822 status:ROBOT_STATUS._STOP] 
1621057121963 [Update odom] 
1621057122067 [delta_X:0.00597617482145 delta_y:0.0103783019489 status:ROBOT_STATUS._STOP] 
1621057122068 [Update odom] 
1621057122169 [delta_X:-0.00853984569252 delta_y:0.00512647252276 status:ROBOT_STATUS._STOP] 
1621057122170 [Update odom] 
1621057122271 [delta_X:0.00201895363462 delta_y:0.00105521539035 status:ROBOT_STATUS._STOP] 
1621057122272 [Update odom] 
1621057122373 [delta_X:-0.00527280507043 delta_y:0.00910207775012 status:ROBOT_STATUS._STOP] 
1621057122376 [Update odom] 
1621057122477 [delta_X:-0.0091609955778 delta_y:-0.00844243266645 status:ROBOT_STATUS._STOP] 
1621057122478 [Update odom] 
1621057122587 [delta_X:0.00589547437133 delta_y:0.0134009168502 status:ROBOT_STATUS._STOP] 
1621057122588 [Update odom] 
1621057122689 [delta_X:-0.010896895285 delta_y:-0.00569531237101 status:ROBOT_STATUS._STOP] 
1621057122690 [Update odom] 
1621057122791 [delta_X:0.00588543967075 delta_y:0.0133781071186 status:ROBOT_STATUS._STOP] 
1621057122792 [Update odom] 
1621057122894 [delta_X:-0.00714531388783 delta_y:-0.00115205149195 status:ROBOT_STATUS._STOP] 
1621057122895 [Update odom] 
1621057122997 [delta_X:-0.00316340775162 delta_y:0.00305177733699 status:ROBOT_STATUS._STOP] 
1621057122998 [Update odom] 
1621057123099 [delta_X:0.00191366234323 delta_y:0.00718378507961 status:ROBOT_STATUS._STOP] 
1621057123100 [Update odom] 
1621057123201 [delta_X:-0.00709769603193 delta_y:-0.00114437398152 status:ROBOT_STATUS._STOP] 
1621057123203 [Update odom] 
1621057123307 [delta_X:0.00290679102166 delta_y:0.0103618745466 status:ROBOT_STATUS._STOP] 
1621057123308 [Update odom] 
1621057123414 [delta_X:-0.00213161163144 delta_y:0.00101837464864 status:ROBOT_STATUS._STOP] 
1621057123415 [Update odom] 
1621057123517 [delta_X:0.0129579380473 delta_y:-0.00619063783073 status:ROBOT_STATUS._STOP] 
1621057123518 [Update odom] 
1621057123619 [delta_X:-0.00843888565934 delta_y:0.0141710606492 status:ROBOT_STATUS._STOP] 
1621057123620 [Update odom] 
1621057123721 [delta_X:0.00124173080843 delta_y:-0.0122403025838 status:ROBOT_STATUS._STOP] 
1621057123722 [Update odom] 
1621057123823 [delta_X:-0.000109921571543 delta_y:0.00612004277357 status:ROBOT_STATUS._STOP] 
1621057123824 [Update odom] 
1621057123925 [delta_X:-0.0135080367567 delta_y:0.0120269419396 status:ROBOT_STATUS._STOP] 
1621057123926 [Update odom] 
1621057124029 [delta_X:0.0133469822851 delta_y:-0.00486015652577 status:ROBOT_STATUS._STOP] 
1621057124031 [Update odom] 
1621057124132 [delta_X:-0.0190355710591 delta_y:0.0111683674101 status:ROBOT_STATUS._STOP] 
1621057124134 [Update odom] 
1621057124237 [delta_X:0.00630333273928 delta_y:-0.00506377200439 status:ROBOT_STATUS._STOP] 
1621057124239 [Update odom] 
1621057124341 [delta_X:-0.00225316639854 delta_y:0.00837080721605 status:ROBOT_STATUS._STOP] 
1621057124341 [Update odom] 
1621057124444 [delta_X:-0.00102040522472 delta_y:-1.83274120888e-05 status:ROBOT_STATUS._STOP] 
1621057124446 [Update odom] 
1621057124547 [delta_X:-9.35279958712e-05 delta_y:0.00520730669351 status:ROBOT_STATUS._STOP] 
1621057124555 [Update odom] 
1621057124657 [delta_X:-0.0108307912631 delta_y:-0.00346242480222 status:ROBOT_STATUS._STOP] 
1621057124663 [Update odom] 
1621057124766 [delta_X:0.000791330493254 delta_y:0.0162666217048 status:ROBOT_STATUS._STOP] 
1621057124767 [Update odom] 
1621057124870 [delta_X:-0.00721293470748 delta_y:-0.00324579325102 status:ROBOT_STATUS._STOP] 
1621057124871 [Update odom] 
1621057124973 [delta_X:0.00723377207886 delta_y:0.00430772099352 status:ROBOT_STATUS._STOP] 
1621057124974 [Update odom] 
1621057125078 [delta_X:-0.0124325891748 delta_y:0.00389756111839 status:ROBOT_STATUS._STOP] 
1621057125079 [Update odom] 
1621057125181 [delta_X:0.00515073637971 delta_y:0.00641158512379 status:ROBOT_STATUS._STOP] 
1621057125183 [Update odom] 
1621057125289 [delta_X:-0.0041784371199 delta_y:0.00301812309306 status:ROBOT_STATUS._STOP] 
1621057125290 [Update odom] 
1621057125391 [delta_X:-0.00218746864577 delta_y:0.00211027719557 status:ROBOT_STATUS._STOP] 
1621057125393 [Update odom] 
1621057125494 [delta_X:0.000896056447395 delta_y:0.00719281605969 status:ROBOT_STATUS._STOP] 
1621057125494 [Update odom] 
1621057125595 [delta_X:-0.00709844569681 delta_y:-0.0021667409691 status:ROBOT_STATUS._STOP] 
1621057125596 [Update odom] 
1621057125700 [delta_X:0.00798622716576 delta_y:0.00827835393367 status:ROBOT_STATUS._STOP] 
1621057125702 [Update odom] 
1621057125804 [delta_X:-0.0127675171301 delta_y:0.0008333960839 status:ROBOT_STATUS._STOP] 
1621057125805 [Update odom] 
1621057125908 [delta_X:0.00196378110538 delta_y:0.00517719183363 status:ROBOT_STATUS._STOP] 
1621057125909 [Update odom] 
1621057126013 [delta_X:0.00193393279687 delta_y:0.00837193700608 status:ROBOT_STATUS._STOP] 
1621057126014 [Update odom] 
1621057126118 [delta_X:-0.0115086284315 delta_y:-0.00125499361867 status:ROBOT_STATUS._STOP] 
1621057126119 [Update odom] 
1621057126220 [delta_X:0.00717965072417 delta_y:0.00958118718101 status:ROBOT_STATUS._STOP] 
1621057126221 [Update odom] 
1621057126323 [delta_X:-0.0112122820845 delta_y:-0.00122267762406 status:ROBOT_STATUS._STOP] 
1621057126324 [Update odom] 
1621057126425 [delta_X:0.00803489922618 delta_y:0.00937296621271 status:ROBOT_STATUS._STOP] 
1621057126426 [Update odom] 
1621057126528 [delta_X:-0.00915292235403 delta_y:-0.0011837485948 status:ROBOT_STATUS._STOP] 
1621057126529 [Update odom] 
1621057126630 [delta_X:-0.00114205740788 delta_y:0.00616721868588 status:ROBOT_STATUS._STOP] 
1621057126631 [Update odom] 
1621057126732 [delta_X:-0.00207202964859 delta_y:0.00199891181272 status:ROBOT_STATUS._STOP] 
1621057126732 [Update odom] 
1621057126849 [delta_X:-0.00414641174673 delta_y:0.00299499087506 status:ROBOT_STATUS._STOP] 
