1621556716641 [Opening serial port: /dev/ttyTHS1.] 
1621556716947 [The robot is connected to ] [/dev/ttyTHS1] 
1621556716947 [Initial robot's topic...] 
1621556716957 [Start initializing navigation] 
1621556716957 [Start initializing navigation topic] 
1621556717028 [Initialization navigation topic finished] 
1621556717048 [Initialization navigation finished] 
1621556717159 [Update odom] 
1621556717171 [vx:0.0 vy:0.0 yaw:-1.5640910795] 
1621556717259 [Update odom] 
1621556717267 [vx:0.0 vy:0.0 yaw:-1.57674438097] 
1621556717359 [Update odom] 
1621556717370 [vx:0.0 vy:0.0 yaw:-1.58638470776] 
1621556717459 [Update odom] 
1621556717472 [vx:0.0 vy:0.0 yaw:-1.59111482069] 
1621556717559 [Update odom] 
1621556717570 [vx:0.0 vy:0.0 yaw:-1.5936810429] 
1621556717659 [Update odom] 
1621556717672 [vx:0.0 vy:0.0 yaw:-1.58972419214] 
1621556717759 [Update odom] 
1621556717770 [vx:0.0 vy:0.0 yaw:-1.58479207479] 
1621556717860 [Update odom] 
1621556717870 [vx:0.0 vy:0.0 yaw:-1.5855160107] 
1621556717959 [Update odom] 
1621556717971 [vx:0.0 vy:0.0 yaw:-1.59507189852] 
1621556718059 [Update odom] 
1621556718063 [vx:0.0 vy:0.0 yaw:-1.59941889208] 
1621556718161 [Update odom] 
1621556718174 [vx:0.0 vy:0.0 yaw:-1.58818682815] 
1621556718259 [Update odom] 
1621556718270 [vx:0.0 vy:0.0 yaw:-1.57762774457] 
1621556718359 [Update odom] 
1621556718370 [vx:0.0 vy:0.0 yaw:-1.57223667939] 
1621556718459 [Update odom] 
1621556718472 [vx:0.0 vy:0.0 yaw:-1.57686803405] 
1621556718559 [Update odom] 
1621556718570 [vx:0.0 vy:0.0 yaw:-1.57907938438] 
1621556718659 [Update odom] 
1621556718670 [vx:0.0 vy:0.0 yaw:-1.57986373304] 
1621556718759 [Update odom] 
1621556718771 [vx:0.0 vy:0.0 yaw:-1.58107501202] 
1621556718859 [Update odom] 
1621556718870 [vx:0.0 vy:0.0 yaw:-1.58900689179] 
1621556718959 [Update odom] 
1621556718970 [vx:0.0 vy:0.0 yaw:-1.58752269671] 
1621556719059 [Update odom] 
1621556719070 [vx:0.0 vy:0.0 yaw:-1.58560996888] 
1621556719159 [Update odom] 
1621556719170 [vx:0.0 vy:0.0 yaw:-1.59157955081] 
1621556719259 [Update odom] 
1621556719270 [vx:0.0 vy:0.0 yaw:-1.58523008162] 
1621556719359 [Update odom] 
1621556719370 [vx:0.0 vy:0.0 yaw:-1.57105553168] 
1621556719459 [Update odom] 
1621556719471 [vx:0.0 vy:0.0 yaw:-1.56142596314] 
1621556719559 [Update odom] 
1621556719570 [vx:0.0 vy:0.0 yaw:-1.55959138225] 
1621556719659 [Update odom] 
1621556719671 [vx:0.0 vy:0.0 yaw:-1.56716928269] 
1621556719759 [Update odom] 
1621556719770 [vx:0.0 vy:0.0 yaw:-1.57607663002] 
1621556719859 [Update odom] 
1621556719870 [vx:0.0 vy:0.0 yaw:-1.58317204409] 
1621556719959 [Update odom] 
1621556719970 [vx:0.0 vy:0.0 yaw:-1.59132873954] 
1621556720059 [Update odom] 
1621556720070 [vx:0.0 vy:0.0 yaw:-1.60420729485] 
1621556720159 [Update odom] 
1621556720170 [vx:0.0 vy:0.0 yaw:-1.61271953559] 
1621556720259 [Update odom] 
1621556720270 [vx:0.0 vy:0.0 yaw:-1.60634177555] 
1621556720359 [Update odom] 
1621556720370 [vx:0.0 vy:0.0 yaw:-1.59671723261] 
1621556720459 [Update odom] 
1621556720474 [vx:0.0 vy:0.0 yaw:-1.59325742255] 
1621556720559 [Update odom] 
1621556720595 [vx:0.0 vy:0.0 yaw:-1.58504960494] 
1621556720659 [Update odom] 
1621556720670 [vx:0.0 vy:0.0 yaw:-1.58216435369] 
1621556720759 [Update odom] 
1621556720770 [vx:-0.008 vy:-0.0 yaw:-1.57579152523] 
1621556720859 [Update odom] 
1621556720870 [vx:-0.00824993386293 vy:-3.30341838756e-05 yaw:-1.576853757] 
1621556720959 [Update odom] 
1621556720972 [vx:-0.00799296403084 vy:-0.000335448955529 yaw:-1.56031573257] 
1621556721059 [Update odom] 
1621556721070 [vx:0.00793348260671 vy:0.00102949197615 yaw:-1.50556123994] 
1621556721159 [Update odom] 
1621556721170 [vx:0.0158072878096 vy:0.00376724728462 yaw:-1.41528604342] 
1621556721259 [Update odom] 
1621556721270 [vx:0.0153202892906 vy:0.00541767810522 yaw:-1.31846446051] 
1621556721359 [Update odom] 
1621556721370 [vx:0.0147849848121 vy:0.00674290175714 yaw:-1.22605237665] 
1621556721461 [Update odom] 
1621556721475 [vx:0.0216128392765 vy:0.012060169087 yaw:-1.1425676498] 
1621556721562 [Update odom] 
1621556721575 [vx:0.0134689900492 vy:0.00863633643709 yaw:-1.07308182315] 
1621556721659 [Update odom] 
1621556721670 [vx:-0.0201295117871 vy:-0.0135227680307 yaw:-1.04767767516] 
1621556721760 [Update odom] 
1621556721772 [vx:0.0 vy:0.0 yaw:-1.04258252519] 
1621556721859 [Update odom] 
1621556721870 [vx:0.0 vy:0.0 yaw:-1.04458681661] 
1621556721960 [Update odom] 
1621556721970 [vx:0.0 vy:0.0 yaw:-1.05858327721] 
1621556722059 [Update odom] 
1621556722071 [vx:0.0 vy:0.0 yaw:-1.07475883255] 
1621556722159 [Update odom] 
1621556722170 [vx:0.0 vy:0.0 yaw:-1.09110679351] 
1621556722259 [Update odom] 
1621556722271 [vx:0.0 vy:0.0 yaw:-1.10633292687] 
1621556722359 [Update odom] 
1621556722370 [vx:0.0 vy:0.0 yaw:-1.1143538197] 
1621556722459 [Update odom] 
1621556722470 [vx:0.0 vy:0.0 yaw:-1.1284436869] 
1621556722559 [Update odom] 
1621556722570 [vx:0.0 vy:0.0 yaw:-1.14486330512] 
1621556722660 [Update odom] 
1621556722671 [vx:0.0 vy:0.0 yaw:-1.16348719743] 
1621556722762 [Update odom] 
1621556722775 [vx:0.0 vy:0.0 yaw:-1.18071167603] 
1621556722859 [Update odom] 
1621556722870 [vx:0.0 vy:0.0 yaw:-1.19474411071] 
1621556722961 [Update odom] 
1621556722972 [vx:0.0 vy:0.0 yaw:-1.20024864898] 
1621556723063 [Update odom] 
1621556723074 [vx:0.0 vy:0.0 yaw:-1.21720941215] 
1621556723159 [Update odom] 
1621556723170 [vx:0.0 vy:0.0 yaw:-1.23324268063] 
1621556723259 [Update odom] 
1621556723270 [vx:0.0 vy:0.0 yaw:-1.24650355814] 
1621556723359 [Update odom] 
1621556723370 [vx:0.0 vy:0.0 yaw:-1.26673386832] 
1621556723459 [Update odom] 
1621556723470 [vx:0.0 vy:0.0 yaw:-1.28316010767] 
1621556723559 [Update odom] 
1621556723592 [vx:0.0 vy:0.0 yaw:-1.29856266905] 
1621556723659 [Update odom] 
1621556723670 [vx:0.0 vy:0.0 yaw:-1.31002064274] 
1621556723759 [Update odom] 
1621556723770 [vx:0.0 vy:0.0 yaw:-1.32574197234] 
1621556723864 [Update odom] 
1621556723904 [vx:0.0 vy:0.0 yaw:-1.34695677563] 
1621556723959 [Update odom] 
1621556723970 [vx:0.0 vy:0.0 yaw:-1.35623921002] 
1621556724059 [Update odom] 
1621556724071 [vx:0.0 vy:0.0 yaw:-1.37144276255] 
1621556724159 [Update odom] 
1621556724174 [vx:0.0 vy:0.0 yaw:-1.39104582521] 
1621556724259 [Update odom] 
1621556724284 [vx:0.0 vy:0.0 yaw:-1.40378776544] 
1621556724359 [Update odom] 
1621556724370 [vx:0.0 vy:0.0 yaw:-1.41616225314] 
1621556724459 [Update odom] 
1621556724470 [vx:0.0 vy:0.0 yaw:-1.43399627838] 
1621556724559 [Update odom] 
1621556724570 [vx:0.0 vy:0.0 yaw:-1.45034215007] 
1621556724659 [Update odom] 
1621556724671 [vx:0.0 vy:0.0 yaw:-1.46465286487] 
1621556724759 [Update odom] 
1621556724770 [vx:0.0 vy:0.0 yaw:-1.47803878567] 
1621556724859 [Update odom] 
1621556724870 [vx:0.0 vy:0.0 yaw:-1.49024310391] 
1621556724964 [Update odom] 
1621556724974 [vx:0.0 vy:0.0 yaw:-1.50908264464] 
1621556725059 [Update odom] 
1621556725071 [vx:0.0 vy:0.0 yaw:-1.52499714006] 
1621556725159 [Update odom] 
1621556725177 [vx:0.0 vy:0.0 yaw:-1.54174696738] 
1621556725270 [Update odom] 
1621556725278 [vx:0.0 vy:0.0 yaw:-1.55829705274] 
1621556725359 [Update odom] 
1621556725385 [vx:0.0 vy:0.0 yaw:-1.57363490956] 
1621556725459 [Update odom] 
1621556725479 [vx:0.0 vy:0.0 yaw:-1.58720165133] 
1621556725559 [Update odom] 
1621556725570 [vx:0.0 vy:0.0 yaw:-1.60408900284] 
1621556725659 [Update odom] 
1621556725670 [vx:0.0 vy:0.0 yaw:-1.62035349719] 
1621556725759 [Update odom] 
1621556725789 [vx:0.0 vy:0.0 yaw:-1.63019649433] 
1621556725859 [Update odom] 
1621556725871 [vx:0.0 vy:0.0 yaw:-1.65125065063] 
1621556725959 [Update odom] 
1621556725971 [vx:0.0 vy:0.0 yaw:-1.66779463261] 
1621556726059 [Update odom] 
1621556726071 [vx:0.0 vy:0.0 yaw:-1.68187652527] 
1621556726161 [Update odom] 
1621556726175 [vx:0.0 vy:0.0 yaw:-1.6909572667] 
1621556726259 [Update odom] 
1621556726270 [vx:0.0 vy:0.0 yaw:-1.71059520226] 
1621556726359 [Update odom] 
1621556726370 [vx:0.0 vy:0.0 yaw:-1.7286015367] 
1621556726459 [Update odom] 
1621556726471 [vx:0.0 vy:0.0 yaw:-1.74344710037] 
1621556726559 [Update odom] 
1621556726571 [vx:0.0 vy:0.0 yaw:-1.75955899378] 
1621556726659 [Update odom] 
1621556726674 [vx:0.0 vy:0.0 yaw:-1.77581866797] 
1621556726759 [Update odom] 
1621556726771 [vx:0.0 vy:0.0 yaw:-1.79151410099] 
1621556726859 [Update odom] 
1621556726871 [vx:0.0 vy:0.0 yaw:-1.80508056294] 
1621556726959 [Update odom] 
1621556726970 [vx:0.0 vy:0.0 yaw:-1.8190376544] 
1621556727059 [Update odom] 
1621556727070 [vx:0.0 vy:0.0 yaw:-1.838309773] 
1621556727159 [Update odom] 
1621556727170 [vx:0.0 vy:0.0 yaw:-1.8515146398] 
1621556727259 [Update odom] 
1621556727271 [vx:0.0 vy:0.0 yaw:-1.86793983604] 
1621556727359 [Update odom] 
1621556727374 [vx:0.0 vy:0.0 yaw:-1.87755071216] 
1621556727459 [Update odom] 
1621556727470 [vx:0.0 vy:0.0 yaw:-1.88887572018] 
1621556727559 [Update odom] 
1621556727570 [vx:0.0 vy:0.0 yaw:-1.90593477643] 
1621556727659 [Update odom] 
1621556727670 [vx:0.0 vy:0.0 yaw:-1.92225546909] 
1621556727759 [Update odom] 
1621556727770 [vx:0.0 vy:0.0 yaw:-1.93685339631] 
1621556727859 [Update odom] 
1621556727874 [vx:0.0 vy:0.0 yaw:-1.95100961513] 
1621556727959 [Update odom] 
1621556727963 [vx:0.0 vy:0.0 yaw:-1.96722260711] 
1621556728060 [Update odom] 
1621556728070 [vx:0.0 vy:0.0 yaw:-1.98276573185] 
1621556728159 [Update odom] 
1621556728170 [vx:0.0 vy:0.0 yaw:-1.99782649039] 
1621556728259 [Update odom] 
1621556728263 [vx:0.0 vy:0.0 yaw:-2.01436506248] 
1621556728359 [Update odom] 
1621556728370 [vx:0.0 vy:0.0 yaw:-2.03116387985] 
1621556728459 [Update odom] 
1621556728471 [vx:0.0 vy:0.0 yaw:-2.0480525971] 
1621556728559 [Update odom] 
1621556728563 [vx:0.0 vy:0.0 yaw:-2.05855574615] 
1621556728659 [Update odom] 
1621556728670 [vx:0.0 vy:0.0 yaw:-2.07366361766] 
1621556728759 [Update odom] 
1621556728771 [vx:0.0 vy:0.0 yaw:-2.0865316184] 
1621556728859 [Update odom] 
1621556728870 [vx:0.0 vy:0.0 yaw:-2.10457365033] 
1621556728959 [Update odom] 
1621556728970 [vx:0.0 vy:0.0 yaw:-2.1171554259] 
1621556729059 [Update odom] 
1621556729070 [vx:0.0 vy:0.0 yaw:-2.13322493303] 
1621556729159 [Update odom] 
1621556729171 [vx:0.0 vy:0.0 yaw:-2.14471732823] 
1621556729259 [Update odom] 
1621556729276 [vx:0.0 vy:0.0 yaw:-2.15826083649] 
1621556729359 [Update odom] 
1621556729370 [vx:0.0 vy:0.0 yaw:-2.1717867069] 
1621556729459 [Update odom] 
1621556729473 [vx:0.0 vy:0.0 yaw:-2.18840703919] 
1621556729559 [Update odom] 
1621556729570 [vx:0.0 vy:0.0 yaw:-2.20500804419] 
1621556729659 [Update odom] 
1621556729672 [vx:0.0 vy:0.0 yaw:-2.21647773184] 
1621556729759 [Update odom] 
1621556729776 [vx:0.0 vy:0.0 yaw:-2.22615483984] 
1621556729859 [Update odom] 
1621556729873 [vx:0.0 vy:0.0 yaw:-2.2453969436] 
1621556729959 [Update odom] 
1621556729970 [vx:0.0 vy:0.0 yaw:-2.26200708226] 
1621556730066 [Update odom] 
1621556730079 [vx:0.0 vy:0.0 yaw:-2.27306910166] 
1621556730159 [Update odom] 
1621556730170 [vx:0.0 vy:0.0 yaw:-2.28912345931] 
1621556730259 [Update odom] 
1621556730270 [vx:0.0 vy:0.0 yaw:-2.30434548102] 
1621556730359 [Update odom] 
1621556730371 [vx:0.0 vy:0.0 yaw:-2.3222550182] 
1621556730459 [Update odom] 
1621556730471 [vx:0.0 vy:0.0 yaw:-2.33083736117] 
1621556730563 [Update odom] 
1621556730574 [vx:0.0 vy:0.0 yaw:-2.34536771326] 
1621556730660 [Update odom] 
1621556730681 [vx:0.0 vy:0.0 yaw:-2.35707634631] 
1621556730759 [Update odom] 
1621556730771 [vx:0.0 vy:0.0 yaw:-2.37161988069] 
1621556730859 [Update odom] 
1621556730872 [vx:0.0 vy:0.0 yaw:-2.3865176566] 
1621556730959 [Update odom] 
1621556730970 [vx:0.0 vy:0.0 yaw:-2.39948563482] 
1621556731059 [Update odom] 
1621556731070 [vx:0.0 vy:0.0 yaw:-2.41463310868] 
1621556731159 [Update odom] 
1621556731174 [vx:0.0 vy:0.0 yaw:-2.42464790366] 
1621556731259 [Update odom] 
1621556731263 [vx:0.0 vy:0.0 yaw:-2.44430799253] 
1621556731359 [Update odom] 
1621556731370 [vx:0.0 vy:0.0 yaw:-2.45910637896] 
1621556731460 [Update odom] 
1621556731470 [vx:0.0 vy:0.0 yaw:-2.47448573566] 
1621556731569 [Update odom] 
1621556731582 [vx:0.0 vy:0.0 yaw:-2.48678525623] 
1621556731659 [Update odom] 
1621556731670 [vx:0.0 vy:0.0 yaw:-2.50483171568] 
1621556731759 [Update odom] 
1621556731764 [vx:0.0 vy:0.0 yaw:-2.51602496906] 
1621556731859 [Update odom] 
1621556731870 [vx:0.0 vy:0.0 yaw:-2.52717134046] 
1621556731959 [Update odom] 
1621556731971 [vx:0.0 vy:0.0 yaw:-2.54080255532] 
1621556732059 [Update odom] 
1621556732071 [vx:0.0 vy:0.0 yaw:-2.55050807967] 
1621556732159 [Update odom] 
1621556732187 [vx:0.0 vy:0.0 yaw:-2.56797453888] 
1621556732259 [Update odom] 
1621556732273 [vx:0.0 vy:0.0 yaw:-2.58321187874] 
1621556732359 [Update odom] 
1621556732370 [vx:0.0 vy:0.0 yaw:-2.59514916133] 
1621556732459 [Update odom] 
1621556732470 [vx:0.0 vy:0.0 yaw:-2.60966432036] 
1621556732559 [Update odom] 
1621556732563 [vx:0.0 vy:0.0 yaw:-2.60912398622] 
1621556732659 [Update odom] 
1621556732670 [vx:0.0 vy:0.0 yaw:-2.60802958871] 
1621556732765 [Update odom] 
1621556732798 [vx:0.0 vy:0.0 yaw:-2.62377154001] 
1621556732860 [Update odom] 
1621556732871 [vx:0.0 vy:0.0 yaw:-2.62900167443] 
1621556732959 [Update odom] 
1621556732970 [vx:0.0 vy:0.0 yaw:-2.63056119138] 
1621556733059 [Update odom] 
1621556733071 [vx:0.0 vy:0.0 yaw:-2.64192760351] 
1621556733159 [Update odom] 
1621556733170 [vx:0.0 vy:0.0 yaw:-2.64418793558] 
1621556733263 [Update odom] 
1621556733275 [vx:0.0 vy:0.0 yaw:-2.64239732704] 
1621556733359 [Update odom] 
1621556733380 [vx:0.0 vy:0.0 yaw:-2.64899116686] 
1621556733460 [Update odom] 
1621556733471 [vx:0.0 vy:0.0 yaw:-2.65605099407] 
1621556733559 [Update odom] 
1621556733570 [vx:0.0 vy:0.0 yaw:-2.66459830405] 
1621556733659 [Update odom] 
1621556733670 [vx:0.0 vy:0.0 yaw:-2.66882987325] 
1621556733759 [Update odom] 
1621556733786 [vx:0.0 vy:0.0 yaw:-2.64973219113] 
1621556733859 [Update odom] 
1621556733871 [vx:0.0 vy:0.0 yaw:-2.63565488827] 
1621556733961 [Update odom] 
1621556733993 [vx:0.0 vy:0.0 yaw:-2.61574441551] 
1621556734059 [Update odom] 
1621556734070 [vx:0.0 vy:0.0 yaw:-2.61798078351] 
1621556734159 [Update odom] 
1621556734171 [vx:0.0 vy:0.0 yaw:-2.6267272498] 
1621556734259 [Update odom] 
1621556734271 [vx:0.0 vy:0.0 yaw:-2.63733040702] 
1621556734359 [Update odom] 
1621556734370 [vx:0.0 vy:0.0 yaw:-2.64139172218] 
1621556734459 [Update odom] 
1621556734472 [vx:0.0 vy:0.0 yaw:-2.63071757057] 
1621556734564 [Update odom] 
1621556734581 [vx:0.0 vy:0.0 yaw:-2.60989896925] 
1621556734660 [Update odom] 
1621556734675 [vx:0.0 vy:0.0 yaw:-2.61331849458] 
1621556734759 [Update odom] 
1621556734771 [vx:0.0 vy:0.0 yaw:-2.61175687918] 
1621556734859 [Update odom] 
1621556734871 [vx:0.0 vy:0.0 yaw:-2.6080673264] 
1621556734959 [Update odom] 
1621556734972 [vx:0.0 vy:0.0 yaw:-2.60691484603] 
1621556735059 [Update odom] 
1621556735071 [vx:0.0 vy:0.0 yaw:-2.61307732601] 
1621556735159 [Update odom] 
1621556735171 [vx:0.0 vy:0.0 yaw:-2.60472038859] 
1621556735259 [Update odom] 
1621556735276 [vx:0.0 vy:0.0 yaw:-2.60465177854] 
1621556735359 [Update odom] 
1621556735371 [vx:0.0 vy:0.0 yaw:-2.60585078524] 
1621556735459 [Update odom] 
1621556735472 [vx:0.0 vy:0.0 yaw:-2.61540192181] 
1621556735559 [Update odom] 
1621556735571 [vx:0.0 vy:0.0 yaw:-2.61252582358] 
1621556735665 [Update odom] 
1621556735703 [vx:0.0 vy:0.0 yaw:-2.58738014697] 
1621556735773 [Update odom] 
1621556735788 [vx:0.0 vy:0.0 yaw:-2.58403798742] 
1621556735859 [Update odom] 
1621556735870 [vx:0.0 vy:0.0 yaw:-2.588450788] 
1621556735965 [Update odom] 
1621556735981 [vx:0.0 vy:0.0 yaw:-2.6029082892] 
1621556736070 [Update odom] 
1621556736082 [vx:0.0 vy:0.0 yaw:-2.61127772731] 
1621556736159 [Update odom] 
1621556736191 [vx:0.0 vy:0.0 yaw:-2.61092241541] 
1621556736259 [Update odom] 
1621556736284 [vx:0.0 vy:0.0 yaw:-2.61263797106] 
1621556736359 [Update odom] 
1621556736370 [vx:0.0 vy:0.0 yaw:-2.62161104975] 
1621556736459 [Update odom] 
1621556736486 [vx:0.0 vy:0.0 yaw:-2.63829594903] 
1621556736559 [Update odom] 
1621556736572 [vx:0.0 vy:0.0 yaw:-2.63710277159] 
1621556736659 [Update odom] 
1621556736672 [vx:0.0 vy:0.0 yaw:-2.63817663392] 
1621556736759 [Update odom] 
1621556736763 [vx:0.0 vy:0.0 yaw:-2.6389672282] 
1621556736859 [Update odom] 
1621556736870 [vx:0.0 vy:0.0 yaw:-2.63613726485] 
1621556736959 [Update odom] 
1621556736991 [vx:0.0 vy:0.0 yaw:-2.6253377188] 
1621556737085 [Update odom] 
1621556737094 [vx:0.0 vy:0.0 yaw:-2.62553377964] 
1621556737185 [Update odom] 
1621556737202 [vx:0.0 vy:0.0 yaw:-2.62862350545] 
1621556737278 [Update odom] 
1621556737337 [vx:0.0 vy:0.0 yaw:-2.61839800681] 
1621556737359 [Update odom] 
1621556737415 [vx:0.0 vy:0.0 yaw:-2.61959811538] 
1621556737459 [Update odom] 
1621556737463 [vx:0.0 vy:0.0 yaw:-2.61969010435] 
1621556737560 [Update odom] 
1621556737570 [vx:0.0 vy:0.0 yaw:-2.61967388695] 
1621556737659 [Update odom] 
1621556737670 [vx:0.0 vy:0.0 yaw:-2.62873603764] 
1621556737759 [Update odom] 
1621556737771 [vx:0.0 vy:0.0 yaw:-2.63703282603] 
1621556737859 [Update odom] 
1621556737871 [vx:0.0 vy:0.0 yaw:-2.63208591754] 
1621556737964 [Update odom] 
1621556737984 [vx:0.0 vy:0.0 yaw:-2.62735083121] 
1621556738059 [Update odom] 
1621556738072 [vx:0.0 vy:0.0 yaw:-2.62052046974] 
1621556738160 [Update odom] 
1621556738170 [vx:0.0 vy:0.0 yaw:-2.61099101834] 
1621556738259 [Update odom] 
1621556738279 [vx:0.0 vy:0.0 yaw:-2.59085360716] 
1621556738359 [Update odom] 
1621556738371 [vx:0.0 vy:0.0 yaw:-2.5863355709] 
1621556738461 [Update odom] 
1621556738474 [vx:0.0 vy:0.0 yaw:-2.59477788121] 
1621556738559 [Update odom] 
1621556738572 [vx:0.0 vy:0.0 yaw:-2.60852862596] 
1621556738659 [Update odom] 
1621556738678 [vx:0.0 vy:0.0 yaw:-2.6197142233] 
1621556738759 [Update odom] 
1621556738771 [vx:0.0 vy:0.0 yaw:-2.62453029906] 
1621556738859 [Update odom] 
1621556738871 [vx:0.0 vy:0.0 yaw:-2.62907587994] 
1621556738962 [Update odom] 
1621556738975 [vx:0.0 vy:0.0 yaw:-2.64317031129] 
1621556739064 [Update odom] 
1621556739077 [vx:0.0 vy:0.0 yaw:-2.65779905592] 
1621556739159 [Update odom] 
1621556739170 [vx:0.0 vy:0.0 yaw:-2.65621552551] 
1621556739259 [Update odom] 
1621556739270 [vx:0.0 vy:0.0 yaw:-2.65047272164] 
1621556739381 [Update odom] 
1621556739394 [vx:0.0 vy:0.0 yaw:-2.64188924189] 
1621556739459 [Update odom] 
1621556739473 [vx:0.0 vy:0.0 yaw:-2.63895423516] 
1621556739559 [Update odom] 
1621556739571 [vx:0.0 vy:0.0 yaw:-2.62256061499] 
1621556739659 [Update odom] 
1621556739677 [vx:0.0 vy:0.0 yaw:-2.62743936636] 
1621556739759 [Update odom] 
1621556739771 [vx:0.0 vy:0.0 yaw:-2.62042678621] 
1621556739861 [Update odom] 
1621556739878 [vx:0.0 vy:0.0 yaw:-2.61835200977] 
1621556739959 [Update odom] 
1621556739970 [vx:0.0 vy:0.0 yaw:-2.62693070084] 
1621556740059 [Update odom] 
1621556740074 [vx:0.0 vy:0.0 yaw:-2.63995545794] 
1621556740173 [Update odom] 
1621556740186 [vx:0.0 vy:0.0 yaw:-2.65622002088] 
1621556740259 [Update odom] 
1621556740270 [vx:0.0 vy:0.0 yaw:-2.67179758583] 
1621556740359 [Update odom] 
1621556740375 [vx:0.0 vy:0.0 yaw:-2.67635329869] 
1621556740476 [Update odom] 
1621556740486 [vx:0.0 vy:0.0 yaw:-2.67245468853] 
1621556740559 [Update odom] 
1621556740574 [vx:0.0 vy:0.0 yaw:-2.66145831887] 
1621556740659 [Update odom] 
1621556740680 [vx:0.0 vy:0.0 yaw:-2.6580812615] 
1621556740761 [Update odom] 
1621556740776 [vx:0.0 vy:0.0 yaw:-2.6555474621] 
1621556740864 [Update odom] 
1621556740875 [vx:0.0 vy:0.0 yaw:-2.65508174472] 
1621556740959 [Update odom] 
1621556740974 [vx:0.0 vy:0.0 yaw:-2.65228518027] 
1621556741059 [Update odom] 
1621556741076 [vx:0.0 vy:0.0 yaw:-2.6491594986] 
1621556741190 [Update odom] 
1621556741205 [vx:0.0 vy:0.0 yaw:-2.64414757181] 
1621556741262 [Update odom] 
1621556741277 [vx:0.0 vy:0.0 yaw:-2.63900610994] 
1621556741359 [Update odom] 
1621556741372 [vx:0.0 vy:0.0 yaw:-2.63147720064] 
1621556741459 [Update odom] 
1621556741519 [vx:0.0 vy:0.0 yaw:-2.62274970626] 
1621556741559 [Update odom] 
1621556741577 [vx:0.0 vy:0.0 yaw:-2.61959199433] 
1621556741659 [Update odom] 
1621556741670 [vx:0.0 vy:0.0 yaw:-2.61376621615] 
1621556741774 [Update odom] 
1621556741787 [vx:0.0 vy:0.0 yaw:-2.60963699995] 
1621556741859 [Update odom] 
1621556741870 [vx:0.0 vy:0.0 yaw:-2.61292323378] 
1621556741962 [Update odom] 
1621556741974 [vx:0.0 vy:0.0 yaw:-2.62310781549] 
1621556742060 [Update odom] 
1621556742076 [vx:0.0 vy:0.0 yaw:-2.63950332256] 
1621556742166 [Update odom] 
1621556742186 [vx:0.0 vy:0.0 yaw:-2.65122138302] 
1621556742259 [Update odom] 
1621556742281 [vx:0.0 vy:0.0 yaw:-2.66189214729] 
1621556742359 [Update odom] 
1621556742376 [vx:0.0 vy:0.0 yaw:-2.66299659815] 
1621556742459 [Update odom] 
1621556742472 [vx:0.0 vy:0.0 yaw:-2.66642654555] 
1621556742559 [Update odom] 
1621556742571 [vx:0.0 vy:0.0 yaw:-2.6689476762] 
1621556742659 [Update odom] 
1621556742671 [vx:0.0 vy:0.0 yaw:-2.68124155215] 
1621556742764 [Update odom] 
1621556742778 [vx:0.0 vy:0.0 yaw:-2.67933736735] 
1621556742862 [Update odom] 
1621556742874 [vx:0.0 vy:0.0 yaw:-2.67249267628] 
1621556742970 [Update odom] 
1621556742982 [vx:0.0 vy:0.0 yaw:-2.65767925829] 
1621556743059 [Update odom] 
1621556743070 [vx:0.0 vy:0.0 yaw:-2.66509957946] 
1621556743159 [Update odom] 
1621556743173 [vx:0.0 vy:0.0 yaw:-2.67393969053] 
1621556743261 [Update odom] 
1621556743270 [vx:0.0 vy:0.0 yaw:-2.67095881831] 
1621556743359 [Update odom] 
1621556743372 [vx:0.0 vy:0.0 yaw:-2.67300822137] 
1621556743459 [Update odom] 
1621556743472 [vx:0.0 vy:0.0 yaw:-2.68148525807] 
1621556743561 [Update odom] 
1621556743574 [vx:0.0 vy:0.0 yaw:-2.68290090038] 
1621556743659 [Update odom] 
1621556743672 [vx:0.0 vy:0.0 yaw:-2.67715270782] 
1621556743761 [Update odom] 
1621556743777 [vx:0.0 vy:0.0 yaw:-2.66230280577] 
1621556743871 [Update odom] 
1621556743882 [vx:0.0 vy:0.0 yaw:-2.66114558011] 
1621556743960 [Update odom] 
1621556743972 [vx:0.0 vy:0.0 yaw:-2.65752386843] 
1621556744068 [Update odom] 
1621556744079 [vx:0.0 vy:0.0 yaw:-2.65616239663] 
1621556744165 [Update odom] 
1621556744178 [vx:0.0 vy:0.0 yaw:-2.66274430474] 
1621556744260 [Update odom] 
1621556744271 [vx:0.0 vy:0.0 yaw:-2.65750632474] 
1621556744359 [Update odom] 
1621556744371 [vx:0.0 vy:0.0 yaw:-2.65012616501] 
1621556744459 [Update odom] 
1621556744471 [vx:0.0 vy:0.0 yaw:-2.6436286927] 
1621556744567 [Update odom] 
1621556744578 [vx:0.0 vy:0.0 yaw:-2.63117232765] 
1621556744659 [Update odom] 
1621556744673 [vx:0.0 vy:0.0 yaw:-2.63449755209] 
1621556744759 [Update odom] 
1621556744789 [vx:0.0 vy:0.0 yaw:-2.62569032251] 
1621556744859 [Update odom] 
1621556744872 [vx:0.0 vy:0.0 yaw:-2.60877170235] 
1621556744959 [Update odom] 
1621556744979 [vx:0.0 vy:0.0 yaw:-2.60273386052] 
1621556745060 [Update odom] 
1621556745070 [vx:0.0 vy:0.0 yaw:-2.60132501501] 
1621556745159 [Update odom] 
1621556745170 [vx:0.0 vy:0.0 yaw:-2.60032468029] 
1621556745259 [Update odom] 
1621556745281 [vx:0.0 vy:0.0 yaw:-2.6085076068] 
1621556745362 [Update odom] 
1621556745379 [vx:0.0 vy:0.0 yaw:-2.61388533599] 
1621556745461 [Update odom] 
1621556745474 [vx:0.0 vy:0.0 yaw:-2.62270673974] 
1621556745559 [Update odom] 
1621556745575 [vx:0.0 vy:0.0 yaw:-2.62849821839] 
1621556745663 [Update odom] 
1621556745685 [vx:0.0 vy:0.0 yaw:-2.62870996612] 
1621556745759 [Update odom] 
1621556745771 [vx:0.0 vy:0.0 yaw:-2.63521176325] 
1621556745861 [Update odom] 
1621556745879 [vx:0.0 vy:0.0 yaw:-2.64403169702] 
1621556745959 [Update odom] 
1621556745979 [vx:0.0 vy:0.0 yaw:-2.64580885843] 
1621556746059 [Update odom] 
1621556746071 [vx:0.0 vy:0.0 yaw:-2.6398479222] 
1621556746159 [Update odom] 
1621556746172 [vx:0.0 vy:0.0 yaw:-2.62915095575] 
1621556746263 [Update odom] 
1621556746274 [vx:0.0 vy:0.0 yaw:-2.62544704932] 
1621556746359 [Update odom] 
1621556746384 [vx:0.0 vy:0.0 yaw:-2.62333734458] 
1621556746459 [Update odom] 
1621556746470 [vx:0.0 vy:0.0 yaw:-2.63327283541] 
1621556746560 [Update odom] 
1621556746572 [vx:0.0 vy:0.0 yaw:-2.64446721368] 
1621556746660 [Update odom] 
1621556746677 [vx:0.0 vy:0.0 yaw:-2.65077900278] 
1621556746759 [Update odom] 
1621556746791 [vx:0.0 vy:0.0 yaw:-2.66060378602] 
1621556746859 [Update odom] 
1621556746871 [vx:0.0 vy:0.0 yaw:-2.65865448153] 
1621556746959 [Update odom] 
1621556746971 [vx:0.0 vy:0.0 yaw:-2.65564638928] 
1621556747059 [Update odom] 
1621556747071 [vx:0.0 vy:0.0 yaw:-2.65892438387] 
1621556747159 [Update odom] 
1621556747170 [vx:0.0 vy:0.0 yaw:-2.64821251595] 
1621556747259 [Update odom] 
1621556747271 [vx:0.0 vy:0.0 yaw:-2.65137162563] 
1621556747359 [Update odom] 
1621556747380 [vx:0.0 vy:0.0 yaw:-2.64574855261] 
1621556747462 [Update odom] 
1621556747474 [vx:0.0 vy:0.0 yaw:-2.64120686516] 
1621556747559 [Update odom] 
1621556747570 [vx:0.0 vy:0.0 yaw:-2.64436003522] 
1621556747659 [Update odom] 
1621556747677 [vx:0.0 vy:0.0 yaw:-2.64600460299] 
1621556747760 [Update odom] 
1621556747788 [vx:0.0 vy:0.0 yaw:-2.6475371417] 
1621556747859 [Update odom] 
1621556747872 [vx:0.0 vy:0.0 yaw:-2.64774865954] 
1621556747959 [Update odom] 
1621556747970 [vx:0.0 vy:0.0 yaw:-2.64564445506] 
1621556748059 [Update odom] 
1621556748072 [vx:0.0 vy:0.0 yaw:-2.63407223805] 
1621556748160 [Update odom] 
1621556748172 [vx:0.0 vy:0.0 yaw:-2.63239105381] 
1621556748262 [Update odom] 
1621556748277 [vx:0.0 vy:0.0 yaw:-2.63946767057] 
1621556748359 [Update odom] 
1621556748371 [vx:0.0 vy:0.0 yaw:-2.63627287822] 
1621556748459 [Update odom] 
1621556748472 [vx:0.0 vy:0.0 yaw:-2.62688603069] 
1621556748559 [Update odom] 
1621556748570 [vx:0.0 vy:0.0 yaw:-2.6211205412] 
1621556748659 [Update odom] 
1621556748709 [vx:0.0 vy:0.0 yaw:-2.61413499949] 
1621556748759 [Update odom] 
1621556748772 [vx:0.0 vy:0.0 yaw:-2.6041054596] 
1621556748860 [Update odom] 
1621556748897 [vx:0.0 vy:0.0 yaw:-2.60597436677] 
1621556748960 [Update odom] 
1621556748970 [vx:0.0 vy:0.0 yaw:-2.60592785325] 
1621556749059 [Update odom] 
1621556749070 [vx:0.0 vy:0.0 yaw:-2.6058491543] 
1621556749159 [Update odom] 
1621556749170 [vx:0.0 vy:0.0 yaw:-2.60295170241] 
1621556749260 [Update odom] 
1621556749272 [vx:0.0 vy:0.0 yaw:-2.60742214562] 
1621556749359 [Update odom] 
1621556749383 [vx:0.0 vy:0.0 yaw:-2.59863806329] 
1621556749461 [Update odom] 
1621556749474 [vx:0.0 vy:0.0 yaw:-2.5975207388] 
1621556749569 [Update odom] 
1621556749584 [vx:0.0 vy:0.0 yaw:-2.60423636771] 
1621556749659 [Update odom] 
1621556749671 [vx:0.0 vy:0.0 yaw:-2.60700622995] 
1621556749759 [Update odom] 
1621556749778 [vx:0.0 vy:0.0 yaw:-2.61086371317] 
1621556749859 [Update odom] 
1621556749877 [vx:0.0 vy:0.0 yaw:-2.61765102268] 
1621556749965 [Update odom] 
1621556749978 [vx:0.0 vy:0.0 yaw:-2.6267161232] 
1621556750059 [Update odom] 
1621556750074 [vx:0.0 vy:0.0 yaw:-2.63723924345] 
1621556750159 [Update odom] 
1621556750170 [vx:0.0 vy:0.0 yaw:-2.64609096495] 
1621556750259 [Update odom] 
1621556750270 [vx:0.0 vy:0.0 yaw:-2.65034369654] 
1621556750366 [Update odom] 
1621556750380 [vx:0.0 vy:0.0 yaw:-2.64396743755] 
1621556750459 [Update odom] 
1621556750473 [vx:0.0 vy:0.0 yaw:-2.64120032018] 
1621556750560 [Update odom] 
1621556750570 [vx:0.0 vy:0.0 yaw:-2.63973723974] 
1621556750672 [Update odom] 
1621556750682 [vx:0.0 vy:0.0 yaw:-2.63163805317] 
1621556750759 [Update odom] 
1621556750771 [vx:0.0 vy:0.0 yaw:-2.63947798874] 
1621556750859 [Update odom] 
1621556750872 [vx:0.0 vy:0.0 yaw:-2.63081507609] 
1621556750959 [Update odom] 
1621556750977 [vx:0.0 vy:0.0 yaw:-2.63223720642] 
1621556751059 [Update odom] 
1621556751075 [vx:0.0 vy:0.0 yaw:-2.63402164858] 
1621556751161 [Update odom] 
1621556751183 [vx:0.0 vy:0.0 yaw:-2.63399747254] 
1621556751259 [Update odom] 
1621556751278 [vx:0.0 vy:0.0 yaw:-2.63411399846] 
1621556751359 [Update odom] 
1621556751389 [vx:0.0 vy:0.0 yaw:-2.63109447004] 
1621556751459 [Update odom] 
1621556751472 [vx:0.0 vy:0.0 yaw:-2.62999202968] 
1621556751559 [Update odom] 
1621556751571 [vx:0.0 vy:0.0 yaw:-2.64023792824] 
1621556751659 [Update odom] 
1621556751671 [vx:0.0 vy:0.0 yaw:-2.65016094875] 
1621556751759 [Update odom] 
1621556751770 [vx:0.0 vy:0.0 yaw:-2.6557302958] 
1621556751859 [Update odom] 
1621556751872 [vx:0.0 vy:0.0 yaw:-2.65736436039] 
1621556751959 [Update odom] 
1621556751973 [vx:0.0 vy:0.0 yaw:-2.65231384006] 
1621556752059 [Update odom] 
1621556752071 [vx:0.0 vy:0.0 yaw:-2.64406243446] 
1621556752159 [Update odom] 
1621556752171 [vx:0.0 vy:0.0 yaw:-2.63151944409] 
1621556752259 [Update odom] 
1621556752270 [vx:0.0 vy:0.0 yaw:-2.62313656171] 
1621556752361 [Update odom] 
1621556752374 [vx:0.0 vy:0.0 yaw:-2.62360746064] 
1621556752459 [Update odom] 
1621556752470 [vx:0.0 vy:0.0 yaw:-2.62331798979] 
1621556752560 [Update odom] 
1621556752571 [vx:0.0 vy:0.0 yaw:-2.61850535393] 
1621556752660 [Update odom] 
1621556752673 [vx:0.0 vy:0.0 yaw:-2.61122414051] 
1621556752759 [Update odom] 
1621556752777 [vx:0.0 vy:0.0 yaw:-2.61899200778] 
1621556752859 [Update odom] 
1621556752871 [vx:0.0 vy:0.0 yaw:-2.63106621159] 
1621556752959 [Update odom] 
1621556752971 [vx:0.0 vy:0.0 yaw:-2.63868536799] 
1621556753059 [Update odom] 
1621556753072 [vx:0.0 vy:0.0 yaw:-2.64513911956] 
1621556753159 [Update odom] 
1621556753170 [vx:0.0 vy:0.0 yaw:-2.64216439929] 
1621556753259 [Update odom] 
1621556753271 [vx:0.0 vy:0.0 yaw:-2.63295492128] 
1621556753359 [Update odom] 
1621556753370 [vx:0.0 vy:0.0 yaw:-2.63521003563] 
1621556753459 [Update odom] 
1621556753474 [vx:0.0 vy:0.0 yaw:-2.63745822809] 
1621556753559 [Update odom] 
1621556753570 [vx:0.0 vy:0.0 yaw:-2.63594829367] 
1621556753659 [Update odom] 
1621556753670 [vx:0.0 vy:0.0 yaw:-2.63496534463] 
1621556753782 [Update odom] 
1621556753794 [vx:0.0 vy:0.0 yaw:-2.62386047344] 
1621556753859 [Update odom] 
1621556753871 [vx:0.0 vy:0.0 yaw:-2.6267367549] 
1621556753959 [Update odom] 
1621556753976 [vx:0.0 vy:0.0 yaw:-2.63672366333] 
1621556754062 [Update odom] 
1621556754074 [vx:0.0 vy:0.0 yaw:-2.65113455747] 
1621556754159 [Update odom] 
1621556754174 [vx:0.0 vy:0.0 yaw:-2.66299223335] 
1621556754259 [Update odom] 
1621556754279 [vx:0.0 vy:0.0 yaw:-2.66027292054] 
1621556754359 [Update odom] 
1621556754420 [vx:0.0 vy:0.0 yaw:-2.66196794391] 
1621556754459 [Update odom] 
1621556754474 [vx:0.0 vy:0.0 yaw:-2.66266198239] 
1621556754559 [Update odom] 
1621556754572 [vx:0.0 vy:0.0 yaw:-2.66405277058] 
1621556754659 [Update odom] 
1621556754670 [vx:0.0 vy:0.0 yaw:-2.66429280476] 
1621556754759 [Update odom] 
1621556754774 [vx:0.0 vy:0.0 yaw:-2.6534745049] 
1621556754859 [Update odom] 
1621556754898 [vx:0.0 vy:0.0 yaw:-2.64251114054] 
1621556754959 [Update odom] 
1621556754971 [vx:0.0 vy:0.0 yaw:-2.63528819522] 
1621556755059 [Update odom] 
1621556755104 [vx:0.0 vy:0.0 yaw:-2.63472088019] 
1621556755159 [Update odom] 
1621556755174 [vx:0.0 vy:0.0 yaw:-2.63717606338] 
1621556755259 [Update odom] 
1621556755270 [vx:0.0 vy:0.0 yaw:-2.64845535697] 
1621556755360 [Update odom] 
1621556755370 [vx:0.0 vy:0.0 yaw:-2.66156368472] 
1621556755459 [Update odom] 
1621556755508 [vx:0.0 vy:0.0 yaw:-2.65814596098] 
1621556755559 [Update odom] 
1621556755570 [vx:0.0 vy:0.0 yaw:-2.65020418742] 
1621556755659 [Update odom] 
1621556755678 [vx:0.0 vy:0.0 yaw:-2.63875247338] 
1621556755759 [Update odom] 
1621556755771 [vx:0.0 vy:0.0 yaw:-2.63635317528] 
1621556755859 [Update odom] 
1621556755870 [vx:0.0 vy:0.0 yaw:-2.64427802952] 
1621556755959 [Update odom] 
1621556755973 [vx:0.0 vy:0.0 yaw:-2.65137022762] 
1621556756059 [Update odom] 
1621556756072 [vx:0.0 vy:0.0 yaw:-2.65378133568] 
1621556756159 [Update odom] 
1621556756170 [vx:0.0 vy:0.0 yaw:-2.64789462829] 
1621556756259 [Update odom] 
1621556756275 [vx:0.0 vy:0.0 yaw:-2.65077479861] 
1621556756359 [Update odom] 
1621556756370 [vx:0.0 vy:0.0 yaw:-2.64629529305] 
1621556756462 [Update odom] 
1621556756503 [vx:0.0 vy:0.0 yaw:-2.64007479658] 
1621556756559 [Update odom] 
1621556756571 [vx:0.0 vy:0.0 yaw:-2.63737838216] 
1621556756659 [Update odom] 
1621556756670 [vx:0.0 vy:0.0 yaw:-2.64142285003] 
1621556756759 [Update odom] 
1621556756771 [vx:0.0 vy:0.0 yaw:-2.65244803214] 
1621556756859 [Update odom] 
1621556756870 [vx:0.0 vy:0.0 yaw:-2.66047302713] 
1621556756959 [Update odom] 
1621556756974 [vx:0.0 vy:0.0 yaw:-2.66535002007] 
1621556757010 [log_latest_command] [[ b y t e a r r a y ( b ' \ x a a \ x f f \ x a 0 \ x 0 2 I \ x 0 f \ x 0 e ' ) ]] 
1621556757059 [Update odom] 
1621556757072 [vx:0.0 vy:0.0 yaw:-2.66569205273] 
1621556757160 [Update odom] 
1621556757171 [vx:0.0 vy:0.0 yaw:-2.65895783052] 
1621556757261 [Update odom] 
1621556757281 [vx:0.0 vy:0.0 yaw:-2.6409264434] 
1621556757359 [Update odom] 
1621556757371 [vx:0.0 vy:0.0 yaw:-2.62698336732] 
1621556757423 [log_latest_command] [[ b y t e a r r a y ( b ' \ x a a \ x f f \ x a 0 \ x 0 2 I \ x 0 f \ x 0 e ' ) ]] 
1621556757459 [Update odom] 
1621556757474 [vx:0.0740429915137 vy:0.050721769564 yaw:-2.63441771366] 
1621556757586 [Update odom] 
1621556757620 [vx:0.120209621811 vy:0.0846087869204 yaw:-2.62919655699] 
1621556757677 [Update odom] 
1621556757692 [vx:0.126627285201 vy:0.0898225647736 yaw:-2.61836198889] 
1621556757749 [log_latest_command] [[ b y t e a r r a y ( b ' \ x a a \ x f f \ x a 0 \ x 0 2 I \ x 0 f \ x 0 e ' ) ]] 
1621556757763 [Update odom] 
1621556757778 [vx:0.126319261706 vy:0.0902552304411 yaw:-2.61170981419] 
1621556757859 [Update odom] 
1621556757871 [vx:-0.00648233270484 vy:-0.0046882153005 yaw:-2.6080018007] 
1621556757961 [Update odom] 
1621556757976 [vx:0.0 vy:0.0 yaw:-2.60207524639] 
1621556758059 [Update odom] 
1621556758072 [vx:0.0 vy:0.0 yaw:-2.59855964951] 
1621556758163 [Update odom] 
1621556758176 [vx:0.0 vy:0.0 yaw:-2.59844664651] 
1621556758259 [Update odom] 
1621556758271 [vx:0.0 vy:0.0 yaw:-2.6015773314] 
1621556758359 [Update odom] 
1621556758370 [vx:0.0 vy:0.0 yaw:-2.60906663336] 
1621556758459 [Update odom] 
1621556758474 [vx:0.0 vy:0.0 yaw:-2.61469945564] 
1621556758559 [Update odom] 
1621556758579 [vx:0.0 vy:0.0 yaw:-2.62372471861] 
1621556758659 [Update odom] 
1621556758682 [vx:0.0 vy:0.0 yaw:-2.62516725097] 
1621556758759 [Update odom] 
1621556758770 [vx:0.0 vy:0.0 yaw:-2.62755008997] 
1621556758859 [Update odom] 
1621556758870 [vx:0.0 vy:0.0 yaw:-2.63713940031] 
1621556758959 [Update odom] 
1621556758972 [vx:0.0 vy:0.0 yaw:-2.65240178823] 
1621556759059 [Update odom] 
1621556759074 [vx:0.0 vy:0.0 yaw:-2.65211860934] 
1621556759159 [Update odom] 
1621556759171 [vx:0.0 vy:0.0 yaw:-2.65253138164] 
1621556759259 [Update odom] 
1621556759275 [vx:0.0 vy:0.0 yaw:-2.65770485249] 
1621556759359 [Update odom] 
1621556759375 [vx:0.0 vy:0.0 yaw:-2.65195556913] 
1621556759459 [Update odom] 
1621556759472 [vx:0.0 vy:0.0 yaw:-2.65751132146] 
1621556759560 [Update odom] 
1621556759571 [vx:0.0 vy:0.0 yaw:-2.65825634362] 
1621556759659 [Update odom] 
1621556759677 [vx:0.0 vy:0.0 yaw:-2.6594597308] 
1621556759748 [log_latest_command] [[ b y t e a r r a y ( b ' \ x a a \ x f f \ x a 0 \ x 0 2 I \ x 0 f \ x 0 e ' ) ]] 
1621556759759 [Update odom] 
1621556759776 [vx:0.0133698112037 vy:0.00966944405727 yaw:-2.66090608079] 
1621556759859 [Update odom] 
1621556759871 [vx:0.0266625928643 vy:0.019444951575 yaw:-2.66189323604] 
1621556759959 [Update odom] 
1621556759970 [vx:0.0193531655242 vy:0.0150234810943 yaw:-2.64080896787] 
1621556760059 [Update odom] 
1621556760080 [vx:0.0127033728342 vy:0.01052968749 yaw:-2.62159619251] 
1621556760167 [Update odom] 
1621556760213 [log_latest_command] [[ b y t e a r r a y ( b ' \ x a a \ x f f \ x a 0 \ x 0 2 I \ x 0 f \ x 0 e ' ) ]] 
1621556760238 [vx:0.0 vy:0.0 yaw:-2.57889752938] 
1621556760259 [Update odom] 
1621556760275 [vx:0.0 vy:0.0 yaw:-2.56934194463] 
1621556760359 [Update odom] 
1621556760389 [vx:0.0 vy:0.0 yaw:-2.55050813083] 
1621556760459 [Update odom] 
1621556760473 [vx:0.0 vy:0.0 yaw:-2.56085106936] 
1621556760565 [Update odom] 
1621556760575 [vx:0.0 vy:0.0 yaw:-2.56940141728] 
1621556760660 [Update odom] 
1621556760688 [vx:0.0 vy:0.0 yaw:-2.57635999799] 
1621556760767 [Update odom] 
1621556760778 [vx:0.0 vy:0.0 yaw:-2.59658066799] 
1621556760859 [Update odom] 
1621556760871 [vx:0.0 vy:0.0 yaw:-2.61673947721] 
1621556760959 [Update odom] 
1621556760971 [vx:0.0 vy:0.0 yaw:-2.63475718106] 
1621556761061 [Update odom] 
1621556761072 [vx:0.0 vy:0.0 yaw:-2.64868977335] 
1621556761162 [Update odom] 
1621556761175 [vx:0.0 vy:0.0 yaw:-2.6666620441] 
1621556761261 [Update odom] 
1621556761275 [vx:0.0 vy:0.0 yaw:-2.68765167078] 
1621556761359 [Update odom] 
1621556761370 [vx:0.0 vy:0.0 yaw:-2.70232496717] 
1621556761459 [Update odom] 
1621556761471 [vx:0.0 vy:0.0 yaw:-2.70574814069] 
1621556761566 [Update odom] 
1621556761573 [vx:0.0 vy:0.0 yaw:-2.72296025152] 
1621556761661 [Update odom] 
1621556761671 [vx:0.0 vy:0.0 yaw:-2.73420233181] 
1621556761771 [Update odom] 
1621556761783 [vx:0.0 vy:0.0 yaw:-2.75121478771] 
1621556761793 [log_latest_command] [[ b y t e a r r a y ( b ' \ x a a \ x f f \ x a 0 \ x 0 2 I \ x 0 f \ x 0 e ' ) ]] 
1621556761859 [Update odom] 
1621556761871 [vx:0.0116655123834 vy:0.0113127503656 yaw:-2.76549140717] 
1621556761959 [Update odom] 
1621556761971 [vx:0.0169980946269 vy:0.0176441145727 yaw:-2.76265555849] 
1621556762059 [Update odom] 
1621556762071 [vx:0.0109508721049 vy:0.0123421392044 yaw:-2.73277680357] 
1621556762159 [Update odom] 
1621556762170 [vx:-0.0051988184576 vy:-0.00640584004209 yaw:-2.70934650944] 
1621556762259 [Update odom] 
1621556762271 [vx:0.00975757124583 vy:0.0133056305143 yaw:-2.67113110927] 
1621556762355 [log_latest_command] [[ b y t e a r r a y ( b ' \ x a a \ x f f \ x a 0 \ x 0 2 I \ x 0 f \ x 0 e ' ) ]] 
1621556762390 [Update odom] 
1621556762398 [vx:0.0 vy:0.0 yaw:-2.62836766004] 
1621556762459 [Update odom] 
1621556762471 [vx:0.0 vy:0.0 yaw:-2.6010744053] 
1621556762559 [Update odom] 
1621556762571 [vx:0.0 vy:0.0 yaw:-2.60427028147] 
1621556762659 [Update odom] 
1621556762672 [vx:0.0 vy:0.0 yaw:-2.61534980342] 
1621556762759 [Update odom] 
1621556762776 [vx:0.0 vy:0.0 yaw:-2.63338421991] 
1621556762860 [Update odom] 
1621556762870 [vx:0.0 vy:0.0 yaw:-2.65195778902] 
1621556762959 [Update odom] 
1621556762976 [vx:0.0 vy:0.0 yaw:-2.66627299648] 
1621556763061 [Update odom] 
1621556763071 [vx:0.0 vy:0.0 yaw:-2.68953993139] 
1621556763159 [Update odom] 
1621556763172 [vx:0.0 vy:0.0 yaw:-2.70794789552] 
1621556763259 [Update odom] 
1621556763271 [vx:0.0 vy:0.0 yaw:-2.72628014682] 
1621556763359 [Update odom] 
1621556763371 [vx:0.0 vy:0.0 yaw:-2.74540699765] 
1621556763459 [Update odom] 
1621556763472 [vx:0.0 vy:0.0 yaw:-2.76503201261] 
1621556763559 [Update odom] 
1621556763563 [vx:0.0 vy:0.0 yaw:-2.78134959766] 
1621556763659 [Update odom] 
1621556763671 [vx:0.0 vy:0.0 yaw:-2.80494645561] 
1621556763759 [Update odom] 
1621556763782 [vx:0.0 vy:0.0 yaw:-2.82459470827] 
1621556763859 [Update odom] 
1621556763871 [vx:0.0 vy:0.0 yaw:-2.84454032028] 
1621556763959 [Update odom] 
1621556763971 [vx:0.0 vy:0.0 yaw:-2.86460678857] 
1621556764060 [Update odom] 
1621556764070 [vx:0.0 vy:0.0 yaw:-2.87948149013] 
1621556764159 [Update odom] 
1621556764176 [vx:0.0 vy:0.0 yaw:-2.89076459555] 
1621556764259 [Update odom] 
1621556764277 [vx:0.0 vy:0.0 yaw:-2.90296819915] 
1621556764359 [Update odom] 
1621556764374 [vx:0.0 vy:0.0 yaw:-2.92395348643] 
1621556764459 [Update odom] 
1621556764473 [vx:0.0 vy:0.0 yaw:-2.94960014376] 
1621556764559 [Update odom] 
1621556764572 [vx:0.0 vy:0.0 yaw:-2.96956339969] 
1621556764659 [Update odom] 
1621556764674 [vx:0.0 vy:0.0 yaw:-2.98548676795] 
1621556764759 [Update odom] 
1621556764772 [vx:0.0 vy:0.0 yaw:-3.00902378936] 
1621556764859 [Update odom] 
1621556764879 [vx:0.0 vy:0.0 yaw:-3.02505321026] 
1621556764959 [Update odom] 
1621556764972 [vx:0.0 vy:0.0 yaw:-3.0487142802] 
1621556765059 [Update odom] 
1621556765071 [vx:0.0 vy:0.0 yaw:-3.06348215492] 
1621556765161 [Update odom] 
1621556765174 [vx:0.0 vy:0.0 yaw:-3.07894040256] 
1621556765259 [Update odom] 
1621556765271 [vx:0.0 vy:0.0 yaw:-3.10702039384] 
1621556765359 [Update odom] 
1621556765370 [vx:0.0 vy:0.0 yaw:-3.11974289471] 
1621556765459 [Update odom] 
1621556765471 [vx:0.0 vy:0.0 yaw:-3.12982216115] 
1621556765559 [Update odom] 
1621556765571 [vx:0.0 vy:0.0 yaw:3.13388245837] 
1621556765659 [Update odom] 
1621556765674 [vx:0.0 vy:0.0 yaw:3.11828044497] 
1621556765759 [Update odom] 
1621556765770 [vx:0.0 vy:0.0 yaw:3.09890901341] 
1621556765861 [Update odom] 
1621556765878 [vx:0.0 vy:0.0 yaw:3.08017966766] 
1621556765959 [Update odom] 
1621556765973 [vx:0.0 vy:0.0 yaw:3.0638621257] 
1621556766059 [Update odom] 
1621556766071 [vx:0.0 vy:0.0 yaw:3.04619826079] 
1621556766159 [Update odom] 
1621556766173 [vx:0.0 vy:0.0 yaw:3.03080236713] 
1621556766259 [Update odom] 
1621556766274 [vx:0.0 vy:0.0 yaw:3.00979840746] 
1621556766381 [Update odom] 
1621556766389 [vx:0.0 vy:0.0 yaw:2.99415500159] 
1621556766472 [Update odom] 
1621556766493 [vx:0.0 vy:0.0 yaw:2.9741252564] 
1621556766559 [Update odom] 
1621556766572 [vx:0.0 vy:0.0 yaw:2.96356028428] 
1621556766659 [Update odom] 
1621556766674 [vx:0.0 vy:0.0 yaw:2.94655339745] 
1621556766759 [Update odom] 
1621556766789 [vx:0.0 vy:0.0 yaw:2.93214462736] 
1621556766875 [Update odom] 
1621556766890 [vx:0.0 vy:0.0 yaw:2.91340315706] 
1621556766959 [Update odom] 
1621556766984 [vx:0.0 vy:0.0 yaw:2.89910225499] 
1621556767059 [Update odom] 
1621556767093 [vx:0.0 vy:0.0 yaw:2.88919952563] 
1621556767159 [Update odom] 
1621556767174 [vx:0.0 vy:0.0 yaw:2.88258935299] 
1621556767259 [Update odom] 
1621556767270 [vx:0.0 vy:0.0 yaw:2.87778190478] 
1621556767360 [Update odom] 
1621556767371 [vx:0.0 vy:0.0 yaw:2.87321842205] 
1621556767464 [Update odom] 
1621556767475 [vx:0.0 vy:0.0 yaw:2.86059638012] 
1621556767559 [Update odom] 
1621556767571 [vx:0.0 vy:0.0 yaw:2.86732789679] 
1621556767662 [Update odom] 
1621556767692 [vx:0.0 vy:0.0 yaw:2.8640067186] 
1621556767759 [Update odom] 
1621556767770 [vx:0.0 vy:0.0 yaw:2.85473036734] 
1621556767859 [Update odom] 
1621556767885 [vx:0.0 vy:0.0 yaw:2.84235542313] 
1621556767959 [Update odom] 
1621556767974 [vx:0.0 vy:0.0 yaw:2.83852699176] 
1621556768059 [Update odom] 
1621556768079 [vx:0.0 vy:0.0 yaw:2.83436456845] 
1621556768159 [Update odom] 
1621556768170 [vx:0.0 vy:0.0 yaw:2.83851777708] 
1621556768259 [Update odom] 
1621556768270 [vx:0.0 vy:0.0 yaw:2.84299160969] 
1621556768359 [Update odom] 
1621556768372 [vx:0.0 vy:0.0 yaw:2.83596860657] 
1621556768459 [Update odom] 
1621556768475 [vx:0.0 vy:0.0 yaw:2.82245975507] 
1621556768559 [Update odom] 
1621556768571 [vx:0.0 vy:0.0 yaw:2.8267176769] 
1621556768659 [Update odom] 
1621556768670 [vx:0.0 vy:0.0 yaw:2.83284154863] 
1621556768759 [Update odom] 
1621556768772 [vx:0.0 vy:0.0 yaw:2.85066304379] 
1621556768868 [Update odom] 
1621556768878 [vx:0.0 vy:0.0 yaw:2.85188987415] 
1621556768959 [Update odom] 
1621556768972 [vx:0.0 vy:0.0 yaw:2.84226335612] 
1621556769079 [Update odom] 
1621556769098 [vx:0.0 vy:0.0 yaw:2.83743888416] 
1621556769159 [Update odom] 
1621556769171 [vx:0.0 vy:0.0 yaw:2.84482982061] 
1621556769259 [Update odom] 
1621556769271 [vx:0.0 vy:0.0 yaw:2.85165498939] 
1621556769359 [Update odom] 
1621556769372 [vx:0.0 vy:0.0 yaw:2.85756400945] 
1621556769459 [Update odom] 
1621556769471 [vx:0.0 vy:0.0 yaw:2.85872706916] 
1621556769559 [Update odom] 
1621556769574 [vx:0.0 vy:0.0 yaw:2.85063530623] 
1621556769659 [Update odom] 
1621556769672 [vx:0.0 vy:0.0 yaw:2.82780582059] 
1621556769759 [Update odom] 
1621556769776 [vx:0.0 vy:0.0 yaw:2.82823636383] 
1621556769859 [Update odom] 
1621556769871 [vx:0.0 vy:0.0 yaw:2.83626192551] 
1621556769959 [Update odom] 
1621556769971 [vx:0.0 vy:0.0 yaw:2.84625493061] 
1621556770059 [Update odom] 
1621556770086 [vx:0.0 vy:0.0 yaw:2.86329328544] 
1621556770159 [Update odom] 
1621556770170 [vx:0.0 vy:0.0 yaw:2.86398764501] 
1621556770259 [Update odom] 
1621556770280 [vx:0.0 vy:0.0 yaw:2.86593189085] 
1621556770361 [Update odom] 
1621556770368 [vx:0.0 vy:0.0 yaw:2.86314778201] 
1621556770459 [Update odom] 
1621556770470 [vx:0.0 vy:0.0 yaw:2.86214314084] 
1621556770559 [Update odom] 
1621556770574 [vx:0.0 vy:0.0 yaw:2.87085880114] 
1621556770659 [Update odom] 
1621556770674 [vx:0.0 vy:0.0 yaw:2.86222116056] 
1621556770759 [Update odom] 
1621556770770 [vx:0.0 vy:0.0 yaw:2.85609874444] 
1621556770859 [Update odom] 
1621556770872 [vx:0.0 vy:0.0 yaw:2.85380475845] 
1621556770959 [Update odom] 
1621556770971 [vx:0.0 vy:0.0 yaw:2.85174417264] 
1621556771059 [Update odom] 
1621556771070 [vx:0.0 vy:0.0 yaw:2.85072240953] 
1621556771159 [Update odom] 
1621556771175 [vx:0.0 vy:0.0 yaw:2.83942229181] 
1621556771259 [Update odom] 
1621556771274 [vx:0.0 vy:0.0 yaw:2.82362626941] 
1621556771359 [Update odom] 
1621556771371 [vx:0.0 vy:0.0 yaw:2.81380676839] 
1621556771459 [Update odom] 
1621556771470 [vx:0.0 vy:0.0 yaw:2.81698099201] 
1621556771559 [Update odom] 
1621556771572 [vx:0.0 vy:0.0 yaw:2.82835958032] 
1621556771659 [Update odom] 
1621556771671 [vx:0.0 vy:0.0 yaw:2.84068542023] 
1621556771759 [Update odom] 
1621556771786 [vx:0.0 vy:0.0 yaw:2.84350072188] 
1621556771867 [Update odom] 
1621556771879 [vx:0.0 vy:0.0 yaw:2.85316903873] 
1621556771959 [Update odom] 
1621556771971 [vx:0.0 vy:0.0 yaw:2.85024549098] 
1621556772059 [Update odom] 
1621556772071 [vx:0.0 vy:0.0 yaw:2.848091129] 
1621556772159 [Update odom] 
1621556772171 [vx:0.0 vy:0.0 yaw:2.84480999144] 
1621556772259 [Update odom] 
1621556772274 [vx:0.0 vy:0.0 yaw:2.84521105719] 
1621556772359 [Update odom] 
1621556772370 [vx:0.0 vy:0.0 yaw:2.84317446622] 
1621556772459 [Update odom] 
1621556772489 [vx:0.0 vy:0.0 yaw:2.83088557756] 
1621556772559 [Update odom] 
1621556772572 [vx:0.0 vy:0.0 yaw:2.81911878656] 
1621556772659 [Update odom] 
1621556772671 [vx:0.0 vy:0.0 yaw:2.82081566792] 
1621556772759 [Update odom] 
1621556772779 [vx:0.0 vy:0.0 yaw:2.80693890537] 
1621556772859 [Update odom] 
1621556772872 [vx:0.0 vy:0.0 yaw:2.80256838592] 
1621556772959 [Update odom] 
1621556772970 [vx:0.0 vy:0.0 yaw:2.80902287165] 
1621556773059 [Update odom] 
1621556773076 [vx:0.0 vy:0.0 yaw:2.81983999167] 
1621556773159 [Update odom] 
1621556773175 [vx:0.0 vy:0.0 yaw:2.81037326295] 
1621556773259 [Update odom] 
1621556773279 [vx:0.0 vy:0.0 yaw:2.81350650294] 
1621556773359 [Update odom] 
1621556773372 [vx:0.0 vy:0.0 yaw:2.80825985555] 
1621556773459 [Update odom] 
1621556773472 [vx:0.0 vy:0.0 yaw:2.79835719111] 
1621556773559 [Update odom] 
1621556773571 [vx:0.0 vy:0.0 yaw:2.8034574403] 
1621556773659 [Update odom] 
1621556773671 [vx:0.0 vy:0.0 yaw:2.81312492848] 
1621556773759 [Update odom] 
1621556773771 [vx:0.0 vy:0.0 yaw:2.8102774396] 
1621556773859 [Update odom] 
1621556773871 [vx:0.0 vy:0.0 yaw:2.79371019079] 
1621556773959 [Update odom] 
1621556773971 [vx:0.0 vy:0.0 yaw:2.78338259989] 
1621556774059 [Update odom] 
1621556774092 [vx:0.0 vy:0.0 yaw:2.78490199562] 
1621556774161 [Update odom] 
1621556774178 [vx:0.0 vy:0.0 yaw:2.78729369494] 
1621556774259 [Update odom] 
1621556774272 [vx:0.0 vy:0.0 yaw:2.79589540688] 
1621556774361 [Update odom] 
1621556774375 [vx:0.0 vy:0.0 yaw:2.80204359454] 
1621556774459 [Update odom] 
1621556774471 [vx:0.0 vy:0.0 yaw:2.80906056411] 
1621556774559 [Update odom] 
1621556774571 [vx:0.0 vy:0.0 yaw:2.82016709634] 
1621556774659 [Update odom] 
1621556774674 [vx:0.0 vy:0.0 yaw:2.82486000926] 
1621556774759 [Update odom] 
1621556774771 [vx:0.0 vy:0.0 yaw:2.82487188385] 
1621556774859 [Update odom] 
1621556774870 [vx:0.0 vy:0.0 yaw:2.83229400524] 
1621556774959 [Update odom] 
1621556774975 [vx:0.0 vy:0.0 yaw:2.838653016] 
1621556775059 [Update odom] 
1621556775071 [vx:0.0 vy:0.0 yaw:2.84485303612] 
1621556775159 [Update odom] 
1621556775174 [vx:0.0 vy:0.0 yaw:2.8442828374] 
1621556775259 [Update odom] 
1621556775271 [vx:0.0 vy:0.0 yaw:2.8439837319] 
1621556775359 [Update odom] 
1621556775377 [vx:0.0 vy:0.0 yaw:2.84453877644] 
1621556775460 [Update odom] 
1621556775472 [vx:0.0 vy:0.0 yaw:2.83972470108] 
1621556775559 [Update odom] 
1621556775575 [vx:0.0 vy:0.0 yaw:2.82682175423] 
1621556775659 [Update odom] 
1621556775670 [vx:0.0 vy:0.0 yaw:2.82824248815] 
1621556775759 [Update odom] 
1621556775770 [vx:0.0 vy:0.0 yaw:2.83561944458] 
1621556775861 [Update odom] 
1621556775875 [vx:0.0 vy:0.0 yaw:2.85004935687] 
1621556775959 [Update odom] 
1621556775971 [vx:0.0 vy:0.0 yaw:2.85954642982] 
1621556776060 [Update odom] 
1621556776071 [vx:0.0 vy:0.0 yaw:2.86904354029] 
1621556776159 [Update odom] 
1621556776171 [vx:0.0 vy:0.0 yaw:2.8768800885] 
1621556776259 [Update odom] 
1621556776270 [vx:0.0 vy:0.0 yaw:2.88398832098] 
1621556776359 [Update odom] 
1621556776375 [vx:0.0 vy:0.0 yaw:2.87738222627] 
1621556776459 [Update odom] 
1621556776472 [vx:0.0 vy:0.0 yaw:2.86907789523] 
1621556776559 [Update odom] 
1621556776572 [vx:0.0 vy:0.0 yaw:2.8646867707] 
1621556776659 [Update odom] 
1621556776671 [vx:0.0 vy:0.0 yaw:2.86306793831] 
1621556776759 [Update odom] 
1621556776771 [vx:0.0 vy:0.0 yaw:2.86657972693] 
1621556776859 [Update odom] 
1621556776874 [vx:0.0 vy:0.0 yaw:2.86192230321] 
1621556776959 [Update odom] 
1621556776972 [vx:0.0 vy:0.0 yaw:2.85630810474] 
1621556777059 [Update odom] 
1621556777075 [vx:0.0 vy:0.0 yaw:2.85836749094] 
1621556777159 [Update odom] 
1621556777170 [vx:0.0 vy:0.0 yaw:2.85383245632] 
1621556777259 [Update odom] 
1621556777271 [vx:0.0 vy:0.0 yaw:2.84170569421] 
1621556777359 [Update odom] 
1621556777371 [vx:0.0 vy:0.0 yaw:2.83483174784] 
1621556777459 [Update odom] 
1621556777475 [vx:0.0 vy:0.0 yaw:2.82750378229] 
1621556777559 [Update odom] 
1621556777572 [vx:0.0 vy:0.0 yaw:2.81874603031] 
1621556777659 [Update odom] 
1621556777671 [vx:0.0 vy:0.0 yaw:2.82261539017] 
1621556777759 [Update odom] 
1621556777771 [vx:0.0 vy:0.0 yaw:2.81470539805] 
1621556777859 [Update odom] 
1621556777871 [vx:0.0 vy:0.0 yaw:2.81570522823] 
1621556777959 [Update odom] 
1621556777971 [vx:0.0 vy:0.0 yaw:2.82402079712] 
1621556778059 [Update odom] 
1621556778071 [vx:0.0 vy:0.0 yaw:2.83939851104] 
1621556778162 [Update odom] 
1621556778175 [vx:0.0 vy:0.0 yaw:2.85421573201] 
1621556778259 [Update odom] 
1621556778271 [vx:0.0 vy:0.0 yaw:2.86789760184] 
1621556778359 [Update odom] 
1621556778371 [vx:0.0 vy:0.0 yaw:2.88055594528] 
1621556778459 [Update odom] 
1621556778471 [vx:0.0 vy:0.0 yaw:2.88121101245] 
1621556778559 [Update odom] 
1621556778571 [vx:0.0 vy:0.0 yaw:2.86895526041] 
1621556778659 [Update odom] 
1621556778671 [vx:0.0 vy:0.0 yaw:2.85143716392] 
1621556778759 [Update odom] 
1621556778789 [vx:0.0 vy:0.0 yaw:2.83232155969] 
1621556778859 [Update odom] 
1621556778870 [vx:0.0 vy:0.0 yaw:2.8331296504] 
