1621660966558 [Opening serial port: /dev/ttyTHS1.] 
1621660966864 [The robot is connected to ] [/dev/ttyTHS1] 
1621660966864 [Initial robot's topic...] 
1621660966870 [Start initializing navigation] 
1621660966870 [Start initializing navigation topic] 
1621660966903 [Initialization navigation topic finished] 
1621660966910 [Initialization navigation finished] 
1621660967011 [Update odom] 
1621660967023 [vx:0.4095 vy:0.0 yaw:0.0] 
1621660967111 [Update odom] 
1621660967123 [vx:0.40225 vy:0.0 yaw:0.0] 
1621660967211 [Update odom] 
1621660967223 [vx:0.40975 vy:0.0 yaw:0.0] 
1621660967311 [Update odom] 
1621660967324 [vx:0.4025 vy:0.0 yaw:0.0] 
1621660967411 [Update odom] 
1621660967423 [vx:0.39575 vy:0.0 yaw:0.0] 
1621660967511 [Update odom] 
1621660967523 [vx:0.40975 vy:0.0 yaw:0.0] 
1621660967611 [Update odom] 
1621660967624 [vx:0.39475 vy:0.0 yaw:0.0] 
1621660967711 [Update odom] 
1621660967723 [vx:0.3875 vy:0.0 yaw:0.0] 
1621660967811 [Update odom] 
1621660967823 [vx:0.39475 vy:0.0 yaw:0.0] 
1621660967911 [Update odom] 
1621660967923 [vx:0.4095 vy:0.0 yaw:0.0] 
1621660968011 [Update odom] 
1621660968023 [vx:0.40325 vy:0.0 yaw:0.0] 
1621660968111 [Update odom] 
1621660968123 [vx:0.40225 vy:0.0 yaw:0.0] 
1621660968211 [Update odom] 
1621660968223 [vx:0.3945 vy:0.0 yaw:0.0] 
1621660968311 [Update odom] 
1621660968323 [vx:0.402 vy:0.0 yaw:0.0] 
1621660968411 [Update odom] 
1621660968423 [vx:0.402 vy:0.0 yaw:0.0] 
1621660968511 [Update odom] 
1621660968523 [vx:0.403 vy:0.0 yaw:0.0] 
1621660968611 [Update odom] 
1621660968623 [vx:0.40325 vy:0.0 yaw:0.0] 
1621660968711 [Update odom] 
1621660968724 [vx:0.4025 vy:0.0 yaw:0.0] 
1621660968811 [Update odom] 
1621660968849 [log_latest_command] [[ b y t e a r r a y ( b ' \ x a a \ x f f \ x a 0 \ x 0 2 I \ x 0 f \ x 0 e ' ) ]] 
1621660968859 [vx:0.4095 vy:0.0 yaw:0.0] 
1621660968911 [Update odom] 
1621660968923 [vx:0.0 vy:0.0 yaw:0.0] 
1621660969011 [Update odom] 
1621660969028 [vx:0.0 vy:0.0 yaw:0.0] 
1621660969111 [Update odom] 
1621660969124 [vx:0.0 vy:0.0 yaw:0.0] 
1621660969211 [Update odom] 
1621660969224 [vx:0.0 vy:0.0 yaw:0.0] 
1621660969311 [Update odom] 
1621660969323 [vx:0.0 vy:0.0 yaw:0.0] 
1621660969411 [Update odom] 
1621660969423 [vx:0.0 vy:0.0 yaw:0.0] 
1621660969511 [Update odom] 
1621660969523 [vx:0.0 vy:0.0 yaw:0.0] 
1621660969611 [Update odom] 
1621660969633 [vx:0.0 vy:0.0 yaw:0.0] 
1621660969711 [Update odom] 
1621660969723 [vx:0.0 vy:0.0 yaw:0.0] 
1621660969811 [Update odom] 
1621660969823 [vx:0.0 vy:0.0 yaw:0.0] 
1621660969911 [Update odom] 
1621660969927 [vx:0.0 vy:0.0 yaw:0.0] 
1621660970011 [Update odom] 
1621660970023 [vx:0.0 vy:0.0 yaw:0.0] 
1621660970086 [log_latest_command] [[ b y t e a r r a y ( b ' \ x a a \ x f f \ x a 0 \ x 0 2 I \ x 0 f \ x 0 e ' ) ]] 
1621660970111 [Update odom] 
1621660970124 [vx:0.35625 vy:0.0 yaw:0.0] 
1621660970211 [Update odom] 
1621660970224 [vx:0.40325 vy:0.0 yaw:0.0] 
1621660970311 [Update odom] 
1621660970324 [vx:0.4105 vy:0.0 yaw:0.0] 
1621660970411 [Update odom] 
1621660970424 [vx:0.395 vy:0.0 yaw:0.0] 
1621660970511 [Update odom] 
1621660970523 [vx:0.395 vy:0.0 yaw:0.0] 
1621660970611 [Update odom] 
1621660970623 [vx:0.40325 vy:0.0 yaw:0.0] 
1621660970711 [Update odom] 
1621660970724 [vx:0.39475 vy:0.0 yaw:0.0] 
1621660970811 [Update odom] 
1621660970823 [vx:0.3875 vy:0.0 yaw:0.0] 
1621660970911 [Update odom] 
1621660970924 [vx:0.39475 vy:0.0 yaw:0.0] 
1621660971011 [Update odom] 
1621660971024 [vx:0.4095 vy:0.0 yaw:0.0] 
1621660971111 [Update odom] 
1621660971123 [vx:0.402 vy:0.0 yaw:0.0] 
1621660971211 [Update odom] 
1621660971223 [vx:0.39475 vy:0.0 yaw:0.0] 
1621660971311 [Update odom] 
1621660971323 [vx:0.39475 vy:0.0 yaw:0.0] 
1621660971411 [Update odom] 
1621660971424 [vx:0.395 vy:0.0 yaw:0.0] 
1621660971511 [Update odom] 
1621660971523 [vx:0.40225 vy:0.0 yaw:0.0] 
1621660971611 [Update odom] 
1621660971623 [vx:0.402 vy:0.0 yaw:0.0] 
1621660971671 [log_latest_command] [[ b y t e a r r a y ( b ' \ x a a \ x f f \ x a 0 \ x 0 2 I \ x 0 f \ x 0 e ' ) ]] 
1621660971711 [Update odom] 
1621660971723 [vx:0.0 vy:0.0 yaw:0.0] 
1621660971811 [Update odom] 
1621660971823 [vx:0.0 vy:0.0 yaw:0.0] 
1621660971911 [Update odom] 
1621660971923 [vx:0.0 vy:0.0 yaw:0.0] 
1621660972011 [Update odom] 
1621660972036 [vx:0.0 vy:0.0 yaw:0.0] 
1621660972111 [Update odom] 
1621660972123 [vx:0.0 vy:0.0 yaw:0.0] 
1621660972211 [Update odom] 
1621660972223 [vx:0.0 vy:0.0 yaw:0.0] 
1621660972311 [Update odom] 
1621660972324 [vx:0.0 vy:0.0 yaw:0.0] 
1621660972411 [Update odom] 
1621660972423 [vx:0.0 vy:0.0 yaw:0.0] 
1621660972511 [Update odom] 
1621660972524 [vx:0.0 vy:0.0 yaw:0.0] 
1621660972611 [Update odom] 
1621660972623 [vx:0.0 vy:0.0 yaw:0.0] 
1621660972679 [log_latest_command] [[ b y t e a r r a y ( b ' \ x a a \ x f f \ x a 0 \ x 0 2 I \ x 0 f \ x 0 e ' ) ]] 
1621660972711 [Update odom] 
1621660972724 [vx:0.0 vy:0.0 yaw:0.0] 
1621660972811 [Update odom] 
1621660972824 [vx:0.0 vy:0.0 yaw:0.0] 
1621660972911 [Update odom] 
1621660972924 [vx:0.0 vy:0.0 yaw:0.0] 
1621660972935 [log_latest_command] [[ b y t e a r r a y ( b ' \ x a a \ x f f \ x a 0 \ x 0 2 I \ x 0 f \ x 0 e ' ) ]] 
1621660973012 [Update odom] 
1621660973024 [vx:0.202 vy:0.0 yaw:0.0] 
1621660973111 [Update odom] 
1621660973124 [vx:0.20925 vy:0.0 yaw:0.0] 
1621660973211 [Update odom] 
1621660973224 [vx:0.21125 vy:0.0 yaw:0.0] 
1621660973311 [Update odom] 
1621660973323 [vx:0.1935 vy:0.0 yaw:0.0] 
1621660973411 [Update odom] 
1621660973423 [vx:0.2085 vy:0.0 yaw:0.0] 
1621660973511 [Update odom] 
1621660973524 [vx:0.21 vy:0.0 yaw:0.0] 
1621660973611 [Update odom] 
1621660973624 [vx:0.19425 vy:0.0 yaw:0.0] 
1621660973711 [Update odom] 
1621660973723 [vx:0.192 vy:0.0 yaw:0.0] 
1621660973811 [Update odom] 
1621660973824 [vx:0.21 vy:0.0 yaw:0.0] 
1621660973911 [Update odom] 
1621660973923 [vx:0.202 vy:0.0 yaw:0.0] 
1621660974011 [Update odom] 
1621660974024 [vx:0.2025 vy:0.0 yaw:0.0] 
1621660974111 [Update odom] 
1621660974123 [vx:0.2025 vy:0.0 yaw:0.0] 
1621660974211 [Update odom] 
1621660974223 [vx:0.20075 vy:0.0 yaw:0.0] 
1621660974311 [Update odom] 
1621660974323 [vx:0.19275 vy:0.0 yaw:0.0] 
1621660974411 [Update odom] 
1621660974423 [vx:0.17725 vy:0.0 yaw:0.0] 
1621660974511 [Update odom] 
1621660974523 [vx:0.19275 vy:0.0 yaw:0.0] 
1621660974611 [Update odom] 
1621660974630 [vx:0.23225 vy:0.0 yaw:0.0] 
1621660974711 [Update odom] 
1621660974723 [vx:0.218 vy:0.0 yaw:0.0] 
1621660974811 [Update odom] 
1621660974823 [vx:0.18625 vy:0.0 yaw:0.0] 
1621660974911 [Update odom] 
1621660974923 [vx:0.17875 vy:0.0 yaw:0.0] 
1621660975013 [Update odom] 
1621660975028 [vx:0.18525 vy:0.0 yaw:0.0] 
1621660975111 [Update odom] 
1621660975124 [vx:0.1935 vy:0.0 yaw:0.0] 
1621660975211 [Update odom] 
1621660975228 [vx:0.1925 vy:0.0 yaw:0.0] 
1621660975311 [Update odom] 
1621660975328 [vx:0.20925 vy:0.0 yaw:0.0] 
1621660975411 [Update odom] 
1621660975428 [vx:0.21825 vy:0.0 yaw:0.0] 
1621660975511 [Update odom] 
1621660975523 [vx:0.19275 vy:0.0 yaw:0.0] 
1621660975611 [Update odom] 
1621660975624 [vx:0.177 vy:0.0 yaw:0.0] 
1621660975712 [Update odom] 
1621660975723 [vx:0.17875 vy:0.0 yaw:0.0] 
1621660975811 [Update odom] 
1621660975828 [vx:0.19275 vy:0.0 yaw:0.0] 
1621660975911 [Update odom] 
1621660975927 [vx:0.20275 vy:0.0 yaw:0.0] 
1621660976012 [Update odom] 
1621660976023 [vx:0.1935 vy:0.0 yaw:0.0] 
1621660976111 [Update odom] 
1621660976123 [vx:0.20925 vy:0.0 yaw:0.0] 
1621660976211 [Update odom] 
1621660976226 [vx:0.19275 vy:0.0 yaw:0.0] 
1621660976311 [Update odom] 
1621660976323 [vx:0.2 vy:0.0 yaw:0.0] 
1621660976411 [Update odom] 
1621660976424 [vx:0.18625 vy:0.0 yaw:0.0] 
1621660976511 [Update odom] 
1621660976523 [vx:0.19175 vy:0.0 yaw:0.0] 
1621660976611 [Update odom] 
1621660976623 [vx:0.2175 vy:0.0 yaw:0.0] 
1621660976711 [Update odom] 
1621660976728 [vx:0.18625 vy:0.0 yaw:0.0] 
1621660976811 [Update odom] 
1621660976824 [vx:0.21575 vy:0.0 yaw:0.0] 
1621660976911 [Update odom] 
1621660976923 [vx:0.2175 vy:0.0 yaw:0.0] 
1621660977011 [Update odom] 
1621660977024 [vx:0.18475 vy:0.0 yaw:0.0] 
1621660977114 [Update odom] 
1621660977128 [vx:0.19275 vy:0.0 yaw:0.0] 
1621660977211 [Update odom] 
1621660977228 [vx:0.19425 vy:0.0 yaw:0.0] 
1621660977311 [Update odom] 
1621660977328 [vx:0.1945 vy:0.0 yaw:0.0] 
1621660977411 [Update odom] 
1621660977423 [vx:0.1845 vy:0.0 yaw:0.0] 
1621660977511 [Update odom] 
1621660977523 [vx:0.201 vy:0.0 yaw:0.0] 
1621660977611 [Update odom] 
1621660977625 [vx:0.20825 vy:0.0 yaw:0.0] 
1621660977711 [Update odom] 
1621660977724 [vx:0.2175 vy:0.0 yaw:0.0] 
1621660977811 [Update odom] 
1621660977824 [vx:0.1845 vy:0.0 yaw:0.0] 
1621660977911 [Update odom] 
1621660977923 [vx:0.178 vy:0.0 yaw:0.0] 
1621660978011 [Update odom] 
1621660978023 [vx:0.169 vy:0.0 yaw:0.0] 
1621660978111 [Update odom] 
1621660978123 [vx:0.22475 vy:0.0 yaw:0.0] 
1621660978211 [Update odom] 
1621660978223 [vx:0.19275 vy:0.0 yaw:0.0] 
1621660978311 [Update odom] 
1621660978324 [vx:0.21025 vy:0.0 yaw:0.0] 
1621660978411 [Update odom] 
1621660978423 [vx:0.201 vy:0.0 yaw:0.0] 
1621660978511 [Update odom] 
1621660978523 [vx:0.16875 vy:0.0 yaw:0.0] 
1621660978611 [Update odom] 
1621660978623 [vx:0.1845 vy:0.0 yaw:0.0] 
1621660978711 [Update odom] 
1621660978723 [vx:0.20925 vy:0.0 yaw:0.0] 
1621660978811 [Update odom] 
1621660978824 [vx:0.2175 vy:0.0 yaw:0.0] 
1621660978911 [Update odom] 
1621660978923 [vx:0.1845 vy:0.0 yaw:0.0] 
1621660979011 [Update odom] 
1621660979024 [vx:0.19275 vy:0.0 yaw:0.0] 
1621660979111 [Update odom] 
1621660979123 [vx:0.20925 vy:0.0 yaw:0.0] 
1621660979211 [Update odom] 
1621660979223 [vx:0.2165 vy:0.0 yaw:0.0] 
1621660979315 [Update odom] 
1621660979328 [vx:0.1935 vy:0.0 yaw:0.0] 
1621660979411 [Update odom] 
1621660979424 [vx:0.19275 vy:0.0 yaw:0.0] 
1621660979511 [Update odom] 
1621660979524 [vx:0.20825 vy:0.0 yaw:0.0] 
1621660979611 [Update odom] 
1621660979623 [vx:0.21625 vy:0.0 yaw:0.0] 
1621660979711 [Update odom] 
1621660979724 [vx:0.19175 vy:0.0 yaw:0.0] 
1621660979811 [Update odom] 
1621660979823 [vx:0.21775 vy:0.0 yaw:0.0] 
1621660979911 [Update odom] 
1621660979923 [vx:0.1935 vy:0.0 yaw:0.0] 
1621660980011 [Update odom] 
1621660980023 [vx:0.178 vy:0.0 yaw:0.0] 
1621660980111 [Update odom] 
1621660980124 [vx:0.192 vy:0.0 yaw:0.0] 
1621660980211 [Update odom] 
1621660980223 [vx:0.19375 vy:0.0 yaw:0.0] 
1621660980311 [Update odom] 
1621660980324 [vx:0.2175 vy:0.0 yaw:0.0] 
1621660980411 [Update odom] 
1621660980424 [vx:0.20275 vy:0.0 yaw:0.0] 
1621660980511 [Update odom] 
1621660980523 [vx:0.201 vy:0.0 yaw:0.0] 
1621660980611 [Update odom] 
1621660980623 [vx:0.1845 vy:0.0 yaw:0.0] 
1621660980711 [Update odom] 
1621660980723 [vx:0.21 vy:0.0 yaw:0.0] 
1621660980811 [Update odom] 
1621660980823 [vx:0.19275 vy:0.0 yaw:0.0] 
1621660980911 [Update odom] 
1621660980923 [vx:0.1845 vy:0.0 yaw:0.0] 
1621660981012 [Update odom] 
1621660981025 [vx:0.20825 vy:0.0 yaw:0.0] 
1621660981111 [Update odom] 
1621660981123 [vx:0.1855 vy:0.0 yaw:0.0] 
1621660981211 [Update odom] 
1621660981224 [vx:0.20075 vy:0.0 yaw:0.0] 
1621660981311 [Update odom] 
1621660981323 [vx:0.201 vy:0.0 yaw:0.0] 
1621660981411 [Update odom] 
1621660981423 [vx:0.21725 vy:0.0 yaw:0.0] 
1621660981511 [Update odom] 
1621660981523 [vx:0.2255 vy:0.0 yaw:0.0] 
1621660981611 [Update odom] 
1621660981623 [vx:0.20075 vy:0.0 yaw:0.0] 
1621660981711 [Update odom] 
1621660981724 [vx:0.177 vy:0.0 yaw:0.0] 
1621660981811 [Update odom] 
1621660981824 [vx:0.177 vy:0.0 yaw:0.0] 
1621660981911 [Update odom] 
1621660981924 [vx:0.21 vy:0.0 yaw:0.0] 
1621660982011 [Update odom] 
1621660982023 [vx:0.2175 vy:0.0 yaw:0.0] 
1621660982111 [Update odom] 
1621660982123 [vx:0.1845 vy:0.0 yaw:0.0] 
1621660982216 [Update odom] 
1621660982228 [vx:0.22475 vy:0.0 yaw:0.0] 
1621660982311 [Update odom] 
1621660982323 [vx:0.19275 vy:0.0 yaw:0.0] 
1621660982411 [Update odom] 
1621660982424 [vx:0.20925 vy:0.0 yaw:0.0] 
1621660982490 [log_latest_command] [[ b y t e a r r a y ( b ' \ x a a \ x f f \ x a 0 \ x 0 2 I \ x 0 f \ x 0 e ' ) ]] 
1621660982511 [Update odom] 
1621660982523 [vx:-0.10925 vy:-0.0 yaw:0.0] 
1621660982611 [Update odom] 
1621660982623 [vx:-0.13225 vy:-0.0 yaw:0.0] 
1621660982711 [Update odom] 
1621660982723 [vx:-0.124 vy:-0.0 yaw:0.0] 
1621660982811 [Update odom] 
1621660982824 [vx:-0.154 vy:-0.0 yaw:0.0] 
1621660982911 [Update odom] 
1621660982924 [vx:-0.13875 vy:-0.0 yaw:0.0] 
1621660983011 [Update odom] 
1621660983024 [vx:-0.18 vy:-0.0 yaw:0.0] 
1621660983111 [Update odom] 
1621660983124 [vx:-0.1645 vy:-0.0 yaw:0.0] 
1621660983211 [Update odom] 
1621660983223 [vx:-0.17725 vy:-0.0 yaw:0.0] 
1621660983311 [Update odom] 
1621660983323 [vx:-0.1615 vy:-0.0 yaw:0.0] 
1621660983411 [Update odom] 
1621660983423 [vx:-0.17925 vy:-0.0 yaw:0.0] 
1621660983511 [Update odom] 
1621660983523 [vx:-0.18675 vy:-0.0 yaw:0.0] 
1621660983611 [Update odom] 
1621660983623 [vx:-0.18 vy:-0.0 yaw:0.0] 
1621660983711 [Update odom] 
1621660983724 [vx:-0.1845 vy:-0.0 yaw:0.0] 
1621660983811 [Update odom] 
1621660983823 [vx:-0.201 vy:-0.0 yaw:0.0] 
1621660983911 [Update odom] 
1621660983923 [vx:-0.15525 vy:-0.0 yaw:0.0] 
1621660984011 [Update odom] 
1621660984023 [vx:-0.178 vy:-0.0 yaw:0.0] 
1621660984111 [Update odom] 
1621660984124 [vx:-0.186 vy:-0.0 yaw:0.0] 
1621660984211 [Update odom] 
1621660984223 [vx:-0.1935 vy:-0.0 yaw:0.0] 
1621660984311 [Update odom] 
1621660984323 [vx:-0.17625 vy:-0.0 yaw:0.0] 
1621660984411 [Update odom] 
1621660984423 [vx:-0.2085 vy:-0.0 yaw:0.0] 
1621660984511 [Update odom] 
1621660984523 [vx:-0.18525 vy:-0.0 yaw:0.0] 
1621660984611 [Update odom] 
1621660984623 [vx:-0.17775 vy:-0.0 yaw:0.0] 
1621660984711 [Update odom] 
1621660984724 [vx:-0.1935 vy:-0.0 yaw:0.0] 
1621660984811 [Update odom] 
1621660984823 [vx:-0.203 vy:-0.0 yaw:0.0] 
1621660984911 [Update odom] 
1621660984924 [vx:-0.2105 vy:-0.0 yaw:0.0] 
1621660985022 [log_latest_command] [[ b y t e a r r a y ( b ' \ x a a \ x f f \ x a 0 \ x 0 2 I \ x 0 f \ x 0 e ' ) ]] 
1621660985023 [Update odom] 
1621660985035 [vx:-0.2105 vy:-0.0 yaw:0.0] 
1621660985111 [Update odom] 
1621660985123 [vx:0.125 vy:0.0 yaw:0.0] 
1621660985211 [Update odom] 
1621660985223 [vx:0.13125 vy:0.0 yaw:0.0] 
1621660985311 [Update odom] 
1621660985325 [vx:0.1315 vy:0.0 yaw:0.0] 
1621660985411 [Update odom] 
1621660985424 [vx:0.1635 vy:0.0 yaw:0.0] 
1621660985513 [Update odom] 
1621660985523 [vx:0.16975 vy:0.0 yaw:0.0] 
1621660985611 [Update odom] 
1621660985623 [vx:0.18625 vy:0.0 yaw:0.0] 
1621660985667 [log_latest_command] [[ b y t e a r r a y ( b ' \ x a a \ x f f \ x a 0 \ x 0 2 I \ x 0 f \ x 0 e ' ) ]] 
1621660985711 [Update odom] 
1621660985731 [vx:-0.13975 vy:-0.0 yaw:0.0] 
1621660985811 [Update odom] 
1621660985823 [vx:-0.154 vy:-0.0 yaw:0.0] 
1621660985911 [Update odom] 
1621660985923 [vx:-0.14575 vy:-0.0 yaw:0.0] 
1621660986011 [Update odom] 
1621660986023 [vx:-0.16975 vy:-0.0 yaw:0.0] 
1621660986111 [Update odom] 
1621660986123 [vx:-0.1935 vy:-0.0 yaw:0.0] 
1621660986211 [Update odom] 
1621660986223 [vx:-0.21 vy:-0.0 yaw:0.0] 
1621660986311 [Update odom] 
1621660986323 [vx:-0.1855 vy:-0.0 yaw:0.0] 
1621660986411 [Update odom] 
1621660986423 [vx:-0.16975 vy:-0.0 yaw:0.0] 
1621660986511 [Update odom] 
1621660986524 [vx:-0.18525 vy:-0.0 yaw:0.0] 
1621660986611 [Update odom] 
1621660986623 [vx:-0.1845 vy:-0.0 yaw:0.0] 
1621660986711 [Update odom] 
1621660986724 [vx:-0.18525 vy:-0.0 yaw:0.0] 
1621660986811 [Update odom] 
1621660986823 [vx:-0.18625 vy:-0.0 yaw:0.0] 
1621660986911 [Update odom] 
1621660986924 [vx:-0.19425 vy:-0.0 yaw:0.0] 
1621660987011 [Update odom] 
1621660987023 [vx:-0.201 vy:-0.0 yaw:0.0] 
1621660987111 [Update odom] 
1621660987124 [vx:-0.1845 vy:-0.0 yaw:0.0] 
1621660987211 [Update odom] 
1621660987224 [vx:-0.2255 vy:-0.0 yaw:0.0] 
1621660987311 [Update odom] 
1621660987324 [vx:-0.2165 vy:-0.0 yaw:0.0] 
1621660987411 [Update odom] 
1621660987424 [vx:-0.18675 vy:-0.0 yaw:0.0] 
1621660987511 [Update odom] 
1621660987524 [vx:-0.17725 vy:-0.0 yaw:0.0] 
1621660987611 [Update odom] 
1621660987623 [vx:-0.201 vy:-0.0 yaw:0.0] 
1621660987711 [Update odom] 
1621660987723 [vx:-0.1925 vy:-0.0 yaw:0.0] 
1621660987811 [Update odom] 
1621660987823 [vx:-0.21675 vy:-0.0 yaw:0.0] 
1621660987911 [Update odom] 
1621660987923 [vx:-0.2085 vy:-0.0 yaw:0.0] 
1621660988011 [Update odom] 
1621660988023 [vx:-0.1845 vy:-0.0 yaw:0.0] 
1621660988111 [Update odom] 
1621660988123 [vx:-0.18675 vy:-0.0 yaw:0.0] 
1621660988211 [Update odom] 
1621660988223 [vx:-0.2085 vy:-0.0 yaw:0.0] 
1621660988311 [Update odom] 
1621660988324 [vx:-0.17875 vy:-0.0 yaw:0.0] 
1621660988412 [Update odom] 
1621660988424 [vx:-0.202 vy:-0.0 yaw:0.0] 
1621660988511 [Update odom] 
1621660988524 [vx:-0.21 vy:-0.0 yaw:0.0] 
1621660988611 [Update odom] 
1621660988623 [vx:-0.19275 vy:-0.0 yaw:0.0] 
1621660988711 [Update odom] 
1621660988723 [vx:-0.2015 vy:-0.0 yaw:0.0] 
1621660988811 [Update odom] 
1621660988823 [vx:-0.21 vy:-0.0 yaw:0.0] 
1621660988835 [log_latest_command] [[ b y t e a r r a y ( b ' \ x a a \ x f f \ x a 0 \ x 0 2 I \ x 0 f \ x 0 e ' ) ]] 
1621660988911 [Update odom] 
1621660988924 [vx:0.124 vy:0.0 yaw:0.0] 
1621660989012 [Update odom] 
1621660989024 [vx:0.1315 vy:0.0 yaw:0.0] 
1621660989111 [Update odom] 
1621660989128 [vx:0.124 vy:0.0 yaw:0.0] 
1621660989215 [Update odom] 
1621660989228 [vx:0.15525 vy:0.0 yaw:0.0] 
1621660989311 [Update odom] 
1621660989324 [vx:0.1395 vy:0.0 yaw:0.0] 
1621660989411 [Update odom] 
1621660989424 [vx:0.1545 vy:0.0 yaw:0.0] 
1621660989511 [Update odom] 
1621660989523 [vx:0.19375 vy:0.0 yaw:0.0] 
1621660989611 [Update odom] 
1621660989623 [vx:0.17775 vy:0.0 yaw:0.0] 
1621660989711 [Update odom] 
1621660989723 [vx:0.16125 vy:0.0 yaw:0.0] 
1621660989811 [Update odom] 
1621660989823 [vx:0.18825 vy:0.0 yaw:0.0] 
1621660989911 [Update odom] 
1621660989924 [vx:0.21 vy:0.0 yaw:0.0] 
1621660990011 [Update odom] 
1621660990023 [vx:0.195 vy:0.0 yaw:0.0] 
1621660990111 [Update odom] 
1621660990123 [vx:0.17025 vy:0.0 yaw:0.0] 
1621660990211 [Update odom] 
1621660990224 [vx:0.187 vy:0.0 yaw:0.0] 
1621660990311 [Update odom] 
1621660990323 [vx:0.18625 vy:0.0 yaw:0.0] 
1621660990411 [Update odom] 
1621660990424 [vx:0.20175 vy:0.0 yaw:0.0] 
1621660990511 [Update odom] 
1621660990524 [vx:0.22475 vy:0.0 yaw:0.0] 
1621660990611 [Update odom] 
1621660990623 [vx:0.20275 vy:0.0 yaw:0.0] 
1621660990711 [Update odom] 
1621660990723 [vx:0.21025 vy:0.0 yaw:0.0] 
1621660990811 [Update odom] 
1621660990823 [vx:0.2175 vy:0.0 yaw:0.0] 
1621660990911 [Update odom] 
1621660990923 [vx:0.2245 vy:0.0 yaw:0.0] 
1621660991011 [Update odom] 
1621660991024 [vx:0.17875 vy:0.0 yaw:0.0] 
1621660991111 [Update odom] 
1621660991123 [vx:0.2165 vy:0.0 yaw:0.0] 
1621660991211 [Update odom] 
1621660991223 [vx:0.178 vy:0.0 yaw:0.0] 
1621660991311 [Update odom] 
1621660991323 [vx:0.2175 vy:0.0 yaw:0.0] 
1621660991411 [Update odom] 
1621660991423 [vx:0.18525 vy:0.0 yaw:0.0] 
1621660991511 [Update odom] 
1621660991524 [vx:0.16975 vy:0.0 yaw:0.0] 
1621660991611 [Update odom] 
1621660991624 [vx:0.201 vy:0.0 yaw:0.0] 
1621660991711 [Update odom] 
1621660991724 [vx:0.19275 vy:0.0 yaw:0.0] 
1621660991811 [Update odom] 
1621660991824 [vx:0.20825 vy:0.0 yaw:0.0] 
1621660991911 [Update odom] 
1621660991923 [vx:0.1935 vy:0.0 yaw:0.0] 
1621660991962 [log_latest_command] [[ b y t e a r r a y ( b ' \ x a a \ x f f \ x a 0 \ x 0 2 I \ x 0 f \ x 0 e ' ) ]] 
1621660992011 [Update odom] 
1621660992024 [vx:0.12375 vy:0.0 yaw:0.0] 
1621660992111 [Update odom] 
1621660992124 [vx:0.08525 vy:0.0 yaw:0.0] 
1621660992211 [Update odom] 
1621660992223 [vx:0.09275 vy:0.0 yaw:0.0] 
1621660992311 [Update odom] 
1621660992323 [vx:0.11675 vy:0.0 yaw:0.0] 
1621660992411 [Update odom] 
1621660992423 [vx:0.11675 vy:0.0 yaw:0.0] 
1621660992511 [Update odom] 
1621660992523 [vx:0.13375 vy:0.0 yaw:0.0] 
1621660992615 [Update odom] 
1621660992628 [vx:0.12475 vy:0.0 yaw:0.0] 
1621660992711 [Update odom] 
1621660992723 [vx:0.12475 vy:0.0 yaw:0.0] 
1621660992811 [Update odom] 
1621660992824 [vx:0.09375 vy:0.0 yaw:0.0] 
1621660992911 [Update odom] 
1621660992924 [vx:0.132 vy:0.0 yaw:0.0] 
1621660993011 [Update odom] 
1621660993023 [vx:0.11725 vy:0.0 yaw:0.0] 
1621660993111 [Update odom] 
1621660993123 [vx:0.11675 vy:0.0 yaw:0.0] 
1621660993211 [Update odom] 
1621660993224 [vx:0.1185 vy:0.0 yaw:0.0] 
1621660993311 [Update odom] 
1621660993323 [vx:0.131 vy:0.0 yaw:0.0] 
1621660993411 [Update odom] 
1621660993423 [vx:0.13375 vy:0.0 yaw:0.0] 
1621660993511 [Update odom] 
1621660993523 [vx:0.13925 vy:0.0 yaw:0.0] 
1621660993611 [Update odom] 
1621660993623 [vx:0.11675 vy:0.0 yaw:0.0] 
1621660993711 [Update odom] 
1621660993724 [vx:0.14025 vy:0.0 yaw:0.0] 
1621660993816 [Update odom] 
1621660993828 [vx:0.13175 vy:0.0 yaw:0.0] 
1621660993911 [Update odom] 
1621660993923 [vx:0.10075 vy:0.0 yaw:0.0] 
1621660994011 [Update odom] 
1621660994023 [vx:0.13925 vy:0.0 yaw:0.0] 
1621660994111 [Update odom] 
1621660994124 [vx:0.13275 vy:0.0 yaw:0.0] 
1621660994211 [Update odom] 
1621660994223 [vx:0.124 vy:0.0 yaw:0.0] 
1621660994311 [Update odom] 
1621660994323 [vx:0.132 vy:0.0 yaw:0.0] 
1621660994415 [Update odom] 
1621660994428 [vx:0.11725 vy:0.0 yaw:0.0] 
1621660994511 [Update odom] 
1621660994523 [vx:0.131 vy:0.0 yaw:0.0] 
1621660994611 [Update odom] 
1621660994623 [vx:0.14025 vy:0.0 yaw:0.0] 
1621660994711 [Update odom] 
1621660994724 [vx:0.12425 vy:0.0 yaw:0.0] 
1621660994811 [Update odom] 
1621660994823 [vx:0.109 vy:0.0 yaw:0.0] 
1621660994911 [Update odom] 
1621660994923 [vx:0.12425 vy:0.0 yaw:0.0] 
1621660995011 [Update odom] 
1621660995024 [vx:0.10025 vy:0.0 yaw:0.0] 
1621660995111 [Update odom] 
1621660995123 [vx:0.11725 vy:0.0 yaw:0.0] 
1621660995211 [Update odom] 
1621660995224 [vx:0.13925 vy:0.0 yaw:0.0] 
1621660995311 [Update odom] 
1621660995323 [vx:0.1075 vy:0.0 yaw:0.0] 
1621660995411 [Update odom] 
1621660995424 [vx:0.12475 vy:0.0 yaw:0.0] 
1621660995511 [Update odom] 
1621660995523 [vx:0.10225 vy:0.0 yaw:0.0] 
1621660995611 [Update odom] 
1621660995625 [vx:0.10925 vy:0.0 yaw:0.0] 
1621660995711 [Update odom] 
1621660995723 [vx:0.10075 vy:0.0 yaw:0.0] 
1621660995811 [Update odom] 
1621660995823 [vx:0.11775 vy:0.0 yaw:0.0] 
1621660995911 [Update odom] 
1621660995923 [vx:0.10825 vy:0.0 yaw:0.0] 
1621660996011 [Update odom] 
1621660996023 [vx:0.14825 vy:0.0 yaw:0.0] 
1621660996111 [Update odom] 
1621660996123 [vx:0.1325 vy:0.0 yaw:0.0] 
1621660996215 [Update odom] 
1621660996228 [vx:0.13375 vy:0.0 yaw:0.0] 
1621660996311 [Update odom] 
1621660996323 [vx:0.132 vy:0.0 yaw:0.0] 
1621660996411 [Update odom] 
1621660996423 [vx:0.1165 vy:0.0 yaw:0.0] 
1621660996521 [Update odom] 
1621660996532 [vx:0.109 vy:0.0 yaw:0.0] 
1621660996611 [Update odom] 
1621660996623 [vx:0.11525 vy:0.0 yaw:0.0] 
1621660996711 [Update odom] 
1621660996723 [vx:0.132 vy:0.0 yaw:0.0] 
1621660996812 [Update odom] 
1621660996847 [log_latest_command] [[ b y t e a r r a y ( b ' \ x a a \ x f f \ x a 0 \ x 0 2 I \ x 0 f \ x 0 e ' ) ]] 
1621660996872 [vx:0.133 vy:0.0 yaw:0.0] 
1621660996911 [Update odom] 
1621660996923 [vx:0.0 vy:0.0 yaw:0.0] 
1621660997011 [Update odom] 
1621660997023 [vx:0.0 vy:0.0 yaw:0.0] 
1621660997111 [Update odom] 
1621660997124 [vx:0.0 vy:0.0 yaw:0.0] 
1621660997211 [Update odom] 
1621660997223 [vx:0.0 vy:0.0 yaw:0.0] 
1621660997242 [log_latest_command] [[ b y t e a r r a y ( b ' \ x a a \ x f f \ x a 0 \ x 0 2 I \ x 0 f \ x 0 e ' ) ]] 
1621660997311 [Update odom] 
1621660997324 [vx:0.02075 vy:0.0 yaw:0.0] 
1621660997411 [Update odom] 
1621660997423 [vx:0.038 vy:0.0 yaw:0.0] 
1621660997511 [Update odom] 
1621660997524 [vx:0.02975 vy:0.0 yaw:0.0] 
1621660997611 [Update odom] 
1621660997624 [vx:0.02275 vy:0.0 yaw:0.0] 
1621660997711 [Update odom] 
1621660997723 [vx:0.0365 vy:0.0 yaw:0.0] 
1621660997811 [Update odom] 
1621660997823 [vx:0.00625 vy:0.0 yaw:0.0] 
1621660997911 [Update odom] 
1621660997923 [vx:0.028 vy:0.0 yaw:0.0] 
1621660998011 [Update odom] 
1621660998024 [vx:0.022 vy:0.0 yaw:0.0] 
1621660998111 [Update odom] 
1621660998123 [vx:0.02875 vy:0.0 yaw:0.0] 
1621660998211 [Update odom] 
1621660998223 [vx:0.0215 vy:0.0 yaw:0.0] 
1621660998311 [Update odom] 
1621660998324 [vx:0.02275 vy:0.0 yaw:0.0] 
1621660998411 [Update odom] 
1621660998423 [vx:0.0145 vy:0.0 yaw:0.0] 
1621660998511 [Update odom] 
1621660998523 [vx:0.02875 vy:0.0 yaw:0.0] 
1621660998611 [Update odom] 
1621660998623 [vx:0.0145 vy:0.0 yaw:0.0] 
1621660998711 [Update odom] 
1621660998723 [vx:0.0065 vy:0.0 yaw:0.0] 
1621660998811 [Update odom] 
1621660998823 [vx:0.02975 vy:0.0 yaw:0.0] 
1621660998911 [Update odom] 
1621660998929 [vx:-0.01775 vy:-0.0 yaw:0.0] 
1621660999011 [Update odom] 
1621660999024 [vx:-0.017 vy:-0.0 yaw:0.0] 
1621660999111 [Update odom] 
1621660999123 [vx:-0.00875 vy:-0.0 yaw:0.0] 
1621660999211 [Update odom] 
1621660999224 [vx:-0.00175 vy:-0.0 yaw:0.0] 
1621660999311 [Update odom] 
1621660999324 [vx:-0.00125 vy:-0.0 yaw:0.0] 
1621660999411 [Update odom] 
1621660999423 [vx:0.014 vy:0.0 yaw:0.0] 
1621660999511 [Update odom] 
1621660999524 [vx:-0.00125 vy:-0.0 yaw:0.0] 
1621660999611 [Update odom] 
1621660999623 [vx:-0.00875 vy:-0.0 yaw:0.0] 
1621660999711 [Update odom] 
1621660999723 [vx:0.00575 vy:0.0 yaw:0.0] 
1621660999811 [Update odom] 
1621660999824 [vx:0.037 vy:0.0 yaw:0.0] 
1621660999911 [Update odom] 
1621660999924 [vx:-0.017 vy:-0.0 yaw:0.0] 
1621661000011 [Update odom] 
1621661000023 [vx:-0.0005 vy:-0.0 yaw:0.0] 
1621661000111 [Update odom] 
1621661000123 [vx:0.0065 vy:0.0 yaw:0.0] 
1621661000211 [Update odom] 
1621661000223 [vx:-0.0005 vy:-0.0 yaw:0.0] 
1621661000311 [Update odom] 
1621661000323 [vx:0.007 vy:0.0 yaw:0.0] 
1621661000411 [Update odom] 
1621661000423 [vx:-0.00175 vy:-0.0 yaw:0.0] 
1621661000511 [Update odom] 
1621661000523 [vx:-0.017 vy:-0.0 yaw:0.0] 
1621661000611 [Update odom] 
1621661000624 [vx:-0.00875 vy:-0.0 yaw:0.0] 
1621661000711 [Update odom] 
1621661000723 [vx:0.01475 vy:0.0 yaw:0.0] 
1621661000811 [Update odom] 
1621661000823 [vx:0.014 vy:0.0 yaw:0.0] 
1621661000911 [Update odom] 
1621661000923 [vx:0.0295 vy:0.0 yaw:0.0] 
1621661001011 [Update odom] 
1621661001024 [vx:0.0145 vy:0.0 yaw:0.0] 
1621661001111 [Update odom] 
1621661001124 [vx:-0.00175 vy:-0.0 yaw:0.0] 
1621661001211 [Update odom] 
1621661001223 [vx:-0.01025 vy:-0.0 yaw:0.0] 
1621661001311 [Update odom] 
1621661001324 [vx:-0.00125 vy:-0.0 yaw:0.0] 
1621661001411 [Update odom] 
1621661001423 [vx:0.01525 vy:0.0 yaw:0.0] 
1621661001511 [Update odom] 
1621661001524 [vx:-0.00125 vy:-0.0 yaw:0.0] 
1621661001611 [Update odom] 
1621661001623 [vx:0.00575 vy:0.0 yaw:0.0] 
1621661001711 [Update odom] 
1621661001724 [vx:0.0145 vy:0.0 yaw:0.0] 
1621661001811 [Update odom] 
1621661001823 [vx:0.007 vy:0.0 yaw:0.0] 
1621661001911 [Update odom] 
1621661001923 [vx:0.013 vy:0.0 yaw:0.0] 
1621661002011 [Update odom] 
1621661002023 [vx:-0.00125 vy:-0.0 yaw:0.0] 
1621661002112 [Update odom] 
1621661002123 [vx:-0.0025 vy:-0.0 yaw:0.0] 
1621661002211 [Update odom] 
1621661002223 [vx:0.00575 vy:0.0 yaw:0.0] 
1621661002311 [Update odom] 
1621661002324 [vx:0.007 vy:0.0 yaw:0.0] 
1621661002411 [Update odom] 
1621661002424 [vx:-0.0025 vy:-0.0 yaw:0.0] 
1621661002511 [Update odom] 
1621661002523 [vx:-0.017 vy:-0.0 yaw:0.0] 
1621661002611 [Update odom] 
1621661002623 [vx:0.01225 vy:0.0 yaw:0.0] 
1621661002711 [Update odom] 
1621661002718 [vx:0.0145 vy:0.0 yaw:0.0] 
1621661002811 [Update odom] 
1621661002823 [vx:0.01325 vy:0.0 yaw:0.0] 
1621661002911 [Update odom] 
1621661002923 [vx:-0.017 vy:-0.0 yaw:0.0] 
1621661003011 [Update odom] 
1621661003023 [vx:-0.0175 vy:-0.0 yaw:0.0] 
1621661003111 [Update odom] 
1621661003123 [vx:0.013 vy:0.0 yaw:0.0] 
1621661003211 [Update odom] 
1621661003223 [vx:0.01525 vy:0.0 yaw:0.0] 
1621661003311 [Update odom] 
1621661003347 [log_latest_command] [[ b y t e a r r a y ( b ' \ x a a \ x f f \ x a 0 \ x 0 2 I \ x 0 f \ x 0 e ' ) ]] 
1621661003384 [vx:0.01375 vy:0.0 yaw:0.0] 
1621661003411 [Update odom] 
1621661003423 [vx:-0.008 vy:-0.0 yaw:0.0] 
1621661003511 [Update odom] 
1621661003528 [vx:-0.00725 vy:-0.0 yaw:0.0] 
1621661003611 [Update odom] 
1621661003623 [vx:0.0 vy:0.0 yaw:0.0] 
1621661003646 [log_latest_command] [[ b y t e a r r a y ( b ' \ x a a \ x f f \ x a 0 \ x 0 2 I \ x 0 f \ x 0 e ' ) ]] 
1621661003711 [Update odom] 
1621661003723 [vx:0.0235 vy:0.0 yaw:0.0] 
1621661003811 [Update odom] 
1621661003824 [vx:0.0245 vy:0.0 yaw:0.0] 
1621661003911 [Update odom] 
1621661003923 [vx:-0.023 vy:-0.0 yaw:0.0] 
1621661004011 [Update odom] 
1621661004023 [vx:0.0155 vy:0.0 yaw:0.0] 
1621661004111 [Update odom] 
1621661004123 [vx:0.001 vy:0.0 yaw:0.0] 
1621661004211 [Update odom] 
1621661004224 [vx:0.0 vy:0.0 yaw:0.0] 
1621661004311 [Update odom] 
1621661004323 [vx:0.0165 vy:0.0 yaw:0.0] 
1621661004411 [Update odom] 
1621661004423 [vx:-0.00625 vy:-0.0 yaw:0.0] 
1621661004511 [Update odom] 
1621661004523 [vx:-0.00725 vy:-0.0 yaw:0.0] 
1621661004611 [Update odom] 
1621661004623 [vx:-0.00625 vy:-0.0 yaw:0.0] 
1621661004711 [Update odom] 
1621661004723 [vx:0.0085 vy:0.0 yaw:0.0] 
1621661004811 [Update odom] 
1621661004823 [vx:0.001 vy:0.0 yaw:0.0] 
1621661004911 [Update odom] 
1621661004923 [vx:0.00125 vy:0.0 yaw:0.0] 
1621661005011 [Update odom] 
1621661005023 [vx:0.01825 vy:0.0 yaw:0.0] 
1621661005112 [Update odom] 
1621661005124 [vx:0.00125 vy:0.0 yaw:0.0] 
1621661005211 [Update odom] 
1621661005224 [vx:0.016 vy:0.0 yaw:0.0] 
1621661005311 [Update odom] 
1621661005327 [vx:0.00875 vy:0.0 yaw:0.0] 
1621661005411 [Update odom] 
1621661005423 [vx:0.01675 vy:0.0 yaw:0.0] 
1621661005511 [Update odom] 
1621661005523 [vx:-0.02225 vy:-0.0 yaw:0.0] 
1621661005611 [Update odom] 
1621661005624 [vx:-0.007 vy:-0.0 yaw:0.0] 
1621661005711 [Update odom] 
1621661005723 [vx:0.03175 vy:0.0 yaw:0.0] 
1621661005811 [Update odom] 
1621661005824 [vx:0.00325 vy:0.0 yaw:0.0] 
1621661005911 [Update odom] 
1621661005923 [vx:-0.02225 vy:-0.0 yaw:0.0] 
1621661006011 [Update odom] 
1621661006023 [vx:-0.007 vy:-0.0 yaw:0.0] 
1621661006111 [Update odom] 
1621661006123 [vx:0.00275 vy:0.0 yaw:0.0] 
1621661006211 [Update odom] 
1621661006223 [vx:-0.007 vy:-0.0 yaw:0.0] 
1621661006311 [Update odom] 
1621661006324 [vx:0.0025 vy:0.0 yaw:0.0] 
1621661006411 [Update odom] 
1621661006423 [vx:-0.0145 vy:-0.0 yaw:0.0] 
1621661006511 [Update odom] 
1621661006524 [vx:0.0085 vy:0.0 yaw:0.0] 
1621661006611 [Update odom] 
1621661006623 [vx:-0.014 vy:-0.0 yaw:0.0] 
1621661006711 [Update odom] 
1621661006723 [vx:0.00125 vy:0.0 yaw:0.0] 
1621661006811 [Update odom] 
1621661006823 [vx:0.00125 vy:0.0 yaw:0.0] 
1621661006911 [Update odom] 
1621661006923 [vx:-0.0065 vy:-0.0 yaw:0.0] 
1621661007011 [Update odom] 
1621661007023 [vx:-0.014 vy:-0.0 yaw:0.0] 
1621661007111 [Update odom] 
1621661007123 [vx:0.0095 vy:0.0 yaw:0.0] 
1621661007211 [Update odom] 
1621661007223 [vx:0.0025 vy:0.0 yaw:0.0] 
1621661007311 [Update odom] 
1621661007323 [vx:-0.01475 vy:-0.0 yaw:0.0] 
1621661007411 [Update odom] 
1621661007423 [vx:0.01 vy:0.0 yaw:0.0] 
1621661007511 [Update odom] 
1621661007523 [vx:-0.00575 vy:-0.0 yaw:0.0] 
1621661007611 [Update odom] 
1621661007618 [vx:0.00025 vy:0.0 yaw:0.0] 
1621661007711 [Update odom] 
1621661007724 [vx:-0.0055 vy:-0.0 yaw:0.0] 
1621661007811 [Update odom] 
1621661007823 [vx:0.01775 vy:0.0 yaw:0.0] 
1621661007911 [Update odom] 
1621661007923 [vx:-0.014 vy:-0.0 yaw:0.0] 
1621661008011 [Update odom] 
1621661008023 [vx:-0.01325 vy:-0.0 yaw:0.0] 
1621661008111 [Update odom] 
1621661008124 [vx:0.0025 vy:0.0 yaw:0.0] 
1621661008219 [Update odom] 
1621661008231 [vx:-0.0055 vy:-0.0 yaw:0.0] 
1621661008311 [Update odom] 
1621661008323 [vx:-0.00625 vy:-0.0 yaw:0.0] 
1621661008411 [Update odom] 
1621661008424 [vx:-0.007 vy:-0.0 yaw:0.0] 
1621661008511 [Update odom] 
1621661008523 [vx:-0.0065 vy:-0.0 yaw:0.0] 
1621661008611 [Update odom] 
1621661008624 [vx:0.00175 vy:0.0 yaw:0.0] 
1621661008711 [Update odom] 
1621661008724 [vx:-0.014 vy:-0.0 yaw:0.0] 
1621661008811 [Update odom] 
1621661008823 [vx:0.01625 vy:0.0 yaw:0.0] 
1621661008911 [Update odom] 
1621661008924 [vx:-0.00625 vy:-0.0 yaw:0.0] 
1621661009012 [Update odom] 
1621661009023 [vx:0.00925 vy:0.0 yaw:0.0] 
1621661009112 [Update odom] 
1621661009123 [vx:0.00875 vy:0.0 yaw:0.0] 
1621661009211 [Update odom] 
1621661009224 [vx:0.0245 vy:0.0 yaw:0.0] 
1621661009311 [Update odom] 
1621661009328 [vx:0.0005 vy:0.0 yaw:0.0] 
1621661009411 [Update odom] 
1621661009423 [vx:0.00175 vy:0.0 yaw:0.0] 
1621661009511 [Update odom] 
1621661009523 [vx:-0.0055 vy:-0.0 yaw:0.0] 
1621661009611 [Update odom] 
1621661009623 [vx:-0.02225 vy:-0.0 yaw:0.0] 
1621661009711 [Update odom] 
1621661009724 [vx:0.0095 vy:0.0 yaw:0.0] 
1621661009811 [Update odom] 
1621661009823 [vx:0.00875 vy:0.0 yaw:0.0] 
1621661009911 [Update odom] 
1621661009928 [vx:0.00125 vy:0.0 yaw:0.0] 
1621661010011 [Update odom] 
1621661010023 [vx:-0.014 vy:-0.0 yaw:0.0] 
1621661010111 [Update odom] 
1621661010123 [vx:-0.014 vy:-0.0 yaw:0.0] 
1621661010174 [log_latest_command] [[ b y t e a r r a y ( b ' \ x a a \ x f f \ x a 0 \ x 0 2 I \ x 0 f \ x 0 e ' ) ]] 
1621661010211 [Update odom] 
1621661010224 [vx:-0.0225 vy:-0.0 yaw:0.0] 
1621661010311 [Update odom] 
1621661010323 [vx:0.0 vy:0.0 yaw:0.0] 
1621661010411 [Update odom] 
1621661010423 [vx:0.0 vy:0.0 yaw:0.0] 
1621661010511 [Update odom] 
1621661010523 [vx:0.0 vy:0.0 yaw:0.0] 
1621661010611 [Update odom] 
1621661010624 [vx:-0.008 vy:-0.0 yaw:0.0] 
1621661010711 [Update odom] 
1621661010724 [vx:0.0 vy:0.0 yaw:0.0] 
1621661010811 [Update odom] 
1621661010823 [vx:-0.008 vy:-0.0 yaw:0.0] 
1621661010911 [Update odom] 
1621661010924 [vx:0.008 vy:0.0 yaw:0.0] 
1621661011011 [Update odom] 
1621661011024 [vx:0.0 vy:0.0 yaw:0.0] 
1621661011111 [Update odom] 
1621661011124 [vx:0.0 vy:0.0 yaw:0.0] 
1621661011211 [Update odom] 
1621661011224 [vx:0.008 vy:0.0 yaw:0.0] 
1621661011311 [Update odom] 
1621661011323 [vx:0.0 vy:0.0 yaw:0.0] 
1621661011411 [Update odom] 
1621661011424 [vx:0.0 vy:0.0 yaw:0.0] 
1621661011511 [Update odom] 
1621661011523 [vx:0.0 vy:0.0 yaw:0.0] 
1621661011611 [Update odom] 
1621661011626 [vx:0.0 vy:0.0 yaw:0.0] 
1621661011711 [Update odom] 
1621661011723 [vx:-0.008 vy:-0.0 yaw:0.0] 
1621661011811 [Update odom] 
1621661011824 [vx:0.0 vy:0.0 yaw:0.0] 
1621661011912 [Update odom] 
1621661011923 [vx:-0.008 vy:-0.0 yaw:0.0] 
1621661012011 [Update odom] 
1621661012024 [vx:0.008 vy:0.0 yaw:0.0] 
1621661012111 [Update odom] 
1621661012123 [vx:0.0 vy:0.0 yaw:0.0] 
1621661012211 [Update odom] 
1621661012224 [vx:0.0 vy:0.0 yaw:0.0] 
1621661012311 [Update odom] 
1621661012328 [vx:0.008 vy:0.0 yaw:0.0] 
1621661012411 [Update odom] 
1621661012424 [vx:0.0 vy:0.0 yaw:0.0] 
1621661012511 [Update odom] 
1621661012523 [vx:0.0 vy:0.0 yaw:0.0] 
1621661012611 [Update odom] 
1621661012624 [vx:0.0 vy:0.0 yaw:0.0] 
1621661012711 [Update odom] 
1621661012724 [vx:0.0 vy:0.0 yaw:0.0] 
1621661012811 [Update odom] 
1621661012827 [vx:-0.008 vy:-0.0 yaw:0.0] 
1621661012911 [Update odom] 
1621661012925 [vx:0.0 vy:0.0 yaw:0.0] 
1621661013011 [Update odom] 
1621661013023 [vx:-0.008 vy:-0.0 yaw:0.0] 
1621661013111 [Update odom] 
1621661013124 [vx:0.008 vy:0.0 yaw:0.0] 
1621661013211 [Update odom] 
1621661013223 [vx:0.0 vy:0.0 yaw:0.0] 
1621661013311 [Update odom] 
1621661013328 [vx:0.0 vy:0.0 yaw:0.0] 
1621661013411 [Update odom] 
1621661013424 [vx:0.008 vy:0.0 yaw:0.0] 
1621661013511 [Update odom] 
1621661013528 [vx:0.0 vy:0.0 yaw:0.0] 
1621661013611 [Update odom] 
1621661013624 [vx:0.0 vy:0.0 yaw:0.0] 
1621661013711 [Update odom] 
1621661013724 [vx:0.0 vy:0.0 yaw:0.0] 
1621661013811 [Update odom] 
1621661013824 [vx:0.0 vy:0.0 yaw:0.0] 
1621661013911 [Update odom] 
1621661013924 [vx:-0.008 vy:-0.0 yaw:0.0] 
1621661014011 [Update odom] 
1621661014024 [vx:0.0 vy:0.0 yaw:0.0] 
1621661014111 [Update odom] 
1621661014126 [vx:-0.008 vy:-0.0 yaw:0.0] 
1621661014213 [Update odom] 
1621661014224 [vx:0.008 vy:0.0 yaw:0.0] 
1621661014311 [Update odom] 
1621661014323 [vx:0.0 vy:0.0 yaw:0.0] 
1621661014413 [Update odom] 
1621661014423 [vx:0.0 vy:0.0 yaw:0.0] 
1621661014511 [Update odom] 
1621661014524 [vx:0.008 vy:0.0 yaw:0.0] 
1621661014611 [Update odom] 
1621661014623 [vx:0.0 vy:0.0 yaw:0.0] 
1621661014711 [Update odom] 
1621661014724 [vx:0.0 vy:0.0 yaw:0.0] 
1621661014814 [Update odom] 
1621661014828 [vx:0.0 vy:0.0 yaw:0.0] 
1621661014911 [Update odom] 
1621661014928 [vx:0.0 vy:0.0 yaw:0.0] 
1621661015011 [Update odom] 
1621661015024 [vx:-0.008 vy:-0.0 yaw:0.0] 
1621661015111 [Update odom] 
1621661015128 [vx:0.0 vy:0.0 yaw:0.0] 
1621661015211 [Update odom] 
1621661015223 [vx:-0.008 vy:-0.0 yaw:0.0] 
1621661015311 [Update odom] 
1621661015323 [vx:0.008 vy:0.0 yaw:0.0] 
1621661015411 [Update odom] 
1621661015423 [vx:0.0 vy:0.0 yaw:0.0] 
1621661015514 [Update odom] 
1621661015528 [vx:0.0 vy:0.0 yaw:0.0] 
1621661015611 [Update odom] 
1621661015623 [vx:0.008 vy:0.0 yaw:0.0] 
