1620579028258 [Opening serial port: /dev/ttyTHS1.] 
1620579028570 [The robot is connected to ] [/dev/ttyTHS1] 
1620579028570 [Initial robot's topic...] 
1620579028577 [Start initializing navigation] 
1620579028577 [Start initializing navigation topic] 
1620579028625 [Initialization navigation topic finished] 
1620579028630 [Initialization navigation finished] 
1620579076306 [Data from: [.]] 
1620579076307 [handle_key_command@Exception] [Traceback (most recent call last):
  File "/home/khoixx/dev_ros1_ws/src/execute/src/Robot.py", line 83, in handle_command
    self.set_speed([self._current_speed,-self._current_speed])
  File "/home/khoixx/dev_ros1_ws/src/execute/src/robot_control.py", line 300, in set_speed
    self.__robot_serial.set_speed(speed_data)
  File "/home/khoixx/dev_ros1_ws/src/execute/src/robot_command.py", line 140, in set_speed
    self.write_command(command)
  File "/home/khoixx/dev_ros1_ws/src/execute/src/robot_command.py", line 81, in write_command
    count += 1
UnboundLocalError: local variable 'count' referenced before assignment
] 
1620579077847 [log_latest_command] [[ b y t e a r r a y ( b ' \ x a a \ x f f \ x a 2 \ x a 0 \ x 0 f \ x 0 0 \ x a 0 \ x 0 f \ x f f \ x 0 4 \ x a 8 \ n \ r ' ) ]] 
1620579077847 [Data from: [r]] 
1620579081418 [Data from: [s]] 
1620579081419 [handle_key_command@Exception] [Traceback (most recent call last):
  File "/home/khoixx/dev_ros1_ws/src/execute/src/Robot.py", line 99, in handle_command
    self.release_motor()
  File "/home/khoixx/dev_ros1_ws/src/execute/src/robot_control.py", line 206, in release_motor
    self.__robot_serial.set_stop()
  File "/home/khoixx/dev_ros1_ws/src/execute/src/robot_command.py", line 145, in set_stop
    self.write_command(self.command)
  File "/home/khoixx/dev_ros1_ws/src/execute/src/robot_command.py", line 81, in write_command
    count += 1
UnboundLocalError: local variable 'count' referenced before assignment
] 
1620579083535 [log_latest_command] [[ b y t e a r r a y ( b ' \ x a a \ x f f \ x a 5 \ x 0 2 N \ n \ r ' ) ]] 
1620579083535 [Data from: [.]] 
1620579083535 [handle_key_command@Exception] [Traceback (most recent call last):
  File "/home/khoixx/dev_ros1_ws/src/execute/src/Robot.py", line 83, in handle_command
    self.set_speed([self._current_speed,-self._current_speed])
  File "/home/khoixx/dev_ros1_ws/src/execute/src/robot_control.py", line 300, in set_speed
    self.__robot_serial.set_speed(speed_data)
  File "/home/khoixx/dev_ros1_ws/src/execute/src/robot_command.py", line 140, in set_speed
    self.write_command(command)
  File "/home/khoixx/dev_ros1_ws/src/execute/src/robot_command.py", line 81, in write_command
    count += 1
UnboundLocalError: local variable 'count' referenced before assignment
] 
1620579083858 [log_latest_command] [[ b y t e a r r a y ( b ' \ x a a \ x f f \ x a 2 \ x d 0 \ x 0 7 \ x 0 0 \ x d 0 \ x 0 7 \ x f f \ x 0 4 \ x f 8 \ n \ r ' ) ]] 
1620579083858 [Data from: [s]] 
1620579083858 [handle_key_command@Exception] [Traceback (most recent call last):
  File "/home/khoixx/dev_ros1_ws/src/execute/src/Robot.py", line 99, in handle_command
    self.release_motor()
  File "/home/khoixx/dev_ros1_ws/src/execute/src/robot_control.py", line 206, in release_motor
    self.__robot_serial.set_stop()
  File "/home/khoixx/dev_ros1_ws/src/execute/src/robot_command.py", line 145, in set_stop
    self.write_command(self.command)
  File "/home/khoixx/dev_ros1_ws/src/execute/src/robot_command.py", line 81, in write_command
    count += 1
UnboundLocalError: local variable 'count' referenced before assignment
] 
1620579090771 [log_latest_command] [[ b y t e a r r a y ( b ' \ x a a \ x f f \ x a 5 \ x 0 2 N \ n \ r ' ) ]] 
1620579090771 [Data from: [.]] 
1620579090771 [handle_key_command@Exception] [Traceback (most recent call last):
  File "/home/khoixx/dev_ros1_ws/src/execute/src/Robot.py", line 83, in handle_command
    self.set_speed([self._current_speed,-self._current_speed])
  File "/home/khoixx/dev_ros1_ws/src/execute/src/robot_control.py", line 300, in set_speed
    self.__robot_serial.set_speed(speed_data)
  File "/home/khoixx/dev_ros1_ws/src/execute/src/robot_command.py", line 140, in set_speed
    self.write_command(command)
  File "/home/khoixx/dev_ros1_ws/src/execute/src/robot_command.py", line 81, in write_command
    count += 1
UnboundLocalError: local variable 'count' referenced before assignment
] 
1620579105964 [log_latest_command] [[ b y t e a r r a y ( b ' \ x a a \ x f f \ x a 2 \ x d 0 \ x 0 7 \ x 0 0 \ x d 0 \ x 0 7 \ x f f \ x 0 4 \ x f 8 \ n \ r ' ) ]] 
1620579105964 [Data from: [s]] 
1620579105965 [handle_key_command@Exception] [Traceback (most recent call last):
  File "/home/khoixx/dev_ros1_ws/src/execute/src/Robot.py", line 99, in handle_command
    self.release_motor()
  File "/home/khoixx/dev_ros1_ws/src/execute/src/robot_control.py", line 206, in release_motor
    self.__robot_serial.set_stop()
  File "/home/khoixx/dev_ros1_ws/src/execute/src/robot_command.py", line 145, in set_stop
    self.write_command(self.command)
  File "/home/khoixx/dev_ros1_ws/src/execute/src/robot_command.py", line 81, in write_command
    count += 1
UnboundLocalError: local variable 'count' referenced before assignment
] 
1620579106941 [log_latest_command] [[ b y t e a r r a y ( b ' \ x a a \ x f f \ x a 5 \ x 0 2 N \ n \ r ' ) ]] 
1620579106941 [Data from: [s]] 
1620579106941 [handle_key_command@Exception] [Traceback (most recent call last):
  File "/home/khoixx/dev_ros1_ws/src/execute/src/Robot.py", line 99, in handle_command
    self.release_motor()
  File "/home/khoixx/dev_ros1_ws/src/execute/src/robot_control.py", line 206, in release_motor
    self.__robot_serial.set_stop()
  File "/home/khoixx/dev_ros1_ws/src/execute/src/robot_command.py", line 145, in set_stop
    self.write_command(self.command)
  File "/home/khoixx/dev_ros1_ws/src/execute/src/robot_command.py", line 81, in write_command
    count += 1
UnboundLocalError: local variable 'count' referenced before assignment
] 
1620579107615 [log_latest_command] [[ b y t e a r r a y ( b ' \ x a a \ x f f \ x a 5 \ x 0 2 N \ n \ r ' ) ]] 
1620579107615 [Data from: [s]] 
1620579107617 [handle_key_command@Exception] [Traceback (most recent call last):
  File "/home/khoixx/dev_ros1_ws/src/execute/src/Robot.py", line 99, in handle_command
    self.release_motor()
  File "/home/khoixx/dev_ros1_ws/src/execute/src/robot_control.py", line 206, in release_motor
    self.__robot_serial.set_stop()
  File "/home/khoixx/dev_ros1_ws/src/execute/src/robot_command.py", line 145, in set_stop
    self.write_command(self.command)
  File "/home/khoixx/dev_ros1_ws/src/execute/src/robot_command.py", line 81, in write_command
    count += 1
UnboundLocalError: local variable 'count' referenced before assignment
] 
1620579107822 [log_latest_command] [[ b y t e a r r a y ( b ' \ x a a \ x f f \ x a 5 \ x 0 2 N \ n \ r ' ) ]] 
1620579107822 [Data from: [s]] 
1620579107822 [handle_key_command@Exception] [Traceback (most recent call last):
  File "/home/khoixx/dev_ros1_ws/src/execute/src/Robot.py", line 99, in handle_command
    self.release_motor()
  File "/home/khoixx/dev_ros1_ws/src/execute/src/robot_control.py", line 206, in release_motor
    self.__robot_serial.set_stop()
  File "/home/khoixx/dev_ros1_ws/src/execute/src/robot_command.py", line 145, in set_stop
    self.write_command(self.command)
  File "/home/khoixx/dev_ros1_ws/src/execute/src/robot_command.py", line 81, in write_command
    count += 1
UnboundLocalError: local variable 'count' referenced before assignment
] 
1620579108137 [log_latest_command] [[ b y t e a r r a y ( b ' \ x a a \ x f f \ x a 5 \ x 0 2 N \ n \ r ' ) ]] 
1620579108137 [Data from: [s]] 
1620579108138 [handle_key_command@Exception] [Traceback (most recent call last):
  File "/home/khoixx/dev_ros1_ws/src/execute/src/Robot.py", line 99, in handle_command
    self.release_motor()
  File "/home/khoixx/dev_ros1_ws/src/execute/src/robot_control.py", line 206, in release_motor
    self.__robot_serial.set_stop()
  File "/home/khoixx/dev_ros1_ws/src/execute/src/robot_command.py", line 145, in set_stop
    self.write_command(self.command)
  File "/home/khoixx/dev_ros1_ws/src/execute/src/robot_command.py", line 81, in write_command
    count += 1
UnboundLocalError: local variable 'count' referenced before assignment
] 
1620579109097 [log_latest_command] [[ b y t e a r r a y ( b ' \ x a a \ x f f \ x a 5 \ x 0 2 N \ n \ r ' ) ]] 
1620579109097 [Data from: [w]] 
1620579109097 [handle_key_command@Exception] [Traceback (most recent call last):
  File "/home/khoixx/dev_ros1_ws/src/execute/src/Robot.py", line 106, in handle_command
    self.set_speed([self._current_speed, self._current_speed])
  File "/home/khoixx/dev_ros1_ws/src/execute/src/robot_control.py", line 300, in set_speed
    self.__robot_serial.set_speed(speed_data)
  File "/home/khoixx/dev_ros1_ws/src/execute/src/robot_command.py", line 140, in set_speed
    self.write_command(command)
  File "/home/khoixx/dev_ros1_ws/src/execute/src/robot_command.py", line 81, in write_command
    count += 1
UnboundLocalError: local variable 'count' referenced before assignment
] 
1620579109423 [log_latest_command] [[ b y t e a r r a y ( b ' \ x a a \ x f f \ x a 2 \ x d 0 \ x 0 7 \ x 0 0 \ x d 0 \ x 0 7 \ x 0 0 \ x 0 3 \ x f 9 \ n \ r ' ) ]] 
1620579109423 [Data from: [a]] 
1620579109423 [handle_key_command@Exception] [Traceback (most recent call last):
  File "/home/khoixx/dev_ros1_ws/src/execute/src/Robot.py", line 89, in handle_command
    self.set_speed([self.direction * self._current_speed * 0.2, self.direction * self._current_speed])
  File "/home/khoixx/dev_ros1_ws/src/execute/src/robot_control.py", line 300, in set_speed
    self.__robot_serial.set_speed(speed_data)
  File "/home/khoixx/dev_ros1_ws/src/execute/src/robot_command.py", line 140, in set_speed
    self.write_command(command)
  File "/home/khoixx/dev_ros1_ws/src/execute/src/robot_command.py", line 81, in write_command
    count += 1
UnboundLocalError: local variable 'count' referenced before assignment
] 
1620579110407 [log_latest_command] [[ b y t e a r r a y ( b ' \ x a a \ x f f \ x a 2 \ x 9 0 \ x 0 1 \ x 0 0 \ x d 0 \ x 0 7 \ x 0 0 \ x 0 3 \ x b 3 \ n \ r ' ) ]] 
1620579110407 [Data from: [a]] 
1620579110407 [handle_key_command@Exception] [Traceback (most recent call last):
  File "/home/khoixx/dev_ros1_ws/src/execute/src/Robot.py", line 89, in handle_command
    self.set_speed([self.direction * self._current_speed * 0.2, self.direction * self._current_speed])
  File "/home/khoixx/dev_ros1_ws/src/execute/src/robot_control.py", line 300, in set_speed
    self.__robot_serial.set_speed(speed_data)
  File "/home/khoixx/dev_ros1_ws/src/execute/src/robot_command.py", line 140, in set_speed
    self.write_command(command)
  File "/home/khoixx/dev_ros1_ws/src/execute/src/robot_command.py", line 81, in write_command
    count += 1
UnboundLocalError: local variable 'count' referenced before assignment
] 
1620579111967 [log_latest_command] [[ b y t e a r r a y ( b ' \ x a a \ x f f \ x a 2 \ x 9 0 \ x 0 1 \ x 0 0 \ x d 0 \ x 0 7 \ x 0 0 \ x 0 3 \ x b 3 \ n \ r ' ) ]] 
1620579111967 [Data from: [d]] 
1620579111968 [handle_key_command@Exception] [Traceback (most recent call last):
  File "/home/khoixx/dev_ros1_ws/src/execute/src/Robot.py", line 95, in handle_command
    self.set_speed([self.direction * self._current_speed, self.direction * self._current_speed * 0.2])
  File "/home/khoixx/dev_ros1_ws/src/execute/src/robot_control.py", line 300, in set_speed
    self.__robot_serial.set_speed(speed_data)
  File "/home/khoixx/dev_ros1_ws/src/execute/src/robot_command.py", line 140, in set_speed
    self.write_command(command)
  File "/home/khoixx/dev_ros1_ws/src/execute/src/robot_command.py", line 81, in write_command
    count += 1
UnboundLocalError: local variable 'count' referenced before assignment
] 
1620579113152 [log_latest_command] [[ b y t e a r r a y ( b ' \ x a a \ x f f \ x a 2 \ x d 0 \ x 0 7 \ x 0 0 \ x 9 0 \ x 0 1 \ x 0 0 \ x 0 3 \ x b 3 \ n \ r ' ) ]] 
1620579113152 [Data from: [d]] 
1620579113153 [handle_key_command@Exception] [Traceback (most recent call last):
  File "/home/khoixx/dev_ros1_ws/src/execute/src/Robot.py", line 95, in handle_command
    self.set_speed([self.direction * self._current_speed, self.direction * self._current_speed * 0.2])
  File "/home/khoixx/dev_ros1_ws/src/execute/src/robot_control.py", line 300, in set_speed
    self.__robot_serial.set_speed(speed_data)
  File "/home/khoixx/dev_ros1_ws/src/execute/src/robot_command.py", line 140, in set_speed
    self.write_command(command)
  File "/home/khoixx/dev_ros1_ws/src/execute/src/robot_command.py", line 81, in write_command
    count += 1
UnboundLocalError: local variable 'count' referenced before assignment
] 
1620579116457 [log_latest_command] [[ b y t e a r r a y ( b ' \ x a a \ x f f \ x a 2 \ x d 0 \ x 0 7 \ x 0 0 \ x 9 0 \ x 0 1 \ x 0 0 \ x 0 3 \ x b 3 \ n \ r ' ) ]] 
1620579116457 [Data from: [a]] 
1620579116457 [handle_key_command@Exception] [Traceback (most recent call last):
  File "/home/khoixx/dev_ros1_ws/src/execute/src/Robot.py", line 89, in handle_command
    self.set_speed([self.direction * self._current_speed * 0.2, self.direction * self._current_speed])
  File "/home/khoixx/dev_ros1_ws/src/execute/src/robot_control.py", line 300, in set_speed
    self.__robot_serial.set_speed(speed_data)
  File "/home/khoixx/dev_ros1_ws/src/execute/src/robot_command.py", line 140, in set_speed
    self.write_command(command)
  File "/home/khoixx/dev_ros1_ws/src/execute/src/robot_command.py", line 81, in write_command
    count += 1
UnboundLocalError: local variable 'count' referenced before assignment
] 
1620579118923 [log_latest_command] [[ b y t e a r r a y ( b ' \ x a a \ x f f \ x a 2 \ x 9 0 \ x 0 1 \ x 0 0 \ x d 0 \ x 0 7 \ x 0 0 \ x 0 3 \ x b 3 \ n \ r ' ) ]] 
1620579118923 [Data from: [w]] 
1620579118923 [handle_key_command@Exception] [Traceback (most recent call last):
  File "/home/khoixx/dev_ros1_ws/src/execute/src/Robot.py", line 106, in handle_command
    self.set_speed([self._current_speed, self._current_speed])
  File "/home/khoixx/dev_ros1_ws/src/execute/src/robot_control.py", line 300, in set_speed
    self.__robot_serial.set_speed(speed_data)
  File "/home/khoixx/dev_ros1_ws/src/execute/src/robot_command.py", line 140, in set_speed
    self.write_command(command)
  File "/home/khoixx/dev_ros1_ws/src/execute/src/robot_command.py", line 81, in write_command
    count += 1
UnboundLocalError: local variable 'count' referenced before assignment
] 
1620579120109 [log_latest_command] [[ b y t e a r r a y ( b ' \ x a a \ x f f \ x a 2 \ x d 0 \ x 0 7 \ x 0 0 \ x d 0 \ x 0 7 \ x 0 0 \ x 0 3 \ x f 9 \ n \ r ' ) ]] 
1620579120109 [Data from: [w]] 
1620579120109 [handle_key_command@Exception] [Traceback (most recent call last):
  File "/home/khoixx/dev_ros1_ws/src/execute/src/Robot.py", line 106, in handle_command
    self.set_speed([self._current_speed, self._current_speed])
  File "/home/khoixx/dev_ros1_ws/src/execute/src/robot_control.py", line 300, in set_speed
    self.__robot_serial.set_speed(speed_data)
  File "/home/khoixx/dev_ros1_ws/src/execute/src/robot_command.py", line 140, in set_speed
    self.write_command(command)
  File "/home/khoixx/dev_ros1_ws/src/execute/src/robot_command.py", line 81, in write_command
    count += 1
UnboundLocalError: local variable 'count' referenced before assignment
] 
1620579120745 [log_latest_command] [[ b y t e a r r a y ( b ' \ x a a \ x f f \ x a 2 \ x d 0 \ x 0 7 \ x 0 0 \ x d 0 \ x 0 7 \ x 0 0 \ x 0 3 \ x f 9 \ n \ r ' ) ]] 
1620579120745 [Data from: [a]] 
1620579120745 [handle_key_command@Exception] [Traceback (most recent call last):
  File "/home/khoixx/dev_ros1_ws/src/execute/src/Robot.py", line 89, in handle_command
    self.set_speed([self.direction * self._current_speed * 0.2, self.direction * self._current_speed])
  File "/home/khoixx/dev_ros1_ws/src/execute/src/robot_control.py", line 300, in set_speed
    self.__robot_serial.set_speed(speed_data)
  File "/home/khoixx/dev_ros1_ws/src/execute/src/robot_command.py", line 140, in set_speed
    self.write_command(command)
  File "/home/khoixx/dev_ros1_ws/src/execute/src/robot_command.py", line 81, in write_command
    count += 1
UnboundLocalError: local variable 'count' referenced before assignment
] 
1620579121400 [log_latest_command] [[ b y t e a r r a y ( b ' \ x a a \ x f f \ x a 2 \ x 9 0 \ x 0 1 \ x 0 0 \ x d 0 \ x 0 7 \ x 0 0 \ x 0 3 \ x b 3 \ n \ r ' ) ]] 
1620579121400 [Data from: [s]] 
1620579121400 [handle_key_command@Exception] [Traceback (most recent call last):
  File "/home/khoixx/dev_ros1_ws/src/execute/src/Robot.py", line 99, in handle_command
    self.release_motor()
  File "/home/khoixx/dev_ros1_ws/src/execute/src/robot_control.py", line 206, in release_motor
    self.__robot_serial.set_stop()
  File "/home/khoixx/dev_ros1_ws/src/execute/src/robot_command.py", line 145, in set_stop
    self.write_command(self.command)
  File "/home/khoixx/dev_ros1_ws/src/execute/src/robot_command.py", line 81, in write_command
    count += 1
UnboundLocalError: local variable 'count' referenced before assignment
] 
1620579121888 [log_latest_command] [[ b y t e a r r a y ( b ' \ x a a \ x f f \ x a 5 \ x 0 2 N \ n \ r ' ) ]] 
1620579121888 [Data from: [a]] 
1620579121889 [handle_key_command@Exception] [Traceback (most recent call last):
  File "/home/khoixx/dev_ros1_ws/src/execute/src/Robot.py", line 89, in handle_command
    self.set_speed([self.direction * self._current_speed * 0.2, self.direction * self._current_speed])
  File "/home/khoixx/dev_ros1_ws/src/execute/src/robot_control.py", line 300, in set_speed
    self.__robot_serial.set_speed(speed_data)
  File "/home/khoixx/dev_ros1_ws/src/execute/src/robot_command.py", line 140, in set_speed
    self.write_command(command)
  File "/home/khoixx/dev_ros1_ws/src/execute/src/robot_command.py", line 81, in write_command
    count += 1
UnboundLocalError: local variable 'count' referenced before assignment
] 
1620579122551 [log_latest_command] [[ b y t e a r r a y ( b ' \ x a a \ x f f \ x a 2 \ x 9 0 \ x 0 1 \ x 0 0 \ x d 0 \ x 0 7 \ x 0 0 \ x 0 3 \ x b 3 \ n \ r ' ) ]] 
1620579122551 [Data from: [a]] 
1620579122552 [handle_key_command@Exception] [Traceback (most recent call last):
  File "/home/khoixx/dev_ros1_ws/src/execute/src/Robot.py", line 89, in handle_command
    self.set_speed([self.direction * self._current_speed * 0.2, self.direction * self._current_speed])
  File "/home/khoixx/dev_ros1_ws/src/execute/src/robot_control.py", line 300, in set_speed
    self.__robot_serial.set_speed(speed_data)
  File "/home/khoixx/dev_ros1_ws/src/execute/src/robot_command.py", line 140, in set_speed
    self.write_command(command)
  File "/home/khoixx/dev_ros1_ws/src/execute/src/robot_command.py", line 81, in write_command
    count += 1
UnboundLocalError: local variable 'count' referenced before assignment
] 
1620579122810 [log_latest_command] [[ b y t e a r r a y ( b ' \ x a a \ x f f \ x a 2 \ x 9 0 \ x 0 1 \ x 0 0 \ x d 0 \ x 0 7 \ x 0 0 \ x 0 3 \ x b 3 \ n \ r ' ) ]] 
1620579122810 [Data from: [s]] 
1620579122811 [handle_key_command@Exception] [Traceback (most recent call last):
  File "/home/khoixx/dev_ros1_ws/src/execute/src/Robot.py", line 99, in handle_command
    self.release_motor()
  File "/home/khoixx/dev_ros1_ws/src/execute/src/robot_control.py", line 206, in release_motor
    self.__robot_serial.set_stop()
  File "/home/khoixx/dev_ros1_ws/src/execute/src/robot_command.py", line 145, in set_stop
    self.write_command(self.command)
  File "/home/khoixx/dev_ros1_ws/src/execute/src/robot_command.py", line 81, in write_command
    count += 1
UnboundLocalError: local variable 'count' referenced before assignment
] 
1620579123673 [log_latest_command] [[ b y t e a r r a y ( b ' \ x a a \ x f f \ x a 5 \ x 0 2 N \ n \ r ' ) ]] 
1620579123673 [Data from: [d]] 
1620579123673 [handle_key_command@Exception] [Traceback (most recent call last):
  File "/home/khoixx/dev_ros1_ws/src/execute/src/Robot.py", line 95, in handle_command
    self.set_speed([self.direction * self._current_speed, self.direction * self._current_speed * 0.2])
  File "/home/khoixx/dev_ros1_ws/src/execute/src/robot_control.py", line 300, in set_speed
    self.__robot_serial.set_speed(speed_data)
  File "/home/khoixx/dev_ros1_ws/src/execute/src/robot_command.py", line 140, in set_speed
    self.write_command(command)
  File "/home/khoixx/dev_ros1_ws/src/execute/src/robot_command.py", line 81, in write_command
    count += 1
UnboundLocalError: local variable 'count' referenced before assignment
] 
1620579124824 [log_latest_command] [[ b y t e a r r a y ( b ' \ x a a \ x f f \ x a 2 \ x d 0 \ x 0 7 \ x 0 0 \ x 9 0 \ x 0 1 \ x 0 0 \ x 0 3 \ x b 3 \ n \ r ' ) ]] 
1620579124824 [Data from: [s]] 
1620579124824 [handle_key_command@Exception] [Traceback (most recent call last):
  File "/home/khoixx/dev_ros1_ws/src/execute/src/Robot.py", line 99, in handle_command
    self.release_motor()
  File "/home/khoixx/dev_ros1_ws/src/execute/src/robot_control.py", line 206, in release_motor
    self.__robot_serial.set_stop()
  File "/home/khoixx/dev_ros1_ws/src/execute/src/robot_command.py", line 145, in set_stop
    self.write_command(self.command)
  File "/home/khoixx/dev_ros1_ws/src/execute/src/robot_command.py", line 81, in write_command
    count += 1
UnboundLocalError: local variable 'count' referenced before assignment
] 
1620579125842 [log_latest_command] [[ b y t e a r r a y ( b ' \ x a a \ x f f \ x a 5 \ x 0 2 N \ n \ r ' ) ]] 
1620579125842 [Data from: [x]] 
1620579125842 [handle_key_command@Exception] [Traceback (most recent call last):
  File "/home/khoixx/dev_ros1_ws/src/execute/src/Robot.py", line 113, in handle_command
    self.set_speed([-self._current_speed, -self._current_speed])
  File "/home/khoixx/dev_ros1_ws/src/execute/src/robot_control.py", line 300, in set_speed
    self.__robot_serial.set_speed(speed_data)
  File "/home/khoixx/dev_ros1_ws/src/execute/src/robot_command.py", line 140, in set_speed
    self.write_command(command)
  File "/home/khoixx/dev_ros1_ws/src/execute/src/robot_command.py", line 81, in write_command
    count += 1
UnboundLocalError: local variable 'count' referenced before assignment
] 
1620579130208 [log_latest_command] [[ b y t e a r r a y ( b ' \ x a a \ x f f \ x a 2 \ x d 0 \ x 0 7 \ x f f \ x d 0 \ x 0 7 \ x f f \ x 0 5 \ x f 7 \ n \ r ' ) ]] 
1620579130208 [Data from: [a]] 
1620579130208 [handle_key_command@Exception] [Traceback (most recent call last):
  File "/home/khoixx/dev_ros1_ws/src/execute/src/Robot.py", line 89, in handle_command
    self.set_speed([self.direction * self._current_speed * 0.2, self.direction * self._current_speed])
  File "/home/khoixx/dev_ros1_ws/src/execute/src/robot_control.py", line 300, in set_speed
    self.__robot_serial.set_speed(speed_data)
  File "/home/khoixx/dev_ros1_ws/src/execute/src/robot_command.py", line 140, in set_speed
    self.write_command(command)
  File "/home/khoixx/dev_ros1_ws/src/execute/src/robot_command.py", line 81, in write_command
    count += 1
UnboundLocalError: local variable 'count' referenced before assignment
] 
1620579132331 [log_latest_command] [[ b y t e a r r a y ( b ' \ x a a \ x f f \ x a 2 \ x 9 0 \ x 0 1 \ x f f \ x d 0 \ x 0 7 \ x f f \ x 0 5 \ x b 1 \ n \ r ' ) ]] 
1620579132331 [Data from: [w]] 
1620579132331 [handle_key_command@Exception] [Traceback (most recent call last):
  File "/home/khoixx/dev_ros1_ws/src/execute/src/Robot.py", line 106, in handle_command
    self.set_speed([self._current_speed, self._current_speed])
  File "/home/khoixx/dev_ros1_ws/src/execute/src/robot_control.py", line 300, in set_speed
    self.__robot_serial.set_speed(speed_data)
  File "/home/khoixx/dev_ros1_ws/src/execute/src/robot_command.py", line 140, in set_speed
    self.write_command(command)
  File "/home/khoixx/dev_ros1_ws/src/execute/src/robot_command.py", line 81, in write_command
    count += 1
UnboundLocalError: local variable 'count' referenced before assignment
] 
1620579134390 [log_latest_command] [[ b y t e a r r a y ( b ' \ x a a \ x f f \ x a 2 \ x d 0 \ x 0 7 \ x 0 0 \ x d 0 \ x 0 7 \ x 0 0 \ x 0 3 \ x f 9 \ n \ r ' ) ]] 
1620579134390 [Data from: [a]] 
1620579134391 [handle_key_command@Exception] [Traceback (most recent call last):
  File "/home/khoixx/dev_ros1_ws/src/execute/src/Robot.py", line 89, in handle_command
    self.set_speed([self.direction * self._current_speed * 0.2, self.direction * self._current_speed])
  File "/home/khoixx/dev_ros1_ws/src/execute/src/robot_control.py", line 300, in set_speed
    self.__robot_serial.set_speed(speed_data)
  File "/home/khoixx/dev_ros1_ws/src/execute/src/robot_command.py", line 140, in set_speed
    self.write_command(command)
  File "/home/khoixx/dev_ros1_ws/src/execute/src/robot_command.py", line 81, in write_command
    count += 1
UnboundLocalError: local variable 'count' referenced before assignment
] 
1620579135160 [log_latest_command] [[ b y t e a r r a y ( b ' \ x a a \ x f f \ x a 2 \ x 9 0 \ x 0 1 \ x 0 0 \ x d 0 \ x 0 7 \ x 0 0 \ x 0 3 \ x b 3 \ n \ r ' ) ]] 
1620579135160 [Data from: [a]] 
1620579135160 [handle_key_command@Exception] [Traceback (most recent call last):
  File "/home/khoixx/dev_ros1_ws/src/execute/src/Robot.py", line 89, in handle_command
    self.set_speed([self.direction * self._current_speed * 0.2, self.direction * self._current_speed])
  File "/home/khoixx/dev_ros1_ws/src/execute/src/robot_control.py", line 300, in set_speed
    self.__robot_serial.set_speed(speed_data)
  File "/home/khoixx/dev_ros1_ws/src/execute/src/robot_command.py", line 140, in set_speed
    self.write_command(command)
  File "/home/khoixx/dev_ros1_ws/src/execute/src/robot_command.py", line 81, in write_command
    count += 1
UnboundLocalError: local variable 'count' referenced before assignment
] 
1620579135677 [log_latest_command] [[ b y t e a r r a y ( b ' \ x a a \ x f f \ x a 2 \ x 9 0 \ x 0 1 \ x 0 0 \ x d 0 \ x 0 7 \ x 0 0 \ x 0 3 \ x b 3 \ n \ r ' ) ]] 
1620579135677 [Data from: [d]] 
1620579135678 [handle_key_command@Exception] [Traceback (most recent call last):
  File "/home/khoixx/dev_ros1_ws/src/execute/src/Robot.py", line 95, in handle_command
    self.set_speed([self.direction * self._current_speed, self.direction * self._current_speed * 0.2])
  File "/home/khoixx/dev_ros1_ws/src/execute/src/robot_control.py", line 300, in set_speed
    self.__robot_serial.set_speed(speed_data)
  File "/home/khoixx/dev_ros1_ws/src/execute/src/robot_command.py", line 140, in set_speed
    self.write_command(command)
  File "/home/khoixx/dev_ros1_ws/src/execute/src/robot_command.py", line 81, in write_command
    count += 1
UnboundLocalError: local variable 'count' referenced before assignment
] 
1620579137658 [log_latest_command] [[ b y t e a r r a y ( b ' \ x a a \ x f f \ x a 2 \ x d 0 \ x 0 7 \ x 0 0 \ x 9 0 \ x 0 1 \ x 0 0 \ x 0 3 \ x b 3 \ n \ r ' ) ]] 
1620579137658 [Data from: [a]] 
1620579137658 [handle_key_command@Exception] [Traceback (most recent call last):
  File "/home/khoixx/dev_ros1_ws/src/execute/src/Robot.py", line 89, in handle_command
    self.set_speed([self.direction * self._current_speed * 0.2, self.direction * self._current_speed])
  File "/home/khoixx/dev_ros1_ws/src/execute/src/robot_control.py", line 300, in set_speed
    self.__robot_serial.set_speed(speed_data)
  File "/home/khoixx/dev_ros1_ws/src/execute/src/robot_command.py", line 140, in set_speed
    self.write_command(command)
  File "/home/khoixx/dev_ros1_ws/src/execute/src/robot_command.py", line 81, in write_command
    count += 1
UnboundLocalError: local variable 'count' referenced before assignment
] 
1620579139018 [log_latest_command] [[ b y t e a r r a y ( b ' \ x a a \ x f f \ x a 2 \ x 9 0 \ x 0 1 \ x 0 0 \ x d 0 \ x 0 7 \ x 0 0 \ x 0 3 \ x b 3 \ n \ r ' ) ]] 
1620579139018 [Data from: [w]] 
1620579139018 [handle_key_command@Exception] [Traceback (most recent call last):
  File "/home/khoixx/dev_ros1_ws/src/execute/src/Robot.py", line 106, in handle_command
    self.set_speed([self._current_speed, self._current_speed])
  File "/home/khoixx/dev_ros1_ws/src/execute/src/robot_control.py", line 300, in set_speed
    self.__robot_serial.set_speed(speed_data)
  File "/home/khoixx/dev_ros1_ws/src/execute/src/robot_command.py", line 140, in set_speed
    self.write_command(command)
  File "/home/khoixx/dev_ros1_ws/src/execute/src/robot_command.py", line 81, in write_command
    count += 1
UnboundLocalError: local variable 'count' referenced before assignment
] 
1620579142098 [log_latest_command] [[ b y t e a r r a y ( b ' \ x a a \ x f f \ x a 2 \ x d 0 \ x 0 7 \ x 0 0 \ x d 0 \ x 0 7 \ x 0 0 \ x 0 3 \ x f 9 \ n \ r ' ) ]] 
1620579142098 [Data from: [a]] 
1620579142098 [handle_key_command@Exception] [Traceback (most recent call last):
  File "/home/khoixx/dev_ros1_ws/src/execute/src/Robot.py", line 89, in handle_command
    self.set_speed([self.direction * self._current_speed * 0.2, self.direction * self._current_speed])
  File "/home/khoixx/dev_ros1_ws/src/execute/src/robot_control.py", line 300, in set_speed
    self.__robot_serial.set_speed(speed_data)
  File "/home/khoixx/dev_ros1_ws/src/execute/src/robot_command.py", line 140, in set_speed
    self.write_command(command)
  File "/home/khoixx/dev_ros1_ws/src/execute/src/robot_command.py", line 81, in write_command
    count += 1
UnboundLocalError: local variable 'count' referenced before assignment
] 
1620579142876 [log_latest_command] [[ b y t e a r r a y ( b ' \ x a a \ x f f \ x a 2 \ x 9 0 \ x 0 1 \ x 0 0 \ x d 0 \ x 0 7 \ x 0 0 \ x 0 3 \ x b 3 \ n \ r ' ) ]] 
1620579142876 [Data from: [s]] 
1620579142877 [handle_key_command@Exception] [Traceback (most recent call last):
  File "/home/khoixx/dev_ros1_ws/src/execute/src/Robot.py", line 99, in handle_command
    self.release_motor()
  File "/home/khoixx/dev_ros1_ws/src/execute/src/robot_control.py", line 206, in release_motor
    self.__robot_serial.set_stop()
  File "/home/khoixx/dev_ros1_ws/src/execute/src/robot_command.py", line 145, in set_stop
    self.write_command(self.command)
  File "/home/khoixx/dev_ros1_ws/src/execute/src/robot_command.py", line 81, in write_command
    count += 1
UnboundLocalError: local variable 'count' referenced before assignment
] 
1620579143723 [log_latest_command] [[ b y t e a r r a y ( b ' \ x a a \ x f f \ x a 5 \ x 0 2 N \ n \ r ' ) ]] 
1620579143723 [Data from: [x]] 
1620579143723 [handle_key_command@Exception] [Traceback (most recent call last):
  File "/home/khoixx/dev_ros1_ws/src/execute/src/Robot.py", line 113, in handle_command
    self.set_speed([-self._current_speed, -self._current_speed])
  File "/home/khoixx/dev_ros1_ws/src/execute/src/robot_control.py", line 300, in set_speed
    self.__robot_serial.set_speed(speed_data)
  File "/home/khoixx/dev_ros1_ws/src/execute/src/robot_command.py", line 140, in set_speed
    self.write_command(command)
  File "/home/khoixx/dev_ros1_ws/src/execute/src/robot_command.py", line 81, in write_command
    count += 1
UnboundLocalError: local variable 'count' referenced before assignment
] 
1620579144489 [log_latest_command] [[ b y t e a r r a y ( b ' \ x a a \ x f f \ x a 2 \ x d 0 \ x 0 7 \ x f f \ x d 0 \ x 0 7 \ x f f \ x 0 5 \ x f 7 \ n \ r ' ) ]] 
1620579144489 [Data from: [a]] 
1620579144489 [handle_key_command@Exception] [Traceback (most recent call last):
  File "/home/khoixx/dev_ros1_ws/src/execute/src/Robot.py", line 89, in handle_command
    self.set_speed([self.direction * self._current_speed * 0.2, self.direction * self._current_speed])
  File "/home/khoixx/dev_ros1_ws/src/execute/src/robot_control.py", line 300, in set_speed
    self.__robot_serial.set_speed(speed_data)
  File "/home/khoixx/dev_ros1_ws/src/execute/src/robot_command.py", line 140, in set_speed
    self.write_command(command)
  File "/home/khoixx/dev_ros1_ws/src/execute/src/robot_command.py", line 81, in write_command
    count += 1
UnboundLocalError: local variable 'count' referenced before assignment
] 
1620579151871 [log_latest_command] [[ b y t e a r r a y ( b ' \ x a a \ x f f \ x a 2 \ x 9 0 \ x 0 1 \ x f f \ x d 0 \ x 0 7 \ x f f \ x 0 5 \ x b 1 \ n \ r ' ) ]] 
1620579151871 [Data from: [w]] 
1620579151871 [handle_key_command@Exception] [Traceback (most recent call last):
  File "/home/khoixx/dev_ros1_ws/src/execute/src/Robot.py", line 106, in handle_command
    self.set_speed([self._current_speed, self._current_speed])
  File "/home/khoixx/dev_ros1_ws/src/execute/src/robot_control.py", line 300, in set_speed
    self.__robot_serial.set_speed(speed_data)
  File "/home/khoixx/dev_ros1_ws/src/execute/src/robot_command.py", line 140, in set_speed
    self.write_command(command)
  File "/home/khoixx/dev_ros1_ws/src/execute/src/robot_command.py", line 81, in write_command
    count += 1
UnboundLocalError: local variable 'count' referenced before assignment
] 
1620579152688 [log_latest_command] [[ b y t e a r r a y ( b ' \ x a a \ x f f \ x a 2 \ x d 0 \ x 0 7 \ x 0 0 \ x d 0 \ x 0 7 \ x 0 0 \ x 0 3 \ x f 9 \ n \ r ' ) ]] 
1620579152688 [Data from: [d]] 
1620579152688 [handle_key_command@Exception] [Traceback (most recent call last):
  File "/home/khoixx/dev_ros1_ws/src/execute/src/Robot.py", line 95, in handle_command
    self.set_speed([self.direction * self._current_speed, self.direction * self._current_speed * 0.2])
  File "/home/khoixx/dev_ros1_ws/src/execute/src/robot_control.py", line 300, in set_speed
    self.__robot_serial.set_speed(speed_data)
  File "/home/khoixx/dev_ros1_ws/src/execute/src/robot_command.py", line 140, in set_speed
    self.write_command(command)
  File "/home/khoixx/dev_ros1_ws/src/execute/src/robot_command.py", line 81, in write_command
    count += 1
UnboundLocalError: local variable 'count' referenced before assignment
] 
1620579155474 [log_latest_command] [[ b y t e a r r a y ( b ' \ x a a \ x f f \ x a 2 \ x d 0 \ x 0 7 \ x 0 0 \ x 9 0 \ x 0 1 \ x 0 0 \ x 0 3 \ x b 3 \ n \ r ' ) ]] 
1620579155474 [Data from: [s]] 
1620579155474 [handle_key_command@Exception] [Traceback (most recent call last):
  File "/home/khoixx/dev_ros1_ws/src/execute/src/Robot.py", line 99, in handle_command
    self.release_motor()
  File "/home/khoixx/dev_ros1_ws/src/execute/src/robot_control.py", line 206, in release_motor
    self.__robot_serial.set_stop()
  File "/home/khoixx/dev_ros1_ws/src/execute/src/robot_command.py", line 145, in set_stop
    self.write_command(self.command)
  File "/home/khoixx/dev_ros1_ws/src/execute/src/robot_command.py", line 81, in write_command
    count += 1
UnboundLocalError: local variable 'count' referenced before assignment
] 
1620579155791 [log_latest_command] [[ b y t e a r r a y ( b ' \ x a a \ x f f \ x a 5 \ x 0 2 N \ n \ r ' ) ]] 
1620579155791 [Data from: [f]] 
1620579156452 [Data from: [f]] 
1620579157128 [Data from: [x]] 
1620579157129 [handle_key_command@Exception] [Traceback (most recent call last):
  File "/home/khoixx/dev_ros1_ws/src/execute/src/Robot.py", line 113, in handle_command
    self.set_speed([-self._current_speed, -self._current_speed])
  File "/home/khoixx/dev_ros1_ws/src/execute/src/robot_control.py", line 300, in set_speed
    self.__robot_serial.set_speed(speed_data)
  File "/home/khoixx/dev_ros1_ws/src/execute/src/robot_command.py", line 140, in set_speed
    self.write_command(command)
  File "/home/khoixx/dev_ros1_ws/src/execute/src/robot_command.py", line 81, in write_command
    count += 1
UnboundLocalError: local variable 'count' referenced before assignment
] 
1620579158408 [log_latest_command] [[ b y t e a r r a y ( b ' \ x a a \ x f f \ x a 2 \ x a 0 \ x 0 f \ x f f \ x a 0 \ x 0 f \ x f f \ x 0 5 \ x a 7 \ n \ r ' ) ]] 
1620579158408 [Data from: [d]] 
1620579158408 [handle_key_command@Exception] [Traceback (most recent call last):
  File "/home/khoixx/dev_ros1_ws/src/execute/src/Robot.py", line 95, in handle_command
    self.set_speed([self.direction * self._current_speed, self.direction * self._current_speed * 0.2])
  File "/home/khoixx/dev_ros1_ws/src/execute/src/robot_control.py", line 300, in set_speed
    self.__robot_serial.set_speed(speed_data)
  File "/home/khoixx/dev_ros1_ws/src/execute/src/robot_command.py", line 140, in set_speed
    self.write_command(command)
  File "/home/khoixx/dev_ros1_ws/src/execute/src/robot_command.py", line 81, in write_command
    count += 1
UnboundLocalError: local variable 'count' referenced before assignment
] 
1620579159641 [log_latest_command] [[ b y t e a r r a y ( b ' \ x a a \ x f f \ x a 2 \ x a 0 \ x 0 f \ x f f   \ x 0 3 \ x f f \ x 0 5 \ x 1 b \ n \ r ' ) ]] 
1620579159641 [Data from: [a]] 
1620579159641 [handle_key_command@Exception] [Traceback (most recent call last):
  File "/home/khoixx/dev_ros1_ws/src/execute/src/Robot.py", line 89, in handle_command
    self.set_speed([self.direction * self._current_speed * 0.2, self.direction * self._current_speed])
  File "/home/khoixx/dev_ros1_ws/src/execute/src/robot_control.py", line 300, in set_speed
    self.__robot_serial.set_speed(speed_data)
  File "/home/khoixx/dev_ros1_ws/src/execute/src/robot_command.py", line 140, in set_speed
    self.write_command(command)
  File "/home/khoixx/dev_ros1_ws/src/execute/src/robot_command.py", line 81, in write_command
    count += 1
UnboundLocalError: local variable 'count' referenced before assignment
] 
1620579164019 [log_latest_command] [[ b y t e a r r a y ( b ' \ x a a \ x f f \ x a 2   \ x 0 3 \ x f f \ x a 0 \ x 0 f \ x f f \ x 0 5 \ x 1 b \ n \ r ' ) ]] 
1620579164020 [Data from: [s]] 
1620579164020 [handle_key_command@Exception] [Traceback (most recent call last):
  File "/home/khoixx/dev_ros1_ws/src/execute/src/Robot.py", line 99, in handle_command
    self.release_motor()
  File "/home/khoixx/dev_ros1_ws/src/execute/src/robot_control.py", line 206, in release_motor
    self.__robot_serial.set_stop()
  File "/home/khoixx/dev_ros1_ws/src/execute/src/robot_command.py", line 145, in set_stop
    self.write_command(self.command)
  File "/home/khoixx/dev_ros1_ws/src/execute/src/robot_command.py", line 81, in write_command
    count += 1
UnboundLocalError: local variable 'count' referenced before assignment
] 
1620579165807 [log_latest_command] [[ b y t e a r r a y ( b ' \ x a a \ x f f \ x a 5 \ x 0 2 N \ n \ r ' ) ]] 
1620579165807 [Data from: [d]] 
1620579165808 [handle_key_command@Exception] [Traceback (most recent call last):
  File "/home/khoixx/dev_ros1_ws/src/execute/src/Robot.py", line 95, in handle_command
    self.set_speed([self.direction * self._current_speed, self.direction * self._current_speed * 0.2])
  File "/home/khoixx/dev_ros1_ws/src/execute/src/robot_control.py", line 300, in set_speed
    self.__robot_serial.set_speed(speed_data)
  File "/home/khoixx/dev_ros1_ws/src/execute/src/robot_command.py", line 140, in set_speed
    self.write_command(command)
  File "/home/khoixx/dev_ros1_ws/src/execute/src/robot_command.py", line 81, in write_command
    count += 1
UnboundLocalError: local variable 'count' referenced before assignment
] 
1620579166250 [log_latest_command] [[ b y t e a r r a y ( b ' \ x a a \ x f f \ x a 2 \ x a 0 \ x 0 f \ x f f   \ x 0 3 \ x f f \ x 0 5 \ x 1 b \ n \ r ' ) ]] 
1620579166250 [Data from: [w]] 
1620579166250 [handle_key_command@Exception] [Traceback (most recent call last):
  File "/home/khoixx/dev_ros1_ws/src/execute/src/Robot.py", line 106, in handle_command
    self.set_speed([self._current_speed, self._current_speed])
  File "/home/khoixx/dev_ros1_ws/src/execute/src/robot_control.py", line 300, in set_speed
    self.__robot_serial.set_speed(speed_data)
  File "/home/khoixx/dev_ros1_ws/src/execute/src/robot_command.py", line 140, in set_speed
    self.write_command(command)
  File "/home/khoixx/dev_ros1_ws/src/execute/src/robot_command.py", line 81, in write_command
    count += 1
UnboundLocalError: local variable 'count' referenced before assignment
] 
1620579166478 [log_latest_command] [[ b y t e a r r a y ( b ' \ x a a \ x f f \ x a 2 \ x a 0 \ x 0 f \ x 0 0 \ x a 0 \ x 0 f \ x 0 0 \ x 0 3 \ x a 9 \ n \ r ' ) ]] 
1620579166478 [Data from: [s]] 
1620579166479 [handle_key_command@Exception] [Traceback (most recent call last):
  File "/home/khoixx/dev_ros1_ws/src/execute/src/Robot.py", line 99, in handle_command
    self.release_motor()
  File "/home/khoixx/dev_ros1_ws/src/execute/src/robot_control.py", line 206, in release_motor
    self.__robot_serial.set_stop()
  File "/home/khoixx/dev_ros1_ws/src/execute/src/robot_command.py", line 145, in set_stop
    self.write_command(self.command)
  File "/home/khoixx/dev_ros1_ws/src/execute/src/robot_command.py", line 81, in write_command
    count += 1
UnboundLocalError: local variable 'count' referenced before assignment
] 
1620579166982 [log_latest_command] [[ b y t e a r r a y ( b ' \ x a a \ x f f \ x a 5 \ x 0 2 N \ n \ r ' ) ]] 
1620579166982 [Data from: [w]] 
1620579166982 [handle_key_command@Exception] [Traceback (most recent call last):
  File "/home/khoixx/dev_ros1_ws/src/execute/src/Robot.py", line 106, in handle_command
    self.set_speed([self._current_speed, self._current_speed])
  File "/home/khoixx/dev_ros1_ws/src/execute/src/robot_control.py", line 300, in set_speed
    self.__robot_serial.set_speed(speed_data)
  File "/home/khoixx/dev_ros1_ws/src/execute/src/robot_command.py", line 140, in set_speed
    self.write_command(command)
  File "/home/khoixx/dev_ros1_ws/src/execute/src/robot_command.py", line 81, in write_command
    count += 1
UnboundLocalError: local variable 'count' referenced before assignment
] 
1620579167338 [log_latest_command] [[ b y t e a r r a y ( b ' \ x a a \ x f f \ x a 2 \ x a 0 \ x 0 f \ x 0 0 \ x a 0 \ x 0 f \ x 0 0 \ x 0 3 \ x a 9 \ n \ r ' ) ]] 
1620579167338 [Data from: [d]] 
1620579167338 [handle_key_command@Exception] [Traceback (most recent call last):
  File "/home/khoixx/dev_ros1_ws/src/execute/src/Robot.py", line 95, in handle_command
    self.set_speed([self.direction * self._current_speed, self.direction * self._current_speed * 0.2])
  File "/home/khoixx/dev_ros1_ws/src/execute/src/robot_control.py", line 300, in set_speed
    self.__robot_serial.set_speed(speed_data)
  File "/home/khoixx/dev_ros1_ws/src/execute/src/robot_command.py", line 140, in set_speed
    self.write_command(command)
  File "/home/khoixx/dev_ros1_ws/src/execute/src/robot_command.py", line 81, in write_command
    count += 1
UnboundLocalError: local variable 'count' referenced before assignment
] 
1620579171449 [log_latest_command] [[ b y t e a r r a y ( b ' \ x a a \ x f f \ x a 2 \ x a 0 \ x 0 f \ x 0 0   \ x 0 3 \ x 0 0 \ x 0 3 \ x 1 d \ n \ r ' ) ]] 
1620579171449 [Data from: [w]] 
1620579171450 [handle_key_command@Exception] [Traceback (most recent call last):
  File "/home/khoixx/dev_ros1_ws/src/execute/src/Robot.py", line 106, in handle_command
    self.set_speed([self._current_speed, self._current_speed])
  File "/home/khoixx/dev_ros1_ws/src/execute/src/robot_control.py", line 300, in set_speed
    self.__robot_serial.set_speed(speed_data)
  File "/home/khoixx/dev_ros1_ws/src/execute/src/robot_command.py", line 140, in set_speed
    self.write_command(command)
  File "/home/khoixx/dev_ros1_ws/src/execute/src/robot_command.py", line 81, in write_command
    count += 1
UnboundLocalError: local variable 'count' referenced before assignment
] 
1620579172715 [log_latest_command] [[ b y t e a r r a y ( b ' \ x a a \ x f f \ x a 2 \ x a 0 \ x 0 f \ x 0 0 \ x a 0 \ x 0 f \ x 0 0 \ x 0 3 \ x a 9 \ n \ r ' ) ]] 
1620579172715 [Data from: [d]] 
1620579172715 [handle_key_command@Exception] [Traceback (most recent call last):
  File "/home/khoixx/dev_ros1_ws/src/execute/src/Robot.py", line 95, in handle_command
    self.set_speed([self.direction * self._current_speed, self.direction * self._current_speed * 0.2])
  File "/home/khoixx/dev_ros1_ws/src/execute/src/robot_control.py", line 300, in set_speed
    self.__robot_serial.set_speed(speed_data)
  File "/home/khoixx/dev_ros1_ws/src/execute/src/robot_command.py", line 140, in set_speed
    self.write_command(command)
  File "/home/khoixx/dev_ros1_ws/src/execute/src/robot_command.py", line 81, in write_command
    count += 1
UnboundLocalError: local variable 'count' referenced before assignment
] 
1620579174511 [log_latest_command] [[ b y t e a r r a y ( b ' \ x a a \ x f f \ x a 2 \ x a 0 \ x 0 f \ x 0 0   \ x 0 3 \ x 0 0 \ x 0 3 \ x 1 d \ n \ r ' ) ]] 
1620579174511 [Data from: [a]] 
1620579174511 [handle_key_command@Exception] [Traceback (most recent call last):
  File "/home/khoixx/dev_ros1_ws/src/execute/src/Robot.py", line 89, in handle_command
    self.set_speed([self.direction * self._current_speed * 0.2, self.direction * self._current_speed])
  File "/home/khoixx/dev_ros1_ws/src/execute/src/robot_control.py", line 300, in set_speed
    self.__robot_serial.set_speed(speed_data)
  File "/home/khoixx/dev_ros1_ws/src/execute/src/robot_command.py", line 140, in set_speed
    self.write_command(command)
  File "/home/khoixx/dev_ros1_ws/src/execute/src/robot_command.py", line 81, in write_command
    count += 1
UnboundLocalError: local variable 'count' referenced before assignment
] 
1620579175265 [log_latest_command] [[ b y t e a r r a y ( b ' \ x a a \ x f f \ x a 2   \ x 0 3 \ x 0 0 \ x a 0 \ x 0 f \ x 0 0 \ x 0 3 \ x 1 d \ n \ r ' ) ]] 
1620579175265 [Data from: [d]] 
1620579175266 [handle_key_command@Exception] [Traceback (most recent call last):
  File "/home/khoixx/dev_ros1_ws/src/execute/src/Robot.py", line 95, in handle_command
    self.set_speed([self.direction * self._current_speed, self.direction * self._current_speed * 0.2])
  File "/home/khoixx/dev_ros1_ws/src/execute/src/robot_control.py", line 300, in set_speed
    self.__robot_serial.set_speed(speed_data)
  File "/home/khoixx/dev_ros1_ws/src/execute/src/robot_command.py", line 140, in set_speed
    self.write_command(command)
  File "/home/khoixx/dev_ros1_ws/src/execute/src/robot_command.py", line 81, in write_command
    count += 1
UnboundLocalError: local variable 'count' referenced before assignment
] 
1620579176511 [log_latest_command] [[ b y t e a r r a y ( b ' \ x a a \ x f f \ x a 2 \ x a 0 \ x 0 f \ x 0 0   \ x 0 3 \ x 0 0 \ x 0 3 \ x 1 d \ n \ r ' ) ]] 
1620579176511 [Data from: [a]] 
1620579176512 [handle_key_command@Exception] [Traceback (most recent call last):
  File "/home/khoixx/dev_ros1_ws/src/execute/src/Robot.py", line 89, in handle_command
    self.set_speed([self.direction * self._current_speed * 0.2, self.direction * self._current_speed])
  File "/home/khoixx/dev_ros1_ws/src/execute/src/robot_control.py", line 300, in set_speed
    self.__robot_serial.set_speed(speed_data)
  File "/home/khoixx/dev_ros1_ws/src/execute/src/robot_command.py", line 140, in set_speed
    self.write_command(command)
  File "/home/khoixx/dev_ros1_ws/src/execute/src/robot_command.py", line 81, in write_command
    count += 1
UnboundLocalError: local variable 'count' referenced before assignment
] 
1620579177497 [log_latest_command] [[ b y t e a r r a y ( b ' \ x a a \ x f f \ x a 2   \ x 0 3 \ x 0 0 \ x a 0 \ x 0 f \ x 0 0 \ x 0 3 \ x 1 d \ n \ r ' ) ]] 
1620579177497 [Data from: [s]] 
1620579177498 [handle_key_command@Exception] [Traceback (most recent call last):
  File "/home/khoixx/dev_ros1_ws/src/execute/src/Robot.py", line 99, in handle_command
    self.release_motor()
  File "/home/khoixx/dev_ros1_ws/src/execute/src/robot_control.py", line 206, in release_motor
    self.__robot_serial.set_stop()
  File "/home/khoixx/dev_ros1_ws/src/execute/src/robot_command.py", line 145, in set_stop
    self.write_command(self.command)
  File "/home/khoixx/dev_ros1_ws/src/execute/src/robot_command.py", line 81, in write_command
    count += 1
UnboundLocalError: local variable 'count' referenced before assignment
] 
