1621070037752 [Opening serial port: /dev/ttyTHS1.] 
1621070038057 [The robot is connected to ] [/dev/ttyTHS1] 
1621070038057 [Initial robot's topic...] 
1621070038073 [Start initializing navigation] 
1621070038073 [Start initializing navigation topic] 
1621070038114 [Initialization navigation topic finished] 
1621070038122 [Initialization navigation finished] 
1621070038126 [Update odom] 
1621070038255 [vx:0.0 vy:0.0 vth:0.0 yaw:0.0] 
1621070038255 [delta_X:0 delta_y:0 status:True] 
1621070038256 [Update odom] 
1621070038367 [vx:0.0 vy:0.0 vth:0.0 yaw:0.0] 
1621070038367 [delta_X:0 delta_y:0 status:True] 
1621070038368 [Update odom] 
1621070038499 [vx:0.0 vy:0.0 vth:0.0 yaw:0.0] 
1621070038499 [delta_X:0 delta_y:0 status:True] 
1621070038500 [Update odom] 
1621070038617 [vx:0.0 vy:0.0 vth:0.0 yaw:0.0] 
1621070038617 [delta_X:0 delta_y:0 status:True] 
1621070038618 [Update odom] 
1621070038742 [vx:0.0 vy:0.0 vth:0.0 yaw:0.0] 
1621070038742 [delta_X:0 delta_y:0 status:True] 
1621070038743 [Update odom] 
1621070038853 [vx:0.0 vy:0.0 vth:0.0 yaw:0.0] 
1621070038853 [delta_X:0 delta_y:0 status:True] 
1621070038854 [Update odom] 
1621070038983 [vx:0.0 vy:0.0 vth:0.0 yaw:0.0] 
1621070038983 [delta_X:0 delta_y:0 status:True] 
1621070038984 [Update odom] 
1621070039093 [vx:0.0 vy:0.0 vth:0.0 yaw:0.0] 
1621070039093 [delta_X:0 delta_y:0 status:True] 
1621070039094 [Update odom] 
1621070039203 [vx:0.0 vy:0.0 vth:0.0 yaw:0.0] 
1621070039204 [delta_X:0 delta_y:0 status:True] 
1621070039204 [Update odom] 
1621070039317 [vx:0.0 vy:0.0 vth:0.0 yaw:0.0] 
1621070039318 [delta_X:0 delta_y:0 status:True] 
1621070039319 [Update odom] 
1621070039429 [vx:0.0 vy:0.0 vth:0.0 yaw:0.0] 
1621070039429 [delta_X:0 delta_y:0 status:True] 
1621070039430 [Update odom] 
1621070039539 [vx:0.0 vy:0.0 vth:0.0 yaw:0.0] 
1621070039539 [delta_X:0 delta_y:0 status:True] 
1621070039540 [Update odom] 
1621070039656 [vx:0.0 vy:0.0 vth:0.0 yaw:0.0] 
1621070039656 [delta_X:0 delta_y:0 status:True] 
1621070039657 [Update odom] 
1621070039766 [vx:0.0 vy:0.0 vth:0.0 yaw:0.0] 
1621070039766 [delta_X:0 delta_y:0 status:True] 
1621070039767 [Update odom] 
1621070039877 [vx:0.0 vy:0.0 vth:0.0 yaw:0.0] 
1621070039877 [delta_X:0 delta_y:0 status:True] 
1621070039878 [Update odom] 
1621070039987 [vx:0.0 vy:0.0 vth:0.0 yaw:0.0] 
1621070039987 [delta_X:0 delta_y:0 status:True] 
1621070039988 [Update odom] 
1621070040097 [vx:0.0 vy:0.0 vth:0.0 yaw:0.0] 
1621070040097 [delta_X:0 delta_y:0 status:True] 
1621070040098 [Update odom] 
1621070040220 [vx:0.0 vy:0.0 vth:0.0 yaw:0.0] 
1621070040220 [delta_X:0 delta_y:0 status:True] 
1621070040222 [Update odom] 
1621070040341 [vx:0.0 vy:0.0 vth:0.0 yaw:0.0] 
1621070040342 [delta_X:0 delta_y:0 status:True] 
1621070040343 [Update odom] 
1621070040460 [vx:0.0 vy:0.0 vth:0.0 yaw:0.0] 
1621070040460 [delta_X:0 delta_y:0 status:True] 
1621070040461 [Update odom] 
1621070040596 [vx:0.0 vy:0.0 vth:0.0 yaw:0.0] 
1621070040596 [delta_X:0 delta_y:0 status:True] 
1621070040599 [Update odom] 
1621070040713 [vx:0.0 vy:0.0 vth:0.0 yaw:0.0] 
1621070040713 [delta_X:0 delta_y:0 status:True] 
1621070040724 [Update odom] 
1621070040855 [vx:0.0 vy:0.0 vth:0.0 yaw:0.0] 
1621070040855 [delta_X:0 delta_y:0 status:True] 
1621070040856 [Update odom] 
1621070040971 [vx:0.0 vy:0.0 vth:0.0 yaw:0.0] 
1621070040971 [delta_X:0 delta_y:0 status:True] 
1621070040972 [Update odom] 
1621070041087 [vx:0.0 vy:0.0 vth:0.0 yaw:0.0] 
1621070041087 [delta_X:0 delta_y:0 status:True] 
1621070041088 [Update odom] 
1621070041203 [vx:0.0 vy:0.0 vth:0.0 yaw:0.0] 
1621070041204 [delta_X:0 delta_y:0 status:True] 
1621070041208 [Update odom] 
1621070041328 [vx:0.0 vy:0.0 vth:0.0 yaw:0.0] 
1621070041328 [delta_X:0 delta_y:0 status:True] 
1621070041330 [Update odom] 
1621070041435 [vx:0.0 vy:0.0 vth:0.0 yaw:0.0] 
1621070041435 [delta_X:0 delta_y:0 status:True] 
1621070041436 [Update odom] 
1621070041542 [vx:0.0 vy:0.0 vth:0.0 yaw:0.0] 
1621070041542 [delta_X:0 delta_y:0 status:True] 
1621070041543 [Update odom] 
1621070041652 [vx:0.0 vy:0.0 vth:0.0 yaw:0.0] 
1621070041652 [delta_X:0 delta_y:0 status:True] 
1621070041653 [Update odom] 
1621070041696 [log_latest_command] [[ b y t e a r r a y ( b ' \ x a a \ x f f \ x a 0 \ x 0 2 I \ x 0 f \ x 0 e ' ) ]] 
1621070041758 [vx:0.0 vy:0.0 vth:0.0 yaw:0.0] 
1621070041758 [delta_X:0.0 delta_y:0.0 status:False] 
1621070041759 [Update odom] 
1621070041864 [vx:0.0 vy:0.0 vth:0.0 yaw:0.0] 
1621070041864 [delta_X:0.0 delta_y:0.0 status:False] 
1621070041865 [Update odom] 
1621070041971 [vx:0.0 vy:0.0 vth:0.0 yaw:0.0] 
1621070041971 [delta_X:0.0 delta_y:0.0 status:False] 
1621070041972 [Update odom] 
1621070042081 [vx:0.0 vy:0.0 vth:0.0 yaw:0.0] 
1621070042081 [delta_X:0 delta_y:0 status:True] 
1621070042082 [Update odom] 
1621070042191 [vx:0.0 vy:0.0 vth:0.0 yaw:0.0] 
1621070042191 [delta_X:0 delta_y:0 status:True] 
1621070042192 [Update odom] 
1621070042301 [vx:0.0 vy:0.0 vth:0.0 yaw:0.0] 
1621070042301 [delta_X:0 delta_y:0 status:True] 
1621070042302 [Update odom] 
1621070042411 [vx:0.0 vy:0.0 vth:0.0 yaw:0.0] 
1621070042411 [delta_X:0 delta_y:0 status:True] 
1621070042413 [Update odom] 
1621070042522 [vx:0.0 vy:0.0 vth:0.0 yaw:0.0] 
1621070042522 [delta_X:0 delta_y:0 status:True] 
1621070042523 [Update odom] 
1621070042633 [vx:0.0 vy:0.0 vth:0.0 yaw:0.0] 
1621070042633 [delta_X:0 delta_y:0 status:True] 
1621070042634 [Update odom] 
1621070042754 [vx:0.0 vy:0.0 vth:0.0 yaw:0.0] 
1621070042754 [delta_X:0 delta_y:0 status:True] 
1621070042755 [Update odom] 
1621070042867 [vx:0.0 vy:0.0 vth:0.0 yaw:0.0] 
1621070042867 [delta_X:0 delta_y:0 status:True] 
1621070042877 [Update odom] 
1621070042990 [vx:0.0 vy:0.0 vth:0.0 yaw:0.0] 
1621070042990 [delta_X:0 delta_y:0 status:True] 
1621070042992 [Update odom] 
1621070043101 [vx:0.0 vy:0.0 vth:0.0 yaw:0.0] 
1621070043101 [delta_X:0 delta_y:0 status:True] 
1621070043102 [Update odom] 
1621070043212 [vx:0.0 vy:0.0 vth:0.0 yaw:0.0] 
1621070043212 [delta_X:0 delta_y:0 status:True] 
1621070043213 [Update odom] 
1621070043328 [vx:0.0 vy:0.0 vth:0.0 yaw:0.0] 
1621070043328 [delta_X:0 delta_y:0 status:True] 
1621070043329 [Update odom] 
1621070043439 [vx:0.0 vy:0.0 vth:0.0 yaw:0.0] 
1621070043439 [delta_X:0 delta_y:0 status:True] 
1621070043441 [Update odom] 
1621070043551 [vx:0.0 vy:0.0 vth:0.0 yaw:0.0] 
1621070043551 [delta_X:0 delta_y:0 status:True] 
1621070043553 [Update odom] 
1621070043667 [vx:0.0 vy:0.0 vth:0.0 yaw:0.0] 
1621070043667 [delta_X:0 delta_y:0 status:True] 
1621070043668 [Update odom] 
1621070043778 [vx:0.0 vy:0.0 vth:0.0 yaw:0.0] 
1621070043778 [delta_X:0 delta_y:0 status:True] 
1621070043779 [Update odom] 
1621070043889 [vx:0.0 vy:0.0 vth:0.0 yaw:0.0] 
1621070043890 [delta_X:0 delta_y:0 status:True] 
1621070043890 [Update odom] 
1621070044004 [vx:0.0 vy:0.0 vth:0.0 yaw:0.0] 
1621070044004 [delta_X:0 delta_y:0 status:True] 
1621070044014 [Update odom] 
1621070044128 [vx:0.0 vy:0.0 vth:0.0 yaw:0.0] 
1621070044128 [delta_X:0 delta_y:0 status:True] 
1621070044129 [Update odom] 
1621070044243 [vx:0.0 vy:0.0 vth:0.0 yaw:0.0] 
1621070044243 [delta_X:0 delta_y:0 status:True] 
1621070044244 [Update odom] 
1621070044361 [vx:0.0 vy:0.0 vth:0.0 yaw:0.0] 
1621070044361 [delta_X:0 delta_y:0 status:True] 
1621070044362 [Update odom] 
1621070044476 [vx:0.0 vy:0.0 vth:0.0 yaw:0.0] 
1621070044476 [delta_X:0 delta_y:0 status:True] 
1621070044477 [Update odom] 
1621070044588 [vx:0.0 vy:0.0 vth:0.0 yaw:0.0] 
1621070044588 [delta_X:0 delta_y:0 status:True] 
1621070044593 [Update odom] 
1621070044711 [vx:0.0 vy:0.0 vth:0.0 yaw:0.0] 
1621070044711 [delta_X:0 delta_y:0 status:True] 
1621070044713 [Update odom] 
1621070044824 [vx:0.0 vy:0.0 vth:0.0 yaw:0.0] 
1621070044824 [delta_X:0 delta_y:0 status:True] 
1621070044825 [Update odom] 
1621070044944 [vx:0.0 vy:0.0 vth:0.0 yaw:0.0] 
1621070044944 [delta_X:0 delta_y:0 status:True] 
1621070044946 [Update odom] 
1621070045057 [vx:0.0 vy:0.0 vth:0.0 yaw:0.0] 
1621070045057 [delta_X:0 delta_y:0 status:True] 
1621070045058 [Update odom] 
1621070045164 [vx:0.0 vy:0.0 vth:0.0 yaw:0.0] 
1621070045164 [delta_X:0 delta_y:0 status:True] 
1621070045165 [Update odom] 
1621070045275 [vx:0.0 vy:0.0 vth:0.0 yaw:0.0] 
1621070045275 [delta_X:0 delta_y:0 status:True] 
1621070045276 [Update odom] 
1621070045386 [vx:0.0 vy:0.0 vth:0.0 yaw:0.0] 
1621070045386 [delta_X:0 delta_y:0 status:True] 
1621070045388 [Update odom] 
1621070045494 [vx:0.0 vy:0.0 vth:0.0 yaw:0.0] 
1621070045494 [delta_X:0 delta_y:0 status:True] 
1621070045495 [Update odom] 
1621070045600 [vx:0.0 vy:0.0 vth:0.0 yaw:0.0] 
1621070045600 [delta_X:0 delta_y:0 status:True] 
1621070045601 [Update odom] 
1621070045712 [vx:0.0 vy:0.0 vth:0.0 yaw:0.0] 
1621070045712 [delta_X:0 delta_y:0 status:True] 
1621070045713 [Update odom] 
1621070045720 [log_latest_command] [[ b y t e a r r a y ( b ' \ x a a \ x f f \ x a 0 \ x 0 2 I \ x 0 f \ x 0 e ' ) ]] 
1621070045837 [vx:0.0 vy:0.0 vth:0.0 yaw:0.0] 
1621070045837 [delta_X:0.0 delta_y:0.0 status:False] 
1621070045839 [Update odom] 
1621070045958 [vx:0.0 vy:0.0 vth:0.0 yaw:0.0] 
1621070045958 [delta_X:0.0 delta_y:0.0 status:False] 
1621070045960 [Update odom] 
1621070046067 [vx:0.0 vy:0.0 vth:0.0 yaw:0.0] 
1621070046067 [delta_X:0 delta_y:0 status:True] 
1621070046068 [Update odom] 
1621070046190 [vx:0.0 vy:0.0 vth:0.0 yaw:0.0] 
1621070046191 [delta_X:0 delta_y:0 status:True] 
1621070046194 [Update odom] 
1621070046303 [vx:0.0 vy:0.0 vth:0.0 yaw:0.0] 
1621070046303 [delta_X:0 delta_y:0 status:True] 
1621070046305 [Update odom] 
1621070046358 [log_latest_command] [[ b y t e a r r a y ( b ' \ x a a \ x f f \ x a 0 \ x 0 2 I \ x 0 f \ x 0 e ' ) ]] 
1621070046420 [vx:0.0 vy:0.0 vth:0.0 yaw:0.0] 
1621070046420 [delta_X:0.0 delta_y:0.0 status:False] 
1621070046421 [Update odom] 
1621070046530 [vx:0.0 vy:0.0 vth:0.0 yaw:0.0] 
1621070046530 [delta_X:0.0 delta_y:0.0 status:False] 
1621070046532 [Update odom] 
1621070046643 [vx:0.0 vy:0.0 vth:0.0 yaw:0.0] 
1621070046643 [delta_X:0.0 delta_y:0.0 status:False] 
1621070046643 [Update odom] 
1621070046750 [vx:0.0 vy:0.0 vth:0.0 yaw:0.0] 
1621070046750 [delta_X:0 delta_y:0 status:True] 
1621070046752 [Update odom] 
1621070046860 [vx:0.0 vy:0.0 vth:0.0 yaw:0.0] 
1621070046860 [delta_X:0 delta_y:0 status:True] 
1621070046861 [Update odom] 
1621070046967 [vx:0.0 vy:0.0 vth:0.0 yaw:0.0] 
1621070046967 [delta_X:0 delta_y:0 status:True] 
1621070046969 [Update odom] 
1621070046975 [log_latest_command] [[ b y t e a r r a y ( b ' \ x a a \ x f f \ x a 0 \ x 0 2 I \ x 0 f \ x 0 e ' ) ]] 
1621070047077 [vx:0.0 vy:0.0 vth:0.0 yaw:0.0] 
1621070047077 [delta_X:0.0 delta_y:0.0 status:False] 
1621070047078 [Update odom] 
1621070047185 [vx:0.0 vy:0.0 vth:0.0 yaw:0.0] 
1621070047185 [delta_X:0.0 delta_y:0.0 status:False] 
1621070047187 [Update odom] 
1621070047303 [vx:0.0 vy:0.0 vth:0.0 yaw:0.0] 
1621070047303 [delta_X:0 delta_y:0 status:True] 
1621070047305 [Update odom] 
1621070047411 [vx:0.0 vy:0.0 vth:0.0 yaw:0.0] 
1621070047411 [delta_X:0 delta_y:0 status:True] 
1621070047413 [Update odom] 
1621070047520 [vx:0.0 vy:0.0 vth:0.0 yaw:0.0] 
1621070047521 [delta_X:0 delta_y:0 status:True] 
1621070047522 [Update odom] 
1621070047586 [log_latest_command] [[ b y t e a r r a y ( b ' \ x a a \ x f f \ x a 0 \ x 0 2 I \ x 0 f \ x 0 e ' ) ]] 
1621070047630 [vx:0.0 vy:0.0 vth:0.0 yaw:0.0] 
1621070047630 [delta_X:0.0 delta_y:0.0 status:False] 
1621070047632 [Update odom] 
1621070047746 [vx:0.0 vy:0.0 vth:0.0 yaw:0.0] 
1621070047746 [delta_X:0.0 delta_y:0.0 status:False] 
1621070047748 [Update odom] 
1621070047856 [vx:0.0 vy:0.0 vth:0.0 yaw:0.0] 
1621070047856 [delta_X:0.0 delta_y:0.0 status:False] 
1621070047858 [Update odom] 
1621070047965 [vx:0.0 vy:0.0 vth:0.0 yaw:0.0] 
1621070047966 [delta_X:0 delta_y:0 status:True] 
1621070047966 [Update odom] 
1621070047991 [log_latest_command] [[ b y t e a r r a y ( b ' \ x a a \ x f f \ x a 0 \ x 0 2 I \ x 0 f \ x 0 e ' ) ]] 
1621070048076 [vx:0.0 vy:0.0 vth:0.0 yaw:0.0] 
1621070048076 [delta_X:0.0 delta_y:0.0 status:False] 
1621070048077 [Update odom] 
1621070048183 [vx:0.0 vy:0.0 vth:0.0 yaw:0.0] 
1621070048183 [delta_X:0.0 delta_y:0.0 status:False] 
1621070048184 [Update odom] 
1621070048294 [vx:0.0 vy:0.0 vth:0.0 yaw:0.0] 
1621070048294 [delta_X:0.0 delta_y:0.0 status:False] 
1621070048295 [Update odom] 
1621070048309 [log_latest_command] [[ b y t e a r r a y ( b ' \ x a a \ x f f \ x a 0 \ x 0 2 I \ x 0 f \ x 0 e ' ) ]] 
1621070048404 [vx:0.0 vy:0.0 vth:0.0 yaw:0.0] 
1621070048404 [delta_X:0.0 delta_y:0.0 status:False] 
1621070048405 [Update odom] 
1621070048521 [vx:0.0 vy:0.0 vth:0.0 yaw:0.0] 
1621070048521 [delta_X:0.0 delta_y:0.0 status:False] 
1621070048531 [Update odom] 
1621070048641 [vx:0.0 vy:0.0 vth:0.0 yaw:0.0] 
1621070048641 [delta_X:0.0 delta_y:0.0 status:False] 
1621070048642 [Update odom] 
1621070048654 [log_latest_command] [[ b y t e a r r a y ( b ' \ x a a \ x f f \ x a 0 \ x 0 2 I \ x 0 f \ x 0 e ' ) ]] 
1621070048755 [vx:0.0 vy:0.0 vth:0.0 yaw:0.0] 
1621070048755 [delta_X:0.0 delta_y:0.0 status:False] 
1621070048756 [Update odom] 
1621070048876 [vx:0.0 vy:0.0 vth:0.0 yaw:0.0] 
1621070048876 [delta_X:0.0 delta_y:0.0 status:False] 
1621070048877 [Update odom] 
1621070048996 [vx:0.0 vy:0.0 vth:0.0 yaw:0.0] 
1621070048996 [delta_X:0.0 delta_y:0.0 status:False] 
1621070048997 [Update odom] 
1621070049046 [log_latest_command] [[ b y t e a r r a y ( b ' \ x a a \ x f f \ x a 0 \ x 0 2 I \ x 0 f \ x 0 e ' ) ]] 
1621070049105 [vx:0.0 vy:0.0 vth:0.0 yaw:0.0] 
1621070049105 [delta_X:0.0 delta_y:0.0 status:False] 
1621070049106 [Update odom] 
1621070049214 [vx:0.0 vy:0.0 vth:0.0 yaw:0.0] 
1621070049214 [delta_X:0.0 delta_y:0.0 status:False] 
1621070049216 [Update odom] 
1621070049339 [vx:0.0 vy:0.0 vth:0.0 yaw:0.0] 
1621070049339 [delta_X:0.0 delta_y:0.0 status:False] 
1621070049340 [Update odom] 
1621070049456 [vx:0.0 vy:0.0 vth:0.0 yaw:0.0] 
1621070049456 [delta_X:0.0 delta_y:0.0 status:False] 
1621070049457 [Update odom] 
1621070049590 [vx:0.0 vy:0.0 vth:0.0 yaw:0.0] 
1621070049590 [delta_X:0.0 delta_y:0.0 status:False] 
1621070049591 [Update odom] 
1621070049709 [vx:0.0 vy:0.0 vth:0.0 yaw:0.0] 
1621070049709 [delta_X:0.0 delta_y:0.0 status:False] 
1621070049711 [Update odom] 
1621070049823 [vx:0.0 vy:0.0 vth:0.0 yaw:0.0] 
1621070049824 [delta_X:0.0 delta_y:0.0 status:False] 
1621070049825 [Update odom] 
1621070049931 [vx:0.0 vy:0.0 vth:0.0 yaw:0.0] 
1621070049931 [delta_X:0.0 delta_y:0.0 status:False] 
1621070049934 [log_latest_command] [[ b y t e a r r a y ( b ' \ x a a \ x f f \ x a 0 \ x 0 2 I \ x 0 f \ x 0 e ' ) ]] 
1621070049935 [Update odom] 
1621070050043 [vx:0.0 vy:0.0 vth:0.0 yaw:0.0] 
1621070050043 [delta_X:0.0 delta_y:0.0 status:False] 
1621070050044 [Update odom] 
1621070050164 [vx:0.0 vy:0.0 vth:0.0 yaw:0.0] 
1621070050165 [delta_X:0.0 delta_y:0.0 status:False] 
1621070050167 [Update odom] 
1621070050273 [vx:0.0 vy:0.0 vth:0.0 yaw:0.0] 
1621070050273 [delta_X:0.0 delta_y:0.0 status:False] 
1621070050275 [Update odom] 
1621070050285 [log_latest_command] [[ b y t e a r r a y ( b ' \ x a a \ x f f \ x a 0 \ x 0 2 I \ x 0 f \ x 0 e ' ) ]] 
1621070050381 [vx:0.0 vy:0.0 vth:0.0 yaw:0.0] 
1621070050381 [delta_X:0.0 delta_y:0.0 status:False] 
1621070050382 [Update odom] 
1621070050502 [vx:0.0 vy:0.0 vth:0.0 yaw:0.0] 
1621070050502 [delta_X:0.0 delta_y:0.0 status:False] 
1621070050503 [Update odom] 
1621070050614 [vx:0.0 vy:0.0 vth:0.0 yaw:0.0] 
1621070050614 [delta_X:0.0 delta_y:0.0 status:False] 
1621070050615 [Update odom] 
1621070050732 [vx:0.0 vy:0.0 vth:0.0 yaw:0.0] 
1621070050732 [delta_X:0.0 delta_y:0.0 status:False] 
1621070050737 [Update odom] 
1621070050865 [vx:0.0 vy:0.0 vth:0.0 yaw:0.0] 
1621070050865 [delta_X:0.0 delta_y:0.0 status:False] 
1621070050866 [Update odom] 
1621070050982 [vx:0.0 vy:0.0 vth:0.0 yaw:0.0] 
1621070050982 [delta_X:0.0 delta_y:0.0 status:False] 
1621070050984 [Update odom] 
1621070051091 [vx:0.0 vy:0.0 vth:0.0 yaw:0.0] 
1621070051091 [delta_X:0.0 delta_y:0.0 status:False] 
1621070051093 [Update odom] 
1621070051207 [vx:0.0 vy:0.0 vth:0.0 yaw:0.0] 
1621070051207 [delta_X:0.0 delta_y:0.0 status:False] 
1621070051209 [Update odom] 
1621070051329 [vx:0.0 vy:0.0 vth:0.0 yaw:0.0] 
1621070051329 [delta_X:0.0 delta_y:0.0 status:False] 
1621070051330 [Update odom] 
1621070051451 [vx:0.0 vy:0.0 vth:0.0 yaw:0.0] 
1621070051451 [delta_X:0.0 delta_y:0.0 status:False] 
1621070051453 [Update odom] 
1621070051570 [vx:0.0 vy:0.0 vth:0.0 yaw:0.0] 
1621070051570 [delta_X:0.0 delta_y:0.0 status:False] 
1621070051571 [Update odom] 
1621070051692 [vx:0.0 vy:0.0 vth:0.0 yaw:0.0] 
1621070051693 [delta_X:0.0 delta_y:0.0 status:False] 
1621070051694 [Update odom] 
1621070051803 [vx:0.0 vy:0.0 vth:0.0 yaw:0.0] 
1621070051803 [delta_X:0.0 delta_y:0.0 status:False] 
1621070051804 [Update odom] 
1621070051914 [vx:0.0 vy:0.0 vth:0.0 yaw:0.0] 
1621070051915 [delta_X:0.0 delta_y:0.0 status:False] 
1621070051916 [Update odom] 
1621070052026 [vx:0.0 vy:0.0 vth:0.0 yaw:0.0] 
1621070052026 [delta_X:0.0 delta_y:0.0 status:False] 
1621070052027 [Update odom] 
1621070052149 [vx:0.0 vy:0.0 vth:0.0 yaw:0.0] 
1621070052149 [delta_X:0.0 delta_y:0.0 status:False] 
1621070052150 [Update odom] 
1621070052260 [vx:0.0 vy:0.0 vth:0.0 yaw:0.0] 
1621070052260 [delta_X:0.0 delta_y:0.0 status:False] 
1621070052261 [Update odom] 
1621070052372 [vx:0.0 vy:0.0 vth:0.0 yaw:0.0] 
1621070052372 [delta_X:0.0 delta_y:0.0 status:False] 
1621070052373 [Update odom] 
1621070052489 [vx:0.0 vy:0.0 vth:0.0 yaw:0.0] 
1621070052489 [delta_X:0.0 delta_y:0.0 status:False] 
1621070052490 [Update odom] 
1621070052601 [vx:0.0 vy:0.0 vth:0.0 yaw:0.0] 
1621070052601 [delta_X:0.0 delta_y:0.0 status:False] 
1621070052602 [Update odom] 
1621070052616 [log_latest_command] [[ b y t e a r r a y ( b ' \ x a a \ x f f \ x a 0 \ x 0 2 I \ x 0 f \ x 0 e ' ) ]] 
1621070052715 [vx:0.0 vy:0.0 vth:0.0 yaw:0.0] 
1621070052715 [delta_X:0.0 delta_y:0.0 status:False] 
1621070052716 [Update odom] 
1621070052828 [vx:0.0 vy:0.0 vth:0.0 yaw:0.0] 
1621070052828 [delta_X:0.0 delta_y:0.0 status:False] 
1621070052829 [Update odom] 
1621070052936 [vx:0.0 vy:0.0 vth:0.0 yaw:0.0] 
1621070052936 [delta_X:0.0 delta_y:0.0 status:False] 
1621070052937 [Update odom] 
1621070053044 [vx:0.0 vy:0.0 vth:0.0 yaw:0.0] 
1621070053044 [delta_X:0.0 delta_y:0.0 status:False] 
1621070053045 [Update odom] 
1621070053157 [vx:0.0 vy:0.0 vth:0.0 yaw:0.0] 
1621070053157 [delta_X:0.0 delta_y:0.0 status:False] 
1621070053162 [Update odom] 
1621070053270 [vx:0.0 vy:0.0 vth:0.0 yaw:0.0] 
1621070053272 [delta_X:0.0 delta_y:0.0 status:False] 
1621070053273 [Update odom] 
1621070053379 [vx:0.0 vy:0.0 vth:0.0 yaw:0.0] 
1621070053379 [delta_X:0.0 delta_y:0.0 status:False] 
1621070053380 [Update odom] 
1621070053490 [vx:0.0 vy:0.0 vth:0.0 yaw:0.0] 
1621070053490 [delta_X:0.0 delta_y:0.0 status:False] 
1621070053492 [Update odom] 
1621070053597 [vx:0.0 vy:0.0 vth:0.0 yaw:0.0] 
1621070053597 [delta_X:0.0 delta_y:0.0 status:False] 
1621070053598 [Update odom] 
1621070053707 [vx:0.0 vy:0.0 vth:0.0 yaw:0.0] 
1621070053707 [delta_X:0.0 delta_y:0.0 status:False] 
1621070053709 [Update odom] 
1621070053819 [vx:0.0 vy:0.0 vth:0.0 yaw:0.0] 
1621070053820 [delta_X:0.0 delta_y:0.0 status:False] 
1621070053821 [Update odom] 
1621070053927 [vx:0.0 vy:0.0 vth:0.0 yaw:0.0] 
1621070053927 [delta_X:0.0 delta_y:0.0 status:False] 
1621070053928 [Update odom] 
1621070054034 [vx:0.0 vy:0.0 vth:0.0 yaw:0.0] 
1621070054034 [delta_X:0.0 delta_y:0.0 status:False] 
1621070054036 [Update odom] 
1621070054150 [vx:0.0 vy:0.0 vth:0.0 yaw:0.0] 
1621070054150 [delta_X:0.0 delta_y:0.0 status:False] 
1621070054157 [Update odom] 
1621070054264 [vx:0.0 vy:0.0 vth:0.0 yaw:0.0] 
1621070054264 [delta_X:0.0 delta_y:0.0 status:False] 
1621070054265 [Update odom] 
1621070054378 [vx:0.0 vy:0.0 vth:0.0 yaw:0.0] 
1621070054378 [delta_X:0.0 delta_y:0.0 status:False] 
1621070054380 [Update odom] 
1621070054492 [vx:0.0 vy:0.0 vth:0.0 yaw:0.0] 
1621070054492 [delta_X:0.0 delta_y:0.0 status:False] 
1621070054493 [Update odom] 
1621070054603 [vx:0.0 vy:0.0 vth:0.0 yaw:0.0] 
1621070054603 [delta_X:0.0 delta_y:0.0 status:False] 
1621070054604 [Update odom] 
1621070054714 [vx:0.0 vy:0.0 vth:0.0 yaw:0.0] 
1621070054714 [delta_X:0.0 delta_y:0.0 status:False] 
1621070054716 [Update odom] 
1621070054826 [vx:0.0 vy:0.0 vth:0.0 yaw:0.0] 
1621070054826 [delta_X:0.0 delta_y:0.0 status:False] 
1621070054828 [Update odom] 
1621070054943 [vx:0.0 vy:0.0 vth:0.0 yaw:0.0] 
1621070054943 [delta_X:0.0 delta_y:0.0 status:False] 
1621070054945 [Update odom] 
1621070055055 [vx:0.0 vy:0.0 vth:0.0 yaw:0.0] 
1621070055055 [delta_X:0.0 delta_y:0.0 status:False] 
1621070055056 [Update odom] 
1621070055166 [vx:0.0 vy:0.0 vth:0.0 yaw:0.0] 
1621070055166 [delta_X:0.0 delta_y:0.0 status:False] 
1621070055167 [Update odom] 
1621070055274 [vx:0.0 vy:0.0 vth:0.0 yaw:0.0] 
1621070055274 [delta_X:0.0 delta_y:0.0 status:False] 
1621070055275 [Update odom] 
1621070055385 [vx:0.0 vy:0.0 vth:0.0 yaw:0.0] 
1621070055385 [delta_X:0.0 delta_y:0.0 status:False] 
1621070055387 [Update odom] 
1621070055493 [vx:0.0 vy:0.0 vth:0.0 yaw:0.0] 
1621070055493 [delta_X:0.0 delta_y:0.0 status:False] 
1621070055494 [Update odom] 
1621070055601 [vx:0.0 vy:0.0 vth:0.0 yaw:0.0] 
1621070055602 [delta_X:0.0 delta_y:0.0 status:False] 
1621070055603 [Update odom] 
1621070055713 [vx:0.0 vy:0.0 vth:0.0 yaw:0.0] 
1621070055713 [delta_X:0.0 delta_y:0.0 status:False] 
1621070055714 [Update odom] 
1621070055820 [vx:0.0 vy:0.0 vth:0.0 yaw:0.0] 
1621070055820 [delta_X:0.0 delta_y:0.0 status:False] 
1621070055821 [Update odom] 
1621070055957 [vx:0.0 vy:0.0 vth:0.0 yaw:0.0] 
1621070055957 [delta_X:0.0 delta_y:0.0 status:False] 
1621070055961 [Update odom] 
1621070056069 [vx:0.0 vy:0.0 vth:0.0 yaw:0.0] 
1621070056069 [delta_X:0.0 delta_y:0.0 status:False] 
1621070056071 [Update odom] 
1621070056183 [vx:0.0 vy:0.0 vth:0.0 yaw:0.0] 
1621070056183 [delta_X:0.0 delta_y:0.0 status:False] 
1621070056184 [Update odom] 
1621070056290 [vx:0.0 vy:0.0 vth:0.0 yaw:0.0] 
1621070056290 [delta_X:0.0 delta_y:0.0 status:False] 
1621070056296 [Update odom] 
1621070056401 [vx:0.0 vy:0.0 vth:0.0 yaw:0.0] 
1621070056401 [delta_X:0.0 delta_y:0.0 status:False] 
1621070056402 [Update odom] 
1621070056511 [vx:0.0 vy:0.0 vth:0.0 yaw:0.0] 
1621070056511 [delta_X:0.0 delta_y:0.0 status:False] 
1621070056512 [Update odom] 
1621070056619 [vx:0.0 vy:0.0 vth:0.0 yaw:0.0] 
1621070056619 [delta_X:0.0 delta_y:0.0 status:False] 
1621070056620 [Update odom] 
1621070056728 [vx:0.0 vy:0.0 vth:0.0 yaw:0.0] 
1621070056728 [delta_X:0.0 delta_y:0.0 status:False] 
1621070056730 [Update odom] 
1621070056801 [log_latest_command] [[ b y t e a r r a y ( b ' \ x a a \ x f f \ x a 0 \ x 0 2 I \ x 0 f \ x 0 e ' ) ]] 
1621070056838 [vx:0.0 vy:0.0 vth:0.0 yaw:0.0] 
1621070056838 [delta_X:0.0 delta_y:0.0 status:False] 
1621070056841 [Update odom] 
1621070056951 [vx:0.0 vy:0.0 vth:0.0 yaw:0.0] 
1621070056951 [delta_X:0.0 delta_y:0.0 status:False] 
1621070056953 [Update odom] 
1621070057059 [vx:0.0 vy:0.0 vth:0.0 yaw:0.0] 
1621070057059 [delta_X:0.0 delta_y:0.0 status:False] 
1621070057060 [Update odom] 
1621070057168 [vx:0.0 vy:0.0 vth:0.0 yaw:0.0] 
1621070057168 [delta_X:0.0 delta_y:0.0 status:False] 
1621070057170 [Update odom] 
1621070057279 [vx:0.0 vy:0.0 vth:0.0 yaw:0.0] 
1621070057279 [delta_X:0.0 delta_y:0.0 status:False] 
1621070057280 [Update odom] 
1621070057389 [vx:0.0 vy:0.0 vth:0.0 yaw:0.0] 
1621070057389 [delta_X:0.0 delta_y:0.0 status:False] 
1621070057391 [Update odom] 
1621070057497 [vx:0.0 vy:0.0 vth:0.0 yaw:0.0] 
1621070057497 [delta_X:0.0 delta_y:0.0 status:False] 
1621070057499 [Update odom] 
1621070057604 [vx:0.0 vy:0.0 vth:0.0 yaw:0.0] 
1621070057604 [delta_X:0.0 delta_y:0.0 status:False] 
1621070057605 [Update odom] 
1621070057710 [vx:0.0 vy:0.0 vth:0.0 yaw:0.0] 
1621070057710 [delta_X:0.0 delta_y:0.0 status:False] 
1621070057711 [Update odom] 
1621070057821 [vx:0.0 vy:0.0 vth:0.0 yaw:0.0] 
1621070057821 [delta_X:0.0 delta_y:0.0 status:False] 
1621070057830 [Update odom] 
1621070057944 [vx:0.0 vy:0.0 vth:0.0 yaw:0.0] 
1621070057944 [delta_X:0.0 delta_y:0.0 status:False] 
1621070057945 [Update odom] 
1621070058051 [vx:0.0 vy:0.0 vth:0.0 yaw:0.0] 
1621070058051 [delta_X:0.0 delta_y:0.0 status:False] 
1621070058054 [Update odom] 
1621070058160 [vx:0.0 vy:0.0 vth:0.0 yaw:0.0] 
1621070058160 [delta_X:0.0 delta_y:0.0 status:False] 
1621070058162 [Update odom] 
1621070058280 [vx:0.0 vy:0.0 vth:0.0 yaw:0.0] 
1621070058280 [delta_X:0.0 delta_y:0.0 status:False] 
1621070058281 [Update odom] 
1621070058388 [vx:0.0 vy:0.0 vth:0.0 yaw:0.0] 
1621070058388 [delta_X:0.0 delta_y:0.0 status:False] 
1621070058389 [Update odom] 
1621070058499 [vx:0.0 vy:0.0 vth:0.0 yaw:0.0] 
1621070058499 [delta_X:0.0 delta_y:0.0 status:False] 
1621070058501 [Update odom] 
1621070058611 [vx:0.0 vy:0.0 vth:0.0 yaw:0.0] 
1621070058611 [delta_X:0.0 delta_y:0.0 status:False] 
1621070058613 [Update odom] 
1621070058720 [vx:0.0 vy:0.0 vth:0.0 yaw:0.0] 
1621070058720 [delta_X:0.0 delta_y:0.0 status:False] 
1621070058721 [Update odom] 
1621070058828 [vx:0.0 vy:0.0 vth:0.0 yaw:0.0] 
1621070058828 [delta_X:0.0 delta_y:0.0 status:False] 
1621070058829 [Update odom] 
1621070058948 [vx:0.0 vy:0.0 vth:0.0 yaw:0.0] 
1621070058948 [delta_X:0.0 delta_y:0.0 status:False] 
1621070058949 [Update odom] 
1621070059060 [vx:0.0 vy:0.0 vth:0.0 yaw:0.0] 
1621070059060 [delta_X:0.0 delta_y:0.0 status:False] 
1621070059061 [Update odom] 
1621070059168 [vx:0.0 vy:0.0 vth:0.0 yaw:0.0] 
1621070059168 [delta_X:0.0 delta_y:0.0 status:False] 
1621070059169 [Update odom] 
1621070059275 [vx:0.0 vy:0.0 vth:0.0 yaw:0.0] 
1621070059275 [delta_X:0.0 delta_y:0.0 status:False] 
1621070059277 [Update odom] 
1621070059382 [vx:0.0 vy:0.0 vth:0.0 yaw:0.0] 
1621070059382 [delta_X:0.0 delta_y:0.0 status:False] 
1621070059384 [Update odom] 
1621070059490 [vx:0.0 vy:0.0 vth:0.0 yaw:0.0] 
1621070059499 [delta_X:0.0 delta_y:0.0 status:False] 
1621070059501 [Update odom] 
1621070059608 [vx:0.0 vy:0.0 vth:0.0 yaw:0.0] 
1621070059608 [delta_X:0.0 delta_y:0.0 status:False] 
1621070059610 [Update odom] 
1621070059720 [vx:0.0 vy:0.0 vth:0.0 yaw:0.0] 
1621070059720 [delta_X:0.0 delta_y:0.0 status:False] 
1621070059722 [Update odom] 
1621070059834 [vx:0.0 vy:0.0 vth:0.0 yaw:0.0] 
1621070059834 [delta_X:0.0 delta_y:0.0 status:False] 
1621070059835 [Update odom] 
1621070059945 [vx:0.0 vy:0.0 vth:0.0 yaw:0.0] 
1621070059945 [delta_X:0.0 delta_y:0.0 status:False] 
1621070059946 [Update odom] 
1621070060054 [vx:0.0 vy:0.0 vth:0.0 yaw:0.0] 
1621070060054 [delta_X:0.0 delta_y:0.0 status:False] 
1621070060056 [Update odom] 
1621070060175 [vx:0.0 vy:0.0 vth:0.0 yaw:0.0] 
1621070060175 [delta_X:0.0 delta_y:0.0 status:False] 
1621070060176 [Update odom] 
1621070060287 [vx:0.0 vy:0.0 vth:0.0 yaw:0.0] 
1621070060287 [delta_X:0.0 delta_y:0.0 status:False] 
1621070060288 [Update odom] 
1621070060398 [vx:0.0 vy:0.0 vth:0.0 yaw:0.0] 
1621070060398 [delta_X:0.0 delta_y:0.0 status:False] 
1621070060399 [Update odom] 
1621070060517 [vx:0.0 vy:0.0 vth:0.0 yaw:0.0] 
1621070060517 [delta_X:0.0 delta_y:0.0 status:False] 
1621070060518 [Update odom] 
1621070060625 [vx:0.0 vy:0.0 vth:0.0 yaw:0.0] 
1621070060625 [delta_X:0.0 delta_y:0.0 status:False] 
1621070060626 [Update odom] 
1621070060738 [vx:0.0 vy:0.0 vth:0.0 yaw:0.0] 
1621070060738 [delta_X:0.0 delta_y:0.0 status:False] 
1621070060743 [Update odom] 
1621070060859 [vx:0.0 vy:0.0 vth:0.0 yaw:0.0] 
1621070060859 [delta_X:0.0 delta_y:0.0 status:False] 
1621070060860 [Update odom] 
1621070060974 [vx:0.0 vy:0.0 vth:0.0 yaw:0.0] 
1621070060974 [delta_X:0.0 delta_y:0.0 status:False] 
1621070060974 [Update odom] 
1621070061081 [vx:0.0 vy:0.0 vth:0.0 yaw:0.0] 
1621070061082 [delta_X:0.0 delta_y:0.0 status:False] 
1621070061083 [Update odom] 
1621070061191 [vx:0.0 vy:0.0 vth:0.0 yaw:0.0] 
1621070061191 [delta_X:0.0 delta_y:0.0 status:False] 
1621070061193 [Update odom] 
1621070061300 [vx:0.0 vy:0.0 vth:0.0 yaw:0.0] 
1621070061300 [delta_X:0.0 delta_y:0.0 status:False] 
1621070061301 [Update odom] 
1621070061409 [vx:0.0 vy:0.0 vth:0.0 yaw:0.0] 
1621070061409 [delta_X:0.0 delta_y:0.0 status:False] 
1621070061410 [Update odom] 
1621070061523 [vx:0.0 vy:0.0 vth:0.0 yaw:0.0] 
1621070061523 [delta_X:0.0 delta_y:0.0 status:False] 
1621070061525 [Update odom] 
1621070061631 [vx:0.0 vy:0.0 vth:0.0 yaw:0.0] 
1621070061631 [delta_X:0.0 delta_y:0.0 status:False] 
1621070061632 [Update odom] 
1621070061739 [vx:0.0 vy:0.0 vth:0.0 yaw:0.0] 
1621070061739 [delta_X:0.0 delta_y:0.0 status:False] 
1621070061740 [Update odom] 
1621070061850 [vx:0.0 vy:0.0 vth:0.0 yaw:0.0] 
1621070061850 [delta_X:0.0 delta_y:0.0 status:False] 
1621070061851 [Update odom] 
1621070061957 [vx:0.0 vy:0.0 vth:0.0 yaw:0.0] 
1621070061957 [delta_X:0.0 delta_y:0.0 status:False] 
1621070061958 [Update odom] 
1621070062064 [vx:0.0 vy:0.0 vth:0.0 yaw:0.0] 
1621070062064 [delta_X:0.0 delta_y:0.0 status:False] 
1621070062066 [Update odom] 
1621070062175 [vx:0.0 vy:0.0 vth:0.0 yaw:0.0] 
1621070062175 [delta_X:0.0 delta_y:0.0 status:False] 
1621070062176 [Update odom] 
1621070062285 [vx:0.0 vy:0.0 vth:0.0 yaw:0.0] 
1621070062285 [delta_X:0.0 delta_y:0.0 status:False] 
1621070062286 [Update odom] 
1621070062396 [vx:0.0 vy:0.0 vth:0.0 yaw:0.0] 
1621070062396 [delta_X:0.0 delta_y:0.0 status:False] 
1621070062397 [Update odom] 
1621070062505 [vx:0.0 vy:0.0 vth:0.0 yaw:0.0] 
1621070062505 [delta_X:0.0 delta_y:0.0 status:False] 
1621070062509 [Update odom] 
1621070062619 [vx:0.0 vy:0.0 vth:0.0 yaw:0.0] 
1621070062619 [delta_X:0.0 delta_y:0.0 status:False] 
1621070062620 [Update odom] 
1621070062746 [vx:0.0 vy:0.0 vth:0.0 yaw:0.0] 
1621070062746 [delta_X:0.0 delta_y:0.0 status:False] 
1621070062748 [Update odom] 
1621070062864 [vx:0.0 vy:0.0 vth:0.0 yaw:0.0] 
1621070062864 [delta_X:0.0 delta_y:0.0 status:False] 
1621070062866 [Update odom] 
1621070062986 [vx:0.0 vy:0.0 vth:0.0 yaw:0.0] 
1621070062986 [delta_X:0.0 delta_y:0.0 status:False] 
1621070062987 [Update odom] 
1621070063103 [vx:0.0 vy:0.0 vth:0.0 yaw:0.0] 
1621070063103 [delta_X:0.0 delta_y:0.0 status:False] 
1621070063104 [Update odom] 
1621070063232 [vx:0.0 vy:0.0 vth:0.0 yaw:0.0] 
1621070063232 [delta_X:0.0 delta_y:0.0 status:False] 
1621070063233 [Update odom] 
1621070063360 [vx:0.0 vy:0.0 vth:0.0 yaw:0.0] 
1621070063360 [delta_X:0.0 delta_y:0.0 status:False] 
1621070063361 [Update odom] 
1621070063467 [vx:0.0 vy:0.0 vth:0.0 yaw:0.0] 
1621070063467 [delta_X:0.0 delta_y:0.0 status:False] 
1621070063468 [Update odom] 
1621070063576 [vx:0.0 vy:0.0 vth:0.0 yaw:0.0] 
1621070063576 [delta_X:0.0 delta_y:0.0 status:False] 
1621070063578 [Update odom] 
1621070063688 [vx:0.0 vy:0.0 vth:0.0 yaw:0.0] 
1621070063688 [delta_X:0.0 delta_y:0.0 status:False] 
1621070063690 [Update odom] 
1621070063795 [vx:0.0 vy:0.0 vth:0.0 yaw:0.0] 
1621070063795 [delta_X:0.0 delta_y:0.0 status:False] 
1621070063796 [Update odom] 
1621070063903 [vx:0.0 vy:0.0 vth:0.0 yaw:0.0] 
1621070063903 [delta_X:0.0 delta_y:0.0 status:False] 
1621070063904 [Update odom] 
1621070064018 [vx:0.0 vy:0.0 vth:0.0 yaw:0.0] 
1621070064018 [delta_X:0.0 delta_y:0.0 status:False] 
1621070064018 [Update odom] 
1621070064132 [vx:0.0 vy:0.0 vth:0.0 yaw:0.0] 
1621070064132 [delta_X:0.0 delta_y:0.0 status:False] 
1621070064134 [Update odom] 
1621070064252 [vx:0.0 vy:0.0 vth:0.0 yaw:0.0] 
1621070064253 [delta_X:0.0 delta_y:0.0 status:False] 
1621070064254 [Update odom] 
1621070064375 [vx:0.0 vy:0.0 vth:0.0 yaw:0.0] 
1621070064375 [delta_X:0.0 delta_y:0.0 status:False] 
1621070064376 [Update odom] 
1621070064494 [vx:0.0 vy:0.0 vth:0.0 yaw:0.0] 
1621070064494 [delta_X:0.0 delta_y:0.0 status:False] 
1621070064495 [Update odom] 
1621070064605 [vx:0.0 vy:0.0 vth:0.0 yaw:0.0] 
1621070064605 [delta_X:0.0 delta_y:0.0 status:False] 
1621070064606 [Update odom] 
1621070064716 [vx:0.0 vy:0.0 vth:0.0 yaw:0.0] 
1621070064716 [delta_X:0.0 delta_y:0.0 status:False] 
1621070064717 [Update odom] 
1621070064830 [vx:0.0 vy:0.0 vth:0.0 yaw:0.0] 
1621070064830 [delta_X:0.0 delta_y:0.0 status:False] 
1621070064831 [Update odom] 
1621070064940 [vx:0.0 vy:0.0 vth:0.0 yaw:0.0] 
1621070064940 [delta_X:0.0 delta_y:0.0 status:False] 
1621070064941 [Update odom] 
1621070065051 [vx:0.0 vy:0.0 vth:0.0 yaw:0.0] 
1621070065051 [delta_X:0.0 delta_y:0.0 status:False] 
1621070065052 [Update odom] 
1621070065166 [vx:0.0 vy:0.0 vth:0.0 yaw:0.0] 
1621070065166 [delta_X:0.0 delta_y:0.0 status:False] 
1621070065168 [Update odom] 
1621070065288 [vx:0.0 vy:0.0 vth:0.0 yaw:0.0] 
1621070065288 [delta_X:0.0 delta_y:0.0 status:False] 
1621070065289 [Update odom] 
1621070065403 [vx:0.0 vy:0.0 vth:0.0 yaw:0.0] 
1621070065403 [delta_X:0.0 delta_y:0.0 status:False] 
1621070065405 [Update odom] 
1621070065514 [vx:0.0 vy:0.0 vth:0.0 yaw:0.0] 
1621070065514 [delta_X:0.0 delta_y:0.0 status:False] 
1621070065515 [Update odom] 
1621070065625 [vx:0.0 vy:0.0 vth:0.0 yaw:0.0] 
1621070065625 [delta_X:0.0 delta_y:0.0 status:False] 
1621070065626 [Update odom] 
1621070065745 [vx:0.0 vy:0.0 vth:0.0 yaw:0.0] 
1621070065745 [delta_X:0.0 delta_y:0.0 status:False] 
1621070065746 [Update odom] 
1621070065861 [vx:0.0 vy:0.0 vth:0.0 yaw:0.0] 
1621070065861 [delta_X:0.0 delta_y:0.0 status:False] 
1621070065862 [Update odom] 
1621070065988 [vx:0.0 vy:0.0 vth:0.0 yaw:0.0] 
1621070065988 [delta_X:0.0 delta_y:0.0 status:False] 
1621070065990 [Update odom] 
1621070066100 [vx:0.0 vy:0.0 vth:0.0 yaw:0.0] 
1621070066100 [delta_X:0.0 delta_y:0.0 status:False] 
1621070066101 [Update odom] 
1621070066215 [vx:0.0 vy:0.0 vth:0.0 yaw:0.0] 
1621070066215 [delta_X:0.0 delta_y:0.0 status:False] 
1621070066216 [Update odom] 
1621070066331 [vx:0.0 vy:0.0 vth:0.0 yaw:0.0] 
1621070066331 [delta_X:0.0 delta_y:0.0 status:False] 
1621070066332 [Update odom] 
1621070066442 [vx:0.0 vy:0.0 vth:0.0 yaw:0.0] 
1621070066442 [delta_X:0.0 delta_y:0.0 status:False] 
1621070066442 [Update odom] 
1621070066558 [vx:0.0 vy:0.0 vth:0.0 yaw:0.0] 
1621070066558 [delta_X:0.0 delta_y:0.0 status:False] 
1621070066559 [Update odom] 
1621070066669 [vx:0.0 vy:0.0 vth:0.0 yaw:0.0] 
1621070066669 [delta_X:0.0 delta_y:0.0 status:False] 
1621070066669 [Update odom] 
1621070066794 [vx:0.0 vy:0.0 vth:0.0 yaw:0.0] 
1621070066794 [delta_X:0.0 delta_y:0.0 status:False] 
1621070066796 [Update odom] 
1621070066905 [vx:0.0 vy:0.0 vth:0.0 yaw:0.0] 
1621070066905 [delta_X:0.0 delta_y:0.0 status:False] 
1621070066906 [Update odom] 
1621070067011 [vx:0.0 vy:0.0 vth:0.0 yaw:0.0] 
1621070067011 [delta_X:0.0 delta_y:0.0 status:False] 
1621070067012 [Update odom] 
1621070067026 [log_latest_command] [[ b y t e a r r a y ( b ' \ x a a \ x f f \ x a 0 \ x 0 2 I \ x 0 f \ x 0 e ' ) ]] 
1621070067118 [vx:0.0 vy:0.0 vth:0.0 yaw:0.0] 
1621070067118 [delta_X:0.0 delta_y:0.0 status:False] 
1621070067119 [Update odom] 
1621070067224 [vx:0.0 vy:0.0 vth:0.0 yaw:0.0] 
1621070067224 [delta_X:0.0 delta_y:0.0 status:False] 
1621070067226 [Update odom] 
1621070067334 [vx:0.0 vy:0.0 vth:0.0 yaw:0.0] 
1621070067334 [delta_X:0 delta_y:0 status:True] 
1621070067336 [Update odom] 
1621070067454 [vx:0.0 vy:0.0 vth:0.0 yaw:0.0] 
1621070067454 [delta_X:0 delta_y:0 status:True] 
1621070067455 [Update odom] 
1621070067573 [vx:0.0 vy:0.0 vth:0.0 yaw:0.0] 
1621070067573 [delta_X:0 delta_y:0 status:True] 
1621070067577 [Update odom] 
1621070067694 [vx:0.0 vy:0.0 vth:0.0 yaw:0.0] 
1621070067694 [delta_X:0 delta_y:0 status:True] 
1621070067696 [Update odom] 
1621070067804 [vx:0.0 vy:0.0 vth:0.0 yaw:0.0] 
1621070067804 [delta_X:0 delta_y:0 status:True] 
1621070067806 [Update odom] 
1621070067921 [vx:0.0 vy:0.0 vth:0.0 yaw:0.0] 
1621070067922 [delta_X:0 delta_y:0 status:True] 
1621070067923 [Update odom] 
1621070068040 [vx:0.0 vy:0.0 vth:0.0 yaw:0.0] 
1621070068040 [delta_X:0 delta_y:0 status:True] 
1621070068042 [Update odom] 
1621070068153 [vx:0.0 vy:0.0 vth:0.0 yaw:0.0] 
1621070068153 [delta_X:0 delta_y:0 status:True] 
1621070068155 [Update odom] 
1621070068271 [vx:0.0 vy:0.0 vth:0.0 yaw:0.0] 
1621070068271 [delta_X:0 delta_y:0 status:True] 
1621070068273 [Update odom] 
1621070068389 [vx:0.0 vy:0.0 vth:0.0 yaw:0.0] 
1621070068389 [delta_X:0 delta_y:0 status:True] 
1621070068391 [Update odom] 
1621070068503 [vx:0.0 vy:0.0 vth:0.0 yaw:0.0] 
1621070068508 [delta_X:0 delta_y:0 status:True] 
1621070068510 [Update odom] 
1621070068633 [vx:0.0 vy:0.0 vth:0.0 yaw:0.0] 
1621070068633 [delta_X:0 delta_y:0 status:True] 
1621070068636 [Update odom] 
1621070068748 [vx:0.0 vy:0.0 vth:0.0 yaw:0.0] 
1621070068748 [delta_X:0 delta_y:0 status:True] 
1621070068750 [Update odom] 
1621070068880 [vx:0.0 vy:0.0 vth:0.0 yaw:0.0] 
1621070068880 [delta_X:0 delta_y:0 status:True] 
1621070068881 [Update odom] 
1621070069000 [vx:0.0 vy:0.0 vth:0.0 yaw:0.0] 
1621070069000 [delta_X:0 delta_y:0 status:True] 
1621070069003 [Update odom] 
1621070069117 [vx:0.0 vy:0.0 vth:0.0 yaw:0.0] 
1621070069117 [delta_X:0 delta_y:0 status:True] 
1621070069119 [Update odom] 
1621070069229 [vx:0.0 vy:0.0 vth:0.0 yaw:0.0] 
1621070069229 [delta_X:0 delta_y:0 status:True] 
1621070069230 [Update odom] 
1621070069342 [vx:0.0 vy:0.0 vth:0.0 yaw:0.0] 
1621070069342 [delta_X:0 delta_y:0 status:True] 
1621070069343 [Update odom] 
1621070069452 [vx:0.0 vy:0.0 vth:0.0 yaw:0.0] 
1621070069452 [delta_X:0 delta_y:0 status:True] 
1621070069453 [Update odom] 
1621070069564 [vx:0.0 vy:0.0 vth:0.0 yaw:0.0] 
1621070069564 [delta_X:0 delta_y:0 status:True] 
1621070069565 [Update odom] 
1621070069679 [vx:0.0 vy:0.0 vth:0.0 yaw:0.0] 
1621070069679 [delta_X:0 delta_y:0 status:True] 
1621070069683 [Update odom] 
1621070069799 [vx:0.0 vy:0.0 vth:0.0 yaw:0.0] 
1621070069799 [delta_X:0 delta_y:0 status:True] 
1621070069800 [Update odom] 
1621070069921 [vx:0.0 vy:0.0 vth:0.0 yaw:0.0] 
1621070069921 [delta_X:0 delta_y:0 status:True] 
1621070069925 [Update odom] 
1621070070037 [vx:0.0 vy:0.0 vth:0.0 yaw:0.0] 
1621070070038 [delta_X:0 delta_y:0 status:True] 
1621070070039 [Update odom] 
1621070070156 [vx:0.0 vy:0.0 vth:0.0 yaw:0.0] 
1621070070157 [delta_X:0 delta_y:0 status:True] 
1621070070157 [Update odom] 
1621070070268 [vx:0.0 vy:0.0 vth:0.0 yaw:0.0] 
1621070070268 [delta_X:0 delta_y:0 status:True] 
1621070070269 [Update odom] 
1621070070380 [vx:0.0 vy:0.0 vth:0.0 yaw:0.0] 
1621070070381 [delta_X:0 delta_y:0 status:True] 
1621070070382 [Update odom] 
1621070070499 [vx:0.0 vy:0.0 vth:0.0 yaw:0.0] 
1621070070499 [delta_X:0 delta_y:0 status:True] 
1621070070501 [Update odom] 
1621070070618 [vx:0.0 vy:0.0 vth:0.0 yaw:0.0] 
1621070070618 [delta_X:0 delta_y:0 status:True] 
1621070070619 [Update odom] 
1621070070729 [vx:0.0 vy:0.0 vth:0.0 yaw:0.0] 
1621070070729 [delta_X:0 delta_y:0 status:True] 
1621070070730 [Update odom] 
1621070070837 [vx:0.0 vy:0.0 vth:0.0 yaw:0.0] 
1621070070837 [delta_X:0 delta_y:0 status:True] 
1621070070838 [Update odom] 
1621070070944 [vx:0.0 vy:0.0 vth:0.0 yaw:0.0] 
1621070070944 [delta_X:0 delta_y:0 status:True] 
1621070070949 [Update odom] 
1621070071058 [vx:0.0 vy:0.0 vth:0.0 yaw:0.0] 
1621070071058 [delta_X:0 delta_y:0 status:True] 
1621070071059 [Update odom] 
1621070071065 [log_latest_command] [[ b y t e a r r a y ( b ' \ x a a \ x f f \ x a 0 \ x 0 2 I \ x 0 f \ x 0 e ' ) ]] 
1621070071167 [vx:0.0 vy:0.0 vth:0.0 yaw:0.0] 
1621070071167 [delta_X:0.0 delta_y:0.0 status:False] 
1621070071168 [Update odom] 
1621070071286 [vx:0.0 vy:0.0 vth:0.0 yaw:0.0] 
1621070071286 [delta_X:0.0 delta_y:0.0 status:False] 
1621070071287 [Update odom] 
1621070071398 [vx:0.0 vy:0.0 vth:0.0 yaw:0.0] 
1621070071398 [delta_X:0 delta_y:0 status:True] 
1621070071399 [Update odom] 
1621070071508 [vx:0.0 vy:0.0 vth:0.0 yaw:0.0] 
1621070071508 [delta_X:0 delta_y:0 status:True] 
1621070071510 [Update odom] 
1621070071625 [vx:0.0 vy:0.0 vth:0.0 yaw:0.0] 
1621070071625 [delta_X:0 delta_y:0 status:True] 
1621070071626 [Update odom] 
1621070071689 [log_latest_command] [[ b y t e a r r a y ( b ' \ x a a \ x f f \ x a 0 \ x 0 2 I \ x 0 f \ x 0 e ' ) ]] 
1621070071733 [vx:0.0 vy:0.0 vth:0.0 yaw:0.0] 
1621070071733 [delta_X:0.0 delta_y:0.0 status:False] 
1621070071734 [Update odom] 
1621070071840 [vx:0.0 vy:0.0 vth:0.0 yaw:0.0] 
1621070071840 [delta_X:0.0 delta_y:0.0 status:False] 
1621070071842 [Update odom] 
1621070071952 [vx:0.0 vy:0.0 vth:0.0 yaw:0.0] 
1621070071952 [delta_X:0.0 delta_y:0.0 status:False] 
1621070071953 [Update odom] 
1621070072058 [vx:0.0 vy:0.0 vth:0.0 yaw:0.0] 
1621070072059 [delta_X:0 delta_y:0 status:True] 
1621070072059 [Update odom] 
1621070072165 [vx:0.0 vy:0.0 vth:0.0 yaw:0.0] 
1621070072165 [delta_X:0 delta_y:0 status:True] 
1621070072166 [Update odom] 
1621070072272 [vx:0.0 vy:0.0 vth:0.0 yaw:0.0] 
1621070072272 [delta_X:0 delta_y:0 status:True] 
1621070072273 [Update odom] 
1621070072300 [log_latest_command] [[ b y t e a r r a y ( b ' \ x a a \ x f f \ x a 0 \ x 0 2 I \ x 0 f \ x 0 e ' ) ]] 
1621070072381 [vx:0.0 vy:0.0 vth:0.0 yaw:0.0] 
1621070072381 [delta_X:0.0 delta_y:0.0 status:False] 
1621070072388 [Update odom] 
1621070072510 [vx:0.0 vy:0.0 vth:0.0 yaw:0.0] 
1621070072510 [delta_X:0.0 delta_y:0.0 status:False] 
1621070072512 [Update odom] 
1621070072622 [vx:0.0 vy:0.0 vth:0.0 yaw:0.0] 
1621070072622 [delta_X:0 delta_y:0 status:True] 
1621070072623 [Update odom] 
1621070072729 [vx:0.0 vy:0.0 vth:0.0 yaw:0.0] 
1621070072729 [delta_X:0 delta_y:0 status:True] 
1621070072730 [Update odom] 
1621070072840 [vx:0.0 vy:0.0 vth:0.0 yaw:0.0] 
1621070072840 [delta_X:0 delta_y:0 status:True] 
1621070072841 [Update odom] 
1621070072955 [vx:0.0 vy:0.0 vth:0.0 yaw:0.0] 
1621070072955 [delta_X:0 delta_y:0 status:True] 
1621070072956 [Update odom] 
1621070073067 [vx:0.0 vy:0.0 vth:0.0 yaw:0.0] 
1621070073067 [delta_X:0 delta_y:0 status:True] 
1621070073068 [Update odom] 
1621070073180 [vx:0.0 vy:0.0 vth:0.0 yaw:0.0] 
1621070073180 [delta_X:0 delta_y:0 status:True] 
1621070073181 [Update odom] 
1621070073287 [vx:0.0 vy:0.0 vth:0.0 yaw:0.0] 
1621070073287 [delta_X:0 delta_y:0 status:True] 
1621070073289 [Update odom] 
1621070073397 [vx:0.0 vy:0.0 vth:0.0 yaw:0.0] 
1621070073398 [delta_X:0 delta_y:0 status:True] 
1621070073398 [Update odom] 
1621070073512 [vx:0.0 vy:0.0 vth:0.0 yaw:0.0] 
1621070073512 [delta_X:0 delta_y:0 status:True] 
1621070073513 [Update odom] 
1621070073632 [vx:0.0 vy:0.0 vth:0.0 yaw:0.0] 
1621070073633 [delta_X:0 delta_y:0 status:True] 
1621070073634 [Update odom] 
1621070073746 [vx:0.0 vy:0.0 vth:0.0 yaw:0.0] 
1621070073746 [delta_X:0 delta_y:0 status:True] 
1621070073746 [Update odom] 
1621070073862 [vx:0.0 vy:0.0 vth:0.0 yaw:0.0] 
1621070073862 [delta_X:0 delta_y:0 status:True] 
1621070073863 [Update odom] 
1621070073974 [vx:0.0 vy:0.0 vth:0.0 yaw:0.0] 
1621070073974 [delta_X:0 delta_y:0 status:True] 
1621070073975 [Update odom] 
1621070074087 [vx:0.0 vy:0.0 vth:0.0 yaw:0.0] 
1621070074087 [delta_X:0 delta_y:0 status:True] 
1621070074088 [Update odom] 
1621070074206 [vx:0.0 vy:0.0 vth:0.0 yaw:0.0] 
1621070074206 [delta_X:0 delta_y:0 status:True] 
1621070074208 [Update odom] 
1621070074318 [vx:0.0 vy:0.0 vth:0.0 yaw:0.0] 
1621070074318 [delta_X:0 delta_y:0 status:True] 
1621070074319 [Update odom] 
1621070074429 [vx:0.0 vy:0.0 vth:0.0 yaw:0.0] 
1621070074429 [delta_X:0 delta_y:0 status:True] 
1621070074430 [Update odom] 
1621070074540 [vx:0.0 vy:0.0 vth:0.0 yaw:0.0] 
1621070074540 [delta_X:0 delta_y:0 status:True] 
1621070074542 [Update odom] 
1621070074656 [vx:0.0 vy:0.0 vth:0.0 yaw:0.0] 
1621070074656 [delta_X:0 delta_y:0 status:True] 
1621070074657 [Update odom] 
1621070074772 [vx:0.0 vy:0.0 vth:0.0 yaw:0.0] 
1621070074772 [delta_X:0 delta_y:0 status:True] 
1621070074773 [Update odom] 
1621070074882 [vx:0.0 vy:0.0 vth:0.0 yaw:0.0] 
1621070074882 [delta_X:0 delta_y:0 status:True] 
1621070074883 [Update odom] 
1621070074993 [vx:0.0 vy:0.0 vth:0.0 yaw:0.0] 
1621070074993 [delta_X:0 delta_y:0 status:True] 
1621070074994 [Update odom] 
1621070075111 [vx:0.0 vy:0.0 vth:0.0 yaw:0.0] 
1621070075111 [delta_X:0 delta_y:0 status:True] 
1621070075112 [Update odom] 
1621070075228 [vx:0.0 vy:0.0 vth:0.0 yaw:0.0] 
1621070075228 [delta_X:0 delta_y:0 status:True] 
1621070075229 [Update odom] 
1621070075345 [vx:0.0 vy:0.0 vth:0.0 yaw:0.0] 
1621070075345 [delta_X:0 delta_y:0 status:True] 
1621070075350 [Update odom] 
1621070075462 [vx:0.0 vy:0.0 vth:0.0 yaw:0.0] 
1621070075462 [delta_X:0 delta_y:0 status:True] 
1621070075463 [Update odom] 
1621070075581 [vx:0.0 vy:0.0 vth:0.0 yaw:0.0] 
1621070075581 [delta_X:0 delta_y:0 status:True] 
1621070075582 [Update odom] 
1621070075702 [vx:0.0 vy:0.0 vth:0.0 yaw:0.0] 
1621070075702 [delta_X:0 delta_y:0 status:True] 
1621070075703 [Update odom] 
1621070075823 [vx:0.0 vy:0.0 vth:0.0 yaw:0.0] 
1621070075823 [delta_X:0 delta_y:0 status:True] 
1621070075825 [Update odom] 
1621070075934 [vx:0.0 vy:0.0 vth:0.0 yaw:0.0] 
1621070075934 [delta_X:0 delta_y:0 status:True] 
1621070075936 [Update odom] 
1621070076045 [vx:0.0 vy:0.0 vth:0.0 yaw:0.0] 
1621070076045 [delta_X:0 delta_y:0 status:True] 
1621070076046 [Update odom] 
1621070076161 [vx:0.0 vy:0.0 vth:0.0 yaw:0.0] 
1621070076161 [delta_X:0 delta_y:0 status:True] 
1621070076162 [Update odom] 
1621070076271 [vx:0.0 vy:0.0 vth:0.0 yaw:0.0] 
1621070076271 [delta_X:0 delta_y:0 status:True] 
1621070076272 [Update odom] 
1621070076397 [vx:0.0 vy:0.0 vth:0.0 yaw:0.0] 
1621070076397 [delta_X:0 delta_y:0 status:True] 
1621070076399 [Update odom] 
1621070076508 [vx:0.0 vy:0.0 vth:0.0 yaw:0.0] 
1621070076508 [delta_X:0 delta_y:0 status:True] 
1621070076514 [Update odom] 
1621070076631 [vx:0.0 vy:0.0 vth:0.0 yaw:0.0] 
1621070076631 [delta_X:0 delta_y:0 status:True] 
1621070076633 [Update odom] 
1621070076753 [vx:0.0 vy:0.0 vth:0.0 yaw:0.0] 
1621070076753 [delta_X:0 delta_y:0 status:True] 
1621070076754 [Update odom] 
1621070076864 [vx:0.0 vy:0.0 vth:0.0 yaw:0.0] 
1621070076864 [delta_X:0 delta_y:0 status:True] 
1621070076865 [Update odom] 
1621070076975 [vx:0.0 vy:0.0 vth:0.0 yaw:0.0] 
1621070076975 [delta_X:0 delta_y:0 status:True] 
1621070076976 [Update odom] 
1621070077092 [vx:0.0 vy:0.0 vth:0.0 yaw:0.0] 
1621070077092 [delta_X:0 delta_y:0 status:True] 
1621070077094 [Update odom] 
1621070077205 [vx:0.0 vy:0.0 vth:0.0 yaw:0.0] 
1621070077205 [delta_X:0 delta_y:0 status:True] 
1621070077206 [Update odom] 
1621070077322 [vx:0.0 vy:0.0 vth:0.0 yaw:0.0] 
1621070077323 [delta_X:0 delta_y:0 status:True] 
1621070077325 [Update odom] 
1621070077450 [vx:0.0 vy:0.0 vth:0.0 yaw:0.0] 
1621070077450 [delta_X:0 delta_y:0 status:True] 
1621070077451 [Update odom] 
1621070077564 [vx:0.0 vy:0.0 vth:0.0 yaw:0.0] 
1621070077564 [delta_X:0 delta_y:0 status:True] 
1621070077566 [Update odom] 
1621070077686 [vx:0.0 vy:0.0 vth:0.0 yaw:0.0] 
1621070077686 [delta_X:0 delta_y:0 status:True] 
1621070077688 [Update odom] 
1621070077806 [vx:0.0 vy:0.0 vth:0.0 yaw:0.0] 
1621070077807 [delta_X:0 delta_y:0 status:True] 
1621070077810 [Update odom] 
1621070077926 [vx:0.0 vy:0.0 vth:0.0 yaw:0.0] 
1621070077926 [delta_X:0 delta_y:0 status:True] 
1621070077927 [Update odom] 
1621070078044 [vx:0.0 vy:0.0 vth:0.0 yaw:0.0] 
1621070078044 [delta_X:0 delta_y:0 status:True] 
1621070078046 [Update odom] 
1621070078151 [vx:0.0 vy:0.0 vth:0.0 yaw:0.0] 
1621070078152 [delta_X:0 delta_y:0 status:True] 
1621070078153 [Update odom] 
1621070078267 [vx:0.0 vy:0.0 vth:0.0 yaw:0.0] 
1621070078267 [delta_X:0 delta_y:0 status:True] 
1621070078277 [Update odom] 
1621070078396 [vx:0.0 vy:0.0 vth:0.0 yaw:0.0] 
1621070078396 [delta_X:0 delta_y:0 status:True] 
1621070078399 [Update odom] 
1621070078518 [vx:0.0 vy:0.0 vth:0.0 yaw:0.0] 
1621070078518 [delta_X:0 delta_y:0 status:True] 
1621070078519 [Update odom] 
1621070078628 [vx:0.0 vy:0.0 vth:0.0 yaw:0.0] 
1621070078629 [delta_X:0 delta_y:0 status:True] 
1621070078630 [Update odom] 
1621070078742 [vx:0.0 vy:0.0 vth:0.0 yaw:0.0] 
1621070078743 [delta_X:0 delta_y:0 status:True] 
1621070078744 [Update odom] 
1621070078860 [vx:0.0 vy:0.0 vth:0.0 yaw:0.0] 
1621070078860 [delta_X:0 delta_y:0 status:True] 
1621070078861 [Update odom] 
1621070078984 [vx:0.0 vy:0.0 vth:0.0 yaw:0.0] 
1621070078984 [delta_X:0 delta_y:0 status:True] 
1621070078985 [Update odom] 
1621070079094 [vx:0.0 vy:0.0 vth:0.0 yaw:0.0] 
1621070079094 [delta_X:0 delta_y:0 status:True] 
1621070079095 [Update odom] 
1621070079212 [vx:0.0 vy:0.0 vth:0.0 yaw:0.0] 
1621070079212 [delta_X:0 delta_y:0 status:True] 
1621070079213 [Update odom] 
1621070079332 [vx:0.0 vy:0.0 vth:0.0 yaw:0.0] 
1621070079332 [delta_X:0 delta_y:0 status:True] 
1621070079334 [Update odom] 
1621070079443 [vx:0.0 vy:0.0 vth:0.0 yaw:0.0] 
1621070079443 [delta_X:0 delta_y:0 status:True] 
1621070079444 [Update odom] 
1621070079553 [vx:0.0 vy:0.0 vth:0.0 yaw:0.0] 
1621070079553 [delta_X:0 delta_y:0 status:True] 
1621070079554 [Update odom] 
1621070079666 [vx:0.0 vy:0.0 vth:0.0 yaw:0.0] 
1621070079666 [delta_X:0 delta_y:0 status:True] 
1621070079672 [Update odom] 
1621070079781 [vx:0.0 vy:0.0 vth:0.0 yaw:0.0] 
1621070079782 [delta_X:0 delta_y:0 status:True] 
1621070079782 [Update odom] 
1621070079888 [vx:0.0 vy:0.0 vth:0.0 yaw:0.0] 
1621070079888 [delta_X:0 delta_y:0 status:True] 
1621070079888 [Update odom] 
1621070079994 [vx:0.0 vy:0.0 vth:0.0 yaw:0.0] 
1621070079994 [delta_X:0 delta_y:0 status:True] 
1621070079995 [Update odom] 
1621070080102 [vx:0.0 vy:0.0 vth:0.0 yaw:0.0] 
1621070080102 [delta_X:0 delta_y:0 status:True] 
1621070080103 [Update odom] 
1621070080210 [vx:0.0 vy:0.0 vth:0.0 yaw:0.0] 
1621070080210 [delta_X:0 delta_y:0 status:True] 
1621070080212 [Update odom] 
1621070080323 [vx:0.0 vy:0.0 vth:0.0 yaw:0.0] 
1621070080323 [delta_X:0 delta_y:0 status:True] 
1621070080325 [Update odom] 
1621070080431 [vx:0.0 vy:0.0 vth:0.0 yaw:0.0] 
1621070080431 [delta_X:0 delta_y:0 status:True] 
1621070080432 [Update odom] 
1621070080541 [vx:0.0 vy:0.0 vth:0.0 yaw:0.0] 
1621070080541 [delta_X:0 delta_y:0 status:True] 
1621070080542 [Update odom] 
1621070080654 [vx:0.0 vy:0.0 vth:0.0 yaw:0.0] 
1621070080654 [delta_X:0 delta_y:0 status:True] 
1621070080655 [Update odom] 
1621070080764 [vx:0.0 vy:0.0 vth:0.0 yaw:0.0] 
1621070080764 [delta_X:0 delta_y:0 status:True] 
1621070080765 [Update odom] 
1621070080874 [vx:0.0 vy:0.0 vth:0.0 yaw:0.0] 
1621070080874 [delta_X:0 delta_y:0 status:True] 
1621070080875 [Update odom] 
1621070080985 [vx:0.0 vy:0.0 vth:0.0 yaw:0.0] 
1621070080985 [delta_X:0 delta_y:0 status:True] 
1621070080986 [Update odom] 
1621070081104 [vx:0.0 vy:0.0 vth:0.0 yaw:0.0] 
1621070081104 [delta_X:0 delta_y:0 status:True] 
1621070081105 [Update odom] 
1621070081217 [vx:0.0 vy:0.0 vth:0.0 yaw:0.0] 
1621070081217 [delta_X:0 delta_y:0 status:True] 
1621070081218 [Update odom] 
1621070081330 [vx:0.0 vy:0.0 vth:0.0 yaw:0.0] 
1621070081330 [delta_X:0 delta_y:0 status:True] 
1621070081332 [Update odom] 
1621070081455 [vx:0.0 vy:0.0 vth:0.0 yaw:0.0] 
1621070081455 [delta_X:0 delta_y:0 status:True] 
1621070081457 [Update odom] 
1621070081570 [vx:0.0 vy:0.0 vth:0.0 yaw:0.0] 
1621070081570 [delta_X:0 delta_y:0 status:True] 
1621070081571 [Update odom] 
1621070081693 [vx:0.0 vy:0.0 vth:0.0 yaw:0.0] 
1621070081693 [delta_X:0 delta_y:0 status:True] 
1621070081694 [Update odom] 
1621070081805 [vx:0.0 vy:0.0 vth:0.0 yaw:0.0] 
1621070081805 [delta_X:0 delta_y:0 status:True] 
1621070081806 [Update odom] 
1621070081923 [vx:0.0 vy:0.0 vth:0.0 yaw:0.0] 
1621070081924 [delta_X:0 delta_y:0 status:True] 
1621070081925 [Update odom] 
1621070082036 [vx:0.0 vy:0.0 vth:0.0 yaw:0.0] 
1621070082036 [delta_X:0 delta_y:0 status:True] 
1621070082037 [Update odom] 
1621070082156 [vx:0.0 vy:0.0 vth:0.0 yaw:0.0] 
1621070082156 [delta_X:0 delta_y:0 status:True] 
1621070082157 [Update odom] 
1621070082266 [vx:0.0 vy:0.0 vth:0.0 yaw:0.0] 
1621070082266 [delta_X:0 delta_y:0 status:True] 
1621070082267 [Update odom] 
1621070082378 [vx:0.0 vy:0.0 vth:0.0 yaw:0.0] 
1621070082378 [delta_X:0 delta_y:0 status:True] 
1621070082379 [Update odom] 
1621070082488 [vx:0.0 vy:0.0 vth:0.0 yaw:0.0] 
1621070082488 [delta_X:0 delta_y:0 status:True] 
1621070082489 [Update odom] 
1621070082599 [vx:0.0 vy:0.0 vth:0.0 yaw:0.0] 
1621070082599 [delta_X:0 delta_y:0 status:True] 
1621070082600 [Update odom] 
1621070082716 [vx:0.0 vy:0.0 vth:0.0 yaw:0.0] 
1621070082716 [delta_X:0 delta_y:0 status:True] 
1621070082718 [Update odom] 
1621070082827 [vx:0.0 vy:0.0 vth:0.0 yaw:0.0] 
1621070082828 [delta_X:0 delta_y:0 status:True] 
1621070082829 [Update odom] 
1621070082938 [vx:0.0 vy:0.0 vth:0.0 yaw:0.0] 
1621070082938 [delta_X:0 delta_y:0 status:True] 
1621070082939 [Update odom] 
1621070083048 [vx:0.0 vy:0.0 vth:0.0 yaw:0.0] 
1621070083048 [delta_X:0 delta_y:0 status:True] 
1621070083049 [Update odom] 
1621070083169 [vx:0.0 vy:0.0 vth:0.0 yaw:0.0] 
1621070083169 [delta_X:0 delta_y:0 status:True] 
1621070083170 [Update odom] 
1621070083284 [vx:0.0 vy:0.0 vth:0.0 yaw:0.0] 
1621070083285 [delta_X:0 delta_y:0 status:True] 
1621070083287 [Update odom] 
1621070083396 [vx:0.0 vy:0.0 vth:0.0 yaw:0.0] 
1621070083396 [delta_X:0 delta_y:0 status:True] 
1621070083397 [Update odom] 
1621070083506 [vx:0.0 vy:0.0 vth:0.0 yaw:0.0] 
1621070083506 [delta_X:0 delta_y:0 status:True] 
1621070083507 [Update odom] 
1621070083617 [vx:0.0 vy:0.0 vth:0.0 yaw:0.0] 
1621070083617 [delta_X:0 delta_y:0 status:True] 
1621070083619 [Update odom] 
1621070083729 [vx:0.0 vy:0.0 vth:0.0 yaw:0.0] 
1621070083729 [delta_X:0 delta_y:0 status:True] 
1621070083730 [Update odom] 
1621070083839 [vx:0.0 vy:0.0 vth:0.0 yaw:0.0] 
1621070083840 [delta_X:0 delta_y:0 status:True] 
1621070083840 [Update odom] 
1621070083950 [vx:0.0 vy:0.0 vth:0.0 yaw:0.0] 
1621070083950 [delta_X:0 delta_y:0 status:True] 
1621070083951 [Update odom] 
1621070084060 [vx:0.0 vy:0.0 vth:0.0 yaw:0.0] 
1621070084060 [delta_X:0 delta_y:0 status:True] 
1621070084061 [Update odom] 
1621070084182 [vx:0.0 vy:0.0 vth:0.0 yaw:0.0] 
1621070084182 [delta_X:0 delta_y:0 status:True] 
1621070084189 [Update odom] 
1621070084308 [vx:0.0 vy:0.0 vth:0.0 yaw:0.0] 
1621070084308 [delta_X:0 delta_y:0 status:True] 
1621070084309 [Update odom] 
1621070084437 [vx:0.0 vy:0.0 vth:0.0 yaw:0.0] 
1621070084437 [delta_X:0 delta_y:0 status:True] 
1621070084439 [Update odom] 
1621070084573 [vx:0.0 vy:0.0 vth:0.0 yaw:0.0] 
1621070084573 [delta_X:0 delta_y:0 status:True] 
1621070084574 [Update odom] 
1621070084723 [vx:0.0 vy:0.0 vth:0.0 yaw:0.0] 
1621070084723 [delta_X:0 delta_y:0 status:True] 
