1623198201630 [Opening serial port: /dev/ttyTHS1.] 
1623198201946 [The robot is connected to ] [/dev/ttyTHS1] 
1623198201947 [Initial robot's topic...] 
1623198201952 [Start initializing navigation] 
1623198201953 [Start initializing navigation topic] 
1623198202037 [Initialization navigation topic finished] 
1623198202042 [Initialization navigation finished] 
1623198202114 [vl:0.0 vr:0.0 yaw:0.0] 
1623198202157 [vl:0.0 vr:0.0 yaw:0.0] 
1623198202203 [vl:0.0 vr:0.0 yaw:0.0] 
1623198202257 [vl:0.0 vr:0.0 yaw:0.0] 
1623198202303 [vl:0.0 vr:0.0 yaw:0.0] 
1623198202357 [vl:0.0 vr:0.0 yaw:0.0] 
1623198202403 [vl:0.0 vr:0.0 yaw:0.0] 
1623198202457 [vl:0.0 vr:0.0 yaw:0.0] 
1623198202503 [vl:0.0 vr:0.0 yaw:0.0] 
1623198202557 [vl:0.0 vr:0.0 yaw:0.0] 
1623198202603 [vl:0.0 vr:0.0 yaw:0.0] 
1623198202656 [vl:0.0 vr:0.0 yaw:0.0] 
1623198202709 [vl:0.0 vr:0.0 yaw:0.0] 
1623198202757 [vl:0.0 vr:0.0 yaw:0.0] 
1623198202803 [vl:0.0 vr:0.0 yaw:0.0] 
1623198202857 [vl:0.0 vr:0.0 yaw:0.0] 
1623198202903 [vl:0.0 vr:0.0 yaw:0.0] 
1623198202957 [vl:0.0 vr:0.0 yaw:0.0] 
1623198203003 [vl:0.0 vr:0.0 yaw:0.0] 
1623198203057 [vl:0.0 vr:0.0 yaw:0.0] 
1623198203103 [vl:0.0 vr:0.0 yaw:0.0] 
1623198203156 [vl:0.0 vr:0.0 yaw:0.0] 
1623198203203 [vl:0.0 vr:0.0 yaw:0.0] 
1623198203263 [vl:0.0 vr:0.0 yaw:0.0] 
1623198203303 [vl:0.0 vr:0.0 yaw:0.0] 
1623198203361 [vl:0.0 vr:0.0 yaw:0.0] 
1623198203404 [vl:0.0 vr:0.0 yaw:0.0] 
1623198203457 [vl:0.0 vr:0.0 yaw:0.0] 
1623198203503 [vl:0.0 vr:0.0 yaw:0.0] 
1623198203557 [vl:0.0 vr:0.0 yaw:0.0] 
1623198203603 [vl:0.0 vr:0.0 yaw:0.0] 
1623198203657 [vl:0.0 vr:0.0 yaw:0.0] 
1623198203703 [vl:0.0 vr:0.0 yaw:0.0] 
1623198203757 [vl:0.0 vr:0.0 yaw:0.0] 
1623198203804 [vl:0.0 vr:0.0 yaw:0.0] 
1623198203860 [vl:0.0 vr:0.0 yaw:0.0] 
1623198203903 [vl:0.0 vr:0.0 yaw:0.0] 
1623198203957 [vl:0.0 vr:0.0 yaw:0.0] 
1623198204003 [vl:0.0 vr:0.0 yaw:0.0] 
1623198204057 [vl:0.0 vr:0.0 yaw:0.0] 
1623198204103 [vl:0.0 vr:0.0 yaw:0.0] 
1623198204156 [vl:0.0 vr:0.0 yaw:0.0] 
1623198204203 [vl:0.0 vr:0.0 yaw:0.0] 
1623198204257 [vl:0.0 vr:0.0 yaw:0.0] 
1623198204303 [vl:0.0 vr:0.0 yaw:0.0] 
1623198204357 [vl:0.0 vr:0.0 yaw:0.0] 
1623198204403 [vl:0.0 vr:0.0 yaw:0.0] 
1623198204457 [vl:0.0 vr:0.0 yaw:0.0] 
1623198204503 [vl:0.0 vr:0.0 yaw:0.0] 
1623198204557 [vl:0.0 vr:0.0 yaw:0.0] 
1623198204603 [vl:0.0 vr:0.0 yaw:0.0] 
1623198204657 [vl:0.0 vr:0.0 yaw:0.0] 
1623198204703 [vl:0.0 vr:0.0 yaw:0.0] 
1623198204757 [vl:0.0 vr:0.0 yaw:0.0] 
1623198204803 [vl:0.0 vr:0.0 yaw:0.0] 
1623198204857 [vl:0.0 vr:0.0 yaw:0.0] 
1623198204903 [vl:0.0 vr:0.0 yaw:0.0] 
1623198204957 [vl:0.0 vr:0.0 yaw:0.0] 
1623198205003 [vl:0.0 vr:0.0 yaw:0.0] 
1623198205057 [vl:0.0 vr:0.0 yaw:0.0] 
1623198205103 [vl:0.0 vr:0.0 yaw:0.0] 
1623198205157 [vl:0.0 vr:0.0 yaw:0.0] 
1623198205203 [vl:0.0 vr:0.0 yaw:0.0] 
1623198205257 [vl:0.0 vr:0.0 yaw:0.0] 
1623198205303 [vl:0.0 vr:0.0 yaw:0.0] 
1623198205357 [vl:0.0 vr:0.0 yaw:0.0] 
1623198205403 [vl:0.0 vr:0.0 yaw:0.0] 
1623198205457 [vl:0.0 vr:0.0 yaw:0.0] 
1623198205503 [vl:0.0 vr:0.0 yaw:0.0] 
1623198205557 [vl:0.0 vr:0.0 yaw:0.0] 
1623198205603 [vl:0.0 vr:0.0 yaw:0.0] 
1623198205657 [vl:0.0 vr:0.0 yaw:0.0] 
1623198205703 [vl:0.0 vr:0.0 yaw:0.0] 
1623198205757 [vl:0.0 vr:0.0 yaw:0.0] 
1623198205803 [vl:0.0 vr:0.0 yaw:0.0] 
1623198205856 [vl:0.0 vr:0.0 yaw:0.0] 
1623198205904 [vl:0.0 vr:0.0 yaw:0.0] 
1623198205957 [vl:0.0 vr:0.0 yaw:0.0] 
1623198206004 [vl:0.0 vr:0.0 yaw:0.0] 
1623198206057 [vl:0.0 vr:0.0 yaw:0.0] 
1623198206104 [vl:0.0 vr:0.0 yaw:0.0] 
1623198206157 [vl:0.0 vr:0.0 yaw:0.0] 
1623198206208 [vl:0.0 vr:0.0 yaw:0.0] 
1623198206257 [vl:0.0 vr:0.0 yaw:0.0] 
1623198206303 [vl:0.0 vr:0.0 yaw:0.0] 
1623198206357 [vl:0.0 vr:0.0 yaw:0.0] 
1623198206403 [vl:0.0 vr:0.0 yaw:0.0] 
1623198206461 [vl:0.0 vr:0.0 yaw:0.0] 
1623198206503 [vl:0.0 vr:0.0 yaw:0.0] 
1623198206557 [vl:0.0 vr:0.0 yaw:0.0] 
1623198206608 [vl:0.0 vr:0.0 yaw:0.0] 
1623198206657 [vl:0.0 vr:0.0 yaw:0.0] 
1623198206703 [vl:0.0 vr:0.0 yaw:0.0] 
1623198206757 [vl:0.0 vr:0.0 yaw:0.0] 
1623198206808 [vl:0.0 vr:0.0 yaw:0.0] 
1623198206857 [vl:0.0 vr:0.0 yaw:0.0] 
1623198206903 [vl:0.0 vr:0.0 yaw:0.0] 
1623198206957 [vl:0.0 vr:0.0 yaw:0.0] 
1623198207007 [vl:0.0 vr:0.0 yaw:0.0] 
1623198207057 [vl:0.0 vr:0.0 yaw:0.0] 
1623198207103 [vl:0.0 vr:0.0 yaw:0.0] 
1623198207157 [vl:0.0 vr:0.0 yaw:0.0] 
1623198207204 [vl:0.0 vr:0.0 yaw:0.0] 
1623198207257 [vl:0.0 vr:0.0 yaw:0.0] 
1623198207304 [vl:0.0 vr:0.0 yaw:0.0] 
1623198207357 [vl:0.0 vr:0.0 yaw:0.0] 
1623198207404 [vl:0.0 vr:0.0 yaw:0.0] 
1623198207457 [vl:0.0 vr:0.0 yaw:0.0] 
1623198207504 [vl:0.0 vr:0.0 yaw:0.0] 
1623198207557 [vl:0.0 vr:0.0 yaw:0.0] 
1623198207604 [vl:0.0 vr:0.0 yaw:0.0] 
1623198207657 [vl:0.0 vr:0.0 yaw:0.0] 
1623198207704 [vl:0.0 vr:0.0 yaw:0.0] 
1623198207757 [vl:0.0 vr:0.0 yaw:0.0] 
1623198207803 [vl:0.0 vr:0.0 yaw:0.0] 
1623198207857 [vl:0.0 vr:0.0 yaw:0.0] 
1623198207903 [vl:0.0 vr:0.0 yaw:0.0] 
1623198207960 [vl:0.0 vr:0.0 yaw:0.0] 
1623198208004 [vl:0.0 vr:0.0 yaw:0.0] 
1623198208057 [vl:0.0 vr:0.0 yaw:0.0] 
1623198208103 [vl:0.0 vr:0.0 yaw:0.0] 
1623198208157 [vl:0.0 vr:0.0 yaw:0.0] 
1623198208203 [vl:0.0 vr:0.0 yaw:0.0] 
1623198208261 [vl:0.0 vr:0.0 yaw:0.0] 
1623198208306 [vl:0.0 vr:0.0 yaw:0.0] 
1623198208357 [vl:0.0 vr:0.0 yaw:0.0] 
1623198208409 [vl:0.0 vr:0.0 yaw:0.0] 
1623198208457 [vl:0.0 vr:0.0 yaw:0.0] 
1623198208504 [vl:0.0 vr:0.0 yaw:0.0] 
1623198208557 [vl:0.0 vr:0.0 yaw:0.0] 
1623198208607 [vl:0.0 vr:0.0 yaw:0.0] 
1623198208660 [vl:0.0 vr:0.0 yaw:0.0] 
1623198208704 [vl:0.0 vr:0.0 yaw:0.0] 
1623198208757 [vl:0.0 vr:0.0 yaw:0.0] 
1623198208811 [vl:0.0 vr:0.0 yaw:0.0] 
1623198208856 [vl:0.0 vr:0.0 yaw:0.0] 
1623198208904 [vl:0.0 vr:0.0 yaw:0.0] 
1623198208956 [vl:0.0 vr:0.0 yaw:0.0] 
1623198209004 [vl:0.0 vr:0.0 yaw:0.0] 
1623198209059 [vl:0.0 vr:0.0 yaw:0.0] 
1623198209104 [vl:0.0 vr:0.0 yaw:0.0] 
1623198209158 [vl:0.0 vr:0.0 yaw:0.0] 
1623198209204 [vl:0.0 vr:0.0 yaw:0.0] 
1623198209257 [vl:0.0 vr:0.0 yaw:0.0] 
1623198209304 [vl:0.0 vr:0.0 yaw:0.0] 
1623198209356 [vl:0.0 vr:0.0 yaw:0.0] 
1623198209404 [vl:0.0 vr:0.0 yaw:0.0] 
1623198209457 [vl:0.0 vr:0.0 yaw:0.0] 
1623198209505 [vl:0.0 vr:0.0 yaw:0.0] 
1623198209557 [vl:0.0 vr:0.0 yaw:0.0] 
1623198209610 [vl:0.0 vr:0.0 yaw:0.0] 
1623198209657 [vl:0.0 vr:0.0 yaw:0.0] 
1623198209715 [vl:0.0 vr:0.0 yaw:0.0] 
1623198209760 [vl:0.0 vr:0.0 yaw:0.0] 
1623198209804 [vl:0.0 vr:0.0 yaw:0.0] 
1623198209861 [vl:0.0 vr:0.0 yaw:0.0] 
1623198209904 [vl:0.0 vr:0.0 yaw:0.0] 
1623198209956 [vl:0.0 vr:0.0 yaw:0.0] 
1623198210004 [vl:0.0 vr:0.0 yaw:0.0] 
1623198210057 [vl:0.0 vr:0.0 yaw:0.0] 
1623198210105 [vl:0.0 vr:0.0 yaw:0.0] 
1623198210160 [vl:0.0 vr:0.0 yaw:0.0] 
1623198210204 [vl:0.0 vr:0.0 yaw:0.0] 
1623198210256 [vl:0.0 vr:0.0 yaw:0.0] 
1623198210304 [vl:0.0 vr:0.0 yaw:0.0] 
1623198210361 [vl:0.0 vr:0.0 yaw:0.0] 
1623198210403 [vl:0.0 vr:0.0 yaw:0.0] 
1623198210457 [vl:0.0 vr:0.0 yaw:0.0] 
1623198210503 [vl:0.0 vr:0.0 yaw:0.0] 
1623198210557 [vl:0.0 vr:0.0 yaw:0.0] 
1623198210604 [vl:0.0 vr:0.0 yaw:0.0] 
1623198210657 [vl:0.0 vr:0.0 yaw:0.0] 
1623198210704 [vl:0.0 vr:0.0 yaw:0.0] 
1623198210757 [vl:0.0 vr:0.0 yaw:0.0] 
1623198210804 [vl:0.0 vr:0.0 yaw:0.0] 
1623198210857 [vl:0.0 vr:0.0 yaw:0.0] 
1623198210905 [vl:0.0 vr:0.0 yaw:0.0] 
1623198210956 [vl:0.0 vr:0.0 yaw:0.0] 
1623198211004 [vl:0.0 vr:0.0 yaw:0.0] 
1623198211056 [vl:0.0 vr:0.0 yaw:0.0] 
1623198211104 [vl:0.0 vr:0.0 yaw:0.0] 
1623198211157 [vl:0.0 vr:0.0 yaw:0.0] 
1623198211204 [vl:0.0 vr:0.0 yaw:0.0] 
1623198211256 [vl:0.0 vr:0.0 yaw:0.0] 
1623198211304 [vl:0.0 vr:0.0 yaw:0.0] 
1623198211363 [vl:0.0 vr:0.0 yaw:0.0] 
1623198211404 [vl:0.0 vr:0.0 yaw:0.0] 
1623198211456 [vl:0.0 vr:0.0 yaw:0.0] 
1623198211504 [vl:0.0 vr:0.0 yaw:0.0] 
1623198211557 [vl:0.0 vr:0.0 yaw:0.0] 
1623198211624 [vl:0.0 vr:0.0 yaw:0.0] 
1623198211657 [vl:0.0 vr:0.0 yaw:0.0] 
1623198211704 [vl:0.0 vr:0.0 yaw:0.0] 
1623198211757 [vl:0.0 vr:0.0 yaw:0.0] 
1623198211808 [vl:0.0 vr:0.0 yaw:0.0] 
1623198211865 [vl:0.0 vr:0.0 yaw:0.0] 
1623198211909 [vl:0.0 vr:0.0 yaw:0.0] 
1623198211958 [vl:0.0 vr:0.0 yaw:0.0] 
1623198212004 [vl:0.0 vr:0.0 yaw:0.0] 
1623198212060 [vl:0.0 vr:0.0 yaw:0.0] 
1623198212104 [vl:0.0 vr:0.0 yaw:0.0] 
1623198212160 [vl:0.0 vr:0.0 yaw:0.0] 
1623198212203 [vl:0.0 vr:0.0 yaw:0.0] 
1623198212256 [vl:0.0 vr:0.0 yaw:0.0] 
1623198212304 [vl:0.0 vr:0.0 yaw:0.0] 
1623198212359 [vl:0.0 vr:0.0 yaw:0.0] 
1623198212410 [vl:0.0 vr:0.0 yaw:0.0] 
1623198212478 [vl:0.0 vr:0.0 yaw:0.0] 
1623198212509 [vl:0.0 vr:0.0 yaw:0.0] 
1623198212557 [vl:0.0 vr:0.0 yaw:0.0] 
1623198212604 [vl:0.0 vr:0.0 yaw:0.0] 
1623198212657 [vl:0.0 vr:0.0 yaw:0.0] 
1623198212708 [vl:0.0 vr:0.0 yaw:0.0] 
1623198212757 [vl:0.0 vr:0.0 yaw:0.0] 
1623198212804 [vl:0.0 vr:0.0 yaw:0.0] 
1623198212856 [vl:0.0 vr:0.0 yaw:0.0] 
1623198212904 [vl:0.0 vr:0.0 yaw:0.0] 
1623198212957 [vl:0.0 vr:0.0 yaw:0.0] 
1623198213003 [vl:0.0 vr:0.0 yaw:0.0] 
1623198213057 [vl:0.0 vr:0.0 yaw:0.0] 
1623198213104 [vl:0.0 vr:0.0 yaw:0.0] 
1623198213159 [vl:0.0 vr:0.0 yaw:0.0] 
1623198213205 [vl:0.0 vr:0.0 yaw:0.0] 
1623198213258 [vl:0.0 vr:0.0 yaw:0.0] 
1623198213316 [vl:0.0 vr:0.0 yaw:0.0] 
1623198213356 [vl:0.0 vr:0.0 yaw:0.0] 
1623198213403 [vl:0.0 vr:0.0 yaw:0.0] 
1623198213461 [vl:0.0 vr:0.0 yaw:0.0] 
1623198213504 [vl:0.0 vr:0.0 yaw:0.0] 
1623198213558 [vl:0.0 vr:0.0 yaw:0.0] 
1623198213605 [vl:0.0 vr:0.0 yaw:0.0] 
1623198213658 [vl:0.0 vr:0.0 yaw:0.0] 
1623198213704 [vl:0.0 vr:0.0 yaw:0.0] 
1623198213757 [vl:0.0 vr:0.0 yaw:0.0] 
1623198213804 [vl:0.0 vr:0.0 yaw:0.0] 
1623198213860 [vl:0.0 vr:0.0 yaw:0.0] 
1623198213912 [vl:0.0 vr:0.0 yaw:0.0] 
1623198213958 [vl:0.0 vr:0.0 yaw:0.0] 
1623198214014 [vl:0.0 vr:0.0 yaw:0.0] 
1623198214057 [vl:0.0 vr:0.0 yaw:0.0] 
1623198214104 [vl:0.0 vr:0.0 yaw:0.0] 
1623198214157 [vl:0.0 vr:0.0 yaw:0.0] 
1623198214204 [vl:0.0 vr:0.0 yaw:0.0] 
1623198214257 [vl:0.0 vr:0.0 yaw:0.0] 
1623198214304 [vl:0.0 vr:0.0 yaw:0.0] 
1623198214366 [vl:0.0 vr:0.0 yaw:0.0] 
1623198214417 [vl:0.0 vr:0.0 yaw:0.0] 
1623198214457 [vl:0.0 vr:0.0 yaw:0.0] 
1623198214512 [vl:0.0 vr:0.0 yaw:0.0] 
1623198214558 [vl:0.0 vr:0.0 yaw:0.0] 
1623198214604 [vl:0.0 vr:0.0 yaw:0.0] 
1623198214676 [vl:0.0 vr:0.0 yaw:0.0] 
1623198214705 [vl:0.0 vr:0.0 yaw:0.0] 
1623198214757 [vl:0.0 vr:0.0 yaw:0.0] 
1623198214804 [vl:0.0 vr:0.0 yaw:0.0] 
1623198214856 [vl:0.0 vr:0.0 yaw:0.0] 
1623198214908 [vl:0.0 vr:0.0 yaw:0.0] 
1623198214964 [vl:0.0 vr:0.0 yaw:0.0] 
1623198215009 [vl:0.0 vr:0.0 yaw:0.0] 
1623198215056 [vl:0.0 vr:0.0 yaw:0.0] 
1623198215104 [vl:0.0 vr:0.0 yaw:0.0] 
1623198215157 [vl:0.0 vr:0.0 yaw:0.0] 
1623198215204 [vl:0.0 vr:0.0 yaw:0.0] 
1623198215257 [vl:0.0 vr:0.0 yaw:0.0] 
1623198215304 [vl:0.0 vr:0.0 yaw:0.0] 
1623198215356 [vl:0.0 vr:0.0 yaw:0.0] 
1623198215408 [vl:0.0 vr:0.0 yaw:0.0] 
1623198215457 [vl:0.0 vr:0.0 yaw:0.0] 
1623198215534 [vl:0.0 vr:0.0 yaw:0.0] 
1623198215564 [vl:0.0 vr:0.0 yaw:0.0] 
1623198215604 [vl:0.0 vr:0.0 yaw:0.0] 
1623198215656 [vl:0.0 vr:0.0 yaw:0.0] 
1623198215704 [vl:0.0 vr:0.0 yaw:0.0] 
1623198215760 [vl:0.0 vr:0.0 yaw:0.0] 
1623198215804 [vl:0.0 vr:0.0 yaw:0.0] 
1623198215861 [vl:0.0 vr:0.0 yaw:0.0] 
1623198215904 [vl:0.0 vr:0.0 yaw:0.0] 
1623198215961 [vl:0.0 vr:0.0 yaw:0.0] 
1623198216008 [vl:0.0 vr:0.0 yaw:0.0] 
1623198216056 [vl:0.0 vr:0.0 yaw:0.0] 
1623198216105 [vl:0.0 vr:0.0 yaw:0.0] 
1623198216161 [vl:0.0 vr:0.0 yaw:0.0] 
1623198216220 [vl:0.0 vr:0.0 yaw:0.0] 
1623198216260 [vl:0.0 vr:0.0 yaw:0.0] 
1623198216304 [vl:0.0 vr:0.0 yaw:0.0] 
1623198216380 [vl:0.0 vr:0.0 yaw:0.0] 
1623198216404 [vl:0.0 vr:0.0 yaw:0.0] 
1623198216456 [vl:0.0 vr:0.0 yaw:0.0] 
1623198216508 [vl:0.0 vr:0.0 yaw:0.0] 
1623198216556 [vl:0.0 vr:0.0 yaw:0.0] 
1623198216604 [vl:0.0 vr:0.0 yaw:0.0] 
1623198216656 [vl:0.0 vr:0.0 yaw:0.0] 
1623198216708 [vl:0.0 vr:0.0 yaw:0.0] 
1623198216756 [vl:0.0 vr:0.0 yaw:0.0] 
1623198216804 [vl:0.0 vr:0.0 yaw:0.0] 
1623198216856 [vl:0.0 vr:0.0 yaw:0.0] 
1623198216907 [vl:0.0 vr:0.0 yaw:0.0] 
1623198216956 [vl:0.0 vr:0.0 yaw:0.0] 
1623198217003 [vl:0.0 vr:0.0 yaw:0.0] 
1623198217057 [vl:0.0 vr:0.0 yaw:0.0] 
1623198217108 [vl:0.0 vr:0.0 yaw:0.0] 
1623198217157 [vl:0.0 vr:0.0 yaw:0.0] 
1623198217210 [vl:0.0 vr:0.0 yaw:0.0] 
1623198217256 [vl:0.0 vr:0.0 yaw:0.0] 
1623198217305 [vl:0.0 vr:0.0 yaw:0.0] 
1623198217356 [vl:0.0 vr:0.0 yaw:0.0] 
1623198217403 [vl:0.0 vr:0.0 yaw:0.0] 
1623198217456 [vl:0.0 vr:0.0 yaw:0.0] 
1623198217504 [vl:0.0 vr:0.0 yaw:0.0] 
1623198217556 [vl:0.0 vr:0.0 yaw:0.0] 
1623198217604 [vl:0.0 vr:0.0 yaw:0.0] 
1623198217657 [vl:0.0 vr:0.0 yaw:0.0] 
1623198217703 [vl:0.0 vr:0.0 yaw:0.0] 
1623198217757 [vl:0.0 vr:0.0 yaw:0.0] 
1623198217810 [vl:0.0 vr:0.0 yaw:0.0] 
1623198217857 [vl:0.0 vr:0.0 yaw:0.0] 
1623198217904 [vl:0.0 vr:0.0 yaw:0.0] 
1623198217957 [vl:0.0 vr:0.0 yaw:0.0] 
1623198218004 [vl:0.0 vr:0.0 yaw:0.0] 
1623198218056 [vl:0.0 vr:0.0 yaw:0.0] 
1623198218104 [vl:0.0 vr:0.0 yaw:0.0] 
1623198218156 [vl:0.0 vr:0.0 yaw:0.0] 
1623198218203 [vl:0.0 vr:0.0 yaw:0.0] 
1623198218271 [vl:0.0 vr:0.0 yaw:0.0] 
1623198218304 [vl:0.0 vr:0.0 yaw:0.0] 
1623198218357 [vl:0.0 vr:0.0 yaw:0.0] 
1623198218404 [vl:0.0 vr:0.0 yaw:0.0] 
1623198218457 [vl:0.0 vr:0.0 yaw:0.0] 
1623198218504 [vl:0.0 vr:0.0 yaw:0.0] 
1623198218557 [vl:0.0 vr:0.0 yaw:0.0] 
1623198218604 [vl:0.0 vr:0.0 yaw:0.0] 
1623198218657 [vl:0.0 vr:0.0 yaw:0.0] 
1623198218704 [vl:0.0 vr:0.0 yaw:0.0] 
1623198218756 [vl:0.0 vr:0.0 yaw:0.0] 
1623198218804 [vl:0.0 vr:0.0 yaw:0.0] 
1623198218861 [vl:0.0 vr:0.0 yaw:0.0] 
1623198218904 [vl:0.0 vr:0.0 yaw:0.0] 
1623198218964 [vl:0.0 vr:0.0 yaw:0.0] 
1623198219003 [vl:0.0 vr:0.0 yaw:0.0] 
1623198219061 [vl:0.0 vr:0.0 yaw:0.0] 
1623198219104 [vl:0.0 vr:0.0 yaw:0.0] 
1623198219156 [vl:0.0 vr:0.0 yaw:0.0] 
1623198219205 [vl:0.0 vr:0.0 yaw:0.0] 
1623198219257 [vl:0.0 vr:0.0 yaw:0.0] 
1623198219303 [vl:0.0 vr:0.0 yaw:0.0] 
1623198219357 [vl:0.0 vr:0.0 yaw:0.0] 
1623198219404 [vl:0.0 vr:0.0 yaw:0.0] 
1623198219456 [vl:0.0 vr:0.0 yaw:0.0] 
1623198219504 [vl:0.0 vr:0.0 yaw:0.0] 
1623198219557 [vl:0.0 vr:0.0 yaw:0.0] 
1623198219608 [vl:0.0 vr:0.0 yaw:0.0] 
1623198219661 [vl:0.0 vr:0.0 yaw:0.0] 
1623198219709 [vl:0.0 vr:0.0 yaw:0.0] 
1623198219782 [vl:0.0 vr:0.0 yaw:0.0] 
1623198219807 [vl:0.0 vr:0.0 yaw:0.0] 
1623198219856 [vl:0.0 vr:0.0 yaw:0.0] 
1623198219904 [vl:0.0 vr:0.0 yaw:0.0] 
1623198219956 [vl:0.0 vr:0.0 yaw:0.0] 
1623198220017 [vl:0.0 vr:0.0 yaw:0.0] 
1623198220056 [vl:0.0 vr:0.0 yaw:0.0] 
1623198220104 [vl:0.0 vr:0.0 yaw:0.0] 
1623198220184 [vl:0.0 vr:0.0 yaw:0.0] 
1623198220231 [vl:0.0 vr:0.0 yaw:0.0] 
1623198220258 [vl:0.0 vr:0.0 yaw:0.0] 
1623198220304 [vl:0.0 vr:0.0 yaw:0.0] 
1623198220356 [vl:0.0 vr:0.0 yaw:0.0] 
1623198220404 [vl:0.0 vr:0.0 yaw:0.0] 
1623198220459 [vl:0.0 vr:0.0 yaw:0.0] 
1623198220504 [vl:0.0 vr:0.0 yaw:0.0] 
1623198220569 [vl:0.0 vr:0.0 yaw:0.0] 
1623198220604 [vl:0.0 vr:0.0 yaw:0.0] 
1623198220661 [vl:0.0 vr:0.0 yaw:0.0] 
1623198220704 [vl:0.0 vr:0.0 yaw:0.0] 
1623198220758 [vl:0.0 vr:0.0 yaw:0.0] 
1623198220804 [vl:0.0 vr:0.0 yaw:0.0] 
1623198220857 [vl:0.0 vr:0.0 yaw:0.0] 
1623198220904 [vl:0.0 vr:0.0 yaw:0.0] 
1623198220965 [vl:0.0 vr:0.0 yaw:0.0] 
1623198221004 [vl:0.0 vr:0.0 yaw:0.0] 
1623198221064 [vl:0.0 vr:0.0 yaw:0.0] 
1623198221104 [vl:0.0 vr:0.0 yaw:0.0] 
1623198221156 [vl:0.0 vr:0.0 yaw:0.0] 
1623198221205 [vl:0.0 vr:0.0 yaw:0.0] 
1623198221272 [vl:0.0 vr:0.0 yaw:0.0] 
1623198221316 [vl:0.0 vr:0.0 yaw:0.0] 
1623198221361 [vl:0.0 vr:0.0 yaw:0.0] 
1623198221410 [vl:0.0 vr:0.0 yaw:0.0] 
1623198221457 [vl:0.0 vr:0.0 yaw:0.0] 
1623198221505 [vl:0.0 vr:0.0 yaw:0.0] 
1623198221557 [vl:0.0 vr:0.0 yaw:0.0] 
1623198221618 [vl:0.0 vr:0.0 yaw:0.0] 
1623198221657 [vl:0.0 vr:0.0 yaw:0.0] 
1623198221704 [vl:0.0 vr:0.0 yaw:0.0] 
1623198221758 [vl:0.0 vr:0.0 yaw:0.0] 
1623198221826 [vl:0.0 vr:0.0 yaw:0.0] 
1623198221856 [vl:0.0 vr:0.0 yaw:0.0] 
1623198221904 [vl:0.0 vr:0.0 yaw:0.0] 
1623198221956 [vl:0.0 vr:0.0 yaw:0.0] 
1623198222004 [vl:0.0 vr:0.0 yaw:0.0] 
1623198222056 [vl:0.0 vr:0.0 yaw:0.0] 
1623198222104 [vl:0.0 vr:0.0 yaw:0.0] 
1623198222161 [vl:0.0 vr:0.0 yaw:0.0] 
1623198222204 [vl:0.0 vr:0.0 yaw:0.0] 
1623198222262 [vl:0.0 vr:0.0 yaw:0.0] 
1623198222324 [vl:0.0 vr:0.0 yaw:0.0] 
1623198222363 [vl:0.0 vr:0.0 yaw:0.0] 
1623198222429 [vl:0.0 vr:0.0 yaw:0.0] 
1623198222474 [vl:0.0 vr:0.0 yaw:0.0] 
1623198222508 [vl:0.0 vr:0.0 yaw:0.0] 
1623198222557 [vl:0.0 vr:0.0 yaw:0.0] 
1623198222622 [vl:0.0 vr:0.0 yaw:0.0] 
1623198222660 [vl:0.0 vr:0.0 yaw:0.0] 
1623198222704 [vl:0.0 vr:0.0 yaw:0.0] 
1623198222760 [vl:0.0 vr:0.0 yaw:0.0] 
1623198222808 [vl:0.0 vr:0.0 yaw:0.0] 
1623198222863 [vl:0.0 vr:0.0 yaw:0.0] 
1623198222905 [vl:0.0 vr:0.0 yaw:0.0] 
1623198222958 [vl:0.0 vr:0.0 yaw:0.0] 
1623198223009 [vl:0.0 vr:0.0 yaw:0.0] 
1623198223058 [vl:0.0 vr:0.0 yaw:0.0] 
1623198223104 [vl:0.0 vr:0.0 yaw:0.0] 
1623198223172 [vl:0.0 vr:0.0 yaw:0.0] 
1623198223220 [vl:0.0 vr:0.0 yaw:0.0] 
1623198223262 [vl:0.0 vr:0.0 yaw:0.0] 
1623198223305 [vl:0.0 vr:0.0 yaw:0.0] 
1623198223357 [vl:0.0 vr:0.0 yaw:0.0] 
1623198223413 [vl:0.0 vr:0.0 yaw:0.0] 
1623198223470 [vl:0.0 vr:0.0 yaw:0.0] 
1623198223506 [vl:0.0 vr:0.0 yaw:0.0] 
1623198223569 [vl:0.0 vr:0.0 yaw:0.0] 
1623198223604 [vl:0.0 vr:0.0 yaw:0.0] 
1623198223656 [vl:0.0 vr:0.0 yaw:0.0] 
1623198223716 [vl:0.0 vr:0.0 yaw:0.0] 
1623198223781 [vl:0.0 vr:0.0 yaw:0.0] 
1623198223804 [vl:0.0 vr:0.0 yaw:0.0] 
1623198223860 [vl:0.0 vr:0.0 yaw:0.0] 
1623198223908 [vl:0.0 vr:0.0 yaw:0.0] 
1623198223957 [vl:0.0 vr:0.0 yaw:0.0] 
1623198224004 [vl:0.0 vr:0.0 yaw:0.0] 
1623198224081 [vl:0.0 vr:0.0 yaw:0.0] 
1623198224106 [vl:0.0 vr:0.0 yaw:0.0] 
1623198224162 [vl:0.0 vr:0.0 yaw:0.0] 
1623198224204 [vl:0.0 vr:0.0 yaw:0.0] 
1623198224256 [vl:0.0 vr:0.0 yaw:0.0] 
1623198224304 [vl:0.0 vr:0.0 yaw:0.0] 
1623198224358 [vl:0.0 vr:0.0 yaw:0.0] 
1623198224405 [vl:0.0 vr:0.0 yaw:0.0] 
1623198224491 [vl:0.0 vr:0.0 yaw:0.0] 
1623198224528 [vl:0.0 vr:0.0 yaw:0.0] 
1623198224561 [vl:0.0 vr:0.0 yaw:0.0] 
1623198224614 [vl:0.0 vr:0.0 yaw:0.0] 
1623198224658 [vl:0.0 vr:0.0 yaw:0.0] 
1623198224715 [vl:0.0 vr:0.0 yaw:0.0] 
1623198224760 [vl:0.0 vr:0.0 yaw:0.0] 
1623198224804 [vl:0.0 vr:0.0 yaw:0.0] 
1623198224857 [vl:0.0 vr:0.0 yaw:0.0] 
1623198224908 [vl:0.0 vr:0.0 yaw:0.0] 
1623198224961 [vl:0.0 vr:0.0 yaw:0.0] 
1623198225008 [vl:0.0 vr:0.0 yaw:0.0] 
1623198225058 [vl:0.0 vr:0.0 yaw:0.0] 
1623198225104 [vl:0.0 vr:0.0 yaw:0.0] 
1623198225155 [vl:0.0 vr:0.0 yaw:0.0] 
1623198225212 [vl:0.0 vr:0.0 yaw:0.0] 
1623198225266 [vl:0.0 vr:0.0 yaw:0.0] 
1623198225298 [vl:0.0 vr:0.0 yaw:0.0] 
1623198225366 [vl:0.0 vr:0.0 yaw:0.0] 
1623198225405 [vl:0.0 vr:0.0 yaw:0.0] 
1623198225456 [vl:0.0 vr:0.0 yaw:0.0] 
1623198225504 [vl:0.0 vr:0.0 yaw:0.0] 
1623198225569 [vl:0.0 vr:0.0 yaw:0.0] 
1623198225616 [vl:0.0 vr:0.0 yaw:0.0] 
1623198225656 [vl:0.0 vr:0.0 yaw:0.0] 
1623198225719 [vl:0.0 vr:0.0 yaw:0.0] 
1623198225759 [vl:0.0 vr:0.0 yaw:0.0] 
1623198225866 [vl:0.0 vr:0.0 yaw:0.0] 
1623198225896 [vl:0.0 vr:0.0 yaw:0.0] 
1623198225931 [vl:0.0 vr:0.0 yaw:0.0] 
1623198225964 [vl:0.0 vr:0.0 yaw:0.0] 
1623198226004 [vl:0.0 vr:0.0 yaw:0.0] 
1623198226059 [vl:0.0 vr:0.0 yaw:0.0] 
1623198226112 [vl:0.0 vr:0.0 yaw:0.0] 
1623198226157 [vl:0.0 vr:0.0 yaw:0.0] 
1623198226224 [vl:0.0 vr:0.0 yaw:0.0] 
1623198226249 [vl:0.0 vr:0.0 yaw:0.0] 
1623198226304 [vl:0.0 vr:0.0 yaw:0.0] 
1623198226366 [vl:0.0 vr:0.0 yaw:0.0] 
1623198226404 [vl:0.0 vr:0.0 yaw:0.0] 
1623198226459 [vl:0.0 vr:0.0 yaw:0.0] 
1623198226504 [vl:0.0 vr:0.0 yaw:0.0] 
1623198226558 [vl:0.0 vr:0.0 yaw:0.0] 
1623198226604 [vl:0.0 vr:0.0 yaw:0.0] 
1623198226656 [vl:0.0 vr:0.0 yaw:0.0] 
1623198226717 [vl:0.0 vr:0.0 yaw:0.0] 
1623198226756 [vl:0.0 vr:0.0 yaw:0.0] 
1623198226804 [vl:0.0 vr:0.0 yaw:0.0] 
1623198226872 [vl:0.0 vr:0.0 yaw:0.0] 
1623198226908 [vl:0.0 vr:0.0 yaw:0.0] 
1623198226959 [vl:0.0 vr:0.0 yaw:0.0] 
1623198227012 [vl:0.0 vr:0.0 yaw:0.0] 
1623198227071 [vl:0.0 vr:0.0 yaw:0.0] 
1623198227116 [vl:0.0 vr:0.0 yaw:0.0] 
1623198227158 [vl:0.0 vr:0.0 yaw:0.0] 
1623198227221 [vl:0.0 vr:0.0 yaw:0.0] 
1623198227273 [vl:0.0 vr:0.0 yaw:0.0] 
1623198227327 [vl:0.0 vr:0.0 yaw:0.0] 
1623198227371 [vl:0.0 vr:0.0 yaw:0.0] 
1623198227432 [vl:0.0 vr:0.0 yaw:0.0] 
1623198227464 [vl:0.0 vr:0.0 yaw:0.0] 
1623198227504 [vl:0.0 vr:0.0 yaw:0.0] 
1623198227561 [vl:0.0 vr:0.0 yaw:0.0] 
1623198227609 [vl:0.0 vr:0.0 yaw:0.0] 
1623198227671 [vl:0.0 vr:0.0 yaw:0.0] 
1623198227707 [vl:0.0 vr:0.0 yaw:0.0] 
1623198227756 [vl:0.0 vr:0.0 yaw:0.0] 
1623198227809 [vl:0.0 vr:0.0 yaw:0.0] 
1623198227856 [vl:0.0 vr:0.0 yaw:0.0] 
1623198227906 [vl:0.0 vr:0.0 yaw:0.0] 
1623198227978 [vl:0.0 vr:0.0 yaw:0.0] 
1623198228004 [vl:0.0 vr:0.0 yaw:0.0] 
1623198228077 [vl:0.0 vr:0.0 yaw:0.0] 
1623198228108 [vl:0.0 vr:0.0 yaw:0.0] 
1623198228174 [vl:0.0 vr:0.0 yaw:0.0] 
1623198228235 [vl:0.0 vr:0.0 yaw:0.0] 
1623198228265 [vl:0.0 vr:0.0 yaw:0.0] 
1623198228313 [vl:0.0 vr:0.0 yaw:0.0] 
1623198228365 [vl:0.0 vr:0.0 yaw:0.0] 
1623198228404 [vl:0.0 vr:0.0 yaw:0.0] 
1623198228456 [vl:0.0 vr:0.0 yaw:0.0] 
1623198228527 [vl:0.0 vr:0.0 yaw:0.0] 
1623198228566 [vl:0.0 vr:0.0 yaw:0.0] 
1623198228604 [vl:0.0 vr:0.0 yaw:0.0] 
1623198228660 [vl:0.0 vr:0.0 yaw:0.0] 
1623198228704 [vl:0.0 vr:0.0 yaw:0.0] 
1623198228768 [vl:0.0 vr:0.0 yaw:0.0] 
1623198228808 [vl:0.0 vr:0.0 yaw:0.0] 
1623198228888 [vl:0.0 vr:0.0 yaw:0.0] 
1623198228913 [vl:0.0 vr:0.0 yaw:0.0] 
1623198229015 [vl:0.0 vr:0.0 yaw:0.0] 
1623198229034 [vl:0.0 vr:0.0 yaw:0.0] 
1623198229076 [vl:0.0 vr:0.0 yaw:0.0] 
1623198229104 [vl:0.0 vr:0.0 yaw:0.0] 
1623198229156 [vl:0.0 vr:0.0 yaw:0.0] 
1623198229204 [vl:0.0 vr:0.0 yaw:0.0] 
1623198229260 [vl:0.0 vr:0.0 yaw:0.0] 
1623198229310 [vl:0.0 vr:0.0 yaw:0.0] 
1623198229363 [vl:0.0 vr:0.0 yaw:0.0] 
1623198229404 [vl:0.0 vr:0.0 yaw:0.0] 
1623198229460 [vl:0.0 vr:0.0 yaw:0.0] 
1623198229515 [vl:0.0 vr:0.0 yaw:0.0] 
1623198229556 [vl:0.0 vr:0.0 yaw:0.0] 
1623198229604 [vl:0.0 vr:0.0 yaw:0.0] 
1623198229678 [vl:0.0 vr:0.0 yaw:0.0] 
1623198229722 [vl:0.0 vr:0.0 yaw:0.0] 
1623198229752 [vl:0.0 vr:0.0 yaw:0.0] 
1623198229797 [vl:0.0 vr:0.0 yaw:0.0] 
1623198229858 [vl:0.0 vr:0.0 yaw:0.0] 
1623198229904 [vl:0.0 vr:0.0 yaw:0.0] 
1623198229957 [vl:0.0 vr:0.0 yaw:0.0] 
1623198230017 [vl:0.0 vr:0.0 yaw:0.0] 
1623198230056 [vl:0.0 vr:0.0 yaw:0.0] 
1623198230105 [vl:0.0 vr:0.0 yaw:0.0] 
1623198230161 [vl:0.0 vr:0.0 yaw:0.0] 
1623198230220 [vl:0.0 vr:0.0 yaw:0.0] 
1623198230258 [vl:0.0 vr:0.0 yaw:0.0] 
1623198230307 [vl:0.0 vr:0.0 yaw:0.0] 
1623198230371 [vl:0.0 vr:0.0 yaw:0.0] 
1623198230413 [vl:0.0 vr:0.0 yaw:0.0] 
1623198230459 [vl:0.0 vr:0.0 yaw:0.0] 
1623198230504 [vl:0.0 vr:0.0 yaw:0.0] 
1623198230556 [vl:0.0 vr:0.0 yaw:0.0] 
1623198230604 [vl:0.0 vr:0.0 yaw:0.0] 
1623198230656 [vl:0.0 vr:0.0 yaw:0.0] 
1623198230704 [vl:0.0 vr:0.0 yaw:0.0] 
1623198230762 [vl:0.0 vr:0.0 yaw:0.0] 
1623198230809 [vl:0.0 vr:0.0 yaw:0.0] 
1623198230858 [vl:0.0 vr:0.0 yaw:0.0] 
1623198230923 [vl:0.0 vr:0.0 yaw:0.0] 
1623198230972 [vl:0.0 vr:0.0 yaw:0.0] 
1623198231004 [vl:0.0 vr:0.0 yaw:0.0] 
1623198231070 [vl:0.0 vr:0.0 yaw:0.0] 
1623198231104 [vl:0.0 vr:0.0 yaw:0.0] 
1623198231158 [vl:0.0 vr:0.0 yaw:0.0] 
1623198231204 [vl:0.0 vr:0.0 yaw:0.0] 
1623198231256 [vl:0.0 vr:0.0 yaw:0.0] 
1623198231315 [vl:0.0 vr:0.0 yaw:0.0] 
1623198231358 [vl:0.0 vr:0.0 yaw:0.0] 
1623198231421 [vl:0.0 vr:0.0 yaw:0.0] 
1623198231473 [vl:0.0 vr:0.0 yaw:0.0] 
1623198231520 [vl:0.0 vr:0.0 yaw:0.0] 
1623198231556 [vl:0.0 vr:0.0 yaw:0.0] 
1623198231612 [vl:0.0 vr:0.0 yaw:0.0] 
1623198231660 [vl:0.0 vr:0.0 yaw:0.0] 
1623198231716 [vl:0.0 vr:0.0 yaw:0.0] 
1623198231766 [vl:0.0 vr:0.0 yaw:0.0] 
1623198231804 [vl:0.0 vr:0.0 yaw:0.0] 
1623198231857 [vl:0.0 vr:0.0 yaw:0.0] 
1623198231908 [vl:0.0 vr:0.0 yaw:0.0] 
1623198231966 [vl:0.0 vr:0.0 yaw:0.0] 
1623198232004 [vl:0.0 vr:0.0 yaw:0.0] 
1623198232070 [vl:0.0 vr:0.0 yaw:0.0] 
1623198232112 [vl:0.0 vr:0.0 yaw:0.0] 
1623198232170 [vl:0.0 vr:0.0 yaw:0.0] 
1623198232208 [vl:0.0 vr:0.0 yaw:0.0] 
1623198232264 [vl:0.0 vr:0.0 yaw:0.0] 
1623198232313 [vl:0.0 vr:0.0 yaw:0.0] 
1623198232369 [vl:0.0 vr:0.0 yaw:0.0] 
1623198232405 [vl:0.0 vr:0.0 yaw:0.0] 
1623198232459 [vl:0.0 vr:0.0 yaw:0.0] 
1623198232505 [vl:0.0 vr:0.0 yaw:0.0] 
1623198232560 [vl:0.0 vr:0.0 yaw:0.0] 
1623198232604 [vl:0.0 vr:0.0 yaw:0.0] 
1623198232657 [vl:0.0 vr:0.0 yaw:0.0] 
1623198232704 [vl:0.0 vr:0.0 yaw:0.0] 
1623198232765 [vl:0.0 vr:0.0 yaw:0.0] 
1623198232828 [vl:0.0 vr:0.0 yaw:0.0] 
1623198232856 [vl:0.0 vr:0.0 yaw:0.0] 
1623198232904 [vl:0.0 vr:0.0 yaw:0.0] 
1623198232957 [vl:0.0 vr:0.0 yaw:0.0] 
1623198233004 [vl:0.0 vr:0.0 yaw:0.0] 
1623198233059 [vl:0.0 vr:0.0 yaw:0.0] 
1623198233113 [vl:0.0 vr:0.0 yaw:0.0] 
1623198233164 [vl:0.0 vr:0.0 yaw:0.0] 
1623198233204 [vl:0.0 vr:0.0 yaw:0.0] 
1623198233268 [vl:0.0 vr:0.0 yaw:0.0] 
1623198233350 [vl:0.0 vr:0.0 yaw:0.0] 
1623198233364 [vl:0.0 vr:0.0 yaw:0.0] 
1623198233422 [vl:0.0 vr:0.0 yaw:0.0] 
1623198233466 [vl:0.0 vr:0.0 yaw:0.0] 
1623198233514 [vl:0.0 vr:0.0 yaw:0.0] 
1623198233565 [vl:0.0 vr:0.0 yaw:0.0] 
1623198233604 [vl:0.0 vr:0.0 yaw:0.0] 
1623198233684 [vl:0.0 vr:0.0 yaw:0.0] 
1623198233707 [vl:0.0 vr:0.0 yaw:0.0] 
1623198233760 [vl:0.0 vr:0.0 yaw:0.0] 
1623198233808 [vl:0.0 vr:0.0 yaw:0.0] 
1623198233886 [vl:0.0 vr:0.0 yaw:0.0] 
1623198233904 [vl:0.0 vr:0.0 yaw:0.0] 
1623198233957 [vl:0.0 vr:0.0 yaw:0.0] 
1623198234022 [vl:0.0 vr:0.0 yaw:0.0] 
1623198234052 [vl:0.0 vr:0.0 yaw:0.0] 
1623198234115 [vl:0.0 vr:0.0 yaw:0.0] 
1623198234156 [vl:0.0 vr:0.0 yaw:0.0] 
1623198234208 [vl:0.0 vr:0.0 yaw:0.0] 
1623198234264 [vl:0.0 vr:0.0 yaw:0.0] 
1623198234305 [vl:0.0 vr:0.0 yaw:0.0] 
1623198234359 [vl:0.0 vr:0.0 yaw:0.0] 
1623198234407 [vl:0.0 vr:0.0 yaw:0.0] 
1623198234456 [vl:0.0 vr:0.0 yaw:0.0] 
1623198234511 [vl:0.0 vr:0.0 yaw:0.0] 
1623198234558 [vl:0.0 vr:0.0 yaw:0.0] 
1623198234615 [vl:0.0 vr:0.0 yaw:0.0] 
1623198234660 [vl:0.0 vr:0.0 yaw:0.0] 
1623198234718 [vl:0.0 vr:0.0 yaw:0.0] 
1623198234783 [vl:0.0 vr:0.0 yaw:0.0] 
1623198234810 [vl:0.0 vr:0.0 yaw:0.0] 
1623198234858 [vl:0.0 vr:0.0 yaw:0.0] 
1623198234904 [vl:0.0 vr:0.0 yaw:0.0] 
1623198234982 [vl:0.0 vr:0.0 yaw:0.0] 
1623198235030 [vl:0.0 vr:0.0 yaw:0.0] 
1623198235061 [vl:0.0 vr:0.0 yaw:0.0] 
1623198235123 [vl:0.0 vr:0.0 yaw:0.0] 
1623198235165 [vl:0.0 vr:0.0 yaw:0.0] 
1623198235209 [vl:0.0 vr:0.0 yaw:0.0] 
1623198235265 [vl:0.0 vr:0.0 yaw:0.0] 
1623198235319 [vl:0.0 vr:0.0 yaw:0.0] 
1623198235363 [vl:0.0 vr:0.0 yaw:0.0] 
1623198235447 [vl:0.0 vr:0.0 yaw:0.0] 
1623198235470 [vl:0.0 vr:0.0 yaw:0.0] 
1623198235514 [vl:0.0 vr:0.0 yaw:0.0] 
1623198235560 [vl:0.0 vr:0.0 yaw:0.0] 
1623198235608 [vl:0.0 vr:0.0 yaw:0.0] 
1623198235658 [vl:0.0 vr:0.0 yaw:0.0] 
1623198235712 [vl:0.0 vr:0.0 yaw:0.0] 
1623198235757 [vl:0.0 vr:0.0 yaw:0.0] 
1623198235810 [vl:0.0 vr:0.0 yaw:0.0] 
1623198235856 [vl:0.0 vr:0.0 yaw:0.0] 
1623198235906 [vl:0.0 vr:0.0 yaw:0.0] 
1623198235960 [vl:0.0 vr:0.0 yaw:0.0] 
1623198236004 [vl:0.0 vr:0.0 yaw:0.0] 
1623198236057 [vl:0.0 vr:0.0 yaw:0.0] 
1623198236104 [vl:0.0 vr:0.0 yaw:0.0] 
1623198236156 [vl:0.0 vr:0.0 yaw:0.0] 
1623198236206 [vl:0.0 vr:0.0 yaw:0.0] 
1623198236251 [vl:0.0 vr:0.0 yaw:0.0] 
1623198236304 [vl:0.0 vr:0.0 yaw:0.0] 
1623198236356 [vl:0.0 vr:0.0 yaw:0.0] 
1623198236404 [vl:0.0 vr:0.0 yaw:0.0] 
1623198236457 [vl:0.0 vr:0.0 yaw:0.0] 
1623198236505 [vl:0.0 vr:0.0 yaw:0.0] 
1623198236557 [vl:0.0 vr:0.0 yaw:0.0] 
1623198236608 [vl:0.0 vr:0.0 yaw:0.0] 
1623198236657 [vl:0.0 vr:0.0 yaw:0.0] 
1623198236709 [vl:0.0 vr:0.0 yaw:0.0] 
1623198236756 [vl:0.0 vr:0.0 yaw:0.0] 
1623198236821 [vl:0.0 vr:0.0 yaw:0.0] 
1623198236857 [vl:0.0 vr:0.0 yaw:0.0] 
1623198236909 [vl:0.0 vr:0.0 yaw:0.0] 
1623198236956 [vl:0.0 vr:0.0 yaw:0.0] 
1623198237010 [vl:0.0 vr:0.0 yaw:0.0] 
1623198237080 [vl:0.0 vr:0.0 yaw:0.0] 
1623198237105 [vl:0.0 vr:0.0 yaw:0.0] 
1623198237156 [vl:0.0 vr:0.0 yaw:0.0] 
1623198237209 [vl:0.0 vr:0.0 yaw:0.0] 
1623198237256 [vl:0.0 vr:0.0 yaw:0.0] 
1623198237304 [vl:0.0 vr:0.0 yaw:0.0] 
1623198237356 [vl:0.0 vr:0.0 yaw:0.0] 
1623198237413 [vl:0.0 vr:0.0 yaw:0.0] 
1623198237456 [vl:0.0 vr:0.0 yaw:0.0] 
1623198237507 [vl:0.0 vr:0.0 yaw:0.0] 
1623198237557 [vl:0.0 vr:0.0 yaw:0.0] 
1623198237612 [vl:0.0 vr:0.0 yaw:0.0] 
1623198237658 [vl:0.0 vr:0.0 yaw:0.0] 
1623198237705 [vl:0.0 vr:0.0 yaw:0.0] 
1623198237787 [vl:0.0 vr:0.0 yaw:0.0] 
1623198237813 [vl:0.0 vr:0.0 yaw:0.0] 
1623198237856 [vl:0.0 vr:0.0 yaw:0.0] 
1623198237908 [vl:0.0 vr:0.0 yaw:0.0] 
1623198237959 [vl:0.0 vr:0.0 yaw:0.0] 
1623198238012 [vl:0.0 vr:0.0 yaw:0.0] 
1623198238056 [vl:0.0 vr:0.0 yaw:0.0] 
1623198238107 [vl:0.0 vr:0.0 yaw:0.0] 
1623198238156 [vl:0.0 vr:0.0 yaw:0.0] 
1623198238206 [vl:0.0 vr:0.0 yaw:0.0] 
1623198238257 [vl:0.0 vr:0.0 yaw:0.0] 
1623198238306 [vl:0.0 vr:0.0 yaw:0.0] 
1623198238359 [vl:0.0 vr:0.0 yaw:0.0] 
1623198238407 [vl:0.0 vr:0.0 yaw:0.0] 
1623198238462 [vl:0.0 vr:0.0 yaw:0.0] 
1623198238504 [vl:0.0 vr:0.0 yaw:0.0] 
1623198238559 [vl:0.0 vr:0.0 yaw:0.0] 
1623198238606 [vl:0.0 vr:0.0 yaw:0.0] 
1623198238656 [vl:0.0 vr:0.0 yaw:0.0] 
1623198238704 [vl:0.0 vr:0.0 yaw:0.0] 
1623198238758 [vl:0.0 vr:0.0 yaw:0.0] 
1623198238804 [vl:0.0 vr:0.0 yaw:0.0] 
1623198238871 [vl:0.0 vr:0.0 yaw:0.0] 
1623198238904 [vl:0.0 vr:0.0 yaw:0.0] 
1623198238957 [vl:0.0 vr:0.0 yaw:0.0] 
1623198239006 [vl:0.0 vr:0.0 yaw:0.0] 
1623198239074 [vl:0.0 vr:0.0 yaw:0.0] 
1623198239107 [vl:0.0 vr:0.0 yaw:0.0] 
1623198239156 [vl:0.0 vr:0.0 yaw:0.0] 
1623198239205 [vl:0.0 vr:0.0 yaw:0.0] 
1623198239265 [vl:0.0 vr:0.0 yaw:0.0] 
1623198239308 [vl:0.0 vr:0.0 yaw:0.0] 
1623198239357 [vl:0.0 vr:0.0 yaw:0.0] 
1623198239405 [vl:0.0 vr:0.0 yaw:0.0] 
1623198239456 [vl:0.0 vr:0.0 yaw:0.0] 
1623198239504 [vl:0.0 vr:0.0 yaw:0.0] 
1623198239560 [vl:0.0 vr:0.0 yaw:0.0] 
1623198239611 [vl:0.0 vr:0.0 yaw:0.0] 
1623198239657 [vl:0.0 vr:0.0 yaw:0.0] 
1623198239707 [vl:0.0 vr:0.0 yaw:0.0] 
1623198239758 [vl:0.0 vr:0.0 yaw:0.0] 
1623198239804 [vl:0.0 vr:0.0 yaw:0.0] 
1623198239857 [vl:0.0 vr:0.0 yaw:0.0] 
1623198239904 [vl:0.0 vr:0.0 yaw:0.0] 
1623198239956 [vl:0.0 vr:0.0 yaw:0.0] 
1623198240035 [vl:0.0 vr:0.0 yaw:0.0] 
1623198240094 [vl:0.0 vr:0.0 yaw:0.0] 
1623198240110 [vl:0.0 vr:0.0 yaw:0.0] 
1623198240156 [vl:0.0 vr:0.0 yaw:0.0] 
1623198240207 [vl:0.0 vr:0.0 yaw:0.0] 
1623198240259 [vl:0.0 vr:0.0 yaw:0.0] 
1623198240304 [vl:0.0 vr:0.0 yaw:0.0] 
1623198240356 [vl:0.0 vr:0.0 yaw:0.0] 
1623198240406 [vl:0.0 vr:0.0 yaw:0.0] 
1623198240456 [vl:0.0 vr:0.0 yaw:0.0] 
1623198240505 [vl:0.0 vr:0.0 yaw:0.0] 
1623198240576 [vl:0.0 vr:0.0 yaw:0.0] 
1623198240613 [vl:0.0 vr:0.0 yaw:0.0] 
1623198240688 [vl:0.0 vr:0.0 yaw:0.0] 
1623198240705 [vl:0.0 vr:0.0 yaw:0.0] 
1623198240773 [vl:0.0 vr:0.0 yaw:0.0] 
1623198240806 [vl:0.0 vr:0.0 yaw:0.0] 
1623198240856 [vl:0.0 vr:0.0 yaw:0.0] 
1623198240904 [vl:0.0 vr:0.0 yaw:0.0] 
1623198240956 [vl:0.0 vr:0.0 yaw:0.0] 
1623198241004 [vl:0.0 vr:0.0 yaw:0.0] 
1623198241056 [vl:0.0 vr:0.0 yaw:0.0] 
1623198241104 [vl:0.0 vr:0.0 yaw:0.0] 
1623198241168 [vl:0.0 vr:0.0 yaw:0.0] 
1623198241204 [vl:0.0 vr:0.0 yaw:0.0] 
1623198241260 [vl:0.0 vr:0.0 yaw:0.0] 
1623198241318 [vl:0.0 vr:0.0 yaw:0.0] 
1623198241364 [vl:0.0 vr:0.0 yaw:0.0] 
1623198241408 [vl:0.0 vr:0.0 yaw:0.0] 
1623198241460 [vl:0.0 vr:0.0 yaw:0.0] 
1623198241521 [vl:0.0 vr:0.0 yaw:0.0] 
1623198241578 [vl:0.0 vr:0.0 yaw:0.0] 
1623198241608 [vl:0.0 vr:0.0 yaw:0.0] 
1623198241672 [vl:0.0 vr:0.0 yaw:0.0] 
1623198241712 [vl:0.0 vr:0.0 yaw:0.0] 
1623198241757 [vl:0.0 vr:0.0 yaw:0.0] 
1623198241808 [vl:0.0 vr:0.0 yaw:0.0] 
1623198241873 [vl:0.0 vr:0.0 yaw:0.0] 
1623198241911 [vl:0.0 vr:0.0 yaw:0.0] 
1623198241957 [vl:0.0 vr:0.0 yaw:0.0] 
1623198242005 [vl:0.0 vr:0.0 yaw:0.0] 
1623198242058 [vl:0.0 vr:0.0 yaw:0.0] 
1623198242108 [vl:0.0 vr:0.0 yaw:0.0] 
1623198242157 [vl:0.0 vr:0.0 yaw:0.0] 
1623198242206 [vl:0.0 vr:0.0 yaw:0.0] 
1623198242259 [vl:0.0 vr:0.0 yaw:0.0] 
1623198242298 [vl:0.0 vr:0.0 yaw:0.0] 
1623198242362 [vl:0.0 vr:0.0 yaw:0.0] 
1623198242404 [vl:0.0 vr:0.0 yaw:0.0] 
1623198242456 [vl:0.0 vr:0.0 yaw:0.0] 
1623198242504 [vl:0.0 vr:0.0 yaw:0.0] 
1623198242562 [vl:0.0 vr:0.0 yaw:0.0] 
1623198242609 [vl:0.0 vr:0.0 yaw:0.0] 
1623198242656 [vl:0.0 vr:0.0 yaw:0.0] 
1623198242710 [vl:0.0 vr:0.0 yaw:0.0] 
1623198242756 [vl:0.0 vr:0.0 yaw:0.0] 
1623198242805 [vl:0.0 vr:0.0 yaw:0.0] 
1623198242860 [vl:0.0 vr:0.0 yaw:0.0] 
1623198242910 [vl:0.0 vr:0.0 yaw:0.0] 
1623198242956 [vl:0.0 vr:0.0 yaw:0.0] 
1623198243005 [vl:0.0 vr:0.0 yaw:0.0] 
1623198243060 [vl:0.0 vr:0.0 yaw:0.0] 
1623198243112 [vl:0.0 vr:0.0 yaw:0.0] 
1623198243162 [vl:0.0 vr:0.0 yaw:0.0] 
1623198243208 [vl:0.0 vr:0.0 yaw:0.0] 
1623198243264 [vl:0.0 vr:0.0 yaw:0.0] 
1623198243319 [vl:0.0 vr:0.0 yaw:0.0] 
1623198243358 [vl:0.0 vr:0.0 yaw:0.0] 
1623198243429 [vl:0.0 vr:0.0 yaw:0.0] 
1623198243456 [vl:0.0 vr:0.0 yaw:0.0] 
1623198243507 [vl:0.0 vr:0.0 yaw:0.0] 
1623198243560 [vl:0.0 vr:0.0 yaw:0.0] 
1623198243616 [vl:0.0 vr:0.0 yaw:0.0] 
1623198243657 [vl:0.0 vr:0.0 yaw:0.0] 
1623198243704 [vl:0.0 vr:0.0 yaw:0.0] 
1623198243757 [vl:0.0 vr:0.0 yaw:0.0] 
1623198243804 [vl:0.0 vr:0.0 yaw:0.0] 
1623198243857 [vl:0.0 vr:0.0 yaw:0.0] 
1623198243908 [vl:0.0 vr:0.0 yaw:0.0] 
1623198243956 [vl:0.0 vr:0.0 yaw:0.0] 
1623198244005 [vl:0.0 vr:0.0 yaw:0.0] 
1623198244057 [vl:0.0 vr:0.0 yaw:0.0] 
1623198244108 [vl:0.0 vr:0.0 yaw:0.0] 
1623198244156 [vl:0.0 vr:0.0 yaw:0.0] 
1623198244206 [vl:0.0 vr:0.0 yaw:0.0] 
1623198244261 [vl:0.0 vr:0.0 yaw:0.0] 
1623198244304 [vl:0.0 vr:0.0 yaw:0.0] 
1623198244360 [vl:0.0 vr:0.0 yaw:0.0] 
1623198244405 [vl:0.0 vr:0.0 yaw:0.0] 
1623198244460 [vl:0.0 vr:0.0 yaw:0.0] 
1623198244504 [vl:0.0 vr:0.0 yaw:0.0] 
1623198244557 [vl:0.0 vr:0.0 yaw:0.0] 
1623198244611 [vl:0.0 vr:0.0 yaw:0.0] 
1623198244660 [vl:0.0 vr:0.0 yaw:0.0] 
1623198244704 [vl:0.0 vr:0.0 yaw:0.0] 
1623198244761 [vl:0.0 vr:0.0 yaw:0.0] 
1623198244817 [vl:0.0 vr:0.0 yaw:0.0] 
1623198244859 [vl:0.0 vr:0.0 yaw:0.0] 
1623198244905 [vl:0.0 vr:0.0 yaw:0.0] 
1623198244956 [vl:0.0 vr:0.0 yaw:0.0] 
1623198245023 [vl:0.0 vr:0.0 yaw:0.0] 
1623198245056 [vl:0.0 vr:0.0 yaw:0.0] 
1623198245104 [vl:0.0 vr:0.0 yaw:0.0] 
1623198245159 [vl:0.0 vr:0.0 yaw:0.0] 
1623198245204 [vl:0.0 vr:0.0 yaw:0.0] 
1623198245291 [vl:0.0 vr:0.0 yaw:0.0] 
1623198245304 [vl:0.0 vr:0.0 yaw:0.0] 
1623198245356 [vl:0.0 vr:0.0 yaw:0.0] 
1623198245413 [vl:0.0 vr:0.0 yaw:0.0] 
1623198245471 [vl:0.0 vr:0.0 yaw:0.0] 
1623198245504 [vl:0.0 vr:0.0 yaw:0.0] 
1623198245561 [vl:0.0 vr:0.0 yaw:0.0] 
1623198245605 [vl:0.0 vr:0.0 yaw:0.0] 
1623198245651 [vl:0.0 vr:0.0 yaw:0.0] 
1623198245704 [vl:0.0 vr:0.0 yaw:0.0] 
1623198245758 [vl:0.0 vr:0.0 yaw:0.0] 
1623198245814 [vl:0.0 vr:0.0 yaw:0.0] 
1623198245856 [vl:0.0 vr:0.0 yaw:0.0] 
1623198245911 [vl:0.0 vr:0.0 yaw:0.0] 
1623198245957 [vl:0.0 vr:0.0 yaw:0.0] 
1623198246004 [vl:0.0 vr:0.0 yaw:0.0] 
1623198246062 [vl:0.0 vr:0.0 yaw:0.0] 
1623198246104 [vl:0.0 vr:0.0 yaw:0.0] 
1623198246157 [vl:0.0 vr:0.0 yaw:0.0] 
1623198246204 [vl:0.0 vr:0.0 yaw:0.0] 
1623198246260 [vl:0.0 vr:0.0 yaw:0.0] 
1623198246307 [vl:0.0 vr:0.0 yaw:0.0] 
1623198246357 [vl:0.0 vr:0.0 yaw:0.0] 
1623198246408 [vl:0.0 vr:0.0 yaw:0.0] 
1623198246456 [vl:0.0 vr:0.0 yaw:0.0] 
1623198246505 [vl:0.0 vr:0.0 yaw:0.0] 
1623198246576 [vl:0.0 vr:0.0 yaw:0.0] 
1623198246604 [vl:0.0 vr:0.0 yaw:0.0] 
1623198246656 [vl:0.0 vr:0.0 yaw:0.0] 
1623198246708 [vl:0.0 vr:0.0 yaw:0.0] 
1623198246766 [vl:0.0 vr:0.0 yaw:0.0] 
1623198246804 [vl:0.0 vr:0.0 yaw:0.0] 
1623198246857 [vl:0.0 vr:0.0 yaw:0.0] 
1623198246908 [vl:0.0 vr:0.0 yaw:0.0] 
1623198246957 [vl:0.0 vr:0.0 yaw:0.0] 
1623198247004 [vl:0.0 vr:0.0 yaw:0.0] 
1623198247057 [vl:0.0 vr:0.0 yaw:0.0] 
1623198247119 [vl:0.0 vr:0.0 yaw:0.0] 
1623198247158 [vl:0.0 vr:0.0 yaw:0.0] 
1623198247204 [vl:0.0 vr:0.0 yaw:0.0] 
1623198247264 [vl:0.0 vr:0.0 yaw:0.0] 
1623198247304 [vl:0.0 vr:0.0 yaw:0.0] 
1623198247357 [vl:0.0 vr:0.0 yaw:0.0] 
1623198247412 [vl:0.0 vr:0.0 yaw:0.0] 
1623198247457 [vl:0.0 vr:0.0 yaw:0.0] 
1623198247503 [vl:0.0 vr:0.0 yaw:0.0] 
1623198247557 [vl:0.0 vr:0.0 yaw:0.0] 
1623198247608 [vl:0.0 vr:0.0 yaw:0.0] 
1623198247656 [vl:0.0 vr:0.0 yaw:0.0] 
1623198247707 [vl:0.0 vr:0.0 yaw:0.0] 
1623198247761 [vl:0.0 vr:0.0 yaw:0.0] 
1623198247804 [vl:0.0 vr:0.0 yaw:0.0] 
1623198247856 [vl:0.0 vr:0.0 yaw:0.0] 
1623198247915 [vl:0.0 vr:0.0 yaw:0.0] 
1623198247955 [vl:0.0 vr:0.0 yaw:0.0] 
1623198248008 [vl:0.0 vr:0.0 yaw:0.0] 
1623198248056 [vl:0.0 vr:0.0 yaw:0.0] 
1623198248105 [vl:0.0 vr:0.0 yaw:0.0] 
1623198248159 [vl:0.0 vr:0.0 yaw:0.0] 
1623198248204 [vl:0.0 vr:0.0 yaw:0.0] 
1623198248272 [vl:0.0 vr:0.0 yaw:0.0] 
1623198248304 [vl:0.0 vr:0.0 yaw:0.0] 
1623198248360 [vl:0.0 vr:0.0 yaw:0.0] 
1623198248403 [vl:0.0 vr:0.0 yaw:0.0] 
1623198248484 [vl:0.0 vr:0.0 yaw:0.0] 
1623198248512 [vl:0.0 vr:0.0 yaw:0.0] 
1623198248558 [vl:0.0 vr:0.0 yaw:0.0] 
1623198248616 [vl:0.0 vr:0.0 yaw:0.0] 
1623198248656 [vl:0.0 vr:0.0 yaw:0.0] 
1623198248707 [vl:0.0 vr:0.0 yaw:0.0] 
1623198248756 [vl:0.0 vr:0.0 yaw:0.0] 
1623198248812 [vl:0.0 vr:0.0 yaw:0.0] 
1623198248860 [vl:0.0 vr:0.0 yaw:0.0] 
1623198248905 [vl:0.0 vr:0.0 yaw:0.0] 
1623198248956 [vl:0.0 vr:0.0 yaw:0.0] 
1623198249004 [vl:0.0 vr:0.0 yaw:0.0] 
1623198249058 [vl:0.0 vr:0.0 yaw:0.0] 
1623198249104 [vl:0.0 vr:0.0 yaw:0.0] 
1623198249160 [vl:0.0 vr:0.0 yaw:0.0] 
1623198249204 [vl:0.0 vr:0.0 yaw:0.0] 
1623198249256 [vl:0.0 vr:0.0 yaw:0.0] 
1623198249304 [vl:0.0 vr:0.0 yaw:0.0] 
1623198249356 [vl:0.0 vr:0.0 yaw:0.0] 
1623198249404 [vl:0.0 vr:0.0 yaw:0.0] 
1623198249474 [vl:0.0 vr:0.0 yaw:0.0] 
1623198249504 [vl:0.0 vr:0.0 yaw:0.0] 
1623198249557 [vl:0.0 vr:0.0 yaw:0.0] 
1623198249611 [vl:0.0 vr:0.0 yaw:0.0] 
1623198249658 [vl:0.0 vr:0.0 yaw:0.0] 
1623198249724 [vl:0.0 vr:0.0 yaw:0.0] 
1623198249760 [vl:0.0 vr:0.0 yaw:0.0] 
1623198249812 [vl:0.0 vr:0.0 yaw:0.0] 
1623198249856 [vl:0.0 vr:0.0 yaw:0.0] 
1623198249909 [vl:0.0 vr:0.0 yaw:0.0] 
1623198249957 [vl:0.0 vr:0.0 yaw:0.0] 
1623198250005 [vl:0.0 vr:0.0 yaw:0.0] 
1623198250056 [vl:0.0 vr:0.0 yaw:0.0] 
1623198250107 [vl:0.0 vr:0.0 yaw:0.0] 
1623198250207 [vl:0.0 vr:0.0 yaw:0.0] 
1623198250226 [vl:0.0 vr:0.0 yaw:0.0] 
1623198250266 [vl:0.0 vr:0.0 yaw:0.0] 
1623198250309 [vl:0.0 vr:0.0 yaw:0.0] 
1623198250360 [vl:0.0 vr:0.0 yaw:0.0] 
1623198250406 [vl:0.0 vr:0.0 yaw:0.0] 
1623198250456 [vl:0.0 vr:0.0 yaw:0.0] 
1623198250505 [vl:0.0 vr:0.0 yaw:0.0] 
1623198250556 [vl:0.0 vr:0.0 yaw:0.0] 
1623198250604 [vl:0.0 vr:0.0 yaw:0.0] 
1623198250667 [vl:0.0 vr:0.0 yaw:0.0] 
1623198250712 [vl:0.0 vr:0.0 yaw:0.0] 
1623198250758 [vl:0.0 vr:0.0 yaw:0.0] 
1623198250805 [vl:0.0 vr:0.0 yaw:0.0] 
1623198250857 [vl:0.0 vr:0.0 yaw:0.0] 
1623198250904 [vl:0.0 vr:0.0 yaw:0.0] 
1623198250957 [vl:0.0 vr:0.0 yaw:0.0] 
1623198251013 [vl:0.0 vr:0.0 yaw:0.0] 
1623198251057 [vl:0.0 vr:0.0 yaw:0.0] 
1623198251104 [vl:0.0 vr:0.0 yaw:0.0] 
1623198251156 [vl:0.0 vr:0.0 yaw:0.0] 
1623198251204 [vl:0.0 vr:0.0 yaw:0.0] 
1623198251260 [vl:0.0 vr:0.0 yaw:0.0] 
1623198251304 [vl:0.0 vr:0.0 yaw:0.0] 
1623198251356 [vl:0.0 vr:0.0 yaw:0.0] 
1623198251404 [vl:0.0 vr:0.0 yaw:0.0] 
1623198251456 [vl:0.0 vr:0.0 yaw:0.0] 
1623198251508 [vl:0.0 vr:0.0 yaw:0.0] 
1623198251558 [vl:0.0 vr:0.0 yaw:0.0] 
1623198251604 [vl:0.0 vr:0.0 yaw:0.0] 
1623198251657 [vl:0.0 vr:0.0 yaw:0.0] 
1623198251708 [vl:0.0 vr:0.0 yaw:0.0] 
1623198251756 [vl:0.0 vr:0.0 yaw:0.0] 
1623198251809 [vl:0.0 vr:0.0 yaw:0.0] 
1623198251861 [vl:0.0 vr:0.0 yaw:0.0] 
1623198251904 [vl:0.0 vr:0.0 yaw:0.0] 
1623198251958 [vl:0.0 vr:0.0 yaw:0.0] 
1623198252004 [vl:0.0 vr:0.0 yaw:0.0] 
1623198252056 [vl:0.0 vr:0.0 yaw:0.0] 
1623198252109 [vl:0.0 vr:0.0 yaw:0.0] 
1623198252156 [vl:0.0 vr:0.0 yaw:0.0] 
1623198252204 [vl:0.0 vr:0.0 yaw:0.0] 
1623198252259 [vl:0.0 vr:0.0 yaw:0.0] 
1623198252312 [vl:0.0 vr:0.0 yaw:0.0] 
1623198252375 [vl:0.0 vr:0.0 yaw:0.0] 
1623198252404 [vl:0.0 vr:0.0 yaw:0.0] 
1623198252456 [vl:0.0 vr:0.0 yaw:0.0] 
1623198252512 [vl:0.0 vr:0.0 yaw:0.0] 
1623198252556 [vl:0.0 vr:0.0 yaw:0.0] 
1623198252621 [vl:0.0 vr:0.0 yaw:0.0] 
1623198252656 [vl:0.0 vr:0.0 yaw:0.0] 
1623198252711 [vl:0.0 vr:0.0 yaw:0.0] 
1623198252757 [vl:0.0 vr:0.0 yaw:0.0] 
1623198252808 [vl:0.0 vr:0.0 yaw:0.0] 
1623198252856 [vl:0.0 vr:0.0 yaw:0.0] 
1623198252908 [vl:0.0 vr:0.0 yaw:0.0] 
1623198252957 [vl:0.0 vr:0.0 yaw:0.0] 
1623198253009 [vl:0.0 vr:0.0 yaw:0.0] 
1623198253060 [vl:0.0 vr:0.0 yaw:0.0] 
1623198253106 [vl:0.0 vr:0.0 yaw:0.0] 
1623198253171 [vl:0.0 vr:0.0 yaw:0.0] 
1623198253204 [vl:0.0 vr:0.0 yaw:0.0] 
1623198253280 [vl:0.0 vr:0.0 yaw:0.0] 
1623198253304 [vl:0.0 vr:0.0 yaw:0.0] 
1623198253358 [vl:0.0 vr:0.0 yaw:0.0] 
1623198253415 [vl:0.0 vr:0.0 yaw:0.0] 
1623198253458 [vl:0.0 vr:0.0 yaw:0.0] 
1623198253505 [vl:0.0 vr:0.0 yaw:0.0] 
1623198253556 [vl:0.0 vr:0.0 yaw:0.0] 
1623198253603 [vl:0.0 vr:0.0 yaw:0.0] 
1623198253656 [vl:0.0 vr:0.0 yaw:0.0] 
1623198253709 [vl:0.0 vr:0.0 yaw:0.0] 
1623198253760 [vl:0.0 vr:0.0 yaw:0.0] 
1623198253842 [vl:0.0 vr:0.0 yaw:0.0] 
1623198253862 [vl:0.0 vr:0.0 yaw:0.0] 
1623198253904 [vl:0.0 vr:0.0 yaw:0.0] 
1623198253965 [vl:0.0 vr:0.0 yaw:0.0] 
1623198254004 [vl:0.0 vr:0.0 yaw:0.0] 
1623198254057 [vl:0.0 vr:0.0 yaw:0.0] 
1623198254108 [vl:0.0 vr:0.0 yaw:0.0] 
1623198254156 [vl:0.0 vr:0.0 yaw:0.0] 
1623198254204 [vl:0.0 vr:0.0 yaw:0.0] 
1623198254261 [vl:0.0 vr:0.0 yaw:0.0] 
1623198254311 [vl:0.0 vr:0.0 yaw:0.0] 
1623198254360 [vl:0.0 vr:0.0 yaw:0.0] 
1623198254408 [vl:0.0 vr:0.0 yaw:0.0] 
1623198254459 [vl:0.0 vr:0.0 yaw:0.0] 
1623198254504 [vl:0.0 vr:0.0 yaw:0.0] 
1623198254580 [vl:0.0 vr:0.0 yaw:0.0] 
1623198254627 [vl:0.0 vr:0.0 yaw:0.0] 
1623198254656 [vl:0.0 vr:0.0 yaw:0.0] 
1623198254714 [vl:0.0 vr:0.0 yaw:0.0] 
1623198254756 [vl:0.0 vr:0.0 yaw:0.0] 
1623198254805 [vl:0.0 vr:0.0 yaw:0.0] 
1623198254856 [vl:0.0 vr:0.0 yaw:0.0] 
1623198254924 [vl:0.0 vr:0.0 yaw:0.0] 
1623198254959 [vl:0.0 vr:0.0 yaw:0.0] 
1623198255009 [vl:0.0 vr:0.0 yaw:0.0] 
1623198255056 [vl:0.0 vr:0.0 yaw:0.0] 
1623198255105 [vl:0.0 vr:0.0 yaw:0.0] 
1623198255160 [vl:0.0 vr:0.0 yaw:0.0] 
1623198255204 [vl:0.0 vr:0.0 yaw:0.0] 
1623198255258 [vl:0.0 vr:0.0 yaw:0.0] 
1623198255308 [vl:0.0 vr:0.0 yaw:0.0] 
1623198255367 [vl:0.0 vr:0.0 yaw:0.0] 
1623198255404 [vl:0.0 vr:0.0 yaw:0.0] 
1623198255450 [vl:0.0 vr:0.0 yaw:0.0] 
1623198255505 [vl:0.0 vr:0.0 yaw:0.0] 
1623198255556 [vl:0.0 vr:0.0 yaw:0.0] 
1623198255609 [vl:0.0 vr:0.0 yaw:0.0] 
1623198255664 [vl:0.0 vr:0.0 yaw:0.0] 
1623198255704 [vl:0.0 vr:0.0 yaw:0.0] 
1623198255767 [vl:0.0 vr:0.0 yaw:0.0] 
1623198255816 [vl:0.0 vr:0.0 yaw:0.0] 
1623198255869 [vl:0.0 vr:0.0 yaw:0.0] 
1623198255929 [vl:0.0 vr:0.0 yaw:0.0] 
1623198255956 [vl:0.0 vr:0.0 yaw:0.0] 
1623198256004 [vl:0.0 vr:0.0 yaw:0.0] 
1623198256057 [vl:0.0 vr:0.0 yaw:0.0] 
1623198256104 [vl:0.0 vr:0.0 yaw:0.0] 
1623198256157 [vl:0.0 vr:0.0 yaw:0.0] 
1623198256204 [vl:0.0 vr:0.0 yaw:0.0] 
1623198256275 [vl:0.0 vr:0.0 yaw:0.0] 
1623198256308 [vl:0.0 vr:0.0 yaw:0.0] 
1623198256357 [vl:0.0 vr:0.0 yaw:0.0] 
1623198256408 [vl:0.0 vr:0.0 yaw:0.0] 
1623198256459 [vl:0.0 vr:0.0 yaw:0.0] 
1623198256509 [vl:0.0 vr:0.0 yaw:0.0] 
1623198256556 [vl:0.0 vr:0.0 yaw:0.0] 
1623198256604 [vl:0.0 vr:0.0 yaw:0.0] 
1623198256657 [vl:0.0 vr:0.0 yaw:0.0] 
1623198256704 [vl:0.0 vr:0.0 yaw:0.0] 
1623198256758 [vl:0.0 vr:0.0 yaw:0.0] 
1623198256813 [vl:0.0 vr:0.0 yaw:0.0] 
1623198256857 [vl:0.0 vr:0.0 yaw:0.0] 
1623198256916 [vl:0.0 vr:0.0 yaw:0.0] 
1623198256956 [vl:0.0 vr:0.0 yaw:0.0] 
1623198257013 [vl:0.0 vr:0.0 yaw:0.0] 
1623198257058 [vl:0.0 vr:0.0 yaw:0.0] 
1623198257104 [vl:0.0 vr:0.0 yaw:0.0] 
1623198257157 [vl:0.0 vr:0.0 yaw:0.0] 
1623198257205 [vl:0.0 vr:0.0 yaw:0.0] 
1623198257257 [vl:0.0 vr:0.0 yaw:0.0] 
1623198257305 [vl:0.0 vr:0.0 yaw:0.0] 
1623198257357 [vl:0.0 vr:0.0 yaw:0.0] 
1623198257404 [vl:0.0 vr:0.0 yaw:0.0] 
1623198257456 [vl:0.0 vr:0.0 yaw:0.0] 
1623198257504 [vl:0.0 vr:0.0 yaw:0.0] 
1623198257561 [vl:0.0 vr:0.0 yaw:0.0] 
1623198257603 [vl:0.0 vr:0.0 yaw:0.0] 
1623198257664 [vl:0.0 vr:0.0 yaw:0.0] 
1623198257737 [vl:0.0 vr:0.0 yaw:0.0] 
1623198257759 [vl:0.0 vr:0.0 yaw:0.0] 
1623198257812 [vl:0.0 vr:0.0 yaw:0.0] 
1623198257857 [vl:0.0 vr:0.0 yaw:0.0] 
1623198257906 [vl:0.0 vr:0.0 yaw:0.0] 
1623198257957 [vl:0.0 vr:0.0 yaw:0.0] 
1623198258004 [vl:0.0 vr:0.0 yaw:0.0] 
1623198258057 [vl:0.0 vr:0.0 yaw:0.0] 
1623198258104 [vl:0.0 vr:0.0 yaw:0.0] 
1623198258163 [vl:0.0 vr:0.0 yaw:0.0] 
1623198258204 [vl:0.0 vr:0.0 yaw:0.0] 
1623198258260 [vl:0.0 vr:0.0 yaw:0.0] 
1623198258309 [vl:0.0 vr:0.0 yaw:0.0] 
1623198258357 [vl:0.0 vr:0.0 yaw:0.0] 
1623198258403 [vl:0.0 vr:0.0 yaw:0.0] 
1623198258457 [vl:0.0 vr:0.0 yaw:0.0] 
1623198258503 [vl:0.0 vr:0.0 yaw:0.0] 
1623198258556 [vl:0.0 vr:0.0 yaw:0.0] 
1623198258603 [vl:0.0 vr:0.0 yaw:0.0] 
1623198258656 [vl:0.0 vr:0.0 yaw:0.0] 
1623198258705 [vl:0.0 vr:0.0 yaw:0.0] 
1623198258757 [vl:0.0 vr:0.0 yaw:0.0] 
1623198258805 [vl:0.0 vr:0.0 yaw:0.0] 
1623198258873 [vl:0.0 vr:0.0 yaw:0.0] 
1623198258904 [vl:0.0 vr:0.0 yaw:0.0] 
1623198258957 [vl:0.0 vr:0.0 yaw:0.0] 
1623198259004 [vl:0.0 vr:0.0 yaw:0.0] 
1623198259061 [vl:0.0 vr:0.0 yaw:0.0] 
1623198259104 [vl:0.0 vr:0.0 yaw:0.0] 
1623198259157 [vl:0.0 vr:0.0 yaw:0.0] 
1623198259204 [vl:0.0 vr:0.0 yaw:0.0] 
1623198259256 [vl:0.0 vr:0.0 yaw:0.0] 
1623198259304 [vl:0.0 vr:0.0 yaw:0.0] 
1623198259358 [vl:0.0 vr:0.0 yaw:0.0] 
1623198259421 [vl:0.0 vr:0.0 yaw:0.0] 
1623198259466 [vl:0.0 vr:0.0 yaw:0.0] 
1623198259516 [vl:0.0 vr:0.0 yaw:0.0] 
1623198259557 [vl:0.0 vr:0.0 yaw:0.0] 
1623198259604 [vl:0.0 vr:0.0 yaw:0.0] 
1623198259661 [vl:0.0 vr:0.0 yaw:0.0] 
1623198259704 [vl:0.0 vr:0.0 yaw:0.0] 
1623198259760 [vl:0.0 vr:0.0 yaw:0.0] 
1623198259804 [vl:0.0 vr:0.0 yaw:0.0] 
1623198259857 [vl:0.0 vr:0.0 yaw:0.0] 
1623198259910 [vl:0.0 vr:0.0 yaw:0.0] 
1623198259959 [vl:0.0 vr:0.0 yaw:0.0] 
1623198260009 [vl:0.0 vr:0.0 yaw:0.0] 
1623198260056 [vl:0.0 vr:0.0 yaw:0.0] 
1623198260107 [vl:0.0 vr:0.0 yaw:0.0] 
1623198260161 [vl:0.0 vr:0.0 yaw:0.0] 
1623198260208 [vl:0.0 vr:0.0 yaw:0.0] 
1623198260258 [vl:0.0 vr:0.0 yaw:0.0] 
1623198260308 [vl:0.0 vr:0.0 yaw:0.0] 
1623198260357 [vl:0.0 vr:0.0 yaw:0.0] 
1623198260404 [vl:0.0 vr:0.0 yaw:0.0] 
1623198260465 [vl:0.0 vr:0.0 yaw:0.0] 
1623198260504 [vl:0.0 vr:0.0 yaw:0.0] 
1623198260556 [vl:0.0 vr:0.0 yaw:0.0] 
1623198260605 [vl:0.0 vr:0.0 yaw:0.0] 
1623198260664 [vl:0.0 vr:0.0 yaw:0.0] 
1623198260704 [vl:0.0 vr:0.0 yaw:0.0] 
1623198260758 [vl:0.0 vr:0.0 yaw:0.0] 
1623198260808 [vl:0.0 vr:0.0 yaw:0.0] 
1623198260897 [vl:0.0 vr:0.0 yaw:0.0] 
1623198260924 [vl:0.0 vr:0.0 yaw:0.0] 
1623198260969 [vl:0.0 vr:0.0 yaw:0.0] 
1623198261010 [vl:0.0 vr:0.0 yaw:0.0] 
1623198261057 [vl:0.0 vr:0.0 yaw:0.0] 
1623198261109 [vl:0.0 vr:0.0 yaw:0.0] 
1623198261156 [vl:0.0 vr:0.0 yaw:0.0] 
1623198261234 [vl:0.0 vr:0.0 yaw:0.0] 
1623198261261 [vl:0.0 vr:0.0 yaw:0.0] 
1623198261309 [vl:0.0 vr:0.0 yaw:0.0] 
1623198261365 [vl:0.0 vr:0.0 yaw:0.0] 
1623198261405 [vl:0.0 vr:0.0 yaw:0.0] 
1623198261459 [vl:0.0 vr:0.0 yaw:0.0] 
1623198261515 [vl:0.0 vr:0.0 yaw:0.0] 
1623198261564 [vl:0.0 vr:0.0 yaw:0.0] 
1623198261608 [vl:0.0 vr:0.0 yaw:0.0] 
1623198261667 [vl:0.0 vr:0.0 yaw:0.0] 
1623198261706 [vl:0.0 vr:0.0 yaw:0.0] 
1623198261757 [vl:0.0 vr:0.0 yaw:0.0] 
1623198261805 [vl:0.0 vr:0.0 yaw:0.0] 
1623198261888 [vl:0.0 vr:0.0 yaw:0.0] 
1623198261908 [vl:0.0 vr:0.0 yaw:0.0] 
1623198261957 [vl:0.0 vr:0.0 yaw:0.0] 
1623198262005 [vl:0.0 vr:0.0 yaw:0.0] 
1623198262056 [vl:0.0 vr:0.0 yaw:0.0] 
1623198262100 [vl:0.0 vr:0.0 yaw:0.0] 
1623198262159 [vl:0.0 vr:0.0 yaw:0.0] 
1623198262207 [vl:0.0 vr:0.0 yaw:0.0] 
1623198262257 [vl:0.0 vr:0.0 yaw:0.0] 
1623198262305 [vl:0.0 vr:0.0 yaw:0.0] 
1623198262356 [vl:0.0 vr:0.0 yaw:0.0] 
1623198262412 [vl:0.0 vr:0.0 yaw:0.0] 
1623198262455 [vl:0.0 vr:0.0 yaw:0.0] 
1623198262509 [vl:0.0 vr:0.0 yaw:0.0] 
1623198262558 [vl:0.0 vr:0.0 yaw:0.0] 
1623198262606 [vl:0.0 vr:0.0 yaw:0.0] 
1623198262657 [vl:0.0 vr:0.0 yaw:0.0] 
1623198262715 [vl:0.0 vr:0.0 yaw:0.0] 
1623198262758 [vl:0.0 vr:0.0 yaw:0.0] 
1623198262805 [vl:0.0 vr:0.0 yaw:0.0] 
1623198262872 [vl:0.0 vr:0.0 yaw:0.0] 
1623198262904 [vl:0.0 vr:0.0 yaw:0.0] 
1623198262968 [vl:0.0 vr:0.0 yaw:0.0] 
1623198263007 [vl:0.0 vr:0.0 yaw:0.0] 
1623198263057 [vl:0.0 vr:0.0 yaw:0.0] 
1623198263106 [vl:0.0 vr:0.0 yaw:0.0] 
1623198263156 [vl:0.0 vr:0.0 yaw:0.0] 
1623198263208 [vl:0.0 vr:0.0 yaw:0.0] 
1623198263257 [vl:0.0 vr:0.0 yaw:0.0] 
1623198263305 [vl:0.0 vr:0.0 yaw:0.0] 
1623198263356 [vl:0.0 vr:0.0 yaw:0.0] 
1623198263405 [vl:0.0 vr:0.0 yaw:0.0] 
1623198263462 [vl:0.0 vr:0.0 yaw:0.0] 
1623198263504 [vl:0.0 vr:0.0 yaw:0.0] 
1623198263550 [vl:0.0 vr:0.0 yaw:0.0] 
1623198263608 [vl:0.0 vr:0.0 yaw:0.0] 
1623198263655 [vl:0.0 vr:0.0 yaw:0.0] 
1623198263706 [vl:0.0 vr:0.0 yaw:0.0] 
1623198263760 [vl:0.0 vr:0.0 yaw:0.0] 
1623198263816 [vl:0.0 vr:0.0 yaw:0.0] 
1623198263861 [vl:0.0 vr:0.0 yaw:0.0] 
1623198263935 [vl:0.0 vr:0.0 yaw:0.0] 
1623198263956 [vl:0.0 vr:0.0 yaw:0.0] 
1623198264015 [vl:0.0 vr:0.0 yaw:0.0] 
1623198264061 [vl:0.0 vr:0.0 yaw:0.0] 
1623198264109 [vl:0.0 vr:0.0 yaw:0.0] 
1623198264158 [vl:0.0 vr:0.0 yaw:0.0] 
1623198264208 [vl:0.0 vr:0.0 yaw:0.0] 
1623198264260 [vl:0.0 vr:0.0 yaw:0.0] 
1623198264306 [vl:0.0 vr:0.0 yaw:0.0] 
1623198264358 [vl:0.0 vr:0.0 yaw:0.0] 
1623198264404 [vl:0.0 vr:0.0 yaw:0.0] 
1623198264457 [vl:0.0 vr:0.0 yaw:0.0] 
1623198264507 [vl:0.0 vr:0.0 yaw:0.0] 
1623198264557 [vl:0.0 vr:0.0 yaw:0.0] 
1623198264609 [vl:0.0 vr:0.0 yaw:0.0] 
1623198264656 [vl:0.0 vr:0.0 yaw:0.0] 
1623198264705 [vl:0.0 vr:0.0 yaw:0.0] 
1623198264767 [vl:0.0 vr:0.0 yaw:0.0] 
1623198264804 [vl:0.0 vr:0.0 yaw:0.0] 
1623198264856 [vl:0.0 vr:0.0 yaw:0.0] 
1623198264941 [vl:0.0 vr:0.0 yaw:0.0] 
1623198264958 [vl:0.0 vr:0.0 yaw:0.0] 
1623198265010 [vl:0.0 vr:0.0 yaw:0.0] 
1623198265057 [vl:0.0 vr:0.0 yaw:0.0] 
1623198265106 [vl:0.0 vr:0.0 yaw:0.0] 
1623198265157 [vl:0.0 vr:0.0 yaw:0.0] 
1623198265221 [vl:0.0 vr:0.0 yaw:0.0] 
1623198265257 [vl:0.0 vr:0.0 yaw:0.0] 
1623198265308 [vl:0.0 vr:0.0 yaw:0.0] 
1623198265356 [vl:0.0 vr:0.0 yaw:0.0] 
1623198265405 [vl:0.0 vr:0.0 yaw:0.0] 
1623198265457 [vl:0.0 vr:0.0 yaw:0.0] 
1623198265504 [vl:0.0 vr:0.0 yaw:0.0] 
1623198265557 [vl:0.0 vr:0.0 yaw:0.0] 
1623198265605 [vl:0.0 vr:0.0 yaw:0.0] 
1623198265650 [vl:0.0 vr:0.0 yaw:0.0] 
1623198265711 [vl:0.0 vr:0.0 yaw:0.0] 
1623198265756 [vl:0.0 vr:0.0 yaw:0.0] 
1623198265806 [vl:0.0 vr:0.0 yaw:0.0] 
1623198265856 [vl:0.0 vr:0.0 yaw:0.0] 
1623198265905 [vl:0.0 vr:0.0 yaw:0.0] 
1623198265981 [vl:0.0 vr:0.0 yaw:0.0] 
1623198266011 [vl:0.0 vr:0.0 yaw:0.0] 
1623198266057 [vl:0.0 vr:0.0 yaw:0.0] 
1623198266106 [vl:0.0 vr:0.0 yaw:0.0] 
1623198266156 [vl:0.0 vr:0.0 yaw:0.0] 
1623198266208 [vl:0.0 vr:0.0 yaw:0.0] 
1623198266260 [vl:0.0 vr:0.0 yaw:0.0] 
1623198266300 [vl:0.0 vr:0.0 yaw:0.0] 
1623198266356 [vl:0.0 vr:0.0 yaw:0.0] 
1623198266406 [vl:0.0 vr:0.0 yaw:0.0] 
1623198266475 [vl:0.0 vr:0.0 yaw:0.0] 
1623198266509 [vl:0.0 vr:0.0 yaw:0.0] 
1623198266556 [vl:0.0 vr:0.0 yaw:0.0] 
1623198266614 [vl:0.0 vr:0.0 yaw:0.0] 
1623198266657 [vl:0.0 vr:0.0 yaw:0.0] 
1623198266705 [vl:0.0 vr:0.0 yaw:0.0] 
1623198266771 [vl:0.0 vr:0.0 yaw:0.0] 
1623198266805 [vl:0.0 vr:0.0 yaw:0.0] 
1623198266856 [vl:0.0 vr:0.0 yaw:0.0] 
1623198266905 [vl:0.0 vr:0.0 yaw:0.0] 
1623198266952 [vl:0.0 vr:0.0 yaw:0.0] 
1623198267012 [vl:0.0 vr:0.0 yaw:0.0] 
1623198267056 [vl:0.0 vr:0.0 yaw:0.0] 
1623198267107 [vl:0.0 vr:0.0 yaw:0.0] 
1623198267160 [vl:0.0 vr:0.0 yaw:0.0] 
1623198267205 [vl:0.0 vr:0.0 yaw:0.0] 
1623198267276 [vl:0.0 vr:0.0 yaw:0.0] 
1623198267335 [vl:0.0 vr:0.0 yaw:0.0] 
1623198267365 [vl:0.0 vr:0.0 yaw:0.0] 
1623198267405 [vl:0.0 vr:0.0 yaw:0.0] 
1623198267457 [vl:0.0 vr:0.0 yaw:0.0] 
1623198267507 [vl:0.0 vr:0.0 yaw:0.0] 
1623198267576 [vl:0.0 vr:0.0 yaw:0.0] 
1623198267620 [vl:0.0 vr:0.0 yaw:0.0] 
1623198267657 [vl:0.0 vr:0.0 yaw:0.0] 
1623198267704 [vl:0.0 vr:0.0 yaw:0.0] 
1623198267765 [vl:0.0 vr:0.0 yaw:0.0] 
1623198267805 [vl:0.0 vr:0.0 yaw:0.0] 
1623198267859 [vl:0.0 vr:0.0 yaw:0.0] 
1623198267905 [vl:0.0 vr:0.0 yaw:0.0] 
1623198267963 [vl:0.0 vr:0.0 yaw:0.0] 
1623198268005 [vl:0.0 vr:0.0 yaw:0.0] 
1623198268060 [vl:0.0 vr:0.0 yaw:0.0] 
1623198268113 [vl:0.0 vr:0.0 yaw:0.0] 
1623198268156 [vl:0.0 vr:0.0 yaw:0.0] 
1623198268205 [vl:0.0 vr:0.0 yaw:0.0] 
1623198268261 [vl:0.0 vr:0.0 yaw:0.0] 
1623198268304 [vl:0.0 vr:0.0 yaw:0.0] 
1623198268356 [vl:0.0 vr:0.0 yaw:0.0] 
1623198268404 [vl:0.0 vr:0.0 yaw:0.0] 
1623198268457 [vl:0.0 vr:0.0 yaw:0.0] 
1623198268504 [vl:0.0 vr:0.0 yaw:0.0] 
1623198268560 [vl:0.0 vr:0.0 yaw:0.0] 
1623198268621 [vl:0.0 vr:0.0 yaw:0.0] 
1623198268667 [vl:0.0 vr:0.0 yaw:0.0] 
1623198268711 [vl:0.0 vr:0.0 yaw:0.0] 
1623198268760 [vl:0.0 vr:0.0 yaw:0.0] 
1623198268805 [vl:0.0 vr:0.0 yaw:0.0] 
1623198268877 [vl:0.0 vr:0.0 yaw:0.0] 
1623198268904 [vl:0.0 vr:0.0 yaw:0.0] 
1623198268988 [vl:0.0 vr:0.0 yaw:0.0] 
1623198269005 [vl:0.0 vr:0.0 yaw:0.0] 
1623198269083 [vl:0.0 vr:0.0 yaw:0.0] 
1623198269104 [vl:0.0 vr:0.0 yaw:0.0] 
1623198269156 [vl:0.0 vr:0.0 yaw:0.0] 
1623198269236 [vl:0.0 vr:0.0 yaw:0.0] 
1623198269261 [vl:0.0 vr:0.0 yaw:0.0] 
1623198269306 [vl:0.0 vr:0.0 yaw:0.0] 
1623198269361 [vl:0.0 vr:0.0 yaw:0.0] 
1623198269405 [vl:0.0 vr:0.0 yaw:0.0] 
1623198269456 [vl:0.0 vr:0.0 yaw:0.0] 
1623198269510 [vl:0.0 vr:0.0 yaw:0.0] 
1623198269556 [vl:0.0 vr:0.0 yaw:0.0] 
1623198269613 [vl:0.0 vr:0.0 yaw:0.0] 
1623198269657 [vl:0.0 vr:0.0 yaw:0.0] 
1623198269706 [vl:0.0 vr:0.0 yaw:0.0] 
1623198269772 [vl:0.0 vr:0.0 yaw:0.0] 
1623198269806 [vl:0.0 vr:0.0 yaw:0.0] 
1623198269865 [vl:0.0 vr:0.0 yaw:0.0] 
1623198269912 [vl:0.0 vr:0.0 yaw:0.0] 
1623198269957 [vl:0.0 vr:0.0 yaw:0.0] 
1623198270004 [vl:0.0 vr:0.0 yaw:0.0] 
1623198270074 [vl:0.0 vr:0.0 yaw:0.0] 
1623198270116 [vl:0.0 vr:0.0 yaw:0.0] 
1623198270172 [vl:0.0 vr:0.0 yaw:0.0] 
1623198270205 [vl:0.0 vr:0.0 yaw:0.0] 
1623198270256 [vl:0.0 vr:0.0 yaw:0.0] 
1623198270304 [vl:0.0 vr:0.0 yaw:0.0] 
1623198270357 [vl:0.0 vr:0.0 yaw:0.0] 
1623198270412 [vl:0.0 vr:0.0 yaw:0.0] 
1623198270460 [vl:0.0 vr:0.0 yaw:0.0] 
1623198270505 [vl:0.0 vr:0.0 yaw:0.0] 
1623198270558 [vl:0.0 vr:0.0 yaw:0.0] 
1623198270636 [vl:0.0 vr:0.0 yaw:0.0] 
1623198270656 [vl:0.0 vr:0.0 yaw:0.0] 
1623198270704 [vl:0.0 vr:0.0 yaw:0.0] 
1623198270756 [vl:0.0 vr:0.0 yaw:0.0] 
1623198270805 [vl:0.0 vr:0.0 yaw:0.0] 
1623198270857 [vl:0.0 vr:0.0 yaw:0.0] 
1623198270913 [vl:0.0 vr:0.0 yaw:0.0] 
1623198270960 [vl:0.0 vr:0.0 yaw:0.0] 
1623198271006 [vl:0.0 vr:0.0 yaw:0.0] 
1623198271068 [vl:0.0 vr:0.0 yaw:0.0] 
1623198271115 [vl:0.0 vr:0.0 yaw:0.0] 
1623198271158 [vl:0.0 vr:0.0 yaw:0.0] 
1623198271219 [vl:0.0 vr:0.0 yaw:0.0] 
1623198271273 [vl:0.0 vr:0.0 yaw:0.0] 
1623198271319 [vl:0.0 vr:0.0 yaw:0.0] 
1623198271356 [vl:0.0 vr:0.0 yaw:0.0] 
1623198271404 [vl:0.0 vr:0.0 yaw:0.0] 
1623198271456 [vl:0.0 vr:0.0 yaw:0.0] 
1623198271504 [vl:0.0 vr:0.0 yaw:0.0] 
1623198271556 [vl:0.0 vr:0.0 yaw:0.0] 
1623198271605 [vl:0.0 vr:0.0 yaw:0.0] 
1623198271660 [vl:0.0 vr:0.0 yaw:0.0] 
1623198271707 [vl:0.0 vr:0.0 yaw:0.0] 
1623198271761 [vl:0.0 vr:0.0 yaw:0.0] 
1623198271804 [vl:0.0 vr:0.0 yaw:0.0] 
1623198271858 [vl:0.0 vr:0.0 yaw:0.0] 
1623198271912 [vl:0.0 vr:0.0 yaw:0.0] 
1623198271960 [vl:0.0 vr:0.0 yaw:0.0] 
1623198272004 [vl:0.0 vr:0.0 yaw:0.0] 
1623198272065 [vl:0.0 vr:0.0 yaw:0.0] 
1623198272112 [vl:0.0 vr:0.0 yaw:0.0] 
1623198272154 [vl:0.0 vr:0.0 yaw:0.0] 
1623198272209 [vl:0.0 vr:0.0 yaw:0.0] 
1623198272256 [vl:0.0 vr:0.0 yaw:0.0] 
1623198272308 [vl:0.0 vr:0.0 yaw:0.0] 
1623198272356 [vl:0.0 vr:0.0 yaw:0.0] 
1623198272405 [vl:0.0 vr:0.0 yaw:0.0] 
1623198272456 [vl:0.0 vr:0.0 yaw:0.0] 
1623198272504 [vl:0.0 vr:0.0 yaw:0.0] 
1623198272571 [vl:0.0 vr:0.0 yaw:0.0] 
1623198272608 [vl:0.0 vr:0.0 yaw:0.0] 
1623198272656 [vl:0.0 vr:0.0 yaw:0.0] 
1623198272704 [vl:0.0 vr:0.0 yaw:0.0] 
1623198272790 [vl:0.0 vr:0.0 yaw:0.0] 
1623198272812 [vl:0.0 vr:0.0 yaw:0.0] 
1623198272866 [vl:0.0 vr:0.0 yaw:0.0] 
1623198272904 [vl:0.0 vr:0.0 yaw:0.0] 
1623198272981 [vl:0.0 vr:0.0 yaw:0.0] 
1623198273004 [vl:0.0 vr:0.0 yaw:0.0] 
1623198273056 [vl:0.0 vr:0.0 yaw:0.0] 
1623198273105 [vl:0.0 vr:0.0 yaw:0.0] 
1623198273157 [vl:0.0 vr:0.0 yaw:0.0] 
1623198273204 [vl:0.0 vr:0.0 yaw:0.0] 
1623198273256 [vl:0.0 vr:0.0 yaw:0.0] 
1623198273306 [vl:0.0 vr:0.0 yaw:0.0] 
1623198273358 [vl:0.0 vr:0.0 yaw:0.0] 
1623198273404 [vl:0.0 vr:0.0 yaw:0.0] 
1623198273458 [vl:0.0 vr:0.0 yaw:0.0] 
1623198273504 [vl:0.0 vr:0.0 yaw:0.0] 
1623198273561 [vl:0.0 vr:0.0 yaw:0.0] 
1623198273605 [vl:0.0 vr:0.0 yaw:0.0] 
1623198273656 [vl:0.0 vr:0.0 yaw:0.0] 
1623198273704 [vl:0.0 vr:0.0 yaw:0.0] 
1623198273757 [vl:0.0 vr:0.0 yaw:0.0] 
1623198273809 [vl:0.0 vr:0.0 yaw:0.0] 
1623198273856 [vl:0.0 vr:0.0 yaw:0.0] 
1623198273912 [vl:0.0 vr:0.0 yaw:0.0] 
1623198273956 [vl:0.0 vr:0.0 yaw:0.0] 
1623198274007 [vl:0.0 vr:0.0 yaw:0.0] 
1623198274059 [vl:0.0 vr:0.0 yaw:0.0] 
1623198274110 [vl:0.0 vr:0.0 yaw:0.0] 
1623198274156 [vl:0.0 vr:0.0 yaw:0.0] 
1623198274209 [vl:0.0 vr:0.0 yaw:0.0] 
1623198274266 [vl:0.0 vr:0.0 yaw:0.0] 
1623198274304 [vl:0.0 vr:0.0 yaw:0.0] 
1623198274357 [vl:0.0 vr:0.0 yaw:0.0] 
1623198274410 [vl:0.0 vr:0.0 yaw:0.0] 
1623198274456 [vl:0.0 vr:0.0 yaw:0.0] 
1623198274504 [vl:0.0 vr:0.0 yaw:0.0] 
1623198274556 [vl:0.0 vr:0.0 yaw:0.0] 
1623198274616 [vl:0.0 vr:0.0 yaw:0.0] 
1623198274656 [vl:0.0 vr:0.0 yaw:0.0] 
1623198274715 [vl:0.0 vr:0.0 yaw:0.0] 
1623198274761 [vl:0.0 vr:0.0 yaw:0.0] 
1623198274804 [vl:0.0 vr:0.0 yaw:0.0] 
1623198274860 [vl:0.0 vr:0.0 yaw:0.0] 
1623198274904 [vl:0.0 vr:0.0 yaw:0.0] 
1623198274963 [vl:0.0 vr:0.0 yaw:0.0] 
1623198275011 [vl:0.0 vr:0.0 yaw:0.0] 
1623198275058 [vl:0.0 vr:0.0 yaw:0.0] 
1623198275104 [vl:0.0 vr:0.0 yaw:0.0] 
1623198275176 [vl:0.0 vr:0.0 yaw:0.0] 
1623198275221 [vl:0.0 vr:0.0 yaw:0.0] 
1623198275262 [vl:0.0 vr:0.0 yaw:0.0] 
1623198275304 [vl:0.0 vr:0.0 yaw:0.0] 
1623198275361 [vl:0.0 vr:0.0 yaw:0.0] 
1623198275408 [vl:0.0 vr:0.0 yaw:0.0] 
1623198275456 [vl:0.0 vr:0.0 yaw:0.0] 
1623198275512 [vl:0.0 vr:0.0 yaw:0.0] 
1623198275556 [vl:0.0 vr:0.0 yaw:0.0] 
1623198275604 [vl:0.0 vr:0.0 yaw:0.0] 
1623198275661 [vl:0.0 vr:0.0 yaw:0.0] 
1623198275720 [vl:0.0 vr:0.0 yaw:0.0] 
1623198275779 [vl:0.0 vr:0.0 yaw:0.0] 
1623198275812 [vl:0.0 vr:0.0 yaw:0.0] 
1623198275874 [vl:0.0 vr:0.0 yaw:0.0] 
1623198275920 [vl:0.0 vr:0.0 yaw:0.0] 
1623198275956 [vl:0.0 vr:0.0 yaw:0.0] 
1623198276004 [vl:0.0 vr:0.0 yaw:0.0] 
1623198276056 [vl:0.0 vr:0.0 yaw:0.0] 
1623198276104 [vl:0.0 vr:0.0 yaw:0.0] 
1623198276157 [vl:0.0 vr:0.0 yaw:0.0] 
1623198276204 [vl:0.0 vr:0.0 yaw:0.0] 
1623198276279 [vl:0.0 vr:0.0 yaw:0.0] 
1623198276333 [vl:0.0 vr:0.0 yaw:0.0] 
1623198276356 [vl:0.0 vr:0.0 yaw:0.0] 
1623198276406 [vl:0.0 vr:0.0 yaw:0.0] 
1623198276466 [vl:0.0 vr:0.0 yaw:0.0] 
1623198276552 [vl:0.0 vr:0.0 yaw:0.0] 
1623198276561 [vl:0.0 vr:0.0 yaw:0.0] 
1623198276604 [vl:0.0 vr:0.0 yaw:0.0] 
1623198276656 [vl:0.0 vr:0.0 yaw:0.0] 
1623198276704 [vl:0.0 vr:0.0 yaw:0.0] 
1623198276756 [vl:0.0 vr:0.0 yaw:0.0] 
1623198276848 [vl:0.0 vr:0.0 yaw:0.0] 
1623198276891 [vl:0.0 vr:0.0 yaw:0.0] 
1623198276912 [vl:0.0 vr:0.0 yaw:0.0] 
1623198276980 [vl:0.0 vr:0.0 yaw:0.0] 
1623198277008 [vl:0.0 vr:0.0 yaw:0.0] 
1623198277062 [vl:0.0 vr:0.0 yaw:0.0] 
1623198277122 [vl:0.0 vr:0.0 yaw:0.0] 
1623198277188 [vl:0.0 vr:0.0 yaw:0.0] 
1623198277233 [vl:0.0 vr:0.0 yaw:0.0] 
1623198277256 [vl:0.0 vr:0.0 yaw:0.0] 
1623198277318 [vl:0.0 vr:0.0 yaw:0.0] 
1623198277356 [vl:0.0 vr:0.0 yaw:0.0] 
1623198277404 [vl:0.0 vr:0.0 yaw:0.0] 
1623198277458 [vl:0.0 vr:0.0 yaw:0.0] 
1623198277525 [vl:0.0 vr:0.0 yaw:0.0] 
1623198277568 [vl:0.0 vr:0.0 yaw:0.0] 
1623198277604 [vl:0.0 vr:0.0 yaw:0.0] 
1623198277676 [vl:0.0 vr:0.0 yaw:0.0] 
1623198277705 [vl:0.0 vr:0.0 yaw:0.0] 
1623198277755 [vl:0.0 vr:0.0 yaw:0.0] 
1623198277804 [vl:0.0 vr:0.0 yaw:0.0] 
1623198277856 [vl:0.0 vr:0.0 yaw:0.0] 
1623198277907 [vl:0.0 vr:0.0 yaw:0.0] 
1623198277956 [vl:0.0 vr:0.0 yaw:0.0] 
1623198278004 [vl:0.0 vr:0.0 yaw:0.0] 
1623198278049 [vl:0.0 vr:0.0 yaw:0.0] 
1623198278131 [vl:0.0 vr:0.0 yaw:0.0] 
1623198278156 [vl:0.0 vr:0.0 yaw:0.0] 
1623198278204 [vl:0.0 vr:0.0 yaw:0.0] 
1623198278258 [vl:0.0 vr:0.0 yaw:0.0] 
1623198278306 [vl:0.0 vr:0.0 yaw:0.0] 
1623198278375 [vl:0.0 vr:0.0 yaw:0.0] 
1623198278440 [vl:0.0 vr:0.0 yaw:0.0] 
1623198278457 [vl:0.0 vr:0.0 yaw:0.0] 
1623198278506 [vl:0.0 vr:0.0 yaw:0.0] 
1623198278556 [vl:0.0 vr:0.0 yaw:0.0] 
1623198278605 [vl:0.0 vr:0.0 yaw:0.0] 
1623198278676 [vl:0.0 vr:0.0 yaw:0.0] 
1623198278704 [vl:0.0 vr:0.0 yaw:0.0] 
1623198278757 [vl:0.0 vr:0.0 yaw:0.0] 
1623198278809 [vl:0.0 vr:0.0 yaw:0.0] 
1623198278860 [vl:0.0 vr:0.0 yaw:0.0] 
1623198278907 [vl:0.0 vr:0.0 yaw:0.0] 
1623198278996 [vl:0.0 vr:0.0 yaw:0.0] 
1623198279008 [vl:0.0 vr:0.0 yaw:0.0] 
1623198279056 [vl:0.0 vr:0.0 yaw:0.0] 
1623198279104 [vl:0.0 vr:0.0 yaw:0.0] 
1623198279156 [vl:0.0 vr:0.0 yaw:0.0] 
1623198279206 [vl:0.0 vr:0.0 yaw:0.0] 
1623198279256 [vl:0.0 vr:0.0 yaw:0.0] 
1623198279306 [vl:0.0 vr:0.0 yaw:0.0] 
1623198279356 [vl:0.0 vr:0.0 yaw:0.0] 
1623198279426 [vl:0.0 vr:0.0 yaw:0.0] 
1623198279456 [vl:0.0 vr:0.0 yaw:0.0] 
1623198279508 [vl:0.0 vr:0.0 yaw:0.0] 
1623198279579 [vl:0.0 vr:0.0 yaw:0.0] 
1623198279608 [vl:0.0 vr:0.0 yaw:0.0] 
1623198279660 [vl:0.0 vr:0.0 yaw:0.0] 
1623198279704 [vl:0.0 vr:0.0 yaw:0.0] 
1623198279756 [vl:0.0 vr:0.0 yaw:0.0] 
1623198279815 [vl:0.0 vr:0.0 yaw:0.0] 
1623198279857 [vl:0.0 vr:0.0 yaw:0.0] 
1623198279921 [vl:0.0 vr:0.0 yaw:0.0] 
1623198279956 [vl:0.0 vr:0.0 yaw:0.0] 
1623198280005 [vl:0.0 vr:0.0 yaw:0.0] 
1623198280067 [vl:0.0 vr:0.0 yaw:0.0] 
1623198280116 [vl:0.0 vr:0.0 yaw:0.0] 
1623198280156 [vl:0.0 vr:0.0 yaw:0.0] 
1623198280208 [vl:0.0 vr:0.0 yaw:0.0] 
1623198280266 [vl:0.0 vr:0.0 yaw:0.0] 
1623198280311 [vl:0.0 vr:0.0 yaw:0.0] 
1623198280358 [vl:0.0 vr:0.0 yaw:0.0] 
1623198280405 [vl:0.0 vr:0.0 yaw:0.0] 
1623198280455 [vl:0.0 vr:0.0 yaw:0.0] 
1623198280506 [vl:0.0 vr:0.0 yaw:0.0] 
1623198280550 [vl:0.0 vr:0.0 yaw:0.0] 
1623198280611 [vl:0.0 vr:0.0 yaw:0.0] 
1623198280657 [vl:0.0 vr:0.0 yaw:0.0] 
1623198280704 [vl:0.0 vr:0.0 yaw:0.0] 
1623198280756 [vl:0.0 vr:0.0 yaw:0.0] 
1623198280804 [vl:0.0 vr:0.0 yaw:0.0] 
1623198280866 [vl:0.0 vr:0.0 yaw:0.0] 
1623198280904 [vl:0.0 vr:0.0 yaw:0.0] 
1623198280956 [vl:0.0 vr:0.0 yaw:0.0] 
1623198281012 [vl:0.0 vr:0.0 yaw:0.0] 
1623198281056 [vl:0.0 vr:0.0 yaw:0.0] 
1623198281133 [vl:0.0 vr:0.0 yaw:0.0] 
1623198281205 [vl:0.0 vr:0.0 yaw:0.0] 
1623198281243 [vl:0.0 vr:0.0 yaw:0.0] 
1623198281270 [vl:0.0 vr:0.0 yaw:0.0] 
1623198281306 [vl:0.0 vr:0.0 yaw:0.0] 
1623198281359 [vl:0.0 vr:0.0 yaw:0.0] 
1623198281409 [vl:0.0 vr:0.0 yaw:0.0] 
1623198281459 [vl:0.0 vr:0.0 yaw:0.0] 
1623198281514 [vl:0.0 vr:0.0 yaw:0.0] 
1623198281556 [vl:0.0 vr:0.0 yaw:0.0] 
1623198281609 [vl:0.0 vr:0.0 yaw:0.0] 
1623198281668 [vl:0.0 vr:0.0 yaw:0.0] 
1623198281704 [vl:0.0 vr:0.0 yaw:0.0] 
1623198281760 [vl:0.0 vr:0.0 yaw:0.0] 
1623198281846 [vl:0.0 vr:0.0 yaw:0.0] 
1623198281871 [vl:0.0 vr:0.0 yaw:0.0] 
1623198281924 [vl:0.0 vr:0.0 yaw:0.0] 
1623198281970 [vl:0.0 vr:0.0 yaw:0.0] 
1623198282009 [vl:0.0 vr:0.0 yaw:0.0] 
1623198282065 [vl:0.0 vr:0.0 yaw:0.0] 
1623198282106 [vl:0.0 vr:0.0 yaw:0.0] 
1623198282156 [vl:0.0 vr:0.0 yaw:0.0] 
1623198282205 [vl:0.0 vr:0.0 yaw:0.0] 
1623198282258 [vl:0.0 vr:0.0 yaw:0.0] 
1623198282304 [vl:0.0 vr:0.0 yaw:0.0] 
1623198282356 [vl:0.0 vr:0.0 yaw:0.0] 
1623198282406 [vl:0.0 vr:0.0 yaw:0.0] 
1623198282457 [vl:0.0 vr:0.0 yaw:0.0] 
1623198282505 [vl:0.0 vr:0.0 yaw:0.0] 
1623198282557 [vl:0.0 vr:0.0 yaw:0.0] 
1623198282605 [vl:0.0 vr:0.0 yaw:0.0] 
1623198282681 [vl:0.0 vr:0.0 yaw:0.0] 
1623198282705 [vl:0.0 vr:0.0 yaw:0.0] 
1623198282756 [vl:0.0 vr:0.0 yaw:0.0] 
1623198282820 [vl:0.0 vr:0.0 yaw:0.0] 
1623198282860 [vl:0.0 vr:0.0 yaw:0.0] 
1623198282904 [vl:0.0 vr:0.0 yaw:0.0] 
1623198282957 [vl:0.0 vr:0.0 yaw:0.0] 
1623198283021 [vl:0.0 vr:0.0 yaw:0.0] 
1623198283056 [vl:0.0 vr:0.0 yaw:0.0] 
1623198283109 [vl:0.0 vr:0.0 yaw:0.0] 
1623198283156 [vl:0.0 vr:0.0 yaw:0.0] 
1623198283207 [vl:0.0 vr:0.0 yaw:0.0] 
1623198283257 [vl:0.0 vr:0.0 yaw:0.0] 
1623198283311 [vl:0.0 vr:0.0 yaw:0.0] 
1623198283358 [vl:0.0 vr:0.0 yaw:0.0] 
1623198283404 [vl:0.0 vr:0.0 yaw:0.0] 
1623198283473 [vl:0.0 vr:0.0 yaw:0.0] 
1623198283513 [vl:0.0 vr:0.0 yaw:0.0] 
1623198283575 [vl:0.0 vr:0.0 yaw:0.0] 
1623198283604 [vl:0.0 vr:0.0 yaw:0.0] 
1623198283656 [vl:0.0 vr:0.0 yaw:0.0] 
1623198283712 [vl:0.0 vr:0.0 yaw:0.0] 
1623198283756 [vl:0.0 vr:0.0 yaw:0.0] 
1623198283804 [vl:0.0 vr:0.0 yaw:0.0] 
1623198283856 [vl:0.0 vr:0.0 yaw:0.0] 
1623198283905 [vl:0.0 vr:0.0 yaw:0.0] 
1623198283956 [vl:0.0 vr:0.0 yaw:0.0] 
1623198284010 [vl:0.0 vr:0.0 yaw:0.0] 
1623198284056 [vl:0.0 vr:0.0 yaw:0.0] 
1623198284104 [vl:0.0 vr:0.0 yaw:0.0] 
1623198284156 [vl:0.0 vr:0.0 yaw:0.0] 
1623198284204 [vl:0.0 vr:0.0 yaw:0.0] 
1623198284268 [vl:0.0 vr:0.0 yaw:0.0] 
1623198284304 [vl:0.0 vr:0.0 yaw:0.0] 
1623198284362 [vl:0.0 vr:0.0 yaw:0.0] 
1623198284405 [vl:0.0 vr:0.0 yaw:0.0] 
1623198284456 [vl:0.0 vr:0.0 yaw:0.0] 
1623198284505 [vl:0.0 vr:0.0 yaw:0.0] 
1623198284560 [vl:0.0 vr:0.0 yaw:0.0] 
1623198284604 [vl:0.0 vr:0.0 yaw:0.0] 
1623198284656 [vl:0.0 vr:0.0 yaw:0.0] 
1623198284705 [vl:0.0 vr:0.0 yaw:0.0] 
1623198284760 [vl:0.0 vr:0.0 yaw:0.0] 
1623198284823 [vl:0.0 vr:0.0 yaw:0.0] 
1623198284856 [vl:0.0 vr:0.0 yaw:0.0] 
1623198284954 [vl:0.0 vr:0.0 yaw:0.0] 
1623198284968 [vl:0.0 vr:0.0 yaw:0.0] 
1623198285033 [vl:0.0 vr:0.0 yaw:0.0] 
1623198285079 [vl:0.0 vr:0.0 yaw:0.0] 
1623198285128 [vl:0.0 vr:0.0 yaw:0.0] 
1623198285191 [vl:0.0 vr:0.0 yaw:0.0] 
1623198285227 [vl:0.0 vr:0.0 yaw:0.0] 
1623198285276 [vl:0.0 vr:0.0 yaw:0.0] 
1623198285305 [vl:0.0 vr:0.0 yaw:0.0] 
1623198285372 [vl:0.0 vr:0.0 yaw:0.0] 
1623198285410 [vl:0.0 vr:0.0 yaw:0.0] 
1623198285466 [vl:0.0 vr:0.0 yaw:0.0] 
1623198285511 [vl:0.0 vr:0.0 yaw:0.0] 
1623198285558 [vl:0.0 vr:0.0 yaw:0.0] 
1623198285613 [vl:0.0 vr:0.0 yaw:0.0] 
1623198285656 [vl:0.0 vr:0.0 yaw:0.0] 
1623198285704 [vl:0.0 vr:0.0 yaw:0.0] 
1623198285756 [vl:0.0 vr:0.0 yaw:0.0] 
1623198285804 [vl:0.0 vr:0.0 yaw:0.0] 
1623198285858 [vl:0.0 vr:0.0 yaw:0.0] 
1623198285905 [vl:0.0 vr:0.0 yaw:0.0] 
1623198285961 [vl:0.0 vr:0.0 yaw:0.0] 
1623198286022 [vl:0.0 vr:0.0 yaw:0.0] 
1623198286060 [vl:0.0 vr:0.0 yaw:0.0] 
1623198286106 [vl:0.0 vr:0.0 yaw:0.0] 
1623198286160 [vl:0.0 vr:0.0 yaw:0.0] 
1623198286204 [vl:0.0 vr:0.0 yaw:0.0] 
1623198286256 [vl:0.0 vr:0.0 yaw:0.0] 
1623198286314 [vl:0.0 vr:0.0 yaw:0.0] 
1623198286394 [vl:0.0 vr:0.0 yaw:0.0] 
1623198286415 [vl:0.0 vr:0.0 yaw:0.0] 
1623198286457 [vl:0.0 vr:0.0 yaw:0.0] 
1623198286508 [vl:0.0 vr:0.0 yaw:0.0] 
1623198286549 [vl:0.0 vr:0.0 yaw:0.0] 
1623198286608 [vl:0.0 vr:0.0 yaw:0.0] 
1623198286657 [vl:0.0 vr:0.0 yaw:0.0] 
1623198286705 [vl:0.0 vr:0.0 yaw:0.0] 
1623198286756 [vl:0.0 vr:0.0 yaw:0.0] 
1623198286804 [vl:0.0 vr:0.0 yaw:0.0] 
1623198286862 [vl:0.0 vr:0.0 yaw:0.0] 
1623198286920 [vl:0.0 vr:0.0 yaw:0.0] 
1623198286955 [vl:0.0 vr:0.0 yaw:0.0] 
1623198287005 [vl:0.0 vr:0.0 yaw:0.0] 
1623198287056 [vl:0.0 vr:0.0 yaw:0.0] 
1623198287105 [vl:0.0 vr:0.0 yaw:0.0] 
1623198287156 [vl:0.0 vr:0.0 yaw:0.0] 
1623198287204 [vl:0.0 vr:0.0 yaw:0.0] 
1623198287257 [vl:0.0 vr:0.0 yaw:0.0] 
1623198287308 [vl:0.0 vr:0.0 yaw:0.0] 
1623198287356 [vl:0.0 vr:0.0 yaw:0.0] 
1623198287419 [vl:0.0 vr:0.0 yaw:0.0] 
1623198287456 [vl:0.0 vr:0.0 yaw:0.0] 
1623198287506 [vl:0.0 vr:0.0 yaw:0.0] 
1623198287557 [vl:0.0 vr:0.0 yaw:0.0] 
1623198287605 [vl:0.0 vr:0.0 yaw:0.0] 
1623198287659 [vl:0.0 vr:0.0 yaw:0.0] 
1623198287706 [vl:0.0 vr:0.0 yaw:0.0] 
1623198287779 [vl:0.0 vr:0.0 yaw:0.0] 
1623198287813 [vl:0.0 vr:0.0 yaw:0.0] 
1623198287860 [vl:0.0 vr:0.0 yaw:0.0] 
1623198287908 [vl:0.0 vr:0.0 yaw:0.0] 
1623198287957 [vl:0.0 vr:0.0 yaw:0.0] 
1623198288007 [vl:0.0 vr:0.0 yaw:0.0] 
1623198288060 [vl:0.0 vr:0.0 yaw:0.0] 
1623198288104 [vl:0.0 vr:0.0 yaw:0.0] 
1623198288156 [vl:0.0 vr:0.0 yaw:0.0] 
1623198288219 [vl:0.0 vr:0.0 yaw:0.0] 
1623198288257 [vl:0.0 vr:0.0 yaw:0.0] 
1623198288305 [vl:0.0 vr:0.0 yaw:0.0] 
1623198288357 [vl:0.0 vr:0.0 yaw:0.0] 
1623198288404 [vl:0.0 vr:0.0 yaw:0.0] 
1623198288460 [vl:0.0 vr:0.0 yaw:0.0] 
1623198288509 [vl:0.0 vr:0.0 yaw:0.0] 
1623198288553 [vl:0.0 vr:0.0 yaw:0.0] 
1623198288613 [vl:0.0 vr:0.0 yaw:0.0] 
1623198288664 [vl:0.0 vr:0.0 yaw:0.0] 
1623198288706 [vl:0.0 vr:0.0 yaw:0.0] 
1623198288756 [vl:0.0 vr:0.0 yaw:0.0] 
1623198288808 [vl:0.0 vr:0.0 yaw:0.0] 
1623198288860 [vl:0.0 vr:0.0 yaw:0.0] 
1623198288904 [vl:0.0 vr:0.0 yaw:0.0] 
1623198288956 [vl:0.0 vr:0.0 yaw:0.0] 
1623198289009 [vl:0.0 vr:0.0 yaw:0.0] 
1623198289058 [vl:0.0 vr:0.0 yaw:0.0] 
1623198289105 [vl:0.0 vr:0.0 yaw:0.0] 
1623198289158 [vl:0.0 vr:0.0 yaw:0.0] 
1623198289205 [vl:0.0 vr:0.0 yaw:0.0] 
1623198289256 [vl:0.0 vr:0.0 yaw:0.0] 
1623198289304 [vl:0.0 vr:0.0 yaw:0.0] 
1623198289377 [vl:0.0 vr:0.0 yaw:0.0] 
1623198289404 [vl:0.0 vr:0.0 yaw:0.0] 
1623198289468 [vl:0.0 vr:0.0 yaw:0.0] 
1623198289504 [vl:0.0 vr:0.0 yaw:0.0] 
1623198289556 [vl:0.0 vr:0.0 yaw:0.0] 
1623198289604 [vl:0.0 vr:0.0 yaw:0.0] 
1623198289656 [vl:0.0 vr:0.0 yaw:0.0] 
1623198289705 [vl:0.0 vr:0.0 yaw:0.0] 
1623198289756 [vl:0.0 vr:0.0 yaw:0.0] 
1623198289807 [vl:0.0 vr:0.0 yaw:0.0] 
1623198289857 [vl:0.0 vr:0.0 yaw:0.0] 
1623198289904 [vl:0.0 vr:0.0 yaw:0.0] 
1623198289956 [vl:0.0 vr:0.0 yaw:0.0] 
1623198290005 [vl:0.0 vr:0.0 yaw:0.0] 
1623198290056 [vl:0.0 vr:0.0 yaw:0.0] 
1623198290105 [vl:0.0 vr:0.0 yaw:0.0] 
1623198290156 [vl:0.0 vr:0.0 yaw:0.0] 
1623198290204 [vl:0.0 vr:0.0 yaw:0.0] 
1623198290256 [vl:0.0 vr:0.0 yaw:0.0] 
1623198290304 [vl:0.0 vr:0.0 yaw:0.0] 
1623198290356 [vl:0.0 vr:0.0 yaw:0.0] 
1623198290404 [vl:0.0 vr:0.0 yaw:0.0] 
1623198290456 [vl:0.0 vr:0.0 yaw:0.0] 
1623198290504 [vl:0.0 vr:0.0 yaw:0.0] 
1623198290556 [vl:0.0 vr:0.0 yaw:0.0] 
1623198290607 [vl:0.0 vr:0.0 yaw:0.0] 
1623198290655 [vl:0.0 vr:0.0 yaw:0.0] 
1623198290705 [vl:0.0 vr:0.0 yaw:0.0] 
1623198290756 [vl:0.0 vr:0.0 yaw:0.0] 
1623198290804 [vl:0.0 vr:0.0 yaw:0.0] 
1623198290857 [vl:0.0 vr:0.0 yaw:0.0] 
1623198290905 [vl:0.0 vr:0.0 yaw:0.0] 
1623198290956 [vl:0.0 vr:0.0 yaw:0.0] 
1623198291004 [vl:0.0 vr:0.0 yaw:0.0] 
1623198291057 [vl:0.0 vr:0.0 yaw:0.0] 
1623198291105 [vl:0.0 vr:0.0 yaw:0.0] 
1623198291157 [vl:0.0 vr:0.0 yaw:0.0] 
1623198291205 [vl:0.0 vr:0.0 yaw:0.0] 
1623198291256 [vl:0.0 vr:0.0 yaw:0.0] 
1623198291304 [vl:0.0 vr:0.0 yaw:0.0] 
1623198291356 [vl:0.0 vr:0.0 yaw:0.0] 
1623198291404 [vl:0.0 vr:0.0 yaw:0.0] 
1623198291456 [vl:0.0 vr:0.0 yaw:0.0] 
1623198291504 [vl:0.0 vr:0.0 yaw:0.0] 
1623198291557 [vl:0.0 vr:0.0 yaw:0.0] 
1623198291604 [vl:0.0 vr:0.0 yaw:0.0] 
1623198291656 [vl:0.0 vr:0.0 yaw:0.0] 
1623198291704 [vl:0.0 vr:0.0 yaw:0.0] 
1623198291756 [vl:0.0 vr:0.0 yaw:0.0] 
1623198291804 [vl:0.0 vr:0.0 yaw:0.0] 
1623198291857 [vl:0.0 vr:0.0 yaw:0.0] 
1623198291911 [vl:0.0 vr:0.0 yaw:0.0] 
1623198291957 [vl:0.0 vr:0.0 yaw:0.0] 
1623198292014 [vl:0.0 vr:0.0 yaw:0.0] 
1623198292056 [vl:0.0 vr:0.0 yaw:0.0] 
1623198292151 [vl:0.0 vr:0.0 yaw:0.0] 
1623198292170 [vl:0.0 vr:0.0 yaw:0.0] 
1623198292226 [vl:0.0 vr:0.0 yaw:0.0] 
1623198292268 [vl:0.0 vr:0.0 yaw:0.0] 
1623198292313 [vl:0.0 vr:0.0 yaw:0.0] 
1623198292358 [vl:0.0 vr:0.0 yaw:0.0] 
1623198292409 [vl:0.0 vr:0.0 yaw:0.0] 
1623198292456 [vl:0.0 vr:0.0 yaw:0.0] 
1623198292510 [vl:0.0 vr:0.0 yaw:0.0] 
1623198292557 [vl:0.0 vr:0.0 yaw:0.0] 
1623198292604 [vl:0.0 vr:0.0 yaw:0.0] 
1623198292660 [vl:0.0 vr:0.0 yaw:0.0] 
1623198292705 [vl:0.0 vr:0.0 yaw:0.0] 
1623198292757 [vl:0.0 vr:0.0 yaw:0.0] 
1623198292805 [vl:0.0 vr:0.0 yaw:0.0] 
1623198292857 [vl:0.0 vr:0.0 yaw:0.0] 
1623198292904 [vl:0.0 vr:0.0 yaw:0.0] 
1623198292956 [vl:0.0 vr:0.0 yaw:0.0] 
1623198293042 [vl:0.0 vr:0.0 yaw:0.0] 
1623198293061 [vl:0.0 vr:0.0 yaw:0.0] 
1623198293104 [vl:0.0 vr:0.0 yaw:0.0] 
1623198293159 [vl:0.0 vr:0.0 yaw:0.0] 
1623198293204 [vl:0.0 vr:0.0 yaw:0.0] 
1623198293256 [vl:0.0 vr:0.0 yaw:0.0] 
1623198293304 [vl:0.0 vr:0.0 yaw:0.0] 
1623198293356 [vl:0.0 vr:0.0 yaw:0.0] 
1623198293404 [vl:0.0 vr:0.0 yaw:0.0] 
1623198293456 [vl:0.0 vr:0.0 yaw:0.0] 
1623198293505 [vl:0.0 vr:0.0 yaw:0.0] 
1623198293562 [vl:0.0 vr:0.0 yaw:0.0] 
1623198293606 [vl:0.0 vr:0.0 yaw:0.0] 
1623198293656 [vl:0.0 vr:0.0 yaw:0.0] 
1623198293704 [vl:0.0 vr:0.0 yaw:0.0] 
1623198293756 [vl:0.0 vr:0.0 yaw:0.0] 
1623198293804 [vl:0.0 vr:0.0 yaw:0.0] 
1623198293875 [vl:0.0 vr:0.0 yaw:0.0] 
1623198293904 [vl:0.0 vr:0.0 yaw:0.0] 
1623198293979 [vl:0.0 vr:0.0 yaw:0.0] 
1623198294013 [vl:0.0 vr:0.0 yaw:0.0] 
1623198294053 [vl:0.0 vr:0.0 yaw:0.0] 
1623198294115 [vl:0.0 vr:0.0 yaw:0.0] 
1623198294157 [vl:0.0 vr:0.0 yaw:0.0] 
1623198294206 [vl:0.0 vr:0.0 yaw:0.0] 
1623198294256 [vl:0.0 vr:0.0 yaw:0.0] 
1623198294305 [vl:0.0 vr:0.0 yaw:0.0] 
1623198294356 [vl:0.0 vr:0.0 yaw:0.0] 
1623198294408 [vl:0.0 vr:0.0 yaw:0.0] 
1623198294462 [vl:0.0 vr:0.0 yaw:0.0] 
1623198294504 [vl:0.0 vr:0.0 yaw:0.0] 
1623198294556 [vl:0.0 vr:0.0 yaw:0.0] 
1623198294625 [vl:0.0 vr:0.0 yaw:0.0] 
1623198294648 [vl:0.0 vr:0.0 yaw:0.0] 
1623198294709 [vl:0.0 vr:0.0 yaw:0.0] 
1623198294756 [vl:0.0 vr:0.0 yaw:0.0] 
1623198294804 [vl:0.0 vr:0.0 yaw:0.0] 
1623198294857 [vl:0.0 vr:0.0 yaw:0.0] 
1623198294906 [vl:0.0 vr:0.0 yaw:0.0] 
1623198294961 [vl:0.0 vr:0.0 yaw:0.0] 
1623198295004 [vl:0.0 vr:0.0 yaw:0.0] 
1623198295070 [vl:0.0 vr:0.0 yaw:0.0] 
1623198295104 [vl:0.0 vr:0.0 yaw:0.0] 
1623198295168 [vl:0.0 vr:0.0 yaw:0.0] 
1623198295205 [vl:0.0 vr:0.0 yaw:0.0] 
1623198295281 [vl:0.0 vr:0.0 yaw:0.0] 
1623198295309 [vl:0.0 vr:0.0 yaw:0.0] 
1623198295362 [vl:0.0 vr:0.0 yaw:0.0] 
1623198295432 [vl:0.0 vr:0.0 yaw:0.0] 
1623198295489 [vl:0.0 vr:0.0 yaw:0.0] 
1623198295507 [vl:0.0 vr:0.0 yaw:0.0] 
1623198295583 [vl:0.0 vr:0.0 yaw:0.0] 
1623198295610 [vl:0.0 vr:0.0 yaw:0.0] 
1623198295668 [vl:0.0 vr:0.0 yaw:0.0] 
1623198295712 [vl:0.0 vr:0.0 yaw:0.0] 
1623198295757 [vl:0.0 vr:0.0 yaw:0.0] 
1623198295804 [vl:0.0 vr:0.0 yaw:0.0] 
1623198295856 [vl:0.0 vr:0.0 yaw:0.0] 
1623198295904 [vl:0.0 vr:0.0 yaw:0.0] 
1623198295957 [vl:0.0 vr:0.0 yaw:0.0] 
1623198296005 [vl:0.0 vr:0.0 yaw:0.0] 
1623198296056 [vl:0.0 vr:0.0 yaw:0.0] 
1623198296104 [vl:0.0 vr:0.0 yaw:0.0] 
1623198296160 [vl:0.0 vr:0.0 yaw:0.0] 
1623198296204 [vl:0.0 vr:0.0 yaw:0.0] 
1623198296256 [vl:0.0 vr:0.0 yaw:0.0] 
1623198296304 [vl:0.0 vr:0.0 yaw:0.0] 
1623198296358 [vl:0.0 vr:0.0 yaw:0.0] 
1623198296408 [vl:0.0 vr:0.0 yaw:0.0] 
1623198296456 [vl:0.0 vr:0.0 yaw:0.0] 
1623198296504 [vl:0.0 vr:0.0 yaw:0.0] 
1623198296556 [vl:0.0 vr:0.0 yaw:0.0] 
1623198296651 [vl:0.0 vr:0.0 yaw:0.0] 
1623198296669 [vl:0.0 vr:0.0 yaw:0.0] 
1623198296705 [vl:0.0 vr:0.0 yaw:0.0] 
1623198296761 [vl:0.0 vr:0.0 yaw:0.0] 
1623198296817 [vl:0.0 vr:0.0 yaw:0.0] 
1623198296857 [vl:0.0 vr:0.0 yaw:0.0] 
1623198296904 [vl:0.0 vr:0.0 yaw:0.0] 
1623198296958 [vl:0.0 vr:0.0 yaw:0.0] 
1623198297004 [vl:0.0 vr:0.0 yaw:0.0] 
1623198297080 [vl:0.0 vr:0.0 yaw:0.0] 
1623198297104 [vl:0.0 vr:0.0 yaw:0.0] 
1623198297156 [vl:0.0 vr:0.0 yaw:0.0] 
1623198297204 [vl:0.0 vr:0.0 yaw:0.0] 
1623198297258 [vl:0.0 vr:0.0 yaw:0.0] 
1623198297308 [vl:0.0 vr:0.0 yaw:0.0] 
1623198297356 [vl:0.0 vr:0.0 yaw:0.0] 
1623198297404 [vl:0.0 vr:0.0 yaw:0.0] 
1623198297458 [vl:0.0 vr:0.0 yaw:0.0] 
1623198297504 [vl:0.0 vr:0.0 yaw:0.0] 
1623198297595 [vl:0.0 vr:0.0 yaw:0.0] 
1623198297665 [vl:0.0 vr:0.0 yaw:0.0] 
1623198297681 [vl:0.0 vr:0.0 yaw:0.0] 
1623198297735 [vl:0.0 vr:0.0 yaw:0.0] 
1623198297757 [vl:0.0 vr:0.0 yaw:0.0] 
1623198297804 [vl:0.0 vr:0.0 yaw:0.0] 
1623198297856 [vl:0.0 vr:0.0 yaw:0.0] 
1623198297905 [vl:0.0 vr:0.0 yaw:0.0] 
1623198297960 [vl:0.0 vr:0.0 yaw:0.0] 
1623198298004 [vl:0.0 vr:0.0 yaw:0.0] 
1623198298057 [vl:0.0 vr:0.0 yaw:0.0] 
1623198298105 [vl:0.0 vr:0.0 yaw:0.0] 
1623198298157 [vl:0.0 vr:0.0 yaw:0.0] 
1623198298204 [vl:0.0 vr:0.0 yaw:0.0] 
1623198298256 [vl:0.0 vr:0.0 yaw:0.0] 
1623198298304 [vl:0.0 vr:0.0 yaw:0.0] 
1623198298368 [vl:0.0 vr:0.0 yaw:0.0] 
1623198298404 [vl:0.0 vr:0.0 yaw:0.0] 
1623198298456 [vl:0.0 vr:0.0 yaw:0.0] 
1623198298504 [vl:0.0 vr:0.0 yaw:0.0] 
1623198298558 [vl:0.0 vr:0.0 yaw:0.0] 
1623198298604 [vl:0.0 vr:0.0 yaw:0.0] 
1623198298657 [vl:0.0 vr:0.0 yaw:0.0] 
1623198298708 [vl:0.0 vr:0.0 yaw:0.0] 
1623198298756 [vl:0.0 vr:0.0 yaw:0.0] 
1623198298805 [vl:0.0 vr:0.0 yaw:0.0] 
1623198298856 [vl:0.0 vr:0.0 yaw:0.0] 
1623198298904 [vl:0.0 vr:0.0 yaw:0.0] 
1623198298956 [vl:0.0 vr:0.0 yaw:0.0] 
1623198299004 [vl:0.0 vr:0.0 yaw:0.0] 
1623198299059 [vl:0.0 vr:0.0 yaw:0.0] 
1623198299105 [vl:0.0 vr:0.0 yaw:0.0] 
1623198299193 [vl:0.0 vr:0.0 yaw:0.0] 
1623198299208 [vl:0.0 vr:0.0 yaw:0.0] 
1623198299256 [vl:0.0 vr:0.0 yaw:0.0] 
1623198299303 [vl:0.0 vr:0.0 yaw:0.0] 
1623198299356 [vl:0.0 vr:0.0 yaw:0.0] 
1623198299404 [vl:0.0 vr:0.0 yaw:0.0] 
1623198299456 [vl:0.0 vr:0.0 yaw:0.0] 
1623198299526 [vl:0.0 vr:0.0 yaw:0.0] 
1623198299557 [vl:0.0 vr:0.0 yaw:0.0] 
1623198299612 [vl:0.0 vr:0.0 yaw:0.0] 
1623198299656 [vl:0.0 vr:0.0 yaw:0.0] 
1623198299707 [vl:0.0 vr:0.0 yaw:0.0] 
1623198299756 [vl:0.0 vr:0.0 yaw:0.0] 
1623198299805 [vl:0.0 vr:0.0 yaw:0.0] 
1623198299856 [vl:0.0 vr:0.0 yaw:0.0] 
1623198299904 [vl:0.0 vr:0.0 yaw:0.0] 
1623198299956 [vl:0.0 vr:0.0 yaw:0.0] 
1623198300005 [vl:0.0 vr:0.0 yaw:0.0] 
1623198300055 [vl:0.0 vr:0.0 yaw:0.0] 
1623198300104 [vl:0.0 vr:0.0 yaw:0.0] 
1623198300156 [vl:0.0 vr:0.0 yaw:0.0] 
1623198300211 [vl:0.0 vr:0.0 yaw:0.0] 
1623198300262 [vl:0.0 vr:0.0 yaw:0.0] 
1623198300305 [vl:0.0 vr:0.0 yaw:0.0] 
1623198300358 [vl:0.0 vr:0.0 yaw:0.0] 
1623198300406 [vl:0.0 vr:0.0 yaw:0.0] 
1623198300456 [vl:0.0 vr:0.0 yaw:0.0] 
1623198300508 [vl:0.0 vr:0.0 yaw:0.0] 
1623198300556 [vl:0.0 vr:0.0 yaw:0.0] 
1623198300604 [vl:0.0 vr:0.0 yaw:0.0] 
1623198300672 [vl:0.0 vr:0.0 yaw:0.0] 
1623198300704 [vl:0.0 vr:0.0 yaw:0.0] 
1623198300756 [vl:0.0 vr:0.0 yaw:0.0] 
1623198300808 [vl:0.0 vr:0.0 yaw:0.0] 
1623198300858 [vl:0.0 vr:0.0 yaw:0.0] 
1623198300905 [vl:0.0 vr:0.0 yaw:0.0] 
1623198300957 [vl:0.0 vr:0.0 yaw:0.0] 
1623198301005 [vl:0.0 vr:0.0 yaw:0.0] 
1623198301056 [vl:0.0 vr:0.0 yaw:0.0] 
1623198301105 [vl:0.0 vr:0.0 yaw:0.0] 
1623198301155 [vl:0.0 vr:0.0 yaw:0.0] 
1623198301212 [vl:0.0 vr:0.0 yaw:0.0] 
1623198301280 [vl:0.0 vr:0.0 yaw:0.0] 
1623198301305 [vl:0.0 vr:0.0 yaw:0.0] 
1623198301356 [vl:0.0 vr:0.0 yaw:0.0] 
1623198301406 [vl:0.0 vr:0.0 yaw:0.0] 
1623198301456 [vl:0.0 vr:0.0 yaw:0.0] 
1623198301505 [vl:0.0 vr:0.0 yaw:0.0] 
1623198301556 [vl:0.0 vr:0.0 yaw:0.0] 
1623198301609 [vl:0.0 vr:0.0 yaw:0.0] 
1623198301670 [vl:0.0 vr:0.0 yaw:0.0] 
1623198301709 [vl:0.0 vr:0.0 yaw:0.0] 
1623198301763 [vl:0.0 vr:0.0 yaw:0.0] 
1623198301806 [vl:0.0 vr:0.0 yaw:0.0] 
1623198301856 [vl:0.0 vr:0.0 yaw:0.0] 
1623198301916 [vl:0.0 vr:0.0 yaw:0.0] 
1623198301970 [vl:0.0 vr:0.0 yaw:0.0] 
1623198302004 [vl:0.0 vr:0.0 yaw:0.0] 
1623198302056 [vl:0.0 vr:0.0 yaw:0.0] 
