1621556078387 [Opening serial port: /dev/ttyTHS1.] 
1621556078705 [The robot is connected to ] [/dev/ttyTHS1] 
1621556078705 [Initial robot's topic...] 
1621556078730 [Start initializing navigation] 
1621556078731 [Start initializing navigation topic] 
1621556078845 [Initialization navigation topic finished] 
1621556078856 [Initialization navigation finished] 
1621556078962 [Update odom] 
1621556078979 [vx:0.0 vy:0.0 yaw:0.336349913144] 
1621556079063 [Update odom] 
1621556079074 [vx:0.0 vy:0.0 yaw:0.336550084409] 
1621556079171 [Update odom] 
1621556079183 [vx:0.0 vy:0.0 yaw:0.3364747864] 
1621556079262 [Update odom] 
1621556079275 [vx:0.0 vy:0.0 yaw:0.346106174103] 
1621556079362 [Update odom] 
1621556079376 [vx:0.0 vy:0.0 yaw:0.339993028761] 
1621556079462 [Update odom] 
1621556079474 [vx:0.0 vy:0.0 yaw:0.323045565142] 
1621556079562 [Update odom] 
1621556079576 [vx:0.0 vy:0.0 yaw:0.326142763064] 
1621556079663 [Update odom] 
1621556079676 [vx:0.0 vy:0.0 yaw:0.332091479241] 
1621556079762 [Update odom] 
1621556079775 [vx:0.0 vy:0.0 yaw:0.34158190786] 
1621556079865 [Update odom] 
1621556079876 [vx:0.0 vy:0.0 yaw:0.358778665343] 
1621556079962 [Update odom] 
1621556079975 [vx:0.0 vy:0.0 yaw:0.362652521694] 
1621556080062 [Update odom] 
1621556080075 [vx:0.0 vy:0.0 yaw:0.353782922458] 
1621556080162 [Update odom] 
1621556080175 [vx:0.0 vy:0.0 yaw:0.361127373398] 
1621556080265 [Update odom] 
1621556080279 [vx:0.0 vy:0.0 yaw:0.361461759458] 
1621556080362 [Update odom] 
1621556080375 [vx:0.0 vy:0.0 yaw:0.356790836585] 
1621556080462 [Update odom] 
1621556080475 [vx:0.0 vy:0.0 yaw:0.339034878018] 
1621556080562 [Update odom] 
1621556080575 [vx:0.0 vy:0.0 yaw:0.34935716321] 
1621556080662 [Update odom] 
1621556080691 [vx:0.0 vy:0.0 yaw:0.330814068072] 
1621556080762 [Update odom] 
1621556080780 [vx:0.0 vy:0.0 yaw:0.318000131929] 
1621556080862 [Update odom] 
1621556080875 [vx:0.0 vy:0.0 yaw:0.317681152823] 
1621556080962 [Update odom] 
1621556080976 [vx:0.0 vy:0.0 yaw:0.327830425285] 
1621556081071 [Update odom] 
1621556081087 [vx:0.0 vy:0.0 yaw:0.333674804952] 
1621556081162 [Update odom] 
1621556081175 [vx:0.0 vy:0.0 yaw:0.32986638536] 
1621556081262 [Update odom] 
1621556081276 [vx:0.0 vy:0.0 yaw:0.322280306909] 
1621556081362 [Update odom] 
1621556081374 [vx:0.0 vy:0.0 yaw:0.320963441466] 
1621556081462 [Update odom] 
1621556081487 [vx:0.0 vy:0.0 yaw:0.327034978506] 
1621556081562 [Update odom] 
1621556081575 [vx:0.0 vy:0.0 yaw:0.325602900555] 
1621556081689 [Update odom] 
1621556081695 [vx:0.0 vy:0.0 yaw:0.315273841159] 
1621556081762 [Update odom] 
1621556081776 [vx:0.0 vy:0.0 yaw:0.32638976105] 
1621556081862 [Update odom] 
1621556081879 [vx:0.0 vy:0.0 yaw:0.344406941239] 
1621556081962 [Update odom] 
1621556081974 [vx:0.0 vy:0.0 yaw:0.356906857108] 
1621556082062 [Update odom] 
1621556082078 [vx:0.0 vy:0.0 yaw:0.338692788836] 
1621556082162 [Update odom] 
1621556082174 [vx:0.0 vy:0.0 yaw:0.333927867097] 
1621556082270 [Update odom] 
1621556082282 [vx:0.0 vy:0.0 yaw:0.338582494502] 
1621556082362 [Update odom] 
1621556082374 [vx:0.0 vy:0.0 yaw:0.356053506147] 
1621556082462 [Update odom] 
1621556082475 [vx:0.0 vy:0.0 yaw:0.35452204912] 
1621556082562 [Update odom] 
1621556082576 [vx:0.0 vy:0.0 yaw:0.338804248907] 
1621556082662 [Update odom] 
1621556082686 [vx:0.0 vy:0.0 yaw:0.3194832831] 
1621556082762 [Update odom] 
1621556082775 [vx:0.0 vy:0.0 yaw:0.304129910277] 
1621556082862 [Update odom] 
1621556082875 [vx:0.0 vy:0.0 yaw:0.298927665213] 
1621556082962 [Update odom] 
1621556082991 [vx:0.0 vy:0.0 yaw:0.298220934826] 
1621556083066 [Update odom] 
1621556083075 [vx:0.0 vy:0.0 yaw:0.298651517023] 
1621556083162 [Update odom] 
1621556083174 [vx:0.0 vy:0.0 yaw:0.313214317298] 
1621556083262 [Update odom] 
1621556083281 [vx:0.0 vy:0.0 yaw:0.32866717885] 
1621556083366 [Update odom] 
1621556083387 [vx:0.0 vy:0.0 yaw:0.324966580181] 
1621556083467 [Update odom] 
1621556083479 [vx:0.0 vy:0.0 yaw:0.314019164668] 
1621556083562 [Update odom] 
1621556083578 [vx:0.0 vy:0.0 yaw:0.331628830697] 
1621556083662 [Update odom] 
1621556083675 [vx:0.0 vy:0.0 yaw:0.337430802369] 
1621556083762 [Update odom] 
1621556083774 [vx:0.0 vy:0.0 yaw:0.324700638363] 
1621556083862 [Update odom] 
1621556083874 [vx:0.0 vy:0.0 yaw:0.323734962336] 
1621556083962 [Update odom] 
1621556083981 [vx:0.0 vy:0.0 yaw:0.322508578893] 
1621556084067 [Update odom] 
1621556084078 [vx:0.0 vy:0.0 yaw:0.32358775382] 
1621556084162 [Update odom] 
1621556084174 [vx:0.0 vy:0.0 yaw:0.318188368517] 
1621556084262 [Update odom] 
1621556084276 [vx:0.0 vy:0.0 yaw:0.319757357809] 
1621556084362 [Update odom] 
1621556084375 [vx:0.0 vy:0.0 yaw:0.318797272641] 
1621556084462 [Update odom] 
1621556084478 [vx:0.0 vy:0.0 yaw:0.319801262511] 
1621556084562 [Update odom] 
1621556084574 [vx:0.0 vy:0.0 yaw:0.336584198006] 
1621556084662 [Update odom] 
1621556084678 [vx:0.0 vy:0.0 yaw:0.351959924187] 
1621556084762 [Update odom] 
1621556084774 [vx:0.0 vy:0.0 yaw:0.349832043418] 
1621556084862 [Update odom] 
1621556084874 [vx:0.0 vy:0.0 yaw:0.342631488831] 
1621556084962 [Update odom] 
1621556084975 [vx:0.0 vy:0.0 yaw:0.32982852084] 
1621556085062 [Update odom] 
1621556085077 [vx:0.0 vy:0.0 yaw:0.345486037206] 
1621556085162 [Update odom] 
1621556085174 [vx:0.0 vy:0.0 yaw:0.355431957626] 
1621556085262 [Update odom] 
1621556085276 [vx:0.0 vy:0.0 yaw:0.340812401398] 
1621556085362 [Update odom] 
1621556085375 [vx:0.0 vy:0.0 yaw:0.33590081412] 
1621556085462 [Update odom] 
1621556085474 [vx:0.0 vy:0.0 yaw:0.334390259374] 
1621556085568 [Update odom] 
1621556085579 [vx:0.0 vy:0.0 yaw:0.33178478453] 
1621556085666 [Update odom] 
1621556085679 [vx:0.0 vy:0.0 yaw:0.333399416125] 
1621556085766 [Update odom] 
1621556085785 [vx:0.0 vy:0.0 yaw:0.319159776932] 
1621556085863 [Update odom] 
1621556085879 [vx:0.0 vy:0.0 yaw:0.308433624021] 
1621556085962 [Update odom] 
1621556085974 [vx:0.0 vy:0.0 yaw:0.29042596161] 
1621556086062 [Update odom] 
1621556086075 [vx:0.0 vy:0.0 yaw:0.28766373138] 
1621556086162 [Update odom] 
1621556086174 [vx:0.0 vy:0.0 yaw:0.305097706478] 
1621556086262 [Update odom] 
1621556086276 [vx:0.0 vy:0.0 yaw:0.319170071384] 
1621556086363 [Update odom] 
1621556086375 [vx:0.0 vy:0.0 yaw:0.331537819426] 
1621556086462 [Update odom] 
1621556086475 [vx:0.0 vy:0.0 yaw:0.336119128575] 
1621556086562 [Update odom] 
1621556086574 [vx:0.0 vy:0.0 yaw:0.334363080851] 
1621556086662 [Update odom] 
1621556086674 [vx:0.0 vy:0.0 yaw:0.316884352246] 
1621556086762 [Update odom] 
1621556086774 [vx:0.0 vy:0.0 yaw:0.331556216574] 
1621556086862 [Update odom] 
1621556086874 [vx:0.0 vy:0.0 yaw:0.336399471] 
1621556086967 [Update odom] 
1621556086979 [vx:0.0 vy:0.0 yaw:0.325107105987] 
1621556087062 [Update odom] 
1621556087074 [vx:0.0 vy:0.0 yaw:0.321537966032] 
1621556087162 [Update odom] 
1621556087175 [vx:0.0 vy:0.0 yaw:0.324452589479] 
1621556087262 [Update odom] 
1621556087274 [vx:0.0 vy:0.0 yaw:0.323514811977] 
1621556087362 [Update odom] 
1621556087374 [vx:0.0 vy:0.0 yaw:0.326460421384] 
1621556087463 [Update odom] 
1621556087474 [vx:0.0 vy:0.0 yaw:0.323576356507] 
1621556087562 [Update odom] 
1621556087574 [vx:0.0 vy:0.0 yaw:0.315426870043] 
1621556087667 [Update odom] 
1621556087678 [vx:0.0 vy:0.0 yaw:0.314818082037] 
1621556087762 [Update odom] 
1621556087777 [vx:0.0 vy:0.0 yaw:0.298616719443] 
1621556087862 [Update odom] 
1621556087878 [vx:0.0 vy:0.0 yaw:0.305735855552] 
1621556087962 [Update odom] 
1621556087974 [vx:0.0 vy:0.0 yaw:0.320231261808] 
1621556088062 [Update odom] 
1621556088074 [vx:0.0 vy:0.0 yaw:0.33087913653] 
1621556088165 [Update odom] 
1621556088180 [vx:0.0 vy:0.0 yaw:0.313116389402] 
1621556088266 [Update odom] 
1621556088279 [vx:0.0 vy:0.0 yaw:0.325998905842] 
1621556088362 [Update odom] 
1621556088374 [vx:0.0 vy:0.0 yaw:0.32616299592] 
1621556088462 [Update odom] 
1621556088475 [vx:0.0 vy:0.0 yaw:0.320730249454] 
1621556088566 [Update odom] 
1621556088583 [vx:0.0 vy:0.0 yaw:0.324533819784] 
1621556088662 [Update odom] 
1621556088674 [vx:0.0 vy:0.0 yaw:0.338744240434] 
1621556088762 [Update odom] 
1621556088774 [vx:0.0 vy:0.0 yaw:0.340043502117] 
1621556088862 [Update odom] 
1621556088876 [vx:0.0 vy:0.0 yaw:0.342193325639] 
1621556088967 [Update odom] 
1621556088985 [vx:0.0 vy:0.0 yaw:0.333343418133] 
1621556089062 [Update odom] 
1621556089074 [vx:0.0 vy:0.0 yaw:0.317045337969] 
1621556089162 [Update odom] 
1621556089181 [vx:0.0 vy:0.0 yaw:0.314221621611] 
1621556089264 [Update odom] 
1621556089283 [vx:0.0 vy:0.0 yaw:0.307971632562] 
1621556089362 [Update odom] 
1621556089370 [vx:0.0 vy:0.0 yaw:0.322439770069] 
1621556089462 [Update odom] 
1621556089475 [vx:0.0 vy:0.0 yaw:0.330686538497] 
1621556089562 [Update odom] 
1621556089576 [vx:0.0 vy:0.0 yaw:0.319389212299] 
1621556089662 [Update odom] 
1621556089677 [vx:0.0 vy:0.0 yaw:0.3366049084] 
1621556089766 [Update odom] 
1621556089785 [vx:0.0 vy:0.0 yaw:0.329787037641] 
1621556089862 [Update odom] 
1621556089876 [vx:0.0 vy:0.0 yaw:0.34507673754] 
1621556089962 [Update odom] 
1621556089978 [vx:0.0 vy:0.0 yaw:0.341049063209] 
1621556090067 [Update odom] 
1621556090090 [vx:0.0 vy:0.0 yaw:0.32163186491] 
1621556090163 [Update odom] 
1621556090174 [vx:0.0 vy:0.0 yaw:0.311574350731] 
1621556090262 [Update odom] 
1621556090274 [vx:0.0 vy:0.0 yaw:0.31253604767] 
1621556090362 [Update odom] 
1621556090375 [vx:0.0 vy:0.0 yaw:0.319847828472] 
1621556090462 [Update odom] 
1621556090474 [vx:0.0 vy:0.0 yaw:0.341329780971] 
1621556090563 [Update odom] 
1621556090575 [vx:0.0 vy:0.0 yaw:0.348444085591] 
1621556090669 [Update odom] 
1621556090682 [vx:0.0 vy:0.0 yaw:0.353301831418] 
1621556090769 [Update odom] 
1621556090789 [vx:0.0 vy:0.0 yaw:0.335832719451] 
1621556090862 [Update odom] 
1621556090874 [vx:0.0 vy:0.0 yaw:0.318923150188] 
1621556090962 [Update odom] 
1621556090974 [vx:0.0 vy:0.0 yaw:0.319654825251] 
1621556091062 [Update odom] 
1621556091078 [vx:0.0 vy:0.0 yaw:0.319677394467] 
1621556091164 [Update odom] 
1621556091179 [vx:0.0 vy:0.0 yaw:0.32592128329] 
1621556091262 [Update odom] 
1621556091274 [vx:0.0 vy:0.0 yaw:0.336808079927] 
1621556091362 [Update odom] 
1621556091375 [vx:0.0 vy:0.0 yaw:0.337182572334] 
1621556091462 [Update odom] 
1621556091479 [vx:0.0 vy:0.0 yaw:0.322794168804] 
1621556091562 [Update odom] 
1621556091575 [vx:0.0 vy:0.0 yaw:0.321861468088] 
1621556091662 [Update odom] 
1621556091678 [vx:0.0 vy:0.0 yaw:0.331790298545] 
1621556091762 [Update odom] 
1621556091778 [vx:0.0 vy:0.0 yaw:0.334937133075] 
1621556091862 [Update odom] 
1621556091875 [vx:0.0 vy:0.0 yaw:0.337191275806] 
1621556091962 [Update odom] 
1621556091974 [vx:0.0 vy:0.0 yaw:0.330602878987] 
1621556092062 [Update odom] 
1621556092075 [vx:0.0 vy:0.0 yaw:0.330158636292] 
1621556092162 [Update odom] 
1621556092175 [vx:0.0 vy:0.0 yaw:0.331815311957] 
1621556092262 [Update odom] 
1621556092274 [vx:0.0 vy:0.0 yaw:0.332016703355] 
1621556092362 [Update odom] 
1621556092374 [vx:0.0 vy:0.0 yaw:0.345735619198] 
1621556092464 [Update odom] 
1621556092483 [vx:0.0 vy:0.0 yaw:0.359513520376] 
1621556092562 [Update odom] 
1621556092582 [vx:0.0 vy:0.0 yaw:0.362462568361] 
1621556092662 [Update odom] 
1621556092674 [vx:0.0 vy:0.0 yaw:0.361242351894] 
1621556092762 [Update odom] 
1621556092776 [vx:0.0 vy:0.0 yaw:0.340299593948] 
1621556092862 [Update odom] 
1621556092875 [vx:0.0 vy:0.0 yaw:0.331709817443] 
1621556092962 [Update odom] 
1621556092976 [vx:0.0 vy:0.0 yaw:0.329244268002] 
1621556093062 [Update odom] 
1621556093074 [vx:0.0 vy:0.0 yaw:0.331459272497] 
1621556093162 [Update odom] 
1621556093174 [vx:0.0 vy:0.0 yaw:0.338190011774] 
1621556093266 [Update odom] 
1621556093302 [vx:0.0 vy:0.0 yaw:0.343831214169] 
1621556093362 [Update odom] 
1621556093374 [vx:0.0 vy:0.0 yaw:0.340138238862] 
