1619626353886 [Opening serial port: /dev/ttyTHS1.] 
1619626354188 [The robot is connected to ] [/dev/ttyTHS1] 
1619626354188 [Initial robot's topic...] 
1619626357443 [Data from: [w]] 
1619626363479 [log_latest_command] [[ b y t e a r r a y ( b ' \ x a a \ x f f \ x a 2 \ x 8 8 \ x 1 3 \ x 8 8 \ x 1 3 \ x f e n \ n \ r ' ) ]] 
1619626363479 [Data from: [w]] 
1619626369521 [log_latest_command] [[ b y t e a r r a y ( b ' \ x a a \ x f f \ x a 2 \ x 8 8 \ x 1 3 \ x 8 8 \ x 1 3 \ x f e n \ n \ r ' ) ]] 
1619626369521 [Data from: [w]] 
1619626375557 [log_latest_command] [[ b y t e a r r a y ( b ' \ x a a \ x f f \ x a 2 \ x 8 8 \ x 1 3 \ x 8 8 \ x 1 3 \ x f e n \ n \ r ' ) ]] 
1619626375557 [Data from: [w]] 
1619626381595 [log_latest_command] [[ b y t e a r r a y ( b ' \ x a a \ x f f \ x a 2 \ x 8 8 \ x 1 3 \ x 8 8 \ x 1 3 \ x f e n \ n \ r ' ) ]] 
1619626381595 [Data from: [w]] 
1619626387630 [log_latest_command] [[ b y t e a r r a y ( b ' \ x a a \ x f f \ x a 2 \ x 8 8 \ x 1 3 \ x 8 8 \ x 1 3 \ x f e n \ n \ r ' ) ]] 
1619626387630 [Data from: [w]] 
1619626393666 [log_latest_command] [[ b y t e a r r a y ( b ' \ x a a \ x f f \ x a 2 \ x 8 8 \ x 1 3 \ x 8 8 \ x 1 3 \ x f e n \ n \ r ' ) ]] 
1619626393666 [Data from: [w]] 
1619626399701 [log_latest_command] [[ b y t e a r r a y ( b ' \ x a a \ x f f \ x a 2 \ x 8 8 \ x 1 3 \ x 8 8 \ x 1 3 \ x f e n \ n \ r ' ) ]] 
1619626399701 [Data from: [w]] 
1619626405736 [log_latest_command] [[ b y t e a r r a y ( b ' \ x a a \ x f f \ x a 2 \ x 8 8 \ x 1 3 \ x 8 8 \ x 1 3 \ x f e n \ n \ r ' ) ]] 
1619626405736 [Data from: [w]] 
1619626411773 [log_latest_command] [[ b y t e a r r a y ( b ' \ x a a \ x f f \ x a 2 \ x 8 8 \ x 1 3 \ x 8 8 \ x 1 3 \ x f e n \ n \ r ' ) ]] 
1619626411773 [Data from: [w]] 
1619626417808 [log_latest_command] [[ b y t e a r r a y ( b ' \ x a a \ x f f \ x a 2 \ x 8 8 \ x 1 3 \ x 8 8 \ x 1 3 \ x f e n \ n \ r ' ) ]] 
1619626417808 [Data from: [w]] 
1619626423844 [log_latest_command] [[ b y t e a r r a y ( b ' \ x a a \ x f f \ x a 2 \ x 8 8 \ x 1 3 \ x 8 8 \ x 1 3 \ x f e n \ n \ r ' ) ]] 
1619626423844 [Data from: [w]] 
1619626429881 [log_latest_command] [[ b y t e a r r a y ( b ' \ x a a \ x f f \ x a 2 \ x 8 8 \ x 1 3 \ x 8 8 \ x 1 3 \ x f e n \ n \ r ' ) ]] 
1619626429881 [Data from: [w]] 
1619626435918 [log_latest_command] [[ b y t e a r r a y ( b ' \ x a a \ x f f \ x a 2 \ x 8 8 \ x 1 3 \ x 8 8 \ x 1 3 \ x f e n \ n \ r ' ) ]] 
1619626435918 [Data from: [w]] 
1619626441953 [log_latest_command] [[ b y t e a r r a y ( b ' \ x a a \ x f f \ x a 2 \ x 8 8 \ x 1 3 \ x 8 8 \ x 1 3 \ x f e n \ n \ r ' ) ]] 
1619626441953 [Data from: [ ]] 
1619626442680 [log_latest_command] [[ b y t e a r r a y ( b ' \ x a a \ x f f \ x a 5 \ x f f \ x a 9 \ n \ r ' ) ]] 
1619626442680 [Data from: [w]] 
1619626448217 [log_latest_command] [[ b y t e a r r a y ( b ' \ x a a \ x f f \ x a 2 \ x 8 8 \ x 1 3 \ x 8 8 \ x 1 3 \ x f e n \ n \ r ' ) ]] 
1619626448217 [Data from: [w]] 
