1621659879050 [Opening serial port: /dev/ttyTHS1.] 
1621659879356 [The robot is connected to ] [/dev/ttyTHS1] 
1621659879356 [Initial robot's topic...] 
1621659879362 [Start initializing navigation] 
1621659879362 [Start initializing navigation topic] 
1621659879399 [Initialization navigation topic finished] 
1621659879410 [Initialization navigation finished] 
1621659879511 [Update odom] 
1621659879528 [vx:0.0 vy:0.0 yaw:0.0] 
1621659879611 [Update odom] 
1621659879623 [vx:0.0 vy:0.0 yaw:0.0] 
1621659879711 [Update odom] 
1621659879723 [vx:0.0 vy:0.0 yaw:0.0] 
1621659879811 [Update odom] 
1621659879823 [vx:0.0 vy:0.0 yaw:0.0] 
1621659879911 [Update odom] 
1621659879924 [vx:0.0 vy:0.0 yaw:0.0] 
1621659880011 [Update odom] 
1621659880023 [vx:0.0 vy:0.0 yaw:0.0] 
1621659880111 [Update odom] 
1621659880123 [vx:0.0 vy:0.0 yaw:0.0] 
1621659880211 [Update odom] 
1621659880223 [vx:0.0 vy:0.0 yaw:0.0] 
1621659880311 [Update odom] 
1621659880324 [vx:0.0 vy:0.0 yaw:0.0] 
1621659880411 [Update odom] 
1621659880423 [vx:0.0 vy:0.0 yaw:0.0] 
1621659880511 [Update odom] 
1621659880524 [vx:0.0 vy:0.0 yaw:0.0] 
1621659880611 [Update odom] 
1621659880623 [vx:0.0 vy:0.0 yaw:0.0] 
1621659880711 [Update odom] 
1621659880723 [vx:0.0 vy:0.0 yaw:0.0] 
1621659880811 [Update odom] 
1621659880823 [vx:0.0 vy:0.0 yaw:0.0] 
1621659880911 [Update odom] 
1621659880924 [vx:0.0 vy:0.0 yaw:0.0] 
1621659881011 [Update odom] 
1621659881023 [vx:0.0 vy:0.0 yaw:0.0] 
1621659881111 [Update odom] 
1621659881124 [vx:0.0 vy:0.0 yaw:0.0] 
1621659881211 [Update odom] 
1621659881223 [vx:0.0 vy:0.0 yaw:0.0] 
1621659881311 [Update odom] 
1621659881323 [vx:0.0 vy:0.0 yaw:0.0] 
1621659881411 [Update odom] 
1621659881423 [vx:0.0 vy:0.0 yaw:0.0] 
1621659881511 [Update odom] 
1621659881523 [vx:0.0 vy:0.0 yaw:0.0] 
1621659881611 [Update odom] 
1621659881623 [vx:0.0 vy:0.0 yaw:0.0] 
1621659881711 [Update odom] 
1621659881723 [vx:0.0 vy:0.0 yaw:0.0] 
1621659881811 [Update odom] 
1621659881823 [vx:0.0 vy:0.0 yaw:0.0] 
1621659881911 [Update odom] 
1621659881923 [vx:0.0 vy:0.0 yaw:0.0] 
1621659882011 [Update odom] 
1621659882023 [vx:0.0 vy:0.0 yaw:0.0] 
1621659882111 [Update odom] 
1621659882123 [vx:0.0 vy:0.0 yaw:0.0] 
1621659882211 [Update odom] 
1621659882224 [vx:0.0 vy:0.0 yaw:0.0] 
1621659882311 [Update odom] 
1621659882323 [vx:0.0 vy:0.0 yaw:0.0] 
1621659882411 [Update odom] 
1621659882424 [vx:0.0 vy:0.0 yaw:0.0] 
1621659882511 [Update odom] 
1621659882523 [vx:0.0 vy:0.0 yaw:0.0] 
1621659882586 [log_latest_command] [[ b y t e a r r a y ( b ' \ x a a \ x f f \ x a 0 \ x 0 2 I \ x 0 f \ x 0 e ' ) ]] 
1621659882611 [Update odom] 
1621659882623 [vx:0.0 vy:0.0 yaw:0.0] 
1621659882711 [Update odom] 
1621659882723 [vx:0.0 vy:0.0 yaw:0.0] 
1621659882811 [Update odom] 
1621659882824 [vx:0.0 vy:0.0 yaw:0.0] 
1621659882911 [Update odom] 
1621659882923 [vx:0.0 vy:0.0 yaw:0.0] 
1621659883011 [Update odom] 
1621659883023 [vx:0.0 vy:0.0 yaw:0.0] 
1621659883111 [Update odom] 
1621659883123 [vx:0.0 vy:0.0 yaw:0.0] 
1621659883211 [Update odom] 
1621659883224 [vx:0.0 vy:0.0 yaw:0.0] 
1621659883311 [Update odom] 
1621659883323 [vx:0.0 vy:0.0 yaw:0.0] 
1621659883411 [Update odom] 
1621659883424 [vx:0.0 vy:0.0 yaw:0.0] 
1621659883511 [Update odom] 
1621659883523 [vx:0.0 vy:0.0 yaw:0.0] 
1621659883611 [Update odom] 
1621659883623 [vx:0.0 vy:0.0 yaw:0.0] 
1621659883711 [Update odom] 
1621659883723 [vx:0.0 vy:0.0 yaw:0.0] 
1621659883811 [Update odom] 
1621659883823 [vx:0.0 vy:0.0 yaw:0.0] 
1621659883890 [log_latest_command] [[ b y t e a r r a y ( b ' \ x a a \ x f f \ x a 0 \ x 0 2 I \ x 0 f \ x 0 e ' ) ]] 
1621659883918 [Update odom] 
1621659883928 [vx:0.0 vy:0.0 yaw:0.0] 
1621659884011 [Update odom] 
1621659884023 [vx:0.0 vy:0.0 yaw:0.0] 
1621659884111 [Update odom] 
1621659884124 [vx:0.0 vy:0.0 yaw:0.0] 
1621659884211 [Update odom] 
1621659884224 [vx:0.0 vy:0.0 yaw:0.0] 
1621659884311 [Update odom] 
1621659884324 [vx:0.0 vy:0.0 yaw:0.0] 
1621659884411 [Update odom] 
1621659884424 [vx:0.0 vy:0.0 yaw:0.0] 
1621659884450 [log_latest_command] [[ b y t e a r r a y ( b ' \ x a a \ x f f \ x a 0 \ x 0 2 I \ x 0 f \ x 0 e ' ) ]] 
1621659884511 [Update odom] 
1621659884524 [vx:0.0 vy:0.0 yaw:0.0] 
1621659884611 [Update odom] 
1621659884623 [vx:0.0 vy:0.0 yaw:0.0] 
1621659884711 [Update odom] 
1621659884723 [vx:0.0 vy:0.0 yaw:0.0] 
1621659884811 [Update odom] 
1621659884823 [vx:0.0 vy:0.0 yaw:0.0] 
1621659884911 [Update odom] 
1621659884923 [vx:0.0 vy:0.0 yaw:0.0] 
1621659885011 [Update odom] 
1621659885024 [vx:0.0 vy:0.0 yaw:0.0] 
1621659885111 [Update odom] 
1621659885123 [vx:0.0 vy:0.0 yaw:0.0] 
1621659885211 [Update odom] 
1621659885223 [vx:0.0 vy:0.0 yaw:0.0] 
1621659885311 [Update odom] 
1621659885324 [vx:0.0 vy:0.0 yaw:0.0] 
1621659885398 [log_latest_command] [[ b y t e a r r a y ( b ' \ x a a \ x f f \ x a 0 \ x 0 2 I \ x 0 f \ x 0 e ' ) ]] 
1621659885411 [Update odom] 
1621659885424 [vx:0.0 vy:0.0 yaw:0.0] 
1621659885511 [Update odom] 
1621659885524 [vx:0.0 vy:0.0 yaw:0.0] 
1621659885611 [Update odom] 
1621659885623 [vx:0.0 vy:0.0 yaw:0.0] 
1621659885711 [Update odom] 
1621659885724 [vx:0.0 vy:0.0 yaw:0.0] 
1621659885811 [Update odom] 
1621659885828 [vx:0.0 vy:0.0 yaw:0.0] 
1621659885911 [Update odom] 
1621659885923 [vx:0.0 vy:0.0 yaw:0.0] 
1621659886011 [Update odom] 
1621659886023 [vx:0.0 vy:0.0 yaw:0.0] 
1621659886113 [Update odom] 
1621659886124 [vx:0.0 vy:0.0 yaw:0.0] 
1621659886211 [Update odom] 
1621659886223 [vx:0.0 vy:0.0 yaw:0.0] 
1621659886311 [Update odom] 
1621659886323 [vx:0.0 vy:0.0 yaw:0.0] 
1621659886386 [log_latest_command] [[ b y t e a r r a y ( b ' \ x a a \ x f f \ x a 0 \ x 0 2 I \ x 0 f \ x 0 e ' ) ]] 
1621659886411 [Update odom] 
1621659886428 [vx:0.0 vy:0.0 yaw:0.0] 
1621659886511 [Update odom] 
1621659886523 [vx:0.0 vy:0.0 yaw:0.0] 
1621659886611 [Update odom] 
1621659886623 [vx:0.0 vy:0.0 yaw:0.0] 
1621659886711 [Update odom] 
1621659886725 [vx:0.0 vy:0.0 yaw:0.0] 
1621659886811 [Update odom] 
1621659886823 [vx:0.0 vy:0.0 yaw:0.0] 
1621659886911 [Update odom] 
1621659886923 [vx:0.0 vy:0.0 yaw:0.0] 
1621659887011 [Update odom] 
1621659887023 [vx:0.0 vy:0.0 yaw:0.0] 
1621659887111 [Update odom] 
1621659887123 [vx:0.0 vy:0.0 yaw:0.0] 
1621659887206 [log_latest_command] [[ b y t e a r r a y ( b ' \ x a a \ x f f \ x a 0 \ x 0 2 I \ x 0 f \ x 0 e ' ) ]] 
1621659887220 [Update odom] 
1621659887232 [vx:0.0 vy:0.0 yaw:0.0] 
1621659887311 [Update odom] 
1621659887323 [vx:0.0 vy:0.0 yaw:0.0] 
1621659887411 [Update odom] 
1621659887423 [vx:0.0 vy:0.0 yaw:0.0] 
1621659887511 [Update odom] 
1621659887523 [vx:0.0 vy:0.0 yaw:0.0] 
1621659887611 [Update odom] 
1621659887623 [vx:0.0 vy:0.0 yaw:0.0] 
1621659887711 [Update odom] 
1621659887723 [vx:0.0 vy:0.0 yaw:0.0] 
1621659887811 [Update odom] 
1621659887823 [vx:0.0 vy:0.0 yaw:0.0] 
1621659887911 [Update odom] 
1621659887923 [vx:0.0 vy:0.0 yaw:0.0] 
1621659888011 [Update odom] 
1621659888024 [vx:0.0 vy:0.0 yaw:0.0] 
1621659888107 [log_latest_command] [[ b y t e a r r a y ( b ' \ x a a \ x f f \ x a 0 \ x 0 2 I \ x 0 f \ x 0 e ' ) ]] 
1621659888119 [Update odom] 
1621659888134 [vx:0.0 vy:0.0 yaw:0.0] 
1621659888211 [Update odom] 
1621659888223 [vx:0.0 vy:0.0 yaw:0.0] 
1621659888311 [Update odom] 
1621659888323 [vx:0.0 vy:0.0 yaw:0.0] 
1621659888411 [Update odom] 
1621659888423 [vx:0.0 vy:0.0 yaw:0.0] 
1621659888511 [Update odom] 
1621659888523 [vx:0.0 vy:0.0 yaw:0.0] 
1621659888611 [Update odom] 
1621659888623 [vx:0.0 vy:0.0 yaw:0.0] 
1621659888711 [Update odom] 
1621659888723 [vx:0.0 vy:0.0 yaw:0.0] 
1621659888811 [Update odom] 
1621659888823 [vx:0.0 vy:0.0 yaw:0.0] 
1621659888918 [log_latest_command] [[ b y t e a r r a y ( b ' \ x a a \ x f f \ x a 0 \ x 0 2 I \ x 0 f \ x 0 e ' ) ]] 
1621659888919 [Update odom] 
1621659888932 [vx:0.008 vy:0.0 yaw:0.0] 
1621659889011 [Update odom] 
1621659889023 [vx:0.0 vy:0.0 yaw:0.0] 
1621659889111 [Update odom] 
1621659889123 [vx:0.0 vy:0.0 yaw:0.0] 
1621659889211 [Update odom] 
1621659889224 [vx:0.0 vy:0.0 yaw:0.0] 
1621659889311 [Update odom] 
1621659889323 [vx:0.0 vy:0.0 yaw:0.0] 
1621659889411 [Update odom] 
1621659889424 [vx:0.0 vy:0.0 yaw:0.0] 
1621659889511 [Update odom] 
1621659889524 [vx:0.0 vy:0.0 yaw:0.0] 
1621659889611 [Update odom] 
1621659889624 [vx:0.0 vy:0.0 yaw:0.0] 
1621659889695 [log_latest_command] [[ b y t e a r r a y ( b ' \ x a a \ x f f \ x a 0 \ x 0 2 I \ x 0 f \ x 0 e ' ) ]] 
1621659889720 [Update odom] 
1621659889742 [vx:0.0 vy:0.0 yaw:0.0] 
1621659889811 [Update odom] 
1621659889824 [vx:0.0 vy:0.0 yaw:0.0] 
1621659889911 [Update odom] 
1621659889923 [vx:0.0 vy:0.0 yaw:0.0] 
1621659890011 [Update odom] 
1621659890023 [vx:0.0 vy:0.0 yaw:0.0] 
1621659890111 [Update odom] 
1621659890123 [vx:0.0 vy:0.0 yaw:0.0] 
1621659890211 [Update odom] 
1621659890223 [vx:0.0 vy:0.0 yaw:0.0] 
1621659890311 [Update odom] 
1621659890325 [vx:0.0 vy:0.0 yaw:0.0] 
1621659890411 [Update odom] 
1621659890423 [vx:0.0 vy:0.0 yaw:0.0] 
1621659890511 [Update odom] 
1621659890534 [log_latest_command] [[ b y t e a r r a y ( b ' \ x a a \ x f f \ x a 0 \ x 0 2 I \ x 0 f \ x 0 e ' ) ]] 
1621659890548 [vx:0.0 vy:0.0 yaw:0.0] 
1621659890611 [Update odom] 
1621659890623 [vx:0.0 vy:0.0 yaw:0.0] 
1621659890711 [Update odom] 
1621659890723 [vx:0.0 vy:0.0 yaw:0.0] 
1621659890811 [Update odom] 
1621659890823 [vx:0.0 vy:0.0 yaw:0.0] 
1621659890915 [Update odom] 
1621659890927 [vx:0.0 vy:0.0 yaw:0.0] 
1621659891011 [Update odom] 
1621659891024 [vx:0.0 vy:0.0 yaw:0.0] 
1621659891111 [Update odom] 
1621659891124 [vx:0.0 vy:0.0 yaw:0.0] 
1621659891204 [log_latest_command] [[ b y t e a r r a y ( b ' \ x a a \ x f f \ x a 0 \ x 0 2 I \ x 0 f \ x 0 e ' ) ]] 
1621659891240 [Update odom] 
1621659891252 [vx:0.0 vy:0.0 yaw:0.0] 
1621659891311 [Update odom] 
1621659891323 [vx:0.0 vy:0.0 yaw:0.0] 
1621659891411 [Update odom] 
1621659891423 [vx:0.0 vy:0.0 yaw:0.0] 
1621659891511 [Update odom] 
1621659891523 [vx:0.0 vy:0.0 yaw:0.0] 
1621659891611 [Update odom] 
1621659891628 [vx:0.0 vy:0.0 yaw:0.0] 
1621659891719 [log_latest_command] [[ b y t e a r r a y ( b ' \ x a a \ x f f \ x a 0 \ x 0 2 I \ x 0 f \ x 0 e ' ) ]] 
1621659891732 [Update odom] 
1621659891747 [vx:0.0 vy:0.0 yaw:0.0] 
1621659891811 [Update odom] 
1621659891823 [vx:0.0 vy:0.0 yaw:0.0] 
1621659891911 [Update odom] 
1621659891923 [vx:0.0 vy:0.0 yaw:0.0] 
1621659892011 [Update odom] 
1621659892024 [vx:0.0 vy:0.0 yaw:0.0] 
1621659892111 [Update odom] 
1621659892123 [vx:0.0 vy:0.0 yaw:0.0] 
1621659892211 [Update odom] 
1621659892224 [vx:0.0 vy:0.0 yaw:0.0] 
1621659892315 [Update odom] 
1621659892328 [vx:0.0 vy:0.0 yaw:0.0] 
1621659892411 [Update odom] 
1621659892424 [vx:0.0 vy:0.0 yaw:0.0] 
1621659892511 [Update odom] 
1621659892523 [vx:0.0 vy:0.0 yaw:0.0] 
1621659892591 [log_latest_command] [[ b y t e a r r a y ( b ' \ x a a \ x f f \ x a 0 \ x 0 2 I \ x 0 f \ x 0 e ' ) ]] 
1621659892627 [Update odom] 
1621659892640 [vx:0.0 vy:0.0 yaw:0.0] 
1621659892711 [Update odom] 
1621659892724 [vx:0.0 vy:0.0 yaw:0.0] 
1621659892811 [Update odom] 
1621659892824 [vx:0.0 vy:0.0 yaw:0.0] 
1621659892911 [Update odom] 
1621659892923 [vx:0.0 vy:0.0 yaw:0.0] 
1621659893011 [Update odom] 
1621659893023 [vx:0.0 vy:0.0 yaw:0.0] 
1621659893111 [Update odom] 
1621659893123 [vx:0.0 vy:0.0 yaw:0.0] 
1621659893211 [Update odom] 
1621659893224 [vx:0.0 vy:0.0 yaw:0.0] 
1621659893311 [Update odom] 
1621659893323 [vx:0.0 vy:0.0 yaw:0.0] 
1621659893423 [Update odom] 
1621659893435 [log_latest_command] [[ b y t e a r r a y ( b ' \ x a a \ x f f \ x a 0 \ x 0 2 I \ x 0 f \ x 0 e ' ) ]] 
1621659893460 [vx:0.0 vy:0.0 yaw:0.0] 
1621659893511 [Update odom] 
1621659893524 [vx:0.0 vy:0.0 yaw:0.0] 
1621659893611 [Update odom] 
1621659893623 [vx:0.0 vy:0.0 yaw:0.0] 
1621659893711 [Update odom] 
1621659893723 [vx:0.0 vy:0.0 yaw:0.0] 
1621659893811 [Update odom] 
1621659893823 [vx:0.0 vy:0.0 yaw:0.0] 
1621659893911 [Update odom] 
1621659893924 [vx:0.0 vy:0.0 yaw:0.0] 
1621659894011 [Update odom] 
1621659894024 [vx:0.0 vy:0.0 yaw:0.0] 
1621659894111 [Update odom] 
1621659894124 [vx:0.0 vy:0.0 yaw:0.0] 
1621659894211 [Update odom] 
1621659894224 [vx:0.0 vy:0.0 yaw:0.0] 
1621659894311 [Update odom] 
1621659894324 [vx:0.0 vy:0.0 yaw:0.0] 
1621659894411 [Update odom] 
1621659894424 [vx:0.0 vy:0.0 yaw:0.0] 
1621659894511 [Update odom] 
1621659894524 [vx:0.0 vy:0.0 yaw:0.0] 
1621659894611 [Update odom] 
1621659894624 [vx:0.0 vy:0.0 yaw:0.0] 
1621659894711 [Update odom] 
1621659894723 [vx:0.0 vy:0.0 yaw:0.0] 
1621659894811 [Update odom] 
1621659894823 [vx:0.0 vy:0.0 yaw:0.0] 
1621659894911 [Update odom] 
1621659894923 [vx:0.0 vy:0.0 yaw:0.0] 
1621659895011 [Update odom] 
1621659895023 [vx:0.0 vy:0.0 yaw:0.0] 
1621659895111 [Update odom] 
1621659895123 [vx:0.0 vy:0.0 yaw:0.0] 
1621659895211 [Update odom] 
1621659895224 [vx:0.0 vy:0.0 yaw:0.0] 
1621659895311 [Update odom] 
1621659895324 [vx:0.0 vy:0.0 yaw:0.0] 
1621659895411 [Update odom] 
1621659895423 [vx:0.0 vy:0.0 yaw:0.0] 
1621659895511 [Update odom] 
1621659895523 [vx:0.0 vy:0.0 yaw:0.0] 
1621659895611 [Update odom] 
1621659895623 [vx:0.0 vy:0.0 yaw:0.0] 
1621659895711 [Update odom] 
1621659895723 [vx:0.0 vy:0.0 yaw:0.0] 
1621659895811 [Update odom] 
1621659895824 [vx:0.0 vy:0.0 yaw:0.0] 
1621659895911 [Update odom] 
1621659895924 [vx:0.0 vy:0.0 yaw:0.0] 
1621659896011 [Update odom] 
1621659896023 [vx:0.0 vy:0.0 yaw:0.0] 
1621659896111 [Update odom] 
1621659896123 [vx:0.0 vy:0.0 yaw:0.0] 
1621659896211 [Update odom] 
1621659896224 [vx:0.0 vy:0.0 yaw:0.0] 
1621659896311 [Update odom] 
1621659896323 [vx:0.0 vy:0.0 yaw:0.0] 
1621659896411 [Update odom] 
1621659896424 [vx:0.0 vy:0.0 yaw:0.0] 
1621659896511 [Update odom] 
1621659896524 [vx:0.0 vy:0.0 yaw:0.0] 
1621659896611 [Update odom] 
1621659896623 [vx:0.0 vy:0.0 yaw:0.0] 
1621659896711 [Update odom] 
1621659896723 [vx:0.0 vy:0.0 yaw:0.0] 
1621659896811 [Update odom] 
1621659896823 [vx:0.0 vy:0.0 yaw:0.0] 
1621659896911 [Update odom] 
1621659896923 [vx:0.0 vy:0.0 yaw:0.0] 
1621659897011 [Update odom] 
1621659897024 [vx:0.0 vy:0.0 yaw:0.0] 
1621659897111 [Update odom] 
1621659897123 [vx:0.0 vy:0.0 yaw:0.0] 
1621659897211 [Update odom] 
1621659897223 [vx:0.0 vy:0.0 yaw:0.0] 
1621659897311 [Update odom] 
1621659897324 [vx:0.0 vy:0.0 yaw:0.0] 
1621659897411 [Update odom] 
1621659897423 [vx:0.0 vy:0.0 yaw:0.0] 
1621659897511 [Update odom] 
1621659897523 [vx:0.0 vy:0.0 yaw:0.0] 
1621659897611 [Update odom] 
1621659897623 [vx:0.0 vy:0.0 yaw:0.0] 
1621659897711 [Update odom] 
1621659897723 [vx:0.0 vy:0.0 yaw:0.0] 
1621659897811 [Update odom] 
1621659897823 [vx:0.0 vy:0.0 yaw:0.0] 
1621659897911 [Update odom] 
1621659897924 [vx:0.0 vy:0.0 yaw:0.0] 
