1621091101850 [Opening serial port: /dev/ttyTHS1.] 
1621091102155 [The robot is connected to ] [/dev/ttyTHS1] 
1621091102155 [Initial robot's topic...] 
1621091102162 [Start initializing navigation] 
1621091102162 [Start initializing navigation topic] 
1621091102194 [Initialization navigation topic finished] 
1621091102200 [Initialization navigation finished] 
1621091102301 [Update odom] 
1621091102334 [ROBOT STATUS: Rotating[False] Running[False] Stop[True]] 
1621091102334 [vx:0.0 vy:0.0 yaw:0.0] 
1621091102401 [Update odom] 
1621091102425 [ROBOT STATUS: Rotating[False] Running[False] Stop[True]] 
1621091102425 [vx:0.0 vy:0.0 yaw:0.0] 
1621091102501 [Update odom] 
1621091102522 [ROBOT STATUS: Rotating[False] Running[False] Stop[True]] 
1621091102522 [vx:0.0 vy:0.0 yaw:0.0] 
1621091102601 [Update odom] 
1621091102624 [ROBOT STATUS: Rotating[False] Running[False] Stop[True]] 
1621091102624 [vx:0.0 vy:0.0 yaw:0.0] 
1621091102701 [Update odom] 
1621091102728 [ROBOT STATUS: Rotating[False] Running[False] Stop[True]] 
1621091102728 [vx:0.0 vy:0.0 yaw:0.0] 
1621091102801 [Update odom] 
1621091102831 [ROBOT STATUS: Rotating[False] Running[False] Stop[True]] 
1621091102831 [vx:0.0 vy:0.0 yaw:0.0] 
1621091102901 [Update odom] 
1621091102923 [ROBOT STATUS: Rotating[False] Running[False] Stop[True]] 
1621091102923 [vx:0.0 vy:0.0 yaw:0.0] 
1621091103001 [Update odom] 
1621091103027 [ROBOT STATUS: Rotating[False] Running[False] Stop[True]] 
1621091103027 [vx:0.0 vy:0.0 yaw:0.0] 
1621091103101 [Update odom] 
1621091103120 [ROBOT STATUS: Rotating[False] Running[False] Stop[True]] 
1621091103120 [vx:0.0 vy:0.0 yaw:0.0] 
1621091103201 [Update odom] 
1621091103223 [ROBOT STATUS: Rotating[False] Running[False] Stop[True]] 
1621091103223 [vx:0.0 vy:0.0 yaw:0.0] 
1621091103303 [Update odom] 
1621091103324 [ROBOT STATUS: Rotating[False] Running[False] Stop[True]] 
1621091103324 [vx:0.0 vy:0.0 yaw:0.0] 
1621091103401 [Update odom] 
1621091103432 [ROBOT STATUS: Rotating[False] Running[False] Stop[True]] 
1621091103432 [vx:0.0 vy:0.0 yaw:0.0] 
1621091103501 [Update odom] 
1621091103531 [ROBOT STATUS: Rotating[False] Running[False] Stop[True]] 
1621091103531 [vx:0.0 vy:0.0 yaw:0.0] 
1621091103601 [Update odom] 
1621091103621 [ROBOT STATUS: Rotating[False] Running[False] Stop[True]] 
1621091103621 [vx:0.0 vy:0.0 yaw:0.0] 
1621091103701 [Update odom] 
1621091103720 [ROBOT STATUS: Rotating[False] Running[False] Stop[True]] 
1621091103720 [vx:0.0 vy:0.0 yaw:0.0] 
1621091103801 [Update odom] 
1621091103822 [ROBOT STATUS: Rotating[False] Running[False] Stop[True]] 
1621091103822 [vx:0.0 vy:0.0 yaw:0.0] 
1621091103901 [Update odom] 
1621091103920 [ROBOT STATUS: Rotating[False] Running[False] Stop[True]] 
1621091103920 [vx:0.0 vy:0.0 yaw:0.0] 
1621091104001 [Update odom] 
1621091104020 [ROBOT STATUS: Rotating[False] Running[False] Stop[True]] 
1621091104020 [vx:0.0 vy:0.0 yaw:0.0] 
1621091104101 [Update odom] 
1621091104120 [ROBOT STATUS: Rotating[False] Running[False] Stop[True]] 
1621091104120 [vx:0.0 vy:0.0 yaw:0.0] 
1621091104201 [Update odom] 
1621091104220 [ROBOT STATUS: Rotating[False] Running[False] Stop[True]] 
1621091104220 [vx:0.0 vy:0.0 yaw:0.0] 
1621091104301 [Update odom] 
1621091104320 [ROBOT STATUS: Rotating[False] Running[False] Stop[True]] 
1621091104320 [vx:0.0 vy:0.0 yaw:0.0] 
1621091104401 [Update odom] 
1621091104420 [ROBOT STATUS: Rotating[False] Running[False] Stop[True]] 
1621091104420 [vx:0.0 vy:0.0 yaw:0.0] 
1621091104501 [Update odom] 
1621091104521 [ROBOT STATUS: Rotating[False] Running[False] Stop[True]] 
1621091104521 [vx:0.0 vy:0.0 yaw:0.0] 
1621091104601 [Update odom] 
1621091104625 [ROBOT STATUS: Rotating[False] Running[False] Stop[True]] 
1621091104625 [vx:0.0 vy:0.0 yaw:0.0] 
1621091104701 [Update odom] 
1621091104720 [ROBOT STATUS: Rotating[False] Running[False] Stop[True]] 
1621091104720 [vx:0.0 vy:0.0 yaw:0.0] 
1621091104802 [Update odom] 
1621091104820 [ROBOT STATUS: Rotating[False] Running[False] Stop[True]] 
1621091104820 [vx:0.0 vy:0.0 yaw:0.0] 
1621091104913 [Update odom] 
1621091104934 [ROBOT STATUS: Rotating[False] Running[False] Stop[True]] 
1621091104934 [vx:0.0 vy:0.0 yaw:0.0] 
1621091105001 [Update odom] 
1621091105023 [ROBOT STATUS: Rotating[False] Running[False] Stop[True]] 
1621091105023 [vx:0.0 vy:0.0 yaw:0.0] 
1621091105101 [Update odom] 
1621091105123 [ROBOT STATUS: Rotating[False] Running[False] Stop[True]] 
1621091105123 [vx:0.0 vy:0.0 yaw:0.0] 
1621091105203 [Update odom] 
1621091105220 [ROBOT STATUS: Rotating[False] Running[False] Stop[True]] 
1621091105220 [vx:0.0 vy:0.0 yaw:0.0] 
1621091105301 [Update odom] 
1621091105325 [ROBOT STATUS: Rotating[False] Running[False] Stop[True]] 
1621091105325 [vx:0.0 vy:0.0 yaw:0.0] 
1621091105401 [Update odom] 
1621091105422 [ROBOT STATUS: Rotating[False] Running[False] Stop[True]] 
1621091105422 [vx:0.0 vy:0.0 yaw:0.0] 
1621091105501 [Update odom] 
1621091105520 [ROBOT STATUS: Rotating[False] Running[False] Stop[True]] 
1621091105520 [vx:0.0 vy:0.0 yaw:0.0] 
1621091105602 [Update odom] 
1621091105625 [ROBOT STATUS: Rotating[False] Running[False] Stop[True]] 
1621091105625 [vx:0.0 vy:0.0 yaw:0.0] 
1621091105701 [Update odom] 
1621091105720 [ROBOT STATUS: Rotating[False] Running[False] Stop[True]] 
1621091105720 [vx:0.0 vy:0.0 yaw:0.0] 
1621091105801 [Update odom] 
1621091105821 [ROBOT STATUS: Rotating[False] Running[False] Stop[True]] 
1621091105821 [vx:0.0 vy:0.0 yaw:0.0] 
1621091105902 [Update odom] 
1621091105920 [ROBOT STATUS: Rotating[False] Running[False] Stop[True]] 
1621091105921 [vx:0.0 vy:0.0 yaw:0.0] 
1621091106001 [Update odom] 
1621091106023 [ROBOT STATUS: Rotating[False] Running[False] Stop[True]] 
1621091106023 [vx:0.0 vy:0.0 yaw:0.0] 
1621091106101 [Update odom] 
1621091106120 [ROBOT STATUS: Rotating[False] Running[False] Stop[True]] 
1621091106120 [vx:0.0 vy:0.0 yaw:0.0] 
1621091106201 [Update odom] 
1621091106220 [ROBOT STATUS: Rotating[False] Running[False] Stop[True]] 
1621091106220 [vx:0.0 vy:0.0 yaw:0.0] 
1621091106301 [Update odom] 
1621091106321 [ROBOT STATUS: Rotating[False] Running[False] Stop[True]] 
1621091106321 [vx:0.0 vy:0.0 yaw:0.0] 
1621091106401 [Update odom] 
1621091106422 [ROBOT STATUS: Rotating[False] Running[False] Stop[True]] 
1621091106422 [vx:0.0 vy:0.0 yaw:0.0] 
1621091106501 [Update odom] 
1621091106520 [ROBOT STATUS: Rotating[False] Running[False] Stop[True]] 
1621091106520 [vx:0.0 vy:0.0 yaw:0.0] 
1621091106601 [Update odom] 
1621091106624 [ROBOT STATUS: Rotating[False] Running[False] Stop[True]] 
1621091106624 [vx:0.0 vy:0.0 yaw:0.0] 
1621091106701 [Update odom] 
1621091106725 [ROBOT STATUS: Rotating[False] Running[False] Stop[True]] 
1621091106725 [vx:0.0 vy:0.0 yaw:0.0] 
1621091106801 [Update odom] 
1621091106824 [ROBOT STATUS: Rotating[False] Running[False] Stop[True]] 
1621091106824 [vx:0.0 vy:0.0 yaw:0.0] 
1621091106901 [Update odom] 
1621091106920 [ROBOT STATUS: Rotating[False] Running[False] Stop[True]] 
1621091106920 [vx:0.0 vy:0.0 yaw:0.0] 
1621091107001 [Update odom] 
1621091107027 [ROBOT STATUS: Rotating[False] Running[False] Stop[True]] 
1621091107028 [vx:0.0 vy:0.0 yaw:0.0] 
1621091107101 [Update odom] 
1621091107122 [ROBOT STATUS: Rotating[False] Running[False] Stop[True]] 
1621091107122 [vx:0.0 vy:0.0 yaw:0.0] 
1621091107201 [Update odom] 
1621091107220 [ROBOT STATUS: Rotating[False] Running[False] Stop[True]] 
1621091107220 [vx:0.0 vy:0.0 yaw:0.0] 
1621091107301 [Update odom] 
1621091107324 [ROBOT STATUS: Rotating[False] Running[False] Stop[True]] 
1621091107324 [vx:0.0 vy:0.0 yaw:0.0] 
1621091107401 [Update odom] 
1621091107420 [ROBOT STATUS: Rotating[False] Running[False] Stop[True]] 
1621091107420 [vx:0.0 vy:0.0 yaw:0.0] 
1621091107503 [Update odom] 
1621091107524 [ROBOT STATUS: Rotating[False] Running[False] Stop[True]] 
1621091107524 [vx:0.0 vy:0.0 yaw:0.0] 
1621091107601 [Update odom] 
1621091107633 [ROBOT STATUS: Rotating[False] Running[False] Stop[True]] 
1621091107633 [vx:0.0 vy:0.0 yaw:0.0] 
1621091107701 [Update odom] 
1621091107720 [ROBOT STATUS: Rotating[False] Running[False] Stop[True]] 
1621091107720 [vx:0.0 vy:0.0 yaw:0.0] 
1621091107801 [Update odom] 
1621091107821 [ROBOT STATUS: Rotating[False] Running[False] Stop[True]] 
1621091107821 [vx:0.0 vy:0.0 yaw:0.0] 
1621091107901 [Update odom] 
1621091107920 [ROBOT STATUS: Rotating[False] Running[False] Stop[True]] 
1621091107920 [vx:0.0 vy:0.0 yaw:0.0] 
1621091108001 [Update odom] 
1621091108023 [ROBOT STATUS: Rotating[False] Running[False] Stop[True]] 
1621091108023 [vx:0.0 vy:0.0 yaw:0.0] 
1621091108108 [Update odom] 
1621091108132 [ROBOT STATUS: Rotating[False] Running[False] Stop[True]] 
1621091108132 [vx:0.0 vy:0.0 yaw:0.0] 
1621091108201 [Update odom] 
1621091108220 [ROBOT STATUS: Rotating[False] Running[False] Stop[True]] 
1621091108220 [vx:0.0 vy:0.0 yaw:0.0] 
1621091108301 [Update odom] 
1621091108320 [ROBOT STATUS: Rotating[False] Running[False] Stop[True]] 
1621091108320 [vx:0.0 vy:0.0 yaw:0.0] 
1621091108402 [Update odom] 
1621091108420 [ROBOT STATUS: Rotating[False] Running[False] Stop[True]] 
1621091108420 [vx:0.0 vy:0.0 yaw:0.0] 
1621091108503 [Update odom] 
1621091108521 [ROBOT STATUS: Rotating[False] Running[False] Stop[True]] 
1621091108521 [vx:0.0 vy:0.0 yaw:0.0] 
1621091108601 [Update odom] 
1621091108644 [ROBOT STATUS: Rotating[False] Running[False] Stop[True]] 
1621091108644 [vx:0.0 vy:0.0 yaw:0.0] 
1621091108701 [Update odom] 
1621091108727 [ROBOT STATUS: Rotating[False] Running[False] Stop[True]] 
1621091108727 [vx:0.0 vy:0.0 yaw:0.0] 
1621091108801 [Update odom] 
1621091108829 [ROBOT STATUS: Rotating[False] Running[False] Stop[True]] 
1621091108829 [vx:0.0 vy:0.0 yaw:0.0] 
1621091108905 [Update odom] 
1621091108924 [ROBOT STATUS: Rotating[False] Running[False] Stop[True]] 
1621091108924 [vx:0.0 vy:0.0 yaw:0.0] 
1621091109001 [Update odom] 
1621091109026 [ROBOT STATUS: Rotating[False] Running[False] Stop[True]] 
1621091109026 [vx:0.0 vy:0.0 yaw:0.0] 
1621091109101 [Update odom] 
1621091109132 [ROBOT STATUS: Rotating[False] Running[False] Stop[True]] 
1621091109132 [vx:0.0 vy:0.0 yaw:0.0] 
1621091109201 [Update odom] 
1621091109220 [ROBOT STATUS: Rotating[False] Running[False] Stop[True]] 
1621091109220 [vx:0.0 vy:0.0 yaw:0.0] 
1621091109302 [Update odom] 
1621091109321 [ROBOT STATUS: Rotating[False] Running[False] Stop[True]] 
1621091109321 [vx:0.0 vy:0.0 yaw:0.0] 
1621091109401 [Update odom] 
1621091109423 [ROBOT STATUS: Rotating[False] Running[False] Stop[True]] 
1621091109423 [vx:0.0 vy:0.0 yaw:0.0] 
1621091109503 [Update odom] 
1621091109520 [ROBOT STATUS: Rotating[False] Running[False] Stop[True]] 
1621091109520 [vx:0.0 vy:0.0 yaw:0.0] 
1621091109601 [Update odom] 
1621091109620 [ROBOT STATUS: Rotating[False] Running[False] Stop[True]] 
1621091109620 [vx:0.0 vy:0.0 yaw:0.0] 
1621091109701 [Update odom] 
1621091109724 [ROBOT STATUS: Rotating[False] Running[False] Stop[True]] 
1621091109724 [vx:0.0 vy:0.0 yaw:0.0] 
1621091109801 [Update odom] 
1621091109823 [ROBOT STATUS: Rotating[False] Running[False] Stop[True]] 
1621091109823 [vx:0.0 vy:0.0 yaw:0.0] 
1621091109901 [Update odom] 
1621091109922 [ROBOT STATUS: Rotating[False] Running[False] Stop[True]] 
1621091109922 [vx:0.0 vy:0.0 yaw:0.0] 
1621091110001 [Update odom] 
1621091110023 [ROBOT STATUS: Rotating[False] Running[False] Stop[True]] 
1621091110023 [vx:0.0 vy:0.0 yaw:0.0] 
1621091110101 [Update odom] 
1621091110120 [ROBOT STATUS: Rotating[False] Running[False] Stop[True]] 
1621091110120 [vx:0.0 vy:0.0 yaw:0.0] 
1621091110201 [Update odom] 
1621091110222 [ROBOT STATUS: Rotating[False] Running[False] Stop[True]] 
1621091110222 [vx:0.0 vy:0.0 yaw:0.0] 
1621091110304 [Update odom] 
1621091110323 [ROBOT STATUS: Rotating[False] Running[False] Stop[True]] 
1621091110323 [vx:0.0 vy:0.0 yaw:0.0] 
1621091110401 [Update odom] 
1621091110423 [ROBOT STATUS: Rotating[False] Running[False] Stop[True]] 
1621091110423 [vx:0.0 vy:0.0 yaw:0.0] 
1621091110501 [Update odom] 
1621091110520 [ROBOT STATUS: Rotating[False] Running[False] Stop[True]] 
1621091110520 [vx:0.0 vy:0.0 yaw:0.0] 
1621091110601 [Update odom] 
1621091110643 [ROBOT STATUS: Rotating[False] Running[False] Stop[True]] 
1621091110644 [vx:0.0 vy:0.0 yaw:0.0] 
1621091110708 [Update odom] 
1621091110730 [ROBOT STATUS: Rotating[False] Running[False] Stop[True]] 
1621091110730 [vx:0.0 vy:0.0 yaw:0.0] 
1621091110801 [Update odom] 
1621091110821 [ROBOT STATUS: Rotating[False] Running[False] Stop[True]] 
1621091110821 [vx:0.0 vy:0.0 yaw:0.0] 
1621091110901 [Update odom] 
1621091110920 [ROBOT STATUS: Rotating[False] Running[False] Stop[True]] 
1621091110921 [vx:0.0 vy:0.0 yaw:0.0] 
1621091111001 [Update odom] 
1621091111021 [ROBOT STATUS: Rotating[False] Running[False] Stop[True]] 
1621091111021 [vx:0.0 vy:0.0 yaw:0.0] 
1621091111101 [Update odom] 
1621091111125 [ROBOT STATUS: Rotating[False] Running[False] Stop[True]] 
1621091111125 [vx:0.0 vy:0.0 yaw:0.0] 
1621091111201 [Update odom] 
1621091111243 [ROBOT STATUS: Rotating[False] Running[False] Stop[True]] 
1621091111244 [vx:0.0 vy:0.0 yaw:0.0] 
1621091111301 [Update odom] 
1621091111332 [ROBOT STATUS: Rotating[False] Running[False] Stop[True]] 
1621091111332 [vx:0.0 vy:0.0 yaw:0.0] 
1621091111401 [Update odom] 
1621091111420 [ROBOT STATUS: Rotating[False] Running[False] Stop[True]] 
1621091111420 [vx:0.0 vy:0.0 yaw:0.0] 
1621091111501 [Update odom] 
1621091111525 [ROBOT STATUS: Rotating[False] Running[False] Stop[True]] 
1621091111525 [vx:0.0 vy:0.0 yaw:0.0] 
1621091111601 [Update odom] 
1621091111624 [ROBOT STATUS: Rotating[False] Running[False] Stop[True]] 
1621091111624 [vx:0.0 vy:0.0 yaw:0.0] 
1621091111701 [Update odom] 
1621091111721 [ROBOT STATUS: Rotating[False] Running[False] Stop[True]] 
1621091111721 [vx:0.0 vy:0.0 yaw:0.0] 
1621091111801 [Update odom] 
1621091111821 [ROBOT STATUS: Rotating[False] Running[False] Stop[True]] 
1621091111821 [vx:0.0 vy:0.0 yaw:0.0] 
1621091111901 [Update odom] 
1621091111932 [ROBOT STATUS: Rotating[False] Running[False] Stop[True]] 
1621091111932 [vx:0.0 vy:0.0 yaw:0.0] 
1621091112001 [Update odom] 
1621091112021 [ROBOT STATUS: Rotating[False] Running[False] Stop[True]] 
1621091112021 [vx:0.0 vy:0.0 yaw:0.0] 
1621091112101 [Update odom] 
1621091112121 [ROBOT STATUS: Rotating[False] Running[False] Stop[True]] 
1621091112121 [vx:0.0 vy:0.0 yaw:0.0] 
1621091112201 [Update odom] 
1621091112220 [ROBOT STATUS: Rotating[False] Running[False] Stop[True]] 
1621091112220 [vx:0.0 vy:0.0 yaw:0.0] 
1621091112301 [Update odom] 
1621091112323 [ROBOT STATUS: Rotating[False] Running[False] Stop[True]] 
1621091112323 [vx:0.0 vy:0.0 yaw:0.0] 
1621091112401 [Update odom] 
1621091112423 [ROBOT STATUS: Rotating[False] Running[False] Stop[True]] 
1621091112423 [vx:0.0 vy:0.0 yaw:0.0] 
1621091112501 [Update odom] 
1621091112526 [ROBOT STATUS: Rotating[False] Running[False] Stop[True]] 
1621091112526 [vx:0.0 vy:0.0 yaw:0.0] 
1621091112606 [Update odom] 
1621091112628 [ROBOT STATUS: Rotating[False] Running[False] Stop[True]] 
1621091112628 [vx:0.0 vy:0.0 yaw:0.0] 
1621091112701 [Update odom] 
1621091112734 [ROBOT STATUS: Rotating[False] Running[False] Stop[True]] 
1621091112735 [vx:0.0 vy:0.0 yaw:0.0] 
1621091112801 [Update odom] 
1621091112829 [ROBOT STATUS: Rotating[False] Running[False] Stop[True]] 
1621091112829 [vx:0.0 vy:0.0 yaw:0.0] 
1621091112901 [Update odom] 
1621091112926 [ROBOT STATUS: Rotating[False] Running[False] Stop[True]] 
1621091112926 [vx:0.0 vy:0.0 yaw:0.0] 
1621091113001 [Update odom] 
1621091113027 [ROBOT STATUS: Rotating[False] Running[False] Stop[True]] 
1621091113027 [vx:0.0 vy:0.0 yaw:0.0] 
1621091113101 [Update odom] 
1621091113126 [ROBOT STATUS: Rotating[False] Running[False] Stop[True]] 
1621091113126 [vx:0.0 vy:0.0 yaw:0.0] 
1621091113201 [Update odom] 
1621091113219 [ROBOT STATUS: Rotating[False] Running[False] Stop[True]] 
1621091113219 [vx:0.0 vy:0.0 yaw:0.0] 
1621091113301 [Update odom] 
1621091113323 [ROBOT STATUS: Rotating[False] Running[False] Stop[True]] 
1621091113323 [vx:0.0 vy:0.0 yaw:0.0] 
1621091113401 [Update odom] 
1621091113420 [ROBOT STATUS: Rotating[False] Running[False] Stop[True]] 
1621091113420 [vx:0.0 vy:0.0 yaw:0.0] 
1621091113501 [Update odom] 
1621091113520 [ROBOT STATUS: Rotating[False] Running[False] Stop[True]] 
1621091113520 [vx:0.0 vy:0.0 yaw:0.0] 
1621091113601 [Update odom] 
1621091113624 [ROBOT STATUS: Rotating[False] Running[False] Stop[True]] 
1621091113624 [vx:0.0 vy:0.0 yaw:0.0] 
1621091113702 [Update odom] 
1621091113725 [ROBOT STATUS: Rotating[False] Running[False] Stop[True]] 
1621091113725 [vx:0.0 vy:0.0 yaw:0.0] 
1621091113804 [Update odom] 
1621091113827 [ROBOT STATUS: Rotating[False] Running[False] Stop[True]] 
1621091113827 [vx:0.0 vy:0.0 yaw:0.0] 
1621091113901 [Update odom] 
1621091113925 [ROBOT STATUS: Rotating[False] Running[False] Stop[True]] 
1621091113925 [vx:0.0 vy:0.0 yaw:0.0] 
1621091114001 [Update odom] 
1621091114033 [ROBOT STATUS: Rotating[False] Running[False] Stop[True]] 
1621091114033 [vx:0.0 vy:0.0 yaw:0.0] 
1621091114101 [Update odom] 
1621091114124 [ROBOT STATUS: Rotating[False] Running[False] Stop[True]] 
1621091114124 [vx:0.0 vy:0.0 yaw:0.0] 
1621091114201 [Update odom] 
1621091114229 [ROBOT STATUS: Rotating[False] Running[False] Stop[True]] 
1621091114229 [vx:0.0 vy:0.0 yaw:0.0] 
1621091114301 [Update odom] 
1621091114325 [ROBOT STATUS: Rotating[False] Running[False] Stop[True]] 
1621091114325 [vx:0.0 vy:0.0 yaw:0.0] 
1621091114401 [Update odom] 
1621091114422 [ROBOT STATUS: Rotating[False] Running[False] Stop[True]] 
1621091114422 [vx:0.0 vy:0.0 yaw:0.0] 
1621091114507 [Update odom] 
1621091114527 [ROBOT STATUS: Rotating[False] Running[False] Stop[True]] 
1621091114527 [vx:0.0 vy:0.0 yaw:0.0] 
1621091114601 [Update odom] 
1621091114624 [ROBOT STATUS: Rotating[False] Running[False] Stop[True]] 
1621091114624 [vx:0.0 vy:0.0 yaw:0.0] 
1621091114701 [Update odom] 
1621091114733 [ROBOT STATUS: Rotating[False] Running[False] Stop[True]] 
1621091114733 [vx:0.0 vy:0.0 yaw:0.0] 
1621091114804 [Update odom] 
1621091114831 [ROBOT STATUS: Rotating[False] Running[False] Stop[True]] 
1621091114831 [vx:0.0 vy:0.0 yaw:0.0] 
1621091114901 [Update odom] 
1621091114921 [ROBOT STATUS: Rotating[False] Running[False] Stop[True]] 
1621091114921 [vx:0.0 vy:0.0 yaw:0.0] 
1621091115001 [Update odom] 
1621091115020 [ROBOT STATUS: Rotating[False] Running[False] Stop[True]] 
1621091115020 [vx:0.0 vy:0.0 yaw:0.0] 
1621091115101 [Update odom] 
1621091115120 [ROBOT STATUS: Rotating[False] Running[False] Stop[True]] 
1621091115120 [vx:0.0 vy:0.0 yaw:0.0] 
1621091115201 [Update odom] 
1621091115224 [ROBOT STATUS: Rotating[False] Running[False] Stop[True]] 
1621091115224 [vx:0.0 vy:0.0 yaw:0.0] 
1621091115301 [Update odom] 
1621091115338 [ROBOT STATUS: Rotating[False] Running[False] Stop[True]] 
1621091115338 [vx:0.0 vy:0.0 yaw:0.0] 
1621091115404 [Update odom] 
1621091115431 [ROBOT STATUS: Rotating[False] Running[False] Stop[True]] 
1621091115431 [vx:0.0 vy:0.0 yaw:0.0] 
1621091115501 [Update odom] 
1621091115526 [ROBOT STATUS: Rotating[False] Running[False] Stop[True]] 
1621091115526 [vx:0.0 vy:0.0 yaw:0.0] 
1621091115602 [Update odom] 
1621091115620 [ROBOT STATUS: Rotating[False] Running[False] Stop[True]] 
1621091115620 [vx:0.0 vy:0.0 yaw:0.0] 
1621091115701 [Update odom] 
1621091115724 [ROBOT STATUS: Rotating[False] Running[False] Stop[True]] 
1621091115724 [vx:0.0 vy:0.0 yaw:0.0] 
1621091115801 [Update odom] 
1621091115820 [ROBOT STATUS: Rotating[False] Running[False] Stop[True]] 
1621091115820 [vx:0.0 vy:0.0 yaw:0.0] 
1621091115901 [Update odom] 
1621091115925 [ROBOT STATUS: Rotating[False] Running[False] Stop[True]] 
1621091115925 [vx:0.0 vy:0.0 yaw:0.0] 
1621091116001 [Update odom] 
1621091116025 [ROBOT STATUS: Rotating[False] Running[False] Stop[True]] 
1621091116025 [vx:0.0 vy:0.0 yaw:0.0] 
1621091116101 [Update odom] 
1621091116122 [ROBOT STATUS: Rotating[False] Running[False] Stop[True]] 
1621091116122 [vx:0.0 vy:0.0 yaw:0.0] 
1621091116202 [Update odom] 
1621091116220 [ROBOT STATUS: Rotating[False] Running[False] Stop[True]] 
1621091116220 [vx:0.0 vy:0.0 yaw:0.0] 
1621091116301 [Update odom] 
1621091116320 [ROBOT STATUS: Rotating[False] Running[False] Stop[True]] 
1621091116320 [vx:0.0 vy:0.0 yaw:0.0] 
1621091116402 [Update odom] 
1621091116420 [ROBOT STATUS: Rotating[False] Running[False] Stop[True]] 
1621091116420 [vx:0.0 vy:0.0 yaw:0.0] 
1621091116501 [Update odom] 
1621091116520 [ROBOT STATUS: Rotating[False] Running[False] Stop[True]] 
1621091116520 [vx:0.0 vy:0.0 yaw:0.0] 
1621091116601 [Update odom] 
1621091116620 [ROBOT STATUS: Rotating[False] Running[False] Stop[True]] 
1621091116620 [vx:0.0 vy:0.0 yaw:0.0] 
1621091116701 [Update odom] 
1621091116720 [ROBOT STATUS: Rotating[False] Running[False] Stop[True]] 
1621091116720 [vx:0.0 vy:0.0 yaw:0.0] 
1621091116801 [Update odom] 
1621091116822 [ROBOT STATUS: Rotating[False] Running[False] Stop[True]] 
1621091116822 [vx:0.0 vy:0.0 yaw:0.0] 
1621091116901 [Update odom] 
1621091116920 [ROBOT STATUS: Rotating[False] Running[False] Stop[True]] 
1621091116920 [vx:0.0 vy:0.0 yaw:0.0] 
1621091117001 [Update odom] 
1621091117020 [ROBOT STATUS: Rotating[False] Running[False] Stop[True]] 
1621091117020 [vx:0.0 vy:0.0 yaw:0.0] 
1621091117101 [Update odom] 
1621091117120 [ROBOT STATUS: Rotating[False] Running[False] Stop[True]] 
1621091117120 [vx:0.0 vy:0.0 yaw:0.0] 
1621091117201 [Update odom] 
1621091117220 [ROBOT STATUS: Rotating[False] Running[False] Stop[True]] 
1621091117220 [vx:0.0 vy:0.0 yaw:0.0] 
1621091117301 [Update odom] 
1621091117321 [ROBOT STATUS: Rotating[False] Running[False] Stop[True]] 
1621091117321 [vx:0.0 vy:0.0 yaw:0.0] 
1621091117401 [Update odom] 
1621091117420 [ROBOT STATUS: Rotating[False] Running[False] Stop[True]] 
1621091117420 [vx:0.0 vy:0.0 yaw:0.0] 
1621091117501 [Update odom] 
1621091117520 [ROBOT STATUS: Rotating[False] Running[False] Stop[True]] 
1621091117520 [vx:0.0 vy:0.0 yaw:0.0] 
1621091117601 [Update odom] 
1621091117623 [ROBOT STATUS: Rotating[False] Running[False] Stop[True]] 
1621091117623 [vx:0.0 vy:0.0 yaw:0.0] 
1621091117701 [Update odom] 
1621091117720 [ROBOT STATUS: Rotating[False] Running[False] Stop[True]] 
1621091117720 [vx:0.0 vy:0.0 yaw:0.0] 
1621091117801 [Update odom] 
1621091117820 [ROBOT STATUS: Rotating[False] Running[False] Stop[True]] 
1621091117820 [vx:0.0 vy:0.0 yaw:0.0] 
1621091117901 [Update odom] 
1621091117920 [ROBOT STATUS: Rotating[False] Running[False] Stop[True]] 
1621091117920 [vx:0.0 vy:0.0 yaw:0.0] 
1621091118002 [Update odom] 
1621091118021 [ROBOT STATUS: Rotating[False] Running[False] Stop[True]] 
1621091118021 [vx:0.0 vy:0.0 yaw:0.0] 
1621091118101 [Update odom] 
1621091118141 [ROBOT STATUS: Rotating[False] Running[False] Stop[True]] 
1621091118141 [vx:0.0 vy:0.0 yaw:0.0] 
1621091118201 [Update odom] 
1621091118228 [ROBOT STATUS: Rotating[False] Running[False] Stop[True]] 
1621091118228 [vx:0.0 vy:0.0 yaw:0.0] 
1621091118301 [Update odom] 
1621091118322 [ROBOT STATUS: Rotating[False] Running[False] Stop[True]] 
1621091118322 [vx:0.0 vy:0.0 yaw:0.0] 
1621091118401 [Update odom] 
1621091118420 [ROBOT STATUS: Rotating[False] Running[False] Stop[True]] 
1621091118420 [vx:0.0 vy:0.0 yaw:0.0] 
1621091118501 [Update odom] 
1621091118528 [ROBOT STATUS: Rotating[False] Running[False] Stop[True]] 
1621091118528 [vx:0.0 vy:0.0 yaw:0.0] 
1621091118602 [Update odom] 
1621091118620 [ROBOT STATUS: Rotating[False] Running[False] Stop[True]] 
1621091118620 [vx:0.0 vy:0.0 yaw:0.0] 
1621091118701 [Update odom] 
1621091118723 [ROBOT STATUS: Rotating[False] Running[False] Stop[True]] 
1621091118723 [vx:0.0 vy:0.0 yaw:0.0] 
1621091118801 [Update odom] 
1621091118819 [ROBOT STATUS: Rotating[False] Running[False] Stop[True]] 
1621091118819 [vx:0.0 vy:0.0 yaw:0.0] 
1621091118901 [Update odom] 
1621091118920 [ROBOT STATUS: Rotating[False] Running[False] Stop[True]] 
1621091118920 [vx:0.0 vy:0.0 yaw:0.0] 
1621091119001 [Update odom] 
1621091119020 [ROBOT STATUS: Rotating[False] Running[False] Stop[True]] 
1621091119020 [vx:0.0 vy:0.0 yaw:0.0] 
1621091119106 [Update odom] 
1621091119128 [ROBOT STATUS: Rotating[False] Running[False] Stop[True]] 
1621091119129 [vx:0.0 vy:0.0 yaw:0.0] 
1621091119203 [Update odom] 
1621091119220 [ROBOT STATUS: Rotating[False] Running[False] Stop[True]] 
1621091119220 [vx:0.0 vy:0.0 yaw:0.0] 
1621091119301 [Update odom] 
1621091119321 [ROBOT STATUS: Rotating[False] Running[False] Stop[True]] 
1621091119321 [vx:0.0 vy:0.0 yaw:0.0] 
1621091119401 [Update odom] 
1621091119421 [ROBOT STATUS: Rotating[False] Running[False] Stop[True]] 
1621091119421 [vx:0.0 vy:0.0 yaw:0.0] 
1621091119501 [Update odom] 
1621091119520 [ROBOT STATUS: Rotating[False] Running[False] Stop[True]] 
1621091119520 [vx:0.0 vy:0.0 yaw:0.0] 
1621091119601 [Update odom] 
1621091119620 [ROBOT STATUS: Rotating[False] Running[False] Stop[True]] 
1621091119620 [vx:0.0 vy:0.0 yaw:0.0] 
1621091119704 [Update odom] 
1621091119732 [ROBOT STATUS: Rotating[False] Running[False] Stop[True]] 
1621091119732 [vx:0.0 vy:0.0 yaw:0.0] 
1621091119801 [Update odom] 
1621091119821 [ROBOT STATUS: Rotating[False] Running[False] Stop[True]] 
1621091119821 [vx:0.0 vy:0.0 yaw:0.0] 
1621091119901 [Update odom] 
1621091119920 [ROBOT STATUS: Rotating[False] Running[False] Stop[True]] 
1621091119920 [vx:0.0 vy:0.0 yaw:0.0] 
1621091120001 [Update odom] 
1621091120020 [ROBOT STATUS: Rotating[False] Running[False] Stop[True]] 
1621091120020 [vx:0.0 vy:0.0 yaw:0.0] 
1621091120101 [Update odom] 
1621091120125 [ROBOT STATUS: Rotating[False] Running[False] Stop[True]] 
1621091120125 [vx:0.0 vy:0.0 yaw:0.0] 
1621091120201 [Update odom] 
1621091120220 [ROBOT STATUS: Rotating[False] Running[False] Stop[True]] 
1621091120220 [vx:0.0 vy:0.0 yaw:0.0] 
1621091120301 [Update odom] 
1621091120329 [ROBOT STATUS: Rotating[False] Running[False] Stop[True]] 
1621091120329 [vx:0.0 vy:0.0 yaw:0.0] 
1621091120401 [Update odom] 
1621091120421 [ROBOT STATUS: Rotating[False] Running[False] Stop[True]] 
1621091120421 [vx:0.0 vy:0.0 yaw:0.0] 
1621091120501 [Update odom] 
1621091120520 [ROBOT STATUS: Rotating[False] Running[False] Stop[True]] 
1621091120520 [vx:0.0 vy:0.0 yaw:0.0] 
1621091120601 [Update odom] 
1621091120621 [ROBOT STATUS: Rotating[False] Running[False] Stop[True]] 
1621091120621 [vx:0.0 vy:0.0 yaw:0.0] 
1621091120701 [Update odom] 
1621091120728 [ROBOT STATUS: Rotating[False] Running[False] Stop[True]] 
1621091120728 [vx:0.0 vy:0.0 yaw:0.0] 
1621091120801 [Update odom] 
1621091120822 [ROBOT STATUS: Rotating[False] Running[False] Stop[True]] 
1621091120822 [vx:0.0 vy:0.0 yaw:0.0] 
1621091120902 [Update odom] 
1621091120931 [ROBOT STATUS: Rotating[False] Running[False] Stop[True]] 
1621091120931 [vx:0.0 vy:0.0 yaw:0.0] 
1621091121001 [Update odom] 
1621091121033 [ROBOT STATUS: Rotating[False] Running[False] Stop[True]] 
1621091121033 [vx:0.0 vy:0.0 yaw:0.0] 
1621091121101 [Update odom] 
1621091121123 [ROBOT STATUS: Rotating[False] Running[False] Stop[True]] 
1621091121123 [vx:0.0 vy:0.0 yaw:0.0] 
1621091121201 [Update odom] 
1621091121220 [ROBOT STATUS: Rotating[False] Running[False] Stop[True]] 
1621091121220 [vx:0.0 vy:0.0 yaw:0.0] 
1621091121301 [Update odom] 
1621091121320 [ROBOT STATUS: Rotating[False] Running[False] Stop[True]] 
1621091121320 [vx:0.0 vy:0.0 yaw:0.0] 
1621091121402 [Update odom] 
1621091121421 [ROBOT STATUS: Rotating[False] Running[False] Stop[True]] 
1621091121421 [vx:0.0 vy:0.0 yaw:0.0] 
1621091121501 [Update odom] 
1621091121540 [ROBOT STATUS: Rotating[False] Running[False] Stop[True]] 
1621091121540 [vx:0.0 vy:0.0 yaw:0.0] 
1621091121601 [Update odom] 
1621091121627 [ROBOT STATUS: Rotating[False] Running[False] Stop[True]] 
1621091121627 [vx:0.0 vy:0.0 yaw:0.0] 
1621091121701 [Update odom] 
1621091121739 [ROBOT STATUS: Rotating[False] Running[False] Stop[True]] 
1621091121739 [vx:0.0 vy:0.0 yaw:0.0] 
1621091121803 [Update odom] 
1621091121820 [ROBOT STATUS: Rotating[False] Running[False] Stop[True]] 
1621091121820 [vx:0.0 vy:0.0 yaw:0.0] 
1621091121901 [Update odom] 
1621091121912 [ROBOT STATUS: Rotating[False] Running[False] Stop[True]] 
1621091121912 [vx:0.0 vy:0.0 yaw:0.0] 
1621091122001 [Update odom] 
1621091122021 [ROBOT STATUS: Rotating[False] Running[False] Stop[True]] 
1621091122021 [vx:0.0 vy:0.0 yaw:0.0] 
1621091122104 [Update odom] 
1621091122128 [ROBOT STATUS: Rotating[False] Running[False] Stop[True]] 
1621091122128 [vx:0.0 vy:0.0 yaw:0.0] 
1621091122201 [Update odom] 
1621091122220 [ROBOT STATUS: Rotating[False] Running[False] Stop[True]] 
1621091122220 [vx:0.0 vy:0.0 yaw:0.0] 
1621091122301 [Update odom] 
1621091122320 [ROBOT STATUS: Rotating[False] Running[False] Stop[True]] 
1621091122320 [vx:0.0 vy:0.0 yaw:0.0] 
1621091122401 [Update odom] 
1621091122425 [ROBOT STATUS: Rotating[False] Running[False] Stop[True]] 
1621091122425 [vx:0.0 vy:0.0 yaw:0.0] 
1621091122501 [Update odom] 
1621091122520 [ROBOT STATUS: Rotating[False] Running[False] Stop[True]] 
1621091122521 [vx:0.0 vy:0.0 yaw:0.0] 
1621091122601 [Update odom] 
1621091122620 [ROBOT STATUS: Rotating[False] Running[False] Stop[True]] 
1621091122620 [vx:0.0 vy:0.0 yaw:0.0] 
1621091122701 [Update odom] 
1621091122725 [ROBOT STATUS: Rotating[False] Running[False] Stop[True]] 
1621091122725 [vx:0.0 vy:0.0 yaw:0.0] 
1621091122801 [Update odom] 
1621091122820 [ROBOT STATUS: Rotating[False] Running[False] Stop[True]] 
1621091122820 [vx:0.0 vy:0.0 yaw:0.0] 
1621091122903 [Update odom] 
1621091122920 [ROBOT STATUS: Rotating[False] Running[False] Stop[True]] 
1621091122920 [vx:0.0 vy:0.0 yaw:0.0] 
1621091123001 [Update odom] 
1621091123012 [ROBOT STATUS: Rotating[False] Running[False] Stop[True]] 
1621091123013 [vx:0.0 vy:0.0 yaw:0.0] 
1621091123101 [Update odom] 
1621091123121 [ROBOT STATUS: Rotating[False] Running[False] Stop[True]] 
1621091123121 [vx:0.0 vy:0.0 yaw:0.0] 
1621091123201 [Update odom] 
1621091123220 [ROBOT STATUS: Rotating[False] Running[False] Stop[True]] 
1621091123220 [vx:0.0 vy:0.0 yaw:0.0] 
1621091123303 [Update odom] 
1621091123325 [ROBOT STATUS: Rotating[False] Running[False] Stop[True]] 
1621091123325 [vx:0.0 vy:0.0 yaw:0.0] 
1621091123401 [Update odom] 
1621091123423 [ROBOT STATUS: Rotating[False] Running[False] Stop[True]] 
1621091123423 [vx:0.0 vy:0.0 yaw:0.0] 
1621091123504 [Update odom] 
1621091123524 [ROBOT STATUS: Rotating[False] Running[False] Stop[True]] 
1621091123524 [vx:0.0 vy:0.0 yaw:0.0] 
1621091123601 [Update odom] 
1621091123621 [ROBOT STATUS: Rotating[False] Running[False] Stop[True]] 
1621091123621 [vx:0.0 vy:0.0 yaw:0.0] 
1621091123701 [Update odom] 
1621091123720 [ROBOT STATUS: Rotating[False] Running[False] Stop[True]] 
1621091123720 [vx:0.0 vy:0.0 yaw:0.0] 
1621091123801 [Update odom] 
1621091123820 [ROBOT STATUS: Rotating[False] Running[False] Stop[True]] 
1621091123820 [vx:0.0 vy:0.0 yaw:0.0] 
1621091123901 [Update odom] 
1621091123922 [ROBOT STATUS: Rotating[False] Running[False] Stop[True]] 
1621091123922 [vx:0.0 vy:0.0 yaw:0.0] 
1621091124001 [Update odom] 
1621091124020 [ROBOT STATUS: Rotating[False] Running[False] Stop[True]] 
1621091124020 [vx:0.0 vy:0.0 yaw:0.0] 
1621091124101 [Update odom] 
1621091124120 [ROBOT STATUS: Rotating[False] Running[False] Stop[True]] 
1621091124120 [vx:0.0 vy:0.0 yaw:0.0] 
1621091124203 [Update odom] 
1621091124220 [ROBOT STATUS: Rotating[False] Running[False] Stop[True]] 
1621091124220 [vx:0.0 vy:0.0 yaw:0.0] 
1621091124301 [Update odom] 
1621091124320 [ROBOT STATUS: Rotating[False] Running[False] Stop[True]] 
1621091124320 [vx:0.0 vy:0.0 yaw:0.0] 
1621091124401 [Update odom] 
1621091124420 [ROBOT STATUS: Rotating[False] Running[False] Stop[True]] 
1621091124420 [vx:0.0 vy:0.0 yaw:0.0] 
1621091124501 [Update odom] 
1621091124528 [ROBOT STATUS: Rotating[False] Running[False] Stop[True]] 
1621091124528 [vx:0.0 vy:0.0 yaw:0.0] 
1621091124601 [Update odom] 
1621091124620 [ROBOT STATUS: Rotating[False] Running[False] Stop[True]] 
1621091124620 [vx:0.0 vy:0.0 yaw:0.0] 
1621091124701 [Update odom] 
1621091124720 [ROBOT STATUS: Rotating[False] Running[False] Stop[True]] 
1621091124720 [vx:0.0 vy:0.0 yaw:0.0] 
1621091124801 [Update odom] 
1621091124820 [ROBOT STATUS: Rotating[False] Running[False] Stop[True]] 
1621091124820 [vx:0.0 vy:0.0 yaw:0.0] 
1621091124901 [Update odom] 
1621091124920 [ROBOT STATUS: Rotating[False] Running[False] Stop[True]] 
1621091124920 [vx:0.0 vy:0.0 yaw:0.0] 
1621091125001 [Update odom] 
1621091125024 [ROBOT STATUS: Rotating[False] Running[False] Stop[True]] 
1621091125024 [vx:0.0 vy:0.0 yaw:0.0] 
1621091125101 [Update odom] 
1621091125123 [ROBOT STATUS: Rotating[False] Running[False] Stop[True]] 
1621091125124 [vx:0.0 vy:0.0 yaw:0.0] 
1621091125201 [Update odom] 
1621091125220 [ROBOT STATUS: Rotating[False] Running[False] Stop[True]] 
1621091125220 [vx:0.0 vy:0.0 yaw:0.0] 
1621091125301 [Update odom] 
1621091125323 [ROBOT STATUS: Rotating[False] Running[False] Stop[True]] 
1621091125323 [vx:0.0 vy:0.0 yaw:0.0] 
1621091125401 [Update odom] 
1621091125421 [ROBOT STATUS: Rotating[False] Running[False] Stop[True]] 
1621091125421 [vx:0.0 vy:0.0 yaw:0.0] 
1621091125502 [Update odom] 
1621091125520 [ROBOT STATUS: Rotating[False] Running[False] Stop[True]] 
1621091125520 [vx:0.0 vy:0.0 yaw:0.0] 
1621091125601 [Update odom] 
1621091125620 [ROBOT STATUS: Rotating[False] Running[False] Stop[True]] 
1621091125620 [vx:0.0 vy:0.0 yaw:0.0] 
1621091125701 [Update odom] 
1621091125727 [ROBOT STATUS: Rotating[False] Running[False] Stop[True]] 
1621091125727 [vx:0.0 vy:0.0 yaw:0.0] 
1621091125801 [Update odom] 
1621091125821 [ROBOT STATUS: Rotating[False] Running[False] Stop[True]] 
1621091125821 [vx:0.0 vy:0.0 yaw:0.0] 
1621091125901 [Update odom] 
1621091125922 [ROBOT STATUS: Rotating[False] Running[False] Stop[True]] 
1621091125922 [vx:0.0 vy:0.0 yaw:0.0] 
1621091126001 [Update odom] 
1621091126020 [ROBOT STATUS: Rotating[False] Running[False] Stop[True]] 
1621091126020 [vx:0.0 vy:0.0 yaw:0.0] 
1621091126103 [Update odom] 
1621091126120 [ROBOT STATUS: Rotating[False] Running[False] Stop[True]] 
1621091126120 [vx:0.0 vy:0.0 yaw:0.0] 
1621091126201 [Update odom] 
1621091126220 [ROBOT STATUS: Rotating[False] Running[False] Stop[True]] 
1621091126220 [vx:0.0 vy:0.0 yaw:0.0] 
1621091126301 [Update odom] 
1621091126320 [ROBOT STATUS: Rotating[False] Running[False] Stop[True]] 
1621091126320 [vx:0.0 vy:0.0 yaw:0.0] 
1621091126401 [Update odom] 
1621091126420 [ROBOT STATUS: Rotating[False] Running[False] Stop[True]] 
1621091126420 [vx:0.0 vy:0.0 yaw:0.0] 
1621091126501 [Update odom] 
1621091126520 [ROBOT STATUS: Rotating[False] Running[False] Stop[True]] 
1621091126520 [vx:0.0 vy:0.0 yaw:0.0] 
1621091126601 [Update odom] 
1621091126620 [ROBOT STATUS: Rotating[False] Running[False] Stop[True]] 
1621091126620 [vx:0.0 vy:0.0 yaw:0.0] 
1621091126701 [Update odom] 
1621091126720 [ROBOT STATUS: Rotating[False] Running[False] Stop[True]] 
1621091126720 [vx:0.0 vy:0.0 yaw:0.0] 
1621091126801 [Update odom] 
1621091126834 [ROBOT STATUS: Rotating[False] Running[False] Stop[True]] 
1621091126834 [vx:0.0 vy:0.0 yaw:0.0] 
1621091126901 [Update odom] 
1621091126930 [ROBOT STATUS: Rotating[False] Running[False] Stop[True]] 
1621091126930 [vx:0.0 vy:0.0 yaw:0.0] 
1621091127001 [Update odom] 
1621091127020 [ROBOT STATUS: Rotating[False] Running[False] Stop[True]] 
1621091127020 [vx:0.0 vy:0.0 yaw:0.0] 
1621091127101 [Update odom] 
1621091127120 [ROBOT STATUS: Rotating[False] Running[False] Stop[True]] 
1621091127120 [vx:0.0 vy:0.0 yaw:0.0] 
1621091127202 [Update odom] 
1621091127223 [ROBOT STATUS: Rotating[False] Running[False] Stop[True]] 
1621091127223 [vx:0.0 vy:0.0 yaw:0.0] 
1621091127301 [Update odom] 
1621091127320 [ROBOT STATUS: Rotating[False] Running[False] Stop[True]] 
1621091127320 [vx:0.0 vy:0.0 yaw:0.0] 
1621091127401 [Update odom] 
1621091127422 [ROBOT STATUS: Rotating[False] Running[False] Stop[True]] 
1621091127422 [vx:0.0 vy:0.0 yaw:0.0] 
1621091127501 [Update odom] 
1621091127520 [ROBOT STATUS: Rotating[False] Running[False] Stop[True]] 
1621091127520 [vx:0.0 vy:0.0 yaw:0.0] 
1621091127601 [Update odom] 
1621091127629 [ROBOT STATUS: Rotating[False] Running[False] Stop[True]] 
1621091127629 [vx:0.0 vy:0.0 yaw:0.0] 
1621091127701 [Update odom] 
1621091127720 [ROBOT STATUS: Rotating[False] Running[False] Stop[True]] 
1621091127720 [vx:0.0 vy:0.0 yaw:0.0] 
1621091127801 [Update odom] 
1621091127820 [ROBOT STATUS: Rotating[False] Running[False] Stop[True]] 
1621091127820 [vx:0.0 vy:0.0 yaw:0.0] 
1621091127901 [Update odom] 
1621091127920 [ROBOT STATUS: Rotating[False] Running[False] Stop[True]] 
1621091127920 [vx:0.0 vy:0.0 yaw:0.0] 
1621091128001 [Update odom] 
1621091128020 [ROBOT STATUS: Rotating[False] Running[False] Stop[True]] 
1621091128020 [vx:0.0 vy:0.0 yaw:0.0] 
1621091128102 [Update odom] 
1621091128120 [ROBOT STATUS: Rotating[False] Running[False] Stop[True]] 
1621091128120 [vx:0.0 vy:0.0 yaw:0.0] 
1621091128201 [Update odom] 
1621091128238 [ROBOT STATUS: Rotating[False] Running[False] Stop[True]] 
1621091128238 [vx:0.0 vy:0.0 yaw:0.0] 
1621091128302 [Update odom] 
1621091128323 [ROBOT STATUS: Rotating[False] Running[False] Stop[True]] 
1621091128323 [vx:0.0 vy:0.0 yaw:0.0] 
1621091128401 [Update odom] 
1621091128420 [ROBOT STATUS: Rotating[False] Running[False] Stop[True]] 
1621091128420 [vx:0.0 vy:0.0 yaw:0.0] 
1621091128501 [Update odom] 
1621091128520 [ROBOT STATUS: Rotating[False] Running[False] Stop[True]] 
1621091128520 [vx:0.0 vy:0.0 yaw:0.0] 
1621091128601 [Update odom] 
1621091128621 [ROBOT STATUS: Rotating[False] Running[False] Stop[True]] 
1621091128621 [vx:0.0 vy:0.0 yaw:0.0] 
1621091128702 [Update odom] 
1621091128723 [ROBOT STATUS: Rotating[False] Running[False] Stop[True]] 
1621091128723 [vx:0.0 vy:0.0 yaw:0.0] 
1621091128801 [Update odom] 
1621091128841 [ROBOT STATUS: Rotating[False] Running[False] Stop[True]] 
1621091128841 [vx:0.0 vy:0.0 yaw:0.0] 
1621091128901 [Update odom] 
1621091128933 [ROBOT STATUS: Rotating[False] Running[False] Stop[True]] 
1621091128933 [vx:0.0 vy:0.0 yaw:0.0] 
1621091129001 [Update odom] 
1621091129025 [ROBOT STATUS: Rotating[False] Running[False] Stop[True]] 
1621091129025 [vx:0.0 vy:0.0 yaw:0.0] 
1621091129101 [Update odom] 
1621091129120 [ROBOT STATUS: Rotating[False] Running[False] Stop[True]] 
1621091129120 [vx:0.0 vy:0.0 yaw:0.0] 
1621091129201 [Update odom] 
1621091129220 [ROBOT STATUS: Rotating[False] Running[False] Stop[True]] 
1621091129220 [vx:0.0 vy:0.0 yaw:0.0] 
1621091129301 [Update odom] 
1621091129320 [ROBOT STATUS: Rotating[False] Running[False] Stop[True]] 
1621091129320 [vx:0.0 vy:0.0 yaw:0.0] 
1621091129401 [Update odom] 
1621091129422 [ROBOT STATUS: Rotating[False] Running[False] Stop[True]] 
1621091129422 [vx:0.0 vy:0.0 yaw:0.0] 
1621091129501 [Update odom] 
1621091129521 [ROBOT STATUS: Rotating[False] Running[False] Stop[True]] 
1621091129521 [vx:0.0 vy:0.0 yaw:0.0] 
1621091129601 [Update odom] 
1621091129620 [ROBOT STATUS: Rotating[False] Running[False] Stop[True]] 
1621091129621 [vx:0.0 vy:0.0 yaw:0.0] 
1621091129701 [Update odom] 
1621091129723 [ROBOT STATUS: Rotating[False] Running[False] Stop[True]] 
1621091129723 [vx:0.0 vy:0.0 yaw:0.0] 
1621091129801 [Update odom] 
1621091129820 [ROBOT STATUS: Rotating[False] Running[False] Stop[True]] 
1621091129820 [vx:0.0 vy:0.0 yaw:0.0] 
1621091129901 [Update odom] 
1621091129923 [ROBOT STATUS: Rotating[False] Running[False] Stop[True]] 
1621091129923 [vx:0.0 vy:0.0 yaw:0.0] 
1621091130001 [Update odom] 
1621091130036 [ROBOT STATUS: Rotating[False] Running[False] Stop[True]] 
1621091130036 [vx:0.0 vy:0.0 yaw:0.0] 
1621091130101 [Update odom] 
1621091130135 [ROBOT STATUS: Rotating[False] Running[False] Stop[True]] 
1621091130135 [vx:0.0 vy:0.0 yaw:0.0] 
1621091130201 [Update odom] 
1621091130220 [ROBOT STATUS: Rotating[False] Running[False] Stop[True]] 
1621091130220 [vx:0.0 vy:0.0 yaw:0.0] 
1621091130301 [Update odom] 
1621091130320 [ROBOT STATUS: Rotating[False] Running[False] Stop[True]] 
1621091130320 [vx:0.0 vy:0.0 yaw:0.0] 
1621091130401 [Update odom] 
1621091130419 [ROBOT STATUS: Rotating[False] Running[False] Stop[True]] 
1621091130419 [vx:0.0 vy:0.0 yaw:0.0] 
1621091130501 [Update odom] 
1621091130526 [ROBOT STATUS: Rotating[False] Running[False] Stop[True]] 
1621091130526 [vx:0.0 vy:0.0 yaw:0.0] 
1621091130601 [Update odom] 
1621091130632 [ROBOT STATUS: Rotating[False] Running[False] Stop[True]] 
1621091130632 [vx:0.0 vy:0.0 yaw:0.0] 
1621091130701 [Update odom] 
1621091130727 [ROBOT STATUS: Rotating[False] Running[False] Stop[True]] 
1621091130727 [vx:0.0 vy:0.0 yaw:0.0] 
1621091130801 [Update odom] 
1621091130823 [ROBOT STATUS: Rotating[False] Running[False] Stop[True]] 
1621091130823 [vx:0.0 vy:0.0 yaw:0.0] 
1621091130901 [Update odom] 
1621091130920 [ROBOT STATUS: Rotating[False] Running[False] Stop[True]] 
1621091130920 [vx:0.0 vy:0.0 yaw:0.0] 
1621091131001 [Update odom] 
1621091131023 [ROBOT STATUS: Rotating[False] Running[False] Stop[True]] 
1621091131023 [vx:0.0 vy:0.0 yaw:0.0] 
1621091131101 [Update odom] 
1621091131120 [ROBOT STATUS: Rotating[False] Running[False] Stop[True]] 
1621091131120 [vx:0.0 vy:0.0 yaw:0.0] 
1621091131201 [Update odom] 
1621091131220 [ROBOT STATUS: Rotating[False] Running[False] Stop[True]] 
1621091131220 [vx:0.0 vy:0.0 yaw:0.0] 
1621091131301 [Update odom] 
1621091131320 [ROBOT STATUS: Rotating[False] Running[False] Stop[True]] 
1621091131320 [vx:0.0 vy:0.0 yaw:0.0] 
1621091131401 [Update odom] 
1621091131420 [ROBOT STATUS: Rotating[False] Running[False] Stop[True]] 
1621091131420 [vx:0.0 vy:0.0 yaw:0.0] 
1621091131501 [Update odom] 
1621091131520 [ROBOT STATUS: Rotating[False] Running[False] Stop[True]] 
1621091131520 [vx:0.0 vy:0.0 yaw:0.0] 
1621091131601 [Update odom] 
1621091131622 [ROBOT STATUS: Rotating[False] Running[False] Stop[True]] 
1621091131622 [vx:0.0 vy:0.0 yaw:0.0] 
1621091131701 [Update odom] 
1621091131720 [ROBOT STATUS: Rotating[False] Running[False] Stop[True]] 
1621091131720 [vx:0.0 vy:0.0 yaw:0.0] 
1621091131801 [Update odom] 
1621091131831 [ROBOT STATUS: Rotating[False] Running[False] Stop[True]] 
1621091131831 [vx:0.0 vy:0.0 yaw:0.0] 
1621091131901 [Update odom] 
1621091131920 [ROBOT STATUS: Rotating[False] Running[False] Stop[True]] 
1621091131920 [vx:0.0 vy:0.0 yaw:0.0] 
1621091132001 [Update odom] 
1621091132023 [ROBOT STATUS: Rotating[False] Running[False] Stop[True]] 
1621091132023 [vx:0.0 vy:0.0 yaw:0.0] 
1621091132103 [Update odom] 
1621091132121 [ROBOT STATUS: Rotating[False] Running[False] Stop[True]] 
1621091132121 [vx:0.0 vy:0.0 yaw:0.0] 
1621091132201 [Update odom] 
1621091132221 [ROBOT STATUS: Rotating[False] Running[False] Stop[True]] 
1621091132221 [vx:0.0 vy:0.0 yaw:0.0] 
1621091132301 [Update odom] 
1621091132323 [ROBOT STATUS: Rotating[False] Running[False] Stop[True]] 
1621091132323 [vx:0.0 vy:0.0 yaw:0.0] 
1621091132401 [Update odom] 
1621091132426 [ROBOT STATUS: Rotating[False] Running[False] Stop[True]] 
1621091132426 [vx:0.0 vy:0.0 yaw:0.0] 
1621091132501 [Update odom] 
1621091132520 [ROBOT STATUS: Rotating[False] Running[False] Stop[True]] 
1621091132520 [vx:0.0 vy:0.0 yaw:0.0] 
1621091132601 [Update odom] 
1621091132620 [ROBOT STATUS: Rotating[False] Running[False] Stop[True]] 
1621091132620 [vx:0.0 vy:0.0 yaw:0.0] 
1621091132701 [Update odom] 
1621091132721 [ROBOT STATUS: Rotating[False] Running[False] Stop[True]] 
1621091132721 [vx:0.0 vy:0.0 yaw:0.0] 
1621091132809 [Update odom] 
1621091132830 [ROBOT STATUS: Rotating[False] Running[False] Stop[True]] 
1621091132830 [vx:0.0 vy:0.0 yaw:0.0] 
1621091132903 [Update odom] 
1621091132921 [ROBOT STATUS: Rotating[False] Running[False] Stop[True]] 
1621091132921 [vx:0.0 vy:0.0 yaw:0.0] 
1621091133001 [Update odom] 
1621091133027 [ROBOT STATUS: Rotating[False] Running[False] Stop[True]] 
1621091133027 [vx:0.0 vy:0.0 yaw:0.0] 
1621091133101 [Update odom] 
1621091133124 [ROBOT STATUS: Rotating[False] Running[False] Stop[True]] 
1621091133124 [vx:0.0 vy:0.0 yaw:0.0] 
1621091133201 [Update odom] 
1621091133220 [ROBOT STATUS: Rotating[False] Running[False] Stop[True]] 
1621091133220 [vx:0.0 vy:0.0 yaw:0.0] 
1621091133301 [Update odom] 
1621091133320 [ROBOT STATUS: Rotating[False] Running[False] Stop[True]] 
1621091133320 [vx:0.0 vy:0.0 yaw:0.0] 
1621091133401 [Update odom] 
1621091133420 [ROBOT STATUS: Rotating[False] Running[False] Stop[True]] 
1621091133420 [vx:0.0 vy:0.0 yaw:0.0] 
1621091133504 [Update odom] 
1621091133524 [ROBOT STATUS: Rotating[False] Running[False] Stop[True]] 
1621091133524 [vx:0.0 vy:0.0 yaw:0.0] 
1621091133601 [Update odom] 
1621091133625 [ROBOT STATUS: Rotating[False] Running[False] Stop[True]] 
1621091133625 [vx:0.0 vy:0.0 yaw:0.0] 
1621091133701 [Update odom] 
1621091133721 [ROBOT STATUS: Rotating[False] Running[False] Stop[True]] 
1621091133721 [vx:0.0 vy:0.0 yaw:0.0] 
1621091133801 [Update odom] 
1621091133821 [ROBOT STATUS: Rotating[False] Running[False] Stop[True]] 
1621091133821 [vx:0.0 vy:0.0 yaw:0.0] 
1621091133901 [Update odom] 
1621091133921 [ROBOT STATUS: Rotating[False] Running[False] Stop[True]] 
1621091133921 [vx:0.0 vy:0.0 yaw:0.0] 
1621091134001 [Update odom] 
1621091134022 [ROBOT STATUS: Rotating[False] Running[False] Stop[True]] 
1621091134022 [vx:0.0 vy:0.0 yaw:0.0] 
1621091134102 [Update odom] 
1621091134125 [ROBOT STATUS: Rotating[False] Running[False] Stop[True]] 
1621091134125 [vx:0.0 vy:0.0 yaw:0.0] 
1621091134201 [Update odom] 
1621091134232 [ROBOT STATUS: Rotating[False] Running[False] Stop[True]] 
1621091134232 [vx:0.0 vy:0.0 yaw:0.0] 
1621091134301 [Update odom] 
1621091134325 [ROBOT STATUS: Rotating[False] Running[False] Stop[True]] 
1621091134325 [vx:0.0 vy:0.0 yaw:0.0] 
1621091134401 [Update odom] 
1621091134420 [ROBOT STATUS: Rotating[False] Running[False] Stop[True]] 
1621091134420 [vx:0.0 vy:0.0 yaw:0.0] 
1621091134501 [Update odom] 
1621091134523 [ROBOT STATUS: Rotating[False] Running[False] Stop[True]] 
1621091134523 [vx:0.0 vy:0.0 yaw:0.0] 
1621091134603 [Update odom] 
1621091134631 [ROBOT STATUS: Rotating[False] Running[False] Stop[True]] 
1621091134631 [vx:0.0 vy:0.0 yaw:0.0] 
1621091134701 [Update odom] 
1621091134721 [ROBOT STATUS: Rotating[False] Running[False] Stop[True]] 
1621091134721 [vx:0.0 vy:0.0 yaw:0.0] 
1621091134801 [Update odom] 
1621091134820 [ROBOT STATUS: Rotating[False] Running[False] Stop[True]] 
1621091134820 [vx:0.0 vy:0.0 yaw:0.0] 
1621091134901 [Update odom] 
1621091134921 [ROBOT STATUS: Rotating[False] Running[False] Stop[True]] 
1621091134921 [vx:0.0 vy:0.0 yaw:0.0] 
1621091135001 [Update odom] 
1621091135020 [ROBOT STATUS: Rotating[False] Running[False] Stop[True]] 
1621091135020 [vx:0.0 vy:0.0 yaw:0.0] 
1621091135101 [Update odom] 
1621091135121 [ROBOT STATUS: Rotating[False] Running[False] Stop[True]] 
1621091135121 [vx:0.0 vy:0.0 yaw:0.0] 
1621091135201 [Update odom] 
1621091135226 [ROBOT STATUS: Rotating[False] Running[False] Stop[True]] 
1621091135226 [vx:0.0 vy:0.0 yaw:0.0] 
1621091135301 [Update odom] 
1621091135320 [ROBOT STATUS: Rotating[False] Running[False] Stop[True]] 
1621091135320 [vx:0.0 vy:0.0 yaw:0.0] 
1621091135401 [Update odom] 
1621091135430 [ROBOT STATUS: Rotating[False] Running[False] Stop[True]] 
1621091135430 [vx:0.0 vy:0.0 yaw:0.0] 
1621091135501 [Update odom] 
1621091135536 [ROBOT STATUS: Rotating[False] Running[False] Stop[True]] 
1621091135536 [vx:0.0 vy:0.0 yaw:0.0] 
1621091135601 [Update odom] 
1621091135623 [ROBOT STATUS: Rotating[False] Running[False] Stop[True]] 
1621091135623 [vx:0.0 vy:0.0 yaw:0.0] 
1621091135702 [Update odom] 
1621091135727 [ROBOT STATUS: Rotating[False] Running[False] Stop[True]] 
1621091135727 [vx:0.0 vy:0.0 yaw:0.0] 
1621091135802 [Update odom] 
1621091135824 [ROBOT STATUS: Rotating[False] Running[False] Stop[True]] 
1621091135824 [vx:0.0 vy:0.0 yaw:0.0] 
1621091135901 [Update odom] 
1621091135920 [ROBOT STATUS: Rotating[False] Running[False] Stop[True]] 
1621091135920 [vx:0.0 vy:0.0 yaw:0.0] 
1621091136001 [Update odom] 
1621091136030 [ROBOT STATUS: Rotating[False] Running[False] Stop[True]] 
1621091136030 [vx:0.0 vy:0.0 yaw:0.0] 
1621091136101 [Update odom] 
1621091136123 [ROBOT STATUS: Rotating[False] Running[False] Stop[True]] 
1621091136123 [vx:0.0 vy:0.0 yaw:0.0] 
1621091136201 [Update odom] 
1621091136220 [ROBOT STATUS: Rotating[False] Running[False] Stop[True]] 
1621091136220 [vx:0.0 vy:0.0 yaw:0.0] 
1621091136301 [Update odom] 
1621091136320 [ROBOT STATUS: Rotating[False] Running[False] Stop[True]] 
1621091136320 [vx:0.0 vy:0.0 yaw:0.0] 
1621091136401 [Update odom] 
1621091136420 [ROBOT STATUS: Rotating[False] Running[False] Stop[True]] 
1621091136420 [vx:0.0 vy:0.0 yaw:0.0] 
1621091136501 [Update odom] 
1621091136520 [ROBOT STATUS: Rotating[False] Running[False] Stop[True]] 
1621091136520 [vx:0.0 vy:0.0 yaw:0.0] 
1621091136605 [Update odom] 
1621091136625 [ROBOT STATUS: Rotating[False] Running[False] Stop[True]] 
1621091136625 [vx:0.0 vy:0.0 yaw:0.0] 
1621091136701 [Update odom] 
1621091136720 [ROBOT STATUS: Rotating[False] Running[False] Stop[True]] 
1621091136720 [vx:0.0 vy:0.0 yaw:0.0] 
1621091136801 [Update odom] 
1621091136828 [ROBOT STATUS: Rotating[False] Running[False] Stop[True]] 
1621091136828 [vx:0.0 vy:0.0 yaw:0.0] 
1621091136901 [Update odom] 
1621091136920 [ROBOT STATUS: Rotating[False] Running[False] Stop[True]] 
1621091136920 [vx:0.0 vy:0.0 yaw:0.0] 
1621091137001 [Update odom] 
1621091137020 [ROBOT STATUS: Rotating[False] Running[False] Stop[True]] 
1621091137020 [vx:0.0 vy:0.0 yaw:0.0] 
1621091137101 [Update odom] 
1621091137121 [ROBOT STATUS: Rotating[False] Running[False] Stop[True]] 
1621091137121 [vx:0.0 vy:0.0 yaw:0.0] 
1621091137201 [Update odom] 
1621091137226 [ROBOT STATUS: Rotating[False] Running[False] Stop[True]] 
1621091137226 [vx:0.0 vy:0.0 yaw:0.0] 
1621091137304 [Update odom] 
1621091137331 [ROBOT STATUS: Rotating[False] Running[False] Stop[True]] 
1621091137331 [vx:0.0 vy:0.0 yaw:0.0] 
1621091137403 [Update odom] 
1621091137425 [ROBOT STATUS: Rotating[False] Running[False] Stop[True]] 
1621091137425 [vx:0.0 vy:0.0 yaw:0.0] 
1621091137501 [Update odom] 
1621091137520 [ROBOT STATUS: Rotating[False] Running[False] Stop[True]] 
1621091137520 [vx:0.0 vy:0.0 yaw:0.0] 
1621091137601 [Update odom] 
1621091137620 [ROBOT STATUS: Rotating[False] Running[False] Stop[True]] 
1621091137620 [vx:0.0 vy:0.0 yaw:0.0] 
1621091137701 [Update odom] 
1621091137720 [ROBOT STATUS: Rotating[False] Running[False] Stop[True]] 
1621091137720 [vx:0.0 vy:0.0 yaw:0.0] 
1621091137801 [Update odom] 
1621091137834 [ROBOT STATUS: Rotating[False] Running[False] Stop[True]] 
1621091137834 [vx:0.0 vy:0.0 yaw:0.0] 
1621091137902 [Update odom] 
1621091137932 [ROBOT STATUS: Rotating[False] Running[False] Stop[True]] 
1621091137933 [vx:0.0 vy:0.0 yaw:0.0] 
1621091138001 [Update odom] 
1621091138026 [ROBOT STATUS: Rotating[False] Running[False] Stop[True]] 
1621091138026 [vx:0.0 vy:0.0 yaw:0.0] 
1621091138101 [Update odom] 
1621091138123 [ROBOT STATUS: Rotating[False] Running[False] Stop[True]] 
1621091138123 [vx:0.0 vy:0.0 yaw:0.0] 
1621091138201 [Update odom] 
1621091138221 [ROBOT STATUS: Rotating[False] Running[False] Stop[True]] 
1621091138221 [vx:0.0 vy:0.0 yaw:0.0] 
1621091138301 [Update odom] 
1621091138320 [ROBOT STATUS: Rotating[False] Running[False] Stop[True]] 
1621091138320 [vx:0.0 vy:0.0 yaw:0.0] 
1621091138401 [Update odom] 
1621091138421 [ROBOT STATUS: Rotating[False] Running[False] Stop[True]] 
1621091138421 [vx:0.0 vy:0.0 yaw:0.0] 
1621091138501 [Update odom] 
1621091138520 [ROBOT STATUS: Rotating[False] Running[False] Stop[True]] 
1621091138520 [vx:0.0 vy:0.0 yaw:0.0] 
1621091138601 [Update odom] 
1621091138626 [ROBOT STATUS: Rotating[False] Running[False] Stop[True]] 
1621091138626 [vx:0.0 vy:0.0 yaw:0.0] 
1621091138701 [Update odom] 
1621091138735 [ROBOT STATUS: Rotating[False] Running[False] Stop[True]] 
1621091138735 [vx:0.0 vy:0.0 yaw:0.0] 
1621091138801 [Update odom] 
1621091138837 [ROBOT STATUS: Rotating[False] Running[False] Stop[True]] 
1621091138840 [vx:0.0 vy:0.0 yaw:0.0] 
1621091138901 [Update odom] 
1621091138932 [ROBOT STATUS: Rotating[False] Running[False] Stop[True]] 
1621091138932 [vx:0.0 vy:0.0 yaw:0.0] 
1621091139001 [Update odom] 
1621091139025 [ROBOT STATUS: Rotating[False] Running[False] Stop[True]] 
1621091139025 [vx:0.0 vy:0.0 yaw:0.0] 
1621091139102 [Update odom] 
1621091139124 [ROBOT STATUS: Rotating[False] Running[False] Stop[True]] 
1621091139124 [vx:0.0 vy:0.0 yaw:0.0] 
1621091139201 [Update odom] 
1621091139225 [ROBOT STATUS: Rotating[False] Running[False] Stop[True]] 
1621091139225 [vx:0.0 vy:0.0 yaw:0.0] 
1621091139302 [Update odom] 
1621091139328 [ROBOT STATUS: Rotating[False] Running[False] Stop[True]] 
1621091139328 [vx:0.0 vy:0.0 yaw:0.0] 
1621091139401 [Update odom] 
1621091139421 [ROBOT STATUS: Rotating[False] Running[False] Stop[True]] 
1621091139421 [vx:0.0 vy:0.0 yaw:0.0] 
1621091139501 [Update odom] 
1621091139520 [ROBOT STATUS: Rotating[False] Running[False] Stop[True]] 
1621091139520 [vx:0.0 vy:0.0 yaw:0.0] 
1621091139601 [Update odom] 
1621091139620 [ROBOT STATUS: Rotating[False] Running[False] Stop[True]] 
1621091139620 [vx:0.0 vy:0.0 yaw:0.0] 
1621091139694 [log_latest_command] [[ b y t e a r r a y ( b ' \ x a a \ x f f \ x a 0 \ x 0 2 I \ x 0 f \ x 0 e ' ) ]] 
1621091139717 [Update odom] 
1621091139744 [ROBOT STATUS: Rotating[False] Running[False] Stop[True]] 
1621091139744 [vx:0.0 vy:0.0 yaw:0.0] 
1621091139803 [Update odom] 
1621091139835 [ROBOT STATUS: Rotating[False] Running[False] Stop[True]] 
1621091139835 [vx:0.0 vy:0.0 yaw:0.0] 
1621091139907 [Update odom] 
1621091139924 [ROBOT STATUS: Rotating[False] Running[False] Stop[True]] 
1621091139924 [vx:0.0 vy:0.0 yaw:0.0] 
1621091140001 [Update odom] 
1621091140021 [ROBOT STATUS: Rotating[False] Running[False] Stop[True]] 
1621091140021 [vx:0.0 vy:0.0 yaw:0.0] 
1621091140101 [Update odom] 
1621091140120 [ROBOT STATUS: Rotating[False] Running[False] Stop[True]] 
1621091140120 [vx:0.0 vy:0.0 yaw:0.0] 
1621091140201 [Update odom] 
1621091140224 [ROBOT STATUS: Rotating[False] Running[False] Stop[True]] 
1621091140224 [vx:0.0 vy:0.0 yaw:0.0] 
1621091140301 [Update odom] 
1621091140323 [ROBOT STATUS: Rotating[False] Running[False] Stop[True]] 
1621091140323 [vx:0.0 vy:0.0 yaw:0.0] 
1621091140402 [Update odom] 
1621091140424 [ROBOT STATUS: Rotating[False] Running[False] Stop[True]] 
1621091140424 [vx:0.0 vy:0.0 yaw:0.0] 
1621091140501 [Update odom] 
1621091140532 [ROBOT STATUS: Rotating[False] Running[False] Stop[True]] 
1621091140532 [vx:0.0 vy:0.0 yaw:0.0] 
1621091140601 [Update odom] 
1621091140621 [ROBOT STATUS: Rotating[False] Running[False] Stop[True]] 
1621091140621 [vx:0.0 vy:0.0 yaw:0.0] 
1621091140701 [Update odom] 
1621091140725 [ROBOT STATUS: Rotating[False] Running[False] Stop[True]] 
1621091140725 [vx:0.0 vy:0.0 yaw:0.0] 
1621091140801 [Update odom] 
1621091140820 [ROBOT STATUS: Rotating[False] Running[False] Stop[True]] 
1621091140820 [vx:0.0 vy:0.0 yaw:0.0] 
1621091140904 [Update odom] 
1621091140929 [ROBOT STATUS: Rotating[False] Running[False] Stop[True]] 
1621091140930 [vx:0.0 vy:0.0 yaw:0.0] 
1621091140965 [log_latest_command] [[ b y t e a r r a y ( b ' \ x a a \ x f f \ x a 0 \ x 0 2 I \ x 0 f \ x 0 e ' ) ]] 
1621091141002 [Update odom] 
1621091141037 [ROBOT STATUS: Rotating[False] Running[True] Stop[False]] 
1621091141037 [vx:0.0 vy:0.0 yaw:0.0] 
1621091141101 [Update odom] 
1621091141135 [ROBOT STATUS: Rotating[False] Running[True] Stop[False]] 
1621091141135 [vx:0.0 vy:0.0 yaw:0.0] 
1621091141204 [Update odom] 
1621091141227 [ROBOT STATUS: Rotating[False] Running[True] Stop[False]] 
1621091141227 [vx:0.0 vy:0.0 yaw:0.0] 
1621091141304 [Update odom] 
1621091141324 [ROBOT STATUS: Rotating[False] Running[True] Stop[False]] 
1621091141324 [vx:0.0 vy:0.0 yaw:0.0] 
1621091141406 [Update odom] 
1621091141424 [ROBOT STATUS: Rotating[False] Running[True] Stop[False]] 
1621091141424 [vx:0.0 vy:0.0 yaw:0.0] 
1621091141501 [Update odom] 
1621091141520 [ROBOT STATUS: Rotating[False] Running[True] Stop[False]] 
1621091141520 [vx:0.0 vy:0.0 yaw:0.0] 
1621091141601 [Update odom] 
1621091141625 [ROBOT STATUS: Rotating[False] Running[True] Stop[False]] 
1621091141625 [vx:0.0 vy:0.0 yaw:0.0] 
1621091141702 [Update odom] 
1621091141723 [ROBOT STATUS: Rotating[False] Running[True] Stop[False]] 
1621091141723 [vx:0.0 vy:0.0 yaw:0.0] 
1621091141801 [Update odom] 
1621091141820 [ROBOT STATUS: Rotating[False] Running[True] Stop[False]] 
1621091141820 [vx:0.0 vy:0.0 yaw:0.0] 
1621091141901 [Update odom] 
1621091141929 [ROBOT STATUS: Rotating[False] Running[True] Stop[False]] 
1621091141929 [vx:0.0 vy:0.0 yaw:0.0] 
1621091142001 [Update odom] 
1621091142034 [ROBOT STATUS: Rotating[False] Running[True] Stop[False]] 
1621091142034 [vx:0.0 vy:0.0 yaw:0.0] 
1621091142101 [Update odom] 
1621091142120 [ROBOT STATUS: Rotating[False] Running[True] Stop[False]] 
1621091142120 [vx:0.0 vy:0.0 yaw:0.0] 
1621091142140 [log_latest_command] [[ b y t e a r r a y ( b ' \ x a a \ x f f \ x a 0 \ x 0 2 I \ x 0 f \ x 0 e ' ) ]] 
1621091142201 [Update odom] 
1621091142222 [ROBOT STATUS: Rotating[False] Running[True] Stop[False]] 
1621091142222 [vx:0.0 vy:0.0 yaw:0.0] 
1621091142301 [Update odom] 
1621091142320 [ROBOT STATUS: Rotating[False] Running[True] Stop[False]] 
1621091142320 [vx:0.0 vy:0.0 yaw:0.0] 
1621091142402 [Update odom] 
1621091142421 [ROBOT STATUS: Rotating[False] Running[True] Stop[False]] 
1621091142421 [vx:0.0 vy:0.0 yaw:0.0] 
1621091142501 [Update odom] 
1621091142521 [ROBOT STATUS: Rotating[False] Running[True] Stop[False]] 
1621091142521 [vx:0.0 vy:0.0 yaw:0.0] 
1621091142601 [Update odom] 
1621091142632 [ROBOT STATUS: Rotating[False] Running[True] Stop[False]] 
1621091142632 [vx:0.0 vy:0.0 yaw:0.0] 
1621091142701 [Update odom] 
1621091142727 [ROBOT STATUS: Rotating[False] Running[True] Stop[False]] 
1621091142727 [vx:0.0 vy:0.0 yaw:0.0] 
1621091142801 [Update odom] 
1621091142820 [ROBOT STATUS: Rotating[False] Running[True] Stop[False]] 
1621091142820 [vx:0.0 vy:0.0 yaw:0.0] 
1621091142901 [Update odom] 
1621091142934 [ROBOT STATUS: Rotating[False] Running[True] Stop[False]] 
1621091142934 [vx:0.13925 vy:0.0 yaw:0.0] 
1621091143001 [Update odom] 
1621091143023 [ROBOT STATUS: Rotating[False] Running[True] Stop[False]] 
1621091143023 [vx:0.13925 vy:0.0 yaw:0.0] 
1621091143101 [Update odom] 
1621091143127 [ROBOT STATUS: Rotating[False] Running[True] Stop[False]] 
1621091143127 [vx:0.13925 vy:0.0 yaw:0.0] 
1621091143201 [Update odom] 
1621091143220 [ROBOT STATUS: Rotating[False] Running[True] Stop[False]] 
1621091143220 [vx:0.31875 vy:0.0 yaw:0.0] 
1621091143301 [Update odom] 
1621091143323 [ROBOT STATUS: Rotating[False] Running[True] Stop[False]] 
1621091143323 [vx:0.2125 vy:0.0 yaw:0.0] 
1621091143401 [Update odom] 
1621091143439 [ROBOT STATUS: Rotating[False] Running[True] Stop[False]] 
1621091143439 [vx:0.19625 vy:0.0 yaw:0.0] 
1621091143501 [Update odom] 
1621091143520 [ROBOT STATUS: Rotating[False] Running[True] Stop[False]] 
1621091143520 [vx:0.21275 vy:0.0 yaw:0.0] 
1621091143601 [Update odom] 
1621091143620 [ROBOT STATUS: Rotating[False] Running[True] Stop[False]] 
1621091143620 [vx:0.18825 vy:0.0 yaw:0.0] 
1621091143701 [Update odom] 
1621091143721 [ROBOT STATUS: Rotating[False] Running[True] Stop[False]] 
1621091143721 [vx:0.19625 vy:0.0 yaw:0.0] 
1621091143801 [Update odom] 
1621091143820 [ROBOT STATUS: Rotating[False] Running[True] Stop[False]] 
1621091143820 [vx:0.19625 vy:0.0 yaw:0.0] 
1621091143901 [Update odom] 
1621091143920 [ROBOT STATUS: Rotating[False] Running[True] Stop[False]] 
1621091143920 [vx:0.1965 vy:0.0 yaw:0.0] 
1621091144001 [Update odom] 
1621091144033 [ROBOT STATUS: Rotating[False] Running[True] Stop[False]] 
1621091144033 [vx:0.19625 vy:0.0 yaw:0.0] 
1621091144085 [log_latest_command] [[ b y t e a r r a y ( b ' \ x a a \ x f f \ x a 0 \ x 0 2 I \ x 0 f \ x 0 e ' ) ]] 
1621091144121 [Update odom] 
1621091144146 [ROBOT STATUS: Rotating[False] Running[False] Stop[True]] 
1621091144146 [vx:0.2045 vy:0.0 yaw:0.0] 
1621091144201 [Update odom] 
1621091144234 [ROBOT STATUS: Rotating[False] Running[False] Stop[True]] 
1621091144234 [vx:0.2045 vy:0.0 yaw:0.0] 
1621091144301 [Update odom] 
1621091144339 [ROBOT STATUS: Rotating[False] Running[False] Stop[True]] 
1621091144339 [vx:0.20475 vy:0.0 yaw:0.0] 
1621091144401 [Update odom] 
1621091144430 [ROBOT STATUS: Rotating[False] Running[False] Stop[True]] 
1621091144430 [vx:0.1965 vy:0.0 yaw:0.0] 
1621091144503 [Update odom] 
1621091144528 [ROBOT STATUS: Rotating[False] Running[False] Stop[True]] 
1621091144528 [vx:0.1965 vy:0.0 yaw:0.0] 
1621091144603 [Update odom] 
1621091144624 [ROBOT STATUS: Rotating[False] Running[False] Stop[True]] 
1621091144624 [vx:0.20425 vy:0.0 yaw:0.0] 
1621091144701 [Update odom] 
1621091144737 [ROBOT STATUS: Rotating[False] Running[False] Stop[True]] 
1621091144737 [vx:0.2125 vy:0.0 yaw:0.0] 
1621091144801 [Update odom] 
1621091144829 [ROBOT STATUS: Rotating[False] Running[False] Stop[True]] 
1621091144829 [vx:0.2125 vy:0.0 yaw:0.0] 
1621091144901 [Update odom] 
1621091144934 [ROBOT STATUS: Rotating[False] Running[False] Stop[True]] 
1621091144934 [vx:0.2125 vy:0.0 yaw:0.0] 
1621091145001 [Update odom] 
1621091145020 [ROBOT STATUS: Rotating[False] Running[False] Stop[True]] 
1621091145020 [vx:0.2125 vy:0.0 yaw:0.0] 
1621091145101 [Update odom] 
1621091145120 [ROBOT STATUS: Rotating[False] Running[False] Stop[True]] 
1621091145120 [vx:0.2125 vy:0.0 yaw:0.0] 
1621091145201 [Update odom] 
1621091145220 [ROBOT STATUS: Rotating[False] Running[False] Stop[True]] 
1621091145220 [vx:0.2125 vy:0.0 yaw:0.0] 
1621091145301 [Update odom] 
1621091145320 [ROBOT STATUS: Rotating[False] Running[False] Stop[True]] 
1621091145321 [vx:0.032 vy:0.0 yaw:0.0] 
1621091145401 [Update odom] 
1621091145422 [ROBOT STATUS: Rotating[False] Running[False] Stop[True]] 
1621091145422 [vx:0.0 vy:0.0 yaw:0.0] 
1621091145501 [Update odom] 
1621091145526 [ROBOT STATUS: Rotating[False] Running[False] Stop[True]] 
1621091145526 [vx:0.0 vy:0.0 yaw:0.0] 
1621091145601 [Update odom] 
1621091145622 [ROBOT STATUS: Rotating[False] Running[False] Stop[True]] 
1621091145622 [vx:0.0 vy:0.0 yaw:0.0] 
1621091145703 [Update odom] 
1621091145738 [ROBOT STATUS: Rotating[False] Running[False] Stop[True]] 
1621091145738 [vx:0.0 vy:0.0 yaw:0.0] 
1621091145801 [Update odom] 
1621091145827 [ROBOT STATUS: Rotating[False] Running[False] Stop[True]] 
1621091145827 [vx:0.0 vy:0.0 yaw:0.0] 
1621091145901 [Update odom] 
1621091145921 [ROBOT STATUS: Rotating[False] Running[False] Stop[True]] 
1621091145922 [vx:0.0 vy:0.0 yaw:0.0] 
1621091146001 [Update odom] 
1621091146027 [ROBOT STATUS: Rotating[False] Running[False] Stop[True]] 
1621091146027 [vx:0.0 vy:0.0 yaw:0.0] 
1621091146101 [Update odom] 
1621091146120 [ROBOT STATUS: Rotating[False] Running[False] Stop[True]] 
1621091146120 [vx:0.0 vy:0.0 yaw:0.0] 
1621091146207 [Update odom] 
1621091146224 [ROBOT STATUS: Rotating[False] Running[False] Stop[True]] 
1621091146224 [vx:0.0 vy:0.0 yaw:0.0] 
1621091146301 [Update odom] 
1621091146330 [ROBOT STATUS: Rotating[False] Running[False] Stop[True]] 
1621091146330 [vx:0.0 vy:0.0 yaw:0.0] 
1621091146401 [Update odom] 
1621091146420 [ROBOT STATUS: Rotating[False] Running[False] Stop[True]] 
1621091146420 [vx:0.0 vy:0.0 yaw:0.0] 
1621091146501 [Update odom] 
1621091146520 [ROBOT STATUS: Rotating[False] Running[False] Stop[True]] 
1621091146520 [vx:0.0 vy:0.0 yaw:0.0] 
1621091146601 [Update odom] 
1621091146627 [ROBOT STATUS: Rotating[False] Running[False] Stop[True]] 
1621091146627 [vx:0.0 vy:0.0 yaw:0.0] 
1621091146701 [Update odom] 
1621091146723 [ROBOT STATUS: Rotating[False] Running[False] Stop[True]] 
1621091146723 [vx:0.0 vy:0.0 yaw:0.0] 
1621091146801 [Update odom] 
1621091146821 [ROBOT STATUS: Rotating[False] Running[False] Stop[True]] 
1621091146821 [vx:0.0 vy:0.0 yaw:0.0] 
1621091146901 [Update odom] 
1621091146921 [ROBOT STATUS: Rotating[False] Running[False] Stop[True]] 
1621091146921 [vx:0.0 vy:0.0 yaw:0.0] 
1621091147001 [Update odom] 
1621091147021 [ROBOT STATUS: Rotating[False] Running[False] Stop[True]] 
1621091147021 [vx:0.0 vy:0.0 yaw:0.0] 
1621091147101 [Update odom] 
1621091147129 [ROBOT STATUS: Rotating[False] Running[False] Stop[True]] 
1621091147129 [vx:0.0 vy:0.0 yaw:0.0] 
1621091147202 [Update odom] 
1621091147238 [ROBOT STATUS: Rotating[False] Running[False] Stop[True]] 
1621091147239 [vx:0.0 vy:0.0 yaw:0.0] 
1621091147301 [Update odom] 
1621091147324 [ROBOT STATUS: Rotating[False] Running[False] Stop[True]] 
1621091147324 [vx:0.0 vy:0.0 yaw:0.0] 
1621091147401 [Update odom] 
1621091147428 [ROBOT STATUS: Rotating[False] Running[False] Stop[True]] 
1621091147428 [vx:0.0 vy:0.0 yaw:0.0] 
1621091147501 [Update odom] 
1621091147520 [ROBOT STATUS: Rotating[False] Running[False] Stop[True]] 
1621091147520 [vx:0.0 vy:0.0 yaw:0.0] 
1621091147601 [Update odom] 
1621091147628 [log_latest_command] [[ b y t e a r r a y ( b ' \ x a a \ x f f \ x a 0 \ x 0 2 I \ x 0 f \ x 0 e ' ) ]] 
1621091147649 [ROBOT STATUS: Rotating[False] Running[True] Stop[False]] 
1621091147649 [vx:0.0 vy:0.0 yaw:0.0] 
1621091147702 [Update odom] 
1621091147719 [ROBOT STATUS: Rotating[False] Running[True] Stop[False]] 
1621091147719 [vx:0.0 vy:0.0 yaw:0.0] 
1621091147801 [Update odom] 
1621091147820 [ROBOT STATUS: Rotating[False] Running[True] Stop[False]] 
1621091147820 [vx:0.0 vy:0.0 yaw:0.0] 
1621091147901 [Update odom] 
1621091147926 [ROBOT STATUS: Rotating[False] Running[True] Stop[False]] 
1621091147926 [vx:0.0 vy:0.0 yaw:0.0] 
1621091148001 [Update odom] 
1621091148030 [ROBOT STATUS: Rotating[False] Running[True] Stop[False]] 
1621091148030 [vx:0.0 vy:0.0 yaw:0.0] 
1621091148101 [Update odom] 
1621091148120 [ROBOT STATUS: Rotating[False] Running[True] Stop[False]] 
1621091148120 [vx:0.0 vy:0.0 yaw:0.0] 
1621091148201 [Update odom] 
1621091148220 [ROBOT STATUS: Rotating[False] Running[True] Stop[False]] 
1621091148220 [vx:0.0 vy:0.0 yaw:0.0] 
1621091148301 [Update odom] 
1621091148323 [ROBOT STATUS: Rotating[False] Running[True] Stop[False]] 
1621091148323 [vx:0.0 vy:0.0 yaw:0.0] 
1621091148401 [Update odom] 
1621091148420 [ROBOT STATUS: Rotating[False] Running[True] Stop[False]] 
1621091148420 [vx:0.0 vy:0.0 yaw:0.0] 
1621091148506 [Update odom] 
1621091148523 [ROBOT STATUS: Rotating[False] Running[True] Stop[False]] 
1621091148523 [vx:0.0 vy:0.0 yaw:0.0] 
1621091148601 [Update odom] 
1621091148620 [ROBOT STATUS: Rotating[False] Running[True] Stop[False]] 
1621091148620 [vx:0.0 vy:0.0 yaw:0.0] 
1621091148701 [Update odom] 
1621091148724 [ROBOT STATUS: Rotating[False] Running[True] Stop[False]] 
1621091148724 [vx:0.0 vy:0.0 yaw:0.0] 
1621091148801 [Update odom] 
1621091148821 [ROBOT STATUS: Rotating[False] Running[True] Stop[False]] 
1621091148821 [vx:0.0 vy:0.0 yaw:0.0] 
1621091148901 [Update odom] 
1621091148920 [ROBOT STATUS: Rotating[False] Running[True] Stop[False]] 
1621091148920 [vx:0.0 vy:0.0 yaw:0.0] 
1621091149001 [Update odom] 
1621091149020 [ROBOT STATUS: Rotating[False] Running[True] Stop[False]] 
1621091149020 [vx:0.0 vy:0.0 yaw:0.0] 
1621091149101 [Update odom] 
1621091149120 [ROBOT STATUS: Rotating[False] Running[True] Stop[False]] 
1621091149120 [vx:0.2455 vy:0.0 yaw:0.0] 
1621091149201 [Update odom] 
1621091149220 [ROBOT STATUS: Rotating[False] Running[True] Stop[False]] 
1621091149220 [vx:0.188 vy:0.0 yaw:0.0] 
1621091149301 [Update odom] 
1621091149320 [ROBOT STATUS: Rotating[False] Running[True] Stop[False]] 
1621091149320 [vx:0.1965 vy:0.0 yaw:0.0] 
1621091149401 [Update odom] 
1621091149426 [ROBOT STATUS: Rotating[False] Running[True] Stop[False]] 
1621091149426 [vx:0.1965 vy:0.0 yaw:0.0] 
1621091149505 [Update odom] 
1621091149523 [ROBOT STATUS: Rotating[False] Running[True] Stop[False]] 
1621091149523 [vx:0.2125 vy:0.0 yaw:0.0] 
1621091149601 [Update odom] 
1621091149630 [ROBOT STATUS: Rotating[False] Running[True] Stop[False]] 
1621091149630 [vx:0.18825 vy:0.0 yaw:0.0] 
1621091149701 [Update odom] 
1621091149727 [ROBOT STATUS: Rotating[False] Running[True] Stop[False]] 
1621091149727 [vx:0.18825 vy:0.0 yaw:0.0] 
1621091149801 [Update odom] 
1621091149824 [ROBOT STATUS: Rotating[False] Running[True] Stop[False]] 
1621091149824 [vx:0.19625 vy:0.0 yaw:0.0] 
1621091149901 [Update odom] 
1621091149921 [ROBOT STATUS: Rotating[False] Running[True] Stop[False]] 
1621091149921 [vx:0.188 vy:0.0 yaw:0.0] 
1621091150001 [Update odom] 
1621091150020 [ROBOT STATUS: Rotating[False] Running[True] Stop[False]] 
1621091150020 [vx:0.1965 vy:0.0 yaw:0.0] 
1621091150101 [Update odom] 
1621091150130 [ROBOT STATUS: Rotating[False] Running[True] Stop[False]] 
1621091150130 [vx:0.2125 vy:0.0 yaw:0.0] 
1621091150201 [Update odom] 
1621091150232 [ROBOT STATUS: Rotating[False] Running[True] Stop[False]] 
1621091150232 [vx:0.1965 vy:0.0 yaw:0.0] 
1621091150301 [Update odom] 
1621091150331 [ROBOT STATUS: Rotating[False] Running[True] Stop[False]] 
1621091150331 [vx:0.20425 vy:0.0 yaw:0.0] 
1621091150401 [Update odom] 
1621091150420 [ROBOT STATUS: Rotating[False] Running[True] Stop[False]] 
1621091150420 [vx:0.1965 vy:0.0 yaw:0.0] 
1621091150501 [Update odom] 
1621091150522 [ROBOT STATUS: Rotating[False] Running[True] Stop[False]] 
1621091150522 [vx:0.2045 vy:0.0 yaw:0.0] 
1621091150601 [Update odom] 
1621091150621 [ROBOT STATUS: Rotating[False] Running[True] Stop[False]] 
1621091150621 [vx:0.2045 vy:0.0 yaw:0.0] 
1621091150701 [Update odom] 
1621091150730 [ROBOT STATUS: Rotating[False] Running[True] Stop[False]] 
1621091150730 [vx:0.2045 vy:0.0 yaw:0.0] 
1621091150801 [Update odom] 
1621091150820 [ROBOT STATUS: Rotating[False] Running[True] Stop[False]] 
1621091150820 [vx:0.19625 vy:0.0 yaw:0.0] 
1621091150901 [Update odom] 
1621091150922 [ROBOT STATUS: Rotating[False] Running[True] Stop[False]] 
1621091150922 [vx:0.1965 vy:0.0 yaw:0.0] 
1621091151005 [Update odom] 
1621091151026 [ROBOT STATUS: Rotating[False] Running[True] Stop[False]] 
1621091151026 [vx:0.18825 vy:0.0 yaw:0.0] 
1621091151101 [Update odom] 
1621091151125 [ROBOT STATUS: Rotating[False] Running[True] Stop[False]] 
1621091151125 [vx:0.2045 vy:0.0 yaw:0.0] 
1621091151201 [Update odom] 
1621091151225 [ROBOT STATUS: Rotating[False] Running[True] Stop[False]] 
1621091151225 [vx:0.19625 vy:0.0 yaw:0.0] 
1621091151301 [Update odom] 
1621091151328 [ROBOT STATUS: Rotating[False] Running[True] Stop[False]] 
1621091151328 [vx:0.1965 vy:0.0 yaw:0.0] 
1621091151401 [Update odom] 
1621091151424 [ROBOT STATUS: Rotating[False] Running[True] Stop[False]] 
1621091151424 [vx:0.19625 vy:0.0 yaw:0.0] 
1621091151501 [Update odom] 
1621091151520 [ROBOT STATUS: Rotating[False] Running[True] Stop[False]] 
1621091151520 [vx:0.22075 vy:0.0 yaw:0.0] 
1621091151601 [Update odom] 
1621091151620 [ROBOT STATUS: Rotating[False] Running[True] Stop[False]] 
1621091151620 [vx:0.18825 vy:0.0 yaw:0.0] 
1621091151701 [Update odom] 
1621091151720 [ROBOT STATUS: Rotating[False] Running[True] Stop[False]] 
1621091151720 [vx:0.18 vy:0.0 yaw:0.0] 
1621091151801 [Update odom] 
1621091151825 [ROBOT STATUS: Rotating[False] Running[True] Stop[False]] 
1621091151825 [vx:0.1965 vy:0.0 yaw:0.0] 
1621091151903 [Update odom] 
1621091151926 [ROBOT STATUS: Rotating[False] Running[True] Stop[False]] 
1621091151926 [vx:0.21275 vy:0.0 yaw:0.0] 
1621091152001 [Update odom] 
1621091152022 [ROBOT STATUS: Rotating[False] Running[True] Stop[False]] 
1621091152022 [vx:0.20475 vy:0.0 yaw:0.0] 
1621091152101 [Update odom] 
1621091152120 [ROBOT STATUS: Rotating[False] Running[True] Stop[False]] 
1621091152120 [vx:0.1965 vy:0.0 yaw:0.0] 
1621091152201 [Update odom] 
1621091152222 [ROBOT STATUS: Rotating[False] Running[True] Stop[False]] 
1621091152222 [vx:0.18825 vy:0.0 yaw:0.0] 
1621091152301 [Update odom] 
1621091152320 [ROBOT STATUS: Rotating[False] Running[True] Stop[False]] 
1621091152320 [vx:0.19625 vy:0.0 yaw:0.0] 
1621091152401 [Update odom] 
1621091152420 [ROBOT STATUS: Rotating[False] Running[True] Stop[False]] 
1621091152420 [vx:0.17975 vy:0.0 yaw:0.0] 
1621091152501 [Update odom] 
1621091152537 [ROBOT STATUS: Rotating[False] Running[True] Stop[False]] 
1621091152537 [vx:0.1965 vy:0.0 yaw:0.0] 
1621091152601 [Update odom] 
1621091152624 [ROBOT STATUS: Rotating[False] Running[True] Stop[False]] 
1621091152624 [vx:0.20475 vy:0.0 yaw:0.0] 
1621091152710 [Update odom] 
1621091152736 [log_latest_command] [[ b y t e a r r a y ( b ' \ x a a \ x f f \ x a 0 \ x 0 2 I \ x 0 f \ x 0 e ' ) ]] 
1621091152769 [ROBOT STATUS: Rotating[False] Running[False] Stop[True]] 
1621091152769 [vx:0.213 vy:0.0 yaw:0.0] 
1621091152801 [Update odom] 
1621091152823 [ROBOT STATUS: Rotating[False] Running[False] Stop[True]] 
1621091152823 [vx:0.21275 vy:0.0 yaw:0.0] 
1621091152903 [Update odom] 
1621091152938 [ROBOT STATUS: Rotating[False] Running[False] Stop[True]] 
1621091152938 [vx:0.21275 vy:0.0 yaw:0.0] 
1621091153002 [Update odom] 
1621091153034 [ROBOT STATUS: Rotating[False] Running[False] Stop[True]] 
1621091153035 [vx:0.21275 vy:0.0 yaw:0.0] 
1621091153101 [Update odom] 
1621091153121 [ROBOT STATUS: Rotating[False] Running[False] Stop[True]] 
1621091153122 [vx:0.19625 vy:0.0 yaw:0.0] 
1621091153201 [Update odom] 
1621091153221 [ROBOT STATUS: Rotating[False] Running[False] Stop[True]] 
1621091153221 [vx:0.19625 vy:0.0 yaw:0.0] 
1621091153301 [Update odom] 
1621091153330 [ROBOT STATUS: Rotating[False] Running[False] Stop[True]] 
1621091153330 [vx:0.22075 vy:0.0 yaw:0.0] 
1621091153401 [Update odom] 
1621091153422 [ROBOT STATUS: Rotating[False] Running[False] Stop[True]] 
1621091153422 [vx:0.20425 vy:0.0 yaw:0.0] 
1621091153505 [Update odom] 
1621091153528 [ROBOT STATUS: Rotating[False] Running[False] Stop[True]] 
1621091153528 [vx:0.19625 vy:0.0 yaw:0.0] 
1621091153601 [Update odom] 
1621091153620 [ROBOT STATUS: Rotating[False] Running[False] Stop[True]] 
1621091153620 [vx:0.20475 vy:0.0 yaw:0.0] 
1621091153701 [Update odom] 
1621091153720 [ROBOT STATUS: Rotating[False] Running[False] Stop[True]] 
1621091153720 [vx:0.2125 vy:0.0 yaw:0.0] 
1621091153801 [Update odom] 
1621091153821 [ROBOT STATUS: Rotating[False] Running[False] Stop[True]] 
1621091153821 [vx:0.21275 vy:0.0 yaw:0.0] 
1621091153901 [Update odom] 
1621091153920 [ROBOT STATUS: Rotating[False] Running[False] Stop[True]] 
1621091153920 [vx:0.18825 vy:0.0 yaw:0.0] 
1621091154001 [Update odom] 
1621091154020 [ROBOT STATUS: Rotating[False] Running[False] Stop[True]] 
1621091154020 [vx:0.19625 vy:0.0 yaw:0.0] 
1621091154105 [Update odom] 
1621091154127 [ROBOT STATUS: Rotating[False] Running[False] Stop[True]] 
1621091154127 [vx:0.19625 vy:0.0 yaw:0.0] 
1621091154201 [Update odom] 
1621091154220 [ROBOT STATUS: Rotating[False] Running[False] Stop[True]] 
1621091154220 [vx:0.19625 vy:0.0 yaw:0.0] 
1621091154301 [Update odom] 
1621091154320 [ROBOT STATUS: Rotating[False] Running[False] Stop[True]] 
1621091154320 [vx:0.05675 vy:0.0 yaw:0.0] 
1621091154401 [Update odom] 
1621091154419 [ROBOT STATUS: Rotating[False] Running[False] Stop[True]] 
1621091154419 [vx:0.05675 vy:0.0 yaw:0.0] 
1621091154501 [Update odom] 
1621091154525 [ROBOT STATUS: Rotating[False] Running[False] Stop[True]] 
1621091154525 [vx:0.05675 vy:0.0 yaw:0.0] 
1621091154601 [Update odom] 
1621091154628 [ROBOT STATUS: Rotating[False] Running[False] Stop[True]] 
1621091154628 [vx:0.05675 vy:0.0 yaw:0.0] 
1621091154701 [Update odom] 
1621091154726 [ROBOT STATUS: Rotating[False] Running[False] Stop[True]] 
1621091154726 [vx:0.05675 vy:0.0 yaw:0.0] 
1621091154801 [Update odom] 
1621091154819 [ROBOT STATUS: Rotating[False] Running[False] Stop[True]] 
1621091154819 [vx:0.0 vy:0.0 yaw:0.0] 
1621091154901 [Update odom] 
1621091154920 [ROBOT STATUS: Rotating[False] Running[False] Stop[True]] 
1621091154920 [vx:0.0 vy:0.0 yaw:0.0] 
1621091155001 [Update odom] 
1621091155020 [ROBOT STATUS: Rotating[False] Running[False] Stop[True]] 
1621091155020 [vx:0.0 vy:0.0 yaw:0.0] 
1621091155101 [Update odom] 
1621091155120 [ROBOT STATUS: Rotating[False] Running[False] Stop[True]] 
1621091155120 [vx:0.0 vy:0.0 yaw:0.0] 
1621091155201 [Update odom] 
1621091155221 [ROBOT STATUS: Rotating[False] Running[False] Stop[True]] 
1621091155221 [vx:0.0 vy:0.0 yaw:0.0] 
1621091155301 [Update odom] 
1621091155324 [ROBOT STATUS: Rotating[False] Running[False] Stop[True]] 
1621091155324 [vx:0.0 vy:0.0 yaw:0.0] 
1621091155401 [Update odom] 
1621091155420 [ROBOT STATUS: Rotating[False] Running[False] Stop[True]] 
1621091155420 [vx:0.0 vy:0.0 yaw:0.0] 
1621091155501 [Update odom] 
1621091155525 [ROBOT STATUS: Rotating[False] Running[False] Stop[True]] 
1621091155525 [vx:0.0 vy:0.0 yaw:0.0] 
1621091155601 [Update odom] 
1621091155620 [ROBOT STATUS: Rotating[False] Running[False] Stop[True]] 
1621091155620 [vx:0.0 vy:0.0 yaw:0.0] 
1621091155701 [Update odom] 
1621091155723 [ROBOT STATUS: Rotating[False] Running[False] Stop[True]] 
1621091155723 [vx:0.0 vy:0.0 yaw:0.0] 
1621091155803 [Update odom] 
1621091155824 [ROBOT STATUS: Rotating[False] Running[False] Stop[True]] 
1621091155824 [vx:0.0 vy:0.0 yaw:0.0] 
1621091155901 [Update odom] 
1621091155922 [ROBOT STATUS: Rotating[False] Running[False] Stop[True]] 
1621091155922 [vx:0.0 vy:0.0 yaw:0.0] 
1621091156025 [log_latest_command] [[ b y t e a r r a y ( b ' \ x a a \ x f f \ x a 0 \ x 0 2 I \ x 0 f \ x 0 e ' ) ]] 
1621091156025 [Update odom] 
1621091156075 [ROBOT STATUS: Rotating[False] Running[False] Stop[True]] 
1621091156075 [vx:0.0 vy:0.0 yaw:0.0] 
1621091156101 [Update odom] 
1621091156131 [ROBOT STATUS: Rotating[False] Running[False] Stop[True]] 
1621091156131 [vx:0.0 vy:0.0 yaw:0.0] 
1621091156201 [Update odom] 
1621091156222 [ROBOT STATUS: Rotating[False] Running[False] Stop[True]] 
1621091156222 [vx:0.0 vy:0.0 yaw:0.0] 
1621091156301 [Update odom] 
1621091156319 [ROBOT STATUS: Rotating[False] Running[False] Stop[True]] 
1621091156320 [vx:0.0 vy:0.0 yaw:0.0] 
1621091156401 [Update odom] 
1621091156420 [ROBOT STATUS: Rotating[False] Running[False] Stop[True]] 
1621091156420 [vx:0.0 vy:0.0 yaw:0.0] 
1621091156501 [Update odom] 
1621091156520 [ROBOT STATUS: Rotating[False] Running[False] Stop[True]] 
1621091156520 [vx:0.0 vy:0.0 yaw:0.0] 
1621091156601 [Update odom] 
1621091156624 [ROBOT STATUS: Rotating[False] Running[False] Stop[True]] 
1621091156624 [vx:0.0 vy:0.0 yaw:0.0] 
1621091156701 [Update odom] 
1621091156727 [ROBOT STATUS: Rotating[False] Running[False] Stop[True]] 
1621091156727 [vx:0.0 vy:0.0 yaw:0.0] 
1621091156801 [Update odom] 
1621091156828 [log_latest_command] [[ b y t e a r r a y ( b ' \ x a a \ x f f \ x a 0 \ x 0 2 I \ x 0 f \ x 0 e ' ) ]] 
1621091156852 [ROBOT STATUS: Rotating[False] Running[True] Stop[False]] 
1621091156852 [vx:0.0 vy:0.0 yaw:0.0] 
1621091156901 [Update odom] 
1621091156931 [ROBOT STATUS: Rotating[False] Running[True] Stop[False]] 
1621091156931 [vx:0.0 vy:0.0 yaw:0.0] 
1621091157001 [Update odom] 
1621091157031 [ROBOT STATUS: Rotating[False] Running[True] Stop[False]] 
1621091157031 [vx:0.0 vy:0.0 yaw:0.0] 
1621091157101 [Update odom] 
1621091157130 [ROBOT STATUS: Rotating[False] Running[True] Stop[False]] 
1621091157130 [vx:0.0 vy:0.0 yaw:0.0] 
1621091157201 [Update odom] 
1621091157224 [ROBOT STATUS: Rotating[False] Running[True] Stop[False]] 
1621091157224 [vx:0.0 vy:0.0 yaw:0.0] 
1621091157301 [Update odom] 
1621091157320 [ROBOT STATUS: Rotating[False] Running[True] Stop[False]] 
1621091157320 [vx:0.0 vy:0.0 yaw:0.0] 
1621091157401 [Update odom] 
1621091157422 [ROBOT STATUS: Rotating[False] Running[True] Stop[False]] 
1621091157423 [vx:0.0 vy:0.0 yaw:0.0] 
1621091157501 [Update odom] 
1621091157531 [ROBOT STATUS: Rotating[False] Running[True] Stop[False]] 
1621091157531 [vx:0.0 vy:0.0 yaw:0.0] 
1621091157601 [Update odom] 
1621091157624 [ROBOT STATUS: Rotating[False] Running[True] Stop[False]] 
1621091157624 [vx:0.0 vy:0.0 yaw:0.0] 
1621091157701 [Update odom] 
1621091157720 [ROBOT STATUS: Rotating[False] Running[True] Stop[False]] 
1621091157720 [vx:0.0 vy:0.0 yaw:0.0] 
1621091157801 [Update odom] 
1621091157820 [ROBOT STATUS: Rotating[False] Running[True] Stop[False]] 
1621091157820 [vx:0.0 vy:0.0 yaw:0.0] 
1621091157901 [Update odom] 
1621091157920 [ROBOT STATUS: Rotating[False] Running[True] Stop[False]] 
1621091157920 [vx:0.0 vy:0.0 yaw:0.0] 
1621091158001 [Update odom] 
1621091158021 [ROBOT STATUS: Rotating[False] Running[True] Stop[False]] 
1621091158021 [vx:0.0 vy:0.0 yaw:0.0] 
1621091158101 [Update odom] 
1621091158121 [ROBOT STATUS: Rotating[False] Running[True] Stop[False]] 
1621091158121 [vx:0.0 vy:0.0 yaw:0.0] 
1621091158201 [Update odom] 
1621091158220 [ROBOT STATUS: Rotating[False] Running[True] Stop[False]] 
1621091158220 [vx:0.0 vy:0.0 yaw:0.0] 
1621091158301 [Update odom] 
1621091158320 [ROBOT STATUS: Rotating[False] Running[True] Stop[False]] 
1621091158320 [vx:0.0 vy:0.0 yaw:0.0] 
1621091158401 [Update odom] 
1621091158420 [ROBOT STATUS: Rotating[False] Running[True] Stop[False]] 
1621091158420 [vx:0.0 vy:0.0 yaw:0.0] 
1621091158501 [Update odom] 
1621091158519 [ROBOT STATUS: Rotating[False] Running[True] Stop[False]] 
1621091158520 [vx:0.0 vy:0.0 yaw:0.0] 
1621091158601 [Update odom] 
1621091158624 [ROBOT STATUS: Rotating[False] Running[True] Stop[False]] 
1621091158624 [vx:0.0 vy:0.0 yaw:0.0] 
1621091158701 [Update odom] 
1621091158735 [ROBOT STATUS: Rotating[False] Running[True] Stop[False]] 
1621091158735 [vx:0.0 vy:0.0 yaw:0.0] 
1621091158803 [Update odom] 
1621091158835 [ROBOT STATUS: Rotating[False] Running[True] Stop[False]] 
1621091158835 [vx:0.0 vy:0.0 yaw:0.0] 
1621091158901 [Update odom] 
1621091158924 [ROBOT STATUS: Rotating[False] Running[True] Stop[False]] 
1621091158924 [vx:0.0 vy:0.0 yaw:0.0] 
1621091159001 [Update odom] 
1621091159027 [ROBOT STATUS: Rotating[False] Running[True] Stop[False]] 
1621091159027 [vx:0.0 vy:0.0 yaw:0.0] 
1621091159101 [Update odom] 
1621091159120 [ROBOT STATUS: Rotating[False] Running[True] Stop[False]] 
1621091159120 [vx:0.0 vy:0.0 yaw:0.0] 
1621091159201 [Update odom] 
1621091159220 [ROBOT STATUS: Rotating[False] Running[True] Stop[False]] 
1621091159221 [vx:0.0 vy:0.0 yaw:0.0] 
1621091159301 [Update odom] 
1621091159327 [ROBOT STATUS: Rotating[False] Running[True] Stop[False]] 
1621091159327 [vx:0.0 vy:0.0 yaw:0.0] 
1621091159401 [Update odom] 
1621091159424 [ROBOT STATUS: Rotating[False] Running[True] Stop[False]] 
1621091159424 [vx:0.0 vy:0.0 yaw:0.0] 
1621091159501 [Update odom] 
1621091159520 [ROBOT STATUS: Rotating[False] Running[True] Stop[False]] 
1621091159520 [vx:0.18825 vy:0.0 yaw:0.0] 
1621091159601 [Update odom] 
1621091159623 [ROBOT STATUS: Rotating[False] Running[True] Stop[False]] 
1621091159623 [vx:0.21275 vy:0.0 yaw:0.0] 
1621091159701 [Update odom] 
1621091159721 [ROBOT STATUS: Rotating[False] Running[True] Stop[False]] 
1621091159721 [vx:0.18 vy:0.0 yaw:0.0] 
1621091159801 [Update odom] 
1621091159821 [ROBOT STATUS: Rotating[False] Running[True] Stop[False]] 
1621091159821 [vx:0.18825 vy:0.0 yaw:0.0] 
1621091159859 [log_latest_command] [[ b y t e a r r a y ( b ' \ x a a \ x f f \ x a 0 \ x 0 2 I \ x 0 f \ x 0 e ' ) ]] 
1621091159901 [Update odom] 
1621091159925 [ROBOT STATUS: Rotating[False] Running[False] Stop[True]] 
1621091159926 [vx:0.19625 vy:0.0 yaw:0.0] 
1621091160001 [Update odom] 
1621091160026 [ROBOT STATUS: Rotating[False] Running[False] Stop[True]] 
1621091160026 [vx:0.18825 vy:0.0 yaw:0.0] 
1621091160101 [Update odom] 
1621091160122 [ROBOT STATUS: Rotating[False] Running[False] Stop[True]] 
1621091160122 [vx:0.2045 vy:0.0 yaw:0.0] 
1621091160202 [Update odom] 
1621091160232 [ROBOT STATUS: Rotating[False] Running[False] Stop[True]] 
1621091160232 [vx:0.18825 vy:0.0 yaw:0.0] 
1621091160301 [Update odom] 
1621091160323 [ROBOT STATUS: Rotating[False] Running[False] Stop[True]] 
1621091160323 [vx:0.20475 vy:0.0 yaw:0.0] 
1621091160402 [Update odom] 
1621091160426 [ROBOT STATUS: Rotating[False] Running[False] Stop[True]] 
1621091160426 [vx:0.221 vy:0.0 yaw:0.0] 
1621091160501 [Update odom] 
1621091160530 [ROBOT STATUS: Rotating[False] Running[False] Stop[True]] 
1621091160531 [vx:0.19625 vy:0.0 yaw:0.0] 
1621091160605 [Update odom] 
1621091160643 [ROBOT STATUS: Rotating[False] Running[False] Stop[True]] 
1621091160643 [vx:0.19625 vy:0.0 yaw:0.0] 
1621091160701 [Update odom] 
1621091160733 [ROBOT STATUS: Rotating[False] Running[False] Stop[True]] 
1621091160736 [vx:0.188 vy:0.0 yaw:0.0] 
1621091160801 [Update odom] 
1621091160834 [ROBOT STATUS: Rotating[False] Running[False] Stop[True]] 
1621091160834 [vx:0.18825 vy:0.0 yaw:0.0] 
1621091160901 [Update odom] 
1621091160963 [ROBOT STATUS: Rotating[False] Running[False] Stop[True]] 
1621091160963 [vx:0.2045 vy:0.0 yaw:0.0] 
