1622217779521 [Opening serial port: /dev/ttyTHS1.] 
1622217779847 [The robot is connected to ] [/dev/ttyTHS1] 
1622217779847 [Initial robot's topic...] 
1622217818224 [log_latest_command] [[ b y t e a r r a y ( b ' \ x a a \ x f f \ x a 2 \ x d 0 \ x 0 7 \ x 0 0 \ x d 0 \ x 0 7 \ x 0 0 \ x 0 3 \ x f 9 \ x 0 f \ x 0 e ' ) ]] 
1622217819012 [log_latest_command] [[ b y t e a r r a y ( b ' \ x a a \ x f f \ x a 5 \ x 0 2 N \ x 0 f \ x 0 e ' ) ]] 
1622217819546 [log_latest_command] [[ b y t e a r r a y ( b ' \ x a a \ x f f \ x a 2 \ x d 0 \ x 0 7 \ x 0 0 \ x 9 0 \ x 0 1 \ x 0 0 \ x 0 3 \ x b 3 \ x 0 f \ x 0 e ' ) ]] 
1622217819986 [log_latest_command] [[ b y t e a r r a y ( b ' \ x a a \ x f f \ x a 5 \ x 0 2 N \ x 0 f \ x 0 e ' ) ]] 
1622217823808 [log_latest_command] [[ b y t e a r r a y ( b ' \ x a a \ x f f \ x a 2 \ x d 0 \ x 0 7 \ x 0 0 \ x 9 0 \ x 0 1 \ x 0 0 \ x 0 3 \ x b 3 \ x 0 f \ x 0 e ' ) ]] 
1622217825153 [log_latest_command] [[ b y t e a r r a y ( b ' \ x a a \ x f f \ x a 5 \ x 0 2 N \ x 0 f \ x 0 e ' ) ]] 
1622217827045 [log_latest_command] [[ b y t e a r r a y ( b ' \ x a a \ x f f \ x a 2 \ x d 0 \ x 0 7 \ x 0 0 \ x d 0 \ x 0 7 \ x 0 0 \ x 0 3 \ x f 9 \ x 0 f \ x 0 e ' ) ]] 
1622217827588 [log_latest_command] [[ b y t e a r r a y ( b ' \ x a a \ x f f \ x a 2 \ x 9 0 \ x 0 1 \ x 0 0 \ x d 0 \ x 0 7 \ x 0 0 \ x 0 3 \ x b 3 \ x 0 f \ x 0 e ' ) ]] 
1622217828369 [log_latest_command] [[ b y t e a r r a y ( b ' \ x a a \ x f f \ x a 5 \ x 0 2 N \ x 0 f \ x 0 e ' ) ]] 
1622217828903 [log_latest_command] [[ b y t e a r r a y ( b ' \ x a a \ x f f \ x a 2 \ x 9 0 \ x 0 1 \ x 0 0 \ x d 0 \ x 0 7 \ x 0 0 \ x 0 3 \ x b 3 \ x 0 f \ x 0 e ' ) ]] 
1622217829284 [log_latest_command] [[ b y t e a r r a y ( b ' \ x a a \ x f f \ x a 5 \ x 0 2 N \ x 0 f \ x 0 e ' ) ]] 
1622217829778 [log_latest_command] [[ b y t e a r r a y ( b ' \ x a a \ x f f \ x a 2 \ x d 0 \ x 0 7 \ x f f \ x d 0 \ x 0 7 \ x f f \ x 0 5 \ x f 7 \ x 0 f \ x 0 e ' ) ]] 
1622217836897 [log_latest_command] [[ b y t e a r r a y ( b ' \ x a a \ x f f \ x a 2 \ x d 0 \ x 0 7 \ x f f \ x 9 0 \ x 0 1 \ x f f \ x 0 5 \ x b 1 \ x 0 f \ x 0 e ' ) ]] 
1622217840323 [log_latest_command] [[ b y t e a r r a y ( b ' \ x a a \ x f f \ x a 5 \ x 0 2 N \ x 0 f \ x 0 e ' ) ]] 
1622217845135 [log_latest_command] [[ b y t e a r r a y ( b ' \ x a a \ x f f \ x a 2 \ x d 0 \ x 0 7 \ x 0 0 \ x d 0 \ x 0 7 \ x 0 0 \ x 0 3 \ x f 9 \ x 0 f \ x 0 e ' ) ]] 
1622217849252 [log_latest_command] [[ b y t e a r r a y ( b ' \ x a a \ x f f \ x a 2 \ x 9 0 \ x 0 1 \ x 0 0 \ x d 0 \ x 0 7 \ x 0 0 \ x 0 3 \ x b 3 \ x 0 f \ x 0 e ' ) ]] 
1622217855604 [log_latest_command] [[ b y t e a r r a y ( b ' \ x a a \ x f f \ x a 2 \ x d 0 \ x 0 7 \ x 0 0 \ x d 0 \ x 0 7 \ x 0 0 \ x 0 3 \ x f 9 \ x 0 f \ x 0 e ' ) ]] 
1622217860479 [log_latest_command] [[ b y t e a r r a y ( b ' \ x a a \ x f f \ x a 2 \ x d 0 \ x 0 7 \ x 0 0 \ x 9 0 \ x 0 1 \ x 0 0 \ x 0 3 \ x b 3 \ x 0 f \ x 0 e ' ) ]] 
1622217860994 [log_latest_command] [[ b y t e a r r a y ( b ' \ x a a \ x f f \ x a 5 \ x 0 2 N \ x 0 f \ x 0 e ' ) ]] 
1622217866890 [log_latest_command] [[ b y t e a r r a y ( b ' \ x a a \ x f f \ x a 2 \ x d 0 \ x 0 7 \ x 0 0 \ x d 0 \ x 0 7 \ x 0 0 \ x 0 3 \ x f 9 \ x 0 f \ x 0 e ' ) ]] 
1622217872748 [log_latest_command] [[ b y t e a r r a y ( b ' \ x a a \ x f f \ x a 5 \ x 0 2 N \ x 0 f \ x 0 e ' ) ]] 
1622217874810 [log_latest_command] [[ b y t e a r r a y ( b ' \ x a a \ x f f \ x a 2 \ x d 0 \ x 0 7 \ x 0 0 \ x d 0 \ x 0 7 \ x 0 0 \ x 0 3 \ x f 9 \ x 0 f \ x 0 e ' ) ]] 
1622217875286 [log_latest_command] [[ b y t e a r r a y ( b ' \ x a a \ x f f \ x a 5 \ x 0 2 N \ x 0 f \ x 0 e ' ) ]] 
1622217875891 [log_latest_command] [[ b y t e a r r a y ( b ' \ x a a \ x f f \ x a 2 @ \ x 0 6 \ x 0 0 @ \ x 0 6 \ x f f \ x 0 3 \ x d 6 \ x 0 f \ x 0 e ' ) ]] 
1622217876374 [log_latest_command] [[ b y t e a r r a y ( b ' \ x a a \ x f f \ x a 5 \ x 0 2 N \ x 0 f \ x 0 e ' ) ]] 
1622217878589 [log_latest_command] [[ b y t e a r r a y ( b ' \ x a a \ x f f \ x a 2 @ \ x 0 6 \ x f f @ \ x 0 6 \ x 0 0 \ x 0 3 \ x d 6 \ x 0 f \ x 0 e ' ) ]] 
1622217879826 [log_latest_command] [[ b y t e a r r a y ( b ' \ x a a \ x f f \ x a 5 \ x 0 2 N \ x 0 f \ x 0 e ' ) ]] 
1622217880371 [log_latest_command] [[ b y t e a r r a y ( b ' \ x a a \ x f f \ x a 2 \ x d 0 \ x 0 7 \ x 0 0 \ x d 0 \ x 0 7 \ x 0 0 \ x 0 3 \ x f 9 \ x 0 f \ x 0 e ' ) ]] 
1622217882500 [log_latest_command] [[ b y t e a r r a y ( b ' \ x a a \ x f f \ x a 2 \ x 9 0 \ x 0 1 \ x 0 0 \ x d 0 \ x 0 7 \ x 0 0 \ x 0 3 \ x b 3 \ x 0 f \ x 0 e ' ) ]] 
1622217883420 [log_latest_command] [[ b y t e a r r a y ( b ' \ x a a \ x f f \ x a 2 \ x d 0 \ x 0 7 \ x 0 0 \ x d 0 \ x 0 7 \ x 0 0 \ x 0 3 \ x f 9 \ x 0 f \ x 0 e ' ) ]] 
1622217888912 [log_latest_command] [[ b y t e a r r a y ( b ' \ x a a \ x f f \ x a 2 \ x 9 0 \ x 0 1 \ x 0 0 \ x d 0 \ x 0 7 \ x 0 0 \ x 0 3 \ x b 3 \ x 0 f \ x 0 e ' ) ]] 
1622217889768 [log_latest_command] [[ b y t e a r r a y ( b ' \ x a a \ x f f \ x a 2 \ x d 0 \ x 0 7 \ x 0 0 \ x d 0 \ x 0 7 \ x 0 0 \ x 0 3 \ x f 9 \ x 0 f \ x 0 e ' ) ]] 
1622217892865 [log_latest_command] [[ b y t e a r r a y ( b ' \ x a a \ x f f \ x a 2 \ x d 0 \ x 0 7 \ x 0 0 \ x 9 0 \ x 0 1 \ x 0 0 \ x 0 3 \ x b 3 \ x 0 f \ x 0 e ' ) ]] 
1622217896907 [log_latest_command] [[ b y t e a r r a y ( b ' \ x a a \ x f f \ x a 2 \ x 9 0 \ x 0 1 \ x 0 0 \ x d 0 \ x 0 7 \ x 0 0 \ x 0 3 \ x b 3 \ x 0 f \ x 0 e ' ) ]] 
1622217897083 [log_latest_command] [[ b y t e a r r a y ( b ' \ x a a \ x f f \ x a 2 \ x d 0 \ x 0 7 \ x 0 0 \ x 9 0 \ x 0 1 \ x 0 0 \ x 0 3 \ x b 3 \ x 0 f \ x 0 e ' ) ]] 
1622217898675 [log_latest_command] [[ b y t e a r r a y ( b ' \ x a a \ x f f \ x a 2 \ x d 0 \ x 0 7 \ x 0 0 \ x 9 0 \ x 0 1 \ x 0 0 \ x 0 3 \ x b 3 \ x 0 f \ x 0 e ' ) ]] 
1622217906139 [log_latest_command] [[ b y t e a r r a y ( b ' \ x a a \ x f f \ x a 2 \ x 9 0 \ x 0 1 \ x 0 0 \ x d 0 \ x 0 7 \ x 0 0 \ x 0 3 \ x b 3 \ x 0 f \ x 0 e ' ) ]] 
1622217907862 [log_latest_command] [[ b y t e a r r a y ( b ' \ x a a \ x f f \ x a 2 \ x d 0 \ x 0 7 \ x 0 0 \ x d 0 \ x 0 7 \ x 0 0 \ x 0 3 \ x f 9 \ x 0 f \ x 0 e ' ) ]] 
1622217908993 [log_latest_command] [[ b y t e a r r a y ( b ' \ x a a \ x f f \ x a 2 \ x 9 0 \ x 0 1 \ x 0 0 \ x d 0 \ x 0 7 \ x 0 0 \ x 0 3 \ x b 3 \ x 0 f \ x 0 e ' ) ]] 
1622217909616 [log_latest_command] [[ b y t e a r r a y ( b ' \ x a a \ x f f \ x a 5 \ x 0 2 N \ x 0 f \ x 0 e ' ) ]] 
1622217910481 [log_latest_command] [[ b y t e a r r a y ( b ' \ x a a \ x f f \ x a 2 \ x d 0 \ x 0 7 \ x f f \ x d 0 \ x 0 7 \ x f f \ x 0 5 \ x f 7 \ x 0 f \ x 0 e ' ) ]] 
1622217912282 [log_latest_command] [[ b y t e a r r a y ( b ' \ x a a \ x f f \ x a 2 \ x d 0 \ x 0 7 \ x f f \ x 9 0 \ x 0 1 \ x f f \ x 0 5 \ x b 1 \ x 0 f \ x 0 e ' ) ]] 
1622217912725 [log_latest_command] [[ b y t e a r r a y ( b ' \ x a a \ x f f \ x a 5 \ x 0 2 N \ x 0 f \ x 0 e ' ) ]] 
1622217920732 [log_latest_command] [[ b y t e a r r a y ( b ' \ x a a \ x f f \ x a 2 \ x d 0 \ x 0 7 \ x 0 0 \ x d 0 \ x 0 7 \ x 0 0 \ x 0 3 \ x f 9 \ x 0 f \ x 0 e ' ) ]] 
1622217921635 [log_latest_command] [[ b y t e a r r a y ( b ' \ x a a \ x f f \ x a 2 \ x d 0 \ x 0 7 \ x 0 0 \ x 9 0 \ x 0 1 \ x 0 0 \ x 0 3 \ x b 3 \ x 0 f \ x 0 e ' ) ]] 
1622217922027 [log_latest_command] [[ b y t e a r r a y ( b ' \ x a a \ x f f \ x a 5 \ x 0 2 N \ x 0 f \ x 0 e ' ) ]] 
1622217926443 [log_latest_command] [[ b y t e a r r a y ( b ' \ x a a \ x f f \ x a 2 @ \ x 0 6 \ x f f @ \ x 0 6 \ x 0 0 \ x 0 3 \ x d 6 \ x 0 f \ x 0 e ' ) ]] 
1622217935590 [log_latest_command] [[ b y t e a r r a y ( b ' \ x a a \ x f f \ x a 5 \ x 0 2 N \ x 0 f \ x 0 e ' ) ]] 
1622217936040 [log_latest_command] [[ b y t e a r r a y ( b ' \ x a a \ x f f \ x a 2 \ x d 0 \ x 0 7 \ x 0 0 \ x d 0 \ x 0 7 \ x 0 0 \ x 0 3 \ x f 9 \ x 0 f \ x 0 e ' ) ]] 
1622217936587 [log_latest_command] [[ b y t e a r r a y ( b ' \ x a a \ x f f \ x a 5 \ x 0 2 N \ x 0 f \ x 0 e ' ) ]] 
1622217937905 [log_latest_command] [[ b y t e a r r a y ( b ' \ x a a \ x f f \ x a 2 @ \ x 0 6 \ x 0 0 @ \ x 0 6 \ x f f \ x 0 3 \ x d 6 \ x 0 f \ x 0 e ' ) ]] 
1622217938235 [log_latest_command] [[ b y t e a r r a y ( b ' \ x a a \ x f f \ x a 5 \ x 0 2 N \ x 0 f \ x 0 e ' ) ]] 
1622217941662 [log_latest_command] [[ b y t e a r r a y ( b ' \ x a a \ x f f \ x a 2 @ \ x 0 6 \ x f f @ \ x 0 6 \ x 0 0 \ x 0 3 \ x d 6 \ x 0 f \ x 0 e ' ) ]] 
1622217942446 [log_latest_command] [[ b y t e a r r a y ( b ' \ x a a \ x f f \ x a 5 \ x 0 2 N \ x 0 f \ x 0 e ' ) ]] 
1622217943164 [log_latest_command] [[ b y t e a r r a y ( b ' \ x a a \ x f f \ x a 2 @ \ x 0 6 \ x f f @ \ x 0 6 \ x 0 0 \ x 0 3 \ x d 6 \ x 0 f \ x 0 e ' ) ]] 
1622217945370 [log_latest_command] [[ b y t e a r r a y ( b ' \ x a a \ x f f \ x a 5 \ x 0 2 N \ x 0 f \ x 0 e ' ) ]] 
1622217946636 [log_latest_command] [[ b y t e a r r a y ( b ' \ x a a \ x f f \ x a 2 \ x d 0 \ x 0 7 \ x 0 0 \ x d 0 \ x 0 7 \ x 0 0 \ x 0 3 \ x f 9 \ x 0 f \ x 0 e ' ) ]] 
1622217947849 [log_latest_command] [[ b y t e a r r a y ( b ' \ x a a \ x f f \ x a 5 \ x 0 2 N \ x 0 f \ x 0 e ' ) ]] 
1622217953905 [log_latest_command] [[ b y t e a r r a y ( b ' \ x a a \ x f f \ x a 2 @ \ x 0 6 \ x f f @ \ x 0 6 \ x 0 0 \ x 0 3 \ x d 6 \ x 0 f \ x 0 e ' ) ]] 
1622217956249 [log_latest_command] [[ b y t e a r r a y ( b ' \ x a a \ x f f \ x a 5 \ x 0 2 N \ x 0 f \ x 0 e ' ) ]] 
1622217957782 [log_latest_command] [[ b y t e a r r a y ( b ' \ x a a \ x f f \ x a 2 \ x d 0 \ x 0 7 \ x 0 0 \ x d 0 \ x 0 7 \ x 0 0 \ x 0 3 \ x f 9 \ x 0 f \ x 0 e ' ) ]] 
1622217962351 [log_latest_command] [[ b y t e a r r a y ( b ' \ x a a \ x f f \ x a 2 \ x d 0 \ x 0 7 \ x 0 0 \ x 9 0 \ x 0 1 \ x 0 0 \ x 0 3 \ x b 3 \ x 0 f \ x 0 e ' ) ]] 
1622217963830 [log_latest_command] [[ b y t e a r r a y ( b ' \ x a a \ x f f \ x a 2 \ x 9 0 \ x 0 1 \ x 0 0 \ x d 0 \ x 0 7 \ x 0 0 \ x 0 3 \ x b 3 \ x 0 f \ x 0 e ' ) ]] 
1622217970571 [log_latest_command] [[ b y t e a r r a y ( b ' \ x a a \ x f f \ x a 2 \ x d 0 \ x 0 7 \ x 0 0 \ x d 0 \ x 0 7 \ x 0 0 \ x 0 3 \ x f 9 \ x 0 f \ x 0 e ' ) ]] 
1622217971401 [log_latest_command] [[ b y t e a r r a y ( b ' \ x a a \ x f f \ x a 5 \ x 0 2 N \ x 0 f \ x 0 e ' ) ]] 
1622217971788 [log_latest_command] [[ b y t e a r r a y ( b ' \ x a a \ x f f \ x a 5 \ x 0 2 N \ x 0 f \ x 0 e ' ) ]] 
1622217972794 [log_latest_command] [[ b y t e a r r a y ( b ' \ x a a \ x f f \ x a 2 \ x d 0 \ x 0 7 \ x 0 0 \ x d 0 \ x 0 7 \ x 0 0 \ x 0 3 \ x f 9 \ x 0 f \ x 0 e ' ) ]] 
1622217974036 [log_latest_command] [[ b y t e a r r a y ( b ' \ x a a \ x f f \ x a 5 \ x 0 2 N \ x 0 f \ x 0 e ' ) ]] 
1622217974491 [log_latest_command] [[ b y t e a r r a y ( b ' \ x a a \ x f f \ x a 2 @ \ x 0 6 \ x 0 0 @ \ x 0 6 \ x f f \ x 0 3 \ x d 6 \ x 0 f \ x 0 e ' ) ]] 
1622217977070 [log_latest_command] [[ b y t e a r r a y ( b ' \ x a a \ x f f \ x a 2 @ \ x 0 6 \ x 0 0 @ \ x 0 6 \ x f f \ x 0 3 \ x d 6 \ x 0 f \ x 0 e ' ) ]] 
1622217977968 [log_latest_command] [[ b y t e a r r a y ( b ' \ x a a \ x f f \ x a 5 \ x 0 2 N \ x 0 f \ x 0 e ' ) ]] 
1622217978599 [log_latest_command] [[ b y t e a r r a y ( b ' \ x a a \ x f f \ x a 2 @ \ x 0 6 \ x 0 0 @ \ x 0 6 \ x f f \ x 0 3 \ x d 6 \ x 0 f \ x 0 e ' ) ]] 
1622217979745 [log_latest_command] [[ b y t e a r r a y ( b ' \ x a a \ x f f \ x a 5 \ x 0 2 N \ x 0 f \ x 0 e ' ) ]] 
1622217981571 [log_latest_command] [[ b y t e a r r a y ( b ' \ x a a \ x f f \ x a 2 \ x d 0 \ x 0 7 \ x 0 0 \ x d 0 \ x 0 7 \ x 0 0 \ x 0 3 \ x f 9 \ x 0 f \ x 0 e ' ) ]] 
1622217982774 [log_latest_command] [[ b y t e a r r a y ( b ' \ x a a \ x f f \ x a 5 \ x 0 2 N \ x 0 f \ x 0 e ' ) ]] 
1622217984094 [log_latest_command] [[ b y t e a r r a y ( b ' \ x a a \ x f f \ x a 2 @ \ x 0 6 \ x 0 0 @ \ x 0 6 \ x f f \ x 0 3 \ x d 6 \ x 0 f \ x 0 e ' ) ]] 
1622217985364 [log_latest_command] [[ b y t e a r r a y ( b ' \ x a a \ x f f \ x a 5 \ x 0 2 N \ x 0 f \ x 0 e ' ) ]] 
1622217986366 [log_latest_command] [[ b y t e a r r a y ( b ' \ x a a \ x f f \ x a 2 \ x d 0 \ x 0 7 \ x 0 0 \ x d 0 \ x 0 7 \ x 0 0 \ x 0 3 \ x f 9 \ x 0 f \ x 0 e ' ) ]] 
1622217987514 [log_latest_command] [[ b y t e a r r a y ( b ' \ x a a \ x f f \ x a 5 \ x 0 2 N \ x 0 f \ x 0 e ' ) ]] 
1622217988172 [log_latest_command] [[ b y t e a r r a y ( b ' \ x a a \ x f f \ x a 2 @ \ x 0 6 \ x 0 0 @ \ x 0 6 \ x f f \ x 0 3 \ x d 6 \ x 0 f \ x 0 e ' ) ]] 
1622217988981 [log_latest_command] [[ b y t e a r r a y ( b ' \ x a a \ x f f \ x a 5 \ x 0 2 N \ x 0 f \ x 0 e ' ) ]] 
1622217990640 [log_latest_command] [[ b y t e a r r a y ( b ' \ x a a \ x f f \ x a 2 @ \ x 0 6 \ x 0 0 @ \ x 0 6 \ x f f \ x 0 3 \ x d 6 \ x 0 f \ x 0 e ' ) ]] 
1622217992318 [log_latest_command] [[ b y t e a r r a y ( b ' \ x a a \ x f f \ x a 5 \ x 0 2 N \ x 0 f \ x 0 e ' ) ]] 
1622217992677 [log_latest_command] [[ b y t e a r r a y ( b ' \ x a a \ x f f \ x a 2 @ \ x 0 6 \ x 0 0 @ \ x 0 6 \ x f f \ x 0 3 \ x d 6 \ x 0 f \ x 0 e ' ) ]] 
1622217994020 [log_latest_command] [[ b y t e a r r a y ( b ' \ x a a \ x f f \ x a 5 \ x 0 2 N \ x 0 f \ x 0 e ' ) ]] 
1622217999016 [log_latest_command] [[ b y t e a r r a y ( b ' \ x a a \ x f f \ x a 2 \ x d 0 \ x 0 7 \ x 0 0 \ x d 0 \ x 0 7 \ x 0 0 \ x 0 3 \ x f 9 \ x 0 f \ x 0 e ' ) ]] 
1622218000576 [log_latest_command] [[ b y t e a r r a y ( b ' \ x a a \ x f f \ x a 2 \ x 9 0 \ x 0 1 \ x 0 0 \ x d 0 \ x 0 7 \ x 0 0 \ x 0 3 \ x b 3 \ x 0 f \ x 0 e ' ) ]] 
1622218001031 [log_latest_command] [[ b y t e a r r a y ( b ' \ x a a \ x f f \ x a 2 \ x d 0 \ x 0 7 \ x 0 0 \ x d 0 \ x 0 7 \ x 0 0 \ x 0 3 \ x f 9 \ x 0 f \ x 0 e ' ) ]] 
1622218001729 [log_latest_command] [[ b y t e a r r a y ( b ' \ x a a \ x f f \ x a 2 \ x d 0 \ x 0 7 \ x 0 0 \ x d 0 \ x 0 7 \ x 0 0 \ x 0 3 \ x f 9 \ x 0 f \ x 0 e ' ) ]] 
1622218003494 [log_latest_command] [[ b y t e a r r a y ( b ' \ x a a \ x f f \ x a 2 \ x d 0 \ x 0 7 \ x 0 0 \ x 9 0 \ x 0 1 \ x 0 0 \ x 0 3 \ x b 3 \ x 0 f \ x 0 e ' ) ]] 
1622218012476 [log_latest_command] [[ b y t e a r r a y ( b ' \ x a a \ x f f \ x a 2 \ x d 0 \ x 0 7 \ x 0 0 \ x d 0 \ x 0 7 \ x 0 0 \ x 0 3 \ x f 9 \ x 0 f \ x 0 e ' ) ]] 
1622218013304 [log_latest_command] [[ b y t e a r r a y ( b ' \ x a a \ x f f \ x a 2 \ x 9 0 \ x 0 1 \ x 0 0 \ x d 0 \ x 0 7 \ x 0 0 \ x 0 3 \ x b 3 \ x 0 f \ x 0 e ' ) ]] 
1622218014075 [log_latest_command] [[ b y t e a r r a y ( b ' \ x a a \ x f f \ x a 5 \ x 0 2 N \ x 0 f \ x 0 e ' ) ]] 
1622218022795 [log_latest_command] [[ b y t e a r r a y ( b ' \ x a a \ x f f \ x a 2 \ x d 0 \ x 0 7 \ x f f \ x d 0 \ x 0 7 \ x f f \ x 0 5 \ x f 7 \ x 0 f \ x 0 e ' ) ]] 
1622218030170 [log_latest_command] [[ b y t e a r r a y ( b ' \ x a a \ x f f \ x a 5 \ x 0 2 N \ x 0 f \ x 0 e ' ) ]] 
1622218031545 [log_latest_command] [[ b y t e a r r a y ( b ' \ x a a \ x f f \ x a 2 \ x d 0 \ x 0 7 \ x 0 0 \ x d 0 \ x 0 7 \ x 0 0 \ x 0 3 \ x f 9 \ x 0 f \ x 0 e ' ) ]] 
1622218032432 [log_latest_command] [[ b y t e a r r a y ( b ' \ x a a \ x f f \ x a 5 \ x 0 2 N \ x 0 f \ x 0 e ' ) ]] 
1622218033218 [log_latest_command] [[ b y t e a r r a y ( b ' \ x a a \ x f f \ x a 2 \ x d 0 \ x 0 7 \ x 0 0 \ x d 0 \ x 0 7 \ x 0 0 \ x 0 3 \ x f 9 \ x 0 f \ x 0 e ' ) ]] 
1622218034094 [log_latest_command] [[ b y t e a r r a y ( b ' \ x a a \ x f f \ x a 2 \ x 9 0 \ x 0 1 \ x 0 0 \ x d 0 \ x 0 7 \ x 0 0 \ x 0 3 \ x b 3 \ x 0 f \ x 0 e ' ) ]] 
1622218034523 [log_latest_command] [[ b y t e a r r a y ( b ' \ x a a \ x f f \ x a 5 \ x 0 2 N \ x 0 f \ x 0 e ' ) ]] 
1622218039267 [log_latest_command] [[ b y t e a r r a y ( b ' \ x a a \ x f f \ x a 2 \ x d 0 \ x 0 7 \ x 0 0 \ x d 0 \ x 0 7 \ x 0 0 \ x 0 3 \ x f 9 \ x 0 f \ x 0 e ' ) ]] 
1622218042662 [log_latest_command] [[ b y t e a r r a y ( b ' \ x a a \ x f f \ x a 2 \ x d 0 \ x 0 7 \ x 0 0 \ x 9 0 \ x 0 1 \ x 0 0 \ x 0 3 \ x b 3 \ x 0 f \ x 0 e ' ) ]] 
1622218043111 [log_latest_command] [[ b y t e a r r a y ( b ' \ x a a \ x f f \ x a 5 \ x 0 2 N \ x 0 f \ x 0 e ' ) ]] 
1622218043798 [log_latest_command] [[ b y t e a r r a y ( b ' \ x a a \ x f f \ x a 2 @ \ x 0 6 \ x f f @ \ x 0 6 \ x 0 0 \ x 0 3 \ x d 6 \ x 0 f \ x 0 e ' ) ]] 
1622218043862 [log_latest_command] [[ b y t e a r r a y ( b ' \ x a a \ x f f \ x a 2 @ \ x 0 6 \ x 0 0 @ \ x 0 6 \ x f f \ x 0 3 \ x d 6 \ x 0 f \ x 0 e ' ) ]] 
1622218044488 [log_latest_command] [[ b y t e a r r a y ( b ' \ x a a \ x f f \ x a 5 \ x 0 2 N \ x 0 f \ x 0 e ' ) ]] 
1622218048922 [log_latest_command] [[ b y t e a r r a y ( b ' \ x a a \ x f f \ x a 2 @ \ x 0 6 \ x 0 0 @ \ x 0 6 \ x f f \ x 0 3 \ x d 6 \ x 0 f \ x 0 e ' ) ]] 
1622218051978 [log_latest_command] [[ b y t e a r r a y ( b ' \ x a a \ x f f \ x a 5 \ x 0 2 N \ x 0 f \ x 0 e ' ) ]] 
1622218053689 [log_latest_command] [[ b y t e a r r a y ( b ' \ x a a \ x f f \ x a 2 \ x d 0 \ x 0 7 \ x 0 0 \ x d 0 \ x 0 7 \ x 0 0 \ x 0 3 \ x f 9 \ x 0 f \ x 0 e ' ) ]] 
1622218054423 [log_latest_command] [[ b y t e a r r a y ( b ' \ x a a \ x f f \ x a 2 \ x 9 0 \ x 0 1 \ x 0 0 \ x d 0 \ x 0 7 \ x 0 0 \ x 0 3 \ x b 3 \ x 0 f \ x 0 e ' ) ]] 
1622218058776 [log_latest_command] [[ b y t e a r r a y ( b ' \ x a a \ x f f \ x a 2 \ x d 0 \ x 0 7 \ x 0 0 \ x d 0 \ x 0 7 \ x 0 0 \ x 0 3 \ x f 9 \ x 0 f \ x 0 e ' ) ]] 
1622218060771 [log_latest_command] [[ b y t e a r r a y ( b ' \ x a a \ x f f \ x a 2 \ x d 0 \ x 0 7 \ x 0 0 \ x 9 0 \ x 0 1 \ x 0 0 \ x 0 3 \ x b 3 \ x 0 f \ x 0 e ' ) ]] 
1622218061825 [log_latest_command] [[ b y t e a r r a y ( b ' \ x a a \ x f f \ x a 2 \ x d 0 \ x 0 7 \ x 0 0 \ x d 0 \ x 0 7 \ x 0 0 \ x 0 3 \ x f 9 \ x 0 f \ x 0 e ' ) ]] 
1622218063338 [log_latest_command] [[ b y t e a r r a y ( b ' \ x a a \ x f f \ x a 2 \ x d 0 \ x 0 7 \ x 0 0 \ x 9 0 \ x 0 1 \ x 0 0 \ x 0 3 \ x b 3 \ x 0 f \ x 0 e ' ) ]] 
1622218064116 [log_latest_command] [[ b y t e a r r a y ( b ' \ x a a \ x f f \ x a 5 \ x 0 2 N \ x 0 f \ x 0 e ' ) ]] 
1622218066081 [log_latest_command] [[ b y t e a r r a y ( b ' \ x a a \ x f f \ x a 2 \ x d 0 \ x 0 7 \ x f f \ x d 0 \ x 0 7 \ x f f \ x 0 5 \ x f 7 \ x 0 f \ x 0 e ' ) ]] 
1622218067016 [log_latest_command] [[ b y t e a r r a y ( b ' \ x a a \ x f f \ x a 5 \ x 0 2 N \ x 0 f \ x 0 e ' ) ]] 
1622218067894 [log_latest_command] [[ b y t e a r r a y ( b ' \ x a a \ x f f \ x a 2 \ x 9 0 \ x 0 1 \ x f f \ x d 0 \ x 0 7 \ x f f \ x 0 5 \ x b 1 \ x 0 f \ x 0 e ' ) ]] 
1622218068602 [log_latest_command] [[ b y t e a r r a y ( b ' \ x a a \ x f f \ x a 5 \ x 0 2 N \ x 0 f \ x 0 e ' ) ]] 
1622218068947 [log_latest_command] [[ b y t e a r r a y ( b ' \ x a a \ x f f \ x a 2 \ x d 0 \ x 0 7 \ x 0 0 \ x d 0 \ x 0 7 \ x 0 0 \ x 0 3 \ x f 9 \ x 0 f \ x 0 e ' ) ]] 
1622218070167 [log_latest_command] [[ b y t e a r r a y ( b ' \ x a a \ x f f \ x a 2 \ x 9 0 \ x 0 1 \ x 0 0 \ x d 0 \ x 0 7 \ x 0 0 \ x 0 3 \ x b 3 \ x 0 f \ x 0 e ' ) ]] 
1622218070568 [log_latest_command] [[ b y t e a r r a y ( b ' \ x a a \ x f f \ x a 5 \ x 0 2 N \ x 0 f \ x 0 e ' ) ]] 
1622218071082 [log_latest_command] [[ b y t e a r r a y ( b ' \ x a a \ x f f \ x a 2 \ x d 0 \ x 0 7 \ x 0 0 \ x 9 0 \ x 0 1 \ x 0 0 \ x 0 3 \ x b 3 \ x 0 f \ x 0 e ' ) ]] 
1622218071616 [log_latest_command] [[ b y t e a r r a y ( b ' \ x a a \ x f f \ x a 5 \ x 0 2 N \ x 0 f \ x 0 e ' ) ]] 
1622218071981 [log_latest_command] [[ b y t e a r r a y ( b ' \ x a a \ x f f \ x a 2 \ x d 0 \ x 0 7 \ x f f \ x d 0 \ x 0 7 \ x f f \ x 0 5 \ x f 7 \ x 0 f \ x 0 e ' ) ]] 
1622218073269 [log_latest_command] [[ b y t e a r r a y ( b ' \ x a a \ x f f \ x a 2 \ x d 0 \ x 0 7 \ x f f \ x 9 0 \ x 0 1 \ x f f \ x 0 5 \ x b 1 \ x 0 f \ x 0 e ' ) ]] 
1622218073888 [log_latest_command] [[ b y t e a r r a y ( b ' \ x a a \ x f f \ x a 5 \ x 0 2 N \ x 0 f \ x 0 e ' ) ]] 
1622218074171 [log_latest_command] [[ b y t e a r r a y ( b ' \ x a a \ x f f \ x a 2 \ x d 0 \ x 0 7 \ x f f \ x d 0 \ x 0 7 \ x f f \ x 0 5 \ x f 7 \ x 0 f \ x 0 e ' ) ]] 
1622218075795 [log_latest_command] [[ b y t e a r r a y ( b ' \ x a a \ x f f \ x a 2 \ x d 0 \ x 0 7 \ x f f \ x 9 0 \ x 0 1 \ x f f \ x 0 5 \ x b 1 \ x 0 f \ x 0 e ' ) ]] 
1622218076386 [log_latest_command] [[ b y t e a r r a y ( b ' \ x a a \ x f f \ x a 5 \ x 0 2 N \ x 0 f \ x 0 e ' ) ]] 
1622218077834 [log_latest_command] [[ b y t e a r r a y ( b ' \ x a a \ x f f \ x a 2 \ x d 0 \ x 0 7 \ x 0 0 \ x d 0 \ x 0 7 \ x 0 0 \ x 0 3 \ x f 9 \ x 0 f \ x 0 e ' ) ]] 
1622218078883 [log_latest_command] [[ b y t e a r r a y ( b ' \ x a a \ x f f \ x a 2 \ x 9 0 \ x 0 1 \ x 0 0 \ x d 0 \ x 0 7 \ x 0 0 \ x 0 3 \ x b 3 \ x 0 f \ x 0 e ' ) ]] 
1622218079485 [log_latest_command] [[ b y t e a r r a y ( b ' \ x a a \ x f f \ x a 2 \ x d 0 \ x 0 7 \ x 0 0 \ x d 0 \ x 0 7 \ x 0 0 \ x 0 3 \ x f 9 \ x 0 f \ x 0 e ' ) ]] 
1622218086115 [log_latest_command] [[ b y t e a r r a y ( b ' \ x a a \ x f f \ x a 2 \ x 9 0 \ x 0 1 \ x 0 0 \ x d 0 \ x 0 7 \ x 0 0 \ x 0 3 \ x b 3 \ x 0 f \ x 0 e ' ) ]] 
1622218093554 [log_latest_command] [[ b y t e a r r a y ( b ' \ x a a \ x f f \ x a 2 \ x d 0 \ x 0 7 \ x 0 0 \ x d 0 \ x 0 7 \ x 0 0 \ x 0 3 \ x f 9 \ x 0 f \ x 0 e ' ) ]] 
1622218097410 [log_latest_command] [[ b y t e a r r a y ( b ' \ x a a \ x f f \ x a 2 \ x d 0 \ x 0 7 \ x 0 0 \ x 9 0 \ x 0 1 \ x 0 0 \ x 0 3 \ x b 3 \ x 0 f \ x 0 e ' ) ]] 
1622218100307 [log_latest_command] [[ b y t e a r r a y ( b ' \ x a a \ x f f \ x a 2 \ x d 0 \ x 0 7 \ x 0 0 \ x d 0 \ x 0 7 \ x 0 0 \ x 0 3 \ x f 9 \ x 0 f \ x 0 e ' ) ]] 
1622218102062 [log_latest_command] [[ b y t e a r r a y ( b ' \ x a a \ x f f \ x a 2 \ x d 0 \ x 0 7 \ x 0 0 \ x 9 0 \ x 0 1 \ x 0 0 \ x 0 3 \ x b 3 \ x 0 f \ x 0 e ' ) ]] 
1622218102551 [log_latest_command] [[ b y t e a r r a y ( b ' \ x a a \ x f f \ x a 5 \ x 0 2 N \ x 0 f \ x 0 e ' ) ]] 
1622218103098 [log_latest_command] [[ b y t e a r r a y ( b ' \ x a a \ x f f \ x a 2 @ \ x 0 6 \ x f f @ \ x 0 6 \ x 0 0 \ x 0 3 \ x d 6 \ x 0 f \ x 0 e ' ) ]] 
1622218103545 [log_latest_command] [[ b y t e a r r a y ( b ' \ x a a \ x f f \ x a 5 \ x 0 2 N \ x 0 f \ x 0 e ' ) ]] 
1622218104886 [log_latest_command] [[ b y t e a r r a y ( b ' \ x a a \ x f f \ x a 2 @ \ x 0 6 \ x 0 0 @ \ x 0 6 \ x f f \ x 0 3 \ x d 6 \ x 0 f \ x 0 e ' ) ]] 
1622218106567 [log_latest_command] [[ b y t e a r r a y ( b ' \ x a a \ x f f \ x a 5 \ x 0 2 N \ x 0 f \ x 0 e ' ) ]] 
1622218107016 [log_latest_command] [[ b y t e a r r a y ( b ' \ x a a \ x f f \ x a 2 @ \ x 0 6 \ x 0 0 @ \ x 0 6 \ x f f \ x 0 3 \ x d 6 \ x 0 f \ x 0 e ' ) ]] 
1622218108263 [log_latest_command] [[ b y t e a r r a y ( b ' \ x a a \ x f f \ x a 5 \ x 0 2 N \ x 0 f \ x 0 e ' ) ]] 
1622218111202 [log_latest_command] [[ b y t e a r r a y ( b ' \ x a a \ x f f \ x a 2 \ x d 0 \ x 0 7 \ x 0 0 \ x d 0 \ x 0 7 \ x 0 0 \ x 0 3 \ x f 9 \ x 0 f \ x 0 e ' ) ]] 
1622218112543 [log_latest_command] [[ b y t e a r r a y ( b ' \ x a a \ x f f \ x a 5 \ x 0 2 N \ x 0 f \ x 0 e ' ) ]] 
1622218113194 [log_latest_command] [[ b y t e a r r a y ( b ' \ x a a \ x f f \ x a 2 @ \ x 0 6 \ x 0 0 @ \ x 0 6 \ x f f \ x 0 3 \ x d 6 \ x 0 f \ x 0 e ' ) ]] 
1622218114984 [log_latest_command] [[ b y t e a r r a y ( b ' \ x a a \ x f f \ x a 5 \ x 0 2 N \ x 0 f \ x 0 e ' ) ]] 
1622218115642 [log_latest_command] [[ b y t e a r r a y ( b ' \ x a a \ x f f \ x a 2 @ \ x 0 6 \ x 0 0 @ \ x 0 6 \ x f f \ x 0 3 \ x d 6 \ x 0 f \ x 0 e ' ) ]] 
1622218116573 [log_latest_command] [[ b y t e a r r a y ( b ' \ x a a \ x f f \ x a 5 \ x 0 2 N \ x 0 f \ x 0 e ' ) ]] 
1622218117897 [log_latest_command] [[ b y t e a r r a y ( b ' \ x a a \ x f f \ x a 2 \ x d 0 \ x 0 7 \ x f f \ x d 0 \ x 0 7 \ x f f \ x 0 5 \ x f 7 \ x 0 f \ x 0 e ' ) ]] 
1622218119323 [log_latest_command] [[ b y t e a r r a y ( b ' \ x a a \ x f f \ x a 5 \ x 0 2 N \ x 0 f \ x 0 e ' ) ]] 
1622218122266 [log_latest_command] [[ b y t e a r r a y ( b ' \ x a a \ x f f \ x a 2 \ x d 0 \ x 0 7 \ x 0 0 \ x d 0 \ x 0 7 \ x 0 0 \ x 0 3 \ x f 9 \ x 0 f \ x 0 e ' ) ]] 
1622218123370 [log_latest_command] [[ b y t e a r r a y ( b ' \ x a a \ x f f \ x a 5 \ x 0 2 N \ x 0 f \ x 0 e ' ) ]] 
1622218123878 [log_latest_command] [[ b y t e a r r a y ( b ' \ x a a \ x f f \ x a 2 \ x d 0 \ x 0 7 \ x 0 0 \ x d 0 \ x 0 7 \ x 0 0 \ x 0 3 \ x f 9 \ x 0 f \ x 0 e ' ) ]] 
1622218124815 [log_latest_command] [[ b y t e a r r a y ( b ' \ x a a \ x f f \ x a 5 \ x 0 2 N \ x 0 f \ x 0 e ' ) ]] 
1622218127476 [log_latest_command] [[ b y t e a r r a y ( b ' \ x a a \ x f f \ x a 2 \ x d 0 \ x 0 7 \ x f f \ x d 0 \ x 0 7 \ x f f \ x 0 5 \ x f 7 \ x 0 f \ x 0 e ' ) ]] 
1622218128108 [log_latest_command] [[ b y t e a r r a y ( b ' \ x a a \ x f f \ x a 5 \ x 0 2 N \ x 0 f \ x 0 e ' ) ]] 
1622218129650 [log_latest_command] [[ b y t e a r r a y ( b ' \ x a a \ x f f \ x a 2 @ \ x 0 6 \ x f f @ \ x 0 6 \ x 0 0 \ x 0 3 \ x d 6 \ x 0 f \ x 0 e ' ) ]] 
1622218130978 [log_latest_command] [[ b y t e a r r a y ( b ' \ x a a \ x f f \ x a 5 \ x 0 2 N \ x 0 f \ x 0 e ' ) ]] 
1622218131878 [log_latest_command] [[ b y t e a r r a y ( b ' \ x a a \ x f f \ x a 2 @ \ x 0 6 \ x 0 0 @ \ x 0 6 \ x f f \ x 0 3 \ x d 6 \ x 0 f \ x 0 e ' ) ]] 
1622218133611 [log_latest_command] [[ b y t e a r r a y ( b ' \ x a a \ x f f \ x a 2 @ \ x 0 6 \ x 0 0 @ \ x 0 6 \ x f f \ x 0 3 \ x d 6 \ x 0 f \ x 0 e ' ) ]] 
1622218134979 [log_latest_command] [[ b y t e a r r a y ( b ' \ x a a \ x f f \ x a 5 \ x 0 2 N \ x 0 f \ x 0 e ' ) ]] 
1622218135300 [log_latest_command] [[ b y t e a r r a y ( b ' \ x a a \ x f f \ x a 2 @ \ x 0 6 \ x 0 0 @ \ x 0 6 \ x f f \ x 0 3 \ x d 6 \ x 0 f \ x 0 e ' ) ]] 
1622218137443 [log_latest_command] [[ b y t e a r r a y ( b ' \ x a a \ x f f \ x a 5 \ x 0 2 N \ x 0 f \ x 0 e ' ) ]] 
1622218137675 [log_latest_command] [[ b y t e a r r a y ( b ' \ x a a \ x f f \ x a 2 @ \ x 0 6 \ x 0 0 @ \ x 0 6 \ x f f \ x 0 3 \ x d 6 \ x 0 f \ x 0 e ' ) ]] 
1622218139273 [log_latest_command] [[ b y t e a r r a y ( b ' \ x a a \ x f f \ x a 5 \ x 0 2 N \ x 0 f \ x 0 e ' ) ]] 
1622218140166 [log_latest_command] [[ b y t e a r r a y ( b ' \ x a a \ x f f \ x a 2 \ x d 0 \ x 0 7 \ x 0 0 \ x d 0 \ x 0 7 \ x 0 0 \ x 0 3 \ x f 9 \ x 0 f \ x 0 e ' ) ]] 
1622218144862 [log_latest_command] [[ b y t e a r r a y ( b ' \ x a a \ x f f \ x a 2 \ x 9 0 \ x 0 1 \ x 0 0 \ x d 0 \ x 0 7 \ x 0 0 \ x 0 3 \ x b 3 \ x 0 f \ x 0 e ' ) ]] 
1622218147118 [log_latest_command] [[ b y t e a r r a y ( b ' \ x a a \ x f f \ x a 2 \ x d 0 \ x 0 7 \ x f f \ x d 0 \ x 0 7 \ x f f \ x 0 5 \ x f 7 \ x 0 f \ x 0 e ' ) ]] 
1622218147953 [log_latest_command] [[ b y t e a r r a y ( b ' \ x a a \ x f f \ x a 5 \ x 0 2 N \ x 0 f \ x 0 e ' ) ]] 
1622218149379 [log_latest_command] [[ b y t e a r r a y ( b ' \ x a a \ x f f \ x a 2 \ x 9 0 \ x 0 1 \ x f f \ x d 0 \ x 0 7 \ x f f \ x 0 5 \ x b 1 \ x 0 f \ x 0 e ' ) ]] 
1622218150009 [log_latest_command] [[ b y t e a r r a y ( b ' \ x a a \ x f f \ x a 5 \ x 0 2 N \ x 0 f \ x 0 e ' ) ]] 
1622218152089 [log_latest_command] [[ b y t e a r r a y ( b ' \ x a a \ x f f \ x a 2 \ x d 0 \ x 0 7 \ x f f \ x 9 0 \ x 0 1 \ x f f \ x 0 5 \ x b 1 \ x 0 f \ x 0 e ' ) ]] 
1622218152653 [log_latest_command] [[ b y t e a r r a y ( b ' \ x a a \ x f f \ x a 5 \ x 0 2 N \ x 0 f \ x 0 e ' ) ]] 
1622218153122 [log_latest_command] [[ b y t e a r r a y ( b ' \ x a a \ x f f \ x a 2 \ x d 0 \ x 0 7 \ x 0 0 \ x d 0 \ x 0 7 \ x 0 0 \ x 0 3 \ x f 9 \ x 0 f \ x 0 e ' ) ]] 
1622218154537 [log_latest_command] [[ b y t e a r r a y ( b ' \ x a a \ x f f \ x a 2 \ x 9 0 \ x 0 1 \ x 0 0 \ x d 0 \ x 0 7 \ x 0 0 \ x 0 3 \ x b 3 \ x 0 f \ x 0 e ' ) ]] 
1622218169432 [log_latest_command] [[ b y t e a r r a y ( b ' \ x a a \ x f f \ x a 5 \ x 0 2 N \ x 0 f \ x 0 e ' ) ]] 
1622218171203 [log_latest_command] [[ b y t e a r r a y ( b ' \ x a a \ x f f \ x a 2 \ x d 0 \ x 0 7 \ x 0 0 \ x d 0 \ x 0 7 \ x 0 0 \ x 0 3 \ x f 9 \ x 0 f \ x 0 e ' ) ]] 
1622218172502 [log_latest_command] [[ b y t e a r r a y ( b ' \ x a a \ x f f \ x a 5 \ x 0 2 N \ x 0 f \ x 0 e ' ) ]] 
1622218173183 [log_latest_command] [[ b y t e a r r a y ( b ' \ x a a \ x f f \ x a 2 @ \ x 0 6 \ x f f @ \ x 0 6 \ x 0 0 \ x 0 3 \ x d 6 \ x 0 f \ x 0 e ' ) ]] 
1622218174342 [log_latest_command] [[ b y t e a r r a y ( b ' \ x a a \ x f f \ x a 5 \ x 0 2 N \ x 0 f \ x 0 e ' ) ]] 
1622218177469 [log_latest_command] [[ b y t e a r r a y ( b ' \ x a a \ x f f \ x a 2 @ \ x 0 6 \ x 0 0 @ \ x 0 6 \ x f f \ x 0 3 \ x d 6 \ x 0 f \ x 0 e ' ) ]] 
1622218178948 [log_latest_command] [[ b y t e a r r a y ( b ' \ x a a \ x f f \ x a 5 \ x 0 2 N \ x 0 f \ x 0 e ' ) ]] 
1622218179217 [log_latest_command] [[ b y t e a r r a y ( b ' \ x a a \ x f f \ x a 2 @ \ x 0 6 \ x 0 0 @ \ x 0 6 \ x f f \ x 0 3 \ x d 6 \ x 0 f \ x 0 e ' ) ]] 
1622218181017 [log_latest_command] [[ b y t e a r r a y ( b ' \ x a a \ x f f \ x a 5 \ x 0 2 N \ x 0 f \ x 0 e ' ) ]] 
1622218182277 [log_latest_command] [[ b y t e a r r a y ( b ' \ x a a \ x f f \ x a 2 \ x d 0 \ x 0 7 \ x 0 0 \ x d 0 \ x 0 7 \ x 0 0 \ x 0 3 \ x f 9 \ x 0 f \ x 0 e ' ) ]] 
1622218184398 [log_latest_command] [[ b y t e a r r a y ( b ' \ x a a \ x f f \ x a 5 \ x 0 2 N \ x 0 f \ x 0 e ' ) ]] 
1622218184894 [log_latest_command] [[ b y t e a r r a y ( b ' \ x a a \ x f f \ x a 5 \ x 0 2 N \ x 0 f \ x 0 e ' ) ]] 
1622218187790 [log_latest_command] [[ b y t e a r r a y ( b ' \ x a a \ x f f \ x a 2 \ x d 0 \ x 0 7 \ x f f \ x d 0 \ x 0 7 \ x f f \ x 0 5 \ x f 7 \ x 0 f \ x 0 e ' ) ]] 
1622218188945 [log_latest_command] [[ b y t e a r r a y ( b ' \ x a a \ x f f \ x a 5 \ x 0 2 N \ x 0 f \ x 0 e ' ) ]] 
1622218189562 [log_latest_command] [[ b y t e a r r a y ( b ' \ x a a \ x f f \ x a 2 @ \ x 0 6 \ x 0 0 @ \ x 0 6 \ x f f \ x 0 3 \ x d 6 \ x 0 f \ x 0 e ' ) ]] 
1622218193590 [log_latest_command] [[ b y t e a r r a y ( b ' \ x a a \ x f f \ x a 5 \ x 0 2 N \ x 0 f \ x 0 e ' ) ]] 
1622218194114 [log_latest_command] [[ b y t e a r r a y ( b ' \ x a a \ x f f \ x a 2 \ x d 0 \ x 0 7 \ x 0 0 \ x d 0 \ x 0 7 \ x 0 0 \ x 0 3 \ x f 9 \ x 0 f \ x 0 e ' ) ]] 
1622218213837 [log_latest_command] [[ b y t e a r r a y ( b ' \ x a a \ x f f \ x a 5 \ x 0 2 N \ x 0 f \ x 0 e ' ) ]] 
1622218215642 [log_latest_command] [[ b y t e a r r a y ( b ' \ x a a \ x f f \ x a 2 \ x d 0 \ x 0 7 \ x 0 0 \ x d 0 \ x 0 7 \ x 0 0 \ x 0 3 \ x f 9 \ x 0 f \ x 0 e ' ) ]] 
1622218216206 [log_latest_command] [[ b y t e a r r a y ( b ' \ x a a \ x f f \ x a 5 \ x 0 2 N \ x 0 f \ x 0 e ' ) ]] 
1622218218379 [log_latest_command] [[ b y t e a r r a y ( b ' \ x a a \ x f f \ x a 2 \ x d 0 \ x 0 7 \ x 0 0 \ x 9 0 \ x 0 1 \ x 0 0 \ x 0 3 \ x b 3 \ x 0 f \ x 0 e ' ) ]] 
1622218219441 [log_latest_command] [[ b y t e a r r a y ( b ' \ x a a \ x f f \ x a 5 \ x 0 2 N \ x 0 f \ x 0 e ' ) ]] 
1622218220750 [log_latest_command] [[ b y t e a r r a y ( b ' \ x a a \ x f f \ x a 2 \ x d 0 \ x 0 7 \ x 0 0 \ x d 0 \ x 0 7 \ x 0 0 \ x 0 3 \ x f 9 \ x 0 f \ x 0 e ' ) ]] 
1622218221182 [log_latest_command] [[ b y t e a r r a y ( b ' \ x a a \ x f f \ x a 2 \ x d 0 \ x 0 7 \ x 0 0 \ x d 0 \ x 0 7 \ x 0 0 \ x 0 3 \ x f 9 \ x 0 f \ x 0 e ' ) ]] 
1622218222215 [log_latest_command] [[ b y t e a r r a y ( b ' \ x a a \ x f f \ x a 2 \ x d 0 \ x 0 7 \ x 0 0 \ x 9 0 \ x 0 1 \ x 0 0 \ x 0 3 \ x b 3 \ x 0 f \ x 0 e ' ) ]] 
1622218224030 [log_latest_command] [[ b y t e a r r a y ( b ' \ x a a \ x f f \ x a 2 \ x 9 0 \ x 0 1 \ x 0 0 \ x d 0 \ x 0 7 \ x 0 0 \ x 0 3 \ x b 3 \ x 0 f \ x 0 e ' ) ]] 
1622218225721 [log_latest_command] [[ b y t e a r r a y ( b ' \ x a a \ x f f \ x a 2 \ x d 0 \ x 0 7 \ x 0 0 \ x d 0 \ x 0 7 \ x 0 0 \ x 0 3 \ x f 9 \ x 0 f \ x 0 e ' ) ]] 
1622218226631 [log_latest_command] [[ b y t e a r r a y ( b ' \ x a a \ x f f \ x a 2 \ x 9 0 \ x 0 1 \ x 0 0 \ x d 0 \ x 0 7 \ x 0 0 \ x 0 3 \ x b 3 \ x 0 f \ x 0 e ' ) ]] 
1622218227410 [log_latest_command] [[ b y t e a r r a y ( b ' \ x a a \ x f f \ x a 5 \ x 0 2 N \ x 0 f \ x 0 e ' ) ]] 
1622218232465 [log_latest_command] [[ b y t e a r r a y ( b ' \ x a a \ x f f \ x a 2 \ x d 0 \ x 0 7 \ x 0 0 \ x d 0 \ x 0 7 \ x 0 0 \ x 0 3 \ x f 9 \ x 0 f \ x 0 e ' ) ]] 
1622218232669 [log_latest_command] [[ b y t e a r r a y ( b ' \ x a a \ x f f \ x a 5 \ x 0 2 N \ x 0 f \ x 0 e ' ) ]] 
1622218233964 [log_latest_command] [[ b y t e a r r a y ( b ' \ x a a \ x f f \ x a 5 \ x 0 2 N \ x 0 f \ x 0 e ' ) ]] 
1622218234730 [log_latest_command] [[ b y t e a r r a y ( b ' \ x a a \ x f f \ x a 2 \ x d 0 \ x 0 7 \ x 0 0 \ x 9 0 \ x 0 1 \ x 0 0 \ x 0 3 \ x b 3 \ x 0 f \ x 0 e ' ) ]] 
1622218236430 [log_latest_command] [[ b y t e a r r a y ( b ' \ x a a \ x f f \ x a 5 \ x 0 2 N \ x 0 f \ x 0 e ' ) ]] 
1622218236814 [log_latest_command] [[ b y t e a r r a y ( b ' \ x a a \ x f f \ x a 2 \ x d 0 \ x 0 7 \ x 0 0 \ x 9 0 \ x 0 1 \ x 0 0 \ x 0 3 \ x b 3 \ x 0 f \ x 0 e ' ) ]] 
1622218238766 [log_latest_command] [[ b y t e a r r a y ( b ' \ x a a \ x f f \ x a 5 \ x 0 2 N \ x 0 f \ x 0 e ' ) ]] 
1622218239574 [log_latest_command] [[ b y t e a r r a y ( b ' \ x a a \ x f f \ x a 2 \ x d 0 \ x 0 7 \ x f f \ x d 0 \ x 0 7 \ x f f \ x 0 5 \ x f 7 \ x 0 f \ x 0 e ' ) ]] 
1622218240194 [log_latest_command] [[ b y t e a r r a y ( b ' \ x a a \ x f f \ x a 2 \ x d 0 \ x 0 7 \ x 0 0 \ x d 0 \ x 0 7 \ x 0 0 \ x 0 3 \ x f 9 \ x 0 f \ x 0 e ' ) ]] 
1622218241243 [log_latest_command] [[ b y t e a r r a y ( b ' \ x a a \ x f f \ x a 2 \ x d 0 \ x 0 7 \ x 0 0 \ x 9 0 \ x 0 1 \ x 0 0 \ x 0 3 \ x b 3 \ x 0 f \ x 0 e ' ) ]] 
1622218241842 [log_latest_command] [[ b y t e a r r a y ( b ' \ x a a \ x f f \ x a 2 \ x 9 0 \ x 0 1 \ x 0 0 \ x d 0 \ x 0 7 \ x 0 0 \ x 0 3 \ x b 3 \ x 0 f \ x 0 e ' ) ]] 
1622218242323 [log_latest_command] [[ b y t e a r r a y ( b ' \ x a a \ x f f \ x a 5 \ x 0 2 N \ x 0 f \ x 0 e ' ) ]] 
1622218243470 [log_latest_command] [[ b y t e a r r a y ( b ' \ x a a \ x f f \ x a 2 \ x 9 0 \ x 0 1 \ x 0 0 \ x d 0 \ x 0 7 \ x 0 0 \ x 0 3 \ x b 3 \ x 0 f \ x 0 e ' ) ]] 
1622218244145 [log_latest_command] [[ b y t e a r r a y ( b ' \ x a a \ x f f \ x a 5 \ x 0 2 N \ x 0 f \ x 0 e ' ) ]] 
1622218255889 [log_latest_command] [[ b y t e a r r a y ( b ' \ x a a \ x f f \ x a 2 \ x d 0 \ x 0 7 \ x f f \ x d 0 \ x 0 7 \ x f f \ x 0 5 \ x f 7 \ x 0 f \ x 0 e ' ) ]] 
1622218257094 [log_latest_command] [[ b y t e a r r a y ( b ' \ x a a \ x f f \ x a 5 \ x 0 2 N \ x 0 f \ x 0 e ' ) ]] 
1622218257985 [log_latest_command] [[ b y t e a r r a y ( b ' \ x a a \ x f f \ x a 2 \ x d 0 \ x 0 7 \ x 0 0 \ x d 0 \ x 0 7 \ x 0 0 \ x 0 3 \ x f 9 \ x 0 f \ x 0 e ' ) ]] 
1622218261523 [log_latest_command] [[ b y t e a r r a y ( b ' \ x a a \ x f f \ x a 2 \ x 9 0 \ x 0 1 \ x 0 0 \ x d 0 \ x 0 7 \ x 0 0 \ x 0 3 \ x b 3 \ x 0 f \ x 0 e ' ) ]] 
1622218261848 [log_latest_command] [[ b y t e a r r a y ( b ' \ x a a \ x f f \ x a 2 \ x d 0 \ x 0 7 \ x 0 0 \ x 9 0 \ x 0 1 \ x 0 0 \ x 0 3 \ x b 3 \ x 0 f \ x 0 e ' ) ]] 
1622218263089 [log_latest_command] [[ b y t e a r r a y ( b ' \ x a a \ x f f \ x a 5 \ x 0 2 N \ x 0 f \ x 0 e ' ) ]] 
1622218265128 [log_latest_command] [[ b y t e a r r a y ( b ' \ x a a \ x f f \ x a 2 \ x d 0 \ x 0 7 \ x 0 0 \ x d 0 \ x 0 7 \ x 0 0 \ x 0 3 \ x f 9 \ x 0 f \ x 0 e ' ) ]] 
1622218265694 [log_latest_command] [[ b y t e a r r a y ( b ' \ x a a \ x f f \ x a 5 \ x 0 2 N \ x 0 f \ x 0 e ' ) ]] 
1622218267218 [log_latest_command] [[ b y t e a r r a y ( b ' \ x a a \ x f f \ x a 2 \ x d 0 \ x 0 7 \ x f f \ x d 0 \ x 0 7 \ x f f \ x 0 5 \ x f 7 \ x 0 f \ x 0 e ' ) ]] 
1622218269606 [log_latest_command] [[ b y t e a r r a y ( b ' \ x a a \ x f f \ x a 5 \ x 0 2 N \ x 0 f \ x 0 e ' ) ]] 
1622218271892 [log_latest_command] [[ b y t e a r r a y ( b ' \ x a a \ x f f \ x a 2 \ x d 0 \ x 0 7 \ x f f \ x d 0 \ x 0 7 \ x f f \ x 0 5 \ x f 7 \ x 0 f \ x 0 e ' ) ]] 
1622218272047 [log_latest_command] [[ b y t e a r r a y ( b ' \ x a a \ x f f \ x a 5 \ x 0 2 N \ x 0 f \ x 0 e ' ) ]] 
1622218273894 [log_latest_command] [[ b y t e a r r a y ( b ' \ x a a \ x f f \ x a 5 \ x 0 2 N \ x 0 f \ x 0 e ' ) ]] 
1622218275749 [log_latest_command] [[ b y t e a r r a y ( b ' \ x a a \ x f f \ x a 2 \ x d 0 \ x 0 7 \ x 0 0 \ x d 0 \ x 0 7 \ x 0 0 \ x 0 3 \ x f 9 \ x 0 f \ x 0 e ' ) ]] 
1622218288377 [log_latest_command] [[ b y t e a r r a y ( b ' \ x a a \ x f f \ x a 2 \ x 9 0 \ x 0 1 \ x 0 0 \ x d 0 \ x 0 7 \ x 0 0 \ x 0 3 \ x b 3 \ x 0 f \ x 0 e ' ) ]] 
1622218290062 [log_latest_command] [[ b y t e a r r a y ( b ' \ x a a \ x f f \ x a 5 \ x 0 2 N \ x 0 f \ x 0 e ' ) ]] 
1622218291804 [log_latest_command] [[ b y t e a r r a y ( b ' \ x a a \ x f f \ x a 2 \ x d 0 \ x 0 7 \ x 0 0 \ x d 0 \ x 0 7 \ x 0 0 \ x 0 3 \ x f 9 \ x 0 f \ x 0 e ' ) ]] 
1622218292505 [log_latest_command] [[ b y t e a r r a y ( b ' \ x a a \ x f f \ x a 5 \ x 0 2 N \ x 0 f \ x 0 e ' ) ]] 
1622218293831 [log_latest_command] [[ b y t e a r r a y ( b ' \ x a a \ x f f \ x a 2 \ x 9 0 \ x 0 1 \ x 0 0 \ x d 0 \ x 0 7 \ x 0 0 \ x 0 3 \ x b 3 \ x 0 f \ x 0 e ' ) ]] 
1622218296152 [log_latest_command] [[ b y t e a r r a y ( b ' \ x a a \ x f f \ x a 5 \ x 0 2 N \ x 0 f \ x 0 e ' ) ]] 
1622218296648 [log_latest_command] [[ b y t e a r r a y ( b ' \ x a a \ x f f \ x a 2 \ x d 0 \ x 0 7 \ x 0 0 \ x d 0 \ x 0 7 \ x 0 0 \ x 0 3 \ x f 9 \ x 0 f \ x 0 e ' ) ]] 
1622218298707 [log_latest_command] [[ b y t e a r r a y ( b ' \ x a a \ x f f \ x a 2 \ x d 0 \ x 0 7 \ x 0 0 \ x d 0 \ x 0 7 \ x 0 0 \ x 0 3 \ x f 9 \ x 0 f \ x 0 e ' ) ]] 
1622218300287 [log_latest_command] [[ b y t e a r r a y ( b ' \ x a a \ x f f \ x a 2 \ x d 0 \ x 0 7 \ x 0 0 \ x 9 0 \ x 0 1 \ x 0 0 \ x 0 3 \ x b 3 \ x 0 f \ x 0 e ' ) ]] 
1622218300666 [log_latest_command] [[ b y t e a r r a y ( b ' \ x a a \ x f f \ x a 5 \ x 0 2 N \ x 0 f \ x 0 e ' ) ]] 
1622218302008 [log_latest_command] [[ b y t e a r r a y ( b ' \ x a a \ x f f \ x a 2 \ x d 0 \ x 0 7 \ x 0 0 \ x d 0 \ x 0 7 \ x 0 0 \ x 0 3 \ x f 9 \ x 0 f \ x 0 e ' ) ]] 
1622218303317 [log_latest_command] [[ b y t e a r r a y ( b ' \ x a a \ x f f \ x a 5 \ x 0 2 N \ x 0 f \ x 0 e ' ) ]] 
1622218310111 [log_latest_command] [[ b y t e a r r a y ( b ' \ x a a \ x f f \ x a 2 \ x d 0 \ x 0 7 \ x f f \ x d 0 \ x 0 7 \ x f f \ x 0 5 \ x f 7 \ x 0 f \ x 0 e ' ) ]] 
1622218313088 [log_latest_command] [[ b y t e a r r a y ( b ' \ x a a \ x f f \ x a 2 \ x d 0 \ x 0 7 \ x f f \ x 9 0 \ x 0 1 \ x f f \ x 0 5 \ x b 1 \ x 0 f \ x 0 e ' ) ]] 
1622218313421 [log_latest_command] [[ b y t e a r r a y ( b ' \ x a a \ x f f \ x a 5 \ x 0 2 N \ x 0 f \ x 0 e ' ) ]] 
1622218314125 [log_latest_command] [[ b y t e a r r a y ( b ' \ x a a \ x f f \ x a 2 \ x d 0 \ x 0 7 \ x 0 0 \ x d 0 \ x 0 7 \ x 0 0 \ x 0 3 \ x f 9 \ x 0 f \ x 0 e ' ) ]] 
1622218314826 [log_latest_command] [[ b y t e a r r a y ( b ' \ x a a \ x f f \ x a 2 \ x d 0 \ x 0 7 \ x 0 0 \ x 9 0 \ x 0 1 \ x 0 0 \ x 0 3 \ x b 3 \ x 0 f \ x 0 e ' ) ]] 
1622218316474 [log_latest_command] [[ b y t e a r r a y ( b ' \ x a a \ x f f \ x a 2 \ x 9 0 \ x 0 1 \ x 0 0 \ x d 0 \ x 0 7 \ x 0 0 \ x 0 3 \ x b 3 \ x 0 f \ x 0 e ' ) ]] 
1622218317137 [log_latest_command] [[ b y t e a r r a y ( b ' \ x a a \ x f f \ x a 2 \ x d 0 \ x 0 7 \ x 0 0 \ x d 0 \ x 0 7 \ x 0 0 \ x 0 3 \ x f 9 \ x 0 f \ x 0 e ' ) ]] 
1622218318275 [log_latest_command] [[ b y t e a r r a y ( b ' \ x a a \ x f f \ x a 2 \ x 9 0 \ x 0 1 \ x 0 0 \ x d 0 \ x 0 7 \ x 0 0 \ x 0 3 \ x b 3 \ x 0 f \ x 0 e ' ) ]] 
1622218318697 [log_latest_command] [[ b y t e a r r a y ( b ' \ x a a \ x f f \ x a 5 \ x 0 2 N \ x 0 f \ x 0 e ' ) ]] 
1622218319372 [log_latest_command] [[ b y t e a r r a y ( b ' \ x a a \ x f f \ x a 2 \ x d 0 \ x 0 7 \ x 0 0 \ x d 0 \ x 0 7 \ x 0 0 \ x 0 3 \ x f 9 \ x 0 f \ x 0 e ' ) ]] 
1622218320153 [log_latest_command] [[ b y t e a r r a y ( b ' \ x a a \ x f f \ x a 2 \ x 9 0 \ x 0 1 \ x 0 0 \ x d 0 \ x 0 7 \ x 0 0 \ x 0 3 \ x b 3 \ x 0 f \ x 0 e ' ) ]] 
1622218321538 [log_latest_command] [[ b y t e a r r a y ( b ' \ x a a \ x f f \ x a 2 \ x 9 0 \ x 0 1 \ x 0 0 \ x d 0 \ x 0 7 \ x 0 0 \ x 0 3 \ x b 3 \ x 0 f \ x 0 e ' ) ]] 
1622218324590 [log_latest_command] [[ b y t e a r r a y ( b ' \ x a a \ x f f \ x a 5 \ x 0 2 N \ x 0 f \ x 0 e ' ) ]] 
1622218328554 [log_latest_command] [[ b y t e a r r a y ( b ' \ x a a \ x f f \ x a 2 \ x d 0 \ x 0 7 \ x 0 0 \ x d 0 \ x 0 7 \ x 0 0 \ x 0 3 \ x f 9 \ x 0 f \ x 0 e ' ) ]] 
1622218365681 [log_latest_command] [[ b y t e a r r a y ( b ' \ x a a \ x f f \ x a 5 \ x 0 2 N \ x 0 f \ x 0 e ' ) ]] 
1622218366611 [log_latest_command] [[ b y t e a r r a y ( b ' \ x a a \ x f f \ x a 2 \ x 9 0 \ x 0 1 \ x 0 0 \ x d 0 \ x 0 7 \ x 0 0 \ x 0 3 \ x b 3 \ x 0 f \ x 0 e ' ) ]] 
