1621071091038 [Opening serial port: /dev/ttyTHS1.] 
1621071091342 [The robot is connected to ] [/dev/ttyTHS1] 
1621071091343 [Initial robot's topic...] 
1621071091350 [Start initializing navigation] 
1621071091350 [Start initializing navigation topic] 
1621071091380 [Initialization navigation topic finished] 
1621071091386 [Initialization navigation finished] 
1621071091392 [Update odom] 
1621071091498 [vx:0.0 vy:0.0 vth:0.0 yaw:0.0] 
1621071091498 [delta_X:0 delta_y:0 status:True] 
1621071091499 [Update odom] 
1621071091611 [vx:0.0 vy:0.0 vth:0.0 yaw:0.0] 
1621071091612 [delta_X:0 delta_y:0 status:True] 
1621071091614 [Update odom] 
1621071091720 [vx:0.0 vy:0.0 vth:0.0 yaw:0.0] 
1621071091720 [delta_X:0 delta_y:0 status:True] 
1621071091721 [Update odom] 
1621071091827 [vx:0.0 vy:0.0 vth:0.0 yaw:0.0] 
1621071091827 [delta_X:0 delta_y:0 status:True] 
1621071091828 [Update odom] 
1621071091934 [vx:0.0 vy:0.0 vth:0.0 yaw:0.0] 
1621071091934 [delta_X:0 delta_y:0 status:True] 
1621071091935 [Update odom] 
1621071092045 [vx:0.0 vy:0.0 vth:0.0 yaw:0.0] 
1621071092045 [delta_X:0 delta_y:0 status:True] 
1621071092048 [Update odom] 
1621071092160 [vx:0.0 vy:0.0 vth:0.0 yaw:0.0] 
1621071092160 [delta_X:0 delta_y:0 status:True] 
1621071092161 [Update odom] 
1621071092267 [vx:0.0 vy:0.0 vth:0.0 yaw:0.0] 
1621071092267 [delta_X:0 delta_y:0 status:True] 
1621071092267 [Update odom] 
1621071092372 [vx:0.0 vy:0.0 vth:0.0 yaw:0.0] 
1621071092372 [delta_X:0 delta_y:0 status:True] 
1621071092373 [Update odom] 
1621071092481 [vx:0.0 vy:0.0 vth:0.0 yaw:0.0] 
1621071092481 [delta_X:0 delta_y:0 status:True] 
1621071092482 [Update odom] 
1621071092589 [vx:0.0 vy:0.0 vth:0.0 yaw:0.0] 
1621071092589 [delta_X:0 delta_y:0 status:True] 
1621071092590 [Update odom] 
1621071092699 [vx:0.0 vy:0.0 vth:0.0 yaw:0.0] 
1621071092699 [delta_X:0 delta_y:0 status:True] 
1621071092700 [Update odom] 
1621071092807 [vx:0.0 vy:0.0 vth:0.0 yaw:0.0] 
1621071092807 [delta_X:0 delta_y:0 status:True] 
1621071092808 [Update odom] 
1621071092918 [vx:0.0 vy:0.0 vth:0.0 yaw:0.0] 
1621071092918 [delta_X:0 delta_y:0 status:True] 
1621071092920 [Update odom] 
1621071093026 [vx:0.0 vy:0.0 vth:0.0 yaw:0.0] 
1621071093026 [delta_X:0 delta_y:0 status:True] 
1621071093027 [Update odom] 
1621071093133 [vx:0.0 vy:0.0 vth:0.0 yaw:0.0] 
1621071093133 [delta_X:0 delta_y:0 status:True] 
1621071093134 [Update odom] 
1621071093239 [vx:0.0 vy:0.0 vth:0.0 yaw:0.0] 
1621071093239 [delta_X:0 delta_y:0 status:True] 
1621071093240 [Update odom] 
1621071093356 [vx:0.0 vy:0.0 vth:0.0 yaw:0.0] 
1621071093356 [delta_X:0 delta_y:0 status:True] 
1621071093358 [Update odom] 
1621071093473 [vx:0.0 vy:0.0 vth:0.0 yaw:0.0] 
1621071093473 [delta_X:0 delta_y:0 status:True] 
1621071093475 [Update odom] 
1621071093582 [vx:0.0 vy:0.0 vth:0.0 yaw:0.0] 
1621071093582 [delta_X:0 delta_y:0 status:True] 
1621071093583 [Update odom] 
1621071093695 [vx:0.0 vy:0.0 vth:0.0 yaw:0.0] 
1621071093695 [delta_X:0 delta_y:0 status:True] 
1621071093696 [Update odom] 
1621071093803 [vx:0.0 vy:0.0 vth:0.0 yaw:0.0] 
1621071093803 [delta_X:0 delta_y:0 status:True] 
1621071093804 [Update odom] 
1621071093914 [vx:0.0 vy:0.0 vth:0.0 yaw:0.0] 
1621071093914 [delta_X:0 delta_y:0 status:True] 
1621071093915 [Update odom] 
1621071094023 [vx:0.0 vy:0.0 vth:0.0 yaw:0.0] 
1621071094023 [delta_X:0 delta_y:0 status:True] 
1621071094025 [Update odom] 
1621071094132 [vx:0.0 vy:0.0 vth:0.0 yaw:0.0] 
1621071094132 [delta_X:0 delta_y:0 status:True] 
1621071094135 [Update odom] 
1621071094241 [vx:0.0 vy:0.0 vth:0.0 yaw:0.0] 
1621071094241 [delta_X:0 delta_y:0 status:True] 
1621071094242 [Update odom] 
1621071094349 [vx:0.0 vy:0.0 vth:0.0 yaw:0.0] 
1621071094349 [delta_X:0 delta_y:0 status:True] 
1621071094350 [Update odom] 
1621071094458 [vx:0.0 vy:0.0 vth:0.0 yaw:0.0] 
1621071094458 [delta_X:0 delta_y:0 status:True] 
1621071094459 [Update odom] 
1621071094565 [vx:0.0 vy:0.0 vth:0.0 yaw:0.0] 
1621071094565 [delta_X:0 delta_y:0 status:True] 
1621071094566 [Update odom] 
1621071094672 [vx:0.0 vy:0.0 vth:0.0 yaw:0.0] 
1621071094672 [delta_X:0 delta_y:0 status:True] 
1621071094673 [Update odom] 
1621071094789 [vx:0.0 vy:0.0 vth:0.0 yaw:0.0] 
1621071094789 [delta_X:0 delta_y:0 status:True] 
1621071094790 [Update odom] 
1621071094898 [vx:0.0 vy:0.0 vth:0.0 yaw:0.0] 
1621071094898 [delta_X:0 delta_y:0 status:True] 
1621071094900 [Update odom] 
1621071095014 [vx:0.0 vy:0.0 vth:0.0 yaw:0.0] 
1621071095014 [delta_X:0 delta_y:0 status:True] 
1621071095015 [Update odom] 
1621071095121 [vx:0.0 vy:0.0 vth:0.0 yaw:0.0] 
1621071095121 [delta_X:0 delta_y:0 status:True] 
1621071095123 [Update odom] 
1621071095230 [vx:0.0 vy:0.0 vth:0.0 yaw:0.0] 
1621071095231 [delta_X:0 delta_y:0 status:True] 
1621071095232 [Update odom] 
1621071095344 [vx:0.0 vy:0.0 vth:0.0 yaw:0.0] 
1621071095344 [delta_X:0 delta_y:0 status:True] 
1621071095346 [Update odom] 
1621071095453 [vx:0.0 vy:0.0 vth:0.0 yaw:0.0] 
1621071095453 [delta_X:0 delta_y:0 status:True] 
1621071095454 [Update odom] 
1621071095570 [vx:0.0 vy:0.0 vth:0.0 yaw:0.0] 
1621071095570 [delta_X:0 delta_y:0 status:True] 
1621071095571 [Update odom] 
1621071095678 [vx:0.0 vy:0.0 vth:0.0 yaw:0.0] 
1621071095678 [delta_X:0 delta_y:0 status:True] 
1621071095679 [Update odom] 
1621071095788 [vx:0.0 vy:0.0 vth:0.0 yaw:0.0] 
1621071095789 [delta_X:0 delta_y:0 status:True] 
1621071095790 [Update odom] 
1621071095896 [vx:0.0 vy:0.0 vth:0.0 yaw:0.0] 
1621071095896 [delta_X:0 delta_y:0 status:True] 
1621071095897 [Update odom] 
1621071096004 [vx:0.0 vy:0.0 vth:0.0 yaw:0.0] 
1621071096004 [delta_X:0 delta_y:0 status:True] 
1621071096005 [Update odom] 
1621071096111 [vx:0.0 vy:0.0 vth:0.0 yaw:0.0] 
1621071096111 [delta_X:0 delta_y:0 status:True] 
1621071096112 [Update odom] 
1621071096218 [vx:0.0 vy:0.0 vth:0.0 yaw:0.0] 
1621071096218 [delta_X:0 delta_y:0 status:True] 
1621071096219 [Update odom] 
1621071096325 [vx:0.0 vy:0.0 vth:0.0 yaw:0.0] 
1621071096325 [delta_X:0 delta_y:0 status:True] 
1621071096326 [Update odom] 
1621071096432 [vx:0.0 vy:0.0 vth:0.0 yaw:0.0] 
1621071096432 [delta_X:0 delta_y:0 status:True] 
1621071096432 [Update odom] 
1621071096538 [vx:0.0 vy:0.0 vth:0.0 yaw:0.0] 
1621071096539 [delta_X:0 delta_y:0 status:True] 
1621071096540 [Update odom] 
1621071096646 [vx:0.0 vy:0.0 vth:0.0 yaw:0.0] 
1621071096646 [delta_X:0 delta_y:0 status:True] 
1621071096646 [Update odom] 
1621071096752 [vx:0.0 vy:0.0 vth:0.0 yaw:0.0] 
1621071096752 [delta_X:0 delta_y:0 status:True] 
1621071096754 [Update odom] 
1621071096859 [vx:0.0 vy:0.0 vth:0.0 yaw:0.0] 
1621071096859 [delta_X:0 delta_y:0 status:True] 
1621071096860 [Update odom] 
1621071096966 [vx:0.0 vy:0.0 vth:0.0 yaw:0.0] 
1621071096966 [delta_X:0 delta_y:0 status:True] 
1621071096967 [Update odom] 
1621071097073 [vx:0.0 vy:0.0 vth:0.0 yaw:0.0] 
1621071097073 [delta_X:0 delta_y:0 status:True] 
1621071097074 [Update odom] 
1621071097184 [vx:0.0 vy:0.0 vth:0.0 yaw:0.0] 
1621071097184 [delta_X:0 delta_y:0 status:True] 
1621071097185 [Update odom] 
1621071097292 [vx:0.0 vy:0.0 vth:0.0 yaw:0.0] 
1621071097292 [delta_X:0 delta_y:0 status:True] 
1621071097293 [Update odom] 
1621071097399 [vx:0.0 vy:0.0 vth:0.0 yaw:0.0] 
1621071097399 [delta_X:0 delta_y:0 status:True] 
1621071097400 [Update odom] 
1621071097506 [vx:0.0 vy:0.0 vth:0.0 yaw:0.0] 
1621071097506 [delta_X:0 delta_y:0 status:True] 
1621071097507 [Update odom] 
1621071097616 [vx:0.0 vy:0.0 vth:0.0 yaw:0.0] 
1621071097617 [delta_X:0 delta_y:0 status:True] 
1621071097618 [Update odom] 
1621071097723 [vx:0.0 vy:0.0 vth:0.0 yaw:0.0] 
1621071097723 [delta_X:0 delta_y:0 status:True] 
1621071097725 [Update odom] 
1621071097830 [vx:0.0 vy:0.0 vth:0.0 yaw:0.0] 
1621071097830 [delta_X:0 delta_y:0 status:True] 
1621071097831 [Update odom] 
1621071097937 [vx:0.0 vy:0.0 vth:0.0 yaw:0.0] 
1621071097937 [delta_X:0 delta_y:0 status:True] 
1621071097938 [Update odom] 
1621071098044 [vx:0.0 vy:0.0 vth:0.0 yaw:0.0] 
1621071098044 [delta_X:0 delta_y:0 status:True] 
1621071098045 [Update odom] 
1621071098151 [vx:0.0 vy:0.0 vth:0.0 yaw:0.0] 
1621071098151 [delta_X:0 delta_y:0 status:True] 
1621071098152 [Update odom] 
1621071098258 [vx:0.0 vy:0.0 vth:0.0 yaw:0.0] 
1621071098258 [delta_X:0 delta_y:0 status:True] 
1621071098259 [Update odom] 
1621071098365 [vx:0.0 vy:0.0 vth:0.0 yaw:0.0] 
1621071098365 [delta_X:0 delta_y:0 status:True] 
1621071098366 [Update odom] 
1621071098472 [vx:0.0 vy:0.0 vth:0.0 yaw:0.0] 
1621071098472 [delta_X:0 delta_y:0 status:True] 
1621071098473 [Update odom] 
1621071098580 [vx:0.0 vy:0.0 vth:0.0 yaw:0.0] 
1621071098580 [delta_X:0 delta_y:0 status:True] 
1621071098582 [Update odom] 
1621071098688 [vx:0.0 vy:0.0 vth:0.0 yaw:0.0] 
1621071098688 [delta_X:0 delta_y:0 status:True] 
1621071098689 [Update odom] 
1621071098795 [vx:0.0 vy:0.0 vth:0.0 yaw:0.0] 
1621071098795 [delta_X:0 delta_y:0 status:True] 
1621071098796 [Update odom] 
1621071098903 [vx:0.0 vy:0.0 vth:0.0 yaw:0.0] 
1621071098903 [delta_X:0 delta_y:0 status:True] 
1621071098904 [Update odom] 
1621071099016 [vx:0.0 vy:0.0 vth:0.0 yaw:0.0] 
1621071099016 [delta_X:0 delta_y:0 status:True] 
1621071099018 [Update odom] 
1621071099125 [vx:0.0 vy:0.0 vth:0.0 yaw:0.0] 
1621071099125 [delta_X:0 delta_y:0 status:True] 
1621071099127 [Update odom] 
1621071099235 [vx:0.0 vy:0.0 vth:0.0 yaw:0.0] 
1621071099235 [delta_X:0 delta_y:0 status:True] 
1621071099237 [Update odom] 
1621071099344 [vx:0.0 vy:0.0 vth:0.0 yaw:0.0] 
1621071099344 [delta_X:0 delta_y:0 status:True] 
1621071099345 [Update odom] 
1621071099451 [vx:0.0 vy:0.0 vth:0.0 yaw:0.0] 
1621071099451 [delta_X:0 delta_y:0 status:True] 
1621071099452 [Update odom] 
1621071099559 [vx:0.0 vy:0.0 vth:0.0 yaw:0.0] 
1621071099559 [delta_X:0 delta_y:0 status:True] 
1621071099560 [Update odom] 
1621071099671 [vx:0.0 vy:0.0 vth:0.0 yaw:0.0] 
1621071099671 [delta_X:0 delta_y:0 status:True] 
1621071099672 [Update odom] 
1621071099778 [vx:0.0 vy:0.0 vth:0.0 yaw:0.0] 
1621071099778 [delta_X:0 delta_y:0 status:True] 
1621071099778 [Update odom] 
1621071099884 [vx:0.0 vy:0.0 vth:0.0 yaw:0.0] 
1621071099885 [delta_X:0 delta_y:0 status:True] 
1621071099885 [Update odom] 
1621071099991 [vx:0.0 vy:0.0 vth:0.0 yaw:0.0] 
1621071099991 [delta_X:0 delta_y:0 status:True] 
1621071099992 [Update odom] 
1621071100098 [vx:0.0 vy:0.0 vth:0.0 yaw:0.0] 
1621071100098 [delta_X:0 delta_y:0 status:True] 
1621071100099 [Update odom] 
1621071100206 [vx:0.0 vy:0.0 vth:0.0 yaw:0.0] 
1621071100206 [delta_X:0 delta_y:0 status:True] 
1621071100207 [Update odom] 
1621071100312 [vx:0.0 vy:0.0 vth:0.0 yaw:0.0] 
1621071100312 [delta_X:0 delta_y:0 status:True] 
1621071100313 [Update odom] 
1621071100419 [vx:0.0 vy:0.0 vth:0.0 yaw:0.0] 
1621071100419 [delta_X:0 delta_y:0 status:True] 
1621071100420 [Update odom] 
1621071100531 [vx:0.0 vy:0.0 vth:0.0 yaw:0.0] 
1621071100531 [delta_X:0 delta_y:0 status:True] 
1621071100533 [Update odom] 
1621071100641 [vx:0.0 vy:0.0 vth:0.0 yaw:0.0] 
1621071100641 [delta_X:0 delta_y:0 status:True] 
1621071100642 [Update odom] 
1621071100749 [vx:0.0 vy:0.0 vth:0.0 yaw:0.0] 
1621071100749 [delta_X:0 delta_y:0 status:True] 
1621071100750 [Update odom] 
1621071100857 [vx:0.0 vy:0.0 vth:0.0 yaw:0.0] 
1621071100857 [delta_X:0 delta_y:0 status:True] 
1621071100859 [Update odom] 
1621071100979 [vx:0.0 vy:0.0 vth:0.0 yaw:0.0] 
1621071100979 [delta_X:0 delta_y:0 status:True] 
1621071100980 [Update odom] 
1621071101087 [vx:0.0 vy:0.0 vth:0.0 yaw:0.0] 
1621071101087 [delta_X:0 delta_y:0 status:True] 
1621071101089 [Update odom] 
1621071101195 [vx:0.0 vy:0.0 vth:0.0 yaw:0.0] 
1621071101195 [delta_X:0 delta_y:0 status:True] 
1621071101196 [Update odom] 
1621071101303 [vx:0.0 vy:0.0 vth:0.0 yaw:0.0] 
1621071101303 [delta_X:0 delta_y:0 status:True] 
1621071101304 [Update odom] 
1621071101415 [vx:0.0 vy:0.0 vth:0.0 yaw:0.0] 
1621071101415 [delta_X:0 delta_y:0 status:True] 
1621071101419 [Update odom] 
1621071101530 [vx:0.0 vy:0.0 vth:0.0 yaw:0.0] 
1621071101530 [delta_X:0 delta_y:0 status:True] 
1621071101531 [Update odom] 
1621071101637 [vx:0.0 vy:0.0 vth:0.0 yaw:0.0] 
1621071101637 [delta_X:0 delta_y:0 status:True] 
1621071101638 [Update odom] 
1621071101743 [vx:0.0 vy:0.0 vth:0.0 yaw:0.0] 
1621071101743 [delta_X:0 delta_y:0 status:True] 
1621071101745 [Update odom] 
1621071101852 [vx:0.0 vy:0.0 vth:0.0 yaw:0.0] 
1621071101854 [delta_X:0 delta_y:0 status:True] 
1621071101855 [Update odom] 
1621071101966 [vx:0.0 vy:0.0 vth:0.0 yaw:0.0] 
1621071101966 [delta_X:0 delta_y:0 status:True] 
1621071101968 [Update odom] 
1621071102074 [vx:0.0 vy:0.0 vth:0.0 yaw:0.0] 
1621071102074 [delta_X:0 delta_y:0 status:True] 
1621071102076 [Update odom] 
1621071102182 [vx:0.0 vy:0.0 vth:0.0 yaw:0.0] 
1621071102182 [delta_X:0 delta_y:0 status:True] 
1621071102183 [Update odom] 
1621071102295 [vx:0.0 vy:0.0 vth:0.0 yaw:0.0] 
1621071102295 [delta_X:0 delta_y:0 status:True] 
1621071102298 [Update odom] 
1621071102436 [vx:0.0 vy:0.0 vth:0.0 yaw:0.0] 
1621071102436 [delta_X:0 delta_y:0 status:True] 
1621071102437 [Update odom] 
1621071102543 [vx:0.0 vy:0.0 vth:0.0 yaw:0.0] 
1621071102543 [delta_X:0 delta_y:0 status:True] 
1621071102544 [Update odom] 
1621071102653 [vx:0.0 vy:0.0 vth:0.0 yaw:0.0] 
1621071102653 [delta_X:0 delta_y:0 status:True] 
1621071102654 [Update odom] 
1621071102772 [vx:0.0 vy:0.0 vth:0.0 yaw:0.0] 
1621071102772 [delta_X:0 delta_y:0 status:True] 
1621071102773 [Update odom] 
1621071102882 [vx:0.0 vy:0.0 vth:0.0 yaw:0.0] 
1621071102882 [delta_X:0 delta_y:0 status:True] 
1621071102884 [Update odom] 
1621071102992 [vx:0.0 vy:0.0 vth:0.0 yaw:0.0] 
1621071102992 [delta_X:0 delta_y:0 status:True] 
1621071102993 [Update odom] 
1621071103103 [vx:0.0 vy:0.0 vth:0.0 yaw:0.0] 
1621071103103 [delta_X:0 delta_y:0 status:True] 
1621071103105 [Update odom] 
1621071103211 [vx:0.0 vy:0.0 vth:0.0 yaw:0.0] 
1621071103211 [delta_X:0 delta_y:0 status:True] 
1621071103211 [Update odom] 
1621071103333 [vx:0.0 vy:0.0 vth:0.0 yaw:0.0] 
1621071103333 [delta_X:0 delta_y:0 status:True] 
1621071103336 [Update odom] 
1621071103443 [vx:0.0 vy:0.0 vth:0.0 yaw:0.0] 
1621071103443 [delta_X:0 delta_y:0 status:True] 
1621071103445 [Update odom] 
1621071103555 [vx:0.0 vy:0.0 vth:0.0 yaw:0.0] 
1621071103555 [delta_X:0 delta_y:0 status:True] 
1621071103556 [Update odom] 
1621071103669 [vx:0.0 vy:0.0 vth:0.0 yaw:0.0] 
1621071103669 [delta_X:0 delta_y:0 status:True] 
1621071103671 [Update odom] 
1621071103776 [vx:0.0 vy:0.0 vth:0.0 yaw:0.0] 
1621071103776 [delta_X:0 delta_y:0 status:True] 
1621071103777 [Update odom] 
1621071103887 [vx:0.0 vy:0.0 vth:0.0 yaw:0.0] 
1621071103887 [delta_X:0 delta_y:0 status:True] 
1621071103889 [Update odom] 
1621071103995 [vx:0.0 vy:0.0 vth:0.0 yaw:0.0] 
1621071103995 [delta_X:0 delta_y:0 status:True] 
1621071103996 [Update odom] 
1621071104102 [vx:0.0 vy:0.0 vth:0.0 yaw:0.0] 
1621071104102 [delta_X:0 delta_y:0 status:True] 
1621071104103 [Update odom] 
1621071104209 [vx:0.0 vy:0.0 vth:0.0 yaw:0.0] 
1621071104209 [delta_X:0 delta_y:0 status:True] 
1621071104209 [Update odom] 
1621071104315 [vx:0.0 vy:0.0 vth:0.0 yaw:0.0] 
1621071104315 [delta_X:0 delta_y:0 status:True] 
1621071104316 [Update odom] 
1621071104426 [vx:0.0 vy:0.0 vth:0.0 yaw:0.0] 
1621071104426 [delta_X:0 delta_y:0 status:True] 
1621071104430 [Update odom] 
1621071104549 [vx:0.0 vy:0.0 vth:0.0 yaw:0.0] 
1621071104549 [delta_X:0 delta_y:0 status:True] 
1621071104550 [Update odom] 
1621071104662 [vx:0.0 vy:0.0 vth:0.0 yaw:0.0] 
1621071104662 [delta_X:0 delta_y:0 status:True] 
1621071104663 [Update odom] 
1621071104774 [vx:0.0 vy:0.0 vth:0.0 yaw:0.0] 
1621071104774 [delta_X:0 delta_y:0 status:True] 
1621071104775 [Update odom] 
1621071104884 [vx:0.0 vy:0.0 vth:0.0 yaw:0.0] 
1621071104884 [delta_X:0 delta_y:0 status:True] 
1621071104885 [Update odom] 
1621071104997 [vx:0.0 vy:0.0 vth:0.0 yaw:0.0] 
1621071104998 [delta_X:0 delta_y:0 status:True] 
1621071105000 [Update odom] 
1621071105111 [vx:0.0 vy:0.0 vth:0.0 yaw:0.0] 
1621071105111 [delta_X:0 delta_y:0 status:True] 
1621071105113 [Update odom] 
1621071105223 [vx:0.0 vy:0.0 vth:0.0 yaw:0.0] 
1621071105223 [delta_X:0 delta_y:0 status:True] 
1621071105224 [Update odom] 
1621071105333 [vx:0.0 vy:0.0 vth:0.0 yaw:0.0] 
1621071105333 [delta_X:0 delta_y:0 status:True] 
1621071105335 [Update odom] 
1621071105449 [vx:0.0 vy:0.0 vth:0.0 yaw:0.0] 
1621071105450 [delta_X:0 delta_y:0 status:True] 
1621071105451 [Update odom] 
1621071105558 [vx:0.0 vy:0.0 vth:0.0 yaw:0.0] 
1621071105558 [delta_X:0 delta_y:0 status:True] 
1621071105559 [Update odom] 
1621071105674 [vx:0.0 vy:0.0 vth:0.0 yaw:0.0] 
1621071105674 [delta_X:0 delta_y:0 status:True] 
1621071105676 [Update odom] 
1621071105784 [vx:0.0 vy:0.0 vth:0.0 yaw:0.0] 
1621071105784 [delta_X:0 delta_y:0 status:True] 
1621071105786 [Update odom] 
1621071105892 [vx:0.0 vy:0.0 vth:0.0 yaw:0.0] 
1621071105892 [delta_X:0 delta_y:0 status:True] 
1621071105893 [Update odom] 
1621071105999 [vx:0.0 vy:0.0 vth:0.0 yaw:0.0] 
1621071105999 [delta_X:0 delta_y:0 status:True] 
1621071106000 [Update odom] 
1621071106108 [vx:0.0 vy:0.0 vth:0.0 yaw:0.0] 
1621071106108 [delta_X:0 delta_y:0 status:True] 
1621071106116 [Update odom] 
1621071106221 [vx:0.0 vy:0.0 vth:0.0 yaw:0.0] 
1621071106221 [delta_X:0 delta_y:0 status:True] 
1621071106222 [Update odom] 
1621071106268 [log_latest_command] [[ b y t e a r r a y ( b ' \ x a a \ x f f \ x a 0 \ x 0 2 I \ x 0 f \ x 0 e ' ) ]] 
1621071106328 [vx:0.0 vy:0.0 vth:0.0 yaw:0.0] 
1621071106328 [delta_X:0.0 delta_y:0.0 status:False] 
1621071106329 [Update odom] 
1621071106436 [vx:0.0 vy:0.0 vth:0.0 yaw:0.0] 
1621071106436 [delta_X:0.0 delta_y:0.0 status:False] 
1621071106437 [Update odom] 
1621071106547 [vx:0.0 vy:0.0 vth:0.0 yaw:0.0] 
1621071106547 [delta_X:0.0 delta_y:0.0 status:False] 
1621071106548 [Update odom] 
1621071106662 [vx:0.0 vy:0.0 vth:0.0 yaw:0.0] 
1621071106662 [delta_X:0.0 delta_y:0.0 status:False] 
1621071106663 [Update odom] 
1621071106770 [vx:0.0 vy:0.0 vth:0.0 yaw:0.0] 
1621071106770 [delta_X:0.0 delta_y:0.0 status:False] 
1621071106774 [Update odom] 
1621071106883 [vx:0.0 vy:0.0 vth:0.0 yaw:0.0] 
1621071106883 [delta_X:0.0 delta_y:0.0 status:False] 
1621071106885 [Update odom] 
1621071106991 [vx:0.0 vy:0.0 vth:0.0 yaw:0.0] 
1621071106991 [delta_X:0.0 delta_y:0.0 status:False] 
1621071106992 [Update odom] 
1621071107097 [vx:0.0 vy:0.0 vth:0.0 yaw:0.0] 
1621071107097 [delta_X:0.0 delta_y:0.0 status:False] 
1621071107098 [Update odom] 
1621071107220 [vx:0.0 vy:0.0 vth:0.0 yaw:0.0] 
1621071107220 [delta_X:0.0 delta_y:0.0 status:False] 
1621071107222 [Update odom] 
1621071107339 [vx:0.0 vy:0.0 vth:0.0 yaw:0.0] 
1621071107339 [delta_X:0.0 delta_y:0.0 status:False] 
1621071107351 [Update odom] 
1621071107463 [vx:0.0 vy:0.0 vth:0.0 yaw:0.0] 
1621071107464 [delta_X:0.0 delta_y:0.0 status:False] 
1621071107466 [Update odom] 
1621071107580 [vx:0.0 vy:0.0 vth:0.0 yaw:0.0] 
1621071107580 [delta_X:0.0 delta_y:0.0 status:False] 
1621071107580 [Update odom] 
1621071107688 [vx:0.0 vy:0.0 vth:0.0 yaw:0.0] 
1621071107688 [delta_X:0.0 delta_y:0.0 status:False] 
1621071107689 [Update odom] 
1621071107799 [vx:0.0 vy:0.0 vth:0.0 yaw:0.0] 
1621071107799 [delta_X:0.0 delta_y:0.0 status:False] 
1621071107800 [Update odom] 
1621071107907 [vx:0.0 vy:0.0 vth:0.0 yaw:0.0] 
1621071107907 [delta_X:0.0 delta_y:0.0 status:False] 
1621071107908 [Update odom] 
1621071108014 [vx:0.0 vy:0.0 vth:0.0 yaw:0.0] 
1621071108014 [delta_X:0.0 delta_y:0.0 status:False] 
1621071108015 [Update odom] 
1621071108121 [vx:0.0 vy:0.0 vth:0.0 yaw:0.0] 
1621071108121 [delta_X:0.0 delta_y:0.0 status:False] 
1621071108124 [Update odom] 
1621071108230 [vx:0.0 vy:0.0 vth:0.0 yaw:0.0] 
1621071108230 [delta_X:0.0 delta_y:0.0 status:False] 
1621071108231 [Update odom] 
1621071108340 [vx:0.0 vy:0.0 vth:0.0 yaw:0.0] 
1621071108340 [delta_X:0.0 delta_y:0.0 status:False] 
1621071108341 [Update odom] 
1621071108451 [vx:0.0 vy:0.0 vth:0.0 yaw:0.0] 
1621071108451 [delta_X:0.0 delta_y:0.0 status:False] 
1621071108452 [Update odom] 
1621071108562 [vx:0.0 vy:0.0 vth:0.0 yaw:0.0] 
1621071108562 [delta_X:0.0 delta_y:0.0 status:False] 
1621071108563 [Update odom] 
1621071108670 [vx:0.0 vy:0.0 vth:0.0 yaw:0.0] 
1621071108670 [delta_X:0.0 delta_y:0.0 status:False] 
1621071108671 [Update odom] 
1621071108779 [vx:0.0 vy:0.0 vth:0.0 yaw:0.0] 
1621071108779 [delta_X:0.0 delta_y:0.0 status:False] 
1621071108780 [Update odom] 
1621071108887 [vx:0.0 vy:0.0 vth:0.0 yaw:0.0] 
1621071108887 [delta_X:0.0 delta_y:0.0 status:False] 
1621071108888 [Update odom] 
1621071108995 [vx:0.0 vy:0.0 vth:0.0 yaw:0.0] 
1621071108995 [delta_X:0.0 delta_y:0.0 status:False] 
1621071108996 [Update odom] 
1621071109102 [vx:0.0 vy:0.0 vth:0.0 yaw:0.0] 
1621071109102 [delta_X:0.0 delta_y:0.0 status:False] 
1621071109104 [Update odom] 
1621071109219 [vx:0.0 vy:0.0 vth:0.0 yaw:0.0] 
1621071109219 [delta_X:0.0 delta_y:0.0 status:False] 
1621071109221 [Update odom] 
1621071109327 [vx:0.0 vy:0.0 vth:0.0 yaw:0.0] 
1621071109327 [delta_X:0.0 delta_y:0.0 status:False] 
1621071109328 [Update odom] 
1621071109434 [vx:0.0 vy:0.0 vth:0.0 yaw:0.0] 
1621071109434 [delta_X:0.0 delta_y:0.0 status:False] 
1621071109435 [Update odom] 
1621071109544 [vx:0.0 vy:0.0 vth:0.0 yaw:0.0] 
1621071109544 [delta_X:0.0 delta_y:0.0 status:False] 
1621071109545 [Update odom] 
1621071109652 [vx:0.0 vy:0.0 vth:0.0 yaw:0.0] 
1621071109652 [delta_X:0.0 delta_y:0.0 status:False] 
1621071109654 [Update odom] 
1621071109760 [vx:0.0 vy:0.0 vth:0.0 yaw:0.0] 
1621071109760 [delta_X:0.0 delta_y:0.0 status:False] 
1621071109761 [Update odom] 
1621071109866 [vx:0.0 vy:0.0 vth:0.0 yaw:0.0] 
1621071109867 [delta_X:0.0 delta_y:0.0 status:False] 
1621071109868 [Update odom] 
1621071109978 [vx:0.0 vy:0.0 vth:0.0 yaw:0.0] 
1621071109978 [delta_X:0.0 delta_y:0.0 status:False] 
1621071109979 [Update odom] 
1621071110090 [vx:0.0 vy:0.0 vth:0.0 yaw:0.0] 
1621071110091 [delta_X:0.0 delta_y:0.0 status:False] 
1621071110092 [Update odom] 
1621071110204 [vx:0.0 vy:0.0 vth:0.0 yaw:0.0] 
1621071110204 [delta_X:0.0 delta_y:0.0 status:False] 
1621071110205 [Update odom] 
1621071110312 [vx:0.0 vy:0.0 vth:0.0 yaw:0.0] 
1621071110312 [delta_X:0.0 delta_y:0.0 status:False] 
1621071110313 [Update odom] 
1621071110429 [vx:0.0 vy:0.0 vth:0.0 yaw:0.0] 
1621071110429 [delta_X:0.0 delta_y:0.0 status:False] 
1621071110430 [Update odom] 
1621071110446 [log_latest_command] [[ b y t e a r r a y ( b ' \ x a a \ x f f \ x a 0 \ x 0 2 I \ x 0 f \ x 0 e ' ) ]] 
1621071110543 [vx:0.0 vy:0.0 vth:0.0 yaw:0.0] 
1621071110543 [delta_X:0.0 delta_y:0.0 status:False] 
1621071110544 [Update odom] 
1621071110653 [vx:0.0 vy:0.0 vth:0.0 yaw:0.0] 
1621071110653 [delta_X:0.0 delta_y:0.0 status:False] 
1621071110655 [Update odom] 
1621071110762 [vx:0.0 vy:0.0 vth:0.0 yaw:0.0] 
1621071110763 [delta_X:0.0 delta_y:0.0 status:False] 
1621071110773 [Update odom] 
1621071110894 [vx:0.0 vy:0.0 vth:0.0 yaw:0.0] 
1621071110894 [delta_X:0.0 delta_y:0.0 status:False] 
1621071110895 [Update odom] 
1621071111001 [vx:0.0 vy:0.0 vth:0.0 yaw:0.0] 
1621071111001 [delta_X:0.0 delta_y:0.0 status:False] 
1621071111002 [Update odom] 
1621071111111 [vx:0.0 vy:0.0 vth:0.0 yaw:0.0] 
1621071111111 [delta_X:0.0 delta_y:0.0 status:False] 
1621071111112 [Update odom] 
1621071111225 [log_latest_command] [[ b y t e a r r a y ( b ' \ x a a \ x f f \ x a 0 \ x 0 2 I \ x 0 f \ x 0 e ' ) ]] 
1621071111226 [vx:0.0 vy:0.0 vth:0.0 yaw:0.0] 
1621071111226 [delta_X:0.0 delta_y:0.0 status:False] 
1621071111227 [Update odom] 
1621071111340 [vx:0.0 vy:0.0 vth:0.0 yaw:0.0] 
1621071111340 [delta_X:0.0 delta_y:0.0 status:False] 
1621071111342 [Update odom] 
1621071111460 [vx:0.0 vy:0.0 vth:0.0 yaw:0.0] 
1621071111461 [delta_X:0.0 delta_y:0.0 status:False] 
1621071111462 [Update odom] 
1621071111573 [vx:0.0 vy:0.0 vth:0.0 yaw:0.0] 
1621071111573 [delta_X:0.0 delta_y:0.0 status:False] 
1621071111574 [Update odom] 
1621071111680 [vx:0.0 vy:0.0 vth:0.0 yaw:0.0] 
1621071111680 [delta_X:0.0 delta_y:0.0 status:False] 
1621071111681 [Update odom] 
1621071111789 [vx:0.0 vy:0.0 vth:0.0 yaw:0.0] 
1621071111789 [delta_X:0.0 delta_y:0.0 status:False] 
1621071111791 [Update odom] 
1621071111902 [vx:0.0 vy:0.0 vth:0.0 yaw:0.0] 
1621071111902 [delta_X:0.0 delta_y:0.0 status:False] 
1621071111904 [Update odom] 
1621071112011 [vx:0.0 vy:0.0 vth:0.0 yaw:0.0] 
1621071112011 [delta_X:0.0 delta_y:0.0 status:False] 
1621071112012 [Update odom] 
1621071112118 [vx:0.0 vy:0.0 vth:0.0 yaw:0.0] 
1621071112118 [delta_X:0.0 delta_y:0.0 status:False] 
1621071112119 [Update odom] 
1621071112265 [vx:0.0 vy:0.0 vth:0.0 yaw:0.0] 
1621071112266 [delta_X:0.0 delta_y:0.0 status:False] 
1621071112267 [Update odom] 
1621071112372 [vx:0.0 vy:0.0 vth:0.0 yaw:0.0] 
1621071112372 [delta_X:0.0 delta_y:0.0 status:False] 
1621071112374 [Update odom] 
1621071112480 [vx:0.0 vy:0.0 vth:0.0 yaw:0.0] 
1621071112480 [delta_X:0.0 delta_y:0.0 status:False] 
1621071112481 [Update odom] 
1621071112588 [vx:0.0 vy:0.0 vth:0.0 yaw:0.0] 
1621071112588 [delta_X:0.0 delta_y:0.0 status:False] 
1621071112590 [Update odom] 
1621071112701 [vx:0.0 vy:0.0 vth:0.0 yaw:0.0] 
1621071112701 [delta_X:0.0 delta_y:0.0 status:False] 
1621071112703 [Update odom] 
1621071112810 [vx:0.0 vy:0.0 vth:0.0 yaw:0.0] 
1621071112810 [delta_X:0.0 delta_y:0.0 status:False] 
1621071112811 [Update odom] 
1621071112928 [vx:0.0 vy:0.0 vth:0.0 yaw:0.0] 
1621071112928 [delta_X:0.0 delta_y:0.0 status:False] 
1621071112930 [Update odom] 
1621071113035 [vx:0.0 vy:0.0 vth:0.0 yaw:0.0] 
1621071113035 [delta_X:0.0 delta_y:0.0 status:False] 
1621071113036 [Update odom] 
1621071113142 [vx:0.0 vy:0.0 vth:0.0 yaw:0.0] 
1621071113142 [delta_X:0.0 delta_y:0.0 status:False] 
1621071113143 [Update odom] 
1621071113252 [vx:0.0 vy:0.0 vth:0.0 yaw:0.0] 
1621071113252 [delta_X:0.0 delta_y:0.0 status:False] 
1621071113254 [Update odom] 
1621071113360 [vx:0.0 vy:0.0 vth:0.0 yaw:0.0] 
1621071113360 [delta_X:0.0 delta_y:0.0 status:False] 
1621071113361 [Update odom] 
1621071113472 [vx:0.0 vy:0.0 vth:0.0 yaw:0.0] 
1621071113473 [delta_X:0.0 delta_y:0.0 status:False] 
1621071113474 [Update odom] 
1621071113580 [vx:0.0 vy:0.0 vth:0.0 yaw:0.0] 
1621071113581 [delta_X:0.0 delta_y:0.0 status:False] 
1621071113582 [Update odom] 
1621071113690 [vx:0.0 vy:0.0 vth:0.0 yaw:0.0] 
1621071113690 [delta_X:0.0 delta_y:0.0 status:False] 
1621071113692 [Update odom] 
1621071113797 [vx:0.0 vy:0.0 vth:0.0 yaw:0.0] 
1621071113797 [delta_X:0.0 delta_y:0.0 status:False] 
1621071113798 [Update odom] 
1621071113904 [vx:0.0 vy:0.0 vth:0.0 yaw:0.0] 
1621071113904 [delta_X:0.0 delta_y:0.0 status:False] 
1621071113906 [Update odom] 
1621071114014 [vx:0.0 vy:0.0 vth:0.0 yaw:0.0] 
1621071114014 [delta_X:0.0 delta_y:0.0 status:False] 
1621071114016 [Update odom] 
1621071114122 [vx:0.0 vy:0.0 vth:0.0 yaw:0.0] 
1621071114123 [delta_X:0.0 delta_y:0.0 status:False] 
1621071114124 [Update odom] 
1621071114236 [vx:0.0 vy:0.0 vth:0.0 yaw:0.0] 
1621071114236 [delta_X:0.0 delta_y:0.0 status:False] 
1621071114237 [Update odom] 
1621071114344 [vx:0.0 vy:0.0 vth:0.0 yaw:0.0] 
1621071114344 [delta_X:0.0 delta_y:0.0 status:False] 
1621071114345 [Update odom] 
1621071114464 [vx:0.0 vy:0.0 vth:0.0 yaw:0.0] 
1621071114464 [delta_X:0.0 delta_y:0.0 status:False] 
1621071114465 [Update odom] 
1621071114578 [vx:0.0 vy:0.0 vth:0.0 yaw:0.0] 
1621071114578 [delta_X:0.0 delta_y:0.0 status:False] 
1621071114579 [Update odom] 
1621071114687 [vx:0.0 vy:0.0 vth:0.0 yaw:0.0] 
1621071114688 [delta_X:0.0 delta_y:0.0 status:False] 
1621071114689 [Update odom] 
1621071114713 [log_latest_command] [[ b y t e a r r a y ( b ' \ x a a \ x f f \ x a 0 \ x 0 2 I \ x 0 f \ x 0 e ' ) ]] 
1621071114794 [vx:0.0 vy:0.0 vth:0.0 yaw:0.0] 
1621071114794 [delta_X:0.0 delta_y:0.0 status:False] 
1621071114795 [Update odom] 
1621071114901 [vx:0.0 vy:0.0 vth:0.0 yaw:0.0] 
1621071114901 [delta_X:0.0 delta_y:0.0 status:False] 
1621071114902 [Update odom] 
1621071115010 [vx:0.0 vy:0.0 vth:0.0 yaw:0.0] 
1621071115010 [delta_X:0.0 delta_y:0.0 status:False] 
1621071115011 [Update odom] 
1621071115120 [vx:0.0 vy:0.0 vth:0.0 yaw:0.0] 
1621071115120 [delta_X:0 delta_y:0 status:True] 
1621071115121 [Update odom] 
1621071115125 [log_latest_command] [[ b y t e a r r a y ( b ' \ x a a \ x f f \ x a 0 \ x 0 2 I \ x 0 f \ x 0 e ' ) ]] 
1621071115229 [vx:0.0 vy:0.0 vth:0.0 yaw:0.0] 
1621071115229 [delta_X:0.0 delta_y:0.0 status:False] 
1621071115230 [Update odom] 
1621071115335 [vx:0.0 vy:0.0 vth:0.0 yaw:0.0] 
1621071115335 [delta_X:0.0 delta_y:0.0 status:False] 
1621071115337 [Update odom] 
1621071115447 [vx:0.0 vy:0.0 vth:0.0 yaw:0.0] 
1621071115447 [delta_X:0.0 delta_y:0.0 status:False] 
1621071115450 [Update odom] 
1621071115555 [vx:0.0 vy:0.0 vth:0.0 yaw:0.0] 
1621071115555 [delta_X:0.0 delta_y:0.0 status:False] 
1621071115556 [Update odom] 
1621071115666 [vx:0.0 vy:0.0 vth:0.0 yaw:0.0] 
1621071115666 [delta_X:0.0 delta_y:0.0 status:False] 
1621071115668 [Update odom] 
1621071115775 [vx:0.0 vy:0.0 vth:0.0 yaw:0.0] 
1621071115775 [delta_X:0.0 delta_y:0.0 status:False] 
1621071115776 [Update odom] 
1621071115881 [vx:0.0 vy:0.0 vth:0.0 yaw:0.0] 
1621071115882 [delta_X:0.0 delta_y:0.0 status:False] 
1621071115883 [Update odom] 
1621071115989 [vx:0.0 vy:0.0 vth:0.0 yaw:0.0] 
1621071115989 [delta_X:0.0 delta_y:0.0 status:False] 
1621071115991 [Update odom] 
1621071116033 [log_latest_command] [[ b y t e a r r a y ( b ' \ x a a \ x f f \ x a 0 \ x 0 2 I \ x 0 f \ x 0 e ' ) ]] 
1621071116103 [vx:0.0 vy:0.0 vth:0.0 yaw:0.0] 
1621071116103 [delta_X:0.0 delta_y:0.0 status:False] 
1621071116104 [Update odom] 
1621071116219 [vx:0.0 vy:0.0 vth:0.0 yaw:0.0] 
1621071116219 [delta_X:0.0 delta_y:0.0 status:False] 
1621071116220 [Update odom] 
1621071116327 [vx:0.0 vy:0.0 vth:0.0 yaw:0.0] 
1621071116327 [delta_X:0.0 delta_y:0.0 status:False] 
1621071116328 [Update odom] 
1621071116434 [vx:0.0 vy:0.0 vth:0.0 yaw:0.0] 
1621071116434 [delta_X:0 delta_y:0 status:True] 
1621071116436 [Update odom] 
1621071116440 [log_latest_command] [[ b y t e a r r a y ( b ' \ x a a \ x f f \ x a 0 \ x 0 2 I \ x 0 f \ x 0 e ' ) ]] 
1621071116541 [vx:0.0 vy:0.0 vth:0.0 yaw:0.0] 
1621071116541 [delta_X:0.0 delta_y:0.0 status:False] 
1621071116542 [Update odom] 
1621071116647 [vx:0.0 vy:0.0 vth:0.0 yaw:0.0] 
1621071116647 [delta_X:0.0 delta_y:0.0 status:False] 
1621071116648 [Update odom] 
1621071116754 [vx:0.0 vy:0.0 vth:0.0 yaw:0.0] 
1621071116754 [delta_X:0.0 delta_y:0.0 status:False] 
1621071116755 [Update odom] 
1621071116861 [vx:0.0 vy:0.0 vth:0.0 yaw:0.0] 
1621071116861 [delta_X:0.0 delta_y:0.0 status:False] 
1621071116862 [Update odom] 
1621071116969 [vx:0.0 vy:0.0 vth:0.0 yaw:0.0] 
1621071116969 [delta_X:0.0 delta_y:0.0 status:False] 
1621071116970 [Update odom] 
1621071117075 [vx:0.0 vy:0.0 vth:0.0 yaw:0.0] 
1621071117075 [delta_X:0.0 delta_y:0.0 status:False] 
1621071117076 [Update odom] 
1621071117107 [log_latest_command] [[ b y t e a r r a y ( b ' \ x a a \ x f f \ x a 0 \ x 0 2 I \ x 0 f \ x 0 e ' ) ]] 
1621071117182 [vx:0.0 vy:0.0 vth:0.0 yaw:0.0] 
1621071117182 [delta_X:0.0 delta_y:0.0 status:False] 
1621071117183 [Update odom] 
1621071117291 [vx:0.0 vy:0.0 vth:0.0 yaw:0.0] 
1621071117291 [delta_X:0.0 delta_y:0.0 status:False] 
1621071117292 [Update odom] 
1621071117398 [vx:0.0 vy:0.0 vth:0.0 yaw:0.0] 
1621071117398 [delta_X:0.0 delta_y:0.0 status:False] 
1621071117399 [Update odom] 
1621071117505 [vx:0.0 vy:0.0 vth:0.0 yaw:0.0] 
1621071117506 [delta_X:0.0 delta_y:0.0 status:False] 
1621071117507 [Update odom] 
1621071117613 [vx:0.0 vy:0.0 vth:0.0 yaw:0.0] 
1621071117613 [delta_X:0.0 delta_y:0.0 status:False] 
1621071117614 [Update odom] 
1621071117721 [vx:0.0 vy:0.0 vth:0.0 yaw:0.0] 
1621071117721 [delta_X:0.0 delta_y:0.0 status:False] 
1621071117722 [Update odom] 
1621071117828 [vx:0.0 vy:0.0 vth:0.0 yaw:0.0] 
1621071117828 [delta_X:0.0 delta_y:0.0 status:False] 
1621071117829 [Update odom] 
1621071117935 [vx:0.0 vy:0.0 vth:0.0 yaw:0.0] 
1621071117935 [delta_X:0.0 delta_y:0.0 status:False] 
1621071117936 [Update odom] 
1621071118041 [vx:0.0 vy:0.0 vth:0.0 yaw:0.0] 
1621071118042 [delta_X:0.0 delta_y:0.0 status:False] 
1621071118043 [Update odom] 
1621071118148 [vx:0.0 vy:0.0 vth:0.0 yaw:0.0] 
1621071118148 [delta_X:0.0 delta_y:0.0 status:False] 
1621071118149 [Update odom] 
1621071118255 [vx:0.0 vy:0.0 vth:0.0 yaw:0.0] 
1621071118255 [delta_X:0.0 delta_y:0.0 status:False] 
1621071118256 [Update odom] 
1621071118260 [log_latest_command] [[ b y t e a r r a y ( b ' \ x a a \ x f f \ x a 0 \ x 0 2 I \ x 0 f \ x 0 e ' ) ]] 
1621071118362 [vx:0.0 vy:0.0 vth:0.0 yaw:0.0] 
1621071118362 [delta_X:0.0 delta_y:0.0 status:False] 
1621071118363 [Update odom] 
1621071118475 [vx:0.0 vy:0.0 vth:0.0 yaw:0.0] 
1621071118475 [delta_X:0.0 delta_y:0.0 status:False] 
1621071118480 [Update odom] 
1621071118587 [vx:0.0 vy:0.0 vth:0.0 yaw:0.0] 
1621071118587 [delta_X:0 delta_y:0 status:True] 
1621071118588 [Update odom] 
1621071118673 [log_latest_command] [[ b y t e a r r a y ( b ' \ x a a \ x f f \ x a 0 \ x 0 2 I \ x 0 f \ x 0 e ' ) ]] 
1621071118699 [vx:0.0 vy:0.0 vth:0.0 yaw:0.0] 
1621071118699 [delta_X:0.0 delta_y:0.0 status:False] 
1621071118701 [Update odom] 
1621071118806 [vx:0.0 vy:0.0 vth:0.0 yaw:0.0] 
1621071118806 [delta_X:0.0 delta_y:0.0 status:False] 
1621071118807 [Update odom] 
1621071118914 [vx:0.0 vy:0.0 vth:0.0 yaw:0.0] 
1621071118914 [delta_X:0.0 delta_y:0.0 status:False] 
1621071118916 [Update odom] 
1621071119034 [vx:0.0 vy:0.0 vth:0.0 yaw:0.0] 
1621071119034 [delta_X:0.0 delta_y:0.0 status:False] 
1621071119036 [Update odom] 
1621071119148 [vx:0.0 vy:0.0 vth:0.0 yaw:0.0] 
1621071119154 [delta_X:0.0 delta_y:0.0 status:False] 
1621071119161 [Update odom] 
1621071119267 [vx:0.0 vy:0.0 vth:0.0 yaw:0.0] 
1621071119267 [delta_X:0.0 delta_y:0.0 status:False] 
1621071119268 [Update odom] 
1621071119376 [vx:0.0 vy:0.0 vth:0.0 yaw:0.0] 
1621071119376 [delta_X:0.0 delta_y:0.0 status:False] 
1621071119378 [Update odom] 
1621071119492 [vx:0.0 vy:0.0 vth:0.0 yaw:0.0] 
1621071119492 [delta_X:0.0 delta_y:0.0 status:False] 
1621071119493 [Update odom] 
1621071119602 [vx:0.0 vy:0.0 vth:0.0 yaw:0.0] 
1621071119602 [delta_X:0.0 delta_y:0.0 status:False] 
1621071119603 [Update odom] 
1621071119709 [vx:0.0 vy:0.0 vth:0.0 yaw:0.0] 
1621071119709 [delta_X:0.0 delta_y:0.0 status:False] 
1621071119710 [Update odom] 
1621071119822 [vx:0.0 vy:0.0 vth:0.0 yaw:0.0] 
1621071119822 [delta_X:0.0 delta_y:0.0 status:False] 
1621071119823 [Update odom] 
1621071119936 [vx:0.0 vy:0.0 vth:0.0 yaw:0.0] 
1621071119936 [delta_X:0.0 delta_y:0.0 status:False] 
1621071119940 [Update odom] 
1621071120049 [vx:0.0 vy:0.0 vth:0.0 yaw:0.0] 
1621071120049 [delta_X:0.0 delta_y:0.0 status:False] 
1621071120050 [Update odom] 
1621071120156 [vx:0.0 vy:0.0 vth:0.0 yaw:0.0] 
1621071120156 [delta_X:0.0 delta_y:0.0 status:False] 
1621071120157 [Update odom] 
1621071120264 [vx:0.0 vy:0.0 vth:0.0 yaw:0.0] 
1621071120264 [delta_X:0.0 delta_y:0.0 status:False] 
1621071120265 [Update odom] 
1621071120372 [vx:0.0 vy:0.0 vth:0.0 yaw:0.0] 
1621071120372 [delta_X:0.0 delta_y:0.0 status:False] 
1621071120373 [Update odom] 
1621071120486 [vx:0.0 vy:0.0 vth:0.0 yaw:0.0] 
1621071120486 [delta_X:0.0 delta_y:0.0 status:False] 
1621071120487 [Update odom] 
1621071120595 [vx:0.0 vy:0.0 vth:0.0 yaw:0.0] 
1621071120595 [delta_X:0.0 delta_y:0.0 status:False] 
1621071120597 [Update odom] 
1621071120705 [vx:0.0 vy:0.0 vth:0.0 yaw:0.0] 
1621071120705 [delta_X:0.0 delta_y:0.0 status:False] 
1621071120707 [Update odom] 
1621071120814 [vx:0.0 vy:0.0 vth:0.0 yaw:0.0] 
1621071120814 [delta_X:0.0 delta_y:0.0 status:False] 
1621071120815 [Update odom] 
1621071120926 [vx:0.0 vy:0.0 vth:0.0 yaw:0.0] 
1621071120926 [delta_X:0.0 delta_y:0.0 status:False] 
1621071120931 [Update odom] 
1621071121044 [vx:0.0 vy:0.0 vth:0.0 yaw:0.0] 
1621071121044 [delta_X:0.0 delta_y:0.0 status:False] 
1621071121049 [Update odom] 
1621071121155 [vx:0.0 vy:0.0 vth:0.0 yaw:0.0] 
1621071121155 [delta_X:0.0 delta_y:0.0 status:False] 
1621071121156 [Update odom] 
1621071121263 [vx:0.0 vy:0.0 vth:0.0 yaw:0.0] 
1621071121263 [delta_X:0.0 delta_y:0.0 status:False] 
1621071121264 [Update odom] 
1621071121371 [vx:0.0 vy:0.0 vth:0.0 yaw:0.0] 
1621071121371 [delta_X:0.0 delta_y:0.0 status:False] 
1621071121372 [Update odom] 
1621071121495 [vx:0.0 vy:0.0 vth:0.0 yaw:0.0] 
1621071121495 [delta_X:0.0 delta_y:0.0 status:False] 
1621071121497 [Update odom] 
1621071121606 [vx:0.0 vy:0.0 vth:0.0 yaw:0.0] 
1621071121607 [delta_X:0.0 delta_y:0.0 status:False] 
1621071121608 [Update odom] 
1621071121725 [vx:0.0 vy:0.0 vth:0.0 yaw:0.0] 
1621071121726 [delta_X:0.0 delta_y:0.0 status:False] 
1621071121727 [Update odom] 
1621071121837 [vx:0.0 vy:0.0 vth:0.0 yaw:0.0] 
1621071121838 [delta_X:0.0 delta_y:0.0 status:False] 
1621071121839 [Update odom] 
1621071121951 [vx:0.0 vy:0.0 vth:0.0 yaw:0.0] 
1621071121951 [delta_X:0.0 delta_y:0.0 status:False] 
1621071121952 [Update odom] 
1621071122058 [vx:0.0 vy:0.0 vth:0.0 yaw:0.0] 
1621071122058 [delta_X:0.0 delta_y:0.0 status:False] 
1621071122059 [Update odom] 
1621071122166 [vx:0.0 vy:0.0 vth:0.0 yaw:0.0] 
1621071122166 [delta_X:0.0 delta_y:0.0 status:False] 
1621071122167 [Update odom] 
1621071122283 [vx:0.0 vy:0.0 vth:0.0 yaw:0.0] 
1621071122283 [delta_X:0.0 delta_y:0.0 status:False] 
1621071122284 [Update odom] 
1621071122397 [vx:0.0 vy:0.0 vth:0.0 yaw:0.0] 
1621071122397 [delta_X:0.0 delta_y:0.0 status:False] 
1621071122398 [Update odom] 
1621071122506 [vx:0.0 vy:0.0 vth:0.0 yaw:0.0] 
1621071122506 [delta_X:0.0 delta_y:0.0 status:False] 
1621071122509 [Update odom] 
1621071122615 [vx:0.0 vy:0.0 vth:0.0 yaw:0.0] 
1621071122615 [delta_X:0.0 delta_y:0.0 status:False] 
1621071122616 [Update odom] 
1621071122722 [vx:0.0 vy:0.0 vth:0.0 yaw:0.0] 
1621071122722 [delta_X:0.0 delta_y:0.0 status:False] 
1621071122723 [Update odom] 
1621071122829 [vx:0.0 vy:0.0 vth:0.0 yaw:0.0] 
1621071122829 [delta_X:0.0 delta_y:0.0 status:False] 
1621071122830 [Update odom] 
1621071122935 [vx:0.0 vy:0.0 vth:0.0 yaw:0.0] 
1621071122935 [delta_X:0.0 delta_y:0.0 status:False] 
1621071122936 [Update odom] 
1621071123042 [vx:0.0 vy:0.0 vth:0.0 yaw:0.0] 
1621071123042 [delta_X:0.0 delta_y:0.0 status:False] 
1621071123043 [Update odom] 
1621071123048 [log_latest_command] [[ b y t e a r r a y ( b ' \ x a a \ x f f \ x a 0 \ x 0 2 I \ x 0 f \ x 0 e ' ) ]] 
1621071123148 [vx:0.0 vy:0.0 vth:0.0 yaw:0.0] 
1621071123148 [delta_X:0.0 delta_y:0.0 status:False] 
1621071123149 [Update odom] 
1621071123255 [vx:0.0 vy:0.0 vth:0.0 yaw:0.0] 
1621071123255 [delta_X:0.0 delta_y:0.0 status:False] 
1621071123256 [Update odom] 
1621071123362 [vx:0.0 vy:0.0 vth:0.0 yaw:0.0] 
1621071123362 [delta_X:0 delta_y:0 status:True] 
1621071123363 [Update odom] 
1621071123469 [vx:0.0 vy:0.0 vth:0.0 yaw:0.0] 
1621071123469 [delta_X:0 delta_y:0 status:True] 
1621071123470 [Update odom] 
1621071123573 [log_latest_command] [[ b y t e a r r a y ( b ' \ x a a \ x f f \ x a 0 \ x 0 2 I \ x 0 f \ x 0 e ' ) ]] 
1621071123576 [vx:0.0 vy:0.0 vth:0.0 yaw:0.0] 
1621071123576 [delta_X:0.0 delta_y:0.0 status:False] 
1621071123577 [Update odom] 
1621071123682 [vx:0.0 vy:0.0 vth:0.0 yaw:0.0] 
1621071123683 [delta_X:0.0 delta_y:0.0 status:False] 
1621071123684 [Update odom] 
1621071123792 [vx:0.0 vy:0.0 vth:0.0 yaw:0.0] 
1621071123792 [delta_X:0.0 delta_y:0.0 status:False] 
1621071123793 [Update odom] 
1621071123858 [log_latest_command] [[ b y t e a r r a y ( b ' \ x a a \ x f f \ x a 0 \ x 0 2 I \ x 0 f \ x 0 e ' ) ]] 
1621071123899 [vx:0.0 vy:0.0 vth:0.0 yaw:0.0] 
1621071123899 [delta_X:0.0 delta_y:0.0 status:False] 
1621071123900 [Update odom] 
1621071124006 [vx:0.0 vy:0.0 vth:0.0 yaw:0.0] 
1621071124006 [delta_X:0.0 delta_y:0.0 status:False] 
1621071124007 [Update odom] 
1621071124113 [vx:0.0 vy:0.0 vth:0.0 yaw:0.0] 
1621071124113 [delta_X:0.0 delta_y:0.0 status:False] 
1621071124114 [Update odom] 
1621071124219 [vx:0.0 vy:0.0 vth:0.0 yaw:0.0] 
1621071124219 [delta_X:0.0 delta_y:0.0 status:False] 
1621071124220 [Update odom] 
1621071124232 [log_latest_command] [[ b y t e a r r a y ( b ' \ x a a \ x f f \ x a 0 \ x 0 2 I \ x 0 f \ x 0 e ' ) ]] 
1621071124326 [vx:0.0 vy:0.0 vth:0.0 yaw:0.0] 
1621071124326 [delta_X:0.0 delta_y:0.0 status:False] 
1621071124327 [Update odom] 
1621071124433 [vx:0.0 vy:0.0 vth:0.0 yaw:0.0] 
1621071124433 [delta_X:0.0 delta_y:0.0 status:False] 
1621071124434 [Update odom] 
1621071124540 [vx:0.0 vy:0.0 vth:0.0 yaw:0.0] 
1621071124540 [delta_X:0.0 delta_y:0.0 status:False] 
1621071124542 [Update odom] 
1621071124650 [vx:0.0 vy:0.0 vth:0.0 yaw:0.0] 
1621071124650 [delta_X:0.0 delta_y:0.0 status:False] 
1621071124651 [Update odom] 
1621071124730 [log_latest_command] [[ b y t e a r r a y ( b ' \ x a a \ x f f \ x a 0 \ x 0 2 I \ x 0 f \ x 0 e ' ) ]] 
1621071124759 [vx:0.0 vy:0.0 vth:0.0 yaw:0.0] 
1621071124759 [delta_X:0.0 delta_y:0.0 status:False] 
1621071124761 [Update odom] 
1621071124867 [vx:0.0 vy:0.0 vth:0.0 yaw:0.0] 
1621071124867 [delta_X:0.0 delta_y:0.0 status:False] 
1621071124869 [Update odom] 
1621071124939 [log_latest_command] [[ b y t e a r r a y ( b ' \ x a a \ x f f \ x a 0 \ x 0 2 I \ x 0 f \ x 0 e ' ) ]] 
1621071124999 [vx:0.0 vy:0.0 vth:0.0 yaw:0.0] 
1621071124999 [delta_X:0.0 delta_y:0.0 status:False] 
1621071125001 [Update odom] 
1621071125119 [vx:0.0 vy:0.0 vth:0.0 yaw:0.0] 
1621071125119 [delta_X:0.0 delta_y:0.0 status:False] 
1621071125120 [Update odom] 
1621071125144 [log_latest_command] [[ b y t e a r r a y ( b ' \ x a a \ x f f \ x a 0 \ x 0 2 I \ x 0 f \ x 0 e ' ) ]] 
1621071125226 [vx:0.0 vy:0.0 vth:0.0 yaw:0.0] 
1621071125226 [delta_X:0.0 delta_y:0.0 status:False] 
1621071125227 [Update odom] 
1621071125333 [vx:0.0 vy:0.0 vth:0.0 yaw:0.0] 
1621071125333 [delta_X:0.0 delta_y:0.0 status:False] 
1621071125334 [Update odom] 
1621071125346 [log_latest_command] [[ b y t e a r r a y ( b ' \ x a a \ x f f \ x a 0 \ x 0 2 I \ x 0 f \ x 0 e ' ) ]] 
1621071125440 [vx:0.0 vy:0.0 vth:0.0 yaw:0.0] 
1621071125440 [delta_X:0.0 delta_y:0.0 status:False] 
1621071125441 [Update odom] 
1621071125547 [vx:0.0 vy:0.0 vth:0.0 yaw:0.0] 
1621071125547 [delta_X:0.0 delta_y:0.0 status:False] 
1621071125548 [Update odom] 
1621071125548 [log_latest_command] [[ b y t e a r r a y ( b ' \ x a a \ x f f \ x a 0 \ x 0 2 I \ x 0 f \ x 0 e ' ) ]] 
1621071125655 [vx:0.0 vy:0.0 vth:0.0 yaw:0.0] 
1621071125655 [delta_X:0.0 delta_y:0.0 status:False] 
1621071125656 [Update odom] 
1621071125752 [log_latest_command] [[ b y t e a r r a y ( b ' \ x a a \ x f f \ x a 0 \ x 0 2 I \ x 0 f \ x 0 e ' ) ]] 
1621071125762 [vx:0.0 vy:0.0 vth:0.0 yaw:0.0] 
1621071125762 [delta_X:0.0 delta_y:0.0 status:False] 
1621071125763 [Update odom] 
1621071125868 [vx:0.0 vy:0.0 vth:0.0 yaw:0.0] 
1621071125868 [delta_X:0.0 delta_y:0.0 status:False] 
1621071125869 [Update odom] 
1621071125955 [log_latest_command] [[ b y t e a r r a y ( b ' \ x a a \ x f f \ x a 0 \ x 0 2 I \ x 0 f \ x 0 e ' ) ]] 
1621071125975 [vx:0.0 vy:0.0 vth:0.0 yaw:0.0] 
1621071125975 [delta_X:0.0 delta_y:0.0 status:False] 
1621071125976 [Update odom] 
1621071126082 [vx:0.0 vy:0.0 vth:0.0 yaw:0.0] 
1621071126082 [delta_X:0.0 delta_y:0.0 status:False] 
1621071126083 [Update odom] 
1621071126157 [log_latest_command] [[ b y t e a r r a y ( b ' \ x a a \ x f f \ x a 0 \ x 0 2 I \ x 0 f \ x 0 e ' ) ]] 
1621071126188 [vx:0.0 vy:0.0 vth:0.0 yaw:0.0] 
1621071126189 [delta_X:0.0 delta_y:0.0 status:False] 
1621071126190 [Update odom] 
1621071126295 [vx:0.0 vy:0.0 vth:0.0 yaw:0.0] 
1621071126295 [delta_X:0.0 delta_y:0.0 status:False] 
1621071126296 [Update odom] 
1621071126359 [log_latest_command] [[ b y t e a r r a y ( b ' \ x a a \ x f f \ x a 0 \ x 0 2 I \ x 0 f \ x 0 e ' ) ]] 
1621071126403 [vx:0.0 vy:0.0 vth:0.0 yaw:0.0] 
1621071126403 [delta_X:0.0 delta_y:0.0 status:False] 
1621071126407 [Update odom] 
1621071126530 [vx:0.0 vy:0.0 vth:0.0 yaw:0.0] 
1621071126530 [delta_X:0.0 delta_y:0.0 status:False] 
1621071126533 [Update odom] 
1621071126584 [log_latest_command] [[ b y t e a r r a y ( b ' \ x a a \ x f f \ x a 0 \ x 0 2 I \ x 0 f \ x 0 e ' ) ]] 
1621071126640 [vx:0.0 vy:0.0 vth:0.0 yaw:0.0] 
1621071126640 [delta_X:0.0 delta_y:0.0 status:False] 
1621071126640 [Update odom] 
1621071126748 [vx:0.0 vy:0.0 vth:0.0 yaw:0.0] 
1621071126748 [delta_X:0.0 delta_y:0.0 status:False] 
1621071126750 [Update odom] 
1621071126786 [log_latest_command] [[ b y t e a r r a y ( b ' \ x a a \ x f f \ x a 0 \ x 0 2 I \ x 0 f \ x 0 e ' ) ]] 
1621071126855 [vx:0.0 vy:0.0 vth:0.0 yaw:0.0] 
1621071126855 [delta_X:0.0 delta_y:0.0 status:False] 
1621071126857 [Update odom] 
1621071126962 [vx:0.0 vy:0.0 vth:0.0 yaw:0.0] 
1621071126962 [delta_X:0.0 delta_y:0.0 status:False] 
1621071126964 [Update odom] 
1621071126990 [log_latest_command] [[ b y t e a r r a y ( b ' \ x a a \ x f f \ x a 0 \ x 0 2 I \ x 0 f \ x 0 e ' ) ]] 
1621071127070 [vx:0.0 vy:0.0 vth:0.0 yaw:0.0] 
1621071127070 [delta_X:0.0 delta_y:0.0 status:False] 
1621071127071 [Update odom] 
1621071127177 [vx:0.0 vy:0.0 vth:0.0 yaw:0.0] 
1621071127177 [delta_X:0.0 delta_y:0.0 status:False] 
1621071127178 [Update odom] 
1621071127202 [log_latest_command] [[ b y t e a r r a y ( b ' \ x a a \ x f f \ x a 0 \ x 0 2 I \ x 0 f \ x 0 e ' ) ]] 
1621071127285 [vx:0.0 vy:0.0 vth:0.0 yaw:0.0] 
1621071127285 [delta_X:0.0 delta_y:0.0 status:False] 
1621071127286 [Update odom] 
1621071127405 [log_latest_command] [[ b y t e a r r a y ( b ' \ x a a \ x f f \ x a 0 \ x 0 2 I \ x 0 f \ x 0 e ' ) ]] 
1621071127409 [vx:0.0 vy:0.0 vth:0.0 yaw:0.0] 
1621071127409 [delta_X:0.0 delta_y:0.0 status:False] 
1621071127411 [Update odom] 
1621071127519 [vx:0.0 vy:0.0 vth:0.0 yaw:0.0] 
1621071127519 [delta_X:0.0 delta_y:0.0 status:False] 
1621071127522 [Update odom] 
1621071127609 [log_latest_command] [[ b y t e a r r a y ( b ' \ x a a \ x f f \ x a 0 \ x 0 2 I \ x 0 f \ x 0 e ' ) ]] 
1621071127628 [vx:0.0 vy:0.0 vth:0.0 yaw:0.0] 
1621071127628 [delta_X:0.0 delta_y:0.0 status:False] 
1621071127629 [Update odom] 
1621071127736 [vx:0.0 vy:0.0 vth:0.0 yaw:0.0] 
1621071127736 [delta_X:0.0 delta_y:0.0 status:False] 
1621071127738 [Update odom] 
1621071127811 [log_latest_command] [[ b y t e a r r a y ( b ' \ x a a \ x f f \ x a 0 \ x 0 2 I \ x 0 f \ x 0 e ' ) ]] 
1621071127846 [vx:0.0 vy:0.0 vth:0.0 yaw:0.0] 
1621071127846 [delta_X:0.0 delta_y:0.0 status:False] 
1621071127847 [Update odom] 
1621071127953 [vx:0.0 vy:0.0 vth:0.0 yaw:0.0] 
1621071127953 [delta_X:0.0 delta_y:0.0 status:False] 
1621071127954 [Update odom] 
1621071128021 [log_latest_command] [[ b y t e a r r a y ( b ' \ x a a \ x f f \ x a 0 \ x 0 2 I \ x 0 f \ x 0 e ' ) ]] 
1621071128063 [vx:0.0 vy:0.0 vth:0.0 yaw:0.0] 
1621071128063 [delta_X:0.0 delta_y:0.0 status:False] 
1621071128065 [Update odom] 
1621071128171 [vx:0.0 vy:0.0 vth:0.0 yaw:0.0] 
1621071128171 [delta_X:0.0 delta_y:0.0 status:False] 
1621071128172 [Update odom] 
1621071128279 [vx:0.0 vy:0.0 vth:0.0 yaw:0.0] 
1621071128279 [delta_X:0.0 delta_y:0.0 status:False] 
1621071128280 [Update odom] 
1621071128387 [vx:0.0 vy:0.0 vth:0.0 yaw:0.0] 
1621071128387 [delta_X:0.0 delta_y:0.0 status:False] 
1621071128390 [Update odom] 
1621071128427 [log_latest_command] [[ b y t e a r r a y ( b ' \ x a a \ x f f \ x a 0 \ x 0 2 I \ x 0 f \ x 0 e ' ) ]] 
1621071128496 [vx:0.0 vy:0.0 vth:0.0 yaw:0.0] 
1621071128496 [delta_X:0.0 delta_y:0.0 status:False] 
1621071128497 [Update odom] 
1621071128603 [vx:0.0 vy:0.0 vth:0.0 yaw:0.0] 
1621071128603 [delta_X:0.0 delta_y:0.0 status:False] 
1621071128603 [Update odom] 
1621071128709 [vx:0.0 vy:0.0 vth:0.0 yaw:0.0] 
1621071128709 [delta_X:0.0 delta_y:0.0 status:False] 
1621071128710 [Update odom] 
1621071128815 [vx:0.0 vy:0.0 vth:0.0 yaw:0.0] 
1621071128815 [delta_X:0 delta_y:0 status:True] 
1621071128816 [Update odom] 
1621071128925 [vx:0.0 vy:0.0 vth:0.0 yaw:0.0] 
1621071128925 [delta_X:0 delta_y:0 status:True] 
1621071128926 [Update odom] 
1621071129033 [log_latest_command] [[ b y t e a r r a y ( b ' \ x a a \ x f f \ x a 0 \ x 0 2 I \ x 0 f \ x 0 e ' ) ]] 
1621071129040 [vx:0.0 vy:0.0 vth:0.0 yaw:0.0] 
1621071129040 [delta_X:0.0 delta_y:0.0 status:False] 
1621071129043 [Update odom] 
1621071129152 [vx:0.0 vy:0.0 vth:0.0 yaw:0.0] 
1621071129152 [delta_X:0.0 delta_y:0.0 status:False] 
1621071129153 [Update odom] 
1621071129261 [vx:0.0 vy:0.0 vth:0.0 yaw:0.0] 
1621071129261 [delta_X:0.0 delta_y:0.0 status:False] 
1621071129263 [Update odom] 
1621071129374 [vx:0.0 vy:0.0 vth:0.0 yaw:0.0] 
1621071129374 [delta_X:0 delta_y:0 status:True] 
1621071129375 [Update odom] 
1621071129480 [vx:0.0 vy:0.0 vth:0.0 yaw:0.0] 
1621071129480 [delta_X:0 delta_y:0 status:True] 
1621071129481 [Update odom] 
1621071129586 [vx:0.0 vy:0.0 vth:0.0 yaw:0.0] 
1621071129586 [delta_X:0 delta_y:0 status:True] 
1621071129587 [Update odom] 
1621071129640 [log_latest_command] [[ b y t e a r r a y ( b ' \ x a a \ x f f \ x a 0 \ x 0 2 I \ x 0 f \ x 0 e ' ) ]] 
1621071129694 [vx:0.0 vy:0.0 vth:0.0 yaw:0.0] 
1621071129694 [delta_X:0.0 delta_y:0.0 status:False] 
1621071129695 [Update odom] 
1621071129803 [vx:0.0 vy:0.0 vth:0.0 yaw:0.0] 
1621071129803 [delta_X:0.0 delta_y:0.0 status:False] 
1621071129809 [Update odom] 
1621071129914 [vx:0.0 vy:0.0 vth:0.0 yaw:0.0] 
1621071129914 [delta_X:0.0 delta_y:0.0 status:False] 
1621071129915 [Update odom] 
1621071130029 [vx:0.0 vy:0.0 vth:0.0 yaw:0.0] 
1621071130029 [delta_X:0 delta_y:0 status:True] 
1621071130030 [Update odom] 
1621071130049 [log_latest_command] [[ b y t e a r r a y ( b ' \ x a a \ x f f \ x a 0 \ x 0 2 I \ x 0 f \ x 0 e ' ) ]] 
1621071130139 [vx:0.0 vy:0.0 vth:0.0 yaw:0.0] 
1621071130139 [delta_X:0.0 delta_y:0.0 status:False] 
1621071130139 [Update odom] 
1621071130253 [vx:0.0 vy:0.0 vth:0.0 yaw:0.0] 
1621071130253 [delta_X:0.0 delta_y:0.0 status:False] 
1621071130254 [Update odom] 
1621071130256 [log_latest_command] [[ b y t e a r r a y ( b ' \ x a a \ x f f \ x a 0 \ x 0 2 I \ x 0 f \ x 0 e ' ) ]] 
1621071130365 [vx:0.0 vy:0.0 vth:0.0 yaw:0.0] 
1621071130365 [delta_X:0.0 delta_y:0.0 status:False] 
1621071130366 [Update odom] 
1621071130460 [log_latest_command] [[ b y t e a r r a y ( b ' \ x a a \ x f f \ x a 0 \ x 0 2 I \ x 0 f \ x 0 e ' ) ]] 
1621071130473 [vx:0.0 vy:0.0 vth:0.0 yaw:0.0] 
1621071130473 [delta_X:0.0 delta_y:0.0 status:False] 
1621071130489 [Update odom] 
1621071130605 [vx:0.0 vy:0.0 vth:0.0 yaw:0.0] 
1621071130605 [delta_X:0.0 delta_y:0.0 status:False] 
1621071130609 [Update odom] 
1621071130662 [log_latest_command] [[ b y t e a r r a y ( b ' \ x a a \ x f f \ x a 0 \ x 0 2 I \ x 0 f \ x 0 e ' ) ]] 
1621071130715 [vx:0.0 vy:0.0 vth:0.0 yaw:0.0] 
1621071130715 [delta_X:0.0 delta_y:0.0 status:False] 
1621071130716 [Update odom] 
1621071130823 [vx:0.0 vy:0.0 vth:0.0 yaw:0.0] 
1621071130823 [delta_X:0.0 delta_y:0.0 status:False] 
1621071130823 [Update odom] 
1621071130864 [log_latest_command] [[ b y t e a r r a y ( b ' \ x a a \ x f f \ x a 0 \ x 0 2 I \ x 0 f \ x 0 e ' ) ]] 
1621071130934 [vx:-8.0 vy:-0.0 vth:0.0 yaw:0.0] 
1621071130934 [delta_X:-0.855855944 delta_y:-0.0 status:False] 
1621071130935 [Update odom] 
1621071131041 [vx:-1.0 vy:-0.0 vth:0.0 yaw:0.0] 
1621071131041 [delta_X:-0.111979008 delta_y:-0.0 status:False] 
1621071131043 [Update odom] 
1621071131067 [log_latest_command] [[ b y t e a r r a y ( b ' \ x a a \ x f f \ x a 0 \ x 0 2 I \ x 0 f \ x 0 e ' ) ]] 
1621071131149 [vx:-1.0 vy:-0.0 vth:0.0 yaw:0.0] 
1621071131150 [delta_X:-0.107346057 delta_y:-0.0 status:False] 
1621071131156 [Update odom] 
1621071131263 [vx:-1.0 vy:-0.0 vth:0.0 yaw:0.0] 
1621071131263 [delta_X:-0.113137961 delta_y:-0.0 status:False] 
1621071131265 [Update odom] 
1621071131269 [log_latest_command] [[ b y t e a r r a y ( b ' \ x a a \ x f f \ x a 0 \ x 0 2 I \ x 0 f \ x 0 e ' ) ]] 
1621071131379 [vx:-1.0 vy:-0.0 vth:0.0 yaw:0.0] 
1621071131379 [delta_X:-0.109113932 delta_y:-0.0 status:False] 
1621071131380 [Update odom] 
1621071131475 [log_latest_command] [[ b y t e a r r a y ( b ' \ x a a \ x f f \ x a 0 \ x 0 2 I \ x 0 f \ x 0 e ' ) ]] 
1621071131487 [vx:-1.0 vy:-0.0 vth:0.0 yaw:0.0] 
1621071131487 [delta_X:-0.11534214 delta_y:-0.0 status:False] 
1621071131488 [Update odom] 
1621071131596 [vx:-1.0 vy:-0.0 vth:0.0 yaw:0.0] 
1621071131596 [delta_X:-0.107915878 delta_y:-0.0 status:False] 
1621071131598 [Update odom] 
1621071131677 [log_latest_command] [[ b y t e a r r a y ( b ' \ x a a \ x f f \ x a 0 \ x 0 2 I \ x 0 f \ x 0 e ' ) ]] 
1621071131705 [vx:-1.0 vy:-0.0 vth:0.0 yaw:0.0] 
1621071131705 [delta_X:-0.109427929 delta_y:-0.0 status:False] 
1621071131706 [Update odom] 
1621071131812 [vx:-1.0 vy:-0.0 vth:0.0 yaw:0.0] 
1621071131812 [delta_X:-0.10802412 delta_y:-0.0 status:False] 
1621071131813 [Update odom] 
1621071131886 [log_latest_command] [[ b y t e a r r a y ( b ' \ x a a \ x f f \ x a 0 \ x 0 2 I \ x 0 f \ x 0 e ' ) ]] 
1621071131920 [vx:-1.0 vy:-0.0 vth:0.0 yaw:0.0] 
1621071131921 [delta_X:-0.107570887 delta_y:-0.0 status:False] 
1621071131921 [Update odom] 
1621071132027 [vx:-1.0 vy:-0.0 vth:0.0 yaw:0.0] 
1621071132027 [delta_X:-0.108088016 delta_y:-0.0 status:False] 
1621071132028 [Update odom] 
1621071132089 [log_latest_command] [[ b y t e a r r a y ( b ' \ x a a \ x f f \ x a 0 \ x 0 2 I \ x 0 f \ x 0 e ' ) ]] 
1621071132136 [vx:-1.0 vy:-0.0 vth:0.0 yaw:0.0] 
1621071132136 [delta_X:-0.108632088 delta_y:-0.0 status:False] 
1621071132144 [Update odom] 
1621071132255 [vx:-1.0 vy:-0.0 vth:0.0 yaw:0.0] 
1621071132255 [delta_X:-0.113888025 delta_y:-0.0 status:False] 
1621071132259 [Update odom] 
1621071132295 [log_latest_command] [[ b y t e a r r a y ( b ' \ x a a \ x f f \ x a 0 \ x 0 2 I \ x 0 f \ x 0 e ' ) ]] 
1621071132368 [vx:-1.0 vy:-0.0 vth:0.0 yaw:0.0] 
1621071132368 [delta_X:-0.114673853 delta_y:-0.0 status:False] 
1621071132372 [Update odom] 
1621071132494 [vx:-1.0 vy:-0.0 vth:0.0 yaw:0.0] 
1621071132494 [delta_X:-0.113792181 delta_y:-0.0 status:False] 
1621071132495 [Update odom] 
1621071132497 [log_latest_command] [[ b y t e a r r a y ( b ' \ x a a \ x f f \ x a 0 \ x 0 2 I \ x 0 f \ x 0 e ' ) ]] 
1621071132609 [vx:-1.0 vy:-0.0 vth:0.0 yaw:0.0] 
1621071132609 [delta_X:-0.123180867 delta_y:-0.0 status:False] 
1621071132610 [Update odom] 
1621071132704 [log_latest_command] [[ b y t e a r r a y ( b ' \ x a a \ x f f \ x a 0 \ x 0 2 I \ x 0 f \ x 0 e ' ) ]] 
1621071132716 [vx:-1.0 vy:-0.0 vth:0.0 yaw:0.0] 
1621071132716 [delta_X:-0.114223003 delta_y:-0.0 status:False] 
1621071132720 [Update odom] 
1621071132827 [vx:-1.0 vy:-0.0 vth:0.0 yaw:0.0] 
1621071132827 [delta_X:-0.109916925 delta_y:-0.0 status:False] 
1621071132828 [Update odom] 
1621071132910 [log_latest_command] [[ b y t e a r r a y ( b ' \ x a a \ x f f \ x a 0 \ x 0 2 I \ x 0 f \ x 0 e ' ) ]] 
1621071132934 [vx:-1.0 vy:-0.0 vth:0.0 yaw:0.0] 
1621071132934 [delta_X:-0.108629227 delta_y:-0.0 status:False] 
1621071132935 [Update odom] 
1621071133048 [vx:-1.0 vy:-0.0 vth:0.0 yaw:0.0] 
1621071133048 [delta_X:-0.106506825 delta_y:-0.0 status:False] 
1621071133049 [Update odom] 
1621071133115 [log_latest_command] [[ b y t e a r r a y ( b ' \ x a a \ x f f \ x a 0 \ x 0 2 I \ x 0 f \ x 0 e ' ) ]] 
1621071133156 [vx:-1.0 vy:-0.0 vth:0.0 yaw:0.0] 
1621071133156 [delta_X:-0.114571094 delta_y:-0.0 status:False] 
1621071133158 [Update odom] 
1621071133264 [vx:-1.0 vy:-0.0 vth:0.0 yaw:0.0] 
1621071133264 [delta_X:-0.10868597 delta_y:-0.0 status:False] 
1621071133266 [Update odom] 
1621071133323 [log_latest_command] [[ b y t e a r r a y ( b ' \ x a a \ x f f \ x a 0 \ x 0 2 I \ x 0 f \ x 0 e ' ) ]] 
1621071133375 [vx:-1.0 vy:-0.0 vth:0.0 yaw:0.0] 
1621071133375 [delta_X:-0.107503891 delta_y:-0.0 status:False] 
1621071133382 [Update odom] 
1621071133490 [vx:-1.0 vy:-0.0 vth:0.0 yaw:0.0] 
1621071133490 [delta_X:-0.116191149 delta_y:-0.0 status:False] 
1621071133491 [Update odom] 
1621071133525 [log_latest_command] [[ b y t e a r r a y ( b ' \ x a a \ x f f \ x a 0 \ x 0 2 I \ x 0 f \ x 0 e ' ) ]] 
1621071133599 [vx:-1.0 vy:-0.0 vth:0.0 yaw:0.0] 
1621071133599 [delta_X:-0.109458923 delta_y:-0.0 status:False] 
1621071133601 [Update odom] 
1621071133707 [vx:-1.0 vy:-0.0 vth:0.0 yaw:0.0] 
1621071133707 [delta_X:-0.109358073 delta_y:-0.0 status:False] 
1621071133711 [Update odom] 
1621071133736 [log_latest_command] [[ b y t e a r r a y ( b ' \ x a a \ x f f \ x a 0 \ x 0 2 I \ x 0 f \ x 0 e ' ) ]] 
1621071133817 [vx:-6.0 vy:-0.0 vth:0.0 yaw:0.0] 
1621071133817 [delta_X:-0.659909244 delta_y:-0.0 status:False] 
1621071133819 [Update odom] 
1621071133934 [vx:-1.0 vy:-0.0 vth:0.0 yaw:0.0] 
1621071133934 [delta_X:-0.108281136 delta_y:-0.0 status:False] 
1621071133936 [Update odom] 
1621071133939 [log_latest_command] [[ b y t e a r r a y ( b ' \ x a a \ x f f \ x a 0 \ x 0 2 I \ x 0 f \ x 0 e ' ) ]] 
1621071134048 [vx:-1.0 vy:-0.0 vth:0.0 yaw:0.0] 
1621071134048 [delta_X:-0.117023945 delta_y:-0.0 status:False] 
1621071134049 [Update odom] 
1621071134146 [log_latest_command] [[ b y t e a r r a y ( b ' \ x a a \ x f f \ x a 0 \ x 0 2 I \ x 0 f \ x 0 e ' ) ]] 
1621071134155 [vx:-1.0 vy:-0.0 vth:0.0 yaw:0.0] 
1621071134155 [delta_X:-0.113075018 delta_y:-0.0 status:False] 
1621071134157 [Update odom] 
1621071134263 [vx:-1.0 vy:-0.0 vth:0.0 yaw:0.0] 
1621071134263 [delta_X:-0.10809493 delta_y:-0.0 status:False] 
1621071134265 [Update odom] 
1621071134349 [log_latest_command] [[ b y t e a r r a y ( b ' \ x a a \ x f f \ x a 0 \ x 0 2 I \ x 0 f \ x 0 e ' ) ]] 
1621071134370 [vx:-1.0 vy:-0.0 vth:0.0 yaw:0.0] 
1621071134371 [delta_X:-0.107769013 delta_y:-0.0 status:False] 
1621071134372 [Update odom] 
1621071134482 [vx:-1.0 vy:-0.0 vth:0.0 yaw:0.0] 
1621071134482 [delta_X:-0.10693717 delta_y:-0.0 status:False] 
1621071134483 [Update odom] 
1621071134553 [log_latest_command] [[ b y t e a r r a y ( b ' \ x a a \ x f f \ x a 0 \ x 0 2 I \ x 0 f \ x 0 e ' ) ]] 
1621071134600 [vx:-1.0 vy:-0.0 vth:0.0 yaw:0.0] 
1621071134600 [delta_X:-0.111387968 delta_y:-0.0 status:False] 
1621071134602 [Update odom] 
1621071134713 [vx:-1.0 vy:-0.0 vth:0.0 yaw:0.0] 
1621071134713 [delta_X:-0.11866188 delta_y:-0.0 status:False] 
1621071134715 [Update odom] 
1621071134755 [log_latest_command] [[ b y t e a r r a y ( b ' \ x a a \ x f f \ x a 0 \ x 0 2 I \ x 0 f \ x 0 e ' ) ]] 
1621071134822 [vx:-4.0 vy:-0.0 vth:0.0 yaw:0.0] 
1621071134822 [delta_X:-0.454724312 delta_y:-0.0 status:False] 
1621071134823 [Update odom] 
1621071134933 [vx:-1.0 vy:-0.0 vth:0.0 yaw:0.0] 
1621071134933 [delta_X:-0.107560873 delta_y:-0.0 status:False] 
1621071134934 [Update odom] 
1621071134957 [log_latest_command] [[ b y t e a r r a y ( b ' \ x a a \ x f f \ x a 0 \ x 0 2 I \ x 0 f \ x 0 e ' ) ]] 
1621071135039 [vx:-1.0 vy:-0.0 vth:0.0 yaw:0.0] 
1621071135039 [delta_X:-0.110646964 delta_y:-0.0 status:False] 
1621071135040 [Update odom] 
1621071135151 [vx:-1.0 vy:-0.0 vth:0.0 yaw:0.0] 
1621071135151 [delta_X:-0.106534004 delta_y:-0.0 status:False] 
1621071135156 [Update odom] 
1621071135161 [log_latest_command] [[ b y t e a r r a y ( b ' \ x a a \ x f f \ x a 0 \ x 0 2 I \ x 0 f \ x 0 e ' ) ]] 
1621071135263 [vx:-1.0 vy:-0.0 vth:0.0 yaw:0.0] 
1621071135263 [delta_X:-0.115572214 delta_y:-0.0 status:False] 
1621071135265 [Update odom] 
1621071135363 [log_latest_command] [[ b y t e a r r a y ( b ' \ x a a \ x f f \ x a 0 \ x 0 2 I \ x 0 f \ x 0 e ' ) ]] 
1621071135378 [vx:-1.0 vy:-0.0 vth:0.0 yaw:0.0] 
1621071135378 [delta_X:-0.109231949 delta_y:-0.0 status:False] 
1621071135380 [Update odom] 
1621071135491 [vx:-1.0 vy:-0.0 vth:0.0 yaw:0.0] 
1621071135491 [delta_X:-0.114893913 delta_y:-0.0 status:False] 
1621071135492 [Update odom] 
1621071135566 [log_latest_command] [[ b y t e a r r a y ( b ' \ x a a \ x f f \ x a 0 \ x 0 2 I \ x 0 f \ x 0 e ' ) ]] 
1621071135601 [vx:-1.0 vy:-0.0 vth:0.0 yaw:0.0] 
1621071135601 [delta_X:-0.112602949 delta_y:-0.0 status:False] 
1621071135603 [Update odom] 
1621071135709 [vx:-1.0 vy:-0.0 vth:0.0 yaw:0.0] 
1621071135710 [delta_X:-0.110547066 delta_y:-0.0 status:False] 
1621071135711 [Update odom] 
1621071135770 [log_latest_command] [[ b y t e a r r a y ( b ' \ x a a \ x f f \ x a 0 \ x 0 2 I \ x 0 f \ x 0 e ' ) ]] 
1621071135817 [vx:-1.0 vy:-0.0 vth:0.0 yaw:0.0] 
1621071135817 [delta_X:-0.10778904 delta_y:-0.0 status:False] 
1621071135818 [Update odom] 
1621071135932 [vx:-1.0 vy:-0.0 vth:0.0 yaw:0.0] 
1621071135933 [delta_X:-0.107507944 delta_y:-0.0 status:False] 
1621071135934 [Update odom] 
1621071135972 [log_latest_command] [[ b y t e a r r a y ( b ' \ x a a \ x f f \ x a 0 \ x 0 2 I \ x 0 f \ x 0 e ' ) ]] 
1621071136045 [vx:-1.0 vy:-0.0 vth:0.0 yaw:0.0] 
1621071136046 [delta_X:-0.11524415 delta_y:-0.0 status:False] 
1621071136047 [Update odom] 
1621071136154 [vx:-1.0 vy:-0.0 vth:0.0 yaw:0.0] 
1621071136154 [delta_X:-0.113232851 delta_y:-0.0 status:False] 
1621071136155 [Update odom] 
1621071136175 [log_latest_command] [[ b y t e a r r a y ( b ' \ x a a \ x f f \ x a 0 \ x 0 2 I \ x 0 f \ x 0 e ' ) ]] 
1621071136261 [vx:-1.0 vy:-0.0 vth:0.0 yaw:0.0] 
1621071136261 [delta_X:-0.108056068 delta_y:-0.0 status:False] 
1621071136262 [Update odom] 
1621071136368 [vx:-1.0 vy:-0.0 vth:0.0 yaw:0.0] 
1621071136368 [delta_X:-0.106904984 delta_y:-0.0 status:False] 
1621071136369 [Update odom] 
1621071136377 [log_latest_command] [[ b y t e a r r a y ( b ' \ x a a \ x f f \ x a 0 \ x 0 2 I \ x 0 f \ x 0 e ' ) ]] 
1621071136494 [vx:-1.0 vy:-0.0 vth:0.0 yaw:0.0] 
1621071136494 [delta_X:-0.107542038 delta_y:-0.0 status:False] 
1621071136495 [Update odom] 
1621071136579 [log_latest_command] [[ b y t e a r r a y ( b ' \ x a a \ x f f \ x a 0 \ x 0 2 I \ x 0 f \ x 0 e ' ) ]] 
1621071136601 [vx:-1.0 vy:-0.0 vth:0.0 yaw:0.0] 
1621071136601 [delta_X:-0.126134872 delta_y:-0.0 status:False] 
1621071136602 [Update odom] 
1621071136708 [vx:-1.0 vy:-0.0 vth:0.0 yaw:0.0] 
1621071136708 [delta_X:-0.106804133 delta_y:-0.0 status:False] 
1621071136709 [Update odom] 
1621071136781 [log_latest_command] [[ b y t e a r r a y ( b ' \ x a a \ x f f \ x a 0 \ x 0 2 I \ x 0 f \ x 0 e ' ) ]] 
1621071136815 [vx:-1.0 vy:-0.0 vth:0.0 yaw:0.0] 
1621071136815 [delta_X:-0.107276916 delta_y:-0.0 status:False] 
1621071136816 [Update odom] 
1621071136926 [vx:0.0 vy:0.0 vth:0.0 yaw:0.0] 
1621071136926 [delta_X:0.0 delta_y:0.0 status:False] 
1621071136927 [Update odom] 
1621071136986 [log_latest_command] [[ b y t e a r r a y ( b ' \ x a a \ x f f \ x a 0 \ x 0 2 I \ x 0 f \ x 0 e ' ) ]] 
1621071137042 [vx:0.0 vy:0.0 vth:0.0 yaw:0.0] 
1621071137042 [delta_X:0.0 delta_y:0.0 status:False] 
1621071137044 [Update odom] 
1621071137151 [vx:0.0 vy:0.0 vth:0.0 yaw:0.0] 
1621071137151 [delta_X:0.0 delta_y:0.0 status:False] 
1621071137152 [Update odom] 
1621071137259 [vx:0.0 vy:0.0 vth:0.0 yaw:0.0] 
1621071137259 [delta_X:0.0 delta_y:0.0 status:False] 
1621071137261 [Update odom] 
1621071137372 [vx:0.0 vy:0.0 vth:0.0 yaw:0.0] 
1621071137372 [delta_X:0.0 delta_y:0.0 status:False] 
1621071137373 [Update odom] 
1621071137402 [log_latest_command] [[ b y t e a r r a y ( b ' \ x a a \ x f f \ x a 0 \ x 0 2 I \ x 0 f \ x 0 e ' ) ]] 
1621071137481 [vx:0.0 vy:0.0 vth:0.0 yaw:0.0] 
1621071137481 [delta_X:0.0 delta_y:0.0 status:False] 
1621071137482 [Update odom] 
1621071137598 [vx:0.0 vy:0.0 vth:0.0 yaw:0.0] 
1621071137598 [delta_X:0.0 delta_y:0.0 status:False] 
1621071137598 [Update odom] 
1621071137712 [vx:0.0 vy:0.0 vth:0.0 yaw:0.0] 
1621071137712 [delta_X:0 delta_y:0 status:True] 
1621071137713 [Update odom] 
1621071137822 [vx:0.0 vy:0.0 vth:0.0 yaw:0.0] 
1621071137822 [delta_X:0 delta_y:0 status:True] 
1621071137824 [Update odom] 
1621071137931 [vx:0.0 vy:0.0 vth:0.0 yaw:0.0] 
1621071137931 [delta_X:0 delta_y:0 status:True] 
1621071137933 [Update odom] 
1621071138013 [log_latest_command] [[ b y t e a r r a y ( b ' \ x a a \ x f f \ x a 0 \ x 0 2 I \ x 0 f \ x 0 e ' ) ]] 
1621071138040 [vx:0.0 vy:0.0 vth:0.0 yaw:0.0] 
1621071138040 [delta_X:0.0 delta_y:0.0 status:False] 
1621071138041 [Update odom] 
1621071138148 [vx:0.0 vy:0.0 vth:0.0 yaw:0.0] 
1621071138148 [delta_X:0.0 delta_y:0.0 status:False] 
1621071138149 [Update odom] 
1621071138255 [vx:0.0 vy:0.0 vth:0.0 yaw:0.0] 
1621071138255 [delta_X:0.0 delta_y:0.0 status:False] 
1621071138255 [Update odom] 
1621071138361 [vx:0.0 vy:0.0 vth:0.0 yaw:0.0] 
1621071138361 [delta_X:0 delta_y:0 status:True] 
1621071138362 [Update odom] 
1621071138469 [vx:0.0 vy:0.0 vth:0.0 yaw:0.0] 
1621071138469 [delta_X:0 delta_y:0 status:True] 
1621071138471 [Update odom] 
1621071138578 [vx:0.0 vy:0.0 vth:0.0 yaw:0.0] 
1621071138578 [delta_X:0 delta_y:0 status:True] 
1621071138580 [Update odom] 
1621071138618 [log_latest_command] [[ b y t e a r r a y ( b ' \ x a a \ x f f \ x a 0 \ x 0 2 I \ x 0 f \ x 0 e ' ) ]] 
1621071138689 [vx:0.0 vy:0.0 vth:0.0 yaw:0.0] 
1621071138689 [delta_X:0.0 delta_y:0.0 status:False] 
1621071138690 [Update odom] 
1621071138795 [vx:0.0 vy:0.0 vth:0.0 yaw:0.0] 
1621071138795 [delta_X:0.0 delta_y:0.0 status:False] 
1621071138797 [Update odom] 
1621071138905 [vx:0.0 vy:0.0 vth:0.0 yaw:0.0] 
1621071138905 [delta_X:0.0 delta_y:0.0 status:False] 
1621071138906 [Update odom] 
1621071139012 [vx:0.0 vy:0.0 vth:0.0 yaw:0.0] 
1621071139012 [delta_X:0 delta_y:0 status:True] 
1621071139017 [Update odom] 
1621071139123 [vx:0.0 vy:0.0 vth:0.0 yaw:0.0] 
1621071139123 [delta_X:0 delta_y:0 status:True] 
1621071139125 [Update odom] 
1621071139230 [vx:0.0 vy:0.0 vth:0.0 yaw:0.0] 
1621071139230 [delta_X:0 delta_y:0 status:True] 
1621071139231 [Update odom] 
1621071139234 [log_latest_command] [[ b y t e a r r a y ( b ' \ x a a \ x f f \ x a 0 \ x 0 2 I \ x 0 f \ x 0 e ' ) ]] 
1621071139336 [vx:0.0 vy:0.0 vth:0.0 yaw:0.0] 
1621071139336 [delta_X:0.0 delta_y:0.0 status:False] 
1621071139338 [Update odom] 
1621071139444 [vx:0.0 vy:0.0 vth:0.0 yaw:0.0] 
1621071139444 [delta_X:0.0 delta_y:0.0 status:False] 
1621071139445 [Update odom] 
1621071139551 [vx:0.0 vy:0.0 vth:0.0 yaw:0.0] 
1621071139551 [delta_X:0 delta_y:0 status:True] 
1621071139551 [Update odom] 
1621071139663 [vx:0.0 vy:0.0 vth:0.0 yaw:0.0] 
1621071139663 [delta_X:0 delta_y:0 status:True] 
1621071139665 [Update odom] 
1621071139772 [vx:0.0 vy:0.0 vth:0.0 yaw:0.0] 
1621071139773 [delta_X:0 delta_y:0 status:True] 
1621071139785 [Update odom] 
1621071139839 [log_latest_command] [[ b y t e a r r a y ( b ' \ x a a \ x f f \ x a 0 \ x 0 2 I \ x 0 f \ x 0 e ' ) ]] 
1621071139896 [vx:0.0 vy:0.0 vth:0.0 yaw:0.0] 
1621071139896 [delta_X:0.0 delta_y:0.0 status:False] 
1621071139898 [Update odom] 
1621071140008 [vx:0.0 vy:0.0 vth:0.0 yaw:0.0] 
1621071140008 [delta_X:0.0 delta_y:0.0 status:False] 
1621071140017 [Update odom] 
1621071140126 [vx:0.0 vy:0.0 vth:0.0 yaw:0.0] 
1621071140126 [delta_X:0.0 delta_y:0.0 status:False] 
1621071140127 [Update odom] 
1621071140234 [vx:0.0 vy:0.0 vth:0.0 yaw:0.0] 
1621071140234 [delta_X:0 delta_y:0 status:True] 
1621071140235 [Update odom] 
1621071140355 [vx:0.0 vy:0.0 vth:0.0 yaw:0.0] 
1621071140355 [delta_X:0 delta_y:0 status:True] 
1621071140357 [Update odom] 
1621071140451 [log_latest_command] [[ b y t e a r r a y ( b ' \ x a a \ x f f \ x a 0 \ x 0 2 I \ x 0 f \ x 0 e ' ) ]] 
1621071140465 [vx:0.0 vy:0.0 vth:0.0 yaw:0.0] 
1621071140466 [delta_X:0.0 delta_y:0.0 status:False] 
1621071140466 [Update odom] 
1621071140576 [vx:0.0 vy:0.0 vth:0.0 yaw:0.0] 
1621071140576 [delta_X:0.0 delta_y:0.0 status:False] 
1621071140577 [Update odom] 
1621071140683 [vx:0.0 vy:0.0 vth:0.0 yaw:0.0] 
1621071140684 [delta_X:0.0 delta_y:0.0 status:False] 
1621071140686 [Update odom] 
1621071140804 [vx:0.0 vy:0.0 vth:0.0 yaw:0.0] 
1621071140804 [delta_X:0 delta_y:0 status:True] 
1621071140806 [Update odom] 
1621071140912 [vx:0.0 vy:0.0 vth:0.0 yaw:0.0] 
1621071140912 [delta_X:0 delta_y:0 status:True] 
1621071140914 [Update odom] 
1621071141022 [vx:0.0 vy:0.0 vth:0.0 yaw:0.0] 
1621071141022 [delta_X:0 delta_y:0 status:True] 
1621071141023 [Update odom] 
1621071141062 [log_latest_command] [[ b y t e a r r a y ( b ' \ x a a \ x f f \ x a 0 \ x 0 2 I \ x 0 f \ x 0 e ' ) ]] 
1621071141130 [vx:0.0 vy:0.0 vth:0.0 yaw:0.0] 
1621071141130 [delta_X:0.0 delta_y:0.0 status:False] 
1621071141131 [Update odom] 
1621071141239 [vx:0.0 vy:0.0 vth:0.0 yaw:0.0] 
1621071141239 [delta_X:0.0 delta_y:0.0 status:False] 
1621071141240 [Update odom] 
1621071141354 [vx:0.0 vy:0.0 vth:0.0 yaw:0.0] 
1621071141354 [delta_X:0.0 delta_y:0.0 status:False] 
1621071141355 [Update odom] 
1621071141464 [vx:0.0 vy:0.0 vth:0.0 yaw:0.0] 
1621071141464 [delta_X:0 delta_y:0 status:True] 
1621071141465 [Update odom] 
1621071141579 [vx:0.0 vy:0.0 vth:0.0 yaw:0.0] 
1621071141579 [delta_X:0 delta_y:0 status:True] 
1621071141583 [Update odom] 
1621071141673 [log_latest_command] [[ b y t e a r r a y ( b ' \ x a a \ x f f \ x a 0 \ x 0 2 I \ x 0 f \ x 0 e ' ) ]] 
1621071141691 [vx:0.0 vy:0.0 vth:0.0 yaw:0.0] 
1621071141691 [delta_X:0.0 delta_y:0.0 status:False] 
1621071141693 [Update odom] 
1621071141799 [vx:0.0 vy:0.0 vth:0.0 yaw:0.0] 
1621071141799 [delta_X:0.0 delta_y:0.0 status:False] 
1621071141803 [Update odom] 
1621071141908 [vx:0.0 vy:0.0 vth:0.0 yaw:0.0] 
1621071141908 [delta_X:0.0 delta_y:0.0 status:False] 
1621071141909 [Update odom] 
1621071142021 [vx:0.0 vy:0.0 vth:0.0 yaw:0.0] 
1621071142021 [delta_X:0 delta_y:0 status:True] 
1621071142026 [Update odom] 
1621071142133 [vx:7.0 vy:0.0 vth:0.0 yaw:0.0] 
1621071142133 [delta_X:0 delta_y:0 status:True] 
1621071142141 [Update odom] 
1621071142249 [vx:-1.0 vy:-0.0 vth:0.0 yaw:0.0] 
1621071142249 [delta_X:0 delta_y:0 status:True] 
1621071142251 [Update odom] 
1621071142358 [vx:-1.0 vy:-0.0 vth:0.0 yaw:0.0] 
1621071142358 [delta_X:0 delta_y:0 status:True] 
1621071142360 [Update odom] 
1621071142465 [vx:-1.0 vy:-0.0 vth:0.0 yaw:0.0] 
1621071142465 [delta_X:0 delta_y:0 status:True] 
1621071142466 [Update odom] 
1621071142580 [vx:-1.0 vy:-0.0 vth:0.0 yaw:0.0] 
1621071142580 [delta_X:0 delta_y:0 status:True] 
1621071142581 [Update odom] 
1621071142695 [vx:7.0 vy:0.0 vth:0.0 yaw:0.0] 
1621071142695 [delta_X:0 delta_y:0 status:True] 
1621071142697 [Update odom] 
1621071142803 [vx:7.0 vy:0.0 vth:0.0 yaw:0.0] 
1621071142804 [delta_X:0 delta_y:0 status:True] 
1621071142805 [Update odom] 
1621071142912 [vx:5.0 vy:0.0 vth:0.0 yaw:0.0] 
1621071142912 [delta_X:0 delta_y:0 status:True] 
1621071142928 [Update odom] 
1621071143039 [vx:-1.0 vy:-0.0 vth:0.0 yaw:0.0] 
1621071143039 [delta_X:0 delta_y:0 status:True] 
1621071143041 [Update odom] 
1621071143079 [log_latest_command] [[ b y t e a r r a y ( b ' \ x a a \ x f f \ x a 0 \ x 0 2 I \ x 0 f \ x 0 e ' ) ]] 
1621071143147 [vx:-1.0 vy:-0.0 vth:0.0 yaw:0.0] 
1621071143147 [delta_X:-0.112385035 delta_y:-0.0 status:False] 
1621071143148 [Update odom] 
1621071143259 [vx:5.0 vy:0.0 vth:0.0 yaw:0.0] 
1621071143259 [delta_X:0.538049935 delta_y:0.0 status:False] 
1621071143260 [Update odom] 
1621071143368 [vx:5.0 vy:0.0 vth:0.0 yaw:0.0] 
1621071143368 [delta_X:0.55958986 delta_y:0.0 status:False] 
1621071143370 [Update odom] 
1621071143478 [vx:7.0 vy:0.0 vth:0.0 yaw:0.0] 
1621071143478 [delta_X:0.768942839 delta_y:0.0 status:False] 
1621071143479 [Update odom] 
1621071143571 [log_latest_command] [[ b y t e a r r a y ( b ' \ x a a \ x f f \ x a 0 \ x 0 2 I \ x 0 f \ x 0 e ' ) ]] 
1621071143590 [vx:-1.0 vy:-0.0 vth:0.0 yaw:0.0] 
1621071143590 [delta_X:-0.109077215 delta_y:-0.0 status:False] 
1621071143592 [Update odom] 
1621071143706 [vx:-1.0 vy:-0.0 vth:0.0 yaw:0.0] 
1621071143706 [delta_X:-0.113321781 delta_y:-0.0 status:False] 
1621071143708 [Update odom] 
1621071143782 [log_latest_command] [[ b y t e a r r a y ( b ' \ x a a \ x f f \ x a 0 \ x 0 2 I \ x 0 f \ x 0 e ' ) ]] 
1621071143825 [vx:-1.0 vy:-0.0 vth:0.0 yaw:0.0] 
1621071143825 [delta_X:-0.11525917 delta_y:-0.0 status:False] 
1621071143826 [Update odom] 
1621071143933 [vx:-1.0 vy:-0.0 vth:0.0 yaw:0.0] 
1621071143933 [delta_X:-0.11872387 delta_y:-0.0 status:False] 
1621071143935 [Update odom] 
1621071143985 [log_latest_command] [[ b y t e a r r a y ( b ' \ x a a \ x f f \ x a 0 \ x 0 2 I \ x 0 f \ x 0 e ' ) ]] 
1621071144049 [vx:5.0 vy:0.0 vth:0.0 yaw:0.0] 
1621071144049 [delta_X:0.54519057 delta_y:0.0 status:False] 
1621071144050 [Update odom] 
1621071144158 [vx:-3.0 vy:-0.0 vth:0.0 yaw:0.0] 
1621071144158 [delta_X:-0.344420673 delta_y:-0.0 status:False] 
1621071144159 [Update odom] 
1621071144193 [log_latest_command] [[ b y t e a r r a y ( b ' \ x a a \ x f f \ x a 0 \ x 0 2 I \ x 0 f \ x 0 e ' ) ]] 
1621071144266 [vx:-3.0 vy:-0.0 vth:0.0 yaw:0.0] 
1621071144266 [delta_X:-0.327863931 delta_y:-0.0 status:False] 
1621071144268 [Update odom] 
1621071144373 [vx:0.0 vy:0.0 vth:0.0 yaw:0.0] 
1621071144373 [delta_X:0.0 delta_y:0.0 status:False] 
1621071144374 [Update odom] 
1621071144412 [log_latest_command] [[ b y t e a r r a y ( b ' \ x a a \ x f f \ x a 0 \ x 0 2 I \ x 0 f \ x 0 e ' ) ]] 
1621071144482 [vx:0.0 vy:0.0 vth:0.0 yaw:0.0] 
1621071144482 [delta_X:0.0 delta_y:0.0 status:False] 
1621071144484 [Update odom] 
1621071144591 [vx:0.0 vy:0.0 vth:0.0 yaw:0.0] 
1621071144591 [delta_X:0.0 delta_y:0.0 status:False] 
1621071144593 [Update odom] 
1621071144614 [log_latest_command] [[ b y t e a r r a y ( b ' \ x a a \ x f f \ x a 0 \ x 0 2 I \ x 0 f \ x 0 e ' ) ]] 
1621071144699 [vx:0.0 vy:0.0 vth:0.0 yaw:0.0] 
1621071144699 [delta_X:0.0 delta_y:0.0 status:False] 
1621071144702 [Update odom] 
1621071144810 [vx:0.0 vy:0.0 vth:0.0 yaw:0.0] 
1621071144810 [delta_X:0.0 delta_y:0.0 status:False] 
1621071144811 [Update odom] 
1621071144819 [log_latest_command] [[ b y t e a r r a y ( b ' \ x a a \ x f f \ x a 0 \ x 0 2 I \ x 0 f \ x 0 e ' ) ]] 
1621071144924 [vx:0.0 vy:0.0 vth:0.0 yaw:0.0] 
1621071144925 [delta_X:0.0 delta_y:0.0 status:False] 
1621071144928 [Update odom] 
1621071145025 [log_latest_command] [[ b y t e a r r a y ( b ' \ x a a \ x f f \ x a 0 \ x 0 2 I \ x 0 f \ x 0 e ' ) ]] 
1621071145035 [vx:0.0 vy:0.0 vth:0.0 yaw:0.0] 
1621071145035 [delta_X:0.0 delta_y:0.0 status:False] 
1621071145037 [Update odom] 
1621071145142 [vx:0.0 vy:0.0 vth:0.0 yaw:0.0] 
1621071145142 [delta_X:0.0 delta_y:0.0 status:False] 
1621071145143 [Update odom] 
1621071145232 [log_latest_command] [[ b y t e a r r a y ( b ' \ x a a \ x f f \ x a 0 \ x 0 2 I \ x 0 f \ x 0 e ' ) ]] 
1621071145249 [vx:0.0 vy:0.0 vth:0.0 yaw:0.0] 
1621071145249 [delta_X:0.0 delta_y:0.0 status:False] 
1621071145251 [Update odom] 
1621071145356 [vx:0.0 vy:0.0 vth:0.0 yaw:0.0] 
1621071145356 [delta_X:0.0 delta_y:0.0 status:False] 
1621071145357 [Update odom] 
1621071145435 [log_latest_command] [[ b y t e a r r a y ( b ' \ x a a \ x f f \ x a 0 \ x 0 2 I \ x 0 f \ x 0 e ' ) ]] 
1621071145466 [vx:-7.0 vy:-0.0 vth:0.0 yaw:0.0] 
1621071145466 [delta_X:-0.746564154 delta_y:-0.0 status:False] 
1621071145467 [Update odom] 
1621071145574 [vx:7.0 vy:0.0 vth:0.0 yaw:0.0] 
1621071145574 [delta_X:0.771476265 delta_y:0.0 status:False] 
1621071145575 [Update odom] 
1621071145637 [log_latest_command] [[ b y t e a r r a y ( b ' \ x a a \ x f f \ x a 0 \ x 0 2 I \ x 0 f \ x 0 e ' ) ]] 
1621071145684 [vx:7.0 vy:0.0 vth:0.0 yaw:0.0] 
1621071145685 [delta_X:0.750666385 delta_y:0.0 status:False] 
1621071145687 [Update odom] 
1621071145793 [vx:-1.0 vy:-0.0 vth:0.0 yaw:0.0] 
1621071145793 [delta_X:-0.112204074 delta_y:-0.0 status:False] 
1621071145794 [Update odom] 
1621071145840 [log_latest_command] [[ b y t e a r r a y ( b ' \ x a a \ x f f \ x a 0 \ x 0 2 I \ x 0 f \ x 0 e ' ) ]] 
1621071145901 [vx:-1.0 vy:-0.0 vth:0.0 yaw:0.0] 
1621071145901 [delta_X:-0.10686493 delta_y:-0.0 status:False] 
1621071145902 [Update odom] 
1621071146008 [vx:-1.0 vy:-0.0 vth:0.0 yaw:0.0] 
1621071146008 [delta_X:-0.108677864 delta_y:-0.0 status:False] 
1621071146010 [Update odom] 
1621071146042 [log_latest_command] [[ b y t e a r r a y ( b ' \ x a a \ x f f \ x a 0 \ x 0 2 I \ x 0 f \ x 0 e ' ) ]] 
1621071146117 [vx:-1.0 vy:-0.0 vth:0.0 yaw:0.0] 
1621071146117 [delta_X:-0.107264042 delta_y:-0.0 status:False] 
1621071146119 [Update odom] 
1621071146226 [vx:3.0 vy:0.0 vth:0.0 yaw:0.0] 
1621071146226 [delta_X:0.329064129 delta_y:0.0 status:False] 
1621071146227 [Update odom] 
1621071146248 [log_latest_command] [[ b y t e a r r a y ( b ' \ x a a \ x f f \ x a 0 \ x 0 2 I \ x 0 f \ x 0 e ' ) ]] 
1621071146335 [vx:-1.0 vy:-0.0 vth:0.0 yaw:0.0] 
1621071146335 [delta_X:-0.10816598 delta_y:-0.0 status:False] 
1621071146338 [Update odom] 
1621071146444 [vx:-1.0 vy:-0.0 vth:0.0 yaw:0.0] 
1621071146444 [delta_X:-0.110151052 delta_y:-0.0 status:False] 
1621071146445 [Update odom] 
1621071146455 [log_latest_command] [[ b y t e a r r a y ( b ' \ x a a \ x f f \ x a 0 \ x 0 2 I \ x 0 f \ x 0 e ' ) ]] 
1621071146550 [vx:-1.0 vy:-0.0 vth:0.0 yaw:0.0] 
1621071146550 [delta_X:-0.106935024 delta_y:-0.0 status:False] 
1621071146551 [Update odom] 
1621071146662 [vx:-1.0 vy:-0.0 vth:0.0 yaw:0.0] 
1621071146662 [delta_X:-0.106176854 delta_y:-0.0 status:False] 
1621071146663 [Update odom] 
1621071146663 [log_latest_command] [[ b y t e a r r a y ( b ' \ x a a \ x f f \ x a 0 \ x 0 2 I \ x 0 f \ x 0 e ' ) ]] 
1621071146785 [vx:-1.0 vy:-0.0 vth:0.0 yaw:0.0] 
1621071146785 [delta_X:-0.112255096 delta_y:-0.0 status:False] 
1621071146786 [Update odom] 
1621071146866 [log_latest_command] [[ b y t e a r r a y ( b ' \ x a a \ x f f \ x a 0 \ x 0 2 I \ x 0 f \ x 0 e ' ) ]] 
1621071146894 [vx:-1.0 vy:-0.0 vth:0.0 yaw:0.0] 
1621071146895 [delta_X:-0.123122931 delta_y:-0.0 status:False] 
1621071146896 [Update odom] 
1621071147001 [vx:-1.0 vy:-0.0 vth:0.0 yaw:0.0] 
1621071147001 [delta_X:-0.109567165 delta_y:-0.0 status:False] 
1621071147002 [Update odom] 
1621071147069 [log_latest_command] [[ b y t e a r r a y ( b ' \ x a a \ x f f \ x a 0 \ x 0 2 I \ x 0 f \ x 0 e ' ) ]] 
1621071147108 [vx:-1.0 vy:-0.0 vth:0.0 yaw:0.0] 
1621071147108 [delta_X:-0.106313944 delta_y:-0.0 status:False] 
1621071147109 [Update odom] 
1621071147216 [vx:-1.0 vy:-0.0 vth:0.0 yaw:0.0] 
1621071147216 [delta_X:-0.106971025 delta_y:-0.0 status:False] 
1621071147218 [Update odom] 
1621071147272 [log_latest_command] [[ b y t e a r r a y ( b ' \ x a a \ x f f \ x a 0 \ x 0 2 I \ x 0 f \ x 0 e ' ) ]] 
1621071147326 [vx:-1.0 vy:-0.0 vth:0.0 yaw:0.0] 
1621071147326 [delta_X:-0.109020949 delta_y:-0.0 status:False] 
1621071147327 [Update odom] 
1621071147434 [vx:-1.0 vy:-0.0 vth:0.0 yaw:0.0] 
1621071147434 [delta_X:-0.109472036 delta_y:-0.0 status:False] 
1621071147434 [Update odom] 
1621071147542 [vx:-1.0 vy:-0.0 vth:0.0 yaw:0.0] 
1621071147542 [delta_X:-0.106914043 delta_y:-0.0 status:False] 
1621071147544 [Update odom] 
1621071147650 [vx:-1.0 vy:-0.0 vth:0.0 yaw:0.0] 
1621071147650 [delta_X:-0.109175921 delta_y:-0.0 status:False] 
1621071147651 [Update odom] 
1621071147681 [log_latest_command] [[ b y t e a r r a y ( b ' \ x a a \ x f f \ x a 0 \ x 0 2 I \ x 0 f \ x 0 e ' ) ]] 
1621071147763 [vx:-1.0 vy:-0.0 vth:0.0 yaw:0.0] 
1621071147763 [delta_X:-0.107074022 delta_y:-0.0 status:False] 
1621071147766 [Update odom] 
1621071147877 [vx:-1.0 vy:-0.0 vth:0.0 yaw:0.0] 
1621071147877 [delta_X:-0.115000963 delta_y:-0.0 status:False] 
1621071147878 [Update odom] 
1621071147985 [vx:-1.0 vy:-0.0 vth:0.0 yaw:0.0] 
1621071147985 [delta_X:-0.112704993 delta_y:-0.0 status:False] 
1621071147993 [Update odom] 
1621071148100 [vx:-1.0 vy:-0.0 vth:0.0 yaw:0.0] 
1621071148100 [delta_X:0 delta_y:0 status:True] 
1621071148103 [Update odom] 
1621071148209 [vx:-1.0 vy:-0.0 vth:0.0 yaw:0.0] 
1621071148209 [delta_X:0 delta_y:0 status:True] 
1621071148210 [Update odom] 
1621071148299 [log_latest_command] [[ b y t e a r r a y ( b ' \ x a a \ x f f \ x a 0 \ x 0 2 I \ x 0 f \ x 0 e ' ) ]] 
1621071148322 [vx:-1.0 vy:-0.0 vth:0.0 yaw:0.0] 
1621071148322 [delta_X:-0.106764079 delta_y:-0.0 status:False] 
1621071148323 [Update odom] 
1621071148433 [vx:-1.0 vy:-0.0 vth:0.0 yaw:0.0] 
1621071148433 [delta_X:-0.112957 delta_y:-0.0 status:False] 
1621071148434 [Update odom] 
1621071148556 [vx:3.0 vy:0.0 vth:0.0 yaw:0.0] 
1621071148556 [delta_X:0.333927156 delta_y:0.0 status:False] 
1621071148558 [Update odom] 
1621071148672 [vx:-1.0 vy:-0.0 vth:0.0 yaw:0.0] 
1621071148672 [delta_X:0 delta_y:0 status:True] 
1621071148673 [Update odom] 
1621071148783 [vx:-1.0 vy:-0.0 vth:0.0 yaw:0.0] 
1621071148783 [delta_X:0 delta_y:0 status:True] 
1621071148785 [Update odom] 
1621071148892 [vx:-1.0 vy:-0.0 vth:0.0 yaw:0.0] 
1621071148892 [delta_X:0 delta_y:0 status:True] 
1621071148894 [Update odom] 
1621071148906 [log_latest_command] [[ b y t e a r r a y ( b ' \ x a a \ x f f \ x a 0 \ x 0 2 I \ x 0 f \ x 0 e ' ) ]] 
1621071149002 [vx:-1.0 vy:-0.0 vth:0.0 yaw:0.0] 
1621071149002 [delta_X:-0.109035015 delta_y:-0.0 status:False] 
1621071149003 [Update odom] 
1621071149114 [vx:-1.0 vy:-0.0 vth:0.0 yaw:0.0] 
1621071149114 [delta_X:-0.109109164 delta_y:-0.0 status:False] 
1621071149115 [Update odom] 
1621071149227 [vx:-1.0 vy:-0.0 vth:0.0 yaw:0.0] 
1621071149227 [delta_X:0 delta_y:0 status:True] 
1621071149230 [Update odom] 
1621071149338 [vx:-1.0 vy:-0.0 vth:0.0 yaw:0.0] 
1621071149338 [delta_X:0 delta_y:0 status:True] 
1621071149342 [Update odom] 
1621071149450 [vx:-1.0 vy:-0.0 vth:0.0 yaw:0.0] 
1621071149450 [delta_X:0 delta_y:0 status:True] 
1621071149451 [Update odom] 
1621071149535 [log_latest_command] [[ b y t e a r r a y ( b ' \ x a a \ x f f \ x a 0 \ x 0 2 I \ x 0 f \ x 0 e ' ) ]] 
1621071149559 [vx:-1.0 vy:-0.0 vth:0.0 yaw:0.0] 
1621071149559 [delta_X:-0.108995915 delta_y:-0.0 status:False] 
1621071149562 [Update odom] 
1621071149675 [vx:-1.0 vy:-0.0 vth:0.0 yaw:0.0] 
1621071149675 [delta_X:-0.110295057 delta_y:-0.0 status:False] 
1621071149676 [Update odom] 
1621071149786 [vx:-1.0 vy:-0.0 vth:0.0 yaw:0.0] 
1621071149786 [delta_X:-0.114723921 delta_y:-0.0 status:False] 
1621071149787 [Update odom] 
1621071149893 [vx:-1.0 vy:-0.0 vth:0.0 yaw:0.0] 
1621071149893 [delta_X:0 delta_y:0 status:True] 
1621071149895 [Update odom] 
1621071150001 [vx:-1.0 vy:-0.0 vth:0.0 yaw:0.0] 
1621071150002 [delta_X:0 delta_y:0 status:True] 
1621071150003 [Update odom] 
1621071150110 [vx:-1.0 vy:-0.0 vth:0.0 yaw:0.0] 
1621071150110 [delta_X:0 delta_y:0 status:True] 
1621071150111 [Update odom] 
1621071150149 [log_latest_command] [[ b y t e a r r a y ( b ' \ x a a \ x f f \ x a 0 \ x 0 2 I \ x 0 f \ x 0 e ' ) ]] 
1621071150221 [vx:-1.0 vy:-0.0 vth:0.0 yaw:0.0] 
1621071150221 [delta_X:-0.107470036 delta_y:-0.0 status:False] 
1621071150223 [Update odom] 
1621071150331 [vx:-1.0 vy:-0.0 vth:0.0 yaw:0.0] 
1621071150331 [delta_X:-0.111888885 delta_y:-0.0 status:False] 
1621071150331 [Update odom] 
1621071150450 [vx:-1.0 vy:-0.0 vth:0.0 yaw:0.0] 
1621071150450 [delta_X:-0.108906985 delta_y:-0.0 status:False] 
1621071150450 [Update odom] 
1621071150559 [log_latest_command] [[ b y t e a r r a y ( b ' \ x a a \ x f f \ x a 0 \ x 0 2 I \ x 0 f \ x 0 e ' ) ]] 
1621071150563 [vx:-1.0 vy:-0.0 vth:0.0 yaw:0.0] 
1621071150563 [delta_X:-0.118934154 delta_y:-0.0 status:False] 
1621071150565 [Update odom] 
1621071150682 [vx:-1.0 vy:-0.0 vth:0.0 yaw:0.0] 
1621071150682 [delta_X:-0.114192009 delta_y:-0.0 status:False] 
1621071150684 [Update odom] 
1621071150790 [vx:-1.0 vy:-0.0 vth:0.0 yaw:0.0] 
1621071150790 [delta_X:-0.119894982 delta_y:-0.0 status:False] 
1621071150792 [Update odom] 
1621071150898 [vx:-1.0 vy:-0.0 vth:0.0 yaw:0.0] 
1621071150898 [delta_X:-0.107483863 delta_y:-0.0 status:False] 
1621071150905 [Update odom] 
1621071150964 [log_latest_command] [[ b y t e a r r a y ( b ' \ x a a \ x f f \ x a 0 \ x 0 2 I \ x 0 f \ x 0 e ' ) ]] 
1621071151014 [vx:-1.0 vy:-0.0 vth:0.0 yaw:0.0] 
1621071151014 [delta_X:-0.112908125 delta_y:-0.0 status:False] 
1621071151015 [Update odom] 
1621071151122 [vx:-1.0 vy:-0.0 vth:0.0 yaw:0.0] 
1621071151122 [delta_X:-0.110245943 delta_y:-0.0 status:False] 
1621071151124 [Update odom] 
1621071151232 [vx:-1.0 vy:-0.0 vth:0.0 yaw:0.0] 
1621071151232 [delta_X:-0.109265089 delta_y:-0.0 status:False] 
1621071151234 [Update odom] 
1621071151341 [vx:-1.0 vy:-0.0 vth:0.0 yaw:0.0] 
1621071151341 [delta_X:0 delta_y:0 status:True] 
1621071151342 [Update odom] 
1621071151467 [vx:-1.0 vy:-0.0 vth:0.0 yaw:0.0] 
1621071151468 [delta_X:0 delta_y:0 status:True] 
1621071151471 [Update odom] 
1621071151489 [log_latest_command] [[ b y t e a r r a y ( b ' \ x a a \ x f f \ x a 0 \ x 0 2 I \ x 0 f \ x 0 e ' ) ]] 
1621071151579 [vx:-1.0 vy:-0.0 vth:0.0 yaw:0.0] 
1621071151579 [delta_X:-0.128639937 delta_y:-0.0 status:False] 
1621071151580 [Update odom] 
1621071151688 [vx:3.0 vy:0.0 vth:0.0 yaw:0.0] 
1621071151688 [delta_X:0.328956126 delta_y:0.0 status:False] 
1621071151689 [Update odom] 
1621071151794 [vx:-1.0 vy:-0.0 vth:0.0 yaw:0.0] 
1621071151795 [delta_X:-0.108449936 delta_y:-0.0 status:False] 
1621071151795 [Update odom] 
1621071151905 [vx:-1.0 vy:-0.0 vth:0.0 yaw:0.0] 
1621071151905 [delta_X:-0.106642962 delta_y:-0.0 status:False] 
1621071151915 [Update odom] 
1621071151955 [log_latest_command] [[ b y t e a r r a y ( b ' \ x a a \ x f f \ x a 0 \ x 0 2 I \ x 0 f \ x 0 e ' ) ]] 
1621071152021 [vx:-1.0 vy:-0.0 vth:0.0 yaw:0.0] 
1621071152021 [delta_X:-0.11912322 delta_y:-0.0 status:False] 
1621071152022 [Update odom] 
1621071152142 [vx:-1.0 vy:-0.0 vth:0.0 yaw:0.0] 
1621071152142 [delta_X:-0.107598782 delta_y:-0.0 status:False] 
1621071152143 [Update odom] 
1621071152252 [vx:-1.0 vy:-0.0 vth:0.0 yaw:0.0] 
1621071152252 [delta_X:-0.12099719 delta_y:-0.0 status:False] 
1621071152254 [Update odom] 
1621071152362 [log_latest_command] [[ b y t e a r r a y ( b ' \ x a a \ x f f \ x a 0 \ x 0 2 I \ x 0 f \ x 0 e ' ) ]] 
1621071152362 [vx:-1.0 vy:-0.0 vth:0.0 yaw:0.0] 
1621071152362 [delta_X:-0.111214876 delta_y:-0.0 status:False] 
1621071152363 [Update odom] 
1621071152470 [vx:-1.0 vy:-0.0 vth:0.0 yaw:0.0] 
1621071152470 [delta_X:-0.108829975 delta_y:-0.0 status:False] 
1621071152472 [Update odom] 
1621071152582 [vx:-1.0 vy:-0.0 vth:0.0 yaw:0.0] 
1621071152582 [delta_X:-0.10868001 delta_y:-0.0 status:False] 
1621071152584 [Update odom] 
1621071152691 [vx:-1.0 vy:-0.0 vth:0.0 yaw:0.0] 
1621071152691 [delta_X:-0.11175108 delta_y:-0.0 status:False] 
1621071152692 [Update odom] 
1621071152708 [log_latest_command] [[ b y t e a r r a y ( b ' \ x a a \ x f f \ x a 0 \ x 0 2 I \ x 0 f \ x 0 e ' ) ]] 
1621071152798 [vx:-1.0 vy:-0.0 vth:0.0 yaw:0.0] 
1621071152798 [delta_X:-0.108566999 delta_y:-0.0 status:False] 
1621071152800 [Update odom] 
1621071152912 [vx:-1.0 vy:-0.0 vth:0.0 yaw:0.0] 
1621071152912 [delta_X:-0.108012915 delta_y:-0.0 status:False] 
1621071152913 [Update odom] 
1621071152919 [log_latest_command] [[ b y t e a r r a y ( b ' \ x a a \ x f f \ x a 0 \ x 0 2 I \ x 0 f \ x 0 e ' ) ]] 
1621071153028 [vx:-1.0 vy:-0.0 vth:0.0 yaw:0.0] 
1621071153028 [delta_X:-0.112902164 delta_y:-0.0 status:False] 
1621071153030 [Update odom] 
1621071153121 [log_latest_command] [[ b y t e a r r a y ( b ' \ x a a \ x f f \ x a 0 \ x 0 2 I \ x 0 f \ x 0 e ' ) ]] 
1621071153136 [vx:-1.0 vy:-0.0 vth:0.0 yaw:0.0] 
1621071153136 [delta_X:-0.11665392 delta_y:-0.0 status:False] 
1621071153138 [Update odom] 
1621071153248 [vx:-1.0 vy:-0.0 vth:0.0 yaw:0.0] 
1621071153249 [delta_X:-0.108022928 delta_y:-0.0 status:False] 
1621071153250 [Update odom] 
1621071153328 [log_latest_command] [[ b y t e a r r a y ( b ' \ x a a \ x f f \ x a 0 \ x 0 2 I \ x 0 f \ x 0 e ' ) ]] 
1621071153358 [vx:-1.0 vy:-0.0 vth:0.0 yaw:0.0] 
1621071153358 [delta_X:-0.1127491 delta_y:-0.0 status:False] 
1621071153361 [Update odom] 
1621071153476 [vx:-1.0 vy:-0.0 vth:0.0 yaw:0.0] 
1621071153476 [delta_X:-0.110172033 delta_y:-0.0 status:False] 
1621071153479 [Update odom] 
1621071153531 [log_latest_command] [[ b y t e a r r a y ( b ' \ x a a \ x f f \ x a 0 \ x 0 2 I \ x 0 f \ x 0 e ' ) ]] 
1621071153596 [vx:-1.0 vy:-0.0 vth:0.0 yaw:0.0] 
1621071153596 [delta_X:-0.118176937 delta_y:-0.0 status:False] 
1621071153598 [Update odom] 
1621071153704 [vx:0.0 vy:0.0 vth:0.0 yaw:0.0] 
1621071153704 [delta_X:0.0 delta_y:0.0 status:False] 
1621071153705 [Update odom] 
1621071153733 [log_latest_command] [[ b y t e a r r a y ( b ' \ x a a \ x f f \ x a 0 \ x 0 2 I \ x 0 f \ x 0 e ' ) ]] 
1621071153811 [vx:0.0 vy:0.0 vth:0.0 yaw:0.0] 
1621071153811 [delta_X:0.0 delta_y:0.0 status:False] 
1621071153813 [Update odom] 
1621071153929 [vx:0.0 vy:0.0 vth:0.0 yaw:0.0] 
1621071153929 [delta_X:0.0 delta_y:0.0 status:False] 
1621071153930 [Update odom] 
1621071154044 [vx:0.0 vy:0.0 vth:0.0 yaw:0.0] 
1621071154044 [delta_X:0.0 delta_y:0.0 status:False] 
1621071154045 [Update odom] 
1621071154143 [log_latest_command] [[ b y t e a r r a y ( b ' \ x a a \ x f f \ x a 0 \ x 0 2 I \ x 0 f \ x 0 e ' ) ]] 
1621071154165 [vx:0.0 vy:0.0 vth:0.0 yaw:0.0] 
1621071154165 [delta_X:0.0 delta_y:0.0 status:False] 
1621071154173 [Update odom] 
1621071154285 [vx:0.0 vy:0.0 vth:0.0 yaw:0.0] 
1621071154285 [delta_X:0.0 delta_y:0.0 status:False] 
1621071154290 [Update odom] 
1621071154404 [vx:0.0 vy:0.0 vth:0.0 yaw:0.0] 
1621071154404 [delta_X:0.0 delta_y:0.0 status:False] 
1621071154405 [Update odom] 
1621071154513 [vx:0.0 vy:0.0 vth:0.0 yaw:0.0] 
1621071154513 [delta_X:0 delta_y:0 status:True] 
1621071154516 [Update odom] 
1621071154622 [vx:0.0 vy:0.0 vth:0.0 yaw:0.0] 
1621071154622 [delta_X:0 delta_y:0 status:True] 
1621071154623 [Update odom] 
1621071154729 [vx:0.0 vy:0.0 vth:0.0 yaw:0.0] 
1621071154729 [delta_X:0 delta_y:0 status:True] 
1621071154730 [Update odom] 
1621071154756 [log_latest_command] [[ b y t e a r r a y ( b ' \ x a a \ x f f \ x a 0 \ x 0 2 I \ x 0 f \ x 0 e ' ) ]] 
1621071154842 [vx:0.0 vy:0.0 vth:0.0 yaw:0.0] 
1621071154842 [delta_X:0.0 delta_y:0.0 status:False] 
1621071154849 [Update odom] 
1621071154955 [vx:0.0 vy:0.0 vth:0.0 yaw:0.0] 
1621071154955 [delta_X:0.0 delta_y:0.0 status:False] 
1621071154957 [Update odom] 
1621071155073 [vx:0.0 vy:0.0 vth:0.0 yaw:0.0] 
1621071155073 [delta_X:0 delta_y:0 status:True] 
