1621089364909 [Opening serial port: /dev/ttyTHS1.] 
1621089365214 [The robot is connected to ] [/dev/ttyTHS1] 
1621089365214 [Initial robot's topic...] 
1621089365220 [Start initializing navigation] 
1621089365220 [Start initializing navigation topic] 
1621089365251 [Initialization navigation topic finished] 
1621089365254 [Initialization navigation finished] 
1621089365322 [Update odom] 
1621089365346 [ROBOT STATUS: Rotating[False] Running[False] Stop[True]] 
1621089365346 [vx:0.0 vy:-0.0 yaw:-1.03423586614] 
1621089365389 [Update odom] 
1621089365411 [ROBOT STATUS: Rotating[False] Running[False] Stop[True]] 
1621089365411 [vx:0.0 vy:-0.0 yaw:-1.03208234141] 
1621089365456 [Update odom] 
1621089365480 [ROBOT STATUS: Rotating[False] Running[False] Stop[True]] 
1621089365480 [vx:0.0 vy:-0.0 yaw:-1.03766035756] 
1621089365523 [Update odom] 
1621089365546 [ROBOT STATUS: Rotating[False] Running[False] Stop[True]] 
1621089365546 [vx:0.0 vy:-0.0 yaw:-1.0419735405] 
1621089365590 [Update odom] 
1621089365613 [ROBOT STATUS: Rotating[False] Running[False] Stop[True]] 
1621089365613 [vx:0.0 vy:-0.0 yaw:-1.04826273037] 
1621089365657 [Update odom] 
1621089365685 [ROBOT STATUS: Rotating[False] Running[False] Stop[True]] 
1621089365686 [vx:0.0 vy:-0.0 yaw:-1.04586763321] 
1621089365724 [Update odom] 
1621089365744 [ROBOT STATUS: Rotating[False] Running[False] Stop[True]] 
1621089365744 [vx:0.0 vy:-0.0 yaw:-1.03786531406] 
1621089365791 [Update odom] 
1621089365830 [ROBOT STATUS: Rotating[False] Running[False] Stop[True]] 
1621089365830 [vx:0.0 vy:-0.0 yaw:-1.02885714919] 
1621089365859 [Update odom] 
1621089365885 [ROBOT STATUS: Rotating[False] Running[False] Stop[True]] 
1621089365885 [vx:0.0 vy:-0.0 yaw:-1.02387921463] 
1621089365925 [Update odom] 
1621089365950 [ROBOT STATUS: Rotating[False] Running[False] Stop[True]] 
1621089365950 [vx:0.0 vy:-0.0 yaw:-1.01842858448] 
1621089365993 [Update odom] 
1621089366015 [ROBOT STATUS: Rotating[False] Running[False] Stop[True]] 
1621089366015 [vx:0.0 vy:-0.0 yaw:-1.0130060707] 
1621089366059 [Update odom] 
1621089366087 [ROBOT STATUS: Rotating[False] Running[False] Stop[True]] 
1621089366087 [vx:0.0 vy:-0.0 yaw:-1.01179232744] 
1621089366127 [Update odom] 
1621089366160 [ROBOT STATUS: Rotating[False] Running[False] Stop[True]] 
1621089366160 [vx:0.0 vy:-0.0 yaw:-1.00953792422] 
1621089366193 [Update odom] 
1621089366219 [ROBOT STATUS: Rotating[False] Running[False] Stop[True]] 
1621089366220 [vx:0.0 vy:-0.0 yaw:-1.01435109646] 
1621089366260 [Update odom] 
1621089366282 [ROBOT STATUS: Rotating[False] Running[False] Stop[True]] 
1621089366282 [vx:0.0 vy:-0.0 yaw:-1.02508479532] 
1621089366327 [Update odom] 
1621089366363 [ROBOT STATUS: Rotating[False] Running[False] Stop[True]] 
1621089366363 [vx:0.0 vy:-0.0 yaw:-1.01443313398] 
1621089366394 [Update odom] 
1621089366415 [ROBOT STATUS: Rotating[False] Running[False] Stop[True]] 
1621089366415 [vx:0.0 vy:-0.0 yaw:-1.00888927593] 
1621089366463 [Update odom] 
1621089366489 [ROBOT STATUS: Rotating[False] Running[False] Stop[True]] 
1621089366489 [vx:0.0 vy:-0.0 yaw:-1.00301810383] 
1621089366528 [Update odom] 
1621089366568 [ROBOT STATUS: Rotating[False] Running[False] Stop[True]] 
1621089366568 [vx:0.0 vy:-0.0 yaw:-1.00532196348] 
1621089366595 [Update odom] 
1621089366620 [ROBOT STATUS: Rotating[False] Running[False] Stop[True]] 
1621089366620 [vx:0.0 vy:-0.0 yaw:-1.01172056186] 
1621089366662 [Update odom] 
1621089366685 [ROBOT STATUS: Rotating[False] Running[False] Stop[True]] 
1621089366685 [vx:0.0 vy:-0.0 yaw:-1.01198882526] 
1621089366729 [Update odom] 
1621089366757 [ROBOT STATUS: Rotating[False] Running[False] Stop[True]] 
1621089366757 [vx:0.0 vy:-0.0 yaw:-1.00640747908] 
1621089366800 [Update odom] 
1621089366825 [ROBOT STATUS: Rotating[False] Running[False] Stop[True]] 
1621089366825 [vx:0.0 vy:-0.0 yaw:-1.00918378953] 
1621089366863 [Update odom] 
1621089366885 [ROBOT STATUS: Rotating[False] Running[False] Stop[True]] 
1621089366885 [vx:0.0 vy:-0.0 yaw:-1.0188255552] 
1621089366930 [Update odom] 
1621089366950 [ROBOT STATUS: Rotating[False] Running[False] Stop[True]] 
1621089366950 [vx:0.0 vy:-0.0 yaw:-1.02528459448] 
1621089366997 [Update odom] 
1621089367021 [ROBOT STATUS: Rotating[False] Running[False] Stop[True]] 
1621089367021 [vx:0.0 vy:-0.0 yaw:-1.03191840312] 
1621089367066 [Update odom] 
1621089367085 [ROBOT STATUS: Rotating[False] Running[False] Stop[True]] 
1621089367085 [vx:0.0 vy:-0.0 yaw:-1.03463268658] 
1621089367131 [Update odom] 
1621089367165 [ROBOT STATUS: Rotating[False] Running[False] Stop[True]] 
1621089367165 [vx:0.0 vy:-0.0 yaw:-1.03587612965] 
1621089367198 [Update odom] 
1621089367220 [ROBOT STATUS: Rotating[False] Running[False] Stop[True]] 
1621089367220 [vx:0.0 vy:-0.0 yaw:-1.03565717666] 
1621089367265 [Update odom] 
1621089367284 [ROBOT STATUS: Rotating[False] Running[False] Stop[True]] 
1621089367284 [vx:0.0 vy:-0.0 yaw:-1.03621531342] 
1621089367334 [Update odom] 
1621089367358 [ROBOT STATUS: Rotating[False] Running[False] Stop[True]] 
1621089367358 [vx:0.0 vy:-0.0 yaw:-1.02586678025] 
1621089367399 [Update odom] 
1621089367429 [ROBOT STATUS: Rotating[False] Running[False] Stop[True]] 
1621089367429 [vx:0.0 vy:-0.0 yaw:-1.02148659581] 
1621089367466 [Update odom] 
1621089367495 [ROBOT STATUS: Rotating[False] Running[False] Stop[True]] 
1621089367495 [vx:0.0 vy:-0.0 yaw:-1.02273067258] 
1621089367533 [Update odom] 
1621089367559 [ROBOT STATUS: Rotating[False] Running[False] Stop[True]] 
1621089367559 [vx:0.0 vy:-0.0 yaw:-1.02131476562] 
1621089367600 [Update odom] 
1621089367625 [ROBOT STATUS: Rotating[False] Running[False] Stop[True]] 
1621089367625 [vx:0.0 vy:-0.0 yaw:-1.01615993386] 
1621089367667 [Update odom] 
1621089367702 [ROBOT STATUS: Rotating[False] Running[False] Stop[True]] 
1621089367702 [vx:0.0 vy:-0.0 yaw:-1.02019350189] 
1621089367734 [Update odom] 
1621089367754 [ROBOT STATUS: Rotating[False] Running[False] Stop[True]] 
1621089367754 [vx:0.0 vy:-0.0 yaw:-1.02884550943] 
1621089367801 [Update odom] 
1621089367825 [ROBOT STATUS: Rotating[False] Running[False] Stop[True]] 
1621089367825 [vx:0.0 vy:-0.0 yaw:-1.03867868518] 
1621089367868 [Update odom] 
1621089367890 [ROBOT STATUS: Rotating[False] Running[False] Stop[True]] 
1621089367890 [vx:0.0 vy:-0.0 yaw:-1.04160614032] 
1621089367935 [Update odom] 
1621089367954 [ROBOT STATUS: Rotating[False] Running[False] Stop[True]] 
1621089367954 [vx:0.0 vy:-0.0 yaw:-1.03899078366] 
1621089368002 [Update odom] 
1621089368024 [ROBOT STATUS: Rotating[False] Running[False] Stop[True]] 
1621089368024 [vx:0.0 vy:-0.0 yaw:-1.02754856837] 
1621089368070 [Update odom] 
1621089368089 [ROBOT STATUS: Rotating[False] Running[False] Stop[True]] 
1621089368090 [vx:0.0 vy:-0.0 yaw:-1.03121718401] 
1621089368136 [Update odom] 
1621089368163 [ROBOT STATUS: Rotating[False] Running[False] Stop[True]] 
1621089368163 [vx:0.0 vy:-0.0 yaw:-1.02869700311] 
1621089368203 [Update odom] 
1621089368229 [ROBOT STATUS: Rotating[False] Running[False] Stop[True]] 
1621089368229 [vx:0.0 vy:-0.0 yaw:-1.02574256755] 
1621089368270 [Update odom] 
1621089368295 [ROBOT STATUS: Rotating[False] Running[False] Stop[True]] 
1621089368295 [vx:0.0 vy:-0.0 yaw:-1.02881093332] 
1621089368338 [Update odom] 
1621089368360 [ROBOT STATUS: Rotating[False] Running[False] Stop[True]] 
1621089368360 [vx:0.0 vy:-0.0 yaw:-1.03848558253] 
1621089368404 [Update odom] 
1621089368427 [ROBOT STATUS: Rotating[False] Running[False] Stop[True]] 
1621089368427 [vx:0.0 vy:-0.0 yaw:-1.04244072899] 
1621089368471 [Update odom] 
1621089368494 [ROBOT STATUS: Rotating[False] Running[False] Stop[True]] 
1621089368494 [vx:0.0 vy:-0.0 yaw:-1.03647922494] 
1621089368538 [Update odom] 
1621089368560 [ROBOT STATUS: Rotating[False] Running[False] Stop[True]] 
1621089368560 [vx:0.0 vy:-0.0 yaw:-1.02462018034] 
1621089368605 [Update odom] 
1621089368624 [ROBOT STATUS: Rotating[False] Running[False] Stop[True]] 
1621089368624 [vx:0.0 vy:-0.0 yaw:-1.01901655858] 
1621089368672 [Update odom] 
1621089368698 [ROBOT STATUS: Rotating[False] Running[False] Stop[True]] 
1621089368698 [vx:0.0 vy:-0.0 yaw:-1.0177935187] 
1621089368740 [Update odom] 
1621089368759 [ROBOT STATUS: Rotating[False] Running[False] Stop[True]] 
1621089368759 [vx:0.0 vy:-0.0 yaw:-1.02072658987] 
1621089368806 [Update odom] 
1621089368833 [ROBOT STATUS: Rotating[False] Running[False] Stop[True]] 
1621089368833 [vx:0.0 vy:-0.0 yaw:-1.01857996271] 
1621089368874 [Update odom] 
1621089368894 [ROBOT STATUS: Rotating[False] Running[False] Stop[True]] 
1621089368894 [vx:0.0 vy:-0.0 yaw:-1.0163594933] 
1621089368941 [Update odom] 
1621089368959 [ROBOT STATUS: Rotating[False] Running[False] Stop[True]] 
1621089368959 [vx:0.0 vy:-0.0 yaw:-1.02332521478] 
1621089369007 [Update odom] 
1621089369029 [ROBOT STATUS: Rotating[False] Running[False] Stop[True]] 
1621089369029 [vx:0.0 vy:-0.0 yaw:-1.02468757096] 
1621089369074 [Update odom] 
1621089369094 [ROBOT STATUS: Rotating[False] Running[False] Stop[True]] 
1621089369094 [vx:0.0 vy:-0.0 yaw:-1.02492309695] 
1621089369142 [Update odom] 
1621089369164 [ROBOT STATUS: Rotating[False] Running[False] Stop[True]] 
1621089369164 [vx:0.0 vy:-0.0 yaw:-1.03288201922] 
1621089369208 [Update odom] 
1621089369229 [ROBOT STATUS: Rotating[False] Running[False] Stop[True]] 
1621089369229 [vx:0.0 vy:-0.0 yaw:-1.03903890517] 
1621089369275 [Update odom] 
1621089369294 [ROBOT STATUS: Rotating[False] Running[False] Stop[True]] 
1621089369294 [vx:0.0 vy:-0.0 yaw:-1.04038871212] 
1621089369342 [Update odom] 
1621089369365 [ROBOT STATUS: Rotating[False] Running[False] Stop[True]] 
1621089369365 [vx:0.0 vy:-0.0 yaw:-1.03440229598] 
1621089369409 [Update odom] 
1621089369429 [ROBOT STATUS: Rotating[False] Running[False] Stop[True]] 
1621089369430 [vx:0.0 vy:-0.0 yaw:-1.02725074027] 
1621089369478 [Update odom] 
1621089369504 [ROBOT STATUS: Rotating[False] Running[False] Stop[True]] 
1621089369504 [vx:0.0 vy:-0.0 yaw:-1.0202716456] 
1621089369543 [Update odom] 
1621089369565 [ROBOT STATUS: Rotating[False] Running[False] Stop[True]] 
1621089369566 [vx:0.0 vy:-0.0 yaw:-1.0195529887] 
1621089369610 [Update odom] 
1621089369643 [ROBOT STATUS: Rotating[False] Running[False] Stop[True]] 
1621089369643 [vx:0.0 vy:-0.0 yaw:-1.0195529887] 
1621089369677 [Update odom] 
1621089369699 [ROBOT STATUS: Rotating[False] Running[False] Stop[True]] 
1621089369699 [vx:0.0 vy:-0.0 yaw:-1.0195529887] 
1621089369745 [Update odom] 
1621089369767 [ROBOT STATUS: Rotating[False] Running[False] Stop[True]] 
1621089369767 [vx:0.0 vy:-0.0 yaw:-1.0195529887] 
1621089369812 [Update odom] 
1621089369834 [ROBOT STATUS: Rotating[False] Running[False] Stop[True]] 
1621089369834 [vx:0.0 vy:-0.0 yaw:-1.0195529887] 
1621089369878 [Update odom] 
1621089369899 [ROBOT STATUS: Rotating[False] Running[False] Stop[True]] 
1621089369899 [vx:0.0 vy:-0.0 yaw:-1.0195529887] 
1621089369949 [Update odom] 
1621089369975 [ROBOT STATUS: Rotating[False] Running[False] Stop[True]] 
1621089369975 [vx:0.0 vy:-0.0 yaw:-1.0195529887] 
1621089370012 [Update odom] 
1621089370035 [ROBOT STATUS: Rotating[False] Running[False] Stop[True]] 
1621089370035 [vx:0.0 vy:-0.0 yaw:-1.0195529887] 
1621089370079 [Update odom] 
1621089370099 [ROBOT STATUS: Rotating[False] Running[False] Stop[True]] 
1621089370099 [vx:0.0 vy:-0.0 yaw:-1.0195529887] 
1621089370146 [Update odom] 
1621089370173 [ROBOT STATUS: Rotating[False] Running[False] Stop[True]] 
1621089370173 [vx:0.0 vy:-0.0 yaw:-1.0195529887] 
1621089370213 [Update odom] 
1621089370234 [ROBOT STATUS: Rotating[False] Running[False] Stop[True]] 
1621089370234 [vx:0.0 vy:-0.0 yaw:-1.0195529887] 
1621089370280 [Update odom] 
1621089370353 [ROBOT STATUS: Rotating[False] Running[False] Stop[True]] 
1621089370353 [vx:0.0 vy:-0.0 yaw:-1.0195529887] 
1621089370354 [Update odom] 
1621089370377 [ROBOT STATUS: Rotating[False] Running[False] Stop[True]] 
1621089370377 [vx:0.0 vy:-0.0 yaw:-1.0195529887] 
1621089370414 [Update odom] 
1621089370442 [ROBOT STATUS: Rotating[False] Running[False] Stop[True]] 
1621089370442 [vx:0.0 vy:-0.0 yaw:-1.0195529887] 
1621089370481 [Update odom] 
1621089370503 [ROBOT STATUS: Rotating[False] Running[False] Stop[True]] 
1621089370503 [vx:0.0 vy:-0.0 yaw:-1.0195529887] 
1621089370548 [Update odom] 
1621089370567 [ROBOT STATUS: Rotating[False] Running[False] Stop[True]] 
1621089370567 [vx:0.0 vy:-0.0 yaw:-1.0195529887] 
1621089370615 [Update odom] 
1621089370637 [ROBOT STATUS: Rotating[False] Running[False] Stop[True]] 
1621089370637 [vx:0.0 vy:-0.0 yaw:-1.0195529887] 
1621089370682 [Update odom] 
1621089370707 [ROBOT STATUS: Rotating[False] Running[False] Stop[True]] 
1621089370707 [vx:0.0 vy:-0.0 yaw:-1.0195529887] 
1621089370750 [Update odom] 
1621089370767 [ROBOT STATUS: Rotating[False] Running[False] Stop[True]] 
1621089370767 [vx:0.0 vy:-0.0 yaw:-1.0195529887] 
1621089370816 [Update odom] 
1621089370838 [ROBOT STATUS: Rotating[False] Running[False] Stop[True]] 
1621089370838 [vx:0.0 vy:-0.0 yaw:-1.0195529887] 
1621089370883 [Update odom] 
1621089370902 [ROBOT STATUS: Rotating[False] Running[False] Stop[True]] 
1621089370902 [vx:0.0 vy:-0.0 yaw:-1.0195529887] 
1621089370950 [Update odom] 
1621089370969 [ROBOT STATUS: Rotating[False] Running[False] Stop[True]] 
1621089370969 [vx:0.0 vy:-0.0 yaw:-1.0195529887] 
1621089371017 [Update odom] 
1621089371038 [ROBOT STATUS: Rotating[False] Running[False] Stop[True]] 
1621089371038 [vx:0.0 vy:-0.0 yaw:-1.0195529887] 
1621089371084 [Update odom] 
1621089371102 [ROBOT STATUS: Rotating[False] Running[False] Stop[True]] 
1621089371102 [vx:0.0 vy:-0.0 yaw:-1.0195529887] 
1621089371152 [Update odom] 
1621089371178 [ROBOT STATUS: Rotating[False] Running[False] Stop[True]] 
1621089371178 [vx:0.0 vy:-0.0 yaw:-1.0195529887] 
1621089371219 [Update odom] 
1621089371239 [ROBOT STATUS: Rotating[False] Running[False] Stop[True]] 
1621089371239 [vx:0.0 vy:-0.0 yaw:-1.0195529887] 
1621089371286 [Update odom] 
1621089371303 [ROBOT STATUS: Rotating[False] Running[False] Stop[True]] 
1621089371303 [vx:0.0 vy:-0.0 yaw:-1.0195529887] 
1621089371352 [Update odom] 
1621089371372 [ROBOT STATUS: Rotating[False] Running[False] Stop[True]] 
1621089371372 [vx:0.0 vy:-0.0 yaw:-1.0195529887] 
1621089371420 [Update odom] 
1621089371438 [ROBOT STATUS: Rotating[False] Running[False] Stop[True]] 
1621089371438 [vx:0.0 vy:-0.0 yaw:-1.0195529887] 
1621089371487 [Update odom] 
1621089371507 [ROBOT STATUS: Rotating[False] Running[False] Stop[True]] 
1621089371507 [vx:0.0 vy:-0.0 yaw:-1.0195529887] 
1621089371553 [Update odom] 
1621089371572 [ROBOT STATUS: Rotating[False] Running[False] Stop[True]] 
1621089371572 [vx:0.0 vy:-0.0 yaw:-1.0195529887] 
1621089371620 [Update odom] 
1621089371637 [ROBOT STATUS: Rotating[False] Running[False] Stop[True]] 
1621089371637 [vx:0.0 vy:-0.0 yaw:-1.0195529887] 
1621089371688 [Update odom] 
1621089371707 [ROBOT STATUS: Rotating[False] Running[False] Stop[True]] 
1621089371707 [vx:0.0 vy:-0.0 yaw:-1.0195529887] 
1621089371756 [Update odom] 
1621089371771 [ROBOT STATUS: Rotating[False] Running[False] Stop[True]] 
1621089371771 [vx:0.0 vy:-0.0 yaw:-1.0195529887] 
1621089371821 [Update odom] 
1621089371842 [ROBOT STATUS: Rotating[False] Running[False] Stop[True]] 
1621089371842 [vx:0.0 vy:-0.0 yaw:-1.0195529887] 
1621089371888 [Update odom] 
1621089371909 [ROBOT STATUS: Rotating[False] Running[False] Stop[True]] 
1621089371909 [vx:0.0 vy:-0.0 yaw:-1.0195529887] 
1621089371955 [Update odom] 
1621089371978 [ROBOT STATUS: Rotating[False] Running[False] Stop[True]] 
1621089371978 [vx:0.0 vy:-0.0 yaw:-1.0195529887] 
1621089372024 [Update odom] 
1621089372042 [ROBOT STATUS: Rotating[False] Running[False] Stop[True]] 
1621089372042 [vx:0.0 vy:-0.0 yaw:-1.0195529887] 
1621089372090 [Update odom] 
1621089372107 [ROBOT STATUS: Rotating[False] Running[False] Stop[True]] 
1621089372107 [vx:0.0 vy:-0.0 yaw:-1.0195529887] 
1621089372160 [Update odom] 
1621089372178 [ROBOT STATUS: Rotating[False] Running[False] Stop[True]] 
1621089372178 [vx:0.0 vy:-0.0 yaw:-1.0195529887] 
1621089372223 [Update odom] 
1621089372242 [ROBOT STATUS: Rotating[False] Running[False] Stop[True]] 
1621089372242 [vx:0.0 vy:-0.0 yaw:-1.0195529887] 
1621089372290 [Update odom] 
1621089372308 [ROBOT STATUS: Rotating[False] Running[False] Stop[True]] 
1621089372308 [vx:0.0 vy:-0.0 yaw:-1.0195529887] 
1621089372357 [Update odom] 
1621089372378 [ROBOT STATUS: Rotating[False] Running[False] Stop[True]] 
1621089372378 [vx:0.0 vy:-0.0 yaw:-1.0195529887] 
1621089372425 [Update odom] 
1621089372442 [ROBOT STATUS: Rotating[False] Running[False] Stop[True]] 
1621089372442 [vx:0.0 vy:-0.0 yaw:-1.0195529887] 
1621089372492 [Update odom] 
1621089372512 [ROBOT STATUS: Rotating[False] Running[False] Stop[True]] 
1621089372512 [vx:0.0 vy:-0.0 yaw:-1.0195529887] 
1621089372559 [Update odom] 
1621089372578 [ROBOT STATUS: Rotating[False] Running[False] Stop[True]] 
1621089372578 [vx:0.0 vy:-0.0 yaw:-1.0195529887] 
1621089372628 [Update odom] 
1621089372647 [ROBOT STATUS: Rotating[False] Running[False] Stop[True]] 
1621089372647 [vx:0.0 vy:-0.0 yaw:-1.0195529887] 
1621089372693 [Update odom] 
1621089372712 [ROBOT STATUS: Rotating[False] Running[False] Stop[True]] 
1621089372712 [vx:0.0 vy:-0.0 yaw:-1.0195529887] 
1621089372759 [Update odom] 
1621089372778 [ROBOT STATUS: Rotating[False] Running[False] Stop[True]] 
1621089372778 [vx:0.0 vy:-0.0 yaw:-1.0195529887] 
1621089372828 [Update odom] 
1621089372854 [ROBOT STATUS: Rotating[False] Running[False] Stop[True]] 
1621089372854 [vx:0.0 vy:-0.0 yaw:-1.0195529887] 
1621089372893 [Update odom] 
1621089372912 [ROBOT STATUS: Rotating[False] Running[False] Stop[True]] 
1621089372912 [vx:0.0 vy:-0.0 yaw:-1.0195529887] 
1621089372960 [Update odom] 
1621089372977 [ROBOT STATUS: Rotating[False] Running[False] Stop[True]] 
1621089372977 [vx:0.0 vy:-0.0 yaw:-1.0195529887] 
1621089373027 [Update odom] 
1621089373047 [ROBOT STATUS: Rotating[False] Running[False] Stop[True]] 
1621089373047 [vx:0.0 vy:-0.0 yaw:-1.0195529887] 
1621089373095 [Update odom] 
1621089373114 [ROBOT STATUS: Rotating[False] Running[False] Stop[True]] 
1621089373114 [vx:0.0 vy:-0.0 yaw:-1.0195529887] 
1621089373161 [Update odom] 
1621089373184 [ROBOT STATUS: Rotating[False] Running[False] Stop[True]] 
1621089373184 [vx:0.0 vy:-0.0 yaw:-1.0195529887] 
1621089373228 [Update odom] 
1621089373248 [ROBOT STATUS: Rotating[False] Running[False] Stop[True]] 
1621089373248 [vx:0.0 vy:-0.0 yaw:-1.0195529887] 
1621089373295 [Update odom] 
1621089373319 [ROBOT STATUS: Rotating[False] Running[False] Stop[True]] 
1621089373319 [vx:0.0 vy:-0.0 yaw:-1.0195529887] 
1621089373362 [Update odom] 
1621089373383 [ROBOT STATUS: Rotating[False] Running[False] Stop[True]] 
1621089373383 [vx:0.0 vy:-0.0 yaw:-1.0195529887] 
1621089373429 [Update odom] 
1621089373448 [ROBOT STATUS: Rotating[False] Running[False] Stop[True]] 
1621089373448 [vx:0.0 vy:-0.0 yaw:-1.0195529887] 
1621089373496 [Update odom] 
1621089373519 [ROBOT STATUS: Rotating[False] Running[False] Stop[True]] 
1621089373519 [vx:0.0 vy:-0.0 yaw:-1.0195529887] 
1621089373563 [Update odom] 
1621089373582 [ROBOT STATUS: Rotating[False] Running[False] Stop[True]] 
1621089373583 [vx:0.0 vy:-0.0 yaw:-1.0195529887] 
1621089373632 [Update odom] 
1621089373652 [ROBOT STATUS: Rotating[False] Running[False] Stop[True]] 
1621089373652 [vx:0.0 vy:-0.0 yaw:-1.0195529887] 
1621089373697 [Update odom] 
1621089373717 [ROBOT STATUS: Rotating[False] Running[False] Stop[True]] 
1621089373717 [vx:0.0 vy:-0.0 yaw:-1.0195529887] 
1621089373766 [Update odom] 
1621089373787 [ROBOT STATUS: Rotating[False] Running[False] Stop[True]] 
1621089373787 [vx:0.0 vy:-0.0 yaw:-1.0195529887] 
1621089373831 [Update odom] 
1621089373855 [ROBOT STATUS: Rotating[False] Running[False] Stop[True]] 
1621089373855 [vx:0.0 vy:-0.0 yaw:-1.0195529887] 
1621089373898 [Update odom] 
1621089373919 [ROBOT STATUS: Rotating[False] Running[False] Stop[True]] 
1621089373919 [vx:0.0 vy:-0.0 yaw:-1.0195529887] 
1621089373966 [Update odom] 
1621089373982 [ROBOT STATUS: Rotating[False] Running[False] Stop[True]] 
1621089373982 [vx:0.0 vy:-0.0 yaw:-1.0195529887] 
1621089374032 [Update odom] 
1621089374052 [ROBOT STATUS: Rotating[False] Running[False] Stop[True]] 
1621089374052 [vx:0.0 vy:-0.0 yaw:-1.0195529887] 
1621089374100 [Update odom] 
1621089374117 [ROBOT STATUS: Rotating[False] Running[False] Stop[True]] 
1621089374117 [vx:0.0 vy:-0.0 yaw:-1.0195529887] 
1621089374166 [Update odom] 
1621089374187 [ROBOT STATUS: Rotating[False] Running[False] Stop[True]] 
1621089374187 [vx:0.0 vy:-0.0 yaw:-1.0195529887] 
1621089374233 [Update odom] 
1621089374252 [ROBOT STATUS: Rotating[False] Running[False] Stop[True]] 
1621089374252 [vx:0.0 vy:-0.0 yaw:-1.0195529887] 
1621089374302 [Update odom] 
1621089374322 [ROBOT STATUS: Rotating[False] Running[False] Stop[True]] 
1621089374322 [vx:0.0 vy:-0.0 yaw:-1.0195529887] 
1621089374367 [Update odom] 
1621089374387 [ROBOT STATUS: Rotating[False] Running[False] Stop[True]] 
1621089374387 [vx:0.0 vy:-0.0 yaw:-1.0195529887] 
1621089374434 [Update odom] 
1621089374460 [ROBOT STATUS: Rotating[False] Running[False] Stop[True]] 
1621089374460 [vx:0.0 vy:-0.0 yaw:-1.0195529887] 
1621089374501 [Update odom] 
1621089374523 [ROBOT STATUS: Rotating[False] Running[False] Stop[True]] 
1621089374523 [vx:0.0 vy:-0.0 yaw:-1.0195529887] 
1621089374569 [Update odom] 
1621089374588 [ROBOT STATUS: Rotating[False] Running[False] Stop[True]] 
1621089374588 [vx:0.0 vy:-0.0 yaw:-1.0195529887] 
1621089374635 [Update odom] 
1621089374652 [ROBOT STATUS: Rotating[False] Running[False] Stop[True]] 
1621089374652 [vx:0.0 vy:-0.0 yaw:-1.0195529887] 
1621089374703 [Update odom] 
1621089374726 [ROBOT STATUS: Rotating[False] Running[False] Stop[True]] 
1621089374726 [vx:0.0 vy:-0.0 yaw:-1.0195529887] 
1621089374772 [Update odom] 
1621089374795 [ROBOT STATUS: Rotating[False] Running[False] Stop[True]] 
1621089374795 [vx:0.0 vy:-0.0 yaw:-1.0195529887] 
1621089374836 [Update odom] 
1621089374858 [ROBOT STATUS: Rotating[False] Running[False] Stop[True]] 
1621089374858 [vx:0.0 vy:-0.0 yaw:-1.0195529887] 
1621089374903 [Update odom] 
1621089374923 [ROBOT STATUS: Rotating[False] Running[False] Stop[True]] 
1621089374923 [vx:0.0 vy:-0.0 yaw:-1.0195529887] 
1621089374972 [Update odom] 
1621089374993 [ROBOT STATUS: Rotating[False] Running[False] Stop[True]] 
1621089374993 [vx:0.0 vy:-0.0 yaw:-1.0195529887] 
1621089375038 [Update odom] 
1621089375058 [ROBOT STATUS: Rotating[False] Running[False] Stop[True]] 
1621089375058 [vx:0.0 vy:-0.0 yaw:-1.0195529887] 
1621089375105 [Update odom] 
1621089375123 [ROBOT STATUS: Rotating[False] Running[False] Stop[True]] 
1621089375123 [vx:0.0 vy:-0.0 yaw:-1.0195529887] 
1621089375171 [Update odom] 
1621089375193 [ROBOT STATUS: Rotating[False] Running[False] Stop[True]] 
1621089375193 [vx:0.0 vy:-0.0 yaw:-1.0195529887] 
1621089375238 [Update odom] 
1621089375263 [ROBOT STATUS: Rotating[False] Running[False] Stop[True]] 
1621089375263 [vx:0.0 vy:-0.0 yaw:-1.0195529887] 
1621089375305 [Update odom] 
1621089375330 [ROBOT STATUS: Rotating[False] Running[False] Stop[True]] 
1621089375330 [vx:0.0 vy:-0.0 yaw:-1.0195529887] 
1621089375372 [Update odom] 
1621089375392 [ROBOT STATUS: Rotating[False] Running[False] Stop[True]] 
1621089375392 [vx:0.0 vy:-0.0 yaw:-1.0195529887] 
1621089375440 [Update odom] 
1621089375462 [ROBOT STATUS: Rotating[False] Running[False] Stop[True]] 
1621089375462 [vx:0.0 vy:-0.0 yaw:-1.0195529887] 
1621089375506 [Update odom] 
1621089375530 [ROBOT STATUS: Rotating[False] Running[False] Stop[True]] 
1621089375530 [vx:0.0 vy:-0.0 yaw:-1.0195529887] 
1621089375574 [Update odom] 
1621089375601 [ROBOT STATUS: Rotating[False] Running[False] Stop[True]] 
1621089375601 [vx:0.0 vy:-0.0 yaw:-1.0195529887] 
1621089375640 [Update odom] 
1621089375663 [ROBOT STATUS: Rotating[False] Running[False] Stop[True]] 
1621089375663 [vx:0.0 vy:-0.0 yaw:-1.0195529887] 
1621089375707 [Update odom] 
1621089375727 [ROBOT STATUS: Rotating[False] Running[False] Stop[True]] 
1621089375727 [vx:0.0 vy:-0.0 yaw:-1.0195529887] 
1621089375774 [Update odom] 
1621089375792 [ROBOT STATUS: Rotating[False] Running[False] Stop[True]] 
1621089375792 [vx:0.0 vy:-0.0 yaw:-1.0195529887] 
1621089375844 [Update odom] 
1621089375863 [ROBOT STATUS: Rotating[False] Running[False] Stop[True]] 
1621089375863 [vx:0.0 vy:-0.0 yaw:-1.0195529887] 
1621089375908 [Update odom] 
1621089375929 [ROBOT STATUS: Rotating[False] Running[False] Stop[True]] 
1621089375929 [vx:0.0 vy:-0.0 yaw:-1.0195529887] 
1621089375976 [Update odom] 
1621089375997 [ROBOT STATUS: Rotating[False] Running[False] Stop[True]] 
1621089375997 [vx:0.0 vy:-0.0 yaw:-1.0195529887] 
1621089376043 [Update odom] 
1621089376063 [ROBOT STATUS: Rotating[False] Running[False] Stop[True]] 
1621089376063 [vx:0.0 vy:-0.0 yaw:-1.0195529887] 
1621089376109 [Update odom] 
1621089376133 [ROBOT STATUS: Rotating[False] Running[False] Stop[True]] 
1621089376133 [vx:0.0 vy:-0.0 yaw:-1.0195529887] 
1621089376176 [Update odom] 
1621089376203 [ROBOT STATUS: Rotating[False] Running[False] Stop[True]] 
1621089376203 [vx:0.0 vy:-0.0 yaw:-1.0195529887] 
1621089376243 [Update odom] 
1621089376264 [ROBOT STATUS: Rotating[False] Running[False] Stop[True]] 
1621089376264 [vx:0.0 vy:-0.0 yaw:-1.0195529887] 
1621089376310 [Update odom] 
1621089376328 [ROBOT STATUS: Rotating[False] Running[False] Stop[True]] 
1621089376328 [vx:0.0 vy:-0.0 yaw:-1.0195529887] 
1621089376377 [Update odom] 
1621089376401 [ROBOT STATUS: Rotating[False] Running[False] Stop[True]] 
1621089376401 [vx:0.0 vy:-0.0 yaw:-1.0195529887] 
1621089376444 [Update odom] 
1621089376472 [ROBOT STATUS: Rotating[False] Running[False] Stop[True]] 
1621089376472 [vx:0.0 vy:-0.0 yaw:-1.0195529887] 
1621089376511 [Update odom] 
1621089376538 [ROBOT STATUS: Rotating[False] Running[False] Stop[True]] 
1621089376538 [vx:0.0 vy:-0.0 yaw:-1.0195529887] 
1621089376578 [Update odom] 
1621089376607 [ROBOT STATUS: Rotating[False] Running[False] Stop[True]] 
1621089376607 [vx:0.0 vy:-0.0 yaw:-1.0195529887] 
1621089376647 [Update odom] 
1621089376669 [ROBOT STATUS: Rotating[False] Running[False] Stop[True]] 
1621089376669 [vx:0.0 vy:-0.0 yaw:-1.0195529887] 
1621089376712 [Update odom] 
1621089376737 [ROBOT STATUS: Rotating[False] Running[False] Stop[True]] 
1621089376738 [vx:0.0 vy:-0.0 yaw:-1.0195529887] 
1621089376781 [Update odom] 
1621089376814 [ROBOT STATUS: Rotating[False] Running[False] Stop[True]] 
1621089376814 [vx:0.0 vy:-0.0 yaw:-1.0195529887] 
1621089376859 [Update odom] 
1621089376882 [ROBOT STATUS: Rotating[False] Running[False] Stop[True]] 
1621089376882 [vx:0.0 vy:-0.0 yaw:-1.0195529887] 
1621089376921 [Update odom] 
1621089376945 [ROBOT STATUS: Rotating[False] Running[False] Stop[True]] 
1621089376945 [vx:0.0 vy:-0.0 yaw:-1.0195529887] 
1621089376980 [Update odom] 
1621089376999 [ROBOT STATUS: Rotating[False] Running[False] Stop[True]] 
1621089376999 [vx:0.0 vy:-0.0 yaw:-1.0195529887] 
1621089377048 [Update odom] 
1621089377076 [ROBOT STATUS: Rotating[False] Running[False] Stop[True]] 
1621089377076 [vx:0.0 vy:-0.0 yaw:-1.0195529887] 
1621089377114 [Update odom] 
1621089377135 [ROBOT STATUS: Rotating[False] Running[False] Stop[True]] 
1621089377135 [vx:0.0 vy:-0.0 yaw:-1.0195529887] 
1621089377181 [Update odom] 
1621089377206 [ROBOT STATUS: Rotating[False] Running[False] Stop[True]] 
1621089377206 [vx:0.0 vy:-0.0 yaw:-1.0195529887] 
1621089377248 [Update odom] 
1621089377274 [ROBOT STATUS: Rotating[False] Running[False] Stop[True]] 
1621089377274 [vx:0.0 vy:-0.0 yaw:-1.0195529887] 
1621089377316 [Update odom] 
1621089377340 [ROBOT STATUS: Rotating[False] Running[False] Stop[True]] 
1621089377340 [vx:0.0 vy:-0.0 yaw:-1.0195529887] 
1621089377386 [Update odom] 
1621089377418 [ROBOT STATUS: Rotating[False] Running[False] Stop[True]] 
1621089377418 [vx:0.0 vy:-0.0 yaw:-1.0195529887] 
1621089377464 [Update odom] 
1621089377494 [ROBOT STATUS: Rotating[False] Running[False] Stop[True]] 
1621089377494 [vx:0.0 vy:-0.0 yaw:-1.0195529887] 
1621089377516 [Update odom] 
1621089377538 [ROBOT STATUS: Rotating[False] Running[False] Stop[True]] 
1621089377538 [vx:0.0 vy:-0.0 yaw:-1.0195529887] 
1621089377583 [Update odom] 
1621089377605 [ROBOT STATUS: Rotating[False] Running[False] Stop[True]] 
1621089377605 [vx:0.0 vy:-0.0 yaw:-1.0195529887] 
1621089377650 [Update odom] 
1621089377669 [ROBOT STATUS: Rotating[False] Running[False] Stop[True]] 
1621089377669 [vx:0.0 vy:-0.0 yaw:-1.0195529887] 
1621089377721 [Update odom] 
1621089377755 [ROBOT STATUS: Rotating[False] Running[False] Stop[True]] 
1621089377755 [vx:0.0 vy:-0.0 yaw:-1.0195529887] 
1621089377785 [Update odom] 
1621089377825 [ROBOT STATUS: Rotating[False] Running[False] Stop[True]] 
1621089377825 [vx:0.0 vy:-0.0 yaw:-1.0195529887] 
1621089377851 [Update odom] 
1621089377874 [ROBOT STATUS: Rotating[False] Running[False] Stop[True]] 
1621089377874 [vx:0.0 vy:-0.0 yaw:-1.0195529887] 
1621089377918 [Update odom] 
1621089377948 [ROBOT STATUS: Rotating[False] Running[False] Stop[True]] 
1621089377948 [vx:0.0 vy:-0.0 yaw:-1.0195529887] 
1621089377987 [Update odom] 
1621089378010 [ROBOT STATUS: Rotating[False] Running[False] Stop[True]] 
1621089378010 [vx:0.0 vy:-0.0 yaw:-1.0195529887] 
1621089378052 [Update odom] 
1621089378075 [ROBOT STATUS: Rotating[False] Running[False] Stop[True]] 
1621089378075 [vx:0.0 vy:-0.0 yaw:-1.0195529887] 
1621089378119 [Update odom] 
1621089378138 [ROBOT STATUS: Rotating[False] Running[False] Stop[True]] 
1621089378138 [vx:0.0 vy:-0.0 yaw:-1.0195529887] 
1621089378186 [Update odom] 
1621089378210 [ROBOT STATUS: Rotating[False] Running[False] Stop[True]] 
1621089378210 [vx:0.0 vy:-0.0 yaw:-1.0195529887] 
1621089378253 [Update odom] 
1621089378278 [ROBOT STATUS: Rotating[False] Running[False] Stop[True]] 
1621089378279 [vx:0.0 vy:-0.0 yaw:-1.0195529887] 
1621089378320 [Update odom] 
1621089378337 [ROBOT STATUS: Rotating[False] Running[False] Stop[True]] 
1621089378337 [vx:0.0 vy:-0.0 yaw:-1.0195529887] 
1621089378387 [Update odom] 
1621089378410 [ROBOT STATUS: Rotating[False] Running[False] Stop[True]] 
1621089378410 [vx:0.0 vy:-0.0 yaw:-1.0195529887] 
1621089378454 [Update odom] 
1621089378478 [ROBOT STATUS: Rotating[False] Running[False] Stop[True]] 
1621089378478 [vx:0.0 vy:-0.0 yaw:-1.0195529887] 
1621089378521 [Update odom] 
1621089378549 [ROBOT STATUS: Rotating[False] Running[False] Stop[True]] 
1621089378549 [vx:0.0 vy:-0.0 yaw:-1.0195529887] 
1621089378590 [Update odom] 
1621089378612 [ROBOT STATUS: Rotating[False] Running[False] Stop[True]] 
1621089378612 [vx:0.0 vy:-0.0 yaw:-1.0195529887] 
1621089378655 [Update odom] 
1621089378683 [ROBOT STATUS: Rotating[False] Running[False] Stop[True]] 
1621089378683 [vx:0.0 vy:-0.0 yaw:-1.0195529887] 
1621089378722 [Update odom] 
1621089378743 [ROBOT STATUS: Rotating[False] Running[False] Stop[True]] 
1621089378743 [vx:0.0 vy:-0.0 yaw:-1.0195529887] 
1621089378789 [Update odom] 
1621089378813 [ROBOT STATUS: Rotating[False] Running[False] Stop[True]] 
1621089378813 [vx:0.0 vy:-0.0 yaw:-1.0195529887] 
1621089378856 [Update odom] 
1621089378879 [ROBOT STATUS: Rotating[False] Running[False] Stop[True]] 
1621089378879 [vx:0.0 vy:-0.0 yaw:-1.0195529887] 
1621089378923 [Update odom] 
1621089378945 [ROBOT STATUS: Rotating[False] Running[False] Stop[True]] 
1621089378945 [vx:0.0 vy:-0.0 yaw:-1.0195529887] 
1621089378991 [Update odom] 
1621089379016 [ROBOT STATUS: Rotating[False] Running[False] Stop[True]] 
1621089379016 [vx:0.0 vy:-0.0 yaw:-1.0195529887] 
1621089379057 [Update odom] 
1621089379079 [ROBOT STATUS: Rotating[False] Running[False] Stop[True]] 
1621089379079 [vx:0.0 vy:-0.0 yaw:-1.0195529887] 
1621089379124 [Update odom] 
1621089379143 [ROBOT STATUS: Rotating[False] Running[False] Stop[True]] 
1621089379143 [vx:0.0 vy:-0.0 yaw:-1.0195529887] 
1621089379191 [Update odom] 
1621089379215 [ROBOT STATUS: Rotating[False] Running[False] Stop[True]] 
1621089379215 [vx:0.0 vy:-0.0 yaw:-1.0195529887] 
1621089379258 [Update odom] 
1621089379278 [ROBOT STATUS: Rotating[False] Running[False] Stop[True]] 
1621089379278 [vx:0.0 vy:-0.0 yaw:-1.0195529887] 
1621089379325 [Update odom] 
1621089379341 [ROBOT STATUS: Rotating[False] Running[False] Stop[True]] 
1621089379341 [vx:0.0 vy:-0.0 yaw:-1.0195529887] 
1621089379392 [Update odom] 
1621089379413 [ROBOT STATUS: Rotating[False] Running[False] Stop[True]] 
1621089379413 [vx:0.0 vy:-0.0 yaw:-1.0195529887] 
1621089379459 [Update odom] 
1621089379478 [ROBOT STATUS: Rotating[False] Running[False] Stop[True]] 
1621089379479 [vx:0.0 vy:-0.0 yaw:-1.0195529887] 
1621089379526 [Update odom] 
1621089379549 [ROBOT STATUS: Rotating[False] Running[False] Stop[True]] 
1621089379549 [vx:0.0 vy:-0.0 yaw:-1.0195529887] 
1621089379593 [Update odom] 
1621089379614 [ROBOT STATUS: Rotating[False] Running[False] Stop[True]] 
1621089379614 [vx:0.0 vy:-0.0 yaw:-1.0195529887] 
1621089379662 [Update odom] 
1621089379686 [ROBOT STATUS: Rotating[False] Running[False] Stop[True]] 
1621089379686 [vx:0.0 vy:-0.0 yaw:-1.0195529887] 
1621089379727 [Update odom] 
1621089379750 [ROBOT STATUS: Rotating[False] Running[False] Stop[True]] 
1621089379750 [vx:0.0 vy:-0.0 yaw:-1.0195529887] 
1621089379794 [Update odom] 
1621089379819 [ROBOT STATUS: Rotating[False] Running[False] Stop[True]] 
1621089379819 [vx:0.0 vy:-0.0 yaw:-1.0195529887] 
1621089379862 [Update odom] 
1621089379883 [ROBOT STATUS: Rotating[False] Running[False] Stop[True]] 
1621089379883 [vx:0.0 vy:-0.0 yaw:-1.0195529887] 
1621089379929 [Update odom] 
1621089379948 [ROBOT STATUS: Rotating[False] Running[False] Stop[True]] 
1621089379948 [vx:0.0 vy:-0.0 yaw:-1.0195529887] 
1621089379995 [Update odom] 
1621089380024 [ROBOT STATUS: Rotating[False] Running[False] Stop[True]] 
1621089380024 [vx:0.0 vy:-0.0 yaw:-1.0195529887] 
1621089380062 [Update odom] 
1621089380083 [ROBOT STATUS: Rotating[False] Running[False] Stop[True]] 
1621089380083 [vx:0.0 vy:-0.0 yaw:-1.0195529887] 
1621089380129 [Update odom] 
1621089380149 [ROBOT STATUS: Rotating[False] Running[False] Stop[True]] 
1621089380149 [vx:0.0 vy:-0.0 yaw:-1.0195529887] 
1621089380196 [Update odom] 
1621089380218 [ROBOT STATUS: Rotating[False] Running[False] Stop[True]] 
1621089380218 [vx:0.0 vy:-0.0 yaw:-1.0195529887] 
1621089380264 [Update odom] 
1621089380283 [ROBOT STATUS: Rotating[False] Running[False] Stop[True]] 
1621089380283 [vx:0.0 vy:-0.0 yaw:-1.0195529887] 
1621089380330 [Update odom] 
1621089380353 [ROBOT STATUS: Rotating[False] Running[False] Stop[True]] 
1621089380353 [vx:0.0 vy:-0.0 yaw:-1.0195529887] 
1621089380397 [Update odom] 
1621089380418 [ROBOT STATUS: Rotating[False] Running[False] Stop[True]] 
1621089380418 [vx:0.0 vy:-0.0 yaw:-1.0195529887] 
1621089380464 [Update odom] 
1621089380485 [ROBOT STATUS: Rotating[False] Running[False] Stop[True]] 
1621089380485 [vx:0.0 vy:-0.0 yaw:-1.0195529887] 
1621089380532 [Update odom] 
1621089380560 [ROBOT STATUS: Rotating[False] Running[False] Stop[True]] 
1621089380564 [vx:0.0 vy:-0.0 yaw:-1.0195529887] 
1621089380601 [Update odom] 
1621089380623 [ROBOT STATUS: Rotating[False] Running[False] Stop[True]] 
1621089380623 [vx:0.0 vy:-0.0 yaw:-1.0195529887] 
1621089380665 [Update odom] 
1621089380685 [ROBOT STATUS: Rotating[False] Running[False] Stop[True]] 
1621089380685 [vx:0.0 vy:-0.0 yaw:-1.0195529887] 
1621089380732 [Update odom] 
1621089380757 [ROBOT STATUS: Rotating[False] Running[False] Stop[True]] 
1621089380757 [vx:0.0 vy:-0.0 yaw:-1.0195529887] 
1621089380799 [Update odom] 
1621089380820 [ROBOT STATUS: Rotating[False] Running[False] Stop[True]] 
1621089380820 [vx:0.0 vy:-0.0 yaw:-1.0195529887] 
1621089380866 [Update odom] 
1621089380888 [ROBOT STATUS: Rotating[False] Running[False] Stop[True]] 
1621089380888 [vx:0.0 vy:-0.0 yaw:-1.0195529887] 
1621089380934 [Update odom] 
1621089380953 [ROBOT STATUS: Rotating[False] Running[False] Stop[True]] 
1621089380953 [vx:0.0 vy:-0.0 yaw:-1.0195529887] 
1621089381000 [Update odom] 
1621089381023 [ROBOT STATUS: Rotating[False] Running[False] Stop[True]] 
1621089381023 [vx:0.0 vy:-0.0 yaw:-1.0195529887] 
1621089381067 [Update odom] 
1621089381094 [ROBOT STATUS: Rotating[False] Running[False] Stop[True]] 
1621089381094 [vx:0.0 vy:-0.0 yaw:-1.0195529887] 
1621089381134 [Update odom] 
1621089381157 [ROBOT STATUS: Rotating[False] Running[False] Stop[True]] 
1621089381157 [vx:0.0 vy:-0.0 yaw:-1.0195529887] 
1621089381201 [Update odom] 
1621089381226 [ROBOT STATUS: Rotating[False] Running[False] Stop[True]] 
1621089381227 [vx:0.0 vy:-0.0 yaw:-1.0195529887] 
1621089381268 [Update odom] 
1621089381289 [ROBOT STATUS: Rotating[False] Running[False] Stop[True]] 
1621089381289 [vx:0.0 vy:-0.0 yaw:-1.0195529887] 
1621089381335 [Update odom] 
1621089381358 [ROBOT STATUS: Rotating[False] Running[False] Stop[True]] 
1621089381358 [vx:0.0 vy:-0.0 yaw:-1.0195529887] 
1621089381402 [Update odom] 
1621089381423 [ROBOT STATUS: Rotating[False] Running[False] Stop[True]] 
1621089381423 [vx:0.0 vy:-0.0 yaw:-1.0195529887] 
1621089381469 [Update odom] 
1621089381488 [ROBOT STATUS: Rotating[False] Running[False] Stop[True]] 
1621089381489 [vx:0.0 vy:-0.0 yaw:-1.0195529887] 
1621089381536 [Update odom] 
1621089381558 [ROBOT STATUS: Rotating[False] Running[False] Stop[True]] 
1621089381558 [vx:0.0 vy:-0.0 yaw:-1.0195529887] 
1621089381604 [Update odom] 
1621089381623 [ROBOT STATUS: Rotating[False] Running[False] Stop[True]] 
1621089381623 [vx:0.0 vy:-0.0 yaw:-1.0195529887] 
1621089381670 [Update odom] 
1621089381685 [ROBOT STATUS: Rotating[False] Running[False] Stop[True]] 
1621089381685 [vx:0.0 vy:-0.0 yaw:-1.0195529887] 
1621089381737 [Update odom] 
1621089381758 [ROBOT STATUS: Rotating[False] Running[False] Stop[True]] 
1621089381758 [vx:0.0 vy:-0.0 yaw:-1.0195529887] 
1621089381804 [Update odom] 
1621089381828 [ROBOT STATUS: Rotating[False] Running[False] Stop[True]] 
1621089381828 [vx:0.0 vy:-0.0 yaw:-1.0195529887] 
1621089381871 [Update odom] 
1621089381907 [ROBOT STATUS: Rotating[False] Running[False] Stop[True]] 
1621089381907 [vx:0.0 vy:-0.0 yaw:-1.0195529887] 
1621089381945 [Update odom] 
1621089381968 [ROBOT STATUS: Rotating[False] Running[False] Stop[True]] 
1621089381968 [vx:0.0 vy:-0.0 yaw:-1.0195529887] 
1621089382005 [Update odom] 
1621089382028 [ROBOT STATUS: Rotating[False] Running[False] Stop[True]] 
1621089382029 [vx:0.0 vy:-0.0 yaw:-1.0195529887] 
1621089382072 [Update odom] 
1621089382093 [ROBOT STATUS: Rotating[False] Running[False] Stop[True]] 
1621089382093 [vx:0.0 vy:-0.0 yaw:-1.0195529887] 
1621089382139 [Update odom] 
1621089382158 [ROBOT STATUS: Rotating[False] Running[False] Stop[True]] 
1621089382158 [vx:0.0 vy:-0.0 yaw:-1.0195529887] 
1621089382206 [Update odom] 
1621089382228 [ROBOT STATUS: Rotating[False] Running[False] Stop[True]] 
1621089382228 [vx:0.0 vy:-0.0 yaw:-1.0195529887] 
1621089382273 [Update odom] 
1621089382296 [ROBOT STATUS: Rotating[False] Running[False] Stop[True]] 
1621089382296 [vx:0.0 vy:-0.0 yaw:-1.0195529887] 
1621089382340 [Update odom] 
1621089382365 [ROBOT STATUS: Rotating[False] Running[False] Stop[True]] 
1621089382365 [vx:0.0 vy:-0.0 yaw:-1.0195529887] 
1621089382407 [Update odom] 
1621089382428 [ROBOT STATUS: Rotating[False] Running[False] Stop[True]] 
1621089382428 [vx:0.0 vy:-0.0 yaw:-1.0195529887] 
1621089382474 [Update odom] 
1621089382493 [ROBOT STATUS: Rotating[False] Running[False] Stop[True]] 
1621089382493 [vx:0.0 vy:-0.0 yaw:-1.0195529887] 
1621089382545 [Update odom] 
1621089382563 [ROBOT STATUS: Rotating[False] Running[False] Stop[True]] 
1621089382563 [vx:0.0 vy:-0.0 yaw:-1.0195529887] 
1621089382608 [Update odom] 
1621089382628 [ROBOT STATUS: Rotating[False] Running[False] Stop[True]] 
1621089382628 [vx:0.0 vy:-0.0 yaw:-1.0195529887] 
1621089382675 [Update odom] 
1621089382698 [ROBOT STATUS: Rotating[False] Running[False] Stop[True]] 
1621089382698 [vx:0.0 vy:-0.0 yaw:-1.0195529887] 
1621089382742 [Update odom] 
1621089382763 [ROBOT STATUS: Rotating[False] Running[False] Stop[True]] 
1621089382763 [vx:0.0 vy:-0.0 yaw:-1.0195529887] 
1621089382810 [Update odom] 
1621089382836 [ROBOT STATUS: Rotating[False] Running[False] Stop[True]] 
1621089382836 [vx:0.0 vy:-0.0 yaw:-1.0195529887] 
1621089382892 [Update odom] 
1621089382917 [ROBOT STATUS: Rotating[False] Running[False] Stop[True]] 
1621089382917 [vx:0.0 vy:-0.0 yaw:-1.0195529887] 
1621089382943 [Update odom] 
1621089382964 [ROBOT STATUS: Rotating[False] Running[False] Stop[True]] 
1621089382964 [vx:0.0 vy:-0.0 yaw:-1.0195529887] 
1621089383010 [Update odom] 
1621089383033 [ROBOT STATUS: Rotating[False] Running[False] Stop[True]] 
1621089383033 [vx:0.0 vy:-0.0 yaw:-1.0195529887] 
1621089383077 [Update odom] 
1621089383098 [ROBOT STATUS: Rotating[False] Running[False] Stop[True]] 
1621089383098 [vx:0.0 vy:-0.0 yaw:-1.0195529887] 
1621089383144 [Update odom] 
1621089383165 [ROBOT STATUS: Rotating[False] Running[False] Stop[True]] 
1621089383165 [vx:0.0 vy:-0.0 yaw:-1.0195529887] 
1621089383212 [Update odom] 
1621089383233 [ROBOT STATUS: Rotating[False] Running[False] Stop[True]] 
1621089383233 [vx:0.0 vy:-0.0 yaw:-1.0195529887] 
1621089383278 [Update odom] 
1621089383298 [ROBOT STATUS: Rotating[False] Running[False] Stop[True]] 
1621089383298 [vx:0.0 vy:-0.0 yaw:-1.0195529887] 
1621089383345 [Update odom] 
1621089383369 [ROBOT STATUS: Rotating[False] Running[False] Stop[True]] 
1621089383369 [vx:0.0 vy:-0.0 yaw:-1.0195529887] 
1621089383412 [Update odom] 
1621089383433 [ROBOT STATUS: Rotating[False] Running[False] Stop[True]] 
1621089383433 [vx:0.0 vy:-0.0 yaw:-1.0195529887] 
1621089383488 [Update odom] 
1621089383513 [ROBOT STATUS: Rotating[False] Running[False] Stop[True]] 
1621089383513 [vx:0.0 vy:-0.0 yaw:-1.0195529887] 
1621089383547 [Update odom] 
1621089383569 [ROBOT STATUS: Rotating[False] Running[False] Stop[True]] 
1621089383569 [vx:0.0 vy:-0.0 yaw:-1.0195529887] 
1621089383615 [Update odom] 
1621089383640 [ROBOT STATUS: Rotating[False] Running[False] Stop[True]] 
1621089383640 [vx:0.0 vy:-0.0 yaw:-1.0195529887] 
1621089383680 [Update odom] 
1621089383707 [ROBOT STATUS: Rotating[False] Running[False] Stop[True]] 
1621089383707 [vx:0.0 vy:-0.0 yaw:-1.0195529887] 
1621089383756 [Update odom] 
1621089383783 [ROBOT STATUS: Rotating[False] Running[False] Stop[True]] 
1621089383783 [vx:0.0 vy:-0.0 yaw:-1.0195529887] 
1621089383814 [Update odom] 
1621089383833 [ROBOT STATUS: Rotating[False] Running[False] Stop[True]] 
1621089383833 [vx:0.0 vy:-0.0 yaw:-1.0195529887] 
1621089383881 [Update odom] 
1621089383906 [ROBOT STATUS: Rotating[False] Running[False] Stop[True]] 
1621089383906 [vx:0.0 vy:-0.0 yaw:-1.0195529887] 
1621089383948 [Update odom] 
1621089383968 [ROBOT STATUS: Rotating[False] Running[False] Stop[True]] 
1621089383968 [vx:0.0 vy:-0.0 yaw:-1.0195529887] 
1621089384015 [Update odom] 
1621089384038 [ROBOT STATUS: Rotating[False] Running[False] Stop[True]] 
1621089384038 [vx:0.0 vy:-0.0 yaw:-1.0195529887] 
1621089384082 [Update odom] 
1621089384103 [ROBOT STATUS: Rotating[False] Running[False] Stop[True]] 
1621089384103 [vx:0.0 vy:-0.0 yaw:-1.0195529887] 
1621089384149 [Update odom] 
1621089384173 [ROBOT STATUS: Rotating[False] Running[False] Stop[True]] 
1621089384173 [vx:0.0 vy:-0.0 yaw:-1.0195529887] 
1621089384216 [Update odom] 
1621089384239 [ROBOT STATUS: Rotating[False] Running[False] Stop[True]] 
1621089384239 [vx:0.0 vy:-0.0 yaw:-1.0195529887] 
1621089384283 [Update odom] 
1621089384310 [ROBOT STATUS: Rotating[False] Running[False] Stop[True]] 
1621089384310 [vx:0.0 vy:-0.0 yaw:-1.0195529887] 
1621089384351 [Update odom] 
1621089384385 [ROBOT STATUS: Rotating[False] Running[False] Stop[True]] 
1621089384385 [vx:0.0 vy:-0.0 yaw:-1.0195529887] 
1621089384417 [Update odom] 
1621089384438 [ROBOT STATUS: Rotating[False] Running[False] Stop[True]] 
1621089384438 [vx:0.0 vy:-0.0 yaw:-1.0195529887] 
1621089384484 [Update odom] 
1621089384512 [ROBOT STATUS: Rotating[False] Running[False] Stop[True]] 
1621089384513 [vx:0.0 vy:-0.0 yaw:-1.0195529887] 
1621089384551 [Update odom] 
1621089384572 [ROBOT STATUS: Rotating[False] Running[False] Stop[True]] 
1621089384573 [vx:0.0 vy:-0.0 yaw:-1.0195529887] 
1621089384618 [Update odom] 
1621089384647 [ROBOT STATUS: Rotating[False] Running[False] Stop[True]] 
1621089384647 [vx:0.0 vy:-0.0 yaw:-1.0195529887] 
1621089384685 [Update odom] 
1621089384711 [ROBOT STATUS: Rotating[False] Running[False] Stop[True]] 
1621089384711 [vx:0.0 vy:-0.0 yaw:-1.0195529887] 
1621089384752 [Update odom] 
1621089384774 [ROBOT STATUS: Rotating[False] Running[False] Stop[True]] 
1621089384774 [vx:0.0 vy:-0.0 yaw:-1.0195529887] 
1621089384819 [Update odom] 
1621089384838 [ROBOT STATUS: Rotating[False] Running[False] Stop[True]] 
1621089384838 [vx:0.0 vy:-0.0 yaw:-1.0195529887] 
1621089384886 [Update odom] 
1621089384912 [ROBOT STATUS: Rotating[False] Running[False] Stop[True]] 
1621089384912 [vx:0.0 vy:-0.0 yaw:-1.0195529887] 
1621089384953 [Update odom] 
1621089384978 [ROBOT STATUS: Rotating[False] Running[False] Stop[True]] 
1621089384978 [vx:0.0 vy:-0.0 yaw:-1.0195529887] 
1621089385020 [Update odom] 
1621089385045 [log_latest_command] [[ b y t e a r r a y ( b ' \ x a a \ x f f \ x a 0 \ x 0 2 I \ x 0 f \ x 0 e ' ) ]] 
1621089385070 [ROBOT STATUS: Rotating[False] Running[True] Stop[False]] 
1621089385070 [vx:0.0 vy:-0.0 yaw:-1.0195529887] 
1621089385087 [Update odom] 
1621089385108 [ROBOT STATUS: Rotating[False] Running[True] Stop[False]] 
1621089385108 [vx:0.0 vy:-0.0 yaw:-1.0195529887] 
1621089385155 [Update odom] 
1621089385181 [ROBOT STATUS: Rotating[False] Running[True] Stop[False]] 
1621089385182 [vx:0.0 vy:-0.0 yaw:-1.0195529887] 
1621089385227 [Update odom] 
1621089385250 [ROBOT STATUS: Rotating[False] Running[True] Stop[False]] 
1621089385250 [vx:0.0 vy:-0.0 yaw:-1.0195529887] 
1621089385288 [Update odom] 
1621089385311 [ROBOT STATUS: Rotating[False] Running[True] Stop[False]] 
1621089385312 [vx:0.0 vy:-0.0 yaw:-1.0195529887] 
1621089385355 [Update odom] 
1621089385378 [ROBOT STATUS: Rotating[False] Running[True] Stop[False]] 
1621089385378 [vx:0.0 vy:-0.0 yaw:-1.0195529887] 
1621089385422 [Update odom] 
1621089385456 [ROBOT STATUS: Rotating[False] Running[True] Stop[False]] 
1621089385456 [vx:0.0 vy:-0.0 yaw:-1.0195529887] 
1621089385489 [Update odom] 
1621089385508 [ROBOT STATUS: Rotating[False] Running[True] Stop[False]] 
1621089385508 [vx:0.0 vy:-0.0 yaw:-1.0195529887] 
1621089385556 [Update odom] 
1621089385578 [ROBOT STATUS: Rotating[False] Running[True] Stop[False]] 
1621089385578 [vx:0.0 vy:-0.0 yaw:-1.0195529887] 
1621089385625 [Update odom] 
1621089385642 [ROBOT STATUS: Rotating[False] Running[True] Stop[False]] 
1621089385643 [vx:0.0 vy:-0.0 yaw:-1.0195529887] 
1621089385690 [Update odom] 
1621089385720 [ROBOT STATUS: Rotating[False] Running[True] Stop[False]] 
1621089385720 [vx:0.0 vy:-0.0 yaw:-1.0195529887] 
1621089385757 [Update odom] 
1621089385778 [ROBOT STATUS: Rotating[False] Running[True] Stop[False]] 
1621089385778 [vx:0.0 vy:-0.0 yaw:-1.0195529887] 
1621089385824 [Update odom] 
1621089385844 [ROBOT STATUS: Rotating[False] Running[True] Stop[False]] 
1621089385844 [vx:0.0 vy:-0.0 yaw:-1.0195529887] 
1621089385891 [Update odom] 
1621089385933 [ROBOT STATUS: Rotating[False] Running[True] Stop[False]] 
1621089385933 [vx:0.0 vy:-0.0 yaw:-1.0195529887] 
1621089385958 [Update odom] 
1621089385982 [ROBOT STATUS: Rotating[False] Running[True] Stop[False]] 
1621089385982 [vx:0.0 vy:-0.0 yaw:-1.0195529887] 
1621089386025 [Update odom] 
1621089386054 [ROBOT STATUS: Rotating[False] Running[True] Stop[False]] 
1621089386054 [vx:0.0 vy:-0.0 yaw:-1.0195529887] 
1621089386092 [Update odom] 
1621089386113 [ROBOT STATUS: Rotating[False] Running[True] Stop[False]] 
1621089386113 [vx:0.0 vy:-0.0 yaw:-1.0195529887] 
1621089386159 [Update odom] 
1621089386194 [ROBOT STATUS: Rotating[False] Running[True] Stop[False]] 
1621089386195 [vx:0.0 vy:-0.0 yaw:-1.0195529887] 
1621089386229 [Update odom] 
1621089386259 [ROBOT STATUS: Rotating[False] Running[True] Stop[False]] 
1621089386259 [vx:0.0 vy:-0.0 yaw:-1.0195529887] 
1621089386316 [log_latest_command] [[ b y t e a r r a y ( b ' \ x a a \ x f f \ x a 0 \ x 0 2 I \ x 0 f \ x 0 e ' ) ]] 
1621089386329 [Update odom] 
1621089386359 [ROBOT STATUS: Rotating[False] Running[False] Stop[True]] 
1621089386359 [vx:0.0 vy:-0.0 yaw:-1.0195529887] 
1621089386360 [Update odom] 
1621089386384 [ROBOT STATUS: Rotating[False] Running[False] Stop[True]] 
1621089386384 [vx:0.0 vy:-0.0 yaw:-1.0195529887] 
1621089386428 [Update odom] 
1621089386448 [ROBOT STATUS: Rotating[False] Running[False] Stop[True]] 
1621089386448 [vx:0.0 vy:-0.0 yaw:-1.0195529887] 
1621089386495 [Update odom] 
1621089386513 [ROBOT STATUS: Rotating[False] Running[False] Stop[True]] 
1621089386513 [vx:0.0 vy:-0.0 yaw:-1.0195529887] 
1621089386562 [Update odom] 
1621089386577 [ROBOT STATUS: Rotating[False] Running[False] Stop[True]] 
1621089386577 [vx:0.0 vy:-0.0 yaw:-1.0195529887] 
1621089386628 [Update odom] 
1621089386648 [ROBOT STATUS: Rotating[False] Running[False] Stop[True]] 
1621089386648 [vx:0.0 vy:-0.0 yaw:-1.0195529887] 
1621089386695 [Update odom] 
1621089386732 [ROBOT STATUS: Rotating[False] Running[False] Stop[True]] 
1621089386732 [vx:0.0 vy:-0.0 yaw:-1.0195529887] 
1621089386762 [Update odom] 
1621089386791 [ROBOT STATUS: Rotating[False] Running[False] Stop[True]] 
1621089386791 [vx:0.0 vy:-0.0 yaw:-1.0195529887] 
1621089386829 [Update odom] 
1621089386850 [ROBOT STATUS: Rotating[False] Running[False] Stop[True]] 
1621089386850 [vx:0.0 vy:-0.0 yaw:-1.0195529887] 
1621089386896 [Update odom] 
1621089386913 [ROBOT STATUS: Rotating[False] Running[False] Stop[True]] 
1621089386913 [vx:0.0 vy:-0.0 yaw:-1.0195529887] 
1621089386964 [Update odom] 
1621089386984 [ROBOT STATUS: Rotating[False] Running[False] Stop[True]] 
1621089386984 [vx:0.0 vy:-0.0 yaw:-1.0195529887] 
1621089387030 [Update odom] 
1621089387044 [ROBOT STATUS: Rotating[False] Running[False] Stop[True]] 
1621089387044 [vx:0.0 vy:-0.0 yaw:-1.0195529887] 
1621089387097 [Update odom] 
1621089387115 [ROBOT STATUS: Rotating[False] Running[False] Stop[True]] 
1621089387115 [vx:0.0 vy:-0.0 yaw:-1.0195529887] 
1621089387164 [Update odom] 
1621089387189 [ROBOT STATUS: Rotating[False] Running[False] Stop[True]] 
1621089387189 [vx:0.0 vy:-0.0 yaw:-1.0195529887] 
1621089387231 [Update odom] 
1621089387250 [ROBOT STATUS: Rotating[False] Running[False] Stop[True]] 
1621089387250 [vx:0.0 vy:-0.0 yaw:-1.0195529887] 
1621089387298 [Update odom] 
1621089387314 [ROBOT STATUS: Rotating[False] Running[False] Stop[True]] 
1621089387314 [vx:0.0 vy:-0.0 yaw:-1.0195529887] 
1621089387366 [Update odom] 
1621089387384 [ROBOT STATUS: Rotating[False] Running[False] Stop[True]] 
1621089387385 [vx:0.0 vy:-0.0 yaw:-1.0195529887] 
1621089387432 [Update odom] 
1621089387450 [ROBOT STATUS: Rotating[False] Running[False] Stop[True]] 
1621089387450 [vx:0.0 vy:-0.0 yaw:-1.0195529887] 
1621089387499 [Update odom] 
1621089387530 [ROBOT STATUS: Rotating[False] Running[False] Stop[True]] 
1621089387530 [vx:0.0 vy:-0.0 yaw:-1.0195529887] 
1621089387566 [Update odom] 
1621089387598 [log_latest_command] [[ b y t e a r r a y ( b ' \ x a a \ x f f \ x a 0 \ x 0 2 I \ x 0 f \ x 0 e ' ) ]] 
1621089387610 [ROBOT STATUS: Rotating[False] Running[True] Stop[False]] 
1621089387610 [vx:0.0 vy:-0.0 yaw:-1.0195529887] 
1621089387634 [Update odom] 
1621089387669 [ROBOT STATUS: Rotating[False] Running[True] Stop[False]] 
1621089387669 [vx:0.0 vy:-0.0 yaw:-1.0195529887] 
1621089387700 [Update odom] 
1621089387721 [ROBOT STATUS: Rotating[False] Running[True] Stop[False]] 
1621089387721 [vx:0.0 vy:-0.0 yaw:-1.0195529887] 
1621089387768 [Update odom] 
1621089387784 [ROBOT STATUS: Rotating[False] Running[True] Stop[False]] 
1621089387784 [vx:0.0 vy:-0.0 yaw:-1.0195529887] 
1621089387834 [Update odom] 
1621089387854 [ROBOT STATUS: Rotating[False] Running[True] Stop[False]] 
1621089387854 [vx:0.0 vy:-0.0 yaw:-1.0195529887] 
1621089387908 [Update odom] 
1621089387928 [ROBOT STATUS: Rotating[False] Running[True] Stop[False]] 
1621089387928 [vx:0.0 vy:-0.0 yaw:-1.0195529887] 
1621089387968 [Update odom] 
1621089387990 [ROBOT STATUS: Rotating[False] Running[True] Stop[False]] 
1621089387990 [vx:0.0 vy:-0.0 yaw:-1.0195529887] 
1621089388035 [Update odom] 
1621089388053 [ROBOT STATUS: Rotating[False] Running[True] Stop[False]] 
1621089388053 [vx:0.0 vy:-0.0 yaw:-1.0195529887] 
1621089388102 [Update odom] 
1621089388117 [ROBOT STATUS: Rotating[False] Running[True] Stop[False]] 
1621089388117 [vx:0.0 vy:-0.0 yaw:-1.0195529887] 
1621089388169 [Update odom] 
1621089388186 [ROBOT STATUS: Rotating[False] Running[True] Stop[False]] 
1621089388186 [vx:0.0 vy:-0.0 yaw:-1.0195529887] 
1621089388236 [Update odom] 
1621089388253 [ROBOT STATUS: Rotating[False] Running[True] Stop[False]] 
1621089388253 [vx:0.0 vy:-0.0 yaw:-1.0195529887] 
1621089388303 [Update odom] 
1621089388324 [ROBOT STATUS: Rotating[False] Running[True] Stop[False]] 
1621089388324 [vx:0.0 vy:-0.0 yaw:-1.0195529887] 
1621089388370 [Update odom] 
1621089388385 [ROBOT STATUS: Rotating[False] Running[True] Stop[False]] 
1621089388385 [vx:0.0 vy:-0.0 yaw:-1.0195529887] 
1621089388437 [Update odom] 
1621089388459 [ROBOT STATUS: Rotating[False] Running[True] Stop[False]] 
1621089388459 [vx:0.0 vy:-0.0 yaw:-1.0195529887] 
1621089388504 [Update odom] 
1621089388524 [ROBOT STATUS: Rotating[False] Running[True] Stop[False]] 
1621089388524 [vx:0.0 vy:-0.0 yaw:-1.0195529887] 
1621089388571 [Update odom] 
1621089388590 [ROBOT STATUS: Rotating[False] Running[True] Stop[False]] 
1621089388590 [vx:0.0 vy:-0.0 yaw:-1.0195529887] 
1621089388638 [Update odom] 
1621089388654 [ROBOT STATUS: Rotating[False] Running[True] Stop[False]] 
1621089388654 [vx:0.0 vy:-0.0 yaw:-1.0195529887] 
1621089388705 [Update odom] 
1621089388726 [ROBOT STATUS: Rotating[False] Running[True] Stop[False]] 
1621089388726 [vx:0.0 vy:-0.0 yaw:-1.0195529887] 
1621089388772 [Update odom] 
1621089388789 [ROBOT STATUS: Rotating[False] Running[True] Stop[False]] 
1621089388789 [vx:0.0 vy:-0.0 yaw:-1.0195529887] 
1621089388839 [Update odom] 
1621089388863 [ROBOT STATUS: Rotating[False] Running[True] Stop[False]] 
1621089388863 [vx:0.0 vy:-0.0 yaw:-1.0195529887] 
1621089388906 [Update odom] 
1621089388921 [ROBOT STATUS: Rotating[False] Running[True] Stop[False]] 
1621089388921 [vx:0.0 vy:-0.0 yaw:-1.0195529887] 
1621089388973 [Update odom] 
1621089388989 [ROBOT STATUS: Rotating[False] Running[True] Stop[False]] 
1621089388989 [vx:0.0 vy:-0.0 yaw:-1.0195529887] 
1621089389040 [Update odom] 
1621089389057 [ROBOT STATUS: Rotating[False] Running[True] Stop[False]] 
1621089389057 [vx:0.0 vy:-0.0 yaw:-1.0195529887] 
1621089389107 [Update odom] 
1621089389126 [ROBOT STATUS: Rotating[False] Running[True] Stop[False]] 
1621089389126 [vx:0.0 vy:-0.0 yaw:-1.0195529887] 
1621089389175 [Update odom] 
1621089389191 [ROBOT STATUS: Rotating[False] Running[True] Stop[False]] 
1621089389191 [vx:0.0 vy:-0.0 yaw:-1.0195529887] 
1621089389241 [Update odom] 
1621089389259 [ROBOT STATUS: Rotating[False] Running[True] Stop[False]] 
1621089389259 [vx:0.0 vy:-0.0 yaw:-1.0195529887] 
1621089389308 [Update odom] 
1621089389332 [ROBOT STATUS: Rotating[False] Running[True] Stop[False]] 
1621089389332 [vx:0.0 vy:-0.0 yaw:-1.0195529887] 
1621089389376 [Update odom] 
1621089389398 [ROBOT STATUS: Rotating[False] Running[True] Stop[False]] 
1621089389398 [vx:0.0 vy:-0.0 yaw:-1.0195529887] 
1621089389442 [Update odom] 
1621089389457 [ROBOT STATUS: Rotating[False] Running[True] Stop[False]] 
1621089389457 [vx:0.0 vy:-0.0 yaw:-1.0195529887] 
1621089389509 [Update odom] 
1621089389524 [ROBOT STATUS: Rotating[False] Running[True] Stop[False]] 
1621089389524 [vx:0.0 vy:-0.0 yaw:-1.0195529887] 
1621089389576 [Update odom] 
1621089389593 [ROBOT STATUS: Rotating[False] Running[True] Stop[False]] 
1621089389593 [vx:0.0 vy:-0.0 yaw:-1.0195529887] 
1621089389643 [Update odom] 
1621089389662 [ROBOT STATUS: Rotating[False] Running[True] Stop[False]] 
1621089389662 [vx:0.0 vy:-0.0 yaw:-1.0195529887] 
1621089389710 [Update odom] 
1621089389730 [ROBOT STATUS: Rotating[False] Running[True] Stop[False]] 
1621089389730 [vx:0.0 vy:-0.0 yaw:-1.0195529887] 
1621089389778 [Update odom] 
1621089389795 [ROBOT STATUS: Rotating[False] Running[True] Stop[False]] 
1621089389795 [vx:0.0 vy:-0.0 yaw:-1.0195529887] 
1621089389844 [Update odom] 
1621089389871 [ROBOT STATUS: Rotating[False] Running[True] Stop[False]] 
1621089389871 [vx:0.0 vy:-0.0 yaw:-1.0195529887] 
1621089389911 [Update odom] 
1621089389929 [ROBOT STATUS: Rotating[False] Running[True] Stop[False]] 
1621089389930 [vx:0.0 vy:-0.0 yaw:-1.0195529887] 
1621089389978 [Update odom] 
1621089389997 [ROBOT STATUS: Rotating[False] Running[True] Stop[False]] 
1621089389997 [vx:0.0 vy:-0.0 yaw:-1.0195529887] 
1621089390045 [Update odom] 
1621089390069 [ROBOT STATUS: Rotating[False] Running[True] Stop[False]] 
1621089390069 [vx:0.0 vy:-0.0 yaw:-1.0195529887] 
1621089390113 [Update odom] 
1621089390130 [ROBOT STATUS: Rotating[False] Running[True] Stop[False]] 
1621089390130 [vx:0.0 vy:-0.0 yaw:-1.0195529887] 
1621089390180 [Update odom] 
1621089390205 [ROBOT STATUS: Rotating[False] Running[True] Stop[False]] 
1621089390205 [vx:0.0 vy:-0.0 yaw:-1.0195529887] 
1621089390246 [Update odom] 
1621089390263 [ROBOT STATUS: Rotating[False] Running[True] Stop[False]] 
1621089390263 [vx:0.0 vy:-0.0 yaw:-1.0195529887] 
1621089390315 [Update odom] 
1621089390330 [ROBOT STATUS: Rotating[False] Running[True] Stop[False]] 
1621089390330 [vx:0.0 vy:-0.0 yaw:-1.0195529887] 
1621089390382 [Update odom] 
1621089390397 [ROBOT STATUS: Rotating[False] Running[True] Stop[False]] 
1621089390397 [vx:0.0 vy:-0.0 yaw:-1.0195529887] 
1621089390447 [Update odom] 
1621089390470 [ROBOT STATUS: Rotating[False] Running[True] Stop[False]] 
1621089390470 [vx:0.0 vy:-0.0 yaw:-1.0195529887] 
1621089390515 [Update odom] 
1621089390533 [ROBOT STATUS: Rotating[False] Running[True] Stop[False]] 
1621089390533 [vx:0.0 vy:-0.0 yaw:-1.0195529887] 
1621089390581 [Update odom] 
1621089390602 [ROBOT STATUS: Rotating[False] Running[True] Stop[False]] 
1621089390602 [vx:0.0 vy:-0.0 yaw:-1.0195529887] 
1621089390652 [Update odom] 
1621089390676 [ROBOT STATUS: Rotating[False] Running[True] Stop[False]] 
1621089390676 [vx:0.0 vy:-0.0 yaw:-1.0195529887] 
1621089390715 [Update odom] 
1621089390724 [ROBOT STATUS: Rotating[False] Running[True] Stop[False]] 
1621089390724 [vx:0.0 vy:-0.0 yaw:-1.0195529887] 
1621089390782 [Update odom] 
1621089390797 [ROBOT STATUS: Rotating[False] Running[True] Stop[False]] 
1621089390797 [vx:0.0 vy:-0.0 yaw:-1.0195529887] 
1621089390849 [Update odom] 
1621089390870 [ROBOT STATUS: Rotating[False] Running[True] Stop[False]] 
1621089390870 [vx:0.0 vy:-0.0 yaw:-1.0195529887] 
1621089390916 [Update odom] 
1621089390945 [ROBOT STATUS: Rotating[False] Running[True] Stop[False]] 
1621089390945 [vx:0.0 vy:-0.0 yaw:-1.0195529887] 
1621089390983 [Update odom] 
1621089391003 [ROBOT STATUS: Rotating[False] Running[True] Stop[False]] 
1621089391003 [vx:0.0 vy:-0.0 yaw:-1.0195529887] 
1621089391051 [Update odom] 
1621089391067 [ROBOT STATUS: Rotating[False] Running[True] Stop[False]] 
1621089391067 [vx:0.0 vy:-0.0 yaw:-1.0195529887] 
1621089391117 [Update odom] 
1621089391137 [ROBOT STATUS: Rotating[False] Running[True] Stop[False]] 
1621089391137 [vx:0.0 vy:-0.0 yaw:-1.0195529887] 
1621089391184 [Update odom] 
1621089391225 [ROBOT STATUS: Rotating[False] Running[True] Stop[False]] 
1621089391225 [vx:0.0 vy:-0.0 yaw:-1.0195529887] 
1621089391252 [Update odom] 
1621089391277 [ROBOT STATUS: Rotating[False] Running[True] Stop[False]] 
1621089391277 [vx:0.0 vy:-0.0 yaw:-1.0195529887] 
1621089391318 [Update odom] 
1621089391333 [ROBOT STATUS: Rotating[False] Running[True] Stop[False]] 
1621089391333 [vx:0.0 vy:-0.0 yaw:-1.0195529887] 
1621089391385 [Update odom] 
1621089391415 [ROBOT STATUS: Rotating[False] Running[True] Stop[False]] 
1621089391415 [vx:0.0 vy:-0.0 yaw:-1.0195529887] 
1621089391453 [Update odom] 
1621089391470 [ROBOT STATUS: Rotating[False] Running[True] Stop[False]] 
1621089391470 [vx:0.0 vy:-0.0 yaw:-1.0195529887] 
1621089391519 [Update odom] 
1621089391545 [ROBOT STATUS: Rotating[False] Running[True] Stop[False]] 
1621089391545 [vx:0.0 vy:-0.0 yaw:-1.0195529887] 
1621089391587 [Update odom] 
1621089391600 [ROBOT STATUS: Rotating[False] Running[True] Stop[False]] 
1621089391601 [vx:0.0 vy:-0.0 yaw:-1.0195529887] 
1621089391653 [Update odom] 
1621089391684 [ROBOT STATUS: Rotating[False] Running[True] Stop[False]] 
1621089391684 [vx:0.0 vy:-0.0 yaw:-1.0195529887] 
1621089391720 [Update odom] 
1621089391740 [ROBOT STATUS: Rotating[False] Running[True] Stop[False]] 
1621089391741 [vx:0.0 vy:-0.0 yaw:-1.0195529887] 
1621089391788 [Update odom] 
1621089391808 [ROBOT STATUS: Rotating[False] Running[True] Stop[False]] 
1621089391808 [vx:0.0 vy:-0.0 yaw:-1.0195529887] 
1621089391855 [Update odom] 
1621089391883 [ROBOT STATUS: Rotating[False] Running[True] Stop[False]] 
1621089391883 [vx:0.0 vy:-0.0 yaw:-1.0195529887] 
1621089391921 [Update odom] 
1621089391939 [ROBOT STATUS: Rotating[False] Running[True] Stop[False]] 
1621089391939 [vx:0.0 vy:-0.0 yaw:-1.0195529887] 
1621089391988 [Update odom] 
1621089392009 [ROBOT STATUS: Rotating[False] Running[True] Stop[False]] 
1621089392009 [vx:0.0 vy:-0.0 yaw:-1.0195529887] 
1621089392055 [Update odom] 
1621089392079 [ROBOT STATUS: Rotating[False] Running[True] Stop[False]] 
1621089392079 [vx:0.0 vy:-0.0 yaw:-1.0195529887] 
1621089392123 [Update odom] 
1621089392137 [ROBOT STATUS: Rotating[False] Running[True] Stop[False]] 
1621089392137 [vx:0.0 vy:-0.0 yaw:-1.0195529887] 
1621089392191 [Update odom] 
1621089392205 [ROBOT STATUS: Rotating[False] Running[True] Stop[False]] 
1621089392205 [vx:0.0 vy:-0.0 yaw:-1.0195529887] 
1621089392256 [Update odom] 
1621089392284 [ROBOT STATUS: Rotating[False] Running[True] Stop[False]] 
1621089392284 [vx:0.0 vy:-0.0 yaw:-1.0195529887] 
1621089392323 [Update odom] 
1621089392342 [ROBOT STATUS: Rotating[False] Running[True] Stop[False]] 
1621089392342 [vx:0.0 vy:-0.0 yaw:-1.0195529887] 
1621089392390 [Update odom] 
1621089392406 [ROBOT STATUS: Rotating[False] Running[True] Stop[False]] 
1621089392406 [vx:0.0 vy:-0.0 yaw:-1.0195529887] 
1621089392457 [Update odom] 
1621089392484 [ROBOT STATUS: Rotating[False] Running[True] Stop[False]] 
1621089392484 [vx:0.0 vy:-0.0 yaw:-1.0195529887] 
1621089392525 [Update odom] 
1621089392543 [ROBOT STATUS: Rotating[False] Running[True] Stop[False]] 
1621089392543 [vx:0.0 vy:-0.0 yaw:-1.0195529887] 
1621089392591 [Update odom] 
1621089392615 [ROBOT STATUS: Rotating[False] Running[True] Stop[False]] 
1621089392615 [vx:0.0 vy:-0.0 yaw:-1.0195529887] 
1621089392658 [Update odom] 
1621089392677 [ROBOT STATUS: Rotating[False] Running[True] Stop[False]] 
1621089392677 [vx:0.0 vy:-0.0 yaw:-1.0195529887] 
1621089392726 [Update odom] 
1621089392752 [ROBOT STATUS: Rotating[False] Running[True] Stop[False]] 
1621089392752 [vx:0.0 vy:-0.0 yaw:-1.0195529887] 
1621089392792 [Update odom] 
1621089392813 [ROBOT STATUS: Rotating[False] Running[True] Stop[False]] 
1621089392813 [vx:0.0 vy:-0.0 yaw:-1.0195529887] 
1621089392859 [Update odom] 
1621089392878 [ROBOT STATUS: Rotating[False] Running[True] Stop[False]] 
1621089392878 [vx:0.0 vy:-0.0 yaw:-1.0195529887] 
1621089392926 [Update odom] 
1621089392941 [ROBOT STATUS: Rotating[False] Running[True] Stop[False]] 
1621089392941 [vx:0.0 vy:-0.0 yaw:-1.0195529887] 
1621089392993 [Update odom] 
1621089393015 [ROBOT STATUS: Rotating[False] Running[True] Stop[False]] 
1621089393015 [vx:0.0 vy:-0.0 yaw:-1.0195529887] 
1621089393061 [Update odom] 
1621089393078 [ROBOT STATUS: Rotating[False] Running[True] Stop[False]] 
1621089393078 [vx:0.0 vy:-0.0 yaw:-1.0195529887] 
1621089393127 [Update odom] 
1621089393147 [ROBOT STATUS: Rotating[False] Running[True] Stop[False]] 
1621089393147 [vx:0.0 vy:-0.0 yaw:-1.0195529887] 
1621089393194 [Update odom] 
1621089393209 [ROBOT STATUS: Rotating[False] Running[True] Stop[False]] 
1621089393209 [vx:0.0 vy:-0.0 yaw:-1.0195529887] 
1621089393261 [Update odom] 
1621089393279 [ROBOT STATUS: Rotating[False] Running[True] Stop[False]] 
1621089393279 [vx:0.0 vy:-0.0 yaw:-1.0195529887] 
1621089393328 [Update odom] 
1621089393362 [ROBOT STATUS: Rotating[False] Running[True] Stop[False]] 
1621089393362 [vx:0.0 vy:-0.0 yaw:-1.0195529887] 
1621089393395 [Update odom] 
1621089393417 [ROBOT STATUS: Rotating[False] Running[True] Stop[False]] 
1621089393417 [vx:0.0 vy:-0.0 yaw:-1.0195529887] 
1621089393463 [Update odom] 
1621089393477 [ROBOT STATUS: Rotating[False] Running[True] Stop[False]] 
1621089393477 [vx:0.0 vy:-0.0 yaw:-1.0195529887] 
1621089393529 [Update odom] 
1621089393551 [ROBOT STATUS: Rotating[False] Running[True] Stop[False]] 
1621089393551 [vx:0.0 vy:-0.0 yaw:-1.0195529887] 
1621089393597 [Update odom] 
1621089393618 [ROBOT STATUS: Rotating[False] Running[True] Stop[False]] 
1621089393618 [vx:0.0 vy:-0.0 yaw:-1.0195529887] 
1621089393663 [Update odom] 
1621089393683 [ROBOT STATUS: Rotating[False] Running[True] Stop[False]] 
1621089393683 [vx:0.0 vy:-0.0 yaw:-1.0195529887] 
1621089393730 [Update odom] 
1621089393751 [ROBOT STATUS: Rotating[False] Running[True] Stop[False]] 
1621089393751 [vx:0.0 vy:-0.0 yaw:-1.0195529887] 
1621089393797 [Update odom] 
1621089393829 [ROBOT STATUS: Rotating[False] Running[True] Stop[False]] 
1621089393829 [vx:0.0 vy:-0.0 yaw:-1.0195529887] 
1621089393864 [Update odom] 
1621089393897 [ROBOT STATUS: Rotating[False] Running[True] Stop[False]] 
1621089393897 [vx:0.0 vy:-0.0 yaw:-1.0195529887] 
1621089393931 [Update odom] 
1621089393955 [ROBOT STATUS: Rotating[False] Running[True] Stop[False]] 
1621089393955 [vx:0.0 vy:-0.0 yaw:-1.0195529887] 
1621089393998 [Update odom] 
1621089394013 [ROBOT STATUS: Rotating[False] Running[True] Stop[False]] 
1621089394013 [vx:0.0 vy:-0.0 yaw:-1.0195529887] 
1621089394066 [Update odom] 
1621089394086 [ROBOT STATUS: Rotating[False] Running[True] Stop[False]] 
1621089394086 [vx:0.0 vy:-0.0 yaw:-1.0195529887] 
1621089394133 [Update odom] 
1621089394153 [ROBOT STATUS: Rotating[False] Running[True] Stop[False]] 
1621089394153 [vx:0.0 vy:-0.0 yaw:-1.0195529887] 
1621089394199 [Update odom] 
1621089394219 [ROBOT STATUS: Rotating[False] Running[True] Stop[False]] 
1621089394219 [vx:0.0 vy:-0.0 yaw:-1.0195529887] 
1621089394267 [Update odom] 
1621089394281 [ROBOT STATUS: Rotating[False] Running[True] Stop[False]] 
1621089394281 [vx:0.0 vy:-0.0 yaw:-1.0195529887] 
1621089394334 [Update odom] 
1621089394349 [ROBOT STATUS: Rotating[False] Running[True] Stop[False]] 
1621089394349 [vx:0.0 vy:-0.0 yaw:-1.0195529887] 
1621089394400 [Update odom] 
1621089394433 [ROBOT STATUS: Rotating[False] Running[True] Stop[False]] 
1621089394433 [vx:0.0 vy:-0.0 yaw:-1.0195529887] 
1621089394467 [Update odom] 
1621089394486 [ROBOT STATUS: Rotating[False] Running[True] Stop[False]] 
1621089394486 [vx:0.0 vy:-0.0 yaw:-1.0195529887] 
1621089394534 [Update odom] 
1621089394553 [ROBOT STATUS: Rotating[False] Running[True] Stop[False]] 
1621089394553 [vx:0.0 vy:-0.0 yaw:-1.0195529887] 
1621089394601 [Update odom] 
1621089394618 [ROBOT STATUS: Rotating[False] Running[True] Stop[False]] 
1621089394618 [vx:0.0 vy:-0.0 yaw:-1.0195529887] 
1621089394668 [Update odom] 
1621089394685 [ROBOT STATUS: Rotating[False] Running[True] Stop[False]] 
1621089394685 [vx:0.0 vy:-0.0 yaw:-1.0195529887] 
1621089394736 [Update odom] 
1621089394762 [ROBOT STATUS: Rotating[False] Running[True] Stop[False]] 
1621089394762 [vx:0.0 vy:-0.0 yaw:-1.0195529887] 
1621089394802 [Update odom] 
1621089394816 [ROBOT STATUS: Rotating[False] Running[True] Stop[False]] 
1621089394817 [vx:0.0 vy:-0.0 yaw:-1.0195529887] 
1621089394872 [Update odom] 
1621089394891 [ROBOT STATUS: Rotating[False] Running[True] Stop[False]] 
1621089394891 [vx:0.0 vy:-0.0 yaw:-1.0195529887] 
1621089394936 [Update odom] 
1621089394959 [ROBOT STATUS: Rotating[False] Running[True] Stop[False]] 
1621089394959 [vx:0.0 vy:-0.0 yaw:-1.0195529887] 
1621089395003 [Update odom] 
1621089395023 [ROBOT STATUS: Rotating[False] Running[True] Stop[False]] 
1621089395023 [vx:0.0 vy:-0.0 yaw:-1.0195529887] 
1621089395070 [Update odom] 
1621089395087 [ROBOT STATUS: Rotating[False] Running[True] Stop[False]] 
1621089395087 [vx:0.0 vy:-0.0 yaw:-1.0195529887] 
1621089395137 [Update odom] 
1621089395159 [ROBOT STATUS: Rotating[False] Running[True] Stop[False]] 
1621089395159 [vx:0.0 vy:-0.0 yaw:-1.0195529887] 
1621089395204 [Update odom] 
1621089395228 [ROBOT STATUS: Rotating[False] Running[True] Stop[False]] 
1621089395228 [vx:0.0 vy:-0.0 yaw:-1.0195529887] 
1621089395271 [Update odom] 
1621089395292 [ROBOT STATUS: Rotating[False] Running[True] Stop[False]] 
1621089395292 [vx:0.0 vy:-0.0 yaw:-1.0195529887] 
1621089395338 [Update odom] 
1621089395372 [ROBOT STATUS: Rotating[False] Running[True] Stop[False]] 
1621089395372 [vx:0.0 vy:-0.0 yaw:-1.0195529887] 
1621089395406 [Update odom] 
1621089395426 [ROBOT STATUS: Rotating[False] Running[True] Stop[False]] 
1621089395426 [vx:0.0 vy:-0.0 yaw:-1.0195529887] 
1621089395472 [Update odom] 
1621089395491 [ROBOT STATUS: Rotating[False] Running[True] Stop[False]] 
1621089395491 [vx:0.0 vy:-0.0 yaw:-1.0195529887] 
1621089395539 [Update odom] 
1621089395560 [ROBOT STATUS: Rotating[False] Running[True] Stop[False]] 
1621089395560 [vx:0.0 vy:-0.0 yaw:-1.0195529887] 
1621089395606 [Update odom] 
1621089395625 [ROBOT STATUS: Rotating[False] Running[True] Stop[False]] 
1621089395625 [vx:0.0 vy:-0.0 yaw:-1.0195529887] 
1621089395673 [Update odom] 
1621089395690 [ROBOT STATUS: Rotating[False] Running[True] Stop[False]] 
1621089395690 [vx:0.0 vy:-0.0 yaw:-1.0195529887] 
1621089395740 [Update odom] 
1621089395757 [ROBOT STATUS: Rotating[False] Running[True] Stop[False]] 
1621089395757 [vx:0.0 vy:-0.0 yaw:-1.0195529887] 
1621089395807 [Update odom] 
1621089395834 [ROBOT STATUS: Rotating[False] Running[True] Stop[False]] 
1621089395834 [vx:0.0 vy:-0.0 yaw:-1.0195529887] 
1621089395875 [Update odom] 
1621089395892 [ROBOT STATUS: Rotating[False] Running[True] Stop[False]] 
1621089395892 [vx:0.0 vy:-0.0 yaw:-1.0195529887] 
1621089395942 [Update odom] 
1621089395957 [ROBOT STATUS: Rotating[False] Running[True] Stop[False]] 
1621089395957 [vx:0.0 vy:-0.0 yaw:-1.0195529887] 
1621089396009 [Update odom] 
1621089396032 [ROBOT STATUS: Rotating[False] Running[True] Stop[False]] 
1621089396032 [vx:0.0 vy:-0.0 yaw:-1.0195529887] 
1621089396075 [Update odom] 
1621089396095 [ROBOT STATUS: Rotating[False] Running[True] Stop[False]] 
1621089396095 [vx:0.0 vy:-0.0 yaw:-1.0195529887] 
1621089396142 [Update odom] 
1621089396164 [ROBOT STATUS: Rotating[False] Running[True] Stop[False]] 
1621089396164 [vx:0.0 vy:-0.0 yaw:-1.0195529887] 
1621089396209 [Update odom] 
1621089396227 [ROBOT STATUS: Rotating[False] Running[True] Stop[False]] 
1621089396228 [vx:0.0 vy:-0.0 yaw:-1.0195529887] 
1621089396276 [Update odom] 
1621089396298 [ROBOT STATUS: Rotating[False] Running[True] Stop[False]] 
1621089396298 [vx:0.0 vy:-0.0 yaw:-1.0195529887] 
1621089396343 [Update odom] 
1621089396365 [ROBOT STATUS: Rotating[False] Running[True] Stop[False]] 
1621089396365 [vx:0.0 vy:-0.0 yaw:-1.0195529887] 
1621089396411 [Update odom] 
1621089396433 [ROBOT STATUS: Rotating[False] Running[True] Stop[False]] 
1621089396433 [vx:0.0 vy:-0.0 yaw:-1.0195529887] 
1621089396478 [Update odom] 
1621089396499 [ROBOT STATUS: Rotating[False] Running[True] Stop[False]] 
1621089396499 [vx:0.0 vy:-0.0 yaw:-1.0195529887] 
1621089396545 [Update odom] 
1621089396564 [ROBOT STATUS: Rotating[False] Running[True] Stop[False]] 
1621089396564 [vx:0.0 vy:-0.0 yaw:-1.0195529887] 
1621089396612 [Update odom] 
1621089396635 [ROBOT STATUS: Rotating[False] Running[True] Stop[False]] 
1621089396635 [vx:0.0 vy:-0.0 yaw:-1.0195529887] 
1621089396678 [Update odom] 
1621089396697 [ROBOT STATUS: Rotating[False] Running[True] Stop[False]] 
1621089396697 [vx:0.0 vy:-0.0 yaw:-1.0195529887] 
1621089396745 [Update odom] 
1621089396766 [ROBOT STATUS: Rotating[False] Running[True] Stop[False]] 
1621089396766 [vx:0.0 vy:-0.0 yaw:-1.0195529887] 
1621089396814 [Update odom] 
1621089396829 [ROBOT STATUS: Rotating[False] Running[True] Stop[False]] 
1621089396829 [vx:0.0 vy:-0.0 yaw:-1.0195529887] 
1621089396879 [Update odom] 
1621089396898 [ROBOT STATUS: Rotating[False] Running[True] Stop[False]] 
1621089396898 [vx:0.0 vy:-0.0 yaw:-1.0195529887] 
1621089396946 [Update odom] 
1621089396960 [ROBOT STATUS: Rotating[False] Running[True] Stop[False]] 
1621089396960 [vx:0.0 vy:-0.0 yaw:-1.0195529887] 
1621089397016 [Update odom] 
1621089397037 [ROBOT STATUS: Rotating[False] Running[True] Stop[False]] 
1621089397037 [vx:0.0 vy:-0.0 yaw:-1.0195529887] 
1621089397080 [Update odom] 
1621089397119 [ROBOT STATUS: Rotating[False] Running[True] Stop[False]] 
1621089397119 [vx:0.0 vy:-0.0 yaw:-1.0195529887] 
1621089397147 [Update odom] 
1621089397165 [ROBOT STATUS: Rotating[False] Running[True] Stop[False]] 
1621089397165 [vx:0.0 vy:-0.0 yaw:-1.0195529887] 
1621089397214 [Update odom] 
1621089397232 [ROBOT STATUS: Rotating[False] Running[True] Stop[False]] 
1621089397232 [vx:0.0 vy:-0.0 yaw:-1.0195529887] 
1621089397281 [Update odom] 
1621089397297 [ROBOT STATUS: Rotating[False] Running[True] Stop[False]] 
1621089397297 [vx:0.0 vy:-0.0 yaw:-1.0195529887] 
1621089397348 [Update odom] 
1621089397365 [ROBOT STATUS: Rotating[False] Running[True] Stop[False]] 
1621089397365 [vx:0.0 vy:-0.0 yaw:-1.0195529887] 
1621089397415 [Update odom] 
1621089397436 [ROBOT STATUS: Rotating[False] Running[True] Stop[False]] 
1621089397436 [vx:0.0 vy:-0.0 yaw:-1.0195529887] 
1621089397483 [Update odom] 
1621089397503 [ROBOT STATUS: Rotating[False] Running[True] Stop[False]] 
1621089397503 [vx:0.0 vy:-0.0 yaw:-1.0195529887] 
1621089397549 [Update odom] 
1621089397574 [ROBOT STATUS: Rotating[False] Running[True] Stop[False]] 
1621089397574 [vx:0.0 vy:-0.0 yaw:-1.0195529887] 
1621089397620 [Update odom] 
1621089397655 [ROBOT STATUS: Rotating[False] Running[True] Stop[False]] 
1621089397655 [vx:0.0 vy:-0.0 yaw:-1.0195529887] 
1621089397683 [Update odom] 
1621089397705 [ROBOT STATUS: Rotating[False] Running[True] Stop[False]] 
1621089397705 [vx:0.0 vy:-0.0 yaw:-1.0195529887] 
1621089397750 [Update odom] 
1621089397766 [ROBOT STATUS: Rotating[False] Running[True] Stop[False]] 
1621089397766 [vx:0.0 vy:-0.0 yaw:-1.0195529887] 
1621089397820 [Update odom] 
1621089397852 [ROBOT STATUS: Rotating[False] Running[True] Stop[False]] 
1621089397852 [vx:0.0 vy:-0.0 yaw:-1.0195529887] 
1621089397884 [Update odom] 
1621089397904 [ROBOT STATUS: Rotating[False] Running[True] Stop[False]] 
1621089397905 [vx:0.0 vy:-0.0 yaw:-1.0195529887] 
1621089397952 [Update odom] 
1621089397976 [ROBOT STATUS: Rotating[False] Running[True] Stop[False]] 
1621089397976 [vx:0.0 vy:-0.0 yaw:-1.0195529887] 
1621089398018 [Update odom] 
1621089398037 [ROBOT STATUS: Rotating[False] Running[True] Stop[False]] 
1621089398037 [vx:0.0 vy:-0.0 yaw:-1.0195529887] 
1621089398086 [Update odom] 
1621089398101 [ROBOT STATUS: Rotating[False] Running[True] Stop[False]] 
1621089398101 [vx:0.0 vy:-0.0 yaw:-1.0195529887] 
1621089398152 [Update odom] 
1621089398174 [ROBOT STATUS: Rotating[False] Running[True] Stop[False]] 
1621089398174 [vx:0.0 vy:-0.0 yaw:-1.0195529887] 
1621089398219 [Update odom] 
1621089398237 [ROBOT STATUS: Rotating[False] Running[True] Stop[False]] 
1621089398237 [vx:0.0 vy:-0.0 yaw:-1.0195529887] 
1621089398286 [Update odom] 
1621089398303 [ROBOT STATUS: Rotating[False] Running[True] Stop[False]] 
1621089398303 [vx:0.0 vy:-0.0 yaw:-1.0195529887] 
1621089398354 [Update odom] 
1621089398369 [ROBOT STATUS: Rotating[False] Running[True] Stop[False]] 
1621089398369 [vx:0.0 vy:-0.0 yaw:-1.0195529887] 
1621089398420 [Update odom] 
1621089398437 [ROBOT STATUS: Rotating[False] Running[True] Stop[False]] 
1621089398437 [vx:0.0 vy:-0.0 yaw:-1.0195529887] 
1621089398487 [Update odom] 
1621089398506 [ROBOT STATUS: Rotating[False] Running[True] Stop[False]] 
1621089398506 [vx:0.0 vy:-0.0 yaw:-1.0195529887] 
1621089398555 [Update odom] 
1621089398569 [ROBOT STATUS: Rotating[False] Running[True] Stop[False]] 
1621089398569 [vx:0.0 vy:-0.0 yaw:-1.0195529887] 
1621089398621 [Update odom] 
1621089398645 [ROBOT STATUS: Rotating[False] Running[True] Stop[False]] 
1621089398645 [vx:0.0 vy:-0.0 yaw:-1.0195529887] 
1621089398688 [Update odom] 
1621089398709 [ROBOT STATUS: Rotating[False] Running[True] Stop[False]] 
1621089398709 [vx:0.0 vy:-0.0 yaw:-1.0195529887] 
1621089398755 [Update odom] 
1621089398774 [ROBOT STATUS: Rotating[False] Running[True] Stop[False]] 
1621089398774 [vx:0.0 vy:-0.0 yaw:-1.0195529887] 
1621089398822 [Update odom] 
1621089398837 [ROBOT STATUS: Rotating[False] Running[True] Stop[False]] 
1621089398837 [vx:0.0 vy:-0.0 yaw:-1.0195529887] 
1621089398889 [Update odom] 
1621089398905 [ROBOT STATUS: Rotating[False] Running[True] Stop[False]] 
1621089398905 [vx:0.0 vy:-0.0 yaw:-1.0195529887] 
1621089398957 [Update odom] 
1621089398978 [ROBOT STATUS: Rotating[False] Running[True] Stop[False]] 
1621089398978 [vx:0.0 vy:-0.0 yaw:-1.0195529887] 
1621089399023 [Update odom] 
1621089399052 [ROBOT STATUS: Rotating[False] Running[True] Stop[False]] 
1621089399052 [vx:0.0 vy:-0.0 yaw:-1.0195529887] 
1621089399090 [Update odom] 
1621089399105 [ROBOT STATUS: Rotating[False] Running[True] Stop[False]] 
1621089399105 [vx:0.0 vy:-0.0 yaw:-1.0195529887] 
1621089399157 [Update odom] 
1621089399173 [ROBOT STATUS: Rotating[False] Running[True] Stop[False]] 
1621089399173 [vx:0.0 vy:-0.0 yaw:-1.0195529887] 
1621089399224 [Update odom] 
1621089399241 [ROBOT STATUS: Rotating[False] Running[True] Stop[False]] 
1621089399241 [vx:0.0 vy:-0.0 yaw:-1.0195529887] 
1621089399291 [Update odom] 
1621089399309 [ROBOT STATUS: Rotating[False] Running[True] Stop[False]] 
1621089399309 [vx:0.0 vy:-0.0 yaw:-1.0195529887] 
1621089399358 [Update odom] 
1621089399390 [ROBOT STATUS: Rotating[False] Running[True] Stop[False]] 
1621089399390 [vx:0.0 vy:-0.0 yaw:-1.0195529887] 
1621089399425 [Update odom] 
1621089399444 [ROBOT STATUS: Rotating[False] Running[True] Stop[False]] 
1621089399444 [vx:0.0 vy:-0.0 yaw:-1.0195529887] 
1621089399492 [Update odom] 
1621089399511 [ROBOT STATUS: Rotating[False] Running[True] Stop[False]] 
1621089399511 [vx:0.0 vy:-0.0 yaw:-1.0195529887] 
1621089399560 [Update odom] 
1621089399577 [ROBOT STATUS: Rotating[False] Running[True] Stop[False]] 
1621089399577 [vx:0.0 vy:-0.0 yaw:-1.0195529887] 
1621089399627 [Update odom] 
1621089399647 [ROBOT STATUS: Rotating[False] Running[True] Stop[False]] 
1621089399647 [vx:0.0 vy:-0.0 yaw:-1.0195529887] 
1621089399693 [Update odom] 
1621089399710 [ROBOT STATUS: Rotating[False] Running[True] Stop[False]] 
1621089399710 [vx:0.0 vy:-0.0 yaw:-1.0195529887] 
1621089399760 [Update odom] 
1621089399777 [ROBOT STATUS: Rotating[False] Running[True] Stop[False]] 
1621089399777 [vx:0.0 vy:-0.0 yaw:-1.0195529887] 
1621089399827 [Update odom] 
1621089399845 [ROBOT STATUS: Rotating[False] Running[True] Stop[False]] 
1621089399845 [vx:0.0 vy:-0.0 yaw:-1.0195529887] 
1621089399894 [Update odom] 
1621089399910 [ROBOT STATUS: Rotating[False] Running[True] Stop[False]] 
1621089399910 [vx:0.0 vy:-0.0 yaw:-1.0195529887] 
1621089399967 [Update odom] 
1621089399982 [ROBOT STATUS: Rotating[False] Running[True] Stop[False]] 
1621089399982 [vx:0.0 vy:-0.0 yaw:-1.0195529887] 
1621089400029 [Update odom] 
1621089400047 [ROBOT STATUS: Rotating[False] Running[True] Stop[False]] 
1621089400048 [vx:0.0 vy:-0.0 yaw:-1.0195529887] 
1621089400095 [Update odom] 
1621089400131 [ROBOT STATUS: Rotating[False] Running[True] Stop[False]] 
1621089400131 [vx:0.0 vy:-0.0 yaw:-1.0195529887] 
1621089400163 [Update odom] 
1621089400177 [ROBOT STATUS: Rotating[False] Running[True] Stop[False]] 
1621089400177 [vx:0.0 vy:-0.0 yaw:-1.0195529887] 
1621089400229 [Update odom] 
1621089400244 [ROBOT STATUS: Rotating[False] Running[True] Stop[False]] 
1621089400244 [vx:0.0 vy:-0.0 yaw:-1.0195529887] 
1621089400296 [Update odom] 
1621089400321 [ROBOT STATUS: Rotating[False] Running[True] Stop[False]] 
1621089400321 [vx:0.0 vy:-0.0 yaw:-1.0195529887] 
1621089400363 [Update odom] 
1621089400381 [ROBOT STATUS: Rotating[False] Running[True] Stop[False]] 
1621089400381 [vx:0.0 vy:-0.0 yaw:-1.0195529887] 
1621089400430 [Update odom] 
1621089400445 [ROBOT STATUS: Rotating[False] Running[True] Stop[False]] 
1621089400445 [vx:0.0 vy:-0.0 yaw:-1.0195529887] 
1621089400497 [Update odom] 
1621089400514 [ROBOT STATUS: Rotating[False] Running[True] Stop[False]] 
1621089400514 [vx:0.0 vy:-0.0 yaw:-1.0195529887] 
1621089400564 [Update odom] 
1621089400581 [ROBOT STATUS: Rotating[False] Running[True] Stop[False]] 
1621089400581 [vx:0.0 vy:-0.0 yaw:-1.0195529887] 
1621089400631 [Update odom] 
1621089400649 [ROBOT STATUS: Rotating[False] Running[True] Stop[False]] 
1621089400649 [vx:0.0 vy:-0.0 yaw:-1.0195529887] 
1621089400698 [Update odom] 
1621089400715 [ROBOT STATUS: Rotating[False] Running[True] Stop[False]] 
1621089400715 [vx:0.0 vy:-0.0 yaw:-1.0195529887] 
1621089400771 [Update odom] 
1621089400787 [ROBOT STATUS: Rotating[False] Running[True] Stop[False]] 
1621089400787 [vx:0.0 vy:-0.0 yaw:-1.0195529887] 
1621089400842 [Update odom] 
1621089400857 [ROBOT STATUS: Rotating[False] Running[True] Stop[False]] 
1621089400857 [vx:0.0 vy:-0.0 yaw:-1.0195529887] 
1621089400899 [Update odom] 
1621089400920 [ROBOT STATUS: Rotating[False] Running[True] Stop[False]] 
1621089400920 [vx:0.0 vy:-0.0 yaw:-1.0195529887] 
1621089400967 [Update odom] 
1621089400984 [ROBOT STATUS: Rotating[False] Running[True] Stop[False]] 
1621089400984 [vx:0.0 vy:-0.0 yaw:-1.0195529887] 
1621089401033 [Update odom] 
1621089401052 [ROBOT STATUS: Rotating[False] Running[True] Stop[False]] 
1621089401052 [vx:0.0 vy:-0.0 yaw:-1.0195529887] 
1621089401100 [Update odom] 
1621089401117 [ROBOT STATUS: Rotating[False] Running[True] Stop[False]] 
1621089401117 [vx:0.0 vy:-0.0 yaw:-1.0195529887] 
1621089401167 [Update odom] 
1621089401191 [ROBOT STATUS: Rotating[False] Running[True] Stop[False]] 
1621089401191 [vx:0.0 vy:-0.0 yaw:-1.0195529887] 
1621089401234 [Update odom] 
1621089401250 [ROBOT STATUS: Rotating[False] Running[True] Stop[False]] 
1621089401250 [vx:0.0 vy:-0.0 yaw:-1.0195529887] 
1621089401301 [Update odom] 
1621089401325 [ROBOT STATUS: Rotating[False] Running[True] Stop[False]] 
1621089401325 [vx:0.0 vy:-0.0 yaw:-1.0195529887] 
1621089401368 [Update odom] 
1621089401385 [ROBOT STATUS: Rotating[False] Running[True] Stop[False]] 
1621089401385 [vx:0.0 vy:-0.0 yaw:-1.0195529887] 
1621089401436 [Update odom] 
1621089401477 [ROBOT STATUS: Rotating[False] Running[True] Stop[False]] 
1621089401477 [vx:0.0 vy:-0.0 yaw:-1.0195529887] 
1621089401502 [Update odom] 
1621089401532 [ROBOT STATUS: Rotating[False] Running[True] Stop[False]] 
1621089401532 [vx:0.0 vy:-0.0 yaw:-1.0195529887] 
