1623200141279 [Opening serial port: /dev/ttyTHS1.] 
1623200141585 [The robot is connected to ] [/dev/ttyTHS1] 
1623200141585 [Initial robot's topic...] 
1623200141594 [Start initializing navigation] 
1623200141594 [Start initializing navigation topic] 
1623200141669 [Initialization navigation topic finished] 
1623200141679 [Initialization navigation finished] 
1623200141752 [vl:0.0 vr:0.0 yaw:0.0] 
1623200141794 [vl:0.0 vr:0.0 yaw:0.0] 
1623200141844 [vl:0.0 vr:0.0 yaw:0.0] 
1623200141916 [log_latest_command] [[ b y t e a r r a y ( b ' \ x a a \ x f f \ x a 0 \ x 0 2 I \ x 0 f \ x 0 e ' ) ]] 
1623200141940 [vl:0.0 vr:0.0 yaw:0.0] 
1623200141951 [vl:0.0 vr:0.0 yaw:0.0] 
1623200141992 [vl:0.0 vr:0.0 yaw:0.0] 
1623200142048 [vl:0.0 vr:0.0 yaw:0.0] 
1623200142129 [log_latest_command] [[ b y t e a r r a y ( b ' \ x a a \ x f f \ x a 0 \ x 0 2 I \ x 0 f \ x 0 e ' ) ]] 
1623200142153 [vl:0.0 vr:0.0 yaw:0.0] 
1623200142164 [vl:0.0 vr:0.0 yaw:0.0] 
1623200142196 [vl:0.0 vr:0.0 yaw:0.0] 
1623200142244 [vl:0.0 vr:0.0 yaw:0.0] 
1623200142292 [vl:0.0 vr:0.0 yaw:0.0] 
1623200142344 [vl:0.0 vr:0.0 yaw:0.0] 
1623200142392 [vl:0.0 vr:0.0 yaw:0.0] 
1623200142444 [vl:0.0 vr:0.0 yaw:0.0] 
1623200142492 [vl:0.0 vr:0.0 yaw:0.0] 
1623200142556 [vl:0.0 vr:0.0 yaw:0.0] 
1623200142592 [vl:0.0 vr:0.0 yaw:0.0] 
1623200142644 [vl:0.0 vr:0.0 yaw:0.0] 
1623200142692 [vl:0.0 vr:0.0 yaw:0.0] 
1623200142744 [vl:0.0 vr:0.0 yaw:0.0] 
1623200142792 [vl:0.0 vr:0.0 yaw:0.0] 
1623200142844 [vl:0.0 vr:0.0 yaw:0.0] 
1623200142892 [vl:0.0 vr:0.0 yaw:0.0] 
1623200142944 [vl:0.0 vr:0.0 yaw:0.0] 
1623200142992 [vl:0.0 vr:0.0 yaw:0.0] 
1623200143048 [vl:0.0 vr:0.0 yaw:0.0] 
1623200143092 [vl:0.0 vr:0.0 yaw:0.0] 
1623200143144 [vl:0.0 vr:0.0 yaw:0.0] 
1623200143192 [vl:0.0 vr:0.0 yaw:0.0] 
1623200143244 [vl:0.0 vr:0.0 yaw:0.0] 
1623200143292 [vl:0.0 vr:0.0 yaw:0.0] 
1623200143344 [vl:0.0 vr:0.0 yaw:0.0] 
1623200143392 [vl:0.0 vr:0.0 yaw:0.0] 
1623200143448 [vl:0.0 vr:0.0 yaw:0.0] 
1623200143496 [vl:0.0 vr:0.0 yaw:0.0] 
1623200143544 [vl:0.0 vr:0.0 yaw:0.0] 
1623200143592 [vl:0.0 vr:0.0 yaw:0.0] 
1623200143645 [vl:0.0 vr:0.0 yaw:0.0] 
1623200143693 [vl:0.0 vr:0.0 yaw:0.0] 
1623200143744 [vl:0.0 vr:0.0 yaw:0.0] 
1623200143792 [vl:0.0 vr:0.0 yaw:0.0] 
1623200143844 [vl:0.0 vr:0.0 yaw:0.0] 
1623200143892 [vl:0.0 vr:0.0 yaw:0.0] 
1623200143944 [vl:0.0 vr:0.0 yaw:0.0] 
1623200143992 [vl:0.0 vr:0.0 yaw:0.0] 
1623200144044 [vl:-0.2355 vr:0.187 yaw:0.0] 
1623200144092 [vl:-0.0345 vr:0.187 yaw:0.0] 
1623200144144 [vl:-0.049 vr:0.1415 yaw:0.0] 
1623200144192 [vl:-0.049 vr:0.1085 yaw:0.0] 
1623200144244 [vl:-0.0785 vr:0.1085 yaw:0.0] 
1623200144292 [vl:-0.11 vr:0.1085 yaw:0.0] 
1623200144344 [vl:-0.1085 vr:0.0755 yaw:0.0] 
1623200144392 [vl:-0.0935 vr:0.0775 yaw:0.0] 
1623200144444 [vl:-0.11 vr:0.0775 yaw:0.0] 
1623200144492 [vl:-0.1085 vr:0.0755 yaw:0.0] 
1623200144544 [vl:-0.092 vr:0.0755 yaw:0.0] 
1623200144592 [vl:-0.1085 vr:0.061 yaw:0.0] 
1623200144644 [vl:-0.092 vr:0.0755 yaw:0.0] 
1623200144692 [vl:-0.077 vr:0.092 yaw:0.0] 
1623200144744 [vl:-0.047 vr:0.0735 yaw:0.0] 
1623200144792 [vl:-0.047 vr:0.061 yaw:0.0] 
1623200144848 [vl:-0.0305 vr:0.0445 yaw:0.0] 
1623200144892 [vl:-0.0455 vr:0.0445 yaw:0.0] 
1623200144944 [vl:-0.0305 vr:0.061 yaw:0.0] 
1623200144992 [vl:-0.016 vr:0.0445 yaw:0.0] 
1623200145043 [vl:-0.0305 vr:0.0445 yaw:0.0] 
1623200145092 [vl:-0.047 vr:0.061 yaw:0.0] 
1623200145144 [vl:-0.0145 vr:0.0445 yaw:0.0] 
1623200145192 [vl:-0.0295 vr:0.03 yaw:0.0] 
1623200145244 [vl:-0.0305 vr:0.0445 yaw:0.0] 
1623200145292 [vl:-0.0785 vr:0.0285 yaw:0.0] 
1623200145344 [vl:-0.062 vr:0.0285 yaw:0.0] 
1623200145396 [vl:-0.0305 vr:0.0 yaw:0.0] 
1623200145444 [vl:-0.047 vr:0.014 yaw:0.0] 
1623200145496 [vl:-0.0305 vr:0.0 yaw:0.0] 
1623200145544 [vl:-0.0635 vr:0.0 yaw:0.0] 
1623200145593 [vl:-0.0305 vr:0.014 yaw:0.0] 
1623200145644 [vl:-0.0455 vr:0.0 yaw:0.0] 
1623200145692 [vl:-0.047 vr:0.0 yaw:0.0] 
1623200145744 [vl:-0.062 vr:0.014 yaw:0.0] 
1623200145792 [vl:-0.0305 vr:0.0 yaw:0.0] 
1623200145844 [vl:-0.0305 vr:0.0 yaw:0.0] 
1623200145892 [vl:-0.0305 vr:0.0 yaw:0.0] 
1623200145944 [vl:0.0 vr:0.0 yaw:0.0] 
1623200146011 [log_latest_command] [[ b y t e a r r a y ( b ' \ x a a \ x f f \ x a 0 \ x 0 2 I \ x 0 f \ x 0 e ' ) ]] 
1623200146048 [vl:0.0 vr:0.0 yaw:0.0] 
1623200146060 [vl:0.0 vr:0.0 yaw:0.0] 
1623200146092 [vl:-0.0145 vr:0.0 yaw:0.0] 
1623200146144 [vl:-0.0305 vr:0.0 yaw:0.0] 
1623200146192 [vl:-0.047 vr:0.0 yaw:0.0] 
1623200146244 [vl:-0.0305 vr:0.0 yaw:0.0] 
1623200146287 [log_latest_command] [[ b y t e a r r a y ( b ' \ x a a \ x f f \ x a 0 \ x 0 2 I \ x 0 f \ x 0 e ' ) ]] 
1623200146329 [vl:-0.047 vr:0.0 yaw:0.0] 
1623200146344 [vl:-0.0305 vr:0.0 yaw:0.0] 
1623200146393 [vl:-0.0145 vr:0.0 yaw:0.0] 
1623200146444 [vl:-0.0305 vr:0.0 yaw:0.0] 
1623200146499 [log_latest_command] [[ b y t e a r r a y ( b ' \ x a a \ x f f \ x a 0 \ x 0 2 I \ x 0 f \ x 0 e ' ) ]] 
1623200146536 [vl:-0.0305 vr:0.0 yaw:0.0] 
1623200146549 [vl:-0.016 vr:0.0 yaw:0.0] 
1623200146595 [vl:0.0 vr:0.0 yaw:0.0] 
1623200146644 [vl:0.0 vr:0.0 yaw:0.0] 
1623200146692 [vl:0.0 vr:0.0 yaw:0.0] 
1623200146746 [vl:-0.0145 vr:0.0 yaw:0.0] 
1623200146792 [vl:0.0 vr:0.0 yaw:0.0] 
1623200146844 [vl:0.0 vr:0.0 yaw:0.0] 
1623200146903 [log_latest_command] [[ b y t e a r r a y ( b ' \ x a a \ x f f \ x a 0 \ x 0 2 I \ x 0 f \ x 0 e ' ) ]] 
1623200146905 [vl:-0.016 vr:0.0 yaw:0.0] 
1623200146944 [vl:0.1565 vr:0.1845 yaw:0.0] 
1623200146992 [vl:0.1715 vr:0.339 yaw:0.0] 
1623200147044 [vl:0.2345 vr:0.446 yaw:0.0] 
1623200147092 [vl:0.2965 vr:0.4315 yaw:0.0] 
1623200147144 [vl:0.3115 vr:0.4625 yaw:0.0] 
1623200147192 [vl:0.313 vr:0.4625 yaw:0.0] 
1623200147251 [log_latest_command] [[ b y t e a r r a y ( b ' \ x a a \ x f f \ x a 0 \ x 0 2 I \ x 0 f \ x 0 e ' ) ]] 
1623200147288 [vl:0.313 vr:0.4625 yaw:0.0] 
1623200147301 [vl:0.0 vr:0.1825 yaw:0.0] 
1623200147344 [vl:0.0 vr:0.061 yaw:0.0] 
1623200147392 [vl:0.0 vr:0.03 yaw:0.0] 
1623200147446 [vl:0.0 vr:0.03 yaw:0.0] 
1623200147492 [vl:0.0 vr:0.03 yaw:0.0] 
1623200147544 [vl:0.0 vr:0.03 yaw:0.0] 
1623200147592 [vl:0.0 vr:0.014 yaw:0.0] 
1623200147644 [vl:0.0 vr:0.0 yaw:0.0] 
1623200147692 [vl:0.0 vr:0.0 yaw:0.0] 
1623200147744 [vl:0.0 vr:0.0 yaw:0.0] 
1623200147792 [vl:0.0 vr:0.03 yaw:0.0] 
1623200147844 [vl:0.0 vr:0.014 yaw:0.0] 
1623200147892 [vl:0.0 vr:0.014 yaw:0.0] 
1623200147944 [vl:0.0 vr:0.016 yaw:0.0] 
1623200147992 [vl:0.0 vr:0.03 yaw:0.0] 
1623200148044 [vl:0.0 vr:0.0 yaw:0.0] 
1623200148092 [vl:0.0 vr:0.014 yaw:0.0] 
1623200148144 [vl:0.0 vr:0.0 yaw:0.0] 
1623200148192 [vl:0.0 vr:-0.016 yaw:0.0] 
1623200148244 [vl:0.0 vr:0.0 yaw:0.0] 
1623200148292 [vl:0.0 vr:0.0 yaw:0.0] 
1623200148344 [vl:0.0 vr:0.0 yaw:0.0] 
1623200148392 [vl:0.0 vr:0.0 yaw:0.0] 
1623200148444 [vl:0.0 vr:0.0 yaw:0.0] 
1623200148492 [vl:0.0 vr:0.0 yaw:0.0] 
1623200148544 [vl:0.0 vr:0.0 yaw:0.0] 
1623200148592 [vl:0.0 vr:0.0 yaw:0.0] 
1623200148644 [vl:0.0 vr:0.0 yaw:0.0] 
1623200148692 [vl:0.0 vr:0.0 yaw:0.0] 
1623200148744 [vl:0.0 vr:0.0 yaw:0.0] 
1623200148792 [vl:0.0 vr:0.0 yaw:0.0] 
1623200148844 [vl:0.0 vr:0.0 yaw:0.0] 
1623200148892 [vl:0.0 vr:0.0 yaw:0.0] 
1623200148944 [vl:0.0 vr:0.0 yaw:0.0] 
1623200148992 [vl:0.0 vr:0.0 yaw:0.0] 
1623200149044 [vl:0.0 vr:0.0 yaw:0.0] 
1623200149092 [vl:0.0 vr:0.0 yaw:0.0] 
1623200149147 [vl:0.0 vr:0.0 yaw:0.0] 
1623200149192 [vl:0.0 vr:0.0 yaw:0.0] 
1623200149244 [vl:0.0 vr:0.0 yaw:0.0] 
1623200149292 [vl:0.0 vr:0.0 yaw:0.0] 
1623200149344 [vl:0.0 vr:0.0 yaw:0.0] 
1623200149392 [vl:0.0 vr:0.0 yaw:0.0] 
1623200149444 [vl:0.0 vr:0.0 yaw:0.0] 
1623200149492 [vl:0.0 vr:0.0 yaw:0.0] 
1623200149544 [vl:0.0 vr:0.0 yaw:0.0] 
1623200149592 [vl:0.0 vr:0.0 yaw:0.0] 
1623200149644 [vl:0.0 vr:0.0 yaw:0.0] 
1623200149692 [vl:0.0 vr:0.0 yaw:0.0] 
1623200149747 [vl:0.0 vr:0.0 yaw:0.0] 
1623200149792 [vl:0.0 vr:0.03 yaw:0.0] 
1623200149844 [vl:0.0 vr:0.03 yaw:0.0] 
1623200149892 [vl:-0.0455 vr:0.0445 yaw:0.0] 
1623200149944 [vl:-0.0935 vr:0.123 yaw:0.0] 
1623200149992 [vl:-0.077 vr:0.123 yaw:0.0] 
1623200150044 [vl:-0.077 vr:0.092 yaw:0.0] 
1623200150091 [vl:-0.077 vr:0.1085 yaw:0.0] 
1623200150144 [vl:-0.077 vr:0.1085 yaw:0.0] 
1623200150191 [vl:-0.062 vr:0.1085 yaw:0.0] 
1623200150244 [vl:-0.0785 vr:0.0755 yaw:0.0] 
1623200150292 [vl:-0.077 vr:0.0755 yaw:0.0] 
1623200150345 [vl:-0.0455 vr:0.092 yaw:0.0] 
1623200150392 [vl:-0.0455 vr:0.0755 yaw:0.0] 
1623200150448 [vl:-0.062 vr:0.092 yaw:0.0] 
1623200150492 [vl:-0.062 vr:0.0755 yaw:0.0] 
1623200150544 [vl:-0.0455 vr:0.061 yaw:0.0] 
1623200150592 [vl:-0.047 vr:0.0445 yaw:0.0] 
1623200150644 [vl:-0.0145 vr:0.061 yaw:0.0] 
1623200150692 [vl:-0.0305 vr:0.0445 yaw:0.0] 
1623200150744 [vl:-0.0305 vr:0.061 yaw:0.0] 
1623200150792 [vl:-0.0305 vr:0.061 yaw:0.0] 
1623200150844 [vl:-0.0145 vr:0.061 yaw:0.0] 
1623200150894 [vl:-0.0145 vr:0.061 yaw:0.0] 
1623200150947 [vl:-0.0305 vr:0.0445 yaw:0.0] 
1623200150992 [vl:-0.0145 vr:0.03 yaw:0.0] 
1623200151043 [vl:-0.0145 vr:0.03 yaw:0.0] 
1623200151092 [vl:-0.0145 vr:0.03 yaw:0.0] 
1623200151144 [vl:-0.0295 vr:0.0465 yaw:0.0] 
1623200151192 [vl:-0.0145 vr:0.014 yaw:0.0] 
1623200151244 [vl:-0.0145 vr:0.0465 yaw:0.0] 
1623200151292 [vl:-0.0145 vr:0.03 yaw:0.0] 
1623200151344 [vl:0.0 vr:0.014 yaw:0.0] 
1623200151392 [vl:-0.0145 vr:0.014 yaw:0.0] 
1623200151444 [vl:-0.0145 vr:0.03 yaw:0.0] 
1623200151492 [vl:0.0 vr:0.0 yaw:0.0] 
1623200151544 [vl:-0.0295 vr:0.0285 yaw:0.0] 
1623200151592 [vl:-0.0145 vr:0.014 yaw:0.0] 
1623200151644 [vl:-0.0145 vr:0.0 yaw:0.0] 
1623200151692 [vl:0.0 vr:0.014 yaw:0.0] 
1623200151744 [vl:0.0 vr:0.014 yaw:0.0] 
1623200151792 [vl:0.0 vr:0.014 yaw:0.0] 
1623200151844 [vl:0.0 vr:0.0 yaw:0.0] 
1623200151892 [vl:-0.0145 vr:0.014 yaw:0.0] 
1623200151944 [vl:0.0 vr:0.0 yaw:0.0] 
1623200151992 [vl:0.0 vr:0.014 yaw:0.0] 
1623200152044 [vl:0.0 vr:0.014 yaw:0.0] 
1623200152094 [vl:0.0 vr:0.0 yaw:0.0] 
1623200152144 [vl:0.0 vr:0.0 yaw:0.0] 
1623200152192 [vl:0.0 vr:0.0 yaw:0.0] 
1623200152244 [vl:0.0 vr:0.0 yaw:0.0] 
1623200152292 [vl:0.0 vr:0.0 yaw:0.0] 
1623200152344 [vl:0.0 vr:0.0 yaw:0.0] 
1623200152396 [vl:0.0 vr:0.0 yaw:0.0] 
1623200152444 [vl:0.0 vr:0.0 yaw:0.0] 
1623200152496 [vl:0.0 vr:0.0 yaw:0.0] 
1623200152544 [vl:0.0 vr:0.0 yaw:0.0] 
1623200152592 [vl:0.0 vr:0.0 yaw:0.0] 
1623200152644 [vl:0.0 vr:0.0 yaw:0.0] 
1623200152692 [vl:0.0 vr:0.0 yaw:0.0] 
1623200152744 [vl:0.0 vr:0.0 yaw:0.0] 
1623200152792 [vl:0.0 vr:0.0 yaw:0.0] 
1623200152846 [vl:0.0 vr:0.0 yaw:0.0] 
1623200152892 [vl:0.0 vr:0.0 yaw:0.0] 
1623200152944 [vl:0.0 vr:0.0 yaw:0.0] 
1623200152991 [vl:0.0 vr:0.0 yaw:0.0] 
1623200153044 [vl:0.0 vr:0.0 yaw:0.0] 
1623200153092 [vl:0.0 vr:0.0 yaw:0.0] 
1623200153144 [vl:0.0 vr:0.0 yaw:0.0] 
1623200153192 [vl:0.0 vr:0.0 yaw:0.0] 
1623200153243 [vl:0.0 vr:0.0 yaw:0.0] 
1623200153292 [vl:0.0 vr:0.0 yaw:0.0] 
1623200153347 [vl:0.0 vr:0.0 yaw:0.0] 
1623200153392 [vl:0.0 vr:0.0 yaw:0.0] 
1623200153444 [vl:0.0 vr:0.0 yaw:0.0] 
1623200153492 [vl:0.0 vr:0.0 yaw:0.0] 
1623200153515 [log_latest_command] [[ b y t e a r r a y ( b ' \ x a a \ x f f \ x a 0 \ x 0 2 I \ x 0 f \ x 0 e ' ) ]] 
1623200153546 [vl:0.2345 vr:0.308 yaw:0.0] 
1623200153591 [vl:0.28 vr:0.415 yaw:0.0] 
1623200153644 [vl:0.2965 vr:0.4315 yaw:0.0] 
1623200153694 [vl:0.313 vr:0.446 yaw:0.0] 
1623200153743 [vl:0.328 vr:0.415 yaw:0.0] 
1623200153792 [vl:0.3115 vr:0.3985 yaw:0.0] 
1623200153844 [vl:0.313 vr:0.3985 yaw:0.0] 
1623200153892 [vl:0.3115 vr:0.3985 yaw:0.0] 
1623200153944 [vl:0.3115 vr:0.415 yaw:0.0] 
1623200153992 [vl:0.3445 vr:0.3985 yaw:0.0] 
1623200154044 [vl:0.3595 vr:0.415 yaw:0.0] 
1623200154092 [vl:0.343 vr:0.415 yaw:0.0] 
1623200154144 [vl:0.343 vr:0.4295 yaw:0.0] 
1623200154192 [vl:0.3445 vr:0.413 yaw:0.0] 
1623200154244 [vl:0.343 vr:0.4295 yaw:0.0] 
1623200154292 [vl:0.376 vr:0.4295 yaw:0.0] 
1623200154335 [vl:0.3595 vr:0.3985 yaw:0.0] 
1623200154392 [vl:0.3595 vr:0.3985 yaw:0.0] 
1623200154444 [vl:0.3595 vr:0.413 yaw:0.0] 
1623200154492 [vl:0.376 vr:0.4005 yaw:0.0] 
1623200154544 [vl:0.3595 vr:0.3985 yaw:0.0] 
1623200154591 [vl:0.3595 vr:0.3985 yaw:0.0] 
1623200154644 [vl:0.376 vr:0.3985 yaw:0.0] 
1623200154692 [vl:0.376 vr:0.415 yaw:0.0] 
1623200154744 [vl:0.376 vr:0.415 yaw:0.0] 
1623200154792 [vl:0.3595 vr:0.3985 yaw:0.0] 
1623200154844 [vl:0.3745 vr:0.415 yaw:0.0] 
1623200154892 [vl:0.3595 vr:0.3985 yaw:0.0] 
1623200154944 [vl:0.391 vr:0.415 yaw:0.0] 
1623200154994 [vl:0.391 vr:0.4295 yaw:0.0] 
1623200155044 [vl:0.3895 vr:0.413 yaw:0.0] 
1623200155092 [vl:0.3745 vr:0.3985 yaw:0.0] 
1623200155144 [vl:0.376 vr:0.415 yaw:0.0] 
1623200155192 [vl:0.3745 vr:0.3985 yaw:0.0] 
1623200155244 [vl:0.391 vr:0.415 yaw:0.0] 
1623200155292 [vl:0.3745 vr:0.415 yaw:0.0] 
1623200155344 [vl:0.391 vr:0.384 yaw:0.0] 
1623200155392 [vl:0.391 vr:0.3985 yaw:0.0] 
1623200155444 [vl:0.391 vr:0.3985 yaw:0.0] 
1623200155492 [vl:0.3595 vr:0.415 yaw:0.0] 
1623200155544 [vl:0.391 vr:0.384 yaw:0.0] 
1623200155592 [vl:0.391 vr:0.3985 yaw:0.0] 
1623200155644 [vl:0.3895 vr:0.384 yaw:0.0] 
1623200155692 [vl:0.391 vr:0.3985 yaw:0.0] 
1623200155744 [vl:0.406 vr:0.3985 yaw:0.0] 
1623200155796 [vl:0.391 vr:0.3985 yaw:0.0] 
1623200155844 [vl:0.391 vr:0.3985 yaw:0.0] 
1623200155892 [vl:0.391 vr:0.4005 yaw:0.0] 
1623200155944 [vl:0.391 vr:0.3985 yaw:0.0] 
1623200155992 [vl:0.376 vr:0.384 yaw:0.0] 
1623200156044 [vl:0.391 vr:0.3985 yaw:0.0] 
1623200156092 [vl:0.391 vr:0.3985 yaw:0.0] 
1623200156144 [vl:0.391 vr:0.415 yaw:0.0] 
1623200156192 [vl:0.391 vr:0.3985 yaw:0.0] 
1623200156244 [vl:0.406 vr:0.415 yaw:0.0] 
1623200156292 [vl:0.406 vr:0.3985 yaw:0.0] 
1623200156344 [vl:0.391 vr:0.415 yaw:0.0] 
1623200156392 [vl:0.391 vr:0.3985 yaw:0.0] 
1623200156444 [vl:0.391 vr:0.3985 yaw:0.0] 
1623200156492 [vl:0.3745 vr:0.3985 yaw:0.0] 
1623200156544 [vl:0.3895 vr:0.3985 yaw:0.0] 
1623200156592 [vl:0.391 vr:0.3985 yaw:0.0] 
1623200156644 [vl:0.391 vr:0.3985 yaw:0.0] 
1623200156692 [vl:0.391 vr:0.3985 yaw:0.0] 
1623200156744 [vl:0.391 vr:0.3985 yaw:0.0] 
1623200156792 [vl:0.391 vr:0.3985 yaw:0.0] 
1623200156823 [log_latest_command] [[ b y t e a r r a y ( b ' \ x a a \ x f f \ x a 0 \ x 0 2 I \ x 0 f \ x 0 e ' ) ]] 
1623200156860 [vl:0.391 vr:0.3985 yaw:0.0] 
1623200156892 [vl:0.0455 vr:0.014 yaw:0.0] 
1623200156944 [vl:0.0145 vr:0.0 yaw:0.0] 
1623200156992 [vl:-0.0145 vr:0.0 yaw:0.0] 
1623200157046 [vl:0.0 vr:0.0 yaw:0.0] 
1623200157092 [vl:0.0 vr:0.0 yaw:0.0] 
1623200157144 [vl:0.0 vr:0.0 yaw:0.0] 
1623200157176 [log_latest_command] [[ b y t e a r r a y ( b ' \ x a a \ x f f \ x a 0 \ x 0 2 I \ x 0 f \ x 0 e ' ) ]] 
1623200157196 [vl:0.0 vr:0.0 yaw:0.0] 
1623200157244 [vl:0.0 vr:0.0 yaw:0.0] 
1623200157292 [vl:0.0 vr:0.0 yaw:0.0] 
1623200157343 [vl:0.0 vr:0.0 yaw:0.0] 
1623200157392 [vl:0.0 vr:0.0 yaw:0.0] 
1623200157444 [vl:0.0 vr:0.0 yaw:0.0] 
1623200157492 [vl:0.0 vr:0.0 yaw:0.0] 
1623200157539 [log_latest_command] [[ b y t e a r r a y ( b ' \ x a a \ x f f \ x a 0 \ x 0 2 I \ x 0 f \ x 0 e ' ) ]] 
1623200157551 [vl:0.0 vr:0.0 yaw:0.0] 
1623200157592 [vl:0.203 vr:0.1845 yaw:0.0] 
1623200157644 [vl:0.2045 vr:0.168 yaw:0.0] 
1623200157696 [vl:0.188 vr:0.199 yaw:0.0] 
1623200157744 [vl:0.188 vr:0.1845 yaw:0.0] 
1623200157792 [vl:0.1715 vr:0.2155 yaw:0.0] 
1623200157844 [vl:0.188 vr:0.199 yaw:0.0] 
1623200157892 [vl:0.1715 vr:0.199 yaw:0.0] 
1623200157944 [vl:0.203 vr:0.1845 yaw:0.0] 
1623200157992 [vl:0.203 vr:0.1825 yaw:0.0] 
1623200158044 [vl:0.1715 vr:0.199 yaw:0.0] 
1623200158092 [vl:0.188 vr:0.199 yaw:0.0] 
1623200158144 [vl:0.2195 vr:0.1825 yaw:0.0] 
1623200158192 [vl:0.188 vr:0.1845 yaw:0.0] 
1623200158244 [vl:0.2195 vr:0.199 yaw:0.0] 
1623200158292 [vl:0.203 vr:0.1845 yaw:0.0] 
1623200158344 [vl:0.1865 vr:0.199 yaw:0.0] 
1623200158392 [vl:0.203 vr:0.168 yaw:0.0] 
1623200158444 [vl:0.203 vr:0.2155 yaw:0.0] 
1623200158492 [vl:0.203 vr:0.199 yaw:0.0] 
1623200158544 [vl:0.188 vr:0.199 yaw:0.0] 
1623200158592 [vl:0.188 vr:0.1825 yaw:0.0] 
1623200158644 [vl:0.188 vr:0.1825 yaw:0.0] 
1623200158692 [vl:0.1865 vr:0.199 yaw:0.0] 
1623200158744 [vl:0.188 vr:0.1825 yaw:0.0] 
1623200158792 [vl:0.188 vr:0.199 yaw:0.0] 
1623200158844 [vl:0.188 vr:0.2155 yaw:0.0] 
1623200158892 [vl:0.203 vr:0.199 yaw:0.0] 
1623200158944 [vl:0.188 vr:0.1845 yaw:0.0] 
1623200158992 [vl:0.188 vr:0.1845 yaw:0.0] 
1623200159044 [vl:0.203 vr:0.199 yaw:0.0] 
1623200159092 [vl:0.188 vr:0.199 yaw:0.0] 
1623200159144 [vl:0.203 vr:0.201 yaw:0.0] 
1623200159192 [vl:0.2195 vr:0.1845 yaw:0.0] 
1623200159244 [vl:0.203 vr:0.2155 yaw:0.0] 
1623200159292 [vl:0.203 vr:0.199 yaw:0.0] 
1623200159344 [vl:0.203 vr:0.199 yaw:0.0] 
1623200159392 [vl:0.203 vr:0.199 yaw:0.0] 
1623200159448 [vl:0.188 vr:0.199 yaw:0.0] 
1623200159492 [vl:0.188 vr:0.199 yaw:0.0] 
1623200159544 [vl:0.203 vr:0.1845 yaw:0.0] 
1623200159592 [vl:0.188 vr:0.1845 yaw:0.0] 
1623200159644 [vl:0.2045 vr:0.2155 yaw:0.0] 
1623200159692 [vl:0.203 vr:0.199 yaw:0.0] 
1623200159744 [vl:0.188 vr:0.2155 yaw:0.0] 
1623200159792 [vl:0.203 vr:0.199 yaw:0.0] 
1623200159844 [vl:0.1715 vr:0.2155 yaw:0.0] 
1623200159892 [vl:0.2195 vr:0.199 yaw:0.0] 
1623200159945 [vl:0.203 vr:0.1845 yaw:0.0] 
1623200159992 [vl:0.2195 vr:0.199 yaw:0.0] 
1623200160044 [vl:0.203 vr:0.199 yaw:0.0] 
1623200160092 [vl:0.188 vr:0.199 yaw:0.0] 
1623200160144 [vl:0.2045 vr:0.199 yaw:0.0] 
1623200160192 [vl:0.2195 vr:0.199 yaw:0.0] 
1623200160243 [vl:0.2195 vr:0.1845 yaw:0.0] 
1623200160279 [log_latest_command] [[ b y t e a r r a y ( b ' \ x a a \ x f f \ x a 0 \ x 0 2 I \ x 0 f \ x 0 e ' ) ]] 
1623200160305 [vl:0.2195 vr:0.1845 yaw:0.0] 
1623200160344 [vl:0.0295 vr:0.0445 yaw:0.0] 
1623200160392 [vl:0.0145 vr:0.014 yaw:0.0] 
1623200160444 [vl:0.0 vr:0.0 yaw:0.0] 
1623200160492 [vl:0.0 vr:0.0 yaw:0.0] 
1623200160544 [vl:0.0 vr:0.0 yaw:0.0] 
1623200160592 [vl:0.0 vr:0.0 yaw:0.0] 
1623200160644 [vl:0.0 vr:0.0 yaw:0.0] 
1623200160696 [vl:0.0 vr:0.0 yaw:0.0] 
1623200160744 [vl:0.0 vr:0.0 yaw:0.0] 
1623200160792 [vl:0.0 vr:0.0 yaw:0.0] 
1623200160844 [vl:0.0 vr:0.0 yaw:0.0] 
1623200160892 [vl:0.0 vr:0.0 yaw:0.0] 
1623200160944 [vl:0.0 vr:0.0 yaw:0.0] 
1623200160996 [log_latest_command] [[ b y t e a r r a y ( b ' \ x a a \ x f f \ x a 0 \ x 0 2 I \ x 0 f \ x 0 e ' ) ]] 
1623200160997 [vl:0.0 vr:0.0 yaw:0.0] 
1623200161048 [vl:0.0 vr:0.0 yaw:0.0] 
1623200161092 [vl:0.0 vr:0.0 yaw:0.0] 
1623200161146 [vl:0.0 vr:0.0 yaw:0.0] 
1623200161192 [vl:0.0 vr:0.0 yaw:0.0] 
1623200161246 [vl:0.0 vr:0.0 yaw:0.0] 
1623200161292 [vl:0.0 vr:0.0 yaw:0.0] 
1623200161323 [log_latest_command] [[ b y t e a r r a y ( b ' \ x a a \ x f f \ x a 0 \ x 0 2 I \ x 0 f \ x 0 e ' ) ]] 
1623200161356 [vl:0.14 vr:0.1375 yaw:0.0] 
1623200161392 [vl:0.125 vr:0.154 yaw:0.0] 
1623200161444 [vl:0.14 vr:0.154 yaw:0.0] 
1623200161496 [vl:0.14 vr:0.1375 yaw:0.0] 
1623200161544 [vl:0.1565 vr:0.1375 yaw:0.0] 
1623200161592 [vl:0.14 vr:0.1375 yaw:0.0] 
1623200161645 [vl:0.1565 vr:0.123 yaw:0.0] 
1623200161692 [vl:0.1565 vr:0.1375 yaw:0.0] 
1623200161743 [vl:0.1565 vr:0.1375 yaw:0.0] 
1623200161792 [vl:0.125 vr:0.154 yaw:0.0] 
1623200161844 [vl:0.14 vr:0.1375 yaw:0.0] 
1623200161892 [vl:0.1565 vr:0.154 yaw:0.0] 
1623200161944 [vl:0.125 vr:0.1375 yaw:0.0] 
1623200161996 [vl:0.1715 vr:0.1375 yaw:0.0] 
1623200162044 [vl:0.125 vr:0.1375 yaw:0.0] 
1623200162092 [vl:0.125 vr:0.154 yaw:0.0] 
1623200162144 [vl:0.14 vr:0.154 yaw:0.0] 
1623200162211 [log_latest_command] [[ b y t e a r r a y ( b ' \ x a a \ x f f \ x a 0 \ x 0 2 I \ x 0 f \ x 0 e ' ) ]] 
1623200162236 [vl:0.077 vr:0.092 yaw:0.0] 
1623200162249 [vl:0.0455 vr:0.0445 yaw:0.0] 
1623200162292 [vl:0.0305 vr:-0.016 yaw:0.0] 
1623200162344 [vl:0.0 vr:0.0 yaw:0.0] 
1623200162392 [vl:0.0 vr:0.0 yaw:0.0] 
1623200162446 [vl:0.0 vr:0.0 yaw:0.0] 
1623200162467 [log_latest_command] [[ b y t e a r r a y ( b ' \ x a a \ x f f \ x a 0 \ x 0 2 I \ x 0 f \ x 0 e ' ) ]] 
1623200162492 [vl:-0.0305 vr:-0.014 yaw:0.0] 
1623200162544 [vl:-0.062 vr:-0.0465 yaw:0.0] 
1623200162592 [vl:-0.0455 vr:-0.0465 yaw:0.0] 
1623200162644 [vl:-0.047 vr:-0.061 yaw:0.0] 
1623200162692 [vl:-0.0785 vr:-0.0775 yaw:0.0] 
1623200162744 [vl:-0.062 vr:-0.061 yaw:0.0] 
1623200162792 [vl:-0.062 vr:-0.0775 yaw:0.0] 
1623200162844 [vl:-0.062 vr:-0.0755 yaw:0.0] 
1623200162892 [vl:-0.062 vr:-0.092 yaw:0.0] 
1623200162944 [vl:-0.0785 vr:-0.092 yaw:0.0] 
1623200162992 [vl:-0.077 vr:-0.092 yaw:0.0] 
1623200163044 [vl:-0.11 vr:-0.092 yaw:0.0] 
1623200163092 [vl:-0.0935 vr:-0.0775 yaw:0.0] 
1623200163144 [vl:-0.1085 vr:-0.092 yaw:0.0] 
1623200163198 [vl:-0.0935 vr:-0.1065 yaw:0.0] 
1623200163248 [vl:-0.1085 vr:-0.1085 yaw:0.0] 
1623200163292 [vl:-0.1085 vr:-0.092 yaw:0.0] 
1623200163344 [vl:-0.1085 vr:-0.092 yaw:0.0] 
1623200163394 [vl:-0.125 vr:-0.1085 yaw:0.0] 
1623200163444 [vl:-0.1085 vr:-0.123 yaw:0.0] 
1623200163492 [vl:-0.1085 vr:-0.123 yaw:0.0] 
1623200163544 [vl:-0.1085 vr:-0.1085 yaw:0.0] 
1623200163592 [vl:-0.1085 vr:-0.123 yaw:0.0] 
1623200163644 [vl:-0.0935 vr:-0.123 yaw:0.0] 
1623200163692 [vl:-0.125 vr:-0.123 yaw:0.0] 
1623200163744 [vl:-0.11 vr:-0.123 yaw:0.0] 
1623200163792 [vl:-0.125 vr:-0.1375 yaw:0.0] 
1623200163844 [vl:-0.125 vr:-0.123 yaw:0.0] 
1623200163892 [vl:-0.1085 vr:-0.123 yaw:0.0] 
1623200163944 [vl:-0.125 vr:-0.121 yaw:0.0] 
1623200163992 [vl:-0.125 vr:-0.1065 yaw:0.0] 
1623200164044 [vl:-0.125 vr:-0.1375 yaw:0.0] 
1623200164092 [vl:-0.125 vr:-0.123 yaw:0.0] 
1623200164144 [vl:-0.125 vr:-0.1375 yaw:0.0] 
1623200164192 [vl:-0.125 vr:-0.1395 yaw:0.0] 
1623200164244 [vl:-0.14 vr:-0.123 yaw:0.0] 
1623200164292 [vl:-0.125 vr:-0.1375 yaw:0.0] 
1623200164344 [vl:-0.14 vr:-0.1375 yaw:0.0] 
1623200164392 [vl:-0.14 vr:-0.1375 yaw:0.0] 
1623200164444 [vl:-0.14 vr:-0.1515 yaw:0.0] 
1623200164496 [vl:-0.125 vr:-0.154 yaw:0.0] 
1623200164544 [vl:-0.125 vr:-0.123 yaw:0.0] 
1623200164592 [vl:-0.125 vr:-0.1375 yaw:0.0] 
1623200164644 [vl:-0.14 vr:-0.1375 yaw:0.0] 
1623200164692 [vl:-0.14 vr:-0.1375 yaw:0.0] 
1623200164744 [vl:-0.14 vr:-0.123 yaw:0.0] 
1623200164792 [vl:-0.1415 vr:-0.1375 yaw:0.0] 
1623200164844 [vl:-0.125 vr:-0.1375 yaw:0.0] 
1623200164892 [vl:-0.1565 vr:-0.154 yaw:0.0] 
1623200164944 [vl:-0.125 vr:-0.1515 yaw:0.0] 
1623200164992 [vl:-0.1565 vr:-0.1375 yaw:0.0] 
1623200165044 [vl:-0.125 vr:-0.1375 yaw:0.0] 
1623200165092 [vl:-0.14 vr:-0.123 yaw:0.0] 
1623200165144 [vl:-0.1565 vr:-0.154 yaw:0.0] 
1623200165192 [vl:-0.1715 vr:-0.1375 yaw:0.0] 
1623200165244 [vl:-0.14 vr:-0.154 yaw:0.0] 
1623200165292 [vl:-0.1565 vr:-0.1375 yaw:0.0] 
1623200165344 [vl:-0.1565 vr:-0.123 yaw:0.0] 
1623200165392 [vl:-0.14 vr:-0.154 yaw:0.0] 
1623200165444 [vl:-0.1565 vr:-0.1395 yaw:0.0] 
1623200165492 [vl:-0.1565 vr:-0.1375 yaw:0.0] 
1623200165544 [vl:-0.14 vr:-0.154 yaw:0.0] 
1623200165592 [vl:-0.1565 vr:-0.154 yaw:0.0] 
1623200165644 [vl:-0.1565 vr:-0.1375 yaw:0.0] 
1623200165692 [vl:-0.1415 vr:-0.154 yaw:0.0] 
1623200165744 [vl:-0.1565 vr:-0.1375 yaw:0.0] 
1623200165792 [vl:-0.14 vr:-0.1375 yaw:0.0] 
1623200165835 [log_latest_command] [[ b y t e a r r a y ( b ' \ x a a \ x f f \ x a 0 \ x 0 2 I \ x 0 f \ x 0 e ' ) ]] 
1623200165860 [vl:-0.14 vr:-0.1375 yaw:0.0] 
1623200165892 [vl:-0.062 vr:-0.061 yaw:0.0] 
1623200165948 [vl:-0.0305 vr:-0.0465 yaw:0.0] 
1623200165992 [vl:-0.0145 vr:-0.03 yaw:0.0] 
1623200166044 [vl:0.0 vr:-0.016 yaw:0.0] 
1623200166092 [vl:0.0 vr:0.0 yaw:0.0] 
1623200166143 [vl:-0.016 vr:0.0 yaw:0.0] 
1623200166192 [vl:0.0 vr:0.0 yaw:0.0] 
1623200166244 [vl:0.0 vr:0.0 yaw:0.0] 
1623200166293 [vl:-0.016 vr:0.0 yaw:0.0] 
1623200166344 [vl:0.0 vr:0.016 yaw:0.0] 
1623200166392 [vl:0.0 vr:0.0 yaw:0.0] 
1623200166445 [vl:-0.016 vr:-0.016 yaw:0.0] 
1623200166494 [vl:0.0 vr:0.0 yaw:0.0] 
1623200166544 [vl:0.0 vr:0.0 yaw:0.0] 
1623200166592 [vl:-0.016 vr:0.0 yaw:0.0] 
1623200166639 [log_latest_command] [[ b y t e a r r a y ( b ' \ x a a \ x f f \ x a 0 \ x 0 2 I \ x 0 f \ x 0 e ' ) ]] 
1623200166652 [vl:-0.016 vr:0.0 yaw:0.0] 
1623200166692 [vl:0.0455 vr:0.0465 yaw:0.0] 
1623200166744 [vl:0.062 vr:0.061 yaw:0.0] 
1623200166792 [vl:0.0635 vr:0.0775 yaw:0.0] 
1623200166844 [vl:0.062 vr:0.061 yaw:0.0] 
1623200166892 [vl:0.0935 vr:0.061 yaw:0.0] 
1623200166944 [vl:0.077 vr:0.0775 yaw:0.0] 
1623200166992 [vl:0.077 vr:0.092 yaw:0.0] 
1623200167044 [vl:0.0935 vr:0.092 yaw:0.0] 
1623200167092 [vl:0.0935 vr:0.061 yaw:0.0] 
1623200167143 [vl:0.125 vr:0.092 yaw:0.0] 
1623200167196 [vl:0.0935 vr:0.092 yaw:0.0] 
1623200167244 [vl:0.11 vr:0.0775 yaw:0.0] 
1623200167292 [vl:0.0935 vr:0.092 yaw:0.0] 
1623200167344 [vl:0.0935 vr:0.092 yaw:0.0] 
1623200167392 [vl:0.11 vr:0.092 yaw:0.0] 
1623200167444 [vl:0.125 vr:0.1065 yaw:0.0] 
1623200167492 [vl:0.11 vr:0.092 yaw:0.0] 
1623200167544 [vl:0.1085 vr:0.092 yaw:0.0] 
1623200167592 [vl:0.1085 vr:0.1065 yaw:0.0] 
1623200167649 [vl:0.11 vr:0.123 yaw:0.0] 
1623200167692 [vl:0.1085 vr:0.1065 yaw:0.0] 
1623200167744 [vl:0.1085 vr:0.123 yaw:0.0] 
1623200167792 [vl:0.125 vr:0.1085 yaw:0.0] 
1623200167844 [vl:0.1085 vr:0.123 yaw:0.0] 
1623200167892 [vl:0.1085 vr:0.123 yaw:0.0] 
1623200167944 [vl:0.125 vr:0.123 yaw:0.0] 
1623200167992 [vl:0.1085 vr:0.123 yaw:0.0] 
1623200168044 [vl:0.125 vr:0.123 yaw:0.0] 
1623200168092 [vl:0.125 vr:0.123 yaw:0.0] 
1623200168144 [vl:0.125 vr:0.1375 yaw:0.0] 
1623200168192 [vl:0.1235 vr:0.1375 yaw:0.0] 
1623200168244 [vl:0.14 vr:0.123 yaw:0.0] 
1623200168292 [vl:0.1415 vr:0.1375 yaw:0.0] 
1623200168344 [vl:0.125 vr:0.1375 yaw:0.0] 
1623200168392 [vl:0.14 vr:0.1375 yaw:0.0] 
1623200168444 [vl:0.14 vr:0.1375 yaw:0.0] 
1623200168492 [vl:0.125 vr:0.1395 yaw:0.0] 
1623200168544 [vl:0.14 vr:0.123 yaw:0.0] 
1623200168592 [vl:0.1565 vr:0.1375 yaw:0.0] 
1623200168644 [vl:0.1565 vr:0.1375 yaw:0.0] 
1623200168688 [log_latest_command] [[ b y t e a r r a y ( b ' \ x a a \ x f f \ x a 0 \ x 0 2 I \ x 0 f \ x 0 e ' ) ]] 
1623200168724 [vl:0.1565 vr:0.1375 yaw:0.0] 
1623200168744 [vl:0.0145 vr:0.03 yaw:0.0] 
1623200168792 [vl:0.016 vr:0.0 yaw:0.0] 
1623200168844 [vl:0.0 vr:0.0 yaw:0.0] 
1623200168892 [vl:0.0 vr:0.0 yaw:0.0] 
1623200168944 [vl:0.0 vr:0.0 yaw:0.0] 
1623200168992 [vl:0.0 vr:0.0 yaw:0.0] 
1623200169044 [vl:0.0 vr:0.0 yaw:0.0] 
1623200169092 [vl:0.0 vr:0.0 yaw:0.0] 
1623200169144 [vl:0.0 vr:0.0 yaw:0.0] 
1623200169192 [vl:0.0 vr:0.0 yaw:0.0] 
1623200169244 [vl:0.0 vr:0.0 yaw:0.0] 
1623200169292 [vl:0.0 vr:0.0 yaw:0.0] 
1623200169348 [vl:0.0 vr:0.0 yaw:0.0] 
1623200169394 [vl:0.0 vr:0.0 yaw:0.0] 
1623200169448 [vl:0.0 vr:0.0 yaw:0.0] 
1623200169492 [vl:0.0 vr:0.0 yaw:0.0] 
1623200169544 [vl:0.0 vr:0.0 yaw:0.0] 
1623200169592 [vl:0.0 vr:0.0 yaw:0.0] 
1623200169644 [vl:0.0 vr:0.0 yaw:0.0] 
1623200169692 [vl:0.0 vr:0.0 yaw:0.0] 
1623200169744 [vl:0.0 vr:0.0 yaw:0.0] 
1623200169792 [vl:0.0 vr:0.0 yaw:0.0] 
1623200169844 [vl:0.0 vr:0.0 yaw:0.0] 
1623200169892 [vl:0.0 vr:0.0 yaw:0.0] 
1623200169944 [vl:0.0 vr:0.0 yaw:0.0] 
1623200169995 [vl:0.0 vr:0.0 yaw:0.0] 
1623200170057 [vl:0.0 vr:0.0 yaw:0.0] 
1623200170094 [vl:0.0 vr:0.0 yaw:0.0] 
1623200170144 [vl:0.0 vr:0.0 yaw:0.0] 
1623200170192 [vl:0.0 vr:0.0 yaw:0.0] 
1623200170244 [vl:0.0 vr:0.0 yaw:0.0] 
1623200170301 [vl:0.0 vr:0.0 yaw:0.0] 
1623200170344 [vl:0.0 vr:0.0 yaw:0.0] 
1623200170392 [vl:0.0 vr:0.0 yaw:0.0] 
1623200170444 [vl:0.0 vr:0.0 yaw:0.0] 
1623200170492 [vl:0.0 vr:0.0 yaw:0.0] 
1623200170544 [vl:0.0 vr:0.0 yaw:0.0] 
1623200170592 [vl:0.0 vr:0.0 yaw:0.0] 
1623200170644 [vl:0.0 vr:0.0 yaw:0.0] 
1623200170692 [vl:0.0 vr:0.0 yaw:0.0] 
1623200170744 [vl:0.0 vr:0.0 yaw:0.0] 
1623200170792 [vl:0.0 vr:0.0 yaw:0.0] 
1623200170844 [vl:0.0 vr:0.0 yaw:0.0] 
1623200170891 [vl:0.0 vr:0.0 yaw:0.0] 
1623200170944 [vl:0.0 vr:0.0 yaw:0.0] 
1623200170992 [vl:0.0 vr:0.0 yaw:0.0] 
1623200171044 [vl:0.0 vr:0.0 yaw:0.0] 
1623200171093 [vl:0.0 vr:0.0 yaw:0.0] 
1623200171144 [vl:0.0 vr:0.0 yaw:0.0] 
1623200171192 [vl:0.0 vr:0.0 yaw:0.0] 
1623200171244 [vl:0.0 vr:0.0 yaw:0.0] 
1623200171292 [vl:0.0 vr:0.0 yaw:0.0] 
1623200171344 [vl:0.0 vr:0.0 yaw:0.0] 
1623200171392 [vl:0.0 vr:0.0 yaw:0.0] 
1623200171444 [vl:0.0 vr:0.0 yaw:0.0] 
1623200171492 [vl:0.0 vr:0.0 yaw:0.0] 
1623200171544 [vl:0.0 vr:0.0 yaw:0.0] 
1623200171592 [vl:0.0 vr:0.0 yaw:0.0] 
1623200171644 [vl:0.0 vr:0.0 yaw:0.0] 
1623200171692 [vl:0.0 vr:0.0 yaw:0.0] 
1623200171744 [vl:0.0 vr:0.0 yaw:0.0] 
1623200171792 [vl:0.0 vr:0.0 yaw:0.0] 
1623200171844 [vl:0.0 vr:0.0 yaw:0.0] 
1623200171892 [vl:0.0 vr:0.0 yaw:0.0] 
1623200171944 [vl:0.0 vr:0.0 yaw:0.0] 
1623200171992 [vl:0.0 vr:0.0 yaw:0.0] 
1623200172044 [vl:0.0 vr:0.0 yaw:0.0] 
1623200172092 [vl:0.0 vr:0.0 yaw:0.0] 
1623200172144 [vl:0.0 vr:0.0 yaw:0.0] 
1623200172192 [vl:0.0 vr:0.0 yaw:0.0] 
1623200172244 [vl:0.0 vr:0.0 yaw:0.0] 
1623200172293 [vl:0.0 vr:0.0 yaw:0.0] 
1623200172344 [vl:0.0 vr:0.0 yaw:0.0] 
1623200172400 [vl:0.0 vr:0.0 yaw:0.0] 
1623200172448 [vl:0.0 vr:0.0 yaw:0.0] 
1623200172492 [vl:0.0 vr:0.0 yaw:0.0] 
1623200172544 [vl:0.0 vr:0.0 yaw:0.0] 
1623200172592 [vl:0.0 vr:0.0 yaw:0.0] 
1623200172644 [vl:0.0 vr:0.0 yaw:0.0] 
1623200172692 [vl:0.0 vr:0.0 yaw:0.0] 
1623200172743 [vl:0.0 vr:0.0 yaw:0.0] 
1623200172792 [vl:0.0 vr:0.0 yaw:0.0] 
1623200172844 [vl:0.0 vr:0.0 yaw:0.0] 
1623200172892 [vl:0.0 vr:0.0 yaw:0.0] 
1623200172948 [vl:0.0 vr:0.0 yaw:0.0] 
1623200172992 [vl:0.0 vr:0.0 yaw:0.0] 
1623200173044 [vl:0.0 vr:0.0 yaw:0.0] 
1623200173092 [vl:0.0 vr:0.0 yaw:0.0] 
1623200173144 [vl:0.0 vr:0.0 yaw:0.0] 
1623200173192 [vl:0.0 vr:0.0 yaw:0.0] 
1623200173244 [vl:0.0 vr:0.0 yaw:0.0] 
1623200173292 [vl:0.0 vr:0.0 yaw:0.0] 
1623200173344 [vl:0.0 vr:0.0 yaw:0.0] 
1623200173392 [vl:0.0 vr:0.0 yaw:0.0] 
1623200173444 [vl:0.0 vr:0.0 yaw:0.0] 
1623200173492 [vl:0.0 vr:0.0 yaw:0.0] 
1623200173544 [vl:0.0 vr:0.0 yaw:0.0] 
1623200173592 [vl:0.0 vr:0.0 yaw:0.0] 
1623200173644 [vl:0.0 vr:0.0 yaw:0.0] 
1623200173692 [vl:0.0 vr:0.0 yaw:0.0] 
1623200173744 [vl:0.0 vr:0.0 yaw:0.0] 
1623200173792 [vl:0.0 vr:0.0 yaw:0.0] 
1623200173844 [vl:0.0 vr:0.0 yaw:0.0] 
1623200173892 [vl:0.0 vr:0.0 yaw:0.0] 
1623200173944 [vl:0.0 vr:0.0 yaw:0.0] 
1623200173992 [vl:0.0 vr:0.0 yaw:0.0] 
1623200174044 [vl:0.0 vr:0.0 yaw:0.0] 
1623200174092 [vl:0.0 vr:0.0 yaw:0.0] 
1623200174144 [vl:0.0 vr:0.0 yaw:0.0] 
1623200174192 [vl:0.0 vr:0.0 yaw:0.0] 
1623200174244 [vl:0.0 vr:0.0 yaw:0.0] 
1623200174291 [vl:0.0 vr:0.0 yaw:0.0] 
1623200174344 [vl:0.0 vr:0.0 yaw:0.0] 
1623200174391 [vl:0.0 vr:0.0 yaw:0.0] 
1623200174444 [vl:0.0 vr:0.0 yaw:0.0] 
1623200174492 [vl:0.0 vr:0.0 yaw:0.0] 
1623200174544 [vl:0.0 vr:0.0 yaw:0.0] 
1623200174592 [vl:0.0 vr:0.0 yaw:0.0] 
1623200174644 [vl:0.0 vr:0.0 yaw:0.0] 
1623200174692 [vl:0.0 vr:0.0 yaw:0.0] 
1623200174744 [vl:0.0 vr:0.0 yaw:0.0] 
1623200174792 [vl:0.0 vr:0.0 yaw:0.0] 
1623200174844 [vl:0.0 vr:0.0 yaw:0.0] 
1623200174891 [vl:0.0 vr:0.0 yaw:0.0] 
1623200174944 [vl:0.0 vr:0.0 yaw:0.0] 
1623200174991 [vl:0.0 vr:0.0 yaw:0.0] 
1623200175044 [vl:0.0 vr:0.0 yaw:0.0] 
1623200175091 [vl:0.0 vr:0.0 yaw:0.0] 
1623200175144 [vl:0.0 vr:0.0 yaw:0.0] 
1623200175193 [vl:0.0 vr:0.0 yaw:0.0] 
1623200175244 [vl:0.0 vr:0.0 yaw:0.0] 
1623200175292 [vl:0.0 vr:0.0 yaw:0.0] 
1623200175344 [vl:0.0 vr:0.0 yaw:0.0] 
1623200175392 [vl:0.0 vr:0.0 yaw:0.0] 
1623200175444 [vl:0.0 vr:0.0 yaw:0.0] 
1623200175492 [vl:0.0 vr:0.0 yaw:0.0] 
1623200175544 [vl:0.0 vr:0.0 yaw:0.0] 
1623200175592 [vl:0.0 vr:0.0 yaw:0.0] 
1623200175644 [vl:0.0 vr:0.0 yaw:0.0] 
1623200175691 [vl:0.0 vr:0.0 yaw:0.0] 
1623200175744 [vl:0.0 vr:0.0 yaw:0.0] 
1623200175793 [vl:0.0 vr:0.0 yaw:0.0] 
1623200175844 [vl:0.0 vr:0.0 yaw:0.0] 
1623200175892 [vl:0.0 vr:0.0 yaw:0.0] 
1623200175944 [vl:0.0 vr:0.0 yaw:0.0] 
1623200175992 [vl:0.0 vr:0.0 yaw:0.0] 
1623200176044 [vl:0.0 vr:0.0 yaw:0.0] 
1623200176091 [vl:0.0 vr:0.0 yaw:0.0] 
1623200176143 [vl:0.0 vr:0.0 yaw:0.0] 
1623200176191 [vl:0.0 vr:0.0 yaw:0.0] 
1623200176244 [vl:0.0 vr:0.0 yaw:0.0] 
1623200176296 [vl:0.0 vr:0.0 yaw:0.0] 
1623200176344 [vl:0.0 vr:0.0 yaw:0.0] 
1623200176392 [vl:0.0 vr:0.0 yaw:0.0] 
1623200176447 [vl:0.0 vr:0.0 yaw:0.0] 
1623200176496 [vl:0.0 vr:0.0 yaw:0.0] 
1623200176544 [vl:0.0 vr:0.0 yaw:0.0] 
1623200176592 [vl:0.0 vr:0.0 yaw:0.0] 
1623200176645 [vl:0.0 vr:0.0 yaw:0.0] 
1623200176692 [vl:0.0 vr:0.0 yaw:0.0] 
1623200176744 [vl:0.0 vr:0.0 yaw:0.0] 
1623200176792 [vl:0.0 vr:0.0 yaw:0.0] 
1623200176844 [vl:0.0 vr:0.0 yaw:0.0] 
1623200176892 [vl:0.0 vr:0.0 yaw:0.0] 
1623200176944 [vl:0.0 vr:0.0 yaw:0.0] 
1623200176992 [vl:0.0 vr:0.0 yaw:0.0] 
1623200177044 [vl:0.0 vr:0.0 yaw:0.0] 
1623200177092 [vl:0.0 vr:0.0 yaw:0.0] 
1623200177144 [vl:0.0 vr:0.0 yaw:0.0] 
1623200177192 [vl:0.0 vr:0.0 yaw:0.0] 
1623200177244 [vl:0.0 vr:0.0 yaw:0.0] 
1623200177291 [vl:0.0 vr:0.0 yaw:0.0] 
1623200177343 [vl:0.0 vr:0.0 yaw:0.0] 
1623200177391 [vl:0.0 vr:0.0 yaw:0.0] 
1623200177444 [vl:0.0 vr:0.0 yaw:0.0] 
1623200177492 [vl:0.0 vr:0.0 yaw:0.0] 
1623200177544 [vl:0.0 vr:0.0 yaw:0.0] 
1623200177592 [vl:0.0 vr:0.0 yaw:0.0] 
1623200177644 [vl:0.0 vr:0.0 yaw:0.0] 
1623200177692 [vl:0.0 vr:0.0 yaw:0.0] 
1623200177744 [vl:0.0 vr:0.0 yaw:0.0] 
1623200177792 [vl:0.0 vr:0.0 yaw:0.0] 
1623200177844 [vl:0.0 vr:0.0 yaw:0.0] 
1623200177894 [vl:0.0 vr:0.0 yaw:0.0] 
1623200177944 [vl:0.0 vr:0.0 yaw:0.0] 
1623200177992 [vl:0.0 vr:0.0 yaw:0.0] 
1623200178044 [vl:0.0 vr:0.0 yaw:0.0] 
1623200178092 [vl:0.0 vr:0.0 yaw:0.0] 
1623200178144 [vl:0.0 vr:0.0 yaw:0.0] 
1623200178192 [vl:0.0 vr:0.0 yaw:0.0] 
1623200178243 [vl:0.0 vr:0.0 yaw:0.0] 
1623200178296 [vl:0.0 vr:0.0 yaw:0.0] 
1623200178344 [vl:0.0 vr:0.0 yaw:0.0] 
1623200178392 [vl:0.0 vr:0.0 yaw:0.0] 
1623200178443 [vl:0.0 vr:0.0 yaw:0.0] 
1623200178492 [vl:0.0 vr:0.0 yaw:0.0] 
1623200178544 [vl:0.0 vr:0.0 yaw:0.0] 
1623200178592 [vl:0.0 vr:0.0 yaw:0.0] 
1623200178644 [vl:0.0 vr:0.0 yaw:0.0] 
1623200178692 [vl:0.0 vr:0.0 yaw:0.0] 
1623200178744 [vl:0.0 vr:0.0 yaw:0.0] 
1623200178792 [vl:0.0 vr:0.0 yaw:0.0] 
1623200178844 [vl:0.0 vr:0.0 yaw:0.0] 
1623200178892 [vl:0.0 vr:0.0 yaw:0.0] 
1623200178944 [vl:0.0 vr:0.0 yaw:0.0] 
1623200178998 [vl:0.0 vr:0.0 yaw:0.0] 
