1619625639074 [Opening serial port: /dev/ttyTHS1.] 
1619625639376 [The robot is connected to ] [/dev/ttyTHS1] 
1619625639377 [Initial robot's topic...] 
1619625644994 [Data from: [w]] 
1619625651029 [log_latest_command] [[ b y t e a r r a y ( b ' \ x a a \ x f f \ x a 2 \ x 8 8 \ x 1 3 \ x 8 8 \ x 1 3 \ x f e \ x 8 1 \ n \ r ' ) ]] 
1619625651029 [Data from: [ ]] 
1619625651252 [log_latest_command] [[ b y t e a r r a y ( b ' \ x a a \ x f f \ x a 5 \ x f f N \ n \ r ' ) ]] 
1619625651252 [Data from: [w]] 
1619625656789 [log_latest_command] [[ b y t e a r r a y ( b ' \ x a a \ x f f \ x a 2 \ x 8 8 \ x 1 3 \ x 8 8 \ x 1 3 \ x f e \ x 8 1 \ n \ r ' ) ]] 
1619625656789 [Data from: [ ]] 
1619625657012 [log_latest_command] [[ b y t e a r r a y ( b ' \ x a a \ x f f \ x a 5 \ x f f N \ n \ r ' ) ]] 
1619625657012 [Data from: [w]] 
1619625662052 [log_latest_command] [[ b y t e a r r a y ( b ' \ x a a \ x f f \ x a 2 \ x 8 8 \ x 1 3 \ x 8 8 \ x 1 3 \ x f e \ x 8 1 \ n \ r ' ) ]] 
1619625662052 [Data from: [ ]] 
1619625662278 [log_latest_command] [[ b y t e a r r a y ( b ' \ x a a \ x f f \ x a 5 \ x f f N \ n \ r ' ) ]] 
1619625662278 [Data from: [w]] 
1619625667814 [log_latest_command] [[ b y t e a r r a y ( b ' \ x a a \ x f f \ x a 2 \ x 8 8 \ x 1 3 \ x 8 8 \ x 1 3 \ x f e \ x 8 1 \ n \ r ' ) ]] 
1619625667814 [Data from: [w]] 
1619625673852 [log_latest_command] [[ b y t e a r r a y ( b ' \ x a a \ x f f \ x a 2 \ x 8 8 \ x 1 3 \ x 8 8 \ x 1 3 \ x f e \ x 8 1 \ n \ r ' ) ]] 
1619625673852 [Data from: [w]] 
1619625679895 [log_latest_command] [[ b y t e a r r a y ( b ' \ x a a \ x f f \ x a 2 \ x 8 8 \ x 1 3 \ x 8 8 \ x 1 3 \ x f e \ x 8 1 \ n \ r ' ) ]] 
1619625679895 [Data from: [w]] 
1619625685931 [log_latest_command] [[ b y t e a r r a y ( b ' \ x a a \ x f f \ x a 2 \ x 8 8 \ x 1 3 \ x 8 8 \ x 1 3 \ x f e \ x 8 1 \ n \ r ' ) ]] 
1619625685931 [Data from: [w]] 
1619625691974 [log_latest_command] [[ b y t e a r r a y ( b ' \ x a a \ x f f \ x a 2 \ x 8 8 \ x 1 3 \ x 8 8 \ x 1 3 \ x f e \ x 8 1 \ n \ r ' ) ]] 
1619625691974 [Data from: [w]] 
1619625698008 [log_latest_command] [[ b y t e a r r a y ( b ' \ x a a \ x f f \ x a 2 \ x 8 8 \ x 1 3 \ x 8 8 \ x 1 3 \ x f e \ x 8 1 \ n \ r ' ) ]] 
1619625698008 [Data from: [w]] 
1619625704043 [log_latest_command] [[ b y t e a r r a y ( b ' \ x a a \ x f f \ x a 2 \ x 8 8 \ x 1 3 \ x 8 8 \ x 1 3 \ x f e \ x 8 1 \ n \ r ' ) ]] 
1619625704044 [Data from: [w]] 
1619625710079 [log_latest_command] [[ b y t e a r r a y ( b ' \ x a a \ x f f \ x a 2 \ x 8 8 \ x 1 3 \ x 8 8 \ x 1 3 \ x f e \ x 8 1 \ n \ r ' ) ]] 
1619625710079 [Data from: [w]] 
1619625716114 [log_latest_command] [[ b y t e a r r a y ( b ' \ x a a \ x f f \ x a 2 \ x 8 8 \ x 1 3 \ x 8 8 \ x 1 3 \ x f e \ x 8 1 \ n \ r ' ) ]] 
1619625716114 [Data from: [w]] 
1619625722155 [log_latest_command] [[ b y t e a r r a y ( b ' \ x a a \ x f f \ x a 2 \ x 8 8 \ x 1 3 \ x 8 8 \ x 1 3 \ x f e \ x 8 1 \ n \ r ' ) ]] 
1619625722155 [Data from: [w]] 
1619625727714 [log_latest_command] [[ b y t e a r r a y ( b ' \ x a a \ x f f \ x a 2 \ x 8 8 \ x 1 3 \ x 8 8 \ x 1 3 \ x f e \ x 8 1 \ n \ r ' ) ]] 
1619625727714 [Data from: [w]] 
1619625733750 [log_latest_command] [[ b y t e a r r a y ( b ' \ x a a \ x f f \ x a 2 \ x 8 8 \ x 1 3 \ x 8 8 \ x 1 3 \ x f e \ x 8 1 \ n \ r ' ) ]] 
1619625733750 [Data from: [w]] 
1619625739789 [log_latest_command] [[ b y t e a r r a y ( b ' \ x a a \ x f f \ x a 2 \ x 8 8 \ x 1 3 \ x 8 8 \ x 1 3 \ x f e \ x 8 1 \ n \ r ' ) ]] 
1619625739789 [Data from: [w]] 
1619625745824 [log_latest_command] [[ b y t e a r r a y ( b ' \ x a a \ x f f \ x a 2 \ x 8 8 \ x 1 3 \ x 8 8 \ x 1 3 \ x f e \ x 8 1 \ n \ r ' ) ]] 
1619625745824 [Data from: [w]] 
1619625751863 [log_latest_command] [[ b y t e a r r a y ( b ' \ x a a \ x f f \ x a 2 \ x 8 8 \ x 1 3 \ x 8 8 \ x 1 3 \ x f e \ x 8 1 \ n \ r ' ) ]] 
1619625751863 [Data from: [w]] 
1619625757914 [log_latest_command] [[ b y t e a r r a y ( b ' \ x a a \ x f f \ x a 2 \ x 8 8 \ x 1 3 \ x 8 8 \ x 1 3 \ x f e \ x 8 1 \ n \ r ' ) ]] 
1619625757914 [Data from: [w]] 
1619625763970 [log_latest_command] [[ b y t e a r r a y ( b ' \ x a a \ x f f \ x a 2 \ x 8 8 \ x 1 3 \ x 8 8 \ x 1 3 \ x f e \ x 8 1 \ n \ r ' ) ]] 
1619625763970 [Data from: [w]] 
1619625770006 [log_latest_command] [[ b y t e a r r a y ( b ' \ x a a \ x f f \ x a 2 \ x 8 8 \ x 1 3 \ x 8 8 \ x 1 3 \ x f e \ x 8 1 \ n \ r ' ) ]] 
1619625770006 [Data from: [w]] 
1619625776041 [log_latest_command] [[ b y t e a r r a y ( b ' \ x a a \ x f f \ x a 2 \ x 8 8 \ x 1 3 \ x 8 8 \ x 1 3 \ x f e \ x 8 1 \ n \ r ' ) ]] 
1619625776041 [Data from: [w]] 
1619625782085 [log_latest_command] [[ b y t e a r r a y ( b ' \ x a a \ x f f \ x a 2 \ x 8 8 \ x 1 3 \ x 8 8 \ x 1 3 \ x f e \ x 8 1 \ n \ r ' ) ]] 
1619625782085 [Data from: [w]] 
1619625788122 [log_latest_command] [[ b y t e a r r a y ( b ' \ x a a \ x f f \ x a 2 \ x 8 8 \ x 1 3 \ x 8 8 \ x 1 3 \ x f e \ x 8 1 \ n \ r ' ) ]] 
1619625788122 [Data from: [w]] 
