1621699101942 [Opening serial port: /dev/ttyTHS1.] 
1621699102267 [The robot is connected to ] [/dev/ttyTHS1] 
1621699102267 [Initial robot's topic...] 
1621699102273 [Start initializing navigation] 
1621699102273 [Start initializing navigation topic] 
1621699102337 [Initialization navigation topic finished] 
1621699102347 [Initialization navigation finished] 
1621699102471 [Update odom] 
1621699102482 [vx:0.0 vy:0.0 yaw:-2.59491834687] 
1621699102571 [Update odom] 
1621699102583 [vx:0.0 vy:0.0 yaw:-2.60148978441] 
1621699102671 [Update odom] 
1621699102686 [vx:0.0 vy:0.0 yaw:-2.60130142753] 
1621699102771 [Update odom] 
1621699102782 [vx:0.0 vy:0.0 yaw:-2.60047723224] 
1621699102871 [Update odom] 
1621699102882 [vx:0.0 vy:0.0 yaw:-2.60514061593] 
1621699102971 [Update odom] 
1621699102982 [vx:0.0 vy:0.0 yaw:-2.58927021071] 
1621699103071 [Update odom] 
1621699103083 [vx:0.0 vy:0.0 yaw:-2.57527670405] 
1621699103171 [Update odom] 
1621699103183 [vx:0.0 vy:0.0 yaw:-2.57015661342] 
1621699103271 [Update odom] 
1621699103282 [vx:0.0 vy:0.0 yaw:-2.56446524024] 
1621699103371 [Update odom] 
1621699103382 [vx:0.0 vy:0.0 yaw:-2.55562800423] 
1621699103471 [Update odom] 
1621699103482 [vx:0.0 vy:0.0 yaw:-2.56245133904] 
1621699103571 [Update odom] 
1621699103583 [vx:0.0 vy:0.0 yaw:-2.56499920569] 
1621699103671 [Update odom] 
1621699103683 [vx:0.0 vy:0.0 yaw:-2.56906072638] 
1621699103771 [Update odom] 
1621699103783 [vx:0.0 vy:0.0 yaw:-2.56874126362] 
1621699103871 [Update odom] 
1621699103883 [vx:0.0 vy:0.0 yaw:-2.55880945829] 
1621699103971 [Update odom] 
1621699103982 [vx:0.0 vy:0.0 yaw:-2.54809897363] 
1621699104071 [Update odom] 
1621699104083 [vx:0.0 vy:0.0 yaw:-2.54196074173] 
1621699104171 [Update odom] 
1621699104182 [vx:0.0 vy:0.0 yaw:-2.54613507796] 
1621699104271 [Update odom] 
1621699104284 [vx:0.0 vy:0.0 yaw:-2.5501949393] 
1621699104371 [Update odom] 
1621699104382 [vx:0.0 vy:0.0 yaw:-2.54696384926] 
1621699104471 [Update odom] 
1621699104483 [vx:0.0 vy:0.0 yaw:-2.54962710212] 
1621699104571 [Update odom] 
1621699104583 [vx:0.0 vy:0.0 yaw:-2.55149834387] 
1621699104671 [Update odom] 
1621699104686 [vx:0.0 vy:0.0 yaw:-2.55120176304] 
1621699104771 [Update odom] 
1621699104792 [vx:0.0 vy:0.0 yaw:-2.54581028659] 
1621699104872 [Update odom] 
1621699104876 [vx:0.0 vy:0.0 yaw:-2.5324659529] 
1621699104973 [Update odom] 
1621699104987 [vx:0.0 vy:0.0 yaw:-2.54356388392] 
1621699105071 [Update odom] 
1621699105085 [vx:0.0 vy:0.0 yaw:-2.55169736069] 
1621699105172 [Update odom] 
1621699105183 [vx:0.0 vy:0.0 yaw:-2.55580474742] 
1621699105271 [Update odom] 
1621699105282 [vx:0.0 vy:0.0 yaw:-2.56375634797] 
1621699105371 [Update odom] 
1621699105383 [vx:0.0 vy:0.0 yaw:-2.57075699265] 
1621699105471 [Update odom] 
1621699105482 [vx:0.0 vy:0.0 yaw:-2.56103809277] 
1621699105572 [Update odom] 
1621699105582 [vx:0.0 vy:0.0 yaw:-2.5506913008] 
1621699105674 [Update odom] 
1621699105686 [vx:0.0 vy:0.0 yaw:-2.5460390434] 
1621699105771 [Update odom] 
1621699105783 [vx:0.0 vy:0.0 yaw:-2.54621633549] 
1621699105871 [Update odom] 
1621699105882 [vx:0.0 vy:0.0 yaw:-2.5551688232] 
1621699105971 [Update odom] 
1621699105986 [vx:0.0 vy:0.0 yaw:-2.54816947965] 
1621699106071 [Update odom] 
1621699106091 [vx:0.0 vy:0.0 yaw:-2.53790292399] 
1621699106171 [Update odom] 
1621699106182 [vx:0.0 vy:0.0 yaw:-2.53906251943] 
1621699106273 [Update odom] 
1621699106286 [vx:0.0 vy:0.0 yaw:-2.5472337134] 
1621699106371 [Update odom] 
1621699106382 [vx:0.0 vy:0.0 yaw:-2.54960221675] 
1621699106471 [Update odom] 
1621699106482 [vx:0.0 vy:0.0 yaw:-2.54705606562] 
1621699106571 [Update odom] 
1621699106582 [vx:0.0 vy:0.0 yaw:-2.5461722748] 
1621699106672 [Update odom] 
1621699106682 [vx:0.0 vy:0.0 yaw:-2.55223553697] 
1621699106771 [Update odom] 
1621699106782 [vx:0.0 vy:0.0 yaw:-2.55920628698] 
1621699106871 [Update odom] 
1621699106885 [vx:0.0 vy:0.0 yaw:-2.5585916016] 
1621699106971 [Update odom] 
1621699106982 [vx:0.0 vy:0.0 yaw:-2.55890652461] 
1621699107071 [Update odom] 
1621699107083 [vx:0.0 vy:0.0 yaw:-2.55916132504] 
1621699107171 [Update odom] 
1621699107182 [vx:0.0 vy:0.0 yaw:-2.5515936283] 
1621699107271 [Update odom] 
1621699107282 [vx:0.0 vy:0.0 yaw:-2.54346169637] 
1621699107371 [Update odom] 
1621699107383 [vx:0.0 vy:0.0 yaw:-2.54979811508] 
1621699107471 [Update odom] 
1621699107482 [vx:0.0 vy:0.0 yaw:-2.55340549171] 
1621699107571 [Update odom] 
1621699107582 [vx:0.0 vy:0.0 yaw:-2.54001336242] 
1621699107681 [Update odom] 
1621699107694 [vx:0.0 vy:0.0 yaw:-2.53784610913] 
1621699107771 [Update odom] 
1621699107790 [vx:0.0 vy:0.0 yaw:-2.54230642326] 
1621699107871 [Update odom] 
1621699107882 [vx:0.0 vy:0.0 yaw:-2.55322595765] 
1621699107971 [Update odom] 
1621699107982 [vx:0.0 vy:0.0 yaw:-2.55848940894] 
1621699108071 [Update odom] 
1621699108082 [vx:0.0 vy:0.0 yaw:-2.54991953589] 
1621699108171 [Update odom] 
1621699108182 [vx:0.0 vy:0.0 yaw:-2.53540616868] 
1621699108271 [Update odom] 
1621699108287 [vx:0.0 vy:0.0 yaw:-2.5293521145] 
1621699108371 [Update odom] 
1621699108382 [vx:0.0 vy:0.0 yaw:-2.53014988748] 
1621699108474 [Update odom] 
1621699108490 [vx:0.0 vy:0.0 yaw:-2.53336861792] 
1621699108571 [Update odom] 
1621699108582 [vx:0.0 vy:0.0 yaw:-2.54387802321] 
1621699108671 [Update odom] 
1621699108682 [vx:0.0 vy:0.0 yaw:-2.5510874007] 
1621699108771 [Update odom] 
1621699108782 [vx:0.0 vy:0.0 yaw:-2.55186844636] 
1621699108871 [Update odom] 
1621699108898 [vx:0.0 vy:0.0 yaw:-2.55081722624] 
1621699108972 [Update odom] 
1621699108981 [vx:0.0 vy:0.0 yaw:-2.56137700588] 
1621699109071 [Update odom] 
1621699109082 [vx:0.0 vy:0.0 yaw:-2.56682769345] 
1621699109171 [Update odom] 
1621699109184 [vx:0.0 vy:0.0 yaw:-2.56240967084] 
1621699109271 [Update odom] 
1621699109283 [vx:0.0 vy:0.0 yaw:-2.55312296586] 
1621699109371 [Update odom] 
1621699109388 [vx:0.0 vy:0.0 yaw:-2.55451897684] 
1621699109471 [Update odom] 
1621699109488 [vx:0.0 vy:0.0 yaw:-2.55897927779] 
1621699109580 [Update odom] 
1621699109598 [vx:0.0 vy:0.0 yaw:-2.54874612782] 
1621699109671 [Update odom] 
1621699109682 [vx:0.0 vy:0.0 yaw:-2.55326265266] 
1621699109771 [Update odom] 
1621699109782 [vx:0.0 vy:0.0 yaw:-2.55575608916] 
1621699109872 [Update odom] 
1621699109887 [vx:0.0 vy:0.0 yaw:-2.56148147376] 
1621699109972 [Update odom] 
1621699109986 [vx:0.0 vy:0.0 yaw:-2.56806071121] 
1621699110074 [Update odom] 
1621699110088 [vx:0.0 vy:0.0 yaw:-2.57469795186] 
1621699110171 [Update odom] 
1621699110183 [vx:0.0 vy:0.0 yaw:-2.57482636133] 
1621699110271 [Update odom] 
1621699110286 [vx:0.0 vy:0.0 yaw:-2.56937243267] 
1621699110371 [Update odom] 
1621699110382 [vx:0.0 vy:0.0 yaw:-2.55832823912] 
1621699110471 [Update odom] 
1621699110483 [vx:0.0 vy:0.0 yaw:-2.55111935496] 
1621699110573 [Update odom] 
1621699110586 [vx:0.0 vy:0.0 yaw:-2.54857764766] 
1621699110671 [Update odom] 
1621699110685 [vx:0.0 vy:0.0 yaw:-2.55389604902] 
1621699110771 [Update odom] 
1621699110782 [vx:0.0 vy:0.0 yaw:-2.55951403002] 
1621699110871 [Update odom] 
1621699110882 [vx:0.0 vy:0.0 yaw:-2.5590562135] 
1621699110973 [Update odom] 
1621699110989 [vx:0.0 vy:0.0 yaw:-2.55011010328] 
1621699111071 [Update odom] 
1621699111083 [vx:0.0 vy:0.0 yaw:-2.54682622004] 
1621699111171 [Update odom] 
1621699111183 [vx:0.0 vy:0.0 yaw:-2.55451162242] 
1621699111271 [Update odom] 
1621699111283 [vx:0.0 vy:0.0 yaw:-2.56123856457] 
1621699111371 [Update odom] 
1621699111382 [vx:0.0 vy:0.0 yaw:-2.56710924093] 
1621699111471 [Update odom] 
1621699111483 [vx:0.0 vy:0.0 yaw:-2.57696668452] 
1621699111582 [Update odom] 
1621699111596 [vx:0.0 vy:0.0 yaw:-2.58249899342] 
1621699111672 [Update odom] 
1621699111682 [vx:0.0 vy:0.0 yaw:-2.57827192479] 
1621699111775 [Update odom] 
1621699111805 [vx:0.0 vy:0.0 yaw:-2.57126544132] 
1621699111872 [Update odom] 
1621699111890 [vx:0.0 vy:0.0 yaw:-2.56440988739] 
1621699111980 [Update odom] 
1621699111991 [vx:0.0 vy:0.0 yaw:-2.55820304695] 
1621699112071 [Update odom] 
1621699112084 [vx:0.0 vy:0.0 yaw:-2.55535381033] 
1621699112181 [Update odom] 
1621699112194 [vx:0.0 vy:0.0 yaw:-2.55034734628] 
1621699112271 [Update odom] 
1621699112283 [vx:0.0 vy:0.0 yaw:-2.53749898623] 
1621699112371 [Update odom] 
1621699112383 [vx:0.0 vy:0.0 yaw:-2.53972131372] 
1621699112471 [Update odom] 
1621699112486 [vx:0.0 vy:0.0 yaw:-2.53954088159] 
1621699112571 [Update odom] 
1621699112582 [vx:0.0 vy:0.0 yaw:-2.53954572676] 
1621699112672 [Update odom] 
1621699112683 [vx:0.0 vy:0.0 yaw:-2.52869562505] 
1621699112773 [Update odom] 
1621699112788 [vx:0.0 vy:0.0 yaw:-2.52141278958] 
1621699112871 [Update odom] 
1621699112887 [vx:0.0 vy:0.0 yaw:-2.52873027716] 
1621699112971 [Update odom] 
1621699112982 [vx:0.0 vy:0.0 yaw:-2.53328466738] 
1621699113072 [Update odom] 
1621699113082 [vx:0.0 vy:0.0 yaw:-2.53683199615] 
1621699113171 [Update odom] 
1621699113182 [vx:0.0 vy:0.0 yaw:-2.54019411122] 
1621699113272 [Update odom] 
1621699113282 [vx:0.0 vy:0.0 yaw:-2.55079059022] 
1621699113371 [Update odom] 
1621699113383 [vx:0.0 vy:0.0 yaw:-2.56041703085] 
1621699113472 [Update odom] 
1621699113490 [vx:0.0 vy:0.0 yaw:-2.56481400764] 
1621699113571 [Update odom] 
1621699113582 [vx:0.0 vy:0.0 yaw:-2.56755108817] 
1621699113672 [Update odom] 
1621699113682 [vx:0.0 vy:0.0 yaw:-2.56146676722] 
1621699113782 [Update odom] 
1621699113795 [vx:0.0 vy:0.0 yaw:-2.56603623898] 
1621699113875 [Update odom] 
1621699113894 [vx:0.0 vy:0.0 yaw:-2.56580633268] 
1621699113971 [Update odom] 
1621699113982 [vx:0.0 vy:0.0 yaw:-2.55092051546] 
1621699114071 [Update odom] 
1621699114082 [vx:0.0 vy:0.0 yaw:-2.54350379923] 
1621699114171 [Update odom] 
1621699114186 [vx:0.0 vy:0.0 yaw:-2.53355028921] 
1621699114277 [Update odom] 
1621699114290 [vx:0.0 vy:0.0 yaw:-2.53881356809] 
1621699114374 [Update odom] 
1621699114388 [vx:0.0 vy:0.0 yaw:-2.55091289536] 
1621699114471 [Update odom] 
1621699114486 [vx:0.0 vy:0.0 yaw:-2.56056131958] 
1621699114571 [Update odom] 
1621699114582 [vx:0.0 vy:0.0 yaw:-2.57220322319] 
1621699114674 [Update odom] 
1621699114687 [vx:0.0 vy:0.0 yaw:-2.57231213614] 
1621699114771 [Update odom] 
1621699114786 [vx:0.0 vy:0.0 yaw:-2.56481466323] 
1621699114871 [Update odom] 
1621699114910 [vx:0.0 vy:0.0 yaw:-2.55590356983] 
1621699114971 [Update odom] 
1621699114986 [vx:0.0 vy:0.0 yaw:-2.55318707026] 
1621699115072 [Update odom] 
1621699115086 [vx:0.0 vy:0.0 yaw:-2.55089883411] 
1621699115175 [Update odom] 
1621699115196 [vx:0.0 vy:0.0 yaw:-2.55850260087] 
1621699115271 [Update odom] 
1621699115283 [vx:0.0 vy:0.0 yaw:-2.57012065155] 
1621699115371 [Update odom] 
1621699115386 [vx:0.0 vy:0.0 yaw:-2.57740527229] 
1621699115472 [Update odom] 
1621699115494 [vx:0.0 vy:0.0 yaw:-2.58658373133] 
1621699115571 [Update odom] 
1621699115582 [vx:0.0 vy:0.0 yaw:-2.59105939916] 
1621699115671 [Update odom] 
1621699115682 [vx:0.0 vy:0.0 yaw:-2.57824108284] 
1621699115771 [Update odom] 
1621699115787 [vx:0.0 vy:0.0 yaw:-2.5704117656] 
1621699115872 [Update odom] 
1621699115886 [vx:0.0 vy:0.0 yaw:-2.56767386695] 
1621699115971 [Update odom] 
1621699115984 [vx:0.0 vy:0.0 yaw:-2.56625905923] 
1621699116071 [Update odom] 
1621699116083 [vx:0.0 vy:0.0 yaw:-2.57395401117] 
1621699116171 [Update odom] 
1621699116183 [vx:0.0 vy:0.0 yaw:-2.57233484156] 
1621699116271 [Update odom] 
1621699116285 [vx:0.0 vy:0.0 yaw:-2.56197534321] 
1621699116371 [Update odom] 
1621699116382 [vx:0.0 vy:0.0 yaw:-2.54748795262] 
1621699116471 [Update odom] 
1621699116487 [vx:0.0 vy:0.0 yaw:-2.53633965292] 
1621699116571 [Update odom] 
1621699116586 [vx:0.0 vy:0.0 yaw:-2.54268280854] 
1621699116671 [Update odom] 
1621699116684 [vx:0.0 vy:0.0 yaw:-2.54830448163] 
1621699116771 [Update odom] 
1621699116787 [vx:0.0 vy:0.0 yaw:-2.5467798243] 
1621699116871 [Update odom] 
1621699116883 [vx:0.0 vy:0.0 yaw:-2.54467649866] 
1621699116971 [Update odom] 
1621699116984 [vx:0.0 vy:0.0 yaw:-2.54414739869] 
1621699117071 [Update odom] 
1621699117082 [vx:0.0 vy:0.0 yaw:-2.55734137664] 
1621699117171 [Update odom] 
1621699117176 [vx:0.0 vy:0.0 yaw:-2.56804387818] 
1621699117271 [Update odom] 
1621699117284 [vx:0.0 vy:0.0 yaw:-2.57578619506] 
1621699117371 [Update odom] 
1621699117382 [vx:0.0 vy:0.0 yaw:-2.58265269734] 
1621699117473 [Update odom] 
1621699117486 [vx:0.0 vy:0.0 yaw:-2.58681725968] 
1621699117571 [Update odom] 
1621699117582 [vx:0.0 vy:0.0 yaw:-2.59259607648] 
1621699117675 [Update odom] 
1621699117686 [vx:0.0 vy:0.0 yaw:-2.58217709604] 
1621699117771 [Update odom] 
1621699117784 [vx:0.0 vy:0.0 yaw:-2.57550081113] 
1621699117873 [Update odom] 
1621699117886 [vx:0.0 vy:0.0 yaw:-2.57293112684] 
1621699117972 [Update odom] 
1621699117984 [vx:0.0 vy:0.0 yaw:-2.5727251881] 
1621699118071 [Update odom] 
1621699118082 [vx:0.0 vy:0.0 yaw:-2.57481215674] 
1621699118171 [Update odom] 
1621699118187 [vx:0.0 vy:0.0 yaw:-2.57546151734] 
1621699118273 [Update odom] 
1621699118288 [vx:0.0 vy:0.0 yaw:-2.57622245839] 
1621699118390 [Update odom] 
1621699118402 [vx:0.0 vy:0.0 yaw:-2.56858550177] 
1621699118471 [Update odom] 
1621699118489 [vx:0.0 vy:0.0 yaw:-2.57031429988] 
1621699118571 [Update odom] 
1621699118582 [vx:0.0 vy:0.0 yaw:-2.57388909001] 
1621699118671 [Update odom] 
1621699118682 [vx:0.0 vy:0.0 yaw:-2.57957823679] 
1621699118772 [Update odom] 
1621699118784 [vx:0.0 vy:0.0 yaw:-2.58393705226] 
1621699118872 [Update odom] 
1621699118883 [vx:0.0 vy:0.0 yaw:-2.58617637368] 
1621699118971 [Update odom] 
1621699118982 [vx:0.0 vy:0.0 yaw:-2.58739633344] 
1621699119071 [Update odom] 
1621699119082 [vx:0.0 vy:0.0 yaw:-2.58828565418] 
1621699119171 [Update odom] 
1621699119189 [vx:0.0 vy:0.0 yaw:-2.59200263681] 
1621699119283 [Update odom] 
1621699119295 [vx:0.0 vy:0.0 yaw:-2.58323735139] 
1621699119371 [Update odom] 
1621699119383 [vx:0.0 vy:0.0 yaw:-2.57738236045] 
1621699119472 [Update odom] 
1621699119486 [vx:0.0 vy:0.0 yaw:-2.57385157646] 
1621699119582 [Update odom] 
1621699119595 [vx:0.0 vy:0.0 yaw:-2.57371557327] 
1621699119677 [Update odom] 
1621699119691 [vx:0.0 vy:0.0 yaw:-2.56916227785] 
1621699119771 [Update odom] 
1621699119782 [vx:0.0 vy:0.0 yaw:-2.56576235822] 
1621699119887 [Update odom] 
1621699119899 [vx:0.0 vy:0.0 yaw:-2.56358901856] 
1621699119971 [Update odom] 
1621699119982 [vx:0.0 vy:0.0 yaw:-2.56470803679] 
1621699120073 [Update odom] 
1621699120086 [vx:0.0 vy:0.0 yaw:-2.57044023405] 
1621699120171 [Update odom] 
1621699120182 [vx:0.0 vy:0.0 yaw:-2.57974672297] 
1621699120297 [Update odom] 
1621699120312 [vx:0.0 vy:0.0 yaw:-2.57997199868] 
1621699120372 [Update odom] 
1621699120387 [vx:0.0 vy:0.0 yaw:-2.57572551362] 
1621699120474 [Update odom] 
1621699120487 [vx:0.0 vy:0.0 yaw:-2.57662429874] 
1621699120571 [Update odom] 
1621699120584 [vx:0.0 vy:0.0 yaw:-2.5812914821] 
1621699120688 [Update odom] 
1621699120700 [vx:0.0 vy:0.0 yaw:-2.56989018156] 
1621699120771 [Update odom] 
1621699120782 [vx:0.0 vy:0.0 yaw:-2.56400490667] 
1621699120871 [Update odom] 
1621699120887 [vx:0.0 vy:0.0 yaw:-2.56548306426] 
1621699120971 [Update odom] 
1621699120982 [vx:0.0 vy:0.0 yaw:-2.56666325763] 
1621699121071 [Update odom] 
1621699121091 [vx:0.0 vy:0.0 yaw:-2.56108433034] 
1621699121171 [Update odom] 
1621699121182 [vx:0.0 vy:0.0 yaw:-2.56872647004] 
1621699121273 [Update odom] 
1621699121287 [vx:0.0 vy:0.0 yaw:-2.57753304118] 
1621699121372 [Update odom] 
1621699121386 [vx:0.0 vy:0.0 yaw:-2.57817150576] 
1621699121472 [Update odom] 
1621699121480 [vx:0.0 vy:0.0 yaw:-2.56390031064] 
1621699121571 [Update odom] 
1621699121582 [vx:0.0 vy:0.0 yaw:-2.54617688978] 
1621699121671 [Update odom] 
1621699121684 [vx:0.0 vy:0.0 yaw:-2.55529699935] 
1621699121771 [Update odom] 
1621699121782 [vx:0.0 vy:0.0 yaw:-2.55037707696] 
1621699121871 [Update odom] 
1621699121883 [vx:0.0 vy:0.0 yaw:-2.53280351132] 
1621699121974 [Update odom] 
1621699121986 [vx:0.0 vy:0.0 yaw:-2.52873832692] 
1621699122072 [Update odom] 
1621699122082 [vx:0.0 vy:0.0 yaw:-2.5375315329] 
1621699122172 [Update odom] 
1621699122183 [vx:0.0 vy:0.0 yaw:-2.5426088189] 
1621699122271 [Update odom] 
1621699122282 [vx:0.0 vy:0.0 yaw:-2.54689390383] 
1621699122371 [Update odom] 
1621699122383 [vx:0.0 vy:0.0 yaw:-2.54449847348] 
1621699122471 [Update odom] 
1621699122490 [vx:0.0 vy:0.0 yaw:-2.54427065836] 
1621699122571 [Update odom] 
1621699122582 [vx:0.0 vy:0.0 yaw:-2.5518426607] 
1621699122671 [Update odom] 
1621699122682 [vx:0.0 vy:0.0 yaw:-2.53870984644] 
1621699122771 [Update odom] 
1621699122802 [vx:0.0 vy:0.0 yaw:-2.52620199524] 
1621699122871 [Update odom] 
1621699122883 [vx:0.0 vy:0.0 yaw:-2.52599330809] 
1621699122972 [Update odom] 
1621699122999 [vx:0.0 vy:0.0 yaw:-2.52932562841] 
1621699123071 [Update odom] 
1621699123083 [vx:0.0 vy:0.0 yaw:-2.54072385961] 
1621699123171 [Update odom] 
1621699123182 [vx:0.0 vy:0.0 yaw:-2.54849985607] 
1621699123271 [Update odom] 
1621699123282 [vx:0.0 vy:0.0 yaw:-2.55903066844] 
1621699123371 [Update odom] 
1621699123394 [vx:0.0 vy:0.0 yaw:-2.55575895923] 
1621699123471 [Update odom] 
1621699123482 [vx:0.0 vy:0.0 yaw:-2.54707246249] 
1621699123573 [Update odom] 
1621699123586 [vx:0.0 vy:0.0 yaw:-2.5368143694] 
1621699123671 [Update odom] 
1621699123696 [vx:0.0 vy:0.0 yaw:-2.54127647415] 
1621699123771 [Update odom] 
1621699123782 [vx:0.0 vy:0.0 yaw:-2.54184720764] 
1621699123871 [Update odom] 
1621699123883 [vx:0.0 vy:0.0 yaw:-2.54279755235] 
1621699123973 [Update odom] 
1621699123986 [vx:0.0 vy:0.0 yaw:-2.53793529681] 
1621699124071 [Update odom] 
1621699124085 [vx:0.0 vy:0.0 yaw:-2.53408072184] 
1621699124171 [Update odom] 
1621699124182 [vx:0.0 vy:0.0 yaw:-2.53359147111] 
1621699124271 [Update odom] 
1621699124282 [vx:0.0 vy:0.0 yaw:-2.5336230154] 
1621699124371 [Update odom] 
1621699124386 [vx:0.0 vy:0.0 yaw:-2.5417535651] 
1621699124471 [Update odom] 
1621699124488 [vx:0.0 vy:0.0 yaw:-2.54313196466] 
1621699124573 [Update odom] 
1621699124586 [vx:0.0 vy:0.0 yaw:-2.53713146345] 
1621699124672 [Update odom] 
1621699124684 [vx:0.0 vy:0.0 yaw:-2.54347238516] 
1621699124771 [Update odom] 
1621699124782 [vx:0.0 vy:0.0 yaw:-2.54963068751] 
1621699124871 [Update odom] 
1621699124883 [vx:0.0 vy:0.0 yaw:-2.54782197332] 
1621699124986 [Update odom] 
1621699125000 [vx:0.0 vy:0.0 yaw:-2.54714809995] 
1621699125071 [Update odom] 
1621699125082 [vx:0.0 vy:0.0 yaw:-2.54628313023] 
1621699125171 [Update odom] 
1621699125214 [vx:0.0 vy:0.0 yaw:-2.54302437322] 
1621699125271 [Update odom] 
1621699125291 [vx:0.0 vy:0.0 yaw:-2.54224292071] 
1621699125372 [Update odom] 
1621699125383 [vx:0.0 vy:0.0 yaw:-2.55029496797] 
1621699125471 [Update odom] 
1621699125489 [vx:0.0 vy:0.0 yaw:-2.56106924098] 
1621699125571 [Update odom] 
1621699125584 [vx:0.0 vy:0.0 yaw:-2.57011294137] 
1621699125671 [Update odom] 
1621699125686 [vx:0.0 vy:0.0 yaw:-2.56857864732] 
1621699125774 [Update odom] 
1621699125798 [vx:0.0 vy:0.0 yaw:-2.5690842872] 
1621699125871 [Update odom] 
1621699125882 [vx:0.0 vy:0.0 yaw:-2.5621100069] 
1621699125971 [Update odom] 
1621699125989 [vx:0.0 vy:0.0 yaw:-2.54184938019] 
1621699126071 [Update odom] 
1621699126083 [vx:0.0 vy:0.0 yaw:-2.52691330372] 
1621699126178 [Update odom] 
1621699126190 [vx:0.0 vy:0.0 yaw:-2.53334807608] 
1621699126271 [Update odom] 
1621699126283 [vx:0.0 vy:0.0 yaw:-2.5416057509] 
1621699126371 [Update odom] 
1621699126407 [vx:0.0 vy:0.0 yaw:-2.5374750913] 
1621699126471 [Update odom] 
1621699126482 [vx:0.0 vy:0.0 yaw:-2.53551602131] 
1621699126594 [Update odom] 
1621699126606 [vx:0.0 vy:0.0 yaw:-2.5355831862] 
1621699126671 [Update odom] 
1621699126682 [vx:0.0 vy:0.0 yaw:-2.54710070827] 
1621699126773 [Update odom] 
1621699126786 [vx:0.0 vy:0.0 yaw:-2.55639923307] 
1621699126872 [Update odom] 
1621699126882 [vx:0.0 vy:0.0 yaw:-2.55488022186] 
1621699126973 [Update odom] 
1621699126994 [vx:0.0 vy:0.0 yaw:-2.55396003928] 
1621699127076 [Update odom] 
1621699127087 [vx:0.0 vy:0.0 yaw:-2.55716172255] 
1621699127171 [Update odom] 
1621699127195 [vx:0.0 vy:0.0 yaw:-2.56586917817] 
1621699127271 [Update odom] 
1621699127285 [vx:0.0 vy:0.0 yaw:-2.5742973298] 
1621699127371 [Update odom] 
1621699127392 [vx:0.0 vy:0.0 yaw:-2.56486566424] 
1621699127473 [Update odom] 
1621699127486 [vx:0.0 vy:0.0 yaw:-2.56134196773] 
1621699127573 [Update odom] 
1621699127589 [vx:0.0 vy:0.0 yaw:-2.56335424146] 
1621699127671 [Update odom] 
1621699127682 [vx:0.0 vy:0.0 yaw:-2.56442924354] 
1621699127773 [Update odom] 
1621699127786 [vx:0.0 vy:0.0 yaw:-2.56551789476] 
1621699127871 [Update odom] 
1621699127887 [vx:0.0 vy:0.0 yaw:-2.57305915] 
1621699127971 [Update odom] 
1621699127998 [vx:0.0 vy:0.0 yaw:-2.57196538636] 
1621699128079 [Update odom] 
1621699128090 [vx:0.0 vy:0.0 yaw:-2.56210417624] 
1621699128171 [Update odom] 
1621699128195 [vx:0.0 vy:0.0 yaw:-2.55220383147] 
1621699128271 [Update odom] 
1621699128283 [vx:0.0 vy:0.0 yaw:-2.5485200577] 
1621699128377 [Update odom] 
1621699128394 [vx:0.0 vy:0.0 yaw:-2.55224935609] 
1621699128471 [Update odom] 
1621699128482 [vx:0.0 vy:0.0 yaw:-2.55035072612] 
1621699128571 [Update odom] 
1621699128582 [vx:0.0 vy:0.0 yaw:-2.54010023612] 
1621699128671 [Update odom] 
1621699128685 [vx:0.0 vy:0.0 yaw:-2.53424124499] 
1621699128771 [Update odom] 
1621699128794 [vx:0.0 vy:0.0 yaw:-2.52070049847] 
1621699128876 [Update odom] 
1621699128891 [vx:0.0 vy:0.0 yaw:-2.52648620215] 
1621699128971 [Update odom] 
1621699128982 [vx:0.0 vy:0.0 yaw:-2.53776335914] 
1621699129078 [Update odom] 
1621699129091 [vx:0.0 vy:0.0 yaw:-2.54812389143] 
1621699129171 [Update odom] 
1621699129182 [vx:0.0 vy:0.0 yaw:-2.55754975496] 
1621699129271 [Update odom] 
1621699129299 [vx:0.0 vy:0.0 yaw:-2.55172241915] 
1621699129377 [Update odom] 
1621699129392 [vx:0.0 vy:0.0 yaw:-2.55919401673] 
1621699129471 [Update odom] 
1621699129485 [vx:0.0 vy:0.0 yaw:-2.55817489589] 
1621699129572 [Update odom] 
1621699129582 [vx:0.0 vy:0.0 yaw:-2.54599900037] 
1621699129671 [Update odom] 
1621699129686 [vx:0.0 vy:0.0 yaw:-2.54305471859] 
1621699129774 [Update odom] 
1621699129815 [vx:0.0 vy:0.0 yaw:-2.54800414739] 
1621699129872 [Update odom] 
1621699129884 [vx:0.0 vy:0.0 yaw:-2.54193460062] 
1621699129971 [Update odom] 
1621699129982 [vx:0.0 vy:0.0 yaw:-2.53914496056] 
1621699130071 [Update odom] 
1621699130085 [vx:0.0 vy:0.0 yaw:-2.53726917108] 
1621699130178 [Update odom] 
1621699130191 [vx:0.0 vy:0.0 yaw:-2.53639243235] 
1621699130272 [Update odom] 
1621699130282 [vx:0.0 vy:0.0 yaw:-2.53588463479] 
1621699130371 [Update odom] 
1621699130382 [vx:0.0 vy:0.0 yaw:-2.52739363012] 
1621699130471 [Update odom] 
1621699130482 [vx:0.0 vy:0.0 yaw:-2.52871508833] 
1621699130571 [Update odom] 
1621699130583 [vx:0.0 vy:0.0 yaw:-2.54503162452] 
1621699130671 [Update odom] 
1621699130683 [vx:0.0 vy:0.0 yaw:-2.55726652536] 
1621699130793 [Update odom] 
1621699130807 [vx:0.0 vy:0.0 yaw:-2.56694114738] 
1621699130871 [Update odom] 
1621699130882 [vx:0.0 vy:0.0 yaw:-2.56432312239] 
1621699130971 [Update odom] 
1621699130982 [vx:0.0 vy:0.0 yaw:-2.55756601874] 
1621699131071 [Update odom] 
1621699131082 [vx:0.0 vy:0.0 yaw:-2.56025046486] 
1621699131171 [Update odom] 
1621699131185 [vx:0.0 vy:0.0 yaw:-2.55997316395] 
1621699131272 [Update odom] 
1621699131282 [vx:0.0 vy:0.0 yaw:-2.55156908253] 
1621699131371 [Update odom] 
1621699131384 [vx:0.0 vy:0.0 yaw:-2.55550102129] 
1621699131477 [Update odom] 
1621699131491 [vx:0.0 vy:0.0 yaw:-2.55304833896] 
1621699131572 [Update odom] 
1621699131587 [vx:0.0 vy:0.0 yaw:-2.54196944831] 
1621699131671 [Update odom] 
1621699131682 [vx:0.0 vy:0.0 yaw:-2.5326615933] 
1621699131771 [Update odom] 
1621699131782 [vx:0.0 vy:0.0 yaw:-2.52733295166] 
1621699131871 [Update odom] 
1621699131882 [vx:0.0 vy:0.0 yaw:-2.53281069523] 
1621699131971 [Update odom] 
1621699131986 [vx:0.0 vy:0.0 yaw:-2.53764237284] 
1621699132072 [Update odom] 
1621699132085 [vx:0.0 vy:0.0 yaw:-2.54408995919] 
1621699132172 [Update odom] 
1621699132205 [vx:0.0 vy:0.0 yaw:-2.55445082156] 
1621699132279 [Update odom] 
1621699132291 [vx:0.0 vy:0.0 yaw:-2.55273170005] 
1621699132371 [Update odom] 
1621699132382 [vx:0.0 vy:0.0 yaw:-2.56113747814] 
1621699132472 [Update odom] 
1621699132482 [vx:0.0 vy:0.0 yaw:-2.56247337806] 
1621699132578 [Update odom] 
1621699132591 [vx:0.0 vy:0.0 yaw:-2.56237227627] 
1621699132671 [Update odom] 
1621699132682 [vx:0.0 vy:0.0 yaw:-2.55290941906] 
1621699132771 [Update odom] 
1621699132782 [vx:0.0 vy:0.0 yaw:-2.56176768208] 
1621699132871 [Update odom] 
1621699132925 [vx:0.0 vy:0.0 yaw:-2.56877383896] 
1621699132971 [Update odom] 
1621699132987 [vx:0.0 vy:0.0 yaw:-2.57411870648] 
1621699133071 [Update odom] 
1621699133082 [vx:0.0 vy:0.0 yaw:-2.57667956738] 
1621699133172 [Update odom] 
1621699133183 [vx:0.0 vy:0.0 yaw:-2.58241781619] 
1621699133271 [Update odom] 
1621699133282 [vx:0.0 vy:0.0 yaw:-2.59184154462] 
1621699133371 [Update odom] 
1621699133382 [vx:0.0 vy:0.0 yaw:-2.58182151623] 
1621699133471 [Update odom] 
1621699133482 [vx:0.0 vy:0.0 yaw:-2.57328313998] 
1621699133575 [Update odom] 
1621699133628 [vx:0.0 vy:0.0 yaw:-2.55776606226] 
1621699133671 [Update odom] 
1621699133682 [vx:0.0 vy:0.0 yaw:-2.55456823679] 
1621699133771 [Update odom] 
1621699133797 [vx:0.0 vy:0.0 yaw:-2.54537369635] 
1621699133871 [Update odom] 
1621699133882 [vx:0.0 vy:0.0 yaw:-2.54180041766] 
1621699133971 [Update odom] 
1621699133982 [vx:0.0 vy:0.0 yaw:-2.54840444649] 
1621699134071 [Update odom] 
1621699134082 [vx:0.0 vy:0.0 yaw:-2.54439597947] 
1621699134172 [Update odom] 
1621699134182 [vx:0.0 vy:0.0 yaw:-2.54509921809] 
1621699134284 [Update odom] 
1621699134294 [vx:0.0 vy:0.0 yaw:-2.54923468044] 
1621699134371 [Update odom] 
1621699134380 [vx:0.0 vy:0.0 yaw:-2.54444555902] 
1621699134477 [Update odom] 
1621699134490 [vx:0.0 vy:0.0 yaw:-2.53211356708] 
1621699134577 [Update odom] 
1621699134584 [vx:0.0 vy:0.0 yaw:-2.52595838671] 
1621699134684 [Update odom] 
1621699134695 [vx:0.0 vy:0.0 yaw:-2.53162915684] 
1621699134771 [Update odom] 
1621699134783 [vx:0.0 vy:0.0 yaw:-2.53244575099] 
1621699134871 [Update odom] 
1621699134882 [vx:0.0 vy:0.0 yaw:-2.54113316405] 
1621699134991 [Update odom] 
1621699135004 [vx:0.0 vy:0.0 yaw:-2.54408215779] 
1621699135071 [Update odom] 
1621699135082 [vx:0.0 vy:0.0 yaw:-2.55263338946] 
1621699135171 [Update odom] 
1621699135205 [vx:0.0 vy:0.0 yaw:-2.55570859198] 
1621699135271 [Update odom] 
1621699135282 [vx:0.0 vy:0.0 yaw:-2.55331448911] 
1621699135371 [Update odom] 
1621699135382 [vx:0.0 vy:0.0 yaw:-2.53689153062] 
1621699135471 [Update odom] 
1621699135483 [vx:0.0 vy:0.0 yaw:-2.54606421059] 
1621699135571 [Update odom] 
1621699135588 [vx:0.0 vy:0.0 yaw:-2.55573850494] 
1621699135671 [Update odom] 
1621699135682 [vx:0.0 vy:0.0 yaw:-2.55944279746] 
1621699135773 [Update odom] 
1621699135792 [vx:0.0 vy:0.0 yaw:-2.5531070928] 
1621699135871 [Update odom] 
1621699135882 [vx:0.0 vy:0.0 yaw:-2.54902090287] 
1621699135974 [Update odom] 
1621699135986 [vx:0.0 vy:0.0 yaw:-2.5566744097] 
1621699136086 [Update odom] 
1621699136118 [vx:0.0 vy:0.0 yaw:-2.56595281076] 
1621699136187 [Update odom] 
1621699136198 [vx:0.0 vy:0.0 yaw:-2.56773054307] 
1621699136277 [Update odom] 
1621699136290 [vx:0.0 vy:0.0 yaw:-2.57159135616] 
1621699136409 [Update odom] 
1621699136464 [vx:0.0 vy:0.0 yaw:-2.58039860655] 
1621699136471 [Update odom] 
1621699136487 [vx:0.0 vy:0.0 yaw:-2.58183767981] 
1621699136571 [Update odom] 
1621699136582 [vx:0.0 vy:0.0 yaw:-2.57812412561] 
1621699136671 [Update odom] 
1621699136683 [vx:0.0 vy:0.0 yaw:-2.5627937588] 
1621699136772 [Update odom] 
1621699136782 [vx:0.0 vy:0.0 yaw:-2.54526269578] 
1621699136873 [Update odom] 
1621699136908 [vx:0.0 vy:0.0 yaw:-2.5217650476] 
1621699136971 [Update odom] 
1621699136982 [vx:0.0 vy:0.0 yaw:-2.51894120466] 
1621699137073 [Update odom] 
1621699137087 [vx:0.0 vy:0.0 yaw:-2.53090839868] 
1621699137193 [Update odom] 
1621699137206 [vx:0.0 vy:0.0 yaw:-2.54095605446] 
1621699137271 [Update odom] 
1621699137283 [vx:0.0 vy:0.0 yaw:-2.55303037332] 
1621699137383 [Update odom] 
1621699137402 [vx:0.0 vy:0.0 yaw:-2.56094951345] 
1621699137471 [Update odom] 
1621699137526 [vx:0.0 vy:0.0 yaw:-2.5607841099] 
1621699137571 [Update odom] 
1621699137582 [vx:0.0 vy:0.0 yaw:-2.54813222459] 
1621699137677 [Update odom] 
1621699137690 [vx:0.0 vy:0.0 yaw:-2.5398765195] 
1621699137771 [Update odom] 
1621699137782 [vx:0.0 vy:0.0 yaw:-2.53947923393] 
1621699137874 [Update odom] 
1621699137886 [vx:0.0 vy:0.0 yaw:-2.55015486701] 
1621699137997 [Update odom] 
1621699138010 [vx:0.0 vy:0.0 yaw:-2.55225356915] 
1621699138087 [Update odom] 
1621699138093 [vx:0.0 vy:0.0 yaw:-2.52940382214] 
1621699138173 [Update odom] 
1621699138187 [vx:0.0 vy:0.0 yaw:-2.53300928342] 
1621699138271 [Update odom] 
1621699138282 [vx:0.0 vy:0.0 yaw:-2.54997665272] 
1621699138371 [Update odom] 
1621699138382 [vx:0.0 vy:0.0 yaw:-2.54650084163] 
1621699138474 [Update odom] 
1621699138486 [vx:0.0 vy:0.0 yaw:-2.54418632697] 
1621699138571 [Update odom] 
1621699138582 [vx:0.0 vy:0.0 yaw:-2.55954015566] 
1621699138671 [Update odom] 
1621699138682 [vx:0.0 vy:0.0 yaw:-2.56693959947] 
1621699138773 [Update odom] 
1621699138786 [vx:0.0 vy:0.0 yaw:-2.57196273753] 
1621699138871 [Update odom] 
1621699138882 [vx:0.0 vy:0.0 yaw:-2.55746479805] 
1621699138972 [Update odom] 
1621699138986 [vx:0.0 vy:0.0 yaw:-2.54158083215] 
1621699139072 [Update odom] 
1621699139082 [vx:0.0 vy:0.0 yaw:-2.54663994364] 
1621699139181 [Update odom] 
1621699139200 [vx:0.0 vy:0.0 yaw:-2.55303688673] 
1621699139271 [Update odom] 
1621699139282 [vx:0.0 vy:0.0 yaw:-2.55579077457] 
1621699139386 [Update odom] 
1621699139400 [vx:0.0 vy:0.0 yaw:-2.54004056927] 
1621699139471 [Update odom] 
1621699139490 [vx:0.0 vy:0.0 yaw:-2.53117912308] 
1621699139572 [Update odom] 
1621699139594 [vx:0.0 vy:0.0 yaw:-2.53363103809] 
1621699139676 [Update odom] 
1621699139687 [vx:0.0 vy:0.0 yaw:-2.53436613327] 
1621699139780 [Update odom] 
1621699139794 [vx:0.0 vy:0.0 yaw:-2.53456516931] 
1621699139871 [Update odom] 
1621699139882 [vx:0.0 vy:0.0 yaw:-2.53904263923] 
1621699139971 [Update odom] 
1621699139983 [vx:0.0 vy:0.0 yaw:-2.54813378867] 
1621699140081 [Update odom] 
1621699140094 [vx:0.0 vy:0.0 yaw:-2.55454979016] 
1621699140172 [Update odom] 
1621699140182 [vx:0.0 vy:0.0 yaw:-2.5608164734] 
1621699140272 [Update odom] 
1621699140301 [vx:0.0 vy:0.0 yaw:-2.54159245083] 
1621699140372 [Update odom] 
1621699140382 [vx:0.0 vy:0.0 yaw:-2.52913222915] 
1621699140472 [Update odom] 
1621699140482 [vx:0.0 vy:0.0 yaw:-2.51686709276] 
1621699140571 [Update odom] 
1621699140582 [vx:0.0 vy:0.0 yaw:-2.5198091674] 
1621699140671 [Update odom] 
1621699140682 [vx:0.0 vy:0.0 yaw:-2.52513413866] 
1621699140786 [Update odom] 
1621699140831 [vx:0.0 vy:0.0 yaw:-2.52965277661] 
1621699140871 [Update odom] 
1621699140882 [vx:0.0 vy:0.0 yaw:-2.53380606651] 
1621699140971 [Update odom] 
1621699140996 [vx:0.0 vy:0.0 yaw:-2.53380606651] 
1621699141082 [Update odom] 
1621699141096 [vx:0.0 vy:0.0 yaw:-2.54085976982] 
1621699141172 [Update odom] 
1621699141182 [vx:0.0 vy:0.0 yaw:-2.54017363396] 
1621699141272 [Update odom] 
1621699141282 [vx:0.0 vy:0.0 yaw:-2.54079006023] 
1621699141373 [Update odom] 
1621699141389 [vx:0.0 vy:0.0 yaw:-2.54095127372] 
1621699141472 [Update odom] 
1621699141482 [vx:0.0 vy:0.0 yaw:-2.54095736503] 
1621699141571 [Update odom] 
1621699141582 [vx:0.0 vy:0.0 yaw:-2.54925719088] 
1621699141673 [Update odom] 
1621699141686 [vx:0.0 vy:0.0 yaw:-2.56081472036] 
1621699141771 [Update odom] 
1621699141783 [vx:0.0 vy:0.0 yaw:-2.56359502221] 
1621699141877 [Update odom] 
1621699141896 [vx:0.0 vy:0.0 yaw:-2.55386751964] 
1621699141974 [Update odom] 
1621699141994 [vx:0.0 vy:0.0 yaw:-2.54950934472] 
1621699142094 [Update odom] 
1621699142110 [vx:0.0 vy:0.0 yaw:-2.55182391807] 
1621699142171 [Update odom] 
1621699142187 [vx:0.0 vy:0.0 yaw:-2.55065164968] 
1621699142271 [Update odom] 
1621699142282 [vx:0.0 vy:0.0 yaw:-2.54080558621] 
1621699142384 [Update odom] 
1621699142401 [vx:0.0 vy:0.0 yaw:-2.55282115345] 
1621699142471 [Update odom] 
1621699142483 [vx:0.0 vy:0.0 yaw:-2.55808874165] 
1621699142571 [Update odom] 
1621699142590 [vx:0.0 vy:0.0 yaw:-2.56013740259] 
1621699142698 [Update odom] 
1621699142714 [vx:0.0 vy:0.0 yaw:-2.56570983094] 
1621699142774 [Update odom] 
1621699142786 [vx:0.0 vy:0.0 yaw:-2.56826146991] 
1621699142872 [Update odom] 
1621699142909 [vx:0.0 vy:0.0 yaw:-2.57805004794] 
1621699142971 [Update odom] 
1621699142982 [vx:0.0 vy:0.0 yaw:-2.58653475324] 
1621699143071 [Update odom] 
1621699143082 [vx:0.0 vy:0.0 yaw:-2.5972010338] 
1621699143171 [Update odom] 
1621699143200 [vx:0.0 vy:0.0 yaw:-2.60861536817] 
1621699143272 [Update odom] 
1621699143282 [vx:0.0 vy:0.0 yaw:-2.61273584352] 
1621699143371 [Update odom] 
1621699143385 [vx:0.0 vy:0.0 yaw:-2.61272649539] 
1621699143472 [Update odom] 
1621699143482 [vx:0.0 vy:0.0 yaw:-2.6072252488] 
1621699143576 [Update odom] 
1621699143604 [vx:0.0 vy:0.0 yaw:-2.59932327804] 
1621699143671 [Update odom] 
1621699143687 [vx:0.0 vy:0.0 yaw:-2.58926884522] 
1621699143772 [Update odom] 
1621699143791 [vx:0.0 vy:0.0 yaw:-2.57155253425] 
1621699143871 [Update odom] 
1621699143882 [vx:0.0 vy:0.0 yaw:-2.55886303846] 
1621699143971 [Update odom] 
1621699143982 [vx:0.0 vy:0.0 yaw:-2.55368914359] 
1621699144071 [Update odom] 
1621699144082 [vx:0.0 vy:0.0 yaw:-2.54236214161] 
1621699144172 [Update odom] 
1621699144213 [vx:0.0 vy:0.0 yaw:-2.5371759068] 
1621699144272 [Update odom] 
1621699144278 [vx:0.0 vy:0.0 yaw:-2.52723602995] 
1621699144373 [Update odom] 
1621699144394 [vx:0.0 vy:0.0 yaw:-2.53334606114] 
1621699144471 [Update odom] 
1621699144482 [vx:0.0 vy:0.0 yaw:-2.54364216834] 
1621699144571 [Update odom] 
1621699144582 [vx:0.0 vy:0.0 yaw:-2.55258895617] 
1621699144672 [Update odom] 
1621699144682 [vx:0.0 vy:0.0 yaw:-2.55482199126] 
1621699144771 [Update odom] 
1621699144782 [vx:0.0 vy:0.0 yaw:-2.55626524204] 
1621699144874 [Update odom] 
1621699144929 [vx:0.0 vy:0.0 yaw:-2.55767686575] 
1621699144971 [Update odom] 
1621699144982 [vx:0.0 vy:0.0 yaw:-2.55791233362] 
1621699145085 [Update odom] 
1621699145100 [vx:0.0 vy:0.0 yaw:-2.54194440674] 
1621699145176 [Update odom] 
1621699145200 [vx:0.0 vy:0.0 yaw:-2.53944033297] 
1621699145271 [Update odom] 
1621699145282 [vx:0.0 vy:0.0 yaw:-2.53841299466] 
1621699145389 [Update odom] 
1621699145403 [vx:0.0 vy:0.0 yaw:-2.53774558494] 
1621699145481 [Update odom] 
1621699145494 [vx:0.0 vy:0.0 yaw:-2.5375954408] 
1621699145571 [Update odom] 
1621699145582 [vx:0.0 vy:0.0 yaw:-2.53688570763] 
1621699145696 [Update odom] 
1621699145714 [vx:0.0 vy:0.0 yaw:-2.54660468041] 
1621699145772 [Update odom] 
1621699145782 [vx:0.0 vy:0.0 yaw:-2.55114765643] 
1621699145872 [Update odom] 
1621699145884 [vx:0.0 vy:0.0 yaw:-2.55839400826] 
1621699145971 [Update odom] 
1621699145982 [vx:0.0 vy:0.0 yaw:-2.56317172302] 
1621699146071 [Update odom] 
1621699146098 [vx:0.0 vy:0.0 yaw:-2.57348563636] 
1621699146171 [Update odom] 
1621699146183 [vx:0.0 vy:0.0 yaw:-2.58114487087] 
1621699146272 [Update odom] 
1621699146294 [vx:0.0 vy:0.0 yaw:-2.57847017904] 
1621699146371 [Update odom] 
1621699146382 [vx:0.0 vy:0.0 yaw:-2.56795382229] 
1621699146471 [Update odom] 
1621699146482 [vx:0.0 vy:0.0 yaw:-2.56731467999] 
1621699146572 [Update odom] 
1621699146582 [vx:0.0 vy:0.0 yaw:-2.5774581365] 
1621699146671 [Update odom] 
1621699146682 [vx:0.0 vy:0.0 yaw:-2.58855299716] 
1621699146771 [Update odom] 
1621699146782 [vx:0.0 vy:0.0 yaw:-2.58603021268] 
1621699146874 [Update odom] 
1621699146904 [vx:0.0 vy:0.0 yaw:-2.57392990496] 
1621699146973 [Update odom] 
1621699146986 [vx:0.0 vy:0.0 yaw:-2.57847601812] 
1621699147081 [Update odom] 
1621699147095 [vx:0.0 vy:0.0 yaw:-2.58007579007] 
1621699147171 [Update odom] 
1621699147182 [vx:0.0 vy:0.0 yaw:-2.57525719107] 
1621699147271 [Update odom] 
1621699147283 [vx:0.0 vy:0.0 yaw:-2.55182052225] 
1621699147372 [Update odom] 
1621699147403 [vx:0.0 vy:0.0 yaw:-2.54035459067] 
1621699147471 [Update odom] 
1621699147507 [vx:0.0 vy:0.0 yaw:-2.52707845706] 
1621699147572 [Update odom] 
1621699147582 [vx:0.0 vy:0.0 yaw:-2.53719804012] 
1621699147671 [Update odom] 
1621699147715 [vx:0.0 vy:0.0 yaw:-2.54378423073] 
1621699147771 [Update odom] 
1621699147782 [vx:0.0 vy:0.0 yaw:-2.54007910405] 
1621699147881 [Update odom] 
1621699147902 [vx:0.0 vy:0.0 yaw:-2.55147119914] 
1621699147971 [Update odom] 
1621699147982 [vx:0.0 vy:0.0 yaw:-2.55090611539] 
1621699148071 [Update odom] 
1621699148088 [vx:0.0 vy:0.0 yaw:-2.56140965795] 
1621699148172 [Update odom] 
1621699148198 [vx:0.0 vy:0.0 yaw:-2.57323686275] 
1621699148271 [Update odom] 
1621699148314 [vx:0.0 vy:0.0 yaw:-2.57520729487] 
1621699148376 [Update odom] 
1621699148386 [vx:0.0 vy:0.0 yaw:-2.57502776895] 
1621699148486 [Update odom] 
1621699148492 [vx:0.0 vy:0.0 yaw:-2.5721000662] 
1621699148571 [Update odom] 
1621699148582 [vx:0.0 vy:0.0 yaw:-2.5710478271] 
1621699148671 [Update odom] 
1621699148682 [vx:0.0 vy:0.0 yaw:-2.57041820723] 
1621699148779 [Update odom] 
1621699148790 [vx:0.0 vy:0.0 yaw:-2.56442795306] 
1621699148875 [Update odom] 
1621699148886 [vx:0.0 vy:0.0 yaw:-2.55070895359] 
1621699149050 [Update odom] 
1621699149062 [vx:0.0 vy:0.0 yaw:-2.54802308761] 
1621699149072 [Update odom] 
1621699149087 [vx:0.0 vy:0.0 yaw:-2.53771249798] 
1621699149173 [Update odom] 
1621699149187 [vx:0.0 vy:0.0 yaw:-2.53657774003] 
1621699149271 [Update odom] 
1621699149282 [vx:0.0 vy:0.0 yaw:-2.5354965288] 
1621699149381 [Update odom] 
1621699149399 [vx:0.0 vy:0.0 yaw:-2.52941690329] 
1621699149473 [Update odom] 
1621699149496 [vx:0.0 vy:0.0 yaw:-2.52965733169] 
1621699149597 [Update odom] 
1621699149611 [vx:0.0 vy:0.0 yaw:-2.54363002846] 
1621699149671 [Update odom] 
1621699149682 [vx:0.0 vy:0.0 yaw:-2.54714882695] 
1621699149772 [Update odom] 
1621699149782 [vx:0.0 vy:0.0 yaw:-2.55195367794] 
1621699149871 [Update odom] 
1621699149882 [vx:0.0 vy:0.0 yaw:-2.54951285657] 
1621699149971 [Update odom] 
1621699149982 [vx:0.0 vy:0.0 yaw:-2.53754184763] 
1621699150072 [Update odom] 
1621699150094 [vx:0.0 vy:0.0 yaw:-2.54219329683] 
1621699150171 [Update odom] 
1621699150186 [vx:0.0 vy:0.0 yaw:-2.54938817028] 
1621699150271 [Update odom] 
1621699150306 [vx:0.0 vy:0.0 yaw:-2.56387217819] 
1621699150376 [Update odom] 
1621699150387 [vx:0.0 vy:0.0 yaw:-2.56513025854] 
1621699150471 [Update odom] 
1621699150497 [vx:0.0 vy:0.0 yaw:-2.55297898031] 
1621699150596 [Update odom] 
1621699150606 [vx:0.0 vy:0.0 yaw:-2.55021071645] 
1621699150672 [Update odom] 
1621699150682 [vx:0.0 vy:0.0 yaw:-2.55404040011] 
1621699150771 [Update odom] 
1621699150790 [vx:0.0 vy:0.0 yaw:-2.56126669005] 
1621699150871 [Update odom] 
1621699150882 [vx:0.0 vy:0.0 yaw:-2.56352401829] 
1621699150972 [Update odom] 
1621699150982 [vx:0.0 vy:0.0 yaw:-2.55976988556] 
1621699151071 [Update odom] 
1621699151082 [vx:0.0 vy:0.0 yaw:-2.55791479296] 
1621699151175 [Update odom] 
1621699151182 [vx:0.0 vy:0.0 yaw:-2.55647382885] 
1621699151271 [Update odom] 
1621699151282 [vx:0.0 vy:0.0 yaw:-2.55586989074] 
1621699151390 [Update odom] 
1621699151408 [vx:0.0 vy:0.0 yaw:-2.54434362951] 
1621699151471 [Update odom] 
1621699151482 [vx:0.0 vy:0.0 yaw:-2.53935034357] 
1621699151571 [Update odom] 
1621699151585 [vx:0.0 vy:0.0 yaw:-2.52804102907] 
1621699151680 [Update odom] 
1621699151690 [vx:0.0 vy:0.0 yaw:-2.52369077828] 
1621699151772 [Update odom] 
1621699151782 [vx:0.0 vy:0.0 yaw:-2.522188324] 
1621699151871 [Update odom] 
1621699151882 [vx:0.0 vy:0.0 yaw:-2.52153102822] 
1621699151971 [Update odom] 
1621699151988 [vx:0.0 vy:0.0 yaw:-2.53552745226] 
1621699152079 [Update odom] 
1621699152091 [vx:0.0 vy:0.0 yaw:-2.54742888528] 
1621699152173 [Update odom] 
1621699152201 [vx:0.0 vy:0.0 yaw:-2.55457507141] 
1621699152271 [Update odom] 
1621699152282 [vx:0.0 vy:0.0 yaw:-2.55548239517] 
1621699152371 [Update odom] 
1621699152386 [vx:0.0 vy:0.0 yaw:-2.55776514931] 
1621699152478 [Update odom] 
1621699152491 [vx:0.0 vy:0.0 yaw:-2.56964524175] 
1621699152571 [Update odom] 
1621699152583 [vx:0.0 vy:0.0 yaw:-2.5777181007] 
1621699152672 [Update odom] 
1621699152680 [vx:0.0 vy:0.0 yaw:-2.58342402259] 
1621699152776 [Update odom] 
1621699152798 [vx:0.0 vy:0.0 yaw:-2.57863409681] 
1621699152881 [Update odom] 
1621699152926 [vx:0.0 vy:0.0 yaw:-2.57029472823] 
1621699152971 [Update odom] 
1621699152983 [vx:0.0 vy:0.0 yaw:-2.57553862089] 
1621699153115 [Update odom] 
1621699153133 [vx:0.0 vy:0.0 yaw:-2.55164257695] 
1621699153172 [Update odom] 
1621699153189 [vx:0.0 vy:0.0 yaw:-2.54035816391] 
1621699153271 [Update odom] 
1621699153282 [vx:0.0 vy:0.0 yaw:-2.52862789789] 
1621699153371 [Update odom] 
1621699153387 [vx:0.0 vy:0.0 yaw:-2.52737174541] 
1621699153473 [Update odom] 
1621699153487 [vx:0.0 vy:0.0 yaw:-2.53420484414] 
1621699153576 [Update odom] 
1621699153606 [vx:0.0 vy:0.0 yaw:-2.54851124213] 
1621699153686 [Update odom] 
1621699153731 [vx:0.0 vy:0.0 yaw:-2.5421540782] 
1621699153773 [Update odom] 
1621699153813 [vx:0.0 vy:0.0 yaw:-2.54170924803] 
1621699153871 [Update odom] 
1621699153882 [vx:0.0 vy:0.0 yaw:-2.54453550513] 
1621699153971 [Update odom] 
1621699153997 [vx:0.0 vy:0.0 yaw:-2.54610313431] 
1621699154071 [Update odom] 
1621699154090 [vx:0.0 vy:0.0 yaw:-2.55623410044] 
1621699154171 [Update odom] 
1621699154208 [vx:0.0 vy:0.0 yaw:-2.5549886704] 
1621699154271 [Update odom] 
1621699154284 [vx:0.0 vy:0.0 yaw:-2.54640669402] 
1621699154371 [Update odom] 
1621699154387 [vx:0.0 vy:0.0 yaw:-2.54776008535] 
1621699154472 [Update odom] 
1621699154495 [vx:0.0 vy:0.0 yaw:-2.5567972068] 
1621699154571 [Update odom] 
1621699154592 [vx:0.0 vy:0.0 yaw:-2.56363877405] 
1621699154671 [Update odom] 
1621699154684 [vx:0.0 vy:0.0 yaw:-2.56764570729] 
1621699154779 [Update odom] 
1621699154790 [vx:0.0 vy:0.0 yaw:-2.57338211063] 
1621699154878 [Update odom] 
1621699154890 [vx:0.0 vy:0.0 yaw:-2.57671237389] 
1621699154979 [Update odom] 
1621699154991 [vx:0.0 vy:0.0 yaw:-2.56361046728] 
1621699155071 [Update odom] 
1621699155082 [vx:0.0 vy:0.0 yaw:-2.55812349459] 
1621699155171 [Update odom] 
1621699155186 [vx:0.0 vy:0.0 yaw:-2.57184956602] 
1621699155271 [Update odom] 
1621699155292 [vx:0.0 vy:0.0 yaw:-2.56920733076] 
1621699155371 [Update odom] 
1621699155382 [vx:0.0 vy:0.0 yaw:-2.55866906018] 
1621699155472 [Update odom] 
1621699155488 [vx:0.0 vy:0.0 yaw:-2.54455483785] 
1621699155572 [Update odom] 
1621699155582 [vx:0.0 vy:0.0 yaw:-2.54223566733] 
1621699155671 [Update odom] 
1621699155683 [vx:0.0 vy:0.0 yaw:-2.55346107676] 
1621699155771 [Update odom] 
1621699155782 [vx:0.0 vy:0.0 yaw:-2.55333735684] 
1621699155872 [Update odom] 
1621699155882 [vx:0.0 vy:0.0 yaw:-2.55053792496] 
1621699155971 [Update odom] 
1621699155984 [vx:0.0 vy:0.0 yaw:-2.54968874165] 
1621699156071 [Update odom] 
1621699156082 [vx:0.0 vy:0.0 yaw:-2.54230963422] 
1621699156172 [Update odom] 
1621699156182 [vx:0.0 vy:0.0 yaw:-2.54828844749] 
1621699156273 [Update odom] 
1621699156292 [vx:0.0 vy:0.0 yaw:-2.55974331874] 
1621699156371 [Update odom] 
1621699156383 [vx:0.0 vy:0.0 yaw:-2.55846337395] 
1621699156485 [Update odom] 
1621699156502 [vx:0.0 vy:0.0 yaw:-2.55665398281] 
1621699156571 [Update odom] 
1621699156582 [vx:0.0 vy:0.0 yaw:-2.56062611951] 
1621699156671 [Update odom] 
1621699156684 [vx:0.0 vy:0.0 yaw:-2.55923008014] 
1621699156771 [Update odom] 
1621699156783 [vx:0.0 vy:0.0 yaw:-2.55829577011] 
1621699156872 [Update odom] 
1621699156877 [vx:0.0 vy:0.0 yaw:-2.55191219429] 
1621699156971 [Update odom] 
1621699156982 [vx:0.0 vy:0.0 yaw:-2.54909567971] 
1621699157093 [Update odom] 
1621699157108 [vx:0.0 vy:0.0 yaw:-2.55015945698] 
1621699157171 [Update odom] 
1621699157183 [vx:0.0 vy:0.0 yaw:-2.55083632229] 
1621699157272 [Update odom] 
1621699157286 [vx:0.0 vy:0.0 yaw:-2.5510698387] 
1621699157371 [Update odom] 
1621699157382 [vx:0.0 vy:0.0 yaw:-2.55919748185] 
1621699157471 [Update odom] 
1621699157485 [vx:0.0 vy:0.0 yaw:-2.56808940126] 
1621699157573 [Update odom] 
1621699157586 [vx:0.0 vy:0.0 yaw:-2.57412722576] 
1621699157671 [Update odom] 
1621699157683 [vx:0.0 vy:0.0 yaw:-2.58203981305] 
1621699157771 [Update odom] 
1621699157782 [vx:0.0 vy:0.0 yaw:-2.58657985245] 
1621699157871 [Update odom] 
1621699157882 [vx:0.0 vy:0.0 yaw:-2.58262638467] 
1621699157971 [Update odom] 
1621699157982 [vx:0.0 vy:0.0 yaw:-2.57381623708] 
1621699158071 [Update odom] 
1621699158082 [vx:0.0 vy:0.0 yaw:-2.56554616173] 
1621699158172 [Update odom] 
1621699158182 [vx:0.0 vy:0.0 yaw:-2.57598961327] 
1621699158271 [Update odom] 
1621699158283 [vx:0.0 vy:0.0 yaw:-2.58643131663] 
1621699158371 [Update odom] 
1621699158382 [vx:0.0 vy:0.0 yaw:-2.58050148419] 
1621699158471 [Update odom] 
1621699158483 [vx:0.0 vy:0.0 yaw:-2.57450737803] 
1621699158571 [Update odom] 
1621699158582 [vx:0.0 vy:0.0 yaw:-2.58443258316] 
1621699158673 [Update odom] 
1621699158700 [vx:0.0 vy:0.0 yaw:-2.59532823885] 
1621699158771 [Update odom] 
1621699158783 [vx:0.0 vy:0.0 yaw:-2.58569182368] 
1621699158873 [Update odom] 
1621699158900 [vx:0.0 vy:0.0 yaw:-2.58795507123] 
1621699158971 [Update odom] 
1621699158982 [vx:0.0 vy:0.0 yaw:-2.58321639864] 
1621699159071 [Update odom] 
1621699159082 [vx:0.0 vy:0.0 yaw:-2.56871052841] 
1621699159171 [Update odom] 
1621699159182 [vx:0.0 vy:0.0 yaw:-2.55888466348] 
1621699159271 [Update odom] 
1621699159306 [vx:0.0 vy:0.0 yaw:-2.56344456219] 
1621699159371 [Update odom] 
1621699159382 [vx:0.0 vy:0.0 yaw:-2.56661131854] 
1621699159472 [Update odom] 
1621699159486 [vx:0.0 vy:0.0 yaw:-2.56667860424] 
1621699159575 [Update odom] 
1621699159588 [vx:0.0 vy:0.0 yaw:-2.56633817683] 
1621699159672 [Update odom] 
1621699159682 [vx:0.0 vy:0.0 yaw:-2.56605078376] 
1621699159771 [Update odom] 
1621699159782 [vx:0.0 vy:0.0 yaw:-2.56212953295] 
1621699159871 [Update odom] 
1621699159882 [vx:0.0 vy:0.0 yaw:-2.55476503223] 
1621699159971 [Update odom] 
1621699159982 [vx:0.0 vy:0.0 yaw:-2.55570846048] 
1621699160071 [Update odom] 
1621699160082 [vx:0.0 vy:0.0 yaw:-2.55877021039] 
1621699160171 [Update odom] 
1621699160182 [vx:0.0 vy:0.0 yaw:-2.56443920213] 
1621699160271 [Update odom] 
1621699160282 [vx:0.0 vy:0.0 yaw:-2.57600838296] 
1621699160371 [Update odom] 
1621699160390 [vx:0.0 vy:0.0 yaw:-2.57457536179] 
1621699160472 [Update odom] 
1621699160486 [vx:0.0 vy:0.0 yaw:-2.56993238846] 
1621699160571 [Update odom] 
1621699160582 [vx:0.0 vy:0.0 yaw:-2.56985144933] 
1621699160671 [Update odom] 
1621699160682 [vx:0.0 vy:0.0 yaw:-2.56975402188] 
1621699160771 [Update odom] 
1621699160782 [vx:0.0 vy:0.0 yaw:-2.57331879896] 
1621699160871 [Update odom] 
1621699160883 [vx:0.0 vy:0.0 yaw:-2.56721151447] 
1621699160971 [Update odom] 
1621699160982 [vx:0.0 vy:0.0 yaw:-2.56011430849] 
1621699161071 [Update odom] 
1621699161082 [vx:0.0 vy:0.0 yaw:-2.55523417234] 
1621699161171 [Update odom] 
1621699161183 [vx:0.0 vy:0.0 yaw:-2.55239940361] 
1621699161271 [Update odom] 
1621699161282 [vx:0.0 vy:0.0 yaw:-2.55104365714] 
1621699161371 [Update odom] 
1621699161393 [vx:0.0 vy:0.0 yaw:-2.54474893878] 
1621699161471 [Update odom] 
1621699161482 [vx:0.0 vy:0.0 yaw:-2.54493745943] 
1621699161590 [Update odom] 
1621699161606 [vx:0.0 vy:0.0 yaw:-2.55428902452] 
1621699161672 [Update odom] 
1621699161686 [vx:0.0 vy:0.0 yaw:-2.55881098873] 
1621699161771 [Update odom] 
1621699161783 [vx:0.0 vy:0.0 yaw:-2.56439384702] 
1621699161871 [Update odom] 
1621699161902 [vx:0.0 vy:0.0 yaw:-2.5740483981] 
1621699161971 [Update odom] 
1621699161982 [vx:0.0 vy:0.0 yaw:-2.57828810742] 
1621699162072 [Update odom] 
1621699162082 [vx:0.0 vy:0.0 yaw:-2.57280882814] 
1621699162171 [Update odom] 
1621699162183 [vx:0.0 vy:0.0 yaw:-2.56164232186] 
1621699162271 [Update odom] 
1621699162282 [vx:0.0 vy:0.0 yaw:-2.5457240893] 
1621699162374 [Update odom] 
1621699162389 [vx:0.0 vy:0.0 yaw:-2.52553677139] 
1621699162472 [Update odom] 
1621699162482 [vx:0.0 vy:0.0 yaw:-2.52560706798] 
1621699162572 [Update odom] 
1621699162582 [vx:0.0 vy:0.0 yaw:-2.53254543186] 
1621699162671 [Update odom] 
1621699162682 [vx:0.0 vy:0.0 yaw:-2.53912565062] 
1621699162771 [Update odom] 
1621699162783 [vx:0.0 vy:0.0 yaw:-2.54997986735] 
1621699162871 [Update odom] 
1621699162882 [vx:0.0 vy:0.0 yaw:-2.54956530651] 
1621699162972 [Update odom] 
1621699162982 [vx:0.0 vy:0.0 yaw:-2.55073185207] 
1621699163072 [Update odom] 
1621699163083 [vx:0.0 vy:0.0 yaw:-2.55465842531] 
1621699163171 [Update odom] 
1621699163182 [vx:0.0 vy:0.0 yaw:-2.55715234096] 
1621699163281 [Update odom] 
1621699163295 [vx:0.0 vy:0.0 yaw:-2.55163883462] 
1621699163382 [Update odom] 
1621699163397 [vx:0.0 vy:0.0 yaw:-2.54454654127] 
1621699163471 [Update odom] 
1621699163482 [vx:0.0 vy:0.0 yaw:-2.53808114753] 
1621699163573 [Update odom] 
1621699163588 [vx:0.0 vy:0.0 yaw:-2.53509470435] 
1621699163680 [Update odom] 
1621699163699 [vx:0.0 vy:0.0 yaw:-2.53676193455] 
1621699163771 [Update odom] 
1621699163783 [vx:0.0 vy:0.0 yaw:-2.54105518382] 
1621699163871 [Update odom] 
1621699163883 [vx:0.0 vy:0.0 yaw:-2.54346636772] 
1621699163972 [Update odom] 
1621699163984 [vx:0.0 vy:0.0 yaw:-2.54766706608] 
1621699164072 [Update odom] 
1621699164089 [vx:0.0 vy:0.0 yaw:-2.55045879389] 
1621699164171 [Update odom] 
1621699164182 [vx:0.0 vy:0.0 yaw:-2.5535201904] 
1621699164271 [Update odom] 
1621699164307 [vx:0.0 vy:0.0 yaw:-2.55334488351] 
1621699164371 [Update odom] 
1621699164391 [vx:0.0 vy:0.0 yaw:-2.55046539538] 
1621699164471 [Update odom] 
1621699164484 [vx:0.0 vy:0.0 yaw:-2.55583787862] 
1621699164571 [Update odom] 
1621699164582 [vx:0.0 vy:0.0 yaw:-2.56796754008] 
1621699164671 [Update odom] 
1621699164704 [vx:0.0 vy:0.0 yaw:-2.57755838775] 
1621699164772 [Update odom] 
1621699164776 [vx:0.0 vy:0.0 yaw:-2.57060704642] 
1621699164874 [Update odom] 
1621699164916 [vx:0.0 vy:0.0 yaw:-2.54895872861] 
1621699164973 [Update odom] 
1621699164986 [vx:0.0 vy:0.0 yaw:-2.55447726019] 
1621699165071 [Update odom] 
1621699165083 [vx:0.0 vy:0.0 yaw:-2.55847585224] 
1621699165186 [Update odom] 
1621699165199 [vx:0.0 vy:0.0 yaw:-2.55271427835] 
1621699165278 [Update odom] 
1621699165306 [vx:0.0 vy:0.0 yaw:-2.54675787762] 
1621699165371 [Update odom] 
1621699165382 [vx:0.0 vy:0.0 yaw:-2.55195704519] 
1621699165471 [Update odom] 
1621699165482 [vx:0.0 vy:0.0 yaw:-2.55086982086] 
1621699165571 [Update odom] 
1621699165583 [vx:0.0 vy:0.0 yaw:-2.54406494564] 
1621699165672 [Update odom] 
1621699165695 [vx:0.0 vy:0.0 yaw:-2.54950087858] 
1621699165771 [Update odom] 
1621699165782 [vx:0.0 vy:0.0 yaw:-2.54226428389] 
1621699165871 [Update odom] 
1621699165882 [vx:0.0 vy:0.0 yaw:-2.54844734655] 
1621699165972 [Update odom] 
1621699165982 [vx:0.0 vy:0.0 yaw:-2.56012939494] 
1621699166071 [Update odom] 
1621699166086 [vx:0.0 vy:0.0 yaw:-2.56800064261] 
1621699166180 [Update odom] 
1621699166192 [vx:0.0 vy:0.0 yaw:-2.57737627476] 
1621699166277 [Update odom] 
1621699166291 [vx:0.0 vy:0.0 yaw:-2.58309495775] 
1621699166371 [Update odom] 
1621699166391 [vx:0.0 vy:0.0 yaw:-2.5787256813] 
1621699166476 [Update odom] 
1621699166486 [vx:0.0 vy:0.0 yaw:-2.58245368372] 
1621699166571 [Update odom] 
1621699166582 [vx:0.0 vy:0.0 yaw:-2.58472404058] 
1621699166671 [Update odom] 
1621699166682 [vx:0.0 vy:0.0 yaw:-2.58353169311] 
1621699166771 [Update odom] 
1621699166782 [vx:0.0 vy:0.0 yaw:-2.57086433285] 
1621699166871 [Update odom] 
1621699166882 [vx:0.0 vy:0.0 yaw:-2.56087287461] 
1621699166971 [Update odom] 
1621699166982 [vx:0.0 vy:0.0 yaw:-2.55425102537] 
1621699167071 [Update odom] 
1621699167086 [vx:0.0 vy:0.0 yaw:-2.55191584048] 
1621699167172 [Update odom] 
1621699167199 [vx:0.0 vy:0.0 yaw:-2.54684769467] 
1621699167278 [Update odom] 
1621699167319 [vx:0.0 vy:0.0 yaw:-2.54440149192] 
1621699167371 [Update odom] 
1621699167386 [vx:0.0 vy:0.0 yaw:-2.54545452652] 
1621699167471 [Update odom] 
1621699167485 [vx:0.0 vy:0.0 yaw:-2.55386298447] 
1621699167571 [Update odom] 
1621699167583 [vx:0.0 vy:0.0 yaw:-2.56354228332] 
1621699167674 [Update odom] 
1621699167689 [vx:0.0 vy:0.0 yaw:-2.56758373086] 
1621699167776 [Update odom] 
1621699167787 [vx:0.0 vy:0.0 yaw:-2.55506219344] 
1621699167871 [Update odom] 
1621699167886 [vx:0.0 vy:0.0 yaw:-2.55387848293] 
1621699167971 [Update odom] 
1621699167983 [vx:0.0 vy:0.0 yaw:-2.54973688674] 
1621699168073 [Update odom] 
1621699168086 [vx:0.0 vy:0.0 yaw:-2.5473136198] 
1621699168171 [Update odom] 
1621699168182 [vx:0.0 vy:0.0 yaw:-2.54691648669] 
1621699168271 [Update odom] 
1621699168282 [vx:0.0 vy:0.0 yaw:-2.54754619569] 
1621699168371 [Update odom] 
1621699168383 [vx:0.0 vy:0.0 yaw:-2.55197020113] 
1621699168471 [Update odom] 
1621699168482 [vx:0.0 vy:0.0 yaw:-2.55463148895] 
1621699168571 [Update odom] 
1621699168589 [vx:0.0 vy:0.0 yaw:-2.55654006132] 
1621699168671 [Update odom] 
1621699168682 [vx:0.0 vy:0.0 yaw:-2.55961420385] 
1621699168771 [Update odom] 
1621699168784 [vx:0.0 vy:0.0 yaw:-2.5675893105] 
1621699168871 [Update odom] 
1621699168882 [vx:0.0 vy:0.0 yaw:-2.56598491328] 
1621699168971 [Update odom] 
1621699168985 [vx:0.0 vy:0.0 yaw:-2.56536468497] 
1621699169076 [Update odom] 
1621699169090 [vx:0.0 vy:0.0 yaw:-2.55741568737] 
1621699169171 [Update odom] 
1621699169184 [vx:0.0 vy:0.0 yaw:-2.54681610652] 
1621699169273 [Update odom] 
1621699169287 [vx:0.0 vy:0.0 yaw:-2.54200590555] 
1621699169378 [Update odom] 
1621699169395 [vx:0.0 vy:0.0 yaw:-2.55387763818] 
1621699169471 [Update odom] 
1621699169482 [vx:0.0 vy:0.0 yaw:-2.56044734189] 
1621699169571 [Update odom] 
1621699169582 [vx:0.0 vy:0.0 yaw:-2.56947553608] 
1621699169671 [Update odom] 
1621699169682 [vx:0.0 vy:0.0 yaw:-2.5707121232] 
1621699169771 [Update odom] 
1621699169782 [vx:0.0 vy:0.0 yaw:-2.55900744277] 
1621699169871 [Update odom] 
1621699169883 [vx:0.0 vy:0.0 yaw:-2.55165217529] 
1621699169997 [Update odom] 
1621699170010 [vx:0.0 vy:0.0 yaw:-2.55242017711] 
1621699170072 [Update odom] 
1621699170082 [vx:0.0 vy:0.0 yaw:-2.54936174047] 
1621699170172 [Update odom] 
1621699170188 [vx:0.0 vy:0.0 yaw:-2.53966155502] 
1621699170271 [Update odom] 
1621699170282 [vx:0.0 vy:0.0 yaw:-2.54658324448] 
1621699170371 [Update odom] 
1621699170382 [vx:0.0 vy:0.0 yaw:-2.54957941525] 
1621699170471 [Update odom] 
1621699170482 [vx:0.0 vy:0.0 yaw:-2.55510489751] 
1621699170571 [Update odom] 
1621699170582 [vx:0.0 vy:0.0 yaw:-2.56122765908] 
1621699170671 [Update odom] 
1621699170688 [vx:0.0 vy:0.0 yaw:-2.56698471594] 
1621699170775 [Update odom] 
1621699170786 [vx:0.0 vy:0.0 yaw:-2.55911455006] 
1621699170873 [Update odom] 
1621699170887 [vx:0.0 vy:0.0 yaw:-2.56874469882] 
1621699170971 [Update odom] 
1621699170982 [vx:0.0 vy:0.0 yaw:-2.57669015388] 
1621699171071 [Update odom] 
1621699171082 [vx:0.0 vy:0.0 yaw:-2.57379233868] 
1621699171171 [Update odom] 
1621699171182 [vx:0.0 vy:0.0 yaw:-2.56280782501] 
1621699171271 [Update odom] 
1621699171292 [vx:0.0 vy:0.0 yaw:-2.55945718599] 
