1622507207017 [Opening serial port: /dev/ttyTHS1.] 
1622507207331 [The robot is connected to ] [/dev/ttyTHS1] 
1622507207332 [Initial robot's topic...] 
1622507207338 [Start initializing navigation] 
1622507207338 [Start initializing navigation topic] 
1622507207402 [Initialization navigation topic finished] 
1622507207414 [Initialization navigation finished] 
1622507207535 [Update odom] 
1622507207546 [vx:0.0 vy:0.0 yaw:-2.67869369963] 
1622507207633 [Update odom] 
1622507207646 [vx:0.0 vy:0.0 yaw:-2.67079467032] 
1622507207733 [Update odom] 
1622507207745 [vx:0.0 vy:0.0 yaw:-2.66348574525] 
1622507207834 [Update odom] 
1622507207846 [vx:0.0 vy:0.0 yaw:-2.65323783926] 
1622507207933 [Update odom] 
1622507207948 [vx:0.0 vy:0.0 yaw:-2.6478161544] 
1622507208033 [Update odom] 
1622507208045 [vx:0.0 vy:0.0 yaw:-2.650088483] 
1622507208133 [Update odom] 
1622507208146 [vx:0.0 vy:0.0 yaw:-2.65722074254] 
1622507208234 [Update odom] 
1622507208246 [vx:0.0 vy:0.0 yaw:-2.66161858628] 
1622507208333 [Update odom] 
1622507208352 [vx:0.0 vy:0.0 yaw:-2.65662329208] 
1622507208433 [Update odom] 
1622507208446 [vx:0.0 vy:0.0 yaw:-2.65437262274] 
1622507208534 [Update odom] 
1622507208546 [vx:0.0 vy:0.0 yaw:-2.64422041] 
1622507208633 [Update odom] 
1622507208653 [vx:0.0 vy:0.0 yaw:-2.64656593106] 
1622507208733 [Update odom] 
1622507208747 [vx:0.0 vy:0.0 yaw:-2.65656553661] 
1622507208833 [Update odom] 
1622507208845 [vx:0.0 vy:0.0 yaw:-2.66824617551] 
1622507208933 [Update odom] 
1622507208945 [vx:0.0 vy:0.0 yaw:-2.66931450853] 
1622507209033 [Update odom] 
1622507209046 [vx:0.0 vy:0.0 yaw:-2.6683961012] 
1622507209134 [Update odom] 
1622507209145 [vx:0.0 vy:0.0 yaw:-2.66619228678] 
1622507209234 [Update odom] 
1622507209248 [vx:0.0 vy:0.0 yaw:-2.66897226391] 
1622507209333 [Update odom] 
1622507209346 [vx:0.0 vy:0.0 yaw:-2.67707498214] 
1622507209435 [Update odom] 
1622507209446 [vx:0.0 vy:0.0 yaw:-2.67560857648] 
1622507209533 [Update odom] 
1622507209545 [vx:0.0 vy:0.0 yaw:-2.68380541495] 
1622507209633 [Update odom] 
1622507209646 [vx:0.0 vy:0.0 yaw:-2.68205215692] 
1622507209733 [Update odom] 
1622507209745 [vx:0.0 vy:0.0 yaw:-2.6712114861] 
1622507209833 [Update odom] 
1622507209849 [vx:0.0 vy:0.0 yaw:-2.66495790421] 
1622507209933 [Update odom] 
1622507209949 [vx:0.0 vy:0.0 yaw:-2.65473701408] 
1622507210033 [Update odom] 
1622507210045 [vx:0.0 vy:0.0 yaw:-2.66291647565] 
1622507210133 [Update odom] 
1622507210145 [vx:0.0 vy:0.0 yaw:-2.670470228] 
1622507210233 [Update odom] 
1622507210245 [vx:0.0 vy:0.0 yaw:-2.67750869806] 
1622507210333 [Update odom] 
1622507210346 [vx:0.0 vy:0.0 yaw:-2.68658691251] 
1622507210434 [Update odom] 
1622507210447 [vx:0.0 vy:0.0 yaw:-2.68229904725] 
1622507210533 [Update odom] 
1622507210546 [vx:0.0 vy:0.0 yaw:-2.68086697164] 
1622507210633 [Update odom] 
1622507210647 [vx:0.0 vy:0.0 yaw:-2.68677471347] 
1622507210736 [Update odom] 
1622507210749 [vx:0.0 vy:0.0 yaw:-2.69011058683] 
1622507210833 [Update odom] 
1622507210847 [vx:0.0 vy:0.0 yaw:-2.6774409639] 
1622507210933 [Update odom] 
1622507210947 [vx:0.0 vy:0.0 yaw:-2.66656880704] 
1622507211036 [Update odom] 
1622507211056 [vx:0.0 vy:0.0 yaw:-2.67301496121] 
1622507211134 [Update odom] 
1622507211145 [vx:0.0 vy:0.0 yaw:-2.6657105595] 
1622507211233 [Update odom] 
1622507211245 [vx:0.0 vy:0.0 yaw:-2.65888781608] 
1622507211338 [Update odom] 
1622507211349 [vx:0.0 vy:0.0 yaw:-2.6556234431] 
1622507211433 [Update odom] 
1622507211445 [vx:0.0 vy:0.0 yaw:-2.65268966601] 
1622507211534 [Update odom] 
1622507211547 [vx:0.0 vy:0.0 yaw:-2.6621922184] 
1622507211633 [Update odom] 
1622507211645 [vx:0.0 vy:0.0 yaw:-2.66841698589] 
1622507211734 [Update odom] 
1622507211746 [vx:0.0 vy:0.0 yaw:-2.67609101346] 
1622507211833 [Update odom] 
1622507211845 [vx:0.0 vy:0.0 yaw:-2.68547228422] 
1622507211933 [Update odom] 
1622507211945 [vx:0.0 vy:0.0 yaw:-2.68110116394] 
1622507212033 [Update odom] 
1622507212046 [vx:0.0 vy:0.0 yaw:-2.69074139055] 
1622507212133 [Update odom] 
1622507212150 [vx:0.0 vy:0.0 yaw:-2.69908250923] 
1622507212233 [Update odom] 
1622507212245 [vx:0.0 vy:0.0 yaw:-2.70608437957] 
1622507212333 [Update odom] 
1622507212347 [vx:0.0 vy:0.0 yaw:-2.71062008023] 
1622507212434 [Update odom] 
1622507212446 [vx:0.0 vy:0.0 yaw:-2.69994082388] 
1622507212534 [Update odom] 
1622507212546 [vx:0.0 vy:0.0 yaw:-2.68211061852] 
1622507212637 [Update odom] 
1622507212650 [vx:0.0 vy:0.0 yaw:-2.67025614424] 
1622507212734 [Update odom] 
1622507212747 [vx:0.0 vy:0.0 yaw:-2.66986225672] 
1622507212833 [Update odom] 
1622507212845 [vx:0.0 vy:0.0 yaw:-2.67146121816] 
1622507212934 [Update odom] 
1622507212945 [vx:0.0 vy:0.0 yaw:-2.65814049659] 
1622507213033 [Update odom] 
1622507213046 [vx:0.0 vy:0.0 yaw:-2.64188458826] 
1622507213134 [Update odom] 
1622507213145 [vx:0.0 vy:0.0 yaw:-2.6334897056] 
1622507213233 [Update odom] 
1622507213245 [vx:0.0 vy:0.0 yaw:-2.63427507276] 
1622507213333 [Update odom] 
1622507213346 [vx:0.0 vy:0.0 yaw:-2.63901566626] 
1622507213433 [Update odom] 
1622507213446 [vx:0.0 vy:0.0 yaw:-2.63454871352] 
1622507213534 [Update odom] 
1622507213545 [vx:0.0 vy:0.0 yaw:-2.63895704939] 
1622507213633 [Update odom] 
1622507213645 [vx:0.0 vy:0.0 yaw:-2.64609491986] 
1622507213734 [Update odom] 
1622507213746 [vx:0.0 vy:0.0 yaw:-2.65441460155] 
1622507213833 [Update odom] 
1622507213845 [vx:0.0 vy:0.0 yaw:-2.66126965254] 
1622507213934 [Update odom] 
1622507213946 [vx:0.0 vy:0.0 yaw:-2.665852872] 
1622507214033 [Update odom] 
1622507214045 [vx:0.0 vy:0.0 yaw:-2.66930398122] 
1622507214133 [Update odom] 
1622507214146 [vx:0.0 vy:0.0 yaw:-2.67781753561] 
1622507214233 [Update odom] 
1622507214245 [vx:0.0 vy:0.0 yaw:-2.67785184974] 
1622507214333 [Update odom] 
1622507214345 [vx:0.0 vy:0.0 yaw:-2.66761067544] 
1622507214433 [Update odom] 
1622507214445 [vx:0.0 vy:0.0 yaw:-2.6583231485] 
1622507214533 [Update odom] 
1622507214546 [vx:0.0 vy:0.0 yaw:-2.66592418652] 
1622507214633 [Update odom] 
1622507214647 [vx:0.0 vy:0.0 yaw:-2.67370413537] 
1622507214733 [Update odom] 
1622507214750 [vx:0.0 vy:0.0 yaw:-2.67055004417] 
1622507214834 [Update odom] 
1622507214845 [vx:0.0 vy:0.0 yaw:-2.66333532965] 
1622507214934 [Update odom] 
1622507214950 [vx:0.0 vy:0.0 yaw:-2.66773892186] 
1622507215033 [Update odom] 
1622507215046 [vx:0.0 vy:0.0 yaw:-2.65696619614] 
1622507215133 [Update odom] 
1622507215145 [vx:0.0 vy:0.0 yaw:-2.6492576651] 
1622507215233 [Update odom] 
1622507215245 [vx:0.0 vy:0.0 yaw:-2.64198708658] 
1622507215333 [Update odom] 
1622507215345 [vx:0.0 vy:0.0 yaw:-2.63666892219] 
1622507215433 [Update odom] 
1622507215446 [vx:0.0 vy:0.0 yaw:-2.63357787203] 
1622507215534 [Update odom] 
1622507215545 [vx:0.0 vy:0.0 yaw:-2.63655836067] 
1622507215633 [Update odom] 
1622507215645 [vx:0.0 vy:0.0 yaw:-2.62557122906] 
1622507215733 [Update odom] 
1622507215747 [vx:0.0 vy:0.0 yaw:-2.62149492711] 
1622507215835 [Update odom] 
1622507215845 [vx:0.0 vy:0.0 yaw:-2.63030761823] 
1622507215933 [Update odom] 
1622507215950 [vx:0.0 vy:0.0 yaw:-2.64244725358] 
1622507216033 [Update odom] 
1622507216046 [vx:0.0 vy:0.0 yaw:-2.65714210086] 
1622507216133 [Update odom] 
1622507216147 [vx:0.0 vy:0.0 yaw:-2.67065840517] 
1622507216234 [Update odom] 
1622507216240 [vx:0.0 vy:0.0 yaw:-2.67791334165] 
1622507216334 [Update odom] 
1622507216349 [vx:0.0 vy:0.0 yaw:-2.68179404269] 
1622507216433 [Update odom] 
1622507216445 [vx:0.0 vy:0.0 yaw:-2.67028961904] 
1622507216537 [Update odom] 
1622507216549 [vx:0.0 vy:0.0 yaw:-2.66385145826] 
1622507216633 [Update odom] 
1622507216645 [vx:0.0 vy:0.0 yaw:-2.66094414537] 
1622507216733 [Update odom] 
1622507216746 [vx:0.0 vy:0.0 yaw:-2.66267909326] 
1622507216833 [Update odom] 
1622507216845 [vx:0.0 vy:0.0 yaw:-2.6765392917] 
1622507216933 [Update odom] 
1622507216946 [vx:0.0 vy:0.0 yaw:-2.68766921532] 
1622507217033 [Update odom] 
1622507217046 [vx:0.0 vy:0.0 yaw:-2.69731017471] 
1622507217133 [Update odom] 
1622507217145 [vx:0.0 vy:0.0 yaw:-2.69050523477] 
1622507217234 [Update odom] 
1622507217245 [vx:0.0 vy:0.0 yaw:-2.69217447796] 
1622507217336 [Update odom] 
1622507217349 [vx:0.0 vy:0.0 yaw:-2.6995799032] 
1622507217434 [Update odom] 
1622507217445 [vx:0.0 vy:0.0 yaw:-2.70831236657] 
1622507217537 [Update odom] 
1622507217549 [vx:0.0 vy:0.0 yaw:-2.69882717824] 
1622507217633 [Update odom] 
1622507217645 [vx:0.0 vy:0.0 yaw:-2.70406284471] 
1622507217734 [Update odom] 
1622507217747 [vx:0.0 vy:0.0 yaw:-2.69902999138] 
1622507217833 [Update odom] 
1622507217846 [vx:0.0 vy:0.0 yaw:-2.68819382467] 
1622507217933 [Update odom] 
1622507217948 [vx:0.0 vy:0.0 yaw:-2.67986591874] 
1622507218033 [Update odom] 
1622507218046 [vx:0.0 vy:0.0 yaw:-2.66296852862] 
1622507218133 [Update odom] 
1622507218146 [vx:0.0 vy:0.0 yaw:-2.67102607464] 
1622507218234 [Update odom] 
1622507218245 [vx:0.0 vy:0.0 yaw:-2.66976872743] 
1622507218333 [Update odom] 
1622507218349 [vx:0.0 vy:0.0 yaw:-2.6689493539] 
1622507218433 [Update odom] 
1622507218445 [vx:0.0 vy:0.0 yaw:-2.667702416] 
1622507218536 [Update odom] 
1622507218549 [vx:0.0 vy:0.0 yaw:-2.67497592432] 
1622507218637 [Update odom] 
1622507218650 [vx:0.0 vy:0.0 yaw:-2.6853413046] 
1622507218737 [Update odom] 
1622507218749 [vx:0.0 vy:0.0 yaw:-2.6822280366] 
1622507218833 [Update odom] 
1622507218846 [vx:0.0 vy:0.0 yaw:-2.66656380192] 
1622507218933 [Update odom] 
1622507218946 [vx:0.0 vy:0.0 yaw:-2.66432987173] 
1622507219034 [Update odom] 
1622507219045 [vx:0.0 vy:0.0 yaw:-2.67236740864] 
1622507219135 [Update odom] 
1622507219146 [vx:0.0 vy:0.0 yaw:-2.68461691311] 
1622507219233 [Update odom] 
1622507219246 [vx:0.0 vy:0.0 yaw:-2.69260981987] 
1622507219333 [Update odom] 
1622507219346 [vx:0.0 vy:0.0 yaw:-2.69063295634] 
1622507219434 [Update odom] 
1622507219446 [vx:0.0 vy:0.0 yaw:-2.6890700422] 
1622507219533 [Update odom] 
1622507219545 [vx:0.0 vy:0.0 yaw:-2.69798802227] 
1622507219634 [Update odom] 
1622507219645 [vx:0.0 vy:0.0 yaw:-2.70611823811] 
1622507219733 [Update odom] 
1622507219745 [vx:0.0 vy:0.0 yaw:-2.70516376699] 
1622507219834 [Update odom] 
1622507219846 [vx:0.0 vy:0.0 yaw:-2.69830222445] 
1622507219933 [Update odom] 
1622507219946 [vx:0.0 vy:0.0 yaw:-2.68659699723] 
1622507220033 [Update odom] 
1622507220046 [vx:0.0 vy:0.0 yaw:-2.67628304876] 
1622507220134 [Update odom] 
1622507220146 [vx:0.0 vy:0.0 yaw:-2.66983225916] 
1622507220233 [Update odom] 
1622507220246 [vx:0.0 vy:0.0 yaw:-2.67485585781] 
1622507220333 [Update odom] 
1622507220345 [vx:0.0 vy:0.0 yaw:-2.67404628817] 
1622507220433 [Update odom] 
1622507220450 [vx:0.0 vy:0.0 yaw:-2.6670414399] 
1622507220533 [Update odom] 
1622507220546 [vx:0.0 vy:0.0 yaw:-2.67386741221] 
1622507220634 [Update odom] 
1622507220646 [vx:0.0 vy:0.0 yaw:-2.6898755551] 
1622507220733 [Update odom] 
1622507220746 [vx:0.0 vy:0.0 yaw:-2.6871493189] 
1622507220833 [Update odom] 
1622507220845 [vx:0.0 vy:0.0 yaw:-2.68490622238] 
1622507220933 [Update odom] 
1622507220945 [vx:0.0 vy:0.0 yaw:-2.6934106631] 
1622507221033 [Update odom] 
1622507221046 [vx:0.0 vy:0.0 yaw:-2.70245523075] 
1622507221133 [Update odom] 
1622507221149 [vx:0.0 vy:0.0 yaw:-2.70667839632] 
1622507221233 [Update odom] 
1622507221245 [vx:0.0 vy:0.0 yaw:-2.7091062351] 
1622507221333 [Update odom] 
1622507221349 [vx:0.0 vy:0.0 yaw:-2.70687727614] 
1622507221433 [Update odom] 
1622507221445 [vx:0.0 vy:0.0 yaw:-2.69525853042] 
1622507221534 [Update odom] 
1622507221546 [vx:0.0 vy:0.0 yaw:-2.68501835547] 
1622507221634 [Update odom] 
1622507221645 [vx:0.0 vy:0.0 yaw:-2.67079870455] 
1622507221737 [Update odom] 
1622507221745 [vx:0.0 vy:0.0 yaw:-2.65785225716] 
1622507221833 [Update odom] 
1622507221846 [vx:0.0 vy:0.0 yaw:-2.65233549044] 
1622507221933 [Update odom] 
1622507221945 [vx:0.0 vy:0.0 yaw:-2.65393152552] 
1622507222033 [Update odom] 
1622507222051 [vx:0.0 vy:0.0 yaw:-2.66606618835] 
1622507222133 [Update odom] 
1622507222145 [vx:0.0 vy:0.0 yaw:-2.66653208803] 
1622507222234 [Update odom] 
1622507222248 [vx:0.0 vy:0.0 yaw:-2.67487290742] 
1622507222333 [Update odom] 
1622507222347 [vx:0.0 vy:0.0 yaw:-2.67275056661] 
1622507222433 [Update odom] 
1622507222445 [vx:0.0 vy:0.0 yaw:-2.66720041652] 
1622507222533 [Update odom] 
1622507222551 [vx:0.0 vy:0.0 yaw:-2.66789047152] 
1622507222634 [Update odom] 
1622507222649 [vx:0.0 vy:0.0 yaw:-2.65454072544] 
1622507222733 [Update odom] 
1622507222745 [vx:0.0 vy:0.0 yaw:-2.66002870738] 
1622507222835 [Update odom] 
1622507222846 [vx:0.0 vy:0.0 yaw:-2.66830323717] 
1622507222933 [Update odom] 
1622507222946 [vx:0.0 vy:0.0 yaw:-2.67465503529] 
1622507223033 [Update odom] 
1622507223046 [vx:0.0 vy:0.0 yaw:-2.68150516252] 
1622507223133 [Update odom] 
1622507223150 [vx:0.0 vy:0.0 yaw:-2.6796479368] 
1622507223233 [Update odom] 
1622507223262 [vx:0.0 vy:0.0 yaw:-2.67809723608] 
1622507223334 [Update odom] 
1622507223346 [vx:0.0 vy:0.0 yaw:-2.67415799953] 
1622507223433 [Update odom] 
1622507223446 [vx:0.0 vy:0.0 yaw:-2.67883897195] 
1622507223533 [Update odom] 
1622507223552 [vx:0.0 vy:0.0 yaw:-2.6902521745] 
1622507223633 [Update odom] 
1622507223652 [vx:0.0 vy:0.0 yaw:-2.69884989714] 
1622507223738 [Update odom] 
1622507223749 [vx:0.0 vy:0.0 yaw:-2.71056381598] 
1622507223834 [Update odom] 
1622507223850 [vx:0.0 vy:0.0 yaw:-2.70840706222] 
1622507223933 [Update odom] 
1622507223948 [vx:0.0 vy:0.0 yaw:-2.7003398652] 
1622507224053 [Update odom] 
1622507224066 [vx:0.0 vy:0.0 yaw:-2.69522561154] 
1622507224133 [Update odom] 
1622507224161 [vx:0.0 vy:0.0 yaw:-2.69963554998] 
1622507224234 [Update odom] 
1622507224249 [vx:0.0 vy:0.0 yaw:-2.69070834086] 
1622507224334 [Update odom] 
1622507224347 [vx:0.0 vy:0.0 yaw:-2.67997749771] 
1622507224433 [Update odom] 
1622507224445 [vx:0.0 vy:0.0 yaw:-2.67554660809] 
1622507224533 [Update odom] 
1622507224565 [vx:0.0 vy:0.0 yaw:-2.68528224628] 
1622507224635 [Update odom] 
1622507224649 [vx:0.0 vy:0.0 yaw:-2.67626645679] 
1622507224733 [Update odom] 
1622507224745 [vx:0.0 vy:0.0 yaw:-2.66394677953] 
1622507224834 [Update odom] 
1622507224868 [vx:0.0 vy:0.0 yaw:-2.65793385659] 
1622507224933 [Update odom] 
1622507224948 [vx:0.0 vy:0.0 yaw:-2.67005270441] 
1622507225033 [Update odom] 
1622507225045 [vx:0.0 vy:0.0 yaw:-2.67844126847] 
1622507225137 [Update odom] 
1622507225150 [vx:0.0 vy:0.0 yaw:-2.67229469121] 
1622507225234 [Update odom] 
1622507225246 [vx:0.0 vy:0.0 yaw:-2.65307485855] 
1622507225333 [Update odom] 
1622507225347 [vx:0.0 vy:0.0 yaw:-2.6394095795] 
1622507225439 [Update odom] 
1622507225451 [vx:0.0 vy:0.0 yaw:-2.63026466652] 
1622507225533 [Update odom] 
1622507225546 [vx:0.0 vy:0.0 yaw:-2.62966933157] 
1622507225633 [Update odom] 
1622507225646 [vx:0.0 vy:0.0 yaw:-2.63917873942] 
1622507225737 [Update odom] 
1622507225750 [vx:0.0 vy:0.0 yaw:-2.65097921043] 
1622507225833 [Update odom] 
1622507225845 [vx:0.0 vy:0.0 yaw:-2.66180739415] 
1622507225936 [Update odom] 
1622507225949 [vx:0.0 vy:0.0 yaw:-2.67196180927] 
1622507226035 [Update odom] 
1622507226046 [vx:0.0 vy:0.0 yaw:-2.67561087411] 
1622507226133 [Update odom] 
1622507226147 [vx:0.0 vy:0.0 yaw:-2.67889346547] 
1622507226233 [Update odom] 
1622507226246 [vx:0.0 vy:0.0 yaw:-2.67753916278] 
1622507226338 [Update odom] 
1622507226353 [vx:0.0 vy:0.0 yaw:-2.67680329528] 
1622507226433 [Update odom] 
1622507226445 [vx:0.0 vy:0.0 yaw:-2.67258588915] 
1622507226533 [Update odom] 
1622507226544 [vx:0.0 vy:0.0 yaw:-2.66397539538] 
1622507226633 [Update odom] 
1622507226645 [vx:0.0 vy:0.0 yaw:-2.66351394021] 
1622507226735 [Update odom] 
1622507226745 [vx:0.0 vy:0.0 yaw:-2.6612765723] 
1622507226833 [Update odom] 
1622507226846 [vx:0.0 vy:0.0 yaw:-2.66645137257] 
1622507226933 [Update odom] 
1622507226945 [vx:0.0 vy:0.0 yaw:-2.66736370775] 
1622507227033 [Update odom] 
1622507227045 [vx:0.0 vy:0.0 yaw:-2.66992072629] 
1622507227133 [Update odom] 
1622507227146 [vx:0.0 vy:0.0 yaw:-2.68182414869] 
1622507227234 [Update odom] 
1622507227246 [vx:0.0 vy:0.0 yaw:-2.69390631656] 
1622507227341 [Update odom] 
1622507227355 [vx:0.0 vy:0.0 yaw:-2.68978607075] 
1622507227433 [Update odom] 
1622507227446 [vx:0.0 vy:0.0 yaw:-2.68951135294] 
1622507227539 [Update odom] 
1622507227549 [vx:0.0 vy:0.0 yaw:-2.69646628237] 
1622507227633 [Update odom] 
1622507227645 [vx:0.0 vy:0.0 yaw:-2.70445966406] 
1622507227734 [Update odom] 
1622507227745 [vx:0.0 vy:0.0 yaw:-2.70982957975] 
1622507227834 [Update odom] 
1622507227851 [vx:0.0 vy:0.0 yaw:-2.70404151791] 
1622507227934 [Update odom] 
1622507227945 [vx:0.0 vy:0.0 yaw:-2.6949837123] 
1622507228033 [Update odom] 
1622507228049 [vx:0.0 vy:0.0 yaw:-2.6779607389] 
1622507228133 [Update odom] 
1622507228149 [vx:0.0 vy:0.0 yaw:-2.66300620012] 
1622507228234 [Update odom] 
1622507228256 [vx:0.0 vy:0.0 yaw:-2.67215445517] 
1622507228337 [Update odom] 
1622507228353 [vx:0.0 vy:0.0 yaw:-2.66827425368] 
1622507228433 [Update odom] 
1622507228446 [vx:0.0 vy:0.0 yaw:-2.66054656405] 
1622507228539 [Update odom] 
1622507228550 [vx:0.0 vy:0.0 yaw:-2.65388431815] 
1622507228633 [Update odom] 
1622507228670 [vx:0.0 vy:0.0 yaw:-2.64187856612] 
1622507228733 [Update odom] 
1622507228751 [vx:0.0 vy:0.0 yaw:-2.6302650539] 
1622507228833 [Update odom] 
1622507228845 [vx:0.0 vy:0.0 yaw:-2.63374878282] 
1622507228955 [Update odom] 
1622507228965 [vx:0.0 vy:0.0 yaw:-2.64379721078] 
1622507229033 [Update odom] 
1622507229045 [vx:0.0 vy:0.0 yaw:-2.65267632647] 
1622507229133 [Update odom] 
1622507229147 [vx:0.0 vy:0.0 yaw:-2.66622802591] 
1622507229237 [Update odom] 
1622507229276 [vx:0.0 vy:0.0 yaw:-2.68069277954] 
1622507229333 [Update odom] 
1622507229345 [vx:0.0 vy:0.0 yaw:-2.69059013905] 
1622507229436 [Update odom] 
1622507229466 [vx:0.0 vy:0.0 yaw:-2.70669302109] 
1622507229533 [Update odom] 
1622507229545 [vx:0.0 vy:0.0 yaw:-2.71142660263] 
1622507229633 [Update odom] 
1622507229646 [vx:0.0 vy:0.0 yaw:-2.70068482511] 
1622507229737 [Update odom] 
1622507229750 [vx:0.0 vy:0.0 yaw:-2.68765768361] 
1622507229833 [Update odom] 
1622507229845 [vx:0.0 vy:0.0 yaw:-2.67714033484] 
1622507229934 [Update odom] 
1622507229947 [vx:0.0 vy:0.0 yaw:-2.67122515735] 
1622507230034 [Update odom] 
1622507230045 [vx:0.0 vy:0.0 yaw:-2.66729807812] 
1622507230133 [Update odom] 
1622507230146 [vx:0.0 vy:0.0 yaw:-2.65564734488] 
1622507230233 [Update odom] 
1622507230245 [vx:0.0 vy:0.0 yaw:-2.65989080793] 
1622507230333 [Update odom] 
1622507230346 [vx:0.0 vy:0.0 yaw:-2.66138246749] 
1622507230439 [Update odom] 
1622507230465 [vx:0.0 vy:0.0 yaw:-2.67244324726] 
1622507230533 [Update odom] 
1622507230546 [vx:0.0 vy:0.0 yaw:-2.6705333878] 
1622507230633 [Update odom] 
1622507230639 [vx:0.0 vy:0.0 yaw:-2.66067625829] 
1622507230737 [Update odom] 
1622507230749 [vx:0.0 vy:0.0 yaw:-2.6669279801] 
1622507230833 [Update odom] 
1622507230845 [vx:0.0 vy:0.0 yaw:-2.67591271875] 
1622507230935 [Update odom] 
1622507230945 [vx:0.0 vy:0.0 yaw:-2.6869295248] 
1622507231038 [Update odom] 
1622507231050 [vx:0.0 vy:0.0 yaw:-2.69321054934] 
1622507231133 [Update odom] 
1622507231145 [vx:0.0 vy:0.0 yaw:-2.68714191717] 
1622507231240 [Update odom] 
1622507231255 [vx:0.0 vy:0.0 yaw:-2.67682964266] 
1622507231337 [Update odom] 
1622507231350 [vx:0.0 vy:0.0 yaw:-2.67314601857] 
1622507231455 [Update odom] 
1622507231466 [vx:0.0 vy:0.0 yaw:-2.66660929427] 
1622507231533 [Update odom] 
1622507231552 [vx:0.0 vy:0.0 yaw:-2.66347174245] 
1622507231633 [Update odom] 
1622507231646 [vx:0.0 vy:0.0 yaw:-2.66022466277] 
1622507231733 [Update odom] 
1622507231746 [vx:0.0 vy:0.0 yaw:-2.65426960092] 
1622507231833 [Update odom] 
1622507231845 [vx:0.0 vy:0.0 yaw:-2.66079528856] 
1622507231933 [Update odom] 
1622507231945 [vx:0.0 vy:0.0 yaw:-2.66970057688] 
1622507232033 [Update odom] 
1622507232045 [vx:0.0 vy:0.0 yaw:-2.67283454724] 
1622507232133 [Update odom] 
1622507232146 [vx:0.0 vy:0.0 yaw:-2.66084596324] 
1622507232239 [Update odom] 
1622507232251 [vx:0.0 vy:0.0 yaw:-2.65659421816] 
1622507232333 [Update odom] 
1622507232347 [vx:0.0 vy:0.0 yaw:-2.64610710146] 
1622507232439 [Update odom] 
1622507232461 [vx:0.0 vy:0.0 yaw:-2.62453788856] 
1622507232533 [Update odom] 
1622507232546 [vx:0.0 vy:0.0 yaw:-2.6230870687] 
1622507232633 [Update odom] 
1622507232647 [vx:0.0 vy:0.0 yaw:-2.62757699397] 
1622507232738 [Update odom] 
1622507232749 [vx:0.0 vy:0.0 yaw:-2.62888242926] 
1622507232833 [Update odom] 
1622507232846 [vx:0.0 vy:0.0 yaw:-2.63784277218] 
1622507232933 [Update odom] 
1622507232946 [vx:0.0 vy:0.0 yaw:-2.64366195588] 
1622507233061 [Update odom] 
1622507233074 [vx:0.0 vy:0.0 yaw:-2.64846705354] 
1622507233135 [Update odom] 
1622507233145 [vx:0.0 vy:0.0 yaw:-2.65087423256] 
1622507233233 [Update odom] 
1622507233251 [vx:0.0 vy:0.0 yaw:-2.66244052527] 
1622507233333 [Update odom] 
1622507233347 [vx:0.0 vy:0.0 yaw:-2.67769001434] 
1622507233448 [Update odom] 
1622507233459 [vx:0.0 vy:0.0 yaw:-2.68997653344] 
1622507233533 [Update odom] 
1622507233545 [vx:0.0 vy:0.0 yaw:-2.69256133108] 
1622507233633 [Update odom] 
1622507233651 [vx:0.0 vy:0.0 yaw:-2.70191815731] 
1622507233733 [Update odom] 
1622507233746 [vx:0.0 vy:0.0 yaw:-2.69163621577] 
1622507233833 [Update odom] 
1622507233849 [vx:0.0 vy:0.0 yaw:-2.69679150227] 
1622507233940 [Update odom] 
1622507233958 [vx:0.0 vy:0.0 yaw:-2.69113505636] 
1622507234037 [Update odom] 
1622507234049 [vx:0.0 vy:0.0 yaw:-2.67477862294] 
1622507234133 [Update odom] 
1622507234145 [vx:0.0 vy:0.0 yaw:-2.66171166528] 
1622507234234 [Update odom] 
1622507234245 [vx:0.0 vy:0.0 yaw:-2.64849920437] 
1622507234334 [Update odom] 
1622507234365 [vx:0.0 vy:0.0 yaw:-2.63934129191] 
1622507234435 [Update odom] 
1622507234445 [vx:0.0 vy:0.0 yaw:-2.64534666582] 
1622507234533 [Update odom] 
1622507234545 [vx:0.0 vy:0.0 yaw:-2.65582129493] 
1622507234685 [Update odom] 
1622507234741 [vx:0.0 vy:0.0 yaw:-2.6673221925] 
1622507234744 [Update odom] 
1622507234763 [vx:0.0 vy:0.0 yaw:-2.67466821888] 
1622507234833 [Update odom] 
1622507234845 [vx:0.0 vy:0.0 yaw:-2.6818905673] 
1622507234933 [Update odom] 
1622507234947 [vx:0.0 vy:0.0 yaw:-2.68149630119] 
1622507235034 [Update odom] 
1622507235045 [vx:0.0 vy:0.0 yaw:-2.67894189558] 
1622507235134 [Update odom] 
1622507235145 [vx:0.0 vy:0.0 yaw:-2.67515037112] 
1622507235233 [Update odom] 
1622507235280 [vx:0.0 vy:0.0 yaw:-2.66657639857] 
1622507235333 [Update odom] 
1622507235345 [vx:0.0 vy:0.0 yaw:-2.66935235358] 
1622507235433 [Update odom] 
1622507235445 [vx:0.0 vy:0.0 yaw:-2.68047913824] 
1622507235536 [Update odom] 
1622507235549 [vx:0.0 vy:0.0 yaw:-2.68595586718] 
1622507235633 [Update odom] 
1622507235654 [vx:0.0 vy:0.0 yaw:-2.6809894699] 
1622507235733 [Update odom] 
1622507235746 [vx:0.0 vy:0.0 yaw:-2.68106367502] 
1622507235834 [Update odom] 
1622507235849 [vx:0.0 vy:0.0 yaw:-2.6809315513] 
1622507235934 [Update odom] 
1622507235945 [vx:0.0 vy:0.0 yaw:-2.68069682102] 
1622507236049 [Update odom] 
1622507236081 [vx:0.0 vy:0.0 yaw:-2.66926568527] 
1622507236136 [Update odom] 
1622507236145 [vx:0.0 vy:0.0 yaw:-2.66456311591] 
1622507236234 [Update odom] 
1622507236246 [vx:0.0 vy:0.0 yaw:-2.66015524161] 
1622507236333 [Update odom] 
1622507236346 [vx:0.0 vy:0.0 yaw:-2.65734974376] 
1622507236435 [Update odom] 
1622507236447 [vx:0.0 vy:0.0 yaw:-2.64949580314] 
1622507236544 [Update odom] 
1622507236551 [vx:0.0 vy:0.0 yaw:-2.65314468513] 
1622507236633 [Update odom] 
1622507236645 [vx:0.0 vy:0.0 yaw:-2.65707044405] 
1622507236745 [Update odom] 
1622507236765 [vx:0.0 vy:0.0 yaw:-2.66079195355] 
1622507236833 [Update odom] 
1622507236849 [vx:0.0 vy:0.0 yaw:-2.66599165568] 
1622507236933 [Update odom] 
1622507236946 [vx:0.0 vy:0.0 yaw:-2.67148752752] 
1622507237033 [Update odom] 
1622507237045 [vx:0.0 vy:0.0 yaw:-2.67768815898] 
1622507237152 [Update odom] 
1622507237181 [vx:0.0 vy:0.0 yaw:-2.69163487617] 
1622507237233 [Update odom] 
1622507237246 [vx:0.0 vy:0.0 yaw:-2.70175882924] 
1622507237348 [Update odom] 
1622507237361 [vx:0.0 vy:0.0 yaw:-2.70025466215] 
1622507237434 [Update odom] 
1622507237447 [vx:0.0 vy:0.0 yaw:-2.70476423766] 
1622507237538 [Update odom] 
1622507237549 [vx:0.0 vy:0.0 yaw:-2.7088722202] 
1622507237635 [Update odom] 
1622507237648 [vx:0.0 vy:0.0 yaw:-2.69333555275] 
1622507237733 [Update odom] 
1622507237745 [vx:0.0 vy:0.0 yaw:-2.68356468341] 
1622507237834 [Update odom] 
1622507237846 [vx:0.0 vy:0.0 yaw:-2.67059656847] 
1622507237935 [Update odom] 
1622507237949 [vx:0.0 vy:0.0 yaw:-2.67147255677] 
1622507238034 [Update odom] 
1622507238045 [vx:0.0 vy:0.0 yaw:-2.68384871382] 
1622507238135 [Update odom] 
1622507238151 [vx:0.0 vy:0.0 yaw:-2.68841530216] 
1622507238235 [Update odom] 
1622507238245 [vx:0.0 vy:0.0 yaw:-2.67356878015] 
1622507238337 [Update odom] 
1622507238350 [vx:0.0 vy:0.0 yaw:-2.66388312168] 
1622507238435 [Update odom] 
1622507238445 [vx:0.0 vy:0.0 yaw:-2.67112738633] 
1622507238541 [Update odom] 
1622507238554 [vx:0.0 vy:0.0 yaw:-2.66993104644] 
1622507238644 [Update odom] 
1622507238661 [vx:0.0 vy:0.0 yaw:-2.66479897927] 
1622507238734 [Update odom] 
1622507238745 [vx:0.0 vy:0.0 yaw:-2.65047099096] 
1622507238833 [Update odom] 
1622507238845 [vx:0.0 vy:0.0 yaw:-2.65963810386] 
1622507238933 [Update odom] 
1622507238945 [vx:0.0 vy:0.0 yaw:-2.6650432272] 
1622507239033 [Update odom] 
1622507239046 [vx:0.0 vy:0.0 yaw:-2.66889546208] 
1622507239133 [Update odom] 
1622507239146 [vx:0.0 vy:0.0 yaw:-2.67321611804] 
1622507239242 [Update odom] 
1622507239254 [vx:0.0 vy:0.0 yaw:-2.66920072738] 
1622507239334 [Update odom] 
1622507239347 [vx:0.0 vy:0.0 yaw:-2.65771660434] 
1622507239433 [Update odom] 
1622507239445 [vx:0.0 vy:0.0 yaw:-2.64833872235] 
1622507239534 [Update odom] 
1622507239545 [vx:0.0 vy:0.0 yaw:-2.6423929625] 
1622507239659 [Update odom] 
1622507239670 [vx:0.0 vy:0.0 yaw:-2.64304262519] 
1622507239733 [Update odom] 
1622507239746 [vx:0.0 vy:0.0 yaw:-2.65369551539] 
1622507239835 [Update odom] 
1622507239845 [vx:0.0 vy:0.0 yaw:-2.66263997201] 
1622507239933 [Update odom] 
1622507239946 [vx:0.0 vy:0.0 yaw:-2.66807001501] 
1622507240033 [Update odom] 
1622507240045 [vx:0.0 vy:0.0 yaw:-2.66021121486] 
1622507240133 [Update odom] 
1622507240145 [vx:0.0 vy:0.0 yaw:-2.65844516539] 
1622507240233 [Update odom] 
1622507240245 [vx:0.0 vy:0.0 yaw:-2.66496957825] 
1622507240334 [Update odom] 
1622507240345 [vx:0.0 vy:0.0 yaw:-2.6633111788] 
1622507240434 [Update odom] 
1622507240446 [vx:0.0 vy:0.0 yaw:-2.66248357954] 
1622507240533 [Update odom] 
1622507240545 [vx:0.0 vy:0.0 yaw:-2.66804636042] 
1622507240633 [Update odom] 
1622507240645 [vx:0.0 vy:0.0 yaw:-2.67671136242] 
1622507240737 [Update odom] 
1622507240755 [vx:0.0 vy:0.0 yaw:-2.6912713648] 
1622507240838 [Update odom] 
1622507240849 [vx:0.0 vy:0.0 yaw:-2.69505873147] 
1622507240934 [Update odom] 
1622507240945 [vx:0.0 vy:0.0 yaw:-2.68650006281] 
1622507241033 [Update odom] 
1622507241050 [vx:0.0 vy:0.0 yaw:-2.69439038231] 
1622507241133 [Update odom] 
1622507241145 [vx:0.0 vy:0.0 yaw:-2.69970088482] 
1622507241233 [Update odom] 
1622507241245 [vx:0.0 vy:0.0 yaw:-2.71649531186] 
1622507241333 [Update odom] 
1622507241345 [vx:0.0 vy:0.0 yaw:-2.72329932961] 
1622507241434 [Update odom] 
1622507241448 [vx:0.0 vy:0.0 yaw:-2.71405708806] 
1622507241533 [Update odom] 
1622507241545 [vx:0.0 vy:0.0 yaw:-2.70974197344] 
1622507241633 [Update odom] 
1622507241647 [vx:0.0 vy:0.0 yaw:-2.70651986017] 
1622507241733 [Update odom] 
1622507241740 [vx:0.0 vy:0.0 yaw:-2.70836951835] 
1622507241836 [Update odom] 
1622507241849 [vx:0.0 vy:0.0 yaw:-2.70389164734] 
1622507241933 [Update odom] 
1622507241947 [vx:0.0 vy:0.0 yaw:-2.68388868134] 
1622507242036 [Update odom] 
1622507242051 [vx:0.0 vy:0.0 yaw:-2.68954728569] 
1622507242133 [Update odom] 
1622507242145 [vx:0.0 vy:0.0 yaw:-2.69465023336] 
1622507242233 [Update odom] 
1622507242246 [vx:0.0 vy:0.0 yaw:-2.6909573159] 
1622507242335 [Update odom] 
1622507242350 [vx:0.0 vy:0.0 yaw:-2.68134258857] 
1622507242433 [Update odom] 
1622507242446 [vx:0.0 vy:0.0 yaw:-2.67602163385] 
1622507242533 [Update odom] 
1622507242545 [vx:0.0 vy:0.0 yaw:-2.67237623493] 
1622507242633 [Update odom] 
1622507242647 [vx:0.0 vy:0.0 yaw:-2.66689532564] 
1622507242735 [Update odom] 
1622507242746 [vx:0.0 vy:0.0 yaw:-2.65355499998] 
1622507242837 [Update odom] 
1622507242843 [vx:0.0 vy:0.0 yaw:-2.63679827486] 
1622507242933 [Update odom] 
1622507242945 [vx:0.0 vy:0.0 yaw:-2.61995281178] 
1622507243034 [Update odom] 
1622507243045 [vx:0.0 vy:0.0 yaw:-2.60705543729] 
1622507243133 [Update odom] 
1622507243146 [vx:0.0 vy:0.0 yaw:-2.60829194398] 
1622507243233 [Update odom] 
1622507243245 [vx:0.0 vy:0.0 yaw:-2.6201078783] 
1622507243333 [Update odom] 
1622507243349 [vx:0.0 vy:0.0 yaw:-2.63114507975] 
1622507243433 [Update odom] 
1622507243445 [vx:0.0 vy:0.0 yaw:-2.64112006911] 
1622507243534 [Update odom] 
1622507243545 [vx:0.0 vy:0.0 yaw:-2.65578975779] 
1622507243633 [Update odom] 
1622507243645 [vx:0.0 vy:0.0 yaw:-2.65537176172] 
1622507243733 [Update odom] 
1622507243747 [vx:0.0 vy:0.0 yaw:-2.65489988136] 
1622507243839 [Update odom] 
1622507243857 [vx:0.0 vy:0.0 yaw:-2.65555154081] 
1622507243934 [Update odom] 
1622507243946 [vx:0.0 vy:0.0 yaw:-2.64468852942] 
1622507244033 [Update odom] 
1622507244038 [vx:0.0 vy:0.0 yaw:-2.6530577209] 
1622507244133 [Update odom] 
1622507244145 [vx:0.0 vy:0.0 yaw:-2.64993984661] 
1622507244235 [Update odom] 
1622507244270 [vx:0.0 vy:0.0 yaw:-2.64537163378] 
1622507244337 [Update odom] 
1622507244354 [vx:0.0 vy:0.0 yaw:-2.64434086938] 
1622507244434 [Update odom] 
1622507244453 [vx:0.0 vy:0.0 yaw:-2.65319693656] 
1622507244533 [Update odom] 
1622507244580 [vx:0.0 vy:0.0 yaw:-2.6520566705] 
1622507244633 [Update odom] 
1622507244654 [vx:0.0 vy:0.0 yaw:-2.65480987884] 
1622507244733 [Update odom] 
1622507244752 [vx:0.0 vy:0.0 yaw:-2.66831283198] 
1622507244833 [Update odom] 
1622507244847 [vx:0.0 vy:0.0 yaw:-2.68111644702] 
1622507244937 [Update odom] 
1622507244956 [vx:0.0 vy:0.0 yaw:-2.67417378275] 
1622507245033 [Update odom] 
1622507245047 [vx:0.0 vy:0.0 yaw:-2.68290777435] 
1622507245135 [Update odom] 
1622507245145 [vx:0.0 vy:0.0 yaw:-2.67586997966] 
1622507245233 [Update odom] 
1622507245249 [vx:0.0 vy:0.0 yaw:-2.66702257218] 
1622507245333 [Update odom] 
1622507245345 [vx:0.0 vy:0.0 yaw:-2.66075833409] 
1622507245433 [Update odom] 
1622507245446 [vx:0.0 vy:0.0 yaw:-2.64521323166] 
1622507245533 [Update odom] 
1622507245545 [vx:0.0 vy:0.0 yaw:-2.65214381801] 
1622507245633 [Update odom] 
1622507245645 [vx:0.0 vy:0.0 yaw:-2.659950353] 
1622507245734 [Update odom] 
1622507245745 [vx:0.0 vy:0.0 yaw:-2.66120168426] 
1622507245833 [Update odom] 
1622507245845 [vx:0.0 vy:0.0 yaw:-2.65224607736] 
1622507245942 [Update odom] 
1622507245953 [vx:0.0 vy:0.0 yaw:-2.6358350246] 
1622507246033 [Update odom] 
1622507246048 [vx:0.0 vy:0.0 yaw:-2.64491727498] 
1622507246133 [Update odom] 
1622507246147 [vx:0.0 vy:0.0 yaw:-2.65772095842] 
1622507246233 [Update odom] 
1622507246246 [vx:0.0 vy:0.0 yaw:-2.66676890173] 
1622507246333 [Update odom] 
1622507246345 [vx:0.0 vy:0.0 yaw:-2.67397967713] 
1622507246433 [Update odom] 
1622507246447 [vx:0.0 vy:0.0 yaw:-2.66416628753] 
1622507246533 [Update odom] 
1622507246546 [vx:0.0 vy:0.0 yaw:-2.64588174238] 
1622507246639 [Update odom] 
1622507246650 [vx:0.0 vy:0.0 yaw:-2.64786699031] 
1622507246733 [Update odom] 
1622507246748 [vx:0.0 vy:0.0 yaw:-2.64825666528] 
1622507246835 [Update odom] 
1622507246845 [vx:0.0 vy:0.0 yaw:-2.64213958875] 
1622507246933 [Update odom] 
1622507246964 [vx:0.0 vy:0.0 yaw:-2.63715125766] 
1622507247035 [Update odom] 
1622507247045 [vx:0.0 vy:0.0 yaw:-2.63557478137] 
1622507247133 [Update odom] 
1622507247149 [vx:0.0 vy:0.0 yaw:-2.63625416001] 
1622507247240 [Update odom] 
1622507247254 [vx:0.0 vy:0.0 yaw:-2.64091990376] 
1622507247334 [Update odom] 
1622507247345 [vx:0.0 vy:0.0 yaw:-2.64481824607] 
1622507247433 [Update odom] 
1622507247445 [vx:0.0 vy:0.0 yaw:-2.65144849077] 
1622507247533 [Update odom] 
1622507247545 [vx:0.0 vy:0.0 yaw:-2.65582611543] 
1622507247633 [Update odom] 
1622507247645 [vx:0.0 vy:0.0 yaw:-2.66481214395] 
1622507247733 [Update odom] 
1622507247749 [vx:0.0 vy:0.0 yaw:-2.68006519974] 
1622507247840 [Update odom] 
1622507247854 [vx:0.0 vy:0.0 yaw:-2.69158386067] 
1622507247933 [Update odom] 
1622507247947 [vx:0.0 vy:0.0 yaw:-2.70210956413] 
1622507248033 [Update odom] 
1622507248047 [vx:0.0 vy:0.0 yaw:-2.71491689343] 
1622507248133 [Update odom] 
1622507248146 [vx:0.0 vy:0.0 yaw:-2.70927866596] 
1622507248233 [Update odom] 
1622507248245 [vx:0.0 vy:0.0 yaw:-2.70148831153] 
1622507248333 [Update odom] 
1622507248346 [vx:0.0 vy:0.0 yaw:-2.69548770986] 
1622507248434 [Update odom] 
1622507248470 [vx:0.0 vy:0.0 yaw:-2.70135636303] 
1622507248533 [Update odom] 
1622507248552 [vx:0.0 vy:0.0 yaw:-2.69185328049] 
1622507248635 [Update odom] 
1622507248648 [vx:0.0 vy:0.0 yaw:-2.6973019233] 
1622507248733 [Update odom] 
1622507248745 [vx:0.0 vy:0.0 yaw:-2.69195084381] 
1622507248833 [Update odom] 
1622507248847 [vx:0.0 vy:0.0 yaw:-2.67981705071] 
1622507248933 [Update odom] 
1622507248947 [vx:0.0 vy:0.0 yaw:-2.67414994574] 
1622507249033 [Update odom] 
1622507249045 [vx:0.0 vy:0.0 yaw:-2.67745964769] 
1622507249134 [Update odom] 
1622507249147 [vx:0.0 vy:0.0 yaw:-2.67971234414] 
1622507249233 [Update odom] 
1622507249248 [vx:0.0 vy:0.0 yaw:-2.68656371556] 
1622507249341 [Update odom] 
1622507249353 [vx:0.0 vy:0.0 yaw:-2.6956492637] 
1622507249433 [Update odom] 
1622507249447 [vx:0.0 vy:0.0 yaw:-2.70749071385] 
1622507249536 [Update odom] 
1622507249551 [vx:0.0 vy:0.0 yaw:-2.71284384283] 
1622507249646 [Update odom] 
1622507249665 [vx:0.0 vy:0.0 yaw:-2.70226556755] 
1622507249734 [Update odom] 
1622507249746 [vx:0.0 vy:0.0 yaw:-2.70779918225] 
1622507249833 [Update odom] 
1622507249845 [vx:0.0 vy:0.0 yaw:-2.7061003629] 
1622507249933 [Update odom] 
1622507249950 [vx:0.0 vy:0.0 yaw:-2.69507271836] 
1622507250033 [Update odom] 
1622507250045 [vx:0.0 vy:0.0 yaw:-2.6959657381] 
1622507250133 [Update odom] 
1622507250150 [vx:0.0 vy:0.0 yaw:-2.69112103612] 
1622507250233 [Update odom] 
1622507250245 [vx:0.0 vy:0.0 yaw:-2.69508788693] 
1622507250333 [Update odom] 
1622507250345 [vx:0.0 vy:0.0 yaw:-2.69871738294] 
1622507250433 [Update odom] 
1622507250446 [vx:0.0 vy:0.0 yaw:-2.69992105189] 
1622507250533 [Update odom] 
1622507250546 [vx:0.0 vy:0.0 yaw:-2.70794240961] 
1622507250646 [Update odom] 
1622507250658 [vx:0.0 vy:0.0 yaw:-2.6944687065] 
1622507250734 [Update odom] 
1622507250746 [vx:0.0 vy:0.0 yaw:-2.69575626542] 
1622507250839 [Update odom] 
1622507250845 [vx:0.0 vy:0.0 yaw:-2.70401356003] 
1622507250934 [Update odom] 
1622507250949 [vx:0.0 vy:0.0 yaw:-2.71077322271] 
1622507251034 [Update odom] 
1622507251045 [vx:0.0 vy:0.0 yaw:-2.71807531198] 
1622507251133 [Update odom] 
1622507251147 [vx:0.0 vy:0.0 yaw:-2.70443175392] 
1622507251233 [Update odom] 
1622507251246 [vx:0.0 vy:0.0 yaw:-2.68850746632] 
1622507251333 [Update odom] 
1622507251348 [vx:0.0 vy:0.0 yaw:-2.68601867634] 
1622507251434 [Update odom] 
1622507251459 [vx:0.0 vy:0.0 yaw:-2.69254456625] 
1622507251533 [Update odom] 
1622507251546 [vx:0.0 vy:0.0 yaw:-2.6828360746] 
1622507251634 [Update odom] 
1622507251646 [vx:0.0 vy:0.0 yaw:-2.66456716639] 
1622507251770 [Update odom] 
1622507251781 [vx:0.0 vy:0.0 yaw:-2.65178589813] 
1622507251834 [Update odom] 
1622507251876 [vx:0.0 vy:0.0 yaw:-2.64070274539] 
1622507251942 [Update odom] 
1622507251954 [vx:0.0 vy:0.0 yaw:-2.64450973449] 
1622507252035 [Update odom] 
1622507252051 [vx:0.0 vy:0.0 yaw:-2.63842935176] 
1622507252133 [Update odom] 
1622507252146 [vx:0.0 vy:0.0 yaw:-2.63358493593] 
1622507252233 [Update odom] 
1622507252248 [vx:0.0 vy:0.0 yaw:-2.64044253453] 
1622507252333 [Update odom] 
1622507252345 [vx:0.0 vy:0.0 yaw:-2.64703857083] 
1622507252433 [Update odom] 
1622507252446 [vx:0.0 vy:0.0 yaw:-2.66021716698] 
1622507252533 [Update odom] 
1622507252572 [vx:0.0 vy:0.0 yaw:-2.67224861991] 
1622507252633 [Update odom] 
1622507252645 [vx:0.0 vy:0.0 yaw:-2.68037605467] 
1622507252733 [Update odom] 
1622507252745 [vx:0.0 vy:0.0 yaw:-2.67863675467] 
1622507252833 [Update odom] 
1622507252858 [vx:0.0 vy:0.0 yaw:-2.67550908376] 
1622507252934 [Update odom] 
1622507252945 [vx:0.0 vy:0.0 yaw:-2.67348067055] 
1622507253033 [Update odom] 
1622507253057 [vx:0.0 vy:0.0 yaw:-2.67215338501] 
1622507253133 [Update odom] 
1622507253167 [vx:0.0 vy:0.0 yaw:-2.67185595947] 
1622507253233 [Update odom] 
1622507253246 [vx:0.0 vy:0.0 yaw:-2.66986299942] 
1622507253333 [Update odom] 
1622507253345 [vx:0.0 vy:0.0 yaw:-2.66846213574] 
1622507253446 [Update odom] 
1622507253465 [vx:0.0 vy:0.0 yaw:-2.66767471168] 
1622507253533 [Update odom] 
1622507253545 [vx:0.0 vy:0.0 yaw:-2.66729060368] 
1622507253633 [Update odom] 
1622507253652 [vx:0.0 vy:0.0 yaw:-2.66575784294] 
1622507253734 [Update odom] 
1622507253747 [vx:0.0 vy:0.0 yaw:-2.65550881796] 
1622507253833 [Update odom] 
1622507253851 [vx:0.0 vy:0.0 yaw:-2.63663459667] 
1622507253933 [Update odom] 
1622507253950 [vx:0.0 vy:0.0 yaw:-2.6274248903] 
1622507254047 [Update odom] 
1622507254057 [vx:0.0 vy:0.0 yaw:-2.62460415328] 
1622507254133 [Update odom] 
1622507254148 [vx:0.0 vy:0.0 yaw:-2.63335676013] 
1622507254234 [Update odom] 
1622507254251 [vx:0.0 vy:0.0 yaw:-2.63693270815] 
1622507254334 [Update odom] 
1622507254349 [vx:0.0 vy:0.0 yaw:-2.64370240761] 
1622507254434 [Update odom] 
1622507254445 [vx:0.0 vy:0.0 yaw:-2.65056302855] 
1622507254534 [Update odom] 
1622507254547 [vx:0.0 vy:0.0 yaw:-2.65207155574] 
1622507254640 [Update odom] 
1622507254654 [vx:0.0 vy:0.0 yaw:-2.63676709324] 
1622507254736 [Update odom] 
1622507254750 [vx:0.0 vy:0.0 yaw:-2.62645243152] 
1622507254833 [Update odom] 
1622507254846 [vx:0.0 vy:0.0 yaw:-2.62682343877] 
1622507254933 [Update odom] 
1622507254945 [vx:0.0 vy:0.0 yaw:-2.63536676585] 
1622507255035 [Update odom] 
1622507255046 [vx:0.0 vy:0.0 yaw:-2.64435683044] 
1622507255133 [Update odom] 
1622507255146 [vx:0.0 vy:0.0 yaw:-2.63743824476] 
1622507255237 [Update odom] 
1622507255249 [vx:0.0 vy:0.0 yaw:-2.63250180853] 
1622507255333 [Update odom] 
1622507255345 [vx:0.0 vy:0.0 yaw:-2.62985216112] 
1622507255433 [Update odom] 
1622507255452 [vx:0.0 vy:0.0 yaw:-2.63372303642] 
1622507255533 [Update odom] 
1622507255574 [vx:0.0 vy:0.0 yaw:-2.63390186741] 
1622507255633 [Update odom] 
1622507255642 [vx:0.0 vy:0.0 yaw:-2.64575190773] 
1622507255733 [Update odom] 
1622507255788 [vx:0.0 vy:0.0 yaw:-2.64550282813] 
1622507255833 [Update odom] 
1622507255846 [vx:0.0 vy:0.0 yaw:-2.65498685304] 
1622507255933 [Update odom] 
1622507255945 [vx:0.0 vy:0.0 yaw:-2.65899229578] 
1622507256036 [Update odom] 
1622507256050 [vx:0.0 vy:0.0 yaw:-2.66541649904] 
1622507256133 [Update odom] 
1622507256145 [vx:0.0 vy:0.0 yaw:-2.67062160995] 
1622507256235 [Update odom] 
1622507256245 [vx:0.0 vy:0.0 yaw:-2.66392874232] 
1622507256333 [Update odom] 
1622507256345 [vx:0.0 vy:0.0 yaw:-2.66553512052] 
1622507256433 [Update odom] 
1622507256446 [vx:0.0 vy:0.0 yaw:-2.6780605618] 
1622507256535 [Update odom] 
1622507256545 [vx:0.0 vy:0.0 yaw:-2.68449922428] 
1622507256633 [Update odom] 
1622507256645 [vx:0.0 vy:0.0 yaw:-2.6747730245] 
1622507256733 [Update odom] 
1622507256746 [vx:0.0 vy:0.0 yaw:-2.67488336255] 
1622507256833 [Update odom] 
1622507256845 [vx:0.0 vy:0.0 yaw:-2.67917593207] 
1622507256933 [Update odom] 
1622507256945 [vx:0.0 vy:0.0 yaw:-2.69131471794] 
1622507257033 [Update odom] 
1622507257045 [vx:0.0 vy:0.0 yaw:-2.69772680923] 
1622507257133 [Update odom] 
1622507257146 [vx:0.0 vy:0.0 yaw:-2.68696296564] 
1622507257233 [Update odom] 
1622507257245 [vx:0.0 vy:0.0 yaw:-2.67793579224] 
1622507257351 [Update odom] 
1622507257361 [vx:0.0 vy:0.0 yaw:-2.67175277907] 
1622507257433 [Update odom] 
1622507257446 [vx:0.0 vy:0.0 yaw:-2.67099800799] 
1622507257533 [Update odom] 
1622507257549 [vx:0.0 vy:0.0 yaw:-2.68137509862] 
1622507257633 [Update odom] 
1622507257645 [vx:0.0 vy:0.0 yaw:-2.68539902846] 
1622507257733 [Update odom] 
1622507257754 [vx:0.0 vy:0.0 yaw:-2.68935230025] 
1622507257833 [Update odom] 
1622507257845 [vx:0.0 vy:0.0 yaw:-2.69657513997] 
1622507257951 [Update odom] 
1622507257961 [vx:0.0 vy:0.0 yaw:-2.70501312463] 
1622507258033 [Update odom] 
1622507258047 [vx:0.0 vy:0.0 yaw:-2.69819640379] 
1622507258133 [Update odom] 
1622507258146 [vx:0.0 vy:0.0 yaw:-2.69285274473] 
1622507258233 [Update odom] 
1622507258247 [vx:0.0 vy:0.0 yaw:-2.67876423768] 
1622507258333 [Update odom] 
1622507258360 [vx:0.0 vy:0.0 yaw:-2.67868976736] 
1622507258433 [Update odom] 
1622507258445 [vx:0.0 vy:0.0 yaw:-2.68471966669] 
1622507258533 [Update odom] 
1622507258545 [vx:0.0 vy:0.0 yaw:-2.6852774081] 
1622507258633 [Update odom] 
1622507258645 [vx:0.0 vy:0.0 yaw:-2.67944648301] 
1622507258733 [Update odom] 
1622507258756 [vx:0.0 vy:0.0 yaw:-2.67255129381] 
1622507258835 [Update odom] 
1622507258847 [vx:0.0 vy:0.0 yaw:-2.67336960234] 
1622507258933 [Update odom] 
1622507258948 [vx:0.0 vy:0.0 yaw:-2.67534905967] 
1622507259033 [Update odom] 
1622507259045 [vx:0.0 vy:0.0 yaw:-2.67690892013] 
1622507259143 [Update odom] 
1622507259153 [vx:0.0 vy:0.0 yaw:-2.67770385341] 
1622507259233 [Update odom] 
1622507259245 [vx:0.0 vy:0.0 yaw:-2.68906410489] 
1622507259333 [Update odom] 
1622507259345 [vx:0.0 vy:0.0 yaw:-2.68909727076] 
1622507259433 [Update odom] 
1622507259445 [vx:0.0 vy:0.0 yaw:-2.67577106824] 
1622507259533 [Update odom] 
1622507259545 [vx:0.0 vy:0.0 yaw:-2.6671500741] 
1622507259633 [Update odom] 
1622507259659 [vx:0.0 vy:0.0 yaw:-2.66046726405] 
1622507259733 [Update odom] 
1622507259745 [vx:0.0 vy:0.0 yaw:-2.656220542] 
1622507259833 [Update odom] 
1622507259845 [vx:0.0 vy:0.0 yaw:-2.66424019076] 
1622507259933 [Update odom] 
1622507259950 [vx:0.0 vy:0.0 yaw:-2.67086383455] 
1622507260033 [Update odom] 
1622507260050 [vx:0.0 vy:0.0 yaw:-2.67739686894] 
1622507260133 [Update odom] 
1622507260147 [vx:0.0 vy:0.0 yaw:-2.6777059724] 
1622507260234 [Update odom] 
1622507260248 [vx:0.0 vy:0.0 yaw:-2.67058073517] 
1622507260333 [Update odom] 
1622507260345 [vx:0.0 vy:0.0 yaw:-2.67888394066] 
1622507260433 [Update odom] 
1622507260446 [vx:0.0 vy:0.0 yaw:-2.67704903434] 
1622507260535 [Update odom] 
1622507260545 [vx:0.0 vy:0.0 yaw:-2.6754149316] 
1622507260636 [Update odom] 
1622507260650 [vx:0.0 vy:0.0 yaw:-2.68247014037] 
1622507260754 [Update odom] 
1622507260776 [vx:0.0 vy:0.0 yaw:-2.68494411167] 
1622507260835 [Update odom] 
1622507260854 [vx:0.0 vy:0.0 yaw:-2.67732344263] 
1622507260933 [Update odom] 
1622507260971 [vx:0.0 vy:0.0 yaw:-2.66787551242] 
1622507261033 [Update odom] 
1622507261057 [vx:0.0 vy:0.0 yaw:-2.65791054077] 
1622507261134 [Update odom] 
1622507261145 [vx:0.0 vy:0.0 yaw:-2.64908817886] 
1622507261233 [Update odom] 
1622507261246 [vx:0.0 vy:0.0 yaw:-2.64532105092] 
1622507261333 [Update odom] 
1622507261346 [vx:0.0 vy:0.0 yaw:-2.64322557859] 
1622507261433 [Update odom] 
1622507261452 [vx:0.0 vy:0.0 yaw:-2.64666616048] 
1622507261533 [Update odom] 
1622507261545 [vx:0.0 vy:0.0 yaw:-2.65556371021] 
1622507261633 [Update odom] 
1622507261645 [vx:0.0 vy:0.0 yaw:-2.6640738863] 
1622507261733 [Update odom] 
1622507261745 [vx:0.0 vy:0.0 yaw:-2.67000914285] 
1622507261833 [Update odom] 
1622507261846 [vx:0.0 vy:0.0 yaw:-2.67646217899] 
1622507261933 [Update odom] 
1622507261945 [vx:0.0 vy:0.0 yaw:-2.67333660325] 
1622507262054 [Update odom] 
1622507262069 [vx:0.0 vy:0.0 yaw:-2.66290675873] 
1622507262133 [Update odom] 
1622507262145 [vx:0.0 vy:0.0 yaw:-2.66085613265] 
1622507262233 [Update odom] 
1622507262247 [vx:0.0 vy:0.0 yaw:-2.65918310387] 
1622507262333 [Update odom] 
1622507262352 [vx:0.0 vy:0.0 yaw:-2.6483457757] 
1622507262433 [Update odom] 
1622507262450 [vx:0.0 vy:0.0 yaw:-2.6473831019] 
1622507262533 [Update odom] 
1622507262546 [vx:0.0 vy:0.0 yaw:-2.65550697854] 
1622507262633 [Update odom] 
1622507262647 [vx:0.0 vy:0.0 yaw:-2.66437755698] 
1622507262734 [Update odom] 
1622507262753 [vx:0.0 vy:0.0 yaw:-2.67226180323] 
1622507262833 [Update odom] 
1622507262848 [vx:0.0 vy:0.0 yaw:-2.68301997322] 
1622507262933 [Update odom] 
1622507262947 [vx:0.0 vy:0.0 yaw:-2.687565562] 
1622507263033 [Update odom] 
1622507263046 [vx:0.0 vy:0.0 yaw:-2.69102609768] 
1622507263134 [Update odom] 
1622507263147 [vx:0.0 vy:0.0 yaw:-2.69063315234] 
1622507263233 [Update odom] 
1622507263252 [vx:0.0 vy:0.0 yaw:-2.68882796682] 
1622507263336 [Update odom] 
1622507263348 [vx:0.0 vy:0.0 yaw:-2.68734097774] 
1622507263433 [Update odom] 
1622507263445 [vx:0.0 vy:0.0 yaw:-2.68645276775] 
1622507263576 [Update odom] 
1622507263598 [vx:0.0 vy:0.0 yaw:-2.68537389409] 
1622507263633 [Update odom] 
1622507263646 [vx:0.0 vy:0.0 yaw:-2.68483291343] 
1622507263733 [Update odom] 
1622507263745 [vx:0.0 vy:0.0 yaw:-2.69033620562] 
1622507263833 [Update odom] 
1622507263849 [vx:0.0 vy:0.0 yaw:-2.69628606039] 
1622507263933 [Update odom] 
1622507263945 [vx:0.0 vy:0.0 yaw:-2.68929273386] 
1622507264034 [Update odom] 
1622507264046 [vx:0.0 vy:0.0 yaw:-2.68270528692] 
1622507264133 [Update odom] 
1622507264145 [vx:0.0 vy:0.0 yaw:-2.67812968668] 
1622507264233 [Update odom] 
1622507264249 [vx:0.0 vy:0.0 yaw:-2.66742862558] 
1622507264344 [Update odom] 
1622507264361 [vx:0.0 vy:0.0 yaw:-2.64775067704] 
1622507264437 [Update odom] 
1622507264458 [vx:0.0 vy:0.0 yaw:-2.65403127572] 
1622507264533 [Update odom] 
1622507264549 [vx:0.0 vy:0.0 yaw:-2.66236872978] 
1622507264634 [Update odom] 
1622507264645 [vx:0.0 vy:0.0 yaw:-2.66672971472] 
1622507264733 [Update odom] 
1622507264749 [vx:0.0 vy:0.0 yaw:-2.67582547422] 
1622507264833 [Update odom] 
1622507264847 [vx:0.0 vy:0.0 yaw:-2.67960626236] 
1622507264933 [Update odom] 
1622507264946 [vx:0.0 vy:0.0 yaw:-2.68269799301] 
1622507265033 [Update odom] 
1622507265049 [vx:0.0 vy:0.0 yaw:-2.68377716317] 
1622507265136 [Update odom] 
1622507265145 [vx:0.0 vy:0.0 yaw:-2.6840813881] 
1622507265234 [Update odom] 
1622507265245 [vx:0.0 vy:0.0 yaw:-2.68393400123] 
1622507265335 [Update odom] 
1622507265353 [vx:0.0 vy:0.0 yaw:-2.68460194959] 
1622507265433 [Update odom] 
1622507265447 [vx:0.0 vy:0.0 yaw:-2.68511014307] 
1622507265535 [Update odom] 
1622507265550 [vx:0.0 vy:0.0 yaw:-2.6920573281] 
1622507265634 [Update odom] 
1622507265646 [vx:0.0 vy:0.0 yaw:-2.70182857248] 
1622507265733 [Update odom] 
1622507265747 [vx:0.0 vy:0.0 yaw:-2.70890160589] 
1622507265833 [Update odom] 
1622507265845 [vx:0.0 vy:0.0 yaw:-2.69991160189] 
1622507265933 [Update odom] 
1622507265992 [vx:0.0 vy:0.0 yaw:-2.70490097276] 
1622507266033 [Update odom] 
1622507266049 [vx:0.0 vy:0.0 yaw:-2.6988477339] 
1622507266133 [Update odom] 
1622507266146 [vx:0.0 vy:0.0 yaw:-2.68584955833] 
1622507266233 [Update odom] 
1622507266245 [vx:0.0 vy:0.0 yaw:-2.67854711981] 
1622507266333 [Update odom] 
1622507266347 [vx:0.0 vy:0.0 yaw:-2.68405143725] 
1622507266439 [Update odom] 
1622507266451 [vx:0.0 vy:0.0 yaw:-2.68574683847] 
1622507266533 [Update odom] 
1622507266546 [vx:0.0 vy:0.0 yaw:-2.67722158723] 
1622507266634 [Update odom] 
1622507266646 [vx:0.0 vy:0.0 yaw:-2.66054334135] 
1622507266735 [Update odom] 
1622507266752 [vx:0.0 vy:0.0 yaw:-2.65249253134] 
1622507266833 [Update odom] 
1622507266849 [vx:0.0 vy:0.0 yaw:-2.64981792498] 
1622507266933 [Update odom] 
1622507266946 [vx:0.0 vy:0.0 yaw:-2.6588550207] 
1622507267033 [Update odom] 
1622507267046 [vx:0.0 vy:0.0 yaw:-2.66575281369] 
1622507267135 [Update odom] 
1622507267149 [vx:0.0 vy:0.0 yaw:-2.67185423871] 
1622507267233 [Update odom] 
1622507267245 [vx:0.0 vy:0.0 yaw:-2.67578710604] 
1622507267333 [Update odom] 
1622507267345 [vx:0.0 vy:0.0 yaw:-2.6851650529] 
1622507267434 [Update odom] 
1622507267445 [vx:0.0 vy:0.0 yaw:-2.67970238151] 
1622507267535 [Update odom] 
1622507267546 [vx:0.0 vy:0.0 yaw:-2.66465037723] 
1622507267633 [Update odom] 
1622507267650 [vx:0.0 vy:0.0 yaw:-2.65652154705] 
1622507267733 [Update odom] 
1622507267747 [vx:0.0 vy:0.0 yaw:-2.66362952173] 
1622507267833 [Update odom] 
1622507267850 [vx:0.0 vy:0.0 yaw:-2.67054759786] 
1622507267934 [Update odom] 
1622507267945 [vx:0.0 vy:0.0 yaw:-2.67268275068] 
1622507268033 [Update odom] 
1622507268049 [vx:0.0 vy:0.0 yaw:-2.67768217561] 
1622507268133 [Update odom] 
1622507268145 [vx:0.0 vy:0.0 yaw:-2.68552038928] 
1622507268235 [Update odom] 
1622507268248 [vx:0.0 vy:0.0 yaw:-2.690180083] 
1622507268335 [Update odom] 
1622507268346 [vx:0.0 vy:0.0 yaw:-2.6899775518] 
1622507268433 [Update odom] 
1622507268445 [vx:0.0 vy:0.0 yaw:-2.68920408176] 
1622507268533 [Update odom] 
1622507268556 [vx:0.0 vy:0.0 yaw:-2.6931615283] 
1622507268640 [Update odom] 
1622507268659 [vx:0.0 vy:0.0 yaw:-2.69762722213] 
1622507268733 [Update odom] 
1622507268745 [vx:0.0 vy:0.0 yaw:-2.69937042106] 
1622507268836 [Update odom] 
1622507268845 [vx:0.0 vy:0.0 yaw:-2.70148821559] 
1622507268935 [Update odom] 
1622507268949 [vx:0.0 vy:0.0 yaw:-2.69388323745] 
1622507269043 [Update odom] 
1622507269089 [vx:0.0 vy:0.0 yaw:-2.67946063993] 
1622507269133 [Update odom] 
1622507269150 [vx:0.0 vy:0.0 yaw:-2.66698855605] 
1622507269235 [Update odom] 
1622507269257 [vx:0.0 vy:0.0 yaw:-2.65632246665] 
1622507269341 [Update odom] 
1622507269357 [vx:0.0 vy:0.0 yaw:-2.65058276962] 
1622507269433 [Update odom] 
1622507269446 [vx:0.0 vy:0.0 yaw:-2.65937558246] 
1622507269565 [Update odom] 
1622507269609 [vx:0.0 vy:0.0 yaw:-2.67620452745] 
1622507269636 [Update odom] 
1622507269656 [vx:0.0 vy:0.0 yaw:-2.68460256813] 
1622507269734 [Update odom] 
1622507269746 [vx:0.0 vy:0.0 yaw:-2.69499665988] 
1622507269834 [Update odom] 
1622507269845 [vx:0.0 vy:0.0 yaw:-2.70694963971] 
1622507269933 [Update odom] 
1622507269949 [vx:0.0 vy:0.0 yaw:-2.70451904877] 
1622507270033 [Update odom] 
1622507270046 [vx:0.0 vy:0.0 yaw:-2.69145682675] 
1622507270135 [Update odom] 
1622507270148 [vx:0.0 vy:0.0 yaw:-2.67670606841] 
1622507270233 [Update odom] 
1622507270245 [vx:0.0 vy:0.0 yaw:-2.67658093716] 
1622507270335 [Update odom] 
1622507270345 [vx:0.0 vy:0.0 yaw:-2.6851733063] 
1622507270434 [Update odom] 
1622507270447 [vx:0.0 vy:0.0 yaw:-2.68908127052] 
1622507270540 [Update odom] 
1622507270557 [vx:0.0 vy:0.0 yaw:-2.69120957755] 
1622507270633 [Update odom] 
1622507270645 [vx:0.0 vy:0.0 yaw:-2.693082117] 
1622507270733 [Update odom] 
1622507270746 [vx:0.0 vy:0.0 yaw:-2.69431787938] 
1622507270836 [Update odom] 
1622507270848 [vx:0.0 vy:0.0 yaw:-2.69607635229] 
1622507270933 [Update odom] 
1622507270950 [vx:0.0 vy:0.0 yaw:-2.68236243035] 
1622507271035 [Update odom] 
1622507271052 [vx:0.0 vy:0.0 yaw:-2.67466534853] 
1622507271136 [Update odom] 
1622507271146 [vx:0.0 vy:0.0 yaw:-2.66957361122] 
1622507271241 [Update odom] 
1622507271253 [vx:0.0 vy:0.0 yaw:-2.66960152835] 
1622507271343 [Update odom] 
1622507271353 [vx:0.0 vy:0.0 yaw:-2.67444674963] 
1622507271467 [Update odom] 
1622507271489 [vx:0.0 vy:0.0 yaw:-2.66291098877] 
1622507271534 [Update odom] 
1622507271546 [vx:0.0 vy:0.0 yaw:-2.6661516996] 
1622507271638 [Update odom] 
1622507271673 [vx:0.0 vy:0.0 yaw:-2.674683789] 
1622507271741 [Update odom] 
1622507271759 [vx:0.0 vy:0.0 yaw:-2.67423622188] 
1622507271834 [Update odom] 
1622507271845 [vx:0.0 vy:0.0 yaw:-2.66357441096] 
1622507271933 [Update odom] 
1622507271945 [vx:0.0 vy:0.0 yaw:-2.65232215521] 
1622507272033 [Update odom] 
1622507272052 [vx:0.0 vy:0.0 yaw:-2.64976465504] 
1622507272133 [Update odom] 
1622507272147 [vx:0.0 vy:0.0 yaw:-2.65643446053] 
1622507272233 [Update odom] 
1622507272248 [vx:0.0 vy:0.0 yaw:-2.65954292332] 
1622507272333 [Update odom] 
1622507272345 [vx:0.0 vy:0.0 yaw:-2.64995508431] 
1622507272434 [Update odom] 
1622507272445 [vx:0.0 vy:0.0 yaw:-2.64488637495] 
1622507272535 [Update odom] 
1622507272546 [vx:0.0 vy:0.0 yaw:-2.65049026908] 
1622507272637 [Update odom] 
1622507272649 [vx:0.0 vy:0.0 yaw:-2.66038402466] 
1622507272735 [Update odom] 
1622507272747 [vx:0.0 vy:0.0 yaw:-2.67086405175] 
1622507272834 [Update odom] 
1622507272846 [vx:0.0 vy:0.0 yaw:-2.6743925597] 
1622507272933 [Update odom] 
1622507272948 [vx:0.0 vy:0.0 yaw:-2.6623896957] 
1622507273033 [Update odom] 
1622507273046 [vx:0.0 vy:0.0 yaw:-2.65758803537] 
1622507273133 [Update odom] 
1622507273146 [vx:0.0 vy:0.0 yaw:-2.65493631673] 
1622507273233 [Update odom] 
1622507273249 [vx:0.0 vy:0.0 yaw:-2.65310793299] 
1622507273337 [Update odom] 
1622507273350 [vx:0.0 vy:0.0 yaw:-2.65563618025] 
1622507273433 [Update odom] 
1622507273446 [vx:0.0 vy:0.0 yaw:-2.66598565336] 
1622507273539 [Update odom] 
1622507273549 [vx:0.0 vy:0.0 yaw:-2.676116497] 
1622507273633 [Update odom] 
1622507273646 [vx:0.0 vy:0.0 yaw:-2.68478764453] 
1622507273733 [Update odom] 
1622507273747 [vx:0.0 vy:0.0 yaw:-2.69493154352] 
1622507273833 [Update odom] 
1622507273847 [vx:0.0 vy:0.0 yaw:-2.703003438] 
1622507273933 [Update odom] 
1622507273945 [vx:0.0 vy:0.0 yaw:-2.71183033413] 
1622507274067 [Update odom] 
1622507274081 [vx:0.0 vy:0.0 yaw:-2.70417247791] 
1622507274133 [Update odom] 
1622507274146 [vx:0.0 vy:0.0 yaw:-2.70430080192] 
1622507274233 [Update odom] 
1622507274246 [vx:0.0 vy:0.0 yaw:-2.70337858211] 
1622507274341 [Update odom] 
1622507274354 [vx:0.0 vy:0.0 yaw:-2.69350797154] 
1622507274435 [Update odom] 
1622507274450 [vx:0.0 vy:0.0 yaw:-2.68044520512] 
1622507274534 [Update odom] 
1622507274551 [vx:0.0 vy:0.0 yaw:-2.67295957289] 
1622507274634 [Update odom] 
1622507274645 [vx:0.0 vy:0.0 yaw:-2.6668254095] 
1622507274746 [Update odom] 
1622507274758 [vx:0.0 vy:0.0 yaw:-2.66998768058] 
1622507274833 [Update odom] 
1622507274845 [vx:0.0 vy:0.0 yaw:-2.67698677496] 
1622507274933 [Update odom] 
1622507274947 [vx:0.0 vy:0.0 yaw:-2.66519930554] 
1622507275044 [Update odom] 
1622507275057 [vx:0.0 vy:0.0 yaw:-2.66113382876] 
1622507275133 [Update odom] 
1622507275145 [vx:0.0 vy:0.0 yaw:-2.66307975694] 
1622507275235 [Update odom] 
1622507275251 [vx:0.0 vy:0.0 yaw:-2.66915951069] 
1622507275333 [Update odom] 
1622507275345 [vx:0.0 vy:0.0 yaw:-2.67377181151] 
1622507275433 [Update odom] 
1622507275445 [vx:0.0 vy:0.0 yaw:-2.67882555299] 
1622507275533 [Update odom] 
1622507275574 [vx:0.0 vy:0.0 yaw:-2.68984932827] 
1622507275633 [Update odom] 
1622507275645 [vx:0.0 vy:0.0 yaw:-2.68713598402] 
1622507275733 [Update odom] 
1622507275747 [vx:0.0 vy:0.0 yaw:-2.6667933682] 
1622507275833 [Update odom] 
1622507275849 [vx:0.0 vy:0.0 yaw:-2.65839591785] 
1622507275933 [Update odom] 
1622507275947 [vx:0.0 vy:0.0 yaw:-2.66333125058] 
1622507276034 [Update odom] 
1622507276046 [vx:0.0 vy:0.0 yaw:-2.66779650972] 
1622507276145 [Update odom] 
1622507276157 [vx:0.0 vy:0.0 yaw:-2.66343036344] 
1622507276233 [Update odom] 
1622507276254 [vx:0.0 vy:0.0 yaw:-2.64955134997] 
1622507276334 [Update odom] 
1622507276345 [vx:0.0 vy:0.0 yaw:-2.65682674102] 
1622507276434 [Update odom] 
1622507276447 [vx:0.0 vy:0.0 yaw:-2.6669804362] 
1622507276533 [Update odom] 
1622507276546 [vx:0.0 vy:0.0 yaw:-2.67659917932] 
1622507276636 [Update odom] 
1622507276673 [vx:0.0 vy:0.0 yaw:-2.67699499896] 
1622507276733 [Update odom] 
1622507276745 [vx:0.0 vy:0.0 yaw:-2.66806155041] 
1622507276850 [Update odom] 
1622507276866 [vx:0.0 vy:0.0 yaw:-2.65704795298] 
1622507276934 [Update odom] 
1622507276945 [vx:0.0 vy:0.0 yaw:-2.65830784957] 
1622507277033 [Update odom] 
1622507277050 [vx:0.0 vy:0.0 yaw:-2.65288681745] 
1622507277136 [Update odom] 
1622507277158 [vx:0.0 vy:0.0 yaw:-2.63889003094] 
1622507277235 [Update odom] 
1622507277250 [vx:0.0 vy:0.0 yaw:-2.62573057988] 
1622507277336 [Update odom] 
1622507277346 [vx:0.0 vy:0.0 yaw:-2.62496527948] 
1622507277433 [Update odom] 
1622507277445 [vx:0.0 vy:0.0 yaw:-2.63314112635] 
1622507277534 [Update odom] 
1622507277551 [vx:0.0 vy:0.0 yaw:-2.64868850111] 
1622507277633 [Update odom] 
1622507277646 [vx:0.0 vy:0.0 yaw:-2.66031090772] 
1622507277736 [Update odom] 
1622507277749 [vx:0.0 vy:0.0 yaw:-2.66644272876] 
1622507277842 [Update odom] 
1622507277858 [vx:0.0 vy:0.0 yaw:-2.68077971517] 
1622507277933 [Update odom] 
1622507277948 [vx:0.0 vy:0.0 yaw:-2.69306739604] 
1622507278033 [Update odom] 
1622507278046 [vx:0.0 vy:0.0 yaw:-2.70420842573] 
1622507278134 [Update odom] 
1622507278145 [vx:0.0 vy:0.0 yaw:-2.71050524667] 
1622507278233 [Update odom] 
1622507278246 [vx:0.0 vy:0.0 yaw:-2.71498568405] 
1622507278333 [Update odom] 
1622507278346 [vx:0.0 vy:0.0 yaw:-2.71147076614] 
1622507278438 [Update odom] 
1622507278451 [vx:0.0 vy:0.0 yaw:-2.71018004371] 
1622507278533 [Update odom] 
1622507278545 [vx:0.0 vy:0.0 yaw:-2.69910358211] 
1622507278633 [Update odom] 
1622507278648 [vx:0.0 vy:0.0 yaw:-2.68174892904] 
1622507278733 [Update odom] 
1622507278746 [vx:0.0 vy:0.0 yaw:-2.68433126602] 
1622507278833 [Update odom] 
1622507278846 [vx:0.0 vy:0.0 yaw:-2.68561947677] 
1622507278959 [Update odom] 
1622507278969 [vx:0.0 vy:0.0 yaw:-2.68176532844] 
1622507279035 [Update odom] 
1622507279056 [vx:0.0 vy:0.0 yaw:-2.6800547524] 
1622507279133 [Update odom] 
1622507279147 [vx:0.0 vy:0.0 yaw:-2.68328366172] 
1622507279233 [Update odom] 
1622507279260 [vx:0.0 vy:0.0 yaw:-2.67443952252] 
1622507279333 [Update odom] 
1622507279346 [vx:0.0 vy:0.0 yaw:-2.65811768788] 
1622507279433 [Update odom] 
1622507279446 [vx:0.0 vy:0.0 yaw:-2.64546760912] 
1622507279535 [Update odom] 
1622507279546 [vx:0.0 vy:0.0 yaw:-2.63755091176] 
1622507279633 [Update odom] 
1622507279645 [vx:0.0 vy:0.0 yaw:-2.62758110831] 
1622507279733 [Update odom] 
1622507279746 [vx:0.0 vy:0.0 yaw:-2.62621096536] 
1622507279834 [Update odom] 
1622507279846 [vx:0.0 vy:0.0 yaw:-2.63816299091] 
1622507279933 [Update odom] 
1622507279965 [vx:0.0 vy:0.0 yaw:-2.65250197372] 
1622507280033 [Update odom] 
1622507280045 [vx:0.0 vy:0.0 yaw:-2.65869572388] 
1622507280133 [Update odom] 
1622507280146 [vx:0.0 vy:0.0 yaw:-2.6703630647] 
1622507280234 [Update odom] 
1622507280247 [vx:0.0 vy:0.0 yaw:-2.68271597459] 
1622507280333 [Update odom] 
1622507280347 [vx:0.0 vy:0.0 yaw:-2.69219144556] 
1622507280436 [Update odom] 
1622507280462 [vx:0.0 vy:0.0 yaw:-2.69812260112] 
1622507280558 [Update odom] 
1622507280569 [vx:0.0 vy:0.0 yaw:-2.69561228375] 
1622507280633 [Update odom] 
1622507280646 [vx:0.0 vy:0.0 yaw:-2.68418287733] 
1622507280733 [Update odom] 
1622507280754 [vx:0.0 vy:0.0 yaw:-2.6704647419] 
1622507280833 [Update odom] 
1622507280846 [vx:0.0 vy:0.0 yaw:-2.66697967231] 
1622507280933 [Update odom] 
1622507280949 [vx:0.0 vy:0.0 yaw:-2.67395888232] 
1622507281033 [Update odom] 
1622507281045 [vx:0.0 vy:0.0 yaw:-2.68465512395] 
1622507281134 [Update odom] 
1622507281146 [vx:0.0 vy:0.0 yaw:-2.68545525481] 
1622507281233 [Update odom] 
1622507281278 [vx:0.0 vy:0.0 yaw:-2.68931754424] 
1622507281335 [Update odom] 
1622507281346 [vx:0.0 vy:0.0 yaw:-2.68950556357] 
1622507281433 [Update odom] 
1622507281445 [vx:0.0 vy:0.0 yaw:-2.67567403678] 
1622507281533 [Update odom] 
1622507281545 [vx:0.0 vy:0.0 yaw:-2.65777944947] 
1622507281633 [Update odom] 
1622507281646 [vx:0.0 vy:0.0 yaw:-2.64096385334] 
1622507281733 [Update odom] 
1622507281745 [vx:0.0 vy:0.0 yaw:-2.63391802168] 
1622507281836 [Update odom] 
1622507281850 [vx:0.0 vy:0.0 yaw:-2.6277041739] 
1622507281936 [Update odom] 
1622507281950 [vx:0.0 vy:0.0 yaw:-2.62756635611] 
1622507282034 [Update odom] 
1622507282045 [vx:0.0 vy:0.0 yaw:-2.63528943818] 
1622507282134 [Update odom] 
1622507282155 [vx:0.0 vy:0.0 yaw:-2.62912990148] 
1622507282235 [Update odom] 
1622507282245 [vx:0.0 vy:0.0 yaw:-2.633773694] 
1622507282333 [Update odom] 
1622507282347 [vx:0.0 vy:0.0 yaw:-2.64398027289] 
1622507282435 [Update odom] 
1622507282446 [vx:0.0 vy:0.0 yaw:-2.65044237707] 
1622507282533 [Update odom] 
1622507282547 [vx:0.0 vy:0.0 yaw:-2.65168669497] 
1622507282635 [Update odom] 
1622507282646 [vx:0.0 vy:0.0 yaw:-2.63504523319] 
1622507282733 [Update odom] 
1622507282746 [vx:0.0 vy:0.0 yaw:-2.62260394883] 
1622507282833 [Update odom] 
1622507282846 [vx:0.0 vy:0.0 yaw:-2.60907277782] 
1622507282933 [Update odom] 
1622507282946 [vx:0.0 vy:0.0 yaw:-2.60755033851] 
1622507283033 [Update odom] 
1622507283046 [vx:0.0 vy:0.0 yaw:-2.61575650064] 
1622507283133 [Update odom] 
1622507283147 [vx:0.0 vy:0.0 yaw:-2.63276061319] 
1622507283243 [Update odom] 
1622507283265 [vx:0.0 vy:0.0 yaw:-2.6472565161] 
1622507283333 [Update odom] 
1622507283347 [vx:0.0 vy:0.0 yaw:-2.65883797047] 
1622507283433 [Update odom] 
1622507283447 [vx:0.0 vy:0.0 yaw:-2.67145783636] 
1622507283548 [Update odom] 
1622507283574 [vx:0.0 vy:0.0 yaw:-2.67868941163] 
1622507283633 [Update odom] 
1622507283645 [vx:0.0 vy:0.0 yaw:-2.68154818676] 
1622507283733 [Update odom] 
1622507283745 [vx:0.0 vy:0.0 yaw:-2.68609712355] 
1622507283834 [Update odom] 
1622507283845 [vx:0.0 vy:0.0 yaw:-2.68215619712] 
1622507283933 [Update odom] 
1622507283945 [vx:0.0 vy:0.0 yaw:-2.66967763776] 
1622507284034 [Update odom] 
1622507284045 [vx:0.0 vy:0.0 yaw:-2.65849265197] 
1622507284147 [Update odom] 
1622507284158 [vx:0.0 vy:0.0 yaw:-2.6644405864] 
1622507284233 [Update odom] 
1622507284247 [vx:0.0 vy:0.0 yaw:-2.67191547151] 
1622507284333 [Update odom] 
1622507284351 [vx:0.0 vy:0.0 yaw:-2.67131268553] 
1622507284433 [Update odom] 
1622507284445 [vx:0.0 vy:0.0 yaw:-2.67075773732] 
1622507284543 [Update odom] 
1622507284553 [vx:0.0 vy:0.0 yaw:-2.67289062866] 
1622507284634 [Update odom] 
1622507284646 [vx:0.0 vy:0.0 yaw:-2.67417809699] 
1622507284765 [Update odom] 
1622507284777 [vx:0.0 vy:0.0 yaw:-2.67633509983] 
1622507284833 [Update odom] 
1622507284848 [vx:0.0 vy:0.0 yaw:-2.67237866545] 
1622507284933 [Update odom] 
1622507284945 [vx:0.0 vy:0.0 yaw:-2.66621503645] 
1622507285033 [Update odom] 
1622507285045 [vx:0.0 vy:0.0 yaw:-2.66326411231] 
1622507285133 [Update odom] 
1622507285145 [vx:0.0 vy:0.0 yaw:-2.66098165854] 
1622507285233 [Update odom] 
1622507285255 [vx:0.0 vy:0.0 yaw:-2.66498308031] 
1622507285333 [Update odom] 
1622507285346 [vx:0.0 vy:0.0 yaw:-2.65978652628] 
1622507285435 [Update odom] 
1622507285446 [vx:0.0 vy:0.0 yaw:-2.65528549429] 
1622507285552 [Update odom] 
1622507285556 [vx:0.0 vy:0.0 yaw:-2.65792466322] 
1622507285633 [Update odom] 
1622507285646 [vx:0.0 vy:0.0 yaw:-2.66797041747] 
1622507285733 [Update odom] 
1622507285745 [vx:0.0 vy:0.0 yaw:-2.66912052204] 
1622507285845 [Update odom] 
1622507285857 [vx:0.0 vy:0.0 yaw:-2.67346424] 
1622507285933 [Update odom] 
1622507285950 [vx:0.0 vy:0.0 yaw:-2.67411943791] 
1622507286035 [Update odom] 
1622507286057 [vx:0.0 vy:0.0 yaw:-2.66391298192] 
1622507286133 [Update odom] 
1622507286150 [vx:0.0 vy:0.0 yaw:-2.65092742796] 
1622507286233 [Update odom] 
1622507286246 [vx:0.0 vy:0.0 yaw:-2.65497910773] 
1622507286333 [Update odom] 
1622507286345 [vx:0.0 vy:0.0 yaw:-2.66186397099] 
1622507286434 [Update odom] 
1622507286445 [vx:0.0 vy:0.0 yaw:-2.65789232707] 
1622507286538 [Update odom] 
1622507286571 [vx:0.0 vy:0.0 yaw:-2.64636483234] 
1622507286633 [Update odom] 
1622507286648 [vx:0.0 vy:0.0 yaw:-2.64877590571] 
1622507286741 [Update odom] 
1622507286758 [vx:0.0 vy:0.0 yaw:-2.64221531587] 
1622507286833 [Update odom] 
1622507286845 [vx:0.0 vy:0.0 yaw:-2.64072447217] 
1622507286933 [Update odom] 
1622507286946 [vx:0.0 vy:0.0 yaw:-2.65704090151] 
1622507287033 [Update odom] 
1622507287049 [vx:0.0 vy:0.0 yaw:-2.67073363475] 
1622507287133 [Update odom] 
1622507287147 [vx:0.0 vy:0.0 yaw:-2.67782637957] 
1622507287254 [Update odom] 
1622507287266 [vx:0.0 vy:0.0 yaw:-2.67874903444] 
1622507287333 [Update odom] 
1622507287348 [vx:0.0 vy:0.0 yaw:-2.68476367455] 
1622507287433 [Update odom] 
1622507287450 [vx:0.0 vy:0.0 yaw:-2.69737706786] 
1622507287533 [Update odom] 
1622507287546 [vx:0.0 vy:0.0 yaw:-2.70586637105] 
1622507287633 [Update odom] 
1622507287646 [vx:0.0 vy:0.0 yaw:-2.69816802329] 
1622507287733 [Update odom] 
1622507287745 [vx:0.0 vy:0.0 yaw:-2.68811734651] 
1622507287833 [Update odom] 
1622507287850 [vx:0.0 vy:0.0 yaw:-2.67049064779] 
1622507287933 [Update odom] 
1622507287945 [vx:0.0 vy:0.0 yaw:-2.67306707082] 
1622507288033 [Update odom] 
1622507288045 [vx:0.0 vy:0.0 yaw:-2.67306142045] 
1622507288133 [Update odom] 
1622507288148 [vx:0.0 vy:0.0 yaw:-2.67215936099] 
1622507288234 [Update odom] 
1622507288250 [vx:0.0 vy:0.0 yaw:-2.67186361435] 
1622507288334 [Update odom] 
1622507288350 [vx:0.0 vy:0.0 yaw:-2.67987897692] 
1622507288434 [Update odom] 
1622507288446 [vx:0.0 vy:0.0 yaw:-2.6819758754] 
1622507288533 [Update odom] 
1622507288545 [vx:0.0 vy:0.0 yaw:-2.68192780665] 
1622507288633 [Update odom] 
1622507288647 [vx:0.0 vy:0.0 yaw:-2.66896314321] 
1622507288733 [Update odom] 
1622507288756 [vx:0.0 vy:0.0 yaw:-2.67765673255] 
1622507288834 [Update odom] 
1622507288846 [vx:0.0 vy:0.0 yaw:-2.68349998742] 
1622507288934 [Update odom] 
1622507288955 [vx:0.0 vy:0.0 yaw:-2.69106392633] 
1622507289034 [Update odom] 
1622507289046 [vx:0.0 vy:0.0 yaw:-2.70027521286] 
1622507289134 [Update odom] 
1622507289147 [vx:0.0 vy:0.0 yaw:-2.70684854933] 
1622507289234 [Update odom] 
1622507289248 [vx:0.0 vy:0.0 yaw:-2.70390096602] 
1622507289335 [Update odom] 
1622507289346 [vx:0.0 vy:0.0 yaw:-2.69422586889] 
1622507289433 [Update odom] 
1622507289445 [vx:0.0 vy:0.0 yaw:-2.68211875723] 
1622507289548 [Update odom] 
1622507289560 [vx:0.0 vy:0.0 yaw:-2.67470965886] 
1622507289635 [Update odom] 
1622507289647 [vx:0.0 vy:0.0 yaw:-2.67178512907] 
1622507289733 [Update odom] 
1622507289745 [vx:0.0 vy:0.0 yaw:-2.67236781803] 
1622507289833 [Update odom] 
1622507289851 [vx:0.0 vy:0.0 yaw:-2.66290010141] 
1622507289961 [Update odom] 
1622507289996 [vx:0.0 vy:0.0 yaw:-2.65393346107] 
1622507290040 [Update odom] 
1622507290054 [vx:0.0 vy:0.0 yaw:-2.65627056674] 
1622507290133 [Update odom] 
1622507290146 [vx:0.0 vy:0.0 yaw:-2.66191219969] 
1622507290238 [Update odom] 
1622507290254 [vx:0.0 vy:0.0 yaw:-2.66936479151] 
1622507290340 [Update odom] 
1622507290358 [vx:0.0 vy:0.0 yaw:-2.67313798307] 
1622507290433 [Update odom] 
1622507290453 [vx:0.0 vy:0.0 yaw:-2.68374362274] 
1622507290533 [Update odom] 
1622507290551 [vx:0.0 vy:0.0 yaw:-2.68842821672] 
1622507290635 [Update odom] 
1622507290647 [vx:0.0 vy:0.0 yaw:-2.69104957385] 
1622507290738 [Update odom] 
1622507290754 [vx:0.0 vy:0.0 yaw:-2.68103816903] 
1622507290833 [Update odom] 
1622507290845 [vx:0.0 vy:0.0 yaw:-2.68094148952] 
1622507290936 [Update odom] 
1622507290953 [vx:0.0 vy:0.0 yaw:-2.67628266461] 
1622507291033 [Update odom] 
1622507291045 [vx:0.0 vy:0.0 yaw:-2.67060386662] 
1622507291133 [Update odom] 
1622507291162 [vx:0.0 vy:0.0 yaw:-2.66602452342] 
1622507291235 [Update odom] 
1622507291247 [vx:0.0 vy:0.0 yaw:-2.66532494129] 
1622507291333 [Update odom] 
1622507291346 [vx:0.0 vy:0.0 yaw:-2.67379341016] 
1622507291442 [Update odom] 
1622507291453 [vx:0.0 vy:0.0 yaw:-2.67568602049] 
1622507291533 [Update odom] 
1622507291546 [vx:0.0 vy:0.0 yaw:-2.66965035269] 
1622507291633 [Update odom] 
1622507291647 [vx:0.0 vy:0.0 yaw:-2.65686285377] 
1622507291733 [Update odom] 
1622507291745 [vx:0.0 vy:0.0 yaw:-2.6413247319] 
1622507291833 [Update odom] 
1622507291845 [vx:0.0 vy:0.0 yaw:-2.63893749123] 
1622507291935 [Update odom] 
1622507291947 [vx:0.0 vy:0.0 yaw:-2.64578217514] 
1622507292033 [Update odom] 
1622507292045 [vx:0.0 vy:0.0 yaw:-2.65192380663] 
1622507292136 [Update odom] 
1622507292165 [vx:0.0 vy:0.0 yaw:-2.65795444327] 
1622507292233 [Update odom] 
1622507292245 [vx:0.0 vy:0.0 yaw:-2.66119341992] 
1622507292333 [Update odom] 
1622507292346 [vx:0.0 vy:0.0 yaw:-2.67412192958] 
1622507292433 [Update odom] 
1622507292446 [vx:0.0 vy:0.0 yaw:-2.68503952013] 
1622507292535 [Update odom] 
1622507292551 [vx:0.0 vy:0.0 yaw:-2.69279551445] 
1622507292633 [Update odom] 
1622507292646 [vx:0.0 vy:0.0 yaw:-2.69443561094] 
1622507292734 [Update odom] 
1622507292746 [vx:0.0 vy:0.0 yaw:-2.69139253695] 
1622507292833 [Update odom] 
1622507292852 [vx:0.0 vy:0.0 yaw:-2.69457821843] 
1622507292933 [Update odom] 
1622507292950 [vx:0.0 vy:0.0 yaw:-2.69532706607] 
1622507293033 [Update odom] 
1622507293046 [vx:0.0 vy:0.0 yaw:-2.7010317771] 
1622507293133 [Update odom] 
1622507293147 [vx:0.0 vy:0.0 yaw:-2.70844364254] 
1622507293233 [Update odom] 
1622507293279 [vx:0.0 vy:0.0 yaw:-2.70186050465] 
1622507293333 [Update odom] 
1622507293346 [vx:0.0 vy:0.0 yaw:-2.70749406113] 
1622507293435 [Update odom] 
1622507293447 [vx:0.0 vy:0.0 yaw:-2.70345766984] 
1622507293533 [Update odom] 
1622507293545 [vx:0.0 vy:0.0 yaw:-2.69755169838] 
1622507293633 [Update odom] 
1622507293646 [vx:0.0 vy:0.0 yaw:-2.68989442479] 
1622507293740 [Update odom] 
1622507293763 [vx:0.0 vy:0.0 yaw:-2.68749591792] 
1622507293833 [Update odom] 
1622507293845 [vx:0.0 vy:0.0 yaw:-2.6871440049] 
1622507293933 [Update odom] 
1622507293946 [vx:0.0 vy:0.0 yaw:-2.67330986107] 
1622507294033 [Update odom] 
1622507294046 [vx:0.0 vy:0.0 yaw:-2.65768826331] 
1622507294133 [Update odom] 
1622507294146 [vx:0.0 vy:0.0 yaw:-2.65722947443] 
1622507294234 [Update odom] 
1622507294262 [vx:0.0 vy:0.0 yaw:-2.6691927524] 
1622507294336 [Update odom] 
1622507294349 [vx:0.0 vy:0.0 yaw:-2.6766387504] 
1622507294433 [Update odom] 
1622507294446 [vx:0.0 vy:0.0 yaw:-2.6857165591] 
1622507294535 [Update odom] 
1622507294547 [vx:0.0 vy:0.0 yaw:-2.69250038687] 
1622507294633 [Update odom] 
1622507294646 [vx:0.0 vy:0.0 yaw:-2.69871445228] 
1622507294735 [Update odom] 
1622507294747 [vx:0.0 vy:0.0 yaw:-2.69937100192] 
1622507294833 [Update odom] 
1622507294846 [vx:0.0 vy:0.0 yaw:-2.689418505] 
1622507294933 [Update odom] 
1622507294946 [vx:0.0 vy:0.0 yaw:-2.67289585171] 
1622507295033 [Update odom] 
1622507295047 [vx:0.0 vy:0.0 yaw:-2.67385687582] 
1622507295135 [Update odom] 
1622507295149 [vx:0.0 vy:0.0 yaw:-2.68039560389] 
1622507295233 [Update odom] 
1622507295246 [vx:0.0 vy:0.0 yaw:-2.68377607113] 
1622507295334 [Update odom] 
1622507295345 [vx:0.0 vy:0.0 yaw:-2.68626157043] 
1622507295439 [Update odom] 
1622507295449 [vx:0.0 vy:0.0 yaw:-2.68689983134] 
1622507295533 [Update odom] 
1622507295551 [vx:0.0 vy:0.0 yaw:-2.68768894311] 
1622507295635 [Update odom] 
1622507295645 [vx:0.0 vy:0.0 yaw:-2.68661433159] 
1622507295737 [Update odom] 
1622507295745 [vx:0.0 vy:0.0 yaw:-2.68204531496] 
1622507295833 [Update odom] 
1622507295845 [vx:0.0 vy:0.0 yaw:-2.67049489755] 
1622507295933 [Update odom] 
1622507295947 [vx:0.0 vy:0.0 yaw:-2.66077850908] 
1622507296033 [Update odom] 
1622507296045 [vx:0.0 vy:0.0 yaw:-2.65654059544] 
1622507296133 [Update odom] 
1622507296146 [vx:0.0 vy:0.0 yaw:-2.65677803899] 
1622507296237 [Update odom] 
1622507296250 [vx:0.0 vy:0.0 yaw:-2.66477514336] 
1622507296336 [Update odom] 
1622507296349 [vx:0.0 vy:0.0 yaw:-2.6734902483] 
1622507296433 [Update odom] 
1622507296446 [vx:0.0 vy:0.0 yaw:-2.67139390046] 
1622507296533 [Update odom] 
1622507296547 [vx:0.0 vy:0.0 yaw:-2.671584864] 
1622507296633 [Update odom] 
1622507296646 [vx:0.0 vy:0.0 yaw:-2.67138399585] 
1622507296733 [Update odom] 
1622507296746 [vx:0.0 vy:0.0 yaw:-2.66756650694] 
1622507296833 [Update odom] 
1622507296846 [vx:0.0 vy:0.0 yaw:-2.67577792312] 
1622507296933 [Update odom] 
1622507296946 [vx:0.0 vy:0.0 yaw:-2.67236808127] 
1622507297038 [Update odom] 
1622507297049 [vx:0.0 vy:0.0 yaw:-2.67453485932] 
1622507297133 [Update odom] 
1622507297146 [vx:0.0 vy:0.0 yaw:-2.6806858775] 
1622507297233 [Update odom] 
1622507297246 [vx:0.0 vy:0.0 yaw:-2.68604622608] 
1622507297333 [Update odom] 
1622507297345 [vx:0.0 vy:0.0 yaw:-2.68935474078] 
1622507297433 [Update odom] 
1622507297447 [vx:0.0 vy:0.0 yaw:-2.69252366378] 
1622507297533 [Update odom] 
1622507297546 [vx:0.0 vy:0.0 yaw:-2.69828816567] 
1622507297633 [Update odom] 
1622507297646 [vx:0.0 vy:0.0 yaw:-2.70015901391] 
1622507297733 [Update odom] 
1622507297746 [vx:0.0 vy:0.0 yaw:-2.70108441746] 
1622507297833 [Update odom] 
1622507297846 [vx:0.0 vy:0.0 yaw:-2.70197324932] 
1622507297934 [Update odom] 
1622507297946 [vx:0.0 vy:0.0 yaw:-2.70456968576] 
1622507298033 [Update odom] 
1622507298046 [vx:0.0 vy:0.0 yaw:-2.7122812978] 
1622507298133 [Update odom] 
1622507298146 [vx:0.0 vy:0.0 yaw:-2.7261502578] 
1622507298233 [Update odom] 
1622507298246 [vx:0.0 vy:0.0 yaw:-2.73233216045] 
1622507298333 [Update odom] 
1622507298346 [vx:0.0 vy:0.0 yaw:-2.73198066203] 
1622507298433 [Update odom] 
1622507298446 [vx:0.0 vy:0.0 yaw:-2.72231009246] 
1622507298533 [Update odom] 
1622507298554 [vx:0.0 vy:0.0 yaw:-2.70620209357] 
1622507298638 [Update odom] 
1622507298656 [vx:0.0 vy:0.0 yaw:-2.69245560879] 
1622507298733 [Update odom] 
1622507298746 [vx:0.0 vy:0.0 yaw:-2.68643060093] 
1622507298833 [Update odom] 
1622507298844 [vx:0.0 vy:0.0 yaw:-2.69148069438] 
1622507298933 [Update odom] 
1622507298948 [vx:0.0 vy:0.0 yaw:-2.67916505993] 
1622507299033 [Update odom] 
1622507299046 [vx:0.0 vy:0.0 yaw:-2.665094137] 
1622507299161 [Update odom] 
1622507299173 [vx:0.0 vy:0.0 yaw:-2.66457212574] 
1622507299234 [Update odom] 
1622507299247 [vx:0.0 vy:0.0 yaw:-2.67154961462] 
1622507299333 [Update odom] 
1622507299349 [vx:0.0 vy:0.0 yaw:-2.67602687098] 
1622507299433 [Update odom] 
1622507299446 [vx:0.0 vy:0.0 yaw:-2.67004120812] 
1622507299533 [Update odom] 
1622507299545 [vx:0.0 vy:0.0 yaw:-2.66633401451] 
1622507299633 [Update odom] 
1622507299647 [vx:0.0 vy:0.0 yaw:-2.66984076623] 
1622507299734 [Update odom] 
1622507299746 [vx:0.0 vy:0.0 yaw:-2.67825467639] 
1622507299833 [Update odom] 
1622507299846 [vx:0.0 vy:0.0 yaw:-2.68897754025] 
1622507299933 [Update odom] 
1622507299947 [vx:0.0 vy:0.0 yaw:-2.69466977739] 
1622507300033 [Update odom] 
1622507300045 [vx:0.0 vy:0.0 yaw:-2.69792310634] 
1622507300133 [Update odom] 
1622507300145 [vx:0.0 vy:0.0 yaw:-2.70340992717] 
1622507300233 [Update odom] 
1622507300250 [vx:0.0 vy:0.0 yaw:-2.71100343728] 
1622507300333 [Update odom] 
1622507300349 [vx:0.0 vy:0.0 yaw:-2.71206994437] 
