1623087814658 [Opening serial port: /dev/ttyTHS1.] 
1623087814964 [The robot is connected to ] [/dev/ttyTHS1] 
1623087814964 [Initial robot's topic...] 
1623087827066 [log_latest_command] [[ b y t e a r r a y ( b ' \ x a a \ x f f \ x a 5 \ x 0 2 N \ x 0 f \ x 0 e ' ) ]] 
1623087828189 [log_latest_command] [[ b y t e a r r a y ( b ' \ x a a \ x f f \ x a 2 \ x 8 0 \ x 0 c \ x 0 0 \ x 8 0 \ x 0 c \ x f f \ x 0 4 b \ x 0 f \ x 0 e ' ) ]] 
1623087829605 [log_latest_command] [[ b y t e a r r a y ( b ' \ x a a \ x f f \ x a 5 \ x 0 2 N \ x 0 f \ x 0 e ' ) ]] 
1623087841060 [log_latest_command] [[ b y t e a r r a y ( b ' \ x a a \ x f f \ x a 2 \ x b 0 \ x 0 4 \ x f f \ x b 0 \ x 0 4 \ x 0 0 \ x 0 4 \ x b 2 \ x 0 f \ x 0 e ' ) ]] 
1623087841299 [log_latest_command] [[ b y t e a r r a y ( b ' \ x a a \ x f f \ x a 5 \ x 0 2 N \ x 0 f \ x 0 e ' ) ]] 
1623087841747 [log_latest_command] [[ b y t e a r r a y ( b ' \ x a a \ x f f \ x a 5 \ x 0 2 N \ x 0 f \ x 0 e ' ) ]] 
1623087842966 [log_latest_command] [[ b y t e a r r a y ( b ' \ x a a \ x f f \ x a 5 \ x 0 2 N \ x 0 f \ x 0 e ' ) ]] 
1623087844094 [log_latest_command] [[ b y t e a r r a y ( b ' \ x a a \ x f f \ x a 2 \ x d c \ x 0 5 \ x 0 0 \ x d c \ x 0 5 \ x 0 0 \ x 0 4 \ r \ x 0 f \ x 0 e ' ) ]] 
1623087844511 [log_latest_command] [[ b y t e a r r a y ( b ' \ x a a \ x f f \ x a 5 \ x 0 2 N \ x 0 f \ x 0 e ' ) ]] 
1623087845489 [log_latest_command] [[ b y t e a r r a y ( b ' \ x a a \ x f f \ x a 2 \ x d c \ x 0 5 \ x 0 0 \ x d c \ x 0 5 \ x 0 0 \ x 0 4 \ r \ x 0 f \ x 0 e ' ) ]] 
1623087846501 [log_latest_command] [[ b y t e a r r a y ( b ' \ x a a \ x f f \ x a 5 \ x 0 2 N \ x 0 f \ x 0 e ' ) ]] 
1623087847160 [log_latest_command] [[ b y t e a r r a y ( b ' \ x a a \ x f f \ x a 5 \ x 0 2 N \ x 0 f \ x 0 e ' ) ]] 
1623087847903 [log_latest_command] [[ b y t e a r r a y ( b ' \ x a a \ x f f \ x a 2 \ x b 0 \ x 0 4 \ x f f \ x b 0 \ x 0 4 \ x 0 0 \ x 0 4 \ x b 2 \ x 0 f \ x 0 e ' ) ]] 
1623087850258 [log_latest_command] [[ b y t e a r r a y ( b ' \ x a a \ x f f \ x a 5 \ x 0 2 N \ x 0 f \ x 0 e ' ) ]] 
1623087850713 [log_latest_command] [[ b y t e a r r a y ( b ' \ x a a \ x f f \ x a 5 \ x 0 2 N \ x 0 f \ x 0 e ' ) ]] 
1623087850998 [log_latest_command] [[ b y t e a r r a y ( b ' \ x a a \ x f f \ x a 5 \ x 0 2 N \ x 0 f \ x 0 e ' ) ]] 
1623087851312 [log_latest_command] [[ b y t e a r r a y ( b ' \ x a a \ x f f \ x a 5 \ x 0 2 N \ x 0 f \ x 0 e ' ) ]] 
1623087853222 [log_latest_command] [[ b y t e a r r a y ( b ' \ x a a \ x f f \ x a 2 \ x d c \ x 0 5 \ x f f \ x d c \ x 0 5 \ x f f \ x 0 6 \ x 0 b \ x 0 f \ x 0 e ' ) ]] 
1623087854842 [log_latest_command] [[ b y t e a r r a y ( b ' \ x a a \ x f f \ x a 2 \ x d c \ x 0 5 \ x 0 0 \ x d c \ x 0 5 \ x 0 0 \ x 0 4 \ r \ x 0 f \ x 0 e ' ) ]] 
1623087856926 [log_latest_command] [[ b y t e a r r a y ( b ' \ x a a \ x f f \ x a 2 \ x d c \ x 0 5 \ x f f \ x d c \ x 0 5 \ x f f \ x 0 6 \ x 0 b \ x 0 f \ x 0 e ' ) ]] 
1623087859307 [log_latest_command] [[ b y t e a r r a y ( b ' \ x a a \ x f f \ x a 2 \ x d c \ x 0 5 \ x 0 0 \ x d c \ x 0 5 \ x 0 0 \ x 0 4 \ r \ x 0 f \ x 0 e ' ) ]] 
1623087861854 [log_latest_command] [[ b y t e a r r a y ( b ' \ x a a \ x f f \ x a 2 X \ x 0 2 \ x 0 0 \ x d c \ x 0 5 \ x 0 0 \ x 0 3 \ x 8 6 \ x 0 f \ x 0 e ' ) ]] 
1623087862389 [log_latest_command] [[ b y t e a r r a y ( b ' \ x a a \ x f f \ x a 5 \ x 0 2 N \ x 0 f \ x 0 e ' ) ]] 
1623087866879 [log_latest_command] [[ b y t e a r r a y ( b ' \ x a a \ x f f \ x a 2 \ x d c \ x 0 5 \ x f f \ x d c \ x 0 5 \ x f f \ x 0 6 \ x 0 b \ x 0 f \ x 0 e ' ) ]] 
1623087868249 [log_latest_command] [[ b y t e a r r a y ( b ' \ x a a \ x f f \ x a 2 \ x d c \ x 0 5 \ x f f X \ x 0 2 \ x f f \ x 0 5 \ x 8 4 \ x 0 f \ x 0 e ' ) ]] 
1623087868881 [log_latest_command] [[ b y t e a r r a y ( b ' \ x a a \ x f f \ x a 5 \ x 0 2 N \ x 0 f \ x 0 e ' ) ]] 
1623087869911 [log_latest_command] [[ b y t e a r r a y ( b ' \ x a a \ x f f \ x a 2 \ x d c \ x 0 5 \ x 0 0 \ x d c \ x 0 5 \ x 0 0 \ x 0 4 \ r \ x 0 f \ x 0 e ' ) ]] 
1623087871274 [log_latest_command] [[ b y t e a r r a y ( b ' \ x a a \ x f f \ x a 2 \ x d c \ x 0 5 \ x 0 0 X \ x 0 2 \ x 0 0 \ x 0 3 \ x 8 6 \ x 0 f \ x 0 e ' ) ]] 
1623087871951 [log_latest_command] [[ b y t e a r r a y ( b ' \ x a a \ x f f \ x a 5 \ x 0 2 N \ x 0 f \ x 0 e ' ) ]] 
1623087872998 [log_latest_command] [[ b y t e a r r a y ( b ' \ x a a \ x f f \ x a 2 \ x d c \ x 0 5 \ x 0 0 X \ x 0 2 \ x 0 0 \ x 0 3 \ x 8 6 \ x 0 f \ x 0 e ' ) ]] 
1623087873441 [log_latest_command] [[ b y t e a r r a y ( b ' \ x a a \ x f f \ x a 5 \ x 0 2 N \ x 0 f \ x 0 e ' ) ]] 
1623087875304 [log_latest_command] [[ b y t e a r r a y ( b ' \ x a a \ x f f \ x a 2 \ x d c \ x 0 5 \ x f f \ x d c \ x 0 5 \ x f f \ x 0 6 \ x 0 b \ x 0 f \ x 0 e ' ) ]] 
1623087875562 [log_latest_command] [[ b y t e a r r a y ( b ' \ x a a \ x f f \ x a 2 X \ x 0 2 \ x f f \ x d c \ x 0 5 \ x f f \ x 0 5 \ x 8 4 \ x 0 f \ x 0 e ' ) ]] 
1623087876269 [log_latest_command] [[ b y t e a r r a y ( b ' \ x a a \ x f f \ x a 5 \ x 0 2 N \ x 0 f \ x 0 e ' ) ]] 
1623087877245 [log_latest_command] [[ b y t e a r r a y ( b ' \ x a a \ x f f \ x a 2 \ x d c \ x 0 5 \ x 0 0 \ x d c \ x 0 5 \ x 0 0 \ x 0 4 \ r \ x 0 f \ x 0 e ' ) ]] 
