1622962702550 [Opening serial port: /dev/ttyTHS1.] 
1622962702855 [The robot is connected to ] [/dev/ttyTHS1] 
1622962702855 [Initial robot's topic...] 
1622962702865 [Start initializing navigation] 
1622962702865 [Start initializing navigation topic] 
1622962702964 [Initialization navigation topic finished] 
1622962702979 [Initialization navigation finished] 
1622962703046 [vl:0.0 vr:0.0 yaw:0.0] 
1622962703099 [vl:0.0 vr:0.0 yaw:0.0] 
1622962703146 [vl:0.0 vr:0.0 yaw:0.0] 
1622962703198 [vl:0.0 vr:0.0 yaw:0.0] 
1622962703246 [vl:0.0 vr:0.0 yaw:0.0] 
1622962703298 [vl:0.0 vr:0.0 yaw:0.0] 
1622962703350 [vl:0.0 vr:0.0 yaw:0.0] 
1622962703398 [vl:0.0 vr:0.0 yaw:0.0] 
1622962703446 [vl:0.0 vr:0.0 yaw:0.0] 
1622962703498 [vl:0.0 vr:0.0 yaw:0.0] 
1622962703546 [vl:0.0 vr:0.0 yaw:0.0] 
1622962703598 [vl:0.0 vr:0.0 yaw:0.0] 
1622962703646 [vl:0.0 vr:0.0 yaw:0.0] 
1622962703698 [vl:0.0 vr:0.0 yaw:0.0] 
1622962703746 [vl:0.0 vr:0.0 yaw:0.0] 
1622962703797 [vl:0.0 vr:0.0 yaw:0.0] 
1622962703846 [vl:0.0 vr:0.0 yaw:0.0] 
1622962703898 [vl:0.0 vr:0.0 yaw:0.0] 
1622962703946 [vl:0.0 vr:0.0 yaw:0.0] 
1622962703998 [vl:0.0 vr:0.0 yaw:0.0] 
1622962704046 [vl:0.0 vr:0.0 yaw:0.0] 
1622962704098 [vl:0.0 vr:0.0 yaw:0.0] 
1622962704146 [vl:0.0 vr:0.0 yaw:0.0] 
1622962704198 [vl:0.0 vr:0.0 yaw:0.0] 
1622962704247 [vl:0.0 vr:0.0 yaw:0.0] 
1622962704301 [vl:0.0 vr:0.0 yaw:0.0] 
1622962704350 [vl:0.0 vr:0.0 yaw:0.0] 
1622962704398 [vl:0.0 vr:0.0 yaw:0.0] 
1622962704446 [vl:0.0 vr:0.0 yaw:0.0] 
1622962704498 [vl:0.0 vr:0.0 yaw:0.0] 
1622962704547 [vl:0.0 vr:0.0 yaw:0.0] 
1622962704598 [vl:0.0 vr:0.0 yaw:0.0] 
1622962704646 [vl:0.0 vr:0.0 yaw:0.0] 
1622962704698 [vl:0.0 vr:0.0 yaw:0.0] 
1622962704747 [vl:0.0 vr:0.0 yaw:0.0] 
1622962704797 [vl:0.0 vr:0.0 yaw:0.0] 
1622962704846 [vl:0.0 vr:0.0 yaw:0.0] 
1622962704898 [vl:0.0 vr:0.0 yaw:0.0] 
1622962704950 [vl:0.0 vr:0.0 yaw:0.0] 
1622962704998 [vl:0.0 vr:0.0 yaw:0.0] 
1622962705046 [vl:0.0 vr:0.0 yaw:0.0] 
1622962705098 [vl:0.0 vr:0.0 yaw:0.0] 
1622962705146 [vl:0.0 vr:0.0 yaw:0.0] 
1622962705198 [vl:0.0 vr:0.0 yaw:0.0] 
1622962705247 [vl:0.0 vr:0.0 yaw:0.0] 
1622962705297 [vl:0.0 vr:0.0 yaw:0.0] 
1622962705346 [vl:0.0 vr:0.0 yaw:0.0] 
1622962705398 [vl:0.0 vr:0.0 yaw:0.0] 
1622962705446 [vl:0.0 vr:0.0 yaw:0.0] 
1622962705498 [vl:0.0 vr:0.0 yaw:0.0] 
1622962705546 [vl:0.0 vr:0.0 yaw:0.0] 
1622962705598 [vl:0.0 vr:0.0 yaw:0.0] 
1622962705646 [vl:0.0 vr:0.0 yaw:0.0] 
1622962705698 [vl:0.0 vr:0.0 yaw:0.0] 
1622962705748 [vl:0.0 vr:0.0 yaw:0.0] 
1622962705798 [vl:0.0 vr:0.0 yaw:0.0] 
1622962705846 [vl:0.0 vr:0.0 yaw:0.0] 
1622962705898 [vl:0.0 vr:0.0 yaw:0.0] 
1622962705946 [vl:0.0 vr:0.0 yaw:0.0] 
1622962705998 [vl:0.0 vr:0.0 yaw:0.0] 
1622962706046 [vl:0.0 vr:0.0 yaw:0.0] 
1622962706098 [vl:0.0 vr:0.0 yaw:0.0] 
1622962706147 [vl:0.0 vr:0.0 yaw:0.0] 
1622962706198 [vl:0.0 vr:0.0 yaw:0.0] 
1622962706246 [vl:0.0 vr:0.0 yaw:0.0] 
1622962706298 [vl:0.0 vr:0.0 yaw:0.0] 
1622962706346 [vl:0.0 vr:0.0 yaw:0.0] 
1622962706398 [vl:0.0 vr:0.0 yaw:0.0] 
1622962706447 [vl:0.0 vr:0.0 yaw:0.0] 
1622962706498 [vl:0.0 vr:0.0 yaw:0.0] 
1622962706551 [vl:0.0 vr:0.0 yaw:0.0] 
1622962706599 [vl:0.0 vr:0.0 yaw:0.0] 
1622962706654 [vl:0.0 vr:0.0 yaw:0.0] 
1622962706707 [vl:0.0 vr:0.0 yaw:0.0] 
1622962706746 [vl:0.0 vr:0.0 yaw:0.0] 
1622962706807 [vl:0.0 vr:0.0 yaw:0.0] 
1622962706857 [vl:0.0 vr:0.0 yaw:0.0] 
1622962706900 [vl:0.0 vr:0.0 yaw:0.0] 
1622962706953 [vl:0.0 vr:0.0 yaw:0.0] 
1622962706998 [vl:0.0 vr:0.0 yaw:0.0] 
1622962707045 [vl:0.0 vr:0.0 yaw:0.0] 
1622962707099 [vl:0.0 vr:0.0 yaw:0.0] 
1622962707154 [vl:0.0 vr:0.0 yaw:0.0] 
1622962707198 [vl:0.0 vr:0.0 yaw:0.0] 
1622962707246 [vl:0.0 vr:0.0 yaw:0.0] 
1622962707299 [vl:0.0 vr:0.0 yaw:0.0] 
1622962707346 [vl:0.0 vr:0.0 yaw:0.0] 
1622962707397 [vl:0.0 vr:0.0 yaw:0.0] 
1622962707446 [vl:0.0 vr:0.0 yaw:0.0] 
1622962707498 [vl:0.0 vr:0.0 yaw:0.0] 
1622962707546 [vl:0.0 vr:0.0 yaw:0.0] 
1622962707598 [vl:0.0 vr:0.0 yaw:0.0] 
1622962707646 [vl:0.0 vr:0.0 yaw:0.0] 
1622962707698 [vl:0.0 vr:0.0 yaw:0.0] 
1622962707748 [vl:0.0 vr:0.0 yaw:0.0] 
1622962707801 [vl:0.0 vr:0.0 yaw:0.0] 
1622962707855 [vl:0.0 vr:0.0 yaw:0.0] 
1622962707898 [vl:0.0 vr:0.0 yaw:0.0] 
1622962707951 [vl:0.0 vr:0.0 yaw:0.0] 
1622962708001 [vl:0.0 vr:0.0 yaw:0.0] 
1622962708056 [vl:0.0 vr:0.0 yaw:0.0] 
1622962708107 [vl:0.0 vr:0.0 yaw:0.0] 
1622962708152 [vl:0.0 vr:0.0 yaw:0.0] 
1622962708203 [vl:0.0 vr:0.0 yaw:0.0] 
1622962708254 [vl:0.0 vr:0.0 yaw:0.0] 
1622962708302 [vl:0.0 vr:0.0 yaw:0.0] 
1622962708345 [vl:0.0 vr:0.0 yaw:0.0] 
1622962708398 [vl:0.0 vr:0.0 yaw:0.0] 
1622962708447 [vl:0.0 vr:0.0 yaw:0.0] 
1622962708502 [vl:0.0 vr:0.0 yaw:0.0] 
1622962708546 [vl:0.0 vr:0.0 yaw:0.0] 
1622962708598 [vl:0.0 vr:0.0 yaw:0.0] 
1622962708652 [vl:0.0 vr:0.0 yaw:0.0] 
1622962708698 [vl:0.0 vr:0.0 yaw:0.0] 
1622962708746 [vl:0.0 vr:0.0 yaw:0.0] 
1622962708799 [vl:0.0 vr:0.0 yaw:0.0] 
1622962708858 [vl:0.0 vr:0.0 yaw:0.0] 
1622962708898 [vl:0.0 vr:0.0 yaw:0.0] 
1622962708951 [vl:0.0 vr:0.0 yaw:0.0] 
1622962708998 [vl:0.0 vr:0.0 yaw:0.0] 
1622962709054 [vl:0.0 vr:0.0 yaw:0.0] 
1622962709097 [vl:0.0 vr:0.0 yaw:0.0] 
1622962709147 [vl:0.0 vr:0.0 yaw:0.0] 
1622962709201 [vl:0.0 vr:0.0 yaw:0.0] 
1622962709245 [vl:0.0 vr:0.0 yaw:0.0] 
1622962709298 [vl:0.0 vr:0.0 yaw:0.0] 
1622962709346 [vl:0.0 vr:0.0 yaw:0.0] 
1622962709407 [vl:0.0 vr:0.0 yaw:0.0] 
1622962709450 [vl:0.0 vr:0.0 yaw:0.0] 
1622962709498 [vl:0.0 vr:0.0 yaw:0.0] 
1622962709546 [vl:0.0 vr:0.0 yaw:0.0] 
1622962709602 [vl:0.0 vr:0.0 yaw:0.0] 
1622962709646 [vl:0.0 vr:0.0 yaw:0.0] 
1622962709702 [vl:0.0 vr:0.0 yaw:0.0] 
1622962709752 [vl:0.0 vr:0.0 yaw:0.0] 
1622962709800 [vl:0.0 vr:0.0 yaw:0.0] 
1622962709845 [vl:0.0 vr:0.0 yaw:0.0] 
1622962709899 [vl:0.0 vr:0.0 yaw:0.0] 
1622962709954 [vl:0.0 vr:0.0 yaw:0.0] 
1622962709998 [vl:0.0 vr:0.0 yaw:0.0] 
1622962710053 [vl:0.0 vr:0.0 yaw:0.0] 
1622962710099 [vl:0.0 vr:0.0 yaw:0.0] 
1622962710149 [vl:0.0 vr:0.0 yaw:0.0] 
1622962710198 [vl:0.0 vr:0.0 yaw:0.0] 
1622962710251 [vl:0.0 vr:0.0 yaw:0.0] 
1622962710297 [vl:0.0 vr:0.0 yaw:0.0] 
1622962710346 [vl:0.0 vr:0.0 yaw:0.0] 
1622962710397 [vl:0.0 vr:0.0 yaw:0.0] 
1622962710446 [vl:0.0 vr:0.0 yaw:0.0] 
1622962710500 [vl:0.0 vr:0.0 yaw:0.0] 
1622962710546 [vl:0.0 vr:0.0 yaw:0.0] 
1622962710599 [vl:0.0 vr:0.0 yaw:0.0] 
1622962710646 [vl:0.0 vr:0.0 yaw:0.0] 
1622962710700 [vl:0.0 vr:0.0 yaw:0.0] 
1622962710756 [vl:0.0 vr:0.0 yaw:0.0] 
1622962710797 [vl:0.0 vr:0.0 yaw:0.0] 
1622962710847 [vl:0.0 vr:0.0 yaw:0.0] 
1622962710900 [vl:0.0 vr:0.0 yaw:0.0] 
1622962710946 [vl:0.0 vr:0.0 yaw:0.0] 
1622962710999 [vl:0.0 vr:0.0 yaw:0.0] 
1622962711045 [vl:0.0 vr:0.0 yaw:0.0] 
1622962711104 [vl:0.0 vr:0.0 yaw:0.0] 
1622962711145 [vl:0.0 vr:0.0 yaw:0.0] 
1622962711199 [vl:0.0 vr:0.0 yaw:0.0] 
1622962711245 [vl:0.0 vr:0.0 yaw:0.0] 
1622962711297 [vl:0.0 vr:0.0 yaw:0.0] 
1622962711345 [vl:0.0 vr:0.0 yaw:0.0] 
1622962711398 [vl:0.0 vr:0.0 yaw:0.0] 
1622962711446 [vl:0.0 vr:0.0 yaw:0.0] 
1622962711497 [vl:0.0 vr:0.0 yaw:0.0] 
1622962711546 [vl:0.0 vr:0.0 yaw:0.0] 
1622962711610 [vl:0.0 vr:0.0 yaw:0.0] 
1622962711653 [vl:0.0 vr:0.0 yaw:0.0] 
1622962711699 [vl:0.0 vr:0.0 yaw:0.0] 
1622962711755 [vl:0.0 vr:0.0 yaw:0.0] 
1622962711812 [vl:0.0 vr:0.0 yaw:0.0] 
1622962711846 [vl:0.0 vr:0.0 yaw:0.0] 
1622962711905 [vl:0.0 vr:0.0 yaw:0.0] 
1622962711945 [vl:0.0 vr:0.0 yaw:0.0] 
1622962711994 [vl:0.0 vr:0.0 yaw:0.0] 
1622962712055 [vl:0.0 vr:0.0 yaw:0.0] 
1622962712107 [vl:0.0 vr:0.0 yaw:0.0] 
1622962712146 [vl:0.0 vr:0.0 yaw:0.0] 
1622962712201 [vl:0.0 vr:0.0 yaw:0.0] 
1622962712264 [vl:0.0 vr:0.0 yaw:0.0] 
1622962712299 [vl:0.0 vr:0.0 yaw:0.0] 
1622962712346 [vl:0.0 vr:0.0 yaw:0.0] 
1622962712406 [vl:0.0 vr:0.0 yaw:0.0] 
1622962712443 [vl:0.0 vr:0.0 yaw:0.0] 
1622962712507 [vl:0.0 vr:0.0 yaw:0.0] 
1622962712546 [vl:0.0 vr:0.0 yaw:0.0] 
1622962712602 [vl:0.0 vr:0.0 yaw:0.0] 
1622962712646 [vl:0.0 vr:0.0 yaw:0.0] 
1622962712703 [vl:0.0 vr:0.0 yaw:0.0] 
1622962712755 [vl:0.0 vr:0.0 yaw:0.0] 
1622962712798 [vl:0.0 vr:0.0 yaw:0.0] 
1622962712860 [vl:0.0 vr:0.0 yaw:0.0] 
1622962712894 [vl:0.0 vr:0.0 yaw:0.0] 
1622962712946 [vl:0.0 vr:0.0 yaw:0.0] 
1622962712994 [vl:0.0 vr:0.0 yaw:0.0] 
1622962713058 [vl:0.0 vr:0.0 yaw:0.0] 
1622962713103 [vl:0.0 vr:0.0 yaw:0.0] 
1622962713146 [vl:0.0 vr:0.0 yaw:0.0] 
1622962713202 [vl:0.0 vr:0.0 yaw:0.0] 
1622962713253 [vl:0.0 vr:0.0 yaw:0.0] 
1622962713298 [vl:0.0 vr:0.0 yaw:0.0] 
1622962713359 [vl:0.0 vr:0.0 yaw:0.0] 
1622962713399 [vl:0.0 vr:0.0 yaw:0.0] 
1622962713450 [vl:0.0 vr:0.0 yaw:0.0] 
1622962713506 [vl:0.0 vr:0.0 yaw:0.0] 
1622962713550 [vl:0.0 vr:0.0 yaw:0.0] 
1622962713599 [vl:0.0 vr:0.0 yaw:0.0] 
1622962713646 [vl:0.0 vr:0.0 yaw:0.0] 
1622962713711 [vl:0.0 vr:0.0 yaw:0.0] 
1622962713746 [vl:0.0 vr:0.0 yaw:0.0] 
1622962713799 [vl:0.0 vr:0.0 yaw:0.0] 
1622962713853 [vl:0.0 vr:0.0 yaw:0.0] 
1622962713897 [vl:0.0 vr:0.0 yaw:0.0] 
1622962713951 [vl:0.0 vr:0.0 yaw:0.0] 
1622962713998 [vl:0.0 vr:0.0 yaw:0.0] 
1622962714056 [vl:0.0 vr:0.0 yaw:0.0] 
1622962714102 [vl:0.0 vr:0.0 yaw:0.0] 
1622962714143 [vl:0.0 vr:0.0 yaw:0.0] 
1622962714200 [vl:0.0 vr:0.0 yaw:0.0] 
1622962714260 [vl:0.0 vr:0.0 yaw:0.0] 
1622962714298 [vl:0.0 vr:0.0 yaw:0.0] 
1622962714351 [vl:0.0 vr:0.0 yaw:0.0] 
1622962714407 [vl:0.0 vr:0.0 yaw:0.0] 
1622962714453 [vl:0.0 vr:0.0 yaw:0.0] 
1622962714499 [vl:0.0 vr:0.0 yaw:0.0] 
1622962714557 [vl:0.0 vr:0.0 yaw:0.0] 
1622962714600 [vl:0.0 vr:0.0 yaw:0.0] 
1622962714651 [vl:0.0 vr:0.0 yaw:0.0] 
1622962714698 [vl:0.0 vr:0.0 yaw:0.0] 
1622962714745 [vl:0.0 vr:0.0 yaw:0.0] 
1622962714815 [vl:0.0 vr:0.0 yaw:0.0] 
1622962714855 [vl:0.0 vr:0.0 yaw:0.0] 
1622962714898 [vl:0.0 vr:0.0 yaw:0.0] 
1622962714946 [vl:0.0 vr:0.0 yaw:0.0] 
1622962714998 [vl:0.0 vr:0.0 yaw:0.0] 
1622962715048 [vl:0.0 vr:0.0 yaw:0.0] 
1622962715101 [vl:0.0 vr:0.0 yaw:0.0] 
1622962715150 [vl:0.0 vr:0.0 yaw:0.0] 
1622962715199 [vl:0.0 vr:0.0 yaw:0.0] 
1622962715255 [vl:0.0 vr:0.0 yaw:0.0] 
1622962715298 [vl:0.0 vr:0.0 yaw:0.0] 
1622962715345 [vl:0.0 vr:0.0 yaw:0.0] 
1622962715401 [vl:0.0 vr:0.0 yaw:0.0] 
1622962715446 [vl:0.0 vr:0.0 yaw:0.0] 
1622962715508 [vl:0.0 vr:0.0 yaw:0.0] 
1622962715547 [vl:0.0 vr:0.0 yaw:0.0] 
1622962715598 [vl:0.0 vr:0.0 yaw:0.0] 
1622962715646 [vl:0.0 vr:0.0 yaw:0.0] 
1622962715698 [vl:0.0 vr:0.0 yaw:0.0] 
1622962715747 [vl:0.0 vr:0.0 yaw:0.0] 
1622962715800 [vl:0.0 vr:0.0 yaw:0.0] 
1622962715846 [vl:0.0 vr:0.0 yaw:0.0] 
1622962715900 [vl:0.0 vr:0.0 yaw:0.0] 
1622962715954 [vl:0.0 vr:0.0 yaw:0.0] 
1622962715998 [vl:0.0 vr:0.0 yaw:0.0] 
1622962716049 [vl:0.0 vr:0.0 yaw:0.0] 
1622962716101 [vl:0.0 vr:0.0 yaw:0.0] 
1622962716149 [vl:0.0 vr:0.0 yaw:0.0] 
1622962716198 [vl:0.0 vr:0.0 yaw:0.0] 
1622962716247 [vl:0.0 vr:0.0 yaw:0.0] 
1622962716302 [vl:0.0 vr:0.0 yaw:0.0] 
1622962716350 [vl:0.0 vr:0.0 yaw:0.0] 
1622962716403 [vl:0.0 vr:0.0 yaw:0.0] 
1622962716446 [vl:0.0 vr:0.0 yaw:0.0] 
1622962716499 [vl:0.0 vr:0.0 yaw:0.0] 
1622962716546 [vl:0.0 vr:0.0 yaw:0.0] 
1622962716598 [vl:0.0 vr:0.0 yaw:0.0] 
1622962716649 [vl:0.0 vr:0.0 yaw:0.0] 
1622962716709 [vl:0.0 vr:0.0 yaw:0.0] 
1622962716755 [vl:0.0 vr:0.0 yaw:0.0] 
1622962716801 [vl:0.0 vr:0.0 yaw:0.0] 
1622962716847 [vl:0.0 vr:0.0 yaw:0.0] 
1622962716898 [vl:0.0 vr:0.0 yaw:0.0] 
1622962716956 [vl:0.0 vr:0.0 yaw:0.0] 
1622962717008 [vl:0.0 vr:0.0 yaw:0.0] 
1622962717051 [vl:0.0 vr:0.0 yaw:0.0] 
1622962717099 [vl:0.0 vr:0.0 yaw:0.0] 
1622962717146 [vl:0.0 vr:0.0 yaw:0.0] 
1622962717198 [vl:0.0 vr:0.0 yaw:0.0] 
1622962717246 [vl:0.0 vr:0.0 yaw:0.0] 
1622962717298 [vl:0.0 vr:0.0 yaw:0.0] 
1622962717349 [vl:0.0 vr:0.0 yaw:0.0] 
1622962717398 [vl:0.0 vr:0.0 yaw:0.0] 
1622962717445 [vl:0.0 vr:0.0 yaw:0.0] 
1622962717500 [vl:0.0 vr:0.0 yaw:0.0] 
1622962717546 [vl:0.0 vr:0.0 yaw:0.0] 
1622962717598 [vl:0.0 vr:0.0 yaw:0.0] 
1622962717650 [vl:0.0 vr:0.0 yaw:0.0] 
1622962717697 [vl:0.0 vr:0.0 yaw:0.0] 
1622962717745 [vl:0.0 vr:0.0 yaw:0.0] 
1622962717801 [vl:0.0 vr:0.0 yaw:0.0] 
1622962717853 [vl:0.0 vr:0.0 yaw:0.0] 
1622962717897 [vl:0.0 vr:0.0 yaw:0.0] 
1622962717951 [vl:0.0 vr:0.0 yaw:0.0] 
1622962717998 [vl:0.0 vr:0.0 yaw:0.0] 
1622962718055 [vl:0.0 vr:0.0 yaw:0.0] 
1622962718098 [vl:0.0 vr:0.0 yaw:0.0] 
1622962718144 [vl:0.0 vr:0.0 yaw:0.0] 
1622962718198 [vl:0.0 vr:0.0 yaw:0.0] 
1622962718246 [vl:0.0 vr:0.0 yaw:0.0] 
1622962718299 [vl:0.0 vr:0.0 yaw:0.0] 
1622962718348 [vl:0.0 vr:0.0 yaw:0.0] 
1622962718415 [vl:0.0 vr:0.0 yaw:0.0] 
1622962718453 [vl:0.0 vr:0.0 yaw:0.0] 
1622962718504 [vl:0.0 vr:0.0 yaw:0.0] 
1622962718549 [vl:0.0 vr:0.0 yaw:0.0] 
1622962718599 [vl:0.0 vr:0.0 yaw:0.0] 
1622962718654 [vl:0.0 vr:0.0 yaw:0.0] 
1622962718702 [vl:0.0 vr:0.0 yaw:0.0] 
1622962718746 [vl:0.0 vr:0.0 yaw:0.0] 
1622962718799 [vl:0.0 vr:0.0 yaw:0.0] 
1622962718851 [vl:0.0 vr:0.0 yaw:0.0] 
1622962718898 [vl:0.0 vr:0.0 yaw:0.0] 
1622962718949 [vl:0.0 vr:0.0 yaw:0.0] 
1622962718998 [vl:0.0 vr:0.0 yaw:0.0] 
1622962719049 [vl:0.0 vr:0.0 yaw:0.0] 
1622962719098 [vl:0.0 vr:0.0 yaw:0.0] 
1622962719146 [vl:0.0 vr:0.0 yaw:0.0] 
1622962719198 [vl:0.0 vr:0.0 yaw:0.0] 
1622962719250 [vl:0.0 vr:0.0 yaw:0.0] 
1622962719302 [vl:0.0 vr:0.0 yaw:0.0] 
1622962719346 [vl:0.0 vr:0.0 yaw:0.0] 
1622962719398 [vl:0.0 vr:0.0 yaw:0.0] 
1622962719445 [vl:0.0 vr:0.0 yaw:0.0] 
1622962719498 [vl:0.0 vr:0.0 yaw:0.0] 
1622962719551 [vl:0.0 vr:0.0 yaw:0.0] 
1622962719597 [vl:0.0 vr:0.0 yaw:0.0] 
1622962719646 [vl:0.0 vr:0.0 yaw:0.0] 
1622962719706 [vl:0.0 vr:0.0 yaw:0.0] 
1622962719747 [vl:0.0 vr:0.0 yaw:0.0] 
1622962719798 [vl:0.0 vr:0.0 yaw:0.0] 
1622962719845 [vl:0.0 vr:0.0 yaw:0.0] 
1622962719897 [vl:0.0 vr:0.0 yaw:0.0] 
1622962719945 [vl:0.0 vr:0.0 yaw:0.0] 
1622962720002 [vl:0.0 vr:0.0 yaw:0.0] 
1622962720066 [vl:0.0 vr:0.0 yaw:0.0] 
1622962720104 [vl:0.0 vr:0.0 yaw:0.0] 
1622962720149 [vl:0.0 vr:0.0 yaw:0.0] 
1622962720198 [vl:0.0 vr:0.0 yaw:0.0] 
1622962720252 [vl:0.0 vr:0.0 yaw:0.0] 
1622962720302 [vl:0.0 vr:0.0 yaw:0.0] 
1622962720358 [vl:0.0 vr:0.0 yaw:0.0] 
1622962720399 [vl:0.0 vr:0.0 yaw:0.0] 
1622962720452 [vl:0.0 vr:0.0 yaw:0.0] 
1622962720506 [vl:0.0 vr:0.0 yaw:0.0] 
1622962720551 [vl:0.0 vr:0.0 yaw:0.0] 
1622962720597 [vl:0.0 vr:0.0 yaw:0.0] 
1622962720646 [vl:0.0 vr:0.0 yaw:0.0] 
1622962720699 [vl:0.0 vr:0.0 yaw:0.0] 
1622962720751 [vl:0.0 vr:0.0 yaw:0.0] 
1622962720801 [vl:0.0 vr:0.0 yaw:0.0] 
1622962720853 [vl:0.0 vr:0.0 yaw:0.0] 
1622962720899 [vl:0.0 vr:0.0 yaw:0.0] 
1622962720958 [vl:0.0 vr:0.0 yaw:0.0] 
1622962721006 [vl:0.0 vr:0.0 yaw:0.0] 
1622962721058 [vl:0.0 vr:0.0 yaw:0.0] 
1622962721100 [vl:0.0 vr:0.0 yaw:0.0] 
1622962721152 [vl:0.0 vr:0.0 yaw:0.0] 
1622962721198 [vl:0.0 vr:0.0 yaw:0.0] 
1622962721247 [vl:0.0 vr:0.0 yaw:0.0] 
1622962721307 [vl:0.0 vr:0.0 yaw:0.0] 
1622962721350 [vl:0.0 vr:0.0 yaw:0.0] 
1622962721398 [vl:0.0 vr:0.0 yaw:0.0] 
1622962721450 [vl:0.0 vr:0.0 yaw:0.0] 
1622962721507 [vl:0.0 vr:0.0 yaw:0.0] 
1622962721546 [vl:0.0 vr:0.0 yaw:0.0] 
1622962721605 [vl:0.0 vr:0.0 yaw:0.0] 
1622962721653 [vl:0.0 vr:0.0 yaw:0.0] 
1622962721698 [vl:0.0 vr:0.0 yaw:0.0] 
1622962721753 [vl:0.0 vr:0.0 yaw:0.0] 
1622962721800 [vl:0.0 vr:0.0 yaw:0.0] 
1622962721864 [vl:0.0 vr:0.0 yaw:0.0] 
1622962721898 [vl:0.0 vr:0.0 yaw:0.0] 
1622962721952 [vl:0.0 vr:0.0 yaw:0.0] 
1622962722001 [vl:0.0 vr:0.0 yaw:0.0] 
1622962722048 [vl:0.0 vr:0.0 yaw:0.0] 
1622962722114 [vl:0.0 vr:0.0 yaw:0.0] 
1622962722153 [vl:0.0 vr:0.0 yaw:0.0] 
1622962722210 [vl:0.0 vr:0.0 yaw:0.0] 
1622962722245 [vl:0.0 vr:0.0 yaw:0.0] 
1622962722304 [vl:0.0 vr:0.0 yaw:0.0] 
1622962722350 [vl:0.0 vr:0.0 yaw:0.0] 
1622962722398 [vl:0.0 vr:0.0 yaw:0.0] 
1622962722446 [vl:0.0 vr:0.0 yaw:0.0] 
1622962722518 [vl:0.0 vr:0.0 yaw:0.0] 
1622962722581 [vl:0.0 vr:0.0 yaw:0.0] 
1622962722608 [vl:0.0 vr:0.0 yaw:0.0] 
1622962722652 [vl:0.0 vr:0.0 yaw:0.0] 
1622962722717 [vl:0.0 vr:0.0 yaw:0.0] 
1622962722745 [vl:0.0 vr:0.0 yaw:0.0] 
1622962722820 [vl:0.0 vr:0.0 yaw:0.0] 
1622962722845 [vl:0.0 vr:0.0 yaw:0.0] 
1622962722898 [vl:0.0 vr:0.0 yaw:0.0] 
1622962722948 [vl:0.0 vr:0.0 yaw:0.0] 
1622962723036 [vl:0.0 vr:0.0 yaw:0.0] 
1622962723058 [vl:0.0 vr:0.0 yaw:0.0] 
1622962723108 [vl:0.0 vr:0.0 yaw:0.0] 
1622962723155 [vl:0.0 vr:0.0 yaw:0.0] 
1622962723204 [vl:0.0 vr:0.0 yaw:0.0] 
1622962723250 [vl:0.0 vr:0.0 yaw:0.0] 
1622962723309 [vl:0.0 vr:0.0 yaw:0.0] 
1622962723366 [vl:0.0 vr:0.0 yaw:0.0] 
1622962723402 [vl:0.0 vr:0.0 yaw:0.0] 
1622962723454 [vl:0.0 vr:0.0 yaw:0.0] 
1622962723502 [vl:0.0 vr:0.0 yaw:0.0] 
1622962723546 [vl:0.0 vr:0.0 yaw:0.0] 
1622962723597 [vl:0.0 vr:0.0 yaw:0.0] 
1622962723670 [vl:0.0 vr:0.0 yaw:0.0] 
1622962723728 [vl:0.0 vr:0.0 yaw:0.0] 
1622962723780 [vl:0.0 vr:0.0 yaw:0.0] 
1622962723810 [vl:0.0 vr:0.0 yaw:0.0] 
1622962723847 [vl:0.0 vr:0.0 yaw:0.0] 
1622962723914 [vl:0.0 vr:0.0 yaw:0.0] 
1622962723968 [vl:0.0 vr:0.0 yaw:0.0] 
1622962724021 [vl:0.0 vr:0.0 yaw:0.0] 
1622962724051 [vl:0.0 vr:0.0 yaw:0.0] 
1622962724098 [vl:0.0 vr:0.0 yaw:0.0] 
1622962724153 [vl:0.0 vr:0.0 yaw:0.0] 
1622962724214 [vl:0.0 vr:0.0 yaw:0.0] 
1622962724246 [vl:0.0 vr:0.0 yaw:0.0] 
1622962724308 [vl:0.0 vr:0.0 yaw:0.0] 
1622962724351 [vl:0.0 vr:0.0 yaw:0.0] 
1622962724398 [vl:0.0 vr:0.0 yaw:0.0] 
1622962724470 [vl:0.0 vr:0.0 yaw:0.0] 
1622962724502 [vl:0.0 vr:0.0 yaw:0.0] 
1622962724555 [vl:0.0 vr:0.0 yaw:0.0] 
1622962724606 [vl:0.0 vr:0.0 yaw:0.0] 
1622962724648 [vl:0.0 vr:0.0 yaw:0.0] 
1622962724726 [vl:0.0 vr:0.0 yaw:0.0] 
1622962724749 [vl:0.0 vr:0.0 yaw:0.0] 
1622962724799 [vl:0.0 vr:0.0 yaw:0.0] 
1622962724851 [vl:0.0 vr:0.0 yaw:0.0] 
1622962724916 [vl:0.0 vr:0.0 yaw:0.0] 
1622962724955 [vl:0.0 vr:0.0 yaw:0.0] 
1622962725006 [vl:0.0 vr:0.0 yaw:0.0] 
1622962725044 [vl:0.0 vr:0.0 yaw:0.0] 
1622962725106 [vl:0.0 vr:0.0 yaw:0.0] 
1622962725168 [vl:0.0 vr:0.0 yaw:0.0] 
1622962725199 [vl:0.0 vr:0.0 yaw:0.0] 
1622962725250 [vl:0.0 vr:0.0 yaw:0.0] 
1622962725306 [vl:0.0 vr:0.0 yaw:0.0] 
1622962725354 [vl:0.0 vr:0.0 yaw:0.0] 
1622962725397 [vl:0.0 vr:0.0 yaw:0.0] 
1622962725446 [vl:0.0 vr:0.0 yaw:0.0] 
1622962725499 [vl:0.0 vr:0.0 yaw:0.0] 
1622962725547 [vl:0.0 vr:0.0 yaw:0.0] 
1622962725609 [vl:0.0 vr:0.0 yaw:0.0] 
1622962725663 [vl:0.0 vr:0.0 yaw:0.0] 
1622962725705 [vl:0.0 vr:0.0 yaw:0.0] 
1622962725761 [vl:0.0 vr:0.0 yaw:0.0] 
1622962725816 [vl:0.0 vr:0.0 yaw:0.0] 
1622962725846 [vl:0.0 vr:0.0 yaw:0.0] 
1622962725919 [vl:0.0 vr:0.0 yaw:0.0] 
1622962725947 [vl:0.0 vr:0.0 yaw:0.0] 
1622962726001 [vl:0.0 vr:0.0 yaw:0.0] 
1622962726050 [vl:0.0 vr:0.0 yaw:0.0] 
1622962726098 [vl:0.0 vr:0.0 yaw:0.0] 
1622962726145 [vl:0.0 vr:0.0 yaw:0.0] 
1622962726205 [vl:0.0 vr:0.0 yaw:0.0] 
1622962726262 [vl:0.0 vr:0.0 yaw:0.0] 
1622962726300 [vl:0.0 vr:0.0 yaw:0.0] 
1622962726354 [vl:0.0 vr:0.0 yaw:0.0] 
1622962726411 [vl:0.0 vr:0.0 yaw:0.0] 
1622962726452 [vl:0.0 vr:0.0 yaw:0.0] 
1622962726502 [vl:0.0 vr:0.0 yaw:0.0] 
1622962726557 [vl:0.0 vr:0.0 yaw:0.0] 
1622962726595 [vl:0.0 vr:0.0 yaw:0.0] 
1622962726645 [vl:0.0 vr:0.0 yaw:0.0] 
1622962726693 [vl:0.0 vr:0.0 yaw:0.0] 
1622962726789 [vl:0.0 vr:0.0 yaw:0.0] 
1622962726826 [vl:0.0 vr:0.0 yaw:0.0] 
1622962726846 [vl:0.0 vr:0.0 yaw:0.0] 
1622962726897 [vl:-0.0145 vr:0.0 yaw:0.0] 
1622962726951 [vl:-0.0145 vr:0.0 yaw:0.0] 
1622962726997 [vl:0.0 vr:0.0 yaw:0.0] 
1622962727066 [vl:0.0 vr:0.0 yaw:0.0] 
1622962727109 [vl:0.0 vr:0.0 yaw:0.0] 
1622962727145 [vl:0.0 vr:0.0 yaw:0.0] 
1622962727201 [vl:0.0 vr:0.0 yaw:0.0] 
1622962727247 [vl:0.0 vr:0.0 yaw:0.0] 
1622962727297 [vl:0.0 vr:0.0 yaw:0.0] 
1622962727351 [vl:0.0 vr:0.0 yaw:0.0] 
1622962727404 [vl:0.0 vr:0.0 yaw:0.0] 
1622962727457 [vl:0.0 vr:0.0 yaw:0.0] 
1622962727516 [vl:0.0 vr:0.0 yaw:0.0] 
1622962727555 [vl:0.0 vr:0.0 yaw:0.0] 
1622962727617 [vl:0.0 vr:0.0 yaw:0.0] 
1622962727653 [vl:0.0 vr:0.0 yaw:0.0] 
1622962727702 [vl:0.0 vr:0.0 yaw:0.0] 
1622962727751 [vl:0.0 vr:0.0 yaw:0.0] 
1622962727807 [vl:0.0 vr:0.0 yaw:0.0] 
1622962727846 [vl:0.0 vr:0.0 yaw:0.0] 
1622962727898 [vl:0.0 vr:0.0 yaw:0.0] 
1622962727953 [vl:0.0 vr:0.0 yaw:0.0] 
1622962728002 [vl:0.0 vr:0.0 yaw:0.0] 
1622962728074 [vl:0.0 vr:0.0 yaw:0.0] 
1622962728115 [vl:0.0 vr:0.0 yaw:0.0] 
1622962728174 [vl:0.0 vr:0.0 yaw:0.0] 
1622962728228 [vl:0.0 vr:0.0 yaw:0.0] 
1622962728250 [vl:0.0 vr:0.0 yaw:0.0] 
1622962728298 [vl:0.0 vr:0.0 yaw:0.0] 
1622962728346 [vl:0.0 vr:0.0 yaw:0.0] 
1622962728415 [vl:0.0 vr:0.0 yaw:0.0] 
1622962728447 [vl:0.0 vr:0.0 yaw:0.0] 
1622962728511 [vl:0.0 vr:0.0 yaw:0.0] 
1622962728561 [vl:0.0 vr:0.0 yaw:0.0] 
1622962728599 [vl:0.0 vr:0.0 yaw:0.0] 
1622962728653 [vl:0.0 vr:0.0 yaw:0.0] 
1622962728704 [vl:0.0 vr:0.0 yaw:0.0] 
1622962728751 [vl:0.0 vr:0.0 yaw:0.0] 
1622962728798 [vl:0.0 vr:0.0 yaw:0.0] 
1622962728856 [vl:0.0 vr:0.0 yaw:0.0] 
1622962728913 [vl:0.0 vr:0.0 yaw:0.0] 
1622962728954 [vl:0.0 vr:0.0 yaw:0.0] 
1622962729003 [vl:0.0 vr:0.0 yaw:0.0] 
1622962729056 [vl:0.0 vr:0.0 yaw:0.0] 
1622962729101 [vl:0.0 vr:0.0 yaw:0.0] 
1622962729155 [vl:0.0 vr:0.0 yaw:0.0] 
1622962729202 [vl:0.0 vr:0.0 yaw:0.0] 
1622962729258 [vl:0.0 vr:0.0 yaw:0.0] 
1622962729298 [vl:0.0 vr:0.0 yaw:0.0] 
1622962729350 [vl:0.0 vr:0.0 yaw:0.0] 
1622962729399 [vl:0.0 vr:0.0 yaw:0.0] 
1622962729456 [vl:0.0 vr:0.0 yaw:0.0] 
1622962729499 [vl:0.0 vr:0.0 yaw:0.0] 
1622962729546 [vl:0.0 vr:0.0 yaw:0.0] 
1622962729598 [vl:0.0 vr:0.0 yaw:0.0] 
1622962729645 [vl:0.0 vr:0.0 yaw:0.0] 
1622962729700 [vl:0.0 vr:0.0 yaw:0.0] 
1622962729755 [vl:0.0 vr:0.0 yaw:0.0] 
1622962729807 [vl:0.0 vr:0.0 yaw:0.0] 
1622962729850 [vl:0.0 vr:0.0 yaw:0.0] 
1622962729916 [vl:0.0 vr:0.0 yaw:0.0] 
1622962729943 [vl:0.0 vr:0.0 yaw:0.0] 
1622962730005 [vl:0.0 vr:0.0 yaw:0.0] 
1622962730045 [vl:0.0 vr:0.0 yaw:0.0] 
1622962730113 [vl:0.0 vr:0.0 yaw:0.0] 
1622962730167 [vl:0.0 vr:0.0 yaw:0.0] 
1622962730259 [vl:0.0 vr:0.0 yaw:0.0] 
1622962730295 [vl:0.0 vr:0.0 yaw:0.0] 
1622962730308 [vl:0.0 vr:0.0 yaw:0.0] 
1622962730344 [vl:0.0 vr:0.0 yaw:0.0] 
1622962730395 [vl:0.0 vr:0.0 yaw:0.0] 
1622962730451 [vl:0.0 vr:0.0 yaw:0.0] 
1622962730505 [vl:0.0 vr:0.0 yaw:0.0] 
1622962730575 [vl:0.0 vr:0.0 yaw:0.0] 
1622962730593 [vl:0.0 vr:0.0 yaw:0.0] 
1622962730657 [vl:0.0 vr:0.0 yaw:0.0] 
1622962730702 [vl:0.0 vr:0.0 yaw:0.0] 
1622962730746 [vl:0.0 vr:0.0 yaw:0.0] 
1622962730819 [vl:0.0 vr:0.0 yaw:0.0] 
1622962730859 [vl:0.0 vr:0.0 yaw:0.0] 
1622962730906 [vl:0.0 vr:0.0 yaw:0.0] 
1622962730965 [vl:0.0 vr:0.0 yaw:0.0] 
1622962731002 [vl:0.0 vr:0.0 yaw:0.0] 
1622962731047 [vl:0.0 vr:0.0 yaw:0.0] 
1622962731093 [vl:0.0 vr:0.0 yaw:0.0] 
1622962731150 [vl:0.0 vr:0.0 yaw:0.0] 
1622962731198 [vl:0.0 vr:0.0 yaw:0.0] 
1622962731265 [vl:0.0 vr:0.0 yaw:0.0] 
1622962731300 [vl:0.0 vr:0.0 yaw:0.0] 
1622962731345 [vl:0.0 vr:0.0 yaw:0.0] 
1622962731405 [vl:0.0 vr:0.0 yaw:0.0] 
1622962731448 [vl:0.0 vr:0.0 yaw:0.0] 
1622962731497 [vl:0.0 vr:0.0 yaw:0.0] 
1622962731550 [vl:0.0 vr:0.0 yaw:0.0] 
1622962731611 [vl:0.0 vr:0.0 yaw:0.0] 
1622962731650 [vl:0.0 vr:0.0 yaw:0.0] 
1622962731699 [vl:0.0 vr:0.0 yaw:0.0] 
1622962731746 [vl:0.0 vr:0.0 yaw:0.0] 
1622962731799 [vl:0.0 vr:0.0 yaw:0.0] 
1622962731852 [vl:0.0 vr:0.0 yaw:0.0] 
1622962731898 [vl:0.0 vr:0.0 yaw:0.0] 
1622962731946 [vl:0.0 vr:0.0 yaw:0.0] 
1622962731999 [vl:0.0 vr:0.0 yaw:0.0] 
1622962732062 [vl:0.0 vr:0.0 yaw:0.0] 
1622962732094 [vl:0.0 vr:0.0 yaw:0.0] 
1622962732154 [vl:0.0 vr:0.0 yaw:0.0] 
1622962732202 [vl:0.0 vr:0.0 yaw:0.0] 
1622962732251 [vl:0.0 vr:0.0 yaw:0.0] 
1622962732299 [vl:0.0 vr:0.0 yaw:0.0] 
1622962732348 [vl:0.0 vr:0.0 yaw:0.0] 
1622962732435 [vl:0.0 vr:0.0 yaw:0.0] 
1622962732460 [vl:0.0 vr:0.0 yaw:0.0] 
1622962732514 [vl:0.0 vr:0.0 yaw:0.0] 
1622962732552 [vl:0.0 vr:0.0 yaw:0.0] 
1622962732605 [vl:0.0 vr:0.0 yaw:0.0] 
1622962732650 [vl:0.0 vr:0.0 yaw:0.0] 
1622962732698 [vl:0.0 vr:0.0 yaw:0.0] 
1622962732746 [vl:0.0 vr:0.0 yaw:0.0] 
1622962732807 [vl:0.0 vr:0.0 yaw:0.0] 
1622962732846 [vl:0.0 vr:0.0 yaw:0.0] 
1622962732898 [vl:0.0 vr:0.0 yaw:0.0] 
1622962732945 [vl:0.0 vr:0.0 yaw:0.0] 
1622962733013 [vl:0.0 vr:0.0 yaw:0.0] 
1622962733047 [vl:0.0 vr:0.0 yaw:0.0] 
1622962733105 [vl:0.0 vr:0.0 yaw:0.0] 
1622962733169 [vl:0.0 vr:0.0 yaw:0.0] 
1622962733209 [vl:0.0 vr:0.0 yaw:0.0] 
1622962733246 [vl:0.0 vr:0.0 yaw:0.0] 
1622962733301 [vl:0.0 vr:0.0 yaw:0.0] 
1622962733347 [vl:0.0 vr:0.0 yaw:0.0] 
1622962733419 [vl:0.0 vr:0.0 yaw:0.0] 
1622962733447 [vl:0.0 vr:0.0 yaw:0.0] 
1622962733498 [vl:0.0 vr:0.0 yaw:0.0] 
1622962733549 [vl:0.0 vr:0.0 yaw:0.0] 
1622962733606 [vl:0.0 vr:0.0 yaw:0.0] 
1622962733645 [vl:0.0 vr:0.0 yaw:0.0] 
1622962733698 [vl:0.0 vr:0.0 yaw:0.0] 
1622962733752 [vl:0.0 vr:0.0 yaw:0.0] 
1622962733802 [vl:0.0 vr:0.0 yaw:0.0] 
1622962733850 [vl:0.0 vr:0.0 yaw:0.0] 
1622962733902 [vl:0.0 vr:0.0 yaw:0.0] 
1622962733961 [vl:0.0 vr:0.0 yaw:0.0] 
1622962734014 [vl:0.0 vr:0.0 yaw:0.0] 
1622962734089 [vl:0.0 vr:0.0 yaw:0.0] 
1622962734112 [vl:0.0 vr:0.0 yaw:0.0] 
1622962734146 [vl:0.0 vr:0.0 yaw:0.0] 
1622962734198 [vl:0.0 vr:0.0 yaw:0.0] 
1622962734251 [vl:0.0 vr:0.0 yaw:0.0] 
1622962734299 [vl:0.0 vr:0.0 yaw:0.0] 
1622962734363 [vl:0.0 vr:0.0 yaw:0.0] 
1622962734403 [vl:0.0 vr:0.0 yaw:0.0] 
1622962734445 [vl:0.0 vr:0.0 yaw:0.0] 
1622962734507 [vl:0.0 vr:0.0 yaw:0.0] 
1622962734551 [vl:0.0 vr:0.0 yaw:0.0] 
1622962734603 [vl:0.0 vr:0.0 yaw:0.0] 
1622962734643 [vl:0.0 vr:0.0 yaw:0.0] 
1622962734698 [vl:0.0 vr:0.0 yaw:0.0] 
1622962734746 [vl:0.0 vr:0.0 yaw:0.0] 
1622962734801 [vl:0.0 vr:0.0 yaw:0.0] 
1622962734850 [vl:0.0 vr:0.0 yaw:0.0] 
1622962734898 [vl:0.0 vr:0.0 yaw:0.0] 
1622962734954 [vl:0.0 vr:0.0 yaw:0.0] 
1622962735003 [vl:0.0 vr:0.0 yaw:0.0] 
1622962735046 [vl:0.0 vr:0.0 yaw:0.0] 
1622962735119 [vl:0.0 vr:0.0 yaw:0.0] 
1622962735146 [vl:0.0 vr:0.0 yaw:0.0] 
1622962735198 [vl:0.0 vr:0.0 yaw:0.0] 
1622962735262 [vl:0.0 vr:0.0 yaw:0.0] 
1622962735316 [vl:0.0 vr:0.0 yaw:0.0] 
1622962735369 [vl:0.0 vr:0.0 yaw:0.0] 
1622962735398 [vl:0.0 vr:0.0 yaw:0.0] 
1622962735451 [vl:0.0 vr:0.0 yaw:0.0] 
1622962735500 [vl:0.0 vr:0.0 yaw:0.0] 
1622962735545 [vl:0.0 vr:0.0 yaw:0.0] 
1622962735597 [vl:0.0 vr:0.0 yaw:0.0] 
1622962735646 [vl:0.0 vr:0.0 yaw:0.0] 
1622962735697 [vl:0.0 vr:0.0 yaw:0.0] 
1622962735757 [vl:0.0 vr:0.0 yaw:0.0] 
1622962735800 [vl:0.0 vr:0.0 yaw:0.0] 
1622962735846 [vl:0.0 vr:0.0 yaw:0.0] 
1622962735917 [vl:0.0 vr:0.0 yaw:0.0] 
1622962735976 [vl:0.0 vr:0.0 yaw:0.0] 
1622962736001 [vl:0.0 vr:0.0 yaw:0.0] 
1622962736067 [vl:0.0 vr:0.0 yaw:0.0] 
1622962736099 [vl:0.0 vr:0.0 yaw:0.0] 
1622962736159 [vl:0.0 vr:0.0 yaw:0.0] 
1622962736205 [vl:0.0 vr:0.0 yaw:0.0] 
1622962736245 [vl:0.0 vr:0.0 yaw:0.0] 
1622962736301 [vl:0.0 vr:0.0 yaw:0.0] 
1622962736347 [vl:0.0 vr:0.0 yaw:0.0] 
1622962736398 [vl:0.0 vr:0.0 yaw:0.0] 
1622962736447 [vl:0.0 vr:0.0 yaw:0.0] 
1622962736505 [vl:0.0 vr:0.0 yaw:0.0] 
1622962736548 [vl:0.0 vr:0.0 yaw:0.0] 
1622962736599 [vl:0.0 vr:0.0 yaw:0.0] 
1622962736651 [vl:0.0 vr:0.0 yaw:0.0] 
1622962736698 [vl:0.0 vr:0.0 yaw:0.0] 
1622962736745 [vl:0.0 vr:0.0 yaw:0.0] 
1622962736799 [vl:0.0 vr:0.0 yaw:0.0] 
1622962736847 [vl:0.0 vr:0.0 yaw:0.0] 
1622962736912 [vl:0.0 vr:0.0 yaw:0.0] 
1622962736949 [vl:0.0 vr:0.0 yaw:0.0] 
1622962736994 [vl:0.0 vr:0.0 yaw:0.0] 
1622962737062 [vl:0.0 vr:0.0 yaw:0.0] 
1622962737098 [vl:0.0 vr:0.0 yaw:0.0] 
1622962737146 [vl:0.0 vr:0.0 yaw:0.0] 
1622962737220 [vl:0.0 vr:0.0 yaw:0.0] 
1622962737246 [vl:0.0 vr:0.0 yaw:0.0] 
1622962737300 [vl:0.0 vr:0.0 yaw:0.0] 
1622962737347 [vl:0.0 vr:0.0 yaw:0.0] 
1622962737401 [vl:0.0 vr:0.0 yaw:0.0] 
1622962737445 [vl:0.0 vr:0.0 yaw:0.0] 
1622962737493 [vl:0.0 vr:0.0 yaw:0.0] 
1622962737549 [vl:0.0 vr:0.0 yaw:0.0] 
1622962737616 [vl:0.0 vr:0.0 yaw:0.0] 
1622962737650 [vl:0.0 vr:0.0 yaw:0.0] 
1622962737700 [vl:0.0 vr:0.0 yaw:0.0] 
1622962737747 [vl:0.0 vr:0.0 yaw:0.0] 
1622962737820 [vl:0.0 vr:0.0 yaw:0.0] 
1622962737846 [vl:0.0 vr:0.0 yaw:0.0] 
1622962737902 [vl:0.0 vr:0.0 yaw:0.0] 
1622962737963 [vl:0.0 vr:0.0 yaw:0.0] 
1622962737998 [vl:0.0 vr:0.0 yaw:0.0] 
1622962738048 [vl:0.0 vr:0.0 yaw:0.0] 
1622962738097 [vl:0.0 vr:0.0 yaw:0.0] 
1622962738154 [vl:0.0 vr:0.0 yaw:0.0] 
1622962738217 [vl:0.0 vr:0.0 yaw:0.0] 
1622962738246 [vl:0.0 vr:0.0 yaw:0.0] 
1622962738302 [vl:0.0 vr:0.0 yaw:0.0] 
1622962738355 [vl:0.0 vr:0.0 yaw:0.0] 
1622962738402 [vl:0.0 vr:0.0 yaw:0.0] 
1622962738448 [vl:0.0 vr:0.0 yaw:0.0] 
1622962738503 [vl:0.0 vr:0.0 yaw:0.0] 
1622962738545 [vl:0.0 vr:0.0 yaw:0.0] 
1622962738597 [vl:0.0 vr:0.0 yaw:0.0] 
1622962738646 [vl:0.0 vr:0.0 yaw:0.0] 
1622962738709 [vl:0.0 vr:0.0 yaw:0.0] 
1622962738751 [vl:0.0 vr:0.0 yaw:0.0] 
1622962738798 [vl:0.0 vr:0.0 yaw:0.0] 
1622962738845 [vl:0.0 vr:0.0 yaw:0.0] 
1622962738907 [vl:0.0 vr:0.0 yaw:0.0] 
1622962738948 [vl:0.0 vr:0.0 yaw:0.0] 
1622962739019 [vl:0.0 vr:0.0 yaw:0.0] 
1622962739050 [vl:0.0 vr:0.0 yaw:0.0] 
1622962739113 [vl:0.0 vr:0.0 yaw:0.0] 
1622962739150 [vl:0.0 vr:0.0 yaw:0.0] 
1622962739197 [vl:0.0 vr:0.0 yaw:0.0] 
1622962739246 [vl:0.0 vr:0.0 yaw:0.0] 
1622962739316 [vl:0.0 vr:0.0 yaw:0.0] 
1622962739351 [vl:0.0 vr:0.0 yaw:0.0] 
1622962739408 [vl:0.0 vr:0.0 yaw:0.0] 
1622962739455 [vl:0.0 vr:0.0 yaw:0.0] 
1622962739503 [vl:0.0 vr:0.0 yaw:0.0] 
1622962739546 [vl:0.0 vr:0.0 yaw:0.0] 
1622962739601 [vl:0.0 vr:0.0 yaw:0.0] 
1622962739654 [vl:0.0 vr:0.0 yaw:0.0] 
1622962739723 [vl:0.0 vr:0.0 yaw:0.0] 
1622962739762 [vl:0.0 vr:0.0 yaw:0.0] 
1622962739801 [vl:0.0 vr:0.0 yaw:0.0] 
1622962739857 [vl:0.0 vr:0.0 yaw:0.0] 
1622962739906 [vl:0.0 vr:0.0 yaw:0.0] 
1622962739953 [vl:0.0 vr:0.0 yaw:0.0] 
1622962740000 [vl:0.0 vr:0.0 yaw:0.0] 
1622962740045 [vl:0.0 vr:0.0 yaw:0.0] 
1622962740102 [vl:0.0 vr:0.0 yaw:0.0] 
1622962740145 [vl:0.0 vr:0.0 yaw:0.0] 
1622962740201 [vl:0.0 vr:0.0 yaw:0.0] 
1622962740254 [vl:0.0 vr:0.0 yaw:0.0] 
1622962740302 [vl:0.0 vr:0.0 yaw:0.0] 
1622962740345 [vl:0.0 vr:0.0 yaw:0.0] 
1622962740410 [vl:0.0 vr:0.0 yaw:0.0] 
1622962740463 [vl:0.0 vr:0.0 yaw:0.0] 
1622962740499 [vl:0.0 vr:0.0 yaw:0.0] 
1622962740553 [vl:0.0 vr:0.0 yaw:0.0] 
1622962740597 [vl:0.0 vr:0.0 yaw:0.0] 
1622962740651 [vl:0.0 vr:0.0 yaw:0.0] 
1622962740700 [vl:0.0 vr:0.0 yaw:0.0] 
1622962740754 [vl:0.0 vr:0.0 yaw:0.0] 
1622962740797 [vl:0.0 vr:0.0 yaw:0.0] 
1622962740854 [vl:0.0 vr:0.0 yaw:0.0] 
1622962740899 [vl:0.0 vr:0.0 yaw:0.0] 
1622962740945 [vl:0.0 vr:0.0 yaw:0.0] 
1622962741001 [vl:0.0 vr:0.0 yaw:0.0] 
1622962741052 [vl:0.0 vr:0.0 yaw:0.0] 
1622962741099 [vl:0.0 vr:0.0 yaw:0.0] 
1622962741159 [vl:0.0 vr:0.0 yaw:0.0] 
1622962741199 [vl:0.0 vr:0.0 yaw:0.0] 
1622962741246 [vl:0.0 vr:0.0 yaw:0.0] 
1622962741299 [vl:0.0 vr:0.0 yaw:0.0] 
1622962741345 [vl:0.0 vr:0.0 yaw:0.0] 
1622962741399 [vl:0.0 vr:0.0 yaw:0.0] 
1622962741447 [vl:0.0 vr:0.0 yaw:0.0] 
1622962741498 [vl:0.0 vr:0.0 yaw:0.0] 
1622962741550 [vl:0.0 vr:0.0 yaw:0.0] 
1622962741598 [vl:0.0 vr:0.0 yaw:0.0] 
1622962741646 [vl:0.0 vr:0.0 yaw:0.0] 
1622962741698 [vl:0.0 vr:0.0 yaw:0.0] 
1622962741745 [vl:0.0 vr:0.0 yaw:0.0] 
1622962741803 [vl:0.0 vr:0.0 yaw:0.0] 
1622962741847 [vl:0.0 vr:0.0 yaw:0.0] 
1622962741897 [vl:0.0 vr:0.0 yaw:0.0] 
1622962741953 [vl:0.0 vr:0.0 yaw:0.0] 
1622962742009 [vl:0.0 vr:0.0 yaw:0.0] 
1622962742050 [vl:0.0 vr:0.0 yaw:0.0] 
1622962742098 [vl:0.0 vr:0.0 yaw:0.0] 
1622962742149 [vl:0.0 vr:0.0 yaw:0.0] 
1622962742202 [vl:0.0 vr:0.0 yaw:0.0] 
1622962742251 [vl:0.0 vr:0.0 yaw:0.0] 
1622962742298 [vl:0.0 vr:0.0 yaw:0.0] 
1622962742345 [vl:0.0 vr:0.0 yaw:0.0] 
1622962742409 [vl:0.0 vr:0.0 yaw:0.0] 
1622962742453 [vl:0.0 vr:0.0 yaw:0.0] 
1622962742499 [vl:0.0 vr:0.0 yaw:0.0] 
1622962742548 [vl:0.0 vr:0.0 yaw:0.0] 
1622962742597 [vl:0.0 vr:0.0 yaw:0.0] 
1622962742645 [vl:0.0 vr:0.0 yaw:0.0] 
1622962742710 [vl:0.0 vr:0.0 yaw:0.0] 
1622962742751 [vl:0.0 vr:0.0 yaw:0.0] 
1622962742799 [vl:0.0 vr:0.0 yaw:0.0] 
1622962742851 [vl:0.0 vr:0.0 yaw:0.0] 
1622962742899 [vl:0.0 vr:0.0 yaw:0.0] 
1622962742954 [vl:0.0 vr:0.0 yaw:0.0] 
1622962742998 [vl:0.0 vr:0.0 yaw:0.0] 
1622962743049 [vl:0.0 vr:0.0 yaw:0.0] 
1622962743103 [vl:0.0 vr:0.0 yaw:0.0] 
1622962743147 [vl:0.0 vr:0.0 yaw:0.0] 
1622962743203 [vl:0.0 vr:0.0 yaw:0.0] 
1622962743245 [vl:0.0 vr:0.0 yaw:0.0] 
1622962743297 [vl:0.0 vr:0.0 yaw:0.0] 
1622962743346 [vl:0.0 vr:0.0 yaw:0.0] 
1622962743411 [vl:0.0 vr:0.0 yaw:0.0] 
1622962743446 [vl:0.0 vr:0.0 yaw:0.0] 
1622962743504 [vl:0.0 vr:0.0 yaw:0.0] 
1622962743547 [vl:0.0 vr:0.0 yaw:0.0] 
1622962743610 [vl:0.0 vr:0.0 yaw:0.0] 
1622962743648 [vl:0.0 vr:0.0 yaw:0.0] 
1622962743707 [vl:0.0 vr:0.0 yaw:0.0] 
1622962743746 [vl:0.0 vr:0.0 yaw:0.0] 
1622962743799 [vl:0.0 vr:0.0 yaw:0.0] 
1622962743870 [vl:0.0 vr:0.0 yaw:0.0] 
1622962743897 [vl:0.0 vr:0.0 yaw:0.0] 
1622962743948 [vl:0.0 vr:0.0 yaw:0.0] 
1622962743997 [vl:0.0 vr:0.0 yaw:0.0] 
1622962744059 [vl:0.0 vr:0.0 yaw:0.0] 
1622962744108 [vl:0.0 vr:0.0 yaw:0.0] 
1622962744150 [vl:0.0 vr:0.0 yaw:0.0] 
1622962744201 [vl:0.0 vr:0.0 yaw:0.0] 
1622962744246 [vl:0.0 vr:0.0 yaw:0.0] 
1622962744300 [vl:0.0 vr:0.0 yaw:0.0] 
1622962744349 [vl:0.0 vr:0.0 yaw:0.0] 
1622962744405 [vl:0.0 vr:0.0 yaw:0.0] 
1622962744446 [vl:0.0 vr:0.0 yaw:0.0] 
1622962744509 [vl:0.0 vr:0.0 yaw:0.0] 
1622962744549 [vl:0.0 vr:0.0 yaw:0.0] 
1622962744599 [vl:0.0 vr:0.0 yaw:0.0] 
1622962744661 [vl:0.0 vr:0.0 yaw:0.0] 
1622962744703 [vl:0.0 vr:0.0 yaw:0.0] 
1622962744746 [vl:0.0 vr:0.0 yaw:0.0] 
1622962744799 [vl:0.0 vr:0.0 yaw:0.0] 
1622962744851 [vl:0.0 vr:0.0 yaw:0.0] 
1622962744904 [vl:0.0 vr:0.0 yaw:0.0] 
1622962744973 [vl:0.0 vr:0.0 yaw:0.0] 
1622962745015 [vl:0.0 vr:0.0 yaw:0.0] 
1622962745057 [vl:0.0 vr:0.0 yaw:0.0] 
1622962745099 [vl:0.0 vr:0.0 yaw:0.0] 
1622962745146 [vl:0.0 vr:0.0 yaw:0.0] 
1622962745193 [vl:0.0 vr:0.0 yaw:0.0] 
1622962745246 [vl:0.0 vr:0.0 yaw:0.0] 
1622962745299 [vl:0.0 vr:0.0 yaw:0.0] 
1622962745346 [vl:0.0 vr:0.0 yaw:0.0] 
1622962745397 [vl:0.0 vr:0.0 yaw:0.0] 
1622962745446 [vl:0.0 vr:0.0 yaw:0.0] 
1622962745498 [vl:0.0 vr:0.0 yaw:0.0] 
1622962745546 [vl:0.0 vr:0.0 yaw:0.0] 
1622962745604 [vl:0.0 vr:0.0 yaw:0.0] 
1622962745651 [vl:0.0 vr:0.0 yaw:0.0] 
1622962745715 [vl:0.0 vr:0.0 yaw:0.0] 
1622962745746 [vl:0.0 vr:0.0 yaw:0.0] 
1622962745797 [vl:0.0 vr:0.0 yaw:0.0] 
1622962745854 [vl:0.0 vr:0.0 yaw:0.0] 
1622962745898 [vl:0.0 vr:0.0 yaw:0.0] 
1622962745946 [vl:0.0 vr:0.0 yaw:0.0] 
1622962745998 [vl:0.0 vr:0.0 yaw:0.0] 
1622962746052 [vl:0.0 vr:0.0 yaw:0.0] 
1622962746098 [vl:0.0 vr:0.0 yaw:0.0] 
1622962746146 [vl:0.0 vr:0.0 yaw:0.0] 
1622962746198 [vl:0.0 vr:0.0 yaw:0.0] 
1622962746255 [vl:0.0 vr:0.0 yaw:0.0] 
1622962746300 [vl:0.0 vr:0.0 yaw:0.0] 
1622962746366 [vl:0.0 vr:0.0 yaw:0.0] 
1622962746398 [vl:0.0 vr:0.0 yaw:0.0] 
1622962746448 [vl:0.0 vr:0.0 yaw:0.0] 
1622962746509 [vl:0.0 vr:0.0 yaw:0.0] 
1622962746546 [vl:0.0 vr:0.0 yaw:0.0] 
1622962746602 [vl:0.0 vr:0.0 yaw:0.0] 
1622962746650 [vl:0.0 vr:0.0 yaw:0.0] 
1622962746697 [vl:0.0 vr:0.0 yaw:0.0] 
1622962746746 [vl:0.0 vr:0.0 yaw:0.0] 
1622962746797 [vl:0.0 vr:0.0 yaw:0.0] 
1622962746854 [vl:0.0 vr:0.0 yaw:0.0] 
1622962746900 [vl:0.0 vr:0.0 yaw:0.0] 
1622962746954 [vl:0.0 vr:0.0 yaw:0.0] 
1622962747003 [vl:0.0 vr:0.0 yaw:0.0] 
1622962747053 [vl:0.0 vr:0.0 yaw:0.0] 
1622962747105 [vl:0.0 vr:0.0 yaw:0.0] 
1622962747163 [vl:0.0 vr:0.0 yaw:0.0] 
1622962747205 [vl:0.0 vr:0.0 yaw:0.0] 
1622962747249 [vl:0.0 vr:0.0 yaw:0.0] 
1622962747300 [vl:0.0 vr:0.0 yaw:0.0] 
1622962747347 [vl:0.0 vr:0.0 yaw:0.0] 
1622962747398 [vl:0.0 vr:0.0 yaw:0.0] 
1622962747445 [vl:0.0 vr:0.0 yaw:0.0] 
1622962747498 [vl:0.0 vr:0.0 yaw:0.0] 
1622962747561 [vl:0.0 vr:0.0 yaw:0.0] 
1622962747598 [vl:0.0 vr:0.0 yaw:0.0] 
1622962747651 [vl:0.0 vr:0.0 yaw:0.0] 
1622962747697 [vl:0.0 vr:0.0 yaw:0.0] 
1622962747753 [vl:0.0 vr:0.0 yaw:0.0] 
1622962747802 [vl:0.0 vr:0.0 yaw:0.0] 
1622962747865 [vl:0.0 vr:0.0 yaw:0.0] 
1622962747897 [vl:0.0 vr:0.0 yaw:0.0] 
1622962747951 [vl:0.0 vr:0.0 yaw:0.0] 
1622962748002 [vl:0.0 vr:0.0 yaw:0.0] 
1622962748053 [vl:0.0 vr:0.0 yaw:0.0] 
1622962748101 [vl:0.0 vr:0.0 yaw:0.0] 
1622962748154 [vl:0.0 vr:0.0 yaw:0.0] 
1622962748200 [vl:0.0 vr:0.0 yaw:0.0] 
1622962748246 [vl:0.0 vr:0.0 yaw:0.0] 
1622962748306 [vl:0.0 vr:0.0 yaw:0.0] 
1622962748370 [vl:0.0 vr:0.0 yaw:0.0] 
1622962748407 [vl:0.0 vr:0.0 yaw:0.0] 
1622962748446 [vl:0.0 vr:0.0 yaw:0.0] 
1622962748499 [vl:0.0 vr:0.0 yaw:0.0] 
1622962748548 [vl:0.0 vr:0.0 yaw:0.0] 
1622962748599 [vl:0.0 vr:0.0 yaw:0.0] 
1622962748646 [vl:0.0 vr:0.0 yaw:0.0] 
1622962748698 [vl:0.0 vr:0.0 yaw:0.0] 
1622962748746 [vl:0.0 vr:0.0 yaw:0.0] 
1622962748797 [vl:0.0 vr:0.0 yaw:0.0] 
1622962748847 [vl:0.0 vr:0.0 yaw:0.0] 
1622962748898 [vl:0.0 vr:0.0 yaw:0.0] 
1622962748952 [vl:0.0 vr:0.0 yaw:0.0] 
1622962749008 [vl:0.0 vr:0.0 yaw:0.0] 
1622962749048 [vl:0.0 vr:0.0 yaw:0.0] 
1622962749111 [vl:0.0 vr:0.0 yaw:0.0] 
1622962749148 [vl:0.0 vr:0.0 yaw:0.0] 
1622962749198 [vl:0.0 vr:0.0 yaw:0.0] 
1622962749252 [vl:0.0 vr:0.0 yaw:0.0] 
1622962749302 [vl:0.0 vr:0.0 yaw:0.0] 
1622962749353 [vl:0.0 vr:0.0 yaw:0.0] 
1622962749400 [vl:0.0 vr:0.0 yaw:0.0] 
1622962749458 [vl:0.0 vr:0.0 yaw:0.0] 
1622962749500 [vl:0.0 vr:0.0 yaw:0.0] 
1622962749554 [vl:0.0 vr:0.0 yaw:0.0] 
1622962749598 [vl:0.0 vr:0.0 yaw:0.0] 
1622962749646 [vl:0.0 vr:0.0 yaw:0.0] 
1622962749701 [vl:0.0 vr:0.0 yaw:0.0] 
1622962749746 [vl:0.0 vr:0.0 yaw:0.0] 
1622962749798 [vl:0.0 vr:0.0 yaw:0.0] 
1622962749847 [vl:0.0 vr:0.0 yaw:0.0] 
1622962749898 [vl:0.0 vr:0.0 yaw:0.0] 
1622962749946 [vl:0.0 vr:0.0 yaw:0.0] 
1622962749998 [vl:0.0 vr:0.0 yaw:0.0] 
1622962750046 [vl:0.0 vr:0.0 yaw:0.0] 
1622962750109 [vl:0.0 vr:0.0 yaw:0.0] 
1622962750159 [vl:0.0 vr:0.0 yaw:0.0] 
1622962750207 [vl:0.0 vr:0.0 yaw:0.0] 
1622962750249 [vl:0.0 vr:0.0 yaw:0.0] 
1622962750297 [vl:0.0 vr:0.0 yaw:0.0] 
1622962750351 [vl:0.0 vr:0.0 yaw:0.0] 
1622962750406 [vl:0.0 vr:0.0 yaw:0.0] 
1622962750446 [vl:0.0 vr:0.0 yaw:0.0] 
1622962750503 [vl:0.0 vr:0.0 yaw:0.0] 
1622962750553 [vl:0.0 vr:0.0 yaw:0.0] 
1622962750599 [vl:0.0 vr:0.0 yaw:0.0] 
1622962750647 [vl:0.0 vr:0.0 yaw:0.0] 
1622962750703 [vl:0.0 vr:0.0 yaw:0.0] 
1622962750746 [vl:0.0 vr:0.0 yaw:0.0] 
1622962750799 [vl:0.0 vr:0.0 yaw:0.0] 
1622962750865 [vl:0.0 vr:0.0 yaw:0.0] 
1622962750901 [vl:0.0 vr:0.0 yaw:0.0] 
1622962750947 [vl:0.0 vr:0.0 yaw:0.0] 
1622962751006 [vl:0.0 vr:0.0 yaw:0.0] 
1622962751052 [vl:0.0 vr:0.0 yaw:0.0] 
1622962751105 [vl:0.0 vr:0.0 yaw:0.0] 
1622962751145 [vl:0.0 vr:0.0 yaw:0.0] 
1622962751205 [vl:0.0 vr:0.0 yaw:0.0] 
1622962751249 [vl:0.0 vr:0.0 yaw:0.0] 
1622962751298 [vl:0.0 vr:0.0 yaw:0.0] 
1622962751354 [vl:0.0 vr:0.0 yaw:0.0] 
1622962751398 [vl:0.0 vr:0.0 yaw:0.0] 
1622962751450 [vl:0.0 vr:0.0 yaw:0.0] 
1622962751508 [vl:0.0 vr:0.0 yaw:0.0] 
1622962751546 [vl:0.0 vr:0.0 yaw:0.0] 
1622962751606 [vl:0.0 vr:0.0 yaw:0.0] 
1622962751656 [vl:0.0 vr:0.0 yaw:0.0] 
1622962751698 [vl:0.0 vr:0.0 yaw:0.0] 
1622962751751 [vl:0.0 vr:0.0 yaw:0.0] 
1622962751801 [vl:0.0 vr:0.0 yaw:0.0] 
1622962751846 [vl:0.0 vr:0.0 yaw:0.0] 
1622962751898 [vl:0.0 vr:0.0 yaw:0.0] 
1622962751946 [vl:0.0 vr:0.0 yaw:0.0] 
1622962752003 [vl:0.0 vr:0.0 yaw:0.0] 
1622962752046 [vl:0.0 vr:0.0 yaw:0.0] 
1622962752099 [vl:0.0 vr:0.0 yaw:0.0] 
1622962752145 [vl:0.0 vr:0.0 yaw:0.0] 
1622962752198 [vl:0.0 vr:0.0 yaw:0.0] 
1622962752245 [vl:0.0 vr:0.0 yaw:0.0] 
1622962752297 [vl:0.0 vr:0.0 yaw:0.0] 
1622962752345 [vl:0.0 vr:0.0 yaw:0.0] 
1622962752399 [vl:0.0 vr:0.0 yaw:0.0] 
1622962752455 [vl:0.0 vr:0.0 yaw:0.0] 
1622962752499 [vl:0.0 vr:0.0 yaw:0.0] 
1622962752547 [vl:0.0 vr:0.0 yaw:0.0] 
1622962752598 [vl:0.0 vr:0.0 yaw:0.0] 
1622962752656 [vl:0.0 vr:0.0 yaw:0.0] 
1622962752716 [vl:0.0 vr:0.0 yaw:0.0] 
1622962752762 [vl:0.0 vr:0.0 yaw:0.0] 
1622962752798 [vl:0.0 vr:0.0 yaw:0.0] 
1622962752846 [vl:0.0 vr:0.0 yaw:0.0] 
1622962752898 [vl:0.0 vr:0.0 yaw:0.0] 
1622962752954 [vl:0.0 vr:0.0 yaw:0.0] 
1622962752999 [vl:0.0 vr:0.0 yaw:0.0] 
1622962753055 [vl:0.0 vr:0.0 yaw:0.0] 
1622962753103 [vl:0.0 vr:0.0 yaw:0.0] 
1622962753147 [vl:0.0 vr:0.0 yaw:0.0] 
1622962753199 [vl:0.0 vr:0.0 yaw:0.0] 
1622962753254 [vl:0.0 vr:0.0 yaw:0.0] 
1622962753301 [vl:0.0 vr:0.0 yaw:0.0] 
1622962753350 [vl:0.0 vr:0.0 yaw:0.0] 
1622962753398 [vl:0.0 vr:0.0 yaw:0.0] 
1622962753451 [vl:0.0 vr:0.0 yaw:0.0] 
1622962753498 [vl:0.0 vr:0.0 yaw:0.0] 
1622962753554 [vl:0.0 vr:0.0 yaw:0.0] 
1622962753600 [vl:0.0 vr:0.0 yaw:0.0] 
1622962753654 [vl:0.0 vr:0.0 yaw:0.0] 
1622962753698 [vl:0.0 vr:0.0 yaw:0.0] 
1622962753747 [vl:0.0 vr:0.0 yaw:0.0] 
1622962753797 [vl:0.0 vr:0.0 yaw:0.0] 
1622962753850 [vl:0.0 vr:0.0 yaw:0.0] 
1622962753899 [vl:0.0 vr:0.0 yaw:0.0] 
1622962753946 [vl:0.0 vr:0.0 yaw:0.0] 
1622962754008 [vl:0.0 vr:0.0 yaw:0.0] 
1622962754054 [vl:0.0 vr:0.0 yaw:0.0] 
1622962754099 [vl:0.0 vr:0.0 yaw:0.0] 
1622962754148 [vl:0.0 vr:0.0 yaw:0.0] 
1622962754203 [vl:0.0 vr:0.0 yaw:0.0] 
1622962754247 [vl:0.0 vr:0.0 yaw:0.0] 
1622962754302 [vl:0.0 vr:0.0 yaw:0.0] 
1622962754347 [vl:0.0 vr:0.0 yaw:0.0] 
1622962754399 [vl:0.0 vr:0.0 yaw:0.0] 
1622962754450 [vl:0.0 vr:0.0 yaw:0.0] 
1622962754498 [vl:0.0 vr:0.0 yaw:0.0] 
1622962754547 [vl:0.0 vr:0.0 yaw:0.0] 
1622962754599 [vl:0.0 vr:0.0 yaw:0.0] 
1622962754650 [vl:0.0 vr:0.0 yaw:0.0] 
1622962754698 [vl:0.0 vr:0.0 yaw:0.0] 
1622962754754 [vl:0.0 vr:0.0 yaw:0.0] 
1622962754797 [vl:0.0 vr:0.0 yaw:0.0] 
1622962754846 [vl:0.0 vr:0.0 yaw:0.0] 
1622962754906 [vl:0.0 vr:0.0 yaw:0.0] 
1622962754949 [vl:0.0 vr:0.0 yaw:0.0] 
1622962754998 [vl:0.0 vr:0.0 yaw:0.0] 
1622962755045 [vl:0.0 vr:0.0 yaw:0.0] 
1622962755100 [vl:0.0 vr:0.0 yaw:0.0] 
1622962755150 [vl:0.0145 vr:0.0 yaw:0.0] 
1622962755205 [vl:0.0 vr:0.0 yaw:0.0] 
1622962755246 [vl:0.0 vr:0.0 yaw:0.0] 
1622962755302 [vl:0.0 vr:0.0 yaw:0.0] 
1622962755346 [vl:0.0 vr:0.0 yaw:0.0] 
1622962755398 [vl:0.0 vr:0.0 yaw:0.0] 
1622962755447 [vl:0.0 vr:0.0 yaw:0.0] 
1622962755497 [vl:0.0 vr:0.0 yaw:0.0] 
1622962755551 [vl:0.0 vr:0.0 yaw:0.0] 
1622962755599 [vl:0.0 vr:0.0 yaw:0.0] 
1622962755647 [vl:0.0 vr:0.0 yaw:0.0] 
1622962755702 [vl:0.0 vr:0.0 yaw:0.0] 
1622962755756 [vl:0.0 vr:0.0 yaw:0.0] 
1622962755802 [vl:0.0 vr:0.0 yaw:0.0] 
1622962755854 [vl:0.0 vr:0.0 yaw:0.0] 
1622962755906 [vl:0.0 vr:0.0 yaw:0.0] 
1622962755954 [vl:0.0 vr:0.0 yaw:0.0] 
1622962756003 [vl:0.0 vr:0.0 yaw:0.0] 
1622962756052 [vl:0.0 vr:0.0 yaw:0.0] 
1622962756102 [vl:0.0 vr:0.0 yaw:0.0] 
1622962756145 [vl:0.0 vr:0.0 yaw:0.0] 
1622962756198 [vl:0.0 vr:0.0 yaw:0.0] 
1622962756246 [vl:0.0 vr:0.0 yaw:0.0] 
1622962756306 [vl:0.0 vr:0.0 yaw:0.0] 
1622962756348 [vl:0.0 vr:0.0 yaw:0.0] 
1622962756399 [vl:0.0 vr:0.0 yaw:0.0] 
1622962756463 [vl:0.0 vr:0.0 yaw:0.0] 
1622962756502 [vl:0.0 vr:0.0 yaw:0.0] 
1622962756546 [vl:0.0 vr:0.0 yaw:0.0] 
1622962756602 [vl:0.0 vr:0.0 yaw:0.0] 
1622962756647 [vl:0.0 vr:0.0 yaw:0.0] 
1622962756698 [vl:0.0 vr:0.0 yaw:0.0] 
1622962756746 [vl:0.0 vr:0.0 yaw:0.0] 
1622962756806 [vl:0.0 vr:0.0 yaw:0.0] 
1622962756847 [vl:0.0 vr:0.0 yaw:0.0] 
1622962756906 [vl:0.0 vr:0.0 yaw:0.0] 
1622962756946 [vl:0.0 vr:0.0 yaw:0.0] 
1622962756998 [vl:0.0 vr:0.0 yaw:0.0] 
1622962757051 [vl:0.0 vr:0.0 yaw:0.0] 
1622962757103 [vl:0.0 vr:0.0 yaw:0.0] 
1622962757146 [vl:0.0 vr:0.0 yaw:0.0] 
1622962757198 [vl:0.0 vr:0.0 yaw:0.0] 
1622962757246 [vl:0.0 vr:0.0 yaw:0.0] 
1622962757298 [vl:0.0 vr:0.0 yaw:0.0] 
1622962757346 [vl:0.0 vr:0.0 yaw:0.0] 
1622962757399 [vl:0.0 vr:0.0 yaw:0.0] 
1622962757446 [vl:0.0 vr:0.0 yaw:0.0] 
1622962757499 [vl:0.0 vr:0.0 yaw:0.0] 
1622962757551 [vl:0.0 vr:0.0 yaw:0.0] 
1622962757598 [vl:0.0 vr:0.0 yaw:0.0] 
1622962757646 [vl:0.0 vr:0.0 yaw:0.0] 
1622962757699 [vl:0.0 vr:0.0 yaw:0.0] 
1622962757746 [vl:0.0 vr:0.0 yaw:0.0] 
1622962757799 [vl:0.0 vr:0.0 yaw:0.0] 
1622962757846 [vl:0.0 vr:0.0 yaw:0.0] 
1622962757899 [vl:0.0 vr:0.0 yaw:0.0] 
1622962757947 [vl:0.0 vr:0.0 yaw:0.0] 
1622962757998 [vl:0.0 vr:0.0 yaw:0.0] 
1622962758046 [vl:0.0 vr:0.0 yaw:0.0] 
1622962758099 [vl:0.0 vr:0.0 yaw:0.0] 
1622962758146 [vl:0.0 vr:0.0 yaw:0.0] 
1622962758197 [vl:0.0 vr:0.0 yaw:0.0] 
1622962758247 [vl:0.0 vr:0.0 yaw:0.0] 
1622962758298 [vl:0.0 vr:0.0 yaw:0.0] 
1622962758346 [vl:0.0 vr:0.0 yaw:0.0] 
1622962758399 [vl:0.0 vr:0.0 yaw:0.0] 
1622962758446 [vl:0.0 vr:0.0 yaw:0.0] 
1622962758498 [vl:0.0 vr:0.0 yaw:0.0] 
1622962758546 [vl:0.0 vr:0.0 yaw:0.0] 
1622962758598 [vl:0.0 vr:0.0 yaw:0.0] 
1622962758647 [vl:0.0 vr:0.0 yaw:0.0] 
1622962758699 [vl:0.0 vr:0.0 yaw:0.0] 
1622962758746 [vl:0.0 vr:0.0 yaw:0.0] 
1622962758798 [vl:0.0 vr:0.0 yaw:0.0] 
1622962758855 [vl:0.0 vr:0.0 yaw:0.0] 
