1620488363909 [Opening serial port: /dev/ttyTHS1.] 
1620488364215 [The robot is connected to ] [/dev/ttyTHS1] 
1620488364216 [Initial robot's topic...] 
1620488365693 [Data from: [s]] 
1620488365693 [handle_key_command@Exception] [Traceback (most recent call last):
  File "/home/khoixx/dev_ros1_ws/src/execute/src/Robot.py", line 99, in handle_command
    self.release_motor()
  File "/home/khoixx/dev_ros1_ws/src/execute/src/robot_control.py", line 206, in release_motor
    self.__robot_serial.set_stop()
  File "/home/khoixx/dev_ros1_ws/src/execute/src/robot_command.py", line 145, in set_stop
    self.write_command(self.command)
  File "/home/khoixx/dev_ros1_ws/src/execute/src/robot_command.py", line 81, in write_command
    count += 1
UnboundLocalError: local variable 'count' referenced before assignment
] 
1620488367250 [log_latest_command] [[ b y t e a r r a y ( b ' \ x a a \ x f f \ x a 5 \ x 0 2 N \ n \ r ' ) ]] 
1620488367250 [Data from: [s]] 
1620488367251 [handle_key_command@Exception] [Traceback (most recent call last):
  File "/home/khoixx/dev_ros1_ws/src/execute/src/Robot.py", line 99, in handle_command
    self.release_motor()
  File "/home/khoixx/dev_ros1_ws/src/execute/src/robot_control.py", line 206, in release_motor
    self.__robot_serial.set_stop()
  File "/home/khoixx/dev_ros1_ws/src/execute/src/robot_command.py", line 145, in set_stop
    self.write_command(self.command)
  File "/home/khoixx/dev_ros1_ws/src/execute/src/robot_command.py", line 81, in write_command
    count += 1
UnboundLocalError: local variable 'count' referenced before assignment
] 
1620488367514 [log_latest_command] [[ b y t e a r r a y ( b ' \ x a a \ x f f \ x a 5 \ x 0 2 N \ n \ r ' ) ]] 
1620488367514 [Data from: [s]] 
1620488367515 [handle_key_command@Exception] [Traceback (most recent call last):
  File "/home/khoixx/dev_ros1_ws/src/execute/src/Robot.py", line 99, in handle_command
    self.release_motor()
  File "/home/khoixx/dev_ros1_ws/src/execute/src/robot_control.py", line 206, in release_motor
    self.__robot_serial.set_stop()
  File "/home/khoixx/dev_ros1_ws/src/execute/src/robot_command.py", line 145, in set_stop
    self.write_command(self.command)
  File "/home/khoixx/dev_ros1_ws/src/execute/src/robot_command.py", line 81, in write_command
    count += 1
UnboundLocalError: local variable 'count' referenced before assignment
] 
1620488367910 [log_latest_command] [[ b y t e a r r a y ( b ' \ x a a \ x f f \ x a 5 \ x 0 2 N \ n \ r ' ) ]] 
1620488367910 [Data from: [w]] 
1620488367910 [handle_key_command@Exception] [Traceback (most recent call last):
  File "/home/khoixx/dev_ros1_ws/src/execute/src/Robot.py", line 106, in handle_command
    self.set_speed([self._current_speed, self._current_speed])
  File "/home/khoixx/dev_ros1_ws/src/execute/src/robot_control.py", line 300, in set_speed
    self.__robot_serial.set_speed(speed_data)
  File "/home/khoixx/dev_ros1_ws/src/execute/src/robot_command.py", line 140, in set_speed
    self.write_command(command)
  File "/home/khoixx/dev_ros1_ws/src/execute/src/robot_command.py", line 81, in write_command
    count += 1
UnboundLocalError: local variable 'count' referenced before assignment
] 
1620488408107 [log_latest_command] [[ b y t e a r r a y ( b ' \ x a a \ x f f \ x a 2 \ x a 0 \ x 0 f \ x 0 0 \ x a 0 \ x 0 f \ x 0 0 \ x 0 3 \ x a 9 \ n \ r ' ) ]] 
1620488408107 [Data from: [s]] 
1620488408107 [handle_key_command@Exception] [Traceback (most recent call last):
  File "/home/khoixx/dev_ros1_ws/src/execute/src/Robot.py", line 99, in handle_command
    self.release_motor()
  File "/home/khoixx/dev_ros1_ws/src/execute/src/robot_control.py", line 206, in release_motor
    self.__robot_serial.set_stop()
  File "/home/khoixx/dev_ros1_ws/src/execute/src/robot_command.py", line 145, in set_stop
    self.write_command(self.command)
  File "/home/khoixx/dev_ros1_ws/src/execute/src/robot_command.py", line 81, in write_command
    count += 1
UnboundLocalError: local variable 'count' referenced before assignment
] 
1620488408650 [log_latest_command] [[ b y t e a r r a y ( b ' \ x a a \ x f f \ x a 5 \ x 0 2 N \ n \ r ' ) ]] 
1620488408650 [Data from: [r]] 
1620488409153 [Data from: [r]] 
1620488410074 [Data from: [w]] 
1620488410075 [handle_key_command@Exception] [Traceback (most recent call last):
  File "/home/khoixx/dev_ros1_ws/src/execute/src/Robot.py", line 106, in handle_command
    self.set_speed([self._current_speed, self._current_speed])
  File "/home/khoixx/dev_ros1_ws/src/execute/src/robot_control.py", line 300, in set_speed
    self.__robot_serial.set_speed(speed_data)
  File "/home/khoixx/dev_ros1_ws/src/execute/src/robot_command.py", line 140, in set_speed
    self.write_command(command)
  File "/home/khoixx/dev_ros1_ws/src/execute/src/robot_command.py", line 81, in write_command
    count += 1
UnboundLocalError: local variable 'count' referenced before assignment
] 
1620488410971 [log_latest_command] [[ b y t e a r r a y ( b ' \ x a a \ x f f \ x a 2 \ x d 0 \ x 0 7 \ x 0 0 \ x d 0 \ x 0 7 \ x 0 0 \ x 0 3 \ x f 9 \ n \ r ' ) ]] 
1620488410971 [Data from: [s]] 
1620488410971 [handle_key_command@Exception] [Traceback (most recent call last):
  File "/home/khoixx/dev_ros1_ws/src/execute/src/Robot.py", line 99, in handle_command
    self.release_motor()
  File "/home/khoixx/dev_ros1_ws/src/execute/src/robot_control.py", line 206, in release_motor
    self.__robot_serial.set_stop()
  File "/home/khoixx/dev_ros1_ws/src/execute/src/robot_command.py", line 145, in set_stop
    self.write_command(self.command)
  File "/home/khoixx/dev_ros1_ws/src/execute/src/robot_command.py", line 81, in write_command
    count += 1
UnboundLocalError: local variable 'count' referenced before assignment
] 
1620488411364 [log_latest_command] [[ b y t e a r r a y ( b ' \ x a a \ x f f \ x a 5 \ x 0 2 N \ n \ r ' ) ]] 
1620488411364 [Data from: [x]] 
1620488411364 [handle_key_command@Exception] [Traceback (most recent call last):
  File "/home/khoixx/dev_ros1_ws/src/execute/src/Robot.py", line 113, in handle_command
    self.set_speed([-self._current_speed, -self._current_speed])
  File "/home/khoixx/dev_ros1_ws/src/execute/src/robot_control.py", line 300, in set_speed
    self.__robot_serial.set_speed(speed_data)
  File "/home/khoixx/dev_ros1_ws/src/execute/src/robot_command.py", line 140, in set_speed
    self.write_command(command)
  File "/home/khoixx/dev_ros1_ws/src/execute/src/robot_command.py", line 81, in write_command
    count += 1
UnboundLocalError: local variable 'count' referenced before assignment
] 
1620488413648 [log_latest_command] [[ b y t e a r r a y ( b ' \ x a a \ x f f \ x a 2 \ x d 0 \ x 0 7 \ x f f \ x d 0 \ x 0 7 \ x f f \ x 0 5 \ x f 7 \ n \ r ' ) ]] 
1620488413648 [Data from: [s]] 
1620488413648 [handle_key_command@Exception] [Traceback (most recent call last):
  File "/home/khoixx/dev_ros1_ws/src/execute/src/Robot.py", line 99, in handle_command
    self.release_motor()
  File "/home/khoixx/dev_ros1_ws/src/execute/src/robot_control.py", line 206, in release_motor
    self.__robot_serial.set_stop()
  File "/home/khoixx/dev_ros1_ws/src/execute/src/robot_command.py", line 145, in set_stop
    self.write_command(self.command)
  File "/home/khoixx/dev_ros1_ws/src/execute/src/robot_command.py", line 81, in write_command
    count += 1
UnboundLocalError: local variable 'count' referenced before assignment
] 
1620488415454 [log_latest_command] [[ b y t e a r r a y ( b ' \ x a a \ x f f \ x a 5 \ x 0 2 N \ n \ r ' ) ]] 
1620488415454 [Data from: [w]] 
1620488415455 [handle_key_command@Exception] [Traceback (most recent call last):
  File "/home/khoixx/dev_ros1_ws/src/execute/src/Robot.py", line 106, in handle_command
    self.set_speed([self._current_speed, self._current_speed])
  File "/home/khoixx/dev_ros1_ws/src/execute/src/robot_control.py", line 300, in set_speed
    self.__robot_serial.set_speed(speed_data)
  File "/home/khoixx/dev_ros1_ws/src/execute/src/robot_command.py", line 140, in set_speed
    self.write_command(command)
  File "/home/khoixx/dev_ros1_ws/src/execute/src/robot_command.py", line 81, in write_command
    count += 1
UnboundLocalError: local variable 'count' referenced before assignment
] 
1620488416651 [log_latest_command] [[ b y t e a r r a y ( b ' \ x a a \ x f f \ x a 2 \ x d 0 \ x 0 7 \ x 0 0 \ x d 0 \ x 0 7 \ x 0 0 \ x 0 3 \ x f 9 \ n \ r ' ) ]] 
1620488416651 [Data from: [x]] 
1620488416651 [handle_key_command@Exception] [Traceback (most recent call last):
  File "/home/khoixx/dev_ros1_ws/src/execute/src/Robot.py", line 113, in handle_command
    self.set_speed([-self._current_speed, -self._current_speed])
  File "/home/khoixx/dev_ros1_ws/src/execute/src/robot_control.py", line 300, in set_speed
    self.__robot_serial.set_speed(speed_data)
  File "/home/khoixx/dev_ros1_ws/src/execute/src/robot_command.py", line 140, in set_speed
    self.write_command(command)
  File "/home/khoixx/dev_ros1_ws/src/execute/src/robot_command.py", line 81, in write_command
    count += 1
UnboundLocalError: local variable 'count' referenced before assignment
] 
1620488417652 [log_latest_command] [[ b y t e a r r a y ( b ' \ x a a \ x f f \ x a 2 \ x d 0 \ x 0 7 \ x f f \ x d 0 \ x 0 7 \ x f f \ x 0 5 \ x f 7 \ n \ r ' ) ]] 
1620488417652 [Data from: [w]] 
1620488417653 [handle_key_command@Exception] [Traceback (most recent call last):
  File "/home/khoixx/dev_ros1_ws/src/execute/src/Robot.py", line 106, in handle_command
    self.set_speed([self._current_speed, self._current_speed])
  File "/home/khoixx/dev_ros1_ws/src/execute/src/robot_control.py", line 300, in set_speed
    self.__robot_serial.set_speed(speed_data)
  File "/home/khoixx/dev_ros1_ws/src/execute/src/robot_command.py", line 140, in set_speed
    self.write_command(command)
  File "/home/khoixx/dev_ros1_ws/src/execute/src/robot_command.py", line 81, in write_command
    count += 1
UnboundLocalError: local variable 'count' referenced before assignment
] 
1620488418449 [log_latest_command] [[ b y t e a r r a y ( b ' \ x a a \ x f f \ x a 2 \ x d 0 \ x 0 7 \ x 0 0 \ x d 0 \ x 0 7 \ x 0 0 \ x 0 3 \ x f 9 \ n \ r ' ) ]] 
1620488418449 [Data from: [x]] 
1620488418449 [handle_key_command@Exception] [Traceback (most recent call last):
  File "/home/khoixx/dev_ros1_ws/src/execute/src/Robot.py", line 113, in handle_command
    self.set_speed([-self._current_speed, -self._current_speed])
  File "/home/khoixx/dev_ros1_ws/src/execute/src/robot_control.py", line 300, in set_speed
    self.__robot_serial.set_speed(speed_data)
  File "/home/khoixx/dev_ros1_ws/src/execute/src/robot_command.py", line 140, in set_speed
    self.write_command(command)
  File "/home/khoixx/dev_ros1_ws/src/execute/src/robot_command.py", line 81, in write_command
    count += 1
UnboundLocalError: local variable 'count' referenced before assignment
] 
1620488419313 [log_latest_command] [[ b y t e a r r a y ( b ' \ x a a \ x f f \ x a 2 \ x d 0 \ x 0 7 \ x f f \ x d 0 \ x 0 7 \ x f f \ x 0 5 \ x f 7 \ n \ r ' ) ]] 
1620488419313 [Data from: [s]] 
1620488419313 [handle_key_command@Exception] [Traceback (most recent call last):
  File "/home/khoixx/dev_ros1_ws/src/execute/src/Robot.py", line 99, in handle_command
    self.release_motor()
  File "/home/khoixx/dev_ros1_ws/src/execute/src/robot_control.py", line 206, in release_motor
    self.__robot_serial.set_stop()
  File "/home/khoixx/dev_ros1_ws/src/execute/src/robot_command.py", line 145, in set_stop
    self.write_command(self.command)
  File "/home/khoixx/dev_ros1_ws/src/execute/src/robot_command.py", line 81, in write_command
    count += 1
UnboundLocalError: local variable 'count' referenced before assignment
] 
1620488421117 [log_latest_command] [[ b y t e a r r a y ( b ' \ x a a \ x f f \ x a 5 \ x 0 2 N \ n \ r ' ) ]] 
1620488421117 [Data from: [w]] 
1620488421118 [handle_key_command@Exception] [Traceback (most recent call last):
  File "/home/khoixx/dev_ros1_ws/src/execute/src/Robot.py", line 106, in handle_command
    self.set_speed([self._current_speed, self._current_speed])
  File "/home/khoixx/dev_ros1_ws/src/execute/src/robot_control.py", line 300, in set_speed
    self.__robot_serial.set_speed(speed_data)
  File "/home/khoixx/dev_ros1_ws/src/execute/src/robot_command.py", line 140, in set_speed
    self.write_command(command)
  File "/home/khoixx/dev_ros1_ws/src/execute/src/robot_command.py", line 81, in write_command
    count += 1
UnboundLocalError: local variable 'count' referenced before assignment
] 
1620488421393 [log_latest_command] [[ b y t e a r r a y ( b ' \ x a a \ x f f \ x a 2 \ x d 0 \ x 0 7 \ x 0 0 \ x d 0 \ x 0 7 \ x 0 0 \ x 0 3 \ x f 9 \ n \ r ' ) ]] 
1620488421393 [Data from: [s]] 
1620488421394 [handle_key_command@Exception] [Traceback (most recent call last):
  File "/home/khoixx/dev_ros1_ws/src/execute/src/Robot.py", line 99, in handle_command
    self.release_motor()
  File "/home/khoixx/dev_ros1_ws/src/execute/src/robot_control.py", line 206, in release_motor
    self.__robot_serial.set_stop()
  File "/home/khoixx/dev_ros1_ws/src/execute/src/robot_command.py", line 145, in set_stop
    self.write_command(self.command)
  File "/home/khoixx/dev_ros1_ws/src/execute/src/robot_command.py", line 81, in write_command
    count += 1
UnboundLocalError: local variable 'count' referenced before assignment
] 
1620488425409 [log_latest_command] [[ b y t e a r r a y ( b ' \ x a a \ x f f \ x a 5 \ x 0 2 N \ n \ r ' ) ]] 
1620488425409 [Data from: [d]] 
1620488425410 [handle_key_command@Exception] [Traceback (most recent call last):
  File "/home/khoixx/dev_ros1_ws/src/execute/src/Robot.py", line 95, in handle_command
    self.set_speed([self.direction * self._current_speed, self.direction * self._current_speed * 0.2])
  File "/home/khoixx/dev_ros1_ws/src/execute/src/robot_control.py", line 300, in set_speed
    self.__robot_serial.set_speed(speed_data)
  File "/home/khoixx/dev_ros1_ws/src/execute/src/robot_command.py", line 140, in set_speed
    self.write_command(command)
  File "/home/khoixx/dev_ros1_ws/src/execute/src/robot_command.py", line 81, in write_command
    count += 1
UnboundLocalError: local variable 'count' referenced before assignment
] 
1620488427491 [log_latest_command] [[ b y t e a r r a y ( b ' \ x a a \ x f f \ x a 2 \ x d 0 \ x 0 7 \ x 0 0 \ x 9 0 \ x 0 1 \ x 0 0 \ x 0 3 \ x b 3 \ n \ r ' ) ]] 
1620488427491 [Data from: [s]] 
1620488427491 [handle_key_command@Exception] [Traceback (most recent call last):
  File "/home/khoixx/dev_ros1_ws/src/execute/src/Robot.py", line 99, in handle_command
    self.release_motor()
  File "/home/khoixx/dev_ros1_ws/src/execute/src/robot_control.py", line 206, in release_motor
    self.__robot_serial.set_stop()
  File "/home/khoixx/dev_ros1_ws/src/execute/src/robot_command.py", line 145, in set_stop
    self.write_command(self.command)
  File "/home/khoixx/dev_ros1_ws/src/execute/src/robot_command.py", line 81, in write_command
    count += 1
UnboundLocalError: local variable 'count' referenced before assignment
] 
1620488428635 [log_latest_command] [[ b y t e a r r a y ( b ' \ x a a \ x f f \ x a 5 \ x 0 2 N \ n \ r ' ) ]] 
1620488428635 [Data from: [a]] 
1620488428636 [handle_key_command@Exception] [Traceback (most recent call last):
  File "/home/khoixx/dev_ros1_ws/src/execute/src/Robot.py", line 89, in handle_command
    self.set_speed([self.direction * self._current_speed * 0.2, self.direction * self._current_speed])
  File "/home/khoixx/dev_ros1_ws/src/execute/src/robot_control.py", line 300, in set_speed
    self.__robot_serial.set_speed(speed_data)
  File "/home/khoixx/dev_ros1_ws/src/execute/src/robot_command.py", line 140, in set_speed
    self.write_command(command)
  File "/home/khoixx/dev_ros1_ws/src/execute/src/robot_command.py", line 81, in write_command
    count += 1
UnboundLocalError: local variable 'count' referenced before assignment
] 
1620488429413 [log_latest_command] [[ b y t e a r r a y ( b ' \ x a a \ x f f \ x a 2 \ x 9 0 \ x 0 1 \ x 0 0 \ x d 0 \ x 0 7 \ x 0 0 \ x 0 3 \ x b 3 \ n \ r ' ) ]] 
1620488429413 [Data from: [s]] 
1620488429414 [handle_key_command@Exception] [Traceback (most recent call last):
  File "/home/khoixx/dev_ros1_ws/src/execute/src/Robot.py", line 99, in handle_command
    self.release_motor()
  File "/home/khoixx/dev_ros1_ws/src/execute/src/robot_control.py", line 206, in release_motor
    self.__robot_serial.set_stop()
  File "/home/khoixx/dev_ros1_ws/src/execute/src/robot_command.py", line 145, in set_stop
    self.write_command(self.command)
  File "/home/khoixx/dev_ros1_ws/src/execute/src/robot_command.py", line 81, in write_command
    count += 1
UnboundLocalError: local variable 'count' referenced before assignment
] 
1620488429714 [log_latest_command] [[ b y t e a r r a y ( b ' \ x a a \ x f f \ x a 5 \ x 0 2 N \ n \ r ' ) ]] 
1620488429714 [Data from: [x]] 
1620488429714 [handle_key_command@Exception] [Traceback (most recent call last):
  File "/home/khoixx/dev_ros1_ws/src/execute/src/Robot.py", line 113, in handle_command
    self.set_speed([-self._current_speed, -self._current_speed])
  File "/home/khoixx/dev_ros1_ws/src/execute/src/robot_control.py", line 300, in set_speed
    self.__robot_serial.set_speed(speed_data)
  File "/home/khoixx/dev_ros1_ws/src/execute/src/robot_command.py", line 140, in set_speed
    self.write_command(command)
  File "/home/khoixx/dev_ros1_ws/src/execute/src/robot_command.py", line 81, in write_command
    count += 1
UnboundLocalError: local variable 'count' referenced before assignment
] 
1620488430320 [log_latest_command] [[ b y t e a r r a y ( b ' \ x a a \ x f f \ x a 2 \ x d 0 \ x 0 7 \ x f f \ x d 0 \ x 0 7 \ x f f \ x 0 5 \ x f 7 \ n \ r ' ) ]] 
1620488430320 [Data from: [x]] 
1620488430320 [handle_key_command@Exception] [Traceback (most recent call last):
  File "/home/khoixx/dev_ros1_ws/src/execute/src/Robot.py", line 113, in handle_command
    self.set_speed([-self._current_speed, -self._current_speed])
  File "/home/khoixx/dev_ros1_ws/src/execute/src/robot_control.py", line 300, in set_speed
    self.__robot_serial.set_speed(speed_data)
  File "/home/khoixx/dev_ros1_ws/src/execute/src/robot_command.py", line 140, in set_speed
    self.write_command(command)
  File "/home/khoixx/dev_ros1_ws/src/execute/src/robot_command.py", line 81, in write_command
    count += 1
UnboundLocalError: local variable 'count' referenced before assignment
] 
1620488431002 [log_latest_command] [[ b y t e a r r a y ( b ' \ x a a \ x f f \ x a 2 \ x d 0 \ x 0 7 \ x f f \ x d 0 \ x 0 7 \ x f f \ x 0 5 \ x f 7 \ n \ r ' ) ]] 
1620488431002 [Data from: [s]] 
1620488431002 [handle_key_command@Exception] [Traceback (most recent call last):
  File "/home/khoixx/dev_ros1_ws/src/execute/src/Robot.py", line 99, in handle_command
    self.release_motor()
  File "/home/khoixx/dev_ros1_ws/src/execute/src/robot_control.py", line 206, in release_motor
    self.__robot_serial.set_stop()
  File "/home/khoixx/dev_ros1_ws/src/execute/src/robot_command.py", line 145, in set_stop
    self.write_command(self.command)
  File "/home/khoixx/dev_ros1_ws/src/execute/src/robot_command.py", line 81, in write_command
    count += 1
UnboundLocalError: local variable 'count' referenced before assignment
] 
1620488431674 [log_latest_command] [[ b y t e a r r a y ( b ' \ x a a \ x f f \ x a 5 \ x 0 2 N \ n \ r ' ) ]] 
1620488431674 [Data from: [s]] 
1620488431675 [handle_key_command@Exception] [Traceback (most recent call last):
  File "/home/khoixx/dev_ros1_ws/src/execute/src/Robot.py", line 99, in handle_command
    self.release_motor()
  File "/home/khoixx/dev_ros1_ws/src/execute/src/robot_control.py", line 206, in release_motor
    self.__robot_serial.set_stop()
  File "/home/khoixx/dev_ros1_ws/src/execute/src/robot_command.py", line 145, in set_stop
    self.write_command(self.command)
  File "/home/khoixx/dev_ros1_ws/src/execute/src/robot_command.py", line 81, in write_command
    count += 1
UnboundLocalError: local variable 'count' referenced before assignment
] 
1620488432802 [log_latest_command] [[ b y t e a r r a y ( b ' \ x a a \ x f f \ x a 5 \ x 0 2 N \ n \ r ' ) ]] 
1620488432802 [Data from: [w]] 
1620488432802 [handle_key_command@Exception] [Traceback (most recent call last):
  File "/home/khoixx/dev_ros1_ws/src/execute/src/Robot.py", line 106, in handle_command
    self.set_speed([self._current_speed, self._current_speed])
  File "/home/khoixx/dev_ros1_ws/src/execute/src/robot_control.py", line 300, in set_speed
    self.__robot_serial.set_speed(speed_data)
  File "/home/khoixx/dev_ros1_ws/src/execute/src/robot_command.py", line 140, in set_speed
    self.write_command(command)
  File "/home/khoixx/dev_ros1_ws/src/execute/src/robot_command.py", line 81, in write_command
    count += 1
UnboundLocalError: local variable 'count' referenced before assignment
] 
1620488433101 [log_latest_command] [[ b y t e a r r a y ( b ' \ x a a \ x f f \ x a 2 \ x d 0 \ x 0 7 \ x 0 0 \ x d 0 \ x 0 7 \ x 0 0 \ x 0 3 \ x f 9 \ n \ r ' ) ]] 
1620488433101 [Data from: [s]] 
1620488433102 [handle_key_command@Exception] [Traceback (most recent call last):
  File "/home/khoixx/dev_ros1_ws/src/execute/src/Robot.py", line 99, in handle_command
    self.release_motor()
  File "/home/khoixx/dev_ros1_ws/src/execute/src/robot_control.py", line 206, in release_motor
    self.__robot_serial.set_stop()
  File "/home/khoixx/dev_ros1_ws/src/execute/src/robot_command.py", line 145, in set_stop
    self.write_command(self.command)
  File "/home/khoixx/dev_ros1_ws/src/execute/src/robot_command.py", line 81, in write_command
    count += 1
UnboundLocalError: local variable 'count' referenced before assignment
] 
1620488434322 [log_latest_command] [[ b y t e a r r a y ( b ' \ x a a \ x f f \ x a 5 \ x 0 2 N \ n \ r ' ) ]] 
1620488434322 [Data from: [x]] 
1620488434323 [handle_key_command@Exception] [Traceback (most recent call last):
  File "/home/khoixx/dev_ros1_ws/src/execute/src/Robot.py", line 113, in handle_command
    self.set_speed([-self._current_speed, -self._current_speed])
  File "/home/khoixx/dev_ros1_ws/src/execute/src/robot_control.py", line 300, in set_speed
    self.__robot_serial.set_speed(speed_data)
  File "/home/khoixx/dev_ros1_ws/src/execute/src/robot_command.py", line 140, in set_speed
    self.write_command(command)
  File "/home/khoixx/dev_ros1_ws/src/execute/src/robot_command.py", line 81, in write_command
    count += 1
UnboundLocalError: local variable 'count' referenced before assignment
] 
1620488435495 [log_latest_command] [[ b y t e a r r a y ( b ' \ x a a \ x f f \ x a 2 \ x d 0 \ x 0 7 \ x f f \ x d 0 \ x 0 7 \ x f f \ x 0 5 \ x f 7 \ n \ r ' ) ]] 
1620488435495 [Data from: [s]] 
1620488435495 [handle_key_command@Exception] [Traceback (most recent call last):
  File "/home/khoixx/dev_ros1_ws/src/execute/src/Robot.py", line 99, in handle_command
    self.release_motor()
  File "/home/khoixx/dev_ros1_ws/src/execute/src/robot_control.py", line 206, in release_motor
    self.__robot_serial.set_stop()
  File "/home/khoixx/dev_ros1_ws/src/execute/src/robot_command.py", line 145, in set_stop
    self.write_command(self.command)
  File "/home/khoixx/dev_ros1_ws/src/execute/src/robot_command.py", line 81, in write_command
    count += 1
UnboundLocalError: local variable 'count' referenced before assignment
] 
1620488454098 [log_latest_command] [[ b y t e a r r a y ( b ' \ x a a \ x f f \ x a 5 \ x 0 2 N \ n \ r ' ) ]] 
1620488454098 [Data from: [w]] 
1620488454098 [handle_key_command@Exception] [Traceback (most recent call last):
  File "/home/khoixx/dev_ros1_ws/src/execute/src/Robot.py", line 106, in handle_command
    self.set_speed([self._current_speed, self._current_speed])
  File "/home/khoixx/dev_ros1_ws/src/execute/src/robot_control.py", line 300, in set_speed
    self.__robot_serial.set_speed(speed_data)
  File "/home/khoixx/dev_ros1_ws/src/execute/src/robot_command.py", line 140, in set_speed
    self.write_command(command)
  File "/home/khoixx/dev_ros1_ws/src/execute/src/robot_command.py", line 81, in write_command
    count += 1
UnboundLocalError: local variable 'count' referenced before assignment
] 
1620488454985 [log_latest_command] [[ b y t e a r r a y ( b ' \ x a a \ x f f \ x a 2 \ x d 0 \ x 0 7 \ x 0 0 \ x d 0 \ x 0 7 \ x 0 0 \ x 0 3 \ x f 9 \ n \ r ' ) ]] 
1620488454985 [Data from: [s]] 
1620488454985 [handle_key_command@Exception] [Traceback (most recent call last):
  File "/home/khoixx/dev_ros1_ws/src/execute/src/Robot.py", line 99, in handle_command
    self.release_motor()
  File "/home/khoixx/dev_ros1_ws/src/execute/src/robot_control.py", line 206, in release_motor
    self.__robot_serial.set_stop()
  File "/home/khoixx/dev_ros1_ws/src/execute/src/robot_command.py", line 145, in set_stop
    self.write_command(self.command)
  File "/home/khoixx/dev_ros1_ws/src/execute/src/robot_command.py", line 81, in write_command
    count += 1
UnboundLocalError: local variable 'count' referenced before assignment
] 
1620488458629 [log_latest_command] [[ b y t e a r r a y ( b ' \ x a a \ x f f \ x a 5 \ x 0 2 N \ n \ r ' ) ]] 
1620488458629 [Data from: [s]] 
1620488458630 [handle_key_command@Exception] [Traceback (most recent call last):
  File "/home/khoixx/dev_ros1_ws/src/execute/src/Robot.py", line 99, in handle_command
    self.release_motor()
  File "/home/khoixx/dev_ros1_ws/src/execute/src/robot_control.py", line 206, in release_motor
    self.__robot_serial.set_stop()
  File "/home/khoixx/dev_ros1_ws/src/execute/src/robot_command.py", line 145, in set_stop
    self.write_command(self.command)
  File "/home/khoixx/dev_ros1_ws/src/execute/src/robot_command.py", line 81, in write_command
    count += 1
UnboundLocalError: local variable 'count' referenced before assignment
] 
1620488459168 [log_latest_command] [[ b y t e a r r a y ( b ' \ x a a \ x f f \ x a 5 \ x 0 2 N \ n \ r ' ) ]] 
1620488459168 [Data from: [d]] 
1620488459169 [handle_key_command@Exception] [Traceback (most recent call last):
  File "/home/khoixx/dev_ros1_ws/src/execute/src/Robot.py", line 95, in handle_command
    self.set_speed([self.direction * self._current_speed, self.direction * self._current_speed * 0.2])
  File "/home/khoixx/dev_ros1_ws/src/execute/src/robot_control.py", line 300, in set_speed
    self.__robot_serial.set_speed(speed_data)
  File "/home/khoixx/dev_ros1_ws/src/execute/src/robot_command.py", line 140, in set_speed
    self.write_command(command)
  File "/home/khoixx/dev_ros1_ws/src/execute/src/robot_command.py", line 81, in write_command
    count += 1
UnboundLocalError: local variable 'count' referenced before assignment
] 
1620488459594 [log_latest_command] [[ b y t e a r r a y ( b ' \ x a a \ x f f \ x a 2 \ x d 0 \ x 0 7 \ x 0 0 \ x 9 0 \ x 0 1 \ x 0 0 \ x 0 3 \ x b 3 \ n \ r ' ) ]] 
1620488459594 [Data from: [d]] 
1620488459594 [handle_key_command@Exception] [Traceback (most recent call last):
  File "/home/khoixx/dev_ros1_ws/src/execute/src/Robot.py", line 95, in handle_command
    self.set_speed([self.direction * self._current_speed, self.direction * self._current_speed * 0.2])
  File "/home/khoixx/dev_ros1_ws/src/execute/src/robot_control.py", line 300, in set_speed
    self.__robot_serial.set_speed(speed_data)
  File "/home/khoixx/dev_ros1_ws/src/execute/src/robot_command.py", line 140, in set_speed
    self.write_command(command)
  File "/home/khoixx/dev_ros1_ws/src/execute/src/robot_command.py", line 81, in write_command
    count += 1
UnboundLocalError: local variable 'count' referenced before assignment
] 
1620488462193 [log_latest_command] [[ b y t e a r r a y ( b ' \ x a a \ x f f \ x a 2 \ x d 0 \ x 0 7 \ x 0 0 \ x 9 0 \ x 0 1 \ x 0 0 \ x 0 3 \ x b 3 \ n \ r ' ) ]] 
1620488462193 [Data from: [a]] 
1620488462194 [handle_key_command@Exception] [Traceback (most recent call last):
  File "/home/khoixx/dev_ros1_ws/src/execute/src/Robot.py", line 89, in handle_command
    self.set_speed([self.direction * self._current_speed * 0.2, self.direction * self._current_speed])
  File "/home/khoixx/dev_ros1_ws/src/execute/src/robot_control.py", line 300, in set_speed
    self.__robot_serial.set_speed(speed_data)
  File "/home/khoixx/dev_ros1_ws/src/execute/src/robot_command.py", line 140, in set_speed
    self.write_command(command)
  File "/home/khoixx/dev_ros1_ws/src/execute/src/robot_command.py", line 81, in write_command
    count += 1
UnboundLocalError: local variable 'count' referenced before assignment
] 
1620488497449 [log_latest_command] [[ b y t e a r r a y ( b ' \ x a a \ x f f \ x a 2 \ x 9 0 \ x 0 1 \ x 0 0 \ x d 0 \ x 0 7 \ x 0 0 \ x 0 3 \ x b 3 \ n \ r ' ) ]] 
1620488497449 [Data from: [w]] 
1620488497450 [handle_key_command@Exception] [Traceback (most recent call last):
  File "/home/khoixx/dev_ros1_ws/src/execute/src/Robot.py", line 106, in handle_command
    self.set_speed([self._current_speed, self._current_speed])
  File "/home/khoixx/dev_ros1_ws/src/execute/src/robot_control.py", line 300, in set_speed
    self.__robot_serial.set_speed(speed_data)
  File "/home/khoixx/dev_ros1_ws/src/execute/src/robot_command.py", line 140, in set_speed
    self.write_command(command)
  File "/home/khoixx/dev_ros1_ws/src/execute/src/robot_command.py", line 81, in write_command
    count += 1
UnboundLocalError: local variable 'count' referenced before assignment
] 
1620488497799 [log_latest_command] [[ b y t e a r r a y ( b ' \ x a a \ x f f \ x a 2 \ x d 0 \ x 0 7 \ x 0 0 \ x d 0 \ x 0 7 \ x 0 0 \ x 0 3 \ x f 9 \ n \ r ' ) ]] 
1620488497799 [Data from: [w]] 
1620488497799 [handle_key_command@Exception] [Traceback (most recent call last):
  File "/home/khoixx/dev_ros1_ws/src/execute/src/Robot.py", line 106, in handle_command
    self.set_speed([self._current_speed, self._current_speed])
  File "/home/khoixx/dev_ros1_ws/src/execute/src/robot_control.py", line 300, in set_speed
    self.__robot_serial.set_speed(speed_data)
  File "/home/khoixx/dev_ros1_ws/src/execute/src/robot_command.py", line 140, in set_speed
    self.write_command(command)
  File "/home/khoixx/dev_ros1_ws/src/execute/src/robot_command.py", line 81, in write_command
    count += 1
UnboundLocalError: local variable 'count' referenced before assignment
] 
1620488497993 [log_latest_command] [[ b y t e a r r a y ( b ' \ x a a \ x f f \ x a 2 \ x d 0 \ x 0 7 \ x 0 0 \ x d 0 \ x 0 7 \ x 0 0 \ x 0 3 \ x f 9 \ n \ r ' ) ]] 
1620488497993 [Data from: [w]] 
1620488497993 [handle_key_command@Exception] [Traceback (most recent call last):
  File "/home/khoixx/dev_ros1_ws/src/execute/src/Robot.py", line 106, in handle_command
    self.set_speed([self._current_speed, self._current_speed])
  File "/home/khoixx/dev_ros1_ws/src/execute/src/robot_control.py", line 300, in set_speed
    self.__robot_serial.set_speed(speed_data)
  File "/home/khoixx/dev_ros1_ws/src/execute/src/robot_command.py", line 140, in set_speed
    self.write_command(command)
  File "/home/khoixx/dev_ros1_ws/src/execute/src/robot_command.py", line 81, in write_command
    count += 1
UnboundLocalError: local variable 'count' referenced before assignment
] 
1620488498168 [log_latest_command] [[ b y t e a r r a y ( b ' \ x a a \ x f f \ x a 2 \ x d 0 \ x 0 7 \ x 0 0 \ x d 0 \ x 0 7 \ x 0 0 \ x 0 3 \ x f 9 \ n \ r ' ) ]] 
1620488498168 [Data from: [w]] 
1620488498168 [handle_key_command@Exception] [Traceback (most recent call last):
  File "/home/khoixx/dev_ros1_ws/src/execute/src/Robot.py", line 106, in handle_command
    self.set_speed([self._current_speed, self._current_speed])
  File "/home/khoixx/dev_ros1_ws/src/execute/src/robot_control.py", line 300, in set_speed
    self.__robot_serial.set_speed(speed_data)
  File "/home/khoixx/dev_ros1_ws/src/execute/src/robot_command.py", line 140, in set_speed
    self.write_command(command)
  File "/home/khoixx/dev_ros1_ws/src/execute/src/robot_command.py", line 81, in write_command
    count += 1
UnboundLocalError: local variable 'count' referenced before assignment
] 
