1621070630799 [Opening serial port: /dev/ttyTHS1.] 
1621070631105 [The robot is connected to ] [/dev/ttyTHS1] 
1621070631105 [Initial robot's topic...] 
1621070631112 [Start initializing navigation] 
1621070631112 [Start initializing navigation topic] 
1621070631167 [Initialization navigation topic finished] 
1621070631172 [Initialization navigation finished] 
1621070631176 [Update odom] 
1621070631309 [vx:0.0 vy:0.0 vth:0.0 yaw:0.0] 
1621070631309 [delta_X:0 delta_y:0 status:True] 
1621070631310 [Update odom] 
1621070631423 [vx:0.0 vy:0.0 vth:0.0 yaw:0.0] 
1621070631423 [delta_X:0 delta_y:0 status:True] 
1621070631424 [Update odom] 
1621070631548 [vx:0.0 vy:0.0 vth:0.0 yaw:0.0] 
1621070631549 [delta_X:0 delta_y:0 status:True] 
1621070631549 [Update odom] 
1621070631690 [vx:0.0 vy:0.0 vth:0.0 yaw:0.0] 
1621070631706 [delta_X:0 delta_y:0 status:True] 
1621070631708 [Update odom] 
1621070631828 [vx:0.0 vy:0.0 vth:0.0 yaw:0.0] 
1621070631828 [delta_X:0 delta_y:0 status:True] 
1621070631830 [Update odom] 
1621070631941 [vx:0.0 vy:0.0 vth:0.0 yaw:0.0] 
1621070631941 [delta_X:0 delta_y:0 status:True] 
1621070631943 [Update odom] 
1621070632056 [vx:0.0 vy:0.0 vth:0.0 yaw:0.0] 
1621070632056 [delta_X:0 delta_y:0 status:True] 
1621070632059 [Update odom] 
1621070632174 [vx:0.0 vy:0.0 vth:0.0 yaw:0.0] 
1621070632174 [delta_X:0 delta_y:0 status:True] 
1621070632175 [Update odom] 
1621070632287 [vx:0.0 vy:0.0 vth:0.0 yaw:0.0] 
1621070632287 [delta_X:0 delta_y:0 status:True] 
1621070632287 [Update odom] 
1621070632396 [vx:0.0 vy:0.0 vth:0.0 yaw:0.0] 
1621070632396 [delta_X:0 delta_y:0 status:True] 
1621070632397 [Update odom] 
1621070632507 [vx:0.0 vy:0.0 vth:0.0 yaw:0.0] 
1621070632507 [delta_X:0 delta_y:0 status:True] 
1621070632508 [Update odom] 
1621070632617 [vx:0.0 vy:0.0 vth:0.0 yaw:0.0] 
1621070632617 [delta_X:0 delta_y:0 status:True] 
1621070632618 [Update odom] 
1621070632727 [vx:0.0 vy:0.0 vth:0.0 yaw:0.0] 
1621070632727 [delta_X:0 delta_y:0 status:True] 
1621070632728 [Update odom] 
1621070632837 [vx:0.0 vy:0.0 vth:0.0 yaw:0.0] 
1621070632837 [delta_X:0 delta_y:0 status:True] 
1621070632838 [Update odom] 
1621070632947 [vx:0.0 vy:0.0 vth:0.0 yaw:0.0] 
1621070632947 [delta_X:0 delta_y:0 status:True] 
1621070632949 [Update odom] 
1621070633054 [vx:0.0 vy:0.0 vth:0.0 yaw:0.0] 
1621070633054 [delta_X:0 delta_y:0 status:True] 
1621070633055 [Update odom] 
1621070633063 [log_latest_command] [[ b y t e a r r a y ( b ' \ x a a \ x f f \ x a 0 \ x 0 2 I \ x 0 f \ x 0 e ' ) ]] 
1621070633160 [vx:0.0 vy:0.0 vth:0.0 yaw:0.0] 
1621070633160 [delta_X:0.0 delta_y:0.0 status:False] 
1621070633161 [Update odom] 
1621070633162 [Update odom] 
1621070633267 [vx:0.0 vy:0.0 vth:0.0 yaw:0.0] 
1621070633267 [delta_X:0.0 delta_y:0.0 status:False] 
1621070633270 [vx:0.0 vy:0.0 vth:0.0 yaw:0.0] 
1621070633270 [delta_X:0.0 delta_y:0.0 status:False] 
1621070633271 [Update odom] 
1621070633376 [vx:0.0 vy:0.0 vth:0.0 yaw:0.0] 
1621070633376 [delta_X:0.0 delta_y:0.0 status:False] 
1621070633377 [Update odom] 
1621070633486 [vx:0.0 vy:0.0 vth:0.0 yaw:0.0] 
1621070633486 [delta_X:0.0 delta_y:0.0 status:False] 
1621070633487 [Update odom] 
1621070633593 [vx:0.0 vy:0.0 vth:0.0 yaw:0.0] 
1621070633593 [delta_X:0.0 delta_y:0.0 status:False] 
1621070633594 [Update odom] 
1621070633708 [vx:0.0 vy:0.0 vth:0.0 yaw:0.0] 
1621070633708 [delta_X:0.0 delta_y:0.0 status:False] 
1621070633710 [Update odom] 
1621070633831 [vx:0.0 vy:0.0 vth:0.0 yaw:0.0] 
1621070633831 [delta_X:0.0 delta_y:0.0 status:False] 
1621070633833 [Update odom] 
1621070633957 [vx:0.0 vy:0.0 vth:0.0 yaw:0.0] 
1621070633957 [delta_X:0.0 delta_y:0.0 status:False] 
1621070633959 [Update odom] 
1621070634079 [vx:0.0 vy:0.0 vth:0.0 yaw:0.0] 
1621070634079 [delta_X:0.0 delta_y:0.0 status:False] 
1621070634079 [Update odom] 
1621070634190 [vx:0.0 vy:0.0 vth:0.0 yaw:0.0] 
1621070634190 [delta_X:0.0 delta_y:0.0 status:False] 
1621070634191 [Update odom] 
1621070634300 [vx:0.0 vy:0.0 vth:0.0 yaw:0.0] 
1621070634300 [delta_X:0.0 delta_y:0.0 status:False] 
1621070634301 [Update odom] 
1621070634410 [vx:0.0 vy:0.0 vth:0.0 yaw:0.0] 
1621070634410 [delta_X:0.0 delta_y:0.0 status:False] 
1621070634411 [Update odom] 
1621070634456 [log_latest_command] [[ b y t e a r r a y ( b ' \ x a a \ x f f \ x a 0 \ x 0 2 I \ x 0 f \ x 0 e ' ) ]] 
1621070634520 [vx:0.0 vy:0.0 vth:0.0 yaw:0.0] 
1621070634520 [delta_X:0.0 delta_y:0.0 status:False] 
1621070634520 [Update odom] 
1621070634630 [vx:0.0 vy:0.0 vth:0.0 yaw:0.0] 
1621070634630 [delta_X:0.0 delta_y:0.0 status:False] 
1621070634631 [Update odom] 
1621070634772 [vx:0.0 vy:0.0 vth:0.0 yaw:0.0] 
1621070634772 [delta_X:0.0 delta_y:0.0 status:False] 
1621070634773 [Update odom] 
1621070634886 [vx:0.0 vy:0.0 vth:0.0 yaw:0.0] 
1621070634886 [delta_X:0.0 delta_y:0.0 status:False] 
1621070634887 [Update odom] 
1621070634997 [vx:0.0 vy:0.0 vth:0.0 yaw:0.0] 
1621070634997 [delta_X:0.0 delta_y:0.0 status:False] 
1621070634999 [Update odom] 
1621070635108 [vx:0.0 vy:0.0 vth:0.0 yaw:0.0] 
1621070635108 [delta_X:0.0 delta_y:0.0 status:False] 
1621070635109 [Update odom] 
1621070635162 [Update odom] 
1621070635215 [vx:0.0 vy:0.0 vth:0.0 yaw:0.0] 
1621070635215 [delta_X:0.0 delta_y:0.0 status:False] 
1621070635215 [Update odom] 
1621070635283 [vx:0.0 vy:0.0 vth:0.0 yaw:0.0] 
1621070635283 [delta_X:0.0 delta_y:0.0 status:False] 
1621070635332 [vx:0.0 vy:0.0 vth:0.0 yaw:0.0] 
1621070635332 [delta_X:0.0 delta_y:0.0 status:False] 
1621070635333 [Update odom] 
1621070635443 [vx:0.0 vy:0.0 vth:0.0 yaw:0.0] 
1621070635443 [delta_X:0.0 delta_y:0.0 status:False] 
1621070635444 [Update odom] 
1621070635556 [vx:0.0 vy:0.0 vth:0.0 yaw:0.0] 
1621070635556 [delta_X:0.0 delta_y:0.0 status:False] 
1621070635561 [Update odom] 
1621070635677 [vx:0.0 vy:0.0 vth:0.0 yaw:0.0] 
1621070635677 [delta_X:0.0 delta_y:0.0 status:False] 
1621070635679 [Update odom] 
1621070635799 [vx:0.0 vy:0.0 vth:0.0 yaw:0.0] 
1621070635799 [delta_X:0.0 delta_y:0.0 status:False] 
1621070635800 [Update odom] 
1621070635914 [vx:0.0 vy:0.0 vth:0.0 yaw:0.0] 
1621070635914 [delta_X:0.0 delta_y:0.0 status:False] 
1621070635917 [Update odom] 
1621070636030 [vx:0.0 vy:0.0 vth:0.0 yaw:0.0] 
1621070636031 [delta_X:0.0 delta_y:0.0 status:False] 
1621070636033 [Update odom] 
1621070636163 [vx:0.0 vy:0.0 vth:0.0 yaw:0.0] 
1621070636163 [delta_X:0.0 delta_y:0.0 status:False] 
1621070636164 [Update odom] 
1621070636182 [log_latest_command] [[ b y t e a r r a y ( b ' \ x a a \ x f f \ x a 0 \ x 0 2 I \ x 0 f \ x 0 e ' ) ]] 
1621070636277 [vx:0.0 vy:0.0 vth:0.0 yaw:0.0] 
1621070636277 [delta_X:0.0 delta_y:0.0 status:False] 
1621070636279 [Update odom] 
1621070636403 [vx:0.0 vy:0.0 vth:0.0 yaw:0.0] 
1621070636403 [delta_X:0.0 delta_y:0.0 status:False] 
1621070636405 [Update odom] 
1621070636522 [vx:0.0 vy:0.0 vth:0.0 yaw:0.0] 
1621070636522 [delta_X:0.0 delta_y:0.0 status:False] 
1621070636523 [Update odom] 
1621070636632 [vx:0.0 vy:0.0 vth:0.0 yaw:0.0] 
1621070636633 [delta_X:0.0 delta_y:0.0 status:False] 
1621070636634 [Update odom] 
1621070636740 [vx:0.0 vy:0.0 vth:0.0 yaw:0.0] 
1621070636740 [delta_X:0.0 delta_y:0.0 status:False] 
1621070636741 [Update odom] 
1621070636782 [log_latest_command] [[ b y t e a r r a y ( b ' \ x a a \ x f f \ x a 0 \ x 0 2 I \ x 0 f \ x 0 e ' ) ]] 
1621070636846 [vx:0.0 vy:0.0 vth:0.0 yaw:0.0] 
1621070636846 [delta_X:0.0 delta_y:0.0 status:False] 
1621070636847 [Update odom] 
1621070636958 [vx:0.0 vy:0.0 vth:0.0 yaw:0.0] 
1621070636958 [delta_X:0.0 delta_y:0.0 status:False] 
1621070636959 [Update odom] 
1621070637069 [vx:0.0 vy:0.0 vth:0.0 yaw:0.0] 
1621070637069 [delta_X:0.0 delta_y:0.0 status:False] 
1621070637070 [Update odom] 
1621070637162 [Update odom] 
1621070637179 [vx:0.0 vy:0.0 vth:0.0 yaw:0.0] 
1621070637179 [delta_X:0.0 delta_y:0.0 status:False] 
1621070637180 [Update odom] 
1621070637268 [vx:0.0 vy:0.0 vth:0.0 yaw:0.0] 
1621070637268 [delta_X:0.0 delta_y:0.0 status:False] 
1621070637286 [vx:0.0 vy:0.0 vth:0.0 yaw:0.0] 
1621070637286 [delta_X:0.0 delta_y:0.0 status:False] 
1621070637287 [Update odom] 
1621070637393 [vx:0.0 vy:0.0 vth:0.0 yaw:0.0] 
1621070637393 [delta_X:0.0 delta_y:0.0 status:False] 
1621070637394 [Update odom] 
1621070637504 [vx:0.0 vy:0.0 vth:0.0 yaw:0.0] 
1621070637504 [delta_X:0.0 delta_y:0.0 status:False] 
1621070637505 [Update odom] 
1621070637627 [vx:0.0 vy:0.0 vth:0.0 yaw:0.0] 
1621070637627 [delta_X:0.0 delta_y:0.0 status:False] 
1621070637630 [Update odom] 
1621070637744 [vx:0.0 vy:0.0 vth:0.0 yaw:0.0] 
1621070637744 [delta_X:0.0 delta_y:0.0 status:False] 
1621070637745 [Update odom] 
1621070637861 [vx:0.0 vy:0.0 vth:0.0 yaw:0.0] 
1621070637861 [delta_X:0.0 delta_y:0.0 status:False] 
1621070637863 [Update odom] 
1621070637974 [vx:0.0 vy:0.0 vth:0.0 yaw:0.0] 
1621070637974 [delta_X:0.0 delta_y:0.0 status:False] 
1621070637976 [Update odom] 
1621070638090 [vx:0.0 vy:0.0 vth:0.0 yaw:0.0] 
1621070638090 [delta_X:0.0 delta_y:0.0 status:False] 
1621070638092 [Update odom] 
1621070638205 [vx:0.0 vy:0.0 vth:0.0 yaw:0.0] 
1621070638205 [delta_X:0.0 delta_y:0.0 status:False] 
1621070638206 [Update odom] 
1621070638316 [vx:0.0 vy:0.0 vth:0.0 yaw:0.0] 
1621070638316 [delta_X:0.0 delta_y:0.0 status:False] 
1621070638317 [Update odom] 
1621070638428 [vx:0.0 vy:0.0 vth:0.0 yaw:0.0] 
1621070638428 [delta_X:0.0 delta_y:0.0 status:False] 
1621070638429 [Update odom] 
1621070638538 [vx:0.0 vy:0.0 vth:0.0 yaw:0.0] 
1621070638539 [delta_X:0.0 delta_y:0.0 status:False] 
1621070638540 [Update odom] 
1621070638650 [vx:0.0 vy:0.0 vth:0.0 yaw:0.0] 
1621070638650 [delta_X:0.0 delta_y:0.0 status:False] 
1621070638650 [Update odom] 
1621070638760 [vx:0.0 vy:0.0 vth:0.0 yaw:0.0] 
1621070638760 [delta_X:0.0 delta_y:0.0 status:False] 
1621070638760 [Update odom] 
1621070638881 [vx:0.0 vy:0.0 vth:0.0 yaw:0.0] 
1621070638881 [delta_X:0.0 delta_y:0.0 status:False] 
1621070638883 [Update odom] 
1621070638996 [vx:0.0 vy:0.0 vth:0.0 yaw:0.0] 
1621070638996 [delta_X:0.0 delta_y:0.0 status:False] 
1621070639003 [Update odom] 
1621070639125 [vx:0.0 vy:0.0 vth:0.0 yaw:0.0] 
1621070639125 [delta_X:0.0 delta_y:0.0 status:False] 
1621070639126 [Update odom] 
1621070639162 [Update odom] 
1621070639234 [vx:0.0 vy:0.0 vth:0.0 yaw:0.0] 
1621070639234 [delta_X:0.0 delta_y:0.0 status:False] 
1621070639236 [Update odom] 
1621070639274 [vx:0.0 vy:0.0 vth:0.0 yaw:0.0] 
1621070639274 [delta_X:0.0 delta_y:0.0 status:False] 
1621070639345 [vx:0.0 vy:0.0 vth:0.0 yaw:0.0] 
1621070639345 [delta_X:0.0 delta_y:0.0 status:False] 
1621070639346 [Update odom] 
1621070639457 [vx:0.0 vy:0.0 vth:0.0 yaw:0.0] 
1621070639457 [delta_X:0.0 delta_y:0.0 status:False] 
1621070639458 [Update odom] 
1621070639568 [vx:0.0 vy:0.0 vth:0.0 yaw:0.0] 
1621070639568 [delta_X:0.0 delta_y:0.0 status:False] 
1621070639569 [Update odom] 
1621070639679 [vx:0.0 vy:0.0 vth:0.0 yaw:0.0] 
1621070639679 [delta_X:0.0 delta_y:0.0 status:False] 
1621070639681 [Update odom] 
1621070639797 [vx:0.0 vy:0.0 vth:0.0 yaw:0.0] 
1621070639797 [delta_X:0.0 delta_y:0.0 status:False] 
1621070639802 [Update odom] 
1621070639920 [vx:0.0 vy:0.0 vth:0.0 yaw:0.0] 
1621070639920 [delta_X:0.0 delta_y:0.0 status:False] 
1621070639923 [Update odom] 
1621070640034 [vx:0.0 vy:0.0 vth:0.0 yaw:0.0] 
1621070640034 [delta_X:0.0 delta_y:0.0 status:False] 
1621070640035 [Update odom] 
1621070640145 [vx:0.0 vy:0.0 vth:0.0 yaw:0.0] 
1621070640145 [delta_X:0.0 delta_y:0.0 status:False] 
1621070640146 [Update odom] 
1621070640255 [vx:0.0 vy:0.0 vth:0.0 yaw:0.0] 
1621070640255 [delta_X:0.0 delta_y:0.0 status:False] 
1621070640256 [Update odom] 
1621070640380 [vx:0.0 vy:0.0 vth:0.0 yaw:0.0] 
1621070640380 [delta_X:0.0 delta_y:0.0 status:False] 
1621070640381 [Update odom] 
1621070640494 [vx:0.0 vy:0.0 vth:0.0 yaw:0.0] 
1621070640494 [delta_X:0.0 delta_y:0.0 status:False] 
1621070640495 [Update odom] 
1621070640609 [vx:0.0 vy:0.0 vth:0.0 yaw:0.0] 
1621070640609 [delta_X:0.0 delta_y:0.0 status:False] 
1621070640610 [Update odom] 
1621070640721 [vx:0.0 vy:0.0 vth:0.0 yaw:0.0] 
1621070640721 [delta_X:0.0 delta_y:0.0 status:False] 
1621070640722 [Update odom] 
1621070640836 [vx:0.0 vy:0.0 vth:0.0 yaw:0.0] 
1621070640836 [delta_X:0.0 delta_y:0.0 status:False] 
1621070640838 [Update odom] 
1621070640947 [vx:0.0 vy:0.0 vth:0.0 yaw:0.0] 
1621070640947 [delta_X:0.0 delta_y:0.0 status:False] 
1621070640948 [Update odom] 
1621070641057 [vx:0.0 vy:0.0 vth:0.0 yaw:0.0] 
1621070641057 [delta_X:0.0 delta_y:0.0 status:False] 
1621070641059 [Update odom] 
1621070641162 [Update odom] 
1621070641183 [vx:0.0 vy:0.0 vth:0.0 yaw:0.0] 
1621070641183 [delta_X:0.0 delta_y:0.0 status:False] 
1621070641184 [Update odom] 
1621070641269 [vx:0.0 vy:0.0 vth:0.0 yaw:0.0] 
1621070641269 [delta_X:0.0 delta_y:0.0 status:False] 
1621070641298 [vx:0.0 vy:0.0 vth:0.0 yaw:0.0] 
1621070641298 [delta_X:0.0 delta_y:0.0 status:False] 
1621070641302 [Update odom] 
1621070641408 [vx:0.0 vy:0.0 vth:0.0 yaw:0.0] 
1621070641408 [delta_X:0.0 delta_y:0.0 status:False] 
1621070641410 [Update odom] 
1621070641536 [vx:0.0 vy:0.0 vth:0.0 yaw:0.0] 
1621070641536 [delta_X:0.0 delta_y:0.0 status:False] 
1621070641537 [Update odom] 
1621070641646 [vx:0.0 vy:0.0 vth:0.0 yaw:0.0] 
1621070641646 [delta_X:0.0 delta_y:0.0 status:False] 
1621070641647 [Update odom] 
1621070641761 [vx:0.0 vy:0.0 vth:0.0 yaw:0.0] 
1621070641761 [delta_X:0.0 delta_y:0.0 status:False] 
1621070641762 [Update odom] 
1621070641876 [vx:0.0 vy:0.0 vth:0.0 yaw:0.0] 
1621070641876 [delta_X:0.0 delta_y:0.0 status:False] 
1621070641885 [Update odom] 
1621070642009 [vx:0.0 vy:0.0 vth:0.0 yaw:0.0] 
1621070642009 [delta_X:0.0 delta_y:0.0 status:False] 
1621070642011 [Update odom] 
1621070642123 [vx:0.0 vy:0.0 vth:0.0 yaw:0.0] 
1621070642123 [delta_X:0.0 delta_y:0.0 status:False] 
1621070642125 [Update odom] 
1621070642230 [vx:0.0 vy:0.0 vth:0.0 yaw:0.0] 
1621070642230 [delta_X:0.0 delta_y:0.0 status:False] 
1621070642231 [Update odom] 
1621070642337 [vx:0.0 vy:0.0 vth:0.0 yaw:0.0] 
1621070642337 [delta_X:0.0 delta_y:0.0 status:False] 
1621070642337 [Update odom] 
1621070642444 [vx:0.0 vy:0.0 vth:0.0 yaw:0.0] 
1621070642444 [delta_X:0.0 delta_y:0.0 status:False] 
1621070642445 [Update odom] 
1621070642552 [vx:0.0 vy:0.0 vth:0.0 yaw:0.0] 
1621070642552 [delta_X:0.0 delta_y:0.0 status:False] 
1621070642553 [Update odom] 
1621070642659 [vx:0.0 vy:0.0 vth:0.0 yaw:0.0] 
1621070642659 [delta_X:0.0 delta_y:0.0 status:False] 
1621070642661 [Update odom] 
1621070642768 [vx:0.0 vy:0.0 vth:0.0 yaw:0.0] 
1621070642768 [delta_X:0.0 delta_y:0.0 status:False] 
1621070642769 [Update odom] 
1621070642882 [vx:0.0 vy:0.0 vth:0.0 yaw:0.0] 
1621070642882 [delta_X:0.0 delta_y:0.0 status:False] 
1621070642884 [Update odom] 
1621070642990 [vx:0.0 vy:0.0 vth:0.0 yaw:0.0] 
1621070642990 [delta_X:0.0 delta_y:0.0 status:False] 
1621070642991 [Update odom] 
1621070643110 [vx:0.0 vy:0.0 vth:0.0 yaw:0.0] 
1621070643110 [delta_X:0.0 delta_y:0.0 status:False] 
1621070643112 [Update odom] 
1621070643161 [Update odom] 
1621070643218 [vx:0.0 vy:0.0 vth:0.0 yaw:0.0] 
1621070643218 [delta_X:0.0 delta_y:0.0 status:False] 
1621070643220 [Update odom] 
1621070643272 [vx:0.0 vy:0.0 vth:0.0 yaw:0.0] 
1621070643272 [delta_X:0.0 delta_y:0.0 status:False] 
1621070643332 [vx:0.0 vy:0.0 vth:0.0 yaw:0.0] 
1621070643332 [delta_X:0.0 delta_y:0.0 status:False] 
1621070643333 [Update odom] 
1621070643442 [vx:0.0 vy:0.0 vth:0.0 yaw:0.0] 
1621070643442 [delta_X:0.0 delta_y:0.0 status:False] 
1621070643443 [Update odom] 
1621070643553 [vx:0.0 vy:0.0 vth:0.0 yaw:0.0] 
1621070643553 [delta_X:0.0 delta_y:0.0 status:False] 
1621070643554 [Update odom] 
1621070643665 [vx:0.0 vy:0.0 vth:0.0 yaw:0.0] 
1621070643665 [delta_X:0.0 delta_y:0.0 status:False] 
1621070643666 [Update odom] 
1621070643774 [vx:0.0 vy:0.0 vth:0.0 yaw:0.0] 
1621070643774 [delta_X:0.0 delta_y:0.0 status:False] 
1621070643775 [Update odom] 
1621070643884 [vx:0.0 vy:0.0 vth:0.0 yaw:0.0] 
1621070643884 [delta_X:0.0 delta_y:0.0 status:False] 
1621070643885 [Update odom] 
1621070643994 [vx:0.0 vy:0.0 vth:0.0 yaw:0.0] 
1621070643995 [delta_X:0.0 delta_y:0.0 status:False] 
1621070643995 [Update odom] 
1621070644105 [vx:0.0 vy:0.0 vth:0.0 yaw:0.0] 
1621070644105 [delta_X:0.0 delta_y:0.0 status:False] 
1621070644106 [Update odom] 
1621070644215 [vx:0.0 vy:0.0 vth:0.0 yaw:0.0] 
1621070644215 [delta_X:0.0 delta_y:0.0 status:False] 
1621070644216 [Update odom] 
1621070644325 [vx:0.0 vy:0.0 vth:0.0 yaw:0.0] 
1621070644325 [delta_X:0.0 delta_y:0.0 status:False] 
1621070644326 [Update odom] 
1621070644435 [vx:0.0 vy:0.0 vth:0.0 yaw:0.0] 
1621070644435 [delta_X:0.0 delta_y:0.0 status:False] 
1621070644436 [Update odom] 
1621070644545 [vx:0.0 vy:0.0 vth:0.0 yaw:0.0] 
1621070644545 [delta_X:0.0 delta_y:0.0 status:False] 
1621070644546 [Update odom] 
1621070644656 [vx:0.0 vy:0.0 vth:0.0 yaw:0.0] 
1621070644656 [delta_X:0.0 delta_y:0.0 status:False] 
1621070644656 [Update odom] 
1621070644766 [vx:0.0 vy:0.0 vth:0.0 yaw:0.0] 
1621070644766 [delta_X:0.0 delta_y:0.0 status:False] 
1621070644767 [Update odom] 
1621070644876 [vx:0.0 vy:0.0 vth:0.0 yaw:0.0] 
1621070644876 [delta_X:0.0 delta_y:0.0 status:False] 
1621070644877 [Update odom] 
1621070644986 [vx:0.0 vy:0.0 vth:0.0 yaw:0.0] 
1621070644986 [delta_X:0.0 delta_y:0.0 status:False] 
1621070644987 [Update odom] 
1621070645097 [vx:0.0 vy:0.0 vth:0.0 yaw:0.0] 
1621070645097 [delta_X:0.0 delta_y:0.0 status:False] 
1621070645097 [Update odom] 
1621070645162 [Update odom] 
1621070645207 [vx:0.0 vy:0.0 vth:0.0 yaw:0.0] 
1621070645207 [delta_X:0.0 delta_y:0.0 status:False] 
1621070645208 [Update odom] 
1621070645268 [vx:0.0 vy:0.0 vth:0.0 yaw:0.0] 
1621070645268 [delta_X:0.0 delta_y:0.0 status:False] 
1621070645314 [vx:0.0 vy:0.0 vth:0.0 yaw:0.0] 
1621070645314 [delta_X:0.0 delta_y:0.0 status:False] 
1621070645316 [Update odom] 
1621070645421 [vx:0.0 vy:0.0 vth:0.0 yaw:0.0] 
1621070645421 [delta_X:0.0 delta_y:0.0 status:False] 
1621070645422 [Update odom] 
1621070645531 [vx:0.0 vy:0.0 vth:0.0 yaw:0.0] 
1621070645531 [delta_X:0.0 delta_y:0.0 status:False] 
1621070645532 [Update odom] 
1621070645641 [vx:0.0 vy:0.0 vth:0.0 yaw:0.0] 
1621070645641 [delta_X:0.0 delta_y:0.0 status:False] 
1621070645642 [Update odom] 
1621070645751 [vx:0.0 vy:0.0 vth:0.0 yaw:0.0] 
1621070645751 [delta_X:0.0 delta_y:0.0 status:False] 
1621070645751 [Update odom] 
1621070645860 [vx:0.0 vy:0.0 vth:0.0 yaw:0.0] 
1621070645860 [delta_X:0.0 delta_y:0.0 status:False] 
1621070645861 [Update odom] 
1621070645970 [vx:0.0 vy:0.0 vth:0.0 yaw:0.0] 
1621070645970 [delta_X:0.0 delta_y:0.0 status:False] 
1621070645971 [Update odom] 
1621070646077 [vx:0.0 vy:0.0 vth:0.0 yaw:0.0] 
1621070646077 [delta_X:0.0 delta_y:0.0 status:False] 
1621070646078 [Update odom] 
1621070646188 [vx:0.0 vy:0.0 vth:0.0 yaw:0.0] 
1621070646188 [delta_X:0.0 delta_y:0.0 status:False] 
1621070646189 [Update odom] 
1621070646298 [vx:0.0 vy:0.0 vth:0.0 yaw:0.0] 
1621070646298 [delta_X:0.0 delta_y:0.0 status:False] 
1621070646300 [Update odom] 
1621070646409 [vx:0.0 vy:0.0 vth:0.0 yaw:0.0] 
1621070646409 [delta_X:0.0 delta_y:0.0 status:False] 
1621070646410 [Update odom] 
1621070646519 [vx:0.0 vy:0.0 vth:0.0 yaw:0.0] 
1621070646519 [delta_X:0.0 delta_y:0.0 status:False] 
1621070646520 [Update odom] 
1621070646630 [vx:0.0 vy:0.0 vth:0.0 yaw:0.0] 
1621070646630 [delta_X:0.0 delta_y:0.0 status:False] 
1621070646631 [Update odom] 
1621070646740 [vx:0.0 vy:0.0 vth:0.0 yaw:0.0] 
1621070646740 [delta_X:0.0 delta_y:0.0 status:False] 
1621070646741 [Update odom] 
1621070646853 [vx:0.0 vy:0.0 vth:0.0 yaw:0.0] 
1621070646853 [delta_X:0.0 delta_y:0.0 status:False] 
1621070646854 [Update odom] 
1621070646990 [vx:0.0 vy:0.0 vth:0.0 yaw:0.0] 
1621070646990 [delta_X:0.0 delta_y:0.0 status:False] 
1621070646991 [Update odom] 
1621070647106 [vx:0.0 vy:0.0 vth:0.0 yaw:0.0] 
1621070647106 [delta_X:0.0 delta_y:0.0 status:False] 
1621070647107 [Update odom] 
1621070647162 [Update odom] 
1621070647216 [vx:0.0 vy:0.0 vth:0.0 yaw:0.0] 
1621070647216 [delta_X:0.0 delta_y:0.0 status:False] 
1621070647217 [Update odom] 
1621070647272 [vx:0.0 vy:0.0 vth:0.0 yaw:0.0] 
1621070647272 [delta_X:0.0 delta_y:0.0 status:False] 
1621070647329 [vx:0.0 vy:0.0 vth:0.0 yaw:0.0] 
1621070647329 [delta_X:0.0 delta_y:0.0 status:False] 
1621070647330 [Update odom] 
1621070647441 [vx:0.0 vy:0.0 vth:0.0 yaw:0.0] 
1621070647441 [delta_X:0.0 delta_y:0.0 status:False] 
1621070647441 [Update odom] 
1621070647550 [vx:0.0 vy:0.0 vth:0.0 yaw:0.0] 
1621070647550 [delta_X:0.0 delta_y:0.0 status:False] 
1621070647551 [Update odom] 
1621070647660 [vx:0.0 vy:0.0 vth:0.0 yaw:0.0] 
1621070647660 [delta_X:0.0 delta_y:0.0 status:False] 
1621070647661 [Update odom] 
1621070647771 [vx:0.0 vy:0.0 vth:0.0 yaw:0.0] 
1621070647771 [delta_X:0.0 delta_y:0.0 status:False] 
1621070647771 [Update odom] 
1621070647881 [vx:0.0 vy:0.0 vth:0.0 yaw:0.0] 
1621070647881 [delta_X:0.0 delta_y:0.0 status:False] 
1621070647882 [Update odom] 
1621070647991 [vx:0.0 vy:0.0 vth:0.0 yaw:0.0] 
1621070647991 [delta_X:0.0 delta_y:0.0 status:False] 
1621070647992 [Update odom] 
1621070648101 [vx:0.0 vy:0.0 vth:0.0 yaw:0.0] 
1621070648101 [delta_X:0.0 delta_y:0.0 status:False] 
1621070648102 [Update odom] 
1621070648211 [vx:0.0 vy:0.0 vth:0.0 yaw:0.0] 
1621070648212 [delta_X:0.0 delta_y:0.0 status:False] 
1621070648212 [Update odom] 
1621070648333 [vx:0.0 vy:0.0 vth:0.0 yaw:0.0] 
1621070648333 [delta_X:0.0 delta_y:0.0 status:False] 
1621070648334 [Update odom] 
1621070648446 [vx:0.0 vy:0.0 vth:0.0 yaw:0.0] 
1621070648446 [delta_X:0.0 delta_y:0.0 status:False] 
1621070648447 [Update odom] 
1621070648557 [vx:0.0 vy:0.0 vth:0.0 yaw:0.0] 
1621070648557 [delta_X:0.0 delta_y:0.0 status:False] 
1621070648558 [Update odom] 
1621070648679 [vx:0.0 vy:0.0 vth:0.0 yaw:0.0] 
1621070648679 [delta_X:0.0 delta_y:0.0 status:False] 
1621070648681 [Update odom] 
1621070648792 [vx:0.0 vy:0.0 vth:0.0 yaw:0.0] 
1621070648792 [delta_X:0.0 delta_y:0.0 status:False] 
1621070648793 [Update odom] 
1621070648903 [vx:0.0 vy:0.0 vth:0.0 yaw:0.0] 
1621070648903 [delta_X:0.0 delta_y:0.0 status:False] 
1621070648903 [Update odom] 
1621070649013 [vx:0.0 vy:0.0 vth:0.0 yaw:0.0] 
1621070649013 [delta_X:0.0 delta_y:0.0 status:False] 
1621070649014 [Update odom] 
1621070649123 [vx:0.0 vy:0.0 vth:0.0 yaw:0.0] 
1621070649123 [delta_X:0.0 delta_y:0.0 status:False] 
1621070649124 [Update odom] 
1621070649162 [Update odom] 
1621070649230 [vx:0.0 vy:0.0 vth:0.0 yaw:0.0] 
1621070649230 [delta_X:0.0 delta_y:0.0 status:False] 
1621070649231 [Update odom] 
1621070649267 [vx:0.0 vy:0.0 vth:0.0 yaw:0.0] 
1621070649267 [delta_X:0.0 delta_y:0.0 status:False] 
1621070649336 [vx:0.0 vy:0.0 vth:0.0 yaw:0.0] 
1621070649336 [delta_X:0.0 delta_y:0.0 status:False] 
1621070649337 [Update odom] 
1621070649458 [vx:0.0 vy:0.0 vth:0.0 yaw:0.0] 
1621070649458 [delta_X:0.0 delta_y:0.0 status:False] 
1621070649459 [Update odom] 
1621070649576 [vx:0.0 vy:0.0 vth:0.0 yaw:0.0] 
1621070649576 [delta_X:0.0 delta_y:0.0 status:False] 
1621070649578 [Update odom] 
1621070649708 [vx:0.0 vy:0.0 vth:0.0 yaw:0.0] 
1621070649708 [delta_X:0.0 delta_y:0.0 status:False] 
1621070649710 [Update odom] 
1621070649819 [vx:0.0 vy:0.0 vth:0.0 yaw:0.0] 
1621070649819 [delta_X:0.0 delta_y:0.0 status:False] 
1621070649820 [Update odom] 
1621070649929 [vx:0.0 vy:0.0 vth:0.0 yaw:0.0] 
1621070649929 [delta_X:0.0 delta_y:0.0 status:False] 
1621070649930 [Update odom] 
1621070650040 [vx:0.0 vy:0.0 vth:0.0 yaw:0.0] 
1621070650040 [delta_X:0.0 delta_y:0.0 status:False] 
1621070650041 [Update odom] 
1621070650150 [vx:0.0 vy:0.0 vth:0.0 yaw:0.0] 
1621070650150 [delta_X:0.0 delta_y:0.0 status:False] 
1621070650151 [Update odom] 
1621070650260 [vx:0.0 vy:0.0 vth:0.0 yaw:0.0] 
1621070650260 [delta_X:0.0 delta_y:0.0 status:False] 
1621070650260 [Update odom] 
1621070650371 [vx:0.0 vy:0.0 vth:0.0 yaw:0.0] 
1621070650371 [delta_X:0.0 delta_y:0.0 status:False] 
1621070650372 [Update odom] 
1621070650482 [vx:0.0 vy:0.0 vth:0.0 yaw:0.0] 
1621070650482 [delta_X:0.0 delta_y:0.0 status:False] 
1621070650483 [Update odom] 
1621070650596 [vx:0.0 vy:0.0 vth:0.0 yaw:0.0] 
1621070650596 [delta_X:0.0 delta_y:0.0 status:False] 
1621070650598 [Update odom] 
1621070650720 [vx:0.0 vy:0.0 vth:0.0 yaw:0.0] 
1621070650720 [delta_X:0.0 delta_y:0.0 status:False] 
1621070650721 [Update odom] 
1621070650843 [vx:0.0 vy:0.0 vth:0.0 yaw:0.0] 
1621070650843 [delta_X:0.0 delta_y:0.0 status:False] 
1621070650844 [Update odom] 
1621070650954 [vx:0.0 vy:0.0 vth:0.0 yaw:0.0] 
1621070650954 [delta_X:0.0 delta_y:0.0 status:False] 
1621070650955 [Update odom] 
1621070651064 [vx:0.0 vy:0.0 vth:0.0 yaw:0.0] 
1621070651064 [delta_X:0.0 delta_y:0.0 status:False] 
1621070651065 [Update odom] 
1621070651161 [Update odom] 
1621070651177 [vx:0.0 vy:0.0 vth:0.0 yaw:0.0] 
1621070651177 [delta_X:0.0 delta_y:0.0 status:False] 
1621070651177 [Update odom] 
1621070651267 [vx:0.0 vy:0.0 vth:0.0 yaw:0.0] 
1621070651267 [delta_X:0.0 delta_y:0.0 status:False] 
1621070651283 [vx:0.0 vy:0.0 vth:0.0 yaw:0.0] 
1621070651284 [delta_X:0.0 delta_y:0.0 status:False] 
1621070651285 [Update odom] 
1621070651390 [vx:0.0 vy:0.0 vth:0.0 yaw:0.0] 
1621070651390 [delta_X:0.0 delta_y:0.0 status:False] 
1621070651391 [Update odom] 
1621070651500 [vx:0.0 vy:0.0 vth:0.0 yaw:0.0] 
1621070651501 [delta_X:0.0 delta_y:0.0 status:False] 
1621070651501 [Update odom] 
1621070651614 [vx:0.0 vy:0.0 vth:0.0 yaw:0.0] 
1621070651614 [delta_X:0.0 delta_y:0.0 status:False] 
1621070651615 [Update odom] 
1621070651730 [vx:0.0 vy:0.0 vth:0.0 yaw:0.0] 
1621070651730 [delta_X:0.0 delta_y:0.0 status:False] 
1621070651731 [Update odom] 
1621070651842 [vx:0.0 vy:0.0 vth:0.0 yaw:0.0] 
1621070651842 [delta_X:0.0 delta_y:0.0 status:False] 
1621070651843 [Update odom] 
1621070651956 [vx:0.0 vy:0.0 vth:0.0 yaw:0.0] 
1621070651956 [delta_X:0.0 delta_y:0.0 status:False] 
1621070651957 [Update odom] 
1621070652067 [vx:0.0 vy:0.0 vth:0.0 yaw:0.0] 
1621070652067 [delta_X:0.0 delta_y:0.0 status:False] 
1621070652068 [Update odom] 
1621070652180 [vx:0.0 vy:0.0 vth:0.0 yaw:0.0] 
1621070652180 [delta_X:0.0 delta_y:0.0 status:False] 
1621070652181 [Update odom] 
1621070652290 [vx:0.0 vy:0.0 vth:0.0 yaw:0.0] 
1621070652290 [delta_X:0.0 delta_y:0.0 status:False] 
1621070652291 [Update odom] 
1621070652403 [vx:0.0 vy:0.0 vth:0.0 yaw:0.0] 
1621070652403 [delta_X:0.0 delta_y:0.0 status:False] 
1621070652405 [Update odom] 
1621070652519 [vx:0.0 vy:0.0 vth:0.0 yaw:0.0] 
1621070652519 [delta_X:0.0 delta_y:0.0 status:False] 
1621070652520 [Update odom] 
1621070652633 [vx:0.0 vy:0.0 vth:0.0 yaw:0.0] 
1621070652633 [delta_X:0.0 delta_y:0.0 status:False] 
1621070652634 [Update odom] 
1621070652744 [vx:0.0 vy:0.0 vth:0.0 yaw:0.0] 
1621070652744 [delta_X:0.0 delta_y:0.0 status:False] 
1621070652745 [Update odom] 
1621070652854 [vx:0.0 vy:0.0 vth:0.0 yaw:0.0] 
1621070652854 [delta_X:0.0 delta_y:0.0 status:False] 
1621070652855 [Update odom] 
1621070652966 [vx:0.0 vy:0.0 vth:0.0 yaw:0.0] 
1621070652966 [delta_X:0.0 delta_y:0.0 status:False] 
1621070652967 [Update odom] 
1621070653080 [vx:0.0 vy:0.0 vth:0.0 yaw:0.0] 
1621070653080 [delta_X:0.0 delta_y:0.0 status:False] 
1621070653082 [Update odom] 
1621070653162 [Update odom] 
1621070653191 [vx:0.0 vy:0.0 vth:0.0 yaw:0.0] 
1621070653191 [delta_X:0.0 delta_y:0.0 status:False] 
1621070653192 [Update odom] 
1621070653270 [vx:0.0 vy:0.0 vth:0.0 yaw:0.0] 
1621070653270 [delta_X:0.0 delta_y:0.0 status:False] 
1621070653299 [vx:0.0 vy:0.0 vth:0.0 yaw:0.0] 
1621070653299 [delta_X:0.0 delta_y:0.0 status:False] 
1621070653300 [Update odom] 
1621070653407 [vx:0.0 vy:0.0 vth:0.0 yaw:0.0] 
1621070653407 [delta_X:0.0 delta_y:0.0 status:False] 
1621070653408 [Update odom] 
1621070653517 [vx:0.0 vy:0.0 vth:0.0 yaw:0.0] 
1621070653517 [delta_X:0.0 delta_y:0.0 status:False] 
1621070653518 [Update odom] 
1621070653636 [vx:0.0 vy:0.0 vth:0.0 yaw:0.0] 
1621070653636 [delta_X:0.0 delta_y:0.0 status:False] 
1621070653637 [Update odom] 
1621070653746 [vx:0.0 vy:0.0 vth:0.0 yaw:0.0] 
1621070653746 [delta_X:0.0 delta_y:0.0 status:False] 
1621070653747 [Update odom] 
1621070653863 [vx:0.0 vy:0.0 vth:0.0 yaw:0.0] 
1621070653863 [delta_X:0.0 delta_y:0.0 status:False] 
1621070653866 [Update odom] 
1621070653976 [vx:0.0 vy:0.0 vth:0.0 yaw:0.0] 
1621070653976 [delta_X:0.0 delta_y:0.0 status:False] 
1621070653977 [Update odom] 
1621070654083 [vx:0.0 vy:0.0 vth:0.0 yaw:0.0] 
1621070654083 [delta_X:0.0 delta_y:0.0 status:False] 
1621070654084 [Update odom] 
1621070654203 [vx:0.0 vy:0.0 vth:0.0 yaw:0.0] 
1621070654203 [delta_X:0.0 delta_y:0.0 status:False] 
1621070654204 [Update odom] 
1621070654330 [vx:0.0 vy:0.0 vth:0.0 yaw:0.0] 
1621070654330 [delta_X:0.0 delta_y:0.0 status:False] 
1621070654332 [Update odom] 
1621070654442 [vx:0.0 vy:0.0 vth:0.0 yaw:0.0] 
1621070654442 [delta_X:0.0 delta_y:0.0 status:False] 
1621070654443 [Update odom] 
1621070654560 [vx:0.0 vy:0.0 vth:0.0 yaw:0.0] 
1621070654560 [delta_X:0.0 delta_y:0.0 status:False] 
1621070654562 [Update odom] 
1621070654671 [vx:0.0 vy:0.0 vth:0.0 yaw:0.0] 
1621070654671 [delta_X:0.0 delta_y:0.0 status:False] 
1621070654672 [Update odom] 
1621070654782 [vx:0.0 vy:0.0 vth:0.0 yaw:0.0] 
1621070654782 [delta_X:0.0 delta_y:0.0 status:False] 
1621070654783 [Update odom] 
1621070654893 [vx:0.0 vy:0.0 vth:0.0 yaw:0.0] 
1621070654893 [delta_X:0.0 delta_y:0.0 status:False] 
1621070654894 [Update odom] 
1621070655005 [vx:0.0 vy:0.0 vth:0.0 yaw:0.0] 
1621070655005 [delta_X:0.0 delta_y:0.0 status:False] 
1621070655006 [Update odom] 
1621070655123 [vx:0.0 vy:0.0 vth:0.0 yaw:0.0] 
1621070655123 [delta_X:0.0 delta_y:0.0 status:False] 
1621070655131 [Update odom] 
1621070655162 [Update odom] 
1621070655236 [vx:0.0 vy:0.0 vth:0.0 yaw:0.0] 
1621070655236 [delta_X:0.0 delta_y:0.0 status:False] 
1621070655237 [Update odom] 
1621070655268 [vx:0.0 vy:0.0 vth:0.0 yaw:0.0] 
1621070655268 [delta_X:0.0 delta_y:0.0 status:False] 
1621070655343 [vx:0.0 vy:0.0 vth:0.0 yaw:0.0] 
1621070655343 [delta_X:0.0 delta_y:0.0 status:False] 
1621070655344 [Update odom] 
1621070655458 [vx:0.0 vy:0.0 vth:0.0 yaw:0.0] 
1621070655458 [delta_X:0.0 delta_y:0.0 status:False] 
1621070655459 [Update odom] 
1621070655577 [vx:0.0 vy:0.0 vth:0.0 yaw:0.0] 
1621070655577 [delta_X:0.0 delta_y:0.0 status:False] 
1621070655579 [Update odom] 
1621070655697 [vx:0.0 vy:0.0 vth:0.0 yaw:0.0] 
1621070655697 [delta_X:0.0 delta_y:0.0 status:False] 
1621070655698 [Update odom] 
1621070655817 [vx:0.0 vy:0.0 vth:0.0 yaw:0.0] 
1621070655817 [delta_X:0.0 delta_y:0.0 status:False] 
1621070655818 [Update odom] 
1621070655924 [vx:0.0 vy:0.0 vth:0.0 yaw:0.0] 
1621070655924 [delta_X:0.0 delta_y:0.0 status:False] 
1621070655925 [Update odom] 
1621070655949 [log_latest_command] [[ b y t e a r r a y ( b ' \ x a a \ x f f \ x a 0 \ x 0 2 I \ x 0 f \ x 0 e ' ) ]] 
1621070656034 [vx:0.0 vy:0.0 vth:0.0 yaw:0.0] 
1621070656034 [delta_X:0.0 delta_y:0.0 status:False] 
1621070656035 [Update odom] 
1621070656148 [vx:0.0 vy:0.0 vth:0.0 yaw:0.0] 
1621070656148 [delta_X:0.0 delta_y:0.0 status:False] 
1621070656152 [Update odom] 
1621070656266 [vx:0.0 vy:0.0 vth:0.0 yaw:0.0] 
1621070656266 [delta_X:0 delta_y:0 status:True] 
1621070656268 [Update odom] 
1621070656383 [vx:0.0 vy:0.0 vth:0.0 yaw:0.0] 
1621070656383 [delta_X:0 delta_y:0 status:True] 
1621070656385 [Update odom] 
1621070656497 [vx:0.0 vy:0.0 vth:0.0 yaw:0.0] 
1621070656497 [delta_X:0 delta_y:0 status:True] 
1621070656500 [Update odom] 
1621070656617 [vx:0.0 vy:0.0 vth:0.0 yaw:0.0] 
1621070656617 [delta_X:0 delta_y:0 status:True] 
1621070656619 [Update odom] 
1621070656752 [vx:0.0 vy:0.0 vth:0.0 yaw:0.0] 
1621070656752 [delta_X:0 delta_y:0 status:True] 
1621070656753 [Update odom] 
1621070656863 [vx:0.0 vy:0.0 vth:0.0 yaw:0.0] 
1621070656863 [delta_X:0 delta_y:0 status:True] 
1621070656864 [Update odom] 
1621070656976 [vx:0.0 vy:0.0 vth:0.0 yaw:0.0] 
1621070656976 [delta_X:0 delta_y:0 status:True] 
1621070656977 [Update odom] 
1621070657087 [vx:0.0 vy:0.0 vth:0.0 yaw:0.0] 
1621070657087 [delta_X:0 delta_y:0 status:True] 
1621070657089 [Update odom] 
1621070657162 [Update odom] 
1621070657202 [vx:0.0 vy:0.0 vth:0.0 yaw:0.0] 
1621070657203 [delta_X:0 delta_y:0 status:True] 
1621070657204 [Update odom] 
1621070657271 [vx:0.0 vy:0.0 vth:0.0 yaw:0.0] 
1621070657271 [delta_X:0 delta_y:0 status:True] 
1621070657314 [vx:0.0 vy:0.0 vth:0.0 yaw:0.0] 
1621070657314 [delta_X:0 delta_y:0 status:True] 
1621070657316 [Update odom] 
1621070657422 [vx:0.0 vy:0.0 vth:0.0 yaw:0.0] 
1621070657422 [delta_X:0 delta_y:0 status:True] 
1621070657425 [Update odom] 
1621070657547 [vx:0.0 vy:0.0 vth:0.0 yaw:0.0] 
1621070657547 [delta_X:0 delta_y:0 status:True] 
1621070657549 [Update odom] 
1621070657665 [vx:0.0 vy:0.0 vth:0.0 yaw:0.0] 
1621070657665 [delta_X:0 delta_y:0 status:True] 
1621070657671 [Update odom] 
1621070657780 [vx:0.0 vy:0.0 vth:0.0 yaw:0.0] 
1621070657780 [delta_X:0 delta_y:0 status:True] 
1621070657781 [Update odom] 
1621070657895 [vx:0.0 vy:0.0 vth:0.0 yaw:0.0] 
1621070657895 [delta_X:0 delta_y:0 status:True] 
1621070657896 [Update odom] 
1621070658003 [vx:0.0 vy:0.0 vth:0.0 yaw:0.0] 
1621070658003 [delta_X:0 delta_y:0 status:True] 
1621070658004 [Update odom] 
1621070658118 [vx:0.0 vy:0.0 vth:0.0 yaw:0.0] 
1621070658118 [delta_X:0 delta_y:0 status:True] 
1621070658120 [Update odom] 
1621070658229 [vx:0.0 vy:0.0 vth:0.0 yaw:0.0] 
1621070658229 [delta_X:0 delta_y:0 status:True] 
1621070658230 [Update odom] 
1621070658349 [vx:0.0 vy:0.0 vth:0.0 yaw:0.0] 
1621070658349 [delta_X:0 delta_y:0 status:True] 
1621070658350 [Update odom] 
1621070658475 [vx:0.0 vy:0.0 vth:0.0 yaw:0.0] 
1621070658475 [delta_X:0 delta_y:0 status:True] 
1621070658476 [Update odom] 
1621070658586 [vx:0.0 vy:0.0 vth:0.0 yaw:0.0] 
1621070658586 [delta_X:0 delta_y:0 status:True] 
1621070658587 [Update odom] 
1621070658709 [vx:0.0 vy:0.0 vth:0.0 yaw:0.0] 
1621070658709 [delta_X:0 delta_y:0 status:True] 
1621070658710 [Update odom] 
1621070658820 [vx:0.0 vy:0.0 vth:0.0 yaw:0.0] 
1621070658820 [delta_X:0 delta_y:0 status:True] 
1621070658821 [Update odom] 
1621070658933 [vx:0.0 vy:0.0 vth:0.0 yaw:0.0] 
1621070658933 [delta_X:0 delta_y:0 status:True] 
1621070658934 [Update odom] 
1621070659049 [vx:0.0 vy:0.0 vth:0.0 yaw:0.0] 
1621070659049 [delta_X:0 delta_y:0 status:True] 
1621070659050 [Update odom] 
1621070659160 [vx:0.0 vy:0.0 vth:0.0 yaw:0.0] 
1621070659160 [delta_X:0 delta_y:0 status:True] 
1621070659161 [Update odom] 
1621070659162 [Update odom] 
1621070659271 [vx:0.0 vy:0.0 vth:0.0 yaw:0.0] 
1621070659271 [delta_X:0 delta_y:0 status:True] 
1621070659273 [Update odom] 
1621070659291 [vx:0.0 vy:0.0 vth:0.0 yaw:0.0] 
1621070659291 [delta_X:0 delta_y:0 status:True] 
1621070659383 [vx:0.0 vy:0.0 vth:0.0 yaw:0.0] 
1621070659383 [delta_X:0 delta_y:0 status:True] 
1621070659384 [Update odom] 
1621070659494 [vx:0.0 vy:0.0 vth:0.0 yaw:0.0] 
1621070659494 [delta_X:0 delta_y:0 status:True] 
1621070659495 [Update odom] 
1621070659605 [vx:0.0 vy:0.0 vth:0.0 yaw:0.0] 
1621070659605 [delta_X:0 delta_y:0 status:True] 
1621070659607 [Update odom] 
1621070659745 [vx:0.0 vy:0.0 vth:0.0 yaw:0.0] 
1621070659746 [delta_X:0 delta_y:0 status:True] 
1621070659747 [Update odom] 
1621070659861 [vx:0.0 vy:0.0 vth:0.0 yaw:0.0] 
1621070659861 [delta_X:0 delta_y:0 status:True] 
1621070659862 [Update odom] 
1621070659981 [vx:0.0 vy:0.0 vth:0.0 yaw:0.0] 
1621070659987 [delta_X:0 delta_y:0 status:True] 
1621070659988 [Update odom] 
1621070660105 [vx:0.0 vy:0.0 vth:0.0 yaw:0.0] 
1621070660105 [delta_X:0 delta_y:0 status:True] 
1621070660106 [Update odom] 
1621070660227 [vx:0.0 vy:0.0 vth:0.0 yaw:0.0] 
1621070660227 [delta_X:0 delta_y:0 status:True] 
1621070660229 [Update odom] 
1621070660344 [vx:0.0 vy:0.0 vth:0.0 yaw:0.0] 
1621070660344 [delta_X:0 delta_y:0 status:True] 
1621070660345 [Update odom] 
1621070660456 [vx:0.0 vy:0.0 vth:0.0 yaw:0.0] 
1621070660456 [delta_X:0 delta_y:0 status:True] 
1621070660456 [Update odom] 
1621070660576 [vx:0.0 vy:0.0 vth:0.0 yaw:0.0] 
1621070660576 [delta_X:0 delta_y:0 status:True] 
1621070660577 [Update odom] 
1621070660704 [vx:0.0 vy:0.0 vth:0.0 yaw:0.0] 
1621070660705 [delta_X:0 delta_y:0 status:True] 
1621070660705 [Update odom] 
1621070660814 [vx:0.0 vy:0.0 vth:0.0 yaw:0.0] 
1621070660814 [delta_X:0 delta_y:0 status:True] 
1621070660816 [Update odom] 
1621070660935 [vx:0.0 vy:0.0 vth:0.0 yaw:0.0] 
1621070660935 [delta_X:0 delta_y:0 status:True] 
1621070660937 [Update odom] 
1621070661060 [vx:0.0 vy:0.0 vth:0.0 yaw:0.0] 
1621070661060 [delta_X:0 delta_y:0 status:True] 
1621070661062 [Update odom] 
1621070661162 [Update odom] 
1621070661183 [vx:0.0 vy:0.0 vth:0.0 yaw:0.0] 
1621070661183 [delta_X:0 delta_y:0 status:True] 
1621070661184 [Update odom] 
1621070661273 [vx:0.0 vy:0.0 vth:0.0 yaw:0.0] 
1621070661273 [delta_X:0 delta_y:0 status:True] 
1621070661309 [vx:0.0 vy:0.0 vth:0.0 yaw:0.0] 
1621070661309 [delta_X:0 delta_y:0 status:True] 
1621070661310 [Update odom] 
1621070661420 [vx:0.0 vy:0.0 vth:0.0 yaw:0.0] 
1621070661420 [delta_X:0 delta_y:0 status:True] 
1621070661421 [Update odom] 
1621070661530 [vx:0.0 vy:0.0 vth:0.0 yaw:0.0] 
1621070661530 [delta_X:0 delta_y:0 status:True] 
1621070661531 [Update odom] 
1621070661643 [vx:0.0 vy:0.0 vth:0.0 yaw:0.0] 
1621070661643 [delta_X:0 delta_y:0 status:True] 
1621070661644 [Update odom] 
1621070661755 [vx:0.0 vy:0.0 vth:0.0 yaw:0.0] 
1621070661755 [delta_X:0 delta_y:0 status:True] 
1621070661756 [Update odom] 
1621070661875 [vx:0.0 vy:0.0 vth:0.0 yaw:0.0] 
1621070661875 [delta_X:0 delta_y:0 status:True] 
1621070661877 [Update odom] 
1621070661997 [vx:0.0 vy:0.0 vth:0.0 yaw:0.0] 
1621070661997 [delta_X:0 delta_y:0 status:True] 
1621070661998 [Update odom] 
1621070662113 [vx:0.0 vy:0.0 vth:0.0 yaw:0.0] 
1621070662113 [delta_X:0 delta_y:0 status:True] 
1621070662114 [Update odom] 
1621070662234 [vx:0.0 vy:0.0 vth:0.0 yaw:0.0] 
1621070662234 [delta_X:0 delta_y:0 status:True] 
1621070662235 [Update odom] 
1621070662344 [vx:0.0 vy:0.0 vth:0.0 yaw:0.0] 
1621070662344 [delta_X:0 delta_y:0 status:True] 
1621070662345 [Update odom] 
1621070662454 [vx:0.0 vy:0.0 vth:0.0 yaw:0.0] 
1621070662454 [delta_X:0 delta_y:0 status:True] 
1621070662455 [Update odom] 
1621070662565 [vx:0.0 vy:0.0 vth:0.0 yaw:0.0] 
1621070662565 [delta_X:0 delta_y:0 status:True] 
1621070662566 [Update odom] 
1621070662682 [vx:0.0 vy:0.0 vth:0.0 yaw:0.0] 
1621070662682 [delta_X:0 delta_y:0 status:True] 
1621070662683 [Update odom] 
1621070662803 [vx:0.0 vy:0.0 vth:0.0 yaw:0.0] 
1621070662803 [delta_X:0 delta_y:0 status:True] 
1621070662805 [Update odom] 
1621070662919 [vx:0.0 vy:0.0 vth:0.0 yaw:0.0] 
1621070662919 [delta_X:0 delta_y:0 status:True] 
1621070662927 [Update odom] 
1621070663036 [vx:0.0 vy:0.0 vth:0.0 yaw:0.0] 
1621070663036 [delta_X:0 delta_y:0 status:True] 
1621070663037 [Update odom] 
1621070663143 [vx:0.0 vy:0.0 vth:0.0 yaw:0.0] 
1621070663143 [delta_X:0 delta_y:0 status:True] 
1621070663144 [Update odom] 
1621070663165 [Update odom] 
1621070663249 [vx:0.0 vy:0.0 vth:0.0 yaw:0.0] 
1621070663249 [delta_X:0 delta_y:0 status:True] 
1621070663250 [Update odom] 
1621070663300 [vx:0.0 vy:0.0 vth:0.0 yaw:0.0] 
1621070663300 [delta_X:0 delta_y:0 status:True] 
1621070663366 [vx:0.0 vy:0.0 vth:0.0 yaw:0.0] 
1621070663366 [delta_X:0 delta_y:0 status:True] 
1621070663368 [Update odom] 
1621070663491 [vx:0.0 vy:0.0 vth:0.0 yaw:0.0] 
1621070663491 [delta_X:0 delta_y:0 status:True] 
1621070663491 [Update odom] 
1621070663610 [vx:0.0 vy:0.0 vth:0.0 yaw:0.0] 
1621070663610 [delta_X:0 delta_y:0 status:True] 
1621070663612 [Update odom] 
1621070663731 [vx:0.0 vy:0.0 vth:0.0 yaw:0.0] 
1621070663731 [delta_X:0 delta_y:0 status:True] 
1621070663733 [Update odom] 
1621070663850 [vx:0.0 vy:0.0 vth:0.0 yaw:0.0] 
1621070663850 [delta_X:0 delta_y:0 status:True] 
1621070663852 [Update odom] 
1621070663969 [vx:0.0 vy:0.0 vth:0.0 yaw:0.0] 
1621070663969 [delta_X:0 delta_y:0 status:True] 
1621070663970 [Update odom] 
1621070664085 [vx:0.0 vy:0.0 vth:0.0 yaw:0.0] 
1621070664086 [delta_X:0 delta_y:0 status:True] 
1621070664087 [Update odom] 
1621070664200 [vx:0.0 vy:0.0 vth:0.0 yaw:0.0] 
1621070664200 [delta_X:0 delta_y:0 status:True] 
1621070664202 [Update odom] 
1621070664319 [vx:0.0 vy:0.0 vth:0.0 yaw:0.0] 
1621070664319 [delta_X:0 delta_y:0 status:True] 
1621070664320 [Update odom] 
1621070664436 [vx:0.0 vy:0.0 vth:0.0 yaw:0.0] 
1621070664436 [delta_X:0 delta_y:0 status:True] 
1621070664438 [Update odom] 
1621070664573 [vx:0.0 vy:0.0 vth:0.0 yaw:0.0] 
1621070664573 [delta_X:0 delta_y:0 status:True] 
1621070664574 [Update odom] 
1621070664692 [vx:0.0 vy:0.0 vth:0.0 yaw:0.0] 
1621070664692 [delta_X:0 delta_y:0 status:True] 
1621070664694 [Update odom] 
1621070664823 [vx:0.0 vy:0.0 vth:0.0 yaw:0.0] 
1621070664823 [delta_X:0 delta_y:0 status:True] 
1621070664826 [Update odom] 
1621070664939 [vx:0.0 vy:0.0 vth:0.0 yaw:0.0] 
1621070664939 [delta_X:0 delta_y:0 status:True] 
1621070664940 [Update odom] 
1621070665072 [vx:0.0 vy:0.0 vth:0.0 yaw:0.0] 
1621070665072 [delta_X:0 delta_y:0 status:True] 
1621070665074 [Update odom] 
1621070665162 [Update odom] 
1621070665180 [vx:0.0 vy:0.0 vth:0.0 yaw:0.0] 
1621070665180 [delta_X:0 delta_y:0 status:True] 
1621070665181 [Update odom] 
1621070665269 [vx:0.0 vy:0.0 vth:0.0 yaw:0.0] 
1621070665269 [delta_X:0 delta_y:0 status:True] 
1621070665288 [vx:0.0 vy:0.0 vth:0.0 yaw:0.0] 
1621070665289 [delta_X:0 delta_y:0 status:True] 
1621070665290 [Update odom] 
1621070665396 [vx:0.0 vy:0.0 vth:0.0 yaw:0.0] 
1621070665396 [delta_X:0 delta_y:0 status:True] 
1621070665396 [Update odom] 
1621070665511 [vx:0.0 vy:0.0 vth:0.0 yaw:0.0] 
1621070665511 [delta_X:0 delta_y:0 status:True] 
1621070665513 [Update odom] 
1621070665637 [vx:0.0 vy:0.0 vth:0.0 yaw:0.0] 
1621070665637 [delta_X:0 delta_y:0 status:True] 
1621070665641 [Update odom] 
1621070665755 [vx:0.0 vy:0.0 vth:0.0 yaw:0.0] 
1621070665756 [delta_X:0 delta_y:0 status:True] 
1621070665757 [Update odom] 
1621070665875 [vx:0.0 vy:0.0 vth:0.0 yaw:0.0] 
1621070665875 [delta_X:0 delta_y:0 status:True] 
1621070665875 [Update odom] 
1621070665995 [vx:0.0 vy:0.0 vth:0.0 yaw:0.0] 
1621070665995 [delta_X:0 delta_y:0 status:True] 
1621070665996 [Update odom] 
1621070666117 [vx:0.0 vy:0.0 vth:0.0 yaw:0.0] 
1621070666117 [delta_X:0 delta_y:0 status:True] 
1621070666118 [Update odom] 
1621070666230 [vx:0.0 vy:0.0 vth:0.0 yaw:0.0] 
1621070666230 [delta_X:0 delta_y:0 status:True] 
1621070666230 [Update odom] 
1621070666340 [vx:0.0 vy:0.0 vth:0.0 yaw:0.0] 
1621070666340 [delta_X:0 delta_y:0 status:True] 
1621070666341 [Update odom] 
1621070666460 [vx:0.0 vy:0.0 vth:0.0 yaw:0.0] 
1621070666464 [delta_X:0 delta_y:0 status:True] 
1621070666466 [Update odom] 
1621070666577 [vx:0.0 vy:0.0 vth:0.0 yaw:0.0] 
1621070666577 [delta_X:0 delta_y:0 status:True] 
1621070666577 [Update odom] 
1621070666687 [vx:0.0 vy:0.0 vth:0.0 yaw:0.0] 
1621070666687 [delta_X:0 delta_y:0 status:True] 
1621070666688 [Update odom] 
1621070666797 [vx:0.0 vy:0.0 vth:0.0 yaw:0.0] 
1621070666797 [delta_X:0 delta_y:0 status:True] 
1621070666798 [Update odom] 
1621070666910 [vx:0.0 vy:0.0 vth:0.0 yaw:0.0] 
1621070666910 [delta_X:0 delta_y:0 status:True] 
1621070666910 [Update odom] 
1621070667027 [vx:0.0 vy:0.0 vth:0.0 yaw:0.0] 
1621070667027 [delta_X:0 delta_y:0 status:True] 
1621070667028 [Update odom] 
1621070667149 [vx:0.0 vy:0.0 vth:0.0 yaw:0.0] 
1621070667149 [delta_X:0 delta_y:0 status:True] 
1621070667150 [Update odom] 
1621070667162 [Update odom] 
1621070667257 [vx:0.0 vy:0.0 vth:0.0 yaw:0.0] 
1621070667257 [delta_X:0 delta_y:0 status:True] 
1621070667261 [Update odom] 
1621070667271 [vx:0.0 vy:0.0 vth:0.0 yaw:0.0] 
1621070667271 [delta_X:0 delta_y:0 status:True] 
1621070667367 [vx:0.0 vy:0.0 vth:0.0 yaw:0.0] 
1621070667368 [delta_X:0 delta_y:0 status:True] 
1621070667369 [Update odom] 
1621070667478 [vx:0.0 vy:0.0 vth:0.0 yaw:0.0] 
1621070667478 [delta_X:0 delta_y:0 status:True] 
1621070667479 [Update odom] 
1621070667589 [vx:0.0 vy:0.0 vth:0.0 yaw:0.0] 
1621070667589 [delta_X:0 delta_y:0 status:True] 
1621070667590 [Update odom] 
1621070667699 [vx:0.0 vy:0.0 vth:0.0 yaw:0.0] 
1621070667699 [delta_X:0 delta_y:0 status:True] 
1621070667700 [Update odom] 
1621070667810 [vx:0.0 vy:0.0 vth:0.0 yaw:0.0] 
1621070667810 [delta_X:0 delta_y:0 status:True] 
1621070667810 [Update odom] 
1621070667920 [vx:0.0 vy:0.0 vth:0.0 yaw:0.0] 
1621070667920 [delta_X:0 delta_y:0 status:True] 
1621070667921 [Update odom] 
1621070668043 [vx:0.0 vy:0.0 vth:0.0 yaw:0.0] 
1621070668043 [delta_X:0 delta_y:0 status:True] 
1621070668045 [Update odom] 
1621070668163 [vx:0.0 vy:0.0 vth:0.0 yaw:0.0] 
1621070668163 [delta_X:0 delta_y:0 status:True] 
1621070668165 [Update odom] 
1621070668280 [vx:0.0 vy:0.0 vth:0.0 yaw:0.0] 
1621070668280 [delta_X:0 delta_y:0 status:True] 
1621070668281 [Update odom] 
1621070668395 [vx:0.0 vy:0.0 vth:0.0 yaw:0.0] 
1621070668395 [delta_X:0 delta_y:0 status:True] 
1621070668397 [Update odom] 
1621070668503 [vx:0.0 vy:0.0 vth:0.0 yaw:0.0] 
1621070668503 [delta_X:0 delta_y:0 status:True] 
1621070668504 [Update odom] 
1621070668613 [vx:0.0 vy:0.0 vth:0.0 yaw:0.0] 
1621070668613 [delta_X:0 delta_y:0 status:True] 
1621070668614 [Update odom] 
1621070668723 [vx:0.0 vy:0.0 vth:0.0 yaw:0.0] 
1621070668723 [delta_X:0 delta_y:0 status:True] 
1621070668724 [Update odom] 
1621070668834 [vx:0.0 vy:0.0 vth:0.0 yaw:0.0] 
1621070668834 [delta_X:0 delta_y:0 status:True] 
1621070668835 [Update odom] 
1621070668944 [vx:0.0 vy:0.0 vth:0.0 yaw:0.0] 
1621070668944 [delta_X:0 delta_y:0 status:True] 
1621070668945 [Update odom] 
1621070669056 [vx:0.0 vy:0.0 vth:0.0 yaw:0.0] 
1621070669056 [delta_X:0 delta_y:0 status:True] 
1621070669057 [Update odom] 
1621070669162 [Update odom] 
1621070669170 [vx:0.0 vy:0.0 vth:0.0 yaw:0.0] 
1621070669170 [delta_X:0 delta_y:0 status:True] 
1621070669182 [Update odom] 
1621070669275 [vx:0.0 vy:0.0 vth:0.0 yaw:0.0] 
1621070669275 [delta_X:0 delta_y:0 status:True] 
1621070669292 [vx:0.0 vy:0.0 vth:0.0 yaw:0.0] 
1621070669292 [delta_X:0 delta_y:0 status:True] 
1621070669294 [Update odom] 
1621070669400 [vx:0.0 vy:0.0 vth:0.0 yaw:0.0] 
1621070669400 [delta_X:0 delta_y:0 status:True] 
1621070669401 [Update odom] 
1621070669512 [vx:0.0 vy:0.0 vth:0.0 yaw:0.0] 
1621070669512 [delta_X:0 delta_y:0 status:True] 
1621070669513 [Update odom] 
1621070669642 [vx:0.0 vy:0.0 vth:0.0 yaw:0.0] 
1621070669642 [delta_X:0 delta_y:0 status:True] 
1621070669645 [Update odom] 
1621070669757 [vx:0.0 vy:0.0 vth:0.0 yaw:0.0] 
1621070669757 [delta_X:0 delta_y:0 status:True] 
1621070669759 [Update odom] 
1621070669864 [vx:0.0 vy:0.0 vth:0.0 yaw:0.0] 
1621070669864 [delta_X:0 delta_y:0 status:True] 
1621070669865 [Update odom] 
1621070669971 [vx:0.0 vy:0.0 vth:0.0 yaw:0.0] 
1621070669971 [delta_X:0 delta_y:0 status:True] 
1621070669972 [Update odom] 
1621070670087 [vx:0.0 vy:0.0 vth:0.0 yaw:0.0] 
1621070670087 [delta_X:0 delta_y:0 status:True] 
1621070670092 [Update odom] 
1621070670202 [vx:0.0 vy:0.0 vth:0.0 yaw:0.0] 
1621070670202 [delta_X:0 delta_y:0 status:True] 
1621070670203 [Update odom] 
1621070670313 [vx:0.0 vy:0.0 vth:0.0 yaw:0.0] 
1621070670313 [delta_X:0 delta_y:0 status:True] 
1621070670314 [Update odom] 
1621070670426 [vx:0.0 vy:0.0 vth:0.0 yaw:0.0] 
1621070670426 [delta_X:0 delta_y:0 status:True] 
1621070670427 [Update odom] 
1621070670537 [vx:0.0 vy:0.0 vth:0.0 yaw:0.0] 
1621070670537 [delta_X:0 delta_y:0 status:True] 
1621070670538 [Update odom] 
1621070670655 [vx:0.0 vy:0.0 vth:0.0 yaw:0.0] 
1621070670655 [delta_X:0 delta_y:0 status:True] 
1621070670656 [Update odom] 
1621070670766 [vx:0.0 vy:0.0 vth:0.0 yaw:0.0] 
1621070670766 [delta_X:0 delta_y:0 status:True] 
1621070670767 [Update odom] 
1621070670901 [vx:0.0 vy:0.0 vth:0.0 yaw:0.0] 
1621070670901 [delta_X:0 delta_y:0 status:True] 
1621070670902 [Update odom] 
1621070671023 [vx:0.0 vy:0.0 vth:0.0 yaw:0.0] 
1621070671023 [delta_X:0 delta_y:0 status:True] 
1621070671026 [Update odom] 
1621070671143 [vx:0.0 vy:0.0 vth:0.0 yaw:0.0] 
1621070671143 [delta_X:0 delta_y:0 status:True] 
1621070671144 [Update odom] 
1621070671162 [Update odom] 
1621070671254 [vx:0.0 vy:0.0 vth:0.0 yaw:0.0] 
1621070671255 [delta_X:0 delta_y:0 status:True] 
1621070671263 [Update odom] 
1621070671269 [vx:0.0 vy:0.0 vth:0.0 yaw:0.0] 
1621070671269 [delta_X:0 delta_y:0 status:True] 
1621070671371 [vx:0.0 vy:0.0 vth:0.0 yaw:0.0] 
1621070671371 [delta_X:0 delta_y:0 status:True] 
1621070671373 [Update odom] 
1621070671484 [vx:0.0 vy:0.0 vth:0.0 yaw:0.0] 
1621070671484 [delta_X:0 delta_y:0 status:True] 
1621070671485 [Update odom] 
1621070671603 [vx:0.0 vy:0.0 vth:0.0 yaw:0.0] 
1621070671603 [delta_X:0 delta_y:0 status:True] 
1621070671604 [Update odom] 
1621070671725 [vx:0.0 vy:0.0 vth:0.0 yaw:0.0] 
1621070671725 [delta_X:0 delta_y:0 status:True] 
1621070671726 [Update odom] 
1621070671854 [vx:0.0 vy:0.0 vth:0.0 yaw:0.0] 
1621070671854 [delta_X:0 delta_y:0 status:True] 
1621070671855 [Update odom] 
1621070671968 [vx:0.0 vy:0.0 vth:0.0 yaw:0.0] 
1621070671968 [delta_X:0 delta_y:0 status:True] 
1621070671969 [Update odom] 
1621070672086 [vx:0.0 vy:0.0 vth:0.0 yaw:0.0] 
1621070672086 [delta_X:0 delta_y:0 status:True] 
1621070672087 [Update odom] 
1621070672196 [vx:0.0 vy:0.0 vth:0.0 yaw:0.0] 
1621070672196 [delta_X:0 delta_y:0 status:True] 
1621070672197 [Update odom] 
1621070672310 [vx:0.0 vy:0.0 vth:0.0 yaw:0.0] 
1621070672310 [delta_X:0 delta_y:0 status:True] 
1621070672314 [Update odom] 
1621070672427 [vx:0.0 vy:0.0 vth:0.0 yaw:0.0] 
1621070672427 [delta_X:0 delta_y:0 status:True] 
1621070672429 [Update odom] 
1621070672538 [vx:0.0 vy:0.0 vth:0.0 yaw:0.0] 
1621070672538 [delta_X:0 delta_y:0 status:True] 
1621070672538 [Update odom] 
1621070672648 [vx:0.0 vy:0.0 vth:0.0 yaw:0.0] 
1621070672648 [delta_X:0 delta_y:0 status:True] 
1621070672649 [Update odom] 
1621070672763 [vx:0.0 vy:0.0 vth:0.0 yaw:0.0] 
1621070672763 [delta_X:0 delta_y:0 status:True] 
1621070672768 [Update odom] 
1621070672875 [vx:0.0 vy:0.0 vth:0.0 yaw:0.0] 
1621070672875 [delta_X:0 delta_y:0 status:True] 
1621070672876 [Update odom] 
1621070672985 [vx:0.0 vy:0.0 vth:0.0 yaw:0.0] 
1621070672985 [delta_X:0 delta_y:0 status:True] 
1621070672987 [Update odom] 
1621070673098 [vx:0.0 vy:0.0 vth:0.0 yaw:0.0] 
1621070673099 [delta_X:0 delta_y:0 status:True] 
1621070673099 [Update odom] 
1621070673162 [Update odom] 
1621070673209 [vx:0.0 vy:0.0 vth:0.0 yaw:0.0] 
1621070673209 [delta_X:0 delta_y:0 status:True] 
1621070673210 [Update odom] 
1621070673269 [vx:0.0 vy:0.0 vth:0.0 yaw:0.0] 
1621070673269 [delta_X:0 delta_y:0 status:True] 
1621070673346 [vx:0.0 vy:0.0 vth:0.0 yaw:0.0] 
1621070673346 [delta_X:0 delta_y:0 status:True] 
1621070673348 [Update odom] 
1621070673456 [vx:0.0 vy:0.0 vth:0.0 yaw:0.0] 
1621070673456 [delta_X:0 delta_y:0 status:True] 
1621070673459 [Update odom] 
1621070673570 [vx:0.0 vy:0.0 vth:0.0 yaw:0.0] 
1621070673570 [delta_X:0 delta_y:0 status:True] 
1621070673572 [Update odom] 
1621070673687 [vx:0.0 vy:0.0 vth:0.0 yaw:0.0] 
1621070673687 [delta_X:0 delta_y:0 status:True] 
1621070673694 [Update odom] 
1621070673811 [vx:0.0 vy:0.0 vth:0.0 yaw:0.0] 
1621070673811 [delta_X:0 delta_y:0 status:True] 
1621070673816 [Update odom] 
1621070673934 [vx:0.0 vy:0.0 vth:0.0 yaw:0.0] 
1621070673934 [delta_X:0 delta_y:0 status:True] 
1621070673935 [Update odom] 
1621070674045 [vx:0.0 vy:0.0 vth:0.0 yaw:0.0] 
1621070674045 [delta_X:0 delta_y:0 status:True] 
1621070674046 [Update odom] 
1621070674169 [vx:0.0 vy:0.0 vth:0.0 yaw:0.0] 
1621070674169 [delta_X:0 delta_y:0 status:True] 
1621070674170 [Update odom] 
1621070674283 [vx:0.0 vy:0.0 vth:0.0 yaw:0.0] 
1621070674283 [delta_X:0 delta_y:0 status:True] 
1621070674285 [Update odom] 
1621070674398 [vx:0.0 vy:0.0 vth:0.0 yaw:0.0] 
1621070674398 [delta_X:0 delta_y:0 status:True] 
1621070674399 [Update odom] 
1621070674514 [vx:0.0 vy:0.0 vth:0.0 yaw:0.0] 
1621070674514 [delta_X:0 delta_y:0 status:True] 
1621070674516 [Update odom] 
1621070674647 [vx:0.0 vy:0.0 vth:0.0 yaw:0.0] 
1621070674647 [delta_X:0 delta_y:0 status:True] 
1621070674649 [Update odom] 
1621070674763 [vx:0.0 vy:0.0 vth:0.0 yaw:0.0] 
1621070674763 [delta_X:0 delta_y:0 status:True] 
1621070674765 [Update odom] 
1621070674880 [vx:0.0 vy:0.0 vth:0.0 yaw:0.0] 
1621070674880 [delta_X:0 delta_y:0 status:True] 
1621070674881 [Update odom] 
1621070674996 [vx:0.0 vy:0.0 vth:0.0 yaw:0.0] 
1621070674996 [delta_X:0 delta_y:0 status:True] 
1621070674996 [Update odom] 
1621070675108 [vx:0.0 vy:0.0 vth:0.0 yaw:0.0] 
1621070675108 [delta_X:0 delta_y:0 status:True] 
1621070675110 [Update odom] 
1621070675163 [Update odom] 
1621070675223 [vx:0.0 vy:0.0 vth:0.0 yaw:0.0] 
1621070675223 [delta_X:0 delta_y:0 status:True] 
1621070675224 [Update odom] 
1621070675293 [vx:0.0 vy:0.0 vth:0.0 yaw:0.0] 
1621070675293 [delta_X:0 delta_y:0 status:True] 
1621070675340 [vx:0.0 vy:0.0 vth:0.0 yaw:0.0] 
1621070675340 [delta_X:0 delta_y:0 status:True] 
1621070675342 [Update odom] 
1621070675449 [vx:0.0 vy:0.0 vth:0.0 yaw:0.0] 
1621070675449 [delta_X:0 delta_y:0 status:True] 
1621070675451 [Update odom] 
1621070675580 [vx:0.0 vy:0.0 vth:0.0 yaw:0.0] 
1621070675580 [delta_X:0 delta_y:0 status:True] 
1621070675581 [Update odom] 
1621070675697 [vx:0.0 vy:0.0 vth:0.0 yaw:0.0] 
1621070675697 [delta_X:0 delta_y:0 status:True] 
1621070675698 [Update odom] 
1621070675816 [vx:0.0 vy:0.0 vth:0.0 yaw:0.0] 
1621070675816 [delta_X:0 delta_y:0 status:True] 
1621070675820 [Update odom] 
1621070675929 [vx:0.0 vy:0.0 vth:0.0 yaw:0.0] 
1621070675930 [delta_X:0 delta_y:0 status:True] 
1621070675930 [Update odom] 
1621070676039 [vx:0.0 vy:0.0 vth:0.0 yaw:0.0] 
1621070676039 [delta_X:0 delta_y:0 status:True] 
1621070676040 [Update odom] 
1621070676157 [vx:0.0 vy:0.0 vth:0.0 yaw:0.0] 
1621070676157 [delta_X:0 delta_y:0 status:True] 
1621070676158 [Update odom] 
1621070676268 [vx:0.0 vy:0.0 vth:0.0 yaw:0.0] 
1621070676268 [delta_X:0 delta_y:0 status:True] 
1621070676269 [Update odom] 
1621070676378 [vx:0.0 vy:0.0 vth:0.0 yaw:0.0] 
1621070676378 [delta_X:0 delta_y:0 status:True] 
1621070676379 [Update odom] 
1621070676505 [vx:0.0 vy:0.0 vth:0.0 yaw:0.0] 
1621070676505 [delta_X:0 delta_y:0 status:True] 
1621070676506 [Update odom] 
1621070676616 [vx:0.0 vy:0.0 vth:0.0 yaw:0.0] 
1621070676616 [delta_X:0 delta_y:0 status:True] 
1621070676617 [Update odom] 
1621070676726 [vx:0.0 vy:0.0 vth:0.0 yaw:0.0] 
1621070676726 [delta_X:0 delta_y:0 status:True] 
1621070676727 [Update odom] 
1621070676837 [vx:0.0 vy:0.0 vth:0.0 yaw:0.0] 
1621070676837 [delta_X:0 delta_y:0 status:True] 
1621070676838 [Update odom] 
1621070676947 [vx:0.0 vy:0.0 vth:0.0 yaw:0.0] 
1621070676947 [delta_X:0 delta_y:0 status:True] 
1621070676949 [Update odom] 
1621070677079 [vx:0.0 vy:0.0 vth:0.0 yaw:0.0] 
1621070677079 [delta_X:0 delta_y:0 status:True] 
1621070677081 [Update odom] 
1621070677163 [Update odom] 
1621070677197 [vx:0.0 vy:0.0 vth:0.0 yaw:0.0] 
1621070677197 [delta_X:0 delta_y:0 status:True] 
1621070677200 [Update odom] 
1621070677273 [vx:0.0 vy:0.0 vth:0.0 yaw:0.0] 
1621070677273 [delta_X:0 delta_y:0 status:True] 
1621070677311 [vx:0.0 vy:0.0 vth:0.0 yaw:0.0] 
1621070677311 [delta_X:0 delta_y:0 status:True] 
1621070677312 [Update odom] 
1621070677428 [vx:0.0 vy:0.0 vth:0.0 yaw:0.0] 
1621070677428 [delta_X:0 delta_y:0 status:True] 
1621070677433 [Update odom] 
1621070677550 [vx:0.0 vy:0.0 vth:0.0 yaw:0.0] 
1621070677550 [delta_X:0 delta_y:0 status:True] 
1621070677551 [Update odom] 
1621070677661 [vx:0.0 vy:0.0 vth:0.0 yaw:0.0] 
1621070677661 [delta_X:0 delta_y:0 status:True] 
1621070677662 [Update odom] 
1621070677778 [vx:0.0 vy:0.0 vth:0.0 yaw:0.0] 
1621070677778 [delta_X:0 delta_y:0 status:True] 
1621070677783 [Update odom] 
1621070677893 [vx:0.0 vy:0.0 vth:0.0 yaw:0.0] 
1621070677893 [delta_X:0 delta_y:0 status:True] 
1621070677893 [Update odom] 
1621070678006 [vx:0.0 vy:0.0 vth:0.0 yaw:0.0] 
1621070678006 [delta_X:0 delta_y:0 status:True] 
1621070678007 [Update odom] 
1621070678119 [vx:0.0 vy:0.0 vth:0.0 yaw:0.0] 
1621070678119 [delta_X:0 delta_y:0 status:True] 
1621070678120 [Update odom] 
1621070678239 [vx:0.0 vy:0.0 vth:0.0 yaw:0.0] 
1621070678239 [delta_X:0 delta_y:0 status:True] 
1621070678241 [Update odom] 
1621070678358 [vx:0.0 vy:0.0 vth:0.0 yaw:0.0] 
1621070678358 [delta_X:0 delta_y:0 status:True] 
1621070678359 [Update odom] 
1621070678472 [vx:0.0 vy:0.0 vth:0.0 yaw:0.0] 
1621070678472 [delta_X:0 delta_y:0 status:True] 
1621070678474 [Update odom] 
1621070678597 [vx:0.0 vy:0.0 vth:0.0 yaw:0.0] 
1621070678597 [delta_X:0 delta_y:0 status:True] 
1621070678600 [Update odom] 
1621070678709 [vx:0.0 vy:0.0 vth:0.0 yaw:0.0] 
1621070678710 [delta_X:0 delta_y:0 status:True] 
1621070678710 [Update odom] 
1621070678821 [vx:0.0 vy:0.0 vth:0.0 yaw:0.0] 
1621070678821 [delta_X:0 delta_y:0 status:True] 
1621070678822 [Update odom] 
1621070678941 [vx:0.0 vy:0.0 vth:0.0 yaw:0.0] 
1621070678941 [delta_X:0 delta_y:0 status:True] 
1621070678942 [Update odom] 
1621070679061 [vx:0.0 vy:0.0 vth:0.0 yaw:0.0] 
1621070679061 [delta_X:0 delta_y:0 status:True] 
1621070679063 [Update odom] 
1621070679162 [Update odom] 
1621070679181 [vx:0.0 vy:0.0 vth:0.0 yaw:0.0] 
1621070679181 [delta_X:0 delta_y:0 status:True] 
1621070679182 [Update odom] 
1621070679273 [vx:0.0 vy:0.0 vth:0.0 yaw:0.0] 
1621070679273 [delta_X:0 delta_y:0 status:True] 
1621070679290 [vx:0.0 vy:0.0 vth:0.0 yaw:0.0] 
1621070679290 [delta_X:0 delta_y:0 status:True] 
1621070679291 [Update odom] 
1621070679396 [vx:0.0 vy:0.0 vth:0.0 yaw:0.0] 
1621070679396 [delta_X:0 delta_y:0 status:True] 
1621070679397 [Update odom] 
1621070679511 [vx:0.0 vy:0.0 vth:0.0 yaw:0.0] 
1621070679511 [delta_X:0 delta_y:0 status:True] 
1621070679517 [Update odom] 
1621070679627 [vx:0.0 vy:0.0 vth:0.0 yaw:0.0] 
1621070679628 [delta_X:0 delta_y:0 status:True] 
1621070679629 [Update odom] 
1621070679746 [vx:0.0 vy:0.0 vth:0.0 yaw:0.0] 
1621070679747 [delta_X:0 delta_y:0 status:True] 
1621070679748 [Update odom] 
1621070679866 [vx:0.0 vy:0.0 vth:0.0 yaw:0.0] 
1621070679866 [delta_X:0 delta_y:0 status:True] 
1621070679869 [Update odom] 
1621070679978 [vx:0.0 vy:0.0 vth:0.0 yaw:0.0] 
1621070679979 [delta_X:0 delta_y:0 status:True] 
1621070679979 [Update odom] 
1621070680090 [vx:0.0 vy:0.0 vth:0.0 yaw:0.0] 
1621070680090 [delta_X:0 delta_y:0 status:True] 
1621070680091 [Update odom] 
1621070680200 [vx:0.0 vy:0.0 vth:0.0 yaw:0.0] 
1621070680200 [delta_X:0 delta_y:0 status:True] 
1621070680201 [Update odom] 
1621070680317 [vx:0.0 vy:0.0 vth:0.0 yaw:0.0] 
1621070680317 [delta_X:0 delta_y:0 status:True] 
1621070680322 [Update odom] 
1621070680437 [vx:0.0 vy:0.0 vth:0.0 yaw:0.0] 
1621070680437 [delta_X:0 delta_y:0 status:True] 
1621070680438 [Update odom] 
1621070680557 [vx:0.0 vy:0.0 vth:0.0 yaw:0.0] 
1621070680557 [delta_X:0 delta_y:0 status:True] 
1621070680558 [Update odom] 
1621070680673 [vx:0.0 vy:0.0 vth:0.0 yaw:0.0] 
1621070680673 [delta_X:0 delta_y:0 status:True] 
1621070680675 [Update odom] 
1621070680790 [vx:0.0 vy:0.0 vth:0.0 yaw:0.0] 
1621070680790 [delta_X:0 delta_y:0 status:True] 
1621070680791 [Update odom] 
1621070680910 [vx:0.0 vy:0.0 vth:0.0 yaw:0.0] 
1621070680910 [delta_X:0 delta_y:0 status:True] 
1621070680911 [Update odom] 
1621070681050 [vx:0.0 vy:0.0 vth:0.0 yaw:0.0] 
1621070681050 [delta_X:0 delta_y:0 status:True] 
1621070681051 [Update odom] 
1621070681162 [Update odom] 
1621070681165 [vx:0.0 vy:0.0 vth:0.0 yaw:0.0] 
1621070681165 [delta_X:0 delta_y:0 status:True] 
1621070681167 [Update odom] 
1621070681274 [vx:0.0 vy:0.0 vth:0.0 yaw:0.0] 
1621070681274 [delta_X:0 delta_y:0 status:True] 
1621070681280 [vx:0.0 vy:0.0 vth:0.0 yaw:0.0] 
1621070681280 [delta_X:0 delta_y:0 status:True] 
1621070681281 [Update odom] 
1621070681391 [vx:0.0 vy:0.0 vth:0.0 yaw:0.0] 
1621070681391 [delta_X:0 delta_y:0 status:True] 
1621070681392 [Update odom] 
1621070681504 [vx:0.0 vy:0.0 vth:0.0 yaw:0.0] 
1621070681504 [delta_X:0 delta_y:0 status:True] 
1621070681508 [Update odom] 
1621070681623 [vx:0.0 vy:0.0 vth:0.0 yaw:0.0] 
1621070681623 [delta_X:0 delta_y:0 status:True] 
1621070681624 [Update odom] 
1621070681737 [vx:0.0 vy:0.0 vth:0.0 yaw:0.0] 
1621070681737 [delta_X:0 delta_y:0 status:True] 
1621070681738 [Update odom] 
1621070681856 [vx:0.0 vy:0.0 vth:0.0 yaw:0.0] 
1621070681856 [delta_X:0 delta_y:0 status:True] 
1621070681857 [Update odom] 
1621070681985 [vx:0.0 vy:0.0 vth:0.0 yaw:0.0] 
1621070681985 [delta_X:0 delta_y:0 status:True] 
1621070681986 [Update odom] 
1621070682106 [vx:0.0 vy:0.0 vth:0.0 yaw:0.0] 
1621070682106 [delta_X:0 delta_y:0 status:True] 
1621070682108 [Update odom] 
1621070682222 [vx:0.0 vy:0.0 vth:0.0 yaw:0.0] 
1621070682222 [delta_X:0 delta_y:0 status:True] 
1621070682229 [Update odom] 
1621070682347 [vx:0.0 vy:0.0 vth:0.0 yaw:0.0] 
1621070682347 [delta_X:0 delta_y:0 status:True] 
1621070682348 [Update odom] 
1621070682459 [vx:0.0 vy:0.0 vth:0.0 yaw:0.0] 
1621070682459 [delta_X:0 delta_y:0 status:True] 
1621070682463 [Update odom] 
1621070682572 [vx:0.0 vy:0.0 vth:0.0 yaw:0.0] 
1621070682572 [delta_X:0 delta_y:0 status:True] 
1621070682574 [Update odom] 
1621070682680 [vx:0.0 vy:0.0 vth:0.0 yaw:0.0] 
1621070682680 [delta_X:0 delta_y:0 status:True] 
1621070682682 [Update odom] 
1621070682792 [vx:0.0 vy:0.0 vth:0.0 yaw:0.0] 
1621070682792 [delta_X:0 delta_y:0 status:True] 
1621070682794 [Update odom] 
1621070682901 [vx:0.0 vy:0.0 vth:0.0 yaw:0.0] 
1621070682901 [delta_X:0 delta_y:0 status:True] 
1621070682902 [Update odom] 
1621070683010 [vx:0.0 vy:0.0 vth:0.0 yaw:0.0] 
1621070683010 [delta_X:0 delta_y:0 status:True] 
1621070683012 [Update odom] 
1621070683143 [vx:0.0 vy:0.0 vth:0.0 yaw:0.0] 
1621070683143 [delta_X:0 delta_y:0 status:True] 
1621070683146 [Update odom] 
1621070683162 [Update odom] 
1621070683258 [vx:0.0 vy:0.0 vth:0.0 yaw:0.0] 
1621070683258 [delta_X:0 delta_y:0 status:True] 
1621070683275 [Update odom] 
1621070683276 [vx:0.0 vy:0.0 vth:0.0 yaw:0.0] 
1621070683276 [delta_X:0 delta_y:0 status:True] 
1621070683381 [vx:0.0 vy:0.0 vth:0.0 yaw:0.0] 
1621070683381 [delta_X:0 delta_y:0 status:True] 
1621070683385 [Update odom] 
1621070683497 [vx:0.0 vy:0.0 vth:0.0 yaw:0.0] 
1621070683497 [delta_X:0 delta_y:0 status:True] 
1621070683498 [Update odom] 
1621070683617 [vx:0.0 vy:0.0 vth:0.0 yaw:0.0] 
1621070683617 [delta_X:0 delta_y:0 status:True] 
1621070683619 [Update odom] 
1621070683725 [vx:0.0 vy:0.0 vth:0.0 yaw:0.0] 
1621070683725 [delta_X:0 delta_y:0 status:True] 
1621070683726 [Update odom] 
1621070683834 [vx:0.0 vy:0.0 vth:0.0 yaw:0.0] 
1621070683834 [delta_X:0 delta_y:0 status:True] 
1621070683834 [Update odom] 
1621070683942 [vx:0.0 vy:0.0 vth:0.0 yaw:0.0] 
1621070683942 [delta_X:0 delta_y:0 status:True] 
1621070683943 [Update odom] 
1621070684049 [vx:0.0 vy:0.0 vth:0.0 yaw:0.0] 
1621070684049 [delta_X:0 delta_y:0 status:True] 
1621070684050 [Update odom] 
1621070684158 [vx:0.0 vy:0.0 vth:0.0 yaw:0.0] 
1621070684158 [delta_X:0 delta_y:0 status:True] 
1621070684162 [Update odom] 
1621070684273 [vx:0.0 vy:0.0 vth:0.0 yaw:0.0] 
1621070684273 [delta_X:0 delta_y:0 status:True] 
1621070684274 [Update odom] 
1621070684384 [vx:0.0 vy:0.0 vth:0.0 yaw:0.0] 
1621070684384 [delta_X:0 delta_y:0 status:True] 
1621070684386 [Update odom] 
1621070684495 [vx:0.0 vy:0.0 vth:0.0 yaw:0.0] 
1621070684495 [delta_X:0 delta_y:0 status:True] 
1621070684495 [Update odom] 
1621070684607 [vx:0.0 vy:0.0 vth:0.0 yaw:0.0] 
1621070684607 [delta_X:0 delta_y:0 status:True] 
1621070684609 [Update odom] 
1621070684731 [vx:0.0 vy:0.0 vth:0.0 yaw:0.0] 
1621070684731 [delta_X:0 delta_y:0 status:True] 
1621070684735 [Update odom] 
1621070684849 [vx:0.0 vy:0.0 vth:0.0 yaw:0.0] 
1621070684849 [delta_X:0 delta_y:0 status:True] 
1621070684850 [Update odom] 
1621070684960 [vx:0.0 vy:0.0 vth:0.0 yaw:0.0] 
1621070684960 [delta_X:0 delta_y:0 status:True] 
1621070684961 [Update odom] 
1621070685073 [vx:0.0 vy:0.0 vth:0.0 yaw:0.0] 
1621070685073 [delta_X:0 delta_y:0 status:True] 
1621070685074 [Update odom] 
1621070685162 [Update odom] 
1621070685195 [vx:0.0 vy:0.0 vth:0.0 yaw:0.0] 
1621070685195 [delta_X:0 delta_y:0 status:True] 
1621070685197 [Update odom] 
1621070685273 [vx:0.0 vy:0.0 vth:0.0 yaw:0.0] 
1621070685273 [delta_X:0 delta_y:0 status:True] 
1621070685305 [vx:0.0 vy:0.0 vth:0.0 yaw:0.0] 
1621070685305 [delta_X:0 delta_y:0 status:True] 
1621070685306 [Update odom] 
1621070685412 [vx:0.0 vy:0.0 vth:0.0 yaw:0.0] 
1621070685412 [delta_X:0 delta_y:0 status:True] 
1621070685413 [Update odom] 
1621070685526 [vx:0.0 vy:0.0 vth:0.0 yaw:0.0] 
1621070685526 [delta_X:0 delta_y:0 status:True] 
1621070685527 [Update odom] 
1621070685637 [vx:0.0 vy:0.0 vth:0.0 yaw:0.0] 
1621070685637 [delta_X:0 delta_y:0 status:True] 
1621070685638 [Update odom] 
1621070685756 [vx:0.0 vy:0.0 vth:0.0 yaw:0.0] 
1621070685756 [delta_X:0 delta_y:0 status:True] 
1621070685758 [Update odom] 
1621070685869 [vx:0.0 vy:0.0 vth:0.0 yaw:0.0] 
1621070685869 [delta_X:0 delta_y:0 status:True] 
1621070685870 [Update odom] 
1621070685979 [vx:0.0 vy:0.0 vth:0.0 yaw:0.0] 
1621070685979 [delta_X:0 delta_y:0 status:True] 
1621070685980 [Update odom] 
1621070686101 [vx:0.0 vy:0.0 vth:0.0 yaw:0.0] 
1621070686101 [delta_X:0 delta_y:0 status:True] 
1621070686102 [Update odom] 
1621070686234 [vx:0.0 vy:0.0 vth:0.0 yaw:0.0] 
1621070686234 [delta_X:0 delta_y:0 status:True] 
1621070686235 [Update odom] 
1621070686349 [vx:0.0 vy:0.0 vth:0.0 yaw:0.0] 
1621070686349 [delta_X:0 delta_y:0 status:True] 
1621070686350 [Update odom] 
1621070686456 [vx:0.0 vy:0.0 vth:0.0 yaw:0.0] 
1621070686456 [delta_X:0 delta_y:0 status:True] 
1621070686458 [Update odom] 
1621070686567 [vx:0.0 vy:0.0 vth:0.0 yaw:0.0] 
1621070686567 [delta_X:0 delta_y:0 status:True] 
1621070686568 [Update odom] 
1621070686682 [vx:0.0 vy:0.0 vth:0.0 yaw:0.0] 
1621070686682 [delta_X:0 delta_y:0 status:True] 
1621070686683 [Update odom] 
1621070686796 [vx:0.0 vy:0.0 vth:0.0 yaw:0.0] 
1621070686796 [delta_X:0 delta_y:0 status:True] 
1621070686798 [Update odom] 
1621070686922 [vx:0.0 vy:0.0 vth:0.0 yaw:0.0] 
1621070686922 [delta_X:0 delta_y:0 status:True] 
1621070686923 [Update odom] 
1621070687052 [vx:0.0 vy:0.0 vth:0.0 yaw:0.0] 
1621070687052 [delta_X:0 delta_y:0 status:True] 
1621070687053 [Update odom] 
1621070687163 [Update odom] 
1621070687178 [vx:0.0 vy:0.0 vth:0.0 yaw:0.0] 
1621070687178 [delta_X:0 delta_y:0 status:True] 
1621070687181 [Update odom] 
1621070687273 [vx:0.0 vy:0.0 vth:0.0 yaw:0.0] 
1621070687273 [delta_X:0 delta_y:0 status:True] 
1621070687295 [vx:0.0 vy:0.0 vth:0.0 yaw:0.0] 
1621070687295 [delta_X:0 delta_y:0 status:True] 
1621070687296 [Update odom] 
1621070687404 [vx:0.0 vy:0.0 vth:0.0 yaw:0.0] 
1621070687404 [delta_X:0 delta_y:0 status:True] 
1621070687406 [Update odom] 
1621070687525 [vx:0.0 vy:0.0 vth:0.0 yaw:0.0] 
1621070687525 [delta_X:0 delta_y:0 status:True] 
1621070687527 [Update odom] 
1621070687649 [vx:0.0 vy:0.0 vth:0.0 yaw:0.0] 
1621070687649 [delta_X:0 delta_y:0 status:True] 
1621070687650 [Update odom] 
1621070687815 [vx:0.0 vy:0.0 vth:0.0 yaw:0.0] 
1621070687815 [delta_X:0 delta_y:0 status:True] 
