1621056884724 [Opening serial port: /dev/ttyTHS1.] 
1621056885029 [The robot is connected to ] [/dev/ttyTHS1] 
1621056885029 [Initial robot's topic...] 
1621056885035 [Start initializing navigation] 
1621056885035 [Start initializing navigation topic] 
1621056885080 [Initialization navigation topic finished] 
1621056885085 [Initialization navigation finished] 
1621056885092 [Update odom] 
1621056885196 [delta_X:0 delta_y:0 status:ROBOT_STATUS._STOP] 
1621056885196 [Update odom] 
1621056885298 [delta_X:0 delta_y:0 status:ROBOT_STATUS._STOP] 
1621056885299 [Update odom] 
1621056885400 [delta_X:0 delta_y:0 status:ROBOT_STATUS._STOP] 
1621056885401 [Update odom] 
1621056885502 [delta_X:0 delta_y:0 status:ROBOT_STATUS._STOP] 
1621056885504 [Update odom] 
1621056885605 [delta_X:0 delta_y:0 status:ROBOT_STATUS._STOP] 
1621056885606 [Update odom] 
1621056885707 [delta_X:0 delta_y:0 status:ROBOT_STATUS._STOP] 
1621056885708 [Update odom] 
1621056885809 [delta_X:0 delta_y:0 status:ROBOT_STATUS._STOP] 
1621056885810 [Update odom] 
1621056885911 [delta_X:0 delta_y:0 status:ROBOT_STATUS._STOP] 
1621056885912 [Update odom] 
1621056886013 [delta_X:0 delta_y:0 status:ROBOT_STATUS._STOP] 
1621056886014 [Update odom] 
1621056886115 [delta_X:0 delta_y:0 status:ROBOT_STATUS._STOP] 
1621056886116 [Update odom] 
1621056886217 [delta_X:0 delta_y:0 status:ROBOT_STATUS._STOP] 
1621056886218 [Update odom] 
1621056886320 [delta_X:0 delta_y:0 status:ROBOT_STATUS._STOP] 
1621056886320 [Update odom] 
1621056886422 [delta_X:0 delta_y:0 status:ROBOT_STATUS._STOP] 
1621056886423 [Update odom] 
1621056886524 [delta_X:0 delta_y:0 status:ROBOT_STATUS._STOP] 
1621056886528 [Update odom] 
1621056886629 [delta_X:0 delta_y:0 status:ROBOT_STATUS._STOP] 
1621056886630 [Update odom] 
1621056886731 [delta_X:0 delta_y:0 status:ROBOT_STATUS._STOP] 
1621056886733 [Update odom] 
1621056886834 [delta_X:0 delta_y:0 status:ROBOT_STATUS._STOP] 
1621056886835 [Update odom] 
1621056886937 [delta_X:0 delta_y:0 status:ROBOT_STATUS._STOP] 
1621056886938 [Update odom] 
1621056887039 [delta_X:0 delta_y:0 status:ROBOT_STATUS._STOP] 
1621056887041 [Update odom] 
1621056887146 [delta_X:0 delta_y:0 status:ROBOT_STATUS._STOP] 
1621056887147 [Update odom] 
1621056887248 [delta_X:0 delta_y:0 status:ROBOT_STATUS._STOP] 
1621056887249 [Update odom] 
1621056887350 [delta_X:0 delta_y:0 status:ROBOT_STATUS._STOP] 
1621056887351 [Update odom] 
1621056887454 [delta_X:0 delta_y:0 status:ROBOT_STATUS._STOP] 
1621056887456 [Update odom] 
1621056887557 [delta_X:0 delta_y:0 status:ROBOT_STATUS._STOP] 
1621056887558 [Update odom] 
1621056887659 [delta_X:0 delta_y:0 status:ROBOT_STATUS._STOP] 
1621056887660 [Update odom] 
1621056887763 [delta_X:0 delta_y:0 status:ROBOT_STATUS._STOP] 
1621056887764 [Update odom] 
1621056887865 [delta_X:0 delta_y:0 status:ROBOT_STATUS._STOP] 
1621056887866 [Update odom] 
1621056887967 [delta_X:0 delta_y:0 status:ROBOT_STATUS._STOP] 
1621056887968 [Update odom] 
1621056888069 [delta_X:0 delta_y:0 status:ROBOT_STATUS._STOP] 
1621056888070 [Update odom] 
1621056888171 [delta_X:0 delta_y:0 status:ROBOT_STATUS._STOP] 
1621056888172 [Update odom] 
1621056888274 [delta_X:0 delta_y:0 status:ROBOT_STATUS._STOP] 
1621056888274 [Update odom] 
1621056888375 [delta_X:0 delta_y:0 status:ROBOT_STATUS._STOP] 
1621056888376 [Update odom] 
1621056888482 [delta_X:0 delta_y:0 status:ROBOT_STATUS._STOP] 
1621056888483 [Update odom] 
1621056888584 [delta_X:0 delta_y:0 status:ROBOT_STATUS._STOP] 
1621056888585 [Update odom] 
1621056888686 [delta_X:0 delta_y:0 status:ROBOT_STATUS._STOP] 
1621056888687 [Update odom] 
1621056888788 [delta_X:0 delta_y:0 status:ROBOT_STATUS._STOP] 
1621056888789 [Update odom] 
1621056888890 [delta_X:0 delta_y:0 status:ROBOT_STATUS._STOP] 
1621056888891 [Update odom] 
1621056888992 [delta_X:0 delta_y:0 status:ROBOT_STATUS._STOP] 
1621056888994 [Update odom] 
1621056889095 [delta_X:0 delta_y:0 status:ROBOT_STATUS._STOP] 
1621056889096 [Update odom] 
1621056889197 [delta_X:0 delta_y:0 status:ROBOT_STATUS._STOP] 
1621056889197 [Update odom] 
1621056889298 [delta_X:0 delta_y:0 status:ROBOT_STATUS._STOP] 
1621056889299 [Update odom] 
1621056889400 [delta_X:0 delta_y:0 status:ROBOT_STATUS._STOP] 
1621056889401 [Update odom] 
1621056889502 [delta_X:0 delta_y:0 status:ROBOT_STATUS._STOP] 
1621056889503 [Update odom] 
1621056889605 [delta_X:0 delta_y:0 status:ROBOT_STATUS._STOP] 
1621056889606 [Update odom] 
1621056889708 [delta_X:0 delta_y:0 status:ROBOT_STATUS._STOP] 
1621056889709 [Update odom] 
1621056889810 [delta_X:0 delta_y:0 status:ROBOT_STATUS._STOP] 
1621056889811 [Update odom] 
1621056889912 [delta_X:0 delta_y:0 status:ROBOT_STATUS._STOP] 
1621056889913 [Update odom] 
1621056890014 [delta_X:0 delta_y:0 status:ROBOT_STATUS._STOP] 
1621056890015 [Update odom] 
1621056890116 [delta_X:0 delta_y:0 status:ROBOT_STATUS._STOP] 
1621056890117 [Update odom] 
1621056890218 [delta_X:0 delta_y:0 status:ROBOT_STATUS._STOP] 
1621056890218 [Update odom] 
1621056890320 [delta_X:0 delta_y:0 status:ROBOT_STATUS._STOP] 
1621056890321 [Update odom] 
1621056890422 [delta_X:0 delta_y:0 status:ROBOT_STATUS._STOP] 
1621056890423 [Update odom] 
1621056890524 [delta_X:0 delta_y:0 status:ROBOT_STATUS._STOP] 
1621056890525 [Update odom] 
1621056890626 [delta_X:0 delta_y:0 status:ROBOT_STATUS._STOP] 
1621056890628 [Update odom] 
1621056890732 [delta_X:0 delta_y:0 status:ROBOT_STATUS._STOP] 
1621056890733 [Update odom] 
1621056890834 [delta_X:0 delta_y:0 status:ROBOT_STATUS._STOP] 
1621056890834 [Update odom] 
1621056890935 [delta_X:0 delta_y:0 status:ROBOT_STATUS._STOP] 
1621056890936 [Update odom] 
1621056891037 [delta_X:0 delta_y:0 status:ROBOT_STATUS._STOP] 
1621056891038 [Update odom] 
1621056891139 [delta_X:0 delta_y:0 status:ROBOT_STATUS._STOP] 
1621056891139 [Update odom] 
1621056891240 [delta_X:0 delta_y:0 status:ROBOT_STATUS._STOP] 
1621056891241 [Update odom] 
1621056891342 [delta_X:0 delta_y:0 status:ROBOT_STATUS._STOP] 
1621056891343 [Update odom] 
1621056891445 [delta_X:0 delta_y:0 status:ROBOT_STATUS._STOP] 
1621056891445 [Update odom] 
1621056891546 [delta_X:0 delta_y:0 status:ROBOT_STATUS._STOP] 
1621056891547 [Update odom] 
1621056891648 [delta_X:0 delta_y:0 status:ROBOT_STATUS._STOP] 
1621056891649 [Update odom] 
1621056891750 [delta_X:0 delta_y:0 status:ROBOT_STATUS._STOP] 
1621056891751 [Update odom] 
1621056891853 [delta_X:0 delta_y:0 status:ROBOT_STATUS._STOP] 
1621056891855 [Update odom] 
1621056891956 [delta_X:0 delta_y:0 status:ROBOT_STATUS._STOP] 
1621056891957 [Update odom] 
1621056892058 [delta_X:0 delta_y:0 status:ROBOT_STATUS._STOP] 
1621056892061 [Update odom] 
1621056892162 [delta_X:0 delta_y:0 status:ROBOT_STATUS._STOP] 
1621056892164 [Update odom] 
1621056892265 [delta_X:0 delta_y:0 status:ROBOT_STATUS._STOP] 
1621056892266 [Update odom] 
1621056892367 [delta_X:0 delta_y:0 status:ROBOT_STATUS._STOP] 
1621056892368 [Update odom] 
1621056892469 [delta_X:0 delta_y:0 status:ROBOT_STATUS._STOP] 
1621056892470 [Update odom] 
1621056892572 [delta_X:0 delta_y:0 status:ROBOT_STATUS._STOP] 
1621056892572 [Update odom] 
1621056892674 [delta_X:0 delta_y:0 status:ROBOT_STATUS._STOP] 
1621056892675 [Update odom] 
1621056892775 [delta_X:0 delta_y:0 status:ROBOT_STATUS._STOP] 
1621056892776 [Update odom] 
1621056892878 [delta_X:0 delta_y:0 status:ROBOT_STATUS._STOP] 
1621056892879 [Update odom] 
1621056892980 [delta_X:0 delta_y:0 status:ROBOT_STATUS._STOP] 
1621056892981 [Update odom] 
1621056893083 [delta_X:0 delta_y:0 status:ROBOT_STATUS._STOP] 
1621056893084 [Update odom] 
1621056893185 [delta_X:0 delta_y:0 status:ROBOT_STATUS._STOP] 
1621056893187 [Update odom] 
1621056893288 [delta_X:0 delta_y:0 status:ROBOT_STATUS._STOP] 
1621056893290 [Update odom] 
1621056893391 [delta_X:0 delta_y:0 status:ROBOT_STATUS._STOP] 
1621056893392 [Update odom] 
1621056893493 [delta_X:0 delta_y:0 status:ROBOT_STATUS._STOP] 
1621056893494 [Update odom] 
1621056893595 [delta_X:0 delta_y:0 status:ROBOT_STATUS._STOP] 
1621056893597 [Update odom] 
1621056893698 [delta_X:0 delta_y:0 status:ROBOT_STATUS._STOP] 
1621056893699 [Update odom] 
1621056893805 [delta_X:0 delta_y:0 status:ROBOT_STATUS._STOP] 
1621056893806 [Update odom] 
1621056893907 [delta_X:0 delta_y:0 status:ROBOT_STATUS._STOP] 
1621056893908 [Update odom] 
1621056894017 [delta_X:0 delta_y:0 status:ROBOT_STATUS._STOP] 
1621056894019 [Update odom] 
1621056894121 [delta_X:0 delta_y:0 status:ROBOT_STATUS._STOP] 
1621056894122 [Update odom] 
1621056894224 [delta_X:0 delta_y:0 status:ROBOT_STATUS._STOP] 
1621056894225 [Update odom] 
1621056894328 [delta_X:0 delta_y:0 status:ROBOT_STATUS._STOP] 
1621056894328 [Update odom] 
1621056894430 [delta_X:0 delta_y:0 status:ROBOT_STATUS._STOP] 
1621056894431 [Update odom] 
1621056894532 [delta_X:0 delta_y:0 status:ROBOT_STATUS._STOP] 
1621056894533 [Update odom] 
1621056894634 [delta_X:0 delta_y:0 status:ROBOT_STATUS._STOP] 
1621056894635 [Update odom] 
1621056894735 [delta_X:0 delta_y:0 status:ROBOT_STATUS._STOP] 
1621056894736 [Update odom] 
1621056894837 [delta_X:0 delta_y:0 status:ROBOT_STATUS._STOP] 
1621056894839 [Update odom] 
1621056894940 [delta_X:0 delta_y:0 status:ROBOT_STATUS._STOP] 
1621056894941 [Update odom] 
1621056895042 [delta_X:0 delta_y:0 status:ROBOT_STATUS._STOP] 
1621056895043 [Update odom] 
1621056895144 [delta_X:0 delta_y:0 status:ROBOT_STATUS._STOP] 
1621056895144 [Update odom] 
1621056895245 [delta_X:0 delta_y:0 status:ROBOT_STATUS._STOP] 
1621056895246 [Update odom] 
1621056895347 [delta_X:0 delta_y:0 status:ROBOT_STATUS._STOP] 
1621056895348 [Update odom] 
1621056895449 [delta_X:0 delta_y:0 status:ROBOT_STATUS._STOP] 
1621056895460 [Update odom] 
1621056895562 [delta_X:0 delta_y:0 status:ROBOT_STATUS._STOP] 
1621056895563 [Update odom] 
1621056895664 [delta_X:0 delta_y:0 status:ROBOT_STATUS._STOP] 
1621056895665 [Update odom] 
1621056895766 [delta_X:0 delta_y:0 status:ROBOT_STATUS._STOP] 
1621056895767 [Update odom] 
1621056895868 [delta_X:0 delta_y:0 status:ROBOT_STATUS._STOP] 
1621056895869 [Update odom] 
1621056895971 [delta_X:0 delta_y:0 status:ROBOT_STATUS._STOP] 
1621056895972 [Update odom] 
1621056896074 [delta_X:0 delta_y:0 status:ROBOT_STATUS._STOP] 
1621056896075 [Update odom] 
1621056896175 [delta_X:0 delta_y:0 status:ROBOT_STATUS._STOP] 
1621056896176 [Update odom] 
1621056896277 [delta_X:0 delta_y:0 status:ROBOT_STATUS._STOP] 
1621056896278 [Update odom] 
1621056896379 [delta_X:0 delta_y:0 status:ROBOT_STATUS._STOP] 
1621056896381 [Update odom] 
1621056896482 [delta_X:0 delta_y:0 status:ROBOT_STATUS._STOP] 
1621056896484 [Update odom] 
1621056896585 [delta_X:0 delta_y:0 status:ROBOT_STATUS._STOP] 
1621056896586 [Update odom] 
1621056896688 [delta_X:0 delta_y:0 status:ROBOT_STATUS._STOP] 
1621056896688 [Update odom] 
1621056896790 [delta_X:0 delta_y:0 status:ROBOT_STATUS._STOP] 
1621056896790 [Update odom] 
1621056896892 [delta_X:0 delta_y:0 status:ROBOT_STATUS._STOP] 
1621056896893 [Update odom] 
1621056896994 [delta_X:0 delta_y:0 status:ROBOT_STATUS._STOP] 
1621056896995 [Update odom] 
1621056897096 [delta_X:0 delta_y:0 status:ROBOT_STATUS._STOP] 
1621056897097 [Update odom] 
1621056897199 [delta_X:0 delta_y:0 status:ROBOT_STATUS._STOP] 
1621056897199 [Update odom] 
1621056897300 [delta_X:0 delta_y:0 status:ROBOT_STATUS._STOP] 
1621056897301 [Update odom] 
1621056897403 [delta_X:0 delta_y:0 status:ROBOT_STATUS._STOP] 
1621056897405 [Update odom] 
1621056897506 [delta_X:0 delta_y:0 status:ROBOT_STATUS._STOP] 
1621056897506 [Update odom] 
1621056897608 [delta_X:0 delta_y:0 status:ROBOT_STATUS._STOP] 
1621056897609 [Update odom] 
1621056897710 [delta_X:0 delta_y:0 status:ROBOT_STATUS._STOP] 
1621056897711 [Update odom] 
1621056897812 [delta_X:0 delta_y:0 status:ROBOT_STATUS._STOP] 
1621056897813 [Update odom] 
1621056897914 [delta_X:0 delta_y:0 status:ROBOT_STATUS._STOP] 
1621056897915 [Update odom] 
1621056898016 [delta_X:0 delta_y:0 status:ROBOT_STATUS._STOP] 
1621056898017 [Update odom] 
1621056898117 [delta_X:0 delta_y:0 status:ROBOT_STATUS._STOP] 
1621056898118 [Update odom] 
1621056898219 [delta_X:0 delta_y:0 status:ROBOT_STATUS._STOP] 
1621056898220 [Update odom] 
1621056898321 [delta_X:0 delta_y:0 status:ROBOT_STATUS._STOP] 
1621056898322 [Update odom] 
1621056898423 [delta_X:0 delta_y:0 status:ROBOT_STATUS._STOP] 
1621056898424 [Update odom] 
1621056898525 [delta_X:0 delta_y:0 status:ROBOT_STATUS._STOP] 
1621056898526 [Update odom] 
1621056898627 [delta_X:0 delta_y:0 status:ROBOT_STATUS._STOP] 
1621056898628 [Update odom] 
1621056898733 [delta_X:0 delta_y:0 status:ROBOT_STATUS._STOP] 
1621056898734 [Update odom] 
1621056898837 [delta_X:0 delta_y:0 status:ROBOT_STATUS._STOP] 
1621056898837 [Update odom] 
1621056898938 [delta_X:0 delta_y:0 status:ROBOT_STATUS._STOP] 
1621056898939 [Update odom] 
1621056899042 [delta_X:0 delta_y:0 status:ROBOT_STATUS._STOP] 
1621056899043 [Update odom] 
1621056899145 [delta_X:0 delta_y:0 status:ROBOT_STATUS._STOP] 
1621056899146 [Update odom] 
1621056899249 [delta_X:0 delta_y:0 status:ROBOT_STATUS._STOP] 
1621056899249 [Update odom] 
1621056899350 [delta_X:0 delta_y:0 status:ROBOT_STATUS._STOP] 
1621056899351 [Update odom] 
1621056899453 [delta_X:0 delta_y:0 status:ROBOT_STATUS._STOP] 
1621056899454 [Update odom] 
1621056899555 [delta_X:0 delta_y:0 status:ROBOT_STATUS._STOP] 
1621056899556 [Update odom] 
1621056899656 [delta_X:0 delta_y:0 status:ROBOT_STATUS._STOP] 
1621056899657 [Update odom] 
1621056899759 [delta_X:0 delta_y:0 status:ROBOT_STATUS._STOP] 
1621056899759 [Update odom] 
1621056899861 [delta_X:0 delta_y:0 status:ROBOT_STATUS._STOP] 
1621056899862 [Update odom] 
1621056899963 [delta_X:0 delta_y:0 status:ROBOT_STATUS._STOP] 
1621056899967 [Update odom] 
1621056900068 [delta_X:0 delta_y:0 status:ROBOT_STATUS._STOP] 
1621056900069 [Update odom] 
1621056900172 [delta_X:0 delta_y:0 status:ROBOT_STATUS._STOP] 
1621056900173 [Update odom] 
1621056900274 [delta_X:0 delta_y:0 status:ROBOT_STATUS._STOP] 
1621056900275 [Update odom] 
1621056900376 [delta_X:0 delta_y:0 status:ROBOT_STATUS._STOP] 
1621056900377 [Update odom] 
1621056900478 [delta_X:0 delta_y:0 status:ROBOT_STATUS._STOP] 
1621056900479 [Update odom] 
1621056900580 [delta_X:0 delta_y:0 status:ROBOT_STATUS._STOP] 
1621056900582 [Update odom] 
1621056900683 [delta_X:0 delta_y:0 status:ROBOT_STATUS._STOP] 
1621056900684 [Update odom] 
1621056900786 [delta_X:0 delta_y:0 status:ROBOT_STATUS._STOP] 
1621056900787 [Update odom] 
1621056900889 [delta_X:0 delta_y:0 status:ROBOT_STATUS._STOP] 
1621056900890 [Update odom] 
1621056900991 [delta_X:0 delta_y:0 status:ROBOT_STATUS._STOP] 
1621056900992 [Update odom] 
1621056901093 [delta_X:0 delta_y:0 status:ROBOT_STATUS._STOP] 
1621056901094 [Update odom] 
1621056901195 [delta_X:0 delta_y:0 status:ROBOT_STATUS._STOP] 
1621056901196 [Update odom] 
1621056901297 [delta_X:0 delta_y:0 status:ROBOT_STATUS._STOP] 
1621056901299 [Update odom] 
1621056901400 [delta_X:0 delta_y:0 status:ROBOT_STATUS._STOP] 
1621056901401 [Update odom] 
1621056901503 [delta_X:0 delta_y:0 status:ROBOT_STATUS._STOP] 
1621056901504 [Update odom] 
1621056901608 [delta_X:0 delta_y:0 status:ROBOT_STATUS._STOP] 
1621056901608 [Update odom] 
1621056901709 [delta_X:0 delta_y:0 status:ROBOT_STATUS._STOP] 
1621056901711 [Update odom] 
1621056901812 [delta_X:0 delta_y:0 status:ROBOT_STATUS._STOP] 
1621056901814 [Update odom] 
1621056901915 [delta_X:0 delta_y:0 status:ROBOT_STATUS._STOP] 
1621056901916 [Update odom] 
1621056902017 [delta_X:0 delta_y:0 status:ROBOT_STATUS._STOP] 
1621056902018 [Update odom] 
1621056902119 [delta_X:0 delta_y:0 status:ROBOT_STATUS._STOP] 
1621056902120 [Update odom] 
1621056902222 [delta_X:0 delta_y:0 status:ROBOT_STATUS._STOP] 
1621056902223 [Update odom] 
1621056902325 [delta_X:0 delta_y:0 status:ROBOT_STATUS._STOP] 
1621056902326 [Update odom] 
1621056902427 [delta_X:0 delta_y:0 status:ROBOT_STATUS._STOP] 
1621056902428 [Update odom] 
1621056902529 [delta_X:0 delta_y:0 status:ROBOT_STATUS._STOP] 
1621056902530 [Update odom] 
1621056902632 [delta_X:0 delta_y:0 status:ROBOT_STATUS._STOP] 
1621056902633 [Update odom] 
1621056902734 [delta_X:0 delta_y:0 status:ROBOT_STATUS._STOP] 
1621056902735 [Update odom] 
1621056902836 [delta_X:0 delta_y:0 status:ROBOT_STATUS._STOP] 
1621056902837 [Update odom] 
1621056902938 [delta_X:0 delta_y:0 status:ROBOT_STATUS._STOP] 
1621056902939 [Update odom] 
1621056903040 [delta_X:0 delta_y:0 status:ROBOT_STATUS._STOP] 
1621056903041 [Update odom] 
1621056903142 [delta_X:0 delta_y:0 status:ROBOT_STATUS._STOP] 
1621056903150 [Update odom] 
1621056903253 [delta_X:0 delta_y:0 status:ROBOT_STATUS._STOP] 
1621056903260 [Update odom] 
1621056903363 [delta_X:0 delta_y:0 status:ROBOT_STATUS._STOP] 
1621056903365 [Update odom] 
1621056903466 [delta_X:0 delta_y:0 status:ROBOT_STATUS._STOP] 
1621056903467 [Update odom] 
1621056903569 [delta_X:0 delta_y:0 status:ROBOT_STATUS._STOP] 
1621056903569 [Update odom] 
1621056903671 [delta_X:0 delta_y:0 status:ROBOT_STATUS._STOP] 
1621056903672 [Update odom] 
1621056903781 [delta_X:0 delta_y:0 status:ROBOT_STATUS._STOP] 
1621056903782 [Update odom] 
1621056903883 [delta_X:0 delta_y:0 status:ROBOT_STATUS._STOP] 
1621056903884 [Update odom] 
1621056903985 [delta_X:0 delta_y:0 status:ROBOT_STATUS._STOP] 
1621056903986 [Update odom] 
1621056904087 [delta_X:0 delta_y:0 status:ROBOT_STATUS._STOP] 
1621056904088 [Update odom] 
1621056904189 [delta_X:0 delta_y:0 status:ROBOT_STATUS._STOP] 
1621056904190 [Update odom] 
1621056904292 [delta_X:0 delta_y:0 status:ROBOT_STATUS._STOP] 
1621056904292 [Update odom] 
1621056904394 [delta_X:0 delta_y:0 status:ROBOT_STATUS._STOP] 
1621056904394 [Update odom] 
1621056904495 [delta_X:0 delta_y:0 status:ROBOT_STATUS._STOP] 
1621056904503 [Update odom] 
1621056904605 [delta_X:0 delta_y:0 status:ROBOT_STATUS._STOP] 
1621056904606 [Update odom] 
1621056904707 [delta_X:0 delta_y:0 status:ROBOT_STATUS._STOP] 
1621056904708 [Update odom] 
1621056904812 [delta_X:0 delta_y:0 status:ROBOT_STATUS._STOP] 
1621056904813 [Update odom] 
1621056904914 [delta_X:0 delta_y:0 status:ROBOT_STATUS._STOP] 
1621056904915 [Update odom] 
1621056905016 [delta_X:0 delta_y:0 status:ROBOT_STATUS._STOP] 
1621056905017 [Update odom] 
1621056905118 [delta_X:0 delta_y:0 status:ROBOT_STATUS._STOP] 
1621056905119 [Update odom] 
1621056905221 [delta_X:0 delta_y:0 status:ROBOT_STATUS._STOP] 
1621056905222 [Update odom] 
1621056905324 [delta_X:0 delta_y:0 status:ROBOT_STATUS._STOP] 
1621056905326 [Update odom] 
1621056905427 [delta_X:0 delta_y:0 status:ROBOT_STATUS._STOP] 
1621056905428 [Update odom] 
1621056905530 [delta_X:0 delta_y:0 status:ROBOT_STATUS._STOP] 
1621056905531 [Update odom] 
1621056905646 [delta_X:0 delta_y:0 status:ROBOT_STATUS._STOP] 
1621056905647 [Update odom] 
1621056905753 [delta_X:0 delta_y:0 status:ROBOT_STATUS._STOP] 
1621056905755 [Update odom] 
1621056905857 [delta_X:0 delta_y:0 status:ROBOT_STATUS._STOP] 
1621056905857 [Update odom] 
1621056905959 [delta_X:0 delta_y:0 status:ROBOT_STATUS._STOP] 
1621056905960 [Update odom] 
1621056906061 [delta_X:0 delta_y:0 status:ROBOT_STATUS._STOP] 
1621056906062 [Update odom] 
1621056906163 [delta_X:0 delta_y:0 status:ROBOT_STATUS._STOP] 
1621056906164 [Update odom] 
1621056906270 [delta_X:0 delta_y:0 status:ROBOT_STATUS._STOP] 
1621056906271 [Update odom] 
1621056906373 [delta_X:0 delta_y:0 status:ROBOT_STATUS._STOP] 
1621056906373 [Update odom] 
1621056906475 [delta_X:0 delta_y:0 status:ROBOT_STATUS._STOP] 
1621056906475 [Update odom] 
1621056906577 [delta_X:0 delta_y:0 status:ROBOT_STATUS._STOP] 
1621056906584 [Update odom] 
1621056906695 [delta_X:0 delta_y:0 status:ROBOT_STATUS._STOP] 
1621056906696 [Update odom] 
1621056906797 [delta_X:0 delta_y:0 status:ROBOT_STATUS._STOP] 
1621056906797 [Update odom] 
1621056906899 [delta_X:0 delta_y:0 status:ROBOT_STATUS._STOP] 
1621056906900 [Update odom] 
1621056907001 [delta_X:0 delta_y:0 status:ROBOT_STATUS._STOP] 
1621056907002 [Update odom] 
1621056907103 [delta_X:0 delta_y:0 status:ROBOT_STATUS._STOP] 
1621056907104 [Update odom] 
1621056907205 [delta_X:0 delta_y:0 status:ROBOT_STATUS._STOP] 
1621056907206 [Update odom] 
1621056907308 [delta_X:0 delta_y:0 status:ROBOT_STATUS._STOP] 
1621056907309 [Update odom] 
1621056907409 [delta_X:0 delta_y:0 status:ROBOT_STATUS._STOP] 
1621056907410 [Update odom] 
1621056907512 [delta_X:0 delta_y:0 status:ROBOT_STATUS._STOP] 
1621056907513 [Update odom] 
1621056907622 [delta_X:0 delta_y:0 status:ROBOT_STATUS._STOP] 
1621056907623 [Update odom] 
1621056907725 [delta_X:0 delta_y:0 status:ROBOT_STATUS._STOP] 
1621056907726 [Update odom] 
1621056907828 [delta_X:0 delta_y:0 status:ROBOT_STATUS._STOP] 
1621056907829 [Update odom] 
1621056907930 [delta_X:0 delta_y:0 status:ROBOT_STATUS._STOP] 
1621056907931 [Update odom] 
1621056908032 [delta_X:0 delta_y:0 status:ROBOT_STATUS._STOP] 
1621056908033 [Update odom] 
1621056908140 [delta_X:0 delta_y:0 status:ROBOT_STATUS._STOP] 
1621056908141 [Update odom] 
1621056908242 [delta_X:0 delta_y:0 status:ROBOT_STATUS._STOP] 
1621056908243 [Update odom] 
1621056908344 [delta_X:0 delta_y:0 status:ROBOT_STATUS._STOP] 
1621056908345 [Update odom] 
1621056908447 [delta_X:0 delta_y:0 status:ROBOT_STATUS._STOP] 
1621056908447 [Update odom] 
1621056908549 [delta_X:0 delta_y:0 status:ROBOT_STATUS._STOP] 
1621056908549 [Update odom] 
1621056908651 [delta_X:0 delta_y:0 status:ROBOT_STATUS._STOP] 
1621056908652 [Update odom] 
1621056908753 [delta_X:0 delta_y:0 status:ROBOT_STATUS._STOP] 
1621056908754 [Update odom] 
1621056908855 [delta_X:0 delta_y:0 status:ROBOT_STATUS._STOP] 
1621056908856 [Update odom] 
1621056908957 [delta_X:0 delta_y:0 status:ROBOT_STATUS._STOP] 
1621056908958 [Update odom] 
1621056909060 [delta_X:0 delta_y:0 status:ROBOT_STATUS._STOP] 
1621056909061 [Update odom] 
1621056909162 [delta_X:0 delta_y:0 status:ROBOT_STATUS._STOP] 
1621056909163 [Update odom] 
1621056909264 [delta_X:0 delta_y:0 status:ROBOT_STATUS._STOP] 
1621056909265 [Update odom] 
1621056909366 [delta_X:0 delta_y:0 status:ROBOT_STATUS._STOP] 
1621056909369 [Update odom] 
1621056909470 [delta_X:0 delta_y:0 status:ROBOT_STATUS._STOP] 
1621056909471 [Update odom] 
1621056909572 [delta_X:0 delta_y:0 status:ROBOT_STATUS._STOP] 
1621056909573 [Update odom] 
1621056909674 [delta_X:0 delta_y:0 status:ROBOT_STATUS._STOP] 
1621056909675 [Update odom] 
1621056909776 [delta_X:0 delta_y:0 status:ROBOT_STATUS._STOP] 
1621056909777 [Update odom] 
1621056909878 [delta_X:0 delta_y:0 status:ROBOT_STATUS._STOP] 
1621056909879 [Update odom] 
1621056909980 [delta_X:0 delta_y:0 status:ROBOT_STATUS._STOP] 
1621056909982 [Update odom] 
1621056910083 [delta_X:0 delta_y:0 status:ROBOT_STATUS._STOP] 
1621056910084 [Update odom] 
1621056910185 [delta_X:0 delta_y:0 status:ROBOT_STATUS._STOP] 
1621056910186 [Update odom] 
1621056910287 [delta_X:0 delta_y:0 status:ROBOT_STATUS._STOP] 
1621056910294 [Update odom] 
1621056910402 [delta_X:0 delta_y:0 status:ROBOT_STATUS._STOP] 
1621056910403 [Update odom] 
1621056910505 [delta_X:0 delta_y:0 status:ROBOT_STATUS._STOP] 
1621056910505 [Update odom] 
1621056910606 [delta_X:0 delta_y:0 status:ROBOT_STATUS._STOP] 
1621056910607 [Update odom] 
1621056910708 [delta_X:0 delta_y:0 status:ROBOT_STATUS._STOP] 
1621056910709 [Update odom] 
1621056910810 [delta_X:0 delta_y:0 status:ROBOT_STATUS._STOP] 
1621056910811 [Update odom] 
1621056910912 [delta_X:0 delta_y:0 status:ROBOT_STATUS._STOP] 
1621056910913 [Update odom] 
1621056911014 [delta_X:0 delta_y:0 status:ROBOT_STATUS._STOP] 
1621056911015 [Update odom] 
1621056911116 [delta_X:0 delta_y:0 status:ROBOT_STATUS._STOP] 
1621056911118 [Update odom] 
1621056911219 [delta_X:0 delta_y:0 status:ROBOT_STATUS._STOP] 
1621056911220 [Update odom] 
1621056911322 [delta_X:0 delta_y:0 status:ROBOT_STATUS._STOP] 
1621056911323 [Update odom] 
1621056911424 [delta_X:0 delta_y:0 status:ROBOT_STATUS._STOP] 
1621056911425 [Update odom] 
1621056911526 [delta_X:0 delta_y:0 status:ROBOT_STATUS._STOP] 
1621056911527 [Update odom] 
1621056911628 [delta_X:0 delta_y:0 status:ROBOT_STATUS._STOP] 
1621056911629 [Update odom] 
1621056911730 [delta_X:0 delta_y:0 status:ROBOT_STATUS._STOP] 
1621056911731 [Update odom] 
1621056911832 [delta_X:0 delta_y:0 status:ROBOT_STATUS._STOP] 
1621056911833 [Update odom] 
1621056911934 [delta_X:0 delta_y:0 status:ROBOT_STATUS._STOP] 
1621056911935 [Update odom] 
1621056912036 [delta_X:0 delta_y:0 status:ROBOT_STATUS._STOP] 
1621056912037 [Update odom] 
1621056912138 [delta_X:0 delta_y:0 status:ROBOT_STATUS._STOP] 
1621056912140 [Update odom] 
1621056912241 [delta_X:0 delta_y:0 status:ROBOT_STATUS._STOP] 
1621056912242 [Update odom] 
1621056912343 [delta_X:0 delta_y:0 status:ROBOT_STATUS._STOP] 
1621056912344 [Update odom] 
1621056912445 [delta_X:0 delta_y:0 status:ROBOT_STATUS._STOP] 
1621056912446 [Update odom] 
1621056912547 [delta_X:0 delta_y:0 status:ROBOT_STATUS._STOP] 
1621056912548 [Update odom] 
1621056912649 [delta_X:0 delta_y:0 status:ROBOT_STATUS._STOP] 
1621056912649 [Update odom] 
1621056912751 [delta_X:0 delta_y:0 status:ROBOT_STATUS._STOP] 
1621056912760 [Update odom] 
1621056912861 [delta_X:0 delta_y:0 status:ROBOT_STATUS._STOP] 
1621056912862 [Update odom] 
1621056912964 [delta_X:0 delta_y:0 status:ROBOT_STATUS._STOP] 
1621056912965 [Update odom] 
1621056913066 [delta_X:0 delta_y:0 status:ROBOT_STATUS._STOP] 
1621056913067 [Update odom] 
1621056913169 [delta_X:0 delta_y:0 status:ROBOT_STATUS._STOP] 
1621056913170 [Update odom] 
1621056913274 [delta_X:0 delta_y:0 status:ROBOT_STATUS._STOP] 
1621056913278 [Update odom] 
1621056913379 [delta_X:0 delta_y:0 status:ROBOT_STATUS._STOP] 
1621056913390 [Update odom] 
1621056913498 [delta_X:0 delta_y:0 status:ROBOT_STATUS._STOP] 
1621056913499 [Update odom] 
1621056913602 [delta_X:0 delta_y:0 status:ROBOT_STATUS._STOP] 
1621056913603 [Update odom] 
1621056913705 [delta_X:0 delta_y:0 status:ROBOT_STATUS._STOP] 
1621056913707 [Update odom] 
1621056913808 [delta_X:0 delta_y:0 status:ROBOT_STATUS._STOP] 
1621056913809 [Update odom] 
1621056913910 [delta_X:0 delta_y:0 status:ROBOT_STATUS._STOP] 
1621056913911 [Update odom] 
1621056914013 [delta_X:0 delta_y:0 status:ROBOT_STATUS._STOP] 
1621056914014 [Update odom] 
1621056914115 [delta_X:0 delta_y:0 status:ROBOT_STATUS._STOP] 
1621056914115 [Update odom] 
1621056914217 [delta_X:0 delta_y:0 status:ROBOT_STATUS._STOP] 
1621056914218 [Update odom] 
1621056914319 [delta_X:0 delta_y:0 status:ROBOT_STATUS._STOP] 
1621056914319 [Update odom] 
1621056914421 [delta_X:0 delta_y:0 status:ROBOT_STATUS._STOP] 
1621056914422 [Update odom] 
1621056914523 [delta_X:0 delta_y:0 status:ROBOT_STATUS._STOP] 
1621056914524 [Update odom] 
1621056914626 [delta_X:0 delta_y:0 status:ROBOT_STATUS._STOP] 
1621056914626 [Update odom] 
1621056914728 [delta_X:0 delta_y:0 status:ROBOT_STATUS._STOP] 
1621056914730 [Update odom] 
1621056914831 [delta_X:0 delta_y:0 status:ROBOT_STATUS._STOP] 
1621056914837 [Update odom] 
1621056914938 [delta_X:0 delta_y:0 status:ROBOT_STATUS._STOP] 
1621056914939 [Update odom] 
1621056915040 [delta_X:0 delta_y:0 status:ROBOT_STATUS._STOP] 
1621056915041 [Update odom] 
1621056915145 [delta_X:0 delta_y:0 status:ROBOT_STATUS._STOP] 
1621056915146 [Update odom] 
1621056915247 [delta_X:0 delta_y:0 status:ROBOT_STATUS._STOP] 
1621056915248 [Update odom] 
1621056915349 [delta_X:0 delta_y:0 status:ROBOT_STATUS._STOP] 
1621056915352 [Update odom] 
1621056915454 [delta_X:0 delta_y:0 status:ROBOT_STATUS._STOP] 
1621056915454 [Update odom] 
1621056915555 [delta_X:0 delta_y:0 status:ROBOT_STATUS._STOP] 
1621056915557 [Update odom] 
1621056915658 [delta_X:0 delta_y:0 status:ROBOT_STATUS._STOP] 
1621056915659 [Update odom] 
1621056915760 [delta_X:0 delta_y:0 status:ROBOT_STATUS._STOP] 
1621056915761 [Update odom] 
1621056915862 [delta_X:0 delta_y:0 status:ROBOT_STATUS._STOP] 
1621056915863 [Update odom] 
1621056915964 [delta_X:0 delta_y:0 status:ROBOT_STATUS._STOP] 
1621056915965 [Update odom] 
1621056916067 [delta_X:0 delta_y:0 status:ROBOT_STATUS._STOP] 
1621056916068 [Update odom] 
1621056916174 [delta_X:0 delta_y:0 status:ROBOT_STATUS._STOP] 
1621056916175 [Update odom] 
1621056916278 [delta_X:0 delta_y:0 status:ROBOT_STATUS._STOP] 
1621056916279 [Update odom] 
1621056916381 [delta_X:0 delta_y:0 status:ROBOT_STATUS._STOP] 
1621056916382 [Update odom] 
1621056916486 [delta_X:0 delta_y:0 status:ROBOT_STATUS._STOP] 
1621056916487 [Update odom] 
1621056916588 [delta_X:0 delta_y:0 status:ROBOT_STATUS._STOP] 
1621056916589 [Update odom] 
1621056916692 [delta_X:0 delta_y:0 status:ROBOT_STATUS._STOP] 
1621056916693 [Update odom] 
1621056916794 [delta_X:0 delta_y:0 status:ROBOT_STATUS._STOP] 
1621056916795 [Update odom] 
1621056916900 [delta_X:0 delta_y:0 status:ROBOT_STATUS._STOP] 
1621056916902 [Update odom] 
1621056917004 [delta_X:0 delta_y:0 status:ROBOT_STATUS._STOP] 
1621056917005 [Update odom] 
1621056917106 [delta_X:0 delta_y:0 status:ROBOT_STATUS._STOP] 
1621056917107 [Update odom] 
1621056917209 [delta_X:0 delta_y:0 status:ROBOT_STATUS._STOP] 
1621056917211 [Update odom] 
1621056917312 [delta_X:0 delta_y:0 status:ROBOT_STATUS._STOP] 
1621056917313 [Update odom] 
1621056917417 [delta_X:0 delta_y:0 status:ROBOT_STATUS._STOP] 
1621056917418 [Update odom] 
1621056917520 [delta_X:0 delta_y:0 status:ROBOT_STATUS._STOP] 
1621056917521 [Update odom] 
1621056917622 [delta_X:0 delta_y:0 status:ROBOT_STATUS._STOP] 
1621056917624 [Update odom] 
1621056917725 [delta_X:0 delta_y:0 status:ROBOT_STATUS._STOP] 
1621056917727 [Update odom] 
1621056917828 [delta_X:0 delta_y:0 status:ROBOT_STATUS._STOP] 
1621056917829 [Update odom] 
1621056917930 [delta_X:0 delta_y:0 status:ROBOT_STATUS._STOP] 
1621056917931 [Update odom] 
1621056918033 [delta_X:0 delta_y:0 status:ROBOT_STATUS._STOP] 
1621056918034 [Update odom] 
1621056918135 [delta_X:0 delta_y:0 status:ROBOT_STATUS._STOP] 
1621056918137 [Update odom] 
1621056918239 [delta_X:0 delta_y:0 status:ROBOT_STATUS._STOP] 
1621056918239 [Update odom] 
1621056918341 [delta_X:0 delta_y:0 status:ROBOT_STATUS._STOP] 
1621056918343 [Update odom] 
1621056918445 [delta_X:0 delta_y:0 status:ROBOT_STATUS._STOP] 
1621056918446 [Update odom] 
1621056918546 [delta_X:0 delta_y:0 status:ROBOT_STATUS._STOP] 
1621056918547 [Update odom] 
1621056918648 [delta_X:0 delta_y:0 status:ROBOT_STATUS._STOP] 
1621056918649 [Update odom] 
1621056918750 [delta_X:0 delta_y:0 status:ROBOT_STATUS._STOP] 
1621056918751 [Update odom] 
1621056918852 [delta_X:0 delta_y:0 status:ROBOT_STATUS._STOP] 
1621056918853 [Update odom] 
1621056918955 [delta_X:0 delta_y:0 status:ROBOT_STATUS._STOP] 
1621056918956 [Update odom] 
1621056919057 [delta_X:0 delta_y:0 status:ROBOT_STATUS._STOP] 
1621056919059 [Update odom] 
1621056919160 [delta_X:0 delta_y:0 status:ROBOT_STATUS._STOP] 
1621056919163 [Update odom] 
1621056919264 [delta_X:0 delta_y:0 status:ROBOT_STATUS._STOP] 
1621056919266 [Update odom] 
1621056919367 [delta_X:0 delta_y:0 status:ROBOT_STATUS._STOP] 
1621056919368 [Update odom] 
1621056919471 [delta_X:0 delta_y:0 status:ROBOT_STATUS._STOP] 
1621056919472 [Update odom] 
1621056919573 [delta_X:0 delta_y:0 status:ROBOT_STATUS._STOP] 
1621056919574 [Update odom] 
1621056919675 [delta_X:0 delta_y:0 status:ROBOT_STATUS._STOP] 
1621056919677 [Update odom] 
1621056919779 [delta_X:0 delta_y:0 status:ROBOT_STATUS._STOP] 
1621056919781 [Update odom] 
1621056919882 [delta_X:0 delta_y:0 status:ROBOT_STATUS._STOP] 
1621056919886 [Update odom] 
1621056919988 [delta_X:0 delta_y:0 status:ROBOT_STATUS._STOP] 
1621056919988 [Update odom] 
1621056920093 [delta_X:0 delta_y:0 status:ROBOT_STATUS._STOP] 
1621056920094 [Update odom] 
1621056920196 [delta_X:0 delta_y:0 status:ROBOT_STATUS._STOP] 
1621056920197 [Update odom] 
1621056920303 [delta_X:0 delta_y:0 status:ROBOT_STATUS._STOP] 
1621056920305 [Update odom] 
1621056920407 [delta_X:0 delta_y:0 status:ROBOT_STATUS._STOP] 
1621056920408 [Update odom] 
1621056920509 [delta_X:0 delta_y:0 status:ROBOT_STATUS._STOP] 
1621056920510 [Update odom] 
1621056920611 [delta_X:0 delta_y:0 status:ROBOT_STATUS._STOP] 
1621056920613 [Update odom] 
1621056920714 [delta_X:0 delta_y:0 status:ROBOT_STATUS._STOP] 
1621056920715 [Update odom] 
1621056920817 [delta_X:0 delta_y:0 status:ROBOT_STATUS._STOP] 
1621056920817 [Update odom] 
1621056920922 [delta_X:0 delta_y:0 status:ROBOT_STATUS._STOP] 
1621056920922 [Update odom] 
1621056921024 [delta_X:0 delta_y:0 status:ROBOT_STATUS._STOP] 
1621056921024 [Update odom] 
1621056921125 [delta_X:0 delta_y:0 status:ROBOT_STATUS._STOP] 
1621056921126 [Update odom] 
1621056921228 [delta_X:0 delta_y:0 status:ROBOT_STATUS._STOP] 
1621056921229 [Update odom] 
1621056921330 [delta_X:0 delta_y:0 status:ROBOT_STATUS._STOP] 
1621056921331 [Update odom] 
1621056921433 [delta_X:0 delta_y:0 status:ROBOT_STATUS._STOP] 
1621056921434 [Update odom] 
1621056921536 [delta_X:0 delta_y:0 status:ROBOT_STATUS._STOP] 
1621056921537 [Update odom] 
1621056921638 [delta_X:0 delta_y:0 status:ROBOT_STATUS._STOP] 
1621056921640 [Update odom] 
1621056921745 [delta_X:0 delta_y:0 status:ROBOT_STATUS._STOP] 
1621056921746 [Update odom] 
1621056921847 [delta_X:0 delta_y:0 status:ROBOT_STATUS._STOP] 
1621056921848 [Update odom] 
1621056921950 [delta_X:0 delta_y:0 status:ROBOT_STATUS._STOP] 
1621056921951 [Update odom] 
1621056922053 [delta_X:0 delta_y:0 status:ROBOT_STATUS._STOP] 
1621056922054 [Update odom] 
1621056922156 [delta_X:0 delta_y:0 status:ROBOT_STATUS._STOP] 
1621056922157 [Update odom] 
1621056922258 [delta_X:0 delta_y:0 status:ROBOT_STATUS._STOP] 
1621056922259 [Update odom] 
1621056922360 [delta_X:0 delta_y:0 status:ROBOT_STATUS._STOP] 
1621056922361 [Update odom] 
1621056922462 [delta_X:0 delta_y:0 status:ROBOT_STATUS._STOP] 
1621056922469 [Update odom] 
1621056922570 [delta_X:0 delta_y:0 status:ROBOT_STATUS._STOP] 
1621056922571 [Update odom] 
1621056922673 [delta_X:0 delta_y:0 status:ROBOT_STATUS._STOP] 
1621056922674 [Update odom] 
1621056922775 [delta_X:0 delta_y:0 status:ROBOT_STATUS._STOP] 
1621056922776 [Update odom] 
1621056922877 [delta_X:0 delta_y:0 status:ROBOT_STATUS._STOP] 
1621056922878 [Update odom] 
1621056922979 [delta_X:0 delta_y:0 status:ROBOT_STATUS._STOP] 
1621056922980 [Update odom] 
1621056923081 [delta_X:0 delta_y:0 status:ROBOT_STATUS._STOP] 
1621056923082 [Update odom] 
1621056923185 [delta_X:0 delta_y:0 status:ROBOT_STATUS._STOP] 
1621056923186 [Update odom] 
1621056923289 [delta_X:0 delta_y:0 status:ROBOT_STATUS._STOP] 
1621056923290 [Update odom] 
1621056923392 [delta_X:0 delta_y:0 status:ROBOT_STATUS._STOP] 
1621056923393 [Update odom] 
1621056923495 [delta_X:0 delta_y:0 status:ROBOT_STATUS._STOP] 
1621056923496 [Update odom] 
1621056923598 [delta_X:0 delta_y:0 status:ROBOT_STATUS._STOP] 
1621056923599 [Update odom] 
1621056923705 [delta_X:0 delta_y:0 status:ROBOT_STATUS._STOP] 
1621056923706 [Update odom] 
1621056923807 [delta_X:0 delta_y:0 status:ROBOT_STATUS._STOP] 
1621056923809 [Update odom] 
1621056923911 [delta_X:0 delta_y:0 status:ROBOT_STATUS._STOP] 
1621056923913 [Update odom] 
1621056924014 [delta_X:0 delta_y:0 status:ROBOT_STATUS._STOP] 
1621056924015 [Update odom] 
1621056924117 [delta_X:0 delta_y:0 status:ROBOT_STATUS._STOP] 
1621056924118 [Update odom] 
1621056924219 [delta_X:0 delta_y:0 status:ROBOT_STATUS._STOP] 
1621056924223 [Update odom] 
1621056924324 [delta_X:0 delta_y:0 status:ROBOT_STATUS._STOP] 
1621056924325 [Update odom] 
1621056924426 [delta_X:0 delta_y:0 status:ROBOT_STATUS._STOP] 
1621056924427 [Update odom] 
1621056924529 [delta_X:0 delta_y:0 status:ROBOT_STATUS._STOP] 
1621056924531 [Update odom] 
1621056924633 [delta_X:0 delta_y:0 status:ROBOT_STATUS._STOP] 
1621056924634 [Update odom] 
1621056924738 [delta_X:0 delta_y:0 status:ROBOT_STATUS._STOP] 
1621056924739 [Update odom] 
1621056924841 [delta_X:0 delta_y:0 status:ROBOT_STATUS._STOP] 
1621056924841 [Update odom] 
1621056924946 [delta_X:0 delta_y:0 status:ROBOT_STATUS._STOP] 
1621056924950 [Update odom] 
1621056925052 [delta_X:0 delta_y:0 status:ROBOT_STATUS._STOP] 
1621056925053 [Update odom] 
1621056925157 [delta_X:0 delta_y:0 status:ROBOT_STATUS._STOP] 
1621056925158 [Update odom] 
1621056925267 [delta_X:0 delta_y:0 status:ROBOT_STATUS._STOP] 
1621056925268 [Update odom] 
1621056925371 [delta_X:0 delta_y:0 status:ROBOT_STATUS._STOP] 
1621056925372 [Update odom] 
1621056925474 [delta_X:0 delta_y:0 status:ROBOT_STATUS._STOP] 
1621056925476 [Update odom] 
1621056925577 [delta_X:0 delta_y:0 status:ROBOT_STATUS._STOP] 
1621056925578 [Update odom] 
1621056925679 [delta_X:0 delta_y:0 status:ROBOT_STATUS._STOP] 
1621056925680 [Update odom] 
1621056925785 [delta_X:0 delta_y:0 status:ROBOT_STATUS._STOP] 
1621056925786 [Update odom] 
1621056925887 [delta_X:0 delta_y:0 status:ROBOT_STATUS._STOP] 
1621056925888 [Update odom] 
1621056925989 [delta_X:0 delta_y:0 status:ROBOT_STATUS._STOP] 
1621056925990 [Update odom] 
1621056926091 [delta_X:0 delta_y:0 status:ROBOT_STATUS._STOP] 
1621056926093 [Update odom] 
1621056926194 [delta_X:0 delta_y:0 status:ROBOT_STATUS._STOP] 
1621056926195 [Update odom] 
1621056926296 [delta_X:0 delta_y:0 status:ROBOT_STATUS._STOP] 
1621056926297 [Update odom] 
1621056926399 [delta_X:0 delta_y:0 status:ROBOT_STATUS._STOP] 
1621056926400 [Update odom] 
1621056926501 [delta_X:0 delta_y:0 status:ROBOT_STATUS._STOP] 
1621056926501 [Update odom] 
1621056926603 [delta_X:0 delta_y:0 status:ROBOT_STATUS._STOP] 
1621056926604 [Update odom] 
1621056926705 [delta_X:0 delta_y:0 status:ROBOT_STATUS._STOP] 
1621056926706 [Update odom] 
1621056926807 [delta_X:0 delta_y:0 status:ROBOT_STATUS._STOP] 
1621056926808 [Update odom] 
1621056926910 [delta_X:0 delta_y:0 status:ROBOT_STATUS._STOP] 
1621056926911 [Update odom] 
1621056927022 [delta_X:0 delta_y:0 status:ROBOT_STATUS._STOP] 
1621056927023 [Update odom] 
1621056927127 [delta_X:0 delta_y:0 status:ROBOT_STATUS._STOP] 
1621056927128 [Update odom] 
1621056927230 [delta_X:0 delta_y:0 status:ROBOT_STATUS._STOP] 
1621056927231 [Update odom] 
1621056927332 [delta_X:0 delta_y:0 status:ROBOT_STATUS._STOP] 
1621056927333 [Update odom] 
1621056927434 [delta_X:0 delta_y:0 status:ROBOT_STATUS._STOP] 
1621056927435 [Update odom] 
1621056927537 [delta_X:0 delta_y:0 status:ROBOT_STATUS._STOP] 
1621056927538 [Update odom] 
1621056927640 [delta_X:0 delta_y:0 status:ROBOT_STATUS._STOP] 
1621056927640 [Update odom] 
1621056927742 [delta_X:0 delta_y:0 status:ROBOT_STATUS._STOP] 
1621056927743 [Update odom] 
1621056927845 [delta_X:0 delta_y:0 status:ROBOT_STATUS._STOP] 
1621056927846 [Update odom] 
1621056927947 [delta_X:0 delta_y:0 status:ROBOT_STATUS._STOP] 
1621056927948 [Update odom] 
1621056928049 [delta_X:0 delta_y:0 status:ROBOT_STATUS._STOP] 
1621056928051 [Update odom] 
1621056928153 [delta_X:0 delta_y:0 status:ROBOT_STATUS._STOP] 
1621056928154 [Update odom] 
1621056928255 [delta_X:0 delta_y:0 status:ROBOT_STATUS._STOP] 
1621056928256 [Update odom] 
1621056928358 [delta_X:0 delta_y:0 status:ROBOT_STATUS._STOP] 
1621056928362 [Update odom] 
1621056928466 [delta_X:0 delta_y:0 status:ROBOT_STATUS._STOP] 
1621056928468 [Update odom] 
1621056928573 [delta_X:0 delta_y:0 status:ROBOT_STATUS._STOP] 
1621056928573 [Update odom] 
1621056928675 [delta_X:0 delta_y:0 status:ROBOT_STATUS._STOP] 
1621056928676 [Update odom] 
1621056928777 [delta_X:0 delta_y:0 status:ROBOT_STATUS._STOP] 
1621056928778 [Update odom] 
1621056928880 [delta_X:0 delta_y:0 status:ROBOT_STATUS._STOP] 
1621056928885 [Update odom] 
1621056928988 [delta_X:0 delta_y:0 status:ROBOT_STATUS._STOP] 
1621056928989 [Update odom] 
1621056929090 [delta_X:0 delta_y:0 status:ROBOT_STATUS._STOP] 
1621056929093 [Update odom] 
1621056929195 [delta_X:0 delta_y:0 status:ROBOT_STATUS._STOP] 
1621056929196 [Update odom] 
1621056929298 [delta_X:0 delta_y:0 status:ROBOT_STATUS._STOP] 
1621056929301 [Update odom] 
1621056929402 [delta_X:0 delta_y:0 status:ROBOT_STATUS._STOP] 
1621056929405 [Update odom] 
1621056929511 [delta_X:0 delta_y:0 status:ROBOT_STATUS._STOP] 
1621056929512 [Update odom] 
1621056929613 [delta_X:0 delta_y:0 status:ROBOT_STATUS._STOP] 
1621056929614 [Update odom] 
1621056929715 [delta_X:0 delta_y:0 status:ROBOT_STATUS._STOP] 
1621056929716 [Update odom] 
1621056929818 [delta_X:0 delta_y:0 status:ROBOT_STATUS._STOP] 
1621056929819 [Update odom] 
1621056929920 [delta_X:0 delta_y:0 status:ROBOT_STATUS._STOP] 
1621056929921 [Update odom] 
1621056930022 [delta_X:0 delta_y:0 status:ROBOT_STATUS._STOP] 
1621056930024 [Update odom] 
1621056930125 [delta_X:0 delta_y:0 status:ROBOT_STATUS._STOP] 
1621056930126 [Update odom] 
1621056930227 [delta_X:0 delta_y:0 status:ROBOT_STATUS._STOP] 
1621056930228 [Update odom] 
1621056930330 [delta_X:0 delta_y:0 status:ROBOT_STATUS._STOP] 
1621056930331 [Update odom] 
1621056930436 [delta_X:0 delta_y:0 status:ROBOT_STATUS._STOP] 
1621056930437 [Update odom] 
1621056930538 [delta_X:0 delta_y:0 status:ROBOT_STATUS._STOP] 
1621056930539 [Update odom] 
1621056930641 [delta_X:0 delta_y:0 status:ROBOT_STATUS._STOP] 
1621056930643 [Update odom] 
1621056930744 [delta_X:0 delta_y:0 status:ROBOT_STATUS._STOP] 
1621056930745 [Update odom] 
1621056930846 [delta_X:0 delta_y:0 status:ROBOT_STATUS._STOP] 
1621056930847 [Update odom] 
1621056930948 [delta_X:0 delta_y:0 status:ROBOT_STATUS._STOP] 
1621056930949 [Update odom] 
1621056931054 [delta_X:0 delta_y:0 status:ROBOT_STATUS._STOP] 
1621056931055 [Update odom] 
1621056931157 [delta_X:0 delta_y:0 status:ROBOT_STATUS._STOP] 
1621056931158 [Update odom] 
1621056931260 [delta_X:0 delta_y:0 status:ROBOT_STATUS._STOP] 
1621056931261 [Update odom] 
1621056931362 [delta_X:0 delta_y:0 status:ROBOT_STATUS._STOP] 
1621056931364 [Update odom] 
1621056931468 [delta_X:0 delta_y:0 status:ROBOT_STATUS._STOP] 
1621056931469 [Update odom] 
1621056931571 [delta_X:0 delta_y:0 status:ROBOT_STATUS._STOP] 
1621056931571 [Update odom] 
1621056931673 [delta_X:0 delta_y:0 status:ROBOT_STATUS._STOP] 
1621056931674 [Update odom] 
1621056931775 [delta_X:0 delta_y:0 status:ROBOT_STATUS._STOP] 
1621056931776 [Update odom] 
1621056931878 [delta_X:0 delta_y:0 status:ROBOT_STATUS._STOP] 
1621056931879 [Update odom] 
1621056931983 [delta_X:0 delta_y:0 status:ROBOT_STATUS._STOP] 
1621056931984 [Update odom] 
1621056932085 [delta_X:0 delta_y:0 status:ROBOT_STATUS._STOP] 
1621056932086 [Update odom] 
1621056932188 [delta_X:0 delta_y:0 status:ROBOT_STATUS._STOP] 
1621056932189 [Update odom] 
1621056932290 [delta_X:0 delta_y:0 status:ROBOT_STATUS._STOP] 
1621056932291 [Update odom] 
1621056932393 [delta_X:0 delta_y:0 status:ROBOT_STATUS._STOP] 
1621056932394 [Update odom] 
1621056932495 [delta_X:0 delta_y:0 status:ROBOT_STATUS._STOP] 
1621056932496 [Update odom] 
1621056932598 [delta_X:0 delta_y:0 status:ROBOT_STATUS._STOP] 
1621056932600 [Update odom] 
1621056932701 [delta_X:0 delta_y:0 status:ROBOT_STATUS._STOP] 
1621056932702 [Update odom] 
1621056932807 [delta_X:0 delta_y:0 status:ROBOT_STATUS._STOP] 
1621056932808 [Update odom] 
1621056932909 [delta_X:0 delta_y:0 status:ROBOT_STATUS._STOP] 
1621056932910 [Update odom] 
1621056933012 [delta_X:0 delta_y:0 status:ROBOT_STATUS._STOP] 
1621056933013 [Update odom] 
1621056933115 [delta_X:0 delta_y:0 status:ROBOT_STATUS._STOP] 
1621056933116 [Update odom] 
1621056933217 [delta_X:0 delta_y:0 status:ROBOT_STATUS._STOP] 
1621056933218 [Update odom] 
1621056933320 [delta_X:0 delta_y:0 status:ROBOT_STATUS._STOP] 
1621056933321 [Update odom] 
1621056933422 [delta_X:0 delta_y:0 status:ROBOT_STATUS._STOP] 
1621056933423 [Update odom] 
1621056933525 [delta_X:0 delta_y:0 status:ROBOT_STATUS._STOP] 
1621056933526 [Update odom] 
1621056933627 [delta_X:0 delta_y:0 status:ROBOT_STATUS._STOP] 
1621056933628 [Update odom] 
1621056933730 [delta_X:0 delta_y:0 status:ROBOT_STATUS._STOP] 
1621056933732 [Update odom] 
1621056933837 [delta_X:0 delta_y:0 status:ROBOT_STATUS._STOP] 
1621056933838 [Update odom] 
1621056933939 [delta_X:0 delta_y:0 status:ROBOT_STATUS._STOP] 
1621056933940 [Update odom] 
1621056934041 [delta_X:0 delta_y:0 status:ROBOT_STATUS._STOP] 
1621056934042 [Update odom] 
1621056934144 [delta_X:0 delta_y:0 status:ROBOT_STATUS._STOP] 
1621056934145 [Update odom] 
1621056934247 [delta_X:0 delta_y:0 status:ROBOT_STATUS._STOP] 
1621056934248 [Update odom] 
1621056934350 [delta_X:0 delta_y:0 status:ROBOT_STATUS._STOP] 
1621056934351 [Update odom] 
1621056934453 [delta_X:0 delta_y:0 status:ROBOT_STATUS._STOP] 
1621056934454 [Update odom] 
1621056934556 [delta_X:0 delta_y:0 status:ROBOT_STATUS._STOP] 
1621056934556 [Update odom] 
1621056934658 [delta_X:0 delta_y:0 status:ROBOT_STATUS._STOP] 
1621056934659 [Update odom] 
1621056934761 [delta_X:0 delta_y:0 status:ROBOT_STATUS._STOP] 
1621056934762 [Update odom] 
1621056934863 [delta_X:0 delta_y:0 status:ROBOT_STATUS._STOP] 
1621056934864 [Update odom] 
1621056934969 [delta_X:0 delta_y:0 status:ROBOT_STATUS._STOP] 
1621056934970 [Update odom] 
1621056935072 [delta_X:0 delta_y:0 status:ROBOT_STATUS._STOP] 
1621056935073 [Update odom] 
1621056935177 [delta_X:0 delta_y:0 status:ROBOT_STATUS._STOP] 
1621056935178 [Update odom] 
1621056935279 [delta_X:0 delta_y:0 status:ROBOT_STATUS._STOP] 
1621056935280 [Update odom] 
1621056935399 [delta_X:0 delta_y:0 status:ROBOT_STATUS._STOP] 
1621056935400 [Update odom] 
1621056935501 [delta_X:0 delta_y:0 status:ROBOT_STATUS._STOP] 
1621056935502 [Update odom] 
1621056935608 [delta_X:0 delta_y:0 status:ROBOT_STATUS._STOP] 
1621056935609 [Update odom] 
1621056935710 [delta_X:0 delta_y:0 status:ROBOT_STATUS._STOP] 
1621056935711 [Update odom] 
1621056935816 [delta_X:0 delta_y:0 status:ROBOT_STATUS._STOP] 
1621056935817 [Update odom] 
1621056935919 [delta_X:0 delta_y:0 status:ROBOT_STATUS._STOP] 
1621056935928 [Update odom] 
1621056936033 [delta_X:0 delta_y:0 status:ROBOT_STATUS._STOP] 
1621056936034 [Update odom] 
1621056936135 [delta_X:0 delta_y:0 status:ROBOT_STATUS._STOP] 
1621056936136 [Update odom] 
1621056936238 [delta_X:0 delta_y:0 status:ROBOT_STATUS._STOP] 
1621056936239 [Update odom] 
1621056936340 [delta_X:0 delta_y:0 status:ROBOT_STATUS._STOP] 
1621056936342 [Update odom] 
1621056936443 [delta_X:0 delta_y:0 status:ROBOT_STATUS._STOP] 
1621056936444 [Update odom] 
1621056936550 [delta_X:0 delta_y:0 status:ROBOT_STATUS._STOP] 
1621056936552 [Update odom] 
1621056936655 [delta_X:0 delta_y:0 status:ROBOT_STATUS._STOP] 
1621056936656 [Update odom] 
1621056936757 [delta_X:0 delta_y:0 status:ROBOT_STATUS._STOP] 
1621056936758 [Update odom] 
1621056936859 [delta_X:0 delta_y:0 status:ROBOT_STATUS._STOP] 
1621056936860 [Update odom] 
1621056936961 [delta_X:0 delta_y:0 status:ROBOT_STATUS._STOP] 
1621056936962 [Update odom] 
1621056937063 [delta_X:0 delta_y:0 status:ROBOT_STATUS._STOP] 
1621056937064 [Update odom] 
1621056937165 [delta_X:0 delta_y:0 status:ROBOT_STATUS._STOP] 
1621056937167 [Update odom] 
1621056937268 [delta_X:0 delta_y:0 status:ROBOT_STATUS._STOP] 
1621056937269 [Update odom] 
1621056937370 [delta_X:0 delta_y:0 status:ROBOT_STATUS._STOP] 
1621056937371 [Update odom] 
1621056937473 [delta_X:0 delta_y:0 status:ROBOT_STATUS._STOP] 
1621056937474 [Update odom] 
1621056937575 [delta_X:0 delta_y:0 status:ROBOT_STATUS._STOP] 
1621056937576 [Update odom] 
1621056937678 [delta_X:0 delta_y:0 status:ROBOT_STATUS._STOP] 
1621056937680 [Update odom] 
1621056937782 [delta_X:0 delta_y:0 status:ROBOT_STATUS._STOP] 
1621056937785 [Update odom] 
1621056937887 [delta_X:0 delta_y:0 status:ROBOT_STATUS._STOP] 
1621056937888 [Update odom] 
1621056937989 [delta_X:0 delta_y:0 status:ROBOT_STATUS._STOP] 
1621056937990 [Update odom] 
1621056938092 [delta_X:0 delta_y:0 status:ROBOT_STATUS._STOP] 
1621056938092 [Update odom] 
1621056938194 [delta_X:0 delta_y:0 status:ROBOT_STATUS._STOP] 
1621056938195 [Update odom] 
1621056938299 [delta_X:0 delta_y:0 status:ROBOT_STATUS._STOP] 
1621056938300 [Update odom] 
1621056938401 [delta_X:0 delta_y:0 status:ROBOT_STATUS._STOP] 
1621056938407 [Update odom] 
1621056938508 [delta_X:0 delta_y:0 status:ROBOT_STATUS._STOP] 
1621056938509 [Update odom] 
1621056938611 [delta_X:0 delta_y:0 status:ROBOT_STATUS._STOP] 
1621056938613 [Update odom] 
1621056938714 [delta_X:0 delta_y:0 status:ROBOT_STATUS._STOP] 
1621056938714 [Update odom] 
1621056938816 [delta_X:0 delta_y:0 status:ROBOT_STATUS._STOP] 
1621056938817 [Update odom] 
1621056938919 [delta_X:0 delta_y:0 status:ROBOT_STATUS._STOP] 
1621056938921 [Update odom] 
1621056939022 [delta_X:0 delta_y:0 status:ROBOT_STATUS._STOP] 
1621056939026 [Update odom] 
1621056939128 [delta_X:0 delta_y:0 status:ROBOT_STATUS._STOP] 
1621056939129 [Update odom] 
1621056939230 [delta_X:0 delta_y:0 status:ROBOT_STATUS._STOP] 
1621056939231 [Update odom] 
1621056939333 [delta_X:0 delta_y:0 status:ROBOT_STATUS._STOP] 
1621056939334 [Update odom] 
1621056939436 [delta_X:0 delta_y:0 status:ROBOT_STATUS._STOP] 
1621056939436 [Update odom] 
1621056939538 [delta_X:0 delta_y:0 status:ROBOT_STATUS._STOP] 
1621056939539 [Update odom] 
1621056939640 [delta_X:0 delta_y:0 status:ROBOT_STATUS._STOP] 
1621056939641 [Update odom] 
1621056939742 [delta_X:0 delta_y:0 status:ROBOT_STATUS._STOP] 
1621056939743 [Update odom] 
1621056939845 [delta_X:0 delta_y:0 status:ROBOT_STATUS._STOP] 
1621056939845 [Update odom] 
1621056939947 [delta_X:0 delta_y:0 status:ROBOT_STATUS._STOP] 
1621056939948 [Update odom] 
1621056940049 [delta_X:0 delta_y:0 status:ROBOT_STATUS._STOP] 
1621056940050 [Update odom] 
1621056940153 [delta_X:0 delta_y:0 status:ROBOT_STATUS._STOP] 
1621056940154 [Update odom] 
1621056940255 [delta_X:0 delta_y:0 status:ROBOT_STATUS._STOP] 
1621056940256 [Update odom] 
1621056940358 [delta_X:0 delta_y:0 status:ROBOT_STATUS._STOP] 
1621056940359 [Update odom] 
1621056940461 [delta_X:0 delta_y:0 status:ROBOT_STATUS._STOP] 
1621056940462 [Update odom] 
1621056940563 [delta_X:0 delta_y:0 status:ROBOT_STATUS._STOP] 
1621056940564 [Update odom] 
1621056940666 [delta_X:0 delta_y:0 status:ROBOT_STATUS._STOP] 
1621056940666 [Update odom] 
1621056940768 [delta_X:0 delta_y:0 status:ROBOT_STATUS._STOP] 
1621056940769 [Update odom] 
1621056940870 [delta_X:0 delta_y:0 status:ROBOT_STATUS._STOP] 
1621056940871 [Update odom] 
1621056940973 [delta_X:0 delta_y:0 status:ROBOT_STATUS._STOP] 
1621056940974 [Update odom] 
1621056941075 [delta_X:0 delta_y:0 status:ROBOT_STATUS._STOP] 
1621056941076 [Update odom] 
1621056941182 [delta_X:0 delta_y:0 status:ROBOT_STATUS._STOP] 
1621056941183 [Update odom] 
1621056941284 [delta_X:0 delta_y:0 status:ROBOT_STATUS._STOP] 
1621056941286 [Update odom] 
1621056941388 [delta_X:0 delta_y:0 status:ROBOT_STATUS._STOP] 
1621056941390 [Update odom] 
1621056941492 [delta_X:0 delta_y:0 status:ROBOT_STATUS._STOP] 
1621056941493 [Update odom] 
1621056941599 [delta_X:0 delta_y:0 status:ROBOT_STATUS._STOP] 
1621056941601 [Update odom] 
1621056941702 [delta_X:0 delta_y:0 status:ROBOT_STATUS._STOP] 
1621056941706 [Update odom] 
1621056941807 [delta_X:0 delta_y:0 status:ROBOT_STATUS._STOP] 
1621056941816 [Update odom] 
1621056941917 [delta_X:0 delta_y:0 status:ROBOT_STATUS._STOP] 
1621056941918 [Update odom] 
1621056942020 [delta_X:0 delta_y:0 status:ROBOT_STATUS._STOP] 
1621056942021 [Update odom] 
1621056942122 [delta_X:0 delta_y:0 status:ROBOT_STATUS._STOP] 
1621056942124 [Update odom] 
1621056942225 [delta_X:0 delta_y:0 status:ROBOT_STATUS._STOP] 
1621056942226 [Update odom] 
1621056942327 [delta_X:0 delta_y:0 status:ROBOT_STATUS._STOP] 
1621056942328 [Update odom] 
1621056942432 [delta_X:0 delta_y:0 status:ROBOT_STATUS._STOP] 
1621056942432 [Update odom] 
1621056942534 [delta_X:0 delta_y:0 status:ROBOT_STATUS._STOP] 
1621056942535 [Update odom] 
1621056942637 [delta_X:0 delta_y:0 status:ROBOT_STATUS._STOP] 
1621056942641 [Update odom] 
1621056942744 [delta_X:0 delta_y:0 status:ROBOT_STATUS._STOP] 
1621056942745 [Update odom] 
1621056942848 [delta_X:0 delta_y:0 status:ROBOT_STATUS._STOP] 
1621056942849 [Update odom] 
1621056942951 [delta_X:0 delta_y:0 status:ROBOT_STATUS._STOP] 
1621056942954 [Update odom] 
1621056943056 [delta_X:0 delta_y:0 status:ROBOT_STATUS._STOP] 
1621056943057 [Update odom] 
1621056943158 [delta_X:0 delta_y:0 status:ROBOT_STATUS._STOP] 
1621056943160 [Update odom] 
1621056943261 [delta_X:0 delta_y:0 status:ROBOT_STATUS._STOP] 
1621056943262 [Update odom] 
1621056943363 [delta_X:0 delta_y:0 status:ROBOT_STATUS._STOP] 
1621056943365 [Update odom] 
1621056943466 [delta_X:0 delta_y:0 status:ROBOT_STATUS._STOP] 
1621056943467 [Update odom] 
1621056943569 [delta_X:0 delta_y:0 status:ROBOT_STATUS._STOP] 
1621056943569 [Update odom] 
1621056943670 [delta_X:0 delta_y:0 status:ROBOT_STATUS._STOP] 
1621056943674 [Update odom] 
1621056943775 [delta_X:0 delta_y:0 status:ROBOT_STATUS._STOP] 
1621056943776 [Update odom] 
1621056943878 [delta_X:0 delta_y:0 status:ROBOT_STATUS._STOP] 
1621056943879 [Update odom] 
1621056943984 [delta_X:0 delta_y:0 status:ROBOT_STATUS._STOP] 
1621056943986 [Update odom] 
1621056944087 [delta_X:0 delta_y:0 status:ROBOT_STATUS._STOP] 
1621056944088 [Update odom] 
1621056944189 [delta_X:0 delta_y:0 status:ROBOT_STATUS._STOP] 
1621056944190 [Update odom] 
1621056944292 [delta_X:0 delta_y:0 status:ROBOT_STATUS._STOP] 
1621056944292 [Update odom] 
1621056944406 [delta_X:0 delta_y:0 status:ROBOT_STATUS._STOP] 
1621056944407 [Update odom] 
1621056944511 [delta_X:0 delta_y:0 status:ROBOT_STATUS._STOP] 
1621056944513 [Update odom] 
1621056944614 [delta_X:0 delta_y:0 status:ROBOT_STATUS._STOP] 
1621056944615 [Update odom] 
1621056944716 [delta_X:0 delta_y:0 status:ROBOT_STATUS._STOP] 
1621056944717 [Update odom] 
1621056944818 [delta_X:0 delta_y:0 status:ROBOT_STATUS._STOP] 
1621056944819 [Update odom] 
1621056944920 [delta_X:0 delta_y:0 status:ROBOT_STATUS._STOP] 
1621056944922 [Update odom] 
1621056945024 [delta_X:0 delta_y:0 status:ROBOT_STATUS._STOP] 
1621056945025 [Update odom] 
1621056945126 [delta_X:0 delta_y:0 status:ROBOT_STATUS._STOP] 
1621056945127 [Update odom] 
1621056945229 [delta_X:0 delta_y:0 status:ROBOT_STATUS._STOP] 
1621056945230 [Update odom] 
1621056945332 [delta_X:0 delta_y:0 status:ROBOT_STATUS._STOP] 
1621056945332 [Update odom] 
1621056945437 [delta_X:0 delta_y:0 status:ROBOT_STATUS._STOP] 
1621056945438 [Update odom] 
1621056945539 [delta_X:0 delta_y:0 status:ROBOT_STATUS._STOP] 
1621056945540 [Update odom] 
1621056945641 [delta_X:0 delta_y:0 status:ROBOT_STATUS._STOP] 
1621056945642 [Update odom] 
1621056945744 [delta_X:0 delta_y:0 status:ROBOT_STATUS._STOP] 
1621056945745 [Update odom] 
1621056945846 [delta_X:0 delta_y:0 status:ROBOT_STATUS._STOP] 
1621056945847 [Update odom] 
1621056945948 [delta_X:0 delta_y:0 status:ROBOT_STATUS._STOP] 
1621056945949 [Update odom] 
1621056946050 [delta_X:0 delta_y:0 status:ROBOT_STATUS._STOP] 
1621056946051 [Update odom] 
1621056946154 [delta_X:0 delta_y:0 status:ROBOT_STATUS._STOP] 
1621056946155 [Update odom] 
1621056946256 [delta_X:0 delta_y:0 status:ROBOT_STATUS._STOP] 
1621056946263 [Update odom] 
1621056946364 [delta_X:0 delta_y:0 status:ROBOT_STATUS._STOP] 
1621056946365 [Update odom] 
1621056946467 [delta_X:0 delta_y:0 status:ROBOT_STATUS._STOP] 
1621056946467 [Update odom] 
1621056946569 [delta_X:0 delta_y:0 status:ROBOT_STATUS._STOP] 
1621056946570 [Update odom] 
1621056946672 [delta_X:0 delta_y:0 status:ROBOT_STATUS._STOP] 
1621056946673 [Update odom] 
1621056946774 [delta_X:0 delta_y:0 status:ROBOT_STATUS._STOP] 
1621056946775 [Update odom] 
1621056946879 [delta_X:0 delta_y:0 status:ROBOT_STATUS._STOP] 
1621056946880 [Update odom] 
1621056946993 [delta_X:0 delta_y:0 status:ROBOT_STATUS._STOP] 
1621056946994 [Update odom] 
1621056947096 [delta_X:0 delta_y:0 status:ROBOT_STATUS._STOP] 
1621056947096 [Update odom] 
1621056947198 [delta_X:0 delta_y:0 status:ROBOT_STATUS._STOP] 
1621056947199 [Update odom] 
1621056947300 [delta_X:0 delta_y:0 status:ROBOT_STATUS._STOP] 
1621056947301 [Update odom] 
1621056947402 [delta_X:0 delta_y:0 status:ROBOT_STATUS._STOP] 
1621056947404 [Update odom] 
1621056947505 [delta_X:0 delta_y:0 status:ROBOT_STATUS._STOP] 
1621056947507 [Update odom] 
1621056947608 [delta_X:0 delta_y:0 status:ROBOT_STATUS._STOP] 
1621056947609 [Update odom] 
1621056947710 [delta_X:0 delta_y:0 status:ROBOT_STATUS._STOP] 
1621056947711 [Update odom] 
1621056947815 [delta_X:0 delta_y:0 status:ROBOT_STATUS._STOP] 
1621056947816 [Update odom] 
1621056947917 [delta_X:0 delta_y:0 status:ROBOT_STATUS._STOP] 
1621056947919 [Update odom] 
1621056948020 [delta_X:0 delta_y:0 status:ROBOT_STATUS._STOP] 
1621056948021 [Update odom] 
1621056948122 [delta_X:0 delta_y:0 status:ROBOT_STATUS._STOP] 
1621056948127 [Update odom] 
1621056948228 [delta_X:0 delta_y:0 status:ROBOT_STATUS._STOP] 
1621056948229 [Update odom] 
1621056948330 [delta_X:0 delta_y:0 status:ROBOT_STATUS._STOP] 
1621056948331 [Update odom] 
1621056948436 [delta_X:0 delta_y:0 status:ROBOT_STATUS._STOP] 
1621056948437 [Update odom] 
1621056948539 [delta_X:0 delta_y:0 status:ROBOT_STATUS._STOP] 
1621056948540 [Update odom] 
1621056948646 [delta_X:0 delta_y:0 status:ROBOT_STATUS._STOP] 
1621056948647 [Update odom] 
1621056948749 [delta_X:0 delta_y:0 status:ROBOT_STATUS._STOP] 
1621056948750 [Update odom] 
1621056948857 [delta_X:0 delta_y:0 status:ROBOT_STATUS._STOP] 
1621056948858 [Update odom] 
1621056948959 [delta_X:0 delta_y:0 status:ROBOT_STATUS._STOP] 
1621056948960 [Update odom] 
1621056949061 [delta_X:0 delta_y:0 status:ROBOT_STATUS._STOP] 
1621056949063 [Update odom] 
1621056949164 [delta_X:0 delta_y:0 status:ROBOT_STATUS._STOP] 
1621056949165 [Update odom] 
1621056949267 [delta_X:0 delta_y:0 status:ROBOT_STATUS._STOP] 
1621056949269 [Update odom] 
1621056949370 [delta_X:0 delta_y:0 status:ROBOT_STATUS._STOP] 
1621056949371 [Update odom] 
1621056949476 [delta_X:0 delta_y:0 status:ROBOT_STATUS._STOP] 
1621056949477 [Update odom] 
1621056949578 [delta_X:0 delta_y:0 status:ROBOT_STATUS._STOP] 
1621056949579 [Update odom] 
1621056949680 [delta_X:0 delta_y:0 status:ROBOT_STATUS._STOP] 
1621056949681 [Update odom] 
1621056949783 [delta_X:0 delta_y:0 status:ROBOT_STATUS._STOP] 
1621056949784 [Update odom] 
1621056949886 [delta_X:0 delta_y:0 status:ROBOT_STATUS._STOP] 
1621056949888 [Update odom] 
1621056949989 [delta_X:0 delta_y:0 status:ROBOT_STATUS._STOP] 
1621056949991 [Update odom] 
1621056950092 [delta_X:0 delta_y:0 status:ROBOT_STATUS._STOP] 
1621056950094 [Update odom] 
1621056950195 [delta_X:0 delta_y:0 status:ROBOT_STATUS._STOP] 
1621056950196 [Update odom] 
1621056950297 [delta_X:0 delta_y:0 status:ROBOT_STATUS._STOP] 
1621056950298 [Update odom] 
1621056950399 [delta_X:0 delta_y:0 status:ROBOT_STATUS._STOP] 
1621056950400 [Update odom] 
1621056950501 [delta_X:0 delta_y:0 status:ROBOT_STATUS._STOP] 
1621056950502 [Update odom] 
1621056950606 [delta_X:0 delta_y:0 status:ROBOT_STATUS._STOP] 
1621056950607 [Update odom] 
1621056950708 [delta_X:0 delta_y:0 status:ROBOT_STATUS._STOP] 
1621056950709 [Update odom] 
1621056950818 [delta_X:0 delta_y:0 status:ROBOT_STATUS._STOP] 
1621056950820 [Update odom] 
1621056950921 [delta_X:0 delta_y:0 status:ROBOT_STATUS._STOP] 
1621056950922 [Update odom] 
1621056951024 [delta_X:0 delta_y:0 status:ROBOT_STATUS._STOP] 
1621056951026 [Update odom] 
1621056951127 [delta_X:0 delta_y:0 status:ROBOT_STATUS._STOP] 
1621056951128 [Update odom] 
1621056951229 [delta_X:0 delta_y:0 status:ROBOT_STATUS._STOP] 
1621056951230 [Update odom] 
1621056951332 [delta_X:0 delta_y:0 status:ROBOT_STATUS._STOP] 
1621056951332 [Update odom] 
1621056951434 [delta_X:0 delta_y:0 status:ROBOT_STATUS._STOP] 
1621056951435 [Update odom] 
1621056951536 [delta_X:0 delta_y:0 status:ROBOT_STATUS._STOP] 
1621056951537 [Update odom] 
1621056951638 [delta_X:0 delta_y:0 status:ROBOT_STATUS._STOP] 
1621056951639 [Update odom] 
1621056951740 [delta_X:0 delta_y:0 status:ROBOT_STATUS._STOP] 
1621056951741 [Update odom] 
1621056951842 [delta_X:0 delta_y:0 status:ROBOT_STATUS._STOP] 
1621056951843 [Update odom] 
1621056951944 [delta_X:0 delta_y:0 status:ROBOT_STATUS._STOP] 
1621056951945 [Update odom] 
1621056952046 [delta_X:0 delta_y:0 status:ROBOT_STATUS._STOP] 
1621056952047 [Update odom] 
1621056952149 [delta_X:0 delta_y:0 status:ROBOT_STATUS._STOP] 
1621056952149 [Update odom] 
1621056952251 [delta_X:0 delta_y:0 status:ROBOT_STATUS._STOP] 
1621056952252 [Update odom] 
1621056952354 [delta_X:0 delta_y:0 status:ROBOT_STATUS._STOP] 
1621056952355 [Update odom] 
1621056952456 [delta_X:0 delta_y:0 status:ROBOT_STATUS._STOP] 
1621056952457 [Update odom] 
1621056952558 [delta_X:0 delta_y:0 status:ROBOT_STATUS._STOP] 
1621056952559 [Update odom] 
1621056952670 [delta_X:0 delta_y:0 status:ROBOT_STATUS._STOP] 
1621056952671 [Update odom] 
1621056952773 [delta_X:0 delta_y:0 status:ROBOT_STATUS._STOP] 
1621056952775 [Update odom] 
1621056952876 [delta_X:0 delta_y:0 status:ROBOT_STATUS._STOP] 
1621056952878 [Update odom] 
1621056952979 [delta_X:0 delta_y:0 status:ROBOT_STATUS._STOP] 
1621056952980 [Update odom] 
1621056953082 [delta_X:0 delta_y:0 status:ROBOT_STATUS._STOP] 
1621056953083 [Update odom] 
1621056953184 [delta_X:0 delta_y:0 status:ROBOT_STATUS._STOP] 
1621056953185 [Update odom] 
1621056953287 [delta_X:0 delta_y:0 status:ROBOT_STATUS._STOP] 
1621056953288 [Update odom] 
1621056953389 [delta_X:0 delta_y:0 status:ROBOT_STATUS._STOP] 
1621056953390 [Update odom] 
1621056953491 [delta_X:0 delta_y:0 status:ROBOT_STATUS._STOP] 
1621056953492 [Update odom] 
1621056953594 [delta_X:0 delta_y:0 status:ROBOT_STATUS._STOP] 
1621056953595 [Update odom] 
1621056953697 [delta_X:0 delta_y:0 status:ROBOT_STATUS._STOP] 
1621056953697 [Update odom] 
1621056953801 [delta_X:0 delta_y:0 status:ROBOT_STATUS._STOP] 
1621056953802 [Update odom] 
1621056953904 [delta_X:0 delta_y:0 status:ROBOT_STATUS._STOP] 
1621056953905 [Update odom] 
1621056954006 [delta_X:0 delta_y:0 status:ROBOT_STATUS._STOP] 
1621056954007 [Update odom] 
1621056954108 [delta_X:0 delta_y:0 status:ROBOT_STATUS._STOP] 
1621056954109 [Update odom] 
1621056954210 [delta_X:0 delta_y:0 status:ROBOT_STATUS._STOP] 
1621056954211 [Update odom] 
1621056954313 [delta_X:0 delta_y:0 status:ROBOT_STATUS._STOP] 
1621056954320 [Update odom] 
1621056954421 [delta_X:0 delta_y:0 status:ROBOT_STATUS._STOP] 
1621056954422 [Update odom] 
1621056954523 [delta_X:0 delta_y:0 status:ROBOT_STATUS._STOP] 
1621056954525 [Update odom] 
1621056954626 [delta_X:0 delta_y:0 status:ROBOT_STATUS._STOP] 
1621056954627 [Update odom] 
1621056954728 [delta_X:0 delta_y:0 status:ROBOT_STATUS._STOP] 
1621056954729 [Update odom] 
1621056954830 [delta_X:0 delta_y:0 status:ROBOT_STATUS._STOP] 
1621056954831 [Update odom] 
1621056954935 [delta_X:0 delta_y:0 status:ROBOT_STATUS._STOP] 
1621056954936 [Update odom] 
1621056955037 [delta_X:0 delta_y:0 status:ROBOT_STATUS._STOP] 
1621056955038 [Update odom] 
1621056955139 [delta_X:0 delta_y:0 status:ROBOT_STATUS._STOP] 
1621056955140 [Update odom] 
1621056955241 [delta_X:0 delta_y:0 status:ROBOT_STATUS._STOP] 
1621056955242 [Update odom] 
1621056955343 [delta_X:0 delta_y:0 status:ROBOT_STATUS._STOP] 
1621056955344 [Update odom] 
1621056955445 [delta_X:0 delta_y:0 status:ROBOT_STATUS._STOP] 
1621056955446 [Update odom] 
1621056955549 [delta_X:0 delta_y:0 status:ROBOT_STATUS._STOP] 
1621056955551 [Update odom] 
1621056955652 [delta_X:0 delta_y:0 status:ROBOT_STATUS._STOP] 
1621056955653 [Update odom] 
1621056955754 [delta_X:0 delta_y:0 status:ROBOT_STATUS._STOP] 
1621056955755 [Update odom] 
1621056955856 [delta_X:0 delta_y:0 status:ROBOT_STATUS._STOP] 
1621056955857 [Update odom] 
1621056955958 [delta_X:0 delta_y:0 status:ROBOT_STATUS._STOP] 
1621056955959 [Update odom] 
1621056956060 [delta_X:0 delta_y:0 status:ROBOT_STATUS._STOP] 
1621056956062 [Update odom] 
1621056956163 [delta_X:0 delta_y:0 status:ROBOT_STATUS._STOP] 
1621056956164 [Update odom] 
1621056956265 [delta_X:0 delta_y:0 status:ROBOT_STATUS._STOP] 
1621056956267 [Update odom] 
1621056956369 [delta_X:0 delta_y:0 status:ROBOT_STATUS._STOP] 
1621056956371 [Update odom] 
1621056956474 [delta_X:0 delta_y:0 status:ROBOT_STATUS._STOP] 
1621056956476 [Update odom] 
1621056956577 [delta_X:0 delta_y:0 status:ROBOT_STATUS._STOP] 
1621056956578 [Update odom] 
1621056956680 [delta_X:0 delta_y:0 status:ROBOT_STATUS._STOP] 
1621056956681 [Update odom] 
1621056956782 [delta_X:0 delta_y:0 status:ROBOT_STATUS._STOP] 
1621056956783 [Update odom] 
1621056956886 [delta_X:0 delta_y:0 status:ROBOT_STATUS._STOP] 
1621056956889 [Update odom] 
1621056956990 [delta_X:0 delta_y:0 status:ROBOT_STATUS._STOP] 
1621056956992 [Update odom] 
1621056957094 [delta_X:0 delta_y:0 status:ROBOT_STATUS._STOP] 
1621056957104 [Update odom] 
1621056957207 [delta_X:0 delta_y:0 status:ROBOT_STATUS._STOP] 
1621056957208 [Update odom] 
1621056957310 [delta_X:0 delta_y:0 status:ROBOT_STATUS._STOP] 
1621056957311 [Update odom] 
1621056957412 [delta_X:0 delta_y:0 status:ROBOT_STATUS._STOP] 
1621056957413 [Update odom] 
1621056957514 [delta_X:0 delta_y:0 status:ROBOT_STATUS._STOP] 
1621056957515 [Update odom] 
1621056957617 [delta_X:0 delta_y:0 status:ROBOT_STATUS._STOP] 
1621056957618 [Update odom] 
1621056957719 [delta_X:0 delta_y:0 status:ROBOT_STATUS._STOP] 
1621056957720 [Update odom] 
1621056957821 [delta_X:0 delta_y:0 status:ROBOT_STATUS._STOP] 
1621056957824 [Update odom] 
1621056957925 [delta_X:0 delta_y:0 status:ROBOT_STATUS._STOP] 
1621056957926 [Update odom] 
1621056958027 [delta_X:0 delta_y:0 status:ROBOT_STATUS._STOP] 
1621056958029 [Update odom] 
1621056958130 [delta_X:0 delta_y:0 status:ROBOT_STATUS._STOP] 
1621056958131 [Update odom] 
1621056958240 [delta_X:0 delta_y:0 status:ROBOT_STATUS._STOP] 
1621056958241 [Update odom] 
1621056958345 [delta_X:0 delta_y:0 status:ROBOT_STATUS._STOP] 
1621056958349 [Update odom] 
1621056958451 [delta_X:0 delta_y:0 status:ROBOT_STATUS._STOP] 
1621056958452 [Update odom] 
1621056958558 [delta_X:0 delta_y:0 status:ROBOT_STATUS._STOP] 
1621056958559 [Update odom] 
1621056958661 [delta_X:0 delta_y:0 status:ROBOT_STATUS._STOP] 
1621056958662 [Update odom] 
1621056958763 [delta_X:0 delta_y:0 status:ROBOT_STATUS._STOP] 
1621056958764 [Update odom] 
1621056958866 [delta_X:0 delta_y:0 status:ROBOT_STATUS._STOP] 
1621056958867 [Update odom] 
1621056958968 [delta_X:0 delta_y:0 status:ROBOT_STATUS._STOP] 
1621056958969 [Update odom] 
1621056959070 [delta_X:0 delta_y:0 status:ROBOT_STATUS._STOP] 
1621056959072 [Update odom] 
1621056959176 [delta_X:0 delta_y:0 status:ROBOT_STATUS._STOP] 
1621056959177 [Update odom] 
1621056959282 [delta_X:0 delta_y:0 status:ROBOT_STATUS._STOP] 
1621056959283 [Update odom] 
1621056959385 [delta_X:0 delta_y:0 status:ROBOT_STATUS._STOP] 
1621056959386 [Update odom] 
1621056959487 [delta_X:0 delta_y:0 status:ROBOT_STATUS._STOP] 
1621056959494 [Update odom] 
1621056959597 [delta_X:0 delta_y:0 status:ROBOT_STATUS._STOP] 
1621056959598 [Update odom] 
1621056959700 [delta_X:0 delta_y:0 status:ROBOT_STATUS._STOP] 
1621056959701 [Update odom] 
1621056959805 [delta_X:0 delta_y:0 status:ROBOT_STATUS._STOP] 
1621056959806 [Update odom] 
1621056959907 [delta_X:0 delta_y:0 status:ROBOT_STATUS._STOP] 
1621056959908 [Update odom] 
1621056960010 [delta_X:0 delta_y:0 status:ROBOT_STATUS._STOP] 
1621056960011 [Update odom] 
1621056960113 [delta_X:0 delta_y:0 status:ROBOT_STATUS._STOP] 
1621056960114 [Update odom] 
1621056960216 [delta_X:0 delta_y:0 status:ROBOT_STATUS._STOP] 
1621056960216 [Update odom] 
1621056960318 [delta_X:0 delta_y:0 status:ROBOT_STATUS._STOP] 
1621056960318 [Update odom] 
1621056960419 [delta_X:0 delta_y:0 status:ROBOT_STATUS._STOP] 
1621056960421 [Update odom] 
1621056960522 [delta_X:0 delta_y:0 status:ROBOT_STATUS._STOP] 
1621056960523 [Update odom] 
1621056960624 [delta_X:0 delta_y:0 status:ROBOT_STATUS._STOP] 
1621056960625 [Update odom] 
1621056960726 [delta_X:0 delta_y:0 status:ROBOT_STATUS._STOP] 
1621056960727 [Update odom] 
1621056960828 [delta_X:0 delta_y:0 status:ROBOT_STATUS._STOP] 
1621056960829 [Update odom] 
1621056960930 [delta_X:0 delta_y:0 status:ROBOT_STATUS._STOP] 
1621056960932 [Update odom] 
1621056961033 [delta_X:0 delta_y:0 status:ROBOT_STATUS._STOP] 
1621056961034 [Update odom] 
1621056961135 [delta_X:0 delta_y:0 status:ROBOT_STATUS._STOP] 
1621056961135 [Update odom] 
1621056961237 [delta_X:0 delta_y:0 status:ROBOT_STATUS._STOP] 
1621056961238 [Update odom] 
1621056961339 [delta_X:0 delta_y:0 status:ROBOT_STATUS._STOP] 
1621056961341 [Update odom] 
1621056961444 [delta_X:0 delta_y:0 status:ROBOT_STATUS._STOP] 
1621056961450 [Update odom] 
1621056961551 [delta_X:0 delta_y:0 status:ROBOT_STATUS._STOP] 
1621056961552 [Update odom] 
1621056961657 [delta_X:0 delta_y:0 status:ROBOT_STATUS._STOP] 
1621056961669 [Update odom] 
1621056961771 [delta_X:0 delta_y:0 status:ROBOT_STATUS._STOP] 
1621056961772 [Update odom] 
1621056961874 [delta_X:0 delta_y:0 status:ROBOT_STATUS._STOP] 
1621056961875 [Update odom] 
1621056961978 [delta_X:0 delta_y:0 status:ROBOT_STATUS._STOP] 
1621056961980 [Update odom] 
1621056962081 [delta_X:0 delta_y:0 status:ROBOT_STATUS._STOP] 
1621056962083 [Update odom] 
1621056962185 [delta_X:0 delta_y:0 status:ROBOT_STATUS._STOP] 
1621056962189 [Update odom] 
1621056962295 [delta_X:0 delta_y:0 status:ROBOT_STATUS._STOP] 
1621056962297 [Update odom] 
1621056962403 [delta_X:0 delta_y:0 status:ROBOT_STATUS._STOP] 
1621056962404 [Update odom] 
1621056962509 [delta_X:0 delta_y:0 status:ROBOT_STATUS._STOP] 
1621056962510 [Update odom] 
1621056962611 [delta_X:0 delta_y:0 status:ROBOT_STATUS._STOP] 
1621056962613 [Update odom] 
1621056962714 [delta_X:0 delta_y:0 status:ROBOT_STATUS._STOP] 
1621056962720 [Update odom] 
1621056962822 [delta_X:0 delta_y:0 status:ROBOT_STATUS._STOP] 
1621056962823 [Update odom] 
1621056962924 [delta_X:0 delta_y:0 status:ROBOT_STATUS._STOP] 
1621056962925 [Update odom] 
1621056963026 [delta_X:0 delta_y:0 status:ROBOT_STATUS._STOP] 
1621056963027 [Update odom] 
1621056963128 [delta_X:0 delta_y:0 status:ROBOT_STATUS._STOP] 
1621056963129 [Update odom] 
1621056963231 [delta_X:0 delta_y:0 status:ROBOT_STATUS._STOP] 
1621056963231 [Update odom] 
1621056963333 [delta_X:0 delta_y:0 status:ROBOT_STATUS._STOP] 
1621056963334 [Update odom] 
1621056963435 [delta_X:0 delta_y:0 status:ROBOT_STATUS._STOP] 
1621056963436 [Update odom] 
1621056963537 [delta_X:0 delta_y:0 status:ROBOT_STATUS._STOP] 
1621056963538 [Update odom] 
1621056963639 [delta_X:0 delta_y:0 status:ROBOT_STATUS._STOP] 
1621056963641 [Update odom] 
1621056963742 [delta_X:0 delta_y:0 status:ROBOT_STATUS._STOP] 
1621056963743 [Update odom] 
1621056963844 [delta_X:0 delta_y:0 status:ROBOT_STATUS._STOP] 
1621056963845 [Update odom] 
1621056963946 [delta_X:0 delta_y:0 status:ROBOT_STATUS._STOP] 
1621056963947 [Update odom] 
1621056964049 [delta_X:0 delta_y:0 status:ROBOT_STATUS._STOP] 
1621056964049 [Update odom] 
1621056964151 [delta_X:0 delta_y:0 status:ROBOT_STATUS._STOP] 
1621056964152 [Update odom] 
1621056964254 [delta_X:0 delta_y:0 status:ROBOT_STATUS._STOP] 
1621056964257 [Update odom] 
1621056964359 [delta_X:0 delta_y:0 status:ROBOT_STATUS._STOP] 
1621056964360 [Update odom] 
1621056964462 [delta_X:0 delta_y:0 status:ROBOT_STATUS._STOP] 
1621056964463 [Update odom] 
1621056964565 [delta_X:0 delta_y:0 status:ROBOT_STATUS._STOP] 
1621056964565 [Update odom] 
1621056964667 [delta_X:0 delta_y:0 status:ROBOT_STATUS._STOP] 
1621056964668 [Update odom] 
1621056964771 [delta_X:0 delta_y:0 status:ROBOT_STATUS._STOP] 
1621056964772 [Update odom] 
1621056964874 [delta_X:0 delta_y:0 status:ROBOT_STATUS._STOP] 
1621056964875 [Update odom] 
1621056964977 [delta_X:0 delta_y:0 status:ROBOT_STATUS._STOP] 
1621056964978 [Update odom] 
1621056965079 [delta_X:0 delta_y:0 status:ROBOT_STATUS._STOP] 
1621056965080 [Update odom] 
1621056965182 [delta_X:0 delta_y:0 status:ROBOT_STATUS._STOP] 
1621056965183 [Update odom] 
1621056965286 [delta_X:0 delta_y:0 status:ROBOT_STATUS._STOP] 
1621056965287 [Update odom] 
1621056965388 [delta_X:0 delta_y:0 status:ROBOT_STATUS._STOP] 
1621056965388 [Update odom] 
1621056965490 [delta_X:0 delta_y:0 status:ROBOT_STATUS._STOP] 
1621056965492 [Update odom] 
1621056965594 [delta_X:0 delta_y:0 status:ROBOT_STATUS._STOP] 
1621056965595 [Update odom] 
1621056965696 [delta_X:0 delta_y:0 status:ROBOT_STATUS._STOP] 
1621056965698 [Update odom] 
1621056965805 [delta_X:0 delta_y:0 status:ROBOT_STATUS._STOP] 
1621056965806 [Update odom] 
1621056965907 [delta_X:0 delta_y:0 status:ROBOT_STATUS._STOP] 
1621056965908 [Update odom] 
1621056966009 [delta_X:0 delta_y:0 status:ROBOT_STATUS._STOP] 
1621056966010 [Update odom] 
1621056966111 [delta_X:0 delta_y:0 status:ROBOT_STATUS._STOP] 
1621056966113 [Update odom] 
1621056966214 [delta_X:0 delta_y:0 status:ROBOT_STATUS._STOP] 
1621056966215 [Update odom] 
1621056966317 [delta_X:0 delta_y:0 status:ROBOT_STATUS._STOP] 
1621056966318 [Update odom] 
1621056966419 [delta_X:0 delta_y:0 status:ROBOT_STATUS._STOP] 
1621056966420 [Update odom] 
1621056966522 [delta_X:0 delta_y:0 status:ROBOT_STATUS._STOP] 
1621056966523 [Update odom] 
1621056966625 [delta_X:0 delta_y:0 status:ROBOT_STATUS._STOP] 
1621056966626 [Update odom] 
1621056966728 [delta_X:0 delta_y:0 status:ROBOT_STATUS._STOP] 
1621056966730 [Update odom] 
1621056966833 [delta_X:0 delta_y:0 status:ROBOT_STATUS._STOP] 
1621056966833 [Update odom] 
1621056966935 [delta_X:0 delta_y:0 status:ROBOT_STATUS._STOP] 
1621056966938 [Update odom] 
1621056967039 [delta_X:0 delta_y:0 status:ROBOT_STATUS._STOP] 
1621056967041 [Update odom] 
1621056967143 [delta_X:0 delta_y:0 status:ROBOT_STATUS._STOP] 
1621056967144 [Update odom] 
1621056967249 [delta_X:0 delta_y:0 status:ROBOT_STATUS._STOP] 
1621056967252 [Update odom] 
1621056967354 [delta_X:0 delta_y:0 status:ROBOT_STATUS._STOP] 
1621056967360 [Update odom] 
1621056967463 [delta_X:0 delta_y:0 status:ROBOT_STATUS._STOP] 
1621056967464 [Update odom] 
1621056967566 [delta_X:0 delta_y:0 status:ROBOT_STATUS._STOP] 
1621056967571 [Update odom] 
1621056967673 [delta_X:0 delta_y:0 status:ROBOT_STATUS._STOP] 
1621056967675 [Update odom] 
1621056967776 [delta_X:0 delta_y:0 status:ROBOT_STATUS._STOP] 
1621056967784 [Update odom] 
1621056967885 [delta_X:0 delta_y:0 status:ROBOT_STATUS._STOP] 
1621056967887 [Update odom] 
1621056967988 [delta_X:0 delta_y:0 status:ROBOT_STATUS._STOP] 
1621056967989 [Update odom] 
1621056968090 [delta_X:0 delta_y:0 status:ROBOT_STATUS._STOP] 
1621056968091 [Update odom] 
1621056968195 [delta_X:0 delta_y:0 status:ROBOT_STATUS._STOP] 
1621056968196 [Update odom] 
1621056968300 [delta_X:0 delta_y:0 status:ROBOT_STATUS._STOP] 
1621056968301 [Update odom] 
1621056968403 [delta_X:0 delta_y:0 status:ROBOT_STATUS._STOP] 
1621056968404 [Update odom] 
1621056968508 [delta_X:0 delta_y:0 status:ROBOT_STATUS._STOP] 
1621056968510 [Update odom] 
1621056968611 [delta_X:0 delta_y:0 status:ROBOT_STATUS._STOP] 
1621056968612 [Update odom] 
1621056968715 [delta_X:0 delta_y:0 status:ROBOT_STATUS._STOP] 
1621056968716 [Update odom] 
1621056968819 [delta_X:0 delta_y:0 status:ROBOT_STATUS._STOP] 
1621056968820 [Update odom] 
1621056968921 [delta_X:0 delta_y:0 status:ROBOT_STATUS._STOP] 
1621056968922 [Update odom] 
1621056969023 [delta_X:0 delta_y:0 status:ROBOT_STATUS._STOP] 
1621056969025 [Update odom] 
1621056969126 [delta_X:0 delta_y:0 status:ROBOT_STATUS._STOP] 
1621056969127 [Update odom] 
1621056969230 [delta_X:0 delta_y:0 status:ROBOT_STATUS._STOP] 
1621056969231 [Update odom] 
1621056969338 [delta_X:0 delta_y:0 status:ROBOT_STATUS._STOP] 
1621056969338 [Update odom] 
1621056969440 [delta_X:0 delta_y:0 status:ROBOT_STATUS._STOP] 
1621056969440 [Update odom] 
1621056969542 [delta_X:0 delta_y:0 status:ROBOT_STATUS._STOP] 
1621056969543 [Update odom] 
1621056969644 [delta_X:0 delta_y:0 status:ROBOT_STATUS._STOP] 
1621056969645 [Update odom] 
1621056969746 [delta_X:0 delta_y:0 status:ROBOT_STATUS._STOP] 
1621056969747 [Update odom] 
1621056969849 [delta_X:0 delta_y:0 status:ROBOT_STATUS._STOP] 
1621056969850 [Update odom] 
1621056969951 [delta_X:0 delta_y:0 status:ROBOT_STATUS._STOP] 
1621056969952 [Update odom] 
1621056970054 [delta_X:0 delta_y:0 status:ROBOT_STATUS._STOP] 
1621056970055 [Update odom] 
1621056970157 [delta_X:0 delta_y:0 status:ROBOT_STATUS._STOP] 
1621056970158 [Update odom] 
1621056970260 [delta_X:0 delta_y:0 status:ROBOT_STATUS._STOP] 
1621056970261 [Update odom] 
1621056970362 [delta_X:0 delta_y:0 status:ROBOT_STATUS._STOP] 
1621056970363 [Update odom] 
1621056970471 [delta_X:0 delta_y:0 status:ROBOT_STATUS._STOP] 
