1621098134720 [accx: -0.0 accy: 0.0] 
1621098134725 [Publish IMU fail] 
1621098134729 [accx: -0.0 accy: 0.0] 
1621098134735 [Publish IMU fail] 
1621098134747 [accx: -0.0 accy: 0.0] 
1621098134753 [Publish IMU fail] 
1621098134759 [accx: -0.0 accy: 0.0] 
1621098134765 [Publish IMU fail] 
1621098134783 [accx: -0.01 accy: 0.0] 
1621098134800 [Publish IMU fail] 
1621098134803 [accx: -0.0 accy: 0.0] 
1621098134807 [Publish IMU fail] 
1621098134825 [accx: -0.0 accy: 0.0] 
1621098134853 [Publish IMU fail] 
1621098134861 [accx: 0.0 accy: -0.0] 
1621098134868 [Publish IMU fail] 
1621098134876 [accx: -0.0 accy: 0.0] 
1621098134889 [Publish IMU fail] 
1621098134891 [accx: 0.0 accy: -0.0] 
1621098134896 [Publish IMU fail] 
1621098134899 [accx: 0.0 accy: -0.0] 
1621098134911 [Publish IMU fail] 
1621098134924 [accx: -0.0 accy: 0.0] 
1621098134932 [Publish IMU fail] 
1621098134939 [accx: 0.0 accy: 0.0] 
1621098134953 [Publish IMU fail] 
1621098134958 [accx: 0.01 accy: 0.0] 
1621098134964 [Publish IMU fail] 
1621098134980 [accx: 0.01 accy: 0.0] 
1621098134990 [Publish IMU fail] 
1621098134999 [accx: 0.0 accy: 0.0] 
1621098135007 [Publish IMU fail] 
1621098135018 [accx: 0.01 accy: 0.01] 
1621098135024 [Publish IMU fail] 
1621098135045 [accx: 0.01 accy: -0.0] 
1621098135052 [Publish IMU fail] 
1621098135059 [accx: -0.0 accy: -0.01] 
1621098135067 [Publish IMU fail] 
1621098135079 [accx: 0.0 accy: -0.0] 
1621098135086 [Publish IMU fail] 
1621098135101 [accx: -0.0 accy: 0.0] 
1621098135109 [Publish IMU fail] 
1621098135119 [accx: 0.0 accy: 0.01] 
1621098135125 [Publish IMU fail] 
1621098135139 [accx: -0.01 accy: 0.0] 
1621098135143 [Publish IMU fail] 
1621098135163 [accx: -0.01 accy: -0.0] 
1621098135171 [Publish IMU fail] 
1621098135178 [accx: -0.0 accy: 0.0] 
1621098135186 [Publish IMU fail] 
1621098135208 [accx: 0.0 accy: -0.0] 
1621098135219 [Publish IMU fail] 
1621098135223 [accx: 0.0 accy: -0.0] 
1621098135227 [Publish IMU fail] 
1621098135245 [accx: -0.0 accy: 0.0] 
1621098135252 [Publish IMU fail] 
1621098135258 [accx: 0.0 accy: -0.0] 
1621098135265 [Publish IMU fail] 
1621098135285 [accx: 0.0 accy: 0.0] 
1621098135294 [Publish IMU fail] 
1621098135303 [accx: -0.0 accy: 0.0] 
1621098135313 [Publish IMU fail] 
1621098135318 [accx: 0.0 accy: -0.0] 
1621098135326 [Publish IMU fail] 
1621098135339 [accx: 0.0 accy: -0.01] 
1621098135343 [Publish IMU fail] 
1621098135358 [accx: 0.01 accy: -0.01] 
1621098135364 [Publish IMU fail] 
1621098135378 [accx: 0.0 accy: -0.0] 
1621098135386 [Publish IMU fail] 
1621098135398 [accx: -0.0 accy: -0.0] 
1621098135403 [Publish IMU fail] 
1621098135419 [accx: -0.0 accy: 0.0] 
1621098135424 [Publish IMU fail] 
1621098135441 [accx: -0.0 accy: -0.0] 
1621098135447 [Publish IMU fail] 
1621098135459 [accx: -0.0 accy: -0.0] 
1621098135465 [Publish IMU fail] 
1621098135479 [accx: 0.01 accy: 0.0] 
1621098135484 [Publish IMU fail] 
1621098135499 [accx: 0.01 accy: 0.0] 
1621098135503 [Publish IMU fail] 
1621098135519 [accx: 0.01 accy: 0.0] 
1621098135524 [Publish IMU fail] 
1621098135543 [accx: 0.01 accy: -0.0] 
1621098135547 [Publish IMU fail] 
1621098135559 [accx: 0.0 accy: -0.0] 
1621098135566 [Publish IMU fail] 
1621098135579 [accx: 0.01 accy: -0.0] 
1621098135585 [Publish IMU fail] 
1621098135599 [accx: -0.0 accy: 0.0] 
1621098135608 [Publish IMU fail] 
1621098135619 [accx: 0.0 accy: -0.0] 
1621098135626 [Publish IMU fail] 
1621098135640 [accx: 0.0 accy: -0.0] 
1621098135644 [Publish IMU fail] 
1621098135659 [accx: 0.01 accy: 0.0] 
1621098135663 [Publish IMU fail] 
1621098135678 [accx: 0.01 accy: 0.0] 
1621098135688 [Publish IMU fail] 
1621098135698 [accx: 0.0 accy: 0.0] 
1621098135705 [Publish IMU fail] 
1621098135719 [accx: -0.0 accy: -0.0] 
1621098135723 [Publish IMU fail] 
1621098135740 [accx: -0.0 accy: 0.0] 
1621098135746 [Publish IMU fail] 
1621098135759 [accx: -0.0 accy: -0.0] 
1621098135767 [Publish IMU fail] 
1621098135785 [accx: -0.01 accy: -0.0] 
1621098135807 [Publish IMU fail] 
1621098135810 [accx: -0.0 accy: -0.0] 
1621098135815 [Publish IMU fail] 
1621098135819 [accx: 0.0 accy: -0.0] 
1621098135824 [Publish IMU fail] 
1621098135839 [accx: 0.01 accy: -0.0] 
1621098135847 [Publish IMU fail] 
1621098135864 [accx: 0.01 accy: -0.0] 
1621098135869 [Publish IMU fail] 
1621098135878 [accx: 0.01 accy: 0.0] 
1621098135883 [Publish IMU fail] 
1621098135899 [accx: 0.01 accy: 0.0] 
1621098135903 [Publish IMU fail] 
1621098135932 [accx: 0.01 accy: 0.0] 
1621098135937 [Publish IMU fail] 
1621098135940 [accx: 0.0 accy: 0.01] 
1621098135947 [Publish IMU fail] 
1621098135958 [accx: 0.0 accy: 0.0] 
1621098135965 [Publish IMU fail] 
1621098135980 [accx: 0.01 accy: 0.01] 
1621098135987 [Publish IMU fail] 
1621098136000 [accx: 0.0 accy: 0.0] 
1621098136009 [Publish IMU fail] 
1621098136020 [accx: -0.0 accy: 0.0] 
1621098136027 [Publish IMU fail] 
1621098136039 [accx: -0.0 accy: 0.0] 
1621098136052 [Publish IMU fail] 
1621098136058 [accx: -0.01 accy: 0.0] 
1621098136073 [Publish IMU fail] 
1621098136082 [accx: -0.01 accy: 0.01] 
1621098136086 [Publish IMU fail] 
1621098136104 [accx: -0.0 accy: 0.0] 
1621098136110 [Publish IMU fail] 
1621098136123 [accx: -0.0 accy: -0.0] 
1621098136128 [Publish IMU fail] 
1621098136140 [accx: -0.0 accy: 0.0] 
1621098136145 [Publish IMU fail] 
1621098136160 [accx: -0.01 accy: -0.0] 
1621098136164 [Publish IMU fail] 
1621098136180 [accx: -0.01 accy: 0.0] 
1621098136184 [Publish IMU fail] 
1621098136198 [accx: 0.0 accy: -0.0] 
1621098136217 [Publish IMU fail] 
1621098136221 [accx: -0.0 accy: -0.0] 
1621098136225 [Publish IMU fail] 
1621098136238 [accx: -0.0 accy: -0.0] 
1621098136243 [Publish IMU fail] 
1621098136259 [accx: -0.0 accy: 0.0] 
1621098136265 [Publish IMU fail] 
1621098136280 [accx: -0.0 accy: 0.0] 
1621098136284 [Publish IMU fail] 
1621098136299 [accx: -0.0 accy: -0.0] 
1621098136305 [Publish IMU fail] 
1621098136319 [accx: -0.0 accy: 0.01] 
1621098136323 [Publish IMU fail] 
1621098136338 [accx: -0.0 accy: 0.0] 
1621098136344 [Publish IMU fail] 
1621098136360 [accx: 0.0 accy: 0.0] 
1621098136364 [Publish IMU fail] 
1621098136379 [accx: -0.0 accy: -0.0] 
1621098136383 [Publish IMU fail] 
1621098136398 [accx: 0.0 accy: 0.0] 
1621098136403 [Publish IMU fail] 
1621098136418 [accx: -0.0 accy: -0.0] 
1621098136422 [Publish IMU fail] 
1621098136439 [accx: -0.0 accy: -0.01] 
1621098136444 [Publish IMU fail] 
1621098136459 [accx: -0.0 accy: 0.01] 
1621098136466 [Publish IMU fail] 
1621098136478 [accx: -0.0 accy: 0.0] 
1621098136482 [Publish IMU fail] 
1621098136499 [accx: -0.0 accy: -0.0] 
1621098136504 [Publish IMU fail] 
1621098136518 [accx: 0.0 accy: 0.0] 
1621098136522 [Publish IMU fail] 
1621098136538 [accx: 0.0 accy: 0.0] 
1621098136543 [Publish IMU fail] 
1621098136551 [Read robot_status] 
1621098136559 [accx: 0.0 accy: -0.0] 
1621098136565 [Publish IMU fail] 
1621098136579 [accx: 0.0 accy: -0.0] 
1621098136582 [Publish IMU fail] 
1621098136599 [accx: 0.01 accy: 0.0] 
1621098136603 [Publish IMU fail] 
1621098136620 [accx: -0.0 accy: -0.0] 
1621098136628 [Publish IMU fail] 
1621098136648 [accx: 0.0 accy: -0.0] 
1621098136656 [Publish IMU fail] 
1621098136658 [accx: 0.01 accy: -0.0] 
1621098136663 [Publish IMU fail] 
1621098136678 [accx: 0.01 accy: 0.0] 
1621098136682 [Publish IMU fail] 
1621098136698 [accx: 0.0 accy: 0.0] 
1621098136704 [Publish IMU fail] 
1621098136720 [accx: 0.01 accy: -0.0] 
1621098136725 [Publish IMU fail] 
1621098136740 [accx: 0.0 accy: -0.0] 
1621098136769 [Publish IMU fail] 
1621098136772 [accx: -0.0 accy: 0.0] 
1621098136792 [Publish IMU fail] 
1621098136798 [accx: -0.01 accy: -0.0] 
1621098136803 [Publish IMU fail] 
1621098136808 [accx: -0.0 accy: -0.0] 
1621098136813 [Publish IMU fail] 
1621098136819 [accx: 0.0 accy: 0.0] 
1621098136823 [Publish IMU fail] 
1621098136838 [accx: 0.0 accy: 0.0] 
1621098136856 [Publish IMU fail] 
1621098136858 [accx: 0.0 accy: -0.0] 
1621098136866 [Publish IMU fail] 
1621098136884 [accx: 0.0 accy: -0.0] 
1621098136891 [Publish IMU fail] 
1621098136899 [accx: 0.0 accy: -0.01] 
1621098136929 [Publish IMU fail] 
1621098136931 [accx: 0.01 accy: -0.0] 
1621098136945 [Publish IMU fail] 
1621098136958 [accx: 0.01 accy: -0.0] 
1621098136965 [Publish IMU fail] 
1621098136970 [accx: 0.01 accy: 0.01] 
1621098136976 [Publish IMU fail] 
1621098136979 [accx: -0.0 accy: -0.0] 
1621098136984 [Publish IMU fail] 
1621098137012 [accx: -0.0 accy: -0.01] 
1621098137018 [Publish IMU fail] 
1621098137022 [accx: 0.0 accy: -0.0] 
1621098137030 [Publish IMU fail] 
1621098137055 [accx: 0.0 accy: -0.0] 
1621098137079 [Publish IMU fail] 
1621098137083 [accx: 0.0 accy: -0.0] 
1621098137094 [Publish IMU fail] 
1621098137103 [accx: 0.0 accy: -0.0] 
1621098137113 [Publish IMU fail] 
1621098137116 [accx: -0.0 accy: 0.0] 
1621098137132 [Publish IMU fail] 
1621098137135 [accx: -0.0 accy: -0.0] 
1621098137142 [Publish IMU fail] 
1621098137147 [accx: -0.0 accy: -0.0] 
1621098137154 [Publish IMU fail] 
1621098137163 [accx: -0.0 accy: -0.0] 
1621098137172 [Publish IMU fail] 
1621098137179 [accx: 0.0 accy: -0.0] 
1621098137188 [Publish IMU fail] 
1621098137199 [accx: -0.0 accy: 0.0] 
1621098137205 [Publish IMU fail] 
1621098137220 [accx: 0.0 accy: 0.01] 
1621098137228 [Publish IMU fail] 
1621098137239 [accx: 0.0 accy: 0.0] 
1621098137250 [Publish IMU fail] 
1621098137259 [accx: 0.0 accy: 0.0] 
1621098137265 [Publish IMU fail] 
1621098137279 [accx: 0.0 accy: 0.01] 
1621098137285 [Publish IMU fail] 
1621098137307 [accx: -0.0 accy: 0.01] 
1621098137332 [Publish IMU fail] 
1621098137335 [accx: -0.0 accy: 0.0] 
1621098137340 [Publish IMU fail] 
1621098137343 [accx: 0.0 accy: -0.0] 
1621098137351 [Publish IMU fail] 
1621098137358 [accx: -0.0 accy: -0.0] 
1621098137363 [Publish IMU fail] 
1621098137378 [accx: -0.0 accy: -0.01] 
1621098137403 [Publish IMU fail] 
1621098137407 [accx: -0.0 accy: -0.0] 
1621098137413 [Publish IMU fail] 
1621098137419 [accx: 0.0 accy: -0.0] 
1621098137431 [Publish IMU fail] 
1621098137441 [accx: -0.0 accy: 0.0] 
1621098137446 [Publish IMU fail] 
1621098137458 [accx: 0.01 accy: -0.0] 
1621098137462 [Publish IMU fail] 
1621098137478 [accx: 0.0 accy: -0.0] 
1621098137487 [Publish IMU fail] 
1621098137499 [accx: 0.01 accy: 0.0] 
1621098137506 [Publish IMU fail] 
1621098137525 [accx: 0.0 accy: -0.0] 
1621098137537 [Publish IMU fail] 
1621098137544 [accx: 0.0 accy: -0.0] 
1621098137550 [Publish IMU fail] 
1621098137562 [accx: -0.0 accy: 0.0] 
1621098137567 [Publish IMU fail] 
1621098137578 [accx: 0.0 accy: 0.0] 
1621098137583 [Publish IMU fail] 
1621098137606 [accx: 0.01 accy: -0.0] 
1621098137613 [Publish IMU fail] 
1621098137618 [accx: 0.0 accy: 0.0] 
1621098137624 [Publish IMU fail] 
1621098137642 [accx: 0.0 accy: -0.0] 
1621098137649 [Publish IMU fail] 
1621098137659 [accx: 0.0 accy: -0.0] 
1621098137665 [Publish IMU fail] 
1621098137679 [accx: 0.01 accy: -0.0] 
1621098137687 [Publish IMU fail] 
1621098137702 [accx: 0.0 accy: -0.0] 
1621098137707 [Publish IMU fail] 
1621098137723 [accx: -0.0 accy: -0.0] 
1621098137731 [Publish IMU fail] 
1621098137741 [accx: 0.0 accy: 0.0] 
1621098137747 [Publish IMU fail] 
1621098137759 [accx: 0.0 accy: 0.0] 
1621098137764 [Publish IMU fail] 
1621098137783 [accx: -0.0 accy: 0.0] 
1621098137788 [Publish IMU fail] 
1621098137806 [accx: 0.0 accy: 0.0] 
1621098137815 [Publish IMU fail] 
1621098137819 [accx: -0.0 accy: 0.0] 
1621098137823 [Publish IMU fail] 
1621098137838 [accx: 0.0 accy: 0.0] 
1621098137844 [Publish IMU fail] 
1621098137859 [accx: 0.01 accy: 0.0] 
1621098137871 [Publish IMU fail] 
1621098137880 [accx: 0.01 accy: 0.01] 
1621098137886 [Publish IMU fail] 
1621098137898 [accx: 0.0 accy: 0.01] 
1621098137904 [Publish IMU fail] 
1621098137931 [accx: -0.0 accy: 0.01] 
1621098137947 [Publish IMU fail] 
1621098137950 [accx: 0.01 accy: 0.0] 
1621098137964 [Publish IMU fail] 
1621098137978 [accx: 0.01 accy: 0.01] 
1621098137983 [Publish IMU fail] 
1621098137988 [accx: -0.0 accy: -0.0] 
1621098137993 [Publish IMU fail] 
1621098137999 [accx: 0.0 accy: 0.0] 
1621098138013 [Publish IMU fail] 
1621098138019 [accx: 0.0 accy: -0.01] 
1621098138041 [Publish IMU fail] 
1621098138046 [accx: -0.0 accy: -0.0] 
1621098138052 [Publish IMU fail] 
1621098138060 [accx: 0.0 accy: 0.0] 
1621098138066 [Publish IMU fail] 
1621098138079 [accx: 0.0 accy: -0.0] 
1621098138086 [Publish IMU fail] 
1621098138098 [accx: 0.0 accy: -0.0] 
1621098138105 [Publish IMU fail] 
1621098138119 [accx: 0.0 accy: -0.0] 
1621098138128 [Publish IMU fail] 
1621098138142 [accx: 0.0 accy: 0.0] 
1621098138158 [Publish IMU fail] 
1621098138161 [accx: 0.0 accy: 0.0] 
1621098138167 [Publish IMU fail] 
1621098138179 [accx: 0.0 accy: 0.0] 
1621098138183 [Publish IMU fail] 
1621098138209 [accx: 0.0 accy: 0.01] 
1621098138230 [Publish IMU fail] 
1621098138233 [accx: -0.0 accy: 0.01] 
1621098138238 [Publish IMU fail] 
1621098138241 [accx: -0.0 accy: 0.0] 
1621098138264 [Publish IMU fail] 
1621098138269 [accx: 0.0 accy: 0.0] 
1621098138274 [Publish IMU fail] 
1621098138283 [accx: 0.0 accy: -0.0] 
1621098138289 [Publish IMU fail] 
1621098138299 [accx: 0.0 accy: 0.0] 
1621098138304 [Publish IMU fail] 
1621098138319 [accx: -0.0 accy: 0.0] 
1621098138325 [Publish IMU fail] 
1621098138339 [accx: 0.0 accy: 0.0] 
1621098138351 [Publish IMU fail] 
1621098138359 [accx: 0.01 accy: 0.0] 
1621098138364 [Publish IMU fail] 
1621098138378 [accx: 0.0 accy: 0.0] 
1621098138394 [Publish IMU fail] 
1621098138400 [accx: 0.0 accy: 0.0] 
1621098138407 [Publish IMU fail] 
1621098138431 [accx: 0.0 accy: -0.0] 
1621098138435 [Publish IMU fail] 
1621098138438 [accx: 0.0 accy: 0.0] 
1621098138443 [Publish IMU fail] 
1621098138465 [accx: 0.0 accy: 0.01] 
1621098138472 [Publish IMU fail] 
1621098138478 [accx: 0.01 accy: 0.01] 
1621098138482 [Publish IMU fail] 
1621098138499 [accx: -0.0 accy: 0.0] 
1621098138506 [Publish IMU fail] 
1621098138523 [accx: -0.01 accy: 0.0] 
1621098138539 [Publish IMU fail] 
1621098138546 [accx: -0.01 accy: -0.0] 
1621098138552 [Publish IMU fail] 
1621098138559 [accx: -0.0 accy: -0.0] 
1621098138567 [Publish IMU fail] 
1621098138595 [accx: 0.0 accy: -0.01] 
1621098138601 [Publish IMU fail] 
1621098138611 [accx: -0.0 accy: -0.01] 
1621098138616 [Publish IMU fail] 
1621098138620 [accx: 0.0 accy: -0.0] 
1621098138628 [Publish IMU fail] 
1621098138639 [accx: 0.01 accy: 0.0] 
1621098138647 [Publish IMU fail] 
1621098138668 [accx: 0.01 accy: 0.0] 
1621098138674 [Publish IMU fail] 
1621098138679 [accx: 0.0 accy: -0.0] 
1621098138690 [Publish IMU fail] 
1621098138698 [accx: 0.0 accy: -0.0] 
1621098138710 [Publish IMU fail] 
1621098138719 [accx: -0.0 accy: -0.0] 
1621098138729 [Publish IMU fail] 
1621098138738 [accx: 0.0 accy: 0.0] 
1621098138745 [Publish IMU fail] 
1621098138758 [accx: 0.0 accy: -0.0] 
1621098138779 [Publish IMU fail] 
1621098138782 [accx: -0.0 accy: -0.01] 
1621098138803 [Publish IMU fail] 
1621098138806 [accx: -0.0 accy: -0.0] 
1621098138825 [Publish IMU fail] 
1621098138831 [accx: 0.0 accy: -0.01] 
1621098138842 [Publish IMU fail] 
1621098138846 [accx: 0.01 accy: -0.01] 
1621098138851 [Publish IMU fail] 
1621098138861 [accx: 0.0 accy: -0.01] 
1621098138868 [Publish IMU fail] 
1621098138879 [accx: 0.01 accy: -0.0] 
1621098138891 [Publish IMU fail] 
1621098138904 [accx: 0.01 accy: -0.0] 
1621098138920 [Publish IMU fail] 
1621098138924 [accx: 0.01 accy: 0.0] 
1621098138944 [Publish IMU fail] 
1621098138947 [accx: 0.0 accy: -0.01] 
1621098138960 [Publish IMU fail] 
1621098138966 [accx: 0.01 accy: -0.0] 
1621098138972 [Publish IMU fail] 
1621098138981 [accx: -0.0 accy: -0.0] 
1621098138996 [Publish IMU fail] 
1621098138999 [accx: -0.0 accy: -0.0] 
1621098139003 [Publish IMU fail] 
1621098139027 [accx: -0.01 accy: -0.0] 
1621098139036 [Publish IMU fail] 
1621098139048 [accx: -0.0 accy: 0.0] 
1621098139052 [Publish IMU fail] 
1621098139059 [accx: -0.01 accy: 0.0] 
1621098139064 [Publish IMU fail] 
1621098139079 [accx: -0.0 accy: 0.01] 
1621098139084 [Publish IMU fail] 
1621098139100 [accx: -0.0 accy: 0.0] 
1621098139111 [Publish IMU fail] 
1621098139119 [accx: 0.0 accy: 0.0] 
1621098139131 [Publish IMU fail] 
1621098139140 [accx: -0.0 accy: 0.01] 
1621098139144 [Publish IMU fail] 
1621098139159 [accx: -0.0 accy: 0.0] 
1621098139176 [Publish IMU fail] 
1621098139183 [accx: -0.0 accy: 0.0] 
1621098139189 [Publish IMU fail] 
1621098139206 [accx: -0.01 accy: -0.0] 
1621098139214 [Publish IMU fail] 
1621098139219 [accx: -0.01 accy: -0.01] 
1621098139238 [Publish IMU fail] 
1621098139244 [accx: -0.01 accy: -0.01] 
1621098139249 [Publish IMU fail] 
1621098139261 [accx: -0.01 accy: -0.0] 
1621098139270 [Publish IMU fail] 
1621098139280 [accx: -0.01 accy: -0.0] 
1621098139295 [Publish IMU fail] 
1621098139303 [accx: -0.0 accy: 0.0] 
1621098139317 [Publish IMU fail] 
1621098139324 [accx: -0.0 accy: 0.0] 
1621098139331 [Publish IMU fail] 
1621098139340 [accx: -0.0 accy: 0.0] 
1621098139345 [Publish IMU fail] 
1621098139361 [accx: -0.0 accy: 0.0] 
1621098139367 [Publish IMU fail] 
1621098139379 [accx: -0.0 accy: -0.0] 
1621098139386 [Publish IMU fail] 
1621098139398 [accx: -0.0 accy: 0.0] 
1621098139406 [Publish IMU fail] 
1621098139421 [accx: -0.01 accy: -0.0] 
1621098139445 [Publish IMU fail] 
1621098139452 [accx: -0.0 accy: -0.0] 
1621098139461 [Publish IMU fail] 
1621098139467 [accx: -0.0 accy: 0.0] 
1621098139477 [Publish IMU fail] 
1621098139482 [accx: -0.01 accy: 0.0] 
1621098139488 [Publish IMU fail] 
1621098139512 [accx: 0.0 accy: 0.0] 
1621098139518 [Publish IMU fail] 
1621098139521 [accx: 0.01 accy: -0.0] 
1621098139531 [Publish IMU fail] 
1621098139550 [accx: 0.0 accy: 0.0] 
1621098139555 [Publish IMU fail] 
1621098139558 [accx: 0.01 accy: 0.0] 
1621098139579 [Publish IMU fail] 
1621098139583 [accx: 0.0 accy: 0.0] 
1621098139588 [Publish IMU fail] 
1621098139601 [accx: -0.0 accy: 0.0] 
1621098139616 [Publish IMU fail] 
1621098139619 [accx: -0.0 accy: -0.0] 
1621098139623 [Publish IMU fail] 
1621098139639 [accx: 0.0 accy: 0.0] 
1621098139644 [Publish IMU fail] 
1621098139659 [accx: -0.0 accy: -0.0] 
1621098139663 [Publish IMU fail] 
1621098139681 [accx: -0.0 accy: -0.0] 
1621098139686 [Publish IMU fail] 
1621098139717 [accx: 0.0 accy: 0.0] 
1621098139729 [Publish IMU fail] 
1621098139733 [accx: 0.0 accy: 0.0] 
1621098139746 [Publish IMU fail] 
1621098139748 [accx: 0.0 accy: -0.0] 
1621098139752 [Publish IMU fail] 
1621098139763 [accx: 0.0 accy: 0.0] 
1621098139770 [Publish IMU fail] 
1621098139779 [accx: -0.0 accy: 0.0] 
1621098139791 [Publish IMU fail] 
1621098139824 [accx: 0.01 accy: 0.0] 
1621098139837 [Publish IMU fail] 
1621098139840 [accx: 0.01 accy: 0.0] 
1621098139868 [Publish IMU fail] 
1621098139870 [accx: 0.0 accy: -0.0] 
1621098139878 [Publish IMU fail] 
1621098139884 [accx: 0.0 accy: -0.0] 
1621098139913 [Publish IMU fail] 
1621098139918 [accx: -0.0 accy: -0.0] 
1621098139929 [Publish IMU fail] 
1621098139932 [accx: 0.01 accy: 0.0] 
1621098139951 [Publish IMU fail] 
1621098139955 [accx: 0.01 accy: -0.0] 
1621098139964 [Publish IMU fail] 
1621098139973 [accx: 0.0 accy: -0.0] 
1621098139979 [Publish IMU fail] 
1621098139994 [accx: -0.0 accy: 0.0] 
1621098140012 [Publish IMU fail] 
1621098140016 [accx: -0.0 accy: -0.0] 
1621098140023 [Publish IMU fail] 
1621098140027 [accx: -0.0 accy: 0.0] 
1621098140035 [Publish IMU fail] 
1621098140037 [accx: -0.01 accy: 0.0] 
1621098140045 [Publish IMU fail] 
1621098140050 [accx: -0.01 accy: 0.01] 
1621098140054 [Publish IMU fail] 
1621098140059 [accx: 0.0 accy: 0.0] 
1621098140065 [Publish IMU fail] 
1621098140092 [accx: 0.0 accy: 0.0] 
1621098140098 [Publish IMU fail] 
1621098140103 [accx: -0.0 accy: 0.0] 
1621098140108 [Publish IMU fail] 
1621098140119 [accx: -0.0 accy: 0.0] 
1621098140124 [Publish IMU fail] 
1621098140139 [accx: -0.0 accy: 0.0] 
1621098140148 [Publish IMU fail] 
1621098140164 [accx: 0.01 accy: 0.0] 
1621098140169 [Publish IMU fail] 
1621098140178 [accx: 0.01 accy: 0.0] 
1621098140186 [Publish IMU fail] 
1621098140198 [accx: 0.0 accy: 0.01] 
1621098140212 [Publish IMU fail] 
1621098140224 [accx: -0.0 accy: 0.01] 
1621098140231 [Publish IMU fail] 
1621098140247 [accx: -0.0 accy: -0.0] 
1621098140252 [Publish IMU fail] 
1621098140259 [accx: -0.0 accy: -0.0] 
1621098140264 [Publish IMU fail] 
1621098140288 [accx: -0.01 accy: 0.0] 
1621098140294 [Publish IMU fail] 
1621098140302 [accx: -0.0 accy: -0.0] 
1621098140309 [Publish IMU fail] 
1621098140320 [accx: -0.0 accy: -0.0] 
1621098140324 [Publish IMU fail] 
1621098140343 [accx: -0.0 accy: -0.0] 
1621098140348 [Publish IMU fail] 
1621098140359 [accx: -0.0 accy: -0.0] 
1621098140363 [Publish IMU fail] 
1621098140379 [accx: 0.0 accy: -0.0] 
1621098140389 [Publish IMU fail] 
1621098140398 [accx: -0.0 accy: -0.0] 
1621098140425 [Publish IMU fail] 
1621098140433 [accx: 0.0 accy: -0.0] 
1621098140441 [Publish IMU fail] 
1621098140451 [accx: 0.0 accy: 0.0] 
1621098140461 [Publish IMU fail] 
1621098140465 [accx: 0.0 accy: 0.0] 
1621098140473 [Publish IMU fail] 
1621098140482 [accx: -0.0 accy: 0.0] 
1621098140496 [Publish IMU fail] 
1621098140499 [accx: 0.0 accy: 0.0] 
1621098140504 [Publish IMU fail] 
1621098140536 [accx: 0.01 accy: 0.0] 
1621098140540 [Publish IMU fail] 
1621098140542 [accx: 0.01 accy: 0.0] 
1621098140546 [Publish IMU fail] 
1621098140559 [accx: 0.0 accy: 0.0] 
1621098140564 [Publish IMU fail] 
1621098140579 [accx: 0.01 accy: -0.0] 
1621098140585 [Publish IMU fail] 
1621098140599 [accx: 0.01 accy: -0.01] 
1621098140607 [Publish IMU fail] 
1621098140619 [accx: 0.0 accy: -0.01] 
1621098140625 [Publish IMU fail] 
1621098140638 [accx: 0.0 accy: -0.01] 
1621098140643 [Publish IMU fail] 
1621098140659 [accx: -0.0 accy: -0.01] 
1621098140667 [Publish IMU fail] 
1621098140690 [accx: -0.01 accy: -0.0] 
1621098140698 [Publish IMU fail] 
1621098140703 [accx: -0.0 accy: -0.0] 
1621098140710 [Publish IMU fail] 
1621098140733 [accx: 0.0 accy: -0.0] 
1621098140740 [Publish IMU fail] 
1621098140746 [accx: -0.0 accy: -0.0] 
1621098140754 [Publish IMU fail] 
1621098140760 [accx: -0.0 accy: -0.0] 
1621098140767 [Publish IMU fail] 
1621098140780 [accx: -0.0 accy: -0.0] 
1621098140789 [Publish IMU fail] 
1621098140804 [accx: -0.0 accy: -0.0] 
1621098140826 [Publish IMU fail] 
1621098140829 [accx: -0.0 accy: 0.0] 
1621098140837 [Publish IMU fail] 
1621098140847 [accx: -0.0 accy: -0.0] 
1621098140868 [Publish IMU fail] 
1621098140877 [accx: -0.01 accy: 0.0] 
1621098140891 [Publish IMU fail] 
1621098140895 [accx: 0.0 accy: -0.0] 
1621098140902 [Publish IMU fail] 
1621098140906 [accx: -0.0 accy: -0.0] 
1621098140914 [Publish IMU fail] 
1621098140923 [accx: -0.0 accy: -0.0] 
1621098140930 [Publish IMU fail] 
1621098140947 [accx: 0.0 accy: 0.0] 
1621098140953 [Publish IMU fail] 
1621098140962 [accx: 0.0 accy: -0.0] 
1621098140973 [Publish IMU fail] 
1621098140986 [accx: -0.0 accy: -0.01] 
1621098140994 [Publish IMU fail] 
1621098140999 [accx: 0.0 accy: -0.0] 
1621098141016 [Publish IMU fail] 
1621098141027 [accx: 0.0 accy: 0.0] 
1621098141038 [Publish IMU fail] 
1621098141048 [accx: -0.0 accy: -0.0] 
1621098141052 [Publish IMU fail] 
1621098141059 [accx: 0.0 accy: -0.01] 
1621098141068 [Publish IMU fail] 
1621098141079 [accx: -0.0 accy: -0.0] 
1621098141086 [Publish IMU fail] 
1621098141099 [accx: -0.0 accy: -0.01] 
1621098141104 [Publish IMU fail] 
1621098141127 [accx: 0.0 accy: -0.01] 
1621098141136 [Publish IMU fail] 
1621098141139 [accx: 0.0 accy: -0.01] 
1621098141148 [Publish IMU fail] 
1621098141168 [accx: 0.0 accy: -0.01] 
1621098141174 [Publish IMU fail] 
1621098141179 [accx: -0.0 accy: -0.01] 
1621098141191 [Publish IMU fail] 
1621098141206 [accx: 0.0 accy: 0.0] 
1621098141221 [Publish IMU fail] 
1621098141224 [accx: 0.0 accy: -0.0] 
1621098141235 [Publish IMU fail] 
1621098141258 [accx: 0.0 accy: -0.01] 
1621098141265 [Publish IMU fail] 
1621098141267 [accx: 0.0 accy: -0.01] 
1621098141282 [Publish IMU fail] 
1621098141285 [accx: -0.0 accy: 0.0] 
1621098141292 [Publish IMU fail] 
1621098141299 [accx: -0.0 accy: -0.0] 
1621098141307 [Publish IMU fail] 
1621098141319 [accx: -0.0 accy: -0.0] 
1621098141325 [Publish IMU fail] 
1621098141343 [accx: 0.0 accy: -0.01] 
1621098141352 [Publish IMU fail] 
1621098141358 [accx: 0.0 accy: -0.0] 
1621098141372 [Publish IMU fail] 
1621098141385 [accx: 0.0 accy: 0.0] 
1621098141390 [Publish IMU fail] 
1621098141399 [accx: -0.0 accy: -0.0] 
1621098141415 [Publish IMU fail] 
1621098141419 [accx: 0.01 accy: -0.01] 
1621098141430 [Publish IMU fail] 
1621098141438 [accx: 0.01 accy: -0.0] 
1621098141446 [Publish IMU fail] 
1621098141459 [accx: 0.0 accy: -0.0] 
1621098141469 [Publish IMU fail] 
1621098141479 [accx: -0.0 accy: -0.0] 
1621098141506 [Publish IMU fail] 
1621098141509 [accx: -0.0 accy: -0.01] 
1621098141524 [Publish IMU fail] 
1621098141527 [accx: 0.0 accy: -0.01] 
1621098141533 [Publish IMU fail] 
1621098141538 [accx: 0.01 accy: -0.01] 
1621098141572 [Publish IMU fail] 
1621098141576 [accx: 0.0 accy: -0.01] 
1621098141587 [Publish IMU fail] 
1621098141590 [accx: -0.0 accy: -0.0] 
1621098141637 [Publish IMU fail] 
1621098141646 [Publish IMU fail] 
