1623195129204 [Read robot_status] 
1623195137276 [accx: 0.0 accy: 0.0] 
1623195142583 [accx: 0.0 accy: 0.0] 
1623195148069 [accx: 0.0 accy: 0.0] 
1623195153771 [accx: 0.0 accy: 0.0] 
1623195159476 [accx: 0.0 accy: 0.0] 
1623195164983 [accx: 0.0 accy: 0.0] 
1623195170363 [accx: 0.0 accy: 0.0] 
1623195176425 [accx: 0.0 accy: 0.0] 
1623195182353 [accx: 0.0 accy: 0.0] 
1623195188240 [accx: 0.0 accy: 0.0] 
1623195193761 [accx: 0.0 accy: 0.0] 
1623195200579 [accx: 0.0 accy: 0.0] 
1623195207571 [accx: 0.0 accy: 0.0] 
1623195213502 [accx: 0.0 accy: 0.0] 
1623195218927 [accx: 0.0 accy: 0.0] 
1623195224336 [accx: 0.0 accy: 0.0] 
1623195229689 [accx: 0.0 accy: 0.0] 
1623195235150 [accx: 0.0 accy: 0.0] 
1623195240544 [accx: 0.0 accy: 0.0] 
1623195246398 [accx: 0.0 accy: 0.0] 
1623195251750 [accx: 0.0 accy: 0.0] 
1623195257058 [accx: 0.0 accy: 0.0] 
1623195262412 [accx: 0.0 accy: 0.0] 
1623195267817 [accx: 0.0 accy: 0.0] 
1623195273211 [accx: 0.0 accy: 0.0] 
1623195278711 [accx: 0.0 accy: 0.0] 
1623195284128 [accx: 0.0 accy: 0.0] 
1623195289724 [accx: 0.0 accy: 0.0] 
1623195295151 [accx: 0.0 accy: 0.0] 
1623195300553 [accx: 0.0 accy: 0.0] 
1623195305882 [accx: 0.0 accy: 0.0] 
1623195311399 [accx: 0.0 accy: 0.0] 
1623195316818 [accx: 0.0 accy: 0.0] 
1623195322283 [accx: 0.0 accy: 0.0] 
1623195327785 [accx: 0.0 accy: 0.0] 
1623195333111 [accx: 0.0 accy: 0.0] 
1623195338570 [accx: 0.0 accy: 0.0] 
1623195344046 [accx: 0.0 accy: 0.0] 
1623195349488 [accx: 0.0 accy: 0.0] 
1623195351620 [Read robot_status] 
1623195355040 [accx: 0.0 accy: 0.0] 
1623195355879 [Read robot_status] 
1623195356113 [Read robot_status] 
1623195356230 [Read robot_status] 
1623195356506 [Read robot_status] 
1623195360408 [accx: 0.0 accy: 0.0] 
1623195365481 [Read robot_status] 
1623195365930 [accx: 0.0 accy: 0.0] 
1623195371700 [accx: 0.0 accy: 0.0] 
1623195377032 [accx: 0.0 accy: 0.0] 
1623195382901 [accx: 0.0 accy: 0.0] 
1623195388328 [accx: 0.0 accy: 0.0] 
1623195393682 [accx: 0.0 accy: 0.0] 
1623195399025 [accx: 0.0 accy: 0.0] 
1623195405621 [accx: 0.0 accy: 0.0] 
1623195411410 [accx: 0.0 accy: 0.0] 
1623195417028 [accx: 0.0 accy: 0.0] 
1623195422476 [accx: 0.0 accy: 0.0] 
1623195428647 [accx: 0.0 accy: 0.0] 
1623195434812 [accx: 0.0 accy: 0.0] 
1623195440900 [accx: 0.0 accy: 0.0] 
1623195446210 [accx: 0.0 accy: 0.0] 
1623195451673 [accx: 0.0 accy: 0.0] 
1623195457013 [accx: 0.0 accy: 0.0] 
1623195462545 [accx: 0.0 accy: 0.0] 
1623195468089 [accx: 0.0 accy: 0.0] 
1623195473517 [accx: 0.0 accy: 0.0] 
