1623195860153 [Read robot_status] 
1623195867512 [accx: 0.0 accy: 0.0] 
1623195872905 [accx: 0.0 accy: 0.0] 
1623195878219 [accx: 0.0 accy: 0.0] 
1623195883690 [accx: 0.0 accy: 0.0] 
1623195889071 [accx: 0.0 accy: 0.0] 
1623195894360 [accx: 0.0 accy: 0.0] 
1623195899668 [accx: 0.0 accy: 0.0] 
1623195905038 [accx: 0.0 accy: 0.0] 
1623195910491 [accx: 0.0 accy: 0.0] 
1623195915788 [accx: 0.0 accy: 0.0] 
1623195921237 [accx: 0.0 accy: 0.0] 
1623195926849 [accx: 0.0 accy: 0.0] 
1623195932292 [accx: 0.0 accy: 0.0] 
1623195937571 [accx: 0.0 accy: 0.0] 
1623195942868 [accx: 0.0 accy: 0.0] 
1623195948396 [accx: 0.0 accy: 0.0] 
1623195953674 [accx: 0.0 accy: 0.0] 
1623195954370 [Read robot_status] 
1623195959198 [accx: 0.0 accy: 0.0] 
1623195964682 [accx: 0.0 accy: 0.0] 
1623195967542 [Read robot_status] 
1623195970154 [accx: 0.0 accy: 0.0] 
1623195975612 [accx: 0.0 accy: 0.0] 
1623195981331 [accx: 0.0 accy: 0.0] 
1623195986652 [accx: 0.0 accy: 0.0] 
