1621674164793 [accx: 0.0 accy: -0.01] 
1621674164797 [accx: -0.0 accy: -0.01] 
1621674164800 [accx: -0.01 accy: -0.01] 
1621674164803 [accx: -0.0 accy: -0.01] 
1621674164824 [accx: 0.0 accy: -0.01] 
1621674164850 [accx: 0.0 accy: -0.01] 
1621674164862 [accx: 0.0 accy: -0.01] 
1621674164882 [accx: 0.0 accy: -0.0] 
1621674164902 [accx: -0.0 accy: -0.01] 
1621674164922 [accx: -0.0 accy: 0.0] 
1621674164942 [accx: -0.0 accy: -0.0] 
1621674164961 [accx: -0.0 accy: -0.0] 
1621674164982 [accx: 0.0 accy: -0.0] 
1621674165001 [accx: 0.0 accy: -0.0] 
1621674165022 [accx: 0.0 accy: -0.01] 
1621674165042 [accx: 0.0 accy: -0.0] 
1621674165061 [accx: 0.0 accy: 0.0] 
1621674165082 [accx: -0.0 accy: 0.01] 
1621674165102 [accx: -0.01 accy: 0.0] 
1621674165121 [accx: -0.0 accy: 0.0] 
1621674165143 [accx: -0.0 accy: -0.0] 
1621674165162 [accx: 0.01 accy: 0.0] 
1621674165183 [accx: 0.01 accy: -0.0] 
1621674165201 [accx: 0.0 accy: -0.0] 
1621674165222 [accx: 0.0 accy: 0.01] 
1621674165255 [accx: -0.0 accy: -0.0] 
1621674165262 [accx: 0.0 accy: -0.0] 
1621674165281 [accx: -0.0 accy: 0.0] 
1621674165301 [accx: -0.0 accy: 0.01] 
1621674165322 [accx: 0.0 accy: -0.0] 
1621674165344 [accx: 0.0 accy: -0.0] 
1621674165375 [accx: 0.01 accy: -0.0] 
1621674165381 [accx: -0.0 accy: -0.0] 
1621674165409 [accx: -0.01 accy: -0.0] 
1621674165421 [accx: -0.01 accy: -0.0] 
1621674165441 [accx: 0.01 accy: -0.0] 
1621674165464 [accx: 0.0 accy: -0.0] 
1621674165481 [accx: 0.0 accy: 0.01] 
1621674165501 [accx: 0.0 accy: 0.0] 
1621674165521 [accx: -0.0 accy: 0.0] 
1621674165545 [accx: -0.0 accy: 0.0] 
1621674165561 [accx: 0.0 accy: 0.01] 
1621674165581 [accx: 0.0 accy: 0.0] 
1621674165601 [accx: 0.0 accy: 0.0] 
1621674165621 [accx: 0.0 accy: -0.0] 
1621674165641 [accx: -0.0 accy: 0.0] 
1621674165661 [accx: 0.0 accy: 0.0] 
1621674165682 [accx: 0.0 accy: 0.01] 
1621674165701 [accx: -0.0 accy: 0.0] 
1621674165742 [accx: -0.01 accy: -0.0] 
1621674165747 [accx: -0.0 accy: -0.01] 
1621674165762 [accx: -0.0 accy: -0.0] 
1621674165792 [accx: -0.01 accy: -0.0] 
1621674165803 [accx: -0.0 accy: 0.0] 
1621674165823 [accx: 0.0 accy: 0.0] 
1621674165842 [accx: 0.01 accy: 0.0] 
1621674165862 [accx: -0.0 accy: -0.0] 
1621674165890 [accx: 0.0 accy: -0.01] 
1621674165906 [accx: -0.0 accy: -0.01] 
1621674165922 [accx: -0.0 accy: -0.01] 
1621674165941 [accx: 0.0 accy: -0.01] 
1621674165961 [accx: 0.0 accy: 0.0] 
1621674165982 [accx: -0.0 accy: -0.0] 
1621674166002 [accx: 0.0 accy: 0.0] 
1621674166021 [accx: -0.01 accy: 0.0] 
1621674166041 [accx: -0.0 accy: -0.0] 
1621674166061 [accx: 0.01 accy: -0.0] 
1621674166081 [accx: -0.0 accy: -0.0] 
1621674166101 [accx: -0.0 accy: -0.0] 
1621674166132 [accx: 0.0 accy: -0.0] 
1621674166141 [accx: -0.0 accy: -0.0] 
1621674166162 [accx: -0.0 accy: -0.0] 
1621674166181 [accx: -0.0 accy: -0.0] 
1621674166203 [accx: 0.0 accy: -0.0] 
1621674166222 [accx: 0.0 accy: -0.0] 
1621674166242 [accx: 0.0 accy: -0.01] 
1621674166277 [accx: 0.0 accy: -0.01] 
1621674166282 [accx: 0.0 accy: -0.01] 
1621674166303 [accx: 0.01 accy: -0.0] 
1621674166322 [accx: 0.0 accy: -0.0] 
1621674166358 [accx: 0.0 accy: 0.0] 
1621674166363 [accx: 0.0 accy: -0.0] 
1621674166382 [accx: -0.0 accy: 0.0] 
1621674166402 [accx: -0.01 accy: 0.0] 
1621674166425 [accx: -0.0 accy: -0.0] 
1621674166441 [accx: -0.01 accy: -0.0] 
1621674166462 [accx: -0.02 accy: -0.0] 
1621674166487 [accx: -0.01 accy: 0.0] 
1621674166501 [accx: -0.01 accy: -0.0] 
1621674166522 [accx: -0.01 accy: -0.0] 
1621674166542 [accx: -0.01 accy: -0.01] 
1621674166561 [accx: 0.0 accy: -0.01] 
1621674166582 [accx: 0.0 accy: -0.0] 
1621674166604 [accx: 0.0 accy: -0.0] 
1621674166621 [accx: 0.0 accy: -0.01] 
1621674166651 [accx: 0.0 accy: -0.0] 
1621674166666 [accx: 0.0 accy: 0.0] 
1621674166689 [accx: 0.0 accy: -0.0] 
1621674166703 [accx: 0.0 accy: 0.0] 
1621674166722 [accx: 0.0 accy: 0.0] 
1621674166741 [accx: 0.0 accy: -0.0] 
1621674166761 [accx: -0.0 accy: -0.01] 
1621674166791 [accx: -0.0 accy: -0.01] 
1621674166808 [accx: -0.0 accy: -0.01] 
1621674166821 [accx: -0.0 accy: -0.01] 
1621674166846 [accx: -0.0 accy: -0.0] 
1621674166861 [accx: 0.0 accy: -0.0] 
1621674166882 [accx: -0.0 accy: -0.01] 
1621674166901 [accx: 0.01 accy: -0.0] 
1621674166924 [accx: 0.01 accy: -0.0] 
1621674166946 [accx: 0.0 accy: -0.0] 
1621674166967 [accx: 0.0 accy: -0.0] 
1621674166981 [accx: 0.01 accy: 0.0] 
1621674167001 [accx: 0.0 accy: 0.0] 
1621674167025 [accx: -0.0 accy: -0.0] 
1621674167044 [accx: -0.0 accy: -0.0] 
1621674167064 [accx: -0.0 accy: -0.0] 
1621674167083 [accx: 0.0 accy: 0.0] 
1621674167102 [accx: -0.0 accy: -0.0] 
1621674167125 [accx: 0.0 accy: 0.0] 
1621674167142 [accx: 0.0 accy: 0.0] 
1621674167162 [accx: 0.0 accy: 0.01] 
1621674167181 [accx: 0.0 accy: 0.01] 
1621674167207 [accx: 0.0 accy: 0.0] 
1621674167221 [accx: -0.0 accy: 0.0] 
1621674167241 [accx: -0.0 accy: -0.0] 
1621674167262 [accx: -0.0 accy: -0.0] 
1621674167281 [accx: 0.0 accy: 0.0] 
1621674167301 [accx: 0.0 accy: 0.0] 
1621674167322 [accx: -0.0 accy: -0.0] 
1621674167341 [accx: -0.0 accy: -0.0] 
1621674167361 [accx: -0.01 accy: 0.0] 
1621674167381 [accx: -0.0 accy: -0.0] 
1621674167401 [accx: -0.0 accy: -0.0] 
1621674167421 [accx: -0.0 accy: -0.0] 
1621674167441 [accx: -0.0 accy: 0.0] 
1621674167461 [accx: 0.0 accy: 0.0] 
1621674167481 [accx: 0.0 accy: 0.0] 
1621674167501 [accx: 0.0 accy: 0.0] 
1621674167521 [accx: 0.01 accy: -0.0] 
1621674167541 [accx: 0.01 accy: 0.01] 
1621674167561 [accx: 0.0 accy: 0.01] 
1621674167581 [accx: 0.0 accy: 0.0] 
1621674167601 [accx: 0.01 accy: 0.01] 
1621674167621 [accx: -0.0 accy: 0.0] 
1621674167641 [accx: 0.01 accy: 0.0] 
1621674167661 [accx: 0.0 accy: 0.0] 
1621674167681 [accx: 0.01 accy: -0.0] 
1621674167701 [accx: -0.0 accy: -0.0] 
1621674167721 [accx: 0.0 accy: -0.0] 
1621674167741 [accx: 0.01 accy: -0.01] 
1621674167761 [accx: 0.0 accy: -0.0] 
1621674167787 [accx: -0.0 accy: -0.0] 
1621674167802 [accx: 0.01 accy: -0.0] 
1621674167822 [accx: 0.0 accy: -0.0] 
1621674167843 [accx: 0.0 accy: -0.0] 
1621674167867 [accx: -0.0 accy: 0.0] 
1621674167895 [accx: 0.0 accy: -0.01] 
1621674167906 [accx: 0.0 accy: -0.0] 
1621674167941 [accx: 0.0 accy: -0.0] 
1621674167945 [accx: -0.01 accy: -0.0] 
1621674167972 [accx: 0.0 accy: -0.01] 
1621674167981 [accx: -0.0 accy: -0.0] 
1621674168001 [accx: 0.0 accy: -0.0] 
1621674168022 [accx: -0.0 accy: 0.0] 
1621674168042 [accx: -0.0 accy: -0.0] 
1621674168063 [accx: 0.0 accy: -0.0] 
1621674168081 [accx: -0.0 accy: 0.0] 
1621674168101 [accx: 0.0 accy: 0.0] 
1621674168126 [accx: 0.0 accy: -0.0] 
1621674168141 [accx: 0.0 accy: 0.0] 
1621674168162 [accx: -0.0 accy: 0.0] 
1621674168181 [accx: 0.0 accy: -0.01] 
1621674168201 [accx: 0.01 accy: -0.01] 
1621674168223 [accx: 0.0 accy: -0.01] 
1621674168241 [accx: 0.0 accy: -0.0] 
1621674168266 [accx: 0.01 accy: -0.0] 
1621674168282 [accx: 0.0 accy: -0.0] 
1621674168301 [accx: 0.01 accy: 0.0] 
1621674168325 [accx: 0.0 accy: -0.0] 
1621674168341 [accx: 0.0 accy: 0.0] 
1621674168361 [accx: -0.0 accy: 0.0] 
1621674168381 [accx: -0.0 accy: 0.0] 
1621674168403 [accx: -0.0 accy: -0.0] 
1621674168422 [accx: 0.0 accy: -0.0] 
1621674168441 [accx: 0.0 accy: 0.0] 
1621674168461 [accx: -0.0 accy: 0.0] 
1621674168481 [accx: 0.0 accy: -0.0] 
1621674168501 [accx: 0.0 accy: -0.0] 
1621674168521 [accx: 0.0 accy: -0.01] 
1621674168541 [accx: 0.0 accy: -0.01] 
1621674168561 [accx: -0.0 accy: -0.0] 
1621674168581 [accx: 0.0 accy: -0.0] 
1621674168619 [Read robot_status] 
1621674168622 [accx: 0.01 accy: 0.0] 
1621674168627 [accx: 0.0 accy: -0.0] 
1621674168641 [accx: 0.01 accy: -0.0] 
1621674168661 [accx: 0.0 accy: 0.0] 
1621674168681 [accx: -0.0 accy: -0.0] 
1621674168701 [accx: -0.0 accy: 0.0] 
1621674168721 [accx: -0.0 accy: -0.0] 
1621674168741 [accx: -0.0 accy: -0.01] 
1621674168761 [accx: -0.0 accy: 0.0] 
1621674168781 [accx: 0.0 accy: -0.01] 
1621674168804 [accx: 0.01 accy: -0.0] 
1621674168826 [accx: 0.01 accy: -0.0] 
1621674168842 [accx: 0.0 accy: -0.01] 
1621674168863 [accx: -0.0 accy: -0.0] 
1621674168882 [accx: 0.0 accy: -0.0] 
1621674168907 [accx: 0.0 accy: -0.0] 
1621674168921 [accx: 0.0 accy: -0.0] 
1621674168941 [accx: 0.0 accy: 0.0] 
1621674168964 [accx: -0.0 accy: 0.01] 
1621674168982 [accx: 0.01 accy: 0.01] 
1621674169002 [accx: 0.0 accy: 0.0] 
1621674169021 [accx: -0.0 accy: 0.0] 
1621674169045 [accx: -0.0 accy: -0.0] 
1621674169061 [accx: -0.0 accy: -0.0] 
1621674169082 [accx: -0.0 accy: -0.0] 
1621674169102 [accx: -0.0 accy: -0.0] 
1621674169122 [accx: -0.0 accy: 0.0] 
1621674169142 [accx: 0.0 accy: 0.0] 
1621674169161 [accx: 0.01 accy: 0.0] 
1621674169182 [accx: 0.0 accy: -0.0] 
1621674169202 [accx: 0.01 accy: -0.01] 
1621674169221 [accx: 0.0 accy: 0.0] 
1621674169243 [accx: -0.0 accy: 0.0] 
1621674169266 [accx: -0.0 accy: 0.0] 
1621674169287 [accx: -0.0 accy: 0.0] 
1621674169302 [accx: 0.0 accy: -0.0] 
1621674169321 [accx: 0.0 accy: 0.0] 
1621674169347 [accx: 0.0 accy: -0.0] 
1621674169361 [accx: 0.0 accy: -0.0] 
1621674169381 [accx: -0.0 accy: -0.0] 
1621674169401 [accx: 0.0 accy: -0.0] 
1621674169421 [accx: -0.0 accy: 0.0] 
1621674169441 [accx: 0.0 accy: -0.0] 
1621674169461 [accx: 0.0 accy: -0.01] 
1621674169482 [accx: -0.0 accy: -0.0] 
1621674169501 [accx: 0.0 accy: 0.0] 
1621674169522 [accx: 0.0 accy: 0.0] 
1621674169541 [accx: -0.01 accy: 0.0] 
1621674169562 [accx: 0.0 accy: 0.0] 
1621674169581 [accx: -0.01 accy: -0.0] 
1621674169603 [accx: -0.01 accy: -0.0] 
1621674169621 [accx: -0.0 accy: -0.0] 
1621674169641 [accx: 0.0 accy: -0.01] 
1621674169661 [accx: -0.0 accy: -0.0] 
1621674169681 [accx: 0.0 accy: -0.0] 
1621674169701 [accx: 0.0 accy: -0.0] 
1621674169721 [accx: 0.0 accy: -0.01] 
1621674169741 [accx: -0.0 accy: -0.0] 
1621674169772 [accx: -0.0 accy: -0.0] 
1621674169787 [accx: 0.0 accy: -0.0] 
1621674169802 [accx: -0.0 accy: -0.0] 
1621674169827 [accx: -0.0 accy: -0.0] 
1621674169842 [accx: 0.0 accy: 0.0] 
1621674169861 [accx: -0.0 accy: -0.0] 
1621674169881 [accx: -0.0 accy: -0.0] 
1621674169901 [accx: -0.01 accy: -0.0] 
1621674169921 [accx: -0.0 accy: -0.0] 
1621674169943 [accx: 0.0 accy: -0.0] 
1621674169961 [accx: -0.0 accy: 0.0] 
1621674169985 [accx: -0.0 accy: 0.0] 
1621674170002 [accx: 0.0 accy: -0.0] 
1621674170021 [accx: -0.0 accy: -0.0] 
1621674170043 [accx: 0.0 accy: -0.0] 
1621674170061 [accx: -0.0 accy: -0.01] 
1621674170081 [accx: -0.0 accy: -0.01] 
1621674170107 [accx: -0.01 accy: -0.0] 
1621674170122 [accx: -0.01 accy: -0.01] 
1621674170142 [accx: -0.01 accy: -0.0] 
1621674170166 [accx: -0.01 accy: -0.01] 
1621674170182 [accx: -0.0 accy: -0.01] 
1621674170205 [accx: -0.0 accy: -0.01] 
1621674170221 [accx: -0.01 accy: 0.0] 
1621674170241 [accx: -0.0 accy: 0.0] 
1621674170262 [accx: 0.0 accy: 0.0] 
1621674170283 [accx: 0.0 accy: -0.0] 
1621674170302 [accx: 0.01 accy: -0.0] 
1621674170321 [accx: 0.01 accy: 0.0] 
1621674170342 [accx: 0.01 accy: 0.0] 
1621674170361 [accx: 0.0 accy: 0.0] 
1621674170382 [accx: -0.0 accy: -0.0] 
1621674170402 [accx: 0.01 accy: -0.0] 
1621674170424 [accx: 0.01 accy: -0.0] 
1621674170441 [accx: 0.0 accy: -0.0] 
1621674170461 [accx: -0.0 accy: -0.0] 
1621674170481 [accx: 0.0 accy: -0.0] 
1621674170501 [accx: -0.0 accy: -0.01] 
1621674170521 [accx: 0.0 accy: 0.0] 
1621674170542 [accx: 0.0 accy: -0.0] 
1621674170561 [accx: 0.0 accy: -0.0] 
1621674170583 [accx: -0.0 accy: -0.0] 
1621674170602 [accx: -0.01 accy: -0.0] 
1621674170622 [accx: 0.0 accy: -0.0] 
1621674170642 [accx: 0.01 accy: -0.0] 
1621674170662 [accx: 0.0 accy: -0.0] 
1621674170690 [accx: 0.0 accy: 0.0] 
1621674170701 [accx: 0.0 accy: 0.0] 
1621674170724 [accx: -0.0 accy: -0.0] 
1621674170742 [accx: -0.0 accy: -0.0] 
1621674170762 [accx: -0.01 accy: 0.0] 
1621674170786 [accx: -0.0 accy: 0.0] 
1621674170810 [accx: -0.01 accy: -0.0] 
1621674170822 [accx: -0.01 accy: -0.0] 
1621674170853 [accx: 0.0 accy: -0.0] 
1621674170872 [accx: -0.0 accy: -0.0] 
1621674170882 [accx: -0.0 accy: 0.0] 
1621674170902 [accx: -0.0 accy: 0.0] 
1621674170921 [accx: -0.0 accy: 0.0] 
1621674170941 [accx: 0.01 accy: -0.0] 
1621674170961 [accx: 0.01 accy: -0.0] 
1621674170981 [accx: 0.0 accy: 0.0] 
1621674171001 [accx: -0.0 accy: 0.0] 
1621674171023 [accx: 0.0 accy: -0.01] 
1621674171041 [accx: 0.01 accy: -0.01] 
1621674171061 [accx: 0.0 accy: -0.01] 
1621674171081 [accx: 0.0 accy: -0.01] 
1621674171101 [accx: 0.01 accy: -0.0] 
1621674171122 [accx: -0.0 accy: -0.0] 
1621674171142 [accx: 0.0 accy: 0.0] 
1621674171161 [accx: 0.01 accy: -0.0] 
1621674171181 [accx: 0.01 accy: -0.0] 
1621674171201 [accx: 0.0 accy: -0.0] 
1621674171226 [accx: 0.0 accy: -0.0] 
1621674171242 [accx: 0.0 accy: 0.0] 
1621674171261 [accx: 0.0 accy: 0.01] 
1621674171282 [accx: 0.0 accy: 0.0] 
1621674171302 [accx: 0.0 accy: 0.01] 
1621674171322 [accx: 0.0 accy: 0.0] 
1621674171341 [accx: -0.0 accy: 0.0] 
1621674171382 [accx: 0.0 accy: -0.0] 
1621674171386 [accx: 0.0 accy: -0.0] 
1621674171409 [accx: 0.0 accy: -0.01] 
1621674171426 [accx: -0.0 accy: -0.01] 
1621674171491 [accx: -0.0 accy: -0.01] 
1621674171495 [accx: -0.0 accy: -0.0] 
1621674171498 [accx: -0.0 accy: -0.0] 
1621674171501 [accx: -0.0 accy: -0.0] 
1621674171522 [accx: 0.0 accy: -0.0] 
1621674171544 [accx: 0.0 accy: 0.01] 
1621674171561 [accx: 0.0 accy: 0.0] 
1621674171581 [accx: -0.0 accy: 0.0] 
1621674171601 [accx: 0.0 accy: -0.0] 
1621674171633 [accx: 0.0 accy: -0.01] 
1621674171642 [accx: 0.0 accy: -0.0] 
1621674171661 [accx: 0.0 accy: -0.0] 
1621674171682 [accx: -0.01 accy: 0.01] 
1621674171701 [accx: 0.0 accy: -0.0] 
1621674171738 [accx: 0.0 accy: -0.0] 
1621674171741 [accx: 0.0 accy: -0.0] 
1621674171763 [accx: 0.0 accy: 0.0] 
1621674171781 [accx: 0.0 accy: 0.0] 
1621674171802 [accx: -0.0 accy: -0.0] 
1621674171823 [accx: 0.01 accy: 0.0] 
1621674171846 [accx: 0.0 accy: 0.0] 
1621674171861 [accx: 0.0 accy: 0.01] 
1621674171882 [accx: -0.0 accy: 0.0] 
1621674171901 [accx: 0.0 accy: 0.01] 
1621674171921 [accx: -0.0 accy: 0.0] 
1621674171941 [accx: -0.0 accy: -0.0] 
1621674171961 [accx: 0.0 accy: -0.0] 
1621674171981 [accx: 0.0 accy: -0.0] 
1621674172001 [accx: 0.01 accy: -0.0] 
1621674172021 [accx: 0.0 accy: -0.0] 
1621674172041 [accx: 0.01 accy: 0.0] 
1621674172061 [accx: 0.01 accy: 0.0] 
1621674172081 [accx: 0.0 accy: -0.01] 
1621674172101 [accx: 0.01 accy: -0.0] 
1621674172121 [accx: 0.01 accy: -0.0] 
1621674172142 [accx: 0.0 accy: -0.01] 
1621674172169 [accx: 0.0 accy: -0.0] 
1621674172182 [accx: 0.0 accy: -0.0] 
1621674172201 [accx: 0.0 accy: -0.0] 
1621674172221 [accx: -0.0 accy: 0.0] 
1621674172241 [accx: -0.0 accy: -0.0] 
1621674172261 [accx: -0.0 accy: -0.0] 
1621674172282 [accx: 0.0 accy: -0.0] 
1621674172302 [accx: 0.0 accy: -0.0] 
1621674172322 [accx: -0.01 accy: -0.0] 
1621674172341 [accx: -0.0 accy: -0.0] 
1621674172361 [accx: 0.0 accy: -0.0] 
1621674172381 [accx: -0.0 accy: -0.0] 
1621674172401 [accx: -0.01 accy: -0.0] 
1621674172421 [accx: -0.0 accy: -0.0] 
1621674172441 [accx: -0.0 accy: -0.0] 
1621674172461 [accx: -0.0 accy: -0.0] 
1621674172481 [accx: -0.0 accy: -0.0] 
1621674172502 [accx: -0.0 accy: -0.0] 
1621674172521 [accx: 0.0 accy: -0.0] 
1621674172542 [accx: 0.0 accy: 0.0] 
1621674172561 [accx: -0.0 accy: 0.0] 
1621674172581 [accx: -0.01 accy: 0.0] 
1621674172601 [accx: -0.01 accy: -0.0] 
1621674172621 [accx: -0.01 accy: -0.0] 
1621674172641 [accx: 0.0 accy: 0.0] 
1621674172661 [accx: 0.0 accy: 0.0] 
1621674172681 [accx: 0.0 accy: 0.0] 
1621674172701 [accx: 0.0 accy: 0.0] 
1621674172721 [accx: 0.0 accy: -0.0] 
1621674172741 [accx: 0.0 accy: -0.0] 
1621674172761 [accx: 0.01 accy: -0.0] 
1621674172781 [accx: 0.0 accy: -0.0] 
1621674172801 [accx: 0.01 accy: -0.0] 
1621674172821 [accx: -0.0 accy: -0.0] 
1621674172841 [accx: 0.0 accy: 0.0] 
1621674172861 [accx: 0.0 accy: 0.0] 
1621674172881 [accx: -0.0 accy: 0.0] 
1621674172901 [accx: -0.0 accy: -0.0] 
1621674172921 [accx: 0.0 accy: -0.0] 
1621674172941 [accx: 0.01 accy: 0.0] 
1621674172961 [accx: 0.0 accy: -0.0] 
1621674172981 [accx: 0.01 accy: 0.0] 
1621674173001 [accx: -0.0 accy: -0.0] 
1621674173021 [accx: 0.0 accy: 0.0] 
1621674173041 [accx: 0.0 accy: -0.0] 
1621674173061 [accx: 0.01 accy: -0.0] 
1621674173081 [accx: 0.01 accy: 0.0] 
1621674173101 [accx: 0.01 accy: -0.0] 
1621674173121 [accx: 0.01 accy: -0.0] 
1621674173141 [accx: 0.01 accy: 0.0] 
1621674173161 [accx: 0.0 accy: -0.0] 
1621674173181 [accx: 0.0 accy: -0.0] 
1621674173201 [accx: 0.0 accy: -0.0] 
1621674173221 [accx: 0.0 accy: -0.0] 
1621674173241 [accx: 0.0 accy: -0.0] 
1621674173261 [accx: -0.0 accy: 0.0] 
1621674173281 [accx: -0.0 accy: -0.0] 
1621674173301 [accx: -0.0 accy: -0.0] 
1621674173324 [accx: -0.0 accy: 0.0] 
1621674173341 [accx: -0.0 accy: -0.0] 
1621674173361 [accx: -0.01 accy: -0.0] 
1621674173381 [accx: -0.0 accy: -0.0] 
1621674173401 [accx: -0.0 accy: -0.0] 
1621674173421 [accx: -0.0 accy: 0.0] 
1621674173441 [accx: 0.0 accy: -0.0] 
1621674173461 [accx: 0.01 accy: 0.0] 
1621674173481 [accx: 0.0 accy: -0.0] 
1621674173501 [accx: 0.0 accy: -0.01] 
1621674173521 [accx: -0.0 accy: -0.0] 
1621674173542 [accx: -0.0 accy: -0.01] 
1621674173561 [accx: -0.0 accy: -0.0] 
1621674173581 [accx: -0.0 accy: -0.0] 
1621674173602 [accx: 0.0 accy: -0.01] 
1621674173626 [accx: -0.0 accy: -0.01] 
1621674173648 [accx: -0.0 accy: -0.0] 
1621674173661 [accx: 0.0 accy: -0.0] 
1621674173681 [accx: 0.01 accy: -0.01] 
1621674173701 [accx: 0.0 accy: -0.0] 
1621674173721 [accx: 0.0 accy: -0.01] 
1621674173742 [accx: 0.0 accy: -0.0] 
1621674173761 [accx: -0.0 accy: 0.0] 
1621674173790 [accx: 0.0 accy: 0.0] 
1621674173801 [accx: -0.0 accy: 0.0] 
1621674173822 [accx: 0.0 accy: 0.0] 
1621674173841 [accx: 0.01 accy: 0.0] 
1621674173861 [accx: 0.0 accy: -0.0] 
1621674173881 [accx: -0.0 accy: -0.0] 
1621674173901 [accx: -0.0 accy: -0.01] 
1621674173921 [accx: -0.0 accy: -0.0] 
1621674173941 [accx: 0.0 accy: -0.0] 
1621674173962 [accx: 0.0 accy: -0.01] 
1621674173982 [accx: 0.0 accy: -0.0] 
1621674174001 [accx: 0.0 accy: -0.0] 
1621674174022 [accx: 0.0 accy: 0.0] 
1621674174045 [accx: 0.0 accy: -0.0] 
1621674174062 [accx: -0.0 accy: -0.0] 
1621674174082 [accx: -0.0 accy: 0.0] 
1621674174102 [accx: 0.0 accy: -0.0] 
1621674174122 [accx: 0.0 accy: 0.0] 
1621674174148 [accx: 0.0 accy: 0.0] 
1621674174161 [accx: 0.0 accy: 0.0] 
1621674174181 [accx: 0.0 accy: -0.0] 
1621674174202 [accx: 0.0 accy: -0.0] 
1621674174221 [accx: 0.0 accy: -0.0] 
1621674174242 [accx: 0.0 accy: 0.0] 
1621674174261 [accx: -0.01 accy: 0.0] 
1621674174281 [accx: -0.01 accy: -0.01] 
1621674174301 [accx: -0.01 accy: -0.01] 
1621674174322 [accx: 0.0 accy: -0.01] 
1621674174341 [accx: 0.0 accy: -0.01] 
1621674174361 [accx: 0.0 accy: -0.01] 
1621674174381 [accx: 0.0 accy: 0.0] 
1621674174401 [accx: 0.0 accy: 0.0] 
1621674174421 [accx: 0.0 accy: 0.0] 
1621674174441 [accx: 0.0 accy: -0.0] 
1621674174461 [accx: 0.0 accy: -0.0] 
1621674174481 [accx: 0.01 accy: -0.0] 
1621674174501 [accx: 0.0 accy: -0.01] 
1621674174523 [accx: 0.0 accy: -0.01] 
1621674174542 [accx: 0.0 accy: -0.01] 
1621674174561 [accx: -0.0 accy: -0.01] 
1621674174581 [accx: -0.0 accy: -0.0] 
1621674174601 [accx: 0.0 accy: -0.0] 
1621674174621 [accx: -0.0 accy: -0.0] 
1621674174643 [accx: -0.0 accy: -0.0] 
1621674174663 [accx: 0.0 accy: -0.0] 
1621674174681 [accx: 0.0 accy: -0.0] 
1621674174701 [accx: -0.0 accy: -0.0] 
1621674174721 [accx: 0.01 accy: -0.0] 
1621674174742 [accx: 0.01 accy: -0.0] 
1621674174761 [accx: 0.0 accy: -0.0] 
1621674174781 [accx: 0.01 accy: -0.0] 
1621674174801 [accx: 0.0 accy: -0.0] 
1621674174822 [accx: -0.0 accy: -0.0] 
1621674174841 [accx: 0.0 accy: -0.0] 
1621674174861 [accx: 0.0 accy: -0.01] 
1621674174881 [accx: 0.0 accy: -0.01] 
1621674174901 [accx: -0.0 accy: -0.0] 
1621674174923 [accx: 0.0 accy: -0.0] 
1621674174945 [accx: -0.0 accy: -0.0] 
1621674174963 [accx: 0.0 accy: -0.01] 
1621674174981 [accx: -0.0 accy: -0.01] 
1621674175001 [accx: 0.0 accy: -0.01] 
1621674175021 [accx: 0.01 accy: -0.0] 
1621674175041 [accx: 0.01 accy: -0.01] 
1621674175061 [accx: 0.0 accy: -0.01] 
1621674175082 [accx: 0.01 accy: -0.01] 
1621674175101 [accx: 0.0 accy: -0.0] 
1621674175121 [accx: 0.0 accy: -0.01] 
1621674175141 [accx: 0.0 accy: -0.01] 
1621674175161 [accx: 0.0 accy: -0.01] 
1621674175182 [accx: 0.0 accy: -0.01] 
1621674175203 [accx: 0.0 accy: -0.0] 
1621674175222 [accx: -0.0 accy: -0.0] 
1621674175241 [accx: -0.0 accy: -0.0] 
1621674175261 [accx: -0.0 accy: 0.0] 
1621674175281 [accx: 0.01 accy: 0.0] 
1621674175301 [accx: 0.01 accy: 0.0] 
1621674175321 [accx: 0.0 accy: 0.01] 
1621674175342 [accx: 0.0 accy: 0.01] 
1621674175361 [accx: 0.0 accy: 0.0] 
1621674175381 [accx: -0.0 accy: 0.0] 
1621674175402 [accx: -0.0 accy: 0.0] 
1621674175422 [accx: 0.01 accy: -0.0] 
1621674175445 [accx: 0.0 accy: -0.0] 
1621674175462 [accx: -0.0 accy: -0.01] 
1621674175482 [accx: 0.01 accy: -0.01] 
1621674175501 [accx: 0.0 accy: -0.01] 
1621674175522 [accx: 0.0 accy: -0.0] 
1621674175541 [accx: 0.0 accy: -0.0] 
1621674175561 [accx: 0.01 accy: -0.01] 
1621674175581 [accx: 0.01 accy: -0.0] 
1621674175601 [accx: 0.01 accy: -0.0] 
1621674175622 [accx: 0.0 accy: -0.0] 
1621674175643 [accx: 0.0 accy: -0.0] 
1621674175661 [accx: 0.0 accy: -0.0] 
1621674175681 [accx: 0.01 accy: -0.0] 
1621674175701 [accx: -0.0 accy: -0.01] 
1621674175722 [accx: -0.0 accy: -0.01] 
1621674175741 [accx: 0.0 accy: -0.0] 
1621674175761 [accx: 0.01 accy: -0.0] 
1621674175781 [accx: 0.01 accy: -0.0] 
1621674175801 [accx: 0.01 accy: -0.0] 
1621674175824 [accx: 0.01 accy: 0.0] 
1621674175841 [accx: 0.0 accy: -0.0] 
1621674175864 [accx: -0.0 accy: -0.0] 
1621674175881 [accx: 0.01 accy: -0.0] 
1621674175903 [accx: 0.0 accy: -0.0] 
1621674175923 [accx: -0.0 accy: -0.0] 
1621674175941 [accx: -0.0 accy: 0.0] 
1621674175961 [accx: 0.0 accy: 0.0] 
1621674175981 [accx: -0.01 accy: -0.0] 
1621674176001 [accx: -0.0 accy: -0.0] 
1621674176021 [accx: -0.0 accy: -0.0] 
1621674176041 [accx: 0.0 accy: -0.0] 
1621674176061 [accx: -0.0 accy: -0.01] 
1621674176082 [accx: -0.0 accy: -0.0] 
1621674176101 [accx: -0.0 accy: -0.0] 
1621674176122 [accx: 0.0 accy: -0.01] 
1621674176142 [accx: -0.0 accy: -0.0] 
1621674176162 [accx: -0.0 accy: -0.01] 
1621674176182 [accx: -0.01 accy: -0.0] 
1621674176204 [accx: -0.01 accy: -0.0] 
1621674176221 [accx: -0.0 accy: -0.0] 
1621674176242 [accx: -0.0 accy: -0.01] 
1621674176261 [accx: 0.0 accy: -0.01] 
1621674176281 [accx: 0.0 accy: -0.01] 
1621674176304 [accx: 0.0 accy: -0.0] 
1621674176322 [accx: 0.0 accy: -0.01] 
1621674176342 [accx: -0.0 accy: -0.01] 
1621674176362 [accx: -0.0 accy: -0.0] 
1621674176381 [accx: -0.0 accy: -0.0] 
1621674176401 [accx: 0.0 accy: 0.0] 
1621674176421 [accx: 0.0 accy: -0.0] 
1621674176441 [accx: 0.01 accy: -0.0] 
1621674176461 [accx: 0.01 accy: -0.0] 
1621674176481 [accx: 0.0 accy: -0.0] 
1621674176501 [accx: 0.01 accy: 0.0] 
1621674176521 [accx: 0.01 accy: 0.0] 
1621674176541 [accx: 0.01 accy: 0.01] 
1621674176561 [accx: 0.01 accy: 0.0] 
1621674176581 [accx: 0.0 accy: 0.0] 
1621674176601 [accx: -0.0 accy: 0.0] 
1621674176623 [accx: -0.01 accy: 0.0] 
1621674176641 [accx: -0.01 accy: -0.0] 
1621674176661 [accx: -0.01 accy: -0.0] 
1621674176681 [accx: 0.0 accy: 0.0] 
1621674176702 [accx: -0.01 accy: -0.0] 
1621674176721 [accx: -0.0 accy: -0.01] 
1621674176741 [accx: -0.01 accy: -0.0] 
1621674176761 [accx: -0.0 accy: -0.01] 
1621674176782 [accx: 0.0 accy: -0.0] 
1621674176801 [accx: 0.0 accy: 0.0] 
1621674176822 [accx: -0.0 accy: 0.0] 
1621674176841 [accx: -0.0 accy: -0.0] 
1621674176861 [accx: 0.01 accy: -0.0] 
1621674176881 [accx: 0.0 accy: -0.01] 
1621674176902 [accx: -0.0 accy: -0.01] 
1621674176922 [accx: 0.0 accy: -0.01] 
1621674176945 [accx: 0.0 accy: -0.0] 
1621674176967 [accx: 0.0 accy: -0.0] 
1621674176981 [accx: -0.0 accy: -0.0] 
1621674177001 [accx: -0.0 accy: -0.0] 
1621674177021 [accx: 0.0 accy: -0.01] 
1621674177046 [accx: -0.0 accy: -0.0] 
1621674177073 [accx: -0.0 accy: -0.0] 
1621674177087 [accx: -0.0 accy: -0.0] 
1621674177102 [accx: 0.0 accy: 0.0] 
1621674177127 [accx: -0.0 accy: -0.0] 
1621674177148 [accx: 0.0 accy: -0.0] 
1621674177164 [accx: -0.0 accy: -0.0] 
1621674177188 [accx: -0.0 accy: -0.0] 
1621674177202 [accx: -0.0 accy: -0.01] 
1621674177223 [accx: 0.0 accy: -0.01] 
1621674177267 [accx: -0.0 accy: -0.0] 
1621674177277 [accx: -0.0 accy: -0.0] 
1621674177283 [accx: 0.0 accy: -0.0] 
1621674177318 [accx: -0.0 accy: -0.0] 
1621674177322 [accx: -0.0 accy: -0.0] 
1621674177344 [accx: -0.0 accy: 0.0] 
1621674177377 [accx: 0.0 accy: -0.0] 
1621674177384 [accx: 0.0 accy: -0.0] 
1621674177407 [accx: 0.0 accy: -0.0] 
1621674177426 [accx: 0.01 accy: -0.01] 
1621674177444 [accx: 0.01 accy: -0.0] 
1621674177464 [accx: -0.0 accy: -0.0] 
1621674177484 [accx: -0.0 accy: -0.01] 
1621674177501 [accx: -0.0 accy: -0.01] 
1621674177523 [accx: 0.0 accy: -0.0] 
1621674177543 [accx: 0.0 accy: -0.01] 
1621674177563 [accx: 0.0 accy: -0.0] 
1621674177582 [accx: 0.0 accy: -0.0] 
1621674177601 [accx: -0.0 accy: -0.0] 
1621674177621 [accx: -0.01 accy: -0.01] 
1621674177641 [accx: -0.0 accy: -0.0] 
1621674177661 [accx: -0.0 accy: 0.0] 
1621674177681 [accx: -0.0 accy: 0.01] 
1621674177701 [accx: -0.01 accy: 0.0] 
1621674177721 [accx: -0.01 accy: -0.0] 
1621674177742 [accx: -0.01 accy: -0.0] 
1621674177761 [accx: -0.0 accy: 0.0] 
1621674177781 [accx: -0.0 accy: -0.01] 
1621674177801 [accx: 0.0 accy: -0.0] 
1621674177824 [accx: 0.01 accy: 0.0] 
1621674177841 [accx: 0.0 accy: -0.0] 
1621674177861 [accx: -0.01 accy: -0.0] 
1621674177881 [accx: -0.01 accy: -0.0] 
1621674177901 [accx: -0.0 accy: -0.0] 
1621674177921 [accx: -0.0 accy: -0.0] 
1621674177941 [accx: -0.0 accy: -0.0] 
1621674177961 [accx: -0.01 accy: -0.0] 
1621674177981 [accx: 0.0 accy: 0.0] 
1621674178001 [accx: -0.0 accy: 0.0] 
1621674178021 [accx: 0.0 accy: 0.0] 
1621674178041 [accx: 0.0 accy: -0.0] 
1621674178061 [accx: -0.0 accy: -0.0] 
1621674178081 [accx: -0.0 accy: -0.0] 
1621674178102 [accx: -0.0 accy: -0.0] 
1621674178125 [accx: -0.0 accy: -0.0] 
1621674178141 [accx: -0.01 accy: -0.01] 
1621674178170 [accx: -0.0 accy: -0.0] 
1621674178181 [accx: -0.01 accy: -0.01] 
1621674178202 [accx: -0.0 accy: -0.01] 
1621674178221 [accx: -0.01 accy: -0.01] 
1621674178241 [accx: 0.0 accy: -0.0] 
1621674178261 [accx: -0.0 accy: -0.0] 
1621674178282 [accx: 0.0 accy: -0.0] 
1621674178330 [accx: 0.0 accy: -0.0] 
1621674178336 [accx: -0.0 accy: -0.0] 
1621674178365 [accx: 0.0 accy: -0.0] 
1621674178402 [accx: 0.0 accy: -0.0] 
1621674178407 [accx: -0.0 accy: 0.0] 
1621674178422 [accx: -0.0 accy: 0.0] 
1621674178427 [accx: -0.0 accy: 0.0] 
1621674178446 [accx: -0.0 accy: -0.01] 
1621674178471 [accx: -0.0 accy: -0.0] 
1621674178482 [accx: 0.0 accy: -0.0] 
1621674178534 [accx: -0.0 accy: -0.01] 
1621674178542 [accx: -0.0 accy: -0.01] 
1621674178560 [accx: 0.0 accy: -0.0] 
1621674178564 [accx: 0.0 accy: -0.0] 
1621674178589 [accx: 0.01 accy: -0.0] 
1621674178604 [accx: 0.01 accy: 0.01] 
1621674178622 [accx: 0.01 accy: 0.0] 
1621674178642 [accx: 0.0 accy: 0.0] 
1621674178667 [accx: -0.0 accy: 0.0] 
1621674178681 [accx: 0.0 accy: 0.0] 
1621674178705 [accx: 0.0 accy: 0.0] 
1621674178723 [accx: 0.0 accy: 0.0] 
1621674178743 [accx: -0.01 accy: 0.0] 
1621674178779 [accx: -0.01 accy: 0.0] 
1621674178781 [accx: -0.01 accy: -0.0] 
1621674178811 [accx: -0.01 accy: -0.0] 
1621674178821 [accx: -0.01 accy: -0.0] 
1621674178841 [accx: 0.0 accy: -0.0] 
1621674178862 [accx: 0.0 accy: -0.0] 
1621674178884 [accx: -0.0 accy: -0.01] 
1621674178901 [accx: -0.01 accy: -0.0] 
1621674178934 [accx: 0.0 accy: -0.0] 
1621674178943 [accx: 0.01 accy: -0.0] 
1621674178961 [accx: 0.01 accy: -0.0] 
1621674178981 [accx: 0.0 accy: -0.0] 
1621674179002 [accx: -0.01 accy: -0.0] 
1621674179021 [accx: -0.0 accy: 0.0] 
1621674179041 [accx: -0.0 accy: -0.0] 
1621674179061 [accx: -0.0 accy: 0.0] 
1621674179081 [accx: -0.0 accy: 0.0] 
1621674179102 [accx: 0.0 accy: -0.0] 
1621674179121 [accx: -0.01 accy: -0.0] 
1621674179141 [accx: 0.0 accy: -0.0] 
1621674179169 [accx: -0.0 accy: -0.01] 
1621674179182 [accx: -0.01 accy: -0.0] 
1621674179201 [accx: -0.0 accy: -0.0] 
1621674179222 [accx: -0.01 accy: 0.0] 
1621674179241 [accx: -0.01 accy: -0.01] 
1621674179261 [accx: -0.0 accy: -0.01] 
1621674179281 [accx: -0.0 accy: -0.01] 
1621674179301 [accx: -0.01 accy: -0.01] 
1621674179321 [accx: -0.0 accy: -0.01] 
1621674179341 [accx: 0.0 accy: -0.0] 
1621674179362 [accx: -0.0 accy: -0.0] 
1621674179381 [accx: -0.0 accy: -0.0] 
1621674179401 [accx: 0.0 accy: -0.0] 
1621674179421 [accx: 0.0 accy: -0.0] 
1621674179442 [accx: -0.0 accy: -0.0] 
1621674179466 [accx: -0.01 accy: -0.0] 
1621674179481 [accx: -0.01 accy: 0.0] 
1621674179502 [accx: -0.0 accy: 0.0] 
1621674179524 [accx: 0.0 accy: -0.0] 
1621674179541 [accx: -0.0 accy: -0.01] 
1621674179564 [accx: -0.0 accy: -0.01] 
1621674179590 [accx: -0.0 accy: -0.01] 
1621674179601 [accx: 0.0 accy: -0.01] 
1621674179630 [accx: -0.0 accy: 0.0] 
1621674179649 [accx: 0.0 accy: 0.0] 
1621674179663 [accx: -0.0 accy: 0.0] 
1621674179681 [accx: -0.0 accy: -0.0] 
1621674179702 [accx: -0.0 accy: 0.0] 
1621674179730 [accx: -0.01 accy: -0.0] 
1621674179747 [accx: -0.0 accy: -0.0] 
1621674179777 [accx: -0.0 accy: 0.0] 
1621674179787 [accx: -0.0 accy: 0.0] 
1621674179809 [accx: -0.01 accy: 0.0] 
1621674179827 [accx: -0.0 accy: 0.0] 
1621674179842 [accx: 0.0 accy: -0.0] 
1621674179861 [accx: 0.0 accy: -0.0] 
1621674179882 [accx: 0.0 accy: -0.0] 
1621674179914 [accx: -0.0 accy: -0.0] 
1621674179921 [accx: -0.0 accy: -0.0] 
1621674179941 [accx: -0.01 accy: -0.0] 
1621674179961 [accx: -0.0 accy: -0.0] 
1621674179986 [accx: 0.0 accy: -0.0] 
1621674180002 [accx: 0.0 accy: -0.0] 
1621674180024 [accx: 0.0 accy: -0.0] 
1621674180041 [accx: 0.0 accy: -0.0] 
1621674180071 [accx: -0.0 accy: -0.0] 
1621674180081 [accx: -0.01 accy: 0.0] 
1621674180105 [accx: -0.0 accy: 0.0] 
1621674180124 [accx: -0.01 accy: 0.0] 
1621674180143 [accx: -0.0 accy: 0.0] 
1621674180161 [accx: 0.0 accy: 0.0] 
1621674180185 [accx: -0.0 accy: 0.0] 
1621674180201 [accx: -0.0 accy: -0.01] 
1621674180221 [accx: -0.0 accy: -0.0] 
1621674180242 [accx: -0.01 accy: -0.0] 
1621674180264 [accx: -0.01 accy: -0.01] 
1621674180281 [accx: -0.01 accy: -0.01] 
1621674180301 [accx: -0.01 accy: -0.01] 
1621674180321 [accx: -0.01 accy: 0.0] 
1621674180341 [accx: -0.01 accy: -0.0] 
1621674180361 [accx: -0.0 accy: -0.0] 
1621674180381 [accx: -0.0 accy: 0.0] 
1621674180404 [accx: 0.0 accy: -0.0] 
1621674180423 [accx: -0.01 accy: 0.0] 
1621674180441 [accx: -0.0 accy: -0.0] 
1621674180461 [accx: 0.0 accy: 0.0] 
1621674180481 [accx: -0.0 accy: 0.0] 
1621674180506 [accx: -0.0 accy: -0.0] 
1621674180523 [accx: -0.0 accy: -0.0] 
1621674180541 [accx: -0.0 accy: -0.0] 
1621674180564 [accx: 0.0 accy: -0.01] 
1621674180581 [accx: 0.0 accy: -0.0] 
1621674180601 [accx: -0.0 accy: -0.0] 
1621674180621 [accx: -0.01 accy: -0.0] 
1621674180642 [accx: -0.01 accy: 0.01] 
1621674180669 [accx: -0.01 accy: 0.0] 
1621674180681 [accx: -0.01 accy: -0.0] 
1621674180701 [accx: -0.0 accy: -0.0] 
1621674180721 [accx: 0.0 accy: -0.01] 
1621674180742 [accx: 0.01 accy: -0.01] 
1621674180761 [accx: 0.0 accy: -0.01] 
1621674180785 [accx: 0.0 accy: 0.0] 
1621674180804 [accx: 0.0 accy: 0.0] 
1621674180821 [accx: -0.0 accy: -0.0] 
1621674180843 [accx: -0.01 accy: -0.0] 
1621674180865 [accx: -0.0 accy: 0.0] 
1621674180884 [accx: -0.0 accy: -0.0] 
1621674180903 [accx: 0.0 accy: 0.0] 
1621674180921 [accx: 0.0 accy: 0.0] 
1621674180942 [accx: -0.0 accy: -0.0] 
1621674180961 [accx: 0.0 accy: -0.0] 
1621674180981 [accx: 0.0 accy: -0.0] 
1621674181001 [accx: 0.0 accy: -0.0] 
1621674181021 [accx: -0.0 accy: -0.0] 
1621674181042 [accx: -0.0 accy: -0.0] 
1621674181062 [accx: 0.0 accy: -0.0] 
1621674181083 [accx: 0.0 accy: 0.0] 
1621674181102 [accx: -0.0 accy: 0.0] 
1621674181123 [accx: -0.0 accy: 0.0] 
1621674181142 [accx: -0.01 accy: 0.0] 
1621674181161 [accx: -0.01 accy: -0.0] 
1621674181185 [accx: -0.0 accy: -0.0] 
1621674181201 [accx: 0.0 accy: 0.0] 
1621674181223 [accx: 0.0 accy: -0.0] 
1621674181245 [accx: 0.0 accy: 0.01] 
1621674181261 [accx: 0.0 accy: 0.01] 
1621674181281 [accx: -0.0 accy: 0.01] 
1621674181301 [accx: -0.01 accy: 0.0] 
1621674181322 [accx: -0.0 accy: 0.0] 
1621674181341 [accx: 0.0 accy: 0.0] 
1621674181369 [accx: -0.01 accy: 0.0] 
1621674181382 [accx: -0.01 accy: -0.0] 
1621674181401 [accx: 0.0 accy: -0.01] 
1621674181423 [accx: -0.0 accy: -0.0] 
1621674181442 [accx: -0.01 accy: 0.0] 
1621674181471 [accx: -0.0 accy: -0.0] 
1621674181485 [accx: -0.0 accy: -0.0] 
1621674181501 [accx: -0.0 accy: -0.01] 
1621674181522 [accx: -0.0 accy: -0.01] 
1621674181550 [accx: 0.0 accy: -0.0] 
1621674181571 [accx: -0.0 accy: -0.0] 
1621674181583 [accx: -0.0 accy: -0.0] 
1621674181607 [accx: 0.0 accy: 0.0] 
1621674181629 [accx: 0.0 accy: 0.0] 
1621674181643 [accx: -0.0 accy: 0.0] 
1621674181661 [accx: 0.0 accy: 0.0] 
1621674181687 [accx: -0.0 accy: 0.0] 
1621674181707 [accx: -0.0 accy: 0.0] 
1621674181721 [accx: 0.0 accy: 0.01] 
1621674181752 [accx: -0.0 accy: 0.0] 
1621674181764 [accx: -0.0 accy: 0.0] 
1621674181792 [accx: -0.01 accy: 0.01] 
1621674181803 [accx: -0.0 accy: 0.01] 
1621674181824 [accx: 0.0 accy: 0.0] 
1621674181846 [accx: -0.01 accy: 0.0] 
1621674181889 [accx: -0.01 accy: 0.0] 
1621674181899 [accx: -0.01 accy: -0.0] 
1621674181904 [accx: -0.0 accy: -0.0] 
1621674181922 [accx: -0.0 accy: -0.01] 
1621674181941 [accx: -0.0 accy: -0.0] 
1621674181961 [accx: -0.01 accy: 0.0] 
1621674181988 [accx: -0.0 accy: 0.0] 
1621674182005 [accx: -0.0 accy: -0.0] 
1621674182021 [accx: -0.0 accy: 0.0] 
1621674182041 [accx: -0.0 accy: 0.0] 
1621674182067 [accx: -0.0 accy: -0.01] 
1621674182082 [accx: -0.0 accy: -0.0] 
1621674182101 [accx: 0.0 accy: -0.01] 
1621674182141 [accx: -0.0 accy: -0.01] 
1621674182152 [accx: -0.01 accy: -0.01] 
1621674182177 [accx: -0.0 accy: -0.0] 
1621674182182 [accx: -0.0 accy: -0.01] 
1621674182204 [accx: -0.01 accy: -0.0] 
1621674182222 [accx: -0.01 accy: -0.0] 
1621674182241 [accx: -0.0 accy: -0.01] 
1621674182261 [accx: -0.0 accy: -0.01] 
1621674182281 [accx: -0.0 accy: -0.0] 
1621674182308 [accx: 0.0 accy: -0.0] 
1621674182321 [accx: -0.0 accy: -0.0] 
1621674182352 [accx: -0.0 accy: -0.0] 
1621674182361 [accx: -0.01 accy: -0.01] 
1621674182390 [accx: -0.01 accy: -0.01] 
1621674182405 [accx: -0.0 accy: -0.0] 
1621674182449 [accx: -0.0 accy: -0.01] 
1621674182466 [accx: -0.0 accy: -0.01] 
1621674182481 [accx: -0.01 accy: -0.0] 
1621674182492 [accx: 0.0 accy: 0.0] 
1621674182501 [accx: 0.01 accy: -0.0] 
1621674182522 [accx: 0.0 accy: -0.0] 
1621674182570 [accx: -0.0 accy: -0.0] 
1621674182587 [accx: -0.0 accy: -0.0] 
1621674182590 [accx: -0.0 accy: 0.0] 
1621674182601 [accx: -0.0 accy: 0.01] 
1621674182631 [accx: 0.0 accy: -0.01] 
1621674182642 [accx: 0.0 accy: -0.01] 
1621674182661 [accx: 0.0 accy: -0.01] 
1621674182683 [accx: -0.0 accy: -0.01] 
1621674182710 [accx: 0.0 accy: -0.01] 
1621674182724 [accx: 0.0 accy: -0.01] 
1621674182743 [accx: -0.0 accy: -0.01] 
1621674182761 [accx: 0.0 accy: -0.0] 
1621674182795 [accx: 0.0 accy: -0.01] 
1621674182812 [accx: 0.0 accy: -0.01] 
1621674182832 [accx: 0.0 accy: -0.01] 
1621674182870 [accx: 0.01 accy: -0.0] 
1621674182877 [accx: 0.0 accy: -0.0] 
1621674182884 [accx: 0.0 accy: -0.0] 
1621674182905 [accx: 0.0 accy: -0.0] 
1621674182927 [accx: -0.0 accy: 0.0] 
1621674182957 [accx: 0.0 accy: 0.0] 
1621674182974 [accx: -0.01 accy: 0.0] 
1621674182987 [accx: 0.0 accy: -0.0] 
1621674183003 [accx: -0.0 accy: -0.0] 
1621674183024 [accx: 0.0 accy: -0.0] 
1621674183043 [accx: -0.0 accy: 0.0] 
1621674183069 [accx: -0.01 accy: 0.01] 
1621674183081 [accx: -0.01 accy: -0.0] 
1621674183105 [accx: -0.01 accy: -0.01] 
1621674183121 [accx: -0.01 accy: -0.0] 
1621674183176 [accx: -0.0 accy: -0.0] 
1621674183180 [accx: -0.0 accy: 0.0] 
1621674183200 [accx: -0.0 accy: -0.0] 
1621674183203 [accx: -0.0 accy: 0.0] 
1621674183229 [accx: -0.0 accy: -0.0] 
1621674183244 [accx: -0.0 accy: -0.01] 
1621674183262 [accx: -0.0 accy: -0.01] 
1621674183287 [accx: -0.01 accy: -0.0] 
1621674183301 [accx: -0.01 accy: -0.0] 
1621674183321 [accx: -0.0 accy: -0.01] 
1621674183343 [accx: 0.0 accy: -0.0] 
1621674183377 [accx: 0.0 accy: -0.0] 
1621674183385 [accx: -0.0 accy: -0.01] 
1621674183401 [accx: -0.0 accy: -0.01] 
1621674183421 [accx: 0.0 accy: -0.0] 
1621674183442 [accx: -0.0 accy: -0.01] 
1621674183461 [accx: -0.0 accy: -0.01] 
1621674183492 [accx: -0.01 accy: -0.01] 
1621674183501 [accx: -0.01 accy: -0.0] 
1621674183524 [accx: -0.0 accy: -0.0] 
1621674183550 [accx: -0.0 accy: -0.0] 
1621674183561 [accx: -0.01 accy: -0.0] 
1621674183582 [accx: -0.0 accy: -0.0] 
1621674183602 [accx: -0.0 accy: -0.0] 
1621674183622 [accx: 0.0 accy: -0.0] 
1621674183641 [accx: -0.01 accy: -0.0] 
1621674183675 [accx: -0.0 accy: 0.0] 
1621674183683 [accx: 0.0 accy: 0.01] 
1621674183702 [accx: -0.0 accy: -0.0] 
1621674183723 [accx: 0.0 accy: -0.01] 
1621674183744 [accx: 0.01 accy: -0.0] 
1621674183765 [accx: 0.01 accy: -0.0] 
1621674183783 [accx: -0.0 accy: -0.0] 
1621674183802 [accx: -0.0 accy: -0.0] 
1621674183821 [accx: -0.0 accy: 0.0] 
1621674183842 [accx: 0.0 accy: -0.0] 
1621674183863 [accx: 0.0 accy: -0.01] 
1621674183902 [accx: 0.0 accy: -0.0] 
1621674183910 [accx: -0.0 accy: -0.01] 
1621674183921 [accx: -0.0 accy: -0.01] 
1621674183942 [accx: -0.01 accy: -0.01] 
1621674183961 [accx: -0.0 accy: -0.0] 
1621674183985 [accx: -0.0 accy: -0.0] 
1621674184005 [accx: 0.01 accy: -0.0] 
1621674184026 [accx: 0.01 accy: -0.0] 
1621674184062 [accx: 0.0 accy: -0.01] 
1621674184076 [accx: 0.01 accy: -0.01] 
1621674184082 [accx: 0.0 accy: -0.01] 
1621674184102 [accx: 0.01 accy: -0.0] 
1621674184122 [accx: 0.01 accy: -0.01] 
1621674184143 [accx: 0.01 accy: -0.01] 
1621674184178 [accx: 0.0 accy: -0.01] 
1621674184184 [accx: 0.01 accy: -0.01] 
1621674184203 [accx: 0.0 accy: -0.01] 
1621674184231 [accx: 0.0 accy: -0.01] 
1621674184241 [accx: -0.0 accy: -0.0] 
1621674184264 [accx: -0.0 accy: -0.0] 
1621674184302 [accx: 0.0 accy: -0.01] 
1621674184309 [accx: -0.0 accy: -0.0] 
1621674184323 [accx: -0.0 accy: -0.0] 
1621674184345 [accx: -0.0 accy: -0.0] 
1621674184369 [accx: -0.0 accy: -0.0] 
1621674184386 [accx: -0.0 accy: -0.0] 
1621674184402 [accx: 0.0 accy: -0.0] 
1621674184421 [accx: 0.0 accy: -0.0] 
1621674184442 [accx: -0.0 accy: -0.0] 
1621674184463 [accx: -0.0 accy: 0.0] 
1621674184481 [accx: -0.0 accy: 0.0] 
1621674184501 [accx: 0.01 accy: -0.0] 
1621674184522 [accx: -0.0 accy: -0.0] 
1621674184546 [accx: 0.0 accy: 0.0] 
1621674184568 [accx: -0.0 accy: -0.0] 
1621674184614 [accx: -0.01 accy: -0.01] 
1621674184618 [accx: 0.0 accy: -0.0] 
1621674184623 [accx: -0.0 accy: -0.0] 
1621674184642 [accx: -0.0 accy: -0.0] 
1621674184661 [accx: 0.0 accy: 0.0] 
1621674184681 [accx: 0.0 accy: -0.0] 
1621674184704 [accx: 0.0 accy: -0.01] 
1621674184721 [accx: -0.0 accy: -0.01] 
1621674184744 [accx: -0.01 accy: -0.0] 
1621674184762 [accx: 0.0 accy: -0.01] 
1621674184782 [accx: -0.0 accy: -0.01] 
1621674184801 [accx: 0.0 accy: -0.01] 
1621674184822 [accx: -0.0 accy: -0.0] 
1621674184850 [accx: -0.0 accy: -0.0] 
1621674184865 [accx: -0.0 accy: -0.01] 
1621674184886 [accx: 0.0 accy: -0.01] 
1621674184902 [accx: -0.0 accy: -0.01] 
1621674184924 [accx: -0.01 accy: -0.01] 
1621674184941 [accx: -0.01 accy: -0.01] 
1621674184961 [accx: -0.01 accy: -0.0] 
1621674184985 [accx: -0.01 accy: -0.0] 
1621674185003 [accx: -0.01 accy: -0.0] 
1621674185021 [accx: -0.01 accy: -0.0] 
1621674185047 [accx: -0.01 accy: -0.0] 
1621674185061 [accx: -0.01 accy: -0.01] 
1621674185096 [accx: -0.0 accy: -0.01] 
1621674185114 [accx: -0.0 accy: -0.0] 
1621674185135 [accx: -0.01 accy: -0.01] 
1621674185149 [accx: -0.01 accy: -0.01] 
1621674185167 [accx: -0.02 accy: -0.0] 
1621674185185 [accx: -0.01 accy: -0.0] 
1621674185201 [accx: -0.01 accy: -0.0] 
1621674185221 [accx: 0.0 accy: -0.01] 
1621674185243 [accx: -0.0 accy: -0.01] 
1621674185262 [accx: -0.01 accy: -0.01] 
1621674185290 [accx: -0.01 accy: -0.02] 
1621674185302 [accx: -0.01 accy: -0.01] 
1621674185323 [accx: -0.0 accy: -0.01] 
1621674185344 [accx: -0.01 accy: -0.01] 
1621674185364 [accx: -0.0 accy: 0.0] 
1621674185404 [accx: -0.01 accy: 0.0] 
1621674185415 [accx: -0.01 accy: 0.01] 
1621674185427 [accx: 0.0 accy: -0.0] 
1621674185447 [accx: -0.0 accy: -0.0] 
1621674185466 [accx: 0.0 accy: 0.01] 
1621674185482 [accx: 0.0 accy: -0.0] 
1621674185507 [accx: 0.0 accy: -0.0] 
1621674185523 [accx: -0.01 accy: -0.0] 
1621674185550 [accx: -0.0 accy: -0.01] 
1621674185563 [accx: -0.0 accy: -0.01] 
1621674185590 [accx: -0.01 accy: -0.01] 
1621674185617 [accx: -0.0 accy: -0.01] 
1621674185623 [accx: -0.0 accy: -0.01] 
1621674185641 [accx: 0.0 accy: -0.01] 
1621674185669 [accx: 0.0 accy: -0.01] 
1621674185708 [accx: 0.01 accy: -0.01] 
1621674185714 [accx: -0.0 accy: -0.01] 
1621674185727 [accx: -0.0 accy: -0.01] 
1621674185743 [accx: 0.0 accy: 0.0] 
1621674185762 [accx: -0.0 accy: 0.0] 
1621674185782 [accx: -0.0 accy: -0.0] 
1621674185801 [accx: -0.0 accy: -0.0] 
1621674185823 [accx: -0.0 accy: -0.0] 
1621674185848 [accx: -0.0 accy: -0.0] 
1621674185888 [accx: -0.0 accy: -0.0] 
1621674185894 [accx: 0.0 accy: -0.0] 
1621674185909 [accx: -0.0 accy: -0.0] 
1621674185932 [accx: -0.01 accy: -0.0] 
1621674185951 [accx: -0.01 accy: -0.01] 
1621674185962 [accx: -0.0 accy: -0.0] 
1621674185987 [accx: -0.0 accy: -0.0] 
1621674186004 [accx: -0.0 accy: 0.01] 
1621674186042 [accx: -0.0 accy: 0.01] 
1621674186050 [accx: -0.0 accy: -0.0] 
1621674186061 [accx: -0.0 accy: -0.01] 
1621674186081 [accx: 0.0 accy: -0.01] 
1621674186109 [accx: -0.0 accy: -0.01] 
1621674186122 [accx: 0.0 accy: -0.01] 
1621674186142 [accx: 0.0 accy: -0.01] 
1621674186196 [accx: -0.0 accy: -0.01] 
1621674186206 [accx: 0.0 accy: -0.01] 
1621674186213 [accx: 0.0 accy: -0.01] 
1621674186225 [accx: -0.0 accy: -0.01] 
1621674186242 [accx: 0.0 accy: 0.01] 
1621674186262 [accx: 0.0 accy: -0.0] 
1621674186285 [accx: 0.0 accy: 0.0] 
1621674186303 [accx: -0.0 accy: 0.0] 
1621674186321 [accx: -0.01 accy: -0.0] 
1621674186347 [accx: -0.01 accy: -0.0] 
1621674186362 [accx: -0.0 accy: -0.0] 
1621674186382 [accx: -0.0 accy: -0.0] 
1621674186402 [accx: -0.0 accy: -0.0] 
1621674186427 [accx: -0.0 accy: -0.01] 
1621674186441 [accx: 0.0 accy: -0.01] 
1621674186463 [accx: 0.01 accy: -0.0] 
1621674186484 [accx: -0.0 accy: 0.0] 
1621674186515 [accx: 0.0 accy: -0.01] 
1621674186551 [accx: 0.0 accy: -0.01] 
1621674186555 [accx: -0.0 accy: -0.0] 
1621674186561 [accx: -0.01 accy: -0.0] 
1621674186582 [accx: -0.0 accy: 0.0] 
1621674186601 [accx: -0.0 accy: 0.0] 
1621674186621 [accx: -0.0 accy: 0.0] 
1621674186652 [accx: -0.0 accy: 0.0] 
1621674186664 [accx: -0.0 accy: 0.0] 
1621674186690 [accx: -0.0 accy: 0.0] 
1621674186704 [accx: -0.0 accy: -0.0] 
1621674186727 [accx: -0.01 accy: -0.0] 
1621674186774 [accx: -0.0 accy: -0.0] 
1621674186779 [accx: 0.0 accy: -0.01] 
1621674186782 [accx: 0.0 accy: -0.01] 
1621674186802 [accx: -0.0 accy: -0.0] 
1621674186821 [accx: -0.0 accy: -0.0] 
1621674186848 [accx: 0.0 accy: -0.01] 
1621674186866 [accx: 0.0 accy: -0.01] 
1621674186883 [accx: 0.0 accy: -0.01] 
1621674186905 [accx: -0.01 accy: -0.01] 
1621674186928 [accx: 0.0 accy: -0.02] 
1621674186948 [accx: 0.0 accy: -0.01] 
1621674186968 [accx: -0.0 accy: -0.01] 
1621674186990 [accx: 0.0 accy: -0.0] 
1621674187001 [accx: 0.0 accy: 0.0] 
1621674187021 [accx: 0.0 accy: -0.01] 
1621674187045 [accx: -0.0 accy: -0.01] 
1621674187066 [accx: -0.01 accy: -0.01] 
1621674187088 [accx: -0.01 accy: -0.0] 
1621674187102 [accx: -0.01 accy: -0.0] 
1621674187124 [accx: 0.0 accy: -0.01] 
1621674187142 [accx: 0.0 accy: -0.0] 
1621674187164 [accx: 0.0 accy: -0.0] 
1621674187187 [accx: -0.0 accy: -0.0] 
1621674187203 [accx: -0.01 accy: 0.0] 
1621674187229 [accx: -0.0 accy: -0.01] 
1621674187246 [accx: -0.01 accy: -0.0] 
1621674187286 [accx: -0.01 accy: -0.01] 
1621674187290 [accx: -0.01 accy: -0.0] 
1621674187303 [accx: -0.01 accy: -0.01] 
1621674187322 [accx: -0.0 accy: -0.0] 
1621674187341 [accx: -0.0 accy: -0.01] 
1621674187361 [accx: -0.0 accy: -0.01] 
1621674187384 [accx: -0.0 accy: -0.01] 
1621674187403 [accx: -0.0 accy: -0.01] 
1621674187423 [accx: -0.01 accy: -0.01] 
1621674187442 [accx: -0.01 accy: -0.01] 
1621674187461 [accx: -0.01 accy: -0.0] 
1621674187481 [accx: 0.0 accy: -0.01] 
1621674187502 [accx: -0.0 accy: -0.01] 
1621674187537 [accx: -0.0 accy: -0.0] 
1621674187543 [accx: 0.0 accy: -0.0] 
1621674187577 [accx: 0.0 accy: -0.0] 
1621674187583 [accx: -0.01 accy: 0.0] 
1621674187615 [accx: -0.01 accy: -0.0] 
1621674187621 [accx: -0.0 accy: -0.0] 
1621674187645 [accx: -0.01 accy: -0.01] 
1621674187664 [accx: -0.01 accy: -0.0] 
1621674187692 [accx: -0.01 accy: 0.0] 
1621674187701 [accx: -0.01 accy: -0.01] 
1621674187737 [accx: -0.0 accy: -0.0] 
1621674187771 [accx: 0.0 accy: -0.0] 
1621674187778 [accx: -0.0 accy: 0.0] 
1621674187783 [accx: 0.0 accy: -0.0] 
1621674187802 [accx: 0.0 accy: -0.0] 
1621674187823 [accx: -0.0 accy: -0.0] 
1621674187845 [accx: -0.0 accy: -0.0] 
1621674187873 [accx: -0.01 accy: -0.0] 
1621674187886 [accx: -0.01 accy: -0.01] 
1621674187915 [accx: -0.0 accy: -0.01] 
1621674187923 [accx: -0.0 accy: -0.01] 
1621674187941 [accx: -0.01 accy: -0.01] 
1621674187964 [accx: -0.0 accy: -0.01] 
1621674187987 [accx: -0.01 accy: -0.01] 
1621674188003 [accx: -0.01 accy: -0.0] 
1621674188024 [accx: -0.0 accy: -0.0] 
1621674188045 [accx: -0.0 accy: -0.0] 
1621674188062 [accx: -0.0 accy: -0.0] 
1621674188082 [accx: -0.0 accy: -0.0] 
1621674188101 [accx: 0.0 accy: -0.0] 
1621674188129 [accx: 0.0 accy: -0.0] 
1621674188141 [accx: 0.0 accy: -0.0] 
1621674188180 [accx: 0.01 accy: -0.0] 
1621674188209 [accx: 0.0 accy: -0.0] 
1621674188216 [accx: -0.0 accy: -0.0] 
1621674188228 [accx: -0.0 accy: -0.0] 
1621674188242 [accx: -0.0 accy: -0.01] 
1621674188280 [accx: -0.01 accy: -0.01] 
1621674188284 [accx: -0.0 accy: -0.01] 
1621674188304 [accx: -0.0 accy: -0.0] 
1621674188347 [accx: -0.0 accy: -0.0] 
1621674188351 [accx: 0.0 accy: -0.0] 
1621674188363 [accx: -0.0 accy: -0.0] 
1621674188381 [accx: -0.01 accy: -0.01] 
1621674188401 [accx: -0.01 accy: -0.0] 
1621674188425 [accx: -0.01 accy: -0.0] 
1621674188442 [accx: -0.01 accy: -0.0] 
1621674188461 [accx: -0.01 accy: 0.0] 
1621674188485 [accx: -0.0 accy: -0.01] 
1621674188501 [accx: -0.0 accy: 0.0] 
1621674188521 [accx: -0.01 accy: -0.0] 
1621674188542 [accx: -0.0 accy: -0.01] 
1621674188561 [accx: -0.0 accy: -0.01] 
1621674188584 [accx: -0.0 accy: -0.01] 
1621674188602 [accx: -0.01 accy: -0.0] 
1621674188624 [accx: -0.0 accy: -0.0] 
1621674188641 [accx: -0.0 accy: -0.0] 
1621674188661 [accx: -0.0 accy: -0.0] 
1621674188681 [accx: -0.01 accy: -0.0] 
1621674188701 [accx: -0.01 accy: -0.0] 
1621674188721 [accx: -0.0 accy: 0.0] 
1621674188741 [accx: -0.0 accy: 0.0] 
1621674188761 [accx: -0.0 accy: 0.01] 
1621674188787 [accx: -0.0 accy: -0.0] 
1621674188801 [accx: -0.0 accy: -0.0] 
1621674188823 [accx: -0.01 accy: -0.0] 
1621674188862 [accx: -0.0 accy: -0.0] 
1621674188868 [accx: -0.01 accy: -0.01] 
1621674188884 [accx: -0.01 accy: -0.01] 
1621674188913 [accx: -0.0 accy: -0.0] 
1621674188922 [accx: -0.0 accy: -0.01] 
1621674188947 [accx: -0.0 accy: -0.01] 
1621674188971 [accx: -0.01 accy: -0.01] 
1621674188981 [accx: -0.0 accy: -0.0] 
1621674189005 [accx: -0.01 accy: 0.0] 
1621674189021 [accx: -0.0 accy: -0.0] 
1621674189042 [accx: -0.0 accy: -0.01] 
1621674189062 [accx: -0.01 accy: -0.01] 
1621674189082 [accx: -0.01 accy: -0.01] 
1621674189101 [accx: -0.01 accy: -0.01] 
1621674189121 [accx: -0.01 accy: -0.0] 
1621674189141 [accx: -0.01 accy: -0.0] 
1621674189161 [accx: -0.0 accy: -0.0] 
1621674189181 [accx: -0.01 accy: -0.01] 
1621674189201 [accx: -0.01 accy: -0.01] 
1621674189222 [accx: -0.01 accy: -0.01] 
1621674189272 [accx: -0.0 accy: -0.01] 
1621674189276 [accx: -0.01 accy: -0.01] 
1621674189282 [accx: -0.01 accy: -0.0] 
1621674189302 [accx: -0.01 accy: -0.01] 
1621674189322 [accx: 0.0 accy: -0.0] 
1621674189344 [accx: -0.0 accy: -0.01] 
1621674189367 [accx: -0.01 accy: -0.01] 
1621674189382 [accx: -0.01 accy: -0.01] 
1621674189401 [accx: -0.0 accy: -0.0] 
1621674189423 [accx: -0.01 accy: -0.01] 
1621674189441 [accx: -0.0 accy: -0.0] 
1621674189461 [accx: -0.0 accy: -0.0] 
1621674189482 [accx: -0.0 accy: -0.0] 
1621674189501 [accx: -0.0 accy: -0.0] 
1621674189521 [accx: -0.0 accy: -0.0] 
1621674189542 [accx: -0.01 accy: -0.0] 
1621674189562 [accx: -0.01 accy: -0.0] 
1621674189581 [accx: -0.0 accy: -0.01] 
1621674189606 [accx: -0.01 accy: -0.0] 
1621674189621 [accx: -0.01 accy: 0.0] 
1621674189641 [accx: -0.01 accy: 0.0] 
1621674189664 [accx: -0.01 accy: 0.0] 
1621674189685 [accx: -0.01 accy: 0.0] 
1621674189702 [accx: -0.01 accy: -0.0] 
1621674189721 [accx: -0.01 accy: -0.0] 
1621674189747 [accx: -0.01 accy: -0.0] 
1621674189769 [accx: -0.01 accy: -0.0] 
1621674189786 [accx: -0.01 accy: -0.01] 
1621674189808 [accx: -0.0 accy: -0.0] 
1621674189822 [accx: -0.01 accy: -0.0] 
1621674189842 [accx: -0.01 accy: 0.0] 
1621674189864 [accx: -0.01 accy: -0.0] 
1621674189883 [accx: -0.01 accy: 0.0] 
1621674189904 [accx: -0.01 accy: -0.0] 
1621674189921 [accx: -0.01 accy: -0.0] 
1621674189942 [accx: -0.0 accy: -0.0] 
1621674189963 [accx: -0.01 accy: -0.01] 
1621674189998 [accx: -0.01 accy: -0.01] 
1621674190002 [accx: -0.0 accy: -0.0] 
1621674190021 [accx: -0.0 accy: -0.0] 
1621674190046 [accx: -0.0 accy: -0.0] 
1621674190069 [accx: 0.0 accy: -0.0] 
1621674190082 [accx: 0.0 accy: 0.01] 
1621674190111 [accx: 0.01 accy: 0.01] 
1621674190125 [accx: -0.0 accy: 0.0] 
1621674190143 [accx: -0.0 accy: 0.0] 
1621674190168 [accx: -0.01 accy: -0.0] 
1621674190194 [accx: -0.01 accy: -0.0] 
1621674190202 [accx: -0.01 accy: -0.0] 
1621674190221 [accx: -0.0 accy: -0.0] 
1621674190247 [accx: -0.0 accy: -0.0] 
1621674190261 [accx: -0.01 accy: -0.0] 
1621674190291 [accx: -0.01 accy: -0.0] 
1621674190308 [accx: -0.01 accy: -0.0] 
1621674190326 [accx: -0.01 accy: -0.0] 
1621674190342 [accx: 0.0 accy: -0.01] 
1621674190362 [accx: 0.01 accy: -0.01] 
1621674190382 [accx: 0.0 accy: -0.01] 
1621674190401 [accx: 0.0 accy: -0.0] 
1621674190422 [accx: -0.01 accy: -0.0] 
1621674190441 [accx: -0.01 accy: -0.0] 
1621674190462 [accx: -0.0 accy: -0.0] 
1621674190482 [accx: -0.01 accy: -0.0] 
1621674190503 [accx: -0.0 accy: -0.0] 
1621674190524 [accx: -0.0 accy: -0.0] 
1621674190547 [accx: -0.0 accy: -0.0] 
1621674190565 [accx: -0.01 accy: -0.0] 
1621674190588 [accx: -0.01 accy: -0.01] 
1621674190606 [accx: -0.01 accy: 0.0] 
1621674190628 [accx: -0.0 accy: 0.0] 
1621674190643 [accx: -0.01 accy: -0.0] 
1621674190671 [accx: -0.01 accy: -0.01] 
1621674190685 [accx: -0.0 accy: -0.01] 
1621674190705 [accx: -0.01 accy: -0.01] 
1621674190721 [accx: -0.01 accy: -0.01] 
1621674190741 [accx: -0.01 accy: -0.01] 
1621674190783 [accx: -0.01 accy: -0.02] 
1621674190789 [accx: -0.01 accy: -0.02] 
1621674190805 [accx: -0.01 accy: -0.01] 
1621674190822 [accx: -0.01 accy: -0.0] 
1621674190841 [accx: -0.01 accy: 0.0] 
1621674190891 [accx: -0.01 accy: 0.0] 
1621674190897 [accx: -0.01 accy: 0.0] 
1621674190902 [accx: -0.01 accy: 0.01] 
1621674190926 [accx: -0.01 accy: -0.0] 
1621674190958 [accx: -0.01 accy: -0.01] 
1621674190978 [accx: -0.01 accy: -0.0] 
1621674190993 [accx: -0.01 accy: -0.0] 
1621674191004 [accx: -0.0 accy: -0.0] 
1621674191021 [accx: -0.0 accy: -0.01] 
1621674191043 [accx: -0.01 accy: -0.0] 
1621674191067 [accx: -0.01 accy: -0.01] 
1621674191087 [accx: -0.0 accy: -0.01] 
1621674191102 [accx: -0.01 accy: -0.0] 
1621674191124 [accx: -0.01 accy: 0.0] 
1621674191141 [accx: -0.01 accy: -0.0] 
1621674191162 [accx: -0.0 accy: -0.0] 
1621674191183 [accx: -0.01 accy: -0.01] 
1621674191209 [accx: -0.01 accy: -0.01] 
1621674191222 [accx: -0.01 accy: -0.01] 
1621674191242 [accx: -0.01 accy: -0.0] 
1621674191265 [accx: -0.0 accy: -0.01] 
1621674191283 [accx: -0.01 accy: -0.01] 
1621674191301 [accx: -0.0 accy: -0.01] 
1621674191321 [accx: -0.01 accy: -0.0] 
1621674191343 [accx: -0.0 accy: -0.0] 
1621674191363 [accx: -0.0 accy: -0.0] 
1621674191383 [accx: -0.0 accy: -0.0] 
1621674191434 [accx: -0.01 accy: -0.0] 
1621674191437 [accx: -0.0 accy: -0.0] 
1621674191442 [accx: -0.0 accy: 0.0] 
1621674191463 [accx: -0.01 accy: 0.01] 
1621674191484 [accx: -0.01 accy: -0.0] 
1621674191507 [accx: -0.01 accy: -0.0] 
1621674191525 [accx: -0.01 accy: -0.0] 
1621674191545 [accx: -0.01 accy: -0.0] 
1621674191564 [accx: -0.01 accy: -0.01] 
1621674191591 [accx: -0.01 accy: -0.01] 
1621674191601 [accx: -0.01 accy: -0.01] 
1621674191621 [accx: -0.01 accy: -0.01] 
1621674191641 [accx: -0.0 accy: -0.0] 
1621674191665 [accx: -0.0 accy: -0.0] 
1621674191681 [accx: -0.01 accy: -0.01] 
1621674191701 [accx: -0.0 accy: -0.01] 
1621674191722 [accx: -0.0 accy: -0.0] 
1621674191741 [accx: -0.01 accy: -0.0] 
1621674191761 [accx: -0.0 accy: -0.01] 
1621674191781 [accx: 0.0 accy: -0.0] 
1621674191806 [accx: 0.0 accy: -0.01] 
1621674191824 [accx: -0.0 accy: -0.01] 
1621674191863 [accx: -0.0 accy: -0.01] 
1621674191869 [accx: -0.01 accy: -0.0] 
1621674191890 [accx: -0.01 accy: -0.0] 
1621674191902 [accx: -0.01 accy: -0.0] 
1621674191923 [accx: 0.0 accy: -0.01] 
1621674191945 [accx: -0.0 accy: -0.01] 
1621674191961 [accx: 0.0 accy: -0.01] 
1621674191981 [accx: -0.0 accy: -0.0] 
1621674192001 [accx: -0.0 accy: 0.0] 
1621674192024 [accx: -0.0 accy: -0.0] 
1621674192042 [accx: -0.01 accy: -0.0] 
1621674192061 [accx: -0.01 accy: -0.01] 
1621674192083 [accx: -0.0 accy: -0.01] 
1621674192101 [accx: -0.0 accy: -0.0] 
1621674192123 [accx: -0.01 accy: -0.01] 
1621674192144 [accx: -0.01 accy: -0.0] 
1621674192161 [accx: -0.01 accy: -0.01] 
1621674192181 [accx: -0.01 accy: -0.01] 
1621674192202 [accx: -0.01 accy: -0.01] 
1621674192233 [accx: -0.01 accy: -0.01] 
1621674192245 [accx: -0.0 accy: -0.0] 
1621674192273 [accx: -0.0 accy: -0.0] 
1621674192281 [accx: -0.01 accy: -0.0] 
1621674192301 [accx: -0.0 accy: -0.0] 
1621674192322 [accx: -0.0 accy: -0.0] 
1621674192373 [accx: -0.0 accy: 0.01] 
1621674192380 [accx: -0.01 accy: 0.01] 
1621674192384 [accx: -0.0 accy: 0.0] 
1621674192409 [accx: 0.0 accy: -0.01] 
1621674192425 [accx: -0.0 accy: -0.01] 
1621674192444 [accx: -0.0 accy: -0.01] 
1621674192464 [accx: -0.0 accy: -0.01] 
1621674192485 [accx: -0.01 accy: -0.0] 
1621674192504 [accx: -0.0 accy: -0.01] 
1621674192524 [accx: -0.01 accy: -0.0] 
1621674192567 [accx: -0.0 accy: -0.0] 
1621674192570 [accx: -0.0 accy: -0.01] 
1621674192581 [accx: -0.01 accy: -0.0] 
1621674192601 [accx: -0.0 accy: 0.0] 
1621674192621 [accx: -0.0 accy: -0.0] 
1621674192641 [accx: -0.0 accy: -0.0] 
1621674192661 [accx: 0.0 accy: -0.0] 
1621674192681 [accx: -0.0 accy: 0.0] 
1621674192701 [accx: -0.01 accy: -0.0] 
1621674192722 [accx: -0.0 accy: -0.0] 
1621674192745 [accx: 0.0 accy: 0.0] 
1621674192761 [accx: -0.0 accy: -0.0] 
1621674192781 [accx: -0.0 accy: -0.01] 
1621674192801 [accx: 0.0 accy: -0.0] 
1621674192821 [accx: -0.0 accy: -0.01] 
1621674192841 [accx: 0.0 accy: -0.01] 
1621674192861 [accx: 0.0 accy: -0.0] 
1621674192881 [accx: 0.01 accy: -0.0] 
1621674192901 [accx: 0.0 accy: -0.0] 
1621674192923 [accx: 0.0 accy: -0.0] 
1621674192942 [accx: -0.0 accy: -0.01] 
1621674192963 [accx: 0.0 accy: -0.01] 
1621674192981 [accx: -0.0 accy: -0.0] 
1621674193005 [accx: -0.0 accy: 0.0] 
1621674193021 [accx: -0.01 accy: -0.0] 
1621674193084 [accx: -0.01 accy: -0.01] 
1621674193088 [accx: -0.01 accy: -0.01] 
1621674193091 [accx: -0.01 accy: -0.0] 
1621674193115 [accx: 0.0 accy: -0.0] 
1621674193122 [accx: 0.01 accy: -0.0] 
1621674193142 [accx: 0.0 accy: -0.0] 
1621674193162 [accx: -0.0 accy: -0.01] 
1621674193181 [accx: -0.01 accy: -0.0] 
1621674193202 [accx: -0.0 accy: -0.01] 
1621674193273 [accx: -0.01 accy: -0.01] 
1621674193285 [accx: -0.0 accy: -0.01] 
1621674193290 [accx: -0.0 accy: -0.0] 
1621674193295 [accx: -0.0 accy: -0.0] 
1621674193302 [accx: -0.01 accy: -0.0] 
1621674193321 [accx: -0.0 accy: 0.0] 
1621674193341 [accx: -0.0 accy: -0.0] 
1621674193361 [accx: 0.0 accy: 0.0] 
1621674193389 [accx: -0.01 accy: -0.0] 
1621674193404 [accx: -0.01 accy: 0.0] 
1621674193421 [accx: -0.01 accy: -0.0] 
1621674193449 [accx: -0.01 accy: -0.01] 
1621674193464 [accx: 0.0 accy: -0.01] 
1621674193484 [accx: -0.0 accy: -0.0] 
1621674193501 [accx: -0.0 accy: -0.0] 
1621674193521 [accx: 0.0 accy: -0.0] 
1621674193542 [accx: 0.01 accy: 0.0] 
1621674193561 [accx: 0.0 accy: -0.0] 
1621674193581 [accx: 0.0 accy: -0.0] 
1621674193601 [accx: 0.0 accy: -0.0] 
1621674193622 [accx: -0.0 accy: -0.0] 
1621674193641 [accx: -0.01 accy: -0.01] 
1621674193677 [accx: -0.01 accy: -0.01] 
1621674193685 [accx: -0.01 accy: -0.01] 
1621674193711 [accx: -0.01 accy: -0.01] 
1621674193722 [accx: -0.01 accy: -0.0] 
1621674193741 [accx: 0.0 accy: -0.0] 
1621674193765 [accx: -0.0 accy: 0.0] 
1621674193784 [accx: -0.01 accy: -0.01] 
1621674193803 [accx: -0.01 accy: -0.0] 
1621674193821 [accx: -0.0 accy: -0.0] 
1621674193841 [accx: 0.0 accy: -0.0] 
1621674193865 [accx: -0.0 accy: -0.0] 
1621674193932 [accx: -0.0 accy: -0.0] 
1621674193935 [accx: -0.0 accy: -0.0] 
1621674193945 [accx: -0.0 accy: 0.0] 
1621674193948 [accx: 0.0 accy: -0.0] 
1621674193970 [accx: -0.01 accy: -0.01] 
1621674193983 [accx: -0.01 accy: -0.01] 
1621674194002 [accx: -0.01 accy: -0.01] 
1621674194024 [accx: -0.01 accy: -0.0] 
1621674194056 [accx: -0.01 accy: 0.0] 
1621674194070 [accx: -0.01 accy: -0.0] 
1621674194082 [accx: -0.0 accy: 0.0] 
1621674194102 [accx: -0.0 accy: 0.01] 
1621674194121 [accx: 0.0 accy: 0.0] 
1621674194141 [accx: -0.0 accy: 0.0] 
1621674194161 [accx: -0.0 accy: 0.0] 
1621674194183 [accx: -0.01 accy: 0.0] 
1621674194201 [accx: -0.01 accy: 0.0] 
1621674194221 [accx: -0.0 accy: -0.0] 
1621674194241 [accx: -0.01 accy: 0.0] 
1621674194261 [accx: -0.01 accy: -0.0] 
1621674194287 [accx: -0.0 accy: 0.0] 
1621674194315 [accx: -0.0 accy: -0.0] 
1621674194327 [accx: -0.0 accy: 0.0] 
1621674194341 [accx: -0.01 accy: -0.0] 
1621674194363 [accx: -0.01 accy: -0.0] 
1621674194383 [accx: -0.01 accy: -0.0] 
1621674194402 [accx: -0.01 accy: -0.0] 
1621674194491 [accx: 0.0 accy: -0.01] 
1621674194497 [accx: -0.0 accy: -0.0] 
1621674194514 [accx: -0.01 accy: -0.01] 
1621674194535 [accx: -0.0 accy: -0.01] 
1621674194554 [accx: -0.01 accy: -0.01] 
1621674194574 [accx: -0.01 accy: -0.0] 
1621674194617 [accx: -0.0 accy: 0.0] 
1621674194622 [accx: -0.01 accy: 0.0] 
1621674194635 [accx: -0.01 accy: 0.0] 
1621674194655 [accx: -0.01 accy: 0.0] 
1621674194674 [accx: -0.01 accy: 0.0] 
1621674194694 [accx: -0.01 accy: -0.0] 
1621674194717 [accx: -0.01 accy: -0.0] 
1621674194735 [accx: -0.01 accy: -0.01] 
1621674194754 [accx: -0.01 accy: -0.01] 
1621674194776 [accx: -0.01 accy: -0.01] 
1621674194794 [accx: -0.01 accy: -0.0] 
1621674194819 [accx: -0.0 accy: -0.0] 
1621674194834 [accx: -0.0 accy: -0.0] 
1621674194867 [accx: -0.01 accy: -0.0] 
1621674194878 [accx: -0.01 accy: 0.0] 
1621674194894 [accx: -0.0 accy: -0.0] 
1621674194918 [accx: -0.0 accy: -0.0] 
1621674194962 [accx: 0.0 accy: -0.0] 
1621674194970 [accx: -0.0 accy: -0.01] 
1621674194974 [accx: -0.01 accy: -0.0] 
1621674194996 [accx: -0.01 accy: -0.0] 
1621674195015 [accx: -0.0 accy: -0.0] 
1621674195036 [accx: -0.0 accy: -0.0] 
1621674195054 [accx: -0.0 accy: -0.0] 
1621674195082 [accx: 0.0 accy: -0.0] 
1621674195103 [accx: 0.0 accy: -0.01] 
1621674195114 [accx: 0.0 accy: -0.0] 
1621674195140 [accx: -0.0 accy: -0.0] 
1621674195177 [accx: 0.0 accy: -0.0] 
1621674195183 [accx: 0.0 accy: -0.01] 
1621674195197 [accx: 0.01 accy: -0.01] 
1621674195214 [accx: 0.0 accy: -0.01] 
1621674195239 [accx: -0.01 accy: -0.0] 
1621674195254 [accx: -0.01 accy: -0.0] 
1621674195275 [accx: -0.01 accy: -0.0] 
1621674195295 [accx: -0.01 accy: -0.0] 
1621674195315 [accx: -0.01 accy: -0.0] 
1621674195335 [accx: -0.0 accy: -0.0] 
1621674195354 [accx: -0.01 accy: 0.0] 
1621674195399 [accx: -0.01 accy: -0.0] 
1621674195402 [accx: -0.01 accy: -0.0] 
1621674195416 [accx: -0.01 accy: -0.01] 
1621674195434 [accx: -0.0 accy: -0.01] 
1621674195454 [accx: 0.0 accy: -0.0] 
1621674195478 [accx: 0.0 accy: -0.0] 
1621674195494 [accx: 0.0 accy: -0.0] 
1621674195514 [accx: -0.01 accy: -0.0] 
1621674195535 [accx: -0.0 accy: -0.01] 
1621674195554 [accx: 0.0 accy: -0.01] 
1621674195575 [accx: 0.0 accy: -0.0] 
1621674195596 [accx: -0.01 accy: -0.01] 
1621674195616 [accx: -0.0 accy: -0.01] 
1621674195634 [accx: 0.0 accy: -0.0] 
1621674195654 [accx: 0.0 accy: -0.0] 
1621674195677 [accx: -0.0 accy: -0.0] 
1621674195696 [accx: -0.01 accy: -0.0] 
1621674195715 [accx: -0.01 accy: -0.0] 
1621674195736 [accx: -0.01 accy: -0.0] 
1621674195756 [accx: -0.0 accy: -0.0] 
1621674195774 [accx: -0.0 accy: -0.0] 
1621674195810 [accx: -0.0 accy: -0.01] 
1621674195822 [accx: -0.0 accy: -0.0] 
1621674195836 [accx: 0.01 accy: -0.0] 
1621674195855 [accx: 0.0 accy: -0.0] 
1621674195875 [accx: -0.0 accy: -0.01] 
1621674195897 [accx: -0.0 accy: -0.01] 
1621674195914 [accx: 0.0 accy: -0.01] 
1621674195934 [accx: -0.0 accy: 0.0] 
1621674195955 [accx: 0.0 accy: -0.0] 
1621674195976 [accx: -0.0 accy: -0.0] 
1621674195997 [accx: -0.0 accy: -0.01] 
1621674196017 [accx: -0.01 accy: -0.01] 
1621674196036 [accx: -0.0 accy: -0.0] 
1621674196062 [accx: -0.0 accy: -0.0] 
1621674196075 [accx: -0.0 accy: -0.0] 
1621674196100 [accx: 0.0 accy: -0.0] 
1621674196119 [accx: -0.01 accy: -0.0] 
1621674196134 [accx: -0.01 accy: 0.0] 
1621674196155 [accx: 0.0 accy: -0.01] 
1621674196213 [accx: -0.0 accy: -0.0] 
1621674196216 [accx: 0.0 accy: 0.0] 
1621674196218 [accx: 0.0 accy: -0.0] 
1621674196238 [accx: 0.0 accy: -0.0] 
1621674196257 [accx: 0.0 accy: -0.0] 
1621674196282 [accx: 0.0 accy: -0.0] 
1621674196315 [accx: -0.0 accy: -0.0] 
1621674196326 [accx: 0.0 accy: 0.0] 
1621674196345 [accx: -0.0 accy: 0.0] 
1621674196355 [accx: 0.0 accy: -0.0] 
1621674196377 [accx: 0.01 accy: 0.0] 
1621674196401 [accx: 0.01 accy: 0.0] 
1621674196438 [accx: -0.0 accy: -0.0] 
1621674196471 [accx: -0.0 accy: -0.0] 
1621674196478 [accx: -0.0 accy: 0.0] 
1621674196484 [accx: -0.01 accy: -0.0] 
1621674196496 [accx: 0.0 accy: -0.0] 
1621674196537 [accx: 0.01 accy: -0.0] 
1621674196543 [accx: 0.01 accy: -0.0] 
1621674196560 [accx: 0.01 accy: -0.0] 
1621674196574 [accx: 0.0 accy: -0.01] 
1621674196602 [accx: -0.0 accy: 0.0] 
1621674196614 [accx: -0.0 accy: 0.01] 
1621674196635 [accx: 0.0 accy: 0.0] 
1621674196654 [accx: 0.0 accy: -0.0] 
1621674196675 [accx: 0.0 accy: -0.01] 
1621674196694 [accx: 0.01 accy: -0.01] 
1621674196714 [accx: 0.0 accy: -0.01] 
1621674196735 [accx: -0.0 accy: -0.01] 
1621674196754 [accx: -0.0 accy: -0.0] 
1621674196774 [accx: 0.0 accy: -0.01] 
1621674196870 [accx: -0.01 accy: -0.01] 
1621674196874 [accx: -0.0 accy: 0.0] 
1621674196893 [accx: -0.0 accy: 0.0] 
1621674196913 [accx: -0.0 accy: 0.01] 
1621674196933 [accx: -0.0 accy: -0.0] 
1621674196970 [accx: -0.0 accy: -0.01] 
1621674196972 [accx: -0.0 accy: -0.0] 
1621674197019 [accx: 0.0 accy: 0.0] 
1621674197025 [accx: -0.0 accy: -0.0] 
1621674197033 [accx: 0.0 accy: -0.0] 
1621674197071 [accx: 0.0 accy: -0.0] 
1621674197085 [accx: 0.0 accy: -0.01] 
1621674197103 [accx: -0.01 accy: -0.0] 
1621674197155 [accx: -0.0 accy: -0.0] 
1621674197169 [accx: -0.0 accy: 0.0] 
1621674197184 [accx: -0.0 accy: -0.0] 
1621674197188 [accx: -0.01 accy: -0.0] 
1621674197196 [accx: 0.0 accy: -0.0] 
1621674197213 [accx: -0.0 accy: -0.0] 
1621674197233 [accx: 0.0 accy: -0.01] 
1621674197253 [accx: 0.0 accy: -0.01] 
1621674197278 [accx: -0.0 accy: -0.0] 
1621674197293 [accx: 0.0 accy: -0.0] 
1621674197314 [accx: 0.0 accy: -0.0] 
1621674197333 [accx: -0.0 accy: -0.01] 
1621674197353 [accx: -0.0 accy: -0.01] 
1621674197376 [accx: 0.0 accy: -0.01] 
1621674197394 [accx: 0.0 accy: -0.01] 
1621674197413 [accx: -0.0 accy: -0.0] 
1621674197436 [accx: -0.01 accy: -0.01] 
1621674197454 [accx: -0.01 accy: -0.0] 
1621674197473 [accx: -0.01 accy: -0.0] 
1621674197512 [accx: -0.01 accy: -0.0] 
1621674197527 [accx: -0.0 accy: -0.01] 
1621674197537 [accx: 0.0 accy: -0.01] 
1621674197554 [accx: 0.0 accy: -0.0] 
1621674197573 [accx: 0.0 accy: -0.0] 
1621674197593 [accx: -0.0 accy: -0.0] 
1621674197617 [accx: -0.0 accy: -0.0] 
1621674197648 [accx: -0.0 accy: 0.0] 
1621674197662 [accx: -0.0 accy: -0.0] 
1621674197677 [accx: 0.0 accy: -0.0] 
1621674197693 [accx: -0.0 accy: -0.0] 
1621674197713 [accx: -0.0 accy: -0.0] 
1621674197733 [accx: -0.0 accy: -0.0] 
1621674197754 [accx: -0.0 accy: -0.0] 
1621674197773 [accx: -0.0 accy: 0.0] 
1621674197824 [accx: -0.0 accy: -0.0] 
1621674197830 [accx: 0.0 accy: -0.0] 
1621674197842 [accx: 0.0 accy: 0.0] 
1621674197859 [accx: 0.0 accy: 0.0] 
1621674197898 [accx: -0.0 accy: -0.01] 
1621674197903 [accx: -0.0 accy: -0.0] 
1621674197913 [accx: -0.0 accy: -0.01] 
1621674197937 [accx: -0.0 accy: -0.0] 
1621674197959 [accx: -0.01 accy: -0.01] 
1621674197978 [accx: -0.01 accy: -0.0] 
1621674198008 [accx: -0.01 accy: -0.0] 
1621674198032 [accx: -0.01 accy: -0.0] 
1621674198073 [accx: -0.01 accy: -0.01] 
1621674198078 [accx: 0.0 accy: -0.0] 
1621674198083 [accx: 0.01 accy: 0.0] 
1621674198098 [accx: 0.0 accy: 0.0] 
1621674198114 [accx: -0.0 accy: -0.0] 
1621674198140 [accx: -0.0 accy: -0.01] 
1621674198154 [accx: 0.0 accy: -0.01] 
1621674198173 [accx: -0.0 accy: -0.0] 
1621674198193 [accx: -0.0 accy: -0.01] 
1621674198213 [accx: -0.0 accy: -0.01] 
1621674198236 [accx: 0.0 accy: -0.01] 
1621674198253 [accx: -0.0 accy: -0.0] 
1621674198279 [accx: -0.0 accy: -0.01] 
1621674198294 [accx: 0.0 accy: -0.01] 
1621674198322 [accx: 0.01 accy: -0.01] 
1621674198333 [accx: 0.01 accy: -0.0] 
1621674198353 [accx: 0.0 accy: -0.0] 
1621674198373 [accx: -0.0 accy: -0.0] 
1621674198393 [accx: 0.0 accy: -0.01] 
1621674198417 [accx: 0.0 accy: -0.0] 
1621674198433 [accx: -0.0 accy: -0.0] 
1621674198458 [accx: -0.0 accy: -0.01] 
1621674198473 [accx: 0.0 accy: