1621074678564 [accx: 0.0 accy: 0.0] 
1621074678567 [accx: -0.0 accy: 0.0] 
1621074678575 [accx: -0.0 accy: -0.0] 
1621074678595 [accx: -0.0 accy: 0.0] 
1621074678620 [accx: -0.0 accy: 0.0] 
1621074678635 [accx: -0.01 accy: 0.0] 
1621074678658 [accx: -0.0 accy: -0.0] 
1621074678677 [accx: -0.0 accy: 0.0] 
1621074678695 [accx: -0.0 accy: 0.0] 
1621074678715 [accx: 0.0 accy: 0.0] 
1621074678735 [accx: -0.0 accy: -0.0] 
1621074678762 [accx: -0.0 accy: 0.0] 
1621074678777 [accx: -0.0 accy: 0.01] 
1621074678801 [accx: -0.0 accy: 0.0] 
1621074678815 [accx: 0.0 accy: -0.0] 
1621074678835 [accx: -0.0 accy: -0.01] 
1621074678855 [accx: 0.0 accy: -0.01] 
1621074678875 [accx: 0.01 accy: -0.0] 
1621074678895 [accx: 0.01 accy: -0.0] 
1621074678920 [accx: 0.01 accy: -0.0] 
1621074678935 [accx: 0.01 accy: -0.0] 
1621074678955 [accx: 0.0 accy: 0.0] 
1621074678975 [accx: 0.0 accy: -0.0] 
1621074679002 [accx: 0.01 accy: -0.0] 
1621074679015 [accx: 0.0 accy: 0.0] 
1621074679035 [accx: -0.0 accy: 0.01] 
1621074679056 [accx: -0.0 accy: 0.0] 
1621074679079 [accx: 0.01 accy: -0.0] 
1621074679096 [accx: 0.0 accy: 0.0] 
1621074679118 [accx: -0.0 accy: -0.01] 
1621074679135 [accx: -0.0 accy: -0.0] 
1621074679155 [accx: -0.0 accy: 0.01] 
1621074679175 [accx: 0.0 accy: 0.0] 
1621074679201 [accx: 0.0 accy: 0.0] 
1621074679215 [accx: -0.0 accy: -0.01] 
1621074679242 [accx: -0.01 accy: -0.0] 
1621074679255 [accx: -0.0 accy: -0.0] 
1621074679276 [accx: -0.0 accy: 0.0] 
1621074679295 [accx: 0.0 accy: 0.0] 
1621074679314 [accx: 0.0 accy: -0.01] 
1621074679335 [accx: -0.0 accy: -0.0] 
1621074679357 [accx: 0.01 accy: 0.0] 
1621074679376 [accx: 0.0 accy: 0.0] 
1621074679398 [accx: 0.01 accy: 0.0] 
1621074679415 [accx: 0.01 accy: -0.01] 
1621074679443 [accx: 0.0 accy: -0.0] 
1621074679461 [accx: -0.0 accy: -0.0] 
1621074679477 [accx: 0.0 accy: 0.0] 
1621074679495 [accx: -0.01 accy: -0.0] 
1621074679516 [accx: -0.0 accy: 0.0] 
1621074679535 [accx: -0.0 accy: 0.0] 
1621074679556 [accx: -0.0 accy: 0.0] 
1621074679576 [accx: -0.01 accy: 0.0] 
1621074679596 [accx: -0.0 accy: 0.0] 
1621074679615 [accx: -0.0 accy: -0.0] 
1621074679636 [accx: -0.0 accy: 0.0] 
1621074679656 [accx: -0.0 accy: -0.0] 
1621074679682 [accx: -0.0 accy: -0.0] 
1621074679696 [accx: 0.0 accy: 0.0] 
1621074679715 [accx: -0.0 accy: 0.01] 
1621074679735 [accx: -0.0 accy: 0.0] 
1621074679756 [accx: -0.0 accy: 0.01] 
1621074679781 [accx: -0.0 accy: 0.0] 
1621074679797 [accx: -0.0 accy: 0.01] 
1621074679815 [accx: -0.0 accy: 0.01] 
1621074679837 [accx: 0.0 accy: 0.0] 
1621074679855 [accx: -0.0 accy: 0.0] 
1621074679877 [accx: 0.0 accy: -0.0] 
1621074679897 [accx: 0.0 accy: -0.0] 
1621074679916 [accx: -0.0 accy: -0.0] 
1621074679935 [accx: 0.0 accy: -0.0] 
1621074679956 [accx: 0.0 accy: 0.0] 
1621074679975 [accx: 0.0 accy: -0.0] 
1621074679996 [accx: -0.0 accy: 0.0] 
1621074680016 [accx: -0.0 accy: -0.0] 
1621074680036 [accx: 0.01 accy: -0.0] 
1621074680057 [accx: 0.0 accy: -0.01] 
1621074680075 [accx: 0.0 accy: -0.01] 
1621074680095 [accx: 0.0 accy: -0.01] 
1621074680116 [accx: 0.0 accy: -0.01] 
1621074680135 [accx: 0.0 accy: -0.01] 
1621074680158 [accx: -0.0 accy: -0.0] 
1621074680175 [accx: 0.0 accy: -0.01] 
1621074680197 [accx: 0.0 accy: 0.0] 
1621074680215 [accx: 0.0 accy: -0.0] 
1621074680238 [accx: 0.0 accy: -0.0] 
1621074680255 [accx: -0.0 accy: -0.0] 
1621074680276 [accx: 0.01 accy: -0.0] 
1621074680295 [accx: -0.0 accy: -0.0] 
1621074680316 [accx: -0.0 accy: -0.0] 
1621074680335 [accx: 0.0 accy: -0.01] 
1621074680355 [accx: -0.0 accy: 0.0] 
1621074680375 [accx: -0.0 accy: -0.0] 
1621074680397 [accx: -0.01 accy: -0.0] 
1621074680417 [accx: -0.0 accy: -0.0] 
1621074680436 [accx: 0.0 accy: -0.01] 
1621074680455 [accx: -0.01 accy: 0.0] 
1621074680475 [accx: -0.01 accy: 0.0] 
1621074680495 [accx: -0.01 accy: 0.0] 
1621074680516 [accx: -0.01 accy: 0.0] 
1621074680535 [accx: -0.0 accy: 0.0] 
1621074680555 [accx: -0.0 accy: 0.0] 
1621074680575 [accx: -0.0 accy: -0.0] 
1621074680596 [accx: -0.01 accy: 0.0] 
1621074680615 [accx: -0.01 accy: -0.0] 
1621074680638 [accx: -0.0 accy: -0.0] 
1621074680655 [accx: 0.0 accy: -0.0] 
1621074680676 [accx: 0.01 accy: -0.0] 
1621074680695 [accx: 0.0 accy: -0.0] 
1621074680716 [accx: 0.0 accy: -0.01] 
1621074680739 [accx: 0.0 accy: -0.01] 
1621074680755 [accx: 0.0 accy: -0.01] 
1621074680776 [accx: 0.01 accy: -0.01] 
1621074680796 [accx: 0.0 accy: -0.0] 
1621074680824 [accx: 0.01 accy: -0.01] 
1621074680835 [accx: 0.0 accy: -0.0] 
1621074680856 [accx: 0.0 accy: -0.01] 
1621074680875 [accx: -0.0 accy: -0.0] 
1621074680895 [accx: 0.0 accy: -0.0] 
1621074680916 [accx: 0.0 accy: -0.0] 
1621074680935 [accx: 0.0 accy: -0.0] 
1621074680959 [accx: 0.0 accy: 0.0] 
1621074680974 [accx: 0.0 accy: 0.0] 
1621074680997 [accx: -0.0 accy: -0.0] 
1621074681015 [accx: 0.0 accy: -0.0] 
1621074681036 [accx: 0.0 accy: 0.0] 
1621074681055 [accx: 0.0 accy: -0.0] 
1621074681076 [accx: 0.0 accy: -0.0] 
1621074681095 [accx: 0.01 accy: -0.0] 
1621074681116 [accx: 0.01 accy: 0.0] 
1621074681135 [accx: 0.0 accy: -0.0] 
1621074681157 [accx: 0.0 accy: 0.0] 
1621074681175 [accx: 0.0 accy: -0.0] 
1621074681196 [accx: -0.0 accy: 0.0] 
1621074681218 [accx: 0.0 accy: -0.0] 
1621074681236 [accx: -0.0 accy: 0.0] 
1621074681256 [accx: 0.0 accy: -0.0] 
1621074681276 [accx: 0.0 accy: -0.0] 
1621074681295 [accx: 0.01 accy: -0.0] 
1621074681315 [accx: 0.01 accy: -0.0] 
1621074681335 [accx: 0.0 accy: -0.0] 
1621074681356 [accx: 0.0 accy: -0.0] 
1621074681375 [accx: -0.0 accy: -0.0] 
1621074681395 [accx: -0.0 accy: 0.0] 
1621074681416 [accx: -0.01 accy: 0.0] 
1621074681435 [accx: -0.0 accy: 0.0] 
1621074681457 [accx: -0.0 accy: 0.0] 
1621074681475 [accx: -0.0 accy: 0.0] 
1621074681497 [accx: -0.0 accy: -0.0] 
1621074681518 [accx: -0.01 accy: -0.0] 
1621074681535 [accx: -0.0 accy: -0.0] 
1621074681555 [accx: -0.0 accy: -0.0] 
1621074681575 [accx: 0.0 accy: 0.0] 
1621074681601 [accx: -0.0 accy: -0.0] 
1621074681615 [accx: -0.0 accy: -0.0] 
1621074681635 [accx: 0.0 accy: 0.0] 
1621074681655 [accx: 0.01 accy: 0.01] 
1621074681675 [accx: -0.0 accy: -0.0] 
1621074681700 [accx: 0.0 accy: -0.0] 
1621074681715 [accx: 0.0 accy: -0.0] 
1621074681740 [accx: 0.0 accy: 0.0] 
1621074681755 [accx: -0.0 accy: 0.0] 
1621074681781 [accx: 0.01 accy: 0.0] 
1621074681794 [accx: 0.01 accy: 0.01] 
1621074681821 [accx: 0.0 accy: 0.0] 
1621074681835 [accx: 0.0 accy: -0.0] 
1621074681860 [accx: -0.0 accy: 0.0] 
1621074681876 [accx: -0.0 accy: 0.0] 
1621074681895 [accx: -0.0 accy: 0.01] 
1621074681915 [accx: 0.0 accy: 0.01] 
1621074681938 [accx: 0.0 accy: 0.0] 
1621074681955 [accx: -0.0 accy: -0.01] 
1621074681976 [accx: 0.01 accy: -0.01] 
1621074681995 [accx: 0.0 accy: -0.0] 
1621074682019 [accx: -0.0 accy: -0.0] 
1621074682035 [accx: 0.0 accy: -0.0] 
1621074682055 [accx: 0.0 accy: 0.0] 
1621074682075 [accx: 0.0 accy: 0.0] 
1621074682096 [accx: 0.0 accy: -0.0] 
1621074682116 [accx: 0.0 accy: -0.01] 
1621074682138 [accx: 0.01 accy: -0.01] 
1621074682158 [accx: -0.0 accy: -0.01] 
1621074682176 [accx: -0.0 accy: -0.0] 
1621074682198 [accx: -0.0 accy: -0.0] 
1621074682215 [accx: 0.0 accy: -0.01] 
1621074682235 [accx: -0.0 accy: -0.01] 
1621074682262 [accx: -0.0 accy: -0.0] 
1621074682275 [accx: 0.0 accy: -0.0] 
1621074682296 [accx: -0.0 accy: -0.0] 
1621074682315 [accx: -0.0 accy: -0.0] 
1621074682335 [accx: 0.01 accy: -0.01] 
1621074682355 [accx: 0.01 accy: -0.01] 
1621074682375 [accx: 0.01 accy: -0.0] 
1621074682395 [accx: 0.0 accy: 0.0] 
1621074682417 [accx: 0.0 accy: -0.0] 
1621074682445 [accx: -0.0 accy: 0.0] 
1621074682457 [accx: 0.0 accy: -0.0] 
1621074682476 [accx: -0.0 accy: -0.0] 
1621074682495 [accx: -0.0 accy: -0.0] 
1621074682520 [accx: 0.0 accy: 0.0] 
1621074682537 [accx: -0.0 accy: -0.0] 
1621074682555 [accx: -0.0 accy: -0.0] 
1621074682581 [accx: 0.0 accy: -0.0] 
1621074682595 [accx: 0.0 accy: -0.0] 
1621074682622 [accx: 0.0 accy: -0.0] 
1621074682635 [accx: 0.0 accy: 0.0] 
1621074682656 [accx: 0.0 accy: -0.0] 
1621074682675 [accx: 0.0 accy: -0.01] 
1621074682695 [accx: 0.0 accy: -0.01] 
1621074682715 [accx: 0.01 accy: -0.0] 
1621074682743 [accx: 0.01 accy: -0.01] 
1621074682755 [accx: 0.0 accy: -0.0] 
1621074682775 [accx: 0.0 accy: -0.01] 
1621074682795 [accx: 0.01 accy: -0.01] 
1621074682822 [accx: 0.0 accy: -0.01] 
1621074682835 [accx: 0.0 accy: -0.0] 
1621074682856 [accx: 0.0 accy: 0.0] 
1621074682875 [accx: 0.01 accy: 0.0] 
1621074682895 [accx: 0.01 accy: 0.0] 
1621074682915 [accx: 0.01 accy: -0.0] 
1621074682935 [accx: 0.01 accy: -0.0] 
1621074682955 [accx: 0.01 accy: -0.0] 
1621074682975 [accx: 0.01 accy: 0.0] 
1621074682995 [accx: 0.01 accy: -0.0] 
1621074683017 [accx: 0.01 accy: -0.0] 
1621074683036 [accx: 0.01 accy: -0.0] 
1621074683057 [accx: 0.01 accy: 0.0] 
1621074683080 [accx: 0.01 accy: 0.0] 
1621074683095 [accx: 0.01 accy: -0.0] 
1621074683115 [accx: 0.0 accy: 0.0] 
1621074683135 [accx: 0.0 accy: 0.0] 
1621074683155 [accx: -0.0 accy: -0.0] 
1621074683175 [accx: -0.0 accy: -0.0] 
1621074683195 [accx: -0.0 accy: -0.0] 
1621074683216 [accx: 0.0 accy: -0.01] 
1621074683235 [accx: 0.0 accy: -0.01] 
1621074683255 [accx: 0.0 accy: -0.0] 
1621074683275 [accx: -0.0 accy: -0.0] 
1621074683295 [accx: 0.0 accy: -0.0] 
1621074683315 [accx: 0.01 accy: -0.0] 
1621074683336 [accx: 0.01 accy: -0.0] 
1621074683355 [accx: 0.01 accy: -0.0] 
1621074683375 [accx: 0.01 accy: -0.0] 
1621074683396 [accx: 0.0 accy: 0.0] 
1621074683415 [accx: 0.01 accy: 0.01] 
1621074683435 [accx: 0.01 accy: 0.0] 
1621074683455 [accx: 0.0 accy: -0.0] 
1621074683476 [accx: 0.01 accy: -0.0] 
1621074683497 [accx: 0.0 accy: 0.0] 
1621074683516 [accx: -0.01 accy: 0.0] 
1621074683535 [accx: 0.0 accy: -0.0] 
1621074683561 [accx: 0.0 accy: -0.0] 
1621074683575 [accx: -0.0 accy: -0.01] 
1621074683595 [accx: 0.0 accy: -0.0] 
1621074683615 [accx: 0.0 accy: 0.0] 
1621074683635 [accx: -0.0 accy: 0.0] 
1621074683655 [accx: -0.01 accy: 0.0] 
1621074683675 [accx: -0.0 accy: -0.0] 
1621074683695 [accx: -0.0 accy: 0.0] 
1621074683715 [accx: 0.0 accy: 0.0] 
1621074683735 [accx: 0.0 accy: -0.0] 
1621074683755 [accx: 0.0 accy: -0.01] 
1621074683775 [accx: 0.01 accy: -0.0] 
1621074683795 [accx: 0.01 accy: -0.01] 
1621074683815 [accx: 0.01 accy: -0.0] 
1621074683836 [accx: -0.01 accy: -0.0] 
1621074683856 [accx: -0.0 accy: -0.0] 
1621074683875 [accx: -0.0 accy: 0.0] 
1621074683896 [accx: 0.0 accy: 0.0] 
1621074683919 [accx: 0.0 accy: 0.0] 
1621074683935 [accx: 0.0 accy: -0.0] 
1621074683956 [accx: 0.01 accy: -0.01] 
1621074683975 [accx: 0.01 accy: -0.01] 
1621074683995 [accx: 0.01 accy: -0.0] 
1621074684016 [accx: 0.0 accy: -0.0] 
1621074684036 [accx: -0.0 accy: -0.0] 
1621074684055 [accx: -0.0 accy: 0.0] 
1621074684076 [accx: -0.0 accy: 0.0] 
1621074684095 [accx: 0.0 accy: 0.0] 
1621074684115 [accx: -0.01 accy: 0.0] 
1621074684135 [accx: -0.0 accy: -0.0] 
1621074684155 [accx: 0.0 accy: -0.0] 
1621074684175 [accx: -0.0 accy: -0.01] 
1621074684195 [accx: -0.0 accy: -0.0] 
1621074684215 [accx: -0.0 accy: -0.01] 
1621074684235 [accx: -0.0 accy: -0.0] 
1621074684255 [accx: 0.0 accy: -0.0] 
1621074684275 [accx: 0.0 accy: 0.0] 
1621074684295 [accx: 0.0 accy: 0.0] 
1621074684315 [accx: -0.0 accy: -0.0] 
1621074684335 [accx: -0.0 accy: -0.0] 
1621074684355 [accx: 0.0 accy: -0.0] 
1621074684375 [accx: 0.0 accy: -0.0] 
1621074684400 [accx: 0.0 accy: 0.0] 
1621074684415 [accx: 0.0 accy: -0.0] 
1621074684435 [accx: 0.0 accy: -0.0] 
1621074684456 [accx: -0.0 accy: -0.0] 
1621074684475 [accx: -0.0 accy: 0.0] 
1621074684495 [accx: -0.0 accy: -0.0] 
1621074684515 [accx: 0.0 accy: 0.0] 
1621074684535 [accx: 0.01 accy: -0.0] 
1621074684555 [accx: 0.01 accy: 0.0] 
1621074684575 [accx: 0.0 accy: -0.0] 
1621074684595 [accx: 0.0 accy: -0.0] 
1621074684615 [accx: 0.0 accy: -0.0] 
1621074684635 [accx: -0.0 accy: -0.0] 
1621074684655 [accx: 0.0 accy: -0.0] 
1621074684675 [accx: 0.01 accy: -0.0] 
1621074684695 [accx: 0.01 accy: 0.0] 
1621074684715 [accx: 0.01 accy: -0.0] 
1621074684735 [accx: 0.0 accy: -0.0] 
1621074684755 [accx: 0.0 accy: -0.01] 
1621074684775 [accx: -0.0 accy: -0.0] 
1621074684795 [accx: 0.0 accy: -0.0] 
1621074684815 [accx: 0.0 accy: -0.0] 
1621074684835 [accx: 0.0 accy: -0.0] 
1621074684855 [accx: -0.0 accy: -0.0] 
1621074684875 [accx: -0.0 accy: -0.01] 
1621074684895 [accx: 0.0 accy: -0.0] 
1621074684915 [accx: 0.0 accy: 0.0] 
1621074684935 [accx: 0.0 accy: -0.0] 
1621074684956 [accx: -0.0 accy: 0.0] 
1621074684975 [accx: -0.0 accy: 0.0] 
1621074684995 [accx: -0.0 accy: 0.0] 
1621074685015 [accx: 0.0 accy: 0.0] 
1621074685035 [accx: -0.0 accy: -0.0] 
1621074685055 [accx: 0.0 accy: -0.01] 
1621074685078 [accx: -0.0 accy: -0.01] 
1621074685095 [accx: 0.0 accy: -0.01] 
1621074685116 [accx: -0.0 accy: -0.0] 
1621074685135 [accx: -0.01 accy: -0.0] 
1621074685155 [accx: -0.0 accy: 0.0] 
1621074685175 [accx: -0.0 accy: 0.0] 
1621074685195 [accx: -0.0 accy: -0.0] 
1621074685215 [accx: -0.0 accy: -0.0] 
1621074685236 [accx: -0.0 accy: -0.0] 
1621074685255 [accx: 0.0 accy: -0.0] 
1621074685276 [accx: 0.01 accy: -0.0] 
1621074685295 [accx: 0.0 accy: 0.0] 
1621074685315 [accx: -0.0 accy: 0.0] 
1621074685335 [accx: -0.0 accy: -0.0] 
1621074685355 [accx: 0.0 accy: 0.0] 
1621074685375 [accx: -0.0 accy: 0.0] 
1621074685397 [accx: 0.0 accy: 0.0] 
1621074685415 [accx: 0.01 accy: 0.0] 
1621074685435 [accx: 0.0 accy: 0.0] 
1621074685459 [accx: 0.0 accy: -0.0] 
1621074685476 [accx: 0.0 accy: -0.0] 
1621074685496 [accx: 0.0 accy: -0.0] 
1621074685515 [accx: -0.0 accy: -0.0] 
1621074685535 [accx: 0.0 accy: -0.0] 
1621074685555 [accx: 0.0 accy: -0.0] 
1621074685575 [accx: 0.0 accy: -0.0] 
1621074685596 [accx: 0.0 accy: 0.0] 
1621074685615 [accx: 0.0 accy: 0.0] 
1621074685636 [accx: 0.01 accy: 0.0] 
1621074685655 [accx: 0.0 accy: 0.0] 
1621074685675 [accx: 0.0 accy: 0.01] 
1621074685695 [accx: 0.0 accy: -0.0] 
1621074685715 [accx: 0.0 accy: 0.0] 
1621074685741 [accx: 0.01 accy: -0.0] 
1621074685755 [accx: 0.0 accy: 0.0] 
1621074685783 [accx: 0.01 accy: -0.0] 
1621074685795 [accx: 0.0 accy: -0.0] 
1621074685816 [accx: 0.0 accy: -0.0] 
1621074685839 [accx: 0.01 accy: -0.01] 
1621074685855 [accx: 0.0 accy: -0.01] 
1621074685875 [accx: 0.01 accy: -0.01] 
1621074685895 [accx: 0.0 accy: -0.0] 
1621074685915 [accx: 0.0 accy: -0.01] 
1621074685935 [accx: 0.01 accy: 0.0] 
1621074685955 [accx: 0.0 accy: 0.0] 
1621074685975 [accx: 0.0 accy: -0.0] 
1621074685995 [accx: 0.0 accy: -0.0] 
1621074686015 [accx: 0.0 accy: -0.0] 
1621074686037 [accx: -0.0 accy: 0.0] 
1621074686056 [accx: 0.0 accy: 0.0] 
1621074686075 [accx: 0.0 accy: 0.0] 
1621074686096 [accx: 0.0 accy: -0.0] 
1621074686115 [accx: -0.0 accy: 0.01] 
1621074686135 [accx: 0.0 accy: 0.01] 
1621074686155 [accx: 0.01 accy: 0.0] 
1621074686176 [accx: 0.01 accy: 0.0] 
1621074686196 [accx: 0.0 accy: 0.0] 
1621074686215 [accx: -0.0 accy: -0.0] 
1621074686239 [accx: 0.0 accy: -0.0] 
1621074686258 [accx: 0.0 accy: -0.0] 
1621074686275 [accx: 0.0 accy: 0.0] 
1621074686299 [accx: 0.01 accy: -0.0] 
1621074686315 [accx: 0.01 accy: -0.0] 
1621074686335 [accx: 0.0 accy: 0.0] 
1621074686359 [accx: -0.0 accy: -0.0] 
1621074686375 [accx: 0.0 accy: 0.0] 
1621074686401 [accx: -0.0 accy: -0.0] 
1621074686416 [accx: -0.0 accy: -0.0] 
1621074686435 [accx: -0.0 accy: -0.0] 
1621074686455 [accx: -0.0 accy: -0.0] 
1621074686475 [accx: -0.0 accy: -0.0] 
1621074686496 [accx: 0.0 accy: -0.01] 
1621074686515 [accx: 0.0 accy: -0.0] 
1621074686535 [accx: -0.0 accy: -0.0] 
1621074686558 [accx: 0.01 accy: 0.0] 
1621074686575 [accx: 0.0 accy: 0.0] 
1621074686599 [accx: -0.0 accy: 0.0] 
1621074686619 [accx: -0.0 accy: -0.0] 
1621074686640 [accx: -0.0 accy: -0.0] 
1621074686655 [accx: -0.0 accy: -0.0] 
1621074686675 [accx: -0.0 accy: -0.0] 
1621074686695 [accx: -0.0 accy: -0.0] 
1621074686715 [accx: -0.0 accy: 0.0] 
1621074686735 [accx: -0.0 accy: 0.0] 
1621074686755 [accx: -0.0 accy: 0.0] 
1621074686775 [accx: 0.0 accy: -0.0] 
1621074686795 [accx: 0.0 accy: 0.0] 
1621074686815 [accx: 0.0 accy: 0.0] 
1621074686835 [accx: 0.0 accy: -0.0] 
1621074686855 [accx: -0.0 accy: 0.0] 
1621074686875 [accx: -0.0 accy: 0.0] 
1621074686895 [accx: 0.0 accy: 0.0] 
1621074686916 [accx: 0.0 accy: -0.0] 
1621074686935 [accx: -0.0 accy: 0.0] 
1621074686955 [accx: 0.0 accy: -0.0] 
1621074686975 [accx: 0.0 accy: -0.01] 
1621074686995 [accx: -0.0 accy: -0.0] 
1621074687015 [accx: -0.0 accy: -0.0] 
1621074687035 [accx: -0.0 accy: 0.0] 
1621074687055 [accx: 0.0 accy: 0.0] 
1621074687075 [accx: 0.0 accy: -0.0] 
1621074687095 [accx: -0.0 accy: 0.0] 
1621074687116 [accx: 0.0 accy: -0.01] 
1621074687135 [accx: 0.0 accy: -0.0] 
1621074687156 [accx: -0.0 accy: 0.0] 
1621074687175 [accx: -0.0 accy: -0.0] 
1621074687196 [accx: -0.0 accy: -0.01] 
1621074687215 [accx: 0.01 accy: -0.01] 
1621074687235 [accx: 0.01 accy: -0.01] 
1621074687256 [accx: 0.01 accy: 0.0] 
1621074687275 [accx: 0.01 accy: 0.0] 
1621074687295 [accx: 0.01 accy: 0.0] 
1621074687315 [accx: 0.01 accy: 0.0] 
1621074687335 [accx: 0.0 accy: -0.0] 
1621074687355 [accx: 0.0 accy: -0.0] 
1621074687375 [accx: 0.0 accy: 0.0] 
1621074687395 [accx: 0.0 accy: -0.0] 
1621074687415 [accx: 0.0 accy: 0.0] 
1621074687435 [accx: -0.0 accy: 0.0] 
1621074687455 [accx: 0.0 accy: 0.0] 
1621074687475 [accx: 0.0 accy: -0.0] 
1621074687495 [accx: 0.01 accy: -0.0] 
1621074687515 [accx: 0.0 accy: 0.0] 
1621074687535 [accx: 0.01 accy: 0.0] 
1621074687555 [accx: 0.01 accy: -0.0] 
1621074687575 [accx: 0.01 accy: -0.0] 
1621074687595 [accx: -0.0 accy: 0.0] 
1621074687615 [accx: -0.0 accy: 0.0] 
1621074687636 [accx: -0.0 accy: 0.0] 
1621074687655 [accx: 0.0 accy: 0.0] 
1621074687675 [accx: 0.0 accy: 0.01] 
1621074687695 [accx: 0.0 accy: 0.01] 
1621074687715 [accx: 0.01 accy: 0.01] 
1621074687735 [accx: 0.0 accy: 0.01] 
1621074687755 [accx: -0.0 accy: 0.01] 
1621074687775 [accx: -0.0 accy: 0.01] 
1621074687795 [accx: 0.01 accy: 0.0] 
1621074687815 [accx: 0.0 accy: 0.0] 
1621074687836 [accx: 0.0 accy: -0.0] 
1621074687855 [accx: 0.0 accy: -0.01] 
1621074687876 [accx: -0.0 accy: -0.01] 
1621074687895 [accx: -0.0 accy: -0.0] 
1621074687916 [accx: -0.01 accy: -0.0] 
1621074687935 [accx: -0.0 accy: -0.01] 
1621074687955 [accx: -0.0 accy: -0.0] 
1621074687975 [accx: -0.0 accy: -0.0] 
1621074687995 [accx: -0.0 accy: -0.01] 
1621074688016 [accx: 0.0 accy: -0.0] 
1621074688036 [accx: 0.0 accy: 0.0] 
1621074688055 [accx: -0.0 accy: 0.0] 
1621074688075 [accx: 0.01 accy: -0.0] 
1621074688095 [accx: 0.01 accy: -0.0] 
1621074688115 [accx: 0.01 accy: 0.0] 
1621074688135 [accx: 0.01 accy: 0.0] 
1621074688155 [accx: 0.01 accy: 0.01] 
1621074688183 [accx: 0.0 accy: 0.01] 
1621074688196 [accx: 0.0 accy: -0.0] 
1621074688217 [accx: 0.0 accy: -0.01] 
1621074688236 [accx: 0.01 accy: -0.01] 
1621074688255 [accx: 0.0 accy: -0.0] 
1621074688276 [accx: -0.0 accy: -0.0] 
1621074688295 [accx: 0.0 accy: 0.0] 
1621074688316 [accx: 0.0 accy: 0.0] 
1621074688335 [accx: 0.01 accy: 0.01] 
1621074688355 [accx: 0.01 accy: 0.01] 
1621074688375 [accx: 0.0 accy: 0.01] 
1621074688396 [accx: -0.0 accy: -0.0] 
1621074688416 [accx: -0.0 accy: 0.0] 
1621074688435 [accx: 0.0 accy: -0.01] 
1621074688456 [accx: 0.0 accy: -0.01] 
1621074688475 [accx: 0.0 accy: -0.01] 
1621074688499 [accx: 0.0 accy: -0.01] 
1621074688515 [accx: 0.01 accy: -0.0] 
1621074688536 [accx: 0.01 accy: -0.0] 
1621074688555 [accx: 0.0 accy: -0.0] 
1621074688575 [accx: 0.01 accy: 0.0] 
1621074688595 [accx: 0.01 accy: 0.01] 
1621074688615 [accx: 0.0 accy: 0.0] 
1621074688635 [accx: 0.01 accy: 0.0] 
1621074688658 [accx: 0.01 accy: -0.0] 
1621074688675 [accx: -0.0 accy: 0.0] 
1621074688696 [accx: 0.0 accy: 0.0] 
1621074688715 [accx: 0.0 accy: -0.0] 
1621074688738 [accx: 0.0 accy: -0.0] 
1621074688755 [accx: 0.0 accy: -0.0] 
1621074688776 [accx: 0.0 accy: -0.0] 
1621074688795 [accx: 0.0 accy: 0.01] 
1621074688816 [accx: -0.01 accy: 0.01] 
1621074688835 [accx: 0.0 accy: 0.01] 
1621074688856 [accx: 0.0 accy: 0.01] 
1621074688875 [accx: 0.0 accy: 0.0] 
1621074688896 [accx: 0.0 accy: 0.0] 
1621074688917 [accx: 0.0 accy: 0.0] 
1621074688935 [accx: 0.0 accy: 0.0] 
1621074688955 [accx: 0.01 accy: 0.0] 
1621074688975 [accx: 0.0 accy: 0.0] 
1621074688995 [accx: -0.0 accy: -0.0] 
1621074689015 [accx: -0.0 accy: 0.0] 
1621074689035 [accx: -0.0 accy: 0.01] 
1621074689056 [accx: -0.0 accy: 0.0] 
1621074689075 [accx: 0.0 accy: -0.01] 
1621074689095 [accx: 0.0 accy: -0.01] 
1621074689119 [accx: 0.0 accy: -0.0] 
1621074689136 [accx: 0.0 accy: -0.0] 
1621074689156 [accx: -0.0 accy: 0.0] 
1621074689178 [accx: -0.0 accy: 0.0] 
1621074689195 [accx: -0.0 accy: -0.0] 
1621074689215 [accx: -0.0 accy: 0.0] 
1621074689235 [accx: 0.0 accy: -0.0] 
1621074689255 [accx: -0.0 accy: 0.0] 
1621074689275 [accx: -0.0 accy: 0.0] 
1621074689295 [accx: -0.0 accy: 0.0] 
1621074689315 [accx: -0.0 accy: 0.0] 
1621074689335 [accx: 0.0 accy: 0.0] 
1621074689355 [accx: 0.0 accy: 0.0] 
1621074689375 [accx: 0.01 accy: 0.0] 
1621074689396 [accx: 0.0 accy: 0.0] 
1621074689416 [accx: 0.0 accy: 0.0] 
1621074689436 [accx: 0.0 accy: 0.0] 
1621074689458 [accx: 0.0 accy: 0.01] 
1621074689475 [accx: 0.01 accy: 0.0] 
1621074689495 [accx: 0.0 accy: 0.0] 
1621074689518 [accx: 0.01 accy: 0.0] 
1621074689535 [accx: 0.0 accy: 0.0] 
1621074689556 [accx: 0.0 accy: 0.0] 
1621074689578 [accx: 0.0 accy: -0.0] 
1621074689596 [accx: 0.0 accy: -0.0] 
1621074689616 [accx: -0.0 accy: -0.0] 
1621074689635 [accx: -0.0 accy: -0.0] 
1621074689655 [accx: -0.0 accy: -0.0] 
1621074689677 [accx: -0.0 accy: 0.0] 
1621074689695 [accx: 0.0 accy: -0.0] 
1621074689717 [accx: -0.0 accy: -0.0] 
1621074689735 [accx: 0.0 accy: -0.0] 
1621074689756 [accx: 0.0 accy: -0.0] 
1621074689775 [accx: 0.0 accy: -0.0] 
1621074689796 [accx: 0.0 accy: 0.0] 
1621074689815 [accx: 0.0 accy: 0.0] 
1621074689836 [accx: 0.0 accy: -0.0] 
1621074689855 [accx: 0.0 accy: -0.0] 
1621074689875 [accx: 0.0 accy: -0.0] 
1621074689896 [accx: 0.0 accy: -0.0] 
1621074689915 [accx: 0.0 accy: 0.0] 
1621074689935 [accx: 0.0 accy: 0.01] 
1621074689955 [accx: 0.0 accy: 0.01] 
1621074689975 [accx: 0.01 accy: -0.0] 
1621074689995 [accx: 0.0 accy: 0.0] 
1621074690019 [accx: 0.0 accy: -0.0] 
1621074690035 [accx: 0.01 accy: -0.0] 
1621074690055 [accx: 0.0 accy: -0.0] 
1621074690075 [accx: 0.0 accy: 0.0] 
1621074690095 [accx: -0.0 accy: 0.0] 
1621074690115 [accx: -0.0 accy: 0.0] 
1621074690136 [accx: 0.0 accy: 0.0] 
1621074690155 [accx: 0.0 accy: 0.0] 
1621074690175 [accx: 0.01 accy: 0.0] 
1621074690195 [accx: 0.0 accy: 0.0] 
1621074690215 [accx: 0.0 accy: 0.0] 
1621074690235 [accx: -0.0 accy: -0.0] 
1621074690255 [accx: 0.0 accy: -0.0] 
1621074690275 [accx: 0.0 accy: 0.0] 
1621074690295 [accx: 0.01 accy: 0.01] 
1621074690315 [accx: 0.0 accy: 0.0] 
1621074690335 [accx: -0.0 accy: 0.01] 
1621074690355 [accx: -0.0 accy: 0.0] 
1621074690375 [accx: -0.0 accy: 0.01] 
1621074690395 [accx: -0.0 accy: 0.0] 
1621074690415 [accx: 0.0 accy: 0.01] 
1621074690435 [accx: 0.01 accy: 0.0] 
1621074690455 [accx: 0.01 accy: -0.0] 
1621074690475 [accx: -0.0 accy: 0.0] 
1621074690495 [accx: -0.0 accy: 0.0] 
1621074690515 [accx: 0.0 accy: -0.0] 
1621074690535 [accx: 0.0 accy: -0.01] 
1621074690555 [accx: 0.0 accy: -0.01] 
1621074690575 [accx: 0.0 accy: -0.01] 
1621074690595 [accx: -0.0 accy: -0.01] 
1621074690615 [accx: -0.0 accy: -0.0] 
1621074690635 [accx: -0.0 accy: -0.0] 
1621074690655 [accx: -0.0 accy: 0.0] 
1621074690675 [accx: -0.0 accy: 0.0] 
1621074690695 [accx: 0.0 accy: -0.0] 
1621074690715 [accx: 0.0 accy: -0.0] 
1621074690735 [accx: -0.0 accy: -0.0] 
1621074690755 [accx: -0.0 accy: -0.0] 
1621074690775 [accx: 0.01 accy: -0.0] 
1621074690795 [accx: 0.01 accy: -0.0] 
1621074690815 [accx: 0.01 accy: 0.0] 
1621074690835 [accx: 0.01 accy: -0.01] 
1621074690856 [accx: 0.01 accy: -0.0] 
1621074690875 [accx: 0.0 accy: -0.01] 
1621074690895 [accx: 0.01 accy: -0.01] 
1621074690914 [accx: 0.0 accy: -0.0] 
1621074690935 [accx: -0.0 accy: -0.0] 
1621074690955 [accx: -0.0 accy: -0.0] 
1621074690975 [accx: -0.0 accy: -0.0] 
1621074690995 [accx: 0.0 accy: -0.0] 
1621074691015 [accx: -0.0 accy: -0.01] 
1621074691035 [accx: -0.0 accy: -0.01] 
1621074691055 [accx: 0.0 accy: -0.01] 
1621074691075 [accx: 0.0 accy: 0.01] 
1621074691095 [accx: 0.0 accy: -0.0] 
1621074691115 [accx: 0.01 accy: 0.0] 
1621074691135 [accx: 0.01 accy: 0.0] 
1621074691155 [accx: 0.0 accy: 0.0] 
1621074691175 [accx: 0.0 accy: 0.0] 
1621074691195 [accx: 0.0 accy: -0.0] 
1621074691215 [accx: 0.0 accy: -0.0] 
1621074691235 [accx: 0.0 accy: 0.0] 
1621074691255 [accx: -0.0 accy: 0.0] 
1621074691275 [accx: -0.0 accy: 0.0] 
1621074691295 [accx: 0.01 accy: 0.0] 
1621074691315 [accx: 0.0 accy: 0.0] 
1621074691341 [accx: 0.0 accy: 0.0] 
1621074691355 [accx: -0.0 accy: 0.0] 
1621074691375 [accx: 0.0 accy: -0.0] 
1621074691395 [accx: 0.0 accy: -0.0] 
1621074691415 [accx: 0.0 accy: -0.01] 
1621074691435 [accx: -0.0 accy: -0.0] 
1621074691455 [accx: -0.0 accy: -0.0] 
1621074691475 [accx: 0.0 accy: -0.0] 
1621074691496 [accx: 0.0 accy: -0.0] 
1621074691515 [accx: 0.0 accy: -0.0] 
1621074691536 [accx: 0.0 accy: 0.0] 
1621074691555 [accx: -0.0 accy: -0.0] 
1621074691575 [accx: -0.01 accy: 0.0] 
1621074691595 [accx: -0.0 accy: 0.0] 
1621074691615 [accx: 0.0 accy: 0.0] 
1621074691635 [accx: 0.0 accy: -0.0] 
1621074691655 [accx: 0.0 accy: 0.0] 
1621074691675 [accx: -0.0 accy: 0.0] 
1621074691695 [accx: 0.0 accy: 0.01] 
1621074691715 [accx: -0.0 accy: 0.0] 
1621074691735 [accx: -0.0 accy: -0.0] 
1621074691755 [accx: -0.0 accy: -0.0] 
1621074691775 [accx: 0.0 accy: 0.0] 
1621074691795 [accx: -0.0 accy: 0.0] 
1621074691818 [accx: 0.0 accy: 0.0] 
1621074691835 [accx: 0.01 accy: 0.0] 
1621074691855 [accx: 0.0 accy: 0.0] 
1621074691875 [accx: -0.0 accy: 0.0] 
1621074691894 [accx: -0.0 accy: -0.0] 
1621074691915 [accx: -0.01 accy: 0.0] 
1621074691935 [accx: -0.01 accy: 0.0] 
1621074691955 [accx: -0.01 accy: 0.0] 
1621074691975 [accx: -0.0 accy: -0.0] 
1621074691995 [accx: -0.0 accy: -0.0] 
1621074692015 [accx: -0.01 accy: -0.0] 
1621074692036 [accx: 0.0 accy: -0.01] 
1621074692056 [accx: -0.0 accy: -0.01] 
1621074692075 [accx: -0.0 accy: 0.0] 
1621074692095 [accx: -0.0 accy: -0.0] 
1621074692115 [accx: -0.0 accy: 0.0] 
1621074692136 [accx: 0.0 accy: -0.0] 
1621074692155 [accx: 0.0 accy: -0.0] 
1621074692175 [accx: -0.0 accy: -0.01] 
1621074692195 [accx: -0.01 accy: -0.0] 
1621074692217 [accx: -0.0 accy: -0.0] 
1621074692238 [accx: 0.0 accy: -0.0] 
1621074692255 [accx: -0.0 accy: 0.0] 
1621074692275 [accx: 0.0 accy: 0.0] 
1621074692295 [accx: 0.0 accy: 0.0] 
1621074692315 [accx: 0.0 accy: 0.0] 
1621074692336 [accx: -0.0 accy: -0.0] 
1621074692355 [accx: 0.0 accy: -0.0] 
1621074692375 [accx: 0.0 accy: 0.0] 
1621074692395 [accx: 0.0 accy: -0.0] 
1621074692415 [accx: 0.01 accy: -0.01] 
1621074692436 [accx: 0.01 accy: -0.0] 
1621074692455 [accx: 0.0 accy: -0.01] 
1621074692475 [accx: -0.0 accy: -0.0] 
1621074692495 [accx: -0.01 accy: -0.01] 
1621074692515 [accx: -0.0 accy: -0.0] 
1621074692535 [accx: 0.0 accy: 0.0] 
1621074692555 [accx: 0.0 accy: -0.0] 
1621074692575 [accx: 0.01 accy: -0.0] 
1621074692596 [accx: 0.0 accy: 0.0] 
1621074692615 [accx: 0.0 accy: -0.0] 
1621074692635 [accx: -0.0 accy: -0.01] 
1621074692655 [accx: 0.0 accy: 0.0] 
1621074692675 [accx: 0.0 accy: 0.01] 
1621074692695 [accx: 0.0 accy: 0.01] 
1621074692715 [accx: 0.0 accy: 0.0] 
1621074692735 [accx: 0.01 accy: 0.01] 
1621074692755 [accx: -0.0 accy: 0.0] 
1621074692775 [accx: -0.0 accy: 0.0] 
1621074692795 [accx: 0.0 accy: 0.0] 
1621074692815 [accx: 0.0 accy: -0.0] 
1621074692835 [accx: -0.0 accy: 0.0] 
1621074692855 [accx: -0.0 accy: -0.0] 
1621074692875 [accx: 0.0 accy: -0.01] 
1621074692895 [accx: 0.0 accy: -0.0] 
1621074692915 [accx: 0.0 accy: -0.0] 
1621074692936 [accx: -0.0 accy: -0.0] 
1621074692955 [accx: 0.0 accy: 0.0] 
1621074692975 [accx: 0.01 accy: -0.0] 
1621074692995 [accx: -0.0 accy: -0.0] 
1621074693015 [accx: 0.0 accy: 0.0] 
1621074693035 [accx: 0.0 accy: 0.0] 
1621074693055 [accx: 0.0 accy: 0.0] 
1621074693075 [accx: 0.0 accy: -0.0] 
1621074693096 [accx: -0.0 accy: -0.0] 
1621074693115 [accx: -0.0 accy: -0.01] 
1621074693137 [accx: -0.0 accy: -0.0] 
1621074693156 [accx: -0.0 accy: -0.0] 
1621074693175 [accx: -0.0 accy: -0.0] 
1621074693195 [accx: -0.0 accy: -0.0] 
1621074693215 [accx: -0.0 accy: -0.0] 
1621074693235 [accx: -0.0 accy: 0.0] 
1621074693255 [accx: -0.01 accy: 0.0] 
1621074693275 [accx: -0.0 accy: 0.01] 
1621074693296 [accx: -0.0 accy: 0.0] 
1621074693315 [accx: -0.01 accy: 0.01] 
1621074693335 [accx: -0.0 accy: 0.0] 
1621074693355 [accx: 0.0 accy: 0.01] 
1621074693377 [accx: 0.0 accy: 0.0] 
1621074693395 [accx: -0.0 accy: -0.0] 
1621074693416 [accx: 0.0 accy: -0.01] 
1621074693435 [accx: 0.01 accy: 0.0] 
1621074693456 [accx: 0.0 accy: 0.0] 
1621074693475 [accx: 0.0 accy: 0.0] 
1621074693496 [accx: 0.0 accy: 0.0] 
1621074693515 [accx: 0.0 accy: -0.0] 
1621074693536 [accx: 0.0 accy: -0.0] 
1621074693555 [accx: 0.01 accy: -0.01] 
1621074693576 [accx: 0.01 accy: -0.0] 
1621074693595 [accx: 0.0 accy: -0.0] 
1621074693617 [accx: -0.0 accy: -0.0] 
1621074693635 [accx: -0.0 accy: 0.0] 
1621074693655 [accx: 0.0 accy: 0.0] 
1621074693675 [accx: -0.0 accy: 0.0] 
1621074693695 [accx: -0.0 accy: 0.0] 
1621074693715 [accx: 0.01 accy: -0.0] 
1621074693736 [accx: 0.0 accy: -0.0] 
1621074693755 [accx: -0.0 accy: 0.01] 
1621074693775 [accx: -0.01 accy: 0.01] 
1621074693795 [accx: 0.01 accy: 0.0] 
1621074693816 [accx: 0.0 accy: 0.01] 
1621074693836 [accx: 0.0 accy: 0.01] 
1621074693858 [accx: -0.0 accy: 0.0] 
1621074693875 [accx: -0.0 accy: 0.01] 
1621074693895 [accx: -0.0 accy: 0.0] 
1621074693915 [accx: 0.0 accy: 0.0] 
1621074693936 [accx: 0.0 accy: 0.0] 
1621074693955 [accx: -0.0 accy: 0.0] 
1621074693976 [accx: 0.0 accy: -0.0] 
1621074693995 [accx: 0.01 accy: -0.01] 
1621074694015 [accx: 0.01 accy: -0.0] 
1621074694035 [accx: 0.0 accy: -0.0] 
1621074694055 [accx: 0.0 accy: -0.0] 
1621074694075 [accx: -0.0 accy: -0.0] 
1621074694095 [accx: -0.0 accy: -0.0] 
1621074694117 [accx: -0.0 accy: -0.01] 
1621074694135 [accx: -0.0 accy: 0.0] 
1621074694157 [accx: -0.0 accy: -0.0] 
1621074694175 [accx: 0.0 accy: 0.0] 
1621074694196 [accx: -0.0 accy: 0.0] 
1621074694215 [accx: -0.0 accy: -0.0] 
1621074694236 [accx: -0.0 accy: 0.0] 
1621074694257 [accx: -0.0 accy: -0.0] 
1621074694276 [accx: -0.0 accy: -0.0] 
1621074694295 [accx: -0.0 accy: -0.01] 
1621074694315 [accx: 0.0 accy: -0.01] 
1621074694337 [accx: 0.01 accy: -0.0] 
1621074694355 [accx: -0.0 accy: 0.0] 
1621074694375 [accx: -0.0 accy: 0.01] 
1621074694395 [accx: -0.0 accy: 0.01] 
1621074694416 [accx: -0.0 accy: -0.0] 
1621074694435 [accx: -0.01 accy: -0.01] 
1621074694457 [accx: -0.0 accy: -0.01] 
1621074694475 [accx: -0.0 accy: -0.0] 
1621074694496 [accx: -0.0 accy: -0.0] 
1621074694519 [accx: -0.0 accy: -0.0] 
1621074694535 [accx: 0.0 accy: 0.0] 
1621074694555 [accx: -0.0 accy: 0.0] 
1621074694575 [accx: 0.0 accy: 0.0] 
1621074694596 [accx: -0.0 accy: 0.01] 
1621074694616 [accx: -0.0 accy: 0.01] 
1621074694640 [accx: -0.0 accy: 0.01] 
1621074694655 [accx: -0.0 accy: 0.01] 
1621074694675 [accx: -0.0 accy: 0.0] 
1621074694695 [accx: -0.0 accy: -0.0] 
1621074694716 [accx: -0.0 accy: 0.0] 
1621074694735 [accx: 0.0 accy: 0.01] 
1621074694756 [accx: 0.0 accy: 0.0] 
1621074694775 [accx: 0.01 accy: 0.0] 
1621074694795 [accx: 0.0 accy: -0.0] 
1621074694815 [accx: 0.0 accy: -0.0] 
1621074694835 [accx: 0.0 accy: -0.0] 
1621074694855 [accx: 0.0 accy: -0.0] 
1621074694877 [accx: 0.0 accy: -0.0] 
1621074694895 [accx: 0.0 accy: -0.01] 
1621074694915 [accx: 0.0 accy: -0.0] 
1621074694935 [accx: 0.0 accy: -0.0] 
1621074694955 [accx: 0.01 accy: -0.0] 
1621074694975 [accx: 0.01 accy: -0.0] 
1621074694995 [accx: -0.0 accy: -0.01] 
1621074695015 [accx: -0.0 accy: -0.01] 
1621074695036 [accx: -0.0 accy: -0.01] 
1621074695055 [accx: 0.0 accy: -0.01] 
1621074695075 [accx: 0.01 accy: -0.0] 
1621074695096 [accx: 0.0 accy: -0.0] 
1621074695115 [accx: 0.0 accy: 0.0] 
1621074695135 [accx: 0.01 accy: -0.01] 
1621074695155 [accx: 0.01 accy: -0.01] 
1621074695175 [accx: -0.0 accy: -0.0] 
1621074695195 [accx: 0.0 accy: -0.01] 
1621074695215 [accx: 0.01 accy: -0.0] 
1621074695235 [accx: 0.0 accy: -0.0] 
1621074695255 [accx: 0.0 accy: -0.0] 
1621074695275 [accx: -0.0 accy: -0.01] 
1621074695295 [accx: -0.0 accy: -0.0] 
1621074695316 [accx: 0.0 accy: -0.0] 
1621074695335 [accx: -0.0 accy: -0.0] 
1621074695355 [accx: 0.01 accy: -0.0] 
1621074695375 [accx: 0.0 accy: -0.0] 
1621074695395 [accx: -0.0 accy: 0.0] 
1621074695414 [accx: -0.01 accy: 0.01] 
1621074695435 [accx: -0.0 accy: -0.0] 
1621074695455 [accx: -0.01 accy: 0.0] 
1621074695475 [accx: -0.01 accy: 0.0] 
1621074695495 [accx: -0.01 accy: -0.0] 
1621074695516 [accx: 0.0 accy: 0.0] 
1621074695535 [accx: 0.0 accy: -0.0] 
1621074695555 [accx: 0.0 accy: -0.0] 
1621074695575 [accx: 0.0 accy: 0.0] 
1621074695596 [accx: -0.0 accy: -0.0] 
1621074695615 [accx: -0.0 accy: -0.0] 
1621074695636 [accx: -0.01 accy: -0.0] 
1621074695655 [accx: 0.0 accy: 0.0] 
1621074695675 [accx: 0.0 accy: 0.0] 
1621074695696 [accx: 0.01 accy: 0.0] 
1621074695718 [accx: 0.0 accy: -0.01] 
1621074695735 [accx: -0.0 accy: 0.0] 
1621074695755 [accx: 0.0 accy: 0.0] 
1621074695775 [accx: -0.0 accy: -0.0] 
1621074695796 [accx: -0.01 accy: 0.0] 
1621074695817 [accx: -0.0 accy: 0.0] 
1621074695836 [accx: 0.0 accy: -0.0] 
1621074695854 [accx: 0.01 accy: 0.0] 
1621074695876 [accx: 0.0 accy: -0.0] 
1621074695895 [accx: 0.01 accy: 0.0] 
1621074695916 [accx: 0.01 accy: -0.0] 
1621074695935 [accx: 0.01 accy: 0.0] 
1621074695956 [accx: 0.01 accy: 0.01] 
1621074695975 [accx: 0.01 accy: 0.0] 
1621074695996 [accx: 0.0 accy: 0.0] 
1621074696015 [accx: 0.01 accy: 0.0] 
1621074696037 [accx: 0.0 accy: -0.0] 
1621074696055 [accx: 0.0 accy: -0.0] 
1621074696075 [accx: -0.0 accy: -0.0] 
1621074696096 [accx: -0.0 accy: -0.01] 
1621074696115 [accx: -0.0 accy: 0.0] 
1621074696139 [accx: -0.01 accy: -0.0] 
1621074696155 [accx: 0.0 accy: 0.0] 
1621074696176 [accx: 0.0 accy: -0.0] 
1621074696195 [accx: 0.0 accy: 0.0] 
1621074696215 [accx: 0.0 accy: 0.0] 
1621074696235 [accx: 0.01 accy: -0.0] 
1621074696255 [accx: 0.0 accy: -0.01] 
1621074696276 [accx: 0.0 accy: -0.0] 
1621074696295 [accx: 0.0 accy: -0.01] 
1621074696316 [accx: -0.0 accy: -0.0] 
1621074696335 [accx: 0.0 accy: -0.0] 
1621074696356 [accx: -0.01 accy: -0.0] 
1621074696375 [accx: -0.0 accy: -0.0] 
1621074696397 [accx: 0.0 accy: 0.0] 
1621074696419 [accx: 0.0 accy: 0.0] 
1621074696436 [accx: 0.0 accy: -0.01] 
1621074696455 [accx: 0.01 accy: -0.01] 
1621074696475 [accx: 0.01 accy: -0.01] 
1621074696495 [accx: 0.0 accy: -0.01] 
1621074696515 [accx: 0.0 accy: -0.01] 
1621074696535 [accx: 0.0 accy: -0.0] 
1621074696556 [accx: 0.01 accy: -0.0] 
1621074696578 [accx: 0.01 accy: 0.0] 
1621074696595 [accx: 0.0 accy: 0.0] 
1621074696618 [accx: 0.01 accy: 0.0] 
1621074696635 [accx: 0.01 accy: 0.0] 
1621074696655 [accx: 0.0 accy: 0.0] 
1621074696677 [accx: 0.01 accy: 0.0] 
1621074696695 [accx: -0.0 accy: 0.0] 
1621074696715 [accx: 0.0 accy: 0.01] 
1621074696738 [accx: 0.0 accy: 0.0] 
1621074696755 [accx: 0.0 accy: 0.0] 
1621074696777 [accx: 0.01 accy: 0.0] 
1621074696795 [accx: 0.0 accy: 0.0] 
1621074696816 [accx: 0.0 accy: -0.0] 
1621074696835 [accx: 0.01 accy: -0.0] 
1621074696856 [accx: 0.01 accy: -0.0] 
1621074696875 [accx: 0.01 accy: -0.0] 
1621074696898 [accx: -0.0 accy: -0.01] 
1621074696915 [accx: 0.01 accy: -0.0] 
1621074696936 [accx: -0.0 accy: -0.0] 
1621074696955 [accx: -0.0 accy: -0.0] 
1621074696976 [accx: -0.0 accy: -0.0] 
1621074696995 [accx: 0.01 accy: -0.0] 
1621074697015 [accx: -0.0 accy: -0.0] 
1621074697035 [accx: 0.0 accy: -0.01] 
1621074697055 [accx: 0.0 accy: 0.0] 
1621074697075 [accx: 0.0 accy: 0.0] 
1621074697095 [accx: 0.0 accy: -0.0] 
1621074697115 [accx: 0.0 accy: 0.0] 
1621074697135 [accx: 0.0 accy: 0.0] 
1621074697155 [accx: 0.01 accy: -0.0] 
1621074697176 [accx: 0.0 accy: -0.01] 
1621074697196 [accx: 0.0 accy: -0.01] 
1621074697216 [accx: 0.0 accy: -0.01] 
1621074697237 [accx: -0.0 accy: -0.01] 
1621074697256 [accx: 0.0 accy: -0.01] 
1621074697275 [accx: -0.0 accy: -0.0] 
1621074697298 [accx: 0.0 accy: -0.0] 
1621074697314 [accx: 0.0 accy: -0.0] 
1621074697336 [accx: -0.0 accy: -0.0] 
1621074697355 [accx: -0.0 accy: -0.01] 
1621074697378 [accx: -0.0 accy: -0.0] 
1621074697395 [accx: -0.0 accy: -0.01] 
1621074697416 [accx: -0.01 accy: -0.0] 
1621074697435 [accx: -0.0 accy: -0.01] 
1621074697455 [accx: 0.0 accy: -0.0] 
1621074697475 [accx: -0.0 accy: -0.0] 
1621074697495 [accx: 0.0 accy: 0.0] 
1621074697517 [accx: 0.0 accy: 0.0] 
1621074697535 [accx: 0.0 accy: 0.0] 
1621074697555 [accx: 0.0 accy: 0.0] 
1621074697575 [accx: -0.0 accy: 0.0] 
1621074697595 [accx: 0.0 accy: -0.0] 
1621074697615 [accx: 0.0 accy: 0.0] 
1621074697635 [accx: -0.0 accy: -0.0] 
1621074697655 [accx: 0.0 accy: -0.0] 
1621074697676 [accx: 0.0 accy: 0.0] 
1621074697695 [accx: 0.01 accy: 0.0] 
1621074697715 [accx: 0.0 accy: -0.0] 
1621074697736 [accx: -0.0 accy: 0.0] 
1621074697756 [accx: 0.0 accy: 0.0] 
1621074697775 [accx: -0.0 accy: 0.0] 
1621074697795 [accx: -0.0 accy: 0.0] 
1621074697816 [accx: 0.0 accy: 0.0] 
1621074697835 [accx: 0.0 accy: 0.01] 
1621074697855 [accx: -0.0 accy: 0.0] 
1621074697875 [accx: -0.01 accy: 0.0] 
1621074697896 [accx: 0.0 accy: -0.01] 
1621074697915 [accx: 0.0 accy: -0.0] 
1621074697936 [accx: -0.0 accy: -0.0] 
1621074697958 [accx: 0.0 accy: 0.0] 
1621074697978 [accx: -0.0 accy: 0.0] 
1621074697995 [accx: -0.0 accy: -0.0] 
1621074698015 [accx: -0.01 accy: -0.0] 
1621074698035 [accx: -0.0 accy: -0.0] 
1621074698055 [accx: 0.0 accy: 0.0] 
1621074698075 [accx: 0.01 accy: -0.0] 
1621074698095 [accx: 0.01 accy: -0.01] 
1621074698115 [accx: 0.0 accy: -0.0] 
1621074698135 [accx: 0.0 accy: -0.0] 
1621074698155 [accx: 0.01 accy: -0.0] 
1621074698175 [accx: 0.01 accy: -0.0] 
1621074698195 [accx: 0.01 accy: -0.01] 
1621074698215 [accx: 0.01 accy: 0.0] 
1621074698236 [accx: 0.01 accy: 0.0] 
1621074698255 [accx: 0.0 accy: 0.0] 
1621074698275 [accx: -0.0 accy: 0.0] 
1621074698295 [accx: 0.0 accy: 0.0] 
1621074698315 [accx: 0.0 accy: -0.0] 
1621074698335 [accx: 0.0 accy: -0.01] 
1621074698355 [accx: -0.0 accy: -0.01] 
1621074698375 [accx: -0.0 accy: -0.0] 
1621074698395 [accx: 0.01 accy: -0.0] 
1621074698415 [accx: 0.0 accy: -0.01] 
1621074698435 [accx: 0.01 accy: -0.0] 
1621074698456 [accx: 0.0 accy: 0.0] 
1621074698475 [accx: 0.01 accy: -0.0] 
1621074698495 [accx: 0.01 accy: 0.0] 
1621074698515 [accx: 0.0 accy: 0.0] 
1621074698535 [accx: 0.0 accy: -0.0] 
1621074698556 [accx: 0.0 accy: 0.01] 
1621074698576 [accx: 0.0 accy: 0.01] 
1621074698595 [accx: -0.01 accy: 0.0] 
1621074698615 [accx: -0.01 accy: 0.0] 
1621074698635 [accx: -0.0 accy: -0.0] 
1621074698655 [accx: -0.01 accy: -0.0] 
1621074698676 [accx: -0.0 accy: -0.0] 
1621074698695 [accx: 0.0 accy: -0.0] 
1621074698716 [accx: -0.0 accy: -0.0] 
1621074698735 [accx: -0.0 accy: 0.0] 
1621074698756 [accx: -0.0 accy: 0.0] 
1621074698774 [accx: -0.0 accy: 0.0] 
1621074698795 [accx: 0.01 accy: 0.0] 
1621074698815 [accx: 0.01 accy: -0.0] 
1621074698836 [accx: 0.0 accy: -0.0] 
1621074698859 [accx: 0.0 accy: -0.01] 
1621074698875 [accx: 0.0 accy: -0.01] 
1621074698895 [accx: -0.0 accy: 0.0] 
1621074698915 [accx: -0.01 accy: 0.0] 
1621074698935 [accx: -0.0 accy: 0.0] 
1621074698955 [accx: 0.0 accy: -0.0] 
1621074698975 [accx: 0.01 accy: -0.0] 
1621074698995 [accx: 0.0 accy: -0.0] 
1621074699015 [accx: 0.0 accy: -0.0] 
1621074699035 [accx: 0.0 accy: -0.0] 
1621074699055 [accx: 0.0 accy: 0.0] 
1621074699075 [accx: 0.01 accy: 0.01] 
1621074699095 [accx: 0.01 accy: 0.0] 
1621074699115 [accx: 0.0 accy: 0.0] 
1621074699135 [accx: -0.0 accy: 0.0] 
1621074699156 [accx: 0.0 accy: -0.0] 
1621074699175 [accx: 0.01 accy: -0.0] 
1621074699195 [accx: -0.01 accy: -0.0] 
1621074699215 [accx: 0.01 accy: 0.0] 
1621074699235 [accx: 0.01 accy: 0.0] 
1621074699255 [accx: 0.01 accy: 0.01] 
1621074699275 [accx: 0.0 accy: 0.0] 
1621074699295 [accx: 0.0 accy: -0.0] 
1621074699315 [accx: 0.01 accy: -0.0] 
1621074699335 [accx: 0.0 accy: -0.0] 
1621074699355 [accx: -0.0 accy: 0.01] 
1621074699375 [accx: -0.0 accy: 0.01] 
1621074699397 [accx: -0.0 accy: 0.0] 
1621074699417 [accx: -0.0 accy: 0.0] 
1621074699435 [accx: -0.0 accy: 0.0] 
1621074699455 [accx: 0.01 accy: 0.0] 
1621074699475 [accx: 0.0 accy: -0.0] 
1621074699498 [accx: -0.0 accy: -0.0] 
1621074699516 [accx: 0.0 accy: -0.0] 
1621074699535 [accx: 0.01 accy: -0.0] 
1621074699555 [accx: 0.01 accy: -0.0] 
1621074699578 [accx: 0.0 accy: -0.0] 
1621074699596 [accx: 0.0 accy: -0.01] 
1621074699616 [accx: -0.0 accy: -0.0] 
1621074699636 [accx: -0.01 accy: 0.0] 
1621074699655 [accx: -0.01 accy: 0.0] 
1621074699675 [accx: -0.01 accy: -0.0] 
1621074699695 [accx: -0.0 accy: 0.0] 
1621074699715 [accx: 0.0 accy: -0.0] 
1621074699735 [accx: -0.0 accy: -0.0] 
1621074699755 [accx: 0.0 accy: -0.0] 
1621074699775 [accx: -0.0 accy: -0.0] 
1621074699796 [accx: 0.0 accy: 0.0] 
1621074699816 [accx: 0.01 accy: 0.0] 
1621074699838 [accx: 0.0 accy: 0.0] 
1621074699856 [accx: 0.01 accy: 0.0] 
1621074699878 [accx: 0.0 accy: -0.0] 
1621074699896 [accx: 0.01 accy: -0.01] 
1621074699915 [accx: 0.01 accy: 0.0] 
1621074699935 [accx: 0.01 accy: 0.0] 
1621074699955 [accx: 0.01 accy: 0.0] 
1621074699976 [accx: 0.01 accy: -0.0] 
1621074699995 [accx: 0.01 accy: 0.0] 
1621074700015 [accx: 0.0 accy: 0.0] 
1621074700035 [accx: 0.01 accy: -0.0] 
1621074700057 [accx: 0.01 accy: 0.0] 
1621074700075 [accx: -0.0 accy: 0.0] 
1621074700100 [accx: -0.01 accy: -0.0] 
1621074700115 [accx: -0.0 accy: 0.0] 
1621074700140 [accx: -0.0 accy: 0.0] 
1621074700155 [accx: -0.01 accy: 0.0] 
1621074700175 [accx: -0.01 accy: -0.0] 
1621074700195 [accx: -0.0 accy: -0.0] 
1621074700222 [accx: -0.0 accy: 0.0] 
1621074700236 [accx: -0.0 accy: 0.0] 
1621074700255 [accx: 0.0 accy: 0.0] 
1621074700281 [accx: 0.01 accy: 0.0] 
1621074700296 [accx: -0.0 accy: 0.0] 
1621074700315 [accx: -0.0 accy: 0.01] 
1621074700335 [accx: 0.0 accy: 0.01] 
1621074700355 [accx: 0.0 accy: 0.0] 
1621074700375 [accx: 0.0 accy: 0.0] 
1621074700395 [accx: -0.0 accy: 0.0] 
1621074700415 [accx: 0.01 accy: -0.0] 
1621074700435 [accx: 0.0 accy: -0.0] 
1621074700455 [accx: 0.0 accy: 0.0] 
1621074700475 [accx: 0.0 accy: 0.0] 
1621074700495 [accx: 0.0 accy: 0.0] 
1621074700515 [accx: 0.0 accy: 0.0] 
1621074700535 [accx: 0.01 accy: 0.0] 
1621074700555 [accx: 0.0 accy: 0.0] 
1621074700575 [accx: 0.01 accy: 0.0] 
1621074700596 [accx: 0.01 accy: 0.0] 
1621074700615 [accx: 0.0 accy: 0.0] 
1621074700636 [accx: 0.0 accy: 0.0] 
1621074700655 [accx: 0.0 accy: -0.0] 
1621074700676 [accx: 0.0 accy: 0.0] 
1621074700695 [accx: 0.0 accy: -0.0] 
1621074700716 [accx: 0.0 accy: -0.0] 
1621074700735 [accx: -0.0 accy: -0.01] 
1621074700757 [accx: -0.0 accy: -0.01] 
1621074700775 [accx: 0.01 accy: 0.0] 
1621074700797 [accx: 0.01 accy: 0.0] 
1621074700815 [accx: -0.0 accy: 0.0] 
1621074700837 [accx: 0.01 accy: 0.0] 
1621074700855 [accx: 0.0 accy: 0.0] 
1621074700877 [accx: 0.0 accy: -0.0] 
1621074700898 [accx: -0.0 accy: -0.0] 
1621074700918 [accx: -0.0 accy: -0.0] 
1621074700935 [accx: 0.0 accy: -0.0] 
1621074700959 [accx: 0.01 accy: 0.0] 
1621074700975 [accx: 0.0 accy: -0.0] 
1621074700997 [accx: 0.0 accy: -0.0] 
1621074701015 [accx: 0.01 accy: -0.01] 
1621074701035 [accx: 0.01 accy: -0.0] 
1621074701057 [accx: 0.01 accy: -0.01] 
1621074701075 [accx: 0.0 accy: -0.01] 
1621074701095 [accx: -0.0 accy: -0.0] 
1621074701116 [accx: -0.0 accy: -0.0] 
1621074701135 [accx: 0.0 accy: -0.01] 
1621074701155 [accx: 0.01 accy: -0.01] 
1621074701175 [accx: 0.0 accy: -0.0] 
1621074701197 [accx: 0.01 accy: -0.0] 
1621074701215 [accx: 0.0 accy: 0.0] 
1621074701235 [accx: 0.0 accy: 0.0] 
1621074701255 [accx: 0.01 accy: 0.0] 
1621074701275 [accx: 0.0 accy: 0.0] 
1621074701295 [accx: 0.0 accy: -0.0] 
1621074701315 [accx: 0.0 accy: -0.01] 
1621074701339 [accx: 0.0 accy: -0.01] 
1621074701355 [accx: 0.01 accy: -0.0] 
1621074701375 [accx: 0.0 accy: -0.0] 
1621074701395 [accx: 0.0 accy: 0.01] 
1621074701415 [accx: 0.0 accy: 0.01] 
1621074701435 [accx: 0.0 accy: 0.0] 
1621074701455 [accx: 0.0 accy: -0.0] 
1621074701475 [accx: 0.01 accy: 0.0] 
1621074701495 [accx: 0.01 accy: -0.0] 
1621074701515 [accx: 0.01 accy: -0.0] 
1621074701535 [accx: 0.0 accy: 0.0] 
1621074701556 [accx: 0.0 accy: 0.0] 
1621074701576 [accx: -0.0 accy: 0.0] 
1621074701596 [accx: -0.01 accy: -0.0] 
1621074701615 [accx: -0.0 accy: -0.01] 
1621074701635 [accx: -0.0 accy: -0.01] 
1621074701655 [accx: -0.0 accy: -0.0] 
1621074701675 [accx: 0.01 accy: 0.0] 
1621074701698 [accx: 0.0 accy: 0.0] 
1621074701716 [accx: 0.0 accy: -0.0] 
1621074701737 [accx: 0.0 accy: -0.0] 
1621074701755 [accx: 0.0 accy: 0.0] 
1621074701775 [accx: -0.0 accy: 0.0] 
1621074701795 [accx: -0.0 accy: 0.0] 
1621074701816 [accx: -0.0 accy: 0.0] 
1621074701835 [accx: 0.0 accy: 0.0] 
1621074701856 [accx: -0.0 accy: 0.0] 
1621074701875 [accx: 0.0 accy: 0.0] 
1621074701895 [accx: 0.0 accy: -0.0] 
1621074701915 [accx: 0.0 accy: -0.0] 
1621074701935 [accx: -0.0 accy: -0.0] 
1621074701956 [accx: 0.01 accy: -0.0] 
1621074701977 [accx: -0.0 accy: -0.0] 
1621074701995 [accx: 0.0 accy: -0.01] 
1621074702016 [accx: -0.0 accy: -0.0] 
1621074702035 [accx: 0.0 accy: -0.01] 
1621074702056 [accx: 0.01 accy: -0.0] 
1621074702075 [accx: -0.0 accy: -0.0] 
1621074702096 [accx: -0.0 accy: -0.01] 
1621074702116 [accx: -0.0 accy: 0.0] 
1621074702136 [accx: -0.0 accy: 0.0] 
1621074702155 [accx: -0.0 accy: 0.01] 
1621074702176 [accx: -0.0 accy: 0.01] 
1621074702195 [accx: 0.0 accy: 0.01] 
1621074702215 [accx: 0.0 accy: 0.01] 
1621074702235 [accx: 0.0 accy: 0.0] 
1621074702257 [accx: 0.0 accy: 0.0] 
1621074702275 [accx: 0.0 accy: 0.0] 
1621074702297 [accx: 0.01 accy: -0.0] 
1621074702315 [accx: -0.0 accy: -0.0] 
1621074702336 [accx: 0.0 accy: -0.0] 
1621074702355 [accx: 0.01 accy: -0.0] 
1621074702376 [accx: 0.01 accy: 0.0] 
1621074702395 [accx: 0.0 accy: -0.0] 
1621074702416 [accx: 0.0 accy: -0.0] 
1621074702435 [accx: 0.0 accy: -0.0] 
1621074702456 [accx: -0.0 accy: 0.0] 
1621074702479 [accx: 0.01 accy: -0.01] 
1621074702496 [accx: 0.01 accy: -0.0] 
1621074702517 [accx: 0.0 accy: 0.0] 
1621074702535 [accx: 0.01 accy: 0.0] 
1621074702555 [accx: -0.01 accy: 0.0] 
1621074702575 [accx: -0.0 accy: 0.0] 
1621074702595 [accx: 0.0 accy: 0.01] 
1621074702615 [accx: 0.0 accy: -0.0] 
1621074702637 [accx: 0.0 accy: -0.0] 
1621074702657 [accx: 0.01 accy: -0.0] 
1621074702675 [accx: 0.01 accy: -0.0] 
1621074702695 [accx: 0.0 accy: 0.0] 
1621074702715 [accx: 0.0 accy: 0.0] 
1621074702735 [accx: 0.0 accy: 0.0] 
1621074702755 [accx: 0.01 accy: -0.0] 
1621074702775 [accx: 0.0 accy: -0.0] 
1621074702796 [accx: 0.0 accy: -0.01] 
1621074702815 [accx: -0.0 accy: -0.0] 
1621074702835 [accx: -0.01 accy: 0.0] 
1621074702855 [accx: -0.0 accy: 0.01] 
1621074702875 [accx: 0.0 accy: 0.0] 
1621074702895 [accx: 0.0 accy: 0.0] 
1621074702915 [accx: 0.0 accy: 0.0] 
1621074702935 [accx: -0.01 accy: 0.0] 
1621074702955 [accx: -0.0 accy: 0.0] 
1621074702975 [accx: -0.0 accy: 0.0] 
1621074702995 [accx: -0.01 accy: 0.0] 
1621074703015 [accx: -0.0 accy: 0.0] 
1621074703035 [accx: -0.0 accy: -0.0] 
1621074703055 [accx: 0.0 accy: -0.0] 
1621074703075 [accx: 0.0 accy: -0.0] 
1621074703095 [accx: 0.0 accy: -0.0] 
1621074703115 [accx: -0.0 accy: -0.0] 
1621074703135 [accx: 0.0 accy: -0.0] 
1621074703155 [accx: 0.0 accy: 0.0] 
1621074703175 [accx: -0.0 accy: -0.01] 
1621074703195 [accx: 0.0 accy: 0.0] 
1621074703215 [accx: 0.0 accy: 0.0] 
1621074703235 [accx: 0.0 accy: -0.0] 
1621074703255 [accx: 0.01 accy: 0.0] 
1621074703275 [accx: 0.01 accy: 0.0] 
1621074703295 [accx: 0.0 accy: 0.0] 
1621074703315 [accx: 0.01 accy: 0.01] 
1621074703335 [accx: 0.01 accy: -0.0] 
1621074703355 [accx: 0.01 accy: -0.0] 
1621074703375 [accx: 0.01 accy: 0.0] 
1621074703395 [accx: -0.0 accy: -0.0] 
1621074703416 [accx: 0.0 accy: 0.0] 
1621074703435 [accx: 0.0 accy: -0.0] 
1621074703455 [accx: -0.0 accy: 0.0] 
1621074703475 [accx: 0.0 accy: -0.0] 
1621074703495 [accx: -0.0 accy: -0.01] 
1621074703515 [accx: 0.01 accy: -0.0] 
1621074703535 [accx: -0.0 accy: 0.0] 
1621074703555 [accx: -0.01 accy: 0.0] 
1621074703575 [accx: -0.0 accy: 0.0] 
1621074703595 [accx: 0.0 accy: 0.0] 
1621074703615 [accx: 0.01 accy: -0.0] 
1621074703635 [accx: 0.0 accy: -0.0] 
1621074703655 [accx: 0.0 accy: -0.0] 
1621074703675 [accx: 0.0 accy: -0.01] 
1621074703695 [accx: -0.0 accy: 0.0] 
1621074703715 [accx: -0.0 accy: 0.0] 
1621074703739 [accx: 0.0 accy: 0.01] 
1621074703755 [accx: 0.0 accy: 0.0] 
1621074703777 [accx: -0.0 accy: 0.0] 
1621074703795 [accx: -0.0 accy: 0.01] 
1621074703815 [accx: -0.0 accy: 0.0] 
1621074703839 [accx: -0.0 accy: 0.0] 
1621074703855 [accx: 0.0 accy: -0.0] 
1621074703878 [accx: -0.0 accy: -0.0] 
1621074703895 [accx: -0.0 accy: 0.0] 
1621074703916 [accx: -0.0 accy: -0.0] 
1621074703935 [accx: -0.0 accy: 0.0] 
1621074703958 [accx: 0.0 accy: 0.0] 
1621074703975 [accx: 0.0 accy: 0.01] 
1621074703995 [accx: 0.0 accy: 0.0] 
1621074704015 [accx: 0.0 accy: -0.0] 
1621074704036 [accx: 0.0 accy: 0.01] 
1621074704055 [accx: 0.01 accy: 0.0] 
1621074704075 [accx: -0.0 accy: 0.0] 
1621074704095 [accx: 0.0 accy: 0.0] 
1621074704116 [accx: -0.0 accy: 0.01] 
1621074704135 [accx: -0.0 accy: 0.0] 
1621074704155 [accx: -0.0 accy: 0.01] 
1621074704175 [accx: 0.0 accy: 0.0] 
1621074704201 [accx: 0.0 accy: 0.0] 
1621074704215 [accx: 0.0 accy: 0.0] 
1621074704235 [accx: 0.0 accy: -0.0] 
1621074704270 [accx: 0.01 accy: 0.0] 
1621074704278 [accx: 0.0 accy: -0.0] 
1621074704298 [accx: 0.0 accy: 0.0] 
1621074704316 [accx: 0.01 accy: -0.0] 
1621074704336 [accx: 0.0 accy: -0.01] 
1621074704355 [accx: 0.0 accy: -0.01] 
1621074704376 [accx: -0.0 accy: -0.0] 
1621074704396 [accx: 0.0 accy: 0.0] 
1621074704415 [accx: 0.0 accy: 0.0] 
1621074704435 [accx: 0.01 accy: -0.01] 
1621074704455 [accx: 0.01 accy: -0.0] 
1621074704475 [accx: 0.0 accy: -0.0] 
1621074704495 [accx: 0.0 accy: -0.0] 
1621074704515 [accx: 0.0 accy: 0.0] 
1621074704535 [accx: 0.0 accy: 0.0] 
1621074704555 [accx: 0.0 accy: 0.0] 
1621074704575 [accx: 0.0 accy: -0.0] 
1621074704595 [accx: -0.0 accy: -0.01] 
1621074704618 [accx: 0.0 accy: 0.0] 
1621074704637 [accx: -0.0 accy: 0.0] 
1621074704656 [accx: 0.0 accy: 0.0] 
1621074704677 [accx: 0.01 accy: 0.0] 
1621074704695 [accx: 0.01 accy: -0.0] 
1621074704715 [accx: 0.01 accy: -0.0] 
1621074704736 [accx: 0.0 accy: -0.0] 
1621074704755 [accx: 0.01 accy: -0.01] 
1621074704775 [accx: 0.0 accy: -0.0] 
1621074704797 [accx: 0.0 accy: 0.0] 
1621074704816 [accx: -0.0 accy: 0.0] 
1621074704835 [accx: 0.0 accy: 0.0] 
1621074704861 [accx: 0.0 accy: 0.0] 
1621074704875 [accx: 0.0 accy: 0.0] 
1621074704899 [accx: -0.0 accy: -0.0] 
1621074704915 [accx: 0.0 accy: 0.0] 
1621074704936 [accx: 0.0 accy: 0.0] 
1621074704955 [accx: -0.0 accy: -0.0] 
1621074704976 [accx: 0.0 accy: -0.0] 
1621074704995 [accx: 0.01 accy: -0.0] 
1621074705018 [accx: 0.01 accy: 0.0] 
1621074705036 [accx: 0.0 accy: 0.0] 
1621074705055 [accx: 0.01 accy: -0.0] 
1621074705075 [accx: 0.0 accy: -0.0] 
1621074705098 [accx: 0.01 accy: -0.0] 
1621074705115 [accx: 0.01 accy: -0.0] 
1621074705139 [accx: 0.0 accy: -0.01] 
1621074705155 [accx: -0.0 accy: -0.0] 
1621074705180 [accx: 0.0 accy: 0.0] 
1621074705195 [accx: 0.0 accy: -0.0] 
1621074705222 [accx: -0.0 accy: -0.0] 
1621074705235 [accx: -0.0 accy: -0.01] 
1621074705265 [accx: 0.01 accy: -0.0] 
1621074705275 [accx: 0.0 accy: 0.0] 
1621074705301 [accx: 0.0 accy: -0.0] 
1621074705315 [accx: 0.01 accy: 0.0] 
1621074705343 [accx: 0.0 accy: 0.0] 
1621074705355 [accx: 0.0 accy: 0.0] 
1621074705383 [accx: 0.01 accy: -0.0] 
1621074705395 [accx: 0.0 accy: -0.0] 
1621074705421 [accx: 0.0 accy: 0.0] 
1621074705435 [accx: 0.0 accy: -0.0] 
1621074705455 [accx: 0.0 accy: 0.0] 
1621074705475 [accx: 0.0 accy: -0.0] 
1621074705495 [accx: -0.0 accy: -0.0] 
1621074705517 [accx: -0.0 accy: 0.0] 
1621074705536 [accx: 0.0 accy: 0.0] 
1621074705556 [accx: 0.0 accy: -0.0] 
1621074705576 [accx: 0.01 accy: -0.0] 
1621074705596 [accx: 0.01 accy: -0.0] 
1621074705619 [accx: 0.01 accy: -0.0] 
1621074705636 [accx: 0.0 accy: 0.0] 
1621074705655 [accx: 0.01 accy: 0.0] 
1621074705675 [accx: 0.01 accy: -0.0] 
1621074705699 [accx: 0.0 accy: 0.0] 
1621074705724 [accx: 0.0 accy: 0.0] 
1621074705738 [accx: 0.0 accy: 0.0] 
1621074705756 [accx: -0.0 accy: 0.0] 
1621074705776 [accx: -0.01 accy: 0.0] 
1621074705795 [accx: 0.0 accy: -0.0] 
1621074705821 [accx: -0.0 accy: -0.0] 
1621074705840 [accx: -0.0 accy: -0.0] 
1621074705855 [accx: 0.0 accy: -0.01] 
1621074705882 [accx: -0.0 accy: -0.01] 
1621074705895 [accx: 0.0 accy: -0.0] 
1621074705915 [accx: 0.0 accy: 0.01] 
1621074705935 [accx: 0.0 accy: 0.01] 
1621074705964 [accx: -0.0 accy: 0.01] 
1621074705977 [accx: -0.0 accy: 0.01] 
1621074705996 [accx: -0.01 accy: 0.0] 
1621074706015 [accx: -0.0 accy: 0.0] 
1621074706037 [accx: -0.0 accy: 0.0] 
1621074706060 [accx: -0.0 accy: 0.0] 
1621074706077 [accx: -0.0 accy: 0.0] 
1621074706095 [accx: 0.01 accy: 0.0] 
1621074706117 [accx: 0.0 accy: 0.0] 
1621074706136 [accx: 0.0 accy: -0.0] 
1621074706162 [accx: 0.0 accy: -0.01] 
1621074706179 [accx: 0.0 accy: -0.0] 
1621074706205 [accx: 0.0 accy: 0.0] 
1621074706219 [accx: -0.0 accy: 0.0] 
1621074706235 [accx: 0.0 accy: -0.0] 
1621074706256 [accx: 0.0 accy: -0.0] 
1621074706278 [accx: -0.0 accy: -0.0] 
1621074706303 [accx: 0.0 accy: -0.0] 
1621074706315 [accx: 0.0 accy: -0.0] 
1621074706343 [accx: 0.0 accy: 0.0] 
1621074706355 [accx: -0.01 accy: 0.0] 
1621074706375 [accx: -0.0 accy: 0.01] 
1621074706395 [accx: -0.0 accy: 0.0] 
1621074706415 [accx: 0.0 accy: 0.0] 
1621074706435 [accx: 0.0 accy: 0.0] 
1621074706455 [accx: 0.0 accy: 0.0] 
1621074706476 [accx: 0.0 accy: 0.01] 
1621074706499 [accx: -0.0 accy: 0.01] 
1621074706515 [accx: -0.0 accy: 0.0] 
1621074706536 [accx: -0.0 accy: 0.0] 
1621074706555 [accx: 0.0 accy: 0.0] 
1621074706576 [accx: 0.0 accy: -0.0] 
1621074706595 [accx: 0.0 accy: -0.01] 
1621074706618 [accx: 0.01 accy: -0.0] 
1621074706635 [accx: 0.01 accy: 0.0] 
1621074706655 [accx: 0.0 accy: 0.0] 
1621074706675 [accx: 0.0 accy: -0.0] 
1621074706696 [accx: 0.0 accy: 0.0] 
1621074706715 [accx: 0.0 accy: -0.0] 
1621074706735 [accx: -0.0 accy: -0.0] 
1621074706755 [accx: 0.0 accy: 0.0] 
1621074706784 [accx: 0.0 accy: 0.0] 
1621074706795 [accx: -0.0 accy: 0.01] 
1621074706815 [accx: 0.0 accy: 0.0] 
1621074706835 [accx: 0.01 accy: 0.0] 
1621074706863 [accx: 0.01 accy: -0.0] 
1621074706875 [accx: 0.0 accy: 0.0] 
1621074706903 [accx: 0.0 accy: 0.0] 
1621074706915 [accx: 0.0 accy: 0.01] 
1621074706937 [accx: 0.0 accy: 0.01] 
1621074706955 [accx: 0.01 accy: 0.0] 
1621074706975 [accx: 0.01 accy: -0.01] 
1621074706995 [accx: 0.01 accy: -0.0] 
1621074707018 [accx: 0.01 accy: 0.0] 
1621074707035 [accx: -0.0 accy: 0.0] 
1621074707064 [accx: 0.01 accy: 0.0] 
1621074707075 [accx: 0.01 accy: 0.0] 
1621074707096 [accx: 0.01 accy: -0.0] 
1621074707115 [accx: 0.01 accy: -0.0] 
1621074707136 [accx: 0.01 accy: 0.0] 
1621074707155 [accx: -0.0 accy: -0.0] 
1621074707179 [accx: -0.0 accy: 0.0] 
1621074707200 [accx: 0.0 accy: 0.0] 
1621074707218 [accx: 0.0 accy: 0.0] 
1621074707235 [accx: 0.0 accy: 0.0] 
1621074707255 [accx: -0.0 accy: -0.0] 
1621074707279 [accx: -0.0 accy: 0.0] 
1621074707295 [accx: -0.0 accy: -0.0] 
1621074707319 [accx: -0.0 accy: -0.0] 
1621074707335 [accx: 0.0 accy: 0.0] 
1621074707356 [accx: 0.0 accy: -0.0] 
1621074707375 [accx: 0.0 accy: -0.0] 
1621074707396 [accx: 0.0 accy: 0.0] 
1621074707415 [accx: 0.0 accy: -0.0] 
1621074707435 [accx: -0.0 accy: 0.0] 
1621074707456 [accx: 0.0 accy: -0.0] 
1621074707479 [accx: 0.0 accy: -0.0] 
1621074707495 [accx: 0.0 accy: -0.0] 
1621074707520 [accx: 0.0 accy: -0.0] 
1621074707535 [accx: 0.0 accy: -0.0] 
1621074707555 [accx: 0.0 accy: -0.0] 
1621074707575 [accx: 0.0 accy: -0.0] 
1621074707595 [accx: 0.0 accy: -0.0] 
1621074707615 [accx: -0.0 accy: -0.0] 
1621074707635 [accx: -0.01 accy: 0.0] 
1621074707655 [accx: 0.0 accy: 0.0] 
1621074707676 [accx: 0.01 accy: -0.0] 
1621074707695 [accx: 0.01 accy: -0.0] 
1621074707715 [accx: 0.01 accy: -0.0] 
1621074707735 [accx: 0.0 accy: -0.0] 
1621074707755 [accx: -0.0 accy: -0.0] 
1621074707775 [accx: -0.0 accy: 0.0] 
1621074707795 [accx: 0.0 accy: 0.0] 
1621074707815 [accx: -0.0 accy: 0.0] 
1621074707835 [accx: 0.0 accy: -0.0] 
1621074707855 [accx: 0.01 accy: -0.0] 
1621074707876 [accx: 0.0 accy: -0.0] 
1621074707895 [accx: 0.0 accy: -0.0] 
1621074707915 [accx: -0.0 accy: -0.0] 
1621074707935 [accx: -0.0 accy: -0.0] 
1621074707955 [accx: -0.0 accy: 0.0] 
1621074707979 [accx: 0.0 accy: -0.0] 
1621074707996 [accx: 0.0 accy: -0.0] 
1621074708015 [accx: 0.0 accy: 0.0] 
1621074708035 [accx: 0.0 accy: 0.0] 
1621074708055 [accx: -0.0 accy: -0.0] 
1621074708075 [accx: 0.0 accy: 0.0] 
1621074708096 [accx: 0.0 accy: -0.0] 
1621074708115 [accx: -0.0 accy: -0.0] 
1621074708135 [accx: 0.0 accy: -0.0] 
1621074708155 [accx: 0.01 accy: 0.0] 
1621074708175 [accx: 0.01 accy: -0.01] 
1621074708196 [accx: 0.0 accy: -0.0] 
1621074708215 [accx: 0.01 accy: -0.01] 
1621074708235 [accx: 0.0 accy: -0.01] 
1621074708256 [accx: -0.0 accy: -0.0] 
1621074708275 [accx: 0.0 accy: -0.0] 
1621074708296 [accx: -0.0 accy: -0.0] 
1621074708315 [accx: 0.0 accy: -0.0] 
1621074708335 [accx: -0.0 accy: -0.0] 
1621074708355 [accx: 0.01 accy: 0.0] 
1621074708375 [accx: 0.0 accy: -0.0] 
1621074708395 [accx: 0.01 accy: 0.0] 
1621074708416 [accx: 0.01 accy: 0.0] 
1621074708435 [accx: 0.01 accy: -0.0] 
1621074708456 [accx: 0.01 accy: -0.0] 
1621074708475 [accx: -0.0 accy: -0.0] 
1621074708496 [accx: -0.0 accy: -0.01] 
1621074708515 [accx: -0.0 accy: -0.01] 
1621074708537 [accx: -0.01 accy: -0.0] 
1621074708555 [accx: -0.01 accy: -0.0] 
1621074708579 [accx: -0.0 accy: -0.01] 
1621074708598 [accx: -0.0 accy: -0.01] 
1621074708615 [accx: -0.0 accy: -0.0] 
1621074708639 [accx: -0.0 accy: -0.0] 
1621074708655 [accx: 0.01 accy: -0.0] 
1621074708675 [accx: 0.01 accy: -0.0] 
1621074708695 [accx: 0.0 accy: -0.01] 
1621074708724 [accx: 0.0 accy: -0.0] 
1621074708735 [accx: -0.0 accy: -0.01] 
1621074708755 [accx: 0.0 accy: -0.01] 
1621074708775 [accx: 0.0 accy: -0.0] 
1621074708795 [accx: -0.0 accy: -0.01] 
1621074708815 [accx: 0.0 accy: -0.01] 
1621074708835 [accx: 0.0 accy: -0.0] 
1621074708855 [accx: 0.0 accy: -0.0] 
1621074708876 [accx: 0.01 accy: -0.0] 
1621074708895 [accx: 0.0 accy: 0.01] 
1621074708915 [accx: 0.0 accy: 0.0] 
1621074708935 [accx: 0.0 accy: -0.0] 
1621074708955 [accx: -0.0 accy: -0.0] 
1621074708977 [accx: 0.0 accy: 0.0] 
1621074708995 [accx: 0.0 accy: 0.0] 
1621074709015 [accx: 0.0 accy: -0.0] 
1621074709036 [accx: 0.0 accy: -0.0] 
1621074709055 [accx: 0.0 accy: 0.0] 
1621074709080 [accx: -0.0 accy: 0.0] 
1621074709096 [accx: 0.0 accy: 0.0] 
1621074709121 [accx: 0.0 accy: 0.0] 
1621074709135 [accx: 0.0 accy: 0.0] 
1621074709160 [accx: -0.01 accy: 0.0] 
1621074709175 [accx: 0.0 accy: 0.0] 
1621074709195 [accx: 0.01 accy: 0.0] 
1621074709215 [accx: 0.0 accy: 0.0] 
1621074709236 [accx: -0.0 accy: 0.01] 
1621074709256 [accx: 0.0 accy: 0.0] 
1621074709275 [accx: 0.01 accy: 0.0] 
1621074709296 [accx: 0.01 accy: 0.0] 
1621074709315 [accx: 0.01 accy: 0.0] 
1621074709335 [accx: 0.01 accy: -0.0] 
1621074709355 [accx: -0.0 accy: -0.0] 
1621074709375 [accx: 0.0 accy: -0.0] 
1621074709395 [accx: 0.0 accy: -0.01] 
1621074709415 [accx: 0.0 accy: -0.0] 
1621074709435 [accx: 0.0 accy: -0.01] 
1621074709457 [accx: -0.0 accy: -0.0] 
1621074709475 [accx: 0.01 accy: 0.0] 
1621074709495 [accx: 0.0 accy: 0.0] 
1621074709524 [accx: 0.0 accy: -0.0] 
1621074709537 [accx: 0.0 accy: -0.0] 
1621074709560 [accx: 0.0 accy: -0.0] 
1621074709577 [accx: 0.0 accy: 0.0] 
1621074709595 [accx: 0.01 accy: 0.01] 
1621074709620 [accx: 0.01 accy: 0.01] 
1621074709636 [accx: 0.01 accy: -0.0] 
1621074709656 [accx: 0.0 accy: -0.0] 
1621074709681 [accx: 0.0 accy: -0.0] 
1621074709697 [accx: 0.0 accy: 0.01] 
1621074709719 [accx: 0.0 accy: 0.01] 
1621074709737 [accx: -0.0 accy: 0.0] 
1621074709763 [accx: 0.0 accy: 0.0] 
1621074709775 [accx: 0.0 accy: 0.0] 
1621074709797 [accx: 0.0 accy: -0.0] 
1621074709815 [accx: 0.0 accy: -0.0] 
1621074709839 [accx: -0.0 accy: -0.0] 
1621074709856 [accx: 0.0 accy: -0.0] 
1621074709875 [accx: 0.0 accy: -0.0] 
1621074709895 [accx: 0.01 accy: -0.0] 
1621074709915 [accx: 0.0 accy: -0.01] 
1621074709935 [accx: 0.0 accy: -0.0] 
1621074709956 [accx: 0.01 accy: -0.0] 
1621074709975 [accx: -0.0 accy: -0.01] 
1621074709995 [accx: 0.01 accy: -0.0] 
1621074710015 [accx: 0.01 accy: -0.0] 
1621074710035 [accx: 0.0 accy: 0.0] 
1621074710055 [accx: -0.0 accy: 0.01] 
1621074710075 [accx: 0.01 accy: 0.0] 
1621074710095 [accx: 0.01 accy: 0.0] 
1621074710115 [accx: 0.0 accy: -0.0] 
1621074710135 [accx: 0.0 accy: 0.0] 
1621074710155 [accx: 0.01 accy: 0.0] 
1621074710175 [accx: 0.01 accy: 0.01] 
1621074710195 [accx: 0.01 accy: 0.0] 
1621074710215 [accx: 0.01 accy: -0.0] 
1621074710235 [accx: 0.0 accy: 0.0] 
1621074710255 [accx: 0.0 accy: -0.0] 
1621074710275 [accx: 0.01 accy: 0.01] 
1621074710295 [accx: 0.0 accy: 0.0] 
1621074710317 [accx: -0.0 accy: 0.0] 
1621074710336 [accx: 0.0 accy: -0.0] 
1621074710360 [accx: 0.01 accy: 0.0] 
1621074710378 [accx: 0.0 accy: 0.0] 
1621074710400 [accx: 0.0 accy: 0.01] 
1621074710415 [accx: 0.0 accy: 0.0] 
1621074710439 [accx: 0.0 accy: -0.0] 
1621074710455 [accx: 0.0 accy: -0.0] 
1621074710478 [accx: 0.0 accy: -0.01] 
1621074710495 [accx: 0.0 accy: -0.0] 
1621074710516 [accx: -0.0 accy: -0.0] 
1621074710535 [accx: 0.0 accy: -0.0] 
1621074710557 [accx: 0.0 accy: -0.0] 
1621074710576 [accx: 0.0 accy: -0.0] 
1621074710601 [accx: 0.01 accy: -0.0] 
1621074710616 [accx: 0.0 accy: 0.0] 
1621074710635 [accx: 0.01 accy: -0.0] 
1621074710655 [accx: 0.01 accy: 0.0] 
1621074710675 [accx: 0.0 accy: -0.0] 
1621074710696 [accx: 0.0 accy: -0.0] 
1621074710715 [accx: -0.0 accy: 0.0] 
1621074710735 [accx: 0.0 accy: -0.0] 
1621074710755 [accx: -0.0 accy: -0.0] 
1621074710775 [accx: -0.0 accy: -0.0] 
1621074710795 [accx: -0.0 accy: -0.0] 
1621074710815 [accx: 0.01 accy: -0.0] 
1621074710835 [accx: 0.0 accy: -0.0] 
1621074710855 [accx: 0.01 accy: 0.0] 
1621074710875 [accx: 0.01 accy: 0.0] 
1621074710896 [accx: -0.0 accy: -0.01] 
1621074710915 [accx: 0.0 accy: -0.01] 
1621074710935 [accx: 0.0 accy: -0.01] 
1621074710955 [accx: 0.0 accy: -0.01] 
1621074710975 [accx: 0.0 accy: -0.0] 
1621074710996 [accx: -0.0 accy: -0.0] 
1621074711018 [accx: 0.0 accy: 0.0] 
1621074711035 [accx: 0.0 accy: 0.0] 
1621074711055 [accx: 0.0 accy: 0.0] 
1621074711075 [accx: -0.0 accy: 0.0] 
1621074711098 [accx: 0.0 accy: 0.0] 
1621074711115 [accx: 0.0 accy: 0.0] 
1621074711137 [accx: -0.0 accy: 0.0] 
1621074711155 [accx: 0.0 accy: 0.0] 
1621074711176 [accx: 0.0 accy: 0.0] 
1621074711195 [accx: 0.01 accy: 0.0] 
1621074711216 [accx: 0.01 accy: -0.0] 
1621074711237 [accx: 0.0 accy: 0.0] 
1621074711256 [accx: 0.01 accy: 0.0] 
1621074711275 [accx: 0.0 accy: 0.0] 
1621074711296 [accx: 0.01 accy: 0.0] 
1621074711315 [accx: 0.0 accy: 0.0] 
1621074711336 [accx: 0.0 accy: 0.0] 
1621074711355 [accx: 0.0 accy: 0.0] 
1621074711377 [accx: 0.0 accy: 0.0] 
1621074711395 [accx: 0.01 accy: -0.01] 
1621074711416 [accx: 0.01 accy: -0.0] 
1621074711435 [accx: 0.01 accy: -0.0] 
1621074711457 [accx: 0.01 accy: 0.0] 
1621074711475 [accx: 0.01 accy: -0.0] 
1621074711497 [accx: 0.01 accy: 0.0] 
1621074711515 [accx: 0.0 accy: 0.0] 
1621074711539 [accx: 0.0 accy: 0.0] 
1621074711556 [accx: 0.01 accy: -0.0] 
1621074711576 [accx: 0.01 accy: -0.0] 
1621074711598 [accx: 0.0 accy: 0.0] 
1621074711622 [accx: 0.0 accy: 0.0] 
1621074711635 [accx: 0.01 accy: 0.0] 
1621074711656 [accx: 0.0 accy: 0.0] 
1621074711678 [accx: 0.01 accy: 0.0] 
1621074711695 [accx: 0.01 accy: -0.0] 
1621074711717 [accx: -0.0 accy: -0.0] 
1621074711739 [accx: 0.01 accy: 0.0] 
1621074711755 [accx: -0.0 accy: 0.0] 
1621074711775 [accx: -0.0 accy: 0.0] 
1621074711795 [accx: -0.01 accy: -0.0] 
1621074711815 [accx: -0.0 accy: -0.0] 
1621074711835 [accx: -0.0 accy: -0.0] 
1621074711856 [accx: -0.01 accy: 0.0] 
1621074711875 [accx: -0.01 accy: -0.0] 
1621074711895 [accx: 0.0 accy: 0.0] 
1621074711915 [accx: 0.0 accy: -0.0] 
1621074711935 [accx: -0.0 accy: 0.0] 
1621074711955 [accx: 0.0 accy: 0.0] 
1621074711984 [accx: -0.0 accy: 0.0] 
1621074711995 [accx: -0.0 accy: -0.0] 
1621074712016 [accx: 0.0 accy: 0.0] 
1621074712036 [accx: 0.01 accy: -0.0] 
1621074712055 [accx: 0.01 accy: 0.0] 
1621074712075 [accx: -0.0 accy: 0.0] 
1621074712095 [accx: 0.0 accy: -0.0] 
1621074712115 [accx: 0.0 accy: 0.0] 
1621074712135 [accx: 0.01 accy: -0.0] 
1621074712155 [accx: 0.01 accy: -0.0] 
1621074712175 [accx: -0.0 accy: 0.0] 
1621074712195 [accx: -0.0 accy: 0.0] 
1621074712218 [accx: 0.0 accy: 0.0] 
1621074712235 [accx: 0.0 accy: -0.0] 
1621074712255 [accx: 0.01 accy: -0.0] 
1621074712277 [accx: 0.0 accy: 0.0] 
1621074712296 [accx: 0.0 accy: 0.01] 
1621074712322 [accx: -0.0 accy: 0.0] 
1621074712336 [accx: -0.0 accy: 0.0] 
1621074712355 [accx: -0.0 accy: 0.0] 
1621074712375 [accx: 0.0 accy: 0.0] 
1621074712395 [accx: -0.0 accy: -0.0] 
1621074712415 [accx: 0.0 accy: 0.0] 
1621074712436 [accx: -0.0 accy: 0.01] 
1621074712455 [accx: -0.01 accy: -0.0] 
1621074712475 [accx: -0.0 accy: -0.01] 
1621074712495 [accx: -0.0 accy: -0.0] 
1621074712515 [accx: 0.0 accy: -0.01] 
1621074712535 [accx: -0.0 accy: -0.0] 
1621074712555 [accx: -0.0 accy: -0.01] 
1621074712575 [accx: 0.0 accy: -0.0] 
1621074712595 [accx: 0.0 accy: 0.0] 
1621074712615 [accx: 0.0 accy: 0.0] 
1621074712635 [accx: 0.0 accy: -0.0] 
1621074712658 [accx: 0.0 accy: 0.0] 
1621074712676 [accx: 0.0 accy: -0.0] 
1621074712695 [accx: 0.01 accy: 0.0] 
1621074712716 [accx: -0.0 accy: 0.01] 
1621074712738 [accx: 0.0 accy: 0.0] 
1621074712755 [accx: -0.0 accy: -0.0] 
1621074712777 [accx: 0.0 accy: -0.0] 
1621074712796 [accx: 0.0 accy: 0.0] 
1621074712821 [accx: -0.0 accy: 0.0] 
1621074712836 [accx: -0.0 accy: -0.0] 
1621074712856 [accx: 0.0 accy: 0.0] 
1621074712875 [accx: 0.0 accy: 0.01] 
1621074712895 [accx: -0.0 accy: 0.01] 
1621074712915 [accx: -0.0 accy: 0.0] 
1621074712935 [accx: -0.0 accy: 0.0] 
1621074712955 [accx: -0.0 accy: -0.0] 
1621074712975 [accx: -0.0 accy: 0.0] 
1621074712995 [accx: -0.0 accy: 0.0] 
1621074713015 [accx: -0.0 accy: 0.0] 
1621074713035 [accx: -0.0 accy: -0.0] 
1621074713055 [accx: 0.0 accy: 0.0] 
1621074713075 [accx: -0.0 accy: 0.0] 
1621074713101 [accx: -0.0 accy: -0.0] 
1621074713116 [accx: 0.0 accy: -0.0] 
1621074713135 [accx: -0.0 accy: -0.0] 
1621074713155 [accx: 0.0 accy: 0.0] 
1621074713175 [accx: 0.0 accy: 0.0] 
1621074713196 [accx: -0.0 accy: 0.01] 
1621074713215 [accx: 0.0 accy: 0.0] 
1621074713238 [accx: 0.0 accy: 0.0] 
1621074713255 [accx: 0.0 accy: -0.0] 
1621074713276 [accx: -0.0 accy: -0.0] 
1621074713295 [accx: 0.01 accy: -0.0] 
1621074713316 [accx: -0.0 accy: -0.0] 
1621074713335 [accx: -0.0 accy: 0.0] 
1621074713361 [accx: -0.0 accy: 0.0] 
1621074713382 [accx: 0.01 accy: -0.01] 
1621074713399 [accx: 0.01 accy: -0.0] 
1621074713415 [accx: 0.0 accy: -0.0] 
1621074713435 [accx: -0.0 accy: 0.0] 
1621074713455 [accx: -0.0 accy: 0.0] 
1621074713477 [accx: 0.0 accy: -0.0] 
1621074713495 [accx: 0.0 accy: -0.01] 
1621074713515 [accx: 0.01 accy: -0.0] 
1621074713537 [accx: -0.0 accy: 0.0] 
1621074713556 [accx: 0.0 accy: -0.0] 
1621074713575 [accx: 0.0 accy: -0.0] 
1621074713595 [accx: -0.0 accy: -0.0] 
1621074713615 [accx: 0.0 accy: 0.0] 
1621074713636 [accx: 0.01 accy: 0.0] 
1621074713655 [accx: 0.0 accy: 0.0] 
1621074713676 [accx: 0.0 accy: 0.01] 
1621074713695 [accx: 0.01 accy: 0.01] 
1621074713716 [accx: 0.0 accy: 0.0] 
1621074713735 [accx: 0.0 accy: -0.0] 
1621074713756 [accx: -0.0 accy: -0.01] 
1621074713775 [accx: 0.0 accy: -0.01] 
1621074713799 [accx: -0.0 accy: -0.0] 
1621074713815 [accx: -0.0 accy: -0.01] 
1621074713836 [accx: -0.0 accy: 0.0] 
1621074713855 [accx: -0.0 accy: 0.0] 
1621074713876 [accx: -0.0 accy: -0.0] 
1621074713895 [accx: 0.0 accy: -0.0] 
1621074713915 [accx: -0.0 accy: -0.0] 
1621074713935 [accx: -0.0 accy: 0.0] 
1621074713955 [accx: 0.0 accy: -0.0] 
1621074713975 [accx: -0.0 accy: 0.0] 
1621074713996 [accx: -0.0 accy: 0.01] 
1621074714015 [accx: -0.0 accy: 0.01] 
1621074714036 [accx: -0.01 accy: 0.0] 
1621074714055 [accx: -0.01 accy: 0.0] 
1621074714075 [accx: -0.0 accy: -0.01] 
1621074714095 [accx: 0.0 accy: -0.01] 
1621074714116 [accx: 0.01 accy: -0.01] 
1621074714135 [accx: 0.0 accy: -0.01] 
1621074714156 [accx: 0.0 accy: -0.01] 
1621074714175 [accx: 0.0 accy: -0.01] 
1621074714196 [accx: -0.0 accy: -0.01] 
1621074714215 [accx: -0.0 accy: -0.0] 
1621074714236 [accx: 0.0 accy: -0.0] 
1621074714256 [accx: -0.0 accy: -0.01] 
1621074714276 [accx: -0.0 accy: -0.01] 
1621074714295 [accx: 0.0 accy: 0.0] 
1621074714316 [accx: 0.01 accy: -0.0] 
1621074714335 [accx: 0.01 accy: -0.0] 
1621074714356 [accx: 0.0 accy: -0.01] 
1621074714375 [accx: 0.01 accy: -0.0] 
1621074714395 [accx: 0.0 accy: -0.0] 
1621074714415 [accx: 0.01 accy: 0.0] 
1621074714435 [accx: 0.0 accy: 0.0] 
1621074714455 [accx: -0.0 accy: -0.0] 
1621074714475 [accx: -0.0 accy: -0.0] 
1621074714498 [accx: -0.0 accy: 0.0] 
1621074714515 [accx: -0.0 accy: 0.0] 
1621074714535 [accx: -0.0 accy: 0.0] 
1621074714556 [accx: -0.0 accy: 0.0] 
1621074714575 [accx: -0.0 accy: -0.0] 
1621074714597 [accx: -0.0 accy: -0.0] 
1621074714615 [accx: -0.0 accy: -0.0] 
1621074714635 [accx: -0.0 accy: -0.01] 
1621074714655 [accx: -0.0 accy: -0.01] 
1621074714676 [accx: -0.0 accy: -0.0] 
1621074714695 [accx: 0.01 accy: -0.0] 
1621074714715 [accx: 0.01 accy: -0.0] 
1621074714735 [accx: 0.0 accy: -0.01] 
1621074714755 [accx: 0.01 accy: 0.0] 
1621074714775 [accx: 0.01 accy: -0.01] 
1621074714795 [accx: -0.0 accy: -0.01] 
1621074714815 [accx: 0.0 accy: -0.0] 
1621074714835 [accx: -0.0 accy: -0.0] 
1621074714855 [accx: -0.0 accy: -0.0] 
1621074714875 [accx: 0.0 accy: -0.01] 
1621074714895 [accx: 0.01 accy: -0.01] 
1621074714915 [accx: 0.0 accy: -0.01] 
1621074714935 [accx: 0.0 accy: -0.0] 
1621074714955 [accx: -0.0 accy: -0.0] 
1621074714975 [accx: 0.0 accy: -0.0] 
1621074714995 [accx: 0.0 accy: 0.0] 
1621074715016 [accx: 0.0 accy: 0.01] 
1621074715035 [accx: 0.0 accy: -0.0] 
1621074715056 [accx: 0.0 accy: -0.0] 
1621074715075 [accx: 0.01 accy: -0.01] 
1621074715097 [accx: 0.0 accy: -0.0] 
1621074715116 [accx: 0.0 accy: -0.0] 
1621074715135 [accx: 0.01 accy: -0.0] 
1621074715155 [accx: 0.0 accy: -0.0] 
1621074715175 [accx: -0.0 accy: -0.0] 
1621074715195 [accx: -0.0 accy: -0.01] 
1621074715215 [accx: 0.0 accy: -0.01] 
1621074715235 [accx: -0.0 accy: -0.01] 
1621074715255 [accx: 0.0 accy: -0.01] 
1621074715275 [accx: 0.0 accy: -0.0] 
1621074715295 [accx: -0.0 accy: -0.0] 
1621074715315 [accx: -0.0 accy: -0.0] 
1621074715336 [accx: 0.0 accy: -0.0] 
1621074715355 [accx: -0.0 accy: -0.0] 
1621074715375 [accx: 0.01 accy: 0.0] 
1621074715395 [accx: 0.01 accy: -0.0] 
1621074715415 [accx: 0.01 accy: -0.01] 
1621074715435 [accx: 0.01 accy: -0.01] 
1621074715455 [accx: 0.01 accy: -0.0] 
1621074715475 [accx: 0.01 accy: 0.0] 
1621074715496 [accx: 0.0 accy: -0.0] 
1621074715515 [accx: -0.0 accy: -0.01] 
1621074715535 [accx: 0.0 accy: -0.0] 
1621074715555 [accx: -0.0 accy: -0.01] 
1621074715576 [accx: -0.0 accy: -0.01] 
1621074715597 [accx: -0.0 accy: -0.01] 
1621074715616 [accx: 0.0 accy: -0.0] 
1621074715635 [accx: 0.0 accy: -0.01] 
1621074715656 [accx: 0.0 accy: -0.0] 
1621074715675 [accx: 0.0 accy: -0.0] 
1621074715695 [accx: 0.0 accy: -0.01] 
1621074715715 [accx: 0.0 accy: -0.0] 
1621074715737 [accx: 0.0 accy: -0.0] 
1621074715755 [accx: -0.0 accy: -0.0] 
1621074715777 [accx: -0.0 accy: 0.0] 
1621074715795 [accx: 0.01 accy: 0.0] 
1621074715821 [accx: 0.01 accy: 0.0] 
1621074715835 [accx: 0.0 accy: 0.0] 
1621074715856 [accx: 0.01 accy: -0.0] 
1621074715875 [accx: 0.01 accy: -0.0] 
1621074715896 [accx: 0.01 accy: -0.0] 
1621074715915 [accx: 0.01 accy: -0.0] 
1621074715937 [accx: 0.0 accy: -0.0] 
1621074715955 [accx: 0.0 accy: -0.01] 
1621074715977 [accx: 0.0 accy: -0.0] 
1621074715995 [accx: 0.0 accy: -0.0] 
1621074716015 [accx: 0.0 accy: -0.0] 
1621074716035 [accx: 0.01 accy: -0.0] 
1621074716057 [accx: 0.01 accy: -0.0] 
1621074716075 [accx: -0.0 accy: -0.0] 
1621074716096 [accx: 0.01 accy: -0.0] 
1621074716116 [accx: 0.01 accy: -0.0] 
1621074716138 [accx: 0.01 accy: -0.0] 
1621074716155 [accx: 0.0 accy: -0.0] 
1621074716175 [accx: 0.0 accy: -0.0] 
1621074716195 [accx: 0.0 accy: 0.0] 
1621074716216 [accx: -0.0 accy: -0.0] 
1621074716235 [accx: -0.0 accy: -0.0] 
1621074716257 [accx: -0.0 accy: -0.0] 
1621074716275 [accx: 0.0 accy: -0.01] 
1621074716296 [accx: 0.0 accy: -0.0] 
1621074716315 [accx: -0.0 accy: -0.0] 
1621074716340 [accx: 0.01 accy: -0.0] 
1621074716360 [accx: 0.0 accy: -0.01] 
1621074716375 [accx: 0.0 accy: -0.0] 
1621074716395 [accx: -0.0 accy: -0.0] 
1621074716415 [accx: 0.0 accy: -0.0] 
1621074716436 [accx: 0.0 accy: -0.0] 
1621074716455 [accx: 0.0 accy: -0.0] 
1621074716475 [accx: 0.0 accy: -0.0] 
1621074716495 [accx: 0.0 accy: -0.0] 
1621074716516 [accx: -0.0 accy: -0.0] 
1621074716535 [accx: 0.0 accy: -0.01] 
1621074716555 [accx: 0.0 accy: -0.0] 
1621074716575 [accx: 0.0 accy: -0.0] 
1621074716595 [accx: 0.0 accy: -0.0] 
1621074716615 [accx: 0.01 accy: -0.0] 
1621074716636 [accx: -0.0 accy: -0.0] 
1621074716655 [accx: 0.0 accy: -0.0] 
1621074716676 [accx: 0.0 accy: 0.0] 
1621074716695 [accx: 0.0 accy: 0.0] 
1621074716721 [accx: 0.0 accy: -0.0] 
1621074716735 [accx: 0.0 accy: -0.0] 
1621074716757 [accx: -0.0 accy: -0.0] 
1621074716775 [accx: 0.0 accy: 0.0] 
1621074716798 [accx: 0.01 accy: -0.0] 
1621074716815 [accx: 0.01 accy: -0.0] 
1621074716839 [accx: 0.0 accy: -0.01] 
1621074716855 [accx: 0.0 accy: -0.01] 
1621074716877 [accx: -0.0 accy: -0.01] 
1621074716895 [accx: 0.0 accy: -0.0] 
1621074716916 [accx: -0.0 accy: -0.0] 
1621074716935 [accx: 0.0 accy: -0.0] 
1621074716963 [accx: 0.0 accy: -0.0] 
1621074716975 [accx: 0.0 accy: -0.0] 
1621074716995 [accx: 0.0 accy: -0.0] 
1621074717015 [accx: 0.0 accy: -0.0] 
1621074717035 [accx: 0.0 accy: -0.0] 
1621074717055 [accx: -0.0 accy: -0.0] 
1621074717075 [accx: -0.0 accy: -0.0] 
1621074717095 [accx: -0.0 accy: -0.0] 
1621074717115 [accx: -0.0 accy: 0.0] 
1621074717135 [accx: 0.0 accy: -0.0] 
1621074717155 [accx: -0.0 accy: 0.0] 
1621074717175 [accx: -0.01 accy: 0.0] 
1621074717195 [accx: -0.0 accy: 0.0] 
1621074717215 [accx: -0.0 accy: 0.0] 
1621074717235 [accx: -0.01 accy: 0.0] 
1621074717255 [accx: -0.0 accy: 0.0] 
1621074717275 [accx: -0.0 accy: 0.0] 
1621074717295 [accx: -0.01 accy: 0.0] 
1621074717315 [accx: -0.0 accy: -0.0] 
1621074717335 [accx: -0.0 accy: 0.0] 
1621074717355 [accx: -0.0 accy: -0.0] 
1621074717375 [accx: 0.01 accy: 0.0] 
1621074717395 [accx: 0.0 accy: 0.0] 
1621074717415 [accx: 0.0 accy: 0.0] 
1621074717435 [accx: -0.0 accy: 0.0] 
1621074717455 [accx: -0.0 accy: 0.0] 
1621074717476 [accx: -0.0 accy: 0.0] 
1621074717500 [accx: -0.0 accy: 0.0] 
1621074717519 [accx: -0.0 accy: -0.0] 
1621074717535 [accx: -0.0 accy: -0.0] 
1621074717558 [accx: -0.0 accy: -0.0] 
1621074717585 [accx: 0.0 accy: -0.0] 
1621074717595 [accx: 0.0 accy: -0.0] 
1621074717615 [accx: 0.0 accy: 0.0] 
1621074717635 [accx: 0.0 accy: -0.0] 
1621074717657 [accx: 0.0 accy: -0.01] 
1621074717677 [accx: -0.0 accy: -0.0] 
1621074717697 [accx: -0.0 accy: 0.0] 
1621074717720 [accx: -0.0 accy: -0.0] 
1621074717735 [accx: -0.01 accy: -0.0] 
1621074717755 [accx: -0.0 accy: -0.0] 
1621074717775 [accx: -0.01 accy: 0.0] 
1621074717795 [accx: -0.0 accy: -0.0] 
1621074717815 [accx: 0.0 accy: -0.01] 
1621074717835 [accx: 0.01 accy: -0.01] 
1621074717862 [accx: 0.01 accy: 0.0] 
1621074717875 [accx: 0.01 accy: -0.0] 
1621074717895 [accx: 0.0 accy: -0.0] 
1621074717924 [accx: 0.01 accy: -0.0] 
1621074717935 [accx: 0.01 accy: -0.01] 
1621074717956 [accx: -0.0 accy: -0.01] 
1621074717975 [accx: 0.0 accy: -0.0] 
1621074718004 [accx: -0.0 accy: 0.0] 
1621074718017 [accx: -0.0 accy: 0.0] 
1621074718035 [accx: -0.0 accy: -0.0] 
1621074718055 [accx: 0.0 accy: -0.0] 
1621074718078 [accx: 0.01 accy: -0.0] 
1621074718101 [accx: 0.01 accy: 0.0] 
1621074718116 [accx: 0.0 accy: -0.0] 
1621074718136 [accx: -0.0 accy: -0.01] 
1621074718155 [accx: -0.0 accy: -0.0] 
1621074718176 [accx: -0.0 accy: -0.0] 
1621074718196 [accx: -0.01 accy: 0.0] 
1621074718215 [accx: -0.0 accy: 0.0] 
1621074718237 [accx: 0.0 accy: 0.01] 
1621074718256 [accx: -0.0 accy: 0.0] 
1621074718278 [accx: -0.0 accy: -0.0] 
1621074718301 [accx: -0.0 accy: 0.0] 
1621074718315 [accx: 0.0 accy: 0.0] 
1621074718353 [accx: -0.01 accy: 0.01] 
1621074718361 [accx: 0.0 accy: 0.01] 
1621074718382 [accx: 0.01 accy: -0.0] 
1621074718397 [accx: 0.0 accy: 0.0] 
1621074718415 [accx: 0.0 accy: -0.0] 
1621074718436 [accx: 0.0 accy: 0.0] 
1621074718455 [accx: 0.0 accy: 0.0] 
1621074718479 [accx: 0.0 accy: 0.0] 
1621074718496 [accx: 0.0 accy: -0.0] 
1621074718519 [accx: -0.0 accy: -0.0] 
1621074718542 [accx: -0.0 accy: 0.0] 
1621074718559 [accx: 0.0 accy: -0.0] 
1621074718576 [accx: 0.0 accy: -0.01] 
1621074718595 [accx: 0.0 accy: -0.01] 
1621074718615 [accx: 0.0 accy: -0.0] 
1621074718639 [accx: 0.01 accy: -0.01] 
1621074718655 [accx: 0.01 accy: -0.01] 
1621074718676 [accx: 0.01 accy: -0.0] 
1621074718703 [accx: 0.0 accy: -0.0] 
1621074718716 [accx: 0.01 accy: -0.0] 
1621074718740 [accx: 0.01 accy: -0.0] 
1621074718756 [accx: 0.01 accy: -0.0] 
1621074718777 [accx: 0.01 accy: -0.0] 
1621074718808 [accx: 0.01 accy: -0.0] 
1621074718817 [accx: 0.01 accy: 0.0] 
1621074718837 [accx: 0.01 accy: -0.0] 
1621074718867 [accx: 0.01 accy: -0.0] 
1621074718882 [accx: 0.0 accy: -0.0] 
1621074718895 [accx: 0.0 accy: -0.0] 
1621074718917 [accx: 0.0 accy: -0.0] 
1621074718940 [accx: 0.01 accy: -0.0] 
1621074718962 [accx: 0.01 accy: -0.01] 
1621074718978 [accx: 0.01 accy: 0.0] 
1621074718995 [accx: 0.01 accy: 0.0] 
1621074719016 [accx: 0.01 accy: -0.0] 
1621074719038 [accx: 0.0 accy: -0.0] 
1621074719061 [accx: -0.0 accy: -0.0] 
1621074719084 [accx: -0.0 accy: -0.0] 
1621074719102 [accx: 0.0 accy: -0.0] 
1621074719119 [accx: 0.0 accy: -0.0] 
1621074719135 [accx: -0.0 accy: -0.0] 
1621074719155 [accx: 0.0 accy: -0.0] 
1621074719176 [accx: 0.0 accy: -0.0] 
1621074719199 [accx: 0.0 accy: 0.0] 
1621074719216 [accx: 0.01 accy: -0.0] 
1621074719243 [accx: 0.01 accy: -0.0] 
1621074719256 [accx: 0.01 accy: -0.0] 
1621074719275 [accx: 0.0 accy: 0.0] 
1621074719302 [accx: -0.0 accy: 0.01] 
1621074719315 [accx: -0.0 accy: 0.0] 
1621074719336 [accx: 0.0 accy: -0.0] 
1621074719355 [accx: -0.0 accy: -0.0] 
1621074719375 [accx: 0.01 accy: -0.0] 
1621074719395 [accx: 0.01 accy: -0.0] 
1621074719415 [accx: 0.01 accy: -0.0] 
1621074719435 [accx: 0.0 accy: -0.0] 
1621074719455 [accx: -0.0 accy: -0.01] 
1621074719479 [accx: 0.0 accy: -0.01] 
1621074719496 [accx: -0.0 accy: -0.0] 
1621074719515 [accx: -0.0 accy: -0.01] 
1621074719535 [accx: 0.01 accy: 0.0] 
1621074719558 [accx: 0.0 accy: 0.0] 
1621074719576 [accx: -0.0 accy: -0.0] 
1621074719596 [accx: 0.0 accy: 0.0] 
1621074719617 [accx: 0.0 accy: -0.0] 
1621074719635 [accx: 0.01 accy: -0.0] 
1621074719655 [accx: 0.0 accy: -0.0] 
1621074719681 [accx: 0.0 accy: 0.0] 
1621074719697 [accx: -0.0 accy: 0.0] 
1621074719715 [accx: -0.0 accy: 0.01] 
1621074719743 [accx: -0.0 accy: 0.01] 
1621074719756 [accx: 0.0 accy: 0.0] 
1621074719779 [accx: 0.0 accy: 0.0] 
1621074719797 [accx: 0.0 accy: 0.01] 
1621074719815 [accx: 0.0 accy: 0.0] 
1621074719848 [accx: 0.0 accy: 0.0] 
1621074719855 [accx: 0.01 accy: 0.0] 
1621074719875 [accx: 0.01 accy: -0.0] 
1621074719895 [accx: 0.01 accy: 0.0] 
1621074719915 [accx: 0.0 accy: -0.0] 
1621074719944 [accx: -0.0 accy: -0.0] 
1621074719957 [accx: 0.0 accy: -0.0] 
1621074719975 [accx: 0.01 accy: -0.0] 
1621074719995 [accx: 0.0 accy: 0.0] 
1621074720015 [accx: 0.01 accy: 0.0] 
1621074720035 [accx: 0.01 accy: -0.0] 
1621074720056 [accx: 0.01 accy: 0.0] 
1621074720076 [accx: 0.01 accy: 0.0] 
1621074720116 [accx: 0.0 accy: 0.0] 
