1621556040170 [accx: 0.0 accy: -0.0] 
1621556040174 [accx: 0.01 accy: -0.0] 
1621556040193 [accx: 0.0 accy: 0.0] 
1621556040214 [accx: 0.01 accy: -0.0] 
1621556040234 [accx: 0.01 accy: -0.0] 
1621556040254 [accx: 0.0 accy: -0.0] 
1621556040274 [accx: 0.01 accy: -0.0] 
1621556040293 [accx: 0.0 accy: -0.01] 
1621556040314 [accx: 0.0 accy: -0.0] 
1621556040333 [accx: -0.0 accy: -0.0] 
1621556040353 [accx: 0.0 accy: 0.0] 
1621556040373 [accx: 0.0 accy: 0.0] 
1621556040395 [accx: 0.01 accy: 0.0] 
1621556040413 [accx: 0.0 accy: 0.0] 
1621556040433 [accx: 0.01 accy: 0.0] 
1621556040453 [accx: 0.0 accy: 0.0] 
1621556040473 [accx: 0.0 accy: 0.0] 
1621556040503 [accx: 0.0 accy: 0.0] 
1621556040513 [accx: 0.0 accy: -0.0] 
1621556040533 [accx: 0.0 accy: 0.0] 
1621556040553 [accx: 0.0 accy: 0.0] 
1621556040573 [accx: 0.0 accy: -0.0] 
1621556040593 [accx: 0.0 accy: 0.0] 
1621556040613 [accx: 0.0 accy: 0.0] 
1621556040633 [accx: -0.0 accy: 0.0] 
1621556040653 [accx: 0.0 accy: 0.0] 
1621556040673 [accx: 0.01 accy: -0.0] 
1621556040694 [accx: 0.02 accy: 0.0] 
1621556040713 [accx: 0.01 accy: 0.0] 
1621556040733 [accx: 0.01 accy: 0.0] 
1621556040752 [accx: 0.01 accy: -0.01] 
1621556040773 [accx: 0.0 accy: -0.0] 
1621556040793 [accx: 0.01 accy: -0.0] 
1621556040813 [accx: 0.01 accy: 0.0] 
1621556040833 [accx: 0.01 accy: 0.0] 
1621556040853 [accx: -0.0 accy: 0.01] 
1621556040873 [accx: -0.01 accy: 0.0] 
1621556040893 [accx: -0.0 accy: -0.0] 
1621556040913 [accx: 0.0 accy: -0.0] 
1621556040933 [accx: -0.0 accy: 0.0] 
1621556040953 [accx: 0.0 accy: 0.0] 
1621556040973 [accx: 0.01 accy: -0.01] 
1621556040993 [accx: 0.0 accy: -0.0] 
1621556041013 [accx: -0.01 accy: -0.01] 
1621556041033 [accx: -0.0 accy: -0.01] 
1621556041053 [accx: 0.0 accy: -0.0] 
1621556041073 [accx: 0.0 accy: -0.01] 
1621556041093 [accx: 0.0 accy: 0.0] 
1621556041113 [accx: 0.0 accy: 0.01] 
1621556041133 [accx: 0.0 accy: 0.0] 
1621556041153 [accx: -0.0 accy: 0.0] 
1621556041173 [accx: -0.0 accy: 0.0] 
1621556041193 [accx: 0.01 accy: 0.0] 
1621556041213 [accx: 0.01 accy: 0.01] 
1621556041233 [accx: 0.01 accy: 0.0] 
1621556041253 [accx: 0.01 accy: -0.01] 
1621556041274 [accx: 0.01 accy: -0.01] 
1621556041295 [accx: 0.01 accy: -0.0] 
1621556041314 [accx: 0.01 accy: 0.0] 
1621556041333 [accx: 0.0 accy: -0.0] 
1621556041355 [accx: -0.0 accy: 0.0] 
1621556041373 [accx: 0.0 accy: 0.0] 
1621556041393 [accx: 0.0 accy: 0.0] 
1621556041413 [accx: 0.0 accy: -0.0] 
1621556041433 [accx: 0.01 accy: 0.0] 
1621556041453 [accx: 0.0 accy: -0.01] 
1621556041473 [accx: 0.0 accy: 0.0] 
1621556041493 [accx: 0.01 accy: -0.0] 
1621556041513 [accx: 0.01 accy: -0.0] 
1621556041533 [accx: 0.0 accy: -0.01] 
1621556041554 [accx: -0.0 accy: -0.01] 
1621556041574 [accx: 0.0 accy: -0.0] 
1621556041593 [accx: 0.0 accy: -0.0] 
1621556041615 [accx: 0.0 accy: 0.0] 
1621556041633 [accx: 0.01 accy: 0.0] 
1621556041653 [accx: 0.0 accy: 0.0] 
1621556041673 [accx: 0.0 accy: 0.0] 
1621556041693 [accx: 0.0 accy: 0.0] 
1621556041713 [accx: -0.0 accy: 0.0] 
1621556041734 [accx: 0.0 accy: 0.0] 
1621556041753 [accx: -0.01 accy: 0.01] 
1621556041773 [accx: -0.0 accy: 0.01] 
1621556041793 [accx: 0.0 accy: 0.0] 
1621556041813 [accx: -0.0 accy: -0.0] 
1621556041833 [accx: -0.0 accy: -0.0] 
1621556041853 [accx: 0.01 accy: 0.0] 
1621556041873 [accx: 0.0 accy: 0.0] 
1621556041894 [accx: 0.0 accy: -0.0] 
1621556041914 [accx: 0.0 accy: 0.0] 
1621556041933 [accx: 0.0 accy: -0.0] 
1621556041953 [accx: 0.0 accy: -0.0] 
1621556041976 [accx: 0.0 accy: 0.0] 
1621556041994 [accx: 0.0 accy: -0.0] 
1621556042014 [accx: -0.0 accy: -0.0] 
1621556042035 [accx: 0.0 accy: 0.0] 
1621556042040 [Read robot_status] 
1621556042056 [accx: 0.0 accy: -0.0] 
1621556042080 [accx: 0.0 accy: 0.0] 
1621556042098 [accx: 0.01 accy: -0.0] 
1621556042114 [accx: 0.0 accy: -0.01] 
1621556042134 [accx: -0.0 accy: 0.0] 
1621556042153 [accx: -0.0 accy: -0.0] 
1621556042173 [accx: 0.0 accy: 0.0] 
1621556042193 [accx: 0.01 accy: 0.0] 
1621556042213 [accx: 0.0 accy: 0.0] 
1621556042233 [accx: 0.01 accy: 0.0] 
1621556042253 [accx: 0.0 accy: -0.0] 
1621556042274 [accx: 0.0 accy: -0.0] 
1621556042295 [accx: 0.0 accy: -0.0] 
1621556042315 [accx: 0.0 accy: -0.0] 
1621556042333 [accx: 0.0 accy: 0.0] 
1621556042353 [accx: -0.0 accy: 0.0] 
1621556042373 [accx: 0.0 accy: 0.0] 
1621556042395 [accx: -0.0 accy: 0.0] 
1621556042413 [accx: -0.01 accy: 0.01] 
1621556042433 [accx: 0.01 accy: 0.0] 
1621556042453 [accx: 0.0 accy: -0.0] 
1621556042475 [accx: 0.01 accy: 0.0] 
1621556042493 [accx: 0.01 accy: -0.0] 
1621556042514 [accx: 0.0 accy: -0.0] 
1621556042533 [accx: 0.0 accy: 0.0] 
1621556042554 [accx: 0.0 accy: -0.0] 
1621556042573 [accx: 0.01 accy: -0.0] 
1621556042597 [accx: 0.0 accy: -0.01] 
1621556042614 [accx: 0.0 accy: -0.01] 
1621556042633 [accx: 0.0 accy: -0.01] 
1621556042656 [accx: 0.01 accy: -0.0] 
1621556042674 [accx: 0.0 accy: 0.0] 
1621556042694 [accx: -0.0 accy: 0.0] 
1621556042715 [accx: 0.0 accy: 0.0] 
1621556042734 [accx: -0.0 accy: -0.0] 
1621556042754 [accx: 0.0 accy: -0.0] 
1621556042773 [accx: 0.0 accy: -0.01] 
1621556042794 [accx: 0.0 accy: -0.0] 
1621556042813 [accx: 0.0 accy: -0.0] 
1621556042833 [accx: 0.01 accy: -0.0] 
1621556042853 [accx: 0.01 accy: -0.0] 
1621556042873 [accx: -0.0 accy: 0.0] 
1621556042894 [accx: 0.01 accy: -0.0] 
1621556042921 [accx: 0.0 accy: 0.0] 
1621556042933 [accx: -0.0 accy: 0.0] 
1621556042954 [accx: -0.0 accy: -0.0] 
1621556042974 [accx: 0.0 accy: -0.01] 
1621556042993 [accx: 0.0 accy: -0.01] 
1621556043013 [accx: 0.0 accy: -0.0] 
1621556043034 [accx: -0.0 accy: -0.01] 
1621556043054 [accx: -0.0 accy: -0.0] 
1621556043074 [accx: -0.0 accy: 0.0] 
1621556043093 [accx: -0.01 accy: 0.0] 
1621556043115 [accx: -0.01 accy: 0.0] 
1621556043133 [accx: 0.0 accy: -0.01] 
1621556043154 [accx: 0.0 accy: -0.01] 
1621556043173 [accx: 0.0 accy: -0.0] 
1621556043195 [accx: 0.0 accy: -0.01] 
1621556043213 [accx: 0.0 accy: -0.0] 
1621556043233 [accx: 0.0 accy: 0.0] 
1621556043255 [accx: 0.0 accy: -0.0] 
1621556043279 [accx: 0.0 accy: -0.0] 
1621556043293 [accx: -0.0 accy: -0.0] 
1621556043314 [accx: 0.0 accy: 0.0] 
1621556043333 [accx: 0.0 accy: -0.0] 
1621556043356 [accx: 0.0 accy: -0.0] 
1621556043374 [accx: 0.01 accy: -0.01] 
1621556043397 [accx: 0.0 accy: -0.01] 
1621556043414 [accx: 0.0 accy: -0.01] 
1621556043433 [accx: 0.0 accy: -0.01] 
1621556043453 [accx: 0.01 accy: -0.0] 
1621556043473 [accx: 0.0 accy: 0.0] 
1621556043494 [accx: 0.0 accy: -0.0] 
1621556043515 [accx: 0.01 accy: 0.0] 
1621556043534 [accx: 0.0 accy: 0.0] 
1621556043555 [accx: 0.01 accy: 0.0] 
1621556043574 [accx: 0.0 accy: 0.0] 
1621556043593 [accx: 0.0 accy: 0.0] 
1621556043615 [accx: -0.0 accy: -0.0] 
1621556043634 [accx: 0.0 accy: -0.0] 
1621556043653 [accx: -0.01 accy: 0.0] 
1621556043673 [accx: -0.01 accy: 0.0] 
1621556043693 [accx: -0.01 accy: -0.0] 
1621556043713 [accx: -0.0 accy: 0.0] 
1621556043733 [accx: 0.0 accy: 0.01] 
1621556043759 [accx: -0.0 accy: 0.0] 
1621556043773 [accx: 0.0 accy: 0.0] 
1621556043793 [accx: -0.0 accy: 0.0] 
1621556043814 [accx: 0.0 accy: 0.01] 
1621556043833 [accx: -0.0 accy: 0.0] 
1621556043854 [accx: -0.0 accy: -0.0] 
1621556043874 [accx: 0.0 accy: -0.0] 
1621556043893 [accx: 0.0 accy: -0.01] 
1621556043915 [accx: 0.0 accy: -0.0] 
1621556043934 [accx: 0.0 accy: 0.0] 
1621556043957 [accx: 0.01 accy: 0.0] 
1621556043973 [accx: 0.0 accy: -0.0] 
1621556043993 [accx: 0.01 accy: -0.01] 
1621556044015 [accx: 0.01 accy: -0.01] 
1621556044036 [accx: 0.01 accy: 0.0] 
1621556044054 [accx: 0.01 accy: 0.0] 
1621556044073 [accx: 0.01 accy: 0.0] 
1621556044094 [accx: 0.01 accy: -0.0] 
1621556044114 [accx: -0.0 accy: -0.0] 
1621556044134 [accx: 0.0 accy: -0.01] 
1621556044154 [accx: 0.0 accy: -0.0] 
1621556044178 [accx: 0.0 accy: 0.0] 
1621556044195 [accx: 0.01 accy: -0.01] 
1621556044213 [accx: 0.0 accy: -0.0] 
1621556044238 [accx: 0.0 accy: 0.0] 
1621556044254 [accx: -0.01 accy: -0.0] 
1621556044277 [accx: -0.0 accy: -0.01] 
1621556044293 [accx: -0.0 accy: -0.01] 
1621556044317 [accx: 0.01 accy: -0.01] 
1621556044345 [accx: 0.01 accy: -0.0] 
1621556044354 [accx: 0.01 accy: -0.01] 
1621556044373 [accx: 0.01 accy: -0.0] 
1621556044394 [accx: 0.0 accy: 0.0] 
1621556044419 [accx: -0.0 accy: 0.0] 
1621556044434 [accx: 0.0 accy: -0.01] 
1621556044466 [accx: 0.01 accy: -0.0] 
1621556044474 [accx: 0.0 accy: 0.0] 
1621556044493 [accx: 0.0 accy: -0.0] 
1621556044513 [accx: 0.0 accy: -0.01] 
1621556044534 [accx: -0.0 accy: 0.0] 
1621556044556 [accx: -0.0 accy: 0.0] 
1621556044579 [accx: 0.0 accy: -0.0] 
1621556044612 [accx: 0.0 accy: -0.0] 
1621556044616 [accx: 0.0 accy: -0.0] 
1621556044633 [accx: 0.0 accy: -0.0] 
1621556044678 [accx: -0.0 accy: -0.0] 
1621556044681 [accx: -0.0 accy: 0.0] 
1621556044694 [accx: -0.01 accy: 0.0] 
1621556044713 [accx: -0.0 accy: 0.01] 
1621556044737 [accx: 0.01 accy: -0.0] 
1621556044759 [accx: 0.0 accy: -0.01] 
1621556044773 [accx: -0.0 accy: -0.01] 
1621556044795 [accx: 0.0 accy: -0.0] 
1621556044816 [accx: 0.0 accy: 0.0] 
1621556044837 [accx: 0.0 accy: 0.0] 
1621556044856 [accx: -0.0 accy: -0.0] 
1621556044890 [accx: 0.0 accy: -0.0] 
1621556044899 [accx: 0.0 accy: -0.0] 
1621556044921 [accx: -0.0 accy: -0.0] 
1621556044938 [accx: 0.0 accy: 0.0] 
1621556044953 [accx: 0.0 accy: -0.0] 
1621556044974 [accx: 0.0 accy: -0.0] 
1621556045007 [accx: 0.01 accy: -0.0] 
1621556045016 [accx: 0.01 accy: -0.0] 
1621556045040 [accx: 0.0 accy: 0.0] 
1621556045069 [accx: 0.01 accy: -0.0] 
1621556045074 [accx: 0.01 accy: -0.0] 
1621556045093 [accx: 0.0 accy: -0.0] 
1621556045125 [accx: 0.01 accy: -0.0] 
1621556045142 [accx: 0.0 accy: -0.0] 
1621556045154 [accx: -0.0 accy: -0.0] 
1621556045174 [accx: -0.0 accy: -0.0] 
1621556045194 [accx: 0.0 accy: 0.0] 
1621556045215 [accx: 0.01 accy: 0.0] 
1621556045235 [accx: 0.0 accy: 0.0] 
1621556045253 [accx: -0.0 accy: 0.0] 
1621556045275 [accx: -0.0 accy: 0.0] 
1621556045294 [accx: -0.0 accy: -0.0] 
1621556045314 [accx: -0.0 accy: 0.0] 
1621556045333 [accx: 0.0 accy: -0.0] 
1621556045355 [accx: -0.0 accy: -0.01] 
1621556045373 [accx: 0.0 accy: -0.01] 
1621556045394 [accx: -0.0 accy: 0.0] 
1621556045413 [accx: -0.0 accy: 0.0] 
1621556045434 [accx: -0.01 accy: 0.0] 
1621556045456 [accx: -0.0 accy: 0.0] 
1621556045473 [accx: 0.0 accy: -0.0] 
1621556045493 [accx: -0.0 accy: -0.0] 
1621556045519 [accx: 0.0 accy: -0.01] 
1621556045535 [accx: 0.0 accy: 0.01] 
1621556045554 [accx: 0.0 accy: 0.0] 
1621556045582 [accx: 0.0 accy: 0.0] 
1621556045594 [accx: 0.0 accy: -0.0] 
1621556045620 [accx: -0.0 accy: -0.0] 
1621556045634 [accx: -0.0 accy: -0.0] 
1621556045658 [accx: -0.0 accy: -0.0] 
1621556045673 [accx: 0.0 accy: 0.0] 
1621556045699 [accx: 0.0 accy: -0.0] 
1621556045714 [accx: 0.0 accy: -0.01] 
1621556045736 [accx: 0.01 accy: 0.0] 
1621556045753 [accx: -0.0 accy: 0.0] 
1621556045773 [accx: 0.01 accy: -0.0] 
1621556045798 [accx: 0.0 accy: 0.0] 
1621556045813 [accx: 0.01 accy: 0.0] 
1621556045839 [accx: 0.0 accy: -0.0] 
1621556045853 [accx: 0.01 accy: -0.01] 
1621556045879 [accx: 0.01 accy: -0.01] 
1621556045893 [accx: 0.01 accy: -0.01] 
1621556045915 [accx: 0.0 accy: -0.0] 
1621556045933 [accx: 0.01 accy: -0.0] 
1621556045953 [accx: 0.01 accy: -0.0] 
1621556045973 [accx: 0.0 accy: -0.0] 
1621556045998 [accx: 0.01 accy: -0.0] 
1621556046015 [accx: 0.0 accy: -0.01] 
1621556046033 [accx: 0.0 accy: -0.0] 
1621556046054 [accx: 0.01 accy: -0.0] 
1621556046075 [accx: 0.0 accy: 0.0] 
1621556046094 [accx: -0.0 accy: 0.0] 
1621556046120 [accx: 0.0 accy: 0.0] 
1621556046136 [accx: 0.0 accy: 0.0] 
1621556046153 [accx: -0.0 accy: -0.0] 
1621556046173 [accx: 0.0 accy: 0.01] 
1621556046201 [accx: 0.0 accy: 0.0] 
1621556046214 [accx: 0.0 accy: 0.0] 
1621556046233 [accx: 0.0 accy: -0.0] 
1621556046265 [accx: -0.0 accy: -0.0] 
1621556046279 [accx: 0.0 accy: 0.0] 
1621556046300 [accx: 0.0 accy: 0.0] 
1621556046316 [accx: 0.0 accy: 0.01] 
1621556046333 [accx: 0.01 accy: -0.0] 
1621556046354 [accx: 0.0 accy: 0.0] 
1621556046373 [accx: 0.0 accy: -0.0] 
1621556046394 [accx: 0.0 accy: 0.0] 
1621556046420 [accx: -0.0 accy: 0.01] 
1621556046440 [accx: 0.0 accy: 0.0] 
1621556046469 [accx: 0.0 accy: 0.0] 
1621556046494 [accx: -0.0 accy: 0.0] 
1621556046496 [accx: 0.0 accy: -0.0] 
1621556046525 [accx: 0.01 accy: -0.0] 
1621556046542 [accx: 0.01 accy: 0.0] 
1621556046555 [accx: 0.0 accy: -0.0] 
1621556046573 [accx: -0.0 accy: -0.0] 
1621556046596 [accx: 0.0 accy: 0.0] 
1621556046616 [accx: 0.01 accy: -0.0] 
1621556046633 [accx: -0.0 accy: -0.0] 
1621556046653 [accx: 0.0 accy: 0.0] 
1621556046676 [accx: 0.0 accy: 0.0] 
1621556046706 [accx: 0.0 accy: 0.0] 
1621556046718 [accx: 0.0 accy: 0.0] 
1621556046739 [accx: 0.01 accy: 0.0] 
1621556046754 [accx: 0.0 accy: -0.0] 
1621556046773 [accx: 0.0 accy: -0.0] 
1621556046799 [accx: 0.0 accy: 0.0] 
1621556046819 [accx: 0.0 accy: 0.0] 
1621556046846 [accx: 0.0 accy: -0.0] 
1621556046861 [accx: 0.0 accy: 0.0] 
1621556046896 [accx: 0.0 accy: -0.0] 
1621556046912 [accx: 0.0 accy: 0.0] 
1621556046920 [accx: 0.0 accy: 0.0] 
1621556046938 [accx: 0.01 accy: 0.0] 
1621556046953 [accx: 0.0 accy: -0.01] 
1621556046976 [accx: 0.0 accy: -0.0] 
1621556046993 [accx: 0.0 accy: -0.0] 
1621556047016 [accx: 0.0 accy: 0.0] 
1621556047039 [accx: 0.0 accy: 0.0] 
1621556047066 [accx: 0.01 accy: 0.0] 
1621556047085 [accx: 0.0 accy: 0.0] 
1621556047097 [accx: 0.01 accy: 0.0] 
1621556047116 [accx: 0.0 accy: 0.0] 
1621556047133 [accx: 0.0 accy: -0.0] 
1621556047159 [accx: 0.01 accy: -0.0] 
1621556047173 [accx: 0.01 accy: 0.0] 
1621556047197 [accx: 0.0 accy: 0.0] 
1621556047213 [accx: 0.0 accy: 0.0] 
1621556047235 [accx: 0.01 accy: -0.0] 
1621556047263 [accx: 0.01 accy: 0.0] 
1621556047278 [accx: -0.0 accy: -0.01] 
1621556047296 [accx: -0.0 accy: -0.01] 
1621556047314 [accx: -0.0 accy: -0.0] 
1621556047334 [accx: -0.0 accy: 0.01] 
1621556047369 [accx: 0.0 accy: 0.01] 
1621556047375 [accx: 0.01 accy: 0.0] 
1621556047394 [accx: 0.01 accy: 0.0] 
1621556047416 [accx: 0.01 accy: -0.0] 
1621556047436 [accx: 0.0 accy: 0.0] 
1621556047454 [accx: 0.01 accy: 0.0] 
1621556047473 [accx: 0.0 accy: 0.01] 
1621556047495 [accx: 0.01 accy: 0.0] 
1621556047513 [accx: 0.01 accy: 0.0] 
1621556047533 [accx: 0.01 accy: -0.0] 
1621556047554 [accx: 0.01 accy: -0.0] 
1621556047573 [accx: 0.0 accy: -0.01] 
1621556047593 [accx: 0.0 accy: -0.01] 
1621556047614 [accx: 0.0 accy: -0.01] 
1621556047641 [accx: -0.0 accy: -0.0] 
1621556047653 [accx: 0.0 accy: -0.01] 
1621556047673 [accx: 0.0 accy: -0.0] 
1621556047693 [accx: 0.0 accy: -0.0] 
1621556047719 [accx: 0.0 accy: -0.0] 
1621556047733 [accx: 0.0 accy: 0.0] 
1621556047757 [accx: -0.0 accy: 0.0] 
1621556047773 [accx: -0.01 accy: 0.0] 
1621556047794 [accx: -0.0 accy: 0.0] 
1621556047828 [accx: 0.0 accy: 0.01] 
1621556047833 [accx: -0.0 accy: 0.0] 
1621556047859 [accx: 0.0 accy: -0.0] 
1621556047880 [accx: 0.0 accy: 0.0] 
1621556047895 [accx: 0.0 accy: -0.0] 
1621556047913 [accx: 0.0 accy: 0.0] 
1621556047943 [accx: 0.01 accy: 0.0] 
1621556047953 [accx: 0.02 accy: -0.0] 
1621556047973 [accx: 0.01 accy: -0.0] 
1621556047993 [accx: 0.02 accy: 0.0] 
1621556048013 [accx: 0.01 accy: 0.01] 
1621556048033 [accx: 0.01 accy: 0.01] 
1621556048053 [accx: 0.01 accy: 0.0] 
1621556048084 [accx: 0.01 accy: -0.0] 
1621556048103 [accx: 0.01 accy: -0.01] 
1621556048123 [accx: 0.0 accy: -0.0] 
1621556048133 [accx: 0.01 accy: -0.01] 
1621556048154 [accx: 0.01 accy: -0.01] 
1621556048179 [accx: 0.01 accy: -0.0] 
1621556048193 [accx: 0.0 accy: -0.0] 
1621556048214 [accx: 0.01 accy: -0.01] 
1621556048233 [accx: 0.01 accy: -0.01] 
1621556048257 [accx: 0.01 accy: -0.01] 
1621556048273 [accx: 0.01 accy: -0.01] 
1621556048293 [accx: 0.01 accy: -0.01] 
1621556048317 [accx: 0.0 accy: -0.0] 
1621556048339 [accx: 0.0 accy: -0.0] 
1621556048353 [accx: 0.0 accy: -0.0] 
1621556048377 [accx: 0.0 accy: -0.0] 
1621556048396 [accx: 0.0 accy: -0.0] 
1621556048413 [accx: -0.0 accy: -0.01] 
1621556048433 [accx: 0.0 accy: -0.01] 
1621556048453 [accx: -0.0 accy: -0.01] 
1621556048473 [accx: 0.0 accy: -0.0] 
1621556048498 [accx: -0.0 accy: -0.01] 
1621556048514 [accx: -0.0 accy: -0.01] 
1621556048537 [accx: -0.0 accy: -0.0] 
1621556048553 [accx: -0.01 accy: -0.01] 
1621556048574 [accx: 0.0 accy: -0.0] 
1621556048594 [accx: 0.0 accy: 0.0] 
1621556048619 [accx: 0.0 accy: -0.0] 
1621556048636 [accx: 0.01 accy: 0.0] 
1621556048653 [accx: -0.0 accy: -0.0] 
1621556048679 [accx: 0.0 accy: 0.0] 
1621556048695 [accx: 0.0 accy: 0.0] 
1621556048713 [accx: 0.0 accy: -0.0] 
1621556048739 [accx: 0.0 accy: -0.0] 
1621556048754 [accx: 0.01 accy: 0.0] 
1621556048773 [accx: 0.01 accy: -0.0] 
1621556048793 [accx: 0.01 accy: 0.0] 
1621556048814 [accx: 0.0 accy: -0.0] 
1621556048834 [accx: 0.0 accy: 0.0] 
1621556048853 [accx: 0.0 accy: -0.01] 
1621556048874 [accx: -0.0 accy: -0.01] 
1621556048893 [accx: 0.0 accy: -0.0] 
1621556048921 [accx: 0.0 accy: -0.0] 
1621556048933 [accx: 0.0 accy: -0.01] 
1621556048953 [accx: -0.0 accy: -0.01] 
1621556048984 [accx: 0.0 accy: -0.0] 
1621556049011 [accx: 0.0 accy: -0.0] 
1621556049014 [accx: 0.0 accy: -0.01] 
1621556049033 [accx: 0.01 accy: -0.0] 
1621556049062 [accx: 0.0 accy: -0.0] 
1621556049082 [accx: 0.01 accy: 0.0] 
1621556049105 [accx: 0.0 accy: 0.0] 
1621556049117 [accx: 0.0 accy: 0.0] 
1621556049138 [accx: -0.0 accy: 0.0] 
1621556049158 [accx: -0.0 accy: -0.0] 
1621556049179 [accx: 0.0 accy: 0.0] 
1621556049194 [accx: 0.0 accy: 0.01] 
1621556049215 [accx: 0.0 accy: 0.0] 
1621556049233 [accx: 0.01 accy: 0.0] 
1621556049254 [accx: 0.01 accy: 0.0] 
1621556049284 [accx: -0.0 accy: 0.0] 
1621556049298 [accx: -0.0 accy: 0.0] 
1621556049324 [accx: 0.0 accy: 0.0] 
1621556049338 [accx: -0.0 accy: 0.0] 
1621556049353 [accx: -0.0 accy: 0.0] 
1621556049373 [accx: -0.0 accy: -0.0] 
1621556049433 [accx: 0.0 accy: -0.0] 
1621556049437 [accx: 0.01 accy: 0.0] 
1621556049440 [accx: 0.0 accy: -0.0] 
1621556049453 [accx: -0.0 accy: 0.0] 
1621556049473 [accx: 0.01 accy: 0.01] 
1621556049494 [accx: 0.01 accy: 0.0] 
1621556049521 [accx: 0.01 accy: 0.0] 
1621556049533 [accx: 0.0 accy: -0.0] 
1621556049553 [accx: 0.01 accy: 0.0] 
1621556049573 [accx: 0.01 accy: 0.0] 
1621556049593 [accx: 0.0 accy: -0.0] 
1621556049613 [accx: 0.0 accy: -0.0] 
1621556049633 [accx: 0.0 accy: -0.01] 
1621556049653 [accx: 0.0 accy: -0.0] 
1621556049673 [accx: 0.0 accy: -0.01] 
1621556049693 [accx: 0.0 accy: -0.0] 
1621556049713 [accx: 0.0 accy: 0.0] 
1621556049733 [accx: 0.0 accy: 0.0] 
1621556049753 [accx: 0.01 accy: -0.0] 
1621556049773 [accx: 0.0 accy: -0.0] 
1621556049800 [accx: -0.0 accy: -0.0] 
1621556049827 [accx: 0.0 accy: -0.0] 
1621556049839 [accx: 0.0 accy: -0.0] 
1621556049862 [accx: 0.0 accy: 0.0] 
1621556049885 [accx: 0.01 accy: 0.0] 
1621556049893 [accx: 0.0 accy: 0.0] 
1621556049915 [accx: 0.0 accy: -0.0] 
1621556049933 [accx: -0.0 accy: -0.0] 
1621556049956 [accx: 0.0 accy: 0.0] 
1621556049974 [accx: -0.0 accy: 0.0] 
1621556049993 [accx: 0.0 accy: 0.01] 
1621556050015 [accx: 0.01 accy: 0.0] 
1621556050033 [accx: 0.0 accy: -0.0] 
1621556050058 [accx: 0.0 accy: -0.0] 
1621556050073 [accx: 0.0 accy: 0.0] 
1621556050093 [accx: 0.01 accy: 0.0] 
1621556050119 [accx: 0.0 accy: 0.0] 
1621556050169 [accx: 0.01 accy: -0.0] 
1621556050191 [accx: 0.0 accy: -0.0] 
1621556050194 [accx: 0.01 accy: -0.0] 
1621556050225 [accx: 0.0 accy: -0.0] 
1621556050235 [accx: -0.0 accy: 0.0] 
1621556050254 [accx: 0.01 accy: 0.01] 
1621556050266 [accx: 0.0 accy: 0.0] 
1621556050293 [accx: 0.0 accy: 0.0] 
1621556050313 [accx: 0.01 accy: 0.0] 
1621556050317 [accx: 0.0 accy: -0.0] 
1621556050335 [accx: 0.0 accy: -0.0] 
1621556050359 [accx: -0.0 accy: -0.0] 
1621556050373 [accx: 0.0 accy: 0.0] 
1621556050394 [accx: 0.01 accy: -0.0] 
1621556050414 [accx: 0.01 accy: -0.0] 
1621556050440 [accx: 0.01 accy: -0.0] 
1621556050453 [accx: 0.01 accy: 0.0] 
1621556050474 [accx: 0.0 accy: 0.0] 
1621556050494 [accx: 0.0 accy: 0.0] 
1621556050514 [accx: 0.01 accy: 0.0] 
1621556050533 [accx: 0.01 accy: 0.0] 
1621556050563 [accx: 0.01 accy: 0.0] 
1621556050573 [accx: 0.0 accy: 0.0] 
1621556050601 [accx: 0.0 accy: -0.0] 
1621556050614 [accx: 0.0 accy: -0.0] 
1621556050634 [accx: 0.01 accy: 0.0] 
1621556050656 [accx: 0.0 accy: -0.0] 
1621556050681 [accx: 0.0 accy: -0.01] 
1621556050699 [accx: 0.01 accy: -0.01] 
1621556050718 [accx: 0.01 accy: -0.0] 
1621556050739 [accx: 0.01 accy: -0.0] 
1621556050757 [accx: 0.01 accy: 0.0] 
1621556050775 [accx: 0.0 accy: 0.01] 
1621556050794 [accx: 0.0 accy: 0.01] 
1621556050818 [accx: 0.0 accy: -0.0] 
1621556050834 [accx: 0.01 accy: -0.0] 
1621556050853 [accx: 0.0 accy: -0.0] 
1621556050875 [accx: 0.01 accy: -0.0] 
1621556050899 [accx: 0.01 accy: 0.0] 
1621556050925 [accx: 0.0 accy: 0.0] 
1621556050937 [accx: 0.01 accy: -0.0] 
1621556050954 [accx: 0.01 accy: -0.0] 
1621556050974 [accx: 0.0 accy: -0.01] 
1621556050996 [accx: 0.0 accy: -0.0] 
1621556051022 [accx: 0.0 accy: 0.0] 
1621556051044 [accx: 0.01 accy: -0.0] 
1621556051054 [accx: 0.01 accy: -0.01] 
1621556051082 [accx: 0.0 accy: -0.0] 
1621556051095 [accx: 0.01 accy: -0.01] 
1621556051125 [accx: 0.01 accy: -0.01] 
1621556051139 [accx: 0.0 accy: -0.01] 
1621556051175 [accx: 0.0 accy: -0.0] 
1621556051178 [accx: 0.01 accy: -0.0] 
1621556051202 [accx: 0.01 accy: -0.0] 
1621556051213 [accx: 0.01 accy: -0.01] 
1621556051238 [accx: 0.01 accy: -0.0] 
1621556051256 [accx: 0.01 accy: -0.01] 
1621556051279 [accx: 0.01 accy: -0.0] 
1621556051334 [accx: 0.0 accy: -0.0] 
1621556051339 [accx: -0.0 accy: -0.01] 
1621556051342 [accx: -0.0 accy: -0.0] 
1621556051362 [accx: 0.0 accy: -0.0] 
1621556051389 [accx: -0.0 accy: -0.0] 
1621556051402 [accx: 0.0 accy: 0.0] 
1621556051420 [accx: 0.0 accy: 0.0] 
1621556051434 [accx: 0.0 accy: 0.0] 
1621556051467 [accx: 0.0 accy: 0.0] 
1621556051473 [accx: 0.0 accy: 0.0] 
1621556051502 [accx: -0.0 accy: 0.0] 
1621556051513 [accx: -0.0 accy: -0.0] 
1621556051545 [accx: 0.0 accy: 0.0] 
1621556051559 [accx: 0.0 accy: 0.01] 
1621556051575 [accx: -0.0 accy: 0.0] 
1621556051610 [accx: -0.0 accy: 0.0] 
1621556051613 [accx: 0.01 accy: -0.0] 
1621556051636 [accx: 0.0 accy: -0.0] 
1621556051653 [accx: 0.0 accy: 0.01] 
1621556051675 [accx: 0.0 accy: -0.0] 
1621556051696 [accx: 0.0 accy: -0.0] 
1621556051727 [accx: 0.0 accy: 0.0] 
1621556051736 [accx: 0.0 accy: -0.0] 
1621556051754 [accx: 0.0 accy: -0.0] 
1621556051774 [accx: 0.0 accy: 0.01] 
1621556051794 [accx: 0.0 accy: 0.0] 
1621556051813 [accx: -0.0 accy: 0.01] 
1621556051835 [accx: -0.0 accy: 0.01] 
1621556051860 [accx: 0.0 accy: 0.0] 
1621556051877 [accx: 0.01 accy: -0.0] 
1621556051893 [accx: 0.01 accy: 0.0] 
1621556051918 [accx: 0.0 accy: 0.01] 
1621556051934 [accx: 0.0 accy: 0.01] 
1621556051953 [accx: -0.0 accy: 0.0] 
1621556051973 [accx: -0.01 accy: 0.0] 
1621556052007 [accx: -0.0 accy: 0.01] 
1621556052016 [accx: 0.0 accy: 0.01] 
1621556052033 [accx: -0.0 accy: 0.01] 
1621556052055 [accx: 0.0 accy: 0.0] 
1621556052074 [accx: 0.0 accy: 0.0] 
1621556052101 [accx: 0.0 accy: 0.0] 
1621556052114 [accx: 0.0 accy: -0.0] 
1621556052133 [accx: -0.0 accy: -0.0] 
1621556052153 [accx: 0.0 accy: -0.0] 
1621556052173 [accx: 0.01 accy: 0.0] 
1621556052193 [accx: 0.0 accy: -0.0] 
1621556052216 [accx: 0.01 accy: -0.0] 
1621556052236 [accx: 0.0 accy: -0.0] 
1621556052254 [accx: 0.0 accy: -0.0] 
1621556052274 [accx: 0.0 accy: -0.01] 
1621556052293 [accx: 0.0 accy: -0.0] 
1621556052313 [accx: 0.0 accy: -0.0] 
1621556052334 [accx: 0.0 accy: -0.01] 
1621556052353 [accx: -0.0 accy: -0.0] 
1621556052375 [accx: -0.01 accy: -0.0] 
1621556052396 [accx: -0.0 accy: 0.0] 
1621556052421 [accx: 0.0 accy: -0.0] 
1621556052433 [accx: -0.0 accy: 0.0] 
1621556052454 [accx: 0.01 accy: -0.0] 
1621556052473 [accx: 0.01 accy: -0.0] 
1621556052495 [accx: 0.01 accy: 0.0] 
1621556052522 [accx: 0.01 accy: 0.0] 
1621556052543 [accx: 0.0 accy: 0.0] 
1621556052554 [accx: 0.01 accy: 0.0] 
1621556052574 [accx: 0.0 accy: 0.0] 
1621556052593 [accx: 0.0 accy: 0.0] 
1621556052616 [accx: -0.0 accy: -0.0] 
1621556052633 [accx: -0.0 accy: 0.0] 
1621556052658 [accx: -0.0 accy: 0.0] 
1621556052674 [accx: -0.0 accy: 0.0] 
1621556052693 [accx: -0.0 accy: -0.0] 
1621556052715 [accx: -0.0 accy: -0.0] 
1621556052738 [accx: 0.0 accy: -0.0] 
1621556052762 [accx: 0.0 accy: 0.0] 
1621556052785 [accx: 0.0 accy: 0.0] 
1621556052793 [accx: 0.0 accy: 0.0] 
1621556052816 [accx: 0.0 accy: 0.0] 
1621556052833 [accx: 0.0 accy: 0.01] 
1621556052854 [accx: 0.0 accy: 0.0] 
1621556052874 [accx: 0.01 accy: 0.0] 
1621556052894 [accx: 0.01 accy: -0.0] 
1621556052913 [accx: 0.01 accy: -0.01] 
1621556052933 [accx: 0.01 accy: -0.0] 
1621556052953 [accx: 0.0 accy: 0.0] 
1621556052984 [accx: 0.01 accy: -0.0] 
1621556052993 [accx: 0.0 accy: -0.0] 
1621556053017 [accx: -0.0 accy: 0.0] 
1621556053034 [accx: -0.0 accy: -0.0] 
1621556053053 [accx: -0.01 accy: 0.0] 
1621556053073 [accx: -0.0 accy: -0.0] 
1621556053096 [accx: -0.0 accy: 0.0] 
1621556053115 [accx: -0.0 accy: 0.0] 
1621556053136 [accx: 0.0 accy: -0.0] 
1621556053157 [accx: 0.0 accy: -0.0] 
1621556053173 [accx: 0.0 accy: -0.0] 
1621556053197 [accx: 0.0 accy: -0.0] 
1621556053219 [accx: 0.0 accy: -0.0] 
1621556053233 [accx: 0.01 accy: -0.01] 
1621556053253 [accx: 0.0 accy: -0.01] 
1621556053278 [accx: 0.0 accy: -0.01] 
1621556053293 [accx: 0.0 accy: -0.0] 
1621556053314 [accx: -0.0 accy: -0.0] 
1621556053332 [accx: 0.0 accy: -0.01] 
1621556053353 [accx: 0.01 accy: -0.0] 
1621556053375 [accx: 0.0 accy: -0.01] 
1621556053393 [accx: 0.0 accy: 0.0] 
1621556053413 [accx: 0.0 accy: -0.0] 
1621556053433 [accx: 0.0 accy: -0.0] 
1621556053453 [accx: 0.0 accy: -0.0] 
1621556053474 [accx: 0.01 accy: -0.0] 
1621556053498 [accx: 0.01 accy: 0.0] 
1621556053513 [accx: 0.0 accy: 0.0] 
1621556053533 [accx: -0.0 accy: 0.0] 
1621556053558 [accx: -0.0 accy: 0.0] 
1621556053574 [accx: -0.01 accy: 0.0] 
1621556053597 [accx: -0.0 accy: -0.0] 
1621556053613 [accx: -0.0 accy: 0.0] 
1621556053640 [accx: 0.0 accy: -0.0] 
1621556053654 [accx: 0.0 accy: -0.0] 
1621556053674 [accx: -0.0 accy: -0.0] 
1621556053698 [accx: -0.01 accy: -0.0] 
1621556053718 [accx: -0.0 accy: -0.0] 
1621556053734 [accx: 0.0 accy: -0.01] 
1621556053753 [accx: 0.0 accy: -0.0] 
1621556053778 [accx: 0.01 accy: 0.0] 
1621556053793 [accx: 0.0 accy: 0.01] 
1621556053816 [accx: 0.0 accy: 0.0] 
1621556053833 [accx: 0.0 accy: -0.0] 
1621556053855 [accx: 0.01 accy: -0.0] 
1621556053874 [accx: 0.0 accy: 0.0] 
1621556053894 [accx: -0.0 accy: -0.0] 
1621556053913 [accx: 0.0 accy: -0.0] 
1621556053934 [accx: 0.0 accy: -0.0] 
1621556053953 [accx: 0.0 accy: 0.0] 
1621556053974 [accx: 0.0 accy: -0.01] 
1621556053993 [accx: 0.0 accy: -0.0] 
1621556054017 [accx: -0.0 accy: -0.0] 
1621556054035 [accx: 0.0 accy: -0.0] 
1621556054053 [accx: -0.0 accy: 0.0] 
1621556054076 [accx: 0.0 accy: 0.0] 
1621556054094 [accx: -0.0 accy: -0.0] 
1621556054114 [accx: 0.0 accy: -0.0] 
1621556054133 [accx: 0.0 accy: 0.0] 
1621556054153 [accx: 0.0 accy: 0.01] 
1621556054185 [accx: 0.01 accy: 0.0] 
1621556054193 [accx: 0.01 accy: -0.0] 
1621556054213 [accx: 0.01 accy: 0.0] 
1621556054234 [accx: 0.0 accy: 0.01] 
1621556054253 [accx: 0.0 accy: 0.01] 
1621556054273 [accx: 0.0 accy: -0.0] 
1621556054293 [accx: 0.01 accy: -0.0] 
1621556054314 [accx: 0.01 accy: -0.0] 
1621556054334 [accx: -0.0 accy: -0.0] 
1621556054354 [accx: 0.0 accy: -0.0] 
1621556054376 [accx: 0.0 accy: -0.0] 
1621556054393 [accx: 0.0 accy: -0.01] 
1621556054415 [accx: 0.01 accy: -0.0] 
1621556054436 [accx: 0.0 accy: -0.0] 
1621556054456 [accx: 0.0 accy: -0.0] 
1621556054485 [accx: 0.0 accy: 0.0] 
1621556054493 [accx: 0.0 accy: 0.0] 
1621556054514 [accx: 0.01 accy: 0.0] 
1621556054533 [accx: 0.0 accy: 0.0] 
1621556054556 [accx: 0.0 accy: 0.0] 
1621556054573 [accx: 0.01 accy: 0.0] 
1621556054598 [accx: 0.0 accy: 0.0] 
1621556054619 [accx: 0.0 accy: -0.01] 
1621556054638 [accx: 0.0 accy: -0.0] 
1621556054653 [accx: 0.0 accy: -0.0] 
1621556054686 [accx: 0.0 accy: -0.0] 
1621556054698 [accx: 0.0 accy: 0.0] 
1621556054718 [accx: 0.01 accy: 0.0] 
1621556054733 [accx: 0.0 accy: 0.0] 
1621556054762 [accx: 0.0 accy: 0.0] 
1621556054773 [accx: -0.0 accy: -0.0] 
1621556054793 [accx: 0.01 accy: 0.0] 
1621556054813 [accx: -0.0 accy: 0.0] 
1621556054836 [accx: -0.0 accy: -0.0] 
1621556054853 [accx: 0.0 accy: -0.0] 
1621556054873 [accx: 0.0 accy: -0.0] 
1621556054902 [accx: -0.0 accy: 0.0] 
1621556054926 [accx: -0.0 accy: -0.0] 
1621556054934 [accx: 0.0 accy: -0.0] 
1621556054954 [accx: -0.0 accy: -0.0] 
1621556054973 [accx: -0.0 accy: -0.0] 
1621556054993 [accx: -0.0 accy: -0.0] 
1621556055013 [accx: 0.01 accy: -0.0] 
1621556055033 [accx: 0.01 accy: 0.0] 
1621556055053 [accx: 0.01 accy: 0.0] 
1621556055073 [accx: 0.0 accy: 0.0] 
1621556055093 [accx: 0.0 accy: -0.0] 
1621556055113 [accx: 0.0 accy: -0.0] 
1621556055135 [accx: -0.0 accy: -0.0] 
1621556055153 [accx: 0.01 accy: -0.0] 
1621556055173 [accx: 0.0 accy: -0.0] 
1621556055193 [accx: 0.0 accy: 0.0] 
1621556055213 [accx: 0.0 accy: 0.01] 
1621556055234 [accx: 0.0 accy: 0.01] 
1621556055253 [accx: 0.0 accy: 0.0] 
1621556055273 [accx: 0.01 accy: -0.0] 
1621556055294 [accx: 0.01 accy: -0.0] 
1621556055313 [accx: 0.0 accy: 0.0] 
1621556055339 [accx: 0.0 accy: 0.0] 
1621556055354 [accx: 0.0 accy: 0.0] 
1621556055383 [accx: -0.0 accy: 0.0] 
1621556055412 [accx: -0.0 accy: 0.0] 
1621556055422 [accx: -0.0 accy: 0.01] 
1621556055433 [accx: 0.0 accy: 0.01] 
1621556055454 [accx: 0.0 accy: -0.0] 
1621556055473 [accx: 0.01 accy: 0.0] 
1621556055499 [accx: 0.01 accy: 0.0] 
1621556055513 [accx: 0.0 accy: -0.0] 
1621556055533 [accx: -0.0 accy: -0.0] 
1621556055553 [accx: -0.0 accy: -0.0] 
1621556055573 [accx: 0.0 accy: -0.01] 
1621556055593 [accx: -0.0 accy: -0.0] 
1621556055629 [accx: -0.01 accy: -0.01] 
1621556055634 [accx: -0.01 accy: 0.0] 
1621556055653 [accx: -0.0 accy: -0.01] 
1621556055674 [accx: 0.0 accy: -0.0] 
1621556055693 [accx: 0.0 accy: -0.01] 
1621556055713 [accx: 0.0 accy: -0.0] 
1621556055733 [accx: 0.0 accy: -0.0] 
1621556055753 [accx: 0.01 accy: -0.0] 
1621556055783 [accx: 0.01 accy: -0.0] 
1621556055797 [accx: 0.01 accy: -0.0] 
1621556055813 [accx: 0.01 accy: -0.0] 
1621556055833 [accx: 0.01 accy: -0.01] 
1621556055853 [accx: 0.01 accy: 0.0] 
1621556055874 [accx: 0.0 accy: 0.0] 
1621556055896 [accx: 0.0 accy: 0.0] 
1621556055915 [accx: 0.0 accy: 0.0] 
1621556055935 [accx: 0.01 accy: -0.0] 
1621556055953 [accx: 0.01 accy: -0.0] 
1621556055973 [accx: 0.01 accy: -0.0] 
1621556055996 [accx: -0.01 accy: -0.0] 
1621556056014 [accx: 0.0 accy: 0.0] 
1621556056035 [accx: 0.0 accy: -0.0] 
1621556056068 [accx: 0.0 accy: -0.0] 
1621556056073 [accx: 0.0 accy: -0.0] 
1621556056093 [accx: 0.01 accy: 0.0] 
1621556056117 [accx: 0.01 accy: -0.0] 
1621556056134 [accx: 0.01 accy: 0.0] 
1621556056154 [accx: 0.01 accy: 0.0] 
1621556056173 [accx: 0.0 accy: 0.0] 
1621556056194 [accx: -0.0 accy: -0.0] 
1621556056213 [accx: -0.0 accy: 0.0] 
1621556056237 [accx: 0.0 accy: 0.0] 
1621556056254 [accx: 0.0 accy: 0.01] 
1621556056273 [accx: 0.0 accy: 0.01] 
1621556056299 [accx: 0.0 accy: 0.0] 
1621556056317 [accx: 0.0 accy: 0.0] 
1621556056333 [accx: 0.01 accy: -0.01] 
1621556056353 [accx: 0.0 accy: 0.0] 
1621556056379 [accx: 0.01 accy: 0.0] 
1621556056393 [accx: 0.01 accy: 0.0] 
1621556056417 [accx: 0.01 accy: -0.0] 
1621556056447 [accx: -0.0 accy: 0.0] 
1621556056453 [accx: 0.01 accy: -0.0] 
1621556056476 [accx: 0.01 accy: 0.0] 
1621556056493 [accx: 0.0 accy: -0.0] 
1621556056513 [accx: 0.0 accy: -0.0] 
1621556056534 [accx: 0.01 accy: 0.0] 
1621556056564 [accx: 0.0 accy: 0.0] 
1621556056573 [accx: 0.0 accy: -0.0] 
1621556056596 [accx: 0.0 accy: -0.0] 
1621556056615 [accx: 0.0 accy: -0.0] 
1621556056634 [accx: 0.0 accy: -0.01] 
1621556056655 [accx: 0.0 accy: 0.0] 
1621556056674 [accx: -0.0 accy: 0.0] 
1621556056693 [accx: 0.01 accy: -0.0] 
1621556056714 [accx: 0.0 accy: 0.0] 
1621556056738 [accx: 0.0 accy: 0.0] 
1621556056754 [accx: -0.0 accy: -0.0] 
1621556056773 [accx: 0.01 accy: -0.0] 
1621556056804 [accx: 0.0 accy: 0.0] 
1621556056814 [accx: 0.01 accy: 0.0] 
1621556056840 [accx: 0.0 accy: 0.0] 
1621556056854 [accx: 0.0 accy: 0.0] 
1621556056874 [accx: 0.01 accy: 0.0] 
1621556056901 [accx: 0.01 accy: 0.0] 
1621556056917 [accx: 0.0 accy: -0.0] 
1621556056944 [accx: 0.0 accy: -0.0] 
1621556056954 [accx: 0.0 accy: -0.01] 
1621556056974 [accx: 0.0 accy: 0.0] 
1621556056993 [accx: -0.0 accy: -0.0] 
1621556057015 [accx: 0.01 accy: 0.0] 
1621556057033 [accx: 0.01 accy: 0.0] 
1621556057055 [accx: 0.01 accy: -0.0] 
1621556057073 [accx: 0.01 accy: -0.01] 
1621556057100 [accx: 0.0 accy: -0.0] 
1621556057113 [accx: -0.01 accy: -0.0] 
1621556057138 [accx: -0.0 accy: -0.01] 
1621556057156 [accx: 0.0 accy: -0.01] 
1621556057174 [accx: 0.0 accy: -0.0] 
1621556057193 [accx: 0.0 accy: -0.0] 
1621556057213 [accx: -0.0 accy: -0.01] 
1621556057239 [accx: -0.0 accy: -0.0] 
1621556057253 [accx: 0.0 accy: -0.0] 
1621556057275 [accx: 0.0 accy: -0.01] 
1621556057297 [accx: 0.01 accy: -0.0] 
1621556057313 [accx: 0.01 accy: -0.0] 
1621556057336 [accx: 0.01 accy: 0.0] 
1621556057362 [accx: 0.01 accy: -0.0] 
1621556057374 [accx: 0.01 accy: 0.0] 
1621556057393 [accx: 0.0 accy: 0.0] 
1621556057413 [accx: 0.0 accy: 0.0] 
1621556057434 [accx: -0.0 accy: -0.0] 
1621556057455 [accx: 0.0 accy: -0.0] 
1621556057473 [accx: 0.01 accy: -0.0] 
1621556057493 [accx: 0.01 accy: -0.0] 
1621556057513 [accx: 0.01 accy: -0.01] 
1621556057546 [accx: 0.01 accy: -0.0] 
1621556057553 [accx: 0.01 accy: -0.0] 
1621556057573 [accx: 0.0 accy: -0.0] 
1621556057594 [accx: 0.0 accy: -0.0] 
1621556057613 [accx: 0.01 accy: 0.0] 
1621556057636 [accx: 0.0 accy: 0.01] 
1621556057655 [accx: 0.0 accy: 0.0] 
1621556057673 [accx: 0.01 accy: -0.0] 
1621556057693 [accx: 0.01 accy: -0.01] 
1621556057713 [accx: 0.0 accy: -0.01] 
1621556057733 [accx: 0.0 accy: -0.0] 
1621556057753 [accx: -0.0 accy: -0.0] 
1621556057773 [accx: 0.0 accy: -0.0] 
1621556057793 [accx: 0.0 accy: 0.0] 
1621556057813 [accx: 0.0 accy: -0.0] 
1621556057833 [accx: 0.01 accy: -0.01] 
1621556057854 [accx: 0.0 accy: 0.0] 
1621556057874 [accx: -0.0 accy: 0.01] 
1621556057894 [accx: -0.0 accy: 0.0] 
1621556057915 [accx: 0.0 accy: -0.0] 
1621556057936 [accx: 0.0 accy: 0.0] 
1621556057953 [accx: 0.01 accy: 0.0] 
1621556057975 [accx: 0.01 accy: -0.0] 
1621556057996 [accx: 0.01 accy: -0.0] 
1621556058013 [accx: 0.0 accy: -0.0] 
1621556058033 [accx: 0.0 accy: 0.0] 
1621556058053 [accx: 0.0 accy: 0.0] 
1621556058073 [accx: 0.0 accy: 0.0] 
1621556058099 [accx: 0.01 accy: -0.0] 
1621556058113 [accx: 0.01 accy: -0.0] 
1621556058137 [accx: 0.0 accy: -0.01] 
1621556058153 [accx: 0.0 accy: -0.01] 
1621556058181 [accx: -0.0 accy: -0.01] 
1621556058194 [accx: 0.0 accy: -0.01] 
1621556058213 [accx: 0.0 accy: -0.0] 
1621556058237 [accx: -0.01 accy: -0.0] 
1621556058254 [accx: 0.0 accy: -0.0] 
1621556058276 [accx: -0.0 accy: 0.0] 
1621556058294 [accx: 0.01 accy: 0.0] 
1621556058316 [accx: 0.0 accy: -0.0] 
1621556058334 [accx: 0.01 accy: 0.0] 
1621556058353 [accx: 0.0 accy: 0.0] 
1621556058374 [accx: -0.0 accy: 0.0] 
1621556058394 [accx: 0.0 accy: -0.0] 
1621556058413 [accx: 0.0 accy: -0.0] 
1621556058434 [accx: -0.0 accy: -0.0] 
1621556058454 [accx: -0.0 accy: -0.01] 
1621556058475 [accx: 0.0 accy: -0.01] 
1621556058493 [accx: -0.0 accy: -0.0] 
1621556058513 [accx: 0.0 accy: -0.0] 
1621556058547 [accx: 0.0 accy: -0.0] 
1621556058553 [accx: 0.0 accy: -0.01] 
1621556058575 [accx: -0.0 accy: 0.0] 
1621556058595 [accx: 0.0 accy: -0.01] 
1621556058613 [accx: 0.01 accy: 0.0] 
1621556058633 [accx: 0.0 accy: -0.01] 
1621556058654 [accx: 0.0 accy: -0.0] 
1621556058673 [accx: 0.0 accy: 0.0] 
1621556058694 [accx: 0.0 accy: -0.0] 
1621556058713 [accx: 0.0 accy: -0.0] 
1621556058734 [accx: 0.0 accy: 0.0] 
1621556058753 [accx: 0.0 accy: -0.0] 
1621556058773 [accx: 0.0 accy: 0.0] 
1621556058796 [accx: 0.0 accy: 0.01] 
1621556058814 [accx: -0.0 accy: 0.0] 
1621556058836 [accx: -0.0 accy: -0.0] 
1621556058854 [accx: -0.01 accy: -0.0] 
1621556058873 [accx: 0.0 accy: -0.0] 
1621556058893 [accx: 0.0 accy: 0.0] 
1621556058913 [accx: 0.0 accy: -0.0] 
1621556058933 [accx: -0.0 accy: -0.0] 
1621556058954 [accx: -0.0 accy: -0.01] 
1621556058973 [accx: 0.0 accy: -0.01] 
1621556058993 [accx: -0.0 accy: -0.01] 
1621556059014 [accx: -0.0 accy: -0.0] 
1621556059033 [accx: 0.0 accy: -0.0] 
1621556059054 [accx: -0.0 accy: 0.0] 
1621556059073 [accx: 0.0 accy: -0.0] 
1621556059092 [accx: 0.0 accy: -0.0] 
