1623025510081 [accx: -0.0 accy: 0.01] 
1623025510101 [accx: 0.0 accy: 0.0] 
1623025510120 [accx: 0.0 accy: 0.01] 
1623025510165 [accx: 0.0 accy: 0.01] 
1623025510171 [accx: 0.0 accy: 0.0] 
1623025510206 [accx: 0.0 accy: 0.0] 
1623025510211 [accx: 0.0 accy: 0.0] 
1623025510233 [accx: 0.0 accy: 0.01] 
1623025510245 [accx: 0.0 accy: 0.0] 
1623025510261 [accx: 0.0 accy: 0.0] 
1623025510280 [accx: 0.0 accy: 0.01] 
1623025510304 [accx: 0.0 accy: 0.0] 
1623025510321 [accx: 0.0 accy: 0.0] 
1623025510341 [accx: -0.0 accy: 0.0] 
1623025510360 [accx: -0.0 accy: -0.0] 
1623025510380 [accx: 0.0 accy: -0.0] 
1623025510401 [accx: 0.0 accy: 0.0] 
1623025510424 [accx: -0.0 accy: 0.0] 
1623025510454 [accx: -0.0 accy: -0.0] 
1623025510461 [accx: 0.0 accy: -0.01] 
1623025510483 [accx: 0.0 accy: -0.0] 
1623025510500 [accx: -0.0 accy: 0.0] 
1623025510522 [accx: 0.0 accy: 0.0] 
1623025510540 [accx: 0.0 accy: -0.0] 
1623025510563 [accx: 0.0 accy: -0.0] 
1623025510580 [accx: 0.0 accy: -0.0] 
1623025510605 [accx: -0.0 accy: 0.0] 
1623025510620 [accx: 0.0 accy: 0.01] 
1623025510661 [accx: 0.0 accy: 0.01] 
1623025510665 [accx: 0.0 accy: 0.0] 
1623025510682 [accx: 0.01 accy: 0.0] 
1623025510700 [accx: 0.01 accy: 0.0] 
1623025510725 [accx: 0.01 accy: -0.0] 
1623025510741 [accx: 0.0 accy: -0.0] 
1623025510761 [accx: 0.0 accy: 0.0] 
1623025510780 [accx: 0.0 accy: 0.0] 
1623025510807 [accx: -0.0 accy: 0.0] 
1623025510820 [accx: 0.0 accy: -0.0] 
1623025510846 [accx: 0.0 accy: -0.0] 
1623025510860 [accx: -0.0 accy: -0.0] 
1623025510881 [accx: -0.01 accy: -0.0] 
1623025510900 [accx: 0.0 accy: 0.0] 
1623025510925 [accx: 0.0 accy: -0.0] 
1623025510941 [accx: 0.0 accy: -0.01] 
1623025510966 [accx: 0.01 accy: -0.0] 
1623025510980 [accx: 0.0 accy: -0.0] 
1623025511000 [accx: 0.01 accy: -0.0] 
1623025511020 [accx: -0.0 accy: -0.0] 
1623025511046 [accx: 0.0 accy: 0.0] 
1623025511061 [accx: 0.0 accy: 0.0] 
1623025511081 [accx: 0.0 accy: 0.0] 
1623025511108 [accx: 0.01 accy: 0.01] 
1623025511120 [accx: 0.0 accy: 0.01] 
1623025511142 [accx: 0.01 accy: 0.0] 
1623025511164 [accx: 0.01 accy: 0.01] 
1623025511181 [accx: 0.0 accy: 0.01] 
1623025511202 [accx: 0.01 accy: -0.0] 
1623025511223 [accx: 0.01 accy: -0.0] 
1623025511244 [accx: 0.0 accy: -0.0] 
1623025511261 [accx: 0.0 accy: 0.0] 
1623025511280 [accx: 0.0 accy: -0.0] 
1623025511300 [accx: 0.0 accy: -0.0] 
1623025511320 [accx: -0.0 accy: 0.0] 
1623025511340 [accx: 0.0 accy: -0.0] 
1623025511365 [accx: 0.0 accy: 0.01] 
1623025511383 [accx: 0.0 accy: 0.0] 
1623025511402 [accx: 0.0 accy: -0.0] 
1623025511422 [accx: 0.0 accy: 0.0] 
1623025511444 [accx: 0.0 accy: -0.0] 
1623025511460 [accx: -0.0 accy: 0.01] 
1623025511480 [accx: -0.0 accy: 0.0] 
1623025511501 [accx: -0.0 accy: -0.0] 
1623025511520 [accx: -0.0 accy: -0.0] 
1623025511544 [accx: -0.0 accy: 0.0] 
1623025511560 [accx: -0.0 accy: 0.0] 
1623025511580 [accx: -0.0 accy: 0.0] 
1623025511601 [accx: 0.0 accy: -0.0] 
1623025511620 [accx: -0.0 accy: 0.0] 
1623025511640 [accx: -0.0 accy: -0.0] 
1623025511663 [accx: 0.0 accy: 0.0] 
1623025511681 [accx: 0.0 accy: 0.0] 
1623025511703 [accx: 0.0 accy: 0.0] 
1623025511729 [accx: 0.0 accy: -0.0] 
1623025511740 [accx: 0.0 accy: 0.0] 
1623025511760 [accx: 0.0 accy: 0.01] 
1623025511780 [accx: -0.0 accy: 0.0] 
1623025511800 [accx: -0.0 accy: 0.0] 
1623025511820 [accx: 0.0 accy: -0.0] 
1623025511840 [accx: 0.0 accy: -0.0] 
1623025511860 [accx: -0.0 accy: 0.0] 
1623025511881 [accx: -0.0 accy: 0.0] 
1623025511900 [accx: -0.01 accy: 0.0] 
1623025511922 [accx: 0.01 accy: -0.0] 
1623025511942 [accx: 0.0 accy: 0.0] 
1623025511960 [accx: 0.0 accy: 0.0] 
1623025511980 [accx: 0.0 accy: -0.0] 
1623025512000 [accx: 0.0 accy: -0.01] 
1623025512025 [accx: -0.0 accy: -0.0] 
1623025512041 [accx: 0.0 accy: -0.0] 
1623025512061 [accx: -0.0 accy: -0.0] 
1623025512080 [accx: -0.0 accy: -0.01] 
1623025512100 [accx: -0.0 accy: -0.01] 
1623025512120 [accx: -0.01 accy: -0.0] 
1623025512140 [accx: -0.01 accy: 0.0] 
1623025512160 [accx: -0.01 accy: -0.0] 
1623025512180 [accx: 0.0 accy: 0.0] 
1623025512200 [accx: -0.0 accy: -0.0] 
1623025512221 [accx: -0.0 accy: -0.0] 
1623025512242 [accx: -0.0 accy: 0.0] 
1623025512261 [accx: 0.0 accy: 0.0] 
1623025512283 [accx: 0.01 accy: -0.0] 
1623025512301 [accx: 0.0 accy: 0.0] 
1623025512323 [accx: 0.0 accy: 0.0] 
1623025512339 [accx: -0.0 accy: 0.0] 
1623025512360 [accx: 0.0 accy: 0.01] 
1623025512380 [accx: -0.0 accy: 0.01] 
1623025512401 [accx: -0.0 accy: 0.0] 
1623025512420 [accx: -0.0 accy: 0.0] 
1623025512441 [accx: 0.0 accy: -0.0] 
1623025512460 [accx: 0.0 accy: -0.0] 
1623025512480 [accx: 0.01 accy: -0.0] 
1623025512500 [accx: 0.01 accy: 0.0] 
1623025512521 [accx: 0.0 accy: 0.0] 
1623025512542 [accx: 0.01 accy: 0.0] 
1623025512561 [accx: -0.0 accy: 0.01] 
1623025512580 [accx: 0.0 accy: 0.01] 
1623025512599 [accx: 0.01 accy: 0.01] 
1623025512620 [accx: 0.01 accy: -0.0] 
1623025512639 [accx: 0.01 accy: 0.0] 
1623025512660 [accx: 0.01 accy: 0.0] 
1623025512680 [accx: 0.01 accy: 0.01] 
1623025512700 [accx: 0.0 accy: 0.01] 
1623025512720 [accx: 0.0 accy: 0.01] 
1623025512740 [accx: 0.0 accy: 0.0] 
1623025512760 [accx: 0.0 accy: 0.0] 
1623025512782 [accx: 0.0 accy: -0.0] 
1623025512801 [accx: 0.0 accy: -0.0] 
1623025512820 [accx: 0.01 accy: -0.0] 
1623025512854 [accx: 0.0 accy: 0.0] 
1623025512862 [accx: 0.0 accy: 0.01] 
1623025512886 [accx: 0.0 accy: 0.01] 
1623025512901 [accx: 0.0 accy: 0.0] 
1623025512920 [accx: -0.0 accy: -0.0] 
1623025512945 [accx: 0.0 accy: 0.0] 
1623025512961 [accx: 0.0 accy: 0.0] 
1623025512984 [accx: 0.0 accy: 0.0] 
1623025513007 [accx: -0.0 accy: 0.0] 
1623025513020 [accx: 0.0 accy: -0.0] 
1623025513041 [accx: -0.0 accy: -0.0] 
1623025513065 [accx: 0.0 accy: -0.0] 
1623025513081 [accx: 0.0 accy: 0.0] 
1623025513107 [accx: 0.0 accy: -0.0] 
1623025513120 [accx: -0.0 accy: -0.0] 
1623025513147 [accx: 0.0 accy: 0.0] 
1623025513160 [accx: 0.0 accy: 0.0] 
1623025513181 [accx: 0.01 accy: 0.01] 
1623025513200 [accx: 0.0 accy: 0.01] 
1623025513222 [accx: 0.0 accy: 0.0] 
1623025513239 [accx: 0.0 accy: -0.0] 
1623025513262 [accx: 0.0 accy: -0.0] 
1623025513288 [accx: -0.01 accy: 0.0] 
1623025513301 [accx: 0.0 accy: 0.0] 
1623025513320 [accx: 0.01 accy: 0.0] 
1623025513342 [accx: -0.0 accy: -0.0] 
1623025513364 [accx: -0.01 accy: -0.01] 
1623025513380 [accx: -0.0 accy: -0.01] 
1623025513399 [accx: -0.0 accy: -0.0] 
1623025513421 [accx: -0.0 accy: 0.0] 
1623025513440 [accx: 0.0 accy: 0.0] 
1623025513460 [accx: 0.0 accy: 0.0] 
1623025513480 [accx: -0.0 accy: 0.0] 
1623025513500 [accx: -0.0 accy: -0.0] 
1623025513520 [accx: -0.0 accy: 0.0] 
1623025513540 [accx: -0.0 accy: 0.0] 
1623025513560 [accx: -0.0 accy: 0.01] 
1623025513581 [accx: 0.0 accy: 0.0] 
1623025513588 [Read robot_status] 
1623025513600 [accx: 0.0 accy: 0.0] 
1623025513620 [accx: -0.0 accy: 0.0] 
1623025513640 [accx: -0.01 accy: -0.0] 
1623025513660 [accx: -0.0 accy: -0.0] 
1623025513680 [accx: -0.0 accy: -0.01] 
1623025513700 [accx: -0.01 accy: -0.0] 
1623025513720 [accx: -0.0 accy: -0.0] 
1623025513741 [accx: -0.01 accy: 0.0] 
1623025513769 [accx: -0.0 accy: 0.01] 
1623025513784 [accx: -0.01 accy: 0.01] 
1623025513806 [accx: 0.0 accy: 0.0] 
1623025513827 [accx: 0.0 accy: -0.0] 
1623025513842 [accx: -0.0 accy: -0.0] 
1623025513865 [accx: 0.0 accy: 0.01] 
1623025513883 [accx: -0.0 accy: 0.01] 
1623025513900 [accx: -0.0 accy: 0.0] 
1623025513920 [accx: -0.0 accy: 0.0] 
1623025513940 [accx: -0.01 accy: -0.0] 
1623025513960 [accx: -0.01 accy: -0.0] 
1623025513980 [accx: -0.01 accy: -0.0] 
1623025514001 [accx: -0.01 accy: -0.0] 
1623025514025 [accx: 0.0 accy: -0.0] 
1623025514042 [accx: -0.0 accy: -0.0] 
1623025514066 [accx: 0.0 accy: 0.0] 
1623025514085 [accx: -0.0 accy: 0.0] 
1623025514105 [accx: 0.0 accy: 0.01] 
1623025514125 [accx: 0.0 accy: 0.0] 
1623025514140 [accx: 0.0 accy: 0.0] 
1623025514160 [accx: 0.01 accy: -0.0] 
1623025514180 [accx: -0.0 accy: 0.0] 
1623025514201 [accx: 0.0 accy: 0.0] 
1623025514220 [accx: 0.01 accy: -0.0] 
1623025514240 [accx: 0.0 accy: -0.0] 
1623025514260 [accx: 0.0 accy: 0.01] 
1623025514281 [accx: 0.0 accy: 0.0] 
1623025514301 [accx: -0.0 accy: -0.01] 
1623025514321 [accx: 0.0 accy: -0.01] 
1623025514341 [accx: -0.0 accy: 0.0] 
1623025514360 [accx: 0.0 accy: 0.0] 
1623025514381 [accx: 0.0 accy: -0.0] 
1623025514405 [accx: 0.0 accy: -0.0] 
1623025514423 [accx: 0.0 accy: -0.0] 
1623025514441 [accx: 0.0 accy: 0.0] 
1623025514463 [accx: -0.01 accy: 0.0] 
1623025514483 [accx: -0.0 accy: 0.0] 
1623025514502 [accx: -0.0 accy: 0.0] 
1623025514527 [accx: -0.0 accy: 0.0] 
1623025514541 [accx: 0.0 accy: 0.0] 
1623025514560 [accx: -0.0 accy: 0.01] 
1623025514583 [accx: 0.0 accy: 0.0] 
1623025514601 [accx: 0.0 accy: -0.0] 
1623025514621 [accx: -0.0 accy: -0.0] 
1623025514640 [accx: -0.0 accy: 0.0] 
1623025514662 [accx: 0.0 accy: 0.0] 
1623025514684 [accx: -0.0 accy: 0.0] 
1623025514704 [accx: -0.0 accy: 0.01] 
1623025514727 [accx: -0.0 accy: -0.0] 
1623025514740 [accx: 0.0 accy: -0.0] 
1623025514759 [accx: 0.0 accy: 0.0] 
1623025514780 [accx: -0.0 accy: 0.0] 
1623025514800 [accx: 0.0 accy: -0.0] 
1623025514820 [accx: 0.0 accy: -0.0] 
1623025514840 [accx: 0.0 accy: -0.0] 
1623025514860 [accx: 0.0 accy: -0.01] 
1623025514880 [accx: -0.0 accy: -0.0] 
1623025514900 [accx: -0.0 accy: -0.0] 
1623025514920 [accx: 0.0 accy: 0.0] 
1623025514940 [accx: 0.0 accy: 0.0] 
1623025514960 [accx: 0.0 accy: 0.01] 
1623025514980 [accx: 0.0 accy: 0.0] 
1623025515000 [accx: 0.0 accy: 0.0] 
1623025515020 [accx: 0.0 accy: 0.01] 
1623025515048 [accx: 0.0 accy: 0.01] 
1623025515060 [accx: 0.0 accy: -0.0] 
1623025515080 [accx: -0.0 accy: -0.0] 
1623025515100 [accx: -0.0 accy: 0.0] 
1623025515122 [accx: 0.01 accy: -0.0] 
1623025515141 [accx: 0.01 accy: 0.0] 
1623025515161 [accx: -0.0 accy: 0.0] 
1623025515180 [accx: 0.0 accy: -0.0] 
1623025515201 [accx: 0.0 accy: 0.0] 
1623025515220 [accx: 0.0 accy: 0.0] 
1623025515241 [accx: 0.0 accy: 0.0] 
1623025515263 [accx: 0.0 accy: 0.0] 
1623025515281 [accx: 0.01 accy: -0.01] 
1623025515302 [accx: 0.01 accy: -0.01] 
1623025515322 [accx: 0.01 accy: -0.01] 
1623025515340 [accx: 0.01 accy: -0.0] 
1623025515360 [accx: 0.0 accy: -0.0] 
1623025515380 [accx: 0.0 accy: 0.0] 
1623025515403 [accx: 0.0 accy: 0.0] 
1623025515423 [accx: 0.0 accy: 0.01] 
1623025515440 [accx: 0.0 accy: 0.01] 
1623025515461 [accx: -0.0 accy: 0.01] 
1623025515480 [accx: -0.0 accy: 0.01] 
1623025515502 [accx: -0.0 accy: 0.0] 
1623025515539 [accx: -0.01 accy: 0.0] 
1623025515546 [accx: -0.0 accy: 0.0] 
1623025515575 [accx: -0.0 accy: 0.0] 
1623025515580 [accx: -0.0 accy: 0.01] 
1623025515600 [accx: -0.0 accy: -0.0] 
1623025515621 [accx: -0.0 accy: -0.0] 
1623025515643 [accx: 0.0 accy: -0.0] 
1623025515663 [accx: 0.0 accy: -0.01] 
1623025515697 [accx: 0.0 accy: -0.01] 
1623025515701 [accx: 0.0 accy: -0.0] 
1623025515721 [accx: -0.0 accy: 0.01] 
1623025515757 [accx: 0.01 accy: 0.0] 
1623025515782 [accx: 0.0 accy: -0.0] 
1623025515788 [accx: 0.01 accy: -0.0] 
1623025515804 [accx: 0.01 accy: -0.0] 
1623025515821 [accx: 0.0 accy: -0.01] 
1623025515843 [accx: 0.0 accy: -0.0] 
1623025515864 [accx: -0.0 accy: -0.0] 
1623025515880 [accx: -0.0 accy: -0.0] 
1623025515901 [accx: -0.01 accy: -0.0] 
1623025515920 [accx: -0.01 accy: -0.0] 
1623025515940 [accx: -0.01 accy: -0.0] 
1623025515963 [accx: -0.0 accy: -0.01] 
1623025515986 [accx: -0.0 accy: -0.0] 
1623025516002 [accx: -0.0 accy: 0.0] 
1623025516020 [accx: 0.0 accy: 0.0] 
1623025516041 [accx: -0.0 accy: -0.0] 
1623025516060 [accx: 0.0 accy: 0.0] 
1623025516086 [accx: 0.0 accy: 0.0] 
1623025516101 [accx: 0.0 accy: -0.0] 
1623025516120 [accx: -0.0 accy: -0.0] 
1623025516140 [accx: 0.0 accy: 0.0] 
1623025516161 [accx: 0.01 accy: -0.0] 
1623025516188 [accx: 0.01 accy: -0.0] 
1623025516200 [accx: 0.0 accy: 0.0] 
1623025516232 [accx: 0.0 accy: 0.01] 
1623025516241 [accx: 0.0 accy: 0.0] 
1623025516262 [accx: -0.0 accy: -0.0] 
1623025516302 [accx: -0.0 accy: 0.01] 
1623025516313 [accx: 0.0 accy: 0.0] 
1623025516335 [accx: 0.0 accy: 0.0] 
1623025516340 [accx: 0.0 accy: 0.0] 
1623025516364 [accx: 0.01 accy: 0.0] 
1623025516387 [accx: 0.01 accy: 0.0] 
1623025516400 [accx: 0.0 accy: 0.0] 
1623025516426 [accx: 0.0 accy: 0.0] 
1623025516441 [accx: 0.0 accy: 0.0] 
1623025516460 [accx: 0.0 accy: 0.0] 
1623025516486 [accx: 0.0 accy: 0.0] 
1623025516505 [accx: 0.0 accy: 0.01] 
1623025516520 [accx: 0.0 accy: 0.0] 
1623025516540 [accx: 0.01 accy: 0.0] 
1623025516564 [accx: 0.0 accy: -0.01] 
1623025516584 [accx: 0.0 accy: -0.0] 
1623025516601 [accx: 0.0 accy: -0.0] 
1623025516630 [accx: 0.0 accy: 0.0] 
1623025516641 [accx: 0.0 accy: -0.0] 
1623025516660 [accx: 0.0 accy: 0.0] 
1623025516680 [accx: 0.0 accy: 0.0] 
1623025516703 [accx: 0.0 accy: 0.0] 
1623025516720 [accx: -0.0 accy: -0.0] 
1623025516741 [accx: 0.0 accy: -0.0] 
1623025516761 [accx: 0.0 accy: 0.0] 
1623025516782 [accx: -0.0 accy: -0.0] 
1623025516812 [accx: -0.0 accy: -0.0] 
1623025516829 [accx: 0.0 accy: 0.0] 
1623025516841 [accx: 0.0 accy: -0.0] 
1623025516861 [accx: -0.0 accy: 0.0] 
1623025516881 [accx: 0.0 accy: -0.0] 
1623025516910 [accx: 0.0 accy: -0.0] 
1623025516921 [accx: -0.0 accy: -0.0] 
1623025516941 [accx: -0.0 accy: -0.0] 
1623025516962 [accx: -0.0 accy: 0.0] 
1623025516984 [accx: 0.0 accy: 0.0] 
1623025517001 [accx: 0.0 accy: 0.01] 
1623025517030 [accx: 0.0 accy: 0.01] 
1623025517041 [accx: -0.0 accy: -0.0] 
1623025517060 [accx: -0.0 accy: 0.0] 
1623025517083 [accx: -0.01 accy: -0.0] 
1623025517105 [accx: -0.0 accy: -0.0] 
1623025517120 [accx: -0.0 accy: -0.0] 
1623025517144 [accx: -0.0 accy: -0.0] 
1623025517160 [accx: -0.0 accy: -0.0] 
1623025517180 [accx: -0.0 accy: -0.0] 
1623025517199 [accx: -0.0 accy: -0.0] 
1623025517220 [accx: 0.0 accy: 0.01] 
1623025517242 [accx: 0.0 accy: 0.01] 
1623025517260 [accx: 0.0 accy: 0.0] 
1623025517280 [accx: 0.0 accy: 0.01] 
1623025517300 [accx: 0.0 accy: 0.0] 
1623025517321 [accx: 0.0 accy: -0.0] 
1623025517348 [accx: -0.0 accy: -0.0] 
1623025517362 [accx: 0.0 accy: 0.0] 
1623025517380 [accx: 0.0 accy: 0.0] 
1623025517401 [accx: -0.0 accy: 0.0] 
1623025517420 [accx: -0.0 accy: 0.0] 
1623025517440 [accx: -0.0 accy: -0.0] 
1623025517463 [accx: -0.0 accy: 0.01] 
1623025517481 [accx: -0.0 accy: 0.01] 
1623025517506 [accx: -0.0 accy: 0.01] 
1623025517525 [accx: -0.0 accy: 0.01] 
1623025517541 [accx: -0.0 accy: 0.0] 
1623025517560 [accx: 0.0 accy: 0.01] 
1623025517581 [accx: 0.01 accy: 0.01] 
1623025517600 [accx: -0.0 accy: 0.01] 
1623025517630 [accx: 0.0 accy: 0.01] 
1623025517640 [accx: 0.0 accy: 0.01] 
1623025517664 [accx: 0.0 accy: 0.0] 
1623025517684 [accx: 0.01 accy: 0.01] 
1623025517700 [accx: 0.01 accy: 0.0] 
1623025517720 [accx: 0.0 accy: -0.0] 
1623025517740 [accx: -0.0 accy: 0.0] 
1623025517760 [accx: -0.0 accy: 0.0] 
1623025517780 [accx: -0.0 accy: -0.0] 
1623025517800 [accx: 0.01 accy: 0.01] 
1623025517820 [accx: 0.0 accy: 0.0] 
1623025517840 [accx: -0.0 accy: -0.01] 
1623025517860 [accx: 0.0 accy: -0.0] 
1623025517880 [accx: -0.0 accy: 0.0] 
1623025517900 [accx: -0.0 accy: 0.0] 
1623025517920 [accx: 0.0 accy: 0.0] 
1623025517940 [accx: 0.0 accy: 0.01] 
1623025517960 [accx: 0.0 accy: 0.0] 
1623025517983 [accx: 0.0 accy: 0.0] 
1623025517999 [accx: -0.0 accy: -0.0] 
1623025518019 [accx: 0.0 accy: 0.0] 
1623025518040 [accx: 0.01 accy: -0.0] 
1623025518060 [accx: 0.0 accy: -0.0] 
1623025518080 [accx: -0.0 accy: 0.0] 
1623025518100 [accx: 0.0 accy: -0.0] 
1623025518120 [accx: 0.0 accy: -0.0] 
1623025518145 [accx: -0.0 accy: -0.0] 
1623025518161 [accx: -0.0 accy: -0.0] 
1623025518180 [accx: -0.0 accy: 0.0] 
1623025518200 [accx: 0.0 accy: -0.01] 
1623025518220 [accx: 0.0 accy: -0.0] 
1623025518240 [accx: 0.01 accy: -0.01] 
1623025518260 [accx: 0.01 accy: -0.01] 
1623025518280 [accx: 0.0 accy: -0.0] 
1623025518301 [accx: 0.01 accy: 0.0] 
1623025518321 [accx: -0.0 accy: -0.0] 
1623025518340 [accx: -0.0 accy: 0.0] 
1623025518360 [accx: -0.0 accy: -0.0] 
1623025518380 [accx: 0.0 accy: 0.0] 
1623025518400 [accx: -0.01 accy: -0.0] 
1623025518420 [accx: -0.0 accy: 0.0] 
1623025518440 [accx: 0.0 accy: -0.01] 
1623025518460 [accx: -0.0 accy: -0.0] 
1623025518480 [accx: 0.0 accy: 0.0] 
1623025518500 [accx: 0.0 accy: -0.0] 
1623025518520 [accx: 0.0 accy: 0.0] 
1623025518540 [accx: -0.0 accy: -0.0] 
1623025518559 [accx: -0.0 accy: 0.0] 
1623025518580 [accx: 0.01 accy: 0.0] 
1623025518599 [accx: 0.01 accy: 0.0] 
1623025518620 [accx: 0.01 accy: 0.0] 
1623025518641 [accx: 0.0 accy: 0.01] 
1623025518659 [accx: 0.0 accy: 0.0] 
1623025518679 [accx: 0.0 accy: 0.0] 
1623025518700 [accx: 0.0 accy: 0.01] 
1623025518720 [accx: 0.01 accy: 0.0] 
1623025518740 [accx: 0.0 accy: -0.0] 
1623025518760 [accx: 0.0 accy: 0.01] 
1623025518780 [accx: -0.0 accy: -0.0] 
1623025518800 [accx: 0.0 accy: 0.0] 
1623025518820 [accx: 0.0 accy: -0.0] 
1623025518840 [accx: 0.01 accy: -0.0] 
1623025518860 [accx: 0.01 accy: -0.0] 
1623025518879 [accx: 0.01 accy: 0.0] 
1623025518900 [accx: 0.01 accy: -0.01] 
1623025518920 [accx: 0.01 accy: -0.0] 
1623025518943 [accx: 0.01 accy: 0.0] 
1623025518961 [accx: 0.0 accy: 0.0] 
1623025518980 [accx: 0.01 accy: 0.01] 
1623025519000 [accx: 0.0 accy: 0.01] 
1623025519020 [accx: -0.0 accy: -0.0] 
1623025519039 [accx: 0.0 accy: 0.0] 
1623025519060 [accx: -0.0 accy: 0.01] 
1623025519080 [accx: 0.0 accy: -0.0] 
1623025519101 [accx: -0.0 accy: -0.0] 
1623025519120 [accx: 0.0 accy: -0.0] 
1623025519140 [accx: 0.0 accy: -0.0] 
1623025519160 [accx: -0.01 accy: 0.0] 
1623025519181 [accx: -0.0 accy: 0.0] 
1623025519200 [accx: -0.0 accy: -0.0] 
1623025519220 [accx: 0.0 accy: -0.0] 
1623025519239 [accx: 0.0 accy: 0.0] 
1623025519260 [accx: 0.0 accy: -0.0] 
1623025519280 [accx: -0.0 accy: -0.0] 
1623025519300 [accx: -0.0 accy: -0.0] 
1623025519320 [accx: 0.0 accy: -0.0] 
1623025519340 [accx: 0.0 accy: -0.01] 
1623025519359 [accx: -0.0 accy: -0.0] 
1623025519380 [accx: -0.0 accy: -0.0] 
1623025519400 [accx: -0.0 accy: 0.0] 
1623025519420 [accx: -0.01 accy: 0.0] 
1623025519440 [accx: 0.0 accy: 0.0] 
1623025519460 [accx: 0.0 accy: -0.0] 
1623025519480 [accx: -0.01 accy: -0.0] 
1623025519500 [accx: 0.0 accy: 0.0] 
1623025519520 [accx: -0.0 accy: -0.0] 
1623025519540 [accx: -0.0 accy: -0.0] 
1623025519559 [accx: -0.0 accy: -0.0] 
1623025519581 [accx: -0.0 accy: 0.0] 
1623025519599 [accx: 0.01 accy: 0.0] 
1623025519620 [accx: 0.0 accy: 0.0] 
1623025519640 [accx: -0.0 accy: -0.0] 
1623025519661 [accx: 0.0 accy: -0.0] 
1623025519681 [accx: 0.0 accy: -0.0] 
1623025519699 [accx: 0.0 accy: 0.0] 
1623025519720 [accx: 0.0 accy: 0.0] 
1623025519740 [accx: -0.0 accy: 0.0] 
1623025519762 [accx: -0.0 accy: 0.0] 
1623025519780 [accx: 0.0 accy: -0.0] 
1623025519800 [accx: 0.0 accy: -0.0] 
1623025519822 [accx: -0.0 accy: 0.0] 
1623025519840 [accx: 0.0 accy: -0.0] 
1623025519861 [accx: 0.0 accy: -0.0] 
1623025519880 [accx: -0.0 accy: -0.0] 
1623025519900 [accx: -0.0 accy: -0.01] 
1623025519920 [accx: -0.0 accy: -0.0] 
1623025519940 [accx: -0.0 accy: -0.0] 
1623025519961 [accx: -0.0 accy: -0.0] 
1623025519980 [accx: -0.0 accy: 0.0] 
1623025520000 [accx: 0.0 accy: -0.01] 
1623025520020 [accx: -0.0 accy: -0.0] 
1623025520040 [accx: 0.0 accy: 0.0] 
1623025520061 [accx: 0.0 accy: 0.0] 
1623025520080 [accx: 0.01 accy: -0.0] 
1623025520100 [accx: 0.01 accy: 0.01] 
1623025520120 [accx: 0.0 accy: 0.0] 
1623025520140 [accx: 0.0 accy: 0.0] 
1623025520161 [accx: 0.0 accy: 0.0] 
1623025520181 [accx: 0.0 accy: 0.0] 
1623025520202 [accx: 0.0 accy: 0.0] 
1623025520220 [accx: 0.0 accy: 0.0] 
1623025520241 [accx: 0.0 accy: 0.01] 
1623025520260 [accx: 0.0 accy: 0.01] 
1623025520281 [accx: 0.0 accy: 0.01] 
1623025520301 [accx: -0.0 accy: 0.0] 
1623025520320 [accx: -0.0 accy: 0.01] 
1623025520341 [accx: -0.0 accy: 0.0] 
1623025520365 [accx: -0.0 accy: -0.0] 
1623025520381 [accx: 0.0 accy: -0.0] 
1623025520400 [accx: 0.0 accy: -0.0] 
1623025520421 [accx: 0.0 accy: -0.0] 
1623025520440 [accx: -0.0 accy: 0.0] 
1623025520459 [accx: 0.01 accy: -0.0] 
1623025520481 [accx: 0.0 accy: 0.01] 
1623025520500 [accx: -0.0 accy: 0.01] 
1623025520521 [accx: 0.0 accy: 0.01] 
1623025520543 [accx: 0.01 accy: 0.01] 
1623025520560 [accx: 0.01 accy: -0.0] 
1623025520580 [accx: 0.01 accy: 0.0] 
1623025520600 [accx: 0.01 accy: 0.01] 
1623025520619 [accx: 0.01 accy: 0.0] 
1623025520640 [accx: 0.01 accy: 0.0] 
1623025520660 [accx: 0.0 accy: 0.0] 
1623025520681 [accx: 0.0 accy: 0.0] 
1623025520700 [accx: -0.0 accy: -0.0] 
1623025520720 [accx: 0.0 accy: -0.0] 
1623025520740 [accx: -0.0 accy: -0.0] 
1623025520760 [accx: -0.0 accy: -0.01] 
1623025520780 [accx: 0.0 accy: 0.0] 
1623025520801 [accx: -0.0 accy: -0.0] 
1623025520820 [accx: -0.0 accy: -0.0] 
1623025520841 [accx: 0.0 accy: 0.0] 
1623025520861 [accx: 0.0 accy: -0.0] 
1623025520887 [accx: 0.01 accy: -0.01] 
1623025520904 [accx: 0.01 accy: -0.0] 
1623025520932 [accx: 0.01 accy: 0.0] 
1623025520941 [accx: 0.01 accy: 0.0] 
1623025520965 [accx: 0.0 accy: 0.0] 
1623025520982 [accx: -0.0 accy: -0.0] 
1623025521004 [accx: -0.0 accy: -0.0] 
1623025521020 [accx: 0.0 accy: -0.0] 
1623025521050 [accx: 0.0 accy: 0.0] 
1623025521063 [accx: 0.01 accy: 0.0] 
1623025521080 [accx: 0.0 accy: 0.0] 
1623025521108 [accx: 0.0 accy: -0.0] 
1623025521120 [accx: 0.0 accy: -0.0] 
1623025521141 [accx: 0.0 accy: -0.0] 
1623025521160 [accx: 0.0 accy: -0.0] 
1623025521180 [accx: 0.0 accy: 0.01] 
1623025521201 [accx: 0.0 accy: 0.0] 
1623025521220 [accx: 0.0 accy: -0.0] 
1623025521240 [accx: -0.0 accy: -0.0] 
1623025521267 [accx: 0.01 accy: -0.01] 
1623025521280 [accx: 0.01 accy: -0.01] 
1623025521300 [accx: 0.01 accy: -0.0] 
1623025521321 [accx: 0.01 accy: -0.0] 
1623025521340 [accx: -0.0 accy: -0.01] 
1623025521360 [accx: 0.0 accy: -0.0] 
1623025521382 [accx: -0.0 accy: -0.01] 
1623025521400 [accx: -0.0 accy: 0.0] 
1623025521422 [accx: 0.01 accy: 0.0] 
1623025521440 [accx: 0.01 accy: 0.01] 
1623025521461 [accx: 0.01 accy: 0.0] 
1623025521487 [accx: 0.02 accy: -0.0] 
1623025521501 [accx: 0.01 accy: -0.01] 
1623025521520 [accx: -0.0 accy: 0.0] 
1623025521539 [accx: -0.0 accy: 0.0] 
1623025521561 [accx: 0.0 accy: -0.0] 
1623025521580 [accx: -0.0 accy: -0.0] 
1623025521600 [accx: -0.01 accy: -0.0] 
1623025521620 [accx: -0.0 accy: -0.01] 
1623025521640 [accx: -0.0 accy: -0.0] 
1623025521661 [accx: -0.0 accy: -0.01] 
1623025521680 [accx: 0.0 accy: -0.01] 
1623025521700 [accx: -0.0 accy: -0.0] 
1623025521722 [accx: -0.0 accy: -0.0] 
1623025521746 [accx: -0.0 accy: -0.0] 
1623025521762 [accx: -0.0 accy: -0.0] 
1623025521780 [accx: 0.0 accy: 0.0] 
1623025521800 [accx: 0.0 accy: 0.0] 
1623025521820 [accx: 0.01 accy: -0.0] 
1623025521848 [accx: 0.01 accy: -0.0] 
1623025521861 [accx: 0.0 accy: 0.01] 
1623025521882 [accx: 0.0 accy: -0.0] 
1623025521902 [accx: 0.0 accy: -0.0] 
1623025521920 [accx: 0.0 accy: 0.0] 
1623025521941 [accx: 0.0 accy: 0.01] 
1623025521965 [accx: 0.0 accy: 0.0] 
1623025521990 [accx: -0.0 accy: 0.0] 
1623025522000 [accx: -0.01 accy: 0.0] 
1623025522020 [accx: -0.0 accy: -0.0] 
1623025522043 [accx: 0.0 accy: -0.0] 
1623025522060 [accx: 0.0 accy: -0.0] 
1623025522081 [accx: 0.0 accy: -0.0] 
1623025522102 [accx: 0.0 accy: -0.0] 
1623025522120 [accx: -0.0 accy: -0.0] 
1623025522140 [accx: 0.0 accy: 0.01] 
1623025522160 [accx: 0.0 accy: -0.0] 
1623025522181 [accx: 0.0 accy: 0.0] 
1623025522200 [accx: 0.0 accy: 0.0] 
1623025522223 [accx: 0.0 accy: -0.0] 
1623025522240 [accx: 0.01 accy: 0.0] 
1623025522261 [accx: 0.01 accy: 0.0] 
1623025522295 [accx: 0.01 accy: -0.0] 
1623025522300 [accx: 0.0 accy: -0.0] 
1623025522328 [accx: 0.0 accy: -0.0] 
1623025522340 [accx: 0.0 accy: -0.01] 
1623025522362 [accx: 0.0 accy: -0.0] 
1623025522380 [accx: 0.0 accy: -0.0] 
1623025522400 [accx: 0.01 accy: -0.0] 
1623025522419 [accx: 0.01 accy: -0.0] 
1623025522440 [accx: 0.01 accy: 0.0] 
1623025522460 [accx: 0.01 accy: 0.0] 
1623025522481 [accx: 0.0 accy: 0.01] 
1623025522500 [accx: -0.0 accy: -0.0] 
1623025522520 [accx: 0.01 accy: -0.0] 
1623025522540 [accx: 0.0 accy: -0.01] 
1623025522560 [accx: 0.0 accy: -0.01] 
1623025522580 [accx: 0.0 accy: -0.0] 
1623025522601 [accx: -0.0 accy: -0.0] 
1623025522620 [accx: -0.01 accy: 0.0] 
1623025522640 [accx: -0.0 accy: -0.0] 
1623025522660 [accx: -0.0 accy: 0.0] 
1623025522680 [accx: 0.0 accy: -0.0] 
1623025522699 [accx: 0.0 accy: -0.0] 
1623025522720 [accx: 0.0 accy: -0.01] 
1623025522740 [accx: 0.0 accy: -0.0] 
1623025522760 [accx: 0.01 accy: -0.0] 
1623025522780 [accx: 0.01 accy: -0.0] 
1623025522800 [accx: 0.01 accy: -0.0] 
1623025522824 [accx: 0.01 accy: 0.0] 
1623025522843 [accx: 0.01 accy: 0.0] 
1623025522860 [accx: 0.0 accy: 0.0] 
1623025522881 [accx: 0.0 accy: -0.0] 
1623025522907 [accx: 0.0 accy: 0.0] 
1623025522920 [accx: 0.01 accy: 0.01] 
1623025522941 [accx: 0.0 accy: -0.0] 
1623025522961 [accx: 0.01 accy: -0.0] 
1623025522983 [accx: 0.01 accy: -0.01] 
1623025523000 [accx: 0.01 accy: -0.0] 
1623025523021 [accx: 0.01 accy: -0.01] 
1623025523040 [accx: 0.0 accy: -0.01] 
1623025523061 [accx: -0.0 accy: -0.0] 
1623025523080 [accx: 0.0 accy: -0.0] 
1623025523102 [accx: -0.0 accy: -0.0] 
1623025523120 [accx: -0.01 accy: -0.0] 
1623025523145 [accx: -0.01 accy: 0.01] 
1623025523160 [accx: -0.0 accy: 0.0] 
1623025523181 [accx: 0.0 accy: 0.0] 
1623025523200 [accx: 0.01 accy: 0.01] 
1623025523221 [accx: 0.01 accy: 0.0] 
1623025523240 [accx: -0.0 accy: -0.0] 
1623025523261 [accx: -0.0 accy: 0.0] 
1623025523283 [accx: 0.0 accy: -0.0] 
1623025523301 [accx: 0.0 accy: -0.0] 
1623025523320 [accx: 0.0 accy: -0.01] 
1623025523343 [accx: 0.0 accy: -0.0] 
1623025523361 [accx: 0.0 accy: -0.0] 
1623025523381 [accx: 0.0 accy: -0.0] 
1623025523400 [accx: 0.0 accy: 0.0] 
1623025523427 [accx: -0.0 accy: -0.0] 
1623025523442 [accx: -0.0 accy: 0.0] 
1623025523460 [accx: -0.0 accy: 0.01] 
1623025523483 [accx: -0.0 accy: 0.01] 
1623025523501 [accx: -0.01 accy: 0.0] 
1623025523527 [accx: -0.01 accy: 0.0] 
1623025523540 [accx: 0.0 accy: 0.01] 
1623025523561 [accx: 0.0 accy: 0.0] 
1623025523580 [accx: 0.0 accy: 0.0] 
1623025523601 [accx: -0.0 accy: 0.0] 
1623025523619 [accx: -0.0 accy: 0.0] 
1623025523642 [accx: -0.0 accy: -0.0] 
1623025523660 [accx: -0.01 accy: -0.0] 
1623025523681 [accx: -0.01 accy: 0.0] 
1623025523700 [accx: -0.0 accy: -0.0] 
1623025523722 [accx: -0.0 accy: -0.0] 
1623025523740 [accx: -0.01 accy: 0.0] 
1623025523760 [accx: 0.0 accy: 0.0] 
1623025523780 [accx: 0.0 accy: 0.0] 
1623025523800 [accx: 0.01 accy: -0.0] 
1623025523820 [accx: -0.0 accy: -0.01] 
1623025523841 [accx: -0.0 accy: -0.01] 
1623025523860 [accx: 0.0 accy: 0.0] 
1623025523881 [accx: -0.0 accy: 0.01] 
1623025523899 [accx: 0.0 accy: -0.0] 
1623025523920 [accx: 0.0 accy: -0.01] 
1623025523943 [accx: 0.01 accy: -0.0] 
1623025523961 [accx: 0.0 accy: -0.0] 
1623025523979 [accx: 0.0 accy: -0.0] 
1623025524006 [accx: 0.01 accy: 0.0] 
1623025524028 [accx: -0.0 accy: -0.0] 
1623025524043 [accx: 0.0 accy: 0.0] 
1623025524060 [accx: 0.0 accy: 0.0] 
1623025524083 [accx: 0.0 accy: 0.0] 
1623025524100 [accx: -0.0 accy: 0.0] 
1623025524122 [accx: 0.0 accy: 0.0] 
1623025524143 [accx: 0.0 accy: -0.0] 
1623025524161 [accx: 0.0 accy: 0.0] 
1623025524181 [accx: 0.01 accy: 0.0] 
1623025524201 [accx: 0.0 accy: 0.01] 
1623025524220 [accx: 0.0 accy: 0.01] 
1623025524242 [accx: 0.01 accy: 0.01] 
1623025524260 [accx: 0.01 accy: 0.0] 
1623025524282 [accx: 0.0 accy: 0.01] 
1623025524300 [accx: 0.0 accy: 0.0] 
1623025524321 [accx: 0.01 accy: 0.0] 
1623025524339 [accx: 0.0 accy: 0.0] 
1623025524360 [accx: 0.0 accy: 0.01] 
1623025524380 [accx: 0.0 accy: 0.0] 
1623025524400 [accx: 0.0 accy: 0.0] 
1623025524420 [accx: 0.0 accy: 0.0] 
1623025524441 [accx: 0.0 accy: 0.0] 
1623025524461 [accx: 0.01 accy: -0.0] 
1623025524480 [accx: 0.0 accy: -0.0] 
1623025524499 [accx: 0.0 accy: 0.0] 
1623025524520 [accx: -0.0 accy: -0.0] 
1623025524540 [accx: 0.0 accy: -0.0] 
1623025524560 [accx: -0.0 accy: 0.0] 
1623025524579 [accx: 0.0 accy: -0.0] 
1623025524602 [accx: 0.0 accy: -0.0] 
1623025524620 [accx: 0.0 accy: -0.0] 
1623025524642 [accx: 0.0 accy: 0.0] 
1623025524660 [accx: 0.0 accy: 0.0] 
1623025524683 [accx: 0.0 accy: 0.0] 
1623025524704 [accx: 0.0 accy: -0.0] 
1623025524721 [accx: 0.01 accy: -0.0] 
1623025524741 [accx: 0.0 accy: -0.0] 
1623025524761 [accx: 0.0 accy: 0.0] 
1623025524780 [accx: 0.0 accy: 0.0] 
1623025524801 [accx: 0.0 accy: 0.0] 
1623025524820 [accx: -0.0 accy: -0.0] 
1623025524853 [accx: -0.0 accy: -0.0] 
1623025524860 [accx: 0.0 accy: 0.0] 
1623025524880 [accx: 0.0 accy: 0.0] 
1623025524900 [accx: -0.0 accy: 0.01] 
1623025524920 [accx: -0.0 accy: 0.0] 
1623025524946 [accx: -0.0 accy: -0.0] 
1623025524962 [accx: -0.01 accy: 0.0] 
1623025524980 [accx: -0.0 accy: 0.0] 
1623025525000 [accx: -0.0 accy: -0.0] 
1623025525020 [accx: 0.0 accy: -0.0] 
1623025525040 [accx: 0.0 accy: -0.0] 
1623025525062 [accx: 0.0 accy: -0.0] 
1623025525090 [accx: 0.0 accy: -0.0] 
1623025525101 [accx: 0.0 accy: -0.0] 
1623025525124 [accx: 0.0 accy: 0.0] 
1623025525141 [accx: 0.0 accy: -0.0] 
1623025525162 [accx: 0.0 accy: 0.0] 
1623025525180 [accx: -0.0 accy: 0.0] 
1623025525200 [accx: 0.0 accy: 0.01] 
1623025525220 [accx: 0.0 accy: -0.0] 
1623025525244 [accx: -0.0 accy: 0.0] 
1623025525262 [accx: -0.0 accy: 0.0] 
1623025525280 [accx: 0.0 accy: 0.0] 
1623025525300 [accx: 0.0 accy: 0.0] 
1623025525321 [accx: 0.0 accy: 0.0] 
1623025525342 [accx: -0.0 accy: 0.0] 
1623025525360 [accx: 0.0 accy: 0.01] 
1623025525381 [accx: -0.0 accy: 0.01] 
1623025525399 [accx: 0.01 accy: 0.0] 
1623025525420 [accx: -0.0 accy: 0.0] 
1623025525440 [accx: -0.0 accy: 0.0] 
1623025525461 [accx: -0.0 accy: 0.0] 
1623025525480 [accx: -0.0 accy: -0.0] 
1623025525501 [accx: 0.0 accy: 0.0] 
1623025525520 [accx: 0.01 accy: 0.0] 
1623025525540 [accx: -0.0 accy: 0.0] 
1623025525567 [accx: 0.0 accy: -0.0] 
1623025525583 [accx: 0.0 accy: -0.0] 
1623025525601 [accx: 0.0 accy: -0.01] 
1623025525623 [accx: 0.01 accy: -0.01] 
1623025525640 [accx: 0.01 accy: -0.0] 
1623025525686 [accx: 0.01 accy: -0.0] 
1623025525691 [accx: 0.0 accy: -0.0] 
1623025525721 [accx: 0.0 accy: 0.0] 
1623025525739 [accx: 0.0 accy: 0.01] 
1623025525747 [accx: 0.01 accy: 0.0] 
1623025525764 [accx: 0.0 accy: 0.01] 
1623025525780 [accx: -0.0 accy: -0.0] 
1623025525802 [accx: 0.0 accy: 0.01] 
1623025525829 [accx: -0.0 accy: 0.01] 
1623025525846 [accx: -0.0 accy: -0.0] 
1623025525861 [accx: -0.0 accy: -0.0] 
1623025525880 [accx: -0.0 accy: -0.01] 
1623025525900 [accx: 0.0 accy: -0.01] 
1623025525920 [accx: -0.0 accy: 0.0] 
1623025525941 [accx: 0.0 accy: 0.0] 
1623025525960 [accx: 0.0 accy: 0.01] 
1623025525980 [accx: -0.01 accy: -0.0] 
1623025526001 [accx: -0.01 accy: -0.01] 
1623025526024 [accx: -0.01 accy: -0.0] 
1623025526040 [accx: -0.01 accy: -0.0] 
1623025526060 [accx: -0.01 accy: -0.01] 
1623025526080 [accx: -0.0 accy: -0.0] 
1623025526100 [accx: 0.0 accy: -0.0] 
1623025526132 [accx: -0.0 accy: 0.0] 
1623025526149 [accx: -0.0 accy: -0.0] 
1623025526160 [accx: 0.0 accy: 0.0] 
1623025526183 [accx: 0.01 accy: -0.0] 
1623025526200 [accx: 0.01 accy: 0.0] 
1623025526220 [accx: 0.0 accy: -0.01] 
1623025526240 [accx: -0.0 accy: -0.01] 
1623025526260 [accx: -0.01 accy: -0.01] 
1623025526286 [accx: -0.0 accy: -0.01] 
1623025526300 [accx: 0.0 accy: 0.0] 
1623025526323 [accx: 0.0 accy: 0.0] 
1623025526343 [accx: 0.0 accy: -0.0] 
1623025526367 [accx: 0.0 accy: -0.0] 
1623025526380 [accx: -0.0 accy: -0.0] 
1623025526400 [accx: 0.0 accy: -0.01] 
1623025526420 [accx: 0.0 accy: -0.01] 
1623025526441 [accx: -0.0 accy: -0.01] 
1623025526461 [accx: 0.0 accy: 0.0] 
1623025526480 [accx: 0.0 accy: -0.0] 
1623025526500 [accx: -0.0 accy: 0.0] 
1623025526520 [accx: 0.0 accy: 0.01] 
1623025526540 [accx: 0.0 accy: 0.0] 
1623025526561 [accx: 0.01 accy: 0.0] 
1623025526580 [accx: 0.01 accy: 0.01] 
1623025526600 [accx: 0.01 accy: -0.0] 
1623025526620 [accx: 0.01 accy: 0.0] 
1623025526640 [accx: 0.0 accy: 0.0] 
1623025526660 [accx: 0.0 accy: -0.0] 
1623025526680 [accx: 0.0 accy: -0.0] 
1623025526700 [accx: -0.0 accy: -0.0] 
1623025526720 [accx: 0.0 accy: -0.0] 
1623025526741 [accx: 0.0 accy: -0.0] 
1623025526761 [accx: 0.01 accy: 0.0] 
1623025526783 [accx: 0.0 accy: -0.0] 
1623025526801 [accx: 0.0 accy: -0.0] 
1623025526820 [accx: -0.0 accy: -0.0] 
1623025526840 [accx: -0.0 accy: -0.0] 
1623025526860 [accx: 0.0 accy: -0.0] 
1623025526880 [accx: 0.01 accy: -0.0] 
1623025526899 [accx: 0.01 accy: 0.0] 
1623025526920 [accx: 0.0 accy: 0.01] 
1623025526940 [accx: 0.0 accy: -0.0] 
1623025526960 [accx: 0.0 accy: -0.0] 
1623025526980 [accx: 0.01 accy: 0.0] 
1623025527000 [accx: 0.01 accy: 0.0] 
1623025527020 [accx: 0.0 accy: 0.0] 
1623025527045 [Publish IMU fail] 
