1623025620069 [accx: -0.0 accy: -0.0] 
1623025620081 [accx: 0.0 accy: -0.0] 
1623025620102 [accx: 0.0 accy: -0.0] 
1623025620121 [accx: 0.01 accy: -0.0] 
1623025620140 [accx: -0.0 accy: 0.0] 
1623025620160 [accx: 0.0 accy: 0.0] 
1623025620181 [accx: -0.0 accy: 0.0] 
1623025620202 [accx: -0.0 accy: 0.0] 
1623025620225 [accx: -0.0 accy: -0.0] 
1623025620243 [accx: -0.0 accy: -0.0] 
1623025620264 [accx: -0.0 accy: -0.0] 
1623025620285 [accx: 0.0 accy: -0.0] 
1623025620307 [accx: 0.01 accy: -0.0] 
1623025620320 [accx: -0.0 accy: -0.0] 
1623025620343 [accx: -0.0 accy: -0.0] 
1623025620361 [accx: 0.01 accy: -0.0] 
1623025620388 [accx: 0.01 accy: -0.0] 
1623025620403 [accx: 0.0 accy: 0.0] 
1623025620430 [accx: 0.01 accy: 0.0] 
1623025620442 [accx: 0.01 accy: 0.0] 
1623025620469 [accx: 0.0 accy: 0.0] 
1623025620492 [accx: -0.0 accy: 0.01] 
1623025620506 [accx: 0.0 accy: 0.0] 
1623025620526 [accx: -0.0 accy: -0.0] 
1623025620541 [accx: -0.0 accy: 0.0] 
1623025620560 [accx: -0.0 accy: 0.0] 
1623025620589 [accx: 0.0 accy: 0.0] 
1623025620600 [accx: 0.0 accy: 0.01] 
1623025620621 [accx: 0.0 accy: -0.0] 
1623025620641 [accx: 0.0 accy: -0.0] 
1623025620664 [accx: 0.0 accy: 0.0] 
1623025620680 [accx: 0.0 accy: -0.0] 
1623025620702 [accx: 0.01 accy: -0.0] 
1623025620722 [accx: 0.01 accy: -0.0] 
1623025620740 [accx: 0.01 accy: -0.0] 
1623025620761 [accx: 0.01 accy: 0.0] 
1623025620780 [accx: 0.0 accy: -0.0] 
1623025620808 [accx: 0.0 accy: 0.0] 
1623025620822 [accx: 0.0 accy: 0.0] 
1623025620841 [accx: -0.0 accy: -0.0] 
1623025620861 [accx: 0.01 accy: -0.01] 
1623025620888 [accx: 0.01 accy: -0.0] 
1623025620905 [accx: 0.01 accy: 0.0] 
1623025620923 [accx: 0.0 accy: -0.0] 
1623025620940 [accx: 0.0 accy: -0.0] 
1623025620968 [accx: 0.0 accy: 0.0] 
1623025620983 [accx: -0.0 accy: 0.0] 
1623025621005 [accx: -0.0 accy: -0.0] 
1623025621020 [accx: -0.0 accy: -0.0] 
1623025621041 [accx: 0.0 accy: -0.01] 
1623025621062 [accx: -0.0 accy: -0.01] 
1623025621082 [accx: -0.0 accy: -0.0] 
1623025621102 [accx: 0.0 accy: -0.0] 
1623025621121 [accx: 0.0 accy: 0.0] 
1623025621140 [accx: 0.0 accy: -0.0] 
1623025621161 [accx: 0.0 accy: -0.0] 
1623025621180 [accx: 0.0 accy: -0.0] 
1623025621205 [accx: -0.0 accy: -0.0] 
1623025621221 [accx: 0.0 accy: -0.0] 
1623025621249 [accx: 0.0 accy: -0.01] 
1623025621261 [accx: -0.0 accy: -0.0] 
1623025621281 [accx: 0.0 accy: -0.0] 
1623025621304 [accx: 0.0 accy: -0.01] 
1623025621321 [accx: -0.0 accy: -0.0] 
1623025621340 [accx: 0.01 accy: -0.01] 
1623025621361 [accx: 0.01 accy: -0.0] 
1623025621386 [accx: 0.01 accy: 0.0] 
1623025621403 [accx: 0.01 accy: -0.0] 
1623025621421 [accx: 0.01 accy: -0.0] 
1623025621440 [accx: 0.01 accy: -0.0] 
1623025621461 [accx: 0.0 accy: -0.0] 
1623025621480 [accx: 0.0 accy: -0.0] 
1623025621502 [accx: 0.01 accy: -0.0] 
1623025621520 [accx: 0.0 accy: -0.01] 
1623025621541 [accx: 0.0 accy: -0.01] 
1623025621561 [accx: -0.0 accy: -0.01] 
1623025621581 [accx: 0.01 accy: -0.01] 
1623025621602 [accx: 0.01 accy: -0.0] 
1623025621621 [accx: 0.0 accy: -0.0] 
1623025621642 [accx: 0.0 accy: -0.0] 
1623025621661 [accx: 0.0 accy: 0.0] 
1623025621681 [accx: 0.0 accy: 0.0] 
1623025621701 [accx: 0.0 accy: 0.0] 
1623025621730 [accx: 0.01 accy: 0.0] 
1623025621745 [accx: -0.0 accy: 0.01] 
1623025621766 [accx: -0.01 accy: 0.0] 
1623025621788 [accx: -0.0 accy: -0.0] 
1623025621800 [accx: 0.0 accy: -0.01] 
1623025621820 [accx: 0.0 accy: -0.0] 
1623025621841 [accx: 0.01 accy: -0.0] 
1623025621861 [accx: 0.0 accy: -0.01] 
1623025621884 [accx: 0.01 accy: -0.0] 
1623025621904 [accx: 0.01 accy: 0.0] 
1623025621921 [accx: 0.01 accy: 0.0] 
1623025621946 [accx: 0.0 accy: 0.0] 
1623025621960 [accx: 0.01 accy: 0.01] 
1623025621980 [accx: 0.0 accy: 0.0] 
1623025622000 [accx: 0.0 accy: 0.0] 
1623025622020 [accx: 0.0 accy: -0.0] 
1623025622043 [accx: -0.0 accy: -0.0] 
1623025622060 [accx: 0.0 accy: -0.0] 
1623025622081 [accx: 0.0 accy: -0.0] 
1623025622100 [accx: -0.0 accy: -0.01] 
1623025622120 [accx: 0.01 accy: 0.0] 
1623025622140 [accx: 0.01 accy: -0.0] 
1623025622160 [accx: 0.0 accy: -0.0] 
1623025622180 [accx: -0.0 accy: -0.0] 
1623025622200 [accx: 0.0 accy: -0.0] 
1623025622220 [accx: 0.01 accy: -0.01] 
1623025622240 [accx: 0.01 accy: 0.0] 
1623025622266 [accx: 0.0 accy: -0.0] 
1623025622280 [accx: 0.01 accy: -0.0] 
1623025622300 [accx: 0.0 accy: -0.0] 
1623025622321 [accx: 0.0 accy: -0.0] 
1623025622340 [accx: -0.0 accy: -0.0] 
1623025622371 [accx: -0.0 accy: -0.01] 
1623025622380 [accx: -0.0 accy: -0.0] 
1623025622400 [accx: -0.01 accy: 0.0] 
1623025622420 [accx: -0.0 accy: -0.0] 
1623025622440 [accx: 0.01 accy: -0.01] 
1623025622460 [accx: 0.01 accy: -0.0] 
1623025622480 [accx: 0.0 accy: 0.0] 
1623025622500 [accx: 0.01 accy: 0.0] 
1623025622520 [accx: 0.01 accy: -0.0] 
1623025622542 [accx: 0.01 accy: 0.0] 
1623025622560 [accx: 0.01 accy: 0.0] 
1623025622580 [accx: 0.01 accy: -0.0] 
1623025622600 [accx: 0.01 accy: 0.01] 
1623025622620 [accx: 0.01 accy: 0.0] 
1623025622641 [accx: 0.01 accy: -0.0] 
1623025622661 [accx: 0.0 accy: -0.01] 
1623025622686 [accx: 0.0 accy: -0.01] 
1623025622707 [accx: 0.0 accy: -0.0] 
1623025622720 [accx: 0.0 accy: -0.0] 
1623025622740 [accx: 0.0 accy: 0.0] 
1623025622760 [accx: -0.0 accy: 0.0] 
1623025622785 [accx: 0.01 accy: 0.0] 
1623025622801 [accx: 0.01 accy: -0.0] 
1623025622820 [accx: 0.01 accy: 0.0] 
1623025622841 [accx: 0.01 accy: 0.0] 
1623025622860 [accx: -0.0 accy: 0.0] 
1623025622881 [accx: -0.0 accy: 0.01] 
1623025622900 [accx: -0.0 accy: 0.0] 
1623025622926 [accx: -0.0 accy: 0.0] 
1623025622945 [accx: 0.0 accy: -0.0] 
1623025622956 [Read robot_status] 
1623025622964 [accx: 0.01 accy: -0.0] 
1623025622980 [accx: 0.01 accy: 0.0] 
1623025623001 [accx: 0.01 accy: -0.0] 
1623025623020 [accx: 0.01 accy: -0.0] 
1623025623040 [accx: 0.01 accy: -0.0] 
1623025623068 [accx: 0.01 accy: 0.0] 
1623025623095 [accx: 0.01 accy: 0.0] 
1623025623109 [accx: 0.01 accy: 0.0] 
1623025623122 [accx: 0.01 accy: 0.01] 
1623025623142 [accx: 0.01 accy: 0.0] 
1623025623161 [accx: 0.01 accy: 0.0] 
1623025623199 [accx: 0.01 accy: 0.0] 
1623025623210 [accx: 0.01 accy: 0.0] 
1623025623237 [accx: 0.01 accy: -0.0] 
1623025623260 [accx: 0.01 accy: -0.01] 
1623025623269 [accx: 0.0 accy: -0.01] 
1623025623281 [accx: 0.0 accy: -0.0] 
1623025623302 [accx: 0.0 accy: -0.01] 
1623025623323 [accx: 0.0 accy: -0.0] 
1623025623340 [accx: -0.0 accy: -0.0] 
1623025623361 [accx: -0.0 accy: -0.0] 
1623025623384 [accx: -0.0 accy: -0.0] 
1623025623404 [accx: -0.0 accy: -0.0] 
1623025623425 [accx: 0.0 accy: -0.0] 
1623025623441 [accx: 0.01 accy: -0.0] 
1623025623466 [accx: -0.01 accy: -0.0] 
1623025623484 [accx: -0.0 accy: 0.0] 
1623025623500 [accx: -0.0 accy: -0.0] 
1623025623522 [accx: -0.0 accy: -0.0] 
1623025623540 [accx: -0.0 accy: 0.0] 
1623025623560 [accx: -0.0 accy: 0.0] 
1623025623581 [accx: 0.0 accy: -0.0] 
1623025623600 [accx: 0.0 accy: 0.0] 
1623025623620 [accx: -0.0 accy: 0.0] 
1623025623642 [accx: -0.0 accy: -0.0] 
1623025623668 [accx: -0.0 accy: 0.0] 
1623025623680 [accx: 0.0 accy: 0.0] 
1623025623701 [accx: 0.01 accy: 0.0] 
1623025623720 [accx: 0.01 accy: -0.0] 
1623025623743 [accx: 0.01 accy: -0.01] 
1623025623762 [accx: 0.0 accy: -0.0] 
1623025623780 [accx: 0.0 accy: -0.0] 
1623025623803 [accx: 0.0 accy: 0.0] 
1623025623830 [accx: 0.0 accy: 0.0] 
1623025623840 [accx: 0.0 accy: 0.0] 
1623025623862 [accx: 0.0 accy: -0.0] 
1623025623880 [accx: 0.0 accy: -0.0] 
1623025623911 [accx: -0.0 accy: 0.0] 
1623025623923 [accx: -0.0 accy: 0.0] 
1623025623942 [accx: -0.0 accy: -0.0] 
1623025623960 [accx: -0.0 accy: -0.0] 
1623025623981 [accx: -0.0 accy: -0.01] 
1623025624024 [accx: -0.0 accy: -0.0] 
1623025624028 [accx: -0.0 accy: -0.01] 
1623025624043 [accx: 0.0 accy: -0.0] 
1623025624060 [accx: 0.0 accy: -0.01] 
1623025624082 [accx: 0.0 accy: -0.0] 
1623025624101 [accx: -0.0 accy: -0.0] 
1623025624125 [accx: 0.0 accy: -0.01] 
1623025624142 [accx: -0.0 accy: -0.01] 
1623025624164 [accx: -0.0 accy: -0.0] 
1623025624181 [accx: 0.0 accy: -0.01] 
1623025624201 [accx: 0.0 accy: -0.0] 
1623025624225 [accx: -0.0 accy: -0.0] 
1623025624247 [accx: 0.0 accy: 0.0] 
1623025624260 [accx: 0.0 accy: 0.0] 
1623025624314 [accx: -0.0 accy: -0.0] 
1623025624318 [accx: -0.0 accy: 0.0] 
1623025624323 [accx: 0.01 accy: -0.01] 
1623025624342 [accx: 0.01 accy: -0.01] 
1623025624362 [accx: 0.01 accy: 0.0] 
1623025624399 [accx: 0.01 accy: 0.0] 
1623025624403 [accx: 0.01 accy: -0.0] 
1623025624435 [accx: 0.01 accy: 0.0] 
1623025624445 [accx: 0.01 accy: 0.0] 
1623025624462 [accx: 0.01 accy: -0.0] 
1623025624516 [accx: 0.01 accy: -0.0] 
1623025624522 [accx: 0.01 accy: -0.0] 
1623025624526 [accx: 0.0 accy: 0.0] 
1623025624542 [accx: 0.0 accy: 0.0] 
1623025624560 [accx: -0.0 accy: 0.0] 
1623025624583 [accx: 0.0 accy: 0.0] 
1623025624602 [accx: 0.01 accy: 0.0] 
1623025624620 [accx: 0.01 accy: -0.0] 
1623025624641 [accx: 0.01 accy: -0.0] 
1623025624661 [accx: -0.0 accy: -0.0] 
1623025624680 [accx: 0.0 accy: -0.01] 
1623025624701 [accx: 0.0 accy: -0.0] 
1623025624720 [accx: -0.0 accy: -0.0] 
1623025624741 [accx: -0.0 accy: -0.01] 
1623025624761 [accx: 0.0 accy: -0.01] 
1623025624780 [accx: -0.0 accy: -0.01] 
1623025624800 [accx: 0.0 accy: 0.0] 
1623025624821 [accx: 0.0 accy: -0.0] 
1623025624841 [accx: 0.0 accy: -0.0] 
1623025624860 [accx: 0.01 accy: -0.01] 
1623025624880 [accx: 0.0 accy: -0.01] 
1623025624901 [accx: 0.0 accy: -0.01] 
1623025624920 [accx: 0.0 accy: -0.0] 
1623025624941 [accx: 0.01 accy: -0.01] 
1623025624960 [accx: 0.01 accy: -0.0] 
1623025624980 [accx: 0.0 accy: -0.0] 
1623025625003 [accx: -0.0 accy: -0.0] 
1623025625025 [accx: 0.0 accy: 0.0] 
1623025625041 [accx: 0.0 accy: 0.0] 
1623025625060 [accx: 0.0 accy: -0.0] 
1623025625080 [accx: 0.0 accy: 0.0] 
1623025625100 [accx: 0.0 accy: 0.0] 
1623025625120 [accx: 0.01 accy: -0.0] 
1623025625141 [accx: 0.01 accy: -0.01] 
1623025625160 [accx: 0.0 accy: -0.01] 
1623025625180 [accx: 0.0 accy: -0.01] 
1623025625201 [accx: 0.0 accy: -0.01] 
1623025625220 [accx: -0.01 accy: -0.01] 
1623025625240 [accx: 0.0 accy: 0.0] 
1623025625260 [accx: 0.01 accy: 0.0] 
1623025625280 [accx: 0.0 accy: 0.0] 
1623025625301 [accx: 0.0 accy: 0.0] 
1623025625321 [accx: 0.0 accy: -0.0] 
1623025625342 [accx: 0.01 accy: 0.0] 
1623025625360 [accx: 0.0 accy: 0.0] 
1623025625380 [accx: -0.0 accy: -0.0] 
1623025625400 [accx: 0.0 accy: -0.0] 
1623025625420 [accx: 0.0 accy: 0.0] 
1623025625442 [accx: 0.0 accy: 0.0] 
1623025625461 [accx: 0.0 accy: -0.0] 
1623025625480 [accx: 0.01 accy: -0.01] 
1623025625500 [accx: -0.0 accy: -0.01] 
1623025625521 [accx: 0.0 accy: -0.0] 
1623025625541 [accx: 0.01 accy: -0.01] 
1623025625563 [accx: 0.0 accy: -0.0] 
1623025625584 [accx: -0.0 accy: -0.0] 
1623025625605 [accx: 0.0 accy: -0.0] 
1623025625620 [accx: 0.01 accy: -0.0] 
1623025625640 [accx: 0.0 accy: -0.0] 
1623025625660 [accx: 0.0 accy: 0.0] 
1623025625680 [accx: -0.01 accy: -0.01] 
1623025625701 [accx: -0.01 accy: -0.0] 
1623025625720 [accx: -0.0 accy: -0.0] 
1623025625740 [accx: 0.0 accy: 0.0] 
1623025625761 [accx: 0.0 accy: 0.0] 
1623025625780 [accx: -0.0 accy: 0.0] 
1623025625802 [accx: 0.0 accy: -0.0] 
1623025625820 [accx: 0.0 accy: -0.01] 
1623025625843 [accx: 0.01 accy: -0.0] 
1623025625860 [accx: 0.01 accy: -0.0] 
1623025625880 [accx: 0.0 accy: -0.0] 
1623025625900 [accx: 0.01 accy: 0.0] 
1623025625922 [accx: 0.01 accy: -0.0] 
1623025625952 [accx: 0.0 accy: -0.0] 
1623025625961 [accx: 0.01 accy: -0.0] 
1623025625981 [accx: 0.0 accy: -0.0] 
1623025626000 [accx: 0.0 accy: -0.01] 
1623025626021 [accx: 0.0 accy: -0.01] 
1623025626044 [accx: 0.0 accy: -0.01] 
1623025626061 [accx: -0.0 accy: -0.0] 
1623025626080 [accx: -0.0 accy: -0.0] 
1623025626100 [accx: 0.01 accy: -0.0] 
1623025626120 [accx: 0.0 accy: 0.0] 
1623025626140 [accx: 0.0 accy: 0.01] 
1623025626160 [accx: 0.0 accy: 0.0] 
1623025626185 [accx: -0.0 accy: -0.0] 
1623025626200 [accx: -0.0 accy: -0.01] 
1623025626220 [accx: 0.0 accy: -0.0] 
1623025626240 [accx: 0.01 accy: -0.0] 
1623025626260 [accx: 0.01 accy: 0.0] 
1623025626280 [accx: 0.01 accy: -0.0] 
1623025626300 [accx: 0.01 accy: -0.0] 
1623025626320 [accx: 0.01 accy: -0.0] 
1623025626344 [accx: 0.0 accy: -0.01] 
1623025626364 [accx: 0.0 accy: -0.0] 
1623025626380 [accx: 0.0 accy: -0.0] 
1623025626400 [accx: -0.0 accy: -0.0] 
1623025626424 [accx: 0.0 accy: -0.0] 
1623025626441 [accx: 0.0 accy: -0.01] 
1623025626461 [accx: 0.01 accy: 0.0] 
1623025626480 [accx: 0.0 accy: -0.01] 
1623025626500 [accx: 0.0 accy: -0.0] 
1623025626523 [accx: 0.0 accy: -0.0] 
1623025626541 [accx: -0.0 accy: -0.0] 
1623025626560 [accx: 0.0 accy: -0.0] 
1623025626580 [accx: 0.0 accy: -0.0] 
1623025626600 [accx: 0.01 accy: -0.01] 
1623025626620 [accx: -0.0 accy: -0.01] 
1623025626640 [accx: 0.0 accy: -0.0] 
1623025626660 [accx: 0.0 accy: 0.01] 
1623025626680 [accx: 0.01 accy: 0.0] 
1623025626700 [accx: 0.01 accy: 0.01] 
1623025626720 [accx: 0.01 accy: 0.0] 
1623025626740 [accx: 0.0 accy: 0.01] 
1623025626760 [accx: 0.0 accy: 0.0] 
1623025626781 [accx: -0.0 accy: 0.0] 
1623025626801 [accx: 0.0 accy: -0.0] 
1623025626820 [accx: 0.0 accy: 0.0] 
1623025626840 [accx: 0.0 accy: 0.0] 
1623025626860 [accx: 0.0 accy: -0.0] 
1623025626880 [accx: 0.0 accy: 0.0] 
1623025626900 [accx: 0.0 accy: -0.0] 
1623025626921 [accx: 0.0 accy: -0.0] 
1623025626941 [accx: -0.0 accy: -0.0] 
1623025626963 [accx: 0.0 accy: -0.0] 
1623025626981 [accx: 0.01 accy: -0.0] 
1623025627010 [accx: 0.0 accy: -0.0] 
1623025627028 [accx: -0.01 accy: -0.0] 
1623025627041 [accx: -0.0 accy: 0.0] 
1623025627062 [accx: -0.0 accy: 0.01] 
1623025627086 [accx: -0.01 accy: 0.0] 
1623025627101 [accx: 0.0 accy: -0.0] 
1623025627120 [accx: -0.0 accy: 0.0] 
1623025627140 [accx: 0.0 accy: 0.0] 
1623025627161 [accx: 0.0 accy: 0.0] 
1623025627180 [accx: 0.0 accy: -0.0] 
1623025627200 [accx: 0.0 accy: 0.0] 
1623025627221 [accx: 0.0 accy: 0.0] 
1623025627243 [accx: 0.01 accy: 0.0] 
1623025627266 [accx: 0.01 accy: -0.0] 
1623025627283 [accx: 0.01 accy: 0.0] 
1623025627301 [accx: 0.01 accy: 0.0] 
1623025627323 [accx: 0.01 accy: 0.01] 
1623025627341 [accx: 0.0 accy: 0.01] 
1623025627364 [accx: 0.0 accy: 0.01] 
1623025627380 [accx: 0.01 accy: 0.0] 
1623025627405 [accx: 0.0 accy: -0.0] 
1623025627420 [accx: -0.0 accy: 0.0] 
1623025627444 [accx: 0.0 accy: -0.0] 
1623025627460 [accx: -0.0 accy: -0.01] 
1623025627481 [accx: 0.0 accy: -0.01] 
1623025627500 [accx: -0.0 accy: 0.0] 
1623025627523 [accx: 0.0 accy: -0.0] 
1623025627541 [accx: -0.0 accy: -0.0] 
1623025627564 [accx: 0.0 accy: -0.0] 
1623025627584 [accx: 0.01 accy: 0.0] 
1623025627600 [accx: -0.0 accy: 0.0] 
1623025627620 [accx: 0.0 accy: 0.0] 
1623025627640 [accx: 0.01 accy: -0.0] 
1623025627660 [accx: 0.01 accy: -0.01] 
1623025627680 [accx: 0.01 accy: -0.0] 
1623025627700 [accx: 0.0 accy: -0.0] 
1623025627720 [accx: 0.01 accy: -0.01] 
1623025627740 [accx: 0.0 accy: -0.0] 
1623025627760 [accx: 0.0 accy: -0.01] 
1623025627780 [accx: -0.0 accy: -0.01] 
1623025627800 [accx: -0.0 accy: -0.0] 
1623025627820 [accx: -0.0 accy: -0.0] 
1623025627840 [accx: -0.01 accy: 0.0] 
1623025627860 [accx: 0.0 accy: 0.01] 
1623025627880 [accx: 0.0 accy: 0.0] 
1623025627900 [accx: -0.0 accy: 0.0] 
1623025627920 [accx: 0.01 accy: -0.0] 
1623025627940 [accx: 0.01 accy: -0.0] 
1623025627960 [accx: 0.0 accy: -0.0] 
1623025627980 [accx: 0.01 accy: 0.0] 
1623025628000 [accx: 0.0 accy: 0.0] 
1623025628020 [accx: 0.01 accy: 0.0] 
1623025628040 [accx: 0.0 accy: -0.01] 
1623025628061 [accx: 0.0 accy: -0.01] 
1623025628081 [accx: 0.01 accy: -0.01] 
1623025628100 [accx: 0.01 accy: -0.0] 
1623025628121 [accx: 0.0 accy: 0.0] 
1623025628144 [accx: 0.0 accy: 0.0] 
1623025628160 [accx: -0.0 accy: -0.0] 
1623025628180 [accx: 0.0 accy: -0.0] 
1623025628206 [accx: 0.01 accy: -0.0] 
1623025628220 [accx: 0.0 accy: 0.01] 
1623025628240 [accx: 0.0 accy: 0.01] 
1623025628260 [accx: 0.0 accy: 0.0] 
1623025628280 [accx: 0.0 accy: 0.0] 
1623025628300 [accx: 0.0 accy: 0.0] 
1623025628320 [accx: 0.01 accy: 0.0] 
1623025628340 [accx: 0.01 accy: 0.0] 
1623025628360 [accx: 0.0 accy: -0.0] 
1623025628380 [accx: 0.0 accy: 0.01] 
1623025628400 [accx: -0.0 accy: 0.01] 
1623025628420 [accx: 0.0 accy: 0.0] 
1623025628440 [accx: 0.0 accy: -0.0] 
1623025628460 [accx: 0.0 accy: -0.0] 
1623025628480 [accx: 0.0 accy: -0.0] 
1623025628501 [accx: 0.0 accy: -0.01] 
1623025628520 [accx: 0.0 accy: -0.01] 
1623025628540 [accx: -0.0 accy: 0.0] 
1623025628560 [accx: 0.0 accy: -0.01] 
1623025628580 [accx: 0.0 accy: -0.0] 
1623025628602 [accx: 0.0 accy: -0.0] 
1623025628622 [accx: -0.0 accy: -0.01] 
1623025628649 [accx: 0.0 accy: -0.0] 
1623025628660 [accx: 0.01 accy: -0.0] 
1623025628680 [accx: 0.0 accy: 0.0] 
