1622893838992 [accx: 0.0 accy: 0.01] 
1622893839011 [accx: -0.0 accy: -0.0] 
1622893839032 [accx: 0.0 accy: -0.0] 
1622893839052 [accx: 0.0 accy: 0.0] 
1622893839072 [accx: 0.0 accy: 0.0] 
1622893839091 [accx: -0.0 accy: 0.0] 
1622893839112 [accx: 0.0 accy: -0.0] 
1622893839131 [accx: -0.0 accy: 0.0] 
1622893839151 [accx: 0.0 accy: 0.01] 
1622893839171 [accx: -0.0 accy: -0.0] 
1622893839191 [accx: 0.0 accy: -0.0] 
1622893839213 [accx: 0.0 accy: 0.0] 
1622893839237 [accx: 0.0 accy: -0.0] 
1622893839251 [accx: 0.0 accy: -0.0] 
1622893839271 [accx: 0.0 accy: -0.0] 
1622893839291 [accx: -0.0 accy: -0.01] 
1622893839311 [accx: -0.0 accy: -0.0] 
1622893839331 [accx: -0.0 accy: -0.0] 
1622893839352 [accx: 0.0 accy: 0.01] 
1622893839372 [accx: -0.0 accy: -0.0] 
1622893839391 [accx: -0.0 accy: 0.0] 
1622893839412 [accx: 0.0 accy: -0.0] 
1622893839432 [accx: -0.0 accy: 0.0] 
1622893839451 [accx: -0.0 accy: 0.0] 
1622893839471 [accx: -0.0 accy: -0.01] 
1622893839491 [accx: 0.0 accy: -0.01] 
1622893839511 [accx: 0.0 accy: -0.01] 
1622893839531 [accx: -0.0 accy: -0.01] 
1622893839551 [accx: -0.0 accy: -0.01] 
1622893839572 [accx: -0.0 accy: -0.0] 
1622893839591 [accx: -0.0 accy: 0.0] 
1622893839611 [accx: -0.0 accy: 0.0] 
1622893839632 [accx: -0.0 accy: -0.0] 
1622893839651 [accx: -0.0 accy: -0.0] 
1622893839672 [accx: -0.0 accy: -0.0] 
1622893839691 [accx: -0.0 accy: 0.0] 
1622893839712 [accx: -0.0 accy: -0.0] 
1622893839731 [accx: -0.0 accy: 0.0] 
1622893839751 [accx: -0.0 accy: 0.01] 
1622893839771 [accx: 0.0 accy: 0.01] 
1622893839791 [accx: -0.01 accy: 0.01] 
1622893839811 [accx: -0.0 accy: 0.0] 
1622893839832 [accx: 0.0 accy: 0.0] 
1622893839851 [accx: -0.0 accy: -0.0] 
1622893839871 [accx: 0.0 accy: 0.01] 
1622893839891 [accx: 0.0 accy: -0.0] 
1622893839911 [accx: 0.0 accy: -0.0] 
1622893839931 [accx: 0.0 accy: -0.0] 
1622893839951 [accx: 0.0 accy: -0.0] 
1622893839971 [accx: 0.0 accy: -0.0] 
1622893839991 [accx: 0.01 accy: -0.0] 
1622893840012 [accx: 0.0 accy: -0.0] 
1622893840032 [accx: 0.0 accy: -0.0] 
1622893840051 [accx: 0.0 accy: -0.0] 
1622893840071 [accx: 0.0 accy: -0.0] 
1622893840091 [accx: -0.0 accy: -0.0] 
1622893840111 [accx: 0.0 accy: -0.0] 
1622893840131 [accx: 0.0 accy: -0.01] 
1622893840151 [accx: 0.0 accy: -0.01] 
1622893840172 [accx: -0.01 accy: -0.01] 
1622893840191 [accx: -0.0 accy: -0.01] 
1622893840211 [accx: -0.0 accy: -0.0] 
1622893840231 [accx: 0.0 accy: 0.0] 
1622893840251 [accx: -0.0 accy: -0.0] 
1622893840271 [accx: -0.0 accy: -0.0] 
1622893840291 [accx: -0.0 accy: -0.0] 
1622893840311 [accx: -0.0 accy: -0.0] 
1622893840331 [accx: -0.01 accy: 0.0] 
1622893840351 [accx: -0.01 accy: -0.0] 
1622893840371 [accx: -0.01 accy: 0.0] 
1622893840391 [accx: -0.01 accy: -0.0] 
1622893840411 [accx: -0.01 accy: -0.0] 
1622893840431 [accx: -0.0 accy: 0.0] 
1622893840451 [accx: -0.0 accy: 0.01] 
1622893840471 [accx: -0.0 accy: 0.0] 
1622893840494 [accx: -0.0 accy: -0.0] 
1622893840511 [accx: -0.0 accy: 0.0] 
1622893840531 [accx: -0.01 accy: 0.0] 
1622893840551 [accx: -0.01 accy: -0.0] 
1622893840571 [accx: -0.01 accy: -0.0] 
1622893840591 [accx: 0.01 accy: 0.01] 
1622893840611 [accx: 0.01 accy: 0.01] 
1622893840631 [accx: 0.0 accy: 0.0] 
1622893840651 [accx: -0.0 accy: -0.0] 
1622893840671 [accx: -0.01 accy: -0.0] 
1622893840691 [accx: -0.0 accy: 0.0] 
1622893840711 [accx: -0.0 accy: 0.0] 
1622893840731 [accx: -0.0 accy: -0.0] 
1622893840751 [accx: 0.0 accy: -0.0] 
1622893840771 [accx: 0.0 accy: -0.0] 
1622893840791 [accx: 0.0 accy: 0.0] 
1622893840811 [accx: -0.0 accy: 0.0] 
1622893840831 [accx: -0.0 accy: -0.0] 
1622893840855 [accx: -0.01 accy: -0.0] 
1622893840871 [accx: -0.01 accy: -0.0] 
1622893840891 [accx: -0.0 accy: -0.01] 
1622893840911 [accx: -0.01 accy: -0.0] 
1622893840931 [accx: 0.0 accy: -0.0] 
1622893840951 [accx: 0.0 accy: -0.0] 
1622893840971 [accx: 0.0 accy: 0.0] 
1622893840991 [accx: 0.01 accy: 0.0] 
1622893841011 [accx: 0.0 accy: -0.01] 
1622893841031 [accx: -0.0 accy: 0.0] 
1622893841051 [accx: -0.0 accy: -0.0] 
1622893841071 [accx: -0.0 accy: -0.0] 
1622893841091 [accx: -0.0 accy: -0.0] 
1622893841111 [accx: -0.01 accy: 0.0] 
1622893841131 [accx: -0.0 accy: 0.0] 
1622893841151 [accx: -0.0 accy: 0.0] 
1622893841171 [accx: -0.0 accy: -0.0] 
1622893841191 [accx: -0.0 accy: -0.0] 
1622893841211 [accx: -0.01 accy: -0.0] 
1622893841231 [accx: -0.0 accy: 0.0] 
1622893841252 [accx: -0.01 accy: -0.0] 
1622893841272 [accx: -0.01 accy: 0.0] 
1622893841292 [accx: -0.01 accy: 0.0] 
1622893841311 [accx: 0.0 accy: 0.0] 
1622893841332 [accx: 0.0 accy: -0.0] 
1622893841351 [accx: 0.0 accy: -0.0] 
1622893841373 [accx: 0.0 accy: -0.0] 
1622893841391 [accx: -0.0 accy: -0.0] 
1622893841412 [accx: -0.0 accy: -0.0] 
1622893841431 [accx: -0.0 accy: 0.0] 
1622893841452 [accx: 0.0 accy: 0.0] 
1622893841471 [accx: 0.0 accy: 0.0] 
1622893841492 [accx: -0.0 accy: -0.0] 
1622893841511 [accx: -0.0 accy: -0.0] 
1622893841532 [accx: -0.01 accy: 0.0] 
1622893841551 [accx: -0.01 accy: 0.0] 
1622893841572 [accx: -0.0 accy: 0.01] 
1622893841591 [accx: -0.0 accy: 0.01] 
1622893841612 [accx: -0.0 accy: 0.01] 
1622893841631 [accx: -0.0 accy: 0.0] 
1622893841652 [accx: -0.01 accy: 0.0] 
1622893841671 [accx: -0.0 accy: 0.01] 
1622893841692 [accx: 0.0 accy: 0.0] 
1622893841711 [accx: 0.0 accy: -0.0] 
1622893841732 [accx: 0.0 accy: -0.0] 
1622893841754 [accx: -0.0 accy: 0.0] 
1622893841771 [accx: 0.0 accy: 0.0] 
1622893841791 [accx: 0.0 accy: 0.0] 
1622893841813 [accx: 0.0 accy: 0.0] 
1622893841831 [accx: 0.0 accy: -0.01] 
1622893841851 [accx: 0.0 accy: -0.0] 
1622893841872 [accx: -0.0 accy: -0.0] 
1622893841894 [accx: -0.01 accy: -0.0] 
1622893841911 [accx: -0.0 accy: -0.0] 
1622893841934 [accx: -0.01 accy: 0.0] 
1622893841951 [accx: 0.0 accy: 0.0] 
1622893841972 [accx: 0.0 accy: -0.0] 
1622893841992 [accx: 0.0 accy: 0.0] 
1622893842011 [accx: -0.0 accy: 0.0] 
1622893842031 [accx: 0.0 accy: 0.01] 
1622893842051 [accx: 0.0 accy: 0.01] 
1622893842071 [accx: 0.01 accy: 0.0] 
1622893842091 [accx: -0.0 accy: 0.0] 
1622893842111 [accx: 0.0 accy: 0.0] 
1622893842131 [accx: 0.0 accy: -0.0] 
1622893842151 [accx: 0.0 accy: -0.0] 
1622893842171 [accx: -0.0 accy: -0.0] 
1622893842192 [accx: -0.01 accy: -0.0] 
1622893842211 [accx: -0.01 accy: 0.0] 
1622893842233 [accx: -0.0 accy: 0.0] 
1622893842251 [accx: -0.0 accy: -0.0] 
1622893842271 [accx: -0.0 accy: 0.0] 
1622893842292 [accx: -0.01 accy: 0.0] 
1622893842313 [accx: -0.01 accy: 0.0] 
1622893842331 [accx: -0.0 accy: -0.0] 
1622893842351 [accx: -0.0 accy: -0.0] 
1622893842372 [accx: 0.0 accy: -0.0] 
1622893842392 [accx: 0.0 accy: -0.0] 
1622893842416 [accx: 0.0 accy: -0.0] 
1622893842431 [accx: -0.0 accy: -0.01] 
1622893842452 [accx: -0.0 accy: -0.01] 
1622893842471 [accx: 0.0 accy: -0.01] 
1622893842491 [accx: 0.0 accy: -0.0] 
1622893842513 [accx: -0.0 accy: -0.01] 
1622893842531 [accx: -0.01 accy: -0.01] 
1622893842551 [accx: -0.0 accy: -0.0] 
1622893842571 [accx: -0.01 accy: -0.0] 
1622893842591 [accx: -0.0 accy: -0.0] 
1622893842612 [accx: 0.0 accy: -0.0] 
1622893842632 [accx: 0.0 accy: -0.0] 
1622893842651 [accx: -0.0 accy: 0.0] 
1622893842672 [accx: 0.0 accy: -0.0] 
1622893842691 [accx: 0.01 accy: -0.0] 
1622893842711 [accx: 0.0 accy: -0.0] 
1622893842731 [accx: 0.0 accy: -0.0] 
1622893842752 [accx: -0.0 accy: -0.0] 
1622893842771 [accx: -0.0 accy: 0.0] 
1622893842794 [accx: -0.0 accy: 0.0] 
1622893842812 [accx: -0.01 accy: -0.0] 
1622893842833 [accx: -0.01 accy: -0.01] 
1622893842851 [accx: -0.0 accy: -0.01] 
1622893842871 [accx: -0.01 accy: -0.0] 
1622893842894 [accx: 0.0 accy: 0.0] 
1622893842912 [accx: -0.0 accy: -0.0] 
1622893842934 [accx: -0.0 accy: -0.0] 
1622893842952 [accx: 0.0 accy: -0.01] 
1622893842973 [accx: 0.0 accy: -0.0] 
1622893842991 [accx: 0.0 accy: -0.0] 
1622893843012 [accx: 0.0 accy: 0.0] 
1622893843031 [accx: 0.0 accy: 0.0] 
1622893843052 [accx: -0.0 accy: 0.01] 
1622893843071 [accx: -0.0 accy: -0.0] 
1622893843092 [accx: 0.01 accy: -0.0] 
1622893843111 [accx: 0.0 accy: 0.0] 
1622893843132 [accx: 0.0 accy: 0.01] 
1622893843151 [accx: 0.0 accy: -0.0] 
1622893843172 [accx: 0.0 accy: 0.0] 
1622893843191 [accx: 0.0 accy: -0.01] 
1622893843212 [accx: -0.0 accy: -0.0] 
1622893843231 [accx: -0.0 accy: -0.0] 
1622893843253 [accx: -0.0 accy: -0.0] 
1622893843271 [accx: -0.0 accy: -0.0] 
1622893843292 [accx: -0.01 accy: -0.0] 
1622893843312 [accx: 0.0 accy: -0.0] 
1622893843332 [accx: 0.0 accy: -0.01] 
1622893843352 [accx: 0.0 accy: -0.01] 
1622893843372 [accx: 0.0 accy: -0.01] 
1622893843391 [accx: -0.0 accy: -0.0] 
1622893843411 [accx: -0.0 accy: -0.01] 
1622893843432 [accx: 0.0 accy: -0.01] 
1622893843451 [accx: 0.01 accy: -0.0] 
1622893843474 [accx: 0.0 accy: -0.0] 
1622893843491 [accx: -0.0 accy: -0.01] 
1622893843512 [accx: -0.0 accy: -0.01] 
1622893843534 [accx: -0.01 accy: -0.01] 
1622893843551 [accx: -0.0 accy: -0.0] 
1622893843571 [accx: -0.01 accy: 0.0] 
1622893843591 [accx: -0.0 accy: 0.0] 
1622893843612 [accx: -0.01 accy: 0.0] 
1622893843632 [accx: -0.01 accy: -0.0] 
1622893843651 [accx: -0.0 accy: 0.01] 
1622893843672 [accx: -0.0 accy: -0.0] 
1622893843692 [accx: -0.0 accy: -0.0] 
1622893843712 [accx: -0.0 accy: -0.0] 
1622893843738 [accx: -0.0 accy: 0.0] 
1622893843752 [accx: 0.0 accy: 0.0] 
1622893843771 [accx: -0.0 accy: 0.01] 
1622893843792 [accx: -0.01 accy: 0.0] 
1622893843811 [accx: 0.0 accy: 0.0] 
1622893843831 [accx: 0.01 accy: 0.0] 
1622893843852 [accx: 0.0 accy: -0.0] 
1622893843872 [accx: -0.01 accy: 0.0] 
1622893843891 [accx: -0.0 accy: -0.0] 
1622893843911 [accx: -0.0 accy: -0.0] 
1622893843931 [accx: 0.0 accy: -0.0] 
1622893843951 [accx: 0.0 accy: -0.0] 
1622893843971 [accx: 0.01 accy: -0.0] 
1622893843991 [accx: 0.0 accy: 0.0] 
1622893844011 [accx: -0.0 accy: -0.0] 
1622893844032 [accx: -0.0 accy: -0.01] 
1622893844052 [accx: 0.0 accy: -0.01] 
1622893844071 [accx: 0.0 accy: 0.0] 
1622893844091 [accx: -0.0 accy: 0.0] 
1622893844111 [accx: -0.0 accy: 0.0] 
1622893844131 [accx: -0.0 accy: -0.01] 
1622893844152 [accx: -0.0 accy: -0.01] 
1622893844171 [accx: -0.0 accy: -0.0] 
1622893844191 [accx: -0.0 accy: -0.01] 
1622893844211 [accx: -0.01 accy: -0.0] 
1622893844232 [accx: -0.0 accy: 0.0] 
1622893844252 [accx: -0.0 accy: -0.0] 
1622893844271 [accx: 0.0 accy: -0.0] 
1622893844292 [accx: 0.0 accy: 0.0] 
1622893844312 [accx: -0.0 accy: 0.0] 
1622893844333 [accx: -0.01 accy: -0.0] 
1622893844351 [accx: -0.01 accy: -0.0] 
1622893844372 [accx: 0.0 accy: 0.0] 
1622893844399 [accx: 0.0 accy: 0.01] 
1622893844412 [accx: -0.0 accy: 0.01] 
1622893844431 [accx: 0.0 accy: -0.0] 
1622893844451 [accx: 0.0 accy: 0.0] 
1622893844473 [accx: -0.0 accy: 0.0] 
1622893844492 [accx: -0.0 accy: 0.0] 
1622893844512 [accx: 0.0 accy: 0.0] 
1622893844532 [accx: -0.0 accy: -0.0] 
1622893844552 [accx: -0.0 accy: -0.0] 
1622893844572 [accx: -0.0 accy: -0.0] 
1622893844592 [accx: 0.0 accy: -0.0] 
1622893844611 [accx: 0.0 accy: -0.0] 
1622893844631 [accx: 0.0 accy: -0.0] 
1622893844651 [accx: 0.01 accy: -0.0] 
1622893844671 [accx: 0.0 accy: -0.0] 
1622893844691 [accx: -0.0 accy: -0.0] 
1622893844712 [accx: -0.0 accy: 0.0] 
1622893844731 [accx: -0.0 accy: 0.01] 
1622893844751 [accx: 0.0 accy: 0.0] 
1622893844771 [accx: 0.0 accy: -0.0] 
1622893844791 [accx: 0.0 accy: 0.0] 
1622893844811 [accx: 0.0 accy: -0.0] 
1622893844832 [accx: 0.0 accy: -0.01] 
1622893844851 [accx: 0.0 accy: -0.0] 
1622893844874 [accx: 0.0 accy: 0.0] 
1622893844891 [accx: 0.0 accy: 0.0] 
1622893844919 [accx: -0.0 accy: 0.0] 
1622893844937 [accx: -0.0 accy: -0.01] 
1622893844951 [accx: -0.0 accy: -0.0] 
1622893844975 [accx: -0.01 accy: -0.0] 
1622893844992 [accx: -0.0 accy: -0.01] 
1622893845015 [accx: -0.0 accy: 0.0] 
1622893845032 [accx: 0.0 accy: -0.0] 
1622893845053 [accx: -0.0 accy: -0.0] 
1622893845071 [accx: -0.0 accy: -0.0] 
1622893845095 [accx: -0.0 accy: -0.0] 
1622893845114 [accx: 0.0 accy: -0.0] 
1622893845137 [accx: -0.0 accy: -0.0] 
1622893845155 [accx: 0.0 accy: -0.0] 
1622893845177 [accx: 0.0 accy: -0.0] 
1622893845196 [accx: 0.01 accy: -0.01] 
1622893845212 [accx: 0.0 accy: -0.0] 
1622893845233 [accx: 0.0 accy: -0.0] 
1622893845268 [accx: -0.01 accy: -0.0] 
1622893845272 [accx: -0.0 accy: 0.0] 
1622893845292 [accx: -0.0 accy: 0.0] 
1622893845316 [accx: 0.0 accy: 0.0] 
1622893845337 [accx: 0.0 accy: 0.01] 
1622893845352 [accx: 0.0 accy: 0.0] 
1622893845371 [accx: -0.0 accy: 0.0] 
1622893845397 [accx: 0.0 accy: 0.0] 
1622893845412 [accx: 0.0 accy: -0.01] 
1622893845436 [accx: 0.0 accy: -0.01] 
1622893845452 [accx: 0.0 accy: -0.01] 
1622893845472 [accx: 0.0 accy: -0.01] 
1622893845494 [accx: 0.01 accy: -0.01] 
1622893845513 [accx: 0.01 accy: 0.0] 
1622893845532 [accx: 0.0 accy: 0.0] 
1622893845553 [accx: -0.0 accy: -0.0] 
1622893845572 [accx: -0.0 accy: 0.0] 
1622893845592 [accx: -0.0 accy: 0.0] 
1622893845620 [accx: -0.0 accy: 0.0] 
1622893845635 [accx: -0.01 accy: 0.0] 
1622893845654 [accx: -0.01 accy: 0.0] 
1622893845675 [accx: -0.01 accy: 0.0] 
1622893845694 [accx: -0.0 accy: -0.01] 
1622893845713 [accx: -0.0 accy: -0.01] 
1622893845732 [accx: -0.0 accy: -0.0] 
1622893845754 [accx: -0.01 accy: 0.0] 
1622893845771 [accx: -0.01 accy: -0.0] 
1622893845804 [accx: -0.01 accy: 0.0] 
1622893845813 [accx: -0.0 accy: 0.0] 
1622893845832 [accx: -0.0 accy: -0.01] 
1622893845852 [accx: -0.0 accy: -0.0] 
1622893845877 [accx: -0.0 accy: 0.0] 
1622893845892 [accx: -0.0 accy: 0.0] 
1622893845920 [accx: -0.0 accy: 0.0] 
1622893845939 [accx: -0.01 accy: 0.0] 
1622893845957 [accx: -0.0 accy: 0.0] 
1622893845971 [accx: -0.0 accy: 0.0] 
1622893845997 [accx: -0.0 accy: -0.01] 
1622893846011 [accx: -0.01 accy: -0.01] 
1622893846032 [accx: -0.01 accy: -0.01] 
1622893846060 [accx: -0.0 accy: -0.01] 
1622893846071 [accx: -0.01 accy: -0.0] 
1622893846093 [accx: -0.01 accy: -0.0] 
1622893846111 [accx: -0.0 accy: -0.0] 
1622893846132 [accx: -0.0 accy: -0.0] 
1622893846151 [accx: -0.0 accy: 0.0] 
1622893846174 [accx: -0.0 accy: 0.0] 
1622893846192 [accx: -0.0 accy: 0.0] 
1622893846211 [accx: -0.01 accy: -0.0] 
1622893846240 [accx: -0.0 accy: -0.0] 
1622893846251 [accx: -0.0 accy: -0.0] 
1622893846271 [accx: -0.0 accy: 0.0] 
1622893846291 [accx: -0.0 accy: 0.0] 
1622893846312 [accx: -0.0 accy: -0.0] 
1622893846331 [accx: -0.01 accy: -0.0] 
1622893846352 [accx: -0.01 accy: -0.01] 
1622893846373 [accx: -0.01 accy: -0.0] 
1622893846391 [accx: -0.0 accy: -0.0] 
1622893846411 [accx: 0.0 accy: -0.0] 
1622893846432 [accx: 0.0 accy: -0.0] 
1622893846451 [accx: -0.01 accy: 0.0] 
1622893846471 [accx: -0.01 accy: -0.0] 
1622893846491 [accx: -0.0 accy: -0.0] 
1622893846512 [accx: -0.01 accy: 0.0] 
1622893846531 [accx: 0.0 accy: -0.0] 
1622893846551 [accx: 0.0 accy: 0.0] 
1622893846574 [accx: -0.0 accy: -0.0] 
1622893846597 [accx: -0.0 accy: -0.0] 
1622893846614 [accx: -0.01 accy: 0.0] 
1622893846640 [accx: -0.0 accy: -0.0] 
1622893846653 [accx: -0.0 accy: -0.0] 
1622893846683 [accx: -0.0 accy: -0.0] 
1622893846692 [accx: -0.0 accy: -0.0] 
1622893846712 [accx: -0.0 accy: -0.0] 
1622893846732 [accx: 0.0 accy: -0.01] 
1622893846752 [accx: -0.0 accy: -0.01] 
1622893846772 [accx: -0.0 accy: -0.0] 
1622893846792 [accx: -0.0 accy: -0.01] 
1622893846824 [accx: -0.01 accy: -0.01] 
1622893846848 [accx: 0.0 accy: -0.0] 
1622893846859 [accx: -0.0 accy: -0.0] 
1622893846872 [accx: 0.0 accy: -0.0] 
1622893846892 [accx: -0.0 accy: 0.0] 
1622893846912 [accx: -0.0 accy: -0.0] 
1622893846933 [accx: 0.0 accy: -0.01] 
1622893846951 [accx: -0.01 accy: -0.01] 
1622893846973 [accx: -0.01 accy: -0.0] 
1622893846996 [accx: -0.01 accy: 0.0] 
1622893847014 [accx: -0.0 accy: 0.0] 
1622893847039 [accx: 0.0 accy: 0.0] 
1622893847057 [accx: -0.0 accy: -0.01] 
1622893847073 [accx: 0.0 accy: -0.0] 
1622893847125 [accx: 0.0 accy: -0.01] 
1622893847132 [accx: 0.01 accy: 0.0] 
1622893847152 [accx: 0.0 accy: 0.0] 
1622893847155 [accx: -0.0 accy: 0.0] 
1622893847186 [accx: -0.0 accy: -0.0] 
1622893847192 [accx: 0.0 accy: -0.0] 
1622893847221 [accx: 0.0 accy: -0.0] 
1622893847232 [accx: 0.0 accy: -0.01] 
1622893847252 [accx: 0.0 accy: -0.0] 
1622893847273 [accx: -0.0 accy: -0.0] 
1622893847299 [accx: 0.0 accy: -0.0] 
1622893847315 [accx: -0.01 accy: -0.0] 
1622893847336 [accx: -0.01 accy: -0.0] 
1622893847356 [accx: -0.0 accy: 0.0] 
1622893847372 [accx: 0.0 accy: -0.01] 
1622893847403 [accx: -0.0 accy: -0.0] 
1622893847411 [accx: -0.0 accy: 0.0] 
1622893847431 [accx: 0.01 accy: 0.0] 
1622893847459 [accx: 0.0 accy: 0.0] 
1622893847472 [accx: 0.01 accy: 0.01] 
1622893847491 [accx: 0.01 accy: 0.01] 
1622893847511 [accx: 0.0 accy: -0.0] 
1622893847532 [accx: -0.0 accy: 0.0] 
1622893847551 [accx: -0.01 accy: -0.0] 
1622893847585 [accx: 0.0 accy: 0.0] 
1622893847591 [accx: 0.0 accy: 0.0] 
1622893847612 [accx: -0.0 accy: 0.0] 
1622893847632 [accx: -0.0 accy: 0.0] 
1622893847652 [accx: 0.0 accy: -0.0] 
1622893847675 [accx: 0.0 accy: 0.0] 
1622893847692 [accx: 0.0 accy: -0.0] 
1622893847711 [accx: 0.0 accy: -0.0] 
1622893847731 [accx: 0.0 accy: -0.01] 
1622893847751 [accx: -0.0 accy: -0.0] 
1622893847771 [accx: -0.0 accy: 0.0] 
1622893847792 [accx: -0.0 accy: 0.0] 
1622893847812 [accx: 0.0 accy: -0.01] 
1622893847832 [accx: 0.0 accy: -0.0] 
1622893847851 [accx: 0.0 accy: -0.0] 
1622893847872 [accx: 0.0 accy: -0.01] 
1622893847892 [accx: -0.0 accy: -0.0] 
1622893847913 [accx: -0.0 accy: 0.0] 
1622893847938 [accx: -0.0 accy: 0.0] 
1622893847951 [accx: -0.0 accy: 0.0] 
1622893847975 [accx: 0.0 accy: 0.0] 
1622893847991 [accx: 0.01 accy: 0.0] 
1622893848013 [accx: 0.01 accy: 0.01] 
1622893848032 [accx: -0.0 accy: -0.0] 
1622893848051 [accx: 0.0 accy: -0.0] 
1622893848074 [accx: 0.0 accy: -0.0] 
1622893848099 [accx: -0.0 accy: -0.0] 
1622893848112 [accx: -0.0 accy: -0.01] 
1622893848138 [accx: 0.01 accy: -0.01] 
1622893848169 [accx: 0.0 accy: -0.0] 
1622893848195 [accx: 0.0 accy: 0.0] 
1622893848198 [accx: -0.0 accy: 0.01] 
1622893848211 [accx: -0.0 accy: 0.01] 
1622893848239 [accx: -0.01 accy: -0.01] 
1622893848264 [accx: -0.0 accy: 0.0] 
1622893848271 [accx: 0.0 accy: 0.01] 
1622893848345 [accx: -0.0 accy: 0.0] 
1622893848349 [accx: -0.01 accy: 0.0] 
1622893848352 [accx: -0.0 accy: 0.0] 
1622893848355 [accx: 0.0 accy: 0.0] 
1622893848371 [accx: 0.0 accy: -0.01] 
1622893848392 [accx: -0.0 accy: 0.0] 
1622893848412 [accx: -0.0 accy: 0.01] 
1622893848435 [accx: 0.0 accy: 0.01] 
1622893848452 [accx: 0.0 accy: 0.0] 
1622893848485 [accx: 0.0 accy: -0.0] 
1622893848493 [accx: 0.0 accy: -0.01] 
1622893848512 [accx: -0.0 accy: -0.01] 
1622893848533 [accx: 0.0 accy: -0.01] 
1622893848564 [accx: -0.0 accy: -0.0] 
1622893848572 [accx: -0.0 accy: -0.0] 
1622893848591 [accx: -0.0 accy: -0.01] 
1622893848611 [accx: -0.0 accy: -0.0] 
1622893848642 [accx: 0.0 accy: -0.0] 
1622893848652 [accx: -0.0 accy: -0.0] 
1622893848671 [accx: 0.0 accy: -0.01] 
1622893848691 [accx: -0.0 accy: -0.0] 
1622893848712 [accx: 0.0 accy: -0.0] 
1622893848731 [accx: 0.0 accy: 0.0] 
1622893848760 [accx: 0.0 accy: -0.0] 
1622893848771 [accx: 0.0 accy: -0.01] 
1622893848791 [accx: -0.0 accy: -0.01] 
1622893848811 [accx: -0.0 accy: -0.01] 
1622893848839 [accx: -0.0 accy: -0.01] 
1622893848852 [accx: -0.0 accy: -0.01] 
1622893848876 [accx: 0.0 accy: -0.0] 
1622893848891 [accx: 0.0 accy: -0.0] 
1622893848911 [accx: 0.0 accy: 0.0] 
1622893848931 [accx: -0.0 accy: -0.0] 
1622893848951 [accx: -0.0 accy: -0.0] 
1622893848971 [accx: 0.0 accy: -0.0] 
1622893848991 [accx: 0.0 accy: 0.0] 
1622893849012 [accx: -0.0 accy: -0.0] 
1622893849035 [accx: 0.0 accy: -0.01] 
1622893849052 [accx: -0.0 accy: -0.0] 
1622893849077 [accx: -0.0 accy: -0.0] 
1622893849094 [accx: -0.01 accy: 0.0] 
1622893849114 [accx: -0.0 accy: 0.01] 
1622893849131 [accx: 0.0 accy: 0.0] 
1622893849156 [accx: 0.0 accy: 0.0] 
1622893849172 [accx: 0.0 accy: -0.0] 
1622893849192 [accx: 0.0 accy: -0.0] 
1622893849221 [accx: 0.0 accy: -0.0] 
1622893849232 [accx: 0.01 accy: 0.0] 
1622893849252 [accx: 0.01 accy: 0.01] 
1622893849271 [accx: 0.0 accy: 0.0] 
1622893849294 [accx: 0.0 accy: 0.0] 
1622893849312 [accx: 0.0 accy: 0.0] 
1622893849334 [accx: -0.0 accy: -0.0] 
1622893849351 [accx: -0.0 accy: 0.0] 
1622893849375 [accx: -0.0 accy: 0.0] 
1622893849395 [accx: -0.01 accy: 0.0] 
1622893849414 [accx: -0.01 accy: 0.0] 
1622893849431 [accx: -0.0 accy: 0.0] 
1622893849454 [accx: 0.0 accy: -0.0] 
1622893849472 [accx: 0.0 accy: -0.0] 
1622893849491 [accx: 0.0 accy: -0.0] 
1622893849511 [accx: -0.0 accy: -0.0] 
1622893849534 [accx: -0.01 accy: -0.01] 
1622893849552 [accx: -0.01 accy: -0.0] 
1622893849571 [accx: -0.0 accy: -0.0] 
1622893849591 [accx: -0.0 accy: -0.0] 
1622893849611 [accx: -0.0 accy: -0.0] 
1622893849633 [accx: -0.01 accy: -0.0] 
1622893849653 [accx: 0.0 accy: 0.0] 
1622893849673 [accx: -0.0 accy: 0.0] 
1622893849695 [accx: -0.0 accy: 0.0] 
1622893849715 [accx: -0.0 accy: 0.01] 
1622893849732 [accx: 0.0 accy: 0.0] 
1622893849756 [accx: 0.0 accy: 0.0] 
1622893849777 [accx: 0.0 accy: 0.0] 
1622893849808 [accx: -0.0 accy: 0.0] 
1622893849813 [accx: -0.0 accy: -0.0] 
1622893849833 [accx: -0.0 accy: -0.0] 
1622893849855 [accx: -0.0 accy: 0.0] 
1622893849875 [accx: -0.01 accy: 0.0] 
1622893849891 [accx: -0.0 accy: 0.0] 
1622893849917 [accx: 0.0 accy: 0.01] 
1622893849931 [accx: 0.01 accy: 0.0] 
1622893849956 [accx: -0.0 accy: 0.0] 
1622893849971 [accx: -0.0 accy: 0.0] 
1622893849991 [accx: -0.0 accy: 0.0] 
1622893850012 [accx: -0.0 accy: -0.0] 
1622893850032 [accx: -0.0 accy: 0.0] 
1622893850055 [accx: 0.0 accy: 0.0] 
1622893850073 [accx: -0.0 accy: 0.0] 
1622893850092 [accx: -0.0 accy: -0.0] 
1622893850114 [accx: -0.0 accy: 0.0] 
1622893850132 [accx: -0.0 accy: -0.0] 
1622893850152 [accx: -0.0 accy: 0.0] 
1622893850172 [accx: 0.0 accy: 0.0] 
1622893850191 [accx: 0.0 accy: 0.0] 
1622893850217 [accx: 0.01 accy: 0.0] 
1622893850231 [accx: 0.0 accy: 0.0] 
1622893850261 [accx: -0.0 accy: -0.01] 
1622893850275 [accx: 0.0 accy: -0.0] 
1622893850292 [accx: 0.0 accy: -0.01] 
1622893850313 [accx: -0.0 accy: 0.0] 
1622893850332 [accx: -0.01 accy: -0.0] 
1622893850351 [accx: -0.01 accy: -0.01] 
1622893850378 [accx: -0.01 accy: 0.0] 
1622893850391 [accx: -0.01 accy: 0.0] 
1622893850411 [accx: 0.0 accy: 0.0] 
1622893850431 [accx: 0.0 accy: -0.0] 
1622893850451 [accx: 0.0 accy: -0.0] 
1622893850473 [accx: -0.0 accy: -0.0] 
1622893850492 [accx: -0.0 accy: -0.0] 
1622893850518 [accx: -0.01 accy: -0.0] 
1622893850531 [accx: -0.0 accy: -0.0] 
1622893850552 [accx: 0.0 accy: -0.01] 
1622893850573 [accx: 0.0 accy: -0.01] 
1622893850594 [accx: -0.0 accy: -0.0] 
1622893850612 [accx: -0.0 accy: -0.0] 
1622893850632 [accx: -0.0 accy: -0.0] 
1622893850652 [accx: -0.0 accy: -0.01] 
1622893850671 [accx: -0.0 accy: -0.01] 
1622893850696 [accx: 0.0 accy: -0.0] 
1622893850713 [accx: 0.0 accy: -0.0] 
1622893850731 [accx: 0.0 accy: -0.0] 
1622893850752 [accx: -0.0 accy: -0.01] 
1622893850772 [accx: -0.0 accy: -0.0] 
1622893850791 [accx: 0.0 accy: -0.01] 
1622893850813 [accx: 0.0 accy: -0.0] 
1622893850831 [accx: 0.0 accy: -0.01] 
1622893850852 [accx: -0.0 accy: -0.01] 
1622893850871 [accx: -0.01 accy: -0.0] 
1622893850892 [accx: -0.01 accy: -0.0] 
1622893850912 [accx: -0.0 accy: -0.0] 
1622893850946 [accx: -0.0 accy: -0.0] 
1622893850960 [accx: -0.0 accy: -0.0] 
1622893850993 [accx: -0.01 accy: -0.0] 
1622893851001 [accx: -0.01 accy: -0.0] 
1622893851012 [accx: -0.01 accy: 0.0] 
1622893851031 [accx: -0.01 accy: 0.0] 
1622893851051 [accx: -0.01 accy: 0.0] 
1622893851071 [accx: -0.0 accy: 0.0] 
1622893851103 [accx: 0.0 accy: 0.0] 
1622893851111 [accx: -0.0 accy: 0.01] 
1622893851134 [accx: 0.0 accy: 0.01] 
1622893851154 [accx: -0.0 accy: 0.0] 
1622893851172 [accx: 0.0 accy: 0.0] 
1622893851191 [accx: -0.0 accy: 0.0] 
1622893851212 [accx: -0.0 accy: 0.0] 
1622893851233 [accx: -0.0 accy: -0.0] 
1622893851255 [accx: -0.0 accy: -0.0] 
1622893851274 [accx: -0.0 accy: 0.0] 
1622893851292 [accx: -0.0 accy: 0.0] 
1622893851311 [accx: -0.01 accy: -0.0] 
1622893851331 [accx: -0.01 accy: 0.0] 
1622893851352 [accx: -0.0 accy: -0.0] 
1622893851372 [accx: 0.0 accy: -0.0] 
1622893851398 [accx: 0.01 accy: -0.0] 
1622893851414 [accx: 0.0 accy: -0.0] 
1622893851431 [accx: 0.0 accy: -0.0] 
1622893851452 [accx: 0.0 accy: -0.01] 
1622893851472 [accx: 0.0 accy: -0.01] 
1622893851495 [accx: 0.0 accy: -0.01] 
1622893851512 [accx: -0.01 accy: -0.01] 
1622893851542 [accx: -0.0 accy: 0.0] 
1622893851552 [accx: 0.0 accy: -0.0] 
1622893851577 [accx: -0.01 accy: -0.0] 
1622893851606 [Read robot_status] 
1622893851607 [accx: -0.01 accy: -0.0] 
1622893851613 [accx: -0.01 accy: -0.01] 
1622893851632 [accx: -0.01 accy: -0.01] 
1622893851652 [accx: -0.0 accy: -0.01] 
1622893851671 [accx: -0.0 accy: 0.0] 
1622893851696 [accx: -0.01 accy: 0.0] 
1622893851712 [accx: -0.0 accy: 0.01] 
1622893851736 [accx: -0.01 accy: -0.0] 
1622893851751 [accx: -0.0 accy: 0.0] 
1622893851783 [accx: -0.0 accy: -0.0] 
1622893851794 [accx: -0.0 accy: -0.0] 
1622893851823 [accx: -0.0 accy: 0.0] 
1622893851834 [accx: -0.0 accy: 0.0] 
1622893851852 [accx: 0.0 accy: -0.0] 
1622893851872 [accx: -0.0 accy: -0.0] 
1622893851893 [accx: -0.0 accy: -0.01] 
1622893851917 [accx: -0.0 accy: -0.01] 
1622893851931 [accx: 0.01 accy: -0.0] 
1622893851952 [accx: 0.0 accy: -0.0] 
1622893851973 [accx: 0.0 accy: -0.0] 
1622893851996 [accx: -0.0 accy: 0.0] 
1622893852017 [accx: 0.0 accy: 0.01] 
1622893852033 [accx: -0.0 accy: 0.0] 
1622893852065 [accx: 0.0 accy: 0.0] 
1622893852072 [accx: -0.0 accy: 0.0] 
1622893852092 [accx: -0.0 accy: 0.01] 
1622893852111 [accx: -0.01 accy: 0.0] 
1622893852135 [accx: -0.0 accy: -0.0] 
1622893852152 [accx: 0.0 accy: -0.0] 
1622893852171 [accx: -0.0 accy: 0.0] 
1622893852191 [accx: -0.0 accy: 0.0] 
1622893852215 [accx: -0.0 accy: 0.01] 
1622893852238 [accx: 0.0 accy: 0.0] 
1622893852259 [accx: 0.0 accy: -0.0] 
1622893852276 [accx: 0.0 accy: 0.01] 
1622893852291 [accx: -0.0 accy: 0.0] 
1622893852311 [accx: 0.0 accy: -0.0] 
1622893852331 [accx: 0.0 accy: -0.0] 
1622893852351 [accx: -0.0 accy: 0.0] 
1622893852372 [accx: -0.0 accy: -0.0] 
1622893852391 [accx: 0.0 accy: 0.0] 
1622893852411 [accx: 0.01 accy: -0.0] 
1622893852431 [accx: 0.01 accy: -0.0] 
1622893852451 [accx: 0.0 accy: -0.0] 
1622893852471 [accx: -0.0 accy: -0.0] 
1622893852494 [accx: 0.0 accy: -0.0] 
1622893852512 [accx: 0.0 accy: -0.0] 
1622893852532 [accx: -0.0 accy: -0.01] 
1622893852553 [accx: -0.0 accy: -0.01] 
1622893852571 [accx: -0.0 accy: -0.0] 
1622893852592 [accx: -0.0 accy: -0.01] 
1622893852616 [accx: -0.0 accy: -0.01] 
1622893852632 [accx: -0.0 accy: -0.01] 
1622893852652 [accx: -0.01 accy: -0.0] 
1622893852679 [accx: -0.0 accy: -0.0] 
1622893852698 [accx: -0.0 accy: -0.0] 
1622893852715 [accx: 0.0 accy: -0.0] 
1622893852738 [accx: -0.0 accy: -0.0] 
1622893852751 [accx: -0.0 accy: -0.0] 
1622893852771 [accx: -0.01 accy: -0.01] 
1622893852791 [accx: -0.0 accy: -0.0] 
1622893852818 [accx: -0.01 accy: -0.0] 
1622893852831 [accx: -0.01 accy: -0.01] 
1622893852852 [accx: -0.01 accy: -0.0] 
1622893852877 [accx: -0.0 accy: -0.0] 
1622893852892 [accx: -0.0 accy: -0.01] 
1622893852912 [accx: -0.0 accy: -0.01] 
1622893852939 [accx: 0.0 accy: -0.0] 
1622893852951 [accx: -0.0 accy: 0.0] 
1622893852980 [accx: -0.01 accy: 0.0] 
1622893852991 [accx: -0.01 accy: -0.01] 
1622893853012 [accx: -0.0 accy: -0.0] 
1622893853031 [accx: -0.0 accy: 0.01] 
1622893853052 [accx: -0.0 accy: 0.0] 
1622893853072 [accx: -0.0 accy: -0.0] 
1622893853099 [accx: -0.0 accy: -0.0] 
1622893853111 [accx: 0.0 accy: -0.01] 
1622893853131 [accx: 0.0 accy: -0.0] 
1622893853151 [accx: 0.0 accy: 0.0] 
1622893853183 [accx: 0.0 accy: -0.0] 
1622893853192 [accx: 0.01 accy: -0.01] 
1622893853212 [accx: 0.0 accy: -0.01] 
1622893853231 [accx: -0.0 accy: 0.0] 
1622893853256 [accx: 0.0 accy: 0.0] 
1622893853282 [accx: -0.0 accy: 0.01] 
1622893853292 [accx: -0.0 accy: 0.01] 
1622893853314 [accx: 0.0 accy: -0.0] 
1622893853332 [accx: 0.01 accy: -0.0] 
1622893853352 [accx: -0.0 accy: -0.01] 
1622893853378 [accx: -0.0 accy: -0.0] 
1622893853392 [accx: -0.0 accy: -0.0] 
1622893853414 [accx: 0.0 accy: -0.0] 
1622893853431 [accx: 0.0 accy: -0.0] 
1622893853452 [accx: -0.0 accy: -0.0] 
1622893853477 [accx: -0.0 accy: -0.0] 
1622893853492 [accx: 0.0 accy: -0.0] 
1622893853512 [accx: 0.0 accy: -0.01] 
1622893853533 [accx: -0.0 accy: -0.0] 
1622893853552 [accx: 0.0 accy: -0.0] 
1622893853572 [accx: -0.0 accy: 0.0] 
1622893853592 [accx: -0.01 accy: -0.0] 
1622893853612 [accx: -0.0 accy: -0.0] 
1622893853631 [accx: -0.0 accy: -0.0] 
1622893853652 [accx: -0.0 accy: 0.0] 
1622893853671 [accx: -0.0 accy: 0.0] 
1622893853692 [accx: 0.0 accy: 0.0] 
1622893853711 [accx: 0.0 accy: 0.0] 
1622893853733 [accx: -0.01 accy: 0.0] 
1622893853751 [accx: 0.0 accy: 0.0] 
1622893853773 [accx: 0.0 accy: 0.0] 
1622893853792 [accx: 0.01 accy: -0.0] 
1622893853812 [accx: 0.01 accy: 0.0] 
1622893853834 [accx: 0.0 accy: -0.0] 
1622893853853 [accx: -0.0 accy: -0.0] 
1622893853876 [accx: 0.0 accy: -0.0] 
1622893853896 [accx: 0.01 accy: -0.0] 
1622893853911 [accx: 0.01 accy: -0.0] 
1622893853931 [accx: 0.01 accy: -0.0] 
1622893853952 [accx: -0.0 accy: -0.0] 
1622893853971 [accx: 0.0 accy: -0.0] 
1622893853992 [accx: -0.0 accy: 0.0] 
1622893854011 [accx: -0.0 accy: -0.0] 
1622893854035 [accx: 0.0 accy: 0.0] 
1622893854051 [accx: -0.0 accy: -0.01] 
1622893854073 [accx: 0.0 accy: -0.0] 
1622893854092 [accx: 0.01 accy: -0.0] 
1622893854112 [accx: 0.0 accy: -0.01] 
1622893854132 [accx: 0.0 accy: -0.01] 
1622893854152 [accx: 0.0 accy: -0.01] 
1622893854171 [accx: 0.0 accy: -0.01] 
1622893854192 [accx: 0.0 accy: -0.01] 
1622893854211 [accx: 0.0 accy: -0.01] 
1622893854231 [accx: 0.0 accy: -0.01] 
1622893854252 [accx: 0.0 accy: -0.01] 
1622893854272 [accx: 0.01 accy: 0.0] 
1622893854294 [accx: 0.0 accy: -0.0] 
1622893854314 [accx: -0.01 accy: -0.0] 
1622893854333 [accx: -0.01 accy: -0.01] 
1622893854351 [accx: 0.0 accy: -0.01] 
1622893854371 [accx: -0.0 accy: -0.01] 
1622893854398 [accx: -0.01 accy: -0.0] 
1622893854412 [accx: -0.01 accy: 0.0] 
1622893854433 [accx: -0.0 accy: -0.0] 
1622893854455 [accx: -0.01 accy: 0.0] 
1622893854472 [accx: 0.0 accy: -0.01] 
1622893854492 [accx: -0.0 accy: -0.0] 
1622893854512 [accx: -0.0 accy: -0.0] 
1622893854532 [accx: -0.0 accy: -0.0] 
1622893854551 [accx: -0.0 accy: 0.0] 
1622893854571 [accx: -0.01 accy: 0.0] 
1622893854592 [accx: -0.01 accy: 0.0] 
1622893854615 [accx: -0.0 accy: -0.01] 
1622893854632 [accx: 0.0 accy: -0.0] 
1622893854652 [accx: -0.01 accy: 0.0] 
1622893854674 [accx: 0.0 accy: 0.0] 
1622893854692 [accx: -0.0 accy: 0.0] 
1622893854711 [accx: -0.0 accy: 0.0] 
1622893854737 [accx: 0.0 accy: -0.0] 
1622893854752 [accx: 0.0 accy: 0.0] 
1622893854772 [accx: -0.0 accy: -0.01] 
1622893854792 [accx: -0.01 accy: 0.0] 
1622893854812 [accx: -0.0 accy: -0.0] 
1622893854832 [accx: -0.01 accy: -0.01] 
1622893854852 [accx: 0.0 accy: -0.0] 
1622893854872 [accx: -0.0 accy: -0.01] 
1622893854893 [accx: -0.0 accy: -0.0] 
1622893854913 [accx: 0.0 accy: 0.0] 
1622893854934 [accx: -0.0 accy: 0.0] 
1622893854955 [accx: -0.01 accy: -0.0] 
1622893854975 [accx: -0.0 accy: -0.0] 
1622893854994 [accx: -0.0 accy: -0.01] 
1622893855016 [accx: -0.0 accy: -0.01] 
1622893855035 [accx: -0.0 accy: -0.0] 
1622893855062 [accx: 0.0 accy: -0.0] 
1622893855078 [accx: -0.0 accy: -0.0] 
1622893855092 [accx: -0.01 accy: 0.0] 
1622893855111 [accx: -0.01 accy: 0.0] 
1622893855136 [accx: -0.0 accy: -0.0] 
1622893855152 [accx: -0.0 accy: -0.0] 
1622893855172 [accx: -0.01 accy: 0.0] 
1622893855191 [accx: -0.0 accy: -0.0] 
1622893855212 [accx: -0.0 accy: 0.0] 
1622893855231 [accx: -0.0 accy: -0.0] 
1622893855252 [accx: -0.0 accy: -0.0] 
1622893855275 [accx: 0.0 accy: 0.0] 
1622893855291 [accx: -0.0 accy: 0.0] 
1622893855311 [accx: -0.01 accy: -0.0] 
1622893855331 [accx: -0.0 accy: -0.0] 
1622893855353 [accx: -0.01 accy: 0.0] 
1622893855378 [accx: 0.0 accy: 0.01] 
1622893855391 [accx: 0.0 accy: 0.0] 
1622893855412 [accx: -0.0 accy: -0.0] 
1622893855431 [accx: 0.01 accy: -0.0] 
1622893855451 [accx: 0.01 accy: -0.0] 
1622893855471 [accx: 0.0 accy: -0.0] 
1622893855491 [accx: 0.0 accy: -0.0] 
1622893855511 [accx: -0.0 accy: -0.0] 
1622893855533 [accx: 0.0 accy: 0.0] 
1622893855551 [accx: -0.0 accy: 0.0] 
1622893855572 [accx: -0.0 accy: -0.0] 
1622893855592 [accx: -0.0 accy: -0.0] 
1622893855612 [accx: -0.0 accy: 0.0] 
1622893855631 [accx: -0.0 accy: 0.0] 
1622893855652 [accx: -0.01 accy: 0.01] 
1622893855671 [accx: -0.01 accy: -0.0] 
1622893855692 [accx: 0.0 accy: 0.0] 
1622893855712 [accx: -0.0 accy: -0.0] 
1622893855733 [accx: -0.01 accy: 0.0] 
1622893855754 [accx: -0.0 accy: 0.01] 
1622893855771 [accx: -0.0 accy: -0.01] 
1622893855792 [accx: 0.0 accy: -0.0] 
1622893855811 [accx: -0.0 accy: -0.0] 
1622893855831 [accx: -0.01 accy: -0.0] 
1622893855852 [accx: -0.01 accy: -0.0] 
1622893855871 [accx: -0.01 accy: -0.0] 
1622893855891 [accx: 0.0 accy: -0.0] 
1622893855911 [accx: 0.0 accy: -0.0] 
1622893855932 [accx: -0.0 accy: -0.0] 
1622893855957 [accx: 0.0 accy: -0.01] 
1622893855972 [accx: -0.0 accy: 0.0] 
1622893855991 [accx: -0.0 accy: -0.0] 
1622893856011 [accx: 0.01 accy: -0.01] 
1622893856032 [accx: 0.0 accy: -0.01] 
1622893856051 [accx: 0.0 accy: -0.01] 
1622893856071 [accx: 0.0 accy: -0.0] 
1622893856092 [accx: -0.01 accy: -0.0] 
1622893856111 [accx: -0.01 accy: -0.01] 
1622893856131 [accx: -0.0 accy: -0.0] 
1622893856152 [accx: 0.01 accy: 0.02] 
1622893856171 [accx: 0.01 accy: 0.01] 
1622893856194 [accx: -0.01 accy: -0.03] 
1622893856213 [accx: 0.01 accy: 0.01] 
1622893856232 [accx: -0.01 accy: -0.01] 
1622893856252 [accx: -0.02 accy: 0.01] 
1622893856271 [accx: 0.01 accy: 0.02] 
1622893856291 [accx: -0.01 accy: -0.04] 
1622893856311 [accx: 0.01 accy: -0.0] 
1622893856332 [accx: 0.01 accy: 0.01] 
1622893856351 [accx: -0.02 accy: -0.01] 
1622893856372 [accx: -0.0 accy: 0.02] 
1622893856397 [accx: 0.02 accy: 0.01] 
1622893856411 [accx: -0.0 accy: -0.02] 
1622893856433 [accx: -0.0 accy: -0.02] 
1622893856452 [accx: 0.0 accy: -0.01] 
1622893856482 [accx: -0.0 accy: -0.01] 
1622893856495 [accx: 0.01 accy: 0.01] 
1622893856515 [accx: 0.01 accy: 0.01] 
1622893856532 [accx: -0.01 accy: -0.02] 
1622893856551 [accx: -0.0 accy: -0.01] 
1622893856573 [accx: 0.0 accy: 0.0] 
1622893856592 [accx: -0.0 accy: -0.01] 
1622893856612 [accx: 0.01 accy: -0.0] 
1622893856632 [accx: 0.0 accy: -0.01] 
1622893856651 [accx: 0.0 accy: -0.01] 
1622893856674 [accx: 0.0 accy: -0.0] 
1622893856693 [accx: -0.0 accy: -0.01] 
1622893856712 [accx: -0.0 accy: -0.0] 
1622893856735 [accx: -0.0 accy: 0.0] 
1622893856752 [accx: -0.01 accy: -0.0] 
1622893856771 [accx: -0.01 accy: -0.01] 
1622893856797 [accx: 0.0 accy: -0.01] 
1622893856812 [accx: 0.0 accy: -0.01] 
1622893856832 [accx: 0.0 accy: -0.0] 
1622893856855 [accx: 0.0 accy: 0.0] 
1622893856871 [accx: -0.01 accy: -0.02] 
1622893856893 [accx: -0.01 accy: -0.02] 
1622893856913 [accx: -0.0 accy: -0.01] 
1622893856932 [accx: -0.0 accy: -0.01] 
1622893856952 [accx: -0.01 accy: 0.01] 
1622893856974 [accx: -0.01 accy: 0.0] 
1622893856991 [accx: -0.0 accy: -0.01] 
1622893857011 [accx: 0.0 accy: -0.01] 
1622893857031 [accx: 0.0 accy: 0.0] 
1622893857053 [accx: 0.0 accy: 0.0] 
1622893857071 [accx: 0.0 accy: -0.0] 
1622893857091 [accx: 0.0 accy: -0.01] 
1622893857112 [accx: 0.0 accy: -0.01] 
1622893857132 [accx: -0.0 accy: -0.01] 
1622893857152 [accx: -0.01 accy: -0.01] 
1622893857171 [accx: -0.0 accy: -0.0] 
1622893857191 [accx: -0.0 accy: 0.0] 
1622893857219 [accx: 0.0 accy: -0.01] 
1622893857231 [accx: -0.0 accy: -0.01] 
1622893857252 [accx: -0.0 accy: 0.0] 
1622893857271 [accx: -0.01 accy: 0.0] 
1622893857292 [accx: -0.01 accy: -0.0] 
1622893857311 [accx: -0.01 accy: -0.01] 
1622893857331 [accx: -0.0 accy: -0.01] 
1622893857351 [accx: -0.01 accy: -0.01] 
1622893857372 [accx: -0.01 accy: -0.0] 
1622893857393 [accx: -0.0 accy: 0.0] 
1622893857420 [accx: -0.0 accy: -0.01] 
1622893857432 [accx: -0.01 accy: -0.01] 
1622893857452 [accx: -0.01 accy: -0.01] 
1622893857471 [accx: -0.01 accy: -0.0] 
1622893857491 [accx: -0.01 accy: -0.01] 
1622893857513 [accx: -0.0 accy: -0.0] 
1622893857540 [accx: -0.0 accy: -0.0] 
1622893857553 [accx: -0.01 accy: -0.01] 
1622893857571 [accx: -0.0 accy: -0.01] 
1622893857592 [accx: -0.0 accy: -0.01] 
1622893857612 [accx: -0.01 accy: -0.01] 
1622893857631 [accx: -0.01 accy: -0.01] 
1622893857657 [accx: -0.01 accy: -0.01] 
1622893857671 [accx: -0.01 accy: -0.01] 
1622893857695 [accx: -0.0 accy: -0.0] 
1622893857713 [accx: 0.0 accy: 0.0] 
1622893857732 [accx: 0.0 accy: -0.01] 
1622893857755 [accx: 0.0 accy: -0.01] 
1622893857771 [accx: 0.0 accy: -0.01] 
1622893857791 [accx: 0.0 accy: -0.0] 
1622893857811 [accx: 0.0 accy: -0.0] 
1622893857831 [accx: 0.0 accy: -0.0] 
1622893857854 [accx: -0.0 accy: -0.0] 
1622893857873 [accx: -0.0 accy: -0.0] 
1622893857892 [accx: -0.0 accy: 0.0] 
1622893857911 [accx: -0.0 accy: 0.0] 
1622893857937 [accx: 0.0 accy: 0.01] 
1622893857953 [accx: 0.0 accy: 0.0] 
1622893857977 [accx: 0.0 accy: 0.0] 
1622893857992 [accx: 0.0 accy: -0.01] 
1622893858012 [accx: 0.0 accy: -0.01] 
1622893858032 [accx: 0.0 accy: -0.01] 
1622893858053 [accx: 0.0 accy: -0.01] 
1622893858074 [accx: 0.0 accy: -0.0] 
1622893858094 [accx: -0.0 accy: -0.01] 
1622893858120 [accx: 0.0 accy: -0.01] 
1622893858132 [accx: 0.0 accy: -0.0] 
1622893858151 [accx: -0.0 accy: 0.0] 
1622893858174 [accx: 0.0 accy: -0.0] 
1622893858191 [accx: -0.0 accy: -0.0] 
1622893858212 [accx: -0.01 accy: -0.01] 
1622893858232 [accx: -0.01 accy: -0.01] 
1622893858251 [accx: -0.01 accy: -0.01] 
1622893858271 [accx: -0.0 accy: -0.0] 
1622893858300 [accx: -0.0 accy: -0.0] 
1622893858311 [accx: -0.0 accy: 0.0] 
1622893858332 [accx: 0.0 accy: 0.0] 
1622893858352 [accx: 0.0 accy: 0.0] 
1622893858371 [accx: 0.0 accy: 0.0] 
1622893858391 [accx: -0.0 accy: -0.0] 
1622893858411 [accx: -0.01 accy: -0.01] 
1622893858431 [accx: -0.0 accy: -0.01] 
1622893858452 [accx: 0.0 accy: -0.0] 
1622893858471 [accx: -0.0 accy: -0.01] 
1622893858492 [accx: -0.0 accy: -0.01] 
1622893858512 [accx: 0.0 accy: -0.01] 
1622893858532 [accx: 0.0 accy: -0.01] 
1622893858551 [accx: -0.0 accy: -0.01] 
1622893858572 [accx: 0.0 accy: 0.0] 
1622893858593 [accx: 0.0 accy: 0.0] 
1622893858614 [accx: -0.0 accy: 0.0] 
1622893858634 [accx: -0.01 accy: -0.0] 
1622893858652 [accx: -0.01 accy: -0.0] 
1622893858676 [accx: -0.01 accy: -0.0] 
1622893858696 [accx: -0.01 accy: -0.0] 
1622893858711 [accx: 0.0 accy: 0.01] 
1622893858733 [accx: 0.0 accy: 0.01] 
1622893858752 [accx: -0.0 accy: 0.0] 
1622893858773 [accx: -0.01 accy: -0.0] 
1622893858791 [accx: 0.01 accy: -0.0] 
1622893858811 [accx: 0.01 accy: -0.0] 
1622893858831 [accx: -0.0 accy: 0.0] 
1622893858853 [accx: -0.0 accy: 0.0] 
1622893858875 [accx: -0.01 accy: -0.01] 
1622893858893 [accx: -0.0 accy: -0.01] 
1622893858917 [accx: -0.0 accy: -0.01] 
1622893858931 [accx: -0.01 accy: -0.0] 
1622893858952 [accx: -0.0 accy: 0.0] 
1622893858978 [accx: -0.0 accy: 0.01] 
1622893858992 [accx: -0.02 accy: 0.0] 
1622893859019 [accx: -0.01 accy: 0.0] 
1622893859033 [accx: -0.01 accy: 0.0] 
1622893859052 [accx: 0.0 accy: -0.0] 
1622893859072 [accx: -0.0 accy: -0.0] 
1622893859091 [accx: -0.0 accy: -0.0] 
1622893859111 [accx: -0.0 accy: -0.01] 
1622893859132 [accx: 0.0 accy: -0.0] 
1622893859155 [accx: -0.0 accy: 0.0] 
1622893859173 [accx: -0.0 accy: -0.0] 
1622893859193 [accx: -0.0 accy: -0.0] 
1622893859213 [accx: -0.0 accy: 0.0] 
1622893859232 [accx: -0.01 accy: 0.01] 
1622893859256 [accx: -0.01 accy: 0.01] 
1622893859272 [accx: -0.0 accy: -0.0] 
1622893859301 [accx: -0.0 accy: -0.0] 
1622893859314 [accx: 0.0 accy: -0.0] 
1622893859332 [accx: -0.0 accy: -0.01] 
1622893859351 [accx: -0.0 accy: -0.0] 
1622893859373 [accx: -0.0 accy: -0.0] 
1622893859393 [accx: 0.01 accy: 0.01] 
1622893859413 [accx: 0.0 accy: 0.0] 
1622893859434 [accx: -0.01 accy: -0.0] 
1622893859452 [accx: -0.01 accy: -0.0] 
1622893859472 [accx: -0.01 accy: 0.01] 
1622893859492 [accx: -0.01 accy: 0.0] 
1622893859514 [accx: -0.01 accy: 0.0] 
1622893859534 [accx: -0.0 accy: -0.0] 
1622893859555 [accx: -0.01 accy: -0.01] 
1622893859571 [accx: -0.0 accy: 0.0] 
1622893859592 [accx: -0.01 accy: -0.0] 
1622893859612 [accx: -0.0 accy: -0.0] 
1622893859631 [accx: 0.0 accy: -0.0] 
1622893859659 [accx: -0.0 accy: 0.0] 
1622893859674 [accx: -0.01 accy: -0.0] 
1622893859694 [accx: -0.0 accy: 0.0] 
1622893859712 [accx: -0.0 accy: 0.0] 
1622893859734 [accx: 0.0 accy: -0.0] 
1622893859752 [accx: -0.0 accy: -0.0] 
1622893859774 [accx: -0.0 accy: -0.0] 
1622893859792 [accx: -0.0 accy: 0.0] 
1622893859814 [accx: -0.01 accy: -0.0] 
1622893859833 [accx: -0.01 accy: -0.01] 
1622893859853 [accx: -0.0 accy: -0.01] 
1622893859872 [accx: 0.0 accy: -0.01] 
1622893859894 [accx: -0.0 accy: -0.01] 
1622893859912 [accx: -0.01 accy: -0.01] 
1622893859932 [accx: -0.0 accy: -0.0] 
1622893859952 [accx: -0.01 accy: -0.01] 
1622893859971 [accx: -0.0 accy: -0.01] 
1622893859991 [accx: -0.0 accy: -0.01] 
1622893860011 [accx: -0.0 accy: -0.01] 
1622893860033 [accx: 0.0 accy: -0.01] 
1622893860051 [accx: 0.0 accy: -0.01] 
1622893860072 [accx: 0.0 accy: -0.0] 
1622893860092 [accx: 0.0 accy: -0.01] 
1622893860112 [accx: -0.0 accy: -0.01] 
1622893860131 [accx: -0.0 accy: -0.0] 
1622893860151 [accx: 0.0 accy: 0.0] 
1622893860171 [accx: -0.0 accy: -0.01] 
1622893860203 [accx: 0.0 accy: -0.0] 
1622893860214 [accx: -0.0 accy: -0.0] 
1622893860235 [accx: 0.01 accy: 0.0] 
1622893860260 [accx: 0.0 accy: 0.0] 
1622893860272 [accx: -0.0 accy: -0.0] 
1622893860295 [accx: -0.0 accy: -0.01] 
1622893860314 [accx: 0.0 accy: -0.01] 
1622893860332 [accx: 0.01 accy: -0.0] 
1622893860353 [accx: 0.0 accy: -0.01] 
1622893860372 [accx: 0.0 accy: -0.0] 
1622893860392 [accx: 0.0 accy: -0.0] 
1622893860415 [accx: -0.0 accy: -0.01] 
1622893860434 [accx: -0.01 accy: -0.01] 
1622893860452 [accx: -0.0 accy: -0.0] 
1622893860471 [accx: -0.0 accy: -0.01] 
1622893860492 [accx: -0.01 accy: -0.0] 
1622893860513 [accx: -0.01 accy: 0.0] 
1622893860535 [accx: -0.01 accy: -0.0] 
1622893860551 [accx: -0.0 accy: -0.0] 
1622893860579 [accx: 0.0 accy: -0.01] 
1622893860591 [accx: 0.0 accy: 0.0] 
1622893860612 [accx: -0.0 accy: 0.0] 
1622893860631 [accx: -0.0 accy: -0.0] 
1622893860652 [accx: -0.01 accy: -0.0] 
1622893860671 [accx: -0.0 accy: -0.0] 
1622893860692 [accx: 0.0 accy: -0.0] 
1622893860712 [accx: 0.0 accy: -0.0] 
1622893860731 [accx: -0.0 accy: -0.01] 
1622893860751 [accx: -0.0 accy: -0.01] 
1622893860774 [accx: -0.0 accy: -0.0] 
1622893860791 [accx: -0.0 accy: -0.0] 
1622893860812 [accx: 0.0 accy: -0.0] 
1622893860832 [accx: 0.0 accy: -0.0] 
1622893860857 [accx: 0.0 accy: -0.01] 
1622893860871 [accx: -0.0 accy: -0.0] 
1622893860899 [accx: -0.0 accy: -0.0] 
1622893860911 [accx: -0.01 accy: -0.01] 
1622893860934 [accx: -0.0 accy: -0.01] 
1622893860951 [accx: -0.0 accy: -0.01] 
1622893860977 [accx: 0.0 accy: -0.01] 
1622893860998 [accx: -0.0 accy: -0.0] 
1622893861011 [accx: 0.0 accy: 0.0] 
1622893861032 [accx: -0.0 accy: 0.0] 
1622893861052 [accx: -0.01 accy: -0.0] 
1622893861074 [accx: -0.01 accy: -0.01] 
1622893861098 [accx: -0.01 accy: -0.01] 
1622893861111 [accx: -0.01 accy: -0.0] 
1622893861131 [accx: -0.01 accy: -0.0] 
1622893861158 [accx: -0.01 accy: -0.0] 
1622893861171 [accx: -0.01 accy: 0.0] 
1622893861192 [accx: -0.01 accy: 0.0] 
1622893861211 [accx: -0.01 accy: -0.0] 
1622893861234 [accx: -0.01 accy: -0.01] 
1622893861251 [accx: -0.0 accy: -0.0] 
1622893861277 [accx: 0.0 accy: -0.0] 
1622893861291 [accx: -0.01 accy: -0.0] 
1622893861319 [accx: -0.01 accy: -0.01] 
1622893861331 [accx: -0.01 accy: -0.0] 
1622893861352 [accx: -0.01 accy: 0.0] 
1622893861371 [accx: -0.01 accy: 0.0] 
1622893861392 [accx: 0.0 accy: 0.0] 
1622893861411 [accx: -0.0 accy: -0.0] 
1622893861437 [accx: 0.0 accy: -0.0] 
1622893861451 [accx: -0.0 accy: 0.0] 
1622893861478 [accx: -0.0 accy: 0.0] 
1622893861491 [accx: -0.0 accy: -0.0] 
1622893861518 [accx: -0.01 accy: -0.0] 
1622893861531 [accx: -0.01 accy: -0.0] 
1622893861559 [accx: -0.0 accy: 0.0] 
1622893861571 [accx: -0.01 accy: -0.0] 
1622893861592 [accx: -0.01 accy: 0.0] 
1622893861618 [accx: -0.01 accy: -0.0] 
1622893861635 [accx: -0.0 accy: -0.0] 
1622893861654 [accx: -0.0 accy: -0.0] 
1622893861678 [accx: -0.0 accy: -0.0] 
1622893861692 [accx: -0.0 accy: -0.0] 
1622893861712 [accx: -0.0 accy: -0.01] 
1622893861732 [accx: -0.0 accy: -0.01] 
1622893861751 [accx: 0.0 accy: -0.01] 
1622893861772 [accx: 0.0 accy: -0.01] 
1622893861792 [accx: 0.0 accy: -0.0] 
1622893861812 [accx: -0.0 accy: -0.0] 
1622893861832 [accx: 0.0 accy: -0.01] 
1622893861851 [accx: 0.0 accy: -0.0] 
1622893861873 [accx: 0.0 accy: -0.0] 
1622893861892 [accx: 0.0 accy: 0.0] 
1622893861914 [accx: -0.0 accy: -0.0] 
1622893861931 [accx: 0.0 accy: -0.0] 
1622893861952 [accx: -0.01 accy: -0.01] 
1622893861971 [accx: -0.0 accy: -0.0] 
1622893861993 [accx: 0.0 accy: -0.01] 
1622893862011 [accx: 0.0 accy: -0.01] 
1622893862032 [accx: 0.0 accy: -0.0] 
1622893862053 [accx: 0.0 accy: 0.01] 
1622893862071 [accx: 0.0 accy: 0.0] 
1622893862092 [accx: -0.01 accy: 0.0] 
1622893862116 [accx: -0.01 accy: 0.0] 
1622893862132 [accx: -0.0 accy: -0.01] 
1622893862152 [accx: -0.01 accy: -0.0] 
1622893862171 [accx: -0.01 accy: -0.0] 
1622893862192 [accx: -0.01 accy: -0.0] 
1622893862211 [accx: -0.01 accy: -0.01] 
1622893862232 [accx: -0.0 accy: -0.0] 
1622893862252 [accx: -0.01 accy: -0.0] 
1622893862273 [accx: -0.0 accy: -0.0] 
1622893862295 [accx: -0.01 accy: -0.0] 
1622893862323 [accx: -0.01 accy: -0.0] 
1622893862336 [accx: -0.01 accy: -0.0] 
1622893862352 [accx: -0.01 accy: -0.0] 
1622893862371 [accx: -0.01 accy: 0.0] 
1622893862391 [accx: -0.01 accy: -0.0] 
1622893862412 [accx: -0.01 accy: 0.0] 
1622893862431 [accx: -0.0 accy: 0.0] 
1622893862452 [accx: -0.01 accy: -0.0] 
1622893862473 [accx: -0.01 accy: -0.01] 
1622893862492 [accx: -0.0 accy: -0.0] 
1622893862512 [accx: -0.01 accy: -0.0] 
1622893862537 [accx: -0.01 accy: -0.0] 
1622893862553 [accx: -0.0 accy: -0.0] 
1622893862571 [accx: -0.0 accy: -0.0] 
1622893862594 [accx: -0.0 accy: -0.0] 
1622893862611 [accx: -0.0 accy: -0.0] 
1622893862632 [accx: -0.0 accy: -0.01] 
1622893862654 [accx: -0.0 accy: -0.0] 
1622893862672 [accx: -0.01 accy: -0.0] 
1622893862692 [accx: -0.01 accy: -0.01] 
1622893862715 [accx: -0.01 accy: -0.01] 
1622893862731 [accx: -0.01 accy: 0.0] 
1622893862752 [accx: -0.02 accy: -0.0] 
1622893862772 [accx: -0.0 accy: -0.0] 
1622893862792 [accx: -0.0 accy: 0.0] 
1622893862813 [accx: 0.0 accy: -0.01] 
1622893862834 [accx: -0.0 accy: -0.0] 
1622893862857 [accx: -0.0 accy: -0.0] 
1622893862885 [accx: -0.0 accy: -0.0] 
1622893862895 [accx: -0.0 accy: -0.0] 
1622893862915 [accx: -0.0 accy: -0.0] 
1622893862931 [accx: -0.01 accy: -0.01] 
1622893862952 [accx: -0.0 accy: -0.01] 
1622893862971 [accx: 0.0 accy: -0.0] 
1622893862991 [accx: 0.0 accy: -0.01] 
1622893863014 [accx: 0.0 accy: -0.01] 
1622893863035 [accx: -0.0 accy: -0.01] 
1622893863052 [accx: -0.0 accy: -0.01] 
1622893863073 [accx: -0.01 accy: -0.01] 
1622893863091 [accx: -0.01 accy: -0.0] 
1622893863118 [accx: -0.0 accy: -0.01] 
1622893863137 [accx: -0.01 accy: -0.0] 
1622893863152 [accx: -0.01 accy: -0.01] 
1622893863174 [accx: -0.0 accy: -0.0] 
1622893863192 [accx: -0.0 accy: -0.0] 
1622893863211 [accx: -0.0 accy: -0.0] 
1622893863235 [accx: -0.01 accy: -0.01] 
1622893863252 [accx: -0.0 accy: -0.01] 
1622893863271 [accx: 0.0 accy: -0.0] 
1622893863292 [accx: -0.0 accy: -0.0] 
1622893863312 [accx: 0.0 accy: -0.01] 
1622893863332 [accx: -0.01 accy: -0.0] 
1622893863352 [accx: -0.0 accy: -0.0] 
1622893863371 [accx: -0.0 accy: 0.01] 
1622893863394 [accx: -0.0 accy: 0.0] 
1622893863413 [accx: 0.01 accy: 0.0] 
1622893863434 [accx: 0.0 accy: -0.0] 
1622893863452 [accx: 0.0 accy: -0.01] 
1622893863474 [accx: -0.0 accy: -0.0] 
1622893863492 [accx: -0.0 accy: -0.0] 
1622893863512 [accx: -0.0 accy: -0.01] 
1622893863535 [accx: -0.01 accy: -0.01] 
1622893863556 [accx: -0.01 accy: -0.01] 
1622893863573 [accx: -0.0 accy: -0.01] 
1622893863592 [accx: -0.01 accy: -0.01] 
1622893863613 [accx: -0.0 accy: -0.01] 
1622893863632 [accx: -0.01 accy: -0.0] 
1622893863652 [accx: -0.0 accy: -0.0] 
1622893863676 [accx: -0.0 accy: -0.01] 
1622893863694 [accx: -0.01 accy: -0.03] 
1622893863712 [accx: -0.01 accy: 0.01] 
1622893863732 [accx: 0.0 accy: 0.01] 
1622893863752 [accx: -0.0 accy: -0.0] 
1622893863772 [accx: -0.01 accy: 0.01] 
1622893863791 [accx: 0.0 accy: -0.0] 
1622893863812 [accx: -0.01 accy: -0.01] 
1622893863832 [accx: -0.01 accy: 0.0] 
1622893863858 [accx: -0.01 accy: 0.0] 
1622893863873 [accx: -0.02 accy: -0.01] 
1622893863891 [accx: 0.0 accy: 0.01] 
1622893863913 [accx: 0.0 accy: -0.0] 
1622893863933 [accx: -0.01 accy: -0.01] 
1622893863952 [accx: -0.0 accy: -0.0] 
1622893863972 [accx: -0.0 accy: -0.0] 
1622893863994 [accx: -0.01 accy: -0.0] 
1622893864012 [accx: -0.01 accy: -0.01] 
1622893864033 [accx: -0.01 accy: -0.01] 
1622893864051 [accx: -0.01 accy: 0.0] 
1622893864071 [accx: -0.0 accy: 0.0] 
1622893864092 [accx: -0.0 accy: 0.0] 
1622893864118 [accx: -0.01 accy: 0.0] 
1622893864131 [accx: -0.0 accy: 0.0] 
1622893864153 [accx: -0.01 accy: -0.01] 
1622893864173 [accx: -0.01 accy: -0.01] 
1622893864195 [accx: -0.01 accy: -0.0] 
1622893864211 [accx: -0.0 accy: -0.0] 
1622893864231 [accx: -0.0 accy: 0.0] 
1622893864252 [accx: -0.01 accy: 0.01] 
1622893864272 [accx: -0.0 accy: -0.02] 
1622893864292 [accx: 0.01 accy: -0.02] 
1622893864312 [accx: -0.0 accy: -0.0] 
1622893864334 [accx: -0.0 accy: -0.02] 
1622893864351 [accx: -0.01 accy: 0.01] 
1622893864375 [accx: -0.01 accy: 0.01] 
1622893864393 [accx: -0.0 accy: -0.0] 
1622893864420 [accx: -0.01 accy: 0.01] 
1622893864434 [accx: -0.0 accy: 0.01] 
1622893864452 [accx: -0.01 accy: -0.0] 
1622893864472 [accx: -0.01 accy: 0.0] 
1622893864497 [accx: 0.0 accy: -0.0] 
1622893864511 [accx: -0.0 accy: -0.02] 
1622893864532 [accx: -0.01 accy: -0.02] 
1622893864556 [accx: -0.01 accy: -0.01] 
1622893864572 [accx: -0.01 accy: 0.0] 
1622893864592 [accx: -0.01 accy: 0.02] 
1622893864612 [accx: 0.0 accy: 0.01] 
1622893864632 [accx: 0.01 accy: -0.01] 
1622893864652 [accx: -0.01 accy: -0.03] 
1622893864671 [accx: 0.01 accy: -0.02] 
1622893864695 [accx: 0.01 accy: -0.01] 
1622893864711 [accx: -0.01 accy: 0.02] 
1622893864735 [accx: 0.01 accy: 0.01] 
1622893864752 [accx: 0.0 accy: -0.01] 
1622893864772 [accx: -0.0 accy: -0.02] 
1622893864791 [accx: -0.01 accy: -0.0] 
1622893864812 [accx: -0.01 accy: -0.01] 
1622893864832 [accx: -0.0 accy: 0.01] 
1622893864851 [accx: 0.01 accy: 0.02] 
1622893864877 [accx: 0.01 accy: -0.04] 
1622893864891 [accx: 0.01 accy: -0.05] 
1622893864912 [accx: 0.0 accy: -0.03] 
1622893864931 [accx: -0.0 accy: -0.03] 
1622893864951 [accx: 0.0 accy: 0.03] 
1622893864972 [accx: 0.0 accy: 0.05] 
1622893864991 [accx: -0.0 accy: 0.01] 
1622893865012 [accx: -0.0 accy: -0.04] 
1622893865031 [accx: 0.01 accy: -0.04] 
1622893865054 [accx: -0.02 accy: -0.01] 
1622893865072 [accx: -0.02 accy: 0.01] 
1622893865091 [accx: 0.01 accy: 0.02] 
1622893865112 [accx: 0.01 accy: -0.02] 
1622893865131 [accx: -0.06 accy: -0.06] 
1622893865154 [accx: 0.01 accy: -0.04] 
1622893865174 [accx: -0.03 accy: -0.0] 
1622893865191 [accx: -0.04 accy: -0.01] 
1622893865212 [accx: 0.02 accy: 0.01] 
1622893865232 [accx: 0.01 accy: -0.01] 
1622893865252 [accx: 0.02 accy: -0.02] 
1622893865275 [accx: 0.02 accy: -0.03] 
1622893865291 [accx: -0.04 accy: -0.01] 
1622893865311 [accx: 0.01 accy: 0.0] 
1622893865333 [accx: 0.03 accy: 0.01] 
1622893865351 [accx: -0.01 accy: -0.01] 
1622893865371 [accx: 0.0 accy: -0.01] 
1622893865391 [accx: -0.01 accy: -0.01] 
1622893865411 [accx: -0.02 accy: 0.01] 
1622893865431 [accx: 0.01 accy: -0.01] 
1622893865451 [accx: 0.01 accy: -0.0] 
1622893865472 [accx: -0.02 accy: -0.02] 
1622893865491 [accx: -0.01 accy: -0.01] 
1622893865511 [accx: -0.0 accy: 0.02] 
1622893865532 [accx: 0.0 accy: 0.0] 
1622893865551 [accx: 0.01 accy: -0.0] 
1622893865571 [accx: -0.01 accy: -0.0] 
1622893865594 [accx: -0.01 accy: 0.0] 
1622893865613 [accx: -0.0 accy: 0.01] 
1622893865631 [accx: -0.01 accy: 0.0] 
1622893865651 [accx: -0.01 accy: 0.0] 
1622893865674 [accx: -0.01 accy: 0.0] 
1622893865691 [accx: -0.01 accy: 0.0] 
1622893865712 [accx: -0.01 accy: -0.0] 
1622893865731 [accx: 0.0 accy: -0.01] 
1622893865751 [accx: 0.0 accy: -0.01] 
1622893865774 [accx: 0.0 accy: -0.0] 
1622893865791 [accx: -0.01 accy: 0.0] 
1622893865812 [accx: -0.0 accy: -0.0] 
1622893865831 [accx: 0.0 accy: -0.01] 
1622893865851 [accx: 0.0 accy: 0.0] 
1622893865871 [accx: 0.0 accy: 0.0] 
1622893865891 [accx: -0.0 accy: 0.0] 
1622893865913 [accx: -0.0 accy: -0.0] 
1622893865931 [accx: -0.0 accy: -0.01] 
1622893865953 [accx: -0.0 accy: -0.0] 
1622893865974 [accx: -0.0 accy: 0.0] 
1622893865991 [accx: -0.0 accy: -0.0] 
1622893866011 [accx: -0.01 accy: 0.0] 
1622893866032 [accx: 0.0 accy: 0.0] 
1622893866051 [accx: -0.0 accy: -0.0] 
1622893866073 [accx: -0.01 accy: -0.0] 
1622893866091 [accx: -0.01 accy: -0.0] 
1622893866113 [accx: -0.01 accy: 0.0] 
1622893866131 [accx: -0.01 accy: 0.0] 
1622893866151 [accx: -0.0 accy: -0.0] 
1622893866172 [accx: -0.01 accy: -0.01] 
1622893866191 [accx: -0.0 accy: 0.01] 
1622893866212 [accx: -0.01 accy: 0.01] 
1622893866234 [accx: -0.01 accy: -0.0] 
1622893866251 [accx: -0.0 accy: -0.01] 
1622893866272 [accx: -0.0 accy: -0.0] 
1622893866291 [accx: -0.0 accy: -0.0] 
1622893866311 [accx: -0.01 accy: -0.0] 
1622893866331 [accx: -0.01 accy: 0.0] 
1622893866352 [accx: 0.0 accy: -0.01] 
1622893866372 [accx: -0.0 accy: -0.0] 
1622893866392 [accx: 0.0 accy: 0.01] 
1622893866413 [accx: -0.0 accy: 0.0] 
1622893866432 [accx: -0.0 accy: 0.01] 
1622893866452 [accx: -0.0 accy: 0.0] 
1622893866472 [accx: -0.0 accy: 0.01] 
1622893866491 [accx: -0.0 accy: -0.0] 
1622893866512 [accx: -0.0 accy: -0.0] 
1622893866531 [accx: 0.0 accy: -0.0] 
1622893866551 [accx: -0.0 accy: -0.0] 
1622893866572 [accx: -0.0 accy: -0.0] 
1622893866592 [accx: -0.01 accy: -0.01] 
1622893866612 [accx: -0.01 accy: -0.01] 
1622893866634 [accx: -0.01 accy: -0.0] 
1622893866653 [accx: -0.0 accy: -0.0] 
1622893866672 [accx: -0.0 accy: -0.01] 
1622893866692 [accx: -0.01 accy: -0.01] 
1622893866712 [accx: -0.01 accy: -0.0] 
1622893866743 [accx: -0.01 accy: 0.0] 
1622893866766 [accx: -0.01 accy: -0.0] 
1622893866780 [accx: -0.0 accy: -0.0] 
1622893866793 [accx: -0.01 accy: -0.0] 
1622893866812 [accx: -0.0 accy: -0.0] 
1622893866834 [accx: -0.0 accy: -0.01] 
1622893866852 [accx: -0.01 accy: -0.0] 
1622893866872 [accx: -0.0 accy: 0.0] 
1622893866892 [accx: 0.0 accy: 0.01] 
1622893866912 [accx: 0.0 accy: 0.0] 
1622893866933 [accx: -0.0 accy: -0.0] 
1622893866951 [accx: -0.01 accy: -0.01] 
1622893866974 [accx: -0.01 accy: -0.0] 
1622893866992 [accx: -0.01 accy: -0.0] 
1622893867012 [accx: -0.0 accy: -0.01] 
1622893867032 [accx: -0.01 accy: -0.01] 
1622893867052 [accx: -0.0 accy: -0.01] 
1622893867072 [accx: -0.01 accy: -0.01] 
1622893867092 [accx: -0.0 accy: -0.0] 
1622893867114 [accx: -0.01 accy: -0.0] 
1622893867135 [accx: -0.01 accy: 0.0] 
1622893867152 [accx: -0.01 accy: -0.01] 
1622893867174 [accx: -0.0 accy: 0.0] 
1622893867192 [accx: -0.0 accy: 0.0] 
1622893867211 [accx: -0.0 accy: -0.0] 
1622893867232 [accx: 0.0 accy: 0.0] 
1622893867254 [accx: -0.0 accy: 0.0] 
1622893867276 [accx: -0.0 accy: 0.0] 
1622893867292 [accx: -0.0 accy: 0.01] 
1622893867312 [accx: -0.0 accy: 0.01] 
1622893867331 [accx: -0.0 accy: 0.01] 
1622893867357 [accx: -0.0 accy: 0.0] 
1622893867376 [accx: -0.01 accy: -0.0] 
1622893867391 [accx: -0.0 accy: -0.01] 
1622893867411 [accx: -0.0 accy: -0.01] 
1622893867435 [accx: 0.0 accy: -0.0] 
1622893867455 [accx: -0.0 accy: -0.0] 
1622893867472 [accx: 0.0 accy: -0.01] 
1622893867492 [accx: -0.0 accy: -0.01] 
1622893867518 [accx: -0.0 accy: -0.0] 
1622893867532 [accx: -0.0 accy: -0.01] 
1622893867552 [accx: -0.0 accy: -0.0] 
1622893867573 [accx: 0.0 accy: 0.0] 
1622893867593 [accx: 0.0 accy: -0.01] 
1622893867611 [accx: -0.0 accy: -0.01] 
1622893867631 [accx: -0.01 accy: -0.01] 
1622893867658 [accx: -0.01 accy: -0.0] 
1622893867671 [accx: -0.01 accy: -0.0] 
1622893867693 [accx: -0.0 accy: -0.01] 
1622893867715 [accx: -0.01 accy: -0.01] 
1622893867733 [accx: -0.01 accy: -0.01] 
1622893867755 [accx: -0.01 accy: -0.01] 
1622893867772 [accx: -0.01 accy: 0.0] 
1622893867793 [accx: -0.0 accy: -0.01] 
1622893867812 [accx: -0.0 accy: -0.0] 
1622893867832 [accx: -0.01 accy: -0.01] 
1622893867851 [accx: -0.01 accy: -0.01] 
1622893867876 [accx: -0.0 accy: -0.01] 
1622893867891 [accx: -0.0 accy: -0.01] 
1622893867913 [accx: -0.01 accy: -0.0] 
1622893867931 [accx: -0.0 accy: -0.0] 
1622893867953 [accx: -0.01 accy: -0.01] 
1622893867972 [accx: -0.01 accy: -0.01] 
1622893867996 [accx: -0.0 accy: -0.01] 
1622893868011 [accx: -0.0 accy: -0.01] 
1622893868037 [accx: -0.0 accy: -0.01] 
1622893868051 [accx: -0.0 accy: -0.0] 
1622893868079 [accx: -0.0 accy: -0.0] 
1622893868095 [accx: -0.0 accy: 0.0] 
1622893868111 [accx: -0.0 accy: 0.0] 
1622893868137 [accx: -0.0 accy: 0.0] 
1622893868153 [accx: -0.01 accy: -0.0] 
1622893868171 [accx: 0.0 accy: -0.0] 
1622893868194 [accx: -0.0 accy: 0.0] 
1622893868211 [accx: -0.0 accy: -0.0] 
1622893868232 [accx: -0.0 accy: 0.0] 
1622893868253 [accx: -0.0 accy: -0.01] 
1622893868276 [accx: -0.0 accy: -0.01] 
1622893868291 [accx: -0.0 accy: -0.01] 
1622893868313 [accx: -0.0 accy: -0.01] 
1622893868331 [accx: -0.0 accy: -0.01] 
1622893868351 [accx: 0.0 accy: -0.01] 
1622893868375 [accx: -0.0 accy: -0.0] 
1622893868392 [accx: -0.0 accy: -0.01] 
1622893868412 [accx: -0.01 accy: -0.0] 
1622893868431 [accx: -0.01 accy: -0.01] 
1622893868451 [accx: -0.01 accy: 0.0] 
1622893868477 [accx: -0.01 accy: 0.0] 
1622893868491 [accx: -0.01 accy: -0.01] 
1622893868517 [accx: -0.01 accy: -0.01] 
1622893868537 [accx: -0.01 accy: -0.01] 
1622893868554 [accx: -0.01 accy: -0.0] 
1622893868571 [accx: -0.01 accy: -0.0] 
1622893868593 [accx: -0.01 accy: -0.0] 
1622893868613 [accx: -0.01 accy: -0.0] 
1622893868632 [accx: -0.0 accy: -0.01] 
1622893868651 [accx: 0.0 accy: -0.0] 
1622893868678 [accx: -0.01 accy: -0.0] 
1622893868691 [accx: -0.0 accy: -0.0] 
1622893868711 [accx: -0.01 accy: -0.01] 
1622893868731 [accx: -0.01 accy: -0.01] 
1622893868751 [accx: -0.01 accy: -0.0] 
1622893868775 [accx: -0.0 accy: -0.0] 
1622893868791 [accx: -0.0 accy: -0.0] 
1622893868812 [accx: -0.01 accy: -0.01] 
1622893868831 [accx: -0.01 accy: -0.01] 
1622893868852 [accx: -0.01 accy: -0.01] 
1622893868877 [accx: -0.01 accy: -0.0] 
1622893868891 [accx: -0.0 accy: -0.01] 
1622893868912 [accx: -0.0 accy: -0.0] 
1622893868932 [accx: 0.0 accy: -0.01] 
1622893868951 [accx: -0.0 accy: -0.01] 
1622893868974 [accx: -0.0 accy: -0.01] 
1622893868991 [accx: 0.0 accy: -0.0] 
1622893869012 [accx: -0.0 accy: 0.0] 
1622893869031 [accx: -0.01 accy: -0.0] 
1622893869051 [accx: -0.01 accy: -0.0] 
1622893869071 [accx: -0.0 accy: 0.0] 
1622893869092 [accx: -0.01 accy: -0.0] 
1622893869111 [accx: -0.01 accy: -0.0] 
1622893869132 [accx: -0.01 accy: -0.01] 
1622893869152 [accx: -0.0 accy: -0.01] 
1622893869178 [accx: -0.0 accy: -0.01] 
1622893869191 [accx: -0.01 accy: -0.0] 
1622893869212 [accx: -0.01 accy: -0.0] 
1622893869233 [accx: -0.01 accy: -0.0] 
1622893869251 [accx: -0.01 accy: -0.0] 
1622893869277 [accx: 0.0 accy: -0.0] 
1622893869291 [accx: -0.0 accy: -0.01] 
1622893869312 [accx: 0.0 accy: -0.0] 
1622893869334 [accx: -0.01 accy: -0.01] 
1622893869352 [accx: -0.0 accy: -0.0] 
1622893869373 [accx: -0.0 accy: -0.01] 
1622893869391 [accx: -0.01 accy: -0.01] 
1622893869412 [accx: -0.0 accy: -0.0] 
1622893869432 [accx: -0.0 accy: 0.0] 
1622893869451 [accx: -0.01 accy: 0.0] 
1622893869472 [accx: -0.01 accy: 0.0] 
1622893869491 [accx: -0.0 accy: 0.0] 
1622893869511 [accx: 0.0 accy: 0.0] 
1622893869531 [accx: -0.0 accy: 0.0] 
1622893869551 [accx: -0.01 accy: -0.0] 
1622893869577 [accx: -0.0 accy: 0.0] 
1622893869591 [accx: -0.01 accy: 0.0] 
1622893869611 [accx: 0.0 accy: 0.0] 
1622893869631 [accx: -0.0 accy: 0.0] 
1622893869651 [accx: -0.01 accy: 0.0] 
1622893869672 [accx: -0.02 accy: -0.0] 
1622893869691 [accx: -0.01 accy: -0.0] 
1622893869711 [accx: -0.01 accy: -0.0] 
1622893869733 [accx: -0.01 accy: -0.0] 
1622893869752 [accx: -0.0 accy: -0.01] 
1622893869776 [accx: 0.0 accy: -0.01] 
1622893869791 [accx: 0.0 accy: -0.01] 
1622893869813 [accx: -0.0 accy: -0.01] 
1622893869835 [accx: 0.01 accy: -0.0] 
1622893869851 [accx: 0.0 accy: -0.0] 
1622893869872 [accx: -0.0 accy: -0.0] 
1622893869891 [accx: -0.0 accy: -0.0] 
1622893869913 [accx: -0.01 accy: -0.0] 
1622893869932 [accx: -0.01 accy: 0.0] 
1622893869951 [accx: -0.0 accy: -0.0] 
1622893869971 [accx: -0.0 accy: -0.01] 
1622893869991 [accx: 0.0 accy: -0.01] 
1622893870012 [accx: -0.0 accy: -0.0] 
1622893870033 [accx: -0.0 accy: -0.0] 
1622893870051 [accx: 0.0 accy: -0.0] 
1622893870073 [accx: 0.0 accy: -0.0] 
1622893870092 [accx: -0.01 accy: -0.01] 
1622893870112 [accx: -0.0 accy: -0.0] 
1622893870133 [accx: -0.0 accy: -0.01] 
1622893870152 [accx: -0.0 accy: -0.0] 
1622893870174 [accx: 0.0 accy: 0.0] 
1622893870191 [accx: -0.0 accy: -0.01] 
1622893870211 [accx: -0.0 accy: -0.01] 
1622893870234 [accx: -0.0 accy: -0.0] 
1622893870251 [accx: 0.0 accy: -0.0] 
1622893870272 [accx: -0.0 accy: 0.0] 
1622893870291 [accx: -0.0 accy: -0.0] 
1622893870311 [accx: -0.0 accy: -0.0] 
1622893870334 [accx: -0.0 accy: -0.01] 
1622893870351 [accx: -0.0 accy: -0.01] 
1622893870372 [accx: -0.0 accy: -0.01] 
1622893870391 [accx: -0.0 accy: -0.01] 
1622893870411 [accx: 0.0 accy: -0.01] 
1622893870433 [accx: -0.0 accy: 0.0] 
1622893870451 [accx: -0.0 accy: 0.0] 
1622893870472 [accx: -0.0 accy: -0.0] 
1622893870491 [accx: -0.0 accy: -0.01] 
1622893870511 [accx: -0.0 accy: 0.0] 
1622893870536 [accx: -0.0 accy: 0.0] 
1622893870551 [accx: -0.0 accy: -0.0] 
1622893870572 [accx: -0.0 accy: -0.0] 
1622893870591 [accx: 0.0 accy: -0.01] 
1622893870611 [accx: 0.0 accy: -0.01] 
1622893870631 [accx: 0.0 accy: -0.01] 
1622893870651 [accx: -0.0 accy: -0.0] 
1622893870672 [accx: -0.01 accy: -0.0] 
1622893870691 [accx: -0.0 accy: -0.01] 
1622893870712 [accx: -0.0 accy: -0.01] 
1622893870731 [accx: -0.0 accy: -0.0] 
1622893870751 [accx: -0.0 accy: -0.0] 
1622893870772 [accx: -0.0 accy: -0.01] 
1622893870791 [accx: -0.0 accy: -0.0] 
1622893870812 [accx: -0.01 accy: 0.0] 
1622893870831 [accx: -0.01 accy: 0.0] 
1622893870851 [accx: -0.01 accy: -0.0] 
1622893870872 [accx: -0.01 accy: -0.0] 
1622893870892 [accx: -0.02 accy: -0.0] 
1622893870912 [accx: -0.01 accy: -0.0] 
1622893870932 [accx: -0.01 accy: 0.0] 
1622893870951 [accx: -0.0 accy: -0.0] 
1622893870972 [accx: -0.0 accy: -0.0] 
1622893870993 [accx: 0.0 accy: 0.0] 
1622893871011 [accx: 0.0 accy: 0.0] 
1622893871031 [accx: 0.0 accy: 0.0] 
1622893871052 [accx: -0.0 accy: 0.01] 
1622893871072 [accx: 0.0 accy: -0.0] 
1622893871091 [accx: -0.0 accy: -0.0] 
1622893871111 [accx: 0.01 accy: -0.01] 
1622893871131 [accx: -0.0 accy: -0.01] 
1622893871151 [accx: -0.0 accy: 0.0] 
1622893871172 [accx: -0.01 accy: 0.0] 
1622893871193 [accx: -0.01 accy: 0.0] 
1622893871211 [accx: -0.01 accy: -0.0] 
1622893871231 [accx: 0.0 accy: 0.0] 
1622893871252 [accx: -0.0 accy: -0.0] 
1622893871272 [accx: -0.0 accy: -0.0] 
1622893871293 [accx: -0.01 accy: 0.0] 
1622893871311 [accx: -0.01 accy: -0.0] 
1622893871332 [accx: -0.0 accy: 0.0] 
1622893871351 [accx: -0.0 accy: 0.0] 
1622893871371 [accx: -0.01 accy: -0.0] 
1622893871392 [accx: -0.0 accy: -0.01] 
1622893871412 [accx: -0.01 accy: -0.01] 
1622893871432 [accx: -0.01 accy: -0.0] 
1622893871452 [accx: -0.0 accy: 0.0] 
1622893871472 [accx: -0.0 accy: -0.0] 
1622893871492 [accx: -0.0 accy: 0.0] 
1622893871513 [accx: -0.01 accy: 0.0] 
1622893871532 [accx: -0.01 accy: 0.0] 
1622893871551 [accx: 0.0 accy: -0.01] 
1622893871573 [accx: 0.01 accy: -0.01] 
1622893871591 [accx: 0.0 accy: 0.0] 
1622893871611 [accx: -0.0 accy: 0.0] 
1622893871632 [accx: -0.01 accy: 0.01] 
1622893871651 [accx: -0.01 accy: 0.01] 
1622893871672 [accx: -0.01 accy: -0.0] 
1622893871691 [accx: -0.01 accy: 0.01] 
1622893871711 [accx: -0.0 accy: 0.0] 
1622893871731 [accx: -0.0 accy: -0.0] 
1622893871752 [accx: 0.0 accy: -0.0] 
1622893871773 [accx: -0.0 accy: -0.01] 
1622893871792 [accx: -0.0 accy: 0.0] 
1622893871811 [accx: -0.01 accy: 0.0] 
1622893871832 [accx: -0.01 accy: 0.0] 
1622893871851 [accx: -0.0 accy: -0.0] 
1622893871872 [accx: 0.0 accy: -0.01] 
1622893871892 [accx: 0.0 accy: -0.01] 
1622893871911 [accx: 0.0 accy: -0.0] 
1622893871931 [accx: 0.0 accy: -0.0] 
1622893871952 [accx: -0.0 accy: -0.0] 
1622893871973 [accx: -0.01 accy: -0.01] 
1622893871991 [accx: -0.0 accy: -0.0] 
1622893872012 [accx: -0.0 accy: -0.0] 
1622893872031 [accx: -0.01 accy: -0.0] 
1622893872051 [accx: -0.0 accy: -0.0] 
1622893872072 [accx: -0.0 accy: 0.0] 
1622893872092 [accx: -0.0 accy: -0.0] 
1622893872112 [accx: -0.0 accy: -0.0] 
1622893872131 [accx: 0.0 accy: 0.0] 
1622893872152 [accx: -0.01 accy: 0.0] 
1622893872173 [accx: -0.01 accy: -0.0] 
1622893872195 [accx: -0.01 accy: -0.0] 
1622893872211 [accx: 0.0 accy: -0.0] 
1622893872231 [accx: 0.0 accy: 0.0] 
1622893872251 [accx: -0.0 accy: 0.0] 
1622893872272 [accx: -0.01 accy: -0.0] 
1622893872292 [accx: -0.0 accy: -0.0] 
1622893872311 [accx: -0.0 accy: 0.0] 
1622893872332 [accx: -0.01 accy: 0.0] 
1622893872351 [accx: -0.0 accy: 0.0] 
1622893872371 [accx: -0.0 accy: 0.0] 
1622893872392 [accx: -0.0 accy: 0.0] 
1622893872412 [accx: -0.01 accy: 0.0] 
1622893872431 [accx: 0.0 accy: -0.0] 
1622893872452 [accx: 0.01 accy: -0.01] 
1622893872472 [accx: 0.01 accy: -0.0] 
1622893872492 [accx: 0.01 accy: -0.0] 
1622893872512 [accx: 0.0 accy: -0.0] 
1622893872531 [accx: 0.0 accy: -0.0] 
1622893872551 [accx: 0.0 accy: 0.0] 
1622893872572 [accx: -0.0 accy: -0.0] 
1622893872591 [accx: -0.0 accy: 0.01] 
1622893872611 [accx: -0.01 accy: 0.01] 
1622893872631 [accx: -0.02 accy: -0.0] 
1622893872652 [accx: -0.01 accy: 0.0] 
1622893872672 [accx: -0.01 accy: -0.0] 
1622893872692 [accx: -0.01 accy: -0.01] 
1622893872711 [accx: -0.0 accy: 0.0] 
1622893872732 [accx: -0.0 accy: 0.0] 
1622893872751 [accx: -0.0 accy: -0.0] 
1622893872772 [accx: -0.0 accy: -0.01] 
1622893872792 [accx: -0.01 accy: -0.01] 
1622893872812 [accx: -0.0 accy: -0.0] 
1622893872831 [accx: -0.0 accy: 0.0] 
1622893872851 [accx: -0.0 accy: -0.0] 
1622893872872 [accx: 0.0 accy: -0.01] 
1622893872892 [accx: 0.0 accy: -0.01] 
1622893872911 [accx: -0.0 accy: -0.01] 
1622893872931 [accx: -0.0 accy: -0.0] 
1622893872951 [accx: -0.0 accy: -0.0] 
1622893872972 [accx: -0.0 accy: -0.01] 
1622893872992 [accx: -0.0 accy: -0.01] 
1622893873012 [accx: 0.0 accy: -0.01] 
1622893873031 [accx: -0.0 accy: -0.01] 
1622893873052 [accx: -0.01 accy: -0.0] 
1622893873072 [accx: -0.0 accy: -0.0] 
1622893873091 [accx: -0.01 accy: -0.01] 
1622893873112 [accx: -0.01 accy: -0.01] 
1622893873136 [accx: -0.01 accy: -0.01] 
1622893873151 [accx: -0.01 accy: -0.0] 
1622893873172 [accx: -0.01 accy: -0.01] 
1622893873191 [accx: -0.0 accy: -0.01] 
1622893873211 [accx: -0.01 accy: -0.01] 
1622893873232 [accx: -0.01 accy: 0.0] 
1622893873252 [accx: -0.01 accy: 0.0] 
1622893873272 [accx: -0.0 accy: 0.0] 
1622893873292 [accx: -0.0 accy: -0.01] 
1622893873311 [accx: -0.0 accy: -0.01] 
1622893873331 [accx: -0.01 accy: -0.01] 
1622893873352 [accx: -0.01 accy: -0.01] 
1622893873372 [accx: -0.01 accy: -0.01] 
1622893873391 [accx: -0.0 accy: -0.01] 
1622893873413 [accx: -0.0 accy: -0.01] 
1622893873431 [accx: -0.01 accy: -0.01] 
1622893873451 [accx: -0.01 accy: -0.01] 
1622893873472 [accx: -0.01 accy: -0.01] 
1622893873492 [accx: -0.01 accy: -0.01] 
1622893873511 [accx: -0.01 accy: -0.01] 
1622893873531 [accx: -0.0 accy: -0.01] 
1622893873551 [accx: 0.01 accy: -0.0] 
1622893873571 [accx: 0.01 accy: -0.0] 
1622893873591 [accx: 0.0 accy: 0.01] 
1622893873612 [accx: 0.0 accy: 0.0] 
1622893873632 [accx: -0.0 accy: -0.0] 
1622893873651 [accx: -0.0 accy: -0.0] 
1622893873671 [accx: -0.0 accy: -0.01] 
1622893873692 [accx: 0.0 accy: -0.01] 
1622893873711 [accx: -0.0 accy: -0.01] 
1622893873731 [accx: -0.0 accy: -0.0] 
1622893873752 [accx: -0.01 accy: -0.0] 
1622893873771 [accx: -0.0 accy: -0.0] 
1622893873792 [accx: 0.0 accy: -0.0] 
1622893873812 [accx: 0.0 accy: -0.0] 
1622893873832 [accx: 0.0 accy: -0.0] 
1622893873851 [accx: 0.01 accy: 0.0] 
1622893873873 [accx: 0.0 accy: -0.0] 
1622893873892 [accx: -0.0 accy: -0.0] 
1622893873911 [accx: -0.0 accy: -0.0] 
1622893873931 [accx: 0.0 accy: -0.0] 
1622893873951 [accx: 0.0 accy: -0.0] 
1622893873971 [accx: 0.0 accy: -0.01] 
1622893873991 [accx: -0.01 accy: -0.0] 
1622893874012 [accx: -0.01 accy: -0.0] 
1622893874032 [accx: 0.0 accy: -0.01] 
1622893874051 [accx: -0.01 accy: -0.01] 
1622893874071 [accx: -0.01 accy: -0.01] 
1622893874092 [accx: -0.0 accy: -0.01] 
1622893874111 [accx: -0.0 accy: -0.01] 
1622893874131 [accx: -0.0 accy: -0.0] 
1622893874151 [accx: -0.0 accy: 0.0] 
1622893874172 [accx: -0.0 accy: -0.0] 
1622893874192 [accx: -0.0 accy: -0.01] 
1622893874212 [accx: -0.0 accy: -0.01] 
1622893874231 [accx: -0.0 accy: -0.01] 
1622893874252 [accx: -0.0 accy: -0.01] 
1622893874272 [accx: -0.0 accy: -0.01] 
1622893874292 [accx: 0.0 accy: -0.01] 
1622893874312 [accx: -0.0 accy: -0.0] 
1622893874331 [accx: -0.01 accy: 0.0] 
1622893874351 [accx: -0.01 accy: 0.0] 
1622893874372 [accx: -0.01 accy: -0.0] 
1622893874391 [accx: -0.0 accy: -0.0] 
1622893874412 [accx: -0.01 accy: -0.0] 
1622893874432 [accx: -0.01 accy: 0.0] 
1622893874451 [accx: -0.01 accy: -0.0] 
1622893874472 [accx: -0.01 accy: -0.0] 
1622893874492 [accx: -0.0 accy: 0.0] 
1622893874512 [accx: 0.0 accy: -0.01] 
1622893874532 [accx: -0.0 accy: -0.0] 
1622893874558 [accx: -0.0 accy: -0.01] 
1622893874573 [accx: -0.0 accy: -0.01] 
1622893874592 [accx: -0.0 accy: -0.0] 
1622893874612 [accx: -0.0 accy: -0.01] 
1622893874635 [accx: -0.0 accy: -0.0] 
1622893874652 [accx: -0.01 accy: -0.01] 
1622893874672 [accx: 0.0 accy: 0.0] 
1622893874696 [accx: -0.0 accy: -0.0] 
1622893874711 [accx: -0.01 accy: -0.01] 
1622893874738 [accx: -0.0 accy: -0.01] 
1622893874752 [accx: -0.0 accy: -0.01] 
1622893874778 [accx: -0.0 accy: -0.01] 
1622893874791 [accx: -0.01 accy: -0.0] 
1622893874817 [accx: -0.01 accy: -0.0] 
1622893874834 [accx: -0.01 accy: -0.01] 
1622893874851 [accx: -0.0 accy: -0.0] 
1622893874872 [accx: 0.0 accy: -0.01] 
1622893874891 [accx: 0.0 accy: -0.0] 
1622893874911 [accx: -0.0 accy: 0.0] 
1622893874932 [accx: -0.0 accy: -0.0] 
1622893874951 [accx: -0.0 accy: -0.0] 
1622893874972 [accx: 0.0 accy: -0.0] 
1622893874991 [accx: -0.0 accy: -0.0] 
1622893875019 [accx: -0.01 accy: -0.0] 
1622893875031 [accx: -0.01 accy: -0.01] 
1622893875056 [accx: -0.0 accy: -0.01] 
1622893875071 [accx: -0.01 accy: -0.01] 
1622893875092 [accx: -0.01 accy: -0.01] 
1622893875111 [accx: -0.01 accy: -0.01] 
1622893875138 [accx: -0.01 accy: -0.0] 
1622893875151 [accx: -0.0 accy: -0.0] 
1622893875181 [accx: -0.0 accy: -0.0] 
1622893875191 [accx: -0.01 accy: -0.0] 
1622893875219 [accx: 0.0 accy: -0.01] 
1622893875231 [accx: -0.0 accy: -0.0] 
1622893875252 [accx: -0.0 accy: -0.0] 
1622893875271 [accx: -0.0 accy: -0.0] 
1622893875291 [accx: -0.0 accy: -0.0] 
1622893875312 [accx: 0.0 accy: -0.0] 
1622893875338 [accx: -0.0 accy: -0.0] 
1622893875351 [accx: -0.0 accy: -0.01] 
1622893875372 [accx: -0.0 accy: -0.0] 
1622893875391 [accx: -0.01 accy: 0.0] 
1622893875412 [accx: -0.0 accy: -0.0] 
1622893875431 [accx: -0.0 accy: 0.0] 
1622893875452 [accx: -0.01 accy: 0.0] 
1622893875471 [accx: -0.0 accy: -0.0] 
1622893875492 [accx: -0.0 accy: -0.0] 
1622893875511 [accx: -0.01 accy: -0.0] 
1622893875538 [accx: -0.0 accy: 0.0] 
1622893875551 [accx: -0.0 accy: 0.0] 
1622893875571 [accx: -0.01 accy: 0.0] 
1622893875592 [accx: 0.0 accy: -0.0] 
1622893875613 [accx: -0.01 accy: -0.0] 
1622893875631 [accx: -0.0 accy: -0.01] 
1622893875657 [accx: -0.01 accy: -0.01] 
1622893875671 [accx: -0.0 accy: -0.01] 
1622893875693 [accx: 0.0 accy: -0.0] 
1622893875711 [accx: 0.0 accy: -0.0] 
1622893875732 [accx: 0.0 accy: -0.01] 
1622893875751 [accx: -0.01 accy: -0.01] 
1622893875771 [accx: -0.0 accy: -0.01] 
1622893875791 [accx: -0.0 accy: -0.0] 
1622893875812 [accx: -0.0 accy: -0.0] 
1622893875831 [accx: -0.0 accy: -0.0] 
1622893875853 [accx: -0.01 accy: -0.0] 
1622893875871 [accx: 0.0 accy: -0.0] 
1622893875892 [accx: 0.0 accy: -0.01] 
1622893875911 [accx: 0.0 accy: -0.01] 
1622893875932 [accx: -0.0 accy: -0.01] 
1622893875951 [accx: -0.0 accy: -0.0] 
1622893875974 [accx: 0.0 accy: -0.01] 
1622893875992 [accx: 0.0 accy: -0.01] 
1622893876013 [accx: -0.0 accy: -0.01] 
1622893876032 [accx: -0.0 accy: 0.0] 
1622893876058 [accx: 0.0 accy: -0.01] 
1622893876071 [accx: -0.0 accy: -0.0] 
1622893876099 [accx: -0.0 accy: -0.0] 
1622893876111 [accx: -0.0 accy: -0.0] 
1622893876138 [accx: -0.0 accy: -0.0] 
1622893876151 [accx: -0.0 accy: -0.01] 
1622893876171 [accx: -0.0 accy: -0.0] 
1622893876191 [accx: -0.0 accy: -0.0] 
1622893876212 [accx: 0.0 accy: -0.0] 
1622893876231 [accx: 0.0 accy: -0.0] 
1622893876252 [accx: 0.0 accy: 0.0] 
1622893876271 [accx: 0.0 accy: 0.0] 
1622893876293 [accx: -0.01 accy: -0.0] 
1622893876311 [accx: -0.0 accy: -0.0] 
1622893876337 [accx: 0.0 accy: -0.01] 
1622893876351 [accx: -0.0 accy: -0.0] 
1622893876372 [accx: -0.0 accy: 0.0] 
1622893876391 [accx: -0.0 accy: 0.0] 
1622893876411 [accx: -0.01 accy: 0.0] 
1622893876431 [accx: -0.01 accy: 0.0] 
1622893876453 [accx: -0.0 accy: 0.01] 
1622893876477 [accx: 0.0 accy: 0.0] 
1622893876492 [accx: 0.0 accy: 0.01] 
1622893876511 [accx: 0.01 accy: 0.01] 
1622893876537 [accx: 0.0 accy: 0.0] 
1622893876551 [accx: 0.0 accy: 0.0] 
1622893876571 [accx: 0.0 accy: 0.0] 
1622893876593 [accx: -0.01 accy: -0.02] 
1622893876611 [accx: -0.01 accy: -0.01] 
1622893876634 [accx: -0.01 accy: -0.0] 
1622893876652 [accx: -0.0 accy: -0.0] 
1622893876671 [accx: 0.0 accy: 0.0] 
1622893876693 [accx: 0.0 accy: 0.0] 
1622893876712 [accx: -0.01 accy: -0.01] 
1622893876735 [accx: 0.0 accy: -0.0] 
1622893876751 [accx: -0.0 accy: 0.0] 
1622893876771 [accx: -0.0 accy: -0.01] 
1622893876792 [accx: 0.0 accy: -0.0] 
1622893876811 [accx: 0.0 accy: -0.0] 
1622893876832 [accx: -0.0 accy: -0.0] 
1622893876851 [accx: -0.0 accy: -0.0] 
1622893876871 [accx: 0.0 accy: -0.0] 
1622893876892 [accx: 0.0 accy: -0.01] 
1622893876912 [accx: -0.01 accy: -0.0] 
1622893876932 [accx: -0.0 accy: -0.01] 
1622893876953 [accx: -0.0 accy: -0.01] 
1622893876972 [accx: -0.0 accy: 0.0] 
1622893876992 [accx: -0.0 accy: 0.01] 
1622893877011 [accx: -0.01 accy: 0.01] 
1622893877032 [accx: -0.01 accy: 0.0] 
1622893877052 [accx: -0.01 accy: -0.0] 
1622893877072 [accx: -0.0 accy: -0.0] 
1622893877093 [accx: -0.0 accy: -0.0] 
1622893877111 [accx: 0.0 accy: -0.0] 
1622893877132 [accx: -0.0 accy: 0.0] 
1622893877151 [accx: -0.01 accy: -0.0] 
1622893877172 [accx: -0.0 accy: -0.0] 
1622893877192 [accx: 0.0 accy: -0.01] 
1622893877211 [accx: 0.0 accy: -0.01] 
1622893877232 [accx: -0.0 accy: 0.0] 
1622893877254 [accx: -0.0 accy: 0.0] 
1622893877271 [accx: -0.0 accy: -0.0] 
1622893877292 [accx: -0.0 accy: 0.0] 
1622893877311 [accx: -0.0 accy: -0.0] 
1622893877332 [accx: -0.0 accy: -0.0] 
1622893877353 [accx: 0.0 accy: 0.0] 
1622893877371 [accx: -0.0 accy: -0.01] 
1622893877399 [accx: 0.0 accy: -0.0] 
1622893877411 [accx: 0.0 accy: -0.01] 
1622893877434 [accx: 0.0 accy: -0.01] 
1622893877451 [accx: 0.0 accy: -0.0] 
1622893877473 [accx: 0.0 accy: -0.0] 
1622893877492 [accx: 0.0 accy: -0.01] 
1622893877511 [accx: -0.0 accy: -0.0] 
1622893877532 [accx: -0.0 accy: -0.0] 
1622893877555 [accx: -0.01 accy: -0.01] 
1622893877571 [accx: -0.01 accy: -0.0] 
1622893877591 [accx: 0.0 accy: -0.01] 
1622893877611 [accx: -0.0 accy: -0.0] 
1622893877631 [accx: -0.0 accy: -0.0] 
1622893877651 [accx: -0.01 accy: 0.0] 
1622893877671 [accx: 0.0 accy: 0.0] 
1622893877692 [accx: -0.02 accy: 0.01] 
1622893877712 [accx: -0.01 accy: -0.0] 
1622893877733 [accx: -0.0 accy: -0.0] 
1622893877753 [accx: -0.01 accy: -0.0] 
1622893877771 [accx: -0.01 accy: -0.01] 
1622893877792 [accx: 0.0 accy: 0.01] 
1622893877811 [accx: -0.0 accy: 0.0] 
1622893877831 [accx: -0.0 accy: 0.01] 
1622893877852 [accx: -0.0 accy: 0.02] 
1622893877871 [accx: -0.01 accy: -0.01] 
1622893877898 [accx: 0.0 accy: -0.0] 
1622893877911 [accx: 0.0 accy: -0.01] 
1622893877931 [accx: -0.01 accy: -0.01] 
1622893877957 [accx: -0.01 accy: -0.01] 
1622893877971 [accx: -0.01 accy: -0.0] 
1622893877992 [accx: -0.01 accy: -0.01] 
1622893878012 [accx: -0.0 accy: -0.01] 
1622893878031 [accx: 0.0 accy: -0.0] 
1622893878052 [accx: -0.0 accy: -0.01] 
1622893878072 [accx: -0.0 accy: -0.0] 
1622893878092 [accx: -0.0 accy: 0.0] 
1622893878111 [accx: -0.0 accy: -0.0] 
1622893878131 [accx: 0.0 accy: 0.0] 
1622893878158 [accx: 0.0 accy: 0.01] 
1622893878171 [accx: -0.01 accy: 0.0] 
1622893878196 [accx: 0.01 accy: -0.0] 
1622893878212 [accx: -0.0 accy: -0.0] 
1622893878232 [accx: -0.01 accy: 0.0] 
1622893878251 [accx: -0.0 accy: -0.0] 
1622893878271 [accx: 0.0 accy: -0.01] 
1622893878291 [accx: 0.0 accy: 0.0] 
1622893878312 [accx: 0.01 accy: -0.0] 
1622893878331 [accx: 0.0 accy: -0.0] 
1622893878353 [accx: -0.0 accy: -0.0] 
1622893878371 [accx: 0.0 accy: 0.0] 
1622893878391 [accx: 0.0 accy: 0.0] 
1622893878412 [accx: -0.0 accy: -0.0] 
1622893878432 [accx: -0.0 accy: -0.01] 
1622893878451 [accx: -0.0 accy: -0.01] 
1622893878472 [accx: -0.01 accy: 0.0] 
1622893878492 [accx: -0.01 accy: -0.0] 
1622893878511 [accx: -0.0 accy: -0.01] 
1622893878531 [accx: -0.0 accy: -0.01] 
1622893878551 [accx: -0.0 accy: -0.0] 
1622893878572 [accx: -0.0 accy: -0.01] 
1622893878591 [accx: -0.0 accy: -0.0] 
1622893878612 [accx: -0.0 accy: 0.0] 
1622893878632 [accx: -0.01 accy: 0.0] 
1622893878652 [accx: -0.0 accy: -0.0] 
1622893878671 [accx: -0.0 accy: 0.0] 
1622893878692 [accx: 0.0 accy: 0.01] 
1622893878712 [accx: -0.0 accy: -0.0] 
1622893878731 [accx: -0.01 accy: 0.0] 
1622893878751 [accx: 0.0 accy: -0.0] 
1622893878771 [accx: 0.01 accy: -0.0] 
1622893878791 [accx: 0.0 accy: -0.0] 
1622893878812 [accx: 0.01 accy: -0.0] 
1622893878831 [accx: 0.0 accy: -0.0] 
1622893878851 [accx: 0.0 accy: 0.0] 
1622893878872 [accx: 0.01 accy: 0.01] 
1622893878891 [accx: -0.01 accy: -0.0] 
1622893878913 [accx: 0.0 accy: 0.01] 
1622893878932 [accx: 0.0 accy: -0.0] 
1622893878951 [accx: -0.01 accy: -0.0] 
1622893878972 [accx: -0.01 accy: -0.0] 
1622893878991 [accx: -0.01 accy: 0.0] 
1622893879011 [accx: -0.01 accy: 0.0] 
1622893879032 [accx: 0.01 accy: -0.0] 
1622893879051 [accx: -0.01 accy: -0.0] 
1622893879071 [accx: 0.0 accy: -0.02] 
1622893879092 [accx: 0.0 accy: -0.0] 
1622893879111 [accx: -0.01 accy: 0.0] 
1622893879131 [accx: 0.0 accy: 0.01] 
1622893879151 [accx: -0.0 accy: 0.01] 
1622893879171 [accx: -0.01 accy: -0.01] 
1622893879192 [accx: -0.0 accy: -0.02] 
1622893879211 [accx: -0.01 accy: -0.01] 
1622893879231 [accx: -0.0 accy: -0.01] 
1622893879252 [accx: -0.0 accy: 0.01] 
1622893879271 [accx: -0.0 accy: 0.0] 
1622893879292 [accx: -0.0 accy: -0.0] 
1622893879312 [accx: 0.0 accy: -0.0] 
1622893879331 [accx: -0.0 accy: -0.01] 
1622893879352 [accx: 0.01 accy: -0.0] 
1622893879371 [accx: 0.01 accy: 0.02] 
1622893879391 [accx: -0.0 accy: 0.01] 
1622893879412 [accx: -0.0 accy: 0.02] 
1622893879431 [accx: 0.0 accy: 0.0] 
1622893879451 [accx: -0.02 accy: -0.02] 
1622893879471 [accx: -0.01 accy: -0.01] 
1622893879491 [accx: -0.01 accy: -0.0] 
1622893879512 [accx: -0.02 accy: -0.0] 
1622893879532 [accx: -0.01 accy: 0.0] 
1622893879551 [accx: -0.01 accy: 0.04] 
1622893879571 [accx: 0.02 accy: 0.02] 
1622893879592 [accx: -0.01 accy: -0.04] 
1622893879611 [accx: -0.02 accy: -0.03] 
1622893879631 [accx: 0.0 accy: 0.05] 
1622893879653 [accx: -0.02 accy: 0.03] 
1622893879671 [accx: 0.03 accy: 0.09] 
1622893879691 [accx: -0.02 accy: -0.04] 
1622893879712 [accx: 0.0 accy: -0.05] 
1622893879732 [accx: 0.03 accy: -0.0] 
1622893879751 [accx: -0.04 accy: 0.0] 
1622893879771 [accx: -0.03 accy: 0.02] 
1622893879791 [accx: -0.0 accy: 0.01] 
1622893879812 [accx: -0.0 accy: -0.01] 
1622893879832 [accx: 0.02 accy: 0.01] 
1622893879851 [accx: -0.02 accy: 0.02] 
1622893879872 [accx: -0.04 accy: 0.01] 
1622893879891 [accx: 0.01 accy: 0.02] 
1622893879911 [accx: 0.01 accy: 0.03] 
1622893879932 [accx: 0.01 accy: -0.0] 
1622893879951 [accx: -0.01 accy: -0.01] 
1622893879971 [accx: -0.03 accy: -0.01] 
1622893879993 [accx: -0.01 accy: -0.01] 
1622893880011 [accx: 0.01 accy: 0.03] 
1622893880031 [accx: 0.02 accy: 0.02] 
1622893880051 [accx: -0.02 accy: 0.0] 
1622893880074 [accx: -0.02 accy: 0.01] 
1622893880091 [accx: -0.0 accy: -0.02] 
1622893880112 [accx: 0.01 accy: -0.01] 
1622893880132 [accx: 0.02 accy: -0.0] 
1622893880152 [accx: -0.01 accy: -0.0] 
1622893880174 [accx: -0.03 accy: 0.0] 
1622893880193 [accx: 0.01 accy: -0.01] 
1622893880212 [accx: 0.0 accy: -0.02] 
1622893880232 [accx: 0.01 accy: 0.0] 
1622893880252 [accx: -0.02 accy: 0.01] 
1622893880273 [accx: -0.02 accy: 0.01] 
1622893880291 [accx: -0.0 accy: 0.0] 
1622893880311 [accx: -0.0 accy: -0.02] 
1622893880332 [accx: -0.0 accy: -0.01] 
1622893880351 [accx: -0.01 accy: 0.01] 
1622893880372 [accx: -0.02 accy: 0.02] 
1622893880392 [accx: -0.01 accy: 0.0] 
1622893880412 [accx: -0.0 accy: -0.0] 
1622893880436 [accx: -0.0 accy: -0.01] 
1622893880451 [accx: -0.0 accy: -0.0] 
1622893880471 [accx: -0.01 accy: 0.01] 
1622893880492 [accx: -0.01 accy: 0.0] 
1622893880511 [accx: 0.0 accy: -0.01] 
1622893880532 [accx: 0.0 accy: -0.02] 
1622893880552 [accx: -0.01 accy: -0.0] 
1622893880571 [accx: -0.0 accy: 0.0] 
1622893880591 [accx: -0.01 accy: 0.01] 
1622893880612 [accx: -0.0 accy: -0.01] 
1622893880631 [accx: 0.01 accy: -0.01] 
1622893880651 [accx: -0.0 accy: -0.0] 
1622893880672 [accx: -0.0 accy: -0.0] 
1622893880692 [accx: -0.0 accy: 0.01] 
1622893880711 [accx: -0.0 accy: 0.0] 
1622893880732 [accx: 0.0 accy: -0.0] 
1622893880751 [accx: -0.0 accy: -0.0] 
1622893880772 [accx: -0.0 accy: -0.01] 
1622893880791 [accx: -0.01 accy: 0.0] 
1622893880811 [accx: -0.01 accy: -0.0] 
1622893880832 [accx: -0.0 accy: -0.01] 
1622893880852 [accx: -0.0 accy: -0.01] 
1622893880872 [accx: -0.01 accy: -0.0] 
1622893880892 [accx: -0.01 accy: -0.0] 
1622893880912 [accx: 0.0 accy: -0.0] 
1622893880931 [accx: 0.01 accy: -0.0] 
1622893880951 [accx: -0.0 accy: 0.0] 
1622893880971 [accx: -0.0 accy: 0.0] 
1622893880992 [accx: 0.01 accy: -0.0] 
1622893881012 [accx: 0.0 accy: -0.01] 
1622893881031 [accx: 0.0 accy: -0.02] 
1622893881051 [accx: -0.0 accy: -0.0] 
1622893881072 [accx: -0.01 accy: 0.01] 
1622893881091 [accx: 0.0 accy: 0.01] 
1622893881111 [accx: -0.01 accy: 0.01] 
1622893881132 [accx: -0.0 accy: -0.01] 
1622893881151 [accx: -0.0 accy: -0.02] 
1622893881171 [accx: -0.04 accy: -0.01] 
1622893881191 [accx: -0.02 accy: -0.01] 
1622893881212 [accx: -0.0 accy: -0.01] 
1622893881231 [accx: 0.0 accy: -0.01] 
1622893881252 [accx: 0.02 accy: 0.01] 
1622893881271 [accx: 0.01 accy: 0.02] 
1622893881292 [accx: -0.02 accy: -0.02] 
1622893881312 [accx: 0.0 accy: -0.03] 
1622893881331 [accx: 0.01 accy: -0.02] 
1622893881352 [accx: -0.0 accy: -0.01] 
1622893881372 [accx: -0.03 accy: -0.01] 
1622893881391 [accx: -0.02 accy: -0.03] 
1622893881412 [accx: -0.01 accy: -0.04] 
1622893881431 [accx: 0.01 accy: -0.01] 
1622893881451 [accx: 0.0 accy: -0.01] 
1622893881472 [accx: -0.01 accy: -0.02] 
1622893881491 [accx: -0.02 accy: -0.02] 
1622893881511 [accx: -0.01 accy: -0.05] 
1622893881531 [accx: 0.01 accy: -0.02] 
1622893881551 [accx: -0.02 accy: -0.01] 
1622893881571 [accx: -0.04 accy: -0.0] 
1622893881591 [accx: -0.01 accy: 0.03] 
1622893881611 [accx: 0.0 accy: 0.01] 
1622893881631 [accx: 0.01 accy: -0.02] 
1622893881652 [accx: 0.01 accy: -0.02] 
1622893881672 [accx: -0.02 accy: -0.03] 
1622893881692 [accx: -0.02 accy: -0.01] 
1622893881712 [accx: 0.01 accy: -0.01] 
1622893881731 [accx: 0.0 accy: -0.02] 
1622893881752 [accx: 0.02 accy: -0.03] 
1622893881771 [accx: 0.0 accy: -0.01] 
1622893881791 [accx: -0.01 accy: -0.0] 
1622893881812 [accx: 0.01 accy: -0.01] 
1622893881831 [accx: 0.01 accy: -0.01] 
1622893881851 [accx: -0.01 accy: -0.08] 
1622893881871 [accx: -0.01 accy: -0.06] 
1622893881891 [accx: -0.0 accy: 0.01] 
1622893881911 [accx: -0.0 accy: 0.01] 
1622893881931 [accx: 0.01 accy: 0.01] 
1622893881951 [accx: 0.02 accy: -0.01] 
1622893881971 [accx: -0.01 accy: -0.06] 
1622893881992 [accx: -0.01 accy: -0.05] 
1622893882011 [accx: 0.0 accy: -0.02] 
1622893882032 [accx: -0.01 accy: -0.02] 
1622893882051 [accx: -0.02 accy: 0.0] 
1622893882072 [accx: 0.01 accy: -0.0] 
1622893882092 [accx: 0.01 accy: -0.01] 
1622893882111 [accx: -0.01 accy: -0.02] 
1622893882131 [accx: -0.02 accy: -0.04] 
1622893882153 [accx: -0.0 accy: -0.01] 
1622893882172 [accx: 0.0 accy: -0.01] 
1622893882191 [accx: 0.02 accy: -0.03] 
1622893882211 [accx: 0.01 accy: -0.04] 
1622893882231 [accx: -0.01 accy: -0.06] 
1622893882252 [accx: -0.0 accy: -0.04] 
1622893882271 [accx: -0.0 accy: 0.0] 
1622893882292 [accx: 0.0 accy: 0.01] 
1622893882311 [accx: 0.0 accy: -0.0] 
1622893882332 [accx: -0.01 accy: -0.02] 
1622893882351 [accx: -0.02 accy: -0.06] 
1622893882372 [accx: -0.01 accy: -0.06] 
1622893882391 [accx: -0.01 accy: -0.05] 
1622893882411 [accx: -0.01 accy: -0.04] 
1622893882432 [accx: 0.01 accy: -0.03] 
1622893882451 [accx: 0.02 accy: 0.01] 
1622893882471 [accx: -0.01 accy: 0.0] 
1622893882492 [accx: -0.01 accy: -0.05] 
1622893882511 [accx: 0.01 accy: -0.06] 
1622893882532 [accx: 0.02 accy: -0.05] 
1622893882551 [accx: -0.01 accy: -0.02] 
1622893882572 [accx: -0.01 accy: 0.01] 
1622893882592 [accx: -0.0 accy: 0.01] 
1622893882612 [accx: -0.01 accy: 0.02] 
1622893882631 [accx: -0.0 accy: 0.0] 
1622893882652 [accx: -0.02 accy: -0.03] 
1622893882671 [accx: -0.02 accy: -0.02] 
1622893882691 [accx: 0.01 accy: -0.02] 
1622893882711 [accx: 0.01 accy: -0.01] 
1622893882731 [accx: 0.0 accy: -0.0] 
1622893882751 [accx: 0.0 accy: -0.01] 
1622893882772 [accx: 0.0 accy: -0.03] 
1622893882792 [accx: -0.0 accy: -0.03] 
1622893882811 [accx: 0.0 accy: -0.06] 
1622893882832 [accx: 0.02 accy: -0.11] 
1622893882851 [accx: -0.02 accy: -0.05] 
1622893882871 [accx: 0.01 accy: 0.04] 
1622893882891 [accx: -0.02 accy: 0.08] 
1622893882912 [accx: -0.01 accy: 0.05] 
1622893882932 [accx: -0.0 accy: 0.03] 
1622893882951 [accx: 0.03 accy: -0.03] 
1622893882972 [accx: 0.03 accy: -0.04] 
1622893882992 [accx: -0.01 accy: -0.03] 
1622893883013 [accx: -0.01 accy: -0.02] 
1622893883032 [accx: 0.0 accy: -0.0] 
1622893883052 [accx: 0.01 accy: -0.02] 
1622893883071 [accx: 0.01 accy: -0.05] 
1622893883091 [accx: 0.01 accy: -0.03] 
1622893883112 [accx: 0.0 accy: -0.01] 
1622893883131 [accx: 0.0 accy: 0.01] 
1622893883151 [accx: 0.01 accy: 0.02] 
1622893883171 [accx: -0.01 accy: -0.03] 
1622893883192 [accx: -0.0 accy: -0.05] 
1622893883211 [accx: 0.01 accy: -0.03] 
1622893883231 [accx: 0.0 accy: -0.03] 
1622893883252 [accx: -0.0 accy: -0.02] 
1622893883272 [accx: 0.0 accy: -0.01] 
1622893883292 [accx: -0.02 accy: -0.01] 
1622893883311 [accx: -0.0 accy: -0.0] 
1622893883332 [accx: -0.0 accy: -0.03] 
1622893883351 [accx: -0.0 accy: -0.03] 
1622893883371 [accx: -0.01 accy: -0.03] 
1622893883392 [accx: 0.01 accy: -0.03] 
1622893883411 [accx: -0.03 accy: -0.06] 
1622893883431 [accx: -0.01 accy: -0.06] 
1622893883451 [accx: 0.01 accy: -0.03] 
1622893883471 [accx: -0.01 accy: -0.0] 
1622893883492 [accx: 0.01 accy: 0.02] 
1622893883511 [accx: 0.01 accy: 0.0] 
1622893883531 [accx: -0.02 accy: -0.02] 
1622893883552 [accx: 0.01 accy: -0.03] 
1622893883571 [accx: 0.01 accy: -0.03] 
1622893883592 [accx: -0.01 accy: -0.03] 
1622893883612 [accx: 0.01 accy: -0.01] 
1622893883631 [accx: -0.01 accy: -0.0] 
1622893883652 [accx: -0.01 accy: -0.01] 
1622893883671 [accx: 0.0 accy: -0.03] 
1622893883691 [accx: 0.01 accy: -0.03] 
1622893883711 [accx: -0.0 accy: -0.03] 
1622893883731 [accx: -0.01 accy: -0.0] 
1622893883751 [accx: -0.02 accy: 0.01] 
1622893883771 [accx: -0.01 accy: -0.0] 
1622893883792 [accx: -0.0 accy: -0.01] 
1622893883811 [accx: 0.0 accy: -0.02] 
1622893883831 [accx: 0.0 accy: -0.02] 
1622893883852 [accx: -0.0 accy: -0.01] 
1622893883872 [accx: -0.01 accy: -0.01] 
1622893883892 [accx: -0.01 accy: -0.01] 
1622893883911 [accx: 0.01 accy: -0.02] 
1622893883932 [accx: -0.0 accy: -0.02] 
1622893883951 [accx: -0.01 accy: -0.01] 
1622893883971 [accx: 0.0 accy: -0.02] 
1622893883992 [accx: -0.0 accy: -0.03] 
1622893884011 [accx: -0.0 accy: -0.03] 
1622893884031 [accx: -0.01 accy: -0.02] 
1622893884052 [accx: 0.01 accy: -0.01] 
1622893884071 [accx: 0.0 accy: -0.02] 
1622893884092 [accx: 0.0 accy: -0.03] 
1622893884111 [accx: 0.02 accy: -0.04] 
1622893884131 [accx: 0.02 accy: -0.04] 
1622893884151 [accx: -0.0 accy: -0.01] 
1622893884172 [accx: 0.0 accy: -0.02] 
1622893884197 [accx: 0.0 accy: -0.01] 
1622893884212 [accx: -0.01 accy: -0.01] 
1622893884231 [accx: 0.0 accy: -0.03] 
1622893884252 [accx: -0.0 accy: -0.02] 
1622893884272 [accx: -0.01 accy: -0.04] 
1622893884292 [accx: -0.0 accy: -0.04] 
1622893884311 [accx: 0.01 accy: -0.05] 
1622893884332 [accx: 0.02 accy: -0.04] 
1622893884351 [accx: 0.0 accy: -0.02] 
1622893884371 [accx: -0.01 accy: -0.03] 
1622893884394 [accx: 0.0 accy: -0.03] 
1622893884412 [accx: 0.01 accy: -0.04] 
1622893884432 [accx: -0.0 accy: -0.03] 
1622893884451 [accx: 0.0 accy: -0.03] 
1622893884472 [accx: -0.01 accy: -0.03] 
1622893884492 [accx: -0.0 accy: -0.02] 
1622893884511 [accx: 0.02 accy: -0.05] 
1622893884531 [accx: -0.02 accy: -0.04] 
1622893884552 [accx: -0.0 accy: -0.03] 
1622893884572 [accx: -0.01 accy: -0.02] 
1622893884592 [accx: -0.02 accy: 0.0] 
1622893884614 [accx: 0.04 accy: -0.01] 
1622893884631 [accx: 0.02 accy: -0.02] 
1622893884651 [accx: -0.01 accy: -0.03] 
1622893884671 [accx: 0.0 accy: -0.02] 
1622893884691 [accx: -0.02 accy: -0.01] 
1622893884711 [accx: -0.01 accy: -0.01] 
1622893884732 [accx: 0.0 accy: -0.01] 
1622893884752 [accx: -0.01 accy: -0.02] 
1622893884772 [accx: -0.01 accy: -0.01] 
1622893884791 [accx: -0.0 accy: -0.01] 
1622893884812 [accx: -0.01 accy: -0.0] 
1622893884831 [accx: -0.0 accy: -0.02] 
1622893884851 [accx: -0.0 accy: -0.02] 
1622893884871 [accx: -0.02 accy: -0.01] 
1622893884892 [accx: -0.02 accy: -0.03] 
1622893884911 [accx: -0.0 accy: 0.0] 
1622893884932 [accx: -0.0 accy: -0.01] 
1622893884952 [accx: -0.01 accy: 0.01] 
1622893884971 [accx: -0.01 accy: 0.02] 
1622893884992 [accx: -0.01 accy: 0.02] 
1622893885012 [accx: -0.01 accy: -0.01] 
1622893885031 [accx: -0.0 accy: -0.02] 
1622893885051 [accx: -0.0 accy: 0.0] 
1622893885071 [accx: -0.01 accy: 0.0] 
1622893885091 [accx: -0.0 accy: 0.0] 
1622893885112 [accx: 0.0 accy: -0.01] 
1622893885132 [accx: 0.0 accy: -0.01] 
1622893885151 [accx: 0.0 accy: -0.01] 
1622893885172 [accx: -0.02 accy: 0.0] 
1622893885192 [accx: -0.02 accy: -0.0] 
1622893885211 [accx: -0.0 accy: -0.0] 
1622893885231 [accx: -0.01 accy: -0.01] 
1622893885251 [accx: -0.0 accy: -0.01] 
1622893885271 [accx: -0.01 accy: -0.01] 
1622893885292 [accx: -0.01 accy: -0.01] 
1622893885311 [accx: -0.01 accy: -0.0] 
1622893885331 [accx: -0.01 accy: -0.0] 
1622893885351 [accx: -0.01 accy: -0.01] 
1622893885371 [accx: -0.01 accy: -0.01] 
1622893885392 [accx: -0.0 accy: -0.01] 
1622893885412 [accx: 0.0 accy: 0.0] 
1622893885431 [accx: 0.0 accy: -0.0] 
1622893885452 [accx: -0.01 accy: -0.0] 
1622893885472 [accx: -0.0 accy: -0.0] 
1622893885492 [accx: -0.0 accy: -0.01] 
1622893885512 [accx: -0.0 accy: 0.0] 
1622893885531 [accx: 0.0 accy: -0.0] 
1622893885551 [accx: -0.01 accy: -0.01] 
1622893885572 [accx: -0.01 accy: -0.0] 
1622893885591 [accx: -0.01 accy: -0.0] 
1622893885611 [accx: -0.01 accy: -0.0] 
1622893885631 [accx: -0.01 accy: -0.01] 
1622893885652 [accx: -0.01 accy: -0.02] 
1622893885671 [accx: -0.0 accy: -0.01] 
1622893885692 [accx: -0.01 accy: -0.01] 
1622893885712 [accx: -0.02 accy: 0.0] 
1622893885732 [accx: -0.01 accy: -0.0] 
1622893885751 [accx: -0.0 accy: -0.01] 
1622893885772 [accx: -0.0 accy: -0.01] 
1622893885792 [accx: -0.0 accy: -0.01] 
1622893885812 [accx: -0.02 accy: -0.01] 
1622893885831 [accx: -0.01 accy: 0.0] 
1622893885852 [accx: -0.0 accy: -0.01] 
1622893885872 [accx: 0.0 accy: -0.01] 
1622893885891 [accx: -0.01 accy: -0.01] 
1622893885912 [accx: -0.01 accy: -0.03] 
1622893885931 [accx: 0.01 accy: -0.03] 
1622893885952 [accx: 0.0 accy: -0.0] 
1622893885972 [accx: 0.0 accy: 0.01] 
1622893885992 [accx: 0.01 accy: 0.02] 
1622893886011 [accx: -0.01 accy: 0.01] 
1622893886031 [accx: -0.0 accy: -0.03] 
1622893886052 [accx: 0.01 accy: -0.01] 
1622893886071 [accx: 0.0 accy: -0.01] 
1622893886091 [accx: -0.0 accy: 0.0] 
1622893886111 [accx: -0.0 accy: -0.0] 
1622893886132 [accx: -0.0 accy: -0.02] 
1622893886151 [accx: 0.02 accy: -0.02] 
1622893886171 [accx: 0.01 accy: -0.01] 
1622893886192 [accx: -0.02 accy: -0.0] 
1622893886211 [accx: -0.0 accy: -0.01] 
1622893886232 [accx: 0.0 accy: -0.01] 
1622893886252 [accx: 0.02 accy: 0.0] 
1622893886271 [accx: 0.01 accy: -0.0] 
1622893886291 [accx: -0.02 accy: -0.0] 
1622893886313 [accx: -0.01 accy: 0.0] 
1622893886331 [accx: 0.01 accy: 0.0] 
1622893886352 [accx: 0.0 accy: 0.0] 
1622893886372 [accx: -0.0 accy: -0.0] 
1622893886392 [accx: -0.0 accy: -0.0] 
1622893886411 [accx: -0.0 accy: 0.0] 
1622893886431 [accx: 0.0 accy: 0.01] 
1622893886451 [accx: 0.0 accy: 0.0] 
1622893886471 [accx: -0.0 accy: -0.01] 
1622893886491 [accx: -0.01 accy: -0.02] 
1622893886511 [accx: 0.0 accy: -0.01] 
1622893886532 [accx: 0.0 accy: -0.0] 
1622893886551 [accx: -0.01 accy: 0.01] 
1622893886571 [accx: -0.01 accy: 0.0] 
1622893886592 [accx: -0.0 accy: -0.01] 
1622893886611 [accx: -0.0 accy: -0.02] 
1622893886631 [accx: 0.01 accy: -0.01] 
1622893886653 [accx: 0.0 accy: 0.01] 
1622893886671 [accx: 0.01 accy: 0.0] 
1622893886691 [accx: 0.01 accy: 0.01] 
1622893886711 [accx: 0.0 accy: 0.01] 
1622893886732 [accx: -0.0 accy: -0.01] 
1622893886751 [accx: 0.0 accy: -0.01] 
1622893886772 [accx: -0.0 accy: -0.01] 
1622893886792 [accx: -0.0 accy: -0.0] 
1622893886812 [accx: 0.0 accy: -0.01] 
1622893886831 [accx: 0.01 accy: -0.01] 
1622893886852 [accx: -0.0 accy: -0.02] 
1622893886872 [accx: -0.01 accy: -0.01] 
1622893886891 [accx: 0.01 accy: 0.01] 
1622893886911 [accx: -0.0 accy: -0.0] 
1622893886932 [accx: -0.01 accy: -0.0] 
1622893886951 [accx: 0.0 accy: -0.01] 
1622893886972 [accx: -0.03 accy: 0.0] 
1622893886991 [accx: -0.02 accy: 0.01] 
1622893887011 [accx: -0.01 accy: -0.0] 
1622893887031 [accx: -0.01 accy: -0.01] 
1622893887052 [accx: -0.02 accy: -0.01] 
1622893887071 [accx: -0.01 accy: 0.03] 
1622893887092 [accx: -0.01 accy: 0.01] 
1622893887111 [accx: -0.03 accy: -0.01] 
1622893887131 [accx: 0.01 accy: -0.02] 
1622893887152 [accx: -0.01 accy: -0.02] 
1622893887171 [accx: -0.01 accy: 0.0] 
1622893887192 [accx: -0.01 accy: 0.01] 
1622893887211 [accx: -0.01 accy: -0.01] 
1622893887232 [accx: -0.01 accy: -0.01] 
1622893887252 [accx: 0.01 accy: -0.01] 
1622893887272 [accx: -0.04 accy: -0.0] 
1622893887291 [accx: 0.0 accy: -0.01] 
1622893887311 [accx: -0.01 accy: -0.01] 
1622893887332 [accx: -0.01 accy: 0.01] 
1622893887351 [accx: 0.02 accy: -0.0] 
1622893887371 [accx: 0.0 accy: -0.0] 
1622893887392 [accx: -0.02 accy: -0.02] 
1622893887411 [accx: 0.01 accy: -0.02] 
1622893887431 [accx: 0.0 accy: 0.0] 
1622893887452 [accx: -0.0 accy: 0.01] 
1622893887471 [accx: -0.02 accy: -0.01] 
1622893887492 [accx: 0.01 accy: -0.03] 
1622893887511 [accx: 0.01 accy: -0.01] 
1622893887531 [accx: 0.0 accy: 0.01] 
1622893887551 [accx: 0.01 accy: -0.0] 
1622893887571 [accx: -0.02 accy: 0.01] 
1622893887593 [accx: -0.02 accy: -0.01] 
1622893887612 [accx: 0.0 accy: 0.0] 
1622893887631 [accx: -0.0 accy: -0.0] 
1622893887652 [accx: -0.01 accy: -0.02] 
1622893887671 [accx: -0.01 accy: -0.01] 
1622893887692 [accx: -0.0 accy: 0.0] 
1622893887712 [accx: -0.01 accy: -0.01] 
1622893887732 [accx: -0.0 accy: -0.02] 
1622893887751 [accx: -0.0 accy: -0.02] 
1622893887772 [accx: -0.0 accy: -0.0] 
1622893887791 [accx: -0.0 accy: 0.01] 
1622893887811 [accx: -0.01 accy: 0.01] 
1622893887832 [accx: -0.01 accy: -0.01] 
1622893887851 [accx: -0.01 accy: -0.01] 
1622893887871 [accx: -0.01 accy: -0.01] 
1622893887892 [accx: -0.0 accy: -0.01] 
1622893887912 [accx: -0.01 accy: -0.01] 
1622893887931 [accx: -0.02 accy: -0.0] 
1622893887951 [accx: -0.01 accy: -0.0] 
1622893887971 [accx: -0.01 accy: -0.0] 
1622893887992 [accx: -0.01 accy: -0.02] 
1622893888011 [accx: -0.0 accy: -0.02] 
1622893888031 [accx: -0.01 accy: -0.0] 
1622893888051 [accx: -0.01 accy: -0.0] 
1622893888071 [accx: 0.0 accy: -0.0] 
1622893888091 [accx: -0.01 accy: -0.0] 
1622893888112 [accx: -0.01 accy: -0.01] 
1622893888131 [accx: 0.0 accy: -0.01] 
1622893888152 [accx: -0.0 accy: -0.0] 
1622893888171 [accx: -0.0 accy: -0.01] 
1622893888192 [accx: -0.01 accy: -0.01] 
1622893888211 [accx: -0.0 accy: -0.02] 
1622893888231 [accx: -0.01 accy: -0.02] 
1622893888251 [accx: -0.01 accy: 0.0] 
1622893888271 [accx: -0.01 accy: -0.0] 
1622893888292 [accx: -0.0 accy: -0.01] 
1622893888311 [accx: 0.0 accy: -0.01] 
1622893888332 [accx: 0.01 accy: -0.02] 
1622893888352 [accx: -0.0 accy: -0.01] 
1622893888371 [accx: -0.0 accy: -0.01] 
1622893888392 [accx: -0.01 accy: -0.01] 
1622893888412 [accx: -0.0 accy: -0.02] 
1622893888432 [accx: -0.0 accy: -0.02] 
1622893888452 [accx: -0.0 accy: -0.02] 
1622893888472 [accx: -0.01 accy: -0.03] 
1622893888491 [accx: 0.0 accy: -0.01] 
1622893888511 [accx: -0.01 accy: -0.01] 
1622893888531 [accx: -0.01 accy: -0.02] 
1622893888551 [accx: 0.0 accy: -0.0] 
1622893888571 [accx: 0.01 accy: -0.01] 
1622893888592 [accx: -0.01 accy: -0.01] 
1622893888611 [accx: -0.0 accy: -0.01] 
1622893888631 [accx: -0.01 accy: -0.02] 
1622893888651 [accx: -0.0 accy: -0.01] 
1622893888672 [accx: -0.01 accy: -0.0] 
1622893888691 [accx: -0.01 accy: -0.01] 
1622893888711 [accx: 0.0 accy: -0.01] 
1622893888732 [accx: 0.0 accy: -0.02] 
1622893888751 [accx: -0.0 accy: -0.04] 
1622893888771 [accx: -0.01 accy: -0.02] 
1622893888792 [accx: 0.0 accy: -0.01] 
1622893888812 [accx: 0.0 accy: 0.01] 
1622893888831 [accx: -0.0 accy: 0.0] 
1622893888851 [accx: 0.0 accy: -0.02] 
1622893888871 [accx: 0.0 accy: -0.03] 
1622893888892 [accx: -0.02 accy: -0.03] 
1622893888911 [accx: -0.02 accy: -0.01] 
1622893888931 [accx: -0.01 accy: 0.0] 
1622893888952 [accx: -0.01 accy: -0.0] 
1622893888971 [accx: -0.0 accy: -0.02] 
1622893888991 [accx: -0.0 accy: -0.03] 
1622893889011 [accx: -0.01 accy: -0.02] 
1622893889033 [accx: -0.01 accy: -0.03] 
1622893889051 [accx: 0.01 accy: -0.01] 
1622893889071 [accx: -0.0 accy: -0.0] 
1622893889092 [accx: -0.01 accy: -0.01] 
1622893889111 [accx: -0.01 accy: -0.01] 
1622893889131 [accx: -0.0 accy: -0.02] 
1622893889151 [accx: -0.01 accy: -0.01] 
1622893889171 [accx: -0.0 accy: -0.0] 
1622893889192 [accx: 