1621076014994 [accx: -0.01 accy: -0.0] 
1621076014997 [accx: -0.0 accy: 0.0] 
1621076015000 [accx: -0.0 accy: -0.0] 
1621076015021 [accx: -0.01 accy: -0.0] 
1621076015041 [accx: -0.01 accy: 0.0] 
1621076015061 [accx: -0.01 accy: 0.0] 
1621076015083 [accx: -0.01 accy: 0.0] 
1621076015100 [accx: -0.0 accy: 0.0] 
1621076015120 [accx: -0.0 accy: -0.0] 
1621076015140 [accx: -0.01 accy: -0.01] 
1621076015161 [accx: -0.01 accy: 0.0] 
1621076015181 [accx: -0.0 accy: 0.0] 
1621076015201 [accx: 0.0 accy: -0.0] 
1621076015220 [accx: -0.0 accy: -0.0] 
1621076015240 [accx: -0.01 accy: -0.0] 
1621076015260 [accx: -0.01 accy: 0.0] 
1621076015287 [accx: -0.01 accy: 0.0] 
1621076015301 [accx: -0.01 accy: -0.0] 
1621076015320 [accx: -0.01 accy: -0.01] 
1621076015342 [accx: -0.01 accy: -0.0] 
1621076015362 [accx: -0.01 accy: -0.0] 
1621076015381 [accx: -0.0 accy: -0.0] 
1621076015402 [accx: -0.0 accy: -0.0] 
1621076015424 [accx: -0.01 accy: -0.01] 
1621076015440 [accx: -0.01 accy: -0.01] 
1621076015460 [accx: -0.0 accy: -0.01] 
1621076015480 [accx: -0.01 accy: -0.0] 
1621076015502 [accx: -0.01 accy: -0.0] 
1621076015520 [accx: -0.0 accy: 0.0] 
1621076015540 [accx: -0.01 accy: -0.0] 
1621076015560 [accx: -0.01 accy: 0.0] 
1621076015580 [accx: -0.0 accy: -0.0] 
1621076015602 [accx: -0.01 accy: -0.0] 
1621076015620 [accx: -0.0 accy: -0.0] 
1621076015640 [accx: -0.0 accy: -0.0] 
1621076015661 [accx: -0.0 accy: -0.0] 
1621076015680 [accx: -0.0 accy: -0.0] 
1621076015704 [accx: -0.01 accy: 0.0] 
1621076015723 [accx: -0.0 accy: -0.0] 
1621076015741 [accx: -0.0 accy: -0.01] 
1621076015760 [accx: -0.0 accy: -0.01] 
1621076015780 [accx: -0.0 accy: -0.01] 
1621076015800 [accx: -0.0 accy: -0.0] 
1621076015820 [accx: -0.01 accy: -0.0] 
1621076015847 [accx: -0.01 accy: -0.0] 
1621076015861 [accx: -0.01 accy: -0.0] 
1621076015881 [accx: -0.0 accy: -0.0] 
1621076015900 [accx: -0.0 accy: -0.01] 
1621076015921 [accx: -0.0 accy: -0.01] 
1621076015948 [accx: -0.01 accy: -0.01] 
1621076015960 [accx: -0.01 accy: -0.01] 
1621076015981 [accx: -0.01 accy: -0.0] 
1621076016000 [accx: -0.01 accy: -0.0] 
1621076016021 [accx: -0.01 accy: -0.01] 
1621076016040 [accx: -0.0 accy: -0.01] 
1621076016066 [accx: -0.0 accy: -0.0] 
1621076016079 [accx: -0.0 accy: -0.0] 
1621076016100 [accx: -0.0 accy: -0.0] 
1621076016120 [accx: 0.0 accy: -0.0] 
1621076016146 [accx: -0.0 accy: -0.0] 
1621076016160 [accx: -0.0 accy: -0.01] 
1621076016180 [accx: -0.01 accy: -0.0] 
1621076016200 [accx: -0.01 accy: -0.0] 
1621076016222 [accx: -0.0 accy: -0.01] 
1621076016239 [accx: -0.0 accy: 0.0] 
1621076016268 [accx: -0.0 accy: -0.0] 
1621076016280 [accx: 0.0 accy: -0.0] 
1621076016306 [accx: -0.0 accy: -0.0] 
1621076016319 [accx: -0.01 accy: -0.0] 
1621076016341 [accx: -0.01 accy: 0.0] 
1621076016360 [accx: -0.01 accy: 0.0] 
1621076016380 [accx: -0.01 accy: 0.0] 
1621076016400 [accx: -0.01 accy: -0.0] 
1621076016420 [accx: -0.0 accy: 0.0] 
1621076016456 [accx: -0.0 accy: 0.0] 
1621076016462 [accx: -0.0 accy: 0.0] 
1621076016487 [accx: -0.01 accy: -0.0] 
1621076016512 [accx: -0.01 accy: -0.01] 
1621076016521 [accx: -0.02 accy: 0.0] 
1621076016540 [accx: -0.01 accy: -0.0] 
1621076016563 [accx: -0.0 accy: -0.0] 
1621076016582 [accx: -0.0 accy: -0.01] 
1621076016600 [accx: -0.01 accy: -0.01] 
1621076016625 [accx: -0.01 accy: -0.01] 
1621076016640 [accx: 0.0 accy: -0.0] 
1621076016661 [accx: -0.0 accy: -0.0] 
1621076016681 [accx: -0.0 accy: 0.0] 
1621076016701 [accx: -0.0 accy: -0.0] 
1621076016720 [accx: -0.01 accy: 0.0] 
1621076016743 [accx: -0.01 accy: -0.0] 
1621076016760 [accx: -0.01 accy: -0.01] 
1621076016785 [accx: -0.01 accy: -0.0] 
1621076016800 [accx: -0.01 accy: -0.0] 
1621076016820 [accx: -0.01 accy: -0.0] 
1621076016841 [accx: -0.0 accy: -0.0] 
1621076016860 [accx: -0.0 accy: -0.0] 
1621076016880 [accx: -0.0 accy: -0.0] 
1621076016900 [accx: -0.0 accy: -0.0] 
1621076016927 [accx: -0.0 accy: 0.0] 
1621076016940 [accx: -0.0 accy: 0.0] 
1621076016960 [accx: -0.0 accy: -0.0] 
1621076016980 [accx: 0.0 accy: -0.0] 
1621076017000 [accx: 0.0 accy: 0.0] 
1621076017020 [accx: -0.0 accy: 0.0] 
1621076017040 [accx: -0.01 accy: 0.0] 
1621076017060 [accx: -0.01 accy: 0.0] 
1621076017080 [accx: -0.0 accy: 0.0] 
1621076017101 [accx: -0.0 accy: 0.0] 
1621076017121 [accx: -0.0 accy: 0.01] 
1621076017140 [accx: -0.01 accy: 0.0] 
1621076017165 [accx: -0.01 accy: -0.0] 
1621076017181 [accx: -0.0 accy: 0.0] 
1621076017200 [accx: -0.01 accy: -0.01] 
1621076017221 [accx: -0.01 accy: -0.01] 
1621076017241 [accx: 0.0 accy: -0.01] 
1621076017260 [accx: -0.0 accy: -0.0] 
1621076017281 [accx: -0.01 accy: -0.0] 
1621076017300 [accx: -0.01 accy: 0.0] 
1621076017322 [accx: -0.0 accy: 0.0] 
1621076017340 [accx: 0.0 accy: 0.0] 
1621076017360 [accx: 0.0 accy: 0.0] 
1621076017381 [accx: -0.0 accy: -0.0] 
1621076017401 [accx: 0.0 accy: -0.0] 
1621076017420 [accx: -0.0 accy: -0.0] 
1621076017441 [accx: -0.0 accy: 0.0] 
1621076017460 [accx: -0.0 accy: 0.0] 
1621076017480 [accx: -0.0 accy: -0.01] 
1621076017507 [accx: -0.01 accy: -0.0] 
1621076017520 [accx: -0.0 accy: -0.0] 
1621076017540 [accx: -0.0 accy: -0.01] 
1621076017560 [accx: -0.0 accy: -0.01] 
1621076017580 [accx: -0.0 accy: -0.01] 
1621076017600 [accx: -0.01 accy: -0.01] 
1621076017622 [accx: -0.0 accy: -0.01] 
1621076017640 [accx: -0.0 accy: -0.01] 
1621076017662 [accx: -0.01 accy: -0.0] 
1621076017681 [accx: -0.01 accy: -0.0] 
1621076017705 [accx: -0.01 accy: -0.0] 
1621076017720 [accx: -0.0 accy: -0.0] 
1621076017743 [accx: 0.0 accy: -0.0] 
1621076017760 [accx: -0.0 accy: -0.0] 
1621076017781 [accx: -0.01 accy: -0.0] 
1621076017800 [accx: -0.01 accy: -0.0] 
1621076017822 [accx: -0.01 accy: -0.01] 
1621076017841 [accx: -0.01 accy: -0.0] 
1621076017861 [accx: -0.01 accy: 0.0] 
1621076017880 [accx: -0.01 accy: 0.0] 
1621076017900 [accx: -0.0 accy: 0.0] 
1621076017920 [accx: -0.0 accy: -0.0] 
1621076017940 [accx: -0.0 accy: -0.0] 
1621076017960 [accx: -0.0 accy: -0.01] 
1621076017980 [accx: 0.01 accy: 0.0] 
1621076018002 [accx: -0.0 accy: 0.0] 
1621076018020 [accx: -0.01 accy: 0.0] 
1621076018042 [accx: -0.0 accy: -0.0] 
1621076018062 [accx: -0.0 accy: -0.0] 
1621076018080 [accx: -0.01 accy: -0.0] 
1621076018101 [accx: -0.01 accy: -0.0] 
1621076018122 [accx: -0.01 accy: -0.0] 
1621076018140 [accx: -0.01 accy: -0.0] 
1621076018160 [accx: -0.0 accy: -0.0] 
1621076018180 [accx: -0.0 accy: 0.0] 
1621076018202 [accx: -0.01 accy: -0.0] 
1621076018227 [accx: -0.01 accy: 0.0] 
1621076018240 [accx: -0.0 accy: 0.0] 
1621076018261 [accx: -0.01 accy: 0.0] 
1621076018281 [accx: -0.01 accy: 0.01] 
1621076018304 [accx: -0.01 accy: 0.01] 
1621076018321 [accx: -0.0 accy: -0.0] 
1621076018346 [accx: -0.0 accy: -0.0] 
1621076018367 [accx: -0.01 accy: 0.0] 
1621076018380 [accx: -0.0 accy: -0.01] 
1621076018402 [accx: -0.01 accy: -0.01] 
1621076018421 [accx: -0.01 accy: -0.01] 
1621076018440 [accx: -0.01 accy: -0.01] 
1621076018461 [accx: -0.0 accy: -0.0] 
1621076018480 [accx: -0.0 accy: -0.0] 
1621076018504 [accx: -0.01 accy: -0.0] 
1621076018520 [accx: -0.01 accy: -0.0] 
1621076018543 [accx: -0.01 accy: -0.01] 
1621076018560 [accx: -0.01 accy: -0.01] 
1621076018580 [accx: -0.0 accy: -0.01] 
1621076018600 [accx: -0.01 accy: -0.0] 
1621076018621 [accx: -0.0 accy: 0.0] 
1621076018640 [accx: -0.01 accy: 0.01] 
1621076018666 [accx: 0.0 accy: -0.0] 
1621076018680 [accx: 0.0 accy: -0.0] 
1621076018706 [accx: -0.0 accy: 0.0] 
1621076018720 [accx: -0.0 accy: 0.0] 
1621076018741 [accx: -0.0 accy: -0.01] 
1621076018761 [accx: -0.01 accy: -0.01] 
1621076018780 [accx: -0.0 accy: -0.0] 
1621076018801 [accx: -0.0 accy: 0.0] 
1621076018821 [accx: -0.0 accy: -0.01] 
1621076018840 [accx: -0.01 accy: -0.0] 
1621076018861 [accx: -0.01 accy: -0.0] 
1621076018884 [accx: -0.01 accy: -0.0] 
1621076018900 [accx: -0.0 accy: -0.0] 
1621076018921 [accx: -0.0 accy: 0.0] 
1621076018941 [accx: -0.0 accy: 0.0] 
1621076018961 [accx: -0.0 accy: 0.0] 
1621076018980 [accx: -0.0 accy: -0.01] 
1621076019003 [accx: -0.0 accy: -0.01] 
1621076019021 [accx: -0.0 accy: 0.0] 
1621076019041 [accx: -0.01 accy: 0.0] 
1621076019063 [accx: -0.01 accy: -0.0] 
1621076019080 [accx: -0.01 accy: 0.0] 
1621076019101 [accx: -0.01 accy: -0.0] 
1621076019120 [accx: -0.01 accy: -0.0] 
1621076019142 [accx: -0.01 accy: -0.0] 
1621076019160 [accx: -0.0 accy: -0.0] 
1621076019180 [accx: -0.01 accy: -0.01] 
1621076019200 [accx: -0.01 accy: -0.0] 
1621076019220 [accx: -0.01 accy: -0.0] 
1621076019245 [accx: -0.01 accy: -0.01] 
1621076019260 [accx: -0.0 accy: -0.0] 
1621076019287 [accx: -0.0 accy: -0.0] 
1621076019300 [accx: -0.0 accy: -0.0] 
1621076019320 [accx: -0.0 accy: -0.01] 
1621076019342 [accx: -0.0 accy: -0.0] 
1621076019360 [accx: -0.01 accy: -0.0] 
1621076019381 [accx: -0.01 accy: -0.0] 
1621076019403 [accx: -0.01 accy: 0.0] 
1621076019420 [accx: -0.01 accy: 0.0] 
1621076019444 [accx: -0.01 accy: 0.0] 
1621076019461 [accx: -0.01 accy: 0.0] 
1621076019482 [accx: -0.01 accy: 0.01] 
1621076019500 [accx: -0.01 accy: 0.01] 
1621076019527 [accx: -0.01 accy: 0.0] 
1621076019540 [accx: -0.01 accy: 0.0] 
1621076019560 [accx: -0.01 accy: -0.0] 
1621076019580 [accx: -0.01 accy: 0.0] 
1621076019601 [accx: -0.01 accy: 0.0] 
1621076019627 [accx: -0.0 accy: -0.0] 
1621076019641 [accx: -0.0 accy: 0.0] 
1621076019664 [accx: -0.01 accy: -0.01] 
1621076019681 [accx: -0.0 accy: -0.0] 
1621076019701 [accx: 0.0 accy: 0.0] 
1621076019720 [accx: -0.0 accy: 0.0] 
1621076019742 [accx: -0.0 accy: 0.0] 
1621076019765 [accx: -0.0 accy: 0.0] 
1621076019782 [accx: -0.01 accy: 0.0] 
1621076019815 [accx: -0.0 accy: -0.0] 
1621076019826 [accx: -0.0 accy: -0.0] 
1621076019845 [accx: -0.0 accy: -0.0] 
1621076019867 [accx: 0.0 accy: -0.0] 
1621076019881 [accx: 0.0 accy: 0.0] 
1621076019902 [accx: -0.0 accy: -0.0] 
1621076019921 [accx: -0.0 accy: -0.0] 
1621076019940 [accx: -0.0 accy: -0.01] 
1621076019963 [accx: -0.0 accy: -0.01] 
1621076019980 [accx: -0.0 accy: -0.01] 
1621076020000 [accx: -0.0 accy: -0.01] 
1621076020027 [accx: -0.01 accy: -0.0] 
1621076020042 [accx: -0.01 accy: -0.01] 
1621076020064 [accx: -0.0 accy: -0.0] 
1621076020081 [accx: -0.0 accy: -0.0] 
1621076020100 [accx: -0.0 accy: 0.0] 
1621076020132 [accx: -0.0 accy: -0.0] 
1621076020143 [accx: -0.0 accy: -0.0] 
1621076020160 [accx: -0.0 accy: -0.0] 
1621076020183 [accx: -0.0 accy: -0.0] 
1621076020200 [accx: -0.0 accy: -0.01] 
1621076020221 [accx: -0.0 accy: -0.01] 
1621076020241 [accx: -0.0 accy: -0.0] 
1621076020264 [accx: -0.0 accy: -0.01] 
1621076020282 [accx: 0.0 accy: -0.01] 
1621076020307 [accx: -0.01 accy: 0.0] 
1621076020320 [accx: -0.01 accy: -0.0] 
1621076020341 [accx: -0.0 accy: 0.0] 
1621076020362 [accx: -0.01 accy: 0.0] 
1621076020390 [accx: -0.01 accy: 0.0] 
1621076020400 [accx: -0.01 accy: 0.0] 
1621076020420 [accx: -0.01 accy: 0.0] 
1621076020441 [accx: -0.01 accy: 0.0] 
1621076020463 [accx: -0.01 accy: 0.0] 
1621076020481 [accx: -0.01 accy: 0.0] 
1621076020501 [accx: -0.01 accy: 0.0] 
1621076020521 [accx: -0.0 accy: -0.0] 
1621076020540 [accx: -0.0 accy: -0.01] 
1621076020563 [accx: -0.01 accy: -0.0] 
1621076020580 [accx: -0.01 accy: -0.0] 
1621076020600 [accx: -0.01 accy: -0.0] 
1621076020621 [accx: -0.0 accy: -0.0] 
1621076020643 [accx: -0.01 accy: -0.0] 
1621076020661 [accx: -0.0 accy: 0.0] 
1621076020680 [accx: -0.0 accy: -0.0] 
1621076020710 [accx: -0.0 accy: -0.0] 
1621076020721 [accx: -0.01 accy: -0.0] 
1621076020741 [accx: -0.01 accy: -0.01] 
1621076020761 [accx: -0.0 accy: -0.0] 
1621076020781 [accx: -0.01 accy: 0.0] 
1621076020801 [accx: -0.01 accy: 0.0] 
1621076020822 [accx: -0.0 accy: -0.0] 
1621076020840 [accx: -0.0 accy: -0.0] 
1621076020875 [accx: -0.0 accy: -0.01] 
1621076020887 [accx: -0.01 accy: -0.0] 
1621076020901 [accx: -0.01 accy: -0.01] 
1621076020922 [accx: -0.0 accy: -0.01] 
1621076020942 [accx: -0.0 accy: -0.0] 
1621076020967 [accx: -0.0 accy: -0.01] 
1621076020981 [accx: -0.01 accy: -0.0] 
1621076021021 [accx: -0.01 accy: -0.0] 
1621076021026 [accx: -0.0 accy: -0.0] 
1621076021056 [accx: -0.01 accy: -0.0] 
1621076021067 [accx: -0.01 accy: -0.0] 
1621076021080 [accx: -0.0 accy: -0.01] 
1621076021101 [accx: 0.0 accy: -0.0] 
1621076021124 [accx: -0.0 accy: -0.01] 
1621076021140 [accx: -0.01 accy: -0.01] 
1621076021160 [accx: 0.0 accy: -0.01] 
1621076021185 [accx: 0.0 accy: -0.01] 
1621076021204 [accx: -0.01 accy: -0.01] 
1621076021220 [accx: -0.01 accy: -0.01] 
1621076021240 [accx: -0.01 accy: -0.01] 
1621076021261 [accx: -0.01 accy: -0.01] 
1621076021280 [accx: -0.01 accy: -0.01] 
1621076021300 [accx: -0.0 accy: -0.0] 
1621076021329 [accx: -0.01 accy: -0.0] 
1621076021342 [accx: -0.01 accy: -0.0] 
1621076021361 [accx: -0.0 accy: -0.0] 
1621076021380 [accx: -0.01 accy: -0.01] 
1621076021400 [accx: -0.01 accy: -0.0] 
1621076021420 [accx: -0.01 accy: -0.01] 
1621076021440 [accx: -0.01 accy: -0.01] 
1621076021461 [accx: -0.0 accy: -0.01] 
1621076021484 [accx: 0.0 accy: -0.01] 
1621076021509 [accx: 0.0 accy: -0.0] 
1621076021521 [accx: 0.0 accy: 0.0] 
1621076021545 [accx: -0.0 accy: 0.0] 
1621076021567 [accx: 0.0 accy: -0.0] 
1621076021582 [accx: 0.0 accy: -0.0] 
1621076021600 [accx: 0.0 accy: -0.01] 
1621076021627 [accx: 0.0 accy: 0.0] 
1621076021650 [accx: 0.0 accy: 0.0] 
1621076021661 [accx: -0.0 accy: -0.0] 
1621076021682 [accx: -0.01 accy: -0.01] 
1621076021711 [accx: 0.0 accy: -0.0] 
1621076021720 [accx: 0.0 accy: -0.0] 
1621076021745 [accx: -0.0 accy: 0.0] 
1621076021777 [accx: 0.0 accy: -0.0] 
1621076021782 [accx: -0.01 accy: -0.0] 
1621076021801 [accx: -0.01 accy: -0.01] 
1621076021821 [accx: -0.01 accy: 0.0] 
1621076021841 [accx: -0.01 accy: 0.01] 
1621076021867 [accx: -0.01 accy: 0.01] 
1621076021892 [accx: -0.01 accy: 0.01] 
1621076021901 [accx: -0.02 accy: 0.0] 
1621076021924 [accx: -0.02 accy: -0.0] 
1621076021940 [accx: -0.0 accy: 0.0] 
1621076021961 [accx: -0.0 accy: 0.0] 
1621076021981 [accx: -0.01 accy: 0.0] 
1621076022001 [accx: -0.0 accy: -0.0] 
1621076022020 [accx: -0.01 accy: 0.0] 
1621076022041 [accx: -0.01 accy: -0.0] 
1621076022060 [accx: -0.01 accy: -0.0] 
1621076022080 [accx: -0.0 accy: -0.0] 
1621076022100 [accx: -0.0 accy: -0.0] 
1621076022123 [accx: -0.0 accy: -0.0] 
1621076022144 [accx: -0.01 accy: 0.0] 
1621076022181 [accx: -0.0 accy: -0.0] 
1621076022184 [accx: -0.01 accy: 0.0] 
1621076022220 [accx: -0.0 accy: 0.0] 
1621076022225 [accx: -0.0 accy: -0.0] 
1621076022241 [accx: -0.01 accy: 0.0] 
1621076022260 [accx: -0.01 accy: 0.0] 
1621076022282 [accx: -0.01 accy: -0.0] 
1621076022300 [accx: -0.01 accy: 0.0] 
1621076022326 [accx: -0.0 accy: -0.01] 
1621076022343 [accx: -0.0 accy: -0.0] 
1621076022362 [accx: -0.01 accy: -0.01] 
1621076022385 [accx: -0.01 accy: -0.01] 
1621076022407 [accx: -0.01 accy: -0.01] 
1621076022422 [accx: -0.0 accy: -0.01] 
1621076022447 [accx: -0.0 accy: -0.01] 
1621076022464 [accx: -0.0 accy: -0.01] 
1621076022486 [accx: -0.01 accy: -0.0] 
1621076022505 [accx: -0.01 accy: -0.0] 
1621076022522 [accx: -0.01 accy: -0.01] 
1621076022553 [accx: -0.01 accy: -0.0] 
1621076022562 [accx: -0.0 accy: -0.01] 
1621076022583 [accx: -0.0 accy: -0.0] 
1621076022604 [accx: -0.0 accy: -0.0] 
1621076022628 [accx: 0.0 accy: -0.0] 
1621076022647 [accx: -0.0 accy: -0.0] 
1621076022663 [accx: -0.01 accy: 0.0] 
1621076022684 [accx: -0.01 accy: -0.0] 
1621076022700 [accx: -0.01 accy: -0.0] 
1621076022727 [accx: -0.01 accy: -0.0] 
1621076022741 [accx: -0.01 accy: -0.0] 
1621076022760 [accx: -0.01 accy: -0.0] 
1621076022780 [accx: -0.01 accy: -0.0] 
1621076022801 [accx: -0.01 accy: -0.0] 
1621076022821 [accx: -0.0 accy: -0.0] 
1621076022845 [accx: -0.0 accy: 0.0] 
1621076022866 [accx: -0.0 accy: -0.01] 
1621076022905 [accx: -0.01 accy: -0.01] 
1621076022907 [accx: -0.01 accy: -0.0] 
1621076022927 [accx: -0.01 accy: -0.0] 
1621076022940 [accx: -0.01 accy: -0.0] 
1621076022963 [accx: -0.0 accy: -0.01] 
1621076022989 [accx: -0.0 accy: -0.01] 
1621076023001 [accx: -0.0 accy: -0.01] 
1621076023021 [accx: -0.0 accy: -0.0] 
1621076023043 [accx: -0.0 accy: 0.0] 
1621076023061 [accx: -0.0 accy: -0.0] 
1621076023088 [accx: -0.0 accy: -0.01] 
1621076023101 [accx: -0.0 accy: -0.01] 
1621076023122 [accx: 0.0 accy: -0.0] 
1621076023141 [accx: -0.0 accy: -0.0] 
1621076023162 [accx: -0.01 accy: -0.0] 
1621076023182 [accx: -0.0 accy: -0.01] 
1621076023208 [accx: -0.0 accy: -0.0] 
1621076023221 [accx: -0.01 accy: -0.0] 
1621076023241 [accx: -0.01 accy: 0.0] 
1621076023260 [accx: -0.0 accy: -0.0] 
1621076023283 [accx: -0.01 accy: -0.0] 
1621076023300 [accx: -0.01 accy: -0.0] 
1621076023320 [accx: -0.01 accy: -0.0] 
1621076023343 [accx: -0.0 accy: -0.0] 
1621076023363 [accx: -0.01 accy: -0.01] 
1621076023384 [accx: -0.01 accy: -0.01] 
1621076023406 [accx: -0.01 accy: -0.0] 
1621076023421 [accx: -0.01 accy: 0.01] 
1621076023444 [accx: -0.01 accy: 0.01] 
1621076023461 [accx: -0.01 accy: 0.0] 
1621076023483 [accx: -0.01 accy: -0.0] 
1621076023500 [accx: -0.01 accy: -0.0] 
1621076023529 [accx: -0.0 accy: 0.0] 
1621076023541 [accx: -0.01 accy: 0.0] 
1621076023562 [accx: -0.01 accy: 0.0] 
1621076023581 [accx: -0.0 accy: 0.0] 
1621076023601 [accx: -0.0 accy: -0.0] 
1621076023621 [accx: -0.0 accy: 0.0] 
1621076023641 [accx: 0.0 accy: -0.0] 
1621076023661 [accx: -0.0 accy: -0.0] 
1621076023681 [accx: -0.01 accy: -0.0] 
1621076023703 [accx: -0.01 accy: 0.0] 
1621076023732 [accx: -0.01 accy: 0.0] 
1621076023741 [accx: -0.0 accy: -0.0] 
1621076023763 [accx: -0.01 accy: -0.0] 
1621076023791 [accx: -0.01 accy: 0.0] 
1621076023802 [accx: -0.01 accy: 0.0] 
1621076023834 [accx: -0.0 accy: -0.0] 
1621076023842 [accx: -0.0 accy: -0.0] 
1621076023860 [accx: 0.0 accy: -0.0] 
1621076023882 [accx: -0.01 accy: -0.0] 
1621076023900 [accx: -0.0 accy: 0.01] 
1621076023920 [accx: -0.01 accy: 0.0] 
1621076023945 [accx: -0.01 accy: 0.01] 
1621076023965 [accx: -0.01 accy: 0.0] 
1621076023983 [accx: -0.01 accy: -0.0] 
1621076024000 [accx: -0.0 accy: -0.01] 
1621076024022 [accx: -0.0 accy: -0.01] 
1621076024040 [accx: -0.0 accy: -0.0] 
1621076024061 [accx: -0.01 accy: -0.0] 
1621076024081 [accx: -0.0 accy: -0.0] 
1621076024101 [accx: -0.01 accy: -0.0] 
1621076024120 [accx: -0.01 accy: 0.0] 
1621076024143 [accx: -0.01 accy: -0.0] 
1621076024161 [accx: -0.01 accy: -0.0] 
1621076024180 [accx: -0.01 accy: -0.0] 
1621076024201 [accx: -0.0 accy: -0.0] 
1621076024220 [accx: -0.0 accy: -0.0] 
1621076024240 [accx: -0.0 accy: -0.0] 
1621076024261 [accx: -0.0 accy: 0.0] 
1621076024280 [accx: -0.01 accy: 0.0] 
1621076024307 [accx: -0.01 accy: 0.0] 
1621076024322 [accx: -0.01 accy: 0.0] 
1621076024341 [accx: -0.01 accy: -0.0] 
1621076024368 [accx: -0.01 accy: -0.01] 
1621076024397 [accx: -0.01 accy: -0.01] 
1621076024403 [accx: -0.01 accy: -0.01] 
1621076024422 [accx: -0.0 accy: -0.0] 
1621076024443 [accx: -0.0 accy: -0.0] 
1621076024460 [accx: -0.0 accy: -0.01] 
1621076024481 [accx: -0.01 accy: -0.0] 
1621076024501 [accx: -0.01 accy: -0.01] 
1621076024521 [accx: -0.01 accy: -0.01] 
1621076024541 [accx: -0.01 accy: -0.01] 
1621076024560 [accx: -0.01 accy: -0.0] 
1621076024581 [accx: -0.01 accy: -0.0] 
1621076024604 [accx: -0.01 accy: -0.01] 
1621076024622 [accx: -0.01 accy: -0.01] 
1621076024640 [accx: -0.01 accy: -0.01] 
1621076024662 [accx: -0.02 accy: -0.01] 
1621076024685 [accx: -0.01 accy: -0.01] 
1621076024720 [accx: -0.01 accy: -0.01] 
1621076024724 [accx: 0.0 accy: 0.0] 
1621076024742 [accx: -0.0 accy: -0.0] 
1621076024761 [accx: -0.01 accy: 0.0] 
1621076024780 [accx: -0.01 accy: -0.01] 
1621076024800 [accx: -0.0 accy: -0.01] 
1621076024822 [accx: -0.01 accy: -0.01] 
1621076024841 [accx: -0.01 accy: -0.0] 
1621076024861 [accx: -0.0 accy: -0.0] 
1621076024893 [accx: -0.0 accy: 0.0] 
1621076024901 [accx: -0.0 accy: 0.0] 
1621076024920 [accx: -0.01 accy: 0.0] 
1621076024945 [accx: -0.01 accy: -0.0] 
1621076024965 [accx: -0.0 accy: -0.01] 
1621076024996 [accx: -0.01 accy: -0.01] 
1621076025003 [accx: -0.01 accy: -0.0] 
1621076025020 [accx: -0.0 accy: -0.0] 
1621076025042 [accx: -0.01 accy: -0.01] 
1621076025066 [accx: -0.01 accy: 0.0] 
1621076025082 [accx: -0.0 accy: -0.0] 
1621076025105 [accx: 0.0 accy: -0.0] 
1621076025122 [accx: -0.0 accy: -0.0] 
1621076025140 [accx: -0.01 accy: -0.0] 
1621076025160 [accx: -0.01 accy: -0.0] 
1621076025181 [accx: -0.0 accy: -0.0] 
1621076025201 [accx: -0.0 accy: -0.0] 
1621076025223 [accx: -0.0 accy: -0.0] 
1621076025242 [accx: -0.0 accy: -0.0] 
1621076025260 [accx: -0.0 accy: -0.01] 
1621076025284 [accx: -0.0 accy: -0.01] 
1621076025312 [accx: -0.0 accy: -0.01] 
1621076025320 [accx: -0.01 accy: -0.0] 
1621076025348 [accx: -0.0 accy: -0.0] 
1621076025364 [accx: 0.0 accy: -0.0] 
1621076025382 [accx: 0.0 accy: -0.01] 
1621076025401 [accx: 0.0 accy: -0.0] 
1621076025422 [accx: -0.0 accy: 0.0] 
1621076025442 [accx: -0.01 accy: 0.0] 
1621076025460 [accx: -0.0 accy: -0.0] 
1621076025489 [accx: -0.0 accy: 0.0] 
1621076025510 [accx: -0.0 accy: 0.0] 
1621076025530 [accx: -0.01 accy: -0.0] 
1621076025542 [accx: -0.01 accy: -0.0] 
1621076025561 [accx: -0.0 accy: -0.0] 
1621076025584 [accx: -0.01 accy: -0.01] 
1621076025600 [accx: -0.01 accy: -0.01] 
1621076025624 [accx: -0.01 accy: -0.01] 
1621076025640 [accx: -0.01 accy: -0.01] 
1621076025660 [accx: -0.01 accy: -0.01] 
1621076025681 [accx: -0.01 accy: -0.01] 
1621076025703 [accx: -0.01 accy: -0.01] 
1621076025723 [accx: -0.01 accy: -0.01] 
1621076025747 [accx: -0.01 accy: -0.01] 
1621076025763 [accx: -0.01 accy: -0.0] 
1621076025787 [accx: -0.0 accy: -0.0] 
1621076025801 [accx: -0.0 accy: -0.0] 
1621076025830 [accx: -0.0 accy: -0.0] 
1621076025843 [accx: -0.01 accy: 0.0] 
1621076025865 [accx: -0.0 accy: 0.0] 
1621076025881 [accx: 0.0 accy: -0.0] 
1621076025901 [accx: -0.0 accy: -0.0] 
1621076025924 [accx: -0.0 accy: 0.0] 
1621076025953 [accx: -0.0 accy: -0.0] 
1621076025961 [accx: -0.0 accy: 0.0] 
1621076025981 [accx: -0.0 accy: 0.0] 
1621076026003 [accx: -0.0 accy: 0.0] 
1621076026022 [accx: -0.01 accy: 0.0] 
1621076026044 [accx: -0.01 accy: -0.0] 
1621076026060 [accx: -0.01 accy: -0.0] 
1621076026082 [accx: -0.01 accy: -0.01] 
1621076026100 [accx: -0.0 accy: -0.01] 
1621076026122 [accx: -0.01 accy: -0.01] 
1621076026140 [accx: -0.01 accy: -0.0] 
1621076026161 [accx: -0.0 accy: -0.0] 
1621076026182 [accx: -0.0 accy: -0.0] 
1621076026200 [accx: -0.01 accy: -0.0] 
1621076026221 [accx: -0.01 accy: -0.01] 
1621076026241 [accx: -0.01 accy: 0.0] 
1621076026262 [accx: -0.01 accy: -0.0] 
1621076026287 [accx: -0.01 accy: -0.0] 
1621076026300 [accx: -0.01 accy: -0.0] 
1621076026320 [accx: -0.01 accy: -0.0] 
1621076026341 [accx: -0.01 accy: -0.0] 
1621076026360 [accx: -0.0 accy: -0.0] 
1621076026380 [accx: -0.0 accy: -0.0] 
1621076026400 [accx: 0.0 accy: -0.0] 
1621076026420 [accx: -0.01 accy: -0.0] 
1621076026446 [accx: -0.01 accy: -0.0] 
1621076026465 [accx: -0.01 accy: 0.0] 
1621076026480 [accx: -0.01 accy: -0.0] 
1621076026500 [accx: -0.01 accy: -0.0] 
1621076026520 [accx: -0.01 accy: -0.01] 
1621076026540 [accx: -0.01 accy: -0.0] 
1621076026561 [accx: -0.01 accy: 0.0] 
1621076026580 [accx: -0.01 accy: 0.01] 
1621076026601 [accx: -0.01 accy: 0.0] 
1621076026620 [accx: -0.01 accy: -0.0] 
1621076026640 [accx: -0.01 accy: -0.0] 
1621076026662 [accx: -0.0 accy: -0.0] 
1621076026682 [accx: -0.01 accy: -0.0] 
1621076026702 [accx: -0.01 accy: -0.01] 
1621076026729 [accx: -0.01 accy: -0.0] 
1621076026742 [accx: -0.01 accy: 0.0] 
1621076026762 [accx: -0.0 accy: 0.0] 
1621076026783 [accx: -0.01 accy: 0.0] 
1621076026803 [accx: -0.01 accy: 0.0] 
1621076026832 [accx: -0.01 accy: 0.0] 
1621076026842 [accx: -0.01 accy: 0.0] 
1621076026863 [accx: -0.01 accy: 0.0] 
1621076026895 [accx: -0.01 accy: -0.0] 
1621076026909 [accx: -0.0 accy: 0.0] 
1621076026923 [accx: 0.0 accy: 0.01] 
1621076026945 [accx: -0.01 accy: 0.0] 
1621076026961 [accx: -0.0 accy: 0.0] 
1621076026981 [accx: -0.0 accy: -0.0] 
1621076027001 [accx: 0.0 accy: -0.0] 
1621076027021 [accx: -0.0 accy: -0.0] 
1621076027045 [accx: -0.0 accy: -0.0] 
1621076027068 [accx: -0.0 accy: -0.0] 
1621076027081 [accx: -0.0 accy: -0.0] 
1621076027107 [accx: -0.01 accy: -0.01] 
1621076027123 [accx: -0.0 accy: -0.01] 
1621076027146 [accx: -0.0 accy: -0.0] 
1621076027165 [accx: -0.0 accy: -0.0] 
1621076027182 [accx: -0.01 accy: -0.0] 
1621076027205 [accx: -0.01 accy: -0.0] 
1621076027222 [accx: -0.01 accy: -0.0] 
1621076027240 [accx: 0.0 accy: -0.0] 
1621076027260 [accx: -0.0 accy: -0.0] 
1621076027289 [accx: -0.01 accy: 0.01] 
1621076027295 [Read robot_status] 
1621076027305 [Read robot_status] 
1621076027307 [accx: -0.0 accy: 0.01] 
1621076027326 [accx: -0.0 accy: 0.0] 
1621076027341 [accx: 0.0 accy: -0.0] 
1621076027360 [accx: -0.0 accy: -0.01] 
1621076027396 [accx: -0.0 accy: -0.0] 
1621076027403 [accx: -0.0 accy: -0.01] 
1621076027434 [accx: -0.0 accy: -0.01] 
1621076027441 [accx: -0.0 accy: -0.0] 
1621076027471 [accx: -0.0 accy: 0.0] 
1621076027480 [accx: -0.0 accy: -0.0] 
1621076027500 [accx: -0.0 accy: -0.0] 
1621076027529 [accx: -0.01 accy: -0.0] 
1621076027540 [accx: -0.0 accy: -0.01] 
1621076027566 [accx: -0.0 accy: -0.01] 
1621076027588 [accx: -0.01 accy: -0.0] 
1621076027608 [accx: -0.01 accy: -0.0] 
1621076027621 [accx: -0.01 accy: -0.0] 
1621076027640 [accx: -0.01 accy: -0.0] 
1621076027664 [accx: -0.01 accy: -0.0] 
1621076027686 [accx: -0.01 accy: -0.01] 
1621076027708 [accx: -0.01 accy: -0.0] 
1621076027723 [accx: -0.01 accy: -0.0] 
1621076027740 [accx: -0.0 accy: 0.0] 
1621076027761 [accx: -0.0 accy: 0.0] 
1621076027781 [accx: -0.0 accy: -0.0] 
1621076027801 [accx: -0.0 accy: -0.01] 
1621076027821 [accx: -0.0 accy: -0.01] 
1621076027841 [accx: 0.0 accy: -0.0] 
1621076027862 [accx: -0.0 accy: -0.0] 
1621076027880 [accx: -0.0 accy: -0.0] 
1621076027901 [accx: 0.0 accy: 0.0] 
1621076027920 [accx: 0.0 accy: -0.0] 
1621076027942 [accx: 0.0 accy: -0.0] 
1621076027961 [accx: -0.0 accy: -0.01] 
1621076027980 [accx: -0.0 accy: -0.01] 
1621076028002 [accx: -0.0 accy: -0.0] 
1621076028023 [accx: -0.0 accy: -0.01] 
1621076028041 [accx: -0.01 accy: 0.0] 
1621076028046 [Read robot_status] 
1621076028065 [accx: -0.0 accy: -0.0] 
1621076028073 [Read robot_status] 
1621076028081 [accx: -0.0 accy: -0.0] 
1621076028106 [accx: -0.01 accy: -0.01] 
1621076028122 [accx: -0.01 accy: -0.0] 
1621076028140 [accx: -0.0 accy: -0.01] 
1621076028161 [accx: 0.0 accy: -0.01] 
1621076028181 [accx: -0.0 accy: -0.0] 
1621076028202 [accx: -0.01 accy: -0.0] 
1621076028222 [accx: -0.01 accy: 0.0] 
1621076028240 [accx: -0.0 accy: 0.0] 
1621076028261 [accx: -0.01 accy: 0.0] 
1621076028280 [accx: -0.01 accy: -0.0] 
1621076028308 [accx: -0.01 accy: -0.0] 
1621076028320 [accx: -0.0 accy: -0.0] 
1621076028343 [accx: -0.01 accy: 0.01] 
1621076028360 [accx: -0.01 accy: -0.0] 
1621076028380 [accx: -0.01 accy: -0.0] 
1621076028400 [accx: -0.01 accy: -0.0] 
1621076028421 [accx: -0.01 accy: -0.0] 
1621076028440 [accx: -0.0 accy: -0.01] 
1621076028460 [accx: -0.01 accy: -0.0] 
1621076028481 [accx: -0.01 accy: -0.01] 
1621076028504 [accx: -0.01 accy: -0.01] 
1621076028527 [accx: -0.01 accy: -0.01] 
1621076028540 [accx: -0.01 accy: -0.0] 
1621076028564 [accx: -0.01 accy: -0.0] 
1621076028580 [accx: -0.01 accy: -0.01] 
1621076028600 [accx: -0.01 accy: -0.01] 
1621076028621 [accx: -0.01 accy: -0.01] 
1621076028641 [accx: -0.01 accy: -0.0] 
1621076028660 [accx: -0.01 accy: -0.0] 
1621076028680 [accx: -0.02 accy: -0.0] 
1621076028702 [accx: -0.01 accy: -0.0] 
1621076028721 [accx: -0.01 accy: -0.01] 
1621076028740 [accx: -0.0 accy: -0.0] 
1621076028766 [accx: -0.0 accy: -0.0] 
1621076028791 [accx: -0.01 accy: 0.0] 
1621076028801 [accx: -0.01 accy: -0.0] 
1621076028820 [accx: -0.01 accy: 0.0] 
1621076028856 [accx: -0.01 accy: 0.0] 
1621076028860 [accx: -0.0 accy: -0.0] 
1621076028888 [accx: -0.01 accy: -0.01] 
1621076028900 [accx: -0.0 accy: -0.0] 
1621076028920 [accx: -0.0 accy: -0.0] 
1621076028940 [accx: -0.0 accy: -0.01] 
1621076028961 [accx: -0.0 accy: -0.0] 
1621076028980 [accx: -0.01 accy: -0.0] 
1621076029000 [accx: -0.0 accy: -0.01] 
1621076029031 [accx: -0.0 accy: -0.01] 
1621076029040 [accx: -0.0 accy: 0.0] 
1621076029060 [accx: -0.0 accy: -0.0] 
1621076029080 [accx: -0.0 accy: -0.0] 
1621076029102 [accx: -0.01 accy: 0.0] 
1621076029130 [accx: -0.01 accy: -0.0] 
1621076029140 [accx: -0.01 accy: -0.0] 
1621076029160 [accx: -0.01 accy: -0.01] 
1621076029180 [accx: -0.0 accy: -0.0] 
1621076029201 [accx: -0.0 accy: -0.0] 
1621076029220 [accx: -0.01 accy: -0.0] 
1621076029240 [accx: -0.01 accy: 0.0] 
1621076029260 [accx: -0.01 accy: 0.0] 
1621076029280 [accx: -0.0 accy: -0.0] 
1621076029303 [accx: -0.01 accy: -0.0] 
1621076029321 [accx: -0.0 accy: -0.0] 
1621076029341 [accx: -0.01 accy: -0.01] 
1621076029360 [accx: -0.0 accy: -0.01] 
1621076029380 [accx: -0.0 accy: 0.0] 
1621076029400 [accx: -0.01 accy: -0.0] 
1621076029420 [accx: -0.0 accy: -0.0] 
1621076029440 [accx: -0.01 accy: -0.01] 
1621076029460 [accx: -0.01 accy: -0.0] 
1621076029480 [accx: -0.01 accy: 0.0] 
1621076029500 [accx: -0.0 accy: 0.01] 
1621076029520 [accx: -0.0 accy: 0.0] 
1621076029541 [accx: -0.0 accy: 0.0] 
1621076029561 [accx: -0.0 accy: -0.01] 
1621076029581 [accx: -0.01 accy: -0.0] 
1621076029601 [accx: -0.01 accy: 0.0] 
1621076029620 [accx: -0.01 accy: -0.0] 
1621076029641 [accx: -0.01 accy: 0.0] 
1621076029660 [accx: -0.0 accy: 0.0] 
1621076029680 [accx: -0.01 accy: -0.0] 
1621076029700 [accx: -0.01 accy: -0.0] 
1621076029733 [accx: -0.01 accy: 0.0] 
1621076029742 [accx: -0.01 accy: 0.0] 
1621076029761 [accx: -0.01 accy: -0.0] 
1621076029781 [accx: -0.01 accy: -0.0] 
1621076029813 [accx: -0.01 accy: -0.01] 
1621076029821 [accx: 0.0 accy: -0.0] 
1621076029841 [accx: -0.0 accy: 0.0] 
1621076029860 [accx: -0.01 accy: 0.0] 
1621076029881 [accx: -0.0 accy: 0.0] 
1621076029900 [accx: -0.0 accy: 0.0] 
1621076029921 [accx: -0.0 accy: -0.0] 
1621076029945 [accx: -0.0 accy: -0.0] 
1621076029960 [accx: -0.01 accy: -0.0] 
1621076029983 [accx: -0.01 accy: -0.01] 
1621076030001 [accx: -0.01 accy: -0.0] 
1621076030022 [accx: -0.01 accy: -0.0] 
1621076030041 [accx: -0.0 accy: 0.0] 
1621076030065 [accx: -0.0 accy: 0.0] 
1621076030080 [accx: -0.0 accy: 0.0] 
1621076030101 [accx: -0.0 accy: 0.0] 
1621076030127 [accx: -0.0 accy: 0.01] 
1621076030152 [accx: -0.01 accy: -0.0] 
1621076030161 [accx: 0.0 accy: -0.0] 
1621076030180 [accx: 0.0 accy: 0.0] 
1621076030200 [accx: -0.0 accy: 0.0] 
1621076030220 [accx: 0.0 accy: -0.0] 
1621076030240 [accx: -0.0 accy: -0.0] 
1621076030261 [accx: -0.0 accy: -0.01] 
1621076030283 [accx: 0.0 accy: -0.0] 
1621076030301 [accx: -0.0 accy: 0.0] 
1621076030320 [accx: -0.01 accy: 0.0] 
1621076030340 [accx: 0.0 accy: 0.01] 
1621076030361 [accx: 0.0 accy: 0.0] 
1621076030385 [accx: 0.0 accy: -0.0] 
1621076030400 [accx: 0.01 accy: 0.0] 
1621076030420 [accx: -0.0 accy: -0.0] 
1621076030441 [accx: -0.0 accy: -0.0] 
1621076030461 [accx: -0.0 accy: 0.0] 
1621076030480 [accx: -0.01 accy: -0.0] 
1621076030501 [accx: -0.01 accy: -0.01] 
1621076030521 [accx: -0.01 accy: -0.0] 
1621076030540 [accx: -0.0 accy: 0.0] 
1621076030561 [accx: -0.01 accy: -0.01] 
1621076030585 [accx: -0.01 accy: -0.0] 
1621076030609 [accx: -0.01 accy: -0.0] 
1621076030623 [accx: -0.0 accy: -0.0] 
1621076030640 [accx: -0.0 accy: -0.0] 
1621076030662 [accx: -0.0 accy: 0.0] 
1621076030681 [accx: 0.0 accy: 0.0] 
1621076030700 [accx: 0.0 accy: -0.0] 
1621076030727 [accx: -0.0 accy: -0.0] 
1621076030741 [accx: -0.0 accy: -0.01] 
1621076030761 [accx: -0.0 accy: -0.0] 
1621076030781 [accx: -0.0 accy: 0.0] 
1621076030806 [accx: -0.0 accy: 0.01] 
1621076030820 [accx: -0.0 accy: -0.01] 
1621076030842 [accx: 0.0 accy: -0.0] 
1621076030860 [accx: -0.0 accy: -0.0] 
1621076030881 [accx: -0.0 accy: 0.0] 
1621076030900 [accx: -0.01 accy: -0.0] 
1621076030921 [accx: -0.01 accy: -0.01] 
1621076030941 [accx: -0.01 accy: -0.0] 
1621076030975 [accx: -0.0 accy: -0.0] 
1621076030983 [accx: -0.0 accy: -0.0] 
1621076031006 [accx: -0.0 accy: -0.0] 
1621076031037 [accx: -0.01 accy: -0.0] 
1621076031040 [accx: -0.01 accy: -0.0] 
1621076031060 [accx: -0.0 accy: -0.01] 
1621076031086 [accx: -0.01 accy: -0.0] 
1621076031107 [accx: -0.01 accy: 0.0] 
1621076031121 [accx: -0.01 accy: 0.0] 
1621076031140 [accx: -0.01 accy: 0.0] 
1621076031160 [accx: -0.0 accy: 0.0] 
1621076031182 [accx: -0.0 accy: -0.0] 
1621076031201 [accx: -0.01 accy: -0.0] 
1621076031221 [accx: -0.0 accy: -0.0] 
1621076031242 [accx: -0.01 accy: -0.0] 
1621076031272 [accx: -0.01 accy: -0.0] 
1621076031284 [accx: -0.0 accy: -0.0] 
1621076031303 [accx: -0.01 accy: -0.01] 
1621076031325 [accx: -0.01 accy: -0.0] 
1621076031341 [accx: -0.01 accy: -0.01] 
1621076031361 [accx: -0.01 accy: -0.01] 
1621076031381 [accx: 0.0 accy: -0.01] 
1621076031408 [accx: -0.01 accy: 0.0] 
1621076031421 [accx: -0.0 accy: -0.01] 
1621076031441 [accx: -0.01 accy: 0.0] 
1621076031460 [accx: -0.0 accy: -0.0] 
1621076031486 [accx: -0.0 accy: 0.0] 
1621076031501 [accx: -0.0 accy: 0.0] 
1621076031540 [accx: -0.0 accy: 0.0] 
1621076031543 [accx: -0.0 accy: 0.0] 
1621076031561 [accx: -0.0 accy: -0.01] 
1621076031584 [accx: -0.01 accy: -0.0] 
1621076031602 [accx: -0.01 accy: -0.0] 
1621076031623 [accx: -0.01 accy: -0.0] 
1621076031653 [accx: -0.01 accy: 0.0] 
1621076031660 [accx: -0.01 accy: -0.0] 
1621076031684 [accx: -0.0 accy: -0.0] 
1621076031709 [accx: -0.01 accy: -0.0] 
1621076031720 [accx: -0.0 accy: -0.0] 
1621076031748 [accx: -0.01 accy: -0.0] 
1621076031760 [accx: -0.01 accy: -0.01] 
1621076031787 [accx: -0.01 accy: -0.0] 
1621076031800 [accx: -0.0 accy: 0.0] 
1621076031832 [accx: -0.0 accy: -0.01] 
1621076031840 [accx: -0.0 accy: 0.0] 
1621076031861 [accx: -0.0 accy: -0.0] 
1621076031880 [accx: 0.0 accy: 0.0] 
1621076031900 [accx: -0.0 accy: 0.0] 
1621076031921 [accx: -0.0 accy: 0.01] 
1621076031940 [accx: -0.0 accy: -0.0] 
1621076031961 [accx: -0.0 accy: -0.0] 
1621076031982 [accx: 0.0 accy: -0.0] 
1621076032000 [accx: -0.0 accy: -0.0] 
1621076032025 [accx: -0.0 accy: 0.0] 
1621076032052 [accx: -0.0 accy: -0.0] 
1621076032069 [accx: -0.0 accy: -0.0] 
1621076032080 [accx: -0.0 accy: -0.0] 
1621076032102 [accx: -0.0 accy: -0.0] 
1621076032130 [accx: -0.01 accy: -0.0] 
1621076032140 [accx: -0.01 accy: -0.0] 
1621076032160 [accx: -0.0 accy: -0.0] 
1621076032180 [accx: -0.0 accy: -0.0] 
1621076032200 [accx: -0.01 accy: -0.01] 
1621076032220 [accx: -0.01 accy: -0.0] 
1621076032258 [accx: 0.0 accy: 0.0] 
1621076032266 [accx: 0.0 accy: 0.0] 
1621076032284 [accx: -0.0 accy: 0.0] 
1621076032308 [accx: 0.0 accy: -0.0] 
1621076032327 [accx: -0.0 accy: -0.0] 
1621076032346 [accx: -0.01 accy: -0.01] 
1621076032364 [accx: 0.0 accy: -0.01] 
1621076032384 [accx: -0.0 accy: -0.0] 
1621076032401 [accx: 0.0 accy: -0.0] 
1621076032426 [accx: -0.01 accy: -0.0] 
1621076032440 [accx: -0.0 accy: -0.01] 
1621076032460 [accx: 0.0 accy: -0.01] 
1621076032481 [accx: -0.0 accy: -0.02] 
1621076032501 [accx: -0.0 accy: -0.01] 
1621076032521 [accx: -0.0 accy: -0.01] 
1621076032541 [accx: -0.0 accy: -0.01] 
1621076032565 [accx: -0.01 accy: -0.0] 
1621076032584 [accx: -0.01 accy: -0.0] 
1621076032611 [accx: -0.01 accy: -0.0] 
1621076032621 [accx: -0.01 accy: 0.0] 
1621076032641 [accx: -0.01 accy: 0.0] 
1621076032660 [accx: -0.01 accy: -0.01] 
1621076032680 [accx: -0.01 accy: -0.01] 
1621076032700 [accx: -0.0 accy: -0.0] 
1621076032725 [accx: -0.0 accy: -0.01] 
1621076032743 [accx: -0.01 accy: -0.01] 
1621076032760 [accx: -0.01 accy: -0.01] 
1621076032783 [accx: -0.0 accy: -0.0] 
1621076032806 [accx: -0.0 accy: -0.01] 
1621076032820 [accx: -0.0 accy: -0.01] 
1621076032840 [accx: -0.0 accy: -0.0] 
1621076032860 [accx: 0.0 accy: -0.0] 
1621076032882 [accx: -0.0 accy: -0.0] 
1621076032903 [accx: -0.0 accy: -0.0] 
1621076032921 [accx: -0.0 accy: -0.0] 
1621076032940 [accx: 0.0 accy: -0.0] 
1621076032961 [accx: -0.01 accy: -0.0] 
1621076032980 [accx: -0.01 accy: -0.0] 
1621076033001 [accx: -0.01 accy: -0.0] 
1621076033031 [accx: -0.01 accy: -0.0] 
1621076033041 [accx: -0.0 accy: -0.01] 
1621076033076 [accx: -0.01 accy: -0.0] 
1621076033086 [accx: -0.01 accy: -0.01] 
1621076033101 [accx: -0.0 accy: -0.01] 
1621076033121 [accx: -0.0 accy: -0.01] 
1621076033140 [accx: 0.0 accy: -0.0] 
1621076033161 [accx: 0.0 accy: -0.0] 
1621076033181 [accx: 0.0 accy: -0.0] 
1621076033204 [accx: -0.0 accy: 0.0] 
1621076033220 [accx: -0.01 accy: 0.0] 
1621076033240 [accx: -0.01 accy: 0.0] 
1621076033261 [accx: -0.01 accy: -0.0] 
1621076033282 [accx: -0.01 accy: -0.0] 
1621076033301 [accx: -0.0 accy: -0.0] 
1621076033321 [accx: -0.0 accy: -0.0] 
1621076033347 [accx: -0.01 accy: -0.0] 
1621076033361 [accx: -0.0 accy: 0.0] 
1621076033380 [accx: -0.0 accy: -0.0] 
1621076033400 [accx: -0.0 accy: 0.0] 
1621076033423 [accx: -0.01 accy: 0.0] 
1621076033442 [accx: -0.01 accy: 0.0] 
1621076033460 [accx: -0.01 accy: 0.0] 
1621076033480 [accx: -0.01 accy: 0.0] 
1621076033501 [accx: -0.0 accy: -0.0] 
1621076033520 [accx: -0.01 accy: -0.0] 
1621076033540 [accx: -0.01 accy: -0.0] 
1621076033560 [accx: -0.01 accy: -0.0] 
1621076033580 [accx: -0.01 accy: -0.0] 
1621076033600 [accx: -0.01 accy: 0.0] 
1621076033620 [accx: -0.01 accy: 0.0] 
1621076033640 [accx: -0.01 accy: 0.0] 
1621076033660 [accx: -0.0 accy: -0.0] 
1621076033680 [accx: -0.0 accy: -0.0] 
1621076033701 [accx: -0.0 accy: -0.0] 
1621076033720 [accx: -0.01 accy: -0.0] 
1621076033740 [accx: -0.0 accy: 0.0] 
1621076033760 [accx: -0.0 accy: 0.0] 
1621076033781 [accx: -0.0 accy: -0.0] 
1621076033800 [accx: -0.01 accy: 0.0] 
1621076033821 [accx: -0.0 accy: -0.0] 
1621076033840 [accx: 0.0 accy: -0.0] 
1621076033860 [accx: -0.0 accy: -0.0] 
1621076033880 [accx: 0.0 accy: -0.0] 
1621076033900 [accx: -0.0 accy: -0.0] 
1621076033920 [accx: -0.01 accy: 0.0] 
1621076033941 [accx: -0.01 accy: -0.0] 
1621076033961 [accx: -0.01 accy: -0.0] 
1621076033980 [accx: -0.0 accy: -0.01] 
1621076034000 [accx: -0.0 accy: -0.01] 
1621076034020 [accx: -0.01 accy: -0.01] 
1621076034040 [accx: -0.01 accy: -0.01] 
1621076034060 [accx: -0.01 accy: -0.0] 
1621076034080 [accx: -0.0 accy: -0.0] 
1621076034100 [accx: -0.01 accy: -0.0] 
1621076034120 [accx: -0.01 accy: -0.01] 
1621076034125 [Read robot_status] 
1621076034127 [Read robot_status] 
1621076034140 [accx: -0.01 accy: -0.0] 
1621076034163 [accx: -0.0 accy: -0.0] 
1621076034181 [accx: -0.0 accy: 0.0] 
1621076034200 [accx: 0.03 accy: 0.24] 
1621076034220 [accx: 0.01 accy: 0.54] 
1621076034242 [accx: 0.04 accy: 0.54] 
1621076034260 [accx: 0.05 accy: 0.44] 
1621076034280 [accx: -0.01 accy: 0.41] 
1621076034300 [accx: 0.02 accy: 0.34] 
1621076034320 [accx: -0.0 accy: 0.25] 
1621076034343 [accx: -0.03 accy: 0.27] 
1621076034370 [accx: 0.05 accy: 0.23] 
1621076034390 [accx: 0.02 accy: 0.19] 
1621076034400 [accx: 0.01 accy: 0.17] 
1621076034427 [accx: 0.02 accy: 0.19] 
1621076034442 [accx: 0.06 accy: 0.16] 
1621076034467 [accx: -0.07 accy: 0.11] 
1621076034481 [accx: -0.07 accy: 0.18] 
1621076034500 [accx: 0.0 accy: 0.21] 
1621076034522 [accx: 0.0 accy: 0.15] 
1621076034541 [accx: -0.06 accy: 0.17] 
1621076034560 [accx: 0.01 accy: 0.12] 
1621076034583 [accx: 0.06 accy: 0.16] 
1621076034601 [accx: 0.01 accy: 0.04] 
1621076034620 [accx: -0.02 accy: 0.07] 
1621076034640 [accx: -0.01 accy: 0.07] 
1621076034667 [accx: -0.01 accy: 0.06] 
1621076034681 [accx: -0.01 accy: 0.12] 
1621076034701 [accx: -0.04 accy: 0.09] 
1621076034720 [accx: 0.01 accy: -0.01] 
1621076034745 [accx: -0.04 accy: -0.05] 
1621076034760 [accx: 0.06 accy: -0.0] 
1621076034781 [accx: -0.04 accy: 0.04] 
1621076034800 [accx: 0.01 accy: -0.01] 
1621076034825 [accx: -0.05 accy: 0.12] 
1621076034842 [accx: -0.01 accy: 0.2] 
1621076034861 [accx: -0.07 accy: 0.13] 
1621076034883 [accx: 0.05 accy: 0.03] 
1621076034902 [accx: 0.04 accy: 0.04] 
1621076034920 [accx: -0.02 accy: 0.07] 
1621076034942 [accx: -0.15 accy: 0.11] 
1621076034961 [accx: -0.08 accy: 0.09] 
1621076034983 [accx: 0.04 accy: 0.08] 
1621076035001 [accx: 0.08 accy: 0.06] 
1621076035020 [accx: 0.15 accy: 0.03] 
1621076035053 [accx: -0.05 accy: -0.01] 
1621076035060 [accx: -0.16 accy: 0.06] 
1621076035080 [accx: -0.04 accy: 0.12] 
1621076035100 [accx: 0.03 accy: 0.14] 
1621076035120 [accx: 0.01 accy: 0.02] 
1621076035142 [accx: 0.07 accy: -0.02] 
1621076035160 [accx: -0.01 accy: 0.07] 
1621076035180 [accx: -0.15 accy: 0.07] 
1621076035201 [accx: -0.08 accy: 0.09] 
1621076035228 [accx: 0.11 accy: 0.03] 
1621076035243 [accx: 0.06 accy: 0.04] 
1621076035264 [accx: -0.02 accy: 0.07] 
1621076035280 [accx: -0.11 accy: 0.0] 
1621076035303 [accx: -0.14 accy: 0.16] 
1621076035331 [accx: -0.0 accy: 0.12] 
1621076035346 [accx: 0.07 accy: -0.05] 
1621076035361 [accx: 0.03 accy: -0.02] 
1621076035387 [accx: 0.0 accy: 0.1] 
1621076035401 [accx: -0.1 accy: -0.01] 
1621076035422 [accx: -0.04 accy: -0.0] 
1621076035451 [accx: 0.08 accy: -0.06] 
1621076035461 [accx: 0.1 accy: -0.09] 
1621076035481 [accx: 0.12 accy: -0.05] 
1621076035500 [accx: -0.04 accy: -0.02] 
1621076035522 [accx: -0.14 accy: 0.09] 
1621076035540 [accx: -0.05 accy: 0.08] 
1621076035565 [accx: 0.08 accy: -0.04] 
1621076035581 [accx: -0.02 accy: 0.1] 
1621076035601 [accx: -0.02 accy: 0.06] 
1621076035621 [accx: -0.11 accy: 0.04] 
1621076035640 [accx: -0.12 accy: 0.12] 
1621076035665 [accx: 0.11 accy: -0.0] 
1621076035681 [accx: 0.08 accy: -0.04] 
1621076035700 [accx: 0.09 accy: -0.02] 
1621076035726 [accx: -0.09 accy: 0.07] 
1621076035743 [accx: -0.1 accy: 0.02] 
1621076035760 [accx: -0.08 accy: -0.0] 
1621076035781 [accx: -0.01 accy: -0.0] 
1621076035803 [accx: 0.02 accy: 0.02] 
1621076035822 [accx: -0.07 accy: 0.06] 
1621076035847 [accx: 0.01 accy: 0.09] 
1621076035862 [accx: -0.14 accy: -0.01] 
1621076035881 [accx: 0.05 accy: -0.03] 
1621076035900 [accx: -0.03 accy: -0.02] 
1621076035921 [accx: 0.04 accy: -0.05] 
1621076035940 [accx: -0.07 accy: -0.02] 
1621076035963 [accx: -0.06 accy: 0.02] 
1621076035985 [accx: 0.02 accy: -0.03] 
1621076036004 [accx: 0.07 accy: 0.02] 
1621076036020 [accx: -0.01 accy: -0.07] 
1621076036041 [accx: -0.12 accy: -0.36] 
1621076036060 [accx: -0.01 accy: -0.2] 
1621076036084 [accx: 0.13 accy: -0.14] 
1621076036100 [accx: 0.12 accy: -0.21] 
1621076036125 [accx: -0.15 accy: -0.18] 
1621076036140 [accx: -0.15 accy: 0.05] 
1621076036164 [accx: 0.04 accy: 0.06] 
1621076036183 [accx: 0.04 accy: -0.04] 
1621076036206 [accx: -0.04 accy: 0.0] 
1621076036220 [accx: -0.05 accy: -0.01] 
1621076036241 [accx: 0.12 accy: -0.01] 
1621076036263 [accx: 0.16 accy: -0.04] 
1621076036282 [accx: -0.01 accy: -0.17] 
1621076036300 [accx: -0.1 accy: -0.14] 
1621076036321 [accx: -0.01 accy: -0.09] 
1621076036341 [accx: 0.06 accy: -0.11] 
1621076036361 [accx: 0.07 accy: -0.12] 
1621076036381 [accx: -0.02 accy: -0.03] 
1621076036401 [accx: -0.03 accy: -0.09] 
1621076036420 [accx: -0.08 accy: -0.09] 
1621076036441 [accx: 0.0 accy: -0.02] 
1621076036461 [accx: 0.01 accy: -0.13] 
1621076036482 [accx: -0.02 accy: -0.07] 
1621076036501 [accx: -0.06 accy: -0.15] 
1621076036520 [accx: -0.03 accy: -0.15] 
1621076036548 [accx: 0.07 accy: -0.06] 
1621076036560 [accx: 0.04 accy: -0.06] 
1621076036581 [accx: -0.03 accy: -0.12] 
1621076036600 [accx: -0.13 accy: -0.1] 
1621076036621 [accx: 0.06 accy: 0.02] 
1621076036642 [accx: 0.06 accy: -0.05] 
1621076036661 [accx: -0.01 accy: -0.05] 
1621076036692 [accx: -0.06 accy: -0.16] 
1621076036705 [accx: 0.06 accy: -0.17] 
1621076036720 [accx: 0.03 accy: 0.01] 
1621076036748 [accx: 0.07 accy: -0.12] 
1621076036760 [accx: -0.1 accy: -0.25] 
1621076036780 [accx: 0.01 accy: -0.02] 
1621076036802 [accx: 0.07 accy: 0.01] 
1621076036822 [accx: 0.06 accy: -0.0] 
1621076036840 [accx: -0.0 accy: -0.1] 
1621076036865 [accx: -0.04 accy: -0.2] 
1621076036882 [accx: 0.04 accy: -0.05] 
1621076036907 [accx: 0.14 accy: 0.04] 
1621076036921 [accx: -0.0 accy: 0.01] 
1621076036942 [accx: -0.12 accy: -0.04] 
1621076036960 [accx: 0.02 accy: -0.04] 
1621076036980 [accx: 0.07 accy: 0.04] 
1621076037001 [accx: 0.03 accy: 0.09] 
1621076037020 [accx: 0.04 accy: 0.09] 
1621076037041 [accx: -0.07 accy: -0.12] 
1621076037061 [accx: 0.07 accy: -0.08] 
1621076037081 [accx: 0.13 accy: 0.12] 
1621076037101 [accx: 0.16 accy: -0.01] 
1621076037124 [accx: -0.16 accy: -0.06] 
1621076037142 [accx: -0.2 accy: -0.04] 
1621076037160 [accx: -0.02 accy: -0.02] 
1621076037180 [accx: 0.15 accy: 0.14] 
1621076037205 [accx: -0.08 accy: -0.11] 
1621076037229 [accx: -0.18 accy: -0.18] 
1621076037243 [accx: -0.0 accy: -0.05] 
1621076037260 [accx: 0.2 accy: -0.05] 
1621076037281 [accx: 0.2 accy: -0.07] 
1621076037300 [accx: -0.22 accy: -0.07] 
1621076037322 [accx: 0.05 accy: -0.2] 
1621076037342 [accx: 0.11 accy: -0.01] 
1621076037362 [accx: 0.11 accy: -0.04] 
1621076037381 [accx: -0.12 accy: -0.35] 
1621076037400 [accx: -0.02 accy: -0.29] 
1621076037430 [accx: 0.24 accy: -0.07] 
1621076037444 [accx: 0.24 accy: -0.05] 
1621076037471 [accx: -0.22 accy: -0.03] 
1621076037492 [accx: -0.02 accy: -0.12] 
1621076037503 [accx: 0.12 accy: 0.01] 
1621076037521 [accx: 0.12 accy: 0.16] 
1621076037547 [accx: -0.08 accy: -0.1] 
1621076037560 [accx: -0.0 accy: -0.14] 
1621076037585 [accx: -0.04 accy: 0.07] 
1621076037606 [accx: 0.3 accy: -0.1] 
1621076037623 [accx: -0.06 accy: -0.14] 
1621076037646 [accx: -0.21 accy: -0.14] 
1621076037662 [accx: -0.01 accy: -0.17] 
1621076037680 [accx: 0.17 accy: -0.06] 
1621076037703 [accx: 0.16 accy: -0.06] 
1621076037727 [accx: -0.15 accy: -0.14] 
1621076037745 [accx: -0.11 accy: -0.07] 
1621076037760 [accx: -0.05 accy: -0.01] 
1621076037781 [accx: 0.12 accy: -0.09] 
1621076037805 [accx: 0.0 accy: -0.11] 
1621076037821 [accx: 0.02 accy: -0.27] 
1621076037841 [accx: 0.03 accy: -0.13] 
1621076037863 [accx: 0.1 accy: 0.03] 
1621076037880 [accx: 0.04 accy: -0.0] 
1621076037914 [accx: -0.04 accy: -0.1] 
1621076037923 [accx: 0.11 accy: -0.14] 
1621076037942 [accx: -0.01 accy: -0.02] 
1621076037963 [accx: 0.11 accy: 0.03] 
1621076037983 [accx: -0.03 accy: -0.08] 
1621076038000 [accx: -0.0 accy: -0.2] 
1621076038021 [accx: -0.07 accy: -0.13] 
1621076038050 [accx: 0.15 accy: 0.07] 
1621076038065 [accx: 0.12 accy: -0.02] 
1621076038088 [accx: -0.17 accy: -0.07] 
1621076038101 [accx: -0.02 accy: -0.2] 
1621076038121 [accx: 0.17 accy: 0.02] 
1621076038134 [Read robot_status] 
1621076038141 [accx: 0.26 accy: 0.02] 
1621076038161 [Read robot_status] 
1621076038165 [accx: -0.05 accy: -0.2] 
1621076038184 [accx: -0.04 accy: -0.27] 
1621076038206 [accx: -0.03 accy: -0.77] 
1621076038220 [accx: 0.11 accy: -1.7] 
1621076038244 [accx: -0.06 accy: -1.97] 
1621076038262 [accx: 0.03 accy: -1.75] 
1621076038280 [accx: -0.08 accy: -1.32] 
1621076038307 [accx: -0.1 accy: -0.98] 
1621076038320 [accx: -0.02 accy: -0.41] 
1621076038342 [accx: 0.02 accy: -0.2] 
1621076038360 [accx: 0.05 accy: -0.04] 
1621076038388 [accx: 0.17 accy: -0.01] 
1621076038400 [accx: 0.01 accy: -0.13] 
1621076038420 [accx: -0.04 accy: -0.27] 
1621076038440 [accx: 0.01 accy: -0.2] 
1621076038462 [accx: 0.04 accy: -0.02] 
1621076038484 [accx: 0.03 accy: 0.0] 
1621076038500 [accx: 0.05 accy: -0.01] 
1621076038521 [accx: 0.04 accy: -0.07] 
1621076038541 [accx: 0.03 accy: -0.04] 
1621076038567 [accx: 0.04 accy: -0.1] 
1621076038580 [accx: 0.03 accy: -0.2] 
1621076038600 [accx: -0.01 accy: -0.1] 
1621076038639 [accx: 0.02 accy: 0.03] 
1621076038643 [accx: 0.05 accy: 0.02] 
1621076038661 [accx: 0.04 accy: -0.08] 
1621076038682 [accx: 0.01 accy: -0.13] 
1621076038701 [accx: 0.04 accy: -0.09] 
1621076038720 [accx: 0.02 accy: -0.09] 
1621076038743 [accx: 0.01 accy: -0.07] 
1621076038761 [accx: 0.03 accy: -0.02] 
1621076038782 [accx: 0.06 accy: -0.04] 
1621076038800 [accx: 0.04 accy: -0.11] 
1621076038822 [accx: 0.01 accy: -0.12] 
1621076038841 [accx: 0.02 accy: -0.08] 
1621076038860 [accx: 0.02 accy: -0.06] 
1621076038880 [accx: 0.02 accy: -0.04] 
1621076038900 [accx: 0.04 accy: -0.06] 
1621076038921 [accx: 0.04 accy: -0.07] 
1621076038940 [accx: 0.03 accy: -0.1] 
1621076038960 [accx: 0.01 accy: -0.09] 
1621076038980 [accx: 0.02 accy: -0.05] 
1621076039002 [accx: 0.04 accy: -0.06] 
1621076039021 [accx: 0.04 accy: -0.07] 
1621076039041 [accx: 0.04 accy: -0.08] 
1621076039060 [accx: 0.03 accy: -0.09] 
1621076039083 [accx: 0.02 accy: -0.09] 
1621076039104 [accx: 0.02 accy: -0.07] 
1621076039120 [accx: 0.04 accy: -0.06] 
1621076039140 [accx: 0.04 accy: -0.06] 
1621076039176 [accx: 0.03 accy: -0.08] 
1621076039181 [accx: 0.02 accy: -0.08] 
1621076039216 [accx: 0.02 accy: -0.08] 
1621076039222 [accx: 0.03 accy: -0.07] 
1621076039251 [accx: 0.03 accy: -0.06] 
1621076039269 [accx: 0.04 accy: -0.07] 
1621076039287 [accx: 0.03 accy: -0.07] 
1621076039305 [accx: 0.02 accy: -0.08] 
1621076039322 [accx: 0.03 accy: -0.07] 
1621076039340 [accx: 0.03 accy: -0.07] 
1621076039361 [accx: 0.04 accy: -0.07] 
1621076039381 [accx: 0.04 accy: -0.07] 
1621076039401 [accx: 0.03 accy: -0.07] 
1621076039423 [accx: 0.02 accy: -0.07] 
1621076039445 [accx: 0.03 accy: -0.07] 
1621076039460 [accx: 0.03 accy: -0.07] 
1621076039483 [accx: 0.04 accy: -0.07] 
1621076039507 [accx: 0.03 accy: -0.07] 
1621076039523 [accx: 0.03 accy: -0.07] 
1621076039542 [accx: 0.02 accy: -0.08] 
1621076039564 [accx: 0.02 accy: -0.08] 
1621076039591 [accx: 0.03 accy: -0.07] 
1621076039603 [accx: 0.04 accy: -0.06] 
1621076039624 [accx: 0.02 accy: -0.06] 
1621076039642 [accx: 0.03 accy: -0.06] 
1621076039661 [accx: 0.03 accy: -0.07] 
1621076039681 [accx: 0.03 accy: -0.07] 
1621076039700 [accx: 0.04 accy: -0.08] 
1621076039720 [accx: 0.04 accy: -0.07] 
1621076039740 [accx: 0.03 accy: -0.07] 
1621076039760 [accx: 0.03 accy: -0.07] 
1621076039780 [accx: 0.03 accy: -0.07] 
1621076039811 [accx: 0.03 accy: -0.08] 
1621076039822 [Read robot_status] 
1621076039823 [accx: 0.03 accy: -0.08] 
1621076039838 [Read robot_status] 
1621076039842 [accx: 0.04 accy: -0.07] 
1621076039866 [accx: 0.04 accy: -0.06] 
1621076039880 [accx: 0.03 accy: -0.07] 
1621076039901 [accx: 0.03 accy: -0.1] 
1621076039928 [accx: 0.0 accy: -0.52] 
1621076039960 [accx: -0.03 accy: -0.72] 
1621076039964 [accx: 0.01 accy: -0.61] 
1621076039982 [accx: 0.01 accy: -0.63] 
1621076040001 [accx: -0.04 accy: -0.55] 
1621076040021 [accx: 0.01 accy: -0.27] 
1621076040045 [accx: 0.04 accy: -0.25] 
1621076040061 [accx: 0.13 accy: -0.17] 
1621076040080 [accx: 0.03 accy: -0.18] 
1621076040101 [accx: 0.03 accy: -0.16] 
1621076040124 [accx: 0.12 accy: -0.2] 
1621076040142 [accx: 0.06 accy: -0.27] 
1621076040160 [accx: -0.07 accy: -0.24] 
1621076040180 [accx: -0.02 accy: -0.21] 
1621076040203 [accx: 0.11 accy: -0.2] 
1621076040221 [accx: 0.1 accy: -0.19] 
1621076040244 [accx: 0.07 accy: -0.15] 
1621076040263 [accx: 0.1 accy: -0.11] 
1621076040281 [accx: 0.06 accy: -0.12] 
1621076040300 [accx: 0.0 accy: -0.09] 
1621076040323 [accx: 0.01 accy: -0.21] 
1621076040342 [accx: 0.06 accy: -0.25] 
1621076040360 [accx: -0.0 accy: -0.22] 
1621076040381 [accx: 0.02 accy: -0.11] 
1621076040401 [accx: 0.05 accy: -0.15] 
1621076040420 [accx: 0.1 accy: -0.12] 
1621076040450 [accx: 0.13 accy: -0.08] 
1621076040461 [accx: 0.02 accy: -0.15] 
1621076040486 [accx: -0.09 accy: -0.14] 
1621076040501 [accx: -0.01 accy: -0.2] 
1621076040521 [accx: 0.1 accy: -0.27] 
1621076040540 [accx: 0.1 accy: -0.21] 
1621076040561 [accx: 0.03 accy: -0.08] 
1621076040580 [accx: 0.13 accy: -0.04] 
1621076040601 [accx: 0.04 accy: -0.09] 
1621076040620 [accx: -0.07 accy: -0.21] 
1621076040641 [accx: -0.03 accy: -0.17] 
1621076040663 [accx: 0.08 accy: -0.16] 
1621076040684 [accx: 0.08 accy: -0.19] 
1621076040706 [accx: 0.03 accy: -0.05] 
1621076040723 [accx: 0.14 accy: -0.12] 
1621076040740 [accx: 0.03 accy: -0.12] 
1621076040761 [accx: -0.13 accy: -0.17] 
1621076040781 [accx: 0.02 accy: -0.19] 
1621076040802 [accx: 0.03 accy: -0.16] 
1621076040820 [accx: 0.11 accy: -0.09] 
1621076040842 [accx: 0.01 accy: -0.1] 
1621076040862 [accx: -0.01 accy: -0.2] 
1621076040880 [accx: -0.09 accy: -0.15] 
1621076040912 [accx: -0.02 accy: -0.13] 
1621076040920 [accx: 0.07 accy: -0.16] 
1621076040941 [accx: 0.23 accy: -0.19] 
1621076040967 [accx: -0.01 accy: -0.13] 
1621076041002 [accx: -0.01 accy: -0.17] 
1621076041020 [accx: -0.11 accy: -0.17] 
1621076041025 [accx: 0.07 accy: -0.11] 
1621076041052 [accx: 0.16 accy: -0.03] 
1621076041060 [accx: 0.02 accy: -0.12] 
1621076041080 [accx: -0.14 accy: -0.17] 
1621076041102 [accx: -0.09 accy: -0.14] 
1621076041127 [accx: 0.13 accy: -0.15] 
1621076041141 [accx: 0.09 accy: -0.08] 
1621076041165 [accx: 0.13 accy: -0.12] 
1621076041181 [accx: -0.04 accy: -0.13] 
1621076041209 [accx: -0.04 accy: -0.14] 
1621076041221 [accx: 0.04 accy: -0.17] 
1621076041241 [accx: 0.11 accy: 0.04] 
1621076041264 [accx: 0.1 accy: 0.1] 
1621076041280 [accx: -0.0 accy: -0.03] 
1621076041301 [accx: -0.12 accy: -0.07] 
1621076041320 [accx: -0.02 accy: -0.02] 
1621076041340 [accx: 0.31 accy: -0.08] 
1621076041365 [accx: 0.18 accy: -0.14] 
1621076041381 [accx: -0.1 accy: -0.16] 
1621076041401 [accx: -0.15 accy: -0.19] 
1621076041423 [accx: 0.0 accy: -0.06] 
1621076041441 [accx: 0.17 accy: -0.08] 
1621076041475 [accx: 0.04 accy: -0.09] 
1621076041481 [accx: -0.06 accy: -0.12] 
1621076041510 [accx: -0.12 accy: -0.04] 
1621076041522 [accx: 0.07 accy: -0.02] 
1621076041542 [accx: 0.14 accy: -0.1] 
1621076041561 [accx: 0.11 accy: -0.02] 
1621076041581 [accx: -0.1 accy: -0.03] 
1621076041601 [accx: -0.14 accy: -0.03] 
1621076041628 [accx: 0.15 accy: -0.05] 
1621076041641 [accx: 0.22 accy: -0.22] 
1621076041667 [accx: 0.21 accy: -0.18] 
1621076041680 [accx: -0.07 accy: -0.1] 
1621076041701 [accx: -0.22 accy: -0.09] 
1621076041724 [accx: 0.03 accy: -0.1] 
1621076041747 [accx: 0.12 accy: -0.14] 
1621076041760 [accx: 0.16 accy: -0.1] 
1621076041781 [accx: -0.08 accy: -0.13] 
1621076041804 [accx: -0.23 accy: -0.16] 
1621076041841 [accx: 0.04 accy: -0.08] 
1621076041852 [accx: 0.19 accy: -0.01] 
1621076041863 [accx: 0.13 accy: -0.06] 
1621076041882 [accx: -0.2 accy: -0.11] 
1621076041902 [accx: 0.03 accy: -0.04] 
1621076041925 [accx: 0.14 accy: 0.05] 
1621076041941 [accx: 0.34 accy: -0.04] 
1621076041963 [accx: -0.08 accy: -0.13] 
1621076041980 [accx: -0.12 accy: -0.14] 
1621076042001 [accx: -0.02 accy: -0.02] 
1621076042020 [accx: 0.15 accy: -0.03] 
1621076042041 [accx: 0.23 accy: -0.08] 
1621076042061 [accx: -0.13 accy: -0.12] 
1621076042081 [accx: -0.13 accy: -0.09] 
1621076042109 [accx: 0.0 accy: -0.08] 
1621076042133 [accx: 0.17 accy: -0.04] 
1621076042145 [accx: 0.05 accy: -0.07] 
1621076042162 [accx: -0.22 accy: -0.21] 
1621076042181 [accx: -0.13 accy: -0.17] 
1621076042201 [accx: -0.02 accy: -0.16] 
1621076042220 [accx: 0.23 accy: -0.05] 
1621076042240 [accx: -0.03 accy: -0.19] 
1621076042267 [accx: -0.2 accy: -0.2] 
1621076042283 [accx: 0.03 accy: -0.07] 
1621076042301 [accx: 0.19 accy: -0.03] 
1621076042321 [accx: 0.06 accy: -0.13] 
1621076042341 [accx: -0.23 accy: -0.16] 
1621076042361 [accx: -0.11 accy: -0.19] 
1621076042381 [accx: 0.06 accy: -0.06] 
1621076042401 [accx: 0.26 accy: -0.05] 
1621076042428 [accx: 0.05 accy: -0.17] 
1621076042440 [accx: -0.27 accy: -0.14] 
1621076042461 [accx: 0.03 accy: -0.07] 
1621076042481 [accx: 0.14 accy: -0.03] 
1621076042506 [accx: 0.02 accy: -0.11] 
1621076042521 [accx: -0.22 accy: -0.21] 
1621076042544 [accx: -0.12 accy: -0.28] 
1621076042564 [accx: 0.1 accy: -0.15] 
1621076042580 [accx: 0.15 accy: -0.07] 
1621076042602 [accx: -0.11 accy: -0.21] 
1621076042620 [accx: -0.13 accy: -0.28] 
1621076042642 [accx: 0.03 accy: -0.09] 
1621076042663 [accx: 0.23 accy: 0.21] 
1621076042684 [accx: 0.15 accy: 0.24] 
1621076042703 [accx: -0.18 accy: 0.01] 
1621076042720 [accx: 0.06 accy: -0.08] 
1621076042741 [accx: 0.3 accy: 0.15] 
1621076042761 [accx: 0.09 accy: -0.01] 
1621076042781 [accx: -0.31 accy: -0.24] 
1621076042807 [accx: -0.12 accy: -0.26] 
1621076042827 [accx: 0.16 accy: -0.12] 
1621076042842 [accx: 0.2 accy: -0.02] 
1621076042860 [accx: -0.28 accy: -0.06] 
1621076042880 [accx: -0.13 accy: -0.2] 
1621076042900 [accx: 0.14 accy: -0.01] 
1621076042922 [accx: 0.18 accy: 0.21] 
1621076042940 [accx: -0.06 accy: 0.1] 
1621076042962 [accx: -0.24 accy: -0.12] 
1621076042981 [accx: 0.23 accy: -0.13] 
1621076043007 [accx: 0.02 accy: 0.01] 
1621076043028 [accx: 0.16 accy: 0.05] 
1621076043047 [accx: -0.11 accy: -0.07] 
1621076043065 [accx: -0.08 accy: -0.19] 
1621076043084 [accx: 0.15 accy: -0.11] 
1621076043100 [accx: 0.12 accy: 0.03] 
1621076043123 [accx: -0.18 accy: -0.06] 
1621076043144 [accx: -0.17 accy: -0.11] 
1621076043162 [accx: -0.04 accy: -0.09] 
1621076043182 [accx: 0.12 accy: 0.03] 
1621076043200 [accx: 0.2 accy: 0.13] 
1621076043224 [accx: -0.13 accy: -0.01] 
1621076043245 [accx: -0.02 accy: -0.12] 
1621076043261 [accx: 0.01 accy: 0.05] 
1621076043282 [accx: 0.19 accy: 0.12] 
1621076043300 [accx: -0.15 accy: 0.03] 
1621076043324 [accx: -0.07 accy: -0.07] 
1621076043340 [accx: -0.05 accy: -0.12] 
1621076043361 [accx: 0.01 accy: 0.07] 
1621076043387 [accx: -0.01 accy: 0.17] 
1621076043403 [accx: -0.12 accy: -0.11] 
1621076043421 [accx: -0.02 accy: -0.15] 
1621076043443 [accx: -0.01 accy: 0.03] 
1621076043462 [accx: 0.03 accy: 0.17] 
1621076043484 [accx: -0.2 accy: 0.0] 
1621076043501 [accx: -0.0 accy: -0.13] 
1621076043530 [accx: 0.05 accy: -0.1] 
1621076043540 [accx: 0.04 accy: 0.18] 
1621076043562 [accx: -0.07 accy: 0.08] 
1621076043587 [accx: -0.03 accy: -0.1] 
1621076043601 [accx: 0.11 accy: -0.03] 
1621076043621 [accx: -0.0 accy: 0.23] 
1621076043642 [accx: -0.07 accy: 0.07] 
1621076043660 [accx: -0.04 accy: -0.12] 
1621076043681 [accx: -0.09 accy: -0.16] 
1621076043704 [accx: 0.11 accy: 0.01] 
1621076043720 [accx: 0.2 accy: 0.17] 
1621076043748 [accx: -0.12 accy: -0.05] 
1621076043763 [accx: -0.1 accy: -0.2] 
1621076043782 [accx: 0.01 accy: -0.09] 
1621076043800 [accx: 0.11 accy: 0.13] 
1621076043820 [accx: -0.14 accy: 0.0] 
1621076043840 [accx: -0.18 accy: -0.19] 
1621076043861 [accx: -0.01 accy: -0.12] 
1621076043881 [accx: 0.11 accy: 0.1] 
1621076043900 [accx: -0.01 accy: 0.22] 
1621076043920 [accx: -0.2 accy: -0.01] 
1621076043940 [accx: -0.11 accy: -0.3] 
1621076043962 [accx: 0.21 accy: 0.11] 
1621076043981 [accx: -0.07 accy: 0.39] 
1621076044001 [accx: -0.16 accy: 0.02] 
1621076044021 [accx: -0.05 accy: -0.23] 
1621076044045 [accx: 0.19 accy: -0.02] 
1621076044065 [accx: 0.18 accy: 0.14] 
1621076044082 [accx: -0.2 accy: 0.16] 
1621076044100 [accx: -0.07 accy: -0.23] 
1621076044123 [accx: 0.09 accy: -0.24] 
1621076044139 [accx: 0.03 accy: 0.26] 
1621076044162 [accx: -0.25 accy: 0.05] 
1621076044180 [accx: -0.14 accy: -0.18] 
1621076044200 [accx: 0.08 accy: -0.1] 
1621076044220 [accx: 0.18 accy: -0.04] 
1621076044240 [accx: -0.16 accy: 0.37] 
1621076044263 [accx: -0.2 accy: 0.13] 
1621076044282 [accx: 0.02 accy: -0.28] 
1621076044302 [accx: 0.16 accy: -0.11] 
1621076044320 [accx: -0.12 accy: 0.24] 
1621076044340 [accx: -0.24 accy: 0.12] 
1621076044360 [accx: 0.1 accy: -0.08] 
1621076044380 [accx: 0.1 accy: -0.15] 
1621076044400 [accx: 0.02 accy: -0.07] 
1621076044420 [accx: -0.34 accy: 0.22] 
1621076044441 [accx: -0.09 accy: -0.06] 
1621076044461 [accx: 0.07 accy: -0.27] 
1621076044481 [accx: 0.05 accy: 0.05] 
1621076044500 [accx: -0.0 accy: 0.11] 
1621076044520 [accx: 0.14 accy: 0.08] 
1621076044541 [accx: -0.04 accy: -0.02] 
1621076044560 [accx: 0.07 accy: -0.17] 
1621076044580 [accx: -0.11 accy: 0.06] 
1621076044601 [accx: -0.05 accy: 0.21] 
1621076044620 [accx: 0.05 accy: -0.2] 
1621076044641 [accx: 0.04 accy: -0.15] 
1621076044660 [accx: -0.02 accy: 0.03] 
1621076044680 [accx: -0.05 accy: 0.0] 
1621076044701 [accx: -0.04 accy: 0.08] 
1621076044720 [accx: 0.04 accy: -0.15] 
1621076044740 [accx: 0.06 accy: -0.19] 
1621076044761 [accx: -0.23 accy: 0.25] 
1621076044780 [accx: 0.07 accy: -0.07] 
1621076044800 [accx: 0.11 accy: -0.16] 
1621076044820 [accx: 0.08 accy: -0.14] 
1621076044847 [accx: -0.22 accy: -0.11] 
1621076044862 [accx: -0.07 accy: 0.12] 
1621076044880 [accx: 0.23 accy: -0.04] 
1621076044900 [accx: 0.06 accy: -0.33] 
1621076044920 [accx: -0.1 accy: 0.07] 
1621076044940 [accx: -0.15 accy: 0.07] 
1621076044960 [accx: 0.07 accy: -0.1] 
1621076044980 [accx: 0.03 accy: -0.11] 
1621076045000 [accx: -0.09 accy: -0.09] 
1621076045021 [accx: -0.14 accy: 0.21] 
1621076045041 [accx: 0.01 accy: 0.14] 
1621076045061 [accx: 0.12 accy: -0.27] 
1621076045084 [accx: -0.06 accy: -0.06] 
1621076045103 [accx: -0.04 accy: 0.17] 
1621076045120 [accx: 0.12 accy: 0.02] 
1621076045144 [accx: 0.27 accy: -0.05] 
1621076045165 [accx: -0.03 accy: -0.23] 
1621076045184 [accx: -0.23 accy: -0.08] 
1621076045202 [accx: 0.1 accy: 0.17] 
1621076045221 [accx: 0.07 accy: -0.16] 
1621076045242 [accx: -0.07 accy: -0.15] 
1621076045261 [accx: -0.13 accy: 0.13] 
1621076045280 [accx: 0.08 accy: 0.14] 
1621076045303 [accx: 0.09 accy: 0.06] 
1621076045322 [accx: 0.08 accy: -0.04] 
1621076045343 [accx: -0.29 accy: -0.13] 
1621076045365 [accx: -0.07 accy: 0.23] 
1621076045380 [accx: 0.09 accy: 0.09] 
1621076045400 [accx: 0.16 accy: -0.25] 
1621076045420 [accx: -0.28 accy: -0.01] 
1621076045440 [accx: -0.0 accy: 0.01] 
1621076045461 [accx: 0.13 accy: -0.06] 
1621076045481 [accx: 0.19 accy: 0.03] 
1621076045501 [accx: -0.24 accy: 0.03] 
1621076045520 [accx: -0.24 accy: 0.03] 
1621076045540 [accx: -0.06 accy: 0.19] 
1621076045560 [accx: 0.06 accy: 0.02] 
1621076045580 [accx: -0.05 accy: -0.03] 
1621076045600 [accx: -0.27 accy: 0.04] 
1621076045621 [accx: 0.03 accy: 0.11] 
1621076045641 [accx: 0.1 accy: 0.09] 
1621076045679 [accx: -0.01 accy: -0.04] 
1621076045690 [accx: -0.29 accy: -0.05] 
1621076045701 [accx: -0.03 accy: 0.17] 
1621076045728 [accx: 0.05 accy: 0.2] 
1621076045742 [accx: -0.19 accy: -0.07] 
1621076045762 [accx: -0.31 accy: -0.03] 
1621076045784 [accx: 0.02 accy: 0.03] 
1621076045800 [accx: 0.09 accy: 0.2] 
1621076045822 [accx: 0.2 accy: 0.16] 
1621076045840 [accx: -0.18 accy: -0.11] 
1621076045862 [accx: -0.17 accy: -0.14] 
1621076045884 [accx: -0.0 accy: 0.08] 
1621076045900 [accx: 0.2 accy: 0.31] 
1621076045921 [accx: 0.21 accy: -0.09] 
1621076045940 [accx: -0.22 accy: -0.09] 
1621076045960 [accx: 0.0 accy: 0.06] 
1621076045980 [accx: 0.14 accy: 0.16] 
1621076046000 [accx: 0.12 accy: 0.2] 
1621076046023 [accx: -0.28 accy: -0.13] 
1621076046044 [accx: -0.03 accy: -0.11] 
1621076046060 [accx: 0.03 accy: 0.27] 
1621076046081 [accx: 0.17 accy: 0.1] 
1621076046100 [accx: -0.1 accy: -0.22] 
1621076046120 [accx: -0.27 accy: -0.14] 
1621076046141 [accx: 0.21 accy: 0.03] 
1621076046160 [accx: 0.29 accy: 0.27] 
1621076046180 [accx: 0.08 accy: 0.1] 
1621076046214 [accx: -0.14 accy: -0.3] 
1621076046220 [accx: 0.02 accy: -0.03] 
1621076046241 [accx: 0.28 accy: 0.2] 
1621076046265 [accx: 0.2 accy: 0.01] 
1621076046284 [accx: -0.33 accy: -0.06] 
1621076046302 [accx: -0.21 accy: -0.07] 
1621076046321 [accx: -0.01 accy: 0.02] 
1621076046340 [accx: -0.09 accy: 0.16] 
1621076046368 [accx: -0.21 accy: -0.19] 
1621076046383 [accx: 0.0 accy: -0.2] 
1621076046400 [accx: 0.19 accy: 0.2] 
1621076046422 [accx: 0.29 accy: 0.09] 
1621076046442 [accx: -0.27 accy: -0.07] 
1621076046462 [accx: -0.3 accy: -0.12] 
1621076046480 [accx: 0.09 accy: -0.13] 
1621076046505 [accx: 0.27 accy: 0.21] 
1621076046520 [accx: 0.03 accy: 0.13] 
1621076046550 [accx: -0.22 accy: -0.36] 
1621076046560 [accx: 0.08 accy: -0.11] 
1621076046581 [accx: 0.44 accy: 0.3] 
1621076046600 [accx: 0.18 accy: 0.14] 
1621076046621 [accx: -0.42 accy: 0.02] 
1621076046642 [accx: -0.09 accy: -0.18] 
1621076046660 [accx: 0.2 accy: -0.04] 
1621076046681 [accx: 0.07 accy: 0.3] 
1621076046705 [accx: -0.28 accy: 0.01] 
1621076046722 [accx: -0.12 accy: -0.41] 
1621076046740 [accx: 0.14 accy: -0.12] 
1621076046762 [accx: 0.23 accy: 0.03] 
1621076046782 [accx: -0.19 accy: 0.05] 
1621076046801 [accx: -0.26 accy: -0.0] 
1621076046826 [accx: 0.14 accy: -0.19] 
1621076046840 [accx: 0.13 accy: 0.14] 
1621076046866 [accx: -0.1 accy: 0.34] 
1621076046884 [accx: -0.27 accy: 0.03] 
1621076046902 [accx: -0.09 accy: -0.13] 
1621076046921 [accx: 0.15 accy: -0.01] 
1621076046946 [accx: 0.0 accy: 0.15] 
1621076046961 [accx: -0.25 accy: 0.11] 
1621076046981 [accx: 0.02 accy: -0.12] 
1621076047002 [accx: -0.08 accy: -0.19] 
1621076047021 [accx: 0.18 accy: 0.0] 
1621076047042 [accx: -0.06 accy: 0.13] 
1621076047061 [accx: -0.07 accy: -0.04] 
1621076047083 [accx: 0.07 accy: -0.15] 
1621076047100 [accx: 0.12 accy: -0.15] 
1621076047131 [accx: -0.04 accy: 0.09] 
1621076047144 [accx: 0.04 accy: 0.09] 
1621076047168 [accx: 0.07 accy: -0.1] 
1621076047182 [accx: -0.03 accy: -0.14] 
1621076047200 [accx: 0.13 accy: -0.08] 
1621076047226 [accx: -0.06 accy: 0.15] 
1621076047242 [accx: -0.0 accy: -0.03] 
1621076047261 [accx: 0.1 accy: -0.09] 
1621076047281 [accx: 0.02 accy: -0.02] 
1621076047301 [accx: -0.12 accy: 0.08] 
1621076047325 [accx: 0.08 accy: 0.05] 
1621076047341 [accx: -0.06 accy: 0.03] 
1621076047360 [accx: 0.07 accy: -0.24] 
1621076047380 [accx: -0.08 accy: 0.0] 
1621076047404 [accx: -0.07 accy: 0.2] 
1621076047421 [accx: 0.18 accy: 0.01] 
1621076047450 [accx: 0.07 accy: -0.09] 
1621076047461 [accx: -0.09 accy: -0.06] 
1621076047484 [accx: -0.07 accy: 0.16] 
1621076047501 [accx: 0.01 accy: 0.24] 
1621076047502 [Read robot_status] 
1621076047513 [Read robot_status] 
1621076047521 [accx: 0.21 accy: -0.0] 
1621076047550 [accx: 0.0 accy: -0.3] 
1621076047560 [accx: -0.12 accy: 0.97] 
1621076047580 [accx: -0.1 accy: 2.27] 
1621076047604 [accx: 0.22 accy: 2.44] 
1621076047620 [accx: 0.01 accy: 1.02] 
1621076047641 [accx: -0.1 accy: 0.73] 
1621076047661 [accx: -0.14 accy: 0.52] 
1621076047681 [accx: 0.17 accy: 0.58] 
1621076047700 [accx: 0.07 accy: 0.28] 
1621076047721 [accx: -0.11 accy: -0.27] 
1621076047740 [accx: -0.11 accy: -0.08] 
1621076047761 [accx: 0.07 accy: 0.27] 
1621076047780 [accx: 0.17 accy: 0.08] 
1621076047803 [accx: -0.06 accy: -0.11] 
1621076047821 [accx: -0.06 accy: 0.09] 
1621076047841 [accx: 0.1 accy: 0.19] 
1621076047863 [accx: -0.04 accy: -0.06] 
1621076047881 [accx: -0.06 accy: -0.15] 
1621076047900 [accx: 0.02 accy: 0.01] 
1621076047922 [accx: 0.04 accy: 0.19] 
1621076047941 [accx: 0.03 accy: 0.03] 
1621076047960 [accx: -0.04 accy: 0.07] 
1621076047980 [accx: 0.02 accy: 0.1] 
1621076048000 [accx: 0.08 accy: -0.1] 
1621076048021 [accx: -0.02 accy: -0.11] 
1621076048042 [accx: -0.06 accy: 0.02] 
1621076048061 [accx: 0.05 accy: 0.16] 
1621076048082 [accx: 0.05 accy: 0.15] 
1621076048101 [accx: -0.04 accy: 0.11] 
1621076048122 [accx: 0.02 accy: 0.05] 
1621076048141 [accx: 0.04 accy: 0.03] 
1621076048168 [accx: -0.0 accy: -0.01] 
1621076048182 [accx: 0.0 accy: -0.02] 
1621076048200 [accx: 0.02 accy: 0.06] 
1621076048226 [accx: 0.01 accy: 0.05] 
1621076048240 [accx: 0.0 accy: 0.02] 
1621076048266 [accx: 0.02 accy: -0.01] 
1621076048289 [accx: 0.02 accy: -0.02] 
1621076048300 [accx: -0.01 accy: 0.01] 
1621076048320 [accx: 0.0 accy: 0.02] 
1621076048340 [accx: 0.01 accy: 0.04] 
1621076048364 [accx: 0.02 accy: 0.0] 
1621076048381 [accx: 0.01 accy: -0.01] 
1621076048400 [accx: 0.01 accy: -0.01] 
1621076048420 [accx: -0.0 accy: 0.01] 
1621076048442 [accx: 0.0 accy: 0.03] 
1621076048460 [accx: 0.02 accy: 0.03] 
1621076048482 [accx: 0.02 accy: 0.02] 
1621076048503 [accx: 0.01 accy: 0.0] 
1621076048528 [accx: 0.0 accy: 0.0] 
1621076048542 [accx: 0.0 accy: 0.01] 
1621076048561 [accx: -0.0 accy: 0.03] 
1621076048585 [accx: 0.02 accy: 0.02] 
1621076048604 [accx: 0.01 accy: 0.01] 
1621076048620 [accx: 0.0 accy: 0.01] 
1621076048641 [accx: 0.01 accy: 0.0] 
1621076048660 [accx: -0.0 accy: 0.01] 
1621076048683 [accx: 0.0 accy: 0.02] 
1621076048700 [accx: 0.01 accy: 0.02] 
1621076048721 [accx: 0.01 accy: 0.02] 
1621076048740 [accx: 0.0 accy: 0.01] 
1621076048763 [accx: -0.0 accy: 0.01] 
1621076048780 [accx: 0.0 accy: 0.01] 
1621076048801 [accx: 0.01 accy: 0.01] 
1621076048820 [accx: 0.02 accy: 0.02] 
1621076048840 [accx: 0.02 accy: 0.02] 
1621076048862 [accx: 0.01 accy: 0.01] 
1621076048883 [accx: 0.01 accy: 0.01] 
1621076048900 [accx: 0.01 accy: 0.01] 
1621076048927 [accx: 0.01 accy: 0.01] 
1621076048943 [accx: 0.01 accy: 0.02] 
1621076048961 [accx: 0.0 accy: 0.02] 
1621076048981 [accx: 0.0 accy: 0.01] 
1621076049004 [accx: 0.0 accy: 0.01] 
1621076049020 [accx: 0.01 accy: 0.01] 
1621076049045 [accx: 0.01 accy: 0.01] 
1621076049062 [accx: 0.01 accy: 0.02] 
1621076049084 [accx: 0.0 accy: 0.01] 
1621076049104 [accx: 0.0 accy: 0.01] 
1621076049124 [accx: 0.0 accy: 0.01] 
1621076049140 [accx: 0.0 accy: 0.02] 
1621076049162 [accx: 0.01 accy: 0.02] 
1621076049180 [accx: 0.0 accy: 0.02] 
1621076049201 [accx: 0.01 accy: 0.02] 
1621076049221 [accx: 0.0 accy: 0.01] 
1621076049243 [accx: 0.0 accy: 0.0] 
1621076049268 [accx: 0.0 accy: 0.01] 
1621076049280 [accx: 0.01 accy: 0.01] 
1621076049303 [accx: 0.0 accy: 0.01] 
1621076049320 [accx: 0.0 accy: 0.01] 
1621076049341 [accx: 0.01 accy: 0.01] 
1621076049360 [accx: 0.01 accy: 0.01] 
1621076049386 [accx: 0.01 accy: 0.01] 
1621076049400 [accx: 0.01 accy: 0.01] 
1621076049420 [accx: 0.01 accy: 0.01] 
1621076049444 [accx: 0.0 accy: 0.01] 
1621076049462 [accx: 0.01 accy: 0.01] 
1621076049480 [accx: 0.01 accy: 0.01] 
1621076049500 [accx: 0.0 accy: 0.01] 
1621076049520 [accx: 0.01 accy: 0.01] 
1621076049540 [accx: 0.0 accy: 0.02] 
1621076049561 [accx: 0.0 accy: 0.01] 
1621076049590 [accx: 0.0 accy: 0.01] 
1621076049600 [accx: 0.0 accy: 0.0] 
1621076049625 [accx: 0.0 accy: 0.01] 
1621076049642 [accx: -0.0 accy: 0.01] 
1621076049662 [accx: -0.0 accy: 0.02] 
1621076049680 [accx: -0.0 accy: 0.02] 
1621076049701 [accx: 0.01 accy: 0.01] 
1621076049721 [accx: 0.01 accy: 0.02] 
1621076049741 [accx: 0.01 accy: 0.02] 
1621076049761 [accx: 0.01 accy: 0.02] 
1621076049791 [accx: 0.0 accy: 0.02] 
1621076049801 [accx: 0.01 accy: 0.01] 
1621076049821 [accx: 0.0 accy: 0.01] 
1621076049842 [accx: 0.0 accy: 0.01] 
1621076049865 [accx: 0.01 accy: 0.01] 
1621076049884 [accx: 0.01 accy: 0.01] 
1621076049900 [accx: 0.01 accy: 0.01] 
1621076049920 [accx: 0.0 accy: 0.01] 
1621076049942 [accx: -0.0 accy: 0.01] 
1621076049960 [accx: 0.0 accy: 0.01] 
1621076049981 [accx: 0.0 accy: 0.01] 
1621076050000 [accx: 0.0 accy: 0.01] 
1621076050025 [accx: 0.0 accy: 0.01] 
1621076050040 [accx: 0.0 accy: 0.01] 
1621076050064 [accx: 0.0 accy: 0.01] 
1621076050080 [accx: -0.0 accy: 0.01] 
1621076050100 [accx: 0.0 accy: 0.01] 
1621076050120 [accx: 0.0 accy: 0.01] 
1621076050140 [accx: 0.01 accy: 0.01] 
1621076050164 [accx: 0.0 accy: 0.01] 
1621076050189 [accx: -0.0 accy: 0.0] 
1621076050201 [accx: 0.0 accy: 0.0] 
1621076050220 [accx: 0.0 accy: 0.01] 
1621076050251 [accx: 0.0 accy: 0.01] 
1621076050260 [accx: 0.0 accy: 0.01] 
1621076050282 [accx: 0.0 accy: 0.01] 
1621076050304 [accx: 0.0 accy: 0.01] 
1621076050321 [accx: 0.0 accy: 0.01] 
1621076050340 [accx: 0.01 accy: 0.01] 
1621076050363 [accx: 0.01 accy: 0.02] 
1621076050380 [accx: 0.01 accy: 0.02] 
1621076050400 [accx: 0.0 accy: 0.02] 
1621076050421 [accx: 0.01 accy: 0.01] 
1621076050440 [accx: 0.01 accy: 0.02] 
1621076050460 [accx: 0.01 accy: 0.02] 
1621076050483 [accx: 0.01 accy: 0.02] 
1621076050500 [accx: 0.0 accy: 0.02] 
1621076050521 [accx: 0.0 accy: 0.01] 
1621076050541 [accx: 0.0 accy: 0.01] 
1621076050563 [accx: -0.0 accy: 0.01] 
1621076050581 [accx: 0.0 accy: 0.01] 
1621076050605 [accx: 0.01 accy: 0.01] 
1621076050624 [accx: 0.0 accy: 0.01] 
1621076050644 [accx: 0.0 accy: 0.01] 
1621076050661 [accx: -0.0 accy: 0.01] 
1621076050683 [accx: -0.0 accy: 0.01] 
1621076050708 [accx: -0.0 accy: 0.02] 
1621076050722 [accx: 0.0 accy: 0.02] 
1621076050749 [accx: 0.0 accy: 0.01] 
1621076050761 [accx: 0.0 accy: 0.02] 
1621076050781 [accx: 0.0 accy: 0.02] 
1621076050801 [accx: 0.01 accy: 0.02] 
1621076050821 [accx: 0.01 accy: 0.02] 
1621076050841 [accx: 0.01 accy: 0.01] 
1621076050861 [accx: 0.01 accy: 0.02] 
1621076050883 [accx: 0.01 accy: 0.01] 
1621076050901 [accx: 0.01 accy: 0.01] 
1621076050921 [accx: 0.01 accy: 0.01] 
1621076050946 [accx: 0.0 accy: 0.01] 
1621076050960 [accx: 0.01 accy: 0.01] 
1621076050983 [accx: 0.01 accy: 0.01] 
1621076051002 [accx: 0.01 accy: 0.01] 
1621076051020 [accx: 0.01 accy: 0.01] 
1621076051041 [accx: 0.01 accy: 0.01] 
1621076051066 [accx: 0.01 accy: 0.02] 
1621076051080 [accx: 0.01 accy: 0.02] 
1621076051101 [accx: 0.01 accy: 0.01] 
1621076051120 [accx: 0.0 accy: 0.01] 
1621076051140 [accx: 0.01 accy: 0.01] 
1621076051160 [accx: 0.01 accy: 0.02] 
1621076051180 [accx: 0.01 accy: 0.02] 
1621076051200 [accx: 0.0 accy: 0.01] 
1621076051220 [accx: 0.01 accy: 0.01] 
1621076051240 [accx: 0.0 accy: 0.01] 
1621076051261 [accx: 0.01 accy: 0.02] 
1621076051281 [accx: -0.0 accy: 0.01] 
1621076051301 [accx: 0.0 accy: 0.01] 
1621076051323 [accx: -0.0 accy: 0.01] 
1621076051347 [accx: -0.0 accy: 0.01] 
1621076051360 [accx: 0.0 accy: 0.02] 
1621076051389 [accx: 0.0 accy: 0.01] 
1621076051400 [accx: 0.0 accy: 0.02] 
1621076051425 [accx: -0.0 accy: 0.01] 
1621076051441 [accx: 0.01 accy: 0.01] 
1621076051460 [accx: 0.01 accy: 0.01] 
1621076051481 [accx: 0.01 accy: 0.01] 
1621076051500 [accx: 0.0 accy: 0.01] 
1621076051525 [accx: 0.0 accy: 0.01] 
1621076051542 [accx: 0.01 accy: 0.02] 
1621076051562 [accx: 0.0 accy: 0.02] 
1621076051582 [accx: 0.0 accy: 0.02] 
1621076051606 [accx: -0.0 accy: 0.01] 
1621076051621 [accx: -0.01 accy: 0.01] 
1621076051640 [accx: 0.0 accy: 0.01] 
1621076051666 [accx: -0.0 accy: 0.01] 
1621076051680 [accx: -0.0 accy: 0.01] 
1621076051702 [accx: -0.0 accy: 0.01] 
1621076051721 [accx: -0.0 accy: 0.01] 
1621076051741 [accx: 0.01 accy: 0.02] 
1621076051760 [accx: 0.0 accy: 0.02] 
1621076051780 [accx: 0.0 accy: 0.02] 
1621076051807 [accx: 0.01 accy: 0.01] 
1621076051820 [accx: 0.01 accy: 0.01] 
1621076051841 [accx: 0.01 accy: 0.01] 
1621076051860 [accx: 0.01 accy: 0.02] 
1621076051882 [accx: 0.01 accy: 0.02] 
1621076051910 [accx: 0.01 accy: 0.01] 
1621076051922 [accx: 0.0 accy: 0.01] 
1621076051942 [accx: 0.0 accy: 0.01] 
1621076051960 [accx: 0.0 accy: 0.01] 
1621076051988 [accx: 0.01 accy: 0.01] 
1621076052002 [accx: 0.01 accy: 0.02] 
1621076052020 [accx: 0.01 accy: 0.01] 
1621076052040 [accx: 0.0 accy: 0.01] 
1621076052072 [accx: 0.0 accy: 0.02] 
1621076052081 [accx: 0.01 accy: 0.01] 
1621076052109 [accx: 0.01 accy: 0.01] 
1621076052123 [accx: 0.01 accy: 0.01] 
1621076052153 [accx: 0.0 accy: 0.01] 
1621076052160 [accx: 0.0 accy: 0.01] 
1621076052180 [accx: -0.0 accy: 0.01] 
1621076052206 [accx: 0.0 accy: 0.01] 
1621076052224 [accx: 0.01 accy: 0.01] 
1621076052241 [accx: 0.01 accy: 0.02] 
1621076052263 [accx: 0.01 accy: 0.01] 
1621076052284 [accx: 0.0 accy: 0.01] 
1621076052310 [accx: 0.0 accy: 0.01] 
1621076052326 [accx: 0.0 accy: 0.01] 
1621076052352 [accx: 0.0 accy: 0.01] 
1621076052360 [accx: 0.0 accy: 0.01] 
1621076052380 [accx: 0.0 accy: 0.01] 
1621076052400 [accx: 0.0 accy: 0.02] 
1621076052420 [accx: -0.0 accy: 0.02] 
1621076052442 [accx: -0.0 accy: 0.02] 
1621076052460 [accx: 0.0 accy: 0.02] 
1621076052482 [accx: 0.0 accy: 0.01] 
1621076052500 [accx: -0.0 accy: 0.01] 
1621076052520 [accx: 0.0 accy: 0.01] 
1621076052540 [accx: 0.0 accy: 0.01] 
1621076052561 [accx: -0.0 accy: 0.01] 
1621076052583 [accx: 0.0 accy: 0.01] 
1621076052603 [accx: 0.01 accy: 0.02] 
1621076052626 [accx: 0.01 accy: 0.01] 
1621076052641 [accx: 0.01 accy: 0.01] 
1621076052663 [accx: 0.0 accy: 0.01] 
1621076052682 [accx: -0.0 accy: 0.01] 
1621076052701 [accx: 0.0 accy: 0.02] 
1621076052720 [accx: 0.0 accy: 0.02] 
1621076052741 [accx: -0.0 accy: 0.02] 
1621076052760 [accx: -0.0 accy: 0.02] 
1621076052782 [accx: 0.0 accy: 0.02] 
1621076052801 [accx: -0.0 accy: 0.02] 
1621076052821 [accx: -0.0 accy: 0.02] 
1621076052840 [accx: 0.0 accy: 0.01] 
1621076052862 [accx: 0.0 accy: 0.01] 
1621076052881 [accx: 0.0 accy: 0.01] 
1621076052901 [accx: 0.0 accy: 0.01] 
1621076052922 [accx: 0.0 accy: 0.01] 
1621076052944 [accx: 0.0 accy: 0.02] 
1621076052960 [accx: 0.0 accy: 0.01] 
1621076052980 [accx: -0.0 accy: 0.01] 
1621076053002 [accx: 0.0 accy: 0.01] 
1621076053021 [accx: 0.01 accy: 0.01] 
1621076053046 [accx: 0.01 accy: 0.01] 
1621076053060 [accx: 0.01 accy: 0.01] 
1621076053081 [accx: 0.01 accy: 0.01] 
1621076053100 [accx: 0.01 accy: 0.02] 
1621076053120 [accx: 0.0 accy: 0.01] 
1621076053140 [accx: 0.0 accy: 0.01] 
1621076053161 [accx: 0.0 accy: 0.01] 
1621076053180 [accx: 0.0 accy: 0.01] 
1621076053200 [accx: 0.0 accy: 0.01] 
1621076053220 [accx: 0.0 accy: 0.01] 
1621076053242 [accx: 0.0 accy: 0.01] 
1621076053260 [accx: 0.0 accy: 0.01] 
1621076053280 [accx: 0.0 accy: 0.01] 
1621076053301 [accx: 0.01 accy: 0.01] 
1621076053321 [accx: 0.01 accy: 0.02] 
1621076053348 [accx: 0.01 accy: 0.01] 
1621076053361 [accx: 0.0 accy: 0.01] 
1621076053382 [accx: 0.0 accy: 0.01] 
1621076053401 [accx: 0.01 accy: 0.01] 
1621076053430 [accx: 0.01 accy: 0.01] 
1621076053440 [accx: 0.01 accy: 0.01] 
1621076053460 [accx: 0.01 accy: 0.01] 
1621076053480 [accx: 0.01 accy: 0.01] 
1621076053500 [accx: 0.0 accy: 0.02] 
1621076053526 [accx: 0.0 accy: 0.02] 
1621076053542 [accx: -0.0 accy: 0.01] 
1621076053579 [accx: 0.0 accy: 0.01] 
1621076053584 [accx: -0.0 accy: 0.01] 
1621076053610 [accx: -0.01 accy: 0.01] 
1621076053620 [accx: -0.0 accy: 0.02] 
1621076053642 [accx: 0.0 accy: 0.02] 
1621076053662 [accx: 0.0 accy: 0.01] 
1621076053694 [accx: 0.0 accy: 0.01] 
1621076053703 [accx: 0.0 accy: 0.0] 
1621076053720 [accx: 0.0 accy: 0.0] 
1621076053742 [accx: -0.0 accy: 0.01] 
1621076053767 [accx: 0.0 accy: 0.01] 
1621076053782 [accx: 0.0 accy: 0.01] 
1621076053801 [accx: 0.0 accy: 0.02] 
1621076053820 [accx: -0.0 accy: 0.02] 
1621076053842 [accx: 0.0 accy: 0.01] 
1621076053862 [accx: -0.0 accy: 0.02] 
1621076053890 [accx: -0.0 accy: 0.02] 
1621076053900 [accx: 0.01 accy: 0.01] 
1621076053920 [accx: 0.01 accy: 0.01] 
1621076053940 [accx: 0.0 accy: 0.01] 
1621076053960 [accx: 0.0 accy: 0.01] 
1621076053980 [accx: 0.0 accy: 0.01] 
1621076054003 [accx: 0.0 accy: 0.01] 
1621076054020 [accx: 0.01 accy: 0.01] 
1621076054041 [accx: 0.01 accy: 0.01] 
1621076054066 [accx: 0.01 accy: 0.02] 
1621076054080 [accx: 0.0 accy: 0.02] 
1621076054101 [accx: 0.0 accy: 0.02] 
1621076054121 [accx: 0.0 accy: 0.01] 
1621076054142 [accx: -0.0 accy: 0.02] 
1621076054163 [accx: 0.0 accy: 0.01] 
1621076054180 [accx: 0.01 accy: 0.01] 
1621076054201 [accx: 0.0 accy: 0.02] 
1621076054224 [accx: -0.0 accy: 0.01] 
1621076054248 [accx: -0.0 accy: 0.01] 
1621076054260 [accx: 0.01 accy: 0.01] 
1621076054284 [accx: 0.01 accy: 0.01] 
1621076054302 [accx: 0.0 accy: 0.0] 
1621076054323 [accx: 0.0 accy: 0.01] 
1621076054340 [accx: 0.01 accy: 0.01] 
1621076054366 [accx: 0.01 accy: 0.01] 
1621076054389 [accx: 0.01 accy: 0.01] 
1621076054400 [accx: 0.0 accy: 0.01] 
1621076054424 [accx: 0.0 accy: 0.01] 
1621076054445 [accx: 0.0 accy: 0.01] 
1621076054469 [accx: 0.0 accy: 0.01] 
1621076054481 [accx: -0.0 accy: 0.01] 
1621076054501 [accx: 0.0 accy: 0.01] 
1621076054525 [accx: -0.0 accy: 0.01] 
1621076054541 [accx: 0.01 accy: 0.01] 
1621076054560 [accx: 0.0 accy: 0.01] 
1621076054583 [accx: 0.01 accy: 0.01] 
1621076054600 [accx: -0.0 accy: 0.0] 
1621076054622 [accx: -0.0 accy: 0.01] 
1621076054640 [accx: -0.0 accy: 0.01] 
1621076054663 [accx: 0.0 accy: 0.01] 
1621076054681 [accx: 0.01 accy: 0.01] 
1621076054701 [accx: 0.01 accy: 0.01] 
1621076054720 [accx: 0.01 accy: 0.01] 
1621076054742 [accx: 0.01 accy: 0.01] 
1621076054761 [accx: 0.0 accy: 0.01] 
1621076054783 [accx: 0.0 accy: 0.0] 
1621076054811 [accx: 0.0 accy: 0.01] 
1621076054834 [accx: 0.0 accy: 0.01] 
1621076054841 [accx: 0.0 accy: 0.01] 
1621076054861 [accx: 0.0 accy: 0.01] 
1621076054883 [accx: 0.0 accy: 0.01] 
1621076054902 [accx: 0.0 accy: 0.01] 
1621076054922 [accx: 0.01 accy: 0.02] 
1621076054944 [accx: 0.0 accy: 0.02] 
1621076054962 [accx: 0.0 accy: 0.02] 
1621076054980 [accx: 0.0 accy: 0.02] 
1621076055010 [accx: -0.0 accy: 0.01] 
1621076055021 [accx: 0.0 accy: 0.01] 
1621076055042 [accx: -0.0 accy: 0.01] 
1621076055060 [accx: -0.0 accy: 0.01] 
1621076055080 [accx: 0.0 accy: 0.01] 
1621076055102 [accx: -0.0 accy: 0.01] 
1621076055121 [accx: 0.0 accy: 0.02] 
1621076055140 [accx: 0.0 accy: 0.01] 
1621076055165 [accx: 0.01 accy: 0.01] 
1621076055180 [accx: 0.0 accy: 0.02] 
1621076055202 [accx: 0.0 accy: 0.01] 
1621076055224 [accx: 0.01 accy: 0.01] 
1621076055241 [accx: 0.01 accy: 0.01] 
1621076055260 [accx: 0.0 accy: 0.01] 
1621076055284 [accx: 0.01 accy: 0.01] 
1621076055302 [accx: 0.01 accy: 0.02] 
1621076055324 [accx: 0.01 accy: 0.02] 
1621076055340 [accx: 0.01 accy: 0.01] 
1621076055362 [accx: 0.01 accy: 0.02] 
1621076055382 [accx: 0.0 accy: 0.02] 
1621076055404 [accx: 0.0 accy: 0.01] 
1621076055422 [accx: 0.0 accy: 0.02] 
1621076055442 [accx: 0.01 accy: 0.02] 
1621076055460 [accx: 0.01 accy: 0.02] 
1621076055489 [accx: 0.01 accy: 0.02] 
1621076055500 [accx: 0.01 accy: 0.01] 
1621076055523 [accx: 0.01 accy: 0.01] 
1621076055541 [accx: 0.01 accy: 0.01] 
1621076055565 [accx: 0.01 accy: 0.01] 
1621076055589 [accx: 0.01 accy: 0.01] 
1621076055603 [accx: 0.01 accy: 0.02] 
1621076055621 [accx: 0.01 accy: 0.02] 
1621076055642 [accx: 0.01 accy: 0.02] 
1621076055660 [accx: 0.01 accy: 0.02] 
1621076055681 [accx: 0.01 accy: 0.02] 
1621076055700 [accx: 0.01 accy: 0.01] 
1621076055721 [accx: 0.01 accy: 0.02] 
1621076055740 [accx: 0.01 accy: 0.01] 
1621076055763 [accx: 0.01 accy: 0.02] 
1621076055780 [accx: 0.0 accy: 0.02] 
1621076055803 [accx: 0.01 accy: 0.02] 
1621076055821 [accx: 0.01 accy: 0.01] 
1621076055841 [accx: 0.01 accy: 0.01] 
1621076055860 [accx: 0.0 accy: 0.01] 
1621076055882 [accx: 0.0 accy: 0.01] 
1621076055901 [accx: 0.01 accy: 0.01] 
1621076055921 [accx: 0.01 accy: 0.01] 
1621076055941 [accx: 0.01 accy: 0.02] 
1621076055960 [accx: 0.01 accy: 0.02] 
1621076055981 [accx: 0.01 accy: 0.02] 
1621076056005 [accx: 0.0 accy: 0.02] 
1621076056022 [accx: 0.01 accy: 0.02] 
1621076056048 [accx: 0.01 accy: 0.02] 
1621076056070 [accx: 0.01 accy: 0.02] 
1621076056086 [accx: 0.01 accy: 0.01] 
1621076056108 [accx: 0.01 accy: 0.02] 
1621076056137 [accx: 0.01 accy: 0.02] 
1621076056142 [accx: 0.01 accy: 0.01] 
1621076056160 [accx: 0.01 accy: 0.02] 
1621076056185 [accx: 0.01 accy: 0.02] 
1621076056200 [accx: 0.0 accy: 0.01] 
1621076056224 [accx: 0.01 accy: 0.02] 
1621076056242 [accx: 0.01 accy: 0.01] 
1621076056261 [accx: 0.01 accy: 0.01] 
1621076056320 [accx: 0.01 accy: 0.01] 
1621076056325 [accx: 0.01 accy: 0.01] 
1621076056329 [accx: 0.01 accy: 0.01] 
1621076056350 [accx: 0.0 accy: 0.01] 
1621076056367 [accx: 0.0 accy: 0.01] 
1621076056392 [accx: 0.01 accy: 0.01] 
1621076056406 [accx: 0.01 accy: 0.01] 
1621076056427 [accx: 0.01 accy: 0.01] 
1621076056447 [accx: 0.01 accy: 0.01] 
1621076056460 [accx: 0.01 accy: 0.01] 
1621076056484 [accx: 0.01 accy: 0.01] 
1621076056503 [accx: 0.01 accy: 0.02] 
1621076056534 [accx: 0.01 accy: 0.02] 
1621076056541 [accx: 0.01 accy: 0.01] 
1621076056561 [accx: 0.01 accy: 0.01] 
1621076056582 [accx: 0.01 accy: 0.01] 
1621076056601 [accx: 0.01 accy: 0.02] 
1621076056620 [accx: 0.01 accy: 0.02] 
1621076056640 [accx: 0.01 accy: 0.01] 
1621076056660 [accx: 0.01 accy: 0.01] 
1621076056681 [accx: 0.01 accy: 0.01] 
1621076056701 [accx: 0.01 accy: 0.01] 
1621076056722 [accx: 0.01 accy: 0.02] 
1621076056742 [accx: 0.0 accy: 0.01] 
1621076056764 [accx: 0.0 accy: 0.01] 
1621076056780 [accx: 0.01 accy: 0.01] 
1621076056805 [accx: 0.01 accy: 0.01] 
1621076056820 [accx: 0.01 accy: 0.01] 
1621076056847 [accx: 0.01 accy: 0.01] 
1621076056861 [accx: 0.0 accy: 0.01] 
1621076056880 [accx: 0.0 accy: 0.01] 
1621076056900 [accx: -0.0 accy: 0.01] 
1621076056920 [accx: 0.0 accy: 0.02] 
1621076056940 [accx: 0.01 accy: 0.02] 
1621076056960 [accx: 0.01 accy: 0.01] 
1621076056980 [accx: 0.01 accy: 0.01] 
1621076057008 [accx: 0.0 accy: 0.01] 
1621076057021 [accx: 0.0 accy: 0.01] 
1621076057040 [accx: 0.01 accy: 0.02] 
1621076057061 [accx: 0.01 accy: 0.01] 
1621076057080 [accx: 0.0 accy: 0.02] 
1621076057100 [accx: 0.0 accy: 0.02] 
1621076057120 [accx: 0.01 accy: 0.02] 
1621076057144 [accx: 0.01 accy: 0.02] 
1621076057160 [accx: 0.01 accy: 0.02] 
1621076057182 [accx: 0.01 accy: 0.01] 
1621076057200 [accx: 0.0 accy: 0.02] 
1621076057221 [accx: 0.0 accy: 0.02] 
1621076057240 [accx: 0.0 accy: 0.01] 
1621076057261 [accx: 0.0 accy: 0.01] 
1621076057280 [accx: 0.01 accy: 0.01] 
1621076057301 [accx: 0.0 accy: 0.01] 
1621076057320 [accx: 0.0 accy: 0.01] 
1621076057340 [accx: 0.0 accy: 0.01] 
1621076057364 [accx: 0.0 accy: 0.01] 
1621076057389 [accx: 0.0 accy: 0.01] 
1621076057402 [accx: 0.0 accy: 0.02] 
1621076057420 [accx: 0.01 accy: 0.01] 
1621076057448 [accx: 0.01 accy: 0.01] 
1621076057460 [accx: 0.01 accy: 0.02] 
1621076057481 [accx: 0.01 accy: 0.02] 
1621076057502 [accx: 0.01 accy: 0.01] 
1621076057522 [accx: 0.01 accy: 0.01] 
1621076057558 [accx: 0.01 accy: 0.01] 
1621076057562 [accx: 0.01 accy: 0.02] 
1621076057581 [accx: 0.0 accy: 0.01] 
1621076057609 [accx: 0.0 accy: 0.01] 
1621076057622 [accx: 0.01 accy: 0.01] 
1621076057640 [accx: 0.01 accy: 0.01] 
1621076057667 [accx: 0.01 accy: 0.01] 
1621076057680 [accx: 0.01 accy: 0.01] 
1621076057700 [accx: 0.01 accy: 0.01] 
1621076057721 [accx: 0.0 accy: 0.01] 
1621076057740 [accx: -0.0 accy: 0.01] 
1621076057765 [accx: -0.0 accy: 0.01] 
1621076057780 [accx: 0.0 accy: 0.01] 
1621076057801 [accx: 0.0 accy: 0.01] 
1621076057820 [accx: 0.01 accy: 0.01] 
1621076057847 [accx: 0.01 accy: 0.01] 
1621076057860 [accx: 0.01 accy: 0.01] 
1621076057880 [accx: 0.01 accy: 0.01] 
1621076057900 [accx: 0.01 accy: 0.01] 
1621076057924 [accx: 0.0 accy: 0.02] 
1621076057946 [accx: 0.0 accy: 0.02] 
1621076057966 [accx: 0.0 accy: 0.02] 
1621076057983 [accx: -0.0 accy: 0.02] 
1621076058000 [accx: 0.0 accy: 0.02] 
1621076058021 [accx: 0.01 accy: 0.02] 
1621076058043 [accx: 0.01 accy: 0.02] 
1621076058061 [accx: 0.01 accy: 0.01] 
1621076058085 [accx: 0.01 accy: 0.01] 
1621076058101 [accx: 0.01 accy: 0.01] 
1621076058120 [accx: 0.01 accy: 0.01] 
1621076058140 [accx: 0.01 accy: 0.01] 
1621076058160 [accx: 0.01 accy: 0.01] 
1621076058180 [accx: 0.0 accy: 0.01] 
1621076058202 [accx: 0.0 accy: 0.01] 
1621076058220 [accx: 0.0 accy: 0.01] 
1621076058247 [accx: -0.0 accy: 0.01] 
1621076058260 [accx: 0.0 accy: 0.01] 
1621076058281 [accx: 0.0 accy: 0.01] 
1621076058300 [accx: -0.0 accy: 0.01] 
1621076058320 [accx: -0.0 accy: 0.01] 
1621076058341 [accx: 0.0 accy: 0.01] 
1621076058360 [accx: 0.0 accy: 0.01] 
1621076058380 [accx: 0.0 accy: 0.01] 
1621076058407 [accx: 0.01 accy: 0.02] 
1621076058421 [accx: 0.01 accy: 0.01] 
1621076058446 [accx: 0.01 accy: 0.01] 
1621076058460 [accx: 0.01 accy: 0.01] 
1621076058482 [accx: 0.0 accy: 0.01] 
1621076058500 [accx: 0.01 accy: 0.01] 
1621076058521 [accx: 0.0 accy: 0.01] 
1621076058541 [accx: -0.0 accy: 0.01] 
1621076058561 [accx: 0.0 accy: 0.01] 
1621076058581 [accx: 0.01 accy: 0.01] 
1621076058609 [accx: 0.01 accy: 0.01] 
1621076058621 [accx: 0.01 accy: 0.01] 
1621076058641 [accx: 0.01 accy: 0.02] 
1621076058660 [accx: 0.01 accy: 0.0] 
1621076058681 [accx: 0.0 accy: 0.0] 
1621076058700 [accx: -0.0 accy: 0.01] 
1621076058721 [accx: 0.01 accy: 0.01] 
1621076058745 [accx: 0.0 accy: 0.01] 
1621076058760 [accx: 0.01 accy: 0.01] 
1621076058781 [accx: 0.01 accy: 0.02] 
1621076058800 [accx: 0.01 accy: 0.01] 
1621076058821 [accx: 0.01 accy: 0.02] 
1621076058840 [accx: 0.0 accy: 0.01] 
1621076058860 [accx: 0.0 accy: 0.01] 
1621076058881 [accx: -0.0 accy: 0.01] 
1621076058904 [accx: 0.0 accy: 0.01] 
1621076058920 [accx: 0.0 accy: 0.01] 
1621076058940 [accx: 0.0 accy: 0.01] 
1621076058960 [accx: 0.01 accy: 0.01] 
1621076058982 [accx: 0.0 accy: 0.01] 
1621076059000 [accx: 0.0 accy: 0.01] 
1621076059020 [accx: 0.01 accy: 0.01] 
1621076059040 [accx: 0.0 accy: 0.01] 
1621076059060 [accx: 0.0 accy: 0.01] 
1621076059080 [accx: 0.0 accy: 0.01] 
1621076059100 [accx: 0.0 accy: 0.01] 
1621076059121 [accx: 0.01 accy: 0.01] 
1621076059142 [accx: 0.0 accy: 0.02] 
1621076059160 [accx: 0.01 accy: 0.01] 
1621076059180 [accx: 0.01 accy: 0.02] 
1621076059200 [accx: 0.0 accy: 0.02] 
1621076059220 [accx: 0.01 accy: 0.01] 
1621076059240 [accx: 0.01 accy: 0.02] 
1621076059262 [accx: 0.01 accy: 0.02] 
1621076059281 [accx: 0.0 accy: 0.01] 
1621076059300 [accx: 0.01 accy: 0.01] 
1621076059321 [accx: 0.01 accy: 0.01] 
1621076059340 [accx: 0.01 accy: 0.02] 
1621076059360 [accx: 0.01 accy: 0.02] 
1621076059380 [accx: 0.01 accy: 0.01] 
1621076059401 [accx: 0.0 accy: 0.01] 
1621076059420 [accx: -0.01 accy: 0.01] 
1621076059440 [accx: -0.0 accy: 0.02] 
1621076059460 [accx: -0.0 accy: 0.01] 
1621076059480 [accx: -0.01 accy: 0.02] 
1621076059500 [accx: -0.0 accy: 0.02] 
1621076059520 [accx: 0.0 accy: 0.02] 
1621076059541 [accx: -0.0 accy: 0.02] 
1621076059560 [accx: 0.0 accy: 0.01] 
1621076059582 [accx: 0.0 accy: 0.02] 
1621076059600 [accx: 0.0 accy: 0.02] 
1621076059620 [accx: 0.01 accy: 0.02] 
1621076059640 [accx: -0.0 accy: 0.01] 
1621076059660 [accx: -0.01 accy: 0.02] 
1621076059680 [accx: -0.0 accy: 0.02] 
1621076059700 [accx: 0.0 accy: 0.02] 
1621076059722 [accx: 0.0 accy: 0.02] 
1621076059742 [accx: 0.0 accy: 0.01] 
1621076059760 [accx: 0.0 accy: 0.01] 
1621076059781 [accx: 0.0 accy: 0.01] 
1621076059801 [accx: 0.01 accy: 0.01] 
1621076059820 [accx: 0.01 accy: 0.01] 
1621076059840 [accx: 0.01 accy: 0.01] 
1621076059861 [accx: 0.0 accy: 0.01] 
1621076059880 [accx: 0.01 accy: 0.01] 
1621076059901 [accx: 0.0 accy: 0.01] 
1621076059920 [accx: 0.0 accy: 0.01] 
1621076059941 [accx: 0.0 accy: 0.01] 
1621076059963 [accx: 0.01 accy: 0.01] 
1621076059980 [accx: 0.01 accy: 0.01] 
1621076060001 [accx: 0.01 accy: 0.01] 
1621076060020 [accx: 0.0 accy: 0.01] 
1621076060041 [accx: 0.01 accy: 0.02] 
1621076060061 [accx: 0.0 accy: 0.01] 
1621076060080 [accx: 0.0 accy: 0.01] 
1621076060100 [accx: 0.0 accy: 0.01] 
1621076060122 [accx: -0.0 accy: 0.01] 
1621076060140 [accx: 0.01 accy: 0.01] 
1621076060165 [accx: 0.0 accy: 0.01] 
1621076060182 [accx: 0.0 accy: 0.01] 
1621076060200 [accx: 0.0 accy: 0.01] 
1621076060221 [accx: 0.0 accy: 0.01] 
1621076060241 [accx: 0.01 accy: 0.01] 
1621076060260 [accx: -0.0 accy: 0.01] 
1621076060280 [accx: 0.0 accy: 0.01] 
1621076060300 [accx: 0.0 accy: 0.01] 
1621076060320 [accx: 0.01 accy: 0.02] 
1621076060341 [accx: 0.01 accy: 0.01] 
1621076060360 [accx: 0.0 accy: 0.02] 
1621076060390 [accx: 0.0 accy: 0.02] 
1621076060400 [accx: 0.0 accy: 0.02] 
1621076060420 [accx: 0.0 accy: 0.02] 
1621076060440 [accx: 0.0 accy: 0.01] 
1621076060460 [accx: 0.0 accy: 0.02] 
1621076060480 [accx: 0.0 accy: 0.01] 
1621076060500 [accx: 0.01 accy: 0.01] 
1621076060520 [accx: 0.01 accy: 0.01] 
1621076060540 [accx: 0.01 accy: 0.01] 
1621076060560 [accx: 0.0 accy: 0.01] 
1621076060580 [accx: 0.01 accy: 0.02] 
1621076060600 [accx: 0.01 accy: 0.02] 
1621076060620 [accx: 0.01 accy: 0.01] 
1621076060641 [accx: 0.01 accy: 0.02] 
1621076060660 [accx: 0.0 accy: 0.01] 
1621076060681 [accx: 0.0 accy: 0.01] 
1621076060707 [accx: -0.0 accy: 0.01] 
1621076060721 [accx: -0.0 accy: 0.02] 
1621076060740 [accx: -0.0 accy: 0.01] 
1621076060760 [accx: 0.0 accy: 0.01] 
1621076060780 [accx: 0.01 accy: 0.02] 
1621076060800 [accx: 0.0 accy: 0.02] 
1621076060821 [accx: 0.0 accy: 0.02] 
1621076060845 [accx: 0.01 accy: 0.02] 
1621076060863 [accx: 0.01 accy: 0.01] 
1621076060880 [accx: 0.01 accy: 0.01] 
1621076060901 [accx: 0.01 accy: 0.0] 
1621076060920 [accx: 0.01 accy: 0.01] 
1621076060941 [accx: 0.01 accy: 0.01] 
1621076060960 [accx: 0.0 accy: 0.02] 
1621076060981 [accx: 0.0 accy: 0.01] 
1621076061000 [accx: 0.0 accy: 0.01] 
1621076061021 [accx: 0.0 accy: 0.01] 
1621076061042 [accx: 0.0 accy: 0.01] 
1621076061063 [accx: -0.0 accy: 0.01] 
1621076061080 [accx: 0.0 accy: 0.01] 
1621076061101 [accx: 0.0 accy: 0.01] 
1621076061120 [accx: 0.0 accy: 0.0] 
1621076061143 [accx: 0.0 accy: 0.01] 
1621076061160 [accx: -0.0 accy: 0.01] 
1621076061183 [accx: 0.01 accy: 0.02] 
1621076061204 [accx: 0.01 accy: 0.01] 
1621076061220 [accx: 0.01 accy: 0.01] 
1621076061240 [accx: 0.01 accy: 0.01] 
1621076061260 [accx: 0.01 accy: 0.01] 
1621076061280 [accx: 0.01 accy: 0.02] 
1621076061300 [accx: 0.0 accy: 0.01] 
1621076061319 [accx: 0.0 accy: 0.01] 
1621076061340 [accx: 0.01 accy: 0.01] 
1621076061360 [accx: 0.01 accy: 0.02] 
1621076061380 [accx: 0.0 accy: 0.01] 
1621076061400 [accx: 0.0 accy: 0.01] 
1621076061420 [accx: 0.0 accy: 0.01] 
1621076061440 [accx: 0.0 accy: 0.01] 
1621076061461 [accx: 0.0 accy: 0.01] 
1621076061482 [accx: 0.0 accy: 0.01] 
1621076061500 [accx: 0.0 accy: 0.01] 
1621076061521 [accx: 0.01 accy: 0.01] 
1621076061541 [accx: 0.01 accy: 0.01] 
1621076061571 [accx: 0.01 accy: 0.01] 
1621076061582 [accx: 0.01 accy: 0.02] 
1621076061600 [accx: 0.01 accy: 0.01] 
1621076061628 [accx: 0.01 accy: 0.01] 
1621076061653 [Publish IMU fail] 
