1621260039327 [accx: 0.0 accy: -0.0] 
1621260039330 [accx: 0.0 accy: -0.0] 
1621260039334 [accx: -0.0 accy: -0.0] 
1621260039353 [accx: 0.0 accy: 0.0] 
1621260039380 [accx: -0.0 accy: 0.01] 
1621260039403 [accx: 0.0 accy: 0.0] 
1621260039418 [accx: 0.0 accy: 0.0] 
1621260039429 [accx: 0.01 accy: 0.0] 
1621260039448 [accx: 0.0 accy: 0.0] 
1621260039469 [accx: -0.0 accy: 0.0] 
1621260039489 [accx: 0.0 accy: -0.0] 
1621260039509 [accx: 0.01 accy: -0.0] 
1621260039529 [accx: 0.0 accy: -0.01] 
1621260039550 [accx: 0.01 accy: -0.0] 
1621260039569 [accx: 0.0 accy: -0.01] 
1621260039591 [accx: -0.0 accy: 0.0] 
1621260039609 [accx: 0.01 accy: -0.0] 
1621260039630 [accx: 0.0 accy: -0.0] 
1621260039649 [accx: 0.0 accy: -0.0] 
1621260039670 [accx: 0.0 accy: -0.0] 
1621260039689 [accx: 0.0 accy: -0.0] 
1621260039728 [accx: 0.0 accy: -0.0] 
1621260039733 [accx: 0.01 accy: 0.0] 
1621260039752 [accx: 0.0 accy: -0.0] 
1621260039775 [accx: 0.01 accy: 0.0] 
1621260039790 [accx: -0.0 accy: -0.0] 
1621260039828 [accx: -0.0 accy: -0.0] 
1621260039832 [accx: 0.0 accy: -0.0] 
1621260039849 [accx: -0.0 accy: -0.0] 
1621260039871 [accx: 0.0 accy: 0.0] 
1621260039891 [accx: 0.01 accy: -0.0] 
1621260039926 [accx: 0.01 accy: 0.0] 
1621260039930 [accx: 0.0 accy: -0.0] 
1621260039952 [accx: 0.0 accy: 0.0] 
1621260039970 [accx: -0.0 accy: 0.0] 
1621260039989 [accx: 0.0 accy: 0.0] 
1621260040019 [accx: 0.0 accy: 0.0] 
1621260040030 [accx: 0.0 accy: -0.0] 
1621260040051 [accx: 0.01 accy: 0.0] 
1621260040069 [accx: 0.0 accy: 0.0] 
1621260040095 [accx: 0.0 accy: -0.0] 
1621260040119 [accx: 0.01 accy: -0.0] 
1621260040132 [accx: 0.01 accy: 0.0] 
1621260040150 [accx: 0.0 accy: 0.0] 
1621260040169 [accx: 0.01 accy: 0.0] 
1621260040189 [accx: 0.01 accy: 0.0] 
1621260040209 [accx: 0.0 accy: 0.0] 
1621260040230 [accx: 0.0 accy: -0.0] 
1621260040249 [accx: 0.0 accy: -0.0] 
1621260040283 [accx: -0.0 accy: 0.0] 
1621260040289 [accx: 0.01 accy: -0.0] 
1621260040317 [accx: -0.0 accy: 0.0] 
1621260040330 [accx: -0.0 accy: -0.0] 
1621260040358 [accx: 0.01 accy: 0.0] 
1621260040371 [accx: 0.0 accy: 0.0] 
1621260040397 [accx: 0.01 accy: -0.0] 
1621260040416 [accx: 0.01 accy: 0.0] 
1621260040429 [accx: 0.0 accy: 0.0] 
1621260040457 [accx: 0.01 accy: 0.0] 
1621260040472 [accx: 0.01 accy: 0.01] 
1621260040489 [accx: 0.01 accy: 0.01] 
1621260040509 [accx: 0.01 accy: 0.01] 
1621260040531 [accx: 0.0 accy: 0.0] 
1621260040549 [accx: 0.0 accy: -0.0] 
1621260040571 [accx: 0.01 accy: -0.0] 
1621260040589 [accx: 0.01 accy: -0.0] 
1621260040618 [accx: 0.01 accy: -0.0] 
1621260040635 [accx: 0.0 accy: -0.0] 
1621260040650 [accx: 0.0 accy: -0.0] 
1621260040669 [accx: 0.01 accy: -0.01] 
1621260040689 [accx: 0.01 accy: -0.0] 
1621260040713 [accx: 0.0 accy: 0.0] 
1621260040729 [accx: 0.0 accy: -0.0] 
1621260040749 [accx: 0.01 accy: -0.0] 
1621260040769 [accx: 0.0 accy: -0.0] 
1621260040792 [accx: 0.01 accy: -0.01] 
1621260040809 [accx: 0.01 accy: -0.0] 
1621260040829 [accx: 0.01 accy: 0.0] 
1621260040849 [accx: 0.0 accy: -0.0] 
1621260040869 [accx: 0.0 accy: -0.0] 
1621260040892 [accx: 0.0 accy: -0.01] 
1621260040911 [accx: 0.01 accy: -0.0] 
1621260040930 [accx: 0.0 accy: 0.0] 
1621260040951 [accx: -0.0 accy: 0.0] 
1621260040971 [accx: -0.01 accy: 0.0] 
1621260040992 [accx: 0.0 accy: 0.0] 
1621260041014 [accx: -0.01 accy: -0.0] 
1621260041029 [accx: -0.0 accy: -0.0] 
1621260041049 [accx: -0.0 accy: -0.0] 
1621260041070 [accx: 0.0 accy: -0.0] 
1621260041093 [accx: 0.0 accy: -0.0] 
1621260041109 [accx: 0.0 accy: -0.0] 
1621260041129 [accx: 0.0 accy: -0.01] 
1621260041149 [accx: 0.01 accy: -0.0] 
1621260041170 [accx: 0.0 accy: -0.0] 
1621260041189 [accx: 0.0 accy: -0.0] 
1621260041213 [accx: 0.0 accy: -0.01] 
1621260041229 [accx: -0.0 accy: -0.0] 
1621260041264 [accx: -0.0 accy: -0.0] 
1621260041274 [accx: -0.0 accy: -0.0] 
1621260041289 [accx: -0.0 accy: 0.0] 
1621260041311 [accx: 0.0 accy: 0.0] 
1621260041333 [accx: -0.01 accy: -0.0] 
1621260041349 [accx: -0.0 accy: -0.0] 
1621260041371 [accx: 0.0 accy: 0.0] 
1621260041391 [accx: 0.0 accy: 0.01] 
1621260041409 [accx: 0.0 accy: 0.01] 
1621260041429 [accx: 0.0 accy: 0.0] 
1621260041449 [accx: -0.0 accy: -0.01] 
1621260041472 [accx: 0.0 accy: -0.01] 
1621260041489 [accx: -0.0 accy: -0.0] 
1621260041511 [accx: -0.0 accy: -0.0] 
1621260041529 [accx: -0.0 accy: -0.0] 
1621260041549 [accx: 0.01 accy: -0.01] 
1621260041569 [accx: 0.0 accy: -0.0] 
1621260041592 [accx: -0.0 accy: -0.0] 
1621260041612 [accx: 0.0 accy: -0.01] 
1621260041630 [accx: -0.0 accy: -0.01] 
1621260041649 [accx: 0.01 accy: -0.0] 
1621260041686 [accx: 0.0 accy: -0.0] 
1621260041695 [accx: 0.0 accy: -0.01] 
1621260041709 [accx: 0.01 accy: -0.01] 
1621260041729 [accx: 0.0 accy: -0.01] 
1621260041759 [accx: 0.0 accy: -0.0] 
1621260041769 [accx: 0.01 accy: -0.0] 
1621260041789 [accx: 0.0 accy: 0.0] 
1621260041809 [accx: 0.0 accy: 0.0] 
1621260041830 [accx: 0.0 accy: -0.0] 
1621260041854 [accx: 0.0 accy: -0.0] 
1621260041873 [accx: 0.0 accy: 0.0] 
1621260041893 [accx: 0.01 accy: 0.0] 
1621260041917 [accx: 0.0 accy: -0.0] 
1621260041929 [accx: 0.0 accy: -0.0] 
1621260041949 [accx: 0.01 accy: 0.0] 
1621260041973 [accx: -0.0 accy: -0.0] 
1621260041989 [accx: 0.0 accy: -0.0] 
1621260042012 [accx: 0.01 accy: 0.0] 
1621260042029 [accx: 0.0 accy: 0.0] 
1621260042049 [accx: 0.0 accy: 0.0] 
1621260042070 [accx: 0.01 accy: 0.0] 
1621260042089 [accx: 0.0 accy: 0.0] 
1621260042116 [accx: 0.01 accy: 0.0] 
1621260042129 [accx: 0.0 accy: -0.0] 
1621260042150 [accx: 0.0 accy: -0.01] 
1621260042173 [accx: 0.01 accy: -0.01] 
1621260042206 [accx: 0.0 accy: -0.01] 
1621260042219 [accx: 0.0 accy: -0.0] 
1621260042231 [accx: 0.0 accy: 0.0] 
1621260042254 [accx: -0.0 accy: 0.0] 
1621260042269 [accx: 0.0 accy: 0.01] 
1621260042289 [accx: 0.01 accy: 0.01] 
1621260042313 [accx: 0.01 accy: 0.0] 
1621260042329 [accx: 0.01 accy: 0.01] 
1621260042349 [accx: 0.01 accy: 0.0] 
1621260042369 [accx: 0.0 accy: -0.0] 
1621260042389 [accx: 0.0 accy: -0.0] 
1621260042409 [accx: 0.0 accy: -0.0] 
1621260042429 [accx: 0.0 accy: -0.0] 
1621260042449 [accx: 0.01 accy: -0.0] 
1621260042469 [accx: 0.0 accy: -0.0] 
1621260042494 [accx: -0.0 accy: -0.0] 
1621260042510 [accx: 0.01 accy: -0.0] 
1621260042529 [accx: 0.0 accy: -0.0] 
1621260042549 [accx: 0.01 accy: -0.0] 
1621260042570 [accx: 0.01 accy: 0.0] 
1621260042590 [accx: 0.0 accy: 0.0] 
1621260042609 [accx: 0.01 accy: 0.0] 
1621260042643 [accx: 0.01 accy: 0.0] 
1621260042653 [accx: 0.0 accy: -0.0] 
1621260042670 [accx: 0.01 accy: 0.0] 
1621260042701 [accx: 0.01 accy: 0.0] 
1621260042710 [accx: 0.0 accy: 0.0] 
1621260042730 [accx: -0.0 accy: 0.0] 
1621260042755 [accx: -0.01 accy: -0.0] 
1621260042776 [accx: 0.0 accy: -0.0] 
1621260042790 [accx: 0.0 accy: 0.0] 
1621260042811 [accx: 0.01 accy: 0.01] 
1621260042829 [accx: 0.01 accy: 0.0] 
1621260042849 [accx: 0.01 accy: 0.0] 
1621260042875 [accx: 0.0 accy: 0.01] 
1621260042889 [accx: 0.0 accy: 0.0] 
1621260042909 [accx: 0.01 accy: -0.0] 
1621260042930 [accx: 0.0 accy: -0.0] 
1621260042949 [accx: 0.01 accy: -0.0] 
1621260042969 [accx: 0.01 accy: -0.0] 
1621260042990 [accx: 0.0 accy: -0.01] 
1621260043009 [accx: 0.0 accy: -0.0] 
1621260043033 [accx: 0.0 accy: -0.0] 
1621260043049 [accx: 0.0 accy: 0.01] 
1621260043070 [accx: 0.0 accy: -0.0] 
1621260043097 [accx: 0.01 accy: 0.0] 
1621260043109 [accx: -0.0 accy: 0.0] 
1621260043130 [accx: 0.01 accy: 0.0] 
1621260043149 [accx: 0.0 accy: 0.0] 
1621260043169 [accx: 0.01 accy: -0.01] 
1621260043189 [accx: 0.01 accy: -0.0] 
1621260043209 [accx: 0.0 accy: -0.0] 
1621260043229 [accx: 0.0 accy: -0.01] 
1621260043249 [accx: 0.0 accy: -0.0] 
1621260043270 [accx: -0.0 accy: -0.0] 
1621260043296 [accx: 0.0 accy: 0.01] 
1621260043316 [accx: 0.0 accy: 0.0] 
1621260043330 [accx: 0.0 accy: -0.0] 
1621260043367 [accx: 0.01 accy: -0.0] 
1621260043373 [accx: 0.01 accy: -0.0] 
1621260043389 [accx: 0.0 accy: -0.0] 
1621260043409 [accx: 0.01 accy: -0.0] 
1621260043429 [accx: 0.01 accy: -0.0] 
1621260043452 [accx: 0.0 accy: -0.0] 
1621260043475 [accx: 0.01 accy: -0.01] 
1621260043489 [accx: 0.0 accy: 0.0] 
1621260043509 [accx: 0.0 accy: -0.0] 
1621260043529 [accx: 0.01 accy: -0.0] 
1621260043549 [accx: 0.01 accy: -0.0] 
1621260043569 [accx: 0.0 accy: -0.0] 
1621260043589 [accx: 0.01 accy: -0.0] 
1621260043609 [accx: 0.01 accy: -0.0] 
1621260043652 [accx: 0.01 accy: 0.0] 
1621260043657 [accx: 0.0 accy: 0.01] 
1621260043672 [accx: 0.0 accy: 0.0] 
1621260043694 [accx: -0.0 accy: 0.0] 
1621260043710 [accx: -0.01 accy: -0.0] 
1621260043732 [accx: -0.0 accy: 0.0] 
1621260043749 [accx: 0.01 accy: 0.0] 
1621260043774 [accx: 0.01 accy: -0.0] 
1621260043791 [accx: 0.01 accy: 0.0] 
1621260043811 [accx: 0.0 accy: -0.0] 
1621260043833 [accx: 0.0 accy: -0.0] 
1621260043849 [accx: 0.01 accy: 0.0] 
1621260043869 [accx: 0.0 accy: 0.01] 
1621260043889 [accx: 0.0 accy: -0.0] 
1621260043909 [accx: 0.0 accy: -0.0] 
1621260043930 [accx: 0.01 accy: -0.0] 
1621260043957 [accx: 0.0 accy: -0.0] 
1621260043970 [accx: 0.01 accy: -0.0] 
1621260043989 [accx: 0.0 accy: -0.0] 
1621260044009 [accx: 0.0 accy: 0.0] 
1621260044031 [accx: 0.0 accy: -0.0] 
1621260044049 [accx: 0.01 accy: 0.0] 
1621260044069 [accx: 0.0 accy: 0.0] 
1621260044091 [accx: 0.01 accy: -0.01] 
1621260044109 [accx: 0.0 accy: 0.0] 
1621260044129 [accx: -0.0 accy: -0.0] 
1621260044149 [accx: 0.0 accy: 0.0] 
1621260044169 [accx: 0.0 accy: -0.01] 
1621260044189 [accx: 0.0 accy: -0.01] 
1621260044211 [accx: 0.01 accy: -0.0] 
1621260044237 [accx: 0.01 accy: -0.0] 
1621260044253 [accx: 0.0 accy: -0.0] 
1621260044270 [accx: -0.0 accy: -0.0] 
1621260044293 [accx: 0.0 accy: -0.0] 
1621260044309 [accx: 0.01 accy: -0.0] 
1621260044328 [accx: 0.0 accy: -0.0] 
1621260044353 [accx: 0.0 accy: 0.0] 
1621260044370 [accx: 0.01 accy: 0.01] 
1621260044390 [accx: 0.01 accy: 0.0] 
1621260044412 [accx: 0.01 accy: -0.0] 
1621260044430 [accx: 0.01 accy: -0.0] 
1621260044453 [accx: 0.01 accy: -0.01] 
1621260044470 [accx: 0.01 accy: -0.0] 
1621260044489 [accx: 0.01 accy: 0.0] 
1621260044509 [accx: 0.01 accy: 0.0] 
1621260044529 [accx: 0.01 accy: 0.0] 
1621260044550 [accx: 0.0 accy: 0.01] 
1621260044569 [accx: 0.01 accy: -0.0] 
1621260044592 [accx: 0.01 accy: -0.0] 
1621260044609 [accx: 0.01 accy: -0.0] 
1621260044629 [accx: 0.01 accy: -0.0] 
1621260044649 [accx: 0.0 accy: -0.0] 
1621260044669 [accx: 0.01 accy: 0.0] 
1621260044690 [accx: 0.01 accy: -0.0] 
1621260044710 [accx: 0.01 accy: -0.01] 
1621260044734 [accx: 0.01 accy: -0.0] 
1621260044749 [accx: 0.01 accy: -0.01] 
1621260044770 [accx: 0.01 accy: -0.0] 
1621260044792 [accx: 0.01 accy: 0.0] 
1621260044823 [accx: 0.01 accy: 0.01] 
1621260044830 [accx: 0.01 accy: 0.0] 
1621260044849 [accx: 0.01 accy: -0.0] 
1621260044873 [accx: 0.01 accy: -0.0] 
1621260044889 [accx: 0.01 accy: 0.0] 
1621260044909 [accx: 0.0 accy: -0.0] 
1621260044939 [accx: 0.0 accy: 0.0] 
1621260044949 [accx: 0.01 accy: 0.0] 
1621260044974 [accx: 0.01 accy: -0.0] 
1621260044990 [accx: 0.01 accy: -0.0] 
1621260045009 [accx: 0.01 accy: 0.01] 
1621260045028 [accx: 0.01 accy: 0.0] 
1621260045052 [accx: 0.0 accy: 0.0] 
1621260045069 [accx: 0.0 accy: -0.0] 
1621260045089 [accx: -0.0 accy: -0.0] 
1621260045109 [accx: 0.01 accy: -0.0] 
1621260045130 [accx: 0.01 accy: 0.0] 
1621260045149 [accx: 0.0 accy: 0.0] 
1621260045170 [accx: 0.01 accy: -0.0] 
1621260045189 [accx: 0.01 accy: -0.0] 
1621260045211 [accx: 0.0 accy: -0.0] 
1621260045229 [accx: 0.0 accy: -0.0] 
1621260045253 [accx: 0.01 accy: -0.0] 
1621260045269 [accx: 0.01 accy: -0.0] 
1621260045297 [accx: 0.01 accy: -0.01] 
1621260045310 [accx: 0.0 accy: -0.01] 
1621260045332 [accx: 0.0 accy: -0.01] 
1621260045362 [accx: 0.01 accy: -0.0] 
1621260045391 [accx: -0.01 accy: 0.0] 
1621260045397 [accx: -0.0 accy: -0.0] 
1621260045409 [accx: 0.0 accy: 0.0] 
1621260045434 [accx: 0.0 accy: 0.0] 
1621260045449 [accx: 0.0 accy: 0.01] 
1621260045477 [accx: 0.0 accy: -0.0] 
1621260045500 [accx: 0.0 accy: 0.01] 
1621260045509 [accx: 0.0 accy: 0.01] 
1621260045529 [accx: 0.01 accy: 0.01] 
1621260045549 [accx: 0.01 accy: 0.0] 
1621260045569 [accx: -0.0 accy: -0.0] 
1621260045589 [accx: 0.0 accy: 0.0] 
1621260045615 [accx: 0.0 accy: 0.0] 
1621260045629 [accx: 0.0 accy: 0.0] 
1621260045649 [accx: 0.0 accy: -0.01] 
1621260045669 [accx: 0.01 accy: -0.01] 
1621260045689 [accx: 0.0 accy: -0.0] 
1621260045709 [accx: -0.01 accy: -0.0] 
1621260045729 [accx: -0.0 accy: 0.0] 
1621260045749 [accx: 0.0 accy: 0.0] 
1621260045769 [accx: 0.0 accy: -0.0] 
1621260045791 [accx: -0.0 accy: -0.0] 
1621260045821 [accx: 0.0 accy: -0.0] 
1621260045832 [accx: -0.0 accy: -0.01] 
1621260045849 [accx: -0.0 accy: -0.0] 
1621260045871 [accx: -0.0 accy: -0.0] 
1621260045889 [accx: -0.0 accy: -0.0] 
1621260045910 [accx: -0.0 accy: -0.0] 
1621260045929 [accx: 0.0 accy: -0.0] 
1621260045949 [accx: 0.0 accy: -0.0] 
1621260045969 [accx: 0.01 accy: -0.0] 
1621260045989 [accx: 0.01 accy: -0.0] 
1621260046009 [accx: 0.0 accy: -0.0] 
1621260046029 [accx: 0.01 accy: 0.0] 
1621260046050 [accx: 0.0 accy: 0.0] 
1621260046069 [accx: 0.0 accy: -0.0] 
1621260046093 [accx: 0.01 accy: -0.0] 
1621260046109 [accx: 0.0 accy: -0.0] 
1621260046129 [accx: 0.0 accy: 0.0] 
1621260046150 [accx: 0.0 accy: 0.0] 
1621260046176 [accx: -0.0 accy: 0.01] 
1621260046190 [accx: 0.0 accy: 0.0] 
1621260046213 [accx: 0.0 accy: 0.01] 
1621260046229 [accx: -0.01 accy: 0.0] 
1621260046249 [accx: 0.0 accy: 0.0] 
1621260046269 [accx: -0.0 accy: -0.0] 
1621260046289 [accx: -0.01 accy: -0.0] 
1621260046309 [accx: 0.0 accy: 0.0] 
1621260046329 [accx: 0.0 accy: -0.0] 
1621260046349 [accx: 0.0 accy: -0.0] 
1621260046369 [accx: 0.01 accy: 0.0] 
1621260046389 [accx: 0.01 accy: 0.0] 
1621260046420 [accx: 0.01 accy: 0.01] 
1621260046429 [accx: 0.0 accy: 0.01] 
1621260046452 [accx: 0.0 accy: -0.0] 
1621260046469 [accx: 0.01 accy: 0.0] 
1621260046492 [accx: 0.0 accy: 0.0] 
1621260046510 [accx: 0.0 accy: -0.0] 
1621260046529 [accx: 0.0 accy: -0.0] 
1621260046549 [accx: 0.0 accy: 0.0] 
1621260046569 [accx: 0.0 accy: 0.0] 
1621260046589 [accx: 0.01 accy: 0.0] 
1621260046611 [accx: 0.0 accy: -0.0] 
1621260046640 [accx: -0.0 accy: 0.0] 
1621260046659 [accx: 0.0 accy: 0.0] 
1621260046674 [accx: 0.0 accy: 0.0] 
1621260046690 [accx: 0.01 accy: -0.0] 
1621260046711 [accx: 0.01 accy: 0.0] 
1621260046732 [accx: 0.0 accy: 0.0] 
1621260046753 [accx: 0.0 accy: -0.0] 
1621260046793 [accx: 0.01 accy: 0.0] 
1621260046799 [accx: 0.0 accy: -0.0] 
1621260046812 [accx: 0.0 accy: -0.0] 
1621260046829 [accx: -0.0 accy: -0.01] 
1621260046849 [accx: 0.0 accy: 0.01] 
1621260046872 [accx: 0.0 accy: 0.0] 
1621260046889 [accx: 0.0 accy: 0.0] 
1621260046915 [accx: 0.01 accy: -0.0] 
1621260046932 [accx: 0.01 accy: 0.0] 
1621260046955 [accx: -0.0 accy: -0.0] 
1621260046972 [accx: 0.0 accy: 0.0] 
1621260046992 [accx: 0.0 accy: 0.01] 
1621260047009 [accx: 0.0 accy: 0.0] 
1621260047029 [accx: -0.01 accy: 0.01] 
1621260047049 [accx: -0.0 accy: 0.01] 
1621260047069 [accx: -0.0 accy: 0.0] 
1621260047089 [accx: 0.0 accy: 0.0] 
1621260047110 [accx: 0.0 accy: -0.0] 
1621260047129 [accx: 0.01 accy: 0.0] 
1621260047149 [accx: 0.01 accy: -0.0] 
1621260047170 [accx: 0.01 accy: -0.0] 
1621260047192 [accx: 0.0 accy: 0.0] 
1621260047211 [accx: -0.0 accy: 0.0] 
1621260047233 [accx: -0.0 accy: 0.01] 
1621260047252 [accx: -0.01 accy: 0.01] 
1621260047276 [accx: 0.0 accy: 0.0] 
1621260047290 [accx: -0.0 accy: -0.0] 
1621260047313 [accx: 0.0 accy: -0.0] 
1621260047333 [accx: 0.0 accy: 0.0] 
1621260047349 [accx: 0.0 accy: 0.0] 
1621260047378 [accx: 0.01 accy: 0.0] 
1621260047393 [accx: 0.01 accy: 0.0] 
1621260047409 [accx: 0.0 accy: 0.0] 
1621260047429 [accx: 0.0 accy: 0.0] 
1621260047451 [accx: 0.0 accy: 0.0] 
1621260047475 [accx: 0.0 accy: -0.0] 
1621260047494 [accx: 0.0 accy: -0.0] 
1621260047511 [accx: 0.01 accy: -0.0] 
1621260047532 [accx: 0.0 accy: -0.0] 
1621260047549 [accx: 0.01 accy: -0.0] 
1621260047568 [accx: 0.01 accy: -0.0] 
1621260047589 [accx: 0.0 accy: -0.0] 
1621260047609 [accx: 0.0 accy: -0.0] 
1621260047632 [accx: 0.01 accy: 0.0] 
1621260047659 [accx: 0.0 accy: 0.0] 
1621260047677 [accx: 0.01 accy: 0.0] 
1621260047689 [accx: 0.0 accy: -0.0] 
1621260047709 [accx: -0.0 accy: -0.0] 
1621260047729 [accx: 0.0 accy: 0.01] 
1621260047749 [accx: 0.0 accy: 0.0] 
1621260047769 [accx: 0.0 accy: 0.0] 
1621260047789 [accx: 0.01 accy: -0.0] 
1621260047809 [accx: 0.0 accy: -0.0] 
1621260047829 [accx: 0.01 accy: 0.0] 
1621260047856 [accx: 0.01 accy: -0.0] 
1621260047873 [accx: 0.0 accy: -0.0] 
1621260047889 [accx: 0.01 accy: -0.0] 
1621260047909 [accx: 0.0 accy: 0.0] 
1621260047929 [accx: 0.0 accy: 0.0] 
1621260047949 [accx: 0.01 accy: -0.0] 
1621260047969 [accx: 0.0 accy: -0.0] 
1621260047990 [accx: 0.01 accy: -0.0] 
1621260048009 [accx: 0.0 accy: -0.0] 
1621260048030 [accx: 0.0 accy: -0.0] 
1621260048050 [accx: 0.0 accy: 0.0] 
1621260048069 [accx: 0.0 accy: 0.01] 
1621260048088 [accx: 0.0 accy: 0.0] 
1621260048109 [accx: 0.0 accy: 0.0] 
1621260048129 [accx: 0.01 accy: 0.01] 
1621260048150 [accx: 0.01 accy: 0.0] 
1621260048171 [accx: 0.01 accy: 0.0] 
1621260048190 [accx: 0.0 accy: 0.0] 
1621260048209 [accx: 0.0 accy: -0.0] 
1621260048229 [accx: 0.0 accy: -0.0] 
1621260048251 [accx: -0.0 accy: 0.0] 
1621260048269 [accx: 0.0 accy: 0.0] 
1621260048289 [accx: 0.01 accy: 0.0] 
1621260048313 [accx: 0.0 accy: 0.01] 
1621260048359 [accx: 0.0 accy: -0.0] 
1621260048362 [accx: 0.01 accy: 0.0] 
1621260048379 [accx: 0.01 accy: 0.01] 
1621260048390 [accx: 0.0 accy: 0.01] 
1621260048415 [accx: 0.01 accy: 0.01] 
1621260048436 [accx: 0.01 accy: 0.0] 
1621260048449 [accx: 0.0 accy: 0.0] 
1621260048473 [accx: 0.01 accy: 0.0] 
1621260048490 [accx: 0.0 accy: 0.01] 
1621260048510 [accx: 0.0 accy: 0.0] 
1621260048529 [accx: 0.0 accy: 0.0] 
1621260048554 [accx: 0.0 accy: 0.0] 
1621260048571 [accx: 0.0 accy: 0.01] 
1621260048591 [accx: 0.01 accy: 0.0] 
1621260048612 [accx: 0.01 accy: 0.01] 
1621260048635 [accx: 0.01 accy: -0.0] 
1621260048651 [accx: 0.01 accy: -0.0] 
1621260048674 [accx: 0.01 accy: -0.0] 
1621260048689 [accx: 0.01 accy: -0.0] 
1621260048712 [accx: 0.0 accy: 0.0] 
1621260048730 [accx: 0.0 accy: 0.0] 
1621260048751 [accx: 0.01 accy: 0.01] 
1621260048770 [accx: 0.01 accy: 0.0] 
1621260048789 [accx: 0.0 accy: 0.01] 
1621260048810 [accx: 0.0 accy: 0.01] 
1621260048829 [accx: 0.0 accy: 0.01] 
1621260048849 [accx: 0.0 accy: 0.01] 
1621260048876 [accx: 0.01 accy: 0.01] 
1621260048889 [accx: 0.0 accy: 0.01] 
1621260048909 [accx: 0.0 accy: 0.0] 
1621260048930 [accx: 0.0 accy: 0.01] 
1621260048950 [accx: -0.01 accy: 0.0] 
1621260048978 [accx: 0.0 accy: 0.01] 
1621260048991 [accx: -0.0 accy: 0.01] 
1621260049010 [accx: -0.01 accy: -0.0] 
1621260049032 [accx: 0.0 accy: 0.0] 
1621260049060 [accx: -0.0 accy: 0.0] 
1621260049070 [accx: 0.0 accy: -0.0] 
1621260049089 [accx: 0.0 accy: 0.0] 
1621260049109 [accx: 0.0 accy: -0.0] 
1621260049129 [accx: 0.0 accy: -0.0] 
1621260049149 [accx: 0.0 accy: 0.0] 
1621260049173 [accx: -0.0 accy: 0.0] 
1621260049194 [accx: -0.0 accy: 0.0] 
1621260049209 [accx: -0.0 accy: 0.0] 
1621260049229 [accx: -0.0 accy: 0.0] 
1621260049250 [accx: 0.0 accy: 0.0] 
1621260049277 [accx: 0.0 accy: 0.01] 
1621260049289 [accx: -0.0 accy: 0.01] 
1621260049312 [accx: 0.0 accy: 0.01] 
1621260049335 [accx: 0.01 accy: 0.0] 
1621260049355 [accx: 0.0 accy: 0.0] 
1621260049374 [accx: 0.01 accy: 0.0] 
1621260049391 [accx: 0.01 accy: 0.01] 
1621260049411 [accx: 0.0 accy: -0.0] 
1621260049429 [accx: 0.01 accy: 0.0] 
1621260049451 [accx: 0.01 accy: 0.01] 
1621260049470 [accx: 0.01 accy: 0.01] 
1621260049489 [accx: 0.01 accy: 0.0] 
1621260049512 [accx: 0.0 accy: -0.0] 
1621260049551 [accx: 0.01 accy: -0.0] 
1621260049562 [accx: 0.0 accy: 0.0] 
1621260049570 [accx: -0.0 accy: -0.0] 
1621260049590 [accx: 0.0 accy: 0.0] 
1621260049616 [accx: 0.0 accy: 0.0] 
1621260049629 [accx: 0.01 accy: 0.01] 
1621260049634 [Read robot_status] 
1621260049651 [accx: 0.01 accy: 0.01] 
1621260049669 [accx: 0.01 accy: 0.01] 
1621260049689 [accx: 0.0 accy: 0.0] 
1621260049709 [accx: 0.0 accy: 0.0] 
1621260049729 [accx: 0.0 accy: 0.0] 
1621260049749 [accx: -0.0 accy: 0.0] 
1621260049769 [accx: 0.0 accy: 0.0] 
1621260049790 [accx: 0.0 accy: 0.0] 
1621260049809 [accx: 0.0 accy: -0.0] 
1621260049831 [accx: 0.01 accy: -0.0] 
1621260049853 [accx: 0.01 accy: -0.0] 
1621260049871 [accx: 0.0 accy: 0.0] 
1621260049889 [accx: 0.0 accy: 0.0] 
1621260049916 [accx: 0.0 accy: -0.0] 
1621260049929 [accx: 0.0 accy: 0.0] 
1621260049950 [accx: 0.01 accy: 0.0] 
1621260049977 [accx: 0.01 accy: 0.01] 
1621260050006 [accx: 0.01 accy: 0.0] 
1621260050010 [accx: 0.0 accy: -0.0] 
1621260050031 [accx: 0.0 accy: -0.0] 
1621260050049 [accx: 0.01 accy: 0.01] 
1621260050071 [accx: 0.01 accy: 0.01] 
1621260050106 [accx: 0.0 accy: 0.0] 
1621260050115 [accx: 0.01 accy: 0.0] 
1621260050130 [accx: 0.0 accy: 0.0] 
1621260050155 [accx: 0.0 accy: -0.0] 
1621260050171 [accx: 0.01 accy: 0.0] 
1621260050191 [accx: 0.01 accy: 0.0] 
1621260050209 [accx: 0.01 accy: 0.0] 
1621260050229 [accx: 0.01 accy: -0.0] 
1621260050248 [accx: 0.01 accy: -0.0] 
1621260050268 [accx: 0.01 accy: -0.01] 
1621260050289 [accx: 0.01 accy: -0.01] 
1621260050314 [accx: 0.0 accy: -0.0] 
1621260050329 [accx: 0.0 accy: -0.0] 
1621260050350 [accx: 0.0 accy: -0.0] 
1621260050398 [accx: 0.0 accy: -0.0] 
1621260050401 [accx: 0.0 accy: -0.01] 
1621260050411 [accx: 0.0 accy: -0.0] 
1621260050429 [accx: 0.0 accy: 0.0] 
1621260050450 [accx: 0.01 accy: 0.01] 
1621260050470 [accx: 0.0 accy: 0.01] 
1621260050496 [accx: 0.0 accy: 0.0] 
1621260050515 [accx: 0.0 accy: 0.0] 
1621260050532 [accx: 0.0 accy: -0.0] 
1621260050550 [accx: 0.0 accy: 0.0] 
1621260050583 [accx: 0.0 accy: 0.01] 
1621260050591 [accx: -0.0 accy: -0.0] 
1621260050611 [accx: 0.01 accy: 0.0] 
1621260050636 [accx: 0.01 accy: 0.0] 
1621260050650 [accx: 0.0 accy: 0.0] 
1621260050669 [accx: 0.01 accy: 0.0] 
1621260050692 [accx: 0.01 accy: 0.01] 
1621260050709 [accx: 0.01 accy: -0.0] 
1621260050740 [accx: 0.01 accy: -0.0] 
1621260050755 [accx: 0.01 accy: -0.01] 
1621260050770 [accx: 0.01 accy: -0.0] 
1621260050811 [accx: 0.01 accy: -0.0] 
1621260050815 [accx: 0.01 accy: -0.01] 
1621260050834 [accx: -0.0 accy: -0.0] 
1621260050853 [accx: 0.01 accy: 0.0] 
1621260050869 [accx: 0.01 accy: 0.0] 
1621260050890 [accx: 0.01 accy: 0.0] 
1621260050909 [accx: 0.01 accy: 0.0] 
1621260050931 [accx: 0.01 accy: 0.0] 
1621260050950 [accx: 0.01 accy: -0.0] 
1621260050971 [accx: 0.0 accy: 0.0] 
1621260050989 [accx: 0.0 accy: 0.01] 
1621260051009 [accx: 0.01 accy: 0.0] 
1621260051032 [accx: 0.01 accy: -0.0] 
1621260051075 [accx: 0.01 accy: -0.0] 
1621260051083 [accx: 0.01 accy: -0.0] 
1621260051094 [accx: 0.0 accy: -0.0] 
1621260051112 [accx: 0.0 accy: 0.0] 
1621260051136 [accx: 0.0 accy: 0.01] 
1621260051149 [accx: 0.01 accy: -0.0] 
1621260051169 [accx: 0.01 accy: -0.01] 
1621260051191 [accx: 0.01 accy: 0.0] 
1621260051215 [accx: 0.01 accy: 0.01] 
1621260051232 [accx: 0.01 accy: 0.01] 
1621260051251 [accx: 0.01 accy: 0.0] 
1621260051272 [accx: 0.01 accy: -0.0] 
1621260051305 [accx: -0.0 accy: -0.0] 
1621260051309 [accx: 0.01 accy: -0.0] 
1621260051334 [accx: 0.01 accy: -0.01] 
1621260051361 [accx: 0.01 accy: -0.0] 
1621260051371 [accx: 0.01 accy: -0.01] 
1621260051393 [accx: 0.0 accy: -0.01] 
1621260051423 [accx: 0.01 accy: -0.0] 
1621260051429 [accx: 0.01 accy: 0.0] 
1621260051449 [accx: 0.0 accy: 0.0] 
1621260051469 [accx: 0.0 accy: 0.0] 
1621260051489 [accx: 0.01 accy: 0.0] 
1621260051509 [accx: 0.01 accy: 0.0] 
1621260051529 [accx: 0.01 accy: -0.0] 
1621260051557 [accx: 0.01 accy: 0.01] 
1621260051569 [accx: 0.01 accy: 0.0] 
1621260051591 [accx: 0.01 accy: 0.0] 
1621260051617 [accx: 0.0 accy: 0.01] 
1621260051629 [accx: 0.0 accy: 0.01] 
1621260051670 [accx: 0.01 accy: 0.01] 
1621260051675 [accx: 0.0 accy: 0.0] 
1621260051692 [accx: 0.0 accy: -0.0] 
1621260051710 [accx: 0.01 accy: 0.0] 
1621260051729 [accx: 0.01 accy: 0.0] 
1621260051750 [accx: 0.01 accy: 0.01] 
1621260051773 [accx: 0.0 accy: 0.0] 
1621260051790 [accx: 0.01 accy: -0.0] 
1621260051810 [accx: 0.01 accy: 0.0] 
1621260051829 [accx: 0.01 accy: 0.0] 
1621260051858 [accx: 0.01 accy: 0.0] 
1621260051872 [accx: 0.01 accy: 0.0] 
1621260051889 [accx: 0.01 accy: 0.0] 
1621260051911 [accx: 0.0 accy: -0.0] 
1621260051932 [accx: 0.0 accy: -0.0] 
1621260051949 [accx: 0.01 accy: -0.0] 
1621260051969 [accx: 0.01 accy: 0.0] 
1621260051989 [accx: 0.01 accy: 0.0] 
1621260052010 [accx: 0.01 accy: -0.0] 
1621260052033 [accx: 0.01 accy: -0.0] 
1621260052049 [accx: 0.01 accy: -0.0] 
1621260052070 [accx: 0.0 accy: 0.0] 
1621260052092 [accx: 0.01 accy: 0.0] 
1621260052109 [accx: 0.01 accy: 0.0] 
1621260052139 [accx: 0.01 accy: 0.0] 
1621260052149 [accx: 0.01 accy: -0.0] 
1621260052171 [accx: 0.01 accy: 0.0] 
1621260052189 [accx: 0.0 accy: 0.0] 
1621260052210 [accx: -0.0 accy: 0.0] 
1621260052229 [accx: 0.01 accy: 0.0] 
1621260052254 [accx: 0.01 accy: 0.0] 
1621260052271 [accx: 0.01 accy: 0.01] 
1621260052298 [accx: 0.01 accy: -0.0] 
1621260052309 [accx: 0.0 accy: -0.0] 
1621260052334 [accx: 0.01 accy: 0.0] 
1621260052350 [accx: 0.0 accy: 0.0] 
1621260052371 [accx: 0.01 accy: 0.0] 
1621260052388 [accx: 0.01 accy: 0.0] 
1621260052412 [accx: 0.0 accy: 0.0] 
1621260052429 [accx: 0.0 accy: -0.0] 
1621260052450 [accx: 0.0 accy: 0.0] 
1621260052469 [accx: 0.0 accy: 0.0] 
1621260052489 [accx: 0.01 accy: 0.0] 
1621260052509 [accx: 0.01 accy: 0.0] 
1621260052529 [accx: 0.0 accy: -0.0] 
1621260052550 [accx: 0.0 accy: -0.0] 
1621260052569 [accx: 0.0 accy: 0.0] 
1621260052594 [accx: -0.0 accy: 0.0] 
1621260052611 [accx: 0.0 accy: -0.0] 
1621260052631 [accx: 0.0 accy: -0.0] 
1621260052651 [accx: 0.0 accy: 0.0] 
1621260052671 [accx: -0.0 accy: 0.0] 
1621260052689 [accx: -0.0 accy: 0.0] 
1621260052710 [accx: -0.0 accy: 0.0] 
1621260052734 [accx: -0.0 accy: 0.0] 
1621260052770 [accx: 0.0 accy: 0.0] 
1621260052773 [accx: 0.0 accy: -0.0] 
1621260052789 [accx: 0.0 accy: -0.0] 
1621260052815 [accx: 0.01 accy: -0.0] 
1621260052836 [accx: 0.0 accy: 0.0] 
1621260052860 [accx: 0.0 accy: 0.0] 
1621260052870 [accx: 0.0 accy: 0.01] 
1621260052894 [accx: 0.0 accy: 0.01] 
1621260052913 [accx: 0.0 accy: 0.01] 
1621260052935 [accx: -0.0 accy: 0.0] 
1621260052949 [accx: 0.0 accy: 0.0] 
1621260052972 [accx: 0.0 accy: 0.0] 
1621260052992 [accx: 0.0 accy: 0.0] 
1621260053009 [accx: 0.01 accy: -0.0] 
1621260053029 [accx: 0.01 accy: -0.0] 
1621260053050 [accx: 0.01 accy: -0.01] 
1621260053096 [accx: 0.01 accy: 0.0] 
1621260053102 [accx: 0.01 accy: -0.0] 
1621260053112 [accx: 0.01 accy: -0.0] 
1621260053132 [accx: 0.01 accy: -0.0] 
1621260053149 [accx: 0.01 accy: -0.0] 
1621260053169 [accx: 0.0 accy: 0.0] 
1621260053189 [accx: 0.01 accy: 0.0] 
1621260053210 [accx: 0.0 accy: 0.0] 
1621260053230 [accx: 0.01 accy: -0.0] 
1621260053252 [accx: 0.0 accy: 0.0] 
1621260053278 [accx: 0.01 accy: 0.0] 
1621260053289 [accx: 0.01 accy: 0.0] 
1621260053310 [accx: 0.01 accy: -0.0] 
1621260053330 [accx: 0.01 accy: -0.0] 
1621260053350 [accx: 0.01 accy: 0.0] 
1621260053373 [accx: 0.0 accy: -0.0] 
1621260053389 [accx: -0.0 accy: -0.01] 
1621260053409 [accx: 0.0 accy: -0.0] 
1621260053443 [accx: 0.0 accy: -0.0] 
1621260053456 [accx: 0.0 accy: -0.01] 
1621260053476 [accx: 0.01 accy: -0.01] 
1621260053494 [accx: 0.01 accy: -0.01] 
1621260053510 [accx: 0.0 accy: -0.01] 
1621260053531 [accx: 0.01 accy: 0.0] 
1621260053555 [accx: 0.01 accy: -0.0] 
1621260053570 [accx: 0.0 accy: 0.0] 
1621260053592 [accx: 0.0 accy: -0.0] 
1621260053609 [accx: 0.0 accy: 0.0] 
1621260053639 [accx: 0.01 accy: -0.0] 
1621260053650 [accx: 0.01 accy: -0.0] 
1621260053671 [accx: 0.01 accy: -0.0] 
1621260053691 [accx: 0.0 accy: 0.0] 
1621260053710 [accx: 0.01 accy: 0.0] 
1621260053729 [accx: 0.0 accy: -0.0] 
1621260053759 [accx: 0.0 accy: 0.0] 
1621260053769 [accx: 0.0 accy: 0.01] 
1621260053789 [accx: -0.0 accy: 0.0] 
1621260053809 [accx: 0.0 accy: 0.0] 
1621260053829 [accx: 0.0 accy: -0.0] 
1621260053852 [accx: 0.0 accy: 0.01] 
1621260053870 [accx: 0.0 accy: 0.01] 
1621260053889 [accx: 0.0 accy: 0.0] 
1621260053910 [accx: 0.0 accy: 0.0] 
1621260053930 [accx: 0.01 accy: 0.0] 
1621260053949 [accx: 0.0 accy: -0.0] 
1621260053968 [accx: 0.0 accy: 0.0] 
1621260053990 [accx: 0.01 accy: -0.0] 
1621260054009 [accx: 0.0 accy: -0.01] 
1621260054039 [accx: 0.0 accy: -0.01] 
1621260054054 [accx: 0.0 accy: -0.01] 
1621260054069 [accx: 0.01 accy: -0.01] 
1621260054089 [accx: 0.01 accy: 0.0] 
1621260054109 [accx: 0.0 accy: -0.0] 
1621260054131 [accx: -0.0 accy: -0.0] 
1621260054149 [accx: 0.01 accy: 0.0] 
1621260054173 [accx: 0.0 accy: 0.0] 
1621260054193 [accx: -0.0 accy: 0.0] 
1621260054209 [accx: 0.0 accy: -0.01] 
1621260054232 [accx: -0.0 accy: -0.01] 
1621260054249 [accx: 0.01 accy: -0.01] 
1621260054269 [accx: 0.01 accy: -0.0] 
1621260054293 [accx: 0.0 accy: -0.0] 
1621260054317 [accx: 0.0 accy: -0.0] 
1621260054331 [accx: 0.0 accy: -0.0] 
1621260054350 [accx: 0.0 accy: 0.0] 
1621260054375 [accx: 0.0 accy: 0.0] 
1621260054388 [accx: 0.0 accy: 0.0] 
1621260054411 [accx: 0.0 accy: 0.0] 
1621260054430 [accx: 0.01 accy: -0.0] 
1621260054461 [accx: 0.0 accy: 0.0] 
1621260054470 [accx: 0.0 accy: -0.0] 
1621260054490 [accx: 0.01 accy: -0.0] 
1621260054515 [accx: 0.01 accy: -0.0] 
1621260054532 [accx: 0.0 accy: 0.0] 
1621260054563 [accx: 0.0 accy: 0.0] 
1621260054570 [accx: 0.0 accy: 0.0] 
1621260054589 [accx: 0.0 accy: 0.0] 
1621260054612 [accx: 0.01 accy: 0.01] 
1621260054630 [accx: 0.01 accy: -0.0] 
1621260054651 [accx: 0.0 accy: -0.0] 
1621260054669 [accx: 0.01 accy: 0.0] 
1621260054689 [accx: 0.01 accy: -0.0] 
1621260054709 [accx: 0.0 accy: 0.0] 
1621260054747 [accx: 0.0 accy: 0.0] 
1621260054756 [accx: -0.0 accy: -0.0] 
1621260054771 [accx: 0.0 accy: 0.0] 
1621260054789 [accx: -0.0 accy: 0.01] 
1621260054819 [accx: 0.0 accy: 0.0] 
1621260054841 [accx: 0.01 accy: -0.0] 
1621260054849 [accx: 0.0 accy: -0.0] 
1621260054888 [accx: 0.0 accy: -0.0] 
1621260054892 [accx: 0.0 accy: -0.0] 
1621260054910 [accx: 0.01 accy: -0.0] 
1621260054931 [accx: 0.01 accy: -0.0] 
1621260054963 [accx: 0.01 accy: -0.0] 
1621260054970 [accx: -0.0 accy: -0.0] 
1621260054989 [accx: 0.0 accy: -0.0] 
1621260055009 [accx: 0.0 accy: 0.0] 
1621260055029 [accx: 0.0 accy: 0.0] 
1621260055049 [accx: -0.0 accy: 0.01] 
1621260055069 [accx: 0.0 accy: 0.01] 
1621260055089 [accx: 0.01 accy: 0.0] 
1621260055110 [accx: 0.0 accy: 0.0] 
1621260055129 [accx: 0.0 accy: 0.0] 
1621260055156 [accx: 0.0 accy: 0.0] 
1621260055170 [accx: 0.01 accy: 0.0] 
1621260055190 [accx: 0.01 accy: -0.0] 
1621260055209 [accx: 0.01 accy: 0.0] 
1621260055230 [accx: 0.01 accy: 0.0] 
1621260055249 [accx: 0.01 accy: 0.0] 
1621260055270 [accx: 0.01 accy: 0.0] 
1621260055297 [accx: 0.01 accy: -0.0] 
1621260055309 [accx: 0.01 accy: 0.0] 
1621260055331 [accx: 0.01 accy: 0.01] 
1621260055349 [accx: 0.01 accy: 0.0] 
1621260055375 [accx: 0.01 accy: 0.0] 
1621260055391 [accx: 0.0 accy: -0.0] 
1621260055409 [accx: 0.0 accy: -0.0] 
1621260055430 [accx: 0.0 accy: 0.0] 
1621260055449 [accx: 0.01 accy: -0.0] 
1621260055470 [accx: 0.0 accy: -0.0] 
1621260055492 [accx: 0.0 accy: -0.0] 
1621260055509 [accx: 0.0 accy: 0.0] 
1621260055529 [accx: -0.0 accy: -0.0] 
1621260055550 [accx: -0.0 accy: 0.0] 
1621260055569 [accx: -0.0 accy: -0.0] 
1621260055589 [accx: 0.0 accy: -0.0] 
1621260055609 [accx: 0.0 accy: 0.01] 
1621260055629 [accx: 0.01 accy: 0.0] 
1621260055649 [accx: 0.0 accy: -0.0] 
1621260055673 [accx: 0.01 accy: -0.0] 
1621260055691 [accx: 0.01 accy: 0.0] 
1621260055710 [accx: 0.01 accy: 0.0] 
1621260055729 [accx: 0.01 accy: 0.0] 
1621260055753 [accx: 0.01 accy: 0.0] 
1621260055772 [accx: 0.01 accy: -0.0] 
1621260055789 [accx: 0.01 accy: 0.0] 
1621260055811 [accx: 0.01 accy: 0.0] 
1621260055829 [accx: 0.01 accy: 0.01] 
1621260055850 [accx: 0.01 accy: 0.01] 
1621260055870 [accx: 0.01 accy: 0.01] 
1621260055889 [accx: 0.01 accy: 0.01] 
1621260055911 [accx: 0.0 accy: 0.01] 
1621260055929 [accx: 0.01 accy: 0.0] 
1621260055952 [accx: 0.01 accy: 0.0] 
1621260055976 [accx: 0.0 accy: 0.0] 
1621260055990 [accx: 0.0 accy: 0.0] 
1621260056009 [accx: -0.0 accy: 0.0] 
1621260056031 [accx: 0.01 accy: -0.0] 
1621260056049 [accx: 0.0 accy: -0.0] 
1621260056069 [accx: 0.01 accy: -0.0] 
1621260056089 [accx: 0.0 accy: 0.0] 
1621260056109 [accx: 0.0 accy: -0.0] 
1621260056129 [accx: 0.0 accy: 0.0] 
1621260056151 [accx: 0.01 accy: 0.01] 
1621260056171 [accx: 0.01 accy: 0.01] 
1621260056191 [accx: 0.01 accy: 0.01] 
1621260056217 [accx: 0.0 accy: 0.0] 
1621260056230 [accx: 0.0 accy: 0.01] 
1621260056268 [accx: 0.0 accy: 0.01] 
1621260056270 [accx: 0.0 accy: 0.01] 
1621260056294 [accx: 0.0 accy: 0.01] 
1621260056311 [accx: 0.01 accy: -0.0] 
1621260056329 [accx: -0.0 accy: -0.0] 
1621260056352 [accx: 0.0 accy: 0.0] 
1621260056378 [accx: 0.01 accy: 0.0] 
1621260056391 [accx: 0.01 accy: 0.01] 
1621260056422 [accx: 0.01 accy: 0.01] 
1621260056431 [accx: 0.01 accy: 0.0] 
1621260056450 [accx: 0.01 accy: -0.0] 
1621260056469 [accx: 0.01 accy: -0.0] 
1621260056489 [accx: 0.01 accy: 0.0] 
1621260056510 [accx: 0.01 accy: -0.0] 
1621260056529 [accx: 0.01 accy: -0.0] 
1621260056549 [accx: -0.0 accy: -0.0] 
1621260056571 [accx: -0.0 accy: 0.0] 
1621260056591 [accx: 0.01 accy: 0.01] 
1621260056609 [accx: 0.01 accy: 0.01] 
1621260056630 [accx: 0.0 accy: -0.0] 
1621260056649 [accx: 0.01 accy: 0.0] 
1621260056672 [accx: 0.0 accy: 0.0] 
1621260056690 [accx: 0.01 accy: 0.0] 
1621260056711 [accx: 0.01 accy: 0.01] 
1621260056729 [accx: 0.01 accy: 0.0] 
1621260056749 [accx: 0.01 accy: 0.0] 
1621260056769 [accx: 0.0 accy: 0.0] 
1621260056790 [accx: -0.0 accy: -0.01] 
1621260056809 [accx: -0.0 accy: -0.01] 
1621260056831 [accx: 0.01 accy: -0.01] 
1621260056849 [accx: 0.01 accy: -0.0] 
1621260056870 [accx: 0.01 accy: 0.0] 
1621260056890 [accx: 0.01 accy: 0.0] 
1621260056913 [accx: 0.0 accy: -0.01] 
1621260056930 [accx: 0.0 accy: -0.0] 
1621260056957 [accx: 0.0 accy: 0.0] 
1621260056969 [accx: -0.0 accy: -0.0] 
1621260056991 [accx: 0.0 accy: 0.0] 
1621260057010 [accx: -0.0 accy: 0.0] 
1621260057031 [accx: 0.0 accy: -0.0] 
1621260057049 [accx: 0.0 accy: -0.0] 
1621260057069 [accx: 0.0 accy: -0.0] 
1621260057098 [accx: 0.01 accy: 0.0] 
1621260057110 [accx: 0.01 accy: -0.0] 
1621260057139 [accx: -0.0 accy: 0.0] 
1621260057148 [accx: 0.01 accy: 0.0] 
1621260057169 [accx: 0.01 accy: 0.0] 
1621260057192 [accx: 0.0 accy: 0.0] 
1621260057209 [accx: 0.01 accy: 0.0] 
1621260057229 [accx: 0.01 accy: 0.0] 
1621260057250 [accx: 0.0 accy: 0.0] 
1621260057269 [accx: 0.0 accy: -0.0] 
1621260057289 [accx: 0.01 accy: -0.0] 
1621260057314 [accx: 0.0 accy: 0.0] 
1621260057331 [accx: 0.01 accy: 0.0] 
1621260057353 [accx: 0.01 accy: 0.0] 
1621260057371 [accx: 0.01 accy: 0.0] 
1621260057390 [accx: 0.01 accy: 0.01] 
1621260057413 [accx: 0.01 accy: 0.01] 
1621260057433 [accx: 0.01 accy: 0.0] 
1621260057450 [accx: 0.02 accy: 0.01] 
1621260057470 [accx: 0.01 accy: -0.0] 
1621260057489 [accx: 0.01 accy: 0.0] 
1621260057510 [accx: 0.0 accy: -0.0] 
1621260057532 [accx: 0.01 accy: -0.0] 
1621260057550 [accx: 0.01 accy: -0.0] 
1621260057569 [accx: 0.01 accy: 0.0] 
1621260057589 [accx: 0.0 accy: 0.0] 
1621260057616 [accx: 0.0 accy: 0.0] 
1621260057629 [accx: -0.0 accy: 0.0] 
1621260057649 [accx: 0.0 accy: 0.0] 
1621260057669 [accx: -0.0 accy: -0.0] 
1621260057689 [accx: 0.0 accy: 0.0] 
1621260057709 [accx: -0.0 accy: -0.0] 
1621260057729 [accx: 0.01 accy: 0.0] 
1621260057750 [accx: 0.01 accy: 0.0] 
1621260057770 [accx: 0.0 accy: 0.0] 
1621260057795 [accx: 0.0 accy: -0.01] 
1621260057809 [accx: 0.0 accy: -0.0] 
1621260057830 [accx: 0.0 accy: -0.01] 
1621260057850 [accx: 0.01 accy: -0.0] 
1621260057870 [accx: 0.01 accy: -0.0] 
1621260057894 [accx: 0.01 accy: 0.0] 
1621260057915 [accx: 0.01 accy: 0.01] 
1621260057930 [accx: 0.0 accy: 0.0] 
1621260057952 [accx: 0.01 accy: 0.0] 
1621260057973 [accx: 0.01 accy: 0.0] 
1621260057989 [accx: 0.01 accy: 0.0] 
1621260058009 [accx: 0.01 accy: 0.0] 
1621260058030 [accx: 0.01 accy: 0.0] 
1621260058049 [accx: 0.01 accy: 0.0] 
1621260058076 [accx: 0.01 accy: 0.0] 
1621260058093 [accx: 0.0 accy: 0.0] 
1621260058113 [accx: -0.0 accy: -0.0] 
1621260058137 [accx: 0.0 accy: 0.0] 
1621260058149 [accx: 0.0 accy: 0.0] 
1621260058171 [accx: 0.0 accy: -0.0] 
1621260058193 [accx: 0.01 accy: -0.0] 
1621260058209 [accx: 0.01 accy: 0.0] 
1621260058229 [accx: 0.0 accy: -0.0] 
1621260058249 [accx: 0.01 accy: -0.0] 
1621260058269 [accx: 0.01 accy: 0.0] 
1621260058289 [accx: 0.01 accy: -0.0] 
1621260058310 [accx: 0.0 accy: 0.0] 
1621260058329 [accx: 0.0 accy: -0.0] 
1621260058356 [accx: 0.0 accy: 0.0] 
1621260058374 [accx: 0.01 accy: 0.0] 
1621260058391 [accx: 0.01 accy: -0.0] 
1621260058418 [accx: 0.01 accy: 0.0] 
1621260058430 [accx: 0.01 accy: 0.0] 
1621260058449 [accx: 0.0 accy: 0.01] 
1621260058471 [accx: 0.0 accy: 0.01] 
1621260058503 [accx: 0.0 accy: 0.0] 
1621260058510 [accx: 0.0 accy: -0.0] 
1621260058532 [accx: 0.0 accy: -0.0] 
1621260058555 [accx: 0.0 accy: -0.0] 
1621260058569 [accx: 0.01 accy: 0.0] 
1621260058589 [accx: 0.01 accy: 0.0] 
1621260058618 [accx: 0.0 accy: 0.0] 
1621260058629 [accx: 0.0 accy: -0.0] 
1621260058652 [accx: 0.01 accy: -0.0] 
1621260058675 [accx: -0.0 accy: -0.0] 
1621260058691 [accx: 0.0 accy: 0.0] 
1621260058713 [accx: 0.0 accy: -0.0] 
1621260058730 [accx: -0.0 accy: -0.0] 
1621260058766 [accx: 0.0 accy: -0.0] 
1621260058770 [accx: 0.01 accy: -0.0] 
1621260058790 [accx: -0.0 accy: 0.0] 
1621260058809 [accx: 0.01 accy: 0.0] 
1621260058833 [accx: 0.01 accy: 0.0] 
1621260058854 [accx: 0.0 accy: 0.0] 
1621260058878 [accx: 0.01 accy: 0.0] 
1621260058889 [accx: 0.01 accy: -0.0] 
1621260058909 [accx: 0.01 accy: 0.01] 
1621260058941 [accx: 0.01 accy: 0.01] 
1621260058950 [accx: 0.01 accy: -0.0] 
1621260058969 [accx: 0.01 accy: -0.0] 
1621260058989 [accx: 0.01 accy: -0.0] 
1621260059009 [accx: 0.0 accy: -0.0] 
1621260059029 [accx: 0.01 accy: 0.0] 
1621260059050 [accx: 0.01 accy: 0.01] 
1621260059077 [accx: 0.0 accy: 0.0] 
1621260059089 [accx: 0.01 accy: 0.01] 
1621260059109 [accx: 0.01 accy: 0.0] 
1621260059138 [accx: -0.0 accy: 0.0] 
1621260059153 [accx: 0.0 accy: 0.0] 
1621260059172 [accx: 0.0 accy: 0.0] 
1621260059193 [accx: 0.0 accy: 0.01] 
1621260059219 [accx: 0.0 accy: 0.0] 
1621260059233 [accx: 0.0 accy: 0.0] 
1621260059249 [accx: 0.0 accy: 0.0] 
1621260059270 [accx: 0.0 accy: 0.0] 
1621260059289 [accx: 0.01 accy: -0.0] 
1621260059309 [accx: 0.01 accy: 0.0] 
1621260059337 [accx: 0.01 accy: 0.0] 
1621260059350 [accx: 0.0 accy: 0.0] 
1621260059369 [accx: 0.0 accy: 0.0] 
1621260059394 [accx: 0.0 accy: 0.0] 
1621260059409 [accx: 0.0 accy: 0.0] 
1621260059431 [accx: 0.01 accy: -0.0] 
1621260059449 [accx: 0.01 accy: -0.01] 
1621260059471 [accx: 0.0 accy: 0.0] 
1621260059489 [accx: 0.01 accy: 0.01] 
1621260059509 [accx: 0.01 accy: 0.0] 
1621260059529 [accx: 0.01 accy: 0.0] 
1621260059549 [accx: 0.01 accy: -0.0] 
1621260059570 [accx: 0.01 accy: -0.0] 
1621260059589 [accx: 0.0 accy: -0.0] 
1621260059609 [accx: 0.0 accy: 0.0] 
1621260059632 [accx: 0.01 accy: -0.0] 
1621260059663 [accx: 0.01 accy: 0.0] 
1621260059670 [accx: 0.01 accy: 0.0] 
1621260059689 [accx: 0.01 accy: 0.0] 
1621260059712 [accx: 0.01 accy: 0.0] 
1621260059728 [accx: 0.01 accy: 0.0] 
1621260059753 [accx: 0.01 accy: 0.0] 
1621260059769 [accx: 0.01 accy: -0.01] 
1621260059790 [accx: 0.01 accy: -0.0] 
1621260059810 [accx: 0.01 accy: -0.0] 
1621260059830 [accx: 0.01 accy: 0.01] 
1621260059851 [accx: 0.01 accy: 0.0] 
1621260059870 [accx: 0.01 accy: 0.0] 
1621260059891 [accx: 0.01 accy: 0.01] 
1621260059909 [accx: 0.01 accy: 0.0] 
1621260059930 [accx: 0.0 accy: 0.01] 
1621260059950 [accx: 0.0 accy: -0.0] 
1621260059971 [accx: -0.0 accy: -0.0] 
1621260059990 [accx: 0.0 accy: -0.0] 
1621260060011 [accx: 0.0 accy: 0.0] 
1621260060029 [accx: -0.0 accy: 0.0] 
1621260060049 [accx: 0.01 accy: 0.0] 
1621260060068 [accx: 0.01 accy: -0.0] 
1621260060092 [accx: 0.0 accy: 0.0] 
1621260060111 [accx: 0.01 accy: -0.0] 
1621260060129 [accx: 0.01 accy: 0.0] 
1621260060149 [accx: 0.01 accy: 0.0] 
1621260060169 [accx: 0.01 accy: 0.0] 
1621260060192 [accx: 0.01 accy: 0.0] 
1621260060211 [accx: 0.0 accy: 0.01] 
1621260060229 [accx: 0.01 accy: 0.0] 
1621260060250 [accx: 0.01 accy: 0.0] 
1621260060268 [accx: 0.0 accy: -0.0] 
1621260060289 [accx: -0.0 accy: 0.0] 
1621260060312 [accx: -0.0 accy: 0.0] 
1621260060331 [accx: 0.0 accy: -0.0] 
1621260060349 [accx: 0.01 accy: 0.0] 
1621260060371 [accx: 0.0 accy: 0.0] 
1621260060390 [accx: -0.0 accy: 0.0] 
1621260060413 [accx: 0.01 accy: 0.0] 
1621260060436 [accx: 0.01 accy: -0.0] 
1621260060449 [accx: 0.01 accy: -0.0] 
1621260060469 [accx: 0.01 accy: -0.0] 
1621260060489 [accx: 0.01 accy: -0.0] 
1621260060512 [accx: 0.01 accy: -0.0] 
1621260060539 [accx: 0.01 accy: 0.0] 
1621260060549 [accx: 0.0 accy: 0.01] 
1621260060569 [accx: 0.01 accy: 0.01] 
1621260060590 [accx: 0.01 accy: 0.01] 
1621260060612 [accx: 0.01 accy: 0.0] 
1621260060629 [accx: 0.01 accy: 0.0] 
1621260060649 [accx: 0.0 accy: -0.0] 
1621260060676 [accx: -0.0 accy: -0.0] 
1621260060692 [accx: -0.0 accy: 0.0] 
1621260060711 [accx: -0.0 accy: 0.0] 
1621260060729 [accx: -0.0 accy: 0.01] 
1621260060749 [accx: 0.0 accy: 0.01] 
1621260060769 [accx: 0.0 accy: -0.0] 
1621260060789 [accx: 0.01 accy: 0.0] 
1621260060809 [accx: 0.0 accy: -0.0] 
1621260060829 [accx: 0.01 accy: 0.0] 
1621260060849 [accx: 0.01 accy: 0.0] 
1621260060875 [accx: 0.0 accy: 0.01] 
1621260060889 [accx: -0.0 accy: 0.0] 
1621260060918 [accx: 0.01 accy: 0.0] 
1621260060929 [accx: 0.0 accy: 0.01] 
1621260060958 [accx: 0.0 accy: 0.0] 
1621260060969 [accx: 0.01 accy: -0.0] 
1621260060989 [accx: 0.01 accy: 0.0] 
1621260061009 [accx: 0.0 accy: 0.0] 
1621260061029 [accx: -0.0 accy: 0.0] 
1621260061049 [accx: -0.0 accy: -0.0] 
1621260061069 [accx: -0.0 accy: 0.0] 
1621260061089 [accx: -0.0 accy: 0.0] 
1621260061109 [accx: -0.0 accy: 0.0] 
1621260061132 [accx: -0.0 accy: 0.0] 
1621260061153 [accx: -0.0 accy: 0.01] 
1621260061169 [accx: 0.01 accy: 0.01] 
1621260061190 [accx: 0.0 accy: 0.01] 
1621260061210 [accx: 0.01 accy: 0.0] 
1621260061229 [accx: 0.0 accy: -0.0] 
1621260061250 [accx: 0.01 accy: 0.0] 
1621260061269 [accx: 0.0 accy: 0.0] 
1621260061295 [accx: 0.0 accy: 0.0] 
1621260061309 [accx: 0.0 accy: -0.0] 
1621260061329 [accx: -0.0 accy: -0.0] 
1621260061349 [accx: 0.0 accy: 0.0] 
1621260061369 [accx: 0.0 accy: 0.0] 
1621260061389 [accx: 0.0 accy: 0.0] 
1621260061409 [accx: 0.0 accy: -0.0] 
1621260061429 [accx: 0.01 accy: -0.0] 
1621260061449 [accx: 0.0 accy: -0.0] 
1621260061471 [accx: 0.0 accy: 0.0] 
1621260061491 [accx: 0.01 accy: 0.0] 
1621260061509 [accx: 0.01 accy: -0.0] 
1621260061529 [accx: 0.01 accy: 0.0] 
1621260061549 [accx: 0.0 accy: -0.0] 
1621260061569 [accx: -0.0 accy: 0.0] 
1621260061589 [accx: 0.01 accy: 0.0] 
1621260061609 [accx: 0.01 accy: -0.0] 
1621260061629 [accx: 0.01 accy: -0.0] 
1621260061649 [accx: 0.01 accy: 0.0] 
1621260061669 [accx: -0.0 accy: 0.0] 
1621260061690 [accx: -0.0 accy: -0.0] 
1621260061712 [accx: 0.0 accy: -0.0] 
1621260061731 [accx: 0.0 accy: -0.0] 
1621260061749 [accx: 0.0 accy: -0.0] 
1621260061772 [accx: 0.0 accy: -0.0] 
1621260061790 [accx: 0.0 accy: -0.0] 
1621260061809 [accx: 0.01 accy: 0.0] 
1621260061830 [accx: 0.01 accy: 0.0] 
1621260061849 [accx: 0.0 accy: -0.0] 
1621260061869 [accx: 0.01 accy: -0.01] 
1621260061890 [accx: 0.01 accy: -0.0] 
1621260061909 [accx: 0.01 accy: 0.0] 
1621260061930 [accx: 0.01 accy: 0.0] 
1621260061953 [accx: 0.01 accy: 0.01] 
1621260061969 [accx: 0.01 accy: 0.0] 
1621260061991 [accx: 0.01 accy: 0.0] 
1621260062014 [accx: 0.01 accy: -0.01] 
1621260062029 [accx: 0.0 accy: -0.0] 
1621260062050 [accx: 0.01 accy: 0.0] 
1621260062071 [accx: 0.01 accy: 0.01] 
1621260062089 [accx: 0.0 accy: 0.01] 
1621260062111 [accx: 0.0 accy: 0.0] 
1621260062133 [accx: -0.0 accy: 0.01] 
1621260062152 [accx: -0.0 accy: 0.01] 
1621260062172 [accx: 0.01 accy: 0.01] 
1621260062189 [accx: 0.0 accy: 0.0] 
1621260062211 [accx: 0.01 accy: 0.01] 
1621260062229 [accx: 0.01 accy: 0.01] 
1621260062249 [accx: -0.0 accy: 0.01] 
1621260062269 [accx: 0.0 accy: 0.0] 
1621260062289 [accx: 0.01 accy: 0.0] 
1621260062309 [accx: 0.01 accy: 0.0] 
1621260062328 [accx: 0.01 accy: -0.0] 
1621260062349 [accx: 0.01 accy: -0.0] 
1621260062373 [accx: 0.0 accy: -0.0] 
1621260062390 [accx: 0.01 accy: 0.0] 
1621260062410 [accx: -0.0 accy: 0.0] 
1621260062435 [accx: 0.01 accy: -0.0] 
1621260062455 [accx: 0.01 accy: -0.0] 
1621260062469 [accx: 0.01 accy: 0.0] 
1621260062489 [accx: -0.0 accy: -0.0] 
1621260062509 [accx: 0.0 accy: 0.0] 
1621260062529 [accx: -0.0 accy: -0.0] 
1621260062549 [accx: 0.0 accy: -0.01] 
1621260062575 [accx: 0.0 accy: -0.0] 
1621260062590 [accx: 0.0 accy: -0.0] 
1621260062611 [accx: 0.0 accy: 0.0] 
1621260062629 [accx: 0.01 accy: 0.0] 
1621260062649 [accx: 0.0 accy: -0.0] 
1621260062678 [accx: -0.0 accy: -0.01] 
1621260062689 [accx: 0.0 accy: 0.0] 
1621260062709 [accx: -0.01 accy: -0.0] 
1621260062729 [accx: 0.0 accy: 0.0] 
1621260062749 [accx: 0.0 accy: 0.01] 
1621260062769 [accx: 0.0 accy: 0.0] 
1621260062789 [accx: 0.01 accy: 0.01] 
1621260062809 [accx: 0.01 accy: -0.0] 
1621260062833 [accx: 0.01 accy: 0.0] 
1621260062849 [accx: 0.01 accy: 0.0] 
1621260062903 [accx: 0.01 accy: 0.0] 
1621260062907 [accx: 0.01 accy: 0.0] 
1621260062911 [accx: 0.01 accy: 0.0] 
1621260062940 [accx: 0.01 accy: 0.0] 
1621260062954 [accx: 0.01 accy: 0.01] 
1621260062970 [accx: 0.01 accy: 0.01] 
1621260062991 [accx: 0.01 accy: 0.01] 
1621260063009 [accx: 0.01 accy: 0.0] 
1621260063033 [accx: 0.0 accy: 0.01] 
1621260063050 [accx: 0.0 accy: 0.0] 
1621260063069 [accx: 0.0 accy: 0.0] 
1621260063092 [accx: -0.0 accy: -0.0] 
1621260063109 [accx: 0.0 accy: 0.0] 
1621260063130 [accx: -0.0 accy: -0.0] 
1621260063169 [accx: 0.0 accy: -0.0] 
1621260063175 [accx: -0.0 accy: 0.0] 
1621260063191 [accx: 0.0 accy: 0.01] 
1621260063210 [accx: 0.0 accy: 0.0] 
1621260063230 [accx: 0.01 accy: 0.01] 
1621260063249 [accx: 0.01 accy: 0.0] 
1621260063288 [accx: 0.0 accy: -0.0] 
1621260063301 [accx: 0.0 accy: -0.0] 
1621260063311 [accx: -0.0 accy: 0.0] 
1621260063330 [accx: -0.0 accy: 0.0] 
1621260063349 [accx: -0.0 accy: 0.0] 
1621260063371 [accx: -0.0 accy: 0.01] 
1621260063389 [accx: -0.0 accy: 0.01] 
1621260063409 [accx: 0.0 accy: 0.0] 
1621260063430 [accx: 0.0 accy: 0.0] 
1621260063449 [accx: 0.0 accy: -0.0] 
1621260063473 [accx: 0.0 accy: 0.0] 
1621260063489 [accx: 0.0 accy: 0.0] 
1621260063509 [accx: 0.0 accy: 0.0] 
1621260063533 [accx: 0.01 accy: -0.0] 
1621260063549 [accx: 0.01 accy: -0.0] 
1621260063573 [accx: 0.0 accy: 0.0] 
1621260063589 [accx: 0.01 accy: 0.01] 
1621260063613 [accx: 0.0 accy: 0.0] 
1621260063638 [accx: 0.01 accy: 0.0] 
1621260063650 [accx: 0.02 accy: 0.0] 
1621260063670 [accx: 0.0 accy: -0.0] 
1621260063689 [accx: 0.01 accy: 0.0] 
1621260063709 [accx: 0.0 accy: -0.0] 
1621260063729 [accx: 0.0 accy: -0.0] 
1621260063749 [accx: -0.0 accy: -0.0] 
1621260063768 [accx: 0.0 accy: 0.0] 
1621260063789 [accx: 0.0 accy: 0.0] 
1621260063809 [accx: 0.0 accy: 0.01] 
1621260063830 [accx: 0.0 accy: 0.01] 
1621260063855 [accx: 0.0 accy: 0.0] 
1621260063871 [accx: 0.0 accy: -0.0] 
1621260063892 [accx: 0.0 accy: -0.0] 
1621260063918 [accx: 0.0 accy: -0.0] 
1621260063932 [accx: 0.01 accy: 0.0] 
1621260063950 [accx: 0.0 accy: -0.0] 
1621260063970 [accx: 0.0 accy: -0.0] 
1621260063996 [accx: 0.0 accy: 0.01] 
1621260064009 [accx: 0.0 accy: 0.01] 
1621260064045 [accx: 0.01 accy: 0.0] 
1621260064052 [accx: 0.01 accy: 0.0] 
1621260064070 [accx: 0.0 accy: -0.0] 
1621260064092 [accx: 0.01 accy: 0.0] 
1621260064116 [accx: 0.0 accy: 0.0] 
1621260064133 [accx: 0.0 accy: 0.0] 
1621260064158 [accx: 0.01 accy: 0.0] 
1621260064169 [accx: 0.01 accy: 0.0] 
1621260064189 [accx: 0.0 accy: 0.0] 
1621260064209 [accx: 0.01 accy: -0.01] 
1621260064229 [accx: 0.0 accy: -0.0] 
1621260064249 [accx: 0.0 accy: -0.0] 
1621260064269 [accx: 0.0 accy: -0.0] 
1621260064291 [accx: 0.0 accy: -0.0] 
1621260064313 [accx: 0.01 accy: -0.0] 
1621260064329 [accx: 0.01 accy: -0.01] 
1621260064356 [accx: 0.01 accy: -0.0] 
1621260064372 [accx: 0.01 accy: -0.0] 
1621260064390 [accx: 0.0 accy: -0.01] 
1621260064412 [accx: 0.0 accy: -0.0] 
1621260064431 [accx: -0.0 accy: -0.0] 
1621260064449 [accx: 0.0 accy: 0.0] 
1621260064474 [accx: -0.0 accy: 0.0] 
1621260064488 [accx: 0.0 accy: 0.0] 
1621260064510 [accx: 0.0 accy: 0.0] 
1621260064529 [accx: 0.0 accy: 0.01] 
1621260064552 [accx: 0.01 accy: 0.0] 
1621260064569 [accx: 0.0 accy: 0.01] 
1621260064589 [accx: 0.0 accy: 0.01] 
1621260064610 [accx: 0.0 accy: 0.01] 
1621260064629 [accx: 0.0 accy: 0.01] 
1621260064650 [accx: 0.0 accy: -0.0] 
1621260064669 [accx: 0.0 accy: -0.0] 
1621260064697 [accx: -0.0 accy: 0.0] 
1621260064710 [accx: 0.0 accy: 0.0] 
1621260064730 [accx: 0.01 accy: 0.01] 
1621260064756 [accx: 0.0 accy: -0.0] 
1621260064771 [accx: -0.0 accy: 0.0] 
1621260064789 [accx: 0.0 accy: 0.0] 
1621260064812 [accx: -0.0 accy: -0.0] 
1621260064831 [accx: -0.0 accy: -0.01] 
1621260064849 [accx: -0.0 accy: 0.0] 
1621260064869 [accx: 0.0 accy: -0.0] 
1621260064891 [accx: 0.01 accy: 0.0] 
1621260064909 [accx: 0.01 accy: 0.0] 
1621260064933 [accx: 0.0 accy: 0.0] 
1621260064949 [accx: 0.01 accy: 0.0] 
1621260064974 [accx: 0.01 accy: 0.0] 
1621260064989 [accx: 0.0 accy: 0.0] 
1621260065029 [accx: 0.0 accy: -0.0] 
1621260065038 [accx: 0.0 accy: -0.01] 
1621260065054 [accx: -0.0 accy: -0.01] 
1621260065071 [accx: 0.0 accy: -0.01] 
1621260065089 [accx: -0.0 accy: -0.01] 
1621260065112 [accx: -0.0 accy: -0.0] 
1621260065129 [accx: -0.0 accy: -0.0] 
1621260065152 [accx: -0.0 accy: 0.0] 
1621260065168 [accx: -0.0 accy: 0.0] 
1621260065192 [accx: -0.0 accy: 0.0] 
1621260065209 [accx: -0.0 accy: 0.0] 
1621260065230 [accx: 0.0 accy: 0.0] 
1621260065250 [accx: 0.0 accy: 0.0] 
1621260065274 [accx: -0.0 accy: 0.0] 
1621260065289 [accx: 0.01 accy: -0.0] 
1621260065324 [accx: 0.0 accy: -0.0] 
1621260065348 [accx: 0.0 accy: -0.0] 
1621260065355 [accx: 0.01 accy: -0.0] 
1621260065371 [accx: 0.0 accy: -0.0] 
1621260065389 [accx: 0.0 accy: -0.01] 
1621260065410 [accx: 0.0 accy: -0.01] 
1621260065429 [accx: 0.0 accy: -0.01] 
1621260065449 [accx: 0.01 accy: -0.01] 
1621260065469 [accx: 0.01 accy: -0.01] 
1621260065493 [accx: 0.0 accy: -0.0] 
1621260065512 [accx: 0.0 accy: 0.0] 
1621260065530 [accx: 0.0 accy: -0.01] 
1621260065568 [accx: 0.0 accy: -0.0] 
1621260065573 [accx: 0.0 accy: -0.0] 
1621260065600 [accx: 0.0 accy: 0.0] 
1621260065610 [accx: 0.0 accy: -0.0] 
1621260065631 [accx: 0.01 accy: 0.0] 
1621260065652 [accx: 0.0 accy: 0.0] 
1621260065669 [accx: 0.01 accy: -0.0] 
1621260065689 [accx: 0.01 accy: -0.0] 
1621260065709 [accx: 0.01 accy: -0.0] 
1621260065731 [accx: 0.01 accy: 0.0] 
1621260065749 [accx: 0.01 accy: -0.01] 
1621260065774 [accx: -0.0 accy: 0.0] 
1621260065790 [accx: 0.0 accy: 0.0] 
1621260065810 [accx: 0.0 accy: -0.0] 
1621260065829 [accx: 0.0 accy: 0.0] 
1621260065852 [accx: 0.01 accy: -0.0] 
1621260065871 [accx: 0.01 accy: 0.0] 
1621260065889 [accx: -0.0 accy: 0.0] 
1621260065911 [accx: -0.0 accy: 0.0] 
1621260065930 [accx: 0.0 accy: 0.0] 
1621260065949 [accx: -0.0 accy: 0.01] 
1621260065969 [accx: 0.0 accy: 0.0] 
1621260065997 [accx: 0.0 accy: 0.0] 
1621260066009 [accx: 0.0 accy: -0.0] 
1621260066030 [accx: 0.0 accy: 0.0] 
1621260066055 [accx: 0.0 accy: 0.01] 
1621260066071 [accx: 0.01 accy: 0.0] 
1621260066089 [accx: 0.01 accy: 0.01] 
1621260066112 [accx: 0.01 accy: 0.01] 
1621260066131 [accx: 0.01 accy: 0.01] 
1621260066149 [accx: 0.01 accy: 0.01] 
1621260066174 [accx: -0.0 accy: 0.01] 
1621260066191 [accx: -0.0 accy: 0.0] 
1621260066211 [accx: 0.01 accy: 0.0] 
1621260066239 [accx: 0.0 accy: -0.0] 
1621260066249 [accx: 0.0 accy: -0.0] 
1621260066269 [accx: 0.0 accy: -0.0] 
1621260066289 [accx: -0.0 accy: -0.0] 
1621260066322 [accx: 0.01 accy: -0.0] 
1621260066329 [accx: 0.01 accy: -0.0] 
1621260066354 [accx: 0.0 accy: 0.0] 
1621260066371 [accx: 0.01 accy: -0.0] 
1621260066392 [accx: 0.01 accy: 0.0] 
1621260066411 [accx: 0.01 accy: 0.01] 
1621260066432 [accx: 0.01 accy: 0.01] 
1621260066464 [accx: 0.0 accy: 0.0] 
1621260066472 [accx: 0.0 accy: 0.0] 
1621260066506 [accx: 0.0 accy: -0.0] 
1621260066513 [accx: 0.0 accy: -0.0] 
1621260066529 [accx: -0.0 accy: -0.0] 
1621260066563 [accx: 0.0 accy: -0.0] 
1621260066586 [accx: 0.0 accy: -0.0] 
1621260066602 [accx: -0.0 accy: -0.0] 
1621260066609 [accx: 0.0 accy: -0.0] 
1621260066632 [accx: 0.0 accy: 0.0] 
1621260066651 [accx: 0.0 accy: -0.0] 
1621260066670 [accx: 0.0 accy: -0.0] 
1621260066689 [accx: 0.0 accy: 0.0] 
1621260066710 [accx: 0.01 accy: 0.0] 
1621260066729 [accx: 0.01 accy: 0.0] 
1621260066749 [accx: 0.01 accy: 0.01] 
1621260066771 [accx: 0.01 accy: 0.01] 
1621260066790 [accx: 0.01 accy: 0.01] 
1621260066810 [accx: 0.01 accy: 0.0] 
1621260066829 [accx: 0.01 accy: 0.01] 
1621260066849 [accx: 0.0 accy: 0.01] 
1621260066869 [accx: 0.01 accy: -0.0] 
1621260066888 [accx: 0.01 accy: 0.0] 
1621260066911 [accx: 0.01 accy: -0.0] 
1621260066932 [accx: 0.01 accy: -0.0] 
1621260066950 [accx: 0.0 accy: -0.0] 
1621260066975 [accx: -0.0 accy: -0.0] 
1621260066990 [accx: 0.0 accy: 0.0] 
1621260067011 [accx: 0.0 accy: 0.0] 
1621260067030 [accx: 0.01 accy: -0.0] 
1621260067049 [accx: 0.01 accy: 0.0] 
1621260067069 [accx: 0.0 accy: 0.0] 
1621260067089 [accx: 0.0 accy: 0.0] 
1621260067121 [accx: 0.01 accy: 0.01] 
1621260067134 [accx: -0.0 accy: -0.0] 
1621260067149 [accx: -0.0 accy: 0.0] 
1621260067170 [accx: 0.0 accy: -0.0] 
1621260067189 [accx: 0.0 accy: -0.0] 
1621260067210 [accx: 0.0 accy: 0.0] 
1621260067234 [accx: 0.0 accy: 0.0] 
1621260067249 [accx: 0.0 accy: -0.0] 
1621260067269 [accx: 0.0 accy: -0.0] 
1621260067289 [accx: 0.01 accy: -0.0] 
1621260067310 [accx: 0.0 accy: -0.0] 
1621260067336 [accx: 0.01 accy: 0.01] 
1621260067350 [accx: 0.0 accy: 0.0] 
1621260067370 [accx: -0.0 accy: -0.0] 
1621260067391 [accx: 0.0 accy: -0.0] 
1621260067409 [accx: -0.0 accy: 0.0] 
1621260067429 [accx: -0.0 accy: -0.0] 
1621260067449 [accx: 0.0 accy: -0.0] 
1621260067469 [accx: -0.0 accy: 0.0] 
1621260067496 [accx: 0.0 accy: 0.0] 
1621260067512 [accx: 0.01 accy: -0.0] 
1621260067530 [accx: 0.0 accy: 0.0] 
1621260067549 [accx: 0.0 accy: 0.0] 
1621260067569 [accx: 0.01 accy: 0.0] 
1621260067597 [accx: 0.0 accy: -0.0] 
1621260067622 [accx: 0.0 accy: 0.0] 
1621260067631 [accx: 0.0 accy: 0.0] 
1621260067653 [accx: 0.0 accy: 0.0] 
1621260067670 [accx: 0.0 accy: 0.01] 
1621260067690 [accx: 0.0 accy: 0.0] 
1621260067714 [accx: 0.0 accy: 0.0] 
1621260067730 [accx: 0.01 accy: 0.0] 
1621260067749 [accx: 0.0 accy: 0.0] 
1621260067769 [accx: 0.01 accy: -0.0] 
1621260067795 [accx: 0.01 accy: -0.0] 
1621260067823 [accx: 0.0 accy: 0.0] 
1621260067847 [accx: 0.0 accy: 0.0] 
1621260067855 [accx: 0.0 accy: 0.0] 
1621260067869 [accx: 0.0 accy: 0.0] 
1621260067889 [accx: 0.01 accy: 0.0] 
1621260067910 [accx: 0.01 accy: -0.0] 
1621260067931 [accx: 0.01 accy: -0.0] 
1621260067949 [accx: 0.01 accy: -0.0] 
1621260067969 [accx: 0.01 accy: 0.0] 
1621260067993 [accx: 0.0 accy: -0.0] 
1621260068009 [accx: 0.01 accy: -0.0] 
1621260068032 [accx: 0.0 accy: -0.0] 
1621260068057 [accx: 0.0 accy: 0.0] 
1621260068074 [accx: 0.01 accy: 0.01] 
1621260068089 [accx: 0.01 accy: 0.0] 
1621260068111 [accx: -0.0 accy: -0.0] 
1621260068138 [accx: 0.0 accy: -0.01] 
1621260068150 [accx: 0.0 accy: -0.0] 
1621260068172 [accx: 0.0 accy: 0.0] 
1621260068191 [accx: 0.01 accy: 0.0] 
1621260068211 [accx: 0.01 accy: 0.01] 
1621260068238 [accx: 0.01 accy: 0.0] 
1621260068271 [accx: 0.01 accy: 0.0] 
1621260068277 [accx: 0.0 accy: 0.0] 
1621260068294 [accx: 0.01 accy: -0.0] 
1621260068310 [accx: 0.01 accy: -0.0] 
1621260068334 [accx: 0.0 accy: -0.0] 
1621260068363 [accx: 0.0 accy: -0.0] 
1621260068369 [accx: 0.0 accy: 0.0] 
1621260068390 [accx: -0.0 accy: 0.0] 
1621260068412 [accx: 0.0 accy: 0.0] 
1621260068432 [accx: 0.0 accy: 0.0] 
1621260068450 [accx: 0.0 accy: -0.0] 
1621260068476 [accx: 0.0 accy: 0.0] 
1621260068489 [accx: 0.0 accy: 0.01] 
1621260068513 [accx: 0.0 accy: 0.0] 
1621260068533 [accx: 0.0 accy: 0.0] 
1621260068549 [accx: 0.01 accy: -0.0] 
1621260068572 [accx: 0.01 accy: -0.0] 
1621260068589 [accx: 0.01 accy: 0.0] 
1621260068615 [accx: 0.01 accy: 0.0] 
1621260068636 [accx: 0.0 accy: 0.0] 
1621260068649 [accx: 0.0 accy: 0.0] 
1621260068670 [accx: -0.0 accy: 0.0] 
1621260068702 [accx: -0.0 accy: 0.0] 
1621260068729 [accx: -0.0 accy: 0.0] 
1621260068734 [accx: -0.0 accy: 0.01] 
1621260068749 [accx: -0.0 accy: 0.01] 
1621260068769 [accx: -0.0 accy: 0.01] 
1621260068794 [accx: -0.0 accy: -0.0] 
1621260068809 [accx: 0.0 accy: -0.0] 
1621260068836 [accx: 0.0 accy: -0.0] 
1621260068852 [accx: 0.01 accy: 0.0] 
1621260068870 [accx: 0.01 accy: -0.0] 
1621260068892 [accx: 0.0 accy: -0.0] 
1621260068911 [accx: -0.0 accy: -0.0] 
1621260068937 [accx: 0.0 accy: -0.0] 
1621260068950 [accx: 0.0 accy: -0.0] 
1621260068969 [accx: 0.0 accy: -0.0] 
1621260068990 [accx: 0.0 accy: 0.0] 
1621260069009 [accx: 0.0 accy: 0.01] 
1621260069029 [accx: 0.0 accy: 0.01] 
1621260069056 [accx: 0.0 accy: 0.0] 
1621260069070 [accx: -0.0 accy: -0.0] 
1621260069089 [accx: 0.01 accy: 0.0] 
1621260069109 [accx: 0.0 accy: 0.0] 
1621260069129 [accx: 0.0 accy: 0.0] 
1621260069150 [accx: 0.01 accy: -0.0] 
1621260069168 [accx: 0.0 accy: 0.0] 
1621260069189 [accx: 0.01 accy: 0.01] 
1621260069208 [accx: 0.0 accy: 0.01] 
1621260069230 [accx: 0.0 accy: 0.01] 
1621260069250 [accx: -0.0 accy: 0.0] 
1621260069269 [accx: 0.01 accy: 0.0] 
1621260069289 [accx: -0.0 accy: 0.0] 
1621260069309 [accx: 0.0 accy: 0.0] 
1621260069334 [accx: 0.0 accy: 0.01] 
1621260069363 [accx: -0.0 accy: 0.0] 
1621260069370 [accx: 0.0 accy: 0.01] 
1621260069389 [accx: 0.0 accy: 0.0] 
1621260069409 [accx: -0.0 accy: -0.0] 
1621260069433 [accx: 0.0 accy: 0.0] 
1621260069450 [accx: 0.0 accy: 0.0] 
1621260069469 [accx: 0.0 accy: -0.0] 
1621260069489 [accx: 0.0 accy: -0.0] 
1621260069515 [accx: 0.0 accy: 0.0] 
1621260069532 [accx: -0.0 accy: 0.0] 
1621260069552 [accx: 0.0 accy: 0.0] 
1621260069575 [accx: 0.0 accy: 0.0] 
1621260069591 [accx: 0.0 accy: 0.0] 
1621260069609 [accx: 0.01 accy: 0.01] 
1621260069657 [accx: -0.0 accy: 0.01] 
1621260069663 [accx: 0.0 accy: 0.01] 
1621260069672 [accx: 0.01 accy: 0.0] 
1621260069689 [accx: 0.0 accy: -0.0] 
1621260069712 [accx: 0.0 accy: -0.0] 
1621260069731 [accx: 0.01 accy: 0.0] 
1621260069759 [accx: 0.01 accy: 0.0] 
1621260069769 [accx: 0.01 accy: 0.01] 
1621260069796 [accx: 0.01 accy: 0.01] 
1621260069809 [accx: 0.01 accy: 0.0] 
1621260069830 [accx: 0.01 accy: -0.0] 
1621260069850 [accx: 0.01 accy: -0.0] 
1621260069869 [accx: 0.0 accy: 0.0] 
1621260069888 [accx: 0.01 accy: 0.0] 
1621260069912 [accx: 0.0 accy: 0.0] 
1621260069929 [accx: 0.0 accy: 0.01] 
1621260069951 [accx: 0.0 accy: 0.01] 
1621260069974 [accx: 0.0 accy: 0.0] 
1621260069991 [accx: 0.0 accy: 0.01] 
1621260070022 [accx: 0.0 accy: 0.0] 
1621260070034 [accx: -0.0 accy: 0.01] 
1621260070051 [accx: 0.0 accy: 0.0] 
1621260070069 [accx: 0.01 accy: 0.01] 
1621260070097 [accx: 0.0 accy: 0.01] 
1621260070120 [accx: -0.0 accy: 0.0] 
1621260070130 [accx: -0.0 accy: 0.01] 
1621260070150 [accx: -0.0 accy: 0.01] 
1621260070169 [accx: 0.0 accy: 0.0] 
1621260070190 [accx: -0.0 accy: 0.0] 
1621260070210 [accx: 0.0 accy: 0.0] 
1621260070230 [accx: 0.01 accy: 0.0] 
1621260070253 [accx: 0.01 accy: 0.0] 
1621260070271 [accx: 0.01 accy: 0.01] 
1621260070289 [accx: 0.01 accy: 0.0] 
1621260070311 [accx: 0.01 accy: -0.0] 
1621260070329 [accx: 0.01 accy: -0.0] 
1621260070362 [accx: 0.01 accy: -0.0] 
1621260070376 [accx: 0.0 accy: 0.01] 
1621260070391 [accx: 0.01 accy: 0.01] 
1621260070416 [accx: 0.01 accy: 0.01] 
1621260070430 [accx: 0.0 accy: 0.0] 
1621260070449 [accx: 0.01 accy: 0.01] 
1621260070470 [accx: 0.01 accy: 0.01] 
1621260070507 [accx: 0.01 accy: 0.01] 
1621260070514 [accx: 0.01 accy: -0.0] 
1621260070529 [accx: 0.0 accy: -0.0] 
1621260070550 [accx: 0.01 accy: 0.0] 
1621260070569 [accx: 0.0 accy: 0.0] 
1621260070589 [accx: -0.0 accy: 0.0] 
1621260070609 [accx: -0.0 accy: -0.0] 
1621260070629 [accx: 0.0 accy: -0.0] 
1621260070653 [accx: 0.0 accy: -0.0] 
1621260070670 [accx: 0.0 accy: -0.0] 
1621260070690 [accx: 0.0 accy: 0.0] 
1621260070720 [accx: 0.0 accy: 0.0] 
1621260070737 [accx: 0.01 accy: 0.0] 
1621260070757 [accx: 0.0 accy: -0.0] 
1621260070774 [accx: 0.01 accy: 0.0] 
1621260070789 [accx: 0.0 accy: 0.01] 
1621260070810 [accx: 0.0 accy: 0.01] 
1621260070829 [accx: 0.0 accy: 0.01] 
1621260070849 [accx: 0.0 accy: 0.01] 
1621260070872 [accx: 0.0 accy: 0.0] 
1621260070897 [accx: -0.0 accy: 0.01] 
1621260070910 [accx: 0.01 accy: 0.01] 
1621260070939 [accx: 0.0 accy: 0.01] 
1621260070952 [accx: 0.01 accy: 0.01] 
1621260070971 [accx: 0.0 accy: 0.01] 
1621260070989 [accx: 0.0 accy: 0.01] 
1621260071009 [accx: 0.0 accy: 0.0] 
1621260071033 [accx: 0.01 accy: 0.0] 
1621260071049 [accx: 0.01 accy: 0.01] 
1621260071069 [accx: 0.01 accy: 0.0] 
1621260071089 [accx: 0.0 accy: 0.0] 
1621260071110 [accx: 0.01 accy: -0.01] 
1621260071138 [accx: 0.0 accy: -0.0] 
1621260071151 [accx: 0.0 accy: 0.0] 
1621260071172 [accx: 0.0 accy: 0.01] 
1621260071194 [accx: -0.0 accy: 0.01] 
1621260071210 [accx: 0.01 accy: 0.01] 
1621260071232 [accx: 0.0 accy: 0.01] 
1621260071249 [accx: 0.01 accy: 0.01] 
1621260071269 [accx: 0.0 accy: 0.01] 
1621260071299 [accx: 0.0 accy: 0.0] 
1621260071311 [accx: 0.01 accy: 0.0] 
1621260071330 [accx: 0.0 accy: 0.01] 
1621260071349 [accx: 0.0 accy: 0.01] 
1621260071369 [accx: 0.0 accy: 0.0] 
1621260071389 [accx: -0.0 accy: 0.0] 
1621260071409 [accx: -0.0 accy: 0.01] 
1621260071441 [accx: 0.0 accy: 0.0] 
1621260071449 [accx: -0.0 accy: 0.0] 
1621260071469 [accx: -0.0 accy: 0.0] 
1621260071489 [accx: -0.0 accy: -0.0] 
1621260071509 [accx: -0.01 accy: -0.0] 
1621260071532 [accx: 0.0 accy: 0.01] 
1621260071559 [accx: 0.0 accy: 0.01] 
1621260071571 [accx: 0.0 accy: 0.0] 
1621260071589 [accx: 0.0 accy: -0.0] 
1621260071616 [accx: 0.01 accy: 0.0] 
1621260071632 [accx: 0.01 accy: 0.0] 
1621260071650 [accx: 0.0 accy: 0.01] 
1621260071669 [accx: 0.0 accy: 0.0] 
1621260071701 [accx: 0.01 accy: 0.01] 
1621260071712 [accx: 0.0 accy: 0.01] 
1621260071729 [accx: 0.0 accy: 0.0] 
1621260071754 [accx: 0.01 accy: 0.0] 
1621260071769 [accx: 0.01 accy: 0.0] 
1621260071789 [accx: 0.0 accy: -0.0] 
1621260071809 [accx: 0.0 accy: 0.0] 
1621260071833 [accx: 0.01 accy: 0.0] 
1621260071849 [accx: 0.0 accy: 0.0] 
1621260071870 [accx: 0.0 accy: -0.0] 
1621260071889 [accx: 0.0 accy: -0.0] 
1621260071913 [accx: 0.0 accy: 0.0] 
1621260071929 [accx: 0.0 accy: 0.0] 
1621260071960 [accx: 0.0 accy: -0.0] 
1621260071970 [accx: -0.0 accy: -0.0] 
1621260071990 [accx: 0.01 accy: 0.0] 
1621260072009 [accx: 0.01 accy: 0.0] 
1621260072029 [accx: 0.01 accy: 0.0] 
1621260072049 [accx: -0.0 accy: -0.0] 
1621260072069 [accx: -0.0 accy: 0.0] 
1621260072090 [accx: 0.0 accy: -0.01] 
1621260072110 [accx: 0.0 accy: -0.0] 
1621260072134 [accx: 0.0 accy: -0.0] 
1621260072152 [accx: 0.01 accy: 0.01] 
1621260072169 [accx: 0.0 accy: 0.0] 
1621260072189 [accx: 0.0 accy: -0.0] 
1621260072209 [accx: 0.01 accy: 0.01] 
1621260072230 [accx: 0.01 accy: -0.0] 
1621260072249 [accx: 0.01 accy: 0.0] 
1621260072269 [accx: 0.01 accy: 0.01] 
1621260072291 [accx: 0.01 accy: 0.01] 
1621260072316 [accx: 0.01 accy: 0.0] 
1621260072329 [accx: 0.01 accy: -0.0] 
1621260072349 [accx: 0.01 accy: -0.0] 
1621260072370 [accx: 0.01 accy: -0.0] 
1621260072391 [accx: 0.0 accy: 0.0] 
1621260072410 [accx: 0.0 accy: 0.0] 
1621260072429 [accx: 0.0 accy: 0.0] 
1621260072449 [accx: 0.0 accy: 0.01] 
1621260072470 [accx: 0.0 accy: 0.0] 
1621260072489 [accx: 0.01 accy: 0.0] 
1621260072515 [accx: 0.01 accy: -0.0] 
1621260072536 [accx: 0.0 accy: -0.0] 
1621260072549 [accx: 0.0 accy: -0.0] 
1621260072583 [accx: -0.0 accy: -0.0] 
1621260072589 [accx: 0.0 accy: -0.0] 
1621260072613 [accx: 0.01 accy: 0.0] 
1621260072629 [accx: 0.0 accy: -0.0] 
1621260072651 [accx: 0.01 accy: 0.0] 
1621260072672 [accx: 0.01 accy: 0.0] 
1621260072689 [accx: 0.0 accy: 0.0] 
1621260072709 [accx: 0.01 accy: 0.0] 
1621260072729 [accx: 0.01 accy: 0.0] 
1621260072749 [accx: 0.0 accy: 0.0] 
1621260072769 [accx: 0.01 accy: 0.0] 
1621260072789 [accx: 0.0 accy: 0.0] 
1621260072809 [accx: 0.0 accy: 0.0] 
1621260072854 [accx: 0.0 accy: 0.0] 
1621260072857 [accx: 0.0 accy: -0.0] 
1621260072872 [accx: 0.01 accy: 0.0] 
1621260072899 [accx: 0.0 accy: -0.0] 
1621260072917 [accx: 0.0 accy: 0.0] 
1621260072930 [accx: -0.0 accy: 0.0] 
1621260072961 [accx: 0.0 accy: 0.0] 
1621260072972 [accx: 0.0 accy: -0.0] 
1621260072989 [accx: -0.0 accy: -0.0] 
1621260073010 [accx: 0.0 accy: -0.0] 
1621260073030 [accx: 0.01 accy: -0.0] 
1621260073056 [accx: 0.01 accy: 0.0] 
1621260073069 [accx: 0.01 accy: 0.0] 
1621260073093 [accx: 0.01 accy: 0.0] 
1621260073112 [accx: 0.0 accy: 0.0] 
1621260073135 [accx: 0.0 accy: 0.01] 
1621260073149 [accx: 0.0 accy: 0.01] 
1621260073170 [accx: 0.0 accy: 0.0] 
1621260073189 [accx: 0.01 accy: 0.0] 
1621260073210 [accx: 0.01 accy: 0.0] 
1621260073230 [accx: 0.01 accy: -0.0] 
1621260073251 [accx: 0.0 accy: 0.0] 
1621260073269 [accx: 0.0 accy: 0.0] 
1621260073306 [accx: 0.0 accy: -0.0] 
1621260073326 [accx: 0.0 accy: -0.0] 
1621260073333 [accx: 0.0 accy: 0.0] 
1621260073351 [accx: 0.0 accy: 0.0] 
1621260073369 [accx: -0.0 accy: 0.0] 
1621260073399 [accx: 0.0 accy: 0.0] 
1621260073409 [accx: -0.0 accy: 0.0] 
1621260073434 [accx: -0.0 accy: -0.01] 
1621260073460 [accx: 0.01 accy: 0.0] 
1621260073471 [accx: 0.0 accy: 0.01] 
1621260073500 [accx: -0.0 accy: 0.01] 
1621260073513 [accx: 0.01 accy: 0.0] 
1621260073530 [accx: 0.0 accy: 0.0] 
1621260073549 [accx: 0.0 accy: 0.0] 
1621260073572 [accx: 0.0 accy: 0.01] 
1621260073593 [accx: 0.0 accy: 0.0] 
1621260073609 [accx: 0.01 accy: 0.0] 
1621260073629 [accx: 0.0 accy: -0.01] 
1621260073649 [accx: 0.0 accy: -0.0] 
1621260073669 [accx: 0.01 accy: -0.0] 
1621260073689 [accx: 0.01 accy: -0.0] 
1621260073714 [accx: 0.0 accy: -0.0] 
1621260073731 [accx: 0.0 accy: 0.0] 
1621260073749 [accx: 0.0 accy: 0.0] 
1621260073769 [accx: -0.0 accy: 0.0] 
1621260073807 [accx: 0.0 accy: -0.0] 
1621260073810 [accx: 0.0 accy: -0.0] 
1621260073829 [accx: -0.0 accy: -0.0] 
1621260073849 [accx: 0.0 accy: 0.0] 
1621260073870 [accx: -0.01 accy: -0.0] 
1621260073889 [accx: 0.0 accy: 0.0] 
1621260073909 [accx: 0.01 accy: -0.0] 
1621260073932 [accx: 0.0 accy: -0.0] 
1621260073952 [accx: 0.0 accy: -0.0] 
1621260073969 [accx: 0.01 accy: 0.0] 
1621260073989 [accx: -0.0 accy: 0.0] 
1621260074013 [accx: -0.0 accy: -0.0] 
1621260074029 [accx: -0.0 accy: -0.0] 
1621260074051 [accx: 0.0 accy: -0.0] 
1621260074070 [accx: 0.01 accy: 0.0] 
1621260074092 [accx: 0.01 accy: 0.0] 
1621260074113 [accx: 0.0 accy: 0.0] 
1621260074144 [accx: 0.01 accy: -0.0] 
1621260074149 [accx: 0.0 accy: 0.0] 
1621260074169 [accx: 0.0 accy: 0.01] 
1621260074189 [accx: 0.0 accy: 0.01] 
1621260074209 [accx: 0.0 accy: 0.01] 
1621260074230 [accx: 0.0 accy: 0.01] 
1621260074250 [accx: 0.0 accy: 0.01] 
1621260074274 [accx: 0.0 accy: 0.0] 
1621260074289 [accx: 0.0 accy: 0.01] 
1621260074311 [accx: 0.0 accy: -0.0] 
1621260074333 [accx: 0.0 accy: 0.0] 
1621260074350 [accx: -0.0 accy: 0.0] 
1621260074372 [accx: -0.01 accy: 0.0] 
1621260074395 [accx: -0.01 accy: 0.0] 
1621260074420 [accx: 0.0 accy: -0.0] 
1621260074429 [accx: 0.0 accy: -0.0] 
1621260074450 [accx: 0.0 accy: -0.01] 
1621260074472 [accx: 0.01 accy: 0.01] 
1621260074507 [accx: 0.01 accy: 0.0] 
1621260074511 [accx: 0.0 accy: -0.0] 
1621260074530 [accx: 0.0 accy: -0.01] 
1621260074551 [accx: -0.0 accy: 0.0] 
1621260074570 [accx: -0.0 accy: -0.0] 
1621260074603 [accx: 0.0 accy: 0.0] 
1621260074616 [accx: -0.01 accy: -0.0] 
1621260074650 [accx: -0.0 accy: -0.0] 
1621260074660 [accx: -0.0 accy: -0.0] 
1621260074670 [accx: 0.0 accy: -0.01] 
1621260074689 [accx: 0.0 accy: -0.0] 
1621260074719 [accx: 0.0 accy: 0.0] 
1621260074730 [accx: -0.0 accy: 0.0] 
1621260074749 [accx: 0.0 accy: 0.01] 
1621260074775 [accx: 0.0 accy: 0.01] 
1621260074793 [accx: 0.0 accy: 0.0] 
1621260074810 [accx: 0.0 accy: 0.01] 
1621260074829 [accx: 0.0 accy: 0.0] 
1621260074849 [accx: 0.0 accy: 0.01] 
1621260074871 [accx: -0.0 accy: 0.01] 
1621260074894 [accx: -0.01 accy: 0.01] 
1621260074909 [accx: 0.0 accy: 0.01] 
1621260074934 [accx: 0.01 accy: -0.0] 
1621260074949 [accx: 0.0 accy: -0.0] 
1621260074970 [accx: 0.0 accy: 0.0] 
1621260074990 [accx: -0.0 accy: -0.0] 
1621260075009 [accx: -0.0 accy: -0.0] 
1621260075047 [accx: -0.0 accy: -0.01] 
1621260075051 [accx: -0.01 accy: -0.0] 
1621260075069 [accx: -0.0 accy: -0.0] 
1621260075089 [accx: -0.0 accy: -0.0] 
1621260075114 [accx: -0.0 accy: 0.0] 
1621260075132 [accx: -0.0 accy: 0.0] 
1621260075149 [accx: 0.01 accy: 0.0] 
1621260075179 [accx: 0.01 accy: -0.0] 
1621260075194 [accx: 0.01 accy: -0.0] 
1621260075209 [accx: 0.0 accy: -0.01] 
1621260075230 [accx: -0.0 accy: -0.0] 
1621260075248 [accx: 0.0 accy: 0.01] 
1621260075269 [accx: 0.0 accy: 0.01] 
1621260075289 [accx: -0.0 accy: 0.01] 
1621260075309 [accx: 0.01 accy: 0.01] 
1621260075331 [accx: -0.0 accy: -0.0] 
1621260075352 [accx: -0.0 accy: 0.0] 
1621260075369 [accx: 0.0 accy: 0.0] 
1621260075389 [accx: 0.0 accy: 0.01] 
1621260075409 [accx: 0.01 accy: 0.0] 
1621260075429 [accx: 0.01 accy: 0.0] 
1621260075449 [accx: 0.0 accy: 0.0] 
1621260075472 [accx: 0.0 accy: 0.0] 
1621260075489 [accx: 0.01 accy: 0.0] 
1621260075509 [accx: 0.01 accy: 0.0] 
1621260075532 [accx: 0.01 accy: 0.01] 
1621260075549 [accx: 0.0 accy: 0.0] 
1621260075570 [accx: 0.0 accy: 0.0] 
1621260075598 [accx: 0.0 accy: 0.0] 
1621260075609 [accx: 0.01 accy: -0.0] 
1621260075631 [accx: 0.0 accy: -0.0] 
1621260075649 [accx: -0.0 accy: -0.0] 
1621260075669 [accx: -0.0 accy: -0.0] 
1621260075689 [accx: 0.0 accy: -0.0] 
1621260075709 [accx: 0.01 accy: 0.0] 
1621260075731 [accx: -0.0 accy: 0.0] 
1621260075749 [accx: 0.0 accy: 0.0] 
1621260075770 [accx: 0.0 accy: -0.0] 
1621260075791 [accx: -0.0 accy: -0.0] 
1621260075812 [accx: 0.0 accy: 0.0] 
1621260075829 [accx: 0.0 accy: 0.0] 
1621260075849 [accx: 0.01 accy: -0.0] 
1621260075870 [accx: 0.01 accy: -0.0] 
1621260075889 [accx: 0.01 accy: -0.0] 
1621260075915 [accx: 0.0 accy: -0.01] 
1621260075940 [accx: 0.01 accy: -0.0] 
1621260075952 [accx: 0.0 accy: 0.0] 
1621260075982 [accx: -0.01 accy: 0.0] 
1621260075989 [accx: 0.0 accy: 0.01] 
1621260076010 [accx: 0.0 accy: 0.0] 
1621260076031 [accx: 0.0 accy: 0.0] 
1621260076055 [accx: 0.01 accy: 0.0] 
1621260076069 [accx: 0.0 accy: 0.01] 
1621260076089 [accx: 0.01 accy: 0.01] 
1621260076109 [accx: 0.0 accy: 0.0] 
1621260076136 [accx: 0.0 accy: 0.0] 
1621260076149 [accx: 0.0 accy: 0.0] 
1621260076169 [accx: -0.0 accy: 0.0] 
1621260076193 [accx: -0.0 accy: -0.0] 
1621260076214 [accx: -0.0 accy: 0.0] 
1621260076229 [accx: 0.0 accy: 0.01] 
1621260076249 [accx: 0.0 accy: 0.01] 
1621260076269 [accx: -0.0 accy: 0.01] 
1621260076303 [accx: -0.01 accy: 0.0] 
1621260076310 [accx: -0.0 accy: 0.0] 
1621260076333 [accx: -0.0 accy: 0.0] 
1621260076353 [accx: 0.0 accy: -0.0] 
1621260076369 [accx: 0.01 accy: -0.0] 
1621260076392 [accx: 0.01 accy: 0.0] 
1621260076412 [accx: 0.01 accy: 0.01] 
1621260076429 [accx: 0.0 accy: 0.0] 
1621260076449 [accx: 0.0 accy: -0.0] 
1621260076470 [accx: 0.01 accy: -0.0] 
1621260076491 [accx: 0.01 accy: 0.0] 
1621260076510 [accx: 0.0 accy: 0.0] 
1621260076536 [accx: -0.0 accy: 0.0] 
1621260076549 [accx: -0.0 accy: 0.01] 
1621260076573 [accx: 0.0 accy: 0.01] 
1621260076594 [accx: 0.0 accy: 0.0] 
1621260076614 [accx: 0.0 accy: 0.01] 
1621260076633 [accx: 0.0 accy: 0.0] 
1621260076650 [accx: 0.0 accy: 0.0] 
1621260076683 [accx: 0.0 accy: 0.0] 
1621260076691 [accx: 0.0 accy: -0.0] 
1621260076709 [accx: 0.0 accy: 0.0] 
1621260076731 [accx: 0.01 accy: 0.01] 
1621260076749 [accx: 0.0 accy: 0.01] 
1621260076769 [accx: -0.0 accy: 0.0] 
1621260076796 [accx: -0.0 accy: 0.0] 
1621260076810 [accx: -0.0 accy: 0.0] 
1621260076832 [accx: 0.01 accy: 0.01] 
1621260076849 [accx: -0.0 accy: 0.0] 
1621260076873 [accx: 0.0 accy: 0.0] 
1621260076891 [accx: 0.01 accy: 0.0] 
1621260076909 [accx: 0.0 accy: -0.0] 
1621260076929 [accx: 0.0 accy: 0.0] 
1621260076955 [accx: 0.0 accy: 0.01] 
1621260076970 [accx: 0.0 accy: 0.01] 
1621260076988 [accx: 0.0 accy: 0.0] 
1621260077009 [accx: 0.0 accy: 0.0] 
1621260077029 [accx: -0.0 accy: 0.0] 
1621260077049 [accx: 0.01 accy: 0.0] 
1621260077069 [accx: 0.01 accy: 0.0] 
1621260077089 [accx: 0.01 accy: -0.0] 
1621260077109 [accx: 0.01 accy: -0.0] 
1621260077130 [accx: 0.01 accy: 0.0] 
1621260077151 [accx: -0.0 accy: -0.0] 
1621260077175 [accx: 0.0 accy: 0.0] 
1621260077191 [accx: -0.0 accy: -0.0] 
1621260077210 [accx: -0.0 accy: -0.01] 
1621260077229 [accx: 0.0 accy: -0.0] 
1621260077257 [accx: -0.0 accy: -0.0] 
1621260077271 [accx: -0.0 accy: 0.0] 
1621260077289 [accx: 0.0 accy: 0.01] 
1621260077314 [accx: 0.0 accy: 0.01] 
1621260077330 [accx: 0.0 accy: 0.0] 
1621260077349 [accx: 0.01 accy: -0.0] 
1621260077370 [accx: 0.0 accy: -0.0] 
1621260077389 [accx: 0.0 accy: 0.0] 
1621260077411 [accx: 0.0 accy: 0.01] 
1621260077429 [accx: 0.0 accy: 0.0] 
1621260077449 [accx: 0.01 accy: 0.01] 
1621260077469 [accx: 0.01 accy: 0.0] 
1621260077489 [accx: -0.0 accy: -0.0] 
1621260077511 [accx: 0.0 accy: 0.01] 
1621260077529 [accx: 0.0 accy: 0.01] 
1621260077552 [accx: -0.0 accy: 0.01] 
1621260077573 [accx: 0.0 accy: 0.0] 
1621260077601 [accx: 0.0 accy: 0.0] 
1621260077614 [accx: 0.0 accy: -0.0] 
1621260077629 [accx: 0.01 accy: 0.0] 
1621260077649 [accx: 0.0 accy: 0.0] 
1621260077669 [accx: -0.0 accy: 0.0] 
1621260077689 [accx: 0.01 accy: 0.01] 
1621260077709 [accx: 0.01 accy: 0.01] 
1621260077729 [accx: 0.01 accy: 0.0] 
1621260077749 [accx: 0.0 accy: -0.0] 
1621260077773 [accx: 0.0 accy: -0.0] 
1621260077791 [accx: 0.0 accy: 0.0] 
1621260077811 [accx: 0.0 accy: -0.0] 
1621260077834 [accx: 0.0 accy: 0.0] 
1621260077855 [accx: 0.0 accy: 0.0] 
1621260077869 [accx: 0.0 accy: 0.01] 
1621260077910 [accx: 0.0 accy: 0.0] 
1621260077914 [accx: 0.01 accy: -0.0] 
1621260077930 [accx: 0.01 accy: -0.0] 
1621260077950 [accx: 0.01 accy: -0.0] 
1621260077970 [accx: 0.01 accy: -0.0] 
1621260077995 [accx: 0.01 accy: 0.0] 
1621260078013 [accx: 0.01 accy: -0.0] 
1621260078029 [accx: 0.01 accy: 0.0] 
1621260078049 [accx: 0.01 accy: 0.0] 
1621260078069 [accx: 0.01 accy: 0.0] 
1621260078097 [accx: -0.0 accy: 0.0] 
1621260078109 [accx: 0.01 accy: 0.0] 
1621260078139 [accx: 0.01 accy: 0.01] 
1621260078149 [accx: 0.01 accy: 0.01] 
1621260078180 [accx: 0.01 accy: -0.0] 
1621260078190 [accx: 0.01 accy: -0.0] 
1621260078210 [accx: 0.01 accy: -0.0] 
1621260078231 [accx: 0.0 accy: -0.0] 
1621260078256 [accx: 0.01 accy: 0.0] 
1621260078270 [accx: 0.0 accy: -0.0] 
1621260078300 [accx: 0.0 accy: -0.0] 
1621260078310 [accx: 0.0 accy: 0.0] 
1621260078332 [accx: 0.0 accy: 0.0] 
1621260078364 [accx: 0.01 accy: 0.0] 
1621260078372 [accx: 0.01 accy: 0.0] 
1621260078396 [accx: 0.01 accy: -0.0] 
1621260078413 [accx: 0.01 accy: 0.0] 
1621260078436 [accx: 0.01 accy: -0.0] 
1621260078473 [accx: 0.01 accy: -0.0] 
1621260078490 [accx: 0.0 accy: -0.0] 
1621260078497 [accx: -0.0 accy: 0.0] 
1621260078510 [accx: 0.0 accy: 0.0] 
1621260078530 [accx: 0.0 accy: 0.0] 
1621260078548 [accx: 0.0 accy: -0.0] 
1621260078575 [accx: -0.0 accy: 0.01] 
1621260078599 [accx: 0.01 accy: 0.0] 
1621260078609 [accx: 0.0 accy: -0.0] 
1621260078642 [accx: 0.0 accy: -0.0] 
1621260078658 [accx: 0.0 accy: 0.0] 
1621260078675 [accx: 0.0 accy: -0.0] 
1621260078690 [accx: 0.01 accy: 0.0] 
1621260078710 [accx: 0.01 accy: 0.0] 
1621260078731 [accx: 0.0 accy: -0.0] 
1621260078768 [accx: 0.01 accy: -0.0] 
1621260078777 [accx: 0.01 accy: -0.01] 
1621260078792 [accx: 0.0 accy: -0.0] 
1621260078828 [accx: 0.01 accy: 0.0] 
1621260078831 [accx: 0.0 accy: 0.0] 
1621260078849 [accx: 0.0 accy: -0.0] 
1621260078870 [accx: 0.01 accy: -0.0] 
1621260078900 [accx: 0.0 accy: 0.0] 
1621260078911 [accx: 0.0 accy: -0.0] 
1621260078931 [accx: 0.01 accy: 0.0] 
1621260078968 [accx: 0.0 accy: -0.0] 
1621260078989 [accx: -0.0 accy: -0.0] 
1621260078994 [accx: 0.0 accy: 0.0] 
1621260079015 [accx: 0.01 accy: -0.0] 
1621260079029 [accx: 0.0 accy: 0.01] 
1621260079069 [accx: 0.0 accy: 0.01] 
1621260079075 [accx: -0.0 accy: 0.0] 
1621260079089 [accx: 0.0 accy: -0.0] 
1621260079109 [accx: 0.0 accy: 0.0] 
1621260079140 [accx: -0.0 accy: 0.0] 
1621260079167 [accx: 0.0 accy: 0.0] 
1621260079170 [accx: 0.0 accy: 0.0] 
1621260079199 [accx: 0.0 accy: 0.0] 
1621260079212 [accx: 0.0 accy: -0.0] 
1621260079231 [accx: 0.0 accy: 0.01] 
1621260079249 [accx: 0.0 accy: 0.01] 
1621260079278 [accx: 0.01 accy: 0.01] 
1621260079304 [accx: 0.01 accy: 0.0] 
1621260079311 [accx: 0.01 accy: 0.0] 
1621260079332 [accx: 0.02 accy: 0.0] 
1621260079360 [accx: 0.0 accy: 0.0] 
1621260079369 [accx: 0.0 accy: 0.0] 
1621260079391 [accx: -0.0 accy: 0.0] 
1621260079410 [accx: -0.0 accy: 0.0] 
1621260079431 [accx: 0.0 accy: 0.0] 
1621260079449 [accx: 0.0 accy: 0.01] 
1621260079469 [accx: -0.0 accy: 0.0] 
1621260079491 [accx: 0.0 accy: 0.0] 
1621260079511 [accx: 0.0 accy: -0.0] 
1621260079529 [accx: 0.01 accy: -0.0] 
1621260079552 [accx: 0.01 accy: -0.0] 
1621260079576 [accx: 0.0 accy: 0.0] 
1621260079592 [accx: 0.01 accy: 0.01] 
1621260079628 [accx: 0.0 accy: 0.01] 
1621260079638 [accx: 0.0 accy: 0.01] 
1621260079653 [accx: 0.01 accy: 0.0] 
1621260079669 [accx: 0.01 accy: 0.0] 
1621260079696 [accx: 0.01 accy: 0.0] 
1621260079711 [accx: 0.01 accy: 0.0] 
1621260079729 [accx: 0.01 accy: 0.0] 
1621260079749 [accx: 0.01 accy: -0.0] 
1621260079770 [accx: 0.01 accy: 0.0] 
1621260079796 [accx: 0.0 accy: 0.0] 
1621260079809 [accx: 0.0 accy: -0.0] 
1621260079829 [accx: 0.01 accy: -0.01] 
1621260079849 [accx: 0.01 accy: -0.0] 
1621260079869 [accx: 0.01 accy: -0.01] 
1621260079897 [accx: 0.01 accy: -0.0] 
1621260079917 [accx: 0.01 accy: -0.0] 
1621260079929 [accx: 0.0 accy: -0.0] 
1621260079949 [accx: 0.01 accy: 0.01] 
1621260079970 [accx: 0.0 accy: 0.01] 
1621260079989 [accx: 0.01 accy: 0.01] 
1621260080009 [accx: 0.01 accy: 0.0] 
1621260080029 [accx: 0.01 accy: -0.0] 
1621260080049 [accx: 0.01 accy: -0.0] 
1621260080072 [accx: 0.0 accy: -0.0] 
1621260080089 [accx: 0.0 accy: 0.0] 
1621260080109 [accx: 0.0 accy: 0.0] 
1621260080129 [accx: 0.0 accy: 0.0] 
1621260080150 [accx: 0.0 accy: -0.0] 
1621260080169 [accx: 0.0 accy: -0.0] 
1621260080189 [accx: 0.0 accy: 0.0] 
1621260080216 [accx: 0.0 accy: -0.0] 
1621260080230 [accx: 0.01 accy: 0.0] 
1621260080249 [accx: 0.01 accy: 0.0] 
1621260080272 [accx: 0.0 accy: -0.0] 
1621260080289 [accx: 0.01 accy: 0.0] 
1621260080313 [accx: 0.0 accy: -0.0] 
1621260080342 [accx: 0.0 accy: 0.0] 
1621260080349 [accx: 0.0 accy: -0.0] 
1621260080369 [accx: 0.0 accy: -0.0] 
1621260080391 [accx: 0.01 accy: 0.0] 
1621260080411 [accx: 0.0 accy: 0.01] 
1621260080430 [accx: 0.0 accy: 0.0] 
1621260080450 [accx: 0.01 accy: 0.01] 
1621260080471 [accx: 0.0 accy: -0.0] 
1621260080490 [accx: 0.01 accy: -0.0] 
1621260080521 [accx: 0.0 accy: 0.0] 
1621260080539 [accx: 0.0 accy: -0.0] 
1621260080549 [accx: 0.0 accy: 0.0] 
1621260080577 [accx: 0.01 accy: 0.0] 
1621260080589 [accx: 0.0 accy: -0.0] 
1621260080610 [accx: 0.0 accy: 0.0] 
1621260080629 [accx: 0.0 accy: 0.0] 
1621260080653 [accx: -0.0 accy: 0.01] 
1621260080670 [accx: -0.0 accy: -0.0] 
1621260080692 [accx: -0.0 accy: -0.0] 
1621260080709 [accx: -0.01 accy: 0.0] 
1621260080741 [accx: -0.0 accy: -0.0] 
1621260080749 [accx: 0.0 accy: 0.0] 
1621260080769 [accx: -0.0 accy: 0.01] 
1621260080789 [accx: 0.0 accy: 0.0] 
1621260080809 [accx: 0.0 accy: 0.01] 
1621260080834 [accx: 0.0 accy: 0.01] 
1621260080849 [accx: 0.01 accy: 0.0] 
1621260080870 [accx: -0.0 accy: 0.01] 
1621260080892 [accx: 0.0 accy: 0.0] 
1621260080919 [accx: 0.01 accy: 0.0] 
1621260080930 [accx: -0.0 accy: 0.0] 
1621260080958 [accx: 0.01 accy: 0.0] 
1621260080969 [accx: 0.0 accy: 0.0] 
1621260080994 [accx: 0.01 accy: -0.0] 
1621260081009 [accx: 0.01 accy: -0.0] 
1621260081029 [accx: 0.01 accy: -0.01] 
1621260081065 [accx: 0.01 accy: -0.01] 
1621260081072 [accx: 0.0 accy: -0.0] 
1621260081089 [accx: 0.0 accy: -0.0] 
1621260081109 [accx: 0.0 accy: -0.0] 
1621260081129 [accx: 0.01 accy: 0.0] 
1621260081149 [accx: 0.0 accy: 0.0] 
1621260081168 [accx: 0.0 accy: 0.01] 
1621260081189 [accx: 0.01 accy: 0.01] 
1621260081210 [accx: 0.0 accy: 0.01] 
1621260081233 [accx: 0.0 accy: 0.0] 
1621260081249 [accx: 0.01 accy: -0.0] 
1621260081273 [accx: -0.0 accy: 0.0] 
1621260081297 [accx: 0.0 accy: 0.01] 
1621260081324 [accx: 0.0 accy: 0.0] 
1621260081333 [accx: 0.0 accy: 0.0] 
1621260081350 [accx: 0.0 accy: -0.0] 
1621260081371 [accx: 0.0 accy: -0.0] 
1621260081390 [accx: 0.01 accy: 0.0] 
1621260081425 [accx: 0.01 accy: 0.0] 
1621260081429 [accx: -0.0 accy: 0.0] 
1621260081462 [accx: -0.0 accy: -0.0] 
1621260081478 [accx: -0.0 accy: -0.0] 
1621260081498 [accx: 0.0 accy: -0.01] 
1621260081534 [accx: 0.0 accy: -0.0] 
1621260081541 [accx: 0.0 accy: -0.0] 
1621260081564 [accx: -0.0 accy: 0.0] 
1621260081572 [accx: -0.0 accy: 0.0] 
1621260081590 [accx: 0.0 accy: 0.0] 
1621260081608 [accx: 0.0 accy: 0.0] 
1621260081638 [accx: 0.0 accy: 0.0] 
1621260081649 [accx: 0.01 accy: 0.01] 
1621260081676 [accx: 0.0 accy: 0.0] 
1621260081689 [accx: 0.0 accy: 0.01] 
1621260081711 [accx: -0.0 accy: 0.0] 
1621260081729 [accx: 0.0 accy: 0.0] 
1621260081750 [accx: 0.0 accy: 0.0] 
1621260081785 [accx: 0.0 accy: 0.0] 
1621260081790 [accx: 0.0 accy: 0.0] 
1621260081809 [accx: 0.0 accy: -0.0] 
1621260081829 [accx: -0.0 accy: -0.0] 
1621260081849 [accx: 0.0 accy: -0.0] 
1621260081869 [accx: 0.0 accy: 0.0] 
1621260081890 [accx: -0.0 accy: 0.0] 
1621260081909 [accx: 0.01 accy: 0.0] 
1621260081929 [accx: 0.0 accy: 0.01] 
1621260081951 [accx: 0.0 accy: 0.0] 
1621260081969 [accx: 0.0 accy: -0.0] 
1621260081990 [accx: 0.0 accy: -0.0] 
1621260082011 [accx: -0.0 accy: 0.0] 
1621260082029 [accx: 0.0 accy: -0.0] 
1621260082051 [accx: 0.01 accy: 0.0] 
1621260082069 [accx: 0.01 accy: 0.0] 
1621260082094 [accx: 0.01 accy: 0.0] 
1621260082109 [accx: 0.01 accy: -0.0] 
1621260082134 [accx: 0.01 accy: 0.0] 
1621260082150 [accx: 0.01 accy: 0.01] 
1621260082178 [accx: 0.0 accy: 0.0] 
1621260082190 [accx: 0.0 accy: 0.0] 
1621260082209 [accx: 0.01 accy: 0.01] 
1621260082230 [accx: -0.0 accy: 0.0] 
1621260082252 [accx: 0.0 accy: 0.0] 
1621260082279 [accx: 0.0 accy: -0.0] 
1621260082302 [accx: 0.0 accy: -0.0] 
1621260082315 [accx: 0.0 accy: 0.0] 
1621260082337 [accx: 0.0 accy: -0.0] 
1621260082349 [accx: -0.0 accy: -0.0] 
1621260082394 [accx: 0.0 accy: 0.01] 
1621260082400 [accx: 0.01 accy: 0.0] 
1621260082411 [accx: 0.01 accy: 0.0] 
1621260082431 [accx: 0.01 accy: 0.0] 
1621260082449 [accx: 0.01 accy: 0.0] 
1621260082471 [accx: 0.0 accy: 0.0] 
1621260082512 [accx: 0.01 accy: 0.0] 
1621260082528 [accx: 0.0 accy: 0.01] 
1621260082535 [accx: 0.0 accy: 0.0] 
1621260082549 [accx: 0.0 accy: -0.0] 
1621260082571 [accx: 0.0 accy: 0.0] 
1621260082591 [accx: 0.0 accy: 0.0] 
1621260082609 [accx: 0.01 accy: 0.0] 
1621260082649 [accx: 0.0 accy: -0.0] 
1621260082652 [accx: 0.0 accy: -0.0] 
1621260082688 [accx: 0.0 accy: 0.0] 
1621260082725 [accx: 0.0 accy: 0.0] 
1621260082731 [accx: 0.0 accy: 0.0] 
1621260082737 [accx: -0.0 accy: 0.0] 
1621260082767 [accx: 0.0 accy: -0.0] 
1621260082770 [accx: 0.0 accy: 0.0] 
1621260082798 [accx: 0.0 accy: 0.01] 
1621260082812 [accx: 0.0 accy: 0.0] 
1621260082847 [accx: 0.0 accy: -0.0] 
1621260082851 [accx: -0.0 accy: -0.01] 
1621260082888 [accx: -0.0 accy: -0.01] 
1621260082894 [accx: 0.0 accy: -0.0] 
1621260082912 [accx: 0.0 accy: 0.0] 
1621260082931 [accx: -0.0 accy: 0.0] 
1621260082949 [accx: 0.0 accy: -0.0] 
1621260082970 [accx: 0.0 accy: -0.0] 
1621260082989 [accx: 0.01 accy: -0.0] 
1621260083009 [accx: 0.0 accy: -0.0] 
1621260083029 [accx: 0.0 accy: -0.0] 
1621260083055 [accx: -0.0 accy: -0.0] 
1621260083069 [accx: 0.0 accy: 0.0] 
1621260083089 [accx: -0.0 accy: 0.0] 
1621260083110 [accx: 0.0 accy: 0.0] 
1621260083129 [accx: 0.0 accy: 0.0] 
1621260083150 [accx: 0.01 accy: 0.0] 
1621260083170 [accx: 0.01 accy: 0.01] 
1621260083189 [accx: 0.0 accy: 0.0] 
1621260083209 [accx: 0.01 accy: 0.0] 
1621260083229 [accx: 0.01 accy: 0.0] 
1621260083255 [accx: 0.0 accy: -0.0] 
1621260083271 [accx: 0.0 accy: -0.01] 
1621260083289 [accx: 0.0 accy: -0.0] 
1621260083311 [accx: 0.0 accy: -0.0] 
1621260083330 [accx: 0.0 accy: -0.0] 
1621260083354 [accx: 0.0 accy: -0.0] 
1621260083369 [accx: -0.0 accy: 0.0] 
1621260083391 [accx: 0.0 accy: -0.0] 
1621260083410 [accx: 0.01 accy: 0.0] 
1621260083432 [accx: 0.0 accy: 0.0] 
1621260083452 [accx: 0.0 accy: 0.01] 
1621260083471 [accx: 0.0 accy: 0.0] 
1621260083489 [accx: 0.0 accy: 0.01] 
1621260083509 [accx: 0.0 accy: 0.0] 
1621260083538 [accx: -0.0 accy: 0.0] 
1621260083568 [accx: 0.0 accy: 0.0] 
1621260083571 [accx: 0.0 accy: 0.0] 
1621260083613 [accx: 0.01 accy: 0.0] 
1621260083616 [accx: 0.01 accy: 0.0] 
1621260083629 [accx: 0.01 accy: 0.0] 
1621260083649 [accx: 0.0 accy: -0.0] 
1621260083669 [accx: 0.01 accy: -0.0] 
1621260083692 [accx: 0.01 accy: 0.0] 
1621260083724 [accx: 0.0 accy: 0.0] 
1621260083731 [accx: 0.01 accy: -0.0] 
1621260083768 [accx: 0.0 accy: 0.0] 
1621260083777 [accx: -0.0 accy: 0.0] 
1621260083807 [accx: 0.0 accy: 0.0] 
1621260083812 [accx: 0.0 accy: -0.0] 
1621260083830 [accx: 0.0 accy: 0.0] 
1621260083851 [accx: 0.0 accy: 0.0] 
1621260083870 [accx: 0.0 accy: 0.0] 
1621260083890 [accx: -0.0 accy: 0.0] 
1621260083911 [accx: 0.01 accy: 0.0] 
1621260083929 [accx: -0.0 accy: 0.0] 
1621260083960 [accx: -0.0 accy: 0.0] 
1621260083969 [accx: -0.0 accy: -0.0] 
1621260083991 [accx: -0.0 accy: -0.0] 
1621260084013 [accx: 0.01 accy: 0.0] 
1621260084034 [accx: 0.01 accy: 0.0] 
1621260084048 [accx: 0.01 accy: 0.0] 
1621260084069 [accx: 0.01 accy: -0.0] 
1621260084098 [accx: 0.01 accy: -0.0] 
1621260084110 [accx: 0.0 accy: -0.0] 
1621260084132 [accx: 0.01 accy: -0.0] 
1621260084149 [accx: 0.0 accy: 0.0] 
1621260084170 [accx: 0.01 accy: 0.0] 
1621260084194 [accx: 0.01 accy: 0.0] 
1621260084210 [accx: 0.01 accy: -0.0] 
1621260084231 [accx: 0.01 accy: 0.0] 
1621260084249 [accx: 0.01 accy: 0.0] 
1621260084269 [accx: 0.0 accy: 0.0] 
1621260084289 [accx: 0.0 accy: -0.0] 
1621260084309 [accx: -0.0 accy: -0.0] 
1621260084329 [accx: -0.01 accy: -0.01] 
1621260084349 [accx: -0.0 accy: -0.0] 
1621260084369 [accx: -0.0 accy: -0.0] 
1621260084390 [accx: 0.0 accy: -0.01] 
1621260084412 [accx: 0.01 accy: 0.0] 
1621260084429 [accx: 0.01 accy: 0.0] 
1621260084450 [accx: 0.0 accy: 0.0] 
1621260084469 [accx: -0.0 accy: 0.01] 
1621260084490 [accx: -0.0 accy: 0.01] 
1621260084509 [accx: -0.0 accy: 0.01] 
1621260084529 [accx: 0.0 accy: 0.01] 
1621260084548 [accx: 0.01 accy: 0.0] 
1621260084571 [accx: 0.01 accy: 0.0] 
1621260084589 [accx: 0.01 accy: -0.0] 
1621260084609 [accx: -0.0 accy: -0.0] 
1621260084629 [accx: 0.01 accy: 0.0] 
1621260084651 [accx: 0.01 accy: -0.0] 
1621260084669 [accx: 0.0 accy: -0.0] 
1621260084689 [accx: 0.01 accy: -0.0] 
1621260084711 [accx: 0.0 accy: -0.0] 
1621260084730 [accx: 0.0 accy: -0.01] 
1621260084752 [accx: 0.01 accy: -0.0] 
1621260084770 [accx: 0.01 accy: -0.0] 
1621260084793 [accx: 0.0 accy: 0.0] 
1621260084809 [accx: 0.01 accy: 0.0] 
1621260084833 [accx: 0.01 accy: -0.0] 
1621260084848 [accx: 0.01 accy: -0.0] 
1621260084870 [accx: 0.01 accy: -0.0] 
1621260084889 [accx: 0.0 accy: -0.0] 
1621260084914 [accx: 0.0 accy: -0.0] 
1621260084928 [accx: 0.0 accy: -0.0] 
1621260084950 [accx: 0.01 accy: -0.0] 
1621260084969 [accx: 0.01 accy: 0.0] 
1621260084989 [accx: 0.0 accy: 0.0] 
1621260085010 [accx: 0.0 accy: -0.0] 
1621260085029 [accx: 0.0 accy: 0.0] 
1621260085049 [accx: -0.0 accy: 0.0] 
1621260085072 [accx: 0.0 accy: -0.0] 
1621260085088 [accx: 0.01 accy: 0.0] 
1621260085112 [accx: 0.0 accy: -0.0] 
1621260085129 [accx: 0.01 accy: 0.0] 
1621260085154 [accx: 0.01 accy: 0.0] 
1621260085170 [accx: 0.0 accy: 0.0] 
1621260085194 [accx: 0.0 accy: 0.0] 
1621260085209 [accx: 0.01 accy: -0.0] 
1621260085231 [accx: -0.0 accy: -0.0] 
1621260085249 [accx: -0.0 accy: 0.0] 
1621260085272 [accx: -0.0 accy: 0.0] 
1621260085290 [accx: 0.0 accy: -0.0] 
1621260085311 [accx: 0.0 accy: -0.0] 
1621260085335 [accx: 0.0 accy: -0.0] 
1621260085349 [accx: 0.0 accy: 0.0] 
1621260085374 [accx: 0.01 accy: 0.0] 
1621260085391 [accx: 0.01 accy: 0.0] 
1621260085409 [accx: 0.0 accy: -0.0] 
1621260085432 [accx: 0.01 accy: 0.0] 
1621260085449 [accx: 0.0 accy: -0.0] 
1621260085471 [accx: 0.01 accy: -0.0] 
1621260085489 [accx: 0.01 accy: 0.0] 
1621260085510 [accx: 0.01 accy: 0.0] 
1621260085529 [accx: 0.0 accy: -0.0] 
1621260085550 [accx: 0.01 accy: -0.0] 
1621260085571 [accx: 0.0 accy: -0.0] 
1621260085589 [accx: 0.01 accy: 0.0] 
1621260085608 [accx: 0.01 accy: 0.0] 
1621260085631 [accx: 0.0 accy: -0.0] 
1621260085648 [accx: 0.01 accy: 0.0] 
1621260085668 [accx: 0.0 accy: 0.0] 
1621260085689 [accx: -0.0 accy: -0.0] 
1621260085709 [accx: 0.0 accy: -0.0] 
1621260085730 [accx: 0.01 accy: -0.0] 
1621260085750 [accx: 0.01 accy: -0.0] 
1621260085769 [accx: 0.01 accy: -0.0] 
1621260085789 [accx: 0.01 accy: -0.0] 
1621260085809 [accx: 0.01 accy: -0.01] 
1621260085829 [accx: 0.01 accy: -0.0] 
1621260085848 [accx: 0.01 accy: -0.0] 
1621260085869 [accx: 0.01 accy: -0.0] 
1621260085889 [accx: 0.01 accy: -0.0] 
1621260085909 [accx: 0.01 accy: 0.0] 
1621260085929 [accx: 0.01 accy: 0.01] 
1621260085950 [accx: 0.02 accy: 0.01] 
1621260085969 [accx: 0.01 accy: 0.0] 
1621260085991 [accx: 0.01 accy: -0.0] 
1621260086009 [accx: 0.01 accy: 0.0] 
1621260086029 [accx: 0.0 accy: 0.0] 
1621260086049 [accx: 0.0 accy: 0.0] 
1621260086071 [accx: 0.0 accy: 0.0] 
1621260086088 [accx: 0.0 accy: 0.0] 
1621260086110 [accx: 0.0 accy: 0.01] 
1621260086129 [accx: 0.0 accy: 0.01] 
1621260086149 [accx: -0.0 accy: -0.0] 
1621260086169 [accx: 0.0 accy: 0.01] 
1621260086189 [accx: 0.0 accy: 0.01] 
1621260086209 [accx: 0.0 accy: 0.0] 
1621260086229 [accx: 0.0 accy: -0.0] 
1621260086249 [accx: 0.01 accy: -0.0] 
1621260086269 [accx: 0.01 accy: -0.01] 
1621260086289 [accx: 0.01 accy: -0.01] 
1621260086309 [accx: 0.0 accy: -0.0] 
1621260086329 [accx: 0.0 accy: -0.0] 
1621260086349 [accx: 0.0 accy: 0.0] 
1621260086370 [accx: 0.0 accy: -0.0] 
1621260086389 [accx: 0.01 accy: -0.0] 
1621260086410 [accx: 0.0 accy: 0.0] 
1621260086429 [accx: -0.0 accy: -0.0] 
1621260086448 [accx: 0.01 accy: -0.0] 
1621260086469 [accx: 0.01 accy: -0.0] 
1621260086492 [accx: -0.0 accy: -0.0] 
1621260086509 [accx: 0.0 accy: 0.0] 
1621260086529 [accx: 0.0 accy: 0.0] 
1621260086549 [accx: -0.0 accy: -0.0] 
1621260086569 [accx: 0.01 accy: -0.0] 
1621260086589 [accx: 0.01 accy: 0.0] 
1621260086609 [accx: 0.0 accy: -0.0] 
1621260086630 [accx: 0.01 accy: -0.0] 
1621260086648 [accx: 0.0 accy: 0.0] 
1621260086669 [accx: 0.0 accy: -0.0] 
1621260086689 [accx: 0.01 accy: 0.01] 
1621260086709 [accx: 0.01 accy: -0.0] 
1621260086729 [accx: 0.0 accy: -0.0] 
1621260086748 [accx: 0.01 accy: -0.0] 
1621260086768 [accx: 0.01 accy: 0.0] 
1621260086789 [accx: 0.01 accy: -0.0] 
1621260086809 [accx: 0.01 accy: -0.0] 
1621260086829 [accx: 0.0 accy: -0.0] 
1621260086849 [accx: 0.0 accy: -0.0] 
1621260086868 [accx: 0.01 accy: -0.01] 
1621260086889 [accx: 0.02 accy: -0.0] 
1621260086910 [accx: 0.01 accy: -0.0] 
1621260086929 [accx: 0.01 accy: 0.0] 
1621260086949 [accx: 0.01 accy: -0.0] 
1621260086969 [accx: 0.0 accy: -0.0] 
1621260086989 [accx: 0.01 accy: -0.0] 
1621260087010 [accx: 0.0 accy: -0.0] 
1621260087029 [accx: 0.0 accy: -0.0] 
1621260087052 [accx: 0.01 accy: 0.0] 
1621260087068 [accx: 0.0 accy: 0.0] 
1621260087090 [accx: 0.01 accy: 0.0] 
1621260087108 [accx: 0.01 accy: -0.0] 
1621260087129 [accx: 0.0 accy: -0.0] 
1621260087149 [accx: 0.01 accy: -0.01] 
1621260087169 [accx: 0.02 accy: -0.01] 
1621260087191 [accx: 0.01 accy: -0.01] 
1621260087209 [accx: 0.01 accy: -0.0] 
1621260087229 [accx: 0.0 accy: -0.0] 
1621260087249 [accx: -0.0 accy: -0.01] 
1621260087269 [accx: 0.01 accy: -0.0] 
1621260087289 [accx: 0.01 accy: 0.0] 
1621260087310 [accx: 0.0 accy: -0.0] 
1621260087329 [accx: 0.01 accy: -0.01] 
1621260087348 [accx: 0.01 accy: 0.0] 
1621260087369 [accx: 0.01 accy: 0.0] 
1621260087389 [accx: 0.01 accy: 0.0] 
1621260087410 [accx: 0.0 accy: 0.0] 
1621260087430 [accx: 0.0 accy: -0.0] 
1621260087449 [accx: 0.01 accy: -0.0] 
1621260087469 [accx: 0.01 accy: -0.0] 
1621260087489 [accx: 0.0 accy: -0.01] 
1621260087509 [accx: 0.01 accy: -0.0] 
1621260087531 [accx: 0.0 accy: -0.0] 
1621260087552 [accx: -0.0 accy: -0.0] 
1621260087569 [accx: 0.0 accy: 0.0] 
1621260087589 [accx: 0.0 accy: 0.0] 
1621260087610 [accx: 0.0 accy: 0.0] 
1621260087629 [accx: 0.0 accy: 0.0] 
1621260087651 [accx: 0.0 accy: -0.0] 
1621260087670 [accx: 0.0 accy: -0.0] 
1621260087693 [accx: 0.01 accy: -0.0] 
1621260087709 [accx: -0.0 accy: -0.0] 
1621260087729 [accx: 0.01 accy: 0.0] 
1621260087749 [accx: 0.01 accy: 0.0] 
1621260087776 [accx: 0.01 accy: 0.0] 
1621260087788 [accx: 0.01 accy: 0.0] 
1621260087809 [accx: 0.01 accy: -0.0] 
1621260087829 [accx: 0.01 accy: -0.0] 
1621260087849 [accx: 0.0 accy: -0.0] 
1621260087869 [accx: 0.01 accy: -0.0] 
1621260087889 [accx: 0.0 accy: 0.0] 
1621260087909 [accx: 0.01 accy: -0.01] 
1621260087933 [accx: 0.01 accy: -0.01] 
1621260087949 [accx: 0.01 accy: -0.01] 
1621260087969 [accx: 0.01 accy: -0.01] 
1621260087989 [accx: 0.01 accy: -0.0] 
1621260088009 [accx: 0.0 accy: -0.0] 
1621260088029 [accx: 0.01 accy: -0.0] 
1621260088048 [accx: 0.01 accy: -0.0] 
1621260088070 [accx: 0.0 accy: -0.0] 
1621260088089 [accx: 0.01 accy: -0.0] 
1621260088109 [accx: 0.0 accy: -0.0] 
1621260088129 [accx: 0.01 accy: -0.01] 
1621260088149 [accx: 0.01 accy: -0.01] 
1621260088170 [accx: 0.01 accy: -0.0] 
1621260088189 [accx: 0.01 accy: -0.0] 
1621260088209 [accx: 0.0 accy: -0.01] 
1621260088229 [accx: -0.0 accy: -0.01] 
1621260088249 [accx: -0.0 accy: -0.0] 
1621260088269 [accx: 0.01 accy: -0.01] 
1621260088289 [accx: 0.0 accy: -0.01] 
1621260088309 [accx: 0.0 accy: -0.0] 
1621260088328 [accx: 0.01 accy: 0.0] 
1621260088351 [accx: 0.01 accy: 0.01] 
1621260088369 [accx: 0.0 accy: 0.0] 
1621260088389 [accx: 0.01 accy: 0.01] 
1621260088410 [accx: 0.01 accy: 0.0] 
1621260088432 [accx: 0.01 accy: -0.0] 
1621260088448 [accx: 0.0 accy: -0.0] 
1621260088473 [accx: 0.0 accy: -0.01] 
1621260088488 [accx: 0.01 accy: -0.0] 
1621260088511 [accx: 0.01 accy: 0.0] 
1621260088529 [accx: 0.01 accy: -0.0] 
1621260088549 [accx: 0.01 accy: -0.0] 
1621260088569 [accx: 0.0 accy: -0.0] 
1621260088590 [accx: 0.0 accy: -0.0] 
1621260088609 [accx: 0.0 accy: -0.0] 
1621260088632 [accx: 0.0 accy: 0.0] 
1621260088649 [accx: 0.0 accy: -0.0] 
1621260088670 [accx: 0.0 accy: -0.0] 
1621260088689 [accx: 0.0 accy: -0.0] 
1621260088709 [accx: 0.0 accy: -0.0] 
1621260088729 [accx: 0.0 accy: 0.0] 
1621260088749 [accx: -0.0 accy: 0.01] 
1621260088770 [accx: -0.0 accy: 0.0] 
1621260088789 [accx: 0.0 accy: 0.0] 
1621260088809 [accx: 0.01 accy: 0.0] 
1621260088829 [accx: 0.0 accy: 0.01] 
1621260088849 [accx: 0.01 accy: 0.01] 
1621260088871 [accx: 0.01 accy: 0.0] 
1621260088889 [accx: 0.0 accy: -0.0] 
1621260088909 [accx: 0.01 accy: -0.0] 
1621260088929 [accx: 0.0 accy: -0.0] 
1621260088949 [accx: 0.0 accy: -0.0] 
1621260088969 [accx: 0.01 accy: -0.01] 
1621260088988 [accx: 0.01 accy: -0.0] 
1621260089009 [accx: 0.0 accy: -0.0] 
1621260089033 [accx: 0.01 accy: -0.0] 
1621260089049 [accx: 0.01 accy: -0.0] 
1621260089071 [accx: 0.0 accy: -0.0] 
1621260089089 [accx: 0.0 accy: -0.0] 
1621260089111 [accx: 0.0 accy: -0.0] 
1621260089129 [accx: 0.0 accy: -0.0] 
1621260089149 [accx: 0.01 accy: -0.01] 
1621260089169 [accx: 0.01 accy: -0.0] 
1621260089190 [accx: 0.01 accy: 0.0] 
1621260089209 [accx: 0.01 accy: -0.0] 
1621260089229 [accx: 0.0 accy: 0.0] 
1621260089253 [accx: 0.0 accy: -0.0] 
1621260089271 [accx: -0.0 accy: -0.0] 
1621260089288 [accx: -0.0 accy: -0.0] 
1621260089309 [accx: 0.0 accy: 0.0] 
1621260089329 [accx: 0.01 accy: -0.0] 
1621260089349 [accx: 0.01 accy: 0.0] 
1621260089369 [accx: 0.01 accy: -0.0] 
1621260089391 [accx: 0.01 accy: -0.0] 
1621260089409 [accx: 0.01 accy: -0.0] 
1621260089429 [accx: 0.0 accy: 0.01] 
1621260089449 [accx: 0.01 accy: 0.01] 
1621260089469 [accx: 0.01 accy: 0.0] 
1621260089489 [accx: 0.01 accy: 0.0] 
1621260089509 [accx: 0.01 accy: 0.0] 
1621260089529 [accx: 0.01 accy: -0.0] 
1621260089548 [accx: 0.01 accy: -0.0] 
1621260089569 [accx: 0.01 accy: -0.0] 
1621260089588 [accx: 0.0 accy: -0.0] 
1621260089609 [accx: 0.0 accy: -0.0] 
1621260089629 [accx: 0.0 accy: -0.0] 
1621260089649 [accx: 0.0 accy: -0.0] 
1621260089669 [accx: 0.0 accy: 0.0] 
1621260089689 [accx: 0.0 accy: 0.0] 
1621260089709 [accx: 0.0 accy: 0.0] 
1621260089734 [accx: 0.01 accy: 0.0] 
1621260089748 [accx: 0.0 accy: 0.0] 
1621260089769 [accx: -0.01 accy: 0.01] 
1621260089789 [accx: 0.01 accy: 0.01] 
1621260089813 [accx: 0.01 accy: -0.0] 
1621260089828 [accx: -0.0 accy: 0.0] 
1621260089850 [accx: 0.01 accy: 0.0] 
1621260089869 [accx: 0.01 accy: -0.0] 
1621260089888 [accx: -0.0 accy: -0.01] 
1621260089909 [accx: 0.01 accy: -0.0] 
1621260089934 [accx: 0.01 accy: 0.0] 
1621260089949 [accx: 0.01 accy: 0.0] 
1621260089972 [accx: 0.01 accy: -0.01] 
1621260089989 [accx: 0.01 accy: -0.0] 
1621260090008 [accx: 0.01 accy: -0.0] 
1621260090029 [accx: 0.01 accy: 0.0] 
1621260090049 [accx: 0.01 accy: 0.0] 
1621260090068 [accx: 0.01 accy: 0.0] 
1621260090089 [accx: 0.01 accy: -0.0] 
1621260090109 [accx: 0.01 accy: -0.0] 
1621260090129 [accx: 0.0 accy: -0.0] 
1621260090149 [accx: 0.01 accy: 0.0] 
1621260090169 [accx: 0.0 accy: -0.0] 
1621260090189 [accx: 0.01 accy: 0.0] 
1621260090209 [accx: 0.01 accy: -0.0] 
1621260090228 [accx: 0.0 accy: 0.0] 
1621260090249 [accx: 0.01 accy: 0.0] 
1621260090269 [accx: 0.01 accy: 0.0] 
1621260090289 [accx: 0.0 accy: 0.0] 
1621260090309 [accx: -0.0 accy: -0.0] 
1621260090329 [accx: 0.01 accy: -0.01] 
1621260090350 [accx: 0.01 accy: 0.0] 
1621260090369 [accx: 0.01 accy: -0.0] 
1621260090389 [accx: 0.01 accy: -0.0] 
1621260090409 [accx: 0.0 accy: 0.0] 
1621260090429 [accx: -0.0 accy: -0.0] 
1621260090449 [accx: -0.0 accy: 0.0] 
1621260090469 [accx: 0.0 accy: 0.0] 
1621260090489 [accx: 0.01 accy: 0.0] 
1621260090510 [accx: 0.0 accy: 0.01] 
1621260090529 [accx: -0.0 accy: 0.0] 
1621260090549 [accx: 0.0 accy: 0.0] 
1621260090572 [accx: 0.01 accy: 0.0] 
1621260090589 [accx: 0.0 accy: -0.0] 
1621260090611 [accx: 0.0 accy: -0.0] 
1621260090629 [accx: 0.01 accy: -0.01] 
1621260090649 [accx: 0.0 accy: -0.01] 
1621260090669 [accx: 0.01 accy: -0.0] 
1621260090689 [accx: 0.0 accy: -0.0] 
1621260090709 [accx: 0.0 accy: -0.0] 
1621260090731 [accx: 0.0 accy: 0.0] 
1621260090749 [accx: 0.01 accy: -0.0] 
1621260090771 [accx: 0.0 accy: 0.01] 
1621260090791 [accx: 0.01 accy: 0.01] 
1621260090809 [accx: -0.0 accy: 0.0] 
1621260090829 [accx: -0.0 accy: -0.0] 
1621260090848 [accx: 0.01 accy: -0.0] 
1621260090868 [accx: 0.0 accy: 0.0] 
1621260090889 [accx: 0.0 accy: 0.0] 
1621260090909 [accx: 0.01 accy: 0.01] 
1621260090929 [accx: 0.01 accy: 0.0] 
1621260090949 [accx: 0.01 accy: 0.01] 
1621260090968 [accx: 0.01 accy: 0.0] 
1621260090988 [accx: 0.01 accy: 0.0] 
1621260091009 [accx: 0.0 accy: 0.0] 
1621260091029 [accx: 0.01 accy: 0.0] 
1621260091049 [accx: 0.0 accy: -0.01] 
1621260091069 [accx: -0.0 accy: -0.01] 
1621260091089 [accx: 0.0 accy: -0.0] 
1621260091109 [accx: 0.0 accy: -0.0] 
1621260091129 [accx: 0.0 accy: 0.0] 
1621260091149 [accx: 0.01 accy: 0.01] 
1621260091169 [accx: 0.01 accy: 0.01] 
1621260091189 [accx: 0.01 accy: 0.01] 
1621260091209 [accx: 0.0 accy: 0.01] 
1621260091229 [accx: -0.0 accy: 0.0] 
1621260091251 [accx: -0.0 accy: 0.0] 
1621260091269 [accx: 0.01 accy: 0.0] 
1621260091289 [accx: 0.0 accy: 0.01] 
1621260091308 [accx: 0.0 accy: 0.01] 
1621260091328 [accx: 0.01 accy: 0.0] 
1621260091355 [accx: 0.0 accy: -0.0] 
