1622260413860 [accx: -0.0 accy: 0.0] 
1622260413863 [accx: -0.0 accy: -0.0] 
1622260413880 [accx: -0.0 accy: -0.0] 
1622260413897 [accx: -0.0 accy: -0.0] 
1622260413917 [accx: -0.0 accy: -0.0] 
1622260413938 [accx: 0.0 accy: -0.0] 
1622260413957 [accx: 0.0 accy: -0.0] 
1622260413977 [accx: 0.0 accy: -0.0] 
1622260413997 [accx: -0.0 accy: -0.01] 
1622260414017 [accx: 0.0 accy: -0.0] 
1622260414036 [accx: -0.0 accy: -0.0] 
1622260414056 [accx: 0.0 accy: -0.0] 
1622260414076 [accx: 0.01 accy: 0.0] 
1622260414096 [accx: 0.0 accy: 0.0] 
1622260414117 [accx: -0.0 accy: 0.0] 
1622260414137 [accx: 0.0 accy: 0.0] 
1622260414156 [accx: -0.0 accy: 0.0] 
1622260414176 [accx: 0.0 accy: 0.0] 
1622260414197 [accx: -0.01 accy: -0.01] 
1622260414216 [accx: -0.0 accy: -0.0] 
1622260414237 [accx: 0.0 accy: -0.0] 
1622260414257 [accx: 0.0 accy: 0.0] 
1622260414277 [accx: 0.01 accy: 0.0] 
1622260414296 [accx: 0.01 accy: -0.0] 
1622260414316 [accx: 0.0 accy: -0.01] 
1622260414337 [accx: 0.01 accy: 0.0] 
1622260414357 [accx: 0.01 accy: 0.0] 
1622260414376 [accx: 0.0 accy: -0.01] 
1622260414396 [accx: 0.0 accy: -0.0] 
1622260414417 [accx: 0.0 accy: -0.0] 
1622260414436 [accx: 0.0 accy: -0.01] 
1622260414456 [accx: -0.0 accy: -0.0] 
1622260414476 [accx: 0.0 accy: -0.0] 
1622260414497 [accx: 0.0 accy: -0.01] 
1622260414517 [accx: 0.0 accy: -0.0] 
1622260414537 [accx: 0.0 accy: 0.0] 
1622260414556 [accx: 0.0 accy: 0.0] 
1622260414577 [accx: 0.0 accy: 0.0] 
1622260414596 [accx: -0.0 accy: -0.0] 
1622260414617 [accx: -0.0 accy: 0.0] 
1622260414636 [accx: -0.0 accy: -0.0] 
1622260414657 [accx: -0.0 accy: 0.0] 
1622260414677 [accx: -0.0 accy: -0.0] 
1622260414697 [accx: -0.01 accy: 0.0] 
1622260414717 [accx: -0.0 accy: -0.0] 
1622260414737 [accx: 0.0 accy: -0.0] 
1622260414756 [accx: 0.0 accy: -0.0] 
1622260414776 [accx: 0.01 accy: 0.0] 
1622260414797 [accx: 0.0 accy: -0.0] 
1622260414817 [accx: 0.01 accy: -0.0] 
1622260414836 [accx: 0.01 accy: -0.01] 
