1621097803808 [accx: -0.0 accy: 0.0] 
1621097803815 [Publish IMU fail] 
1621097803818 [accx: -0.0 accy: 0.0] 
1621097803825 [Publish IMU fail] 
1621097803839 [accx: -0.0 accy: 0.01] 
1621097803844 [Publish IMU fail] 
1621097803859 [accx: 0.0 accy: 0.01] 
1621097803891 [Publish IMU fail] 
1621097803897 [accx: -0.0 accy: 0.0] 
1621097803905 [Publish IMU fail] 
1621097803908 [accx: -0.0 accy: 0.01] 
1621097803928 [Publish IMU fail] 
1621097803932 [accx: -0.0 accy: 0.0] 
1621097803940 [Publish IMU fail] 
1621097803945 [accx: 0.0 accy: 0.0] 
1621097803956 [Publish IMU fail] 
1621097803960 [accx: -0.0 accy: 0.0] 
1621097803982 [Publish IMU fail] 
1621097803985 [accx: 0.0 accy: 0.01] 
1621097803994 [Publish IMU fail] 
1621097803998 [accx: -0.0 accy: 0.01] 
1621097804008 [Publish IMU fail] 
1621097804020 [accx: -0.01 accy: 0.0] 
1621097804030 [Publish IMU fail] 
1621097804040 [accx: -0.01 accy: 0.0] 
1621097804061 [Publish IMU fail] 
1621097804064 [accx: -0.01 accy: 0.0] 
1621097804072 [Publish IMU fail] 
1621097804078 [accx: -0.0 accy: 0.0] 
1621097804092 [Publish IMU fail] 
1621097804102 [accx: 0.0 accy: -0.0] 
1621097804106 [Publish IMU fail] 
1621097804118 [accx: -0.0 accy: -0.0] 
1621097804122 [Publish IMU fail] 
1621097804140 [accx: -0.0 accy: 0.0] 
1621097804146 [Publish IMU fail] 
1621097804159 [accx: 0.0 accy: 0.0] 
1621097804168 [Publish IMU fail] 
1621097804178 [accx: -0.0 accy: 0.0] 
1621097804188 [Publish IMU fail] 
1621097804199 [accx: -0.0 accy: 0.0] 
1621097804204 [Publish IMU fail] 
1621097804218 [accx: -0.0 accy: -0.0] 
1621097804222 [Publish IMU fail] 
1621097804238 [accx: 0.0 accy: -0.0] 
1621097804243 [Publish IMU fail] 
1621097804259 [accx: -0.0 accy: -0.0] 
1621097804267 [Publish IMU fail] 
1621097804277 [accx: 0.0 accy: -0.01] 
1621097804281 [Publish IMU fail] 
1621097804298 [accx: 0.01 accy: 0.0] 
1621097804302 [Publish IMU fail] 
1621097804318 [accx: -0.0 accy: -0.0] 
1621097804323 [Publish IMU fail] 
1621097804338 [accx: 0.0 accy: 0.0] 
1621097804343 [Publish IMU fail] 
1621097804358 [accx: 0.0 accy: -0.0] 
1621097804363 [Publish IMU fail] 
1621097804378 [accx: 0.0 accy: 0.0] 
1621097804382 [Publish IMU fail] 
1621097804398 [accx: 0.0 accy: -0.0] 
1621097804402 [Publish IMU fail] 
1621097804419 [accx: -0.0 accy: 0.0] 
1621097804423 [Publish IMU fail] 
1621097804439 [accx: 0.0 accy: -0.0] 
1621097804444 [Publish IMU fail] 
1621097804465 [accx: 0.0 accy: 0.0] 
1621097804469 [Publish IMU fail] 
1621097804478 [accx: 0.0 accy: 0.01] 
1621097804482 [Publish IMU fail] 
1621097804498 [accx: -0.0 accy: 0.0] 
1621097804501 [Publish IMU fail] 
1621097804518 [accx: 0.0 accy: 0.0] 
1621097804523 [Publish IMU fail] 
1621097804538 [accx: -0.0 accy: 0.01] 
1621097804547 [Publish IMU fail] 
1621097804559 [accx: 0.0 accy: 0.01] 
1621097804563 [Publish IMU fail] 
1621097804577 [accx: 0.0 accy: 0.01] 
1621097804583 [Publish IMU fail] 
1621097804597 [accx: 0.0 accy: 0.01] 
1621097804601 [Publish IMU fail] 
1621097804619 [accx: -0.0 accy: 0.0] 
1621097804624 [Publish IMU fail] 
1621097804638 [accx: 0.0 accy: -0.0] 
1621097804644 [Publish IMU fail] 
1621097804658 [accx: 0.0 accy: -0.0] 
1621097804662 [Publish IMU fail] 
1621097804678 [accx: 0.0 accy: 0.0] 
1621097804684 [Publish IMU fail] 
1621097804698 [accx: 0.0 accy: 0.0] 
1621097804703 [Publish IMU fail] 
1621097804724 [accx: -0.01 accy: -0.0] 
1621097804729 [Publish IMU fail] 
1621097804745 [accx: -0.01 accy: -0.0] 
1621097804751 [Publish IMU fail] 
1621097804759 [accx: -0.0 accy: -0.0] 
1621097804772 [Publish IMU fail] 
1621097804782 [accx: 0.0 accy: -0.01] 
1621097804788 [Publish IMU fail] 
1621097804797 [accx: 0.0 accy: 0.0] 
1621097804801 [Publish IMU fail] 
1621097804820 [accx: 0.0 accy: 0.0] 
1621097804829 [Publish IMU fail] 
1621097804838 [accx: 0.01 accy: -0.0] 
1621097804856 [Publish IMU fail] 
1621097804859 [accx: 0.0 accy: 0.0] 
1621097804863 [Publish IMU fail] 
1621097804878 [accx: 0.0 accy: -0.0] 
1621097804884 [Publish IMU fail] 
1621097804897 [accx: 0.0 accy: -0.0] 
1621097804901 [Publish IMU fail] 
1621097804918 [accx: 0.0 accy: -0.01] 
1621097804922 [Publish IMU fail] 
1621097804938 [accx: 0.0 accy: -0.01] 
1621097804949 [Publish IMU fail] 
1621097804958 [accx: -0.0 accy: -0.01] 
1621097804962 [Publish IMU fail] 
1621097804979 [accx: -0.0 accy: -0.01] 
1621097804985 [Publish IMU fail] 
1621097804998 [accx: -0.0 accy: -0.01] 
1621097805001 [Publish IMU fail] 
1621097805018 [accx: -0.0 accy: -0.0] 
1621097805022 [Publish IMU fail] 
1621097805038 [accx: 0.0 accy: -0.01] 
1621097805043 [Publish IMU fail] 
1621097805058 [accx: 0.0 accy: -0.0] 
1621097805061 [Publish IMU fail] 
1621097805077 [accx: 0.0 accy: 0.0] 
1621097805083 [Publish IMU fail] 
1621097805097 [accx: 0.0 accy: 0.0] 
1621097805102 [Publish IMU fail] 
1621097805117 [accx: 0.0 accy: 0.0] 
1621097805122 [Publish IMU fail] 
1621097805138 [accx: 0.0 accy: -0.0] 
1621097805145 [Publish IMU fail] 
1621097805158 [accx: -0.0 accy: -0.0] 
1621097805164 [Publish IMU fail] 
1621097805178 [accx: -0.0 accy: -0.0] 
1621097805201 [Publish IMU fail] 
1621097805205 [accx: 0.0 accy: -0.01] 
1621097805209 [Publish IMU fail] 
1621097805220 [accx: -0.0 accy: -0.0] 
1621097805225 [Publish IMU fail] 
1621097805238 [accx: 0.0 accy: -0.0] 
1621097805245 [Publish IMU fail] 
1621097805258 [accx: -0.01 accy: -0.0] 
1621097805262 [Publish IMU fail] 
1621097805278 [accx: -0.01 accy: 0.0] 
1621097805282 [Publish IMU fail] 
1621097805297 [accx: -0.01 accy: 0.01] 
1621097805301 [Publish IMU fail] 
1621097805318 [accx: 0.0 accy: 0.0] 
1621097805322 [Publish IMU fail] 
1621097805341 [accx: 0.0 accy: -0.0] 
1621097805347 [Publish IMU fail] 
1621097805358 [accx: 0.0 accy: -0.0] 
1621097805362 [Publish IMU fail] 
1621097805378 [accx: 0.0 accy: 0.01] 
1621097805383 [Publish IMU fail] 
1621097805398 [accx: 0.0 accy: 0.0] 
1621097805403 [Publish IMU fail] 
1621097805418 [accx: -0.0 accy: 0.0] 
1621097805422 [Publish IMU fail] 
1621097805438 [accx: -0.0 accy: 0.01] 
1621097805443 [Publish IMU fail] 
1621097805458 [accx: 0.0 accy: 0.0] 
1621097805462 [Publish IMU fail] 
1621097805480 [accx: 0.01 accy: 0.0] 
1621097805484 [Publish IMU fail] 
1621097805498 [accx: 0.0 accy: 0.0] 
1621097805503 [Publish IMU fail] 
1621097805518 [accx: -0.0 accy: 0.01] 
1621097805522 [Publish IMU fail] 
1621097805538 [accx: -0.0 accy: 0.01] 
1621097805554 [Publish IMU fail] 
1621097805561 [accx: 0.0 accy: 0.0] 
1621097805569 [Publish IMU fail] 
1621097805578 [accx: 0.01 accy: 0.0] 
1621097805583 [Publish IMU fail] 
1621097805598 [accx: 0.01 accy: -0.0] 
1621097805602 [Publish IMU fail] 
1621097805618 [accx: 0.01 accy: -0.0] 
1621097805622 [Publish IMU fail] 
1621097805638 [accx: 0.0 accy: -0.0] 
1621097805644 [Publish IMU fail] 
1621097805658 [accx: -0.0 accy: 0.0] 
1621097805662 [Publish IMU fail] 
1621097805678 [accx: -0.0 accy: 0.0] 
1621097805682 [Publish IMU fail] 
1621097805698 [accx: -0.01 accy: 0.0] 
1621097805702 [Publish IMU fail] 
1621097805717 [accx: -0.0 accy: 0.01] 
1621097805721 [Publish IMU fail] 
1621097805739 [accx: -0.0 accy: -0.0] 
1621097805744 [Publish IMU fail] 
1621097805757 [accx: -0.0 accy: -0.0] 
1621097805761 [Publish IMU fail] 
1621097805777 [accx: 0.0 accy: -0.0] 
1621097805781 [Publish IMU fail] 
1621097805798 [accx: 0.01 accy: -0.01] 
1621097805802 [Publish IMU fail] 
1621097805818 [accx: 0.01 accy: -0.0] 
1621097805822 [Publish IMU fail] 
1621097805840 [accx: 0.0 accy: -0.0] 
1621097805844 [Publish IMU fail] 
1621097805858 [accx: -0.01 accy: -0.01] 
1621097805863 [Publish IMU fail] 
1621097805878 [accx: 0.0 accy: -0.0] 
1621097805881 [Publish IMU fail] 
1621097805898 [accx: -0.0 accy: 0.0] 
1621097805902 [Publish IMU fail] 
1621097805917 [accx: -0.0 accy: 0.0] 
1621097805922 [Publish IMU fail] 
1621097805938 [accx: -0.01 accy: 0.01] 
1621097805941 [Publish IMU fail] 
1621097805958 [accx: -0.0 accy: 0.01] 
1621097805963 [Publish IMU fail] 
1621097805977 [accx: -0.0 accy: 0.0] 
1621097805981 [Publish IMU fail] 
1621097805998 [accx: 0.0 accy: 0.0] 
1621097806002 [Publish IMU fail] 
1621097806018 [accx: -0.0 accy: -0.0] 
1621097806023 [Publish IMU fail] 
1621097806037 [accx: -0.0 accy: 0.0] 
1621097806041 [Publish IMU fail] 
1621097806058 [accx: -0.0 accy: -0.0] 
1621097806063 [Publish IMU fail] 
1621097806078 [accx: -0.01 accy: 0.0] 
1621097806082 [Publish IMU fail] 
1621097806098 [accx: -0.0 accy: 0.0] 
1621097806102 [Publish IMU fail] 
1621097806118 [accx: -0.0 accy: 0.0] 
1621097806125 [Publish IMU fail] 
1621097806138 [accx: 0.0 accy: 0.0] 
1621097806142 [Publish IMU fail] 
1621097806158 [accx: 0.0 accy: 0.01] 
1621097806162 [Publish IMU fail] 
1621097806177 [accx: 0.0 accy: 0.0] 
1621097806181 [Publish IMU fail] 
1621097806198 [accx: 0.0 accy: -0.0] 
1621097806202 [Publish IMU fail] 
1621097806218 [accx: -0.01 accy: 0.0] 
1621097806226 [Publish IMU fail] 
1621097806238 [accx: -0.0 accy: 0.0] 
1621097806256 [Publish IMU fail] 
1621097806267 [accx: -0.0 accy: 0.01] 
1621097806272 [Publish IMU fail] 
1621097806283 [accx: -0.01 accy: 0.01] 
1621097806299 [Publish IMU fail] 
1621097806304 [accx: -0.0 accy: 0.0] 
1621097806310 [Publish IMU fail] 
1621097806321 [accx: -0.0 accy: 0.01] 
1621097806332 [Publish IMU fail] 
1621097806340 [accx: -0.01 accy: 0.0] 
1621097806346 [Publish IMU fail] 
1621097806361 [accx: -0.0 accy: -0.0] 
1621097806373 [Publish IMU fail] 
1621097806378 [accx: -0.0 accy: -0.0] 
1621097806397 [Publish IMU fail] 
1621097806402 [accx: -0.0 accy: -0.0] 
1621097806413 [Publish IMU fail] 
1621097806418 [accx: -0.01 accy: -0.0] 
1621097806423 [Publish IMU fail] 
1621097806438 [accx: -0.0 accy: 0.0] 
1621097806443 [Publish IMU fail] 
1621097806458 [accx: -0.01 accy: 0.0] 
1621097806462 [Publish IMU fail] 
1621097806479 [accx: -0.01 accy: 0.0] 
1621097806484 [Publish IMU fail] 
1621097806498 [accx: -0.0 accy: 0.0] 
1621097806503 [Publish IMU fail] 
1621097806517 [accx: 0.0 accy: 0.01] 
1621097806522 [Publish IMU fail] 
1621097806538 [accx: 0.0 accy: 0.0] 
1621097806544 [Publish IMU fail] 
1621097806560 [accx: 0.0 accy: 0.0] 
1621097806585 [Publish IMU fail] 
1621097806588 [accx: -0.0 accy: 0.0] 
1621097806596 [Publish IMU fail] 
1621097806598 [accx: 0.0 accy: 0.0] 
1621097806602 [Publish IMU fail] 
1621097806618 [accx: -0.0 accy: 0.0] 
1621097806624 [Publish IMU fail] 
1621097806637 [accx: -0.0 accy: 0.0] 
1621097806642 [Publish IMU fail] 
1621097806658 [accx: -0.0 accy: -0.0] 
1621097806664 [Publish IMU fail] 
1621097806678 [accx: 0.0 accy: -0.0] 
1621097806689 [Publish IMU fail] 
1621097806705 [accx: -0.0 accy: 0.0] 
1621097806711 [Publish IMU fail] 
1621097806726 [accx: -0.0 accy: 0.01] 
1621097806733 [Publish IMU fail] 
1621097806749 [accx: -0.0 accy: 0.0] 
1621097806760 [Publish IMU fail] 
1621097806765 [accx: 0.0 accy: 0.01] 
1621097806773 [Publish IMU fail] 
1621097806778 [accx: -0.0 accy: 0.01] 
1621097806788 [Publish IMU fail] 
1621097806799 [accx: -0.0 accy: 0.0] 
1621097806816 [Publish IMU fail] 
1621097806821 [accx: -0.0 accy: 0.0] 
1621097806827 [Publish IMU fail] 
1621097806839 [accx: -0.0 accy: 0.01] 
1621097806845 [Publish IMU fail] 
1621097806867 [accx: -0.0 accy: 0.01] 
1621097806871 [Publish IMU fail] 
1621097806879 [accx: -0.01 accy: 0.01] 
1621097806890 [Publish IMU fail] 
1621097806898 [accx: 0.0 accy: 0.01] 
1621097806915 [Publish IMU fail] 
1621097806917 [accx: 0.0 accy: 0.01] 
1621097806923 [Publish IMU fail] 
1621097806937 [accx: -0.01 accy: 0.0] 
1621097806943 [Publish IMU fail] 
1621097806960 [accx: -0.01 accy: 0.0] 
1621097806969 [Publish IMU fail] 
1621097806978 [accx: -0.01 accy: 0.0] 
1621097806984 [Publish IMU fail] 
1621097806998 [accx: -0.0 accy: 0.0] 
1621097807002 [Publish IMU fail] 
1621097807018 [accx: -0.0 accy: -0.0] 
1621097807022 [Publish IMU fail] 
1621097807038 [accx: 0.0 accy: 0.0] 
1621097807046 [Publish IMU fail] 
1621097807074 [accx: 0.0 accy: 0.0] 
1621097807078 [Publish IMU fail] 
1621097807081 [accx: 0.0 accy: 0.0] 
1621097807090 [Publish IMU fail] 
1621097807098 [accx: -0.0 accy: 0.0] 
1621097807102 [Publish IMU fail] 
1621097807118 [accx: 0.0 accy: 0.0] 
1621097807122 [Publish IMU fail] 
1621097807142 [accx: 0.0 accy: -0.0] 
1621097807148 [Publish IMU fail] 
1621097807158 [accx: -0.0 accy: 0.0] 
1621097807162 [Publish IMU fail] 
1621097807178 [accx: -0.0 accy: -0.0] 
1621097807182 [Publish IMU fail] 
1621097807198 [accx: -0.0 accy: 0.0] 
1621097807203 [Publish IMU fail] 
1621097807217 [accx: -0.0 accy: 0.0] 
1621097807221 [Publish IMU fail] 
1621097807238 [accx: -0.0 accy: 0.01] 
1621097807243 [Publish IMU fail] 
1621097807262 [accx: -0.0 accy: 0.0] 
1621097807268 [Publish IMU fail] 
1621097807278 [accx: -0.0 accy: 0.0] 
1621097807282 [Publish IMU fail] 
1621097807298 [accx: 0.0 accy: 0.0] 
1621097807303 [Publish IMU fail] 
1621097807318 [accx: 0.0 accy: 0.0] 
1621097807322 [Publish IMU fail] 
1621097807339 [accx: 0.0 accy: -0.0] 
1621097807345 [Publish IMU fail] 
1621097807358 [accx: 0.0 accy: 0.0] 
1621097807362 [Publish IMU fail] 
1621097807377 [accx: 0.01 accy: -0.0] 
1621097807382 [Publish IMU fail] 
1621097807399 [accx: 0.01 accy: -0.0] 
1621097807403 [Publish IMU fail] 
1621097807418 [accx: 0.01 accy: 0.01] 
1621097807422 [Publish IMU fail] 
1621097807439 [accx: -0.0 accy: 0.0] 
1621097807443 [Publish IMU fail] 
1621097807458 [accx: 0.0 accy: 0.0] 
1621097807462 [Publish IMU fail] 
1621097807478 [accx: 0.0 accy: 0.01] 
1621097807482 [Publish IMU fail] 
1621097807498 [accx: 0.0 accy: -0.0] 
1621097807503 [Publish IMU fail] 
1621097807517 [accx: -0.0 accy: 0.01] 
1621097807521 [Publish IMU fail] 
1621097807538 [accx: 0.0 accy: 0.01] 
1621097807542 [Publish IMU fail] 
1621097807559 [accx: 0.0 accy: 0.0] 
1621097807565 [Publish IMU fail] 
1621097807578 [accx: -0.0 accy: -0.0] 
1621097807582 [Publish IMU fail] 
1621097807598 [accx: 0.0 accy: 0.01] 
1621097807602 [Publish IMU fail] 
1621097807628 [accx: 0.0 accy: 0.0] 
1621097807632 [Publish IMU fail] 
1621097807640 [accx: -0.0 accy: 0.01] 
1621097807645 [Publish IMU fail] 
1621097807661 [accx: -0.0 accy: 0.0] 
1621097807666 [Publish IMU fail] 
1621097807678 [accx: -0.0 accy: 0.0] 
1621097807682 [Publish IMU fail] 
1621097807698 [accx: -0.01 accy: 0.01] 
1621097807703 [Publish IMU fail] 
1621097807717 [accx: -0.01 accy: 0.01] 
1621097807722 [Publish IMU fail] 
1621097807738 [accx: -0.01 accy: 0.01] 
1621097807743 [Publish IMU fail] 
1621097807758 [accx: -0.01 accy: 0.0] 
1621097807761 [Publish IMU fail] 
1621097807778 [accx: -0.0 accy: 0.01] 
1621097807784 [Publish IMU fail] 
1621097807798 [accx: -0.0 accy: 0.0] 
1621097807803 [Publish IMU fail] 
1621097807817 [accx: -0.01 accy: 0.0] 
1621097807821 [Publish IMU fail] 
1621097807838 [accx: -0.0 accy: 0.01] 
1621097807843 [Publish IMU fail] 
1621097807858 [accx: 0.0 accy: 0.01] 
1621097807862 [Publish IMU fail] 
1621097807878 [accx: -0.0 accy: 0.0] 
1621097807882 [Publish IMU fail] 
1621097807911 [accx: 0.0 accy: 0.01] 
1621097807914 [Publish IMU fail] 
