1623086180542 [Read robot_status] 
1623086187698 [accx: 0.0 accy: 0.0] 
1623086193040 [accx: 0.0 accy: 0.0] 
1623086198305 [accx: 0.0 accy: 0.0] 
1623086203613 [accx: 0.0 accy: 0.0] 
1623086208824 [accx: 0.0 accy: 0.0] 
1623086214030 [accx: 0.0 accy: 0.0] 
1623086219257 [accx: 0.0 accy: 0.0] 
1623086224459 [accx: 0.0 accy: 0.0] 
1623086229734 [accx: 0.0 accy: 0.0] 
1623086234978 [accx: 0.0 accy: 0.0] 
1623086240177 [accx: 0.0 accy: 0.0] 
1623086245349 [accx: 0.0 accy: 0.0] 
1623086250654 [accx: 0.0 accy: 0.0] 
1623086256109 [accx: 0.0 accy: 0.0] 
1623086261521 [accx: 0.0 accy: 0.0] 
1623086266768 [accx: 0.0 accy: 0.0] 
1623086271123 [Read robot_status] 
1623086272041 [accx: 0.0 accy: 0.0] 
1623086277450 [accx: 0.0 accy: 0.0] 
1623086282707 [accx: 0.0 accy: 0.0] 
1623086285058 [Read robot_status] 
1623086288021 [accx: 0.0 accy: 0.0] 
1623086293233 [accx: 0.0 accy: 0.0] 
1623086298756 [accx: 0.0 accy: 0.0] 
1623086304122 [accx: 0.0 accy: 0.0] 
1623086309448 [accx: 0.0 accy: 0.0] 
1623086313221 [Read robot_status] 
1623086315058 [accx: 0.0 accy: 0.0] 
1623086320304 [accx: 0.0 accy: 0.0] 
