1621061879022 [accx: -0.01 accy: -0.0] 
1621061879028 [accx: -0.01 accy: 0.0] 
1621061879033 [accx: -0.0 accy: 0.0] 
1621061879036 [accx: -0.0 accy: 0.0] 
1621061879049 [accx: -0.0 accy: 0.0] 
1621061879068 [accx: -0.0 accy: 0.0] 
1621061879088 [accx: -0.0 accy: 0.0] 
1621061879107 [accx: -0.0 accy: 0.0] 
1621061879130 [accx: -0.0 accy: 0.0] 
1621061879148 [accx: -0.0 accy: 0.0] 
1621061879172 [accx: 0.0 accy: 0.0] 
1621061879190 [accx: -0.01 accy: -0.0] 
1621061879208 [accx: -0.01 accy: 0.0] 
1621061879230 [accx: -0.01 accy: -0.0] 
1621061879250 [accx: -0.0 accy: -0.0] 
1621061879267 [accx: -0.0 accy: -0.0] 
1621061879287 [accx: -0.01 accy: -0.0] 
1621061879309 [accx: 0.0 accy: -0.0] 
1621061879331 [accx: 0.0 accy: 0.0] 
1621061879356 [accx: -0.0 accy: 0.0] 
1621061879367 [accx: 0.0 accy: 0.0] 
1621061879386 [accx: 0.0 accy: 0.01] 
1621061879407 [accx: 0.0 accy: 0.0] 
1621061879426 [accx: -0.0 accy: -0.0] 
1621061879447 [accx: -0.0 accy: -0.0] 
1621061879467 [accx: 0.0 accy: -0.0] 
1621061879487 [accx: 0.0 accy: -0.0] 
1621061879509 [accx: -0.0 accy: 0.0] 
1621061879529 [accx: -0.01 accy: 0.01] 
1621061879559 [accx: -0.0 accy: 0.0] 
1621061879567 [accx: 0.0 accy: -0.0] 
1621061879587 [accx: 0.01 accy: 0.0] 
1621061879607 [accx: 0.0 accy: -0.0] 
1621061879629 [accx: -0.0 accy: 0.0] 
1621061879647 [accx: -0.0 accy: 0.0] 
1621061879671 [accx: 0.0 accy: 0.0] 
1621061879690 [accx: 0.0 accy: -0.0] 
1621061879707 [accx: 0.0 accy: 0.0] 
1621061879727 [accx: 0.0 accy: 0.0] 
1621061879747 [accx: 0.0 accy: -0.0] 
1621061879767 [accx: -0.0 accy: 0.0] 
1621061879787 [accx: 0.0 accy: -0.0] 
1621061879806 [accx: 0.0 accy: 0.0] 
1621061879832 [accx: -0.0 accy: 0.0] 
1621061879847 [accx: 0.0 accy: 0.0] 
1621061879867 [accx: -0.01 accy: 0.01] 
1621061879886 [accx: -0.01 accy: 0.01] 
1621061879907 [accx: -0.0 accy: 0.01] 
1621061879927 [accx: -0.01 accy: 0.0] 
1621061879947 [accx: -0.01 accy: 0.0] 
1621061879973 [accx: -0.0 accy: 0.01] 
1621061879987 [accx: -0.01 accy: 0.0] 
1621061880012 [accx: -0.01 accy: -0.0] 
1621061880029 [accx: -0.01 accy: -0.0] 
1621061880053 [accx: -0.0 accy: 0.0] 
1621061880067 [accx: -0.0 accy: -0.01] 
1621061880092 [accx: -0.0 accy: 0.0] 
1621061880107 [accx: -0.0 accy: -0.0] 
1621061880127 [accx: -0.0 accy: 0.01] 
1621061880147 [accx: -0.0 accy: 0.01] 
1621061880171 [accx: 0.0 accy: 0.0] 
1621061880191 [accx: 0.0 accy: 0.0] 
1621061880208 [accx: -0.0 accy: 0.0] 
1621061880231 [accx: -0.0 accy: 0.0] 
1621061880246 [accx: -0.0 accy: 0.01] 
1621061880266 [accx: -0.0 accy: 0.0] 
1621061880287 [accx: -0.0 accy: 0.01] 
1621061880309 [accx: -0.0 accy: -0.0] 
1621061880327 [accx: -0.01 accy: -0.0] 
1621061880346 [accx: 0.0 accy: 0.0] 
1621061880367 [accx: 0.0 accy: 0.0] 
1621061880387 [accx: -0.01 accy: 0.01] 
1621061880407 [accx: -0.01 accy: 0.0] 
1621061880427 [accx: -0.01 accy: -0.0] 
1621061880453 [accx: -0.0 accy: 0.0] 
1621061880471 [accx: -0.01 accy: 0.0] 
1621061880487 [accx: -0.0 accy: -0.0] 
1621061880507 [accx: -0.01 accy: -0.01] 
1621061880527 [accx: -0.01 accy: -0.0] 
1621061880546 [accx: -0.01 accy: -0.0] 
1621061880567 [accx: -0.01 accy: -0.01] 
1621061880587 [accx: -0.0 accy: -0.01] 
1621061880610 [accx: -0.0 accy: -0.0] 
1621061880626 [accx: 0.0 accy: -0.0] 
1621061880647 [accx: -0.0 accy: 0.0] 
1621061880667 [accx: -0.01 accy: -0.0] 
1621061880687 [accx: -0.0 accy: 0.01] 
1621061880707 [accx: 0.0 accy: 0.01] 
1621061880729 [accx: -0.0 accy: 0.01] 
1621061880747 [accx: -0.0 accy: 0.0] 
1621061880767 [accx: -0.0 accy: 0.0] 
1621061880787 [accx: -0.0 accy: -0.0] 
1621061880809 [accx: -0.0 accy: -0.0] 
1621061880827 [accx: -0.01 accy: -0.0] 
1621061880847 [accx: -0.01 accy: -0.0] 
1621061880868 [accx: -0.0 accy: 0.0] 
1621061880887 [accx: -0.01 accy: 0.0] 
1621061880913 [accx: -0.01 accy: 0.0] 
1621061880927 [accx: -0.0 accy: 0.0] 
1621061880947 [accx: 0.0 accy: 0.01] 
1621061880966 [accx: -0.0 accy: 0.0] 
1621061880987 [accx: -0.0 accy: 0.01] 
1621061881009 [accx: -0.0 accy: 0.0] 
1621061881026 [accx: -0.0 accy: 0.01] 
1621061881047 [accx: -0.0 accy: 0.01] 
1621061881066 [accx: -0.0 accy: 0.01] 
1621061881087 [accx: -0.01 accy: 0.0] 
1621061881106 [accx: 0.0 accy: -0.0] 
1621061881127 [accx: -0.01 accy: -0.0] 
1621061881146 [accx: 0.0 accy: -0.01] 
1621061881167 [accx: -0.0 accy: -0.01] 
1621061881186 [accx: -0.01 accy: -0.0] 
1621061881206 [accx: -0.01 accy: 0.01] 
1621061881227 [accx: -0.01 accy: 0.0] 
1621061881247 [accx: -0.01 accy: 0.0] 
1621061881266 [accx: -0.01 accy: -0.0] 
1621061881287 [accx: -0.01 accy: -0.0] 
1621061881306 [accx: -0.01 accy: 0.01] 
1621061881326 [accx: -0.0 accy: 0.0] 
1621061881347 [accx: -0.0 accy: 0.0] 
1621061881367 [accx: -0.0 accy: -0.0] 
1621061881389 [accx: -0.0 accy: 0.0] 
1621061881407 [accx: -0.0 accy: 0.0] 
1621061881427 [accx: -0.0 accy: -0.0] 
1621061881447 [accx: -0.0 accy: -0.0] 
1621061881466 [accx: -0.0 accy: 0.0] 
1621061881487 [accx: -0.0 accy: 0.01] 
1621061881507 [accx: 0.0 accy: 0.01] 
1621061881528 [accx: 0.0 accy: 0.01] 
1621061881546 [accx: 0.0 accy: 0.01] 
1621061881566 [accx: -0.0 accy: 0.01] 
1621061881586 [accx: 0.0 accy: 0.0] 
1621061881607 [accx: -0.0 accy: 0.0] 
1621061881630 [accx: -0.0 accy: -0.0] 
1621061881647 [accx: -0.0 accy: -0.0] 
1621061881667 [accx: -0.01 accy: -0.0] 
1621061881686 [accx: -0.0 accy: 0.01] 
1621061881706 [accx: -0.0 accy: 0.01] 
1621061881727 [accx: -0.01 accy: 0.0] 
1621061881747 [accx: -0.0 accy: 0.0] 
1621061881767 [accx: -0.0 accy: 0.01] 
1621061881786 [accx: -0.0 accy: 0.0] 
1621061881806 [accx: 0.0 accy: 0.0] 
1621061881826 [accx: -0.0 accy: 0.0] 
1621061881847 [accx: 0.0 accy: -0.0] 
1621061881867 [accx: -0.0 accy: -0.0] 
1621061881887 [accx: -0.0 accy: -0.01] 
1621061881907 [accx: -0.0 accy: -0.0] 
1621061881927 [accx: -0.0 accy: 0.0] 
1621061881947 [accx: -0.0 accy: 0.0] 
1621061881967 [accx: -0.0 accy: 0.0] 
1621061881986 [accx: -0.01 accy: 0.0] 
1621061882007 [accx: 0.0 accy: -0.0] 
1621061882027 [accx: -0.0 accy: -0.0] 
1621061882047 [accx: -0.01 accy: -0.0] 
1621061882067 [accx: -0.01 accy: -0.0] 
1621061882087 [accx: -0.01 accy: 0.0] 
1621061882107 [accx: -0.01 accy: -0.0] 
1621061882127 [accx: -0.01 accy: -0.0] 
1621061882152 [accx: -0.01 accy: -0.0] 
1621061882167 [accx: -0.0 accy: -0.0] 
1621061882193 [accx: -0.01 accy: -0.0] 
1621061882206 [accx: -0.0 accy: -0.0] 
1621061882227 [accx: -0.0 accy: -0.0] 
1621061882247 [accx: -0.01 accy: -0.0] 
1621061882267 [accx: -0.0 accy: 0.0] 
1621061882287 [accx: -0.0 accy: -0.0] 
1621061882307 [accx: -0.0 accy: -0.0] 
1621061882332 [accx: -0.0 accy: -0.0] 
1621061882347 [accx: -0.0 accy: 0.0] 
1621061882366 [accx: -0.0 accy: 0.0] 
1621061882392 [accx: -0.0 accy: 0.0] 
1621061882407 [accx: 0.0 accy: 0.01] 
1621061882427 [accx: -0.0 accy: 0.01] 
1621061882447 [accx: -0.0 accy: 0.01] 
1621061882468 [accx: -0.01 accy: 0.0] 
1621061882487 [accx: -0.01 accy: 0.0] 
1621061882507 [accx: -0.01 accy: -0.0] 
1621061882527 [accx: -0.0 accy: -0.0] 
1621061882547 [accx: -0.0 accy: -0.0] 
1621061882567 [accx: -0.0 accy: -0.0] 
1621061882593 [accx: -0.0 accy: -0.01] 
1621061882607 [accx: -0.0 accy: -0.01] 
1621061882627 [accx: -0.01 accy: -0.0] 
1621061882648 [accx: -0.0 accy: -0.01] 
1621061882667 [accx: -0.0 accy: -0.0] 
1621061882689 [accx: -0.01 accy: -0.0] 
1621061882706 [accx: -0.0 accy: 0.0] 
1621061882727 [accx: -0.0 accy: 0.0] 
1621061882747 [accx: 0.0 accy: 0.0] 
1621061882767 [accx: 0.01 accy: 0.0] 
1621061882787 [accx: -0.0 accy: 0.0] 
1621061882806 [accx: -0.0 accy: 0.01] 
1621061882826 [accx: -0.0 accy: 0.0] 
1621061882846 [accx: -0.0 accy: 0.0] 
1621061882867 [accx: 0.0 accy: 0.0] 
1621061882886 [accx: -0.0 accy: -0.0] 
1621061882914 [accx: -0.0 accy: 0.0] 
1621061882927 [accx: -0.0 accy: 0.0] 
1621061882947 [accx: -0.0 accy: 0.0] 
1621061882967 [accx: -0.0 accy: 0.0] 
1621061882987 [accx: -0.0 accy: 0.0] 
1621061883011 [accx: 0.0 accy: 0.0] 
1621061883026 [accx: -0.0 accy: -0.0] 
1621061883051 [accx: -0.0 accy: 0.0] 
1621061883068 [accx: -0.01 accy: 0.0] 
1621061883089 [accx: -0.01 accy: -0.0] 
1621061883107 [accx: -0.0 accy: -0.01] 
1621061883127 [accx: -0.01 accy: -0.0] 
1621061883147 [accx: -0.0 accy: 0.0] 
1621061883168 [accx: -0.01 accy: -0.0] 
1621061883191 [accx: -0.01 accy: 0.0] 
1621061883207 [accx: -0.0 accy: -0.0] 
1621061883227 [accx: -0.0 accy: -0.0] 
1621061883246 [accx: -0.0 accy: 0.0] 
1621061883267 [accx: -0.0 accy: 0.0] 
1621061883289 [accx: -0.0 accy: 0.01] 
1621061883308 [accx: -0.01 accy: 0.01] 
1621061883334 [accx: -0.01 accy: 0.01] 
1621061883347 [accx: -0.0 accy: 0.01] 
1621061883367 [accx: -0.0 accy: 0.0] 
1621061883387 [accx: -0.0 accy: 0.0] 
1621061883407 [accx: -0.0 accy: 0.0] 
1621061883427 [accx: -0.0 accy: 0.0] 
1621061883449 [accx: 0.0 accy: 0.0] 
1621061883467 [accx: -0.0 accy: 0.01] 
1621061883487 [accx: -0.01 accy: 0.0] 
1621061883507 [accx: -0.01 accy: -0.0] 
1621061883527 [accx: -0.01 accy: 0.0] 
1621061883547 [accx: -0.01 accy: 0.0] 
1621061883567 [accx: -0.01 accy: -0.0] 
1621061883587 [accx: -0.0 accy: 0.0] 
1621061883609 [accx: -0.0 accy: 0.0] 
1621061883627 [accx: -0.0 accy: 0.0] 
1621061883647 [accx: -0.0 accy: -0.0] 
1621061883666 [accx: -0.0 accy: 0.0] 
1621061883688 [accx: -0.0 accy: 0.0] 
1621061883707 [accx: -0.01 accy: 0.0] 
1621061883730 [accx: -0.0 accy: 0.0] 
1621061883747 [accx: -0.01 accy: 0.0] 
1621061883768 [accx: -0.0 accy: 0.0] 
1621061883787 [accx: 0.0 accy: -0.0] 
1621061883808 [accx: -0.0 accy: 0.0] 
1621061883827 [accx: -0.01 accy: 0.0] 
1621061883852 [accx: 0.0 accy: 0.0] 
1621061883869 [accx: 0.0 accy: -0.0] 
1621061883887 [accx: -0.0 accy: 0.0] 
1621061883907 [accx: -0.01 accy: 0.0] 
1621061883927 [accx: -0.01 accy: -0.01] 
1621061883947 [accx: 0.0 accy: -0.0] 
1621061883967 [accx: 0.0 accy: -0.0] 
1621061883987 [accx: -0.01 accy: 0.0] 
1621061884007 [accx: -0.0 accy: 0.0] 
1621061884027 [accx: -0.0 accy: -0.0] 
1621061884046 [accx: 0.0 accy: -0.0] 
1621061884066 [accx: -0.01 accy: -0.0] 
1621061884086 [accx: -0.0 accy: 0.0] 
1621061884106 [accx: -0.0 accy: -0.0] 
1621061884127 [accx: -0.0 accy: -0.0] 
1621061884147 [accx: -0.0 accy: 0.0] 
1621061884166 [accx: -0.0 accy: 0.0] 
1621061884187 [accx: -0.01 accy: 0.0] 
1621061884207 [accx: -0.01 accy: 0.01] 
1621061884227 [accx: -0.0 accy: -0.0] 
1621061884247 [accx: -0.01 accy: 0.0] 
1621061884267 [accx: -0.01 accy: 0.0] 
1621061884287 [accx: -0.0 accy: 0.0] 
1621061884307 [accx: -0.0 accy: 0.0] 
1621061884327 [accx: -0.0 accy: 0.0] 
1621061884347 [accx: -0.01 accy: -0.0] 
1621061884367 [accx: -0.0 accy: 0.0] 
1621061884387 [accx: -0.0 accy: 0.0] 
1621061884407 [accx: -0.01 accy: 0.0] 
1621061884427 [accx: -0.01 accy: 0.0] 
1621061884448 [accx: -0.01 accy: -0.0] 
1621061884468 [accx: -0.01 accy: -0.0] 
1621061884489 [accx: -0.01 accy: 0.0] 
1621061884507 [accx: -0.01 accy: 0.0] 
1621061884528 [accx: -0.01 accy: 0.0] 
1621061884547 [accx: 0.0 accy: 0.01] 
1621061884567 [accx: -0.01 accy: 0.01] 
1621061884586 [accx: -0.01 accy: 0.0] 
1621061884608 [accx: -0.0 accy: 0.01] 
1621061884627 [accx: -0.0 accy: 0.01] 
1621061884650 [accx: -0.01 accy: 0.0] 
1621061884668 [accx: -0.0 accy: -0.0] 
1621061884688 [accx: -0.0 accy: -0.0] 
1621061884710 [accx: -0.0 accy: 0.01] 
1621061884727 [accx: -0.01 accy: -0.0] 
1621061884749 [accx: -0.01 accy: 0.0] 
1621061884771 [accx: -0.01 accy: 0.0] 
1621061884792 [accx: -0.01 accy: 0.01] 
1621061884807 [accx: -0.01 accy: 0.0] 
1621061884831 [accx: -0.01 accy: -0.0] 
1621061884847 [accx: 0.0 accy: 0.01] 
1621061884870 [accx: -0.01 accy: 0.0] 
1621061884888 [accx: -0.01 accy: 0.0] 
1621061884911 [accx: -0.0 accy: 0.0] 
1621061884927 [accx: -0.01 accy: -0.0] 
1621061884960 [accx: -0.01 accy: 0.0] 
1621061884969 [accx: -0.0 accy: 0.01] 
1621061884987 [accx: 0.0 accy: 0.01] 
1621061885007 [accx: -0.0 accy: 0.01] 
1621061885033 [accx: -0.01 accy: 0.01] 
1621061885047 [accx: -0.01 accy: 0.0] 
1621061885067 [accx: -0.01 accy: 0.0] 
1621061885090 [accx: -0.01 accy: -0.0] 
1621061885107 [accx: -0.01 accy: -0.0] 
1621061885127 [accx: -0.0 accy: 0.0] 
1621061885147 [accx: -0.01 accy: 0.0] 
1621061885170 [accx: -0.0 accy: -0.0] 
1621061885187 [accx: 0.0 accy: -0.01] 
1621061885208 [accx: -0.0 accy: -0.0] 
1621061885227 [accx: -0.0 accy: 0.0] 
1621061885264 [accx: -0.01 accy: -0.0] 
1621061885276 [accx: -0.01 accy: -0.0] 
1621061885289 [accx: -0.01 accy: 0.0] 
1621061885307 [accx: -0.01 accy: -0.0] 
1621061885327 [accx: -0.01 accy: 0.0] 
1621061885360 [accx: -0.01 accy: -0.0] 
1621061885368 [accx: -0.01 accy: 0.0] 
1621061885403 [accx: -0.0 accy: 0.0] 
1621061885408 [accx: 0.0 accy: 0.0] 
1621061885429 [accx: 0.0 accy: -0.0] 
1621061885447 [accx: 0.0 accy: -0.0] 
1621061885467 [accx: 0.0 accy: -0.0] 
1621061885488 [accx: 0.0 accy: -0.01] 
1621061885510 [accx: 0.0 accy: -0.0] 
1621061885527 [accx: -0.0 accy: 0.0] 
1621061885548 [accx: -0.0 accy: 0.0] 
1621061885570 [accx: -0.0 accy: 0.0] 
1621061885587 [accx: 0.0 accy: 0.01] 
1621061885611 [accx: 0.0 accy: -0.0] 
1621061885629 [accx: 0.0 accy: 0.0] 
1621061885647 [accx: -0.0 accy: -0.0] 
1621061885676 [accx: -0.01 accy: -0.0] 
1621061885688 [accx: -0.01 accy: -0.0] 
1621061885716 [accx: -0.0 accy: -0.0] 
1621061885731 [accx: 0.0 accy: -0.0] 
1621061885748 [accx: -0.0 accy: 0.0] 
1621061885767 [accx: -0.01 accy: 0.0] 
1621061885787 [accx: -0.01 accy: -0.0] 
1621061885807 [accx: -0.01 accy: -0.0] 
1621061885827 [accx: -0.0 accy: 0.0] 
1621061885847 [accx: -0.0 accy: 0.0] 
1621061885867 [accx: -0.0 accy: -0.0] 
1621061885887 [accx: -0.01 accy: 0.0] 
1621061885907 [accx: -0.0 accy: 0.0] 
1621061885927 [accx: -0.0 accy: 0.0] 
1621061885946 [accx: -0.0 accy: 0.0] 
1621061885967 [accx: -0.0 accy: 0.0] 
1621061885987 [accx: -0.0 accy: 0.0] 
1621061886007 [accx: -0.01 accy: -0.0] 
1621061886027 [accx: -0.0 accy: -0.0] 
1621061886049 [accx: -0.0 accy: -0.0] 
1621061886067 [accx: -0.0 accy: 0.0] 
1621061886092 [accx: -0.0 accy: 0.01] 
1621061886112 [accx: -0.01 accy: 0.0] 
1621061886130 [accx: -0.01 accy: -0.0] 
1621061886147 [accx: -0.01 accy: -0.0] 
1621061886167 [accx: -0.01 accy: 0.0] 
1621061886187 [accx: -0.01 accy: 0.01] 
1621061886207 [accx: -0.0 accy: 0.0] 
1621061886227 [accx: -0.01 accy: 0.0] 
1621061886247 [accx: -0.0 accy: 0.01] 
1621061886267 [accx: -0.01 accy: 0.0] 
1621061886287 [accx: 0.0 accy: 0.0] 
1621061886306 [accx: -0.0 accy: 0.0] 
1621061886327 [accx: -0.01 accy: -0.0] 
1621061886347 [accx: -0.01 accy: -0.0] 
1621061886367 [accx: -0.01 accy: -0.0] 
1621061886391 [accx: -0.01 accy: 0.0] 
1621061886407 [accx: -0.0 accy: -0.0] 
1621061886427 [accx: -0.0 accy: 0.0] 
1621061886450 [accx: -0.01 accy: -0.0] 
1621061886467 [accx: -0.01 accy: -0.0] 
1621061886487 [accx: 0.0 accy: -0.0] 
1621061886510 [accx: -0.0 accy: -0.0] 
1621061886531 [accx: 0.0 accy: -0.0] 
1621061886550 [accx: -0.0 accy: -0.0] 
1621061886567 [accx: 0.0 accy: -0.0] 
1621061886587 [accx: -0.01 accy: 0.01] 
1621061886607 [accx: -0.0 accy: 0.01] 
1621061886631 [accx: -0.0 accy: 0.0] 
1621061886647 [accx: -0.01 accy: 0.01] 
1621061886668 [accx: -0.01 accy: 0.01] 
1621061886686 [accx: -0.01 accy: -0.0] 
1621061886711 [accx: -0.0 accy: -0.0] 
1621061886727 [accx: -0.0 accy: -0.0] 
1621061886753 [accx: -0.0 accy: 0.01] 
1621061886767 [accx: -0.01 accy: 0.01] 
1621061886788 [accx: -0.01 accy: 0.01] 
1621061886807 [accx: -0.01 accy: 0.0] 
1621061886827 [accx: -0.0 accy: 0.0] 
1621061886854 [accx: 0.0 accy: -0.0] 
1621061886867 [accx: 0.0 accy: 0.0] 
1621061886887 [accx: -0.0 accy: 0.0] 
1621061886906 [accx: -0.01 accy: 0.01] 
1621061886928 [accx: -0.01 accy: -0.0] 
1621061886946 [accx: -0.01 accy: -0.0] 
1621061886971 [accx: -0.0 accy: 0.0] 
1621061886987 [accx: -0.0 accy: -0.0] 
1621061887017 [accx: -0.0 accy: -0.0] 
1621061887032 [accx: 0.0 accy: 0.0] 
1621061887055 [accx: -0.01 accy: 0.0] 
1621061887066 [accx: -0.0 accy: 0.01] 
1621061887091 [accx: -0.01 accy: 0.0] 
1621061887107 [accx: -0.01 accy: 0.0] 
1621061887127 [accx: -0.01 accy: 0.0] 
1621061887147 [accx: -0.0 accy: 0.01] 
1621061887167 [accx: -0.01 accy: 0.0] 
1621061887187 [accx: -0.01 accy: 0.01] 
1621061887207 [accx: -0.01 accy: 0.0] 
1621061887227 [accx: -0.0 accy: 0.01] 
1621061887249 [accx: -0.0 accy: 0.0] 
1621061887267 [accx: -0.01 accy: 0.0] 
1621061887288 [accx: -0.01 accy: -0.0] 
1621061887307 [accx: -0.01 accy: 0.01] 
1621061887328 [accx: -0.01 accy: 0.01] 
1621061887346 [accx: -0.01 accy: 0.01] 
1621061887367 [accx: -0.01 accy: 0.0] 
1621061887397 [accx: -0.01 accy: 0.0] 
1621061887407 [accx: -0.01 accy: -0.0] 
1621061887426 [accx: -0.0 accy: -0.0] 
1621061887450 [accx: -0.0 accy: -0.01] 
1621061887469 [accx: 0.0 accy: 0.0] 
1621061887488 [accx: -0.0 accy: -0.0] 
1621061887507 [accx: -0.0 accy: 0.0] 
1621061887527 [accx: -0.0 accy: 0.0] 
1621061887550 [accx: -0.0 accy: 0.0] 
1621061887567 [accx: -0.0 accy: -0.0] 
1621061887599 [accx: -0.0 accy: 0.0] 
1621061887607 [accx: -0.01 accy: 0.0] 
1621061887629 [accx: -0.0 accy: 0.0] 
1621061887647 [accx: -0.01 accy: -0.0] 
1621061887667 [accx: -0.0 accy: -0.0] 
1621061887687 [accx: -0.0 accy: -0.01] 
1621061887709 [accx: 0.0 accy: -0.0] 
1621061887727 [accx: -0.0 accy: 0.0] 
1621061887747 [accx: -0.01 accy: 0.0] 
1621061887770 [accx: -0.01 accy: -0.01] 
1621061887790 [accx: -0.01 accy: -0.0] 
1621061887807 [accx: -0.01 accy: 0.0] 
1621061887827 [accx: -0.01 accy: -0.01] 
1621061887847 [accx: -0.01 accy: -0.0] 
1621061887867 [accx: -0.0 accy: -0.0] 
1621061887887 [accx: -0.01 accy: 0.0] 
1621061887907 [accx: -0.01 accy: 0.0] 
1621061887929 [accx: -0.01 accy: 0.0] 
1621061887948 [accx: -0.01 accy: 0.0] 
1621061887970 [accx: -0.01 accy: 0.0] 
1621061887987 [accx: -0.01 accy: -0.0] 
1621061888008 [accx: -0.01 accy: 0.0] 
1621061888037 [accx: -0.0 accy: 0.0] 
1621061888047 [accx: -0.01 accy: -0.0] 
1621061888067 [accx: -0.01 accy: 0.0] 
1621061888091 [accx: -0.0 accy: -0.0] 
1621061888107 [accx: -0.0 accy: -0.0] 
1621061888127 [accx: -0.01 accy: -0.0] 
1621061888147 [accx: -0.01 accy: -0.0] 
1621061888168 [accx: -0.01 accy: -0.0] 
1621061888187 [accx: -0.01 accy: -0.01] 
1621061888206 [accx: -0.01 accy: -0.0] 
1621061888232 [accx: -0.0 accy: -0.0] 
1621061888247 [accx: 0.0 accy: 0.0] 
1621061888267 [accx: -0.0 accy: 0.01] 
1621061888287 [accx: -0.0 accy: 0.0] 
1621061888306 [accx: -0.0 accy: 0.0] 
1621061888333 [accx: -0.0 accy: 0.0] 
1621061888347 [accx: -0.01 accy: -0.0] 
1621061888367 [accx: -0.01 accy: -0.0] 
1621061888387 [accx: -0.01 accy: -0.0] 
1621061888407 [accx: -0.0 accy: -0.0] 
1621061888432 [accx: 0.0 accy: -0.0] 
1621061888452 [accx: -0.01 accy: -0.0] 
1621061888467 [accx: -0.01 accy: -0.0] 
1621061888488 [accx: -0.0 accy: -0.0] 
1621061888507 [accx: 0.0 accy: -0.0] 
1621061888529 [accx: 0.0 accy: -0.0] 
1621061888548 [accx: -0.0 accy: -0.0] 
1621061888567 [accx: -0.0 accy: -0.0] 
1621061888592 [accx: -0.0 accy: -0.0] 
1621061888607 [accx: -0.0 accy: -0.0] 
1621061888628 [accx: 0.01 accy: -0.0] 
1621061888650 [accx: -0.0 accy: -0.0] 
1621061888667 [accx: 0.0 accy: -0.0] 
1621061888688 [accx: -0.01 accy: -0.0] 
1621061888712 [accx: 0.0 accy: -0.0] 
1621061888727 [accx: 0.0 accy: 0.0] 
1621061888756 [accx: -0.0 accy: 0.0] 
1621061888767 [accx: -0.0 accy: 0.01] 
1621061888787 [accx: -0.01 accy: 0.0] 
1621061888807 [accx: -0.0 accy: -0.0] 
1621061888827 [accx: -0.0 accy: 0.0] 
1621061888855 [accx: -0.01 accy: 0.01] 
1621061888867 [accx: -0.01 accy: 0.0] 
1621061888887 [accx: -0.01 accy: -0.0] 
1621061888907 [accx: -0.01 accy: 0.0] 
1621061888927 [accx: -0.01 accy: -0.0] 
1621061888949 [accx: -0.01 accy: 0.0] 
1621061888968 [accx: -0.0 accy: 0.0] 
1621061888987 [accx: -0.0 accy: -0.0] 
1621061889007 [accx: -0.01 accy: 0.0] 
1621061889032 [accx: 0.0 accy: -0.0] 
1621061889047 [accx: -0.01 accy: -0.01] 
1621061889067 [accx: -0.0 accy: -0.0] 
1621061889087 [accx: -0.01 accy: -0.0] 
1621061889107 [accx: -0.01 accy: 0.0] 
1621061889136 [accx: -0.0 accy: 0.0] 
1621061889147 [accx: 0.0 accy: -0.0] 
1621061889169 [accx: -0.01 accy: -0.0] 
1621061889187 [accx: -0.0 accy: -0.01] 
1621061889207 [accx: -0.0 accy: -0.0] 
1621061889227 [accx: 0.01 accy: -0.01] 
1621061889258 [accx: 0.0 accy: -0.0] 
1621061889267 [accx: -0.0 accy: 0.0] 
1621061889288 [accx: -0.0 accy: -0.0] 
1621061889307 [accx: 0.0 accy: -0.0] 
1621061889333 [accx: -0.0 accy: 0.01] 
1621061889347 [accx: -0.0 accy: 0.01] 
1621061889367 [accx: -0.0 accy: 0.0] 
1621061889393 [accx: -0.0 accy: 0.01] 
1621061889407 [accx: -0.01 accy: 0.01] 
1621061889427 [accx: -0.01 accy: 0.01] 
1621061889448 [accx: -0.0 accy: 0.01] 
1621061889472 [accx: -0.0 accy: 0.0] 
1621061889487 [accx: -0.01 accy: 0.0] 
1621061889528 [accx: -0.01 accy: -0.0] 
1621061889545 [accx: -0.01 accy: -0.0] 
1621061889560 [accx: -0.01 accy: 0.0] 
1621061889569 [accx: -0.0 accy: 0.01] 
1621061889587 [accx: 0.0 accy: 0.0] 
1621061889607 [accx: 0.0 accy: -0.0] 
1621061889627 [accx: 0.0 accy: -0.01] 
1621061889647 [accx: 0.0 accy: -0.01] 
1621061889667 [accx: 0.0 accy: -0.0] 
1621061889686 [accx: 0.0 accy: -0.0] 
1621061889707 [accx: 0.0 accy: -0.0] 
1621061889726 [accx: -0.01 accy: 0.0] 
1621061889747 [accx: -0.0 accy: 0.0] 
1621061889775 [accx: -0.01 accy: -0.0] 
1621061889806 [accx: -0.01 accy: -0.0] 
1621061889810 [accx: -0.0 accy: -0.0] 
1621061889827 [accx: 0.0 accy: -0.0] 
1621061889854 [accx: 0.01 accy: 0.0] 
1621061889889 [accx: 0.01 accy: 0.0] 
1621061889893 [accx: 0.01 accy: 0.0] 
1621061889907 [accx: 0.0 accy: 0.0] 
1621061889927 [accx: -0.0 accy: -0.0] 
1621061889947 [accx: -0.0 accy: 0.0] 
1621061889967 [accx: -0.0 accy: 0.0] 
1621061889991 [accx: -0.01 accy: 0.0] 
1621061890011 [accx: -0.01 accy: -0.0] 
1621061890027 [accx: -0.01 accy: -0.0] 
1621061890047 [accx: -0.01 accy: 0.0] 
1621061890067 [accx: -0.01 accy: 0.0] 
1621061890087 [accx: -0.01 accy: -0.0] 
1621061890107 [accx: -0.01 accy: 0.0] 
1621061890126 [accx: -0.01 accy: 0.0] 
1621061890147 [accx: -0.01 accy: 0.0] 
1621061890167 [accx: -0.01 accy: 0.01] 
1621061890186 [accx: 0.0 accy: 0.0] 
1621061890207 [accx: -0.01 accy: 0.0] 
1621061890227 [accx: -0.01 accy: 0.0] 
1621061890247 [accx: -0.01 accy: 0.0] 
1621061890267 [accx: -0.0 accy: -0.0] 
1621061890304 [accx: -0.0 accy: -0.0] 
1621061890307 [accx: 0.0 accy: 0.0] 
1621061890332 [accx: -0.0 accy: -0.0] 
1621061890347 [accx: -0.01 accy: 0.0] 
1621061890367 [accx: -0.0 accy: 0.0] 
1621061890387 [accx: -0.0 accy: -0.0] 
1621061890419 [accx: -0.01 accy: -0.0] 
1621061890427 [accx: -0.01 accy: 0.0] 
1621061890447 [accx: -0.01 accy: -0.0] 
1621061890475 [accx: -0.0 accy: 0.0] 
1621061890490 [accx: -0.0 accy: -0.0] 
1621061890507 [accx: -0.01 accy: -0.0] 
1621061890527 [accx: -0.0 accy: -0.0] 
1621061890549 [accx: -0.01 accy: -0.0] 
1621061890567 [accx: -0.01 accy: 0.0] 
1621061890587 [accx: -0.01 accy: 0.0] 
1621061890623 [accx: -0.01 accy: -0.0] 
1621061890631 [accx: -0.01 accy: -0.0] 
1621061890647 [accx: -0.0 accy: 0.0] 
1621061890666 [accx: 0.0 accy: 0.0] 
1621061890687 [accx: 0.0 accy: 0.0] 
1621061890707 [accx: -0.01 accy: 0.01] 
1621061890727 [accx: -0.0 accy: 0.0] 
1621061890747 [accx: -0.0 accy: 0.0] 
1621061890766 [accx: -0.01 accy: -0.0] 
1621061890787 [accx: -0.0 accy: -0.01] 
1621061890807 [accx: -0.0 accy: -0.0] 
1621061890827 [accx: -0.01 accy: -0.0] 
1621061890847 [accx: -0.0 accy: -0.0] 
1621061890867 [accx: -0.01 accy: -0.0] 
1621061890889 [accx: -0.0 accy: -0.01] 
1621061890907 [accx: -0.01 accy: -0.0] 
1621061890927 [accx: -0.01 accy: 0.0] 
1621061890947 [accx: -0.01 accy: -0.0] 
1621061890967 [accx: 0.0 accy: -0.0] 
1621061890987 [accx: 0.0 accy: -0.0] 
1621061891007 [accx: 0.0 accy: -0.0] 
1621061891027 [accx: 0.0 accy: -0.0] 
1621061891047 [accx: -0.0 accy: 0.0] 
1621061891068 [accx: -0.0 accy: 0.0] 
1621061891087 [accx: -0.0 accy: 0.0] 
1621061891108 [accx: -0.0 accy: 0.0] 
1621061891127 [accx: -0.0 accy: 0.0] 
1621061891148 [accx: -0.0 accy: -0.0] 
1621061891168 [accx: 0.0 accy: -0.0] 
1621061891187 [accx: 0.0 accy: -0.0] 
1621061891207 [accx: 0.0 accy: -0.0] 
1621061891227 [accx: -0.01 accy: -0.0] 
1621061891254 [accx: -0.01 accy: -0.01] 
1621061891267 [accx: -0.01 accy: -0.0] 
1621061891286 [accx: -0.01 accy: 0.0] 
1621061891306 [accx: -0.0 accy: 0.0] 
1621061891326 [accx: -0.01 accy: -0.01] 
1621061891346 [accx: -0.0 accy: -0.01] 
1621061891369 [accx: -0.01 accy: -0.0] 
1621061891390 [accx: -0.0 accy: 0.0] 
1621061891407 [accx: -0.0 accy: -0.0] 
1621061891432 [accx: -0.01 accy: -0.01] 
1621061891457 [accx: -0.0 accy: -0.01] 
1621061891470 [accx: -0.01 accy: -0.0] 
1621061891501 [accx: -0.0 accy: -0.0] 
1621061891507 [accx: -0.0 accy: 0.01] 
1621061891529 [accx: -0.0 accy: 0.01] 
1621061891548 [accx: -0.01 accy: 0.0] 
1621061891568 [accx: -0.0 accy: -0.0] 
1621061891590 [accx: -0.0 accy: 0.0] 
1621061891607 [accx: -0.01 accy: 0.0] 
1621061891630 [accx: -0.0 accy: -0.0] 
1621061891648 [accx: -0.01 accy: -0.01] 
1621061891688 [accx: -0.01 accy: -0.0] 
1621061891691 [accx: -0.01 accy: -0.0] 
1621061891723 [accx: -0.01 accy: 0.0] 
1621061891727 [accx: -0.01 accy: 0.0] 
1621061891750 [accx: -0.0 accy: 0.01] 
1621061891767 [accx: -0.0 accy: 0.01] 
1621061891787 [accx: -0.01 accy: 0.0] 
1621061891809 [accx: -0.01 accy: -0.0] 
1621061891832 [accx: -0.01 accy: -0.0] 
1621061891846 [accx: -0.0 accy: 0.0] 
1621061891867 [accx: -0.0 accy: 0.0] 
1621061891887 [accx: -0.0 accy: -0.0] 
1621061891924 [accx: 0.01 accy: -0.0] 
1621061891928 [accx: 0.0 accy: 0.0] 
1621061891946 [accx: 0.0 accy: 0.0] 
1621061891970 [accx: 0.0 accy: -0.0] 
1621061891987 [accx: 0.0 accy: -0.0] 
1621061892007 [accx: -0.0 accy: -0.0] 
1621061892027 [accx: -0.0 accy: -0.01] 
1621061892047 [accx: -0.01 accy: 0.0] 
1621061892068 [accx: -0.01 accy: -0.0] 
1621061892087 [accx: -0.01 accy: 0.0] 
1621061892108 [accx: -0.0 accy: -0.0] 
1621061892132 [accx: 0.0 accy: -0.0] 
1621061892147 [accx: -0.0 accy: -0.01] 
1621061892167 [accx: -0.0 accy: -0.0] 
1621061892190 [accx: -0.01 accy: -0.0] 
1621061892210 [accx: -0.0 accy: -0.0] 
1621061892227 [accx: -0.01 accy: 0.0] 
1621061892264 [accx: -0.01 accy: 0.0] 
1621061892288 [accx: -0.01 accy: 0.0] 
1621061892317 [accx: -0.01 accy: 0.0] 
1621061892324 [accx: -0.01 accy: -0.0] 
1621061892331 [accx: -0.0 accy: 0.0] 
1621061892347 [accx: -0.0 accy: 0.01] 
1621061892367 [accx: -0.0 accy: 0.0] 
1621061892397 [accx: -0.0 accy: -0.0] 
1621061892411 [accx: -0.0 accy: -0.0] 
1621061892432 [accx: -0.0 accy: 0.0] 
1621061892447 [accx: -0.01 accy: -0.0] 
1621061892475 [accx: 0.0 accy: 0.0] 
1621061892490 [accx: -0.0 accy: 0.01] 
1621061892514 [accx: 0.0 accy: 0.01] 
1621061892528 [accx: 0.0 accy: -0.01] 
1621061892560 [accx: 0.01 accy: -0.01] 
1621061892571 [accx: -0.0 accy: -0.01] 
1621061892589 [accx: 0.0 accy: -0.0] 
1621061892615 [accx: -0.0 accy: -0.0] 
1621061892637 [accx: -0.0 accy: -0.0] 
1621061892646 [accx: -0.01 accy: 0.0] 
1621061892670 [accx: -0.01 accy: 0.01] 
1621061892708 [accx: -0.0 accy: 0.01] 
1621061892712 [accx: -0.0 accy: 0.01] 
1621061892730 [accx: -0.01 accy: 0.0] 
1621061892747 [accx: -0.0 accy: -0.0] 
1621061892768 [accx: 0.0 accy: -0.0] 
1621061892787 [accx: -0.01 accy: -0.01] 
1621061892807 [accx: -0.0 accy: -0.01] 
1621061892830 [accx: -0.0 accy: -0.01] 
1621061892863 [accx: -0.01 accy: 0.0] 
1621061892870 [accx: -0.0 accy: -0.0] 
1621061892895 [accx: -0.0 accy: -0.0] 
1621061892908 [accx: -0.0 accy: -0.0] 
1621061892926 [accx: -0.0 accy: -0.0] 
1621061892947 [accx: -0.0 accy: -0.0] 
1621061892967 [accx: -0.0 accy: 0.0] 
1621061892987 [accx: -0.0 accy: 0.0] 
1621061893013 [accx: -0.01 accy: 0.0] 
1621061893026 [accx: -0.0 accy: 0.0] 
1621061893047 [accx: -0.0 accy: -0.0] 
1621061893070 [accx: 0.0 accy: 0.0] 
1621061893110 [accx: -0.0 accy: -0.0] 
1621061893113 [accx: -0.0 accy: -0.01] 
1621061893127 [accx: -0.01 accy: -0.0] 
1621061893147 [accx: -0.01 accy: 0.0] 
1621061893178 [accx: -0.01 accy: -0.0] 
1621061893187 [accx: -0.0 accy: 0.0] 
1621061893208 [accx: -0.0 accy: 0.0] 
1621061893227 [accx: 0.0 accy: 0.0] 
1621061893247 [accx: 0.0 accy: -0.0] 
1621061893273 [accx: -0.0 accy: -0.0] 
1621061893300 [accx: -0.01 accy: 0.0] 
1621061893308 [accx: -0.0 accy: 0.0] 
1621061893329 [accx: -0.0 accy: -0.0] 
1621061893348 [accx: 0.0 accy: -0.0] 
1621061893367 [accx: -0.0 accy: -0.01] 
1621061893387 [accx: -0.0 accy: -0.01] 
1621061893411 [accx: -0.0 accy: -0.01] 
1621061893427 [accx: -0.0 accy: -0.0] 
1621061893447 [accx: -0.01 accy: -0.01] 
1621061893467 [accx: -0.01 accy: 0.0] 
1621061893487 [accx: -0.01 accy: -0.0] 
1621061893524 [accx: -0.01 accy: -0.01] 
1621061893531 [accx: -0.0 accy: -0.0] 
1621061893548 [accx: -0.0 accy: 0.0] 
1621061893569 [accx: -0.0 accy: -0.0] 
1621061893598 [accx: -0.01 accy: 0.0] 
1621061893617 [accx: -0.01 accy: 0.0] 
1621061893661 [accx: -0.01 accy: 0.0] 
1621061893672 [accx: -0.0 accy: -0.0] 
1621061893676 [accx: -0.0 accy: 0.0] 
1621061893688 [accx: -0.01 accy: 0.01] 
1621061893722 [accx: -0.0 accy: -0.0] 
1621061893728 [accx: -0.0 accy: -0.0] 
1621061893751 [accx: -0.0 accy: -0.0] 
1621061893785 [accx: -0.0 accy: -0.0] 
1621061893790 [accx: 0.0 accy: -0.0] 
1621061893809 [accx: 0.0 accy: 0.0] 
1621061893827 [accx: -0.0 accy: -0.0] 
1621061893847 [accx: -0.0 accy: -0.0] 
1621061893872 [accx: -0.0 accy: -0.0] 
1621061893888 [accx: 0.0 accy: -0.01] 
1621061893907 [accx: 0.0 accy: -0.01] 
1621061893927 [accx: -0.0 accy: -0.0] 
1621061893955 [accx: 0.0 accy: -0.0] 
1621061893973 [accx: -0.0 accy: 0.0] 
1621061893987 [accx: 0.0 accy: -0.0] 
1621061894007 [accx: 0.0 accy: 0.0] 
1621061894027 [accx: -0.0 accy: 0.0] 
1621061894047 [accx: -0.0 accy: 0.0] 
1621061894069 [accx: 0.0 accy: 0.0] 
1621061894091 [accx: -0.0 accy: 0.0] 
1621061894107 [accx: 0.0 accy: 0.0] 
1621061894127 [accx: -0.0 accy: 0.0] 
1621061894147 [accx: 0.0 accy: 0.0] 
1621061894179 [accx: 0.0 accy: 0.0] 
1621061894187 [accx: -0.0 accy: -0.0] 
1621061894207 [accx: -0.01 accy: 0.0] 
1621061894227 [accx: -0.01 accy: -0.0] 
1621061894247 [accx: -0.01 accy: 0.0] 
1621061894267 [accx: -0.01 accy: 0.0] 
1621061894287 [accx: -0.0 accy: 0.0] 
1621061894307 [accx: -0.0 accy: -0.0] 
1621061894340 [accx: -0.0 accy: 0.0] 
1621061894347 [accx: -0.0 accy: 0.0] 
1621061894373 [accx: -0.0 accy: 0.0] 
1621061894397 [accx: -0.0 accy: -0.0] 
1621061894408 [accx: -0.01 accy: 0.0] 
1621061894442 [accx: -0.0 accy: 0.0] 
1621061894449 [accx: -0.0 accy: -0.0] 
1621061894467 [accx: 0.0 accy: 0.0] 
1621061894487 [accx: -0.0 accy: -0.0] 
1621061894508 [accx: -0.0 accy: 0.01] 
1621061894527 [accx: -0.0 accy: 0.0] 
1621061894549 [accx: -0.01 accy: -0.0] 
1621061894571 [accx: -0.01 accy: -0.0] 
1621061894608 [accx: -0.01 accy: -0.0] 
1621061894611 [accx: -0.01 accy: -0.0] 
1621061894640 [accx: -0.01 accy: 0.0] 
1621061894648 [accx: -0.01 accy: 0.0] 
1621061894667 [accx: 0.0 accy: 0.0] 
1621061894687 [accx: 0.0 accy: -0.0] 
1621061894707 [accx: 0.0 accy: -0.01] 
1621061894735 [accx: -0.0 accy: -0.01] 
1621061894749 [accx: -0.0 accy: 0.0] 
1621061894767 [accx: -0.0 accy: 0.0] 
1621061894797 [accx: -0.0 accy: -0.0] 
1621061894811 [accx: -0.01 accy: -0.0] 
1621061894827 [accx: -0.0 accy: -0.0] 
1621061894851 [accx: -0.0 accy: -0.01] 
1621061894867 [accx: 0.01 accy: 0.0] 
1621061894888 [accx: -0.0 accy: -0.0] 
1621061894909 [accx: 0.0 accy: 0.0] 
1621061894929 [accx: -0.0 accy: 0.0] 
1621061894947 [accx: -0.01 accy: 0.0] 
1621061894972 [accx: -0.0 accy: -0.0] 
1621061895005 [accx: -0.0 accy: -0.01] 
1621061895008 [accx: -0.0 accy: -0.0] 
1621061895028 [accx: -0.0 accy: 0.0] 
1621061895094 [accx: -0.0 accy: 0.01] 
1621061895103 [accx: -0.0 accy: -0.0] 
1621061895120 [accx: 0.0 accy: 0.0] 
1621061895125 [accx: -0.0 accy: 0.0] 
1621061895129 [accx: -0.0 accy: 0.0] 
1621061895146 [accx: -0.01 accy: -0.0] 
1621061895176 [accx: -0.0 accy: -0.0] 
1621061895191 [accx: -0.0 accy: -0.0] 
1621061895211 [accx: -0.0 accy: -0.0] 
1621061895227 [accx: -0.0 accy: -0.0] 
1621061895249 [accx: -0.0 accy: -0.0] 
1621061895267 [accx: 0.0 accy: 0.0] 
1621061895287 [accx: -0.0 accy: 0.01] 
1621061895307 [accx: -0.01 accy: -0.0] 
1621061895327 [accx: -0.0 accy: -0.0] 
1621061895353 [accx: -0.0 accy: 0.01] 
1621061895367 [accx: -0.0 accy: 0.0] 
1621061895392 [accx: 0.0 accy: 0.0] 
1621061895407 [accx: -0.0 accy: -0.0] 
1621061895427 [accx: -0.0 accy: -0.0] 
1621061895447 [accx: -0.01 accy: 0.0] 
1621061895480 [accx: -0.01 accy: 0.0] 
1621061895500 [accx: -0.01 accy: 0.01] 
1621061895514 [accx: -0.0 accy: -0.0] 
1621061895528 [accx: -0.0 accy: -0.0] 
1621061895547 [accx: 0.0 accy: -0.0] 
1621061895589 [accx: -0.0 accy: -0.0] 
1621061895605 [accx: -0.0 accy: 0.0] 
1621061895609 [accx: -0.0 accy: -0.0] 
1621061895633 [accx: 0.01 accy: 0.0] 
1621061895649 [accx: -0.0 accy: 0.0] 
1621061895673 [accx: -0.0 accy: -0.0] 
1621061895689 [accx: -0.0 accy: -0.0] 
1621061895707 [accx: 0.0 accy: 0.0] 
1621061895732 [accx: -0.0 accy: -0.0] 
1621061895747 [accx: -0.0 accy: -0.01] 
1621061895767 [accx: -0.0 accy: -0.01] 
1621061895787 [accx: 0.0 accy: -0.01] 
1621061895807 [accx: -0.01 accy: -0.0] 
1621061895827 [accx: -0.01 accy: 0.0] 
1621061895851 [accx: -0.01 accy: -0.0] 
1621061895867 [accx: -0.01 accy: -0.0] 
1621061895890 [accx: -0.0 accy: -0.0] 
1621061895930 [accx: 0.0 accy: -0.01] 
1621061895947 [accx: 0.0 accy: -0.01] 
1621061895967 [accx: 0.0 accy: -0.0] 
1621061895971 [accx: -0.0 accy: -0.0] 
1621061895991 [accx: -0.01 accy: -0.0] 
1621061896031 [accx: -0.0 accy: -0.0] 
1621061896034 [accx: -0.0 accy: 0.0] 
1621061896060 [accx: -0.0 accy: -0.01] 
1621061896081 [accx: -0.01 accy: -0.0] 
1621061896090 [accx: -0.01 accy: -0.0] 
1621061896115 [accx: -0.01 accy: -0.0] 
1621061896127 [accx: -0.01 accy: -0.0] 
1621061896153 [accx: 0.0 accy: -0.0] 
1621061896174 [accx: 0.0 accy: -0.0] 
1621061896189 [accx: -0.01 accy: 0.0] 
1621061896207 [accx: -0.0 accy: -0.0] 
1621061896227 [accx: -0.0 accy: 0.0] 
1621061896260 [accx: -0.01 accy: 0.0] 
1621061896269 [accx: -0.01 accy: 0.0] 
1621061896287 [accx: -0.01 accy: 0.0] 
1621061896309 [accx: -0.0 accy: -0.0] 
1621061896327 [accx: -0.0 accy: -0.0] 
1621061896347 [accx: -0.0 accy: -0.0] 
1621061896385 [accx: 0.0 accy: -0.0] 
1621061896387 [accx: 0.01 accy: -0.0] 
1621061896407 [accx: 0.0 accy: 0.0] 
1621061896427 [accx: 0.0 accy: 0.0] 
1621061896456 [accx: -0.0 accy: 0.0] 
1621061896467 [accx: -0.0 accy: 0.0] 
1621061896487 [accx: -0.01 accy: -0.0] 
1621061896508 [accx: -0.01 accy: 0.0] 
1621061896528 [accx: -0.0 accy: -0.0] 
1621061896547 [accx: -0.0 accy: -0.0] 
1621061896567 [accx: -0.0 accy: -0.0] 
1621061896593 [accx: -0.0 accy: 0.0] 
1621061896608 [accx: -0.0 accy: 0.0] 
1621061896627 [accx: 0.0 accy: 0.0] 
1621061896648 [accx: 0.0 accy: 0.0] 
1621061896675 [accx: -0.0 accy: 0.0] 
1621061896690 [accx: 0.0 accy: 0.0] 
1621061896725 [accx: 0.0 accy: -0.0] 
1621061896729 [accx: -0.01 accy: -0.0] 
1621061896755 [accx: -0.0 accy: -0.0] 
1621061896767 [accx: -0.0 accy: 0.0] 
1621061896793 [accx: -0.0 accy: -0.0] 
1621061896807 [accx: 0.0 accy: -0.0] 
1621061896827 [accx: -0.0 accy: -0.0] 
1621061896851 [accx: -0.01 accy: -0.0] 
1621061896867 [accx: -0.0 accy: -0.0] 
1621061896887 [accx: 0.0 accy: -0.0] 
1621061896910 [accx: -0.0 accy: -0.0] 
1621061896926 [accx: -0.01 accy: 0.0] 
1621061896950 [accx: -0.0 accy: -0.0] 
1621061896967 [accx: -0.0 accy: -0.0] 
1621061897007 [accx: -0.0 accy: -0.0] 
1621061897015 [accx: 0.0 accy: -0.0] 
1621061897027 [accx: -0.0 accy: -0.01] 
1621061897047 [accx: -0.0 accy: -0.0] 
1621061897067 [accx: -0.0 accy: -0.0] 
1621061897087 [accx: -0.01 accy: -0.0] 
1621061897108 [accx: -0.01 accy: -0.0] 
1621061897127 [accx: 0.0 accy: 0.0] 
1621061897153 [accx: -0.0 accy: -0.0] 
1621061897167 [accx: -0.01 accy: 0.0] 
1621061897189 [accx: -0.0 accy: 0.0] 
1621061897218 [accx: 0.0 accy: 0.0] 
1621061897229 [accx: 0.0 accy: -0.0] 
1621061897247 [accx: -0.01 accy: -0.0] 
1621061897267 [accx: -0.01 accy: -0.01] 
1621061897287 [accx: -0.0 accy: -0.01] 
1621061897307 [accx: -0.01 accy: -0.0] 
1621061897344 [accx: -0.01 accy: -0.01] 
1621061897346 [accx: -0.0 accy: -0.0] 
1621061897382 [accx: -0.0 accy: -0.0] 
1621061897387 [accx: -0.01 accy: -0.0] 
1621061897415 [accx: -0.0 accy: -0.0] 
1621061897427 [accx: -0.0 accy: -0.0] 
1621061897454 [accx: -0.01 accy: -0.0] 
1621061897467 [accx: -0.0 accy: -0.0] 
1621061897487 [accx: -0.01 accy: 0.0] 
1621061897507 [accx: -0.01 accy: -0.0] 
1621061897527 [accx: -0.01 accy: -0.0] 
1621061897547 [accx: -0.0 accy: -0.01] 
1621061897567 [accx: 0.0 accy: -0.01] 
1621061897587 [accx: -0.01 accy: -0.0] 
1621061897607 [accx: -0.01 accy: 0.0] 
1621061897633 [accx: -0.0 accy: -0.0] 
1621061897648 [accx: -0.0 accy: -0.0] 
1621061897667 [accx: -0.0 accy: 0.0] 
1621061897687 [accx: -0.01 accy: -0.0] 
1621061897712 [accx: -0.0 accy: -0.0] 
1621061897727 [accx: -0.0 accy: -0.0] 
1621061897748 [accx: -0.0 accy: 0.0] 
1621061897785 [accx: 0.0 accy: -0.0] 
1621061897788 [accx: -0.0 accy: 0.0] 
1621061897807 [accx: 0.0 accy: 0.0] 
1621061897828 [accx: 0.0 accy: 0.01] 
1621061897847 [accx: 0.0 accy: 0.0] 
1621061897874 [accx: -0.0 accy: -0.0] 
1621061897890 [accx: 0.0 accy: -0.0] 
1621061897916 [accx: -0.01 accy: 0.0] 
1621061897929 [accx: -0.01 accy: -0.0] 
1621061897946 [accx: 0.0 accy: 0.0] 
1621061897974 [accx: 0.0 accy: 0.01] 
1621061897991 [accx: -0.0 accy: -0.0] 
1621061898007 [accx: 0.0 accy: -0.01] 
1621061898036 [accx: -0.0 accy: 0.0] 
1621061898047 [accx: -0.01 accy: 0.0] 
1621061898067 [accx: -0.01 accy: -0.0] 
1621061898102 [accx: -0.0 accy: -0.0] 
1621061898107 [accx: -0.01 accy: -0.0] 
1621061898127 [accx: -0.0 accy: -0.0] 
1621061898148 [accx: -0.01 accy: 0.0] 
1621061898167 [accx: -0.01 accy: 0.0] 
1621061898187 [accx: -0.01 accy: -0.0] 
1621061898212 [accx: -0.01 accy: -0.0] 
1621061898227 [accx: -0.01 accy: 0.0] 
1621061898252 [accx: -0.01 accy: -0.0] 
1621061898268 [accx: -0.01 accy: -0.0] 
1621061898287 [accx: -0.01 accy: 0.0] 
1621061898307 [accx: -0.01 accy: -0.0] 
1621061898327 [accx: -0.0 accy: -0.0] 
1621061898347 [accx: 0.0 accy: 0.0] 
1621061898379 [accx: -0.0 accy: 0.0] 
1621061898391 [accx: -0.0 accy: -0.0] 
1621061898408 [accx: 0.0 accy: 0.0] 
1621061898429 [accx: 0.0 accy: 0.0] 
1621061898449 [accx: 0.0 accy: 0.0] 
1621061898472 [accx: -0.0 accy: -0.0] 
1621061898487 [accx: -0.0 accy: 0.0] 
1621061898507 [accx: -0.0 accy: 0.0] 
1621061898527 [accx: -0.01 accy: -0.0] 
1621061898547 [accx: -0.01 accy: -0.0] 
1621061898567 [accx: -0.0 accy: -0.0] 
1621061898588 [accx: -0.0 accy: -0.0] 
1621061898609 [accx: -0.0 accy: 0.0] 
1621061898627 [accx: -0.01 accy: 0.0] 
1621061898647 [accx: -0.01 accy: 0.0] 
1621061898667 [accx: -0.01 accy: -0.0] 
1621061898687 [accx: -0.01 accy: -0.01] 
1621061898707 [accx: -0.01 accy: -0.01] 
1621061898729 [accx: -0.0 accy: -0.0] 
1621061898747 [accx: -0.0 accy: 0.0] 
1621061898767 [accx: -0.01 accy: -0.0] 
1621061898787 [accx: 0.0 accy: 0.0] 
1621061898808 [accx: 0.0 accy: -0.0] 
1621061898827 [accx: -0.0 accy: -0.0] 
1621061898847 [accx: -0.0 accy: 0.01] 
1621061898867 [accx: -0.0 accy: 0.01] 
1621061898887 [accx: 0.0 accy: 0.0] 
1621061898907 [accx: 0.0 accy: -0.0] 
1621061898928 [accx: 0.0 accy: -0.01] 
1621061898948 [accx: 0.0 accy: -0.0] 
1621061898967 [accx: 0.0 accy: -0.01] 
1621061898987 [accx: -0.0 accy: -0.01] 
1621061899007 [accx: -0.0 accy: -0.01] 
1621061899032 [accx: -0.01 accy: -0.01] 
1621061899054 [accx: -0.01 accy: -0.0] 
1621061899067 [accx: 0.0 accy: -0.0] 
1621061899087 [accx: 0.0 accy: 0.0] 
1621061899108 [accx: -0.0 accy: -0.0] 
1621061899128 [accx: 0.0 accy: -0.0] 
1621061899148 [accx: -0.0 accy: -0.0] 
1621061899167 [accx: -0.0 accy: 0.0] 
1621061899200 [accx: -0.0 accy: -0.0] 
1621061899207 [accx: -0.0 accy: -0.0] 
1621061899227 [accx: 0.0 accy: -0.0] 
1621061899247 [accx: 0.0 accy: -0.0] 
1621061899269 [accx: -0.0 accy: -0.0] 
1621061899287 [accx: 0.0 accy: -0.0] 
1621061899307 [accx: -0.0 accy: -0.0] 
1621061899328 [accx: -0.01 accy: -0.0] 
1621061899347 [accx: -0.01 accy: -0.0] 
1621061899385 [accx: -0.0 accy: -0.0] 
1621061899389 [accx: -0.0 accy: -0.0] 
1621061899412 [accx: -0.01 accy: -0.0] 
1621061899427 [accx: -0.01 accy: -0.0] 
1621061899447 [accx: -0.01 accy: -0.0] 
1621061899467 [accx: -0.01 accy: -0.0] 
1621061899494 [accx: -0.0 accy: -0.0] 
1621061899526 [accx: -0.0 accy: 0.0] 
1621061899529 [accx: -0.0 accy: 0.0] 
1621061899557 [accx: -0.01 accy: 0.0] 
1621061899568 [accx: -0.0 accy: -0.0] 
1621061899590 [accx: -0.0 accy: 0.0] 
1621061899610 [accx: 0.0 accy: -0.0] 
1621061899640 [accx: 0.0 accy: 0.0] 
1621061899647 [accx: -0.01 accy: 0.0] 
1621061899667 [accx: 0.0 accy: -0.0] 
1621061899696 [accx: -0.0 accy: -0.0] 
1621061899711 [accx: 0.0 accy: 0.0] 
1621061899751 [accx: -0.01 accy: 0.0] 
1621061899762 [accx: -0.0 accy: 0.0] 
1621061899796 [accx: -0.0 accy: 0.0] 
1621061899799 [accx: -0.0 accy: -0.0] 
1621061899808 [accx: -0.0 accy: 0.0] 
1621061899827 [accx: -0.0 accy: 0.01] 
1621061899847 [accx: 0.0 accy: 0.0] 
1621061899874 [accx: 0.0 accy: 0.0] 
1621061899911 [accx: 0.01 accy: -0.0] 
1621061899932 [accx: 0.0 accy: 0.0] 
1621061899935 [accx: 0.0 accy: -0.0] 
1621061899950 [accx: 0.0 accy: 0.01] 
1621061899967 [accx: -0.0 accy: -0.0] 
1621061899987 [accx: -0.0 accy: 0.0] 
1621061900009 [accx: -0.0 accy: 0.0] 
1621061900029 [accx: -0.01 accy: 0.0] 
1621061900047 [accx: -0.0 accy: -0.0] 
1621061900066 [accx: -0.0 accy: -0.0] 
1621061900092 [accx: -0.01 accy: -0.0] 
1621061900110 [accx: 0.0 accy: -0.0] 
1621061900127 [accx: -0.0 accy: -0.0] 
1621061900147 [accx: -0.0 accy: 0.0] 
1621061900167 [accx: 0.0 accy: 0.0] 
1621061900187 [accx: -0.0 accy: -0.0] 
1621061900208 [accx: -0.0 accy: 0.0] 
1621061900236 [accx: -0.01 accy: -0.0] 
1621061900248 [accx: -0.0 accy: -0.0] 
1621061900274 [accx: 0.0 accy: 0.0] 
1621061900287 [accx: 0.0 accy: -0.0] 
1621061900307 [accx: -0.01 accy: -0.0] 
1621061900327 [accx: -0.01 accy: -0.01] 
1621061900347 [accx: 0.01 accy: -0.0] 
1621061900370 [accx: -0.0 accy: 0.0] 
1621061900387 [accx: -0.0 accy: -0.01] 
1621061900408 [accx: -0.0 accy: -0.0] 
1621061900427 [accx: -0.0 accy: 0.0] 
1621061900459 [accx: 0.0 accy: 0.0] 
1621061900467 [accx: -0.0 accy: 0.0] 
1621061900487 [accx: -0.01 accy: 0.01] 
1621061900507 [accx: -0.01 accy: 0.01] 
1621061900533 [accx: -0.01 accy: -0.0] 
1621061900550 [accx: -0.01 accy: 0.0] 
1621061900568 [accx: -0.0 accy: -0.0] 
1621061900586 [accx: -0.01 accy: -0.0] 
1621061900607 [accx: -0.01 accy: -0.0] 
1621061900627 [accx: -0.01 accy: 0.01] 
1621061900648 [accx: -0.0 accy: -0.0] 
1621061900667 [accx: -0.0 accy: 0.0] 
1621061900693 [accx: -0.01 accy: 0.0] 
1621061900707 [accx: -0.01 accy: -0.0] 
1621061900727 [accx: -0.0 accy: -0.0] 
1621061900747 [accx: -0.0 accy: -0.0] 
1621061900767 [accx: -0.0 accy: -0.0] 
1621061900787 [accx: -0.0 accy: -0.0] 
1621061900810 [accx: -0.0 accy: -0.0] 
1621061900827 [accx: -0.0 accy: -0.0] 
1621061900857 [accx: -0.0 accy: -0.0] 
1621061900867 [accx: -0.01 accy: 0.0] 
1621061900887 [accx: -0.01 accy: -0.0] 
1621061900906 [accx: -0.01 accy: -0.0] 
1621061900928 [accx: -0.0 accy: -0.0] 
1621061900947 [accx: -0.0 accy: 0.0] 
1621061900969 [accx: 0.0 accy: 0.01] 
1621061900987 [accx: -0.0 accy: 0.01] 
1621061901007 [accx: -0.01 accy: 0.0] 
1621061901028 [accx: -0.0 accy: 0.0] 
1621061901047 [accx: -0.0 accy: -0.0] 
1621061901067 [accx: -0.01 accy: -0.0] 
1621061901090 [accx: -0.01 accy: 0.0] 
1621061901107 [accx: -0.0 accy: 0.01] 
1621061901127 [accx: -0.01 accy: 0.01] 
1621061901147 [accx: -0.01 accy: 0.0] 
1621061901166 [accx: 0.0 accy: 0.01] 
1621061901187 [accx: 0.0 accy: 0.01] 
1621061901207 [accx: -0.01 accy: 0.0] 
1621061901227 [accx: -0.01 accy: -0.0] 
1621061901247 [accx: -0.01 accy: -0.0] 
1621061901267 [accx: -0.0 accy: 0.01] 
1621061901286 [accx: -0.0 accy: 0.01] 
1621061901307 [accx: -0.0 accy: 0.0] 
1621061901327 [accx: -0.0 accy: 0.01] 
1621061901347 [accx: -0.0 accy: 0.01] 
1621061901366 [accx: -0.0 accy: 0.01] 
1621061901387 [accx: -0.0 accy: 0.0] 
1621061901407 [accx: -0.0 accy: 0.0] 
1621061901438 [accx: -0.0 accy: 0.0] 
1621061901447 [accx: -0.0 accy: -0.0] 
1621061901467 [accx: -0.0 accy: -0.0] 
1621061901487 [accx: -0.0 accy: -0.0] 
1621061901507 [accx: -0.01 accy: 0.0] 
1621061901527 [accx: -0.0 accy: -0.0] 
1621061901548 [accx: -0.0 accy: -0.0] 
1621061901567 [accx: -0.0 accy: 0.0] 
1621061901587 [accx: -0.0 accy: 0.01] 
1621061901609 [accx: -0.0 accy: 0.0] 
1621061901627 [accx: 0.0 accy: 0.0] 
1621061901647 [accx: -0.0 accy: 0.01] 
1621061901667 [accx: -0.0 accy: 0.0] 
1621061901687 [accx: -0.0 accy: -0.0] 
1621061901707 [accx: 0.0 accy: 0.0] 
1621061901727 [accx: -0.0 accy: -0.0] 
1621061901747 [accx: -0.01 accy: -0.01] 
1621061901767 [accx: -0.0 accy: -0.0] 
1621061901787 [accx: -0.0 accy: 0.0] 
1621061901807 [accx: -0.01 accy: -0.0] 
1621061901841 [accx: -0.01 accy: -0.0] 
1621061901848 [accx: -0.0 accy: -0.0] 
1621061901868 [accx: -0.0 accy: -0.01] 
1621061901887 [accx: -0.01 accy: -0.0] 
1621061901907 [accx: -0.01 accy: -0.0] 
1621061901928 [accx: -0.01 accy: -0.0] 
1621061901947 [accx: -0.01 accy: 0.0] 
1621061901967 [accx: -0.01 accy: -0.0] 
1621061901990 [accx: -0.01 accy: -0.0] 
1621061902007 [accx: -0.01 accy: -0.0] 
1621061902035 [accx: -0.01 accy: 0.0] 
1621061902047 [accx: -0.0 accy: 0.01] 
1621061902067 [accx: -0.0 accy: 0.0] 
1621061902086 [accx: -0.01 accy: -0.0] 
1621061902107 [accx: -0.01 accy: -0.0] 
1621061902127 [accx: -0.01 accy: -0.0] 
1621061902147 [accx: -0.01 accy: -0.0] 
1621061902175 [accx: -0.01 accy: 0.0] 
1621061902196 [accx: -0.01 accy: -0.0] 
1621061902207 [accx: -0.0 accy: 0.0] 
1621061902229 [accx: 0.0 accy: 0.0] 
1621061902247 [accx: -0.0 accy: 0.0] 
1621061902266 [accx: -0.0 accy: 0.01] 
1621061902287 [accx: 0.0 accy: 0.0] 
1621061902307 [accx: -0.0 accy: 0.0] 
1621061902327 [accx: -0.0 accy: -0.01] 
1621061902347 [accx: -0.0 accy: -0.0] 
1621061902366 [accx: 0.0 accy: -0.01] 
1621061902386 [accx: -0.0 accy: -0.0] 
1621061902406 [accx: -0.01 accy: -0.0] 
1621061902426 [accx: -0.0 accy: 0.01] 
1621061902446 [accx: 0.0 accy: 0.0] 
1621061902466 [accx: -0.0 accy: -0.0] 
1621061902487 [accx: -0.0 accy: -0.0] 
1621061902507 [accx: -0.0 accy: -0.0] 
1621061902541 [accx: 0.0 accy: -0.0] 
1621061902546 [accx: 0.0 accy: -0.0] 
1621061902567 [accx: -0.01 accy: -0.0] 
1621061902587 [accx: -0.0 accy: 0.01] 
1621061902625 [accx: -0.0 accy: 0.01] 
1621061902629 [accx: -0.01 accy: 0.01] 
1621061902647 [accx: -0.01 accy: 0.0] 
1621061902667 [accx: -0.01 accy: -0.0] 
1621061902687 [accx: -0.01 accy: -0.0] 
1621061902707 [accx: -0.01 accy: 0.0] 
1621061902735 [accx: -0.0 accy: -0.0] 
1621061902750 [accx: -0.0 accy: -0.0] 
1621061902768 [accx: -0.0 accy: 0.0] 
1621061902787 [accx: -0.0 accy: 0.01] 
1621061902812 [accx: -0.0 accy: 0.01] 
1621061902827 [accx: 0.0 accy: -0.0] 
1621061902847 [accx: 0.0 accy: 0.01] 
1621061902867 [accx: -0.0 accy: 0.0] 
1621061902891 [accx: -0.01 accy: 0.0] 
1621061902908 [accx: -0.0 accy: 0.0] 
1621061902935 [accx: -0.0 accy: -0.0] 
1621061902954 [accx: -0.01 accy: -0.0] 
1621061902967 [accx: -0.01 accy: -0.0] 
1621061902989 [accx: -0.01 accy: -0.0] 
1621061903007 [accx: -0.01 accy: -0.0] 
1621061903029 [accx: -0.01 accy: -0.0] 
1621061903049 [accx: 0.0 accy: -0.0] 
1621061903068 [accx: 0.0 accy: 0.0] 
1621061903091 [accx: -0.0 accy: 0.0] 
1621061903112 [accx: -0.01 accy: -0.0] 
1621061903128 [accx: -0.0 accy: -0.0] 
1621061903148 [accx: -0.0 accy: -0.0] 
1621061903168 [accx: -0.0 accy: 0.0] 
1621061903187 [accx: 0.0 accy: 0.0] 
1621061903206 [accx: -0.0 accy: 0.0] 
1621061903233 [accx: -0.0 accy: 0.01] 
1621061903247 [accx: -0.0 accy: 0.01] 
1621061903270 [accx: -0.0 accy: 0.0] 
1621061903287 [accx: -0.01 accy: 0.01] 
1621061903310 [accx: -0.0 accy: -0.0] 
1621061903327 [accx: -0.0 accy: -0.0] 
1621061903369 [accx: -0.0 accy: -0.0] 
1621061903376 [accx: 0.0 accy: 0.0] 
1621061903417 [accx: -0.0 accy: -0.0] 
1621061903421 [accx: 0.0 accy: -0.0] 
1621061903438 [accx: -0.0 accy: 0.0] 
1621061903449 [accx: -0.01 accy: 0.0] 
1621061903468 [accx: -0.0 accy: -0.01] 
1621061903488 [accx: -0.0 accy: 0.0] 
1621061903507 [accx: -0.0 accy: 0.0] 
1621061903530 [accx: -0.0 accy: 0.0] 
1621061903557 [accx: -0.01 accy: 0.01] 
1621061903567 [accx: -0.01 accy: -0.0] 
1621061903591 [accx: -0.01 accy: -0.0] 
1621061903607 [accx: -0.01 accy: -0.0] 
1621061903629 [accx: -0.01 accy: -0.0] 
1621061903647 [accx: -0.01 accy: -0.0] 
1621061903671 [accx: -0.01 accy: -0.0] 
1621061903687 [accx: -0.01 accy: -0.01] 
1621061903706 [accx: -0.01 accy: 0.0] 
1621061903727 [accx: -0.01 accy: 0.0] 
1621061903748 [accx: -0.01 accy: 0.0] 
1621061903767 [accx: -0.0 accy: 0.01] 
1621061903795 [accx: -0.01 accy: 0.0] 
1621061903807 [accx: -0.01 accy: -0.0] 
1621061903833 [accx: -0.0 accy: -0.0] 
1621061903847 [accx: -0.0 accy: -0.0] 
1621061903868 [accx: -0.0 accy: -0.01] 
1621061903887 [accx: -0.01 accy: -0.0] 
1621061903913 [accx: -0.0 accy: 0.0] 
1621061903927 [accx: -0.0 accy: 0.0] 
1621061903953 [accx: -0.01 accy: 0.0] 
1621061903967 [accx: -0.01 accy: 0.0] 
1621061904001 [accx: 0.0 accy: -0.0] 
1621061904008 [accx: -0.0 accy: 0.0] 
1621061904032 [accx: -0.01 accy: 0.0] 
1621061904047 [accx: -0.01 accy: 0.0] 
1621061904069 [accx: -0.01 accy: -0.0] 
1621061904087 [accx: -0.01 accy: -0.0] 
1621061904112 [accx: -0.01 accy: 0.0] 
1621061904130 [accx: -0.01 accy: 0.01] 
1621061904147 [accx: -0.01 accy: 0.0] 
1621061904169 [accx: -0.0 accy: 0.0] 
1621061904188 [accx: -0.0 accy: 0.0] 
1621061904215 [accx: -0.0 accy: 0.0] 
1621061904227 [accx: 0.0 accy: -0.0] 
1621061904247 [accx: -0.01 accy: 0.0] 
1621061904272 [accx: -0.0 accy: 0.01] 
1621061904287 [accx: -0.01 accy: 0.01] 
1621061904309 [accx: -0.01 accy: 0.0] 
1621061904326 [accx: -0.01 accy: 0.0] 
1621061904351 [accx: -0.0 accy: 0.01] 
1621061904366 [accx: -0.0 accy: 0.01] 
1621061904386 [accx: -0.0 accy: 0.0] 
1621061904406 [accx: -0.0 accy: 0.0] 
1621061904426 [accx: -0.0 accy: -0.0] 
1621061904448 [accx: -0.0 accy: -0.0] 
1621061904467 [accx: -0.01 accy: -0.0] 
1621061904486 [accx: -0.01 accy: 0.0] 
1621061904506 [accx: -0.01 accy: -0.0] 
1621061904526 [accx: -0.01 accy: -0.0] 
1621061904547 [accx: -0.01 accy: -0.0] 
1621061904566 [accx: 0.0 accy: -0.0] 
1621061904586 [accx: -0.0 accy: -0.0] 
1621061904606 [accx: 0.0 accy: 0.0] 
1621061904627 [accx: -0.0 accy: 0.0] 
1621061904647 [accx: -0.0 accy: -0.0] 
1621061904667 [accx: -0.0 accy: -0.0] 
1621061904686 [accx: -0.01 accy: -0.0] 
1621061904707 [accx: -0.0 accy: -0.0] 
1621061904726 [accx: -0.0 accy: 0.0] 
1621061904747 [accx: -0.0 accy: -0.0] 
1621061904766 [accx: -0.0 accy: -0.0] 
1621061904786 [accx: 0.0 accy: -0.0] 
1621061904806 [accx: -0.0 accy: 0.01] 
1621061904827 [accx: -0.01 accy: 0.01] 
1621061904846 [accx: -0.01 accy: 0.01] 
1621061904866 [accx: -0.0 accy: 0.0] 
1621061904886 [accx: -0.0 accy: 0.0] 
1621061904906 [accx: -0.0 accy: 0.0] 
1621061904926 [accx: -0.0 accy: -0.0] 
1621061904946 [accx: -0.0 accy: -0.0] 
1621061904966 [accx: 0.0 accy: 0.0] 
1621061904988 [accx: 0.0 accy: 0.0] 
1621061905007 [accx: -0.0 accy: 0.0] 
1621061905026 [accx: -0.0 accy: 0.0] 
1621061905046 [accx: -0.0 accy: 0.0] 
1621061905066 [accx: -0.01 accy: 0.0] 
1621061905086 [accx: -0.0 accy: 0.0] 
1621061905106 [accx: -0.0 accy: 0.0] 
1621061905127 [accx: -0.0 accy: 0.0] 
1621061905146 [accx: -0.01 accy: 0.0] 
1621061905166 [accx: -0.01 accy: 0.0] 
1621061905186 [accx: -0.01 accy: 0.0] 
1621061905206 [accx: -0.0 accy: 0.0] 
1621061905227 [accx: -0.0 accy: 0.0] 
1621061905246 [accx: -0.01 accy: 0.01] 
1621061905266 [accx: -0.0 accy: 0.01] 
1621061905286 [accx: -0.01 accy: 0.0] 
1621061905306 [accx: -0.01 accy: 0.0] 
1621061905326 [accx: -0.01 accy: 0.0] 
1621061905347 [accx: -0.0 accy: -0.0] 
1621061905366 [accx: -0.0 accy: -0.0] 
1621061905387 [accx: -0.0 accy: 0.0] 
1621061905406 [accx: -0.0 accy: 0.0] 
1621061905426 [accx: 0.0 accy: -0.0] 
1621061905447 [accx: -0.01 accy: 0.0] 
1621061905466 [accx: -0.01 accy: 0.01] 
1621061905486 [accx: -0.0 accy: 0.0] 
1621061905507 [accx: -0.0 accy: 0.0] 
1621061905526 [accx: -0.0 accy: 0.01] 
1621061905547 [accx: -0.0 accy: 0.0] 
1621061905567 [accx: -0.0 accy: 0.01] 
1621061905587 [accx: -0.01 accy: 0.0] 
1621061905606 [accx: -0.01 accy: 0.0] 
1621061905627 [accx: -0.0 accy: 0.0] 
1621061905646 [accx: 0.0 accy: 0.0] 
1621061905666 [accx: -0.0 accy: 0.01] 
1621061905686 [accx: -0.0 accy: 0.01] 
1621061905707 [accx: -0.0 accy: 0.0] 
1621061905727 [accx: 0.0 accy: -0.0] 
1621061905746 [accx: 0.0 accy: 0.0] 
1621061905766 [accx: 0.0 accy: -0.0] 
1621061905786 [accx: 0.0 accy: -0.0] 
1621061905807 [accx: 0.0 accy: -0.0] 
1621061905826 [accx: -0.0 accy: -0.0] 
1621061905846 [accx: -0.0 accy: -0.0] 
1621061905867 [accx: -0.0 accy: 0.0] 
1621061905891 [accx: -0.0 accy: 0.01] 
1621061905910 [accx: -0.01 accy: 0.0] 
1621061905926 [accx: -0.01 accy: 0.0] 
1621061905947 [accx: -0.01 accy: 0.01] 
1621061905966 [accx: -0.0 accy: 0.0] 
1621061905987 [accx: 0.0 accy: 0.01] 
1621061906007 [accx: -0.0 accy: 0.01] 
1621061906027 [accx: -0.0 accy: 0.01] 
1621061906046 [accx: 0.0 accy: 0.01] 
1621061906067 [accx: -0.0 accy: 0.01] 
1621061906086 [accx: -0.0 accy: 0.0] 
1621061906107 [accx: -0.01 accy: 0.0] 
1621061906128 [accx: -0.01 accy: 0.0] 
1621061906148 [accx: -0.0 accy: -0.0] 
1621061906171 [accx: -0.01 accy: 0.0] 
1621061906189 [accx: 0.0 accy: 0.0] 
1621061906208 [accx: -0.0 accy: 0.0] 
1621061906227 [accx: -0.01 accy: 0.01] 
1621061906247 [accx: -0.0 accy: 0.0] 
1621061906267 [accx: -0.0 accy: 0.0] 
1621061906287 [accx: -0.0 accy: -0.0] 
1621061906308 [accx: -0.0 accy: 0.0] 
1621061906328 [accx: -0.0 accy: 0.01] 
1621061906364 [accx: -0.01 accy: 0.0] 
1621061906368 [accx: -0.01 accy: 0.01] 
1621061906387 [accx: -0.0 accy: 0.01] 
1621061906418 [accx: -0.0 accy: 0.01] 
1621061906430 [accx: 0.0 accy: 0.0] 
1621061906447 [accx: 0.0 accy: 0.0] 
1621061906467 [accx: 0.0 accy: 0.0] 
1621061906488 [accx: 0.01 accy: 0.0] 
1621061906513 [accx: -0.0 accy: 0.0] 
1621061906535 [accx: -0.0 accy: -0.0] 
1621061906547 [accx: -0.0 accy: -0.0] 
1621061906567 [accx: -0.0 accy: 0.0] 
1621061906587 [accx: -0.0 accy: 0.0] 
1621061906606 [accx: 0.0 accy: 0.01] 
1621061906626 [accx: 0.0 accy: 0.01] 
1621061906648 [accx: -0.01 accy: 0.0] 
1621061906667 [accx: -0.01 accy: -0.0] 
1621061906695 [accx: -0.01 accy: -0.0] 
1621061906708 [accx: -0.01 accy: -0.0] 
1621061906728 [accx: -0.0 accy: 0.0] 
1621061906754 [accx: -0.01 accy: -0.0] 
1621061906767 [accx: -0.0 accy: -0.0] 
1621061906794 [accx: -0.0 accy: 0.0] 
1621061906807 [accx: -0.0 accy: 0.0] 
1621061906827 [accx: -0.01 accy: 0.0] 
1621061906847 [accx: -0.01 accy: 0.0] 
1621061906876 [accx: -0.01 accy: 0.01] 
1621061906887 [accx: -0.0 accy: 0.0] 
1621061906914 [accx: -0.01 accy: -0.0] 
1621061906926 [accx: -0.0 accy: -0.0] 
1621061906953 [accx: -0.01 accy: 0.0] 
1621061906967 [accx: -0.0 accy: 0.0] 
1621061906987 [accx: -0.0 accy: -0.0] 
1621061907027 [accx: -0.0 accy: -0.0] 
1621061907033 [accx: -0.0 accy: -0.0] 
1621061907047 [accx: -0.0 accy: 0.01] 
1621061907069 [accx: -0.0 accy: 0.01] 
1621061907087 [accx: 0.0 accy: 0.0] 
1621061907106 [accx: 0.0 accy: 0.0] 
1621061907127 [accx: -0.0 accy: 0.0] 
1621061907150 [accx: 0.0 accy: 0.01] 
1621061907166 [accx: 0.0 accy: 0.01] 
1621061907193 [accx: 0.0 accy: 0.0] 
1621061907211 [accx: -0.0 accy: 0.01] 
1621061907228 [accx: -0.0 accy: 0.01] 
1621061907251 [accx: -0.0 accy: 0.0] 
1621061907267 [accx: -0.0 accy: -0.0] 
1621061907288 [accx: -0.01 accy: -0.0] 
1621061907310 [accx: -0.01 accy: -0.0] 
1621061907331 [accx: -0.01 accy: 0.0] 
1621061907350 [accx: -0.01 accy: -0.0] 
1621061907367 [accx: -0.01 accy: -0.0] 
1621061907388 [accx: -0.01 accy: 0.0] 
1621061907407 [accx: -0.01 accy: 0.0] 
1621061907433 [accx: 0.0 accy: -0.0] 
1621061907447 [accx: 0.0 accy: 0.01] 
1621061907468 [accx: -0.0 accy: 0.01] 
1621061907486 [accx: -0.01 accy: 0.01] 
1621061907507 [accx: -0.01 accy: 0.01] 
1621061907527 [accx: -0.0 accy: 0.01] 
1621061907549 [accx: -0.0 accy: 0.0] 
1621061907566 [accx: -0.01 accy: 0.01] 
1621061907587 [accx: -0.01 accy: 0.01] 
1621061907614 [accx: -0.0 accy: 0.01] 
1621061907638 [accx: -0.01 accy: 0.01] 
1621061907647 [accx: -0.0 accy: 0.01] 
1621061907681 [accx: -0.01 accy: 0.0] 
1621061907687 [accx: -0.0 accy: 0.0] 
1621061907706 [accx: -0.0 accy: 0.01] 
1621061907734 [accx: -0.01 accy: 0.0] 
1621061907747 [accx: -0.01 accy: -0.0] 
1621061907767 [accx: -0.0 accy: -0.0] 
1621061907786 [accx: 0.0 accy: 0.0] 
1621061907807 [accx: -0.0 accy: -0.0] 
1621061907827 [accx: -0.01 accy: 0.0] 
1621061907846 [accx: -0.01 accy: 0.0] 
1621061907867 [accx: -0.0 accy: 0.0] 
1621061907888 [accx: 0.0 accy: -0.0] 
1621061907910 [accx: 0.0 accy: -0.0] 
1621061907927 [accx: -0.0 accy: 0.0] 
1621061907949 [accx: -0.0 accy: -0.0] 
1621061907967 [accx: -0.0 accy: -0.01] 
1621061907987 [accx: 0.0 accy: -0.0] 
1621061908007 [accx: 0.0 accy: -0.0] 
1621061908027 [accx: -0.0 accy: 0.0] 
1621061908050 [accx: -0.01 accy: -0.0] 
1621061908067 [accx: -0.0 accy: 0.0] 
1621061908088 [accx: -0.0 accy: -0.0] 
1621061908106 [accx: -0.0 accy: -0.0] 
1621061908133 [accx: -0.0 accy: -0.0] 
1621061908147 [accx: -0.0 accy: -0.0] 
1621061908167 [accx: -0.0 accy: -0.0] 
1621061908190 [accx: -0.01 accy: -0.0] 
1621061908210 [accx: -0.0 accy: -0.0] 
1621061908227 [accx: -0.0 accy: -0.0] 
1621061908253 [accx: -0.01 accy: 0.0] 
1621061908267 [accx: -0.0 accy: -0.0] 
1621061908287 [accx: -0.0 accy: -0.01] 
1621061908307 [accx: -0.01 accy: -0.0] 
1621061908327 [accx: -0.01 accy: 0.0] 
1621061908347 [accx: -0.01 accy: 0.0] 
1621061908367 [accx: -0.01 accy: 0.01] 
1621061908387 [accx: -0.01 accy: 0.0] 
1621061908407 [accx: -0.0 accy: 0.01] 
1621061908427 [accx: -0.0 accy: 0.01] 
1621061908447 [accx: -0.0 accy: 0.01] 
1621061908467 [accx: -0.01 accy: 0.01] 
1621061908487 [accx: -0.01 accy: 0.01] 
1621061908507 [accx: -0.01 accy: 0.0] 
1621061908527 [accx: -0.01 accy: 0.0] 
1621061908546 [accx: -0.0 accy: 0.0] 
1621061908571 [accx: -0.01 accy: -0.01] 
1621061908587 [accx: -0.0 accy: -0.01] 
1621061908607 [accx: -0.01 accy: -0.01] 
1621061908627 [accx: -0.01 accy: -0.0] 
1621061908647 [accx: -0.01 accy: -0.0] 
1621061908666 [accx: -0.0 accy: 0.0] 
1621061908688 [accx: -0.0 accy: 0.0] 
1621061908707 [accx: -0.01 accy: -0.0] 
1621061908726 [accx: -0.0 accy: -0.0] 
1621061908746 [accx: -0.0 accy: 0.0] 
1621061908767 [accx: -0.01 accy: -0.0] 
1621061908788 [accx: -0.01 accy: -0.0] 
1621061908807 [accx: -0.0 accy: -0.0] 
1621061908834 [accx: -0.0 accy: -0.0] 
1621061908847 [accx: 0.0 accy: -0.0] 
1621061908869 [accx: -0.0 accy: 0.0] 
1621061908891 [accx: -0.0 accy: -0.0] 
1621061908907 [accx: -0.0 accy: -0.0] 
1621061908927 [accx: -0.0 accy: 0.0] 
1621061908950 [accx: -0.0 accy: 0.0] 
1621061908967 [accx: -0.01 accy: 0.0] 
1621061908987 [accx: 0.0 accy: 0.01] 
1621061909007 [accx: -0.0 accy: 0.01] 
1621061909034 [accx: -0.0 accy: 0.01] 
1621061909047 [accx: 0.0 accy: 0.0] 
1621061909073 [accx: -0.0 accy: -0.0] 
1621061909087 [accx: 0.0 accy: 0.0] 
1621061909111 [accx: 0.0 accy: 0.0] 
1621061909127 [accx: -0.0 accy: -0.0] 
1621061909155 [accx: -0.0 accy: 0.0] 
1621061909167 [accx: 0.0 accy: -0.0] 
1621061909191 [accx: 0.0 accy: -0.01] 
1621061909206 [accx: 0.0 accy: -0.01] 
1621061909228 [accx: 0.01 accy: -0.0] 
1621061909246 [accx: 0.0 accy: -0.0] 
1621061909271 [accx: -0.01 accy: -0.0] 
1621061909287 [accx: -0.0 accy: -0.0] 
1621061909307 [accx: -0.0 accy: -0.0] 
1621061909327 [accx: -0.01 accy: -0.02] 
1621061909351 [accx: -0.01 accy: 0.01] 
1621061909366 [accx: 0.01 accy: 0.02] 
1621061909387 [accx: -0.0 accy: -0.01] 
1621061909408 [accx: -0.02 accy: 0.01] 
1621061909427 [accx: 0.01 accy: 0.0] 
1621061909446 [accx: -0.01 accy: 0.01] 
1621061909467 [accx: -0.01 accy: -0.0] 
1621061909487 [accx: 0.0 accy: 0.0] 
1621061909508 [accx: -0.01 accy: 0.01] 
1621061909528 [accx: -0.0 accy: -0.01] 
1621061909547 [accx: 0.01 accy: 0.0] 
1621061909567 [accx: -0.0 accy: -0.0] 
1621061909587 [accx: 0.0 accy: -0.01] 
1621061909607 [accx: -0.01 accy: 0.0] 
1621061909627 [accx: -0.0 accy: -0.0] 
1621061909647 [accx: 0.0 accy: -0.0] 
1621061909667 [accx: 0.01 accy: -0.01] 
1621061909687 [accx: -0.0 accy: -0.0] 
1621061909708 [accx: -0.01 accy: 0.0] 
1621061909730 [accx: 0.0 accy: -0.0] 
1621061909747 [accx: -0.01 accy: 0.0] 
1621061909768 [accx: -0.0 accy: 0.0] 
1621061909787 [accx: -0.01 accy: -0.01] 
1621061909807 [accx: -0.0 accy: -0.0] 
1621061909828 [accx: -0.0 accy: 0.0] 
1621061909847 [accx: -0.01 accy: -0.0] 
1621061909872 [accx: -0.0 accy: -0.0] 
1621061909887 [accx: 0.01 accy: 0.01] 
1621061909907 [accx: -0.01 accy: 0.03] 
1621061909927 [accx: 0.0 accy: 0.02] 
1621061909947 [accx: -0.01 accy: -0.03] 
1621061909977 [accx: -0.03 accy: 0.01] 
1621061909990 [accx: 0.02 accy: -0.01] 
1621061910008 [accx: -0.03 accy: 0.02] 
1621061910031 [accx: 0.01 accy: -0.02] 
1621061910054 [accx: 0.01 accy: 0.02] 
1621061910067 [accx: -0.01 accy: 0.02] 
1621061910089 [accx: 0.01 accy: -0.01] 
1621061910113 [accx: 0.0 accy: 0.01] 
1621061910135 [accx: -0.01 accy: -0.01] 
1621061910147 [accx: -0.01 accy: 0.01] 
1621061910167 [accx: -0.01 accy: 0.01] 
1621061910187 [accx: 0.01 accy: 0.01] 
1621061910207 [accx: 0.01 accy: -0.0] 
1621061910227 [accx: -0.0 accy: -0.0] 
1621061910248 [accx: -0.0 accy: 0.01] 
1621061910270 [accx: 0.0 accy: -0.01] 
1621061910291 [accx: -0.0 accy: 0.0] 
1621061910307 [accx: -0.01 accy: 0.01] 
1621061910332 [accx: -0.01 accy: 0.0] 
1621061910350 [accx: -0.01 accy: -0.0] 
1621061910367 [accx: -0.0 accy: 0.01] 
1621061910387 [accx: -0.0 accy: 0.01] 
1621061910408 [accx: -0.01 accy: -0.01] 
1621061910427 [accx: -0.0 accy: 0.01] 
1621061910447 [accx: -0.01 accy: 0.0] 
1621061910471 [accx: -0.01 accy: -0.0] 
1621061910488 [accx: 0.0 accy: -0.0] 
1621061910509 [accx: 0.01 accy: -0.0] 
1621061910531 [accx: -0.01 accy: -0.01] 
1621061910548 [accx: -0.01 accy: 0.0] 
1621061910571 [accx: -0.01 accy: 0.0] 
1621061910588 [accx: -0.01 accy: -0.0] 
1621061910612 [accx: -0.01 accy: -0.01] 
1621061910627 [accx: -0.0 accy: -0.0] 
1621061910650 [accx: -0.0 accy: -0.0] 
1621061910668 [accx: -0.01 accy: 0.0] 
1621061910695 [accx: -0.01 accy: 0.0] 
1621061910706 [accx: -0.0 accy: 0.0] 
1621061910727 [accx: -0.0 accy: 0.0] 
1621061910746 [accx: -0.01 accy: 0.0] 
1621061910779 [accx: -0.0 accy: 0.01] 
1621061910787 [accx: -0.01 accy: 0.0] 
1621061910813 [accx: -0.0 accy: -0.0] 
1621061910826 [accx: -0.0 accy: -0.0] 
1621061910847 [accx: 0.0 accy: -0.0] 
1621061910866 [accx: -0.01 accy: 0.0] 
1621061910887 [accx: -0.0 accy: 0.0] 
1621061910907 [accx: -0.01 accy: 0.0] 
1621061910932 [accx: -0.01 accy: -0.0] 
1621061910947 [accx: -0.0 accy: -0.0] 
1621061910967 [accx: -0.0 accy: -0.01] 
1621061910986 [accx: -0.01 accy: -0.01] 
1621061911017 [accx: -0.01 accy: -0.0] 
1621061911028 [accx: -0.01 accy: -0.0] 
1621061911053 [accx: -0.01 accy: -0.01] 
1621061911081 [accx: -0.01 accy: -0.0] 
1621061911097 [accx: -0.01 accy: -0.0] 
1621061911107 [accx: -0.0 accy: 0.0] 
1621061911127 [accx: -0.01 accy: 0.0] 
1621061911151 [accx: 0.0 accy: -0.0] 
1621061911167 [accx: 0.0 accy: -0.0] 
1621061911188 [accx: -0.0 accy: -0.0] 
1621061911207 [accx: 0.0 accy: 0.0] 
1621061911232 [accx: -0.0 accy: 0.0] 
1621061911247 [accx: 0.0 accy: -0.0] 
1621061911269 [accx: 0.01 accy: -0.0] 
1621061911287 [accx: -0.0 accy: -0.0] 
1621061911308 [accx: -0.01 accy: -0.0] 
1621061911327 [accx: -0.0 accy: 0.0] 
1621061911347 [accx: -0.0 accy: -0.0] 
1621061911368 [accx: -0.0 accy: -0.0] 
1621061911387 [accx: -0.0 accy: 0.0] 
1621061911407 [accx: -0.0 accy: 0.0] 
1621061911428 [accx: -0.0 accy: 0.0] 
1621061911450 [accx: 0.0 accy: -0.0] 
1621061911468 [accx: -0.01 accy: 0.0] 
1621061911487 [accx: -0.01 accy: 0.0] 
1621061911508 [accx: -0.01 accy: -0.0] 
1621061911527 [accx: -0.0 accy: -0.0] 
1621061911551 [accx: -0.0 accy: 0.0] 
1621061911567 [accx: -0.0 accy: 0.0] 
1621061911588 [accx: -0.01 accy: 0.0] 
1621061911607 [accx: -0.0 accy: -0.0] 
1621061911627 [accx: -0.0 accy: -0.0] 
1621061911646 [accx: 0.0 accy: 0.0] 
1621061911669 [accx: 0.01 accy: 0.0] 
1621061911687 [accx: -0.0 accy: -0.0] 
1621061911708 [accx: -0.0 accy: 0.0] 
1621061911733 [accx: -0.01 accy: -0.02] 
1621061911748 [accx: -0.01 accy: 0.01] 
1621061911767 [accx: 0.01 accy: 0.01] 
1621061911787 [accx: 0.0 accy: -0.01] 
1621061911814 [accx: -0.0 accy: 0.01] 
1621061911828 [accx: 0.01 accy: -0.0] 
1621061911847 [accx: -0.02 accy: 0.0] 
1621061911868 [accx: -0.0 accy: -0.01] 
1621061911887 [accx: 0.01 accy: -0.01] 
1621061911907 [accx: -0.01 accy: 0.0] 
1621061911927 [accx: -0.0 accy: -0.01] 
1621061911947 [accx: -0.0 accy: 0.01] 
1621061911969 [accx: -0.01 accy: -0.0] 
1621061911987 [accx: -0.01 accy: -0.01] 
1621061912007 [accx: -0.01 accy: 0.0] 
1621061912027 [accx: -0.0 accy: 0.01] 
1621061912047 [accx: -0.0 accy: 0.0] 
1621061912067 [accx: 0.0 accy: -0.01] 
1621061912088 [accx: -0.0 accy: 0.01] 
1621061912107 [accx: -0.0 accy: -0.0] 
1621061912127 [accx: 0.0 accy: -0.01] 
1621061912148 [accx: -0.0 accy: 0.0] 
1621061912167 [accx: 0.0 accy: 0.0] 
1621061912188 [accx: -0.0 accy: -0.0] 
1621061912207 [accx: -0.01 accy: 0.0] 
1621061912227 [accx: -0.01 accy: -0.0] 
1621061912247 [accx: -0.01 accy: -0.0] 
1621061912267 [accx: -0.01 accy: 0.0] 
1621061912287 [accx: -0.0 accy: 0.0] 
1621061912310 [accx: -0.0 accy: -0.0] 
1621061912327 [accx: -0.0 accy: 0.0] 
1621061912347 [accx: 0.02 accy: 0.03] 
1621061912376 [accx: 0.02 accy: -0.05] 
1621061912387 [accx: -0.02 accy: 0.03] 
1621061912408 [accx: 0.0 accy: -0.02] 
1621061912427 [accx: -0.0 accy: 0.01] 
1621061912447 [accx: 0.01 accy: -0.0] 
1621061912480 [accx: 0.03 accy: -0.01] 
1621061912488 [accx: -0.02 accy: 0.02] 
1621061912507 [accx: -0.01 accy: -0.02] 
1621061912527 [accx: 0.03 accy: 0.01] 
1621061912547 [accx: -0.03 accy: 0.03] 
1621061912567 [accx: -0.02 accy: 0.02] 
1621061912587 [accx: -0.04 accy: 0.01] 
1621061912606 [accx: 0.0 accy: 0.0] 
1621061912628 [accx: 0.01 accy: -0.01] 
1621061912647 [accx: -0.04 accy: 0.03] 
1621061912667 [accx: -0.02 accy: -0.04] 
1621061912687 [accx: 0.01 accy: 0.02] 
1621061912717 [accx: 0.03 accy: 0.04] 
1621061912727 [accx: 0.02 accy: -0.0] 
1621061912756 [accx: -0.03 accy: 0.02] 
1621061912766 [accx: 0.03 accy: 0.01] 
1621061912787 [accx: 0.01 accy: -0.03] 
1621061912807 [accx: -0.04 accy: 0.01] 
1621061912827 [accx: 0.04 accy: -0.01] 
1621061912846 [accx: -0.01 accy: 0.05] 
1621061912867 [accx: -0.01 accy: -0.04] 
1621061912887 [accx: 0.0 accy: -0.01] 
1621061912907 [accx: 0.01 accy: 0.04] 
1621061912926 [accx: 0.03 accy: -0.03] 
1621061912947 [accx: -0.0 accy: 0.02] 
1621061912966 [accx: 0.01 accy: 0.02] 
1621061912987 [accx: -0.02 accy: -0.04] 
1621061913007 [accx: -0.04 accy: -0.01] 
1621061913028 [accx: -0.0 accy: 0.02] 
1621061913050 [accx: -0.02 accy: -0.02] 
1621061913072 [accx: -0.06 accy: -0.02] 
1621061913088 [accx: 0.02 accy: 0.02] 
1621061913107 [accx: -0.01 accy: 0.02] 
1621061913127 [accx: -0.02 accy: -0.01] 
1621061913147 [accx: 0.03 accy: 0.01] 
1621061913167 [accx: -0.04 accy: 0.05] 
1621061913198 [accx: -0.0 accy: -0.01] 
1621061913208 [accx: 0.02 accy: -0.04] 
1621061913227 [accx: -0.03 accy: 0.02] 
1621061913253 [accx: -0.0 accy: -0.01] 
1621061913267 [accx: -0.01 accy: 0.01] 
1621061913288 [accx: -0.01 accy: -0.01] 
1621061913309 [accx: -0.01 accy: -0.01] 
1621061913331 [accx: 0.01 accy: 0.01] 
1621061913354 [accx: 0.02 accy: -0.0] 
1621061913367 [accx: -0.0 accy: 0.03] 
1621061913390 [accx: -0.01 accy: 0.03] 
1621061913414 [accx: -0.03 accy: -0.03] 
1621061913429 [accx: -0.03 accy: 0.0] 
1621061913448 [accx: 0.01 accy: 0.01] 
1621061913467 [accx: 0.01 accy: 0.05] 
1621061913487 [accx: -0.01 accy: -0.04] 
1621061913507 [accx: 0.0 accy: -0.02] 
1621061913527 [accx: -0.02 accy: 0.05] 
1621061913547 [accx: -0.01 accy: -0.05] 
1621061913567 [accx: -0.02 accy: -0.01] 
1621061913593 [accx: 0.01 accy: 0.02] 
1621061913607 [accx: 0.01 accy: 0.01] 
1621061913627 [accx: -0.06 accy: 0.03] 
1621061913646 [accx: 0.01 accy: 0.0] 
1621061913670 [accx: -0.03 accy: 0.02] 
1621061913687 [accx: 0.0 accy: -0.07] 
1621061913707 [accx: 0.02 accy: 0.01] 
1621061913727 [accx: -0.02 accy: 0.03] 
1621061913750 [accx: 0.01 accy: -0.01] 
1621061913770 [accx: -0.03 accy: -0.0] 
1621061913789 [accx: -0.03 accy: -0.0] 
1621061913807 [accx: -0.01 accy: -0.01] 
1621061913834 [accx: -0.02 accy: 0.01] 
1621061913846 [accx: -0.0 accy: 0.01] 
1621061913867 [accx: -0.0 accy: -0.0] 
1621061913896 [accx: -0.01 accy: -0.02] 
1621061913908 [accx: -0.02 accy: 0.01] 
1621061913930 [accx: -0.01 accy: 0.02] 
1621061913952 [accx: 0.02 accy: -0.0] 
1621061913972 [accx: 0.01 accy: -0.01] 
1621061913991 [accx: 0.02 accy: 0.01] 
1621061914007 [accx: -0.02 accy: 0.01] 
1621061914032 [accx: 0.01 accy: -0.03] 
1621061914055 [accx: -0.02 accy: -0.02] 
1621061914069 [accx: -0.0 accy: -0.01] 
1621061914096 [accx: 0.0 accy: 0.01] 
1621061914108 [accx: -0.03 accy: -0.02] 
1621061914127 [accx: -0.0 accy: 0.0] 
1621061914148 [accx: -0.0 accy: -0.01] 
1621061914168 [accx: 0.0 accy: -0.04] 
1621061914197 [accx: -0.02 accy: -0.01] 
1621061914211 [accx: 0.01 accy: 0.01] 
1621061914227 [accx: 0.01 accy: -0.01] 
1621061914249 [accx: -0.01 accy: 0.02] 
1621061914269 [accx: -0.01 accy: -0.02] 
1621061914287 [accx: 0.0 accy: 0.0] 
1621061914309 [accx: -0.02 accy: 0.03] 
1621061914327 [accx: 0.03 accy: -0.05] 
1621061914347 [accx: -0.03 accy: 0.02] 
1621061914367 [accx: 0.02 accy: -0.01] 
1621061914387 [accx: 0.0 accy: 0.01] 
1621061914416 [accx: -0.01 accy: -0.01] 
1621061914434 [accx: 0.01 accy: -0.01] 
1621061914449 [accx: -0.01 accy: -0.01] 
1621061914467 [accx: -0.01 accy: -0.03] 
1621061914487 [accx: 0.02 accy: 0.01] 
1621061914508 [accx: 0.0 accy: 0.01] 
1621061914528 [accx: -0.01 accy: -0.03] 
1621061914548 [accx: 0.0 accy: -0.0] 
1621061914566 [accx: 0.02 accy: -0.01] 
1621061914591 [accx: 0.0 accy: 0.0] 
1621061914606 [accx: -0.01 accy: -0.0] 
1621061914627 [accx: 0.0 accy: 0.01] 
1621061914648 [accx: -0.01 accy: -0.0] 
1621061914667 [accx: 0.01 accy: 0.02] 
1621061914687 [accx: 0.03 accy: 0.01] 
1621061914707 [accx: -0.01 accy: -0.02] 
1621061914735 [accx: -0.01 accy: -0.01] 
1621061914747 [accx: 0.01 accy: 0.01] 
1621061914767 [accx: 0.01 accy: -0.01] 
1621061914787 [accx: 0.0 accy: 0.01] 
1621061914809 [accx: 0.03 accy: 0.0] 
1621061914830 [accx: -0.03 accy: -0.01] 
1621061914847 [accx: -0.01 accy: -0.01] 
1621061914867 [accx: 0.02 accy: -0.02] 
1621061914887 [accx: -0.01 accy: 0.01] 
1621061914907 [accx: 0.0 accy: -0.03] 
1621061914927 [accx: -0.03 accy: -0.02] 
1621061914947 [accx: -0.02 accy: 0.04] 
1621061914969 [accx: -0.0 accy: -0.04] 
1621061914987 [accx: -0.03 accy: 0.02] 
1621061915007 [accx: 0.03 accy: -0.01] 
