1623200533104 [accx: -0.01 accy: -0.0] 
1623200533123 [accx: -0.01 accy: 0.0] 
1623200533144 [accx: -0.01 accy: -0.0] 
1623200533170 [accx: -0.01 accy: -0.0] 
1623200533184 [accx: -0.01 accy: -0.0] 
1623200533204 [accx: -0.0 accy: -0.0] 
1623200533224 [accx: 0.0 accy: -0.0] 
1623200533243 [accx: 0.0 accy: -0.0] 
1623200533264 [accx: -0.0 accy: -0.0] 
1623200533283 [accx: 0.0 accy: 0.0] 
1623200533304 [accx: -0.0 accy: 0.0] 
1623200533323 [accx: -0.01 accy: 0.0] 
1623200533344 [accx: -0.01 accy: 0.0] 
1623200533364 [accx: 0.0 accy: -0.0] 
1623200533387 [accx: -0.0 accy: 0.0] 
1623200533403 [accx: -0.0 accy: 0.0] 
1623200533424 [accx: -0.01 accy: -0.0] 
1623200533443 [accx: -0.0 accy: -0.0] 
1623200533465 [accx: -0.0 accy: -0.0] 
1623200533483 [accx: -0.0 accy: -0.01] 
1623200533505 [accx: -0.01 accy: 0.0] 
1623200533523 [accx: -0.01 accy: -0.0] 
1623200533545 [accx: -0.01 accy: -0.01] 
1623200533563 [accx: -0.0 accy: -0.0] 
1623200533584 [accx: 0.0 accy: 0.0] 
1623200533604 [accx: -0.0 accy: 0.01] 
1623200533625 [accx: 0.0 accy: 0.0] 
1623200533643 [accx: 0.0 accy: 0.0] 
1623200533665 [accx: -0.0 accy: 0.0] 
1623200533685 [accx: -0.01 accy: -0.0] 
1623200533704 [accx: -0.0 accy: 0.0] 
1623200533723 [accx: -0.01 accy: -0.0] 
1623200533744 [accx: -0.0 accy: -0.01] 
1623200533763 [accx: -0.0 accy: -0.0] 
1623200533784 [accx: -0.01 accy: -0.0] 
1623200533803 [accx: -0.01 accy: -0.0] 
1623200533823 [accx: -0.01 accy: -0.0] 
1623200533844 [accx: -0.01 accy: -0.0] 
1623200533864 [accx: -0.01 accy: 0.0] 
1623200533883 [accx: -0.01 accy: -0.0] 
1623200533903 [accx: -0.01 accy: -0.01] 
1623200533924 [accx: -0.01 accy: -0.01] 
1623200533943 [accx: -0.01 accy: -0.01] 
1623200533966 [accx: -0.01 accy: -0.0] 
1623200533987 [accx: -0.01 accy: -0.0] 
1623200534004 [accx: -0.01 accy: -0.0] 
1623200534024 [accx: -0.01 accy: -0.01] 
1623200534044 [accx: 0.0 accy: -0.01] 
1623200534063 [accx: -0.0 accy: -0.0] 
1623200534083 [accx: -0.0 accy: -0.0] 
1623200534104 [accx: -0.0 accy: -0.0] 
1623200534123 [accx: -0.01 accy: -0.0] 
1623200534144 [accx: -0.01 accy: 0.01] 
1623200534163 [accx: -0.01 accy: 0.01] 
1623200534184 [accx: -0.01 accy: 0.01] 
1623200534204 [accx: -0.01 accy: -0.0] 
1623200534224 [accx: -0.01 accy: -0.0] 
1623200534244 [accx: -0.01 accy: -0.0] 
1623200534265 [accx: -0.01 accy: 0.0] 
1623200534287 [accx: -0.0 accy: 0.0] 
1623200534307 [accx: -0.0 accy: 0.0] 
1623200534323 [accx: -0.0 accy: 0.0] 
1623200534345 [accx: -0.01 accy: -0.0] 
1623200534364 [accx: -0.01 accy: -0.0] 
1623200534385 [accx: -0.01 accy: -0.01] 
1623200534404 [accx: -0.01 accy: -0.0] 
1623200534424 [accx: -0.0 accy: 0.0] 
1623200534444 [accx: -0.01 accy: 0.01] 
1623200534464 [accx: -0.01 accy: 0.0] 
1623200534483 [accx: -0.01 accy: -0.0] 
1623200534504 [accx: -0.01 accy: 0.0] 
1623200534524 [accx: -0.01 accy: -0.0] 
1623200534544 [accx: -0.01 accy: -0.01] 
1623200534563 [accx: -0.01 accy: -0.0] 
1623200534584 [accx: -0.01 accy: -0.0] 
1623200534604 [accx: -0.01 accy: 0.0] 
1623200534624 [accx: -0.01 accy: -0.0] 
1623200534643 [accx: -0.0 accy: 0.0] 
1623200534664 [accx: -0.0 accy: -0.0] 
1623200534683 [accx: 0.0 accy: 0.0] 
1623200534704 [accx: -0.0 accy: -0.0] 
1623200534723 [accx: -0.0 accy: -0.0] 
1623200534744 [accx: -0.01 accy: 0.01] 
1623200534763 [accx: -0.01 accy: 0.01] 
1623200534784 [accx: -0.01 accy: -0.0] 
1623200534803 [accx: -0.01 accy: -0.0] 
1623200534824 [accx: -0.01 accy: -0.0] 
1623200534844 [accx: -0.01 accy: -0.01] 
1623200534864 [accx: -0.01 accy: -0.0] 
1623200534884 [accx: -0.0 accy: 0.0] 
1623200534905 [accx: -0.0 accy: 0.0] 
1623200534923 [accx: -0.01 accy: 0.0] 
1623200534944 [accx: -0.0 accy: -0.0] 
1623200534963 [accx: 0.0 accy: -0.0] 
1623200534984 [accx: -0.0 accy: 0.0] 
1623200535003 [accx: -0.01 accy: 0.0] 
1623200535024 [accx: -0.01 accy: 0.0] 
1623200535044 [accx: -0.0 accy: 0.0] 
1623200535064 [accx: -0.0 accy: 0.0] 
1623200535083 [accx: -0.0 accy: 0.0] 
1623200535104 [accx: 0.0 accy: -0.0] 
1623200535124 [accx: -0.0 accy: 0.0] 
1623200535143 [accx: 0.0 accy: -0.0] 
1623200535163 [accx: 0.0 accy: -0.0] 
1623200535184 [accx: -0.0 accy: -0.0] 
1623200535204 [accx: -0.0 accy: -0.0] 
1623200535223 [accx: -0.0 accy: 0.0] 
1623200535243 [accx: -0.01 accy: -0.0] 
1623200535263 [accx: -0.0 accy: 0.0] 
1623200535283 [accx: -0.01 accy: 0.0] 
1623200535304 [accx: -0.0 accy: -0.0] 
1623200535324 [accx: -0.0 accy: -0.0] 
1623200535343 [accx: -0.01 accy: -0.0] 
1623200535363 [accx: -0.01 accy: 0.0] 
1623200535384 [accx: -0.0 accy: 0.0] 
1623200535404 [accx: -0.01 accy: 0.01] 
1623200535424 [accx: -0.01 accy: 0.01] 
1623200535444 [accx: -0.0 accy: 0.0] 
1623200535464 [accx: -0.0 accy: 0.01] 
1623200535484 [accx: -0.01 accy: 0.0] 
1623200535503 [accx: -0.01 accy: 0.0] 
1623200535523 [accx: -0.0 accy: 0.0] 
1623200535543 [accx: -0.01 accy: 0.0] 
1623200535563 [accx: -0.0 accy: 0.0] 
1623200535583 [accx: -0.01 accy: 0.0] 
1623200535603 [accx: -0.01 accy: -0.0] 
1623200535624 [accx: -0.0 accy: -0.0] 
1623200535644 [accx: -0.0 accy: -0.0] 
1623200535663 [accx: -0.0 accy: 0.0] 
1623200535683 [accx: -0.0 accy: -0.01] 
1623200535703 [accx: -0.0 accy: -0.01] 
1623200535723 [accx: -0.0 accy: -0.0] 
1623200535743 [accx: -0.0 accy: -0.0] 
1623200535763 [accx: -0.0 accy: -0.0] 
1623200535783 [accx: -0.0 accy: -0.0] 
1623200535803 [accx: -0.01 accy: 0.01] 
1623200535823 [accx: -0.0 accy: 0.0] 
1623200535844 [accx: -0.0 accy: -0.0] 
1623200535863 [accx: -0.0 accy: -0.01] 
1623200535883 [accx: -0.0 accy: -0.0] 
1623200535903 [accx: -0.0 accy: 0.0] 
1623200535924 [accx: -0.01 accy: 0.0] 
1623200535943 [accx: -0.0 accy: 0.0] 
1623200535963 [accx: -0.01 accy: -0.0] 
1623200535983 [accx: -0.0 accy: -0.0] 
1623200536004 [accx: -0.01 accy: -0.0] 
1623200536023 [accx: -0.0 accy: 0.0] 
1623200536044 [accx: -0.0 accy: 0.0] 
1623200536063 [accx: -0.01 accy: 0.01] 
1623200536083 [accx: -0.0 accy: 0.0] 
1623200536103 [accx: -0.0 accy: -0.01] 
1623200536124 [accx: -0.01 accy: -0.0] 
1623200536143 [accx: -0.01 accy: -0.01] 
1623200536163 [accx: -0.01 accy: -0.0] 
1623200536183 [accx: -0.01 accy: -0.01] 
1623200536203 [accx: -0.01 accy: -0.01] 
1623200536223 [accx: -0.01 accy: -0.01] 
1623200536243 [accx: -0.01 accy: -0.01] 
1623200536263 [accx: -0.0 accy: 0.0] 
1623200536283 [accx: -0.0 accy: -0.0] 
1623200536303 [accx: -0.01 accy: 0.0] 
1623200536324 [accx: -0.01 accy: 0.0] 
1623200536343 [accx: -0.01 accy: 0.0] 
1623200536363 [accx: -0.0 accy: 0.0] 
1623200536383 [accx: -0.0 accy: 0.0] 
1623200536403 [accx: -0.01 accy: -0.0] 
1623200536423 [accx: -0.0 accy: -0.0] 
1623200536443 [accx: -0.0 accy: -0.0] 
1623200536463 [accx: -0.01 accy: 0.0] 
1623200536483 [accx: -0.0 accy: 0.0] 
1623200536503 [accx: -0.01 accy: -0.0] 
1623200536523 [accx: -0.01 accy: -0.01] 
1623200536543 [accx: 0.0 accy: -0.0] 
1623200536563 [accx: 0.0 accy: 0.0] 
1623200536583 [accx: -0.0 accy: -0.0] 
1623200536603 [accx: -0.0 accy: -0.0] 
1623200536623 [accx: -0.0 accy: -0.0] 
1623200536643 [accx: 0.0 accy: -0.0] 
1623200536663 [accx: -0.0 accy: -0.0] 
1623200536683 [accx: -0.0 accy: -0.0] 
1623200536703 [accx: -0.0 accy: -0.01] 
1623200536723 [accx: -0.0 accy: -0.0] 
1623200536743 [accx: 0.0 accy: -0.0] 
1623200536763 [accx: 0.0 accy: -0.0] 
1623200536783 [accx: 0.0 accy: -0.0] 
1623200536803 [accx: -0.0 accy: 0.0] 
1623200536823 [accx: -0.0 accy: -0.0] 
1623200536844 [accx: -0.0 accy: -0.0] 
1623200536863 [accx: -0.01 accy: -0.01] 
1623200536884 [accx: -0.0 accy: -0.0] 
1623200536903 [accx: -0.01 accy: -0.01] 
1623200536923 [accx: -0.01 accy: -0.0] 
1623200536943 [accx: -0.0 accy: -0.0] 
1623200536963 [accx: -0.0 accy: -0.01] 
1623200536984 [accx: -0.0 accy: -0.01] 
1623200537004 [accx: -0.0 accy: -0.01] 
1623200537023 [accx: 0.0 accy: -0.01] 
1623200537043 [accx: 0.0 accy: -0.0] 
1623200537063 [accx: 0.0 accy: 0.0] 
1623200537085 [accx: -0.0 accy: 0.0] 
1623200537103 [accx: -0.0 accy: 0.0] 
1623200537123 [accx: -0.01 accy: -0.0] 
1623200537143 [accx: -0.0 accy: -0.0] 
1623200537163 [accx: -0.0 accy: 0.0] 
1623200537185 [accx: -0.01 accy: 0.0] 
1623200537204 [accx: -0.01 accy: 0.0] 
1623200537223 [accx: -0.01 accy: 0.0] 
1623200537243 [accx: -0.0 accy: -0.0] 
1623200537263 [accx: -0.0 accy: -0.01] 
1623200537283 [accx: -0.01 accy: -0.0] 
1623200537398 [accx: -0.01 accy: -0.01] 
1623200537418 [accx: -0.0 accy: -0.0] 
1623200537439 [accx: -0.0 accy: -0.0] 
1623200537458 [accx: -0.0 accy: -0.0] 
1623200537478 [accx: -0.0 accy: 0.0] 
1623200537498 [accx: -0.0 accy: -0.0] 
1623200537518 [accx: -0.0 accy: -0.0] 
1623200537539 [accx: -0.0 accy: -0.0] 
1623200537558 [accx: -0.01 accy: -0.0] 
1623200537578 [accx: -0.0 accy: -0.01] 
1623200537598 [accx: -0.0 accy: -0.01] 
1623200537618 [accx: -0.0 accy: -0.01] 
1623200537639 [accx: 0.0 accy: -0.01] 
1623200537658 [accx: -0.0 accy: -0.01] 
1623200537678 [accx: 0.0 accy: -0.0] 
1623200537698 [accx: -0.0 accy: -0.0] 
1623200537718 [accx: -0.0 accy: -0.01] 
1623200537739 [accx: -0.01 accy: -0.0] 
1623200537758 [accx: -0.01 accy: -0.0] 
1623200537778 [accx: -0.0 accy: -0.0] 
1623200537798 [accx: -0.0 accy: -0.0] 
1623200537818 [accx: -0.01 accy: -0.0] 
1623200537839 [accx: -0.01 accy: -0.0] 
1623200537858 [accx: -0.0 accy: -0.01] 
1623200537878 [accx: -0.0 accy: 0.0] 
1623200537898 [accx: 0.0 accy: -0.0] 
1623200537918 [accx: 0.0 accy: -0.01] 
1623200537939 [accx: -0.0 accy: -0.0] 
1623200537958 [accx: 0.0 accy: -0.01] 
1623200537978 [accx: 0.0 accy: -0.01] 
1623200537998 [accx: 0.0 accy: -0.0] 
1623200538018 [accx: -0.0 accy: -0.0] 
1623200538039 [accx: -0.01 accy: -0.0] 
1623200538058 [accx: -0.0 accy: -0.0] 
1623200538078 [accx: -0.0 accy: -0.0] 
1623200538098 [accx: -0.01 accy: -0.0] 
1623200538118 [accx: -0.01 accy: 0.0] 
1623200538139 [accx: -0.0 accy: -0.0] 
1623200538158 [accx: -0.0 accy: -0.0] 
1623200538178 [accx: -0.01 accy: -0.0] 
1623200538198 [accx: -0.01 accy: -0.0] 
1623200538218 [accx: -0.0 accy: 0.0] 
1623200538238 [accx: -0.0 accy: -0.0] 
1623200538258 [accx: -0.0 accy: -0.0] 
1623200538278 [accx: -0.0 accy: -0.01] 
1623200538298 [accx: 0.0 accy: -0.0] 
1623200538318 [accx: -0.0 accy: -0.01] 
1623200538339 [accx: -0.0 accy: -0.01] 
1623200538358 [accx: 0.0 accy: -0.01] 
1623200538378 [accx: -0.0 accy: -0.0] 
1623200538398 [accx: -0.0 accy: -0.01] 
1623200538418 [accx: 0.0 accy: -0.01] 
1623200538438 [accx: 0.01 accy: -0.0] 
1623200538458 [accx: -0.0 accy: 0.0] 
1623200538478 [accx: -0.01 accy: -0.0] 
1623200538498 [accx: -0.0 accy: -0.0] 
1623200538518 [accx: -0.0 accy: -0.0] 
1623200538538 [accx: -0.0 accy: -0.0] 
1623200538558 [accx: -0.01 accy: 0.0] 
1623200538578 [accx: -0.01 accy: -0.0] 
1623200538598 [accx: -0.0 accy: -0.0] 
1623200538618 [accx: -0.0 accy: -0.0] 
1623200538638 [accx: 0.0 accy: -0.01] 
1623200538658 [accx: -0.0 accy: -0.0] 
1623200538678 [accx: -0.01 accy: 0.0] 
1623200538698 [accx: -0.01 accy: -0.0] 
1623200538718 [accx: -0.01 accy: -0.01] 
1623200538738 [accx: -0.01 accy: -0.01] 
1623200538758 [accx: -0.01 accy: -0.01] 
1623200538778 [accx: -0.0 accy: -0.0] 
1623200538798 [accx: 0.0 accy: 0.0] 
1623200538818 [accx: 0.0 accy: -0.01] 
1623200538838 [accx: 0.0 accy: 0.0] 
1623200538858 [accx: 0.0 accy: -0.0] 
1623200538878 [accx: 0.0 accy: -0.01] 
1623200538898 [accx: -0.0 accy: -0.0] 
1623200538918 [accx: -0.01 accy: 0.0] 
1623200538938 [accx: -0.01 accy: 0.0] 
1623200538958 [accx: -0.01 accy: -0.01] 
1623200538978 [accx: -0.01 accy: 0.0] 
1623200538998 [accx: -0.0 accy: 0.01] 
1623200539018 [accx: -0.0 accy: -0.0] 
1623200539038 [accx: 0.0 accy: -0.0] 
1623200539058 [accx: -0.0 accy: -0.01] 
1623200539078 [accx: -0.01 accy: -0.01] 
1623200539098 [accx: -0.01 accy: -0.0] 
1623200539118 [accx: 0.0 accy: 0.0] 
1623200539138 [accx: -0.0 accy: 0.01] 
1623200539158 [accx: -0.0 accy: -0.0] 
1623200539178 [accx: -0.0 accy: -0.0] 
1623200539198 [accx: -0.0 accy: -0.01] 
1623200539218 [accx: -0.01 accy: -0.01] 
1623200539238 [accx: -0.01 accy: 0.0] 
1623200539258 [accx: -0.01 accy: 0.0] 
1623200539278 [accx: -0.01 accy: -0.0] 
1623200539298 [accx: -0.0 accy: -0.01] 
1623200539320 [accx: -0.0 accy: -0.0] 
